0.15354342,6061
0.15361807,6060
0.153691798,6059
0.153978373,6058
0.15408596,6057
0.154118314,6056
0.154141443,6055
0.154174779,6054
0.154190423,6053
0.154197165,6052
0.154203434,6051
0.154209746,6050
0.154215901,6049
0.154224384,6048
0.154235535,6047
0.154553454,6046
0.154568726,6045
0.154585938,6044
0.154636284,6043
0.154657622,6042
0.154668974,6041
0.154681165,6040
0.154727335,6039
0.15474036,6038
0.1547502,6037
0.154762138,6036
0.154798059,6035
0.15480972,6034
0.154823444,6033
0.154835262,6032
0.154843436,6031
0.154853108,6030
0.154905711,6029
0.154916176,6028
0.154925931,6027
0.154935661,6026
0.154981934,6025
0.154991483,6024
0.155008565,6023
0.155017522,6022
0.155025161,6021
0.155032571,6020
0.155040053,6019
0.1550859,6018
0.155095399,6017
0.15513419,6016
0.155145192,6015
0.155184161,6014
0.155193517,6013
0.155202609,6012
0.155210238,6011
0.15563185,6010
0.156102311,6009
0.156150525,6008
0.156164213,6007
0.156174992,6006
0.156187927,6005
0.156204432,6004
0.156212575,6003
0.156250731,6002
0.156258352,6001
0.15626515,6000
0.156271421,5999
0.156278962,5998
0.156323687,5997
0.156333303,5996
0.156341348,5995
0.156349889,5994
0.156361838,5993
0.156369076,5992
0.156375984,5991
0.156382679,5990
0.15639408,5989
0.156399485,5988
0.156405331,5987
0.156412404,5986
0.156435376,5985
0.156453144,5984
0.156459564,5983
0.156466644,5982
0.156472835,5981
0.156480151,5980
0.156485743,5979
0.156494118,5978
0.156501089,5977
0.156508261,5976
0.156516074,5975
0.156554164,5974
0.156561143,5973
0.156568839,5972
0.156576574,5971
0.156611775,5970
0.156619881,5969
0.156627303,5968
0.156643455,5967
0.156854944,5966
0.156865276,5965
0.156872904,5964
0.156886736,5963
0.15692402,5962
0.156931062,5961
0.156937428,5960
0.156943442,5959
0.156950194,5958
0.156957528,5957
0.15696551,5956
0.156971445,5955
0.156977569,5954
0.15698303,5953
0.156988485,5952
0.156993022,5951
0.156997893,5950
0.15700789,5949
0.157012222,5948
0.157017072,5947
0.157021437,5946
0.15702591,5945
0.157031215,5944
0.157036463,5943
0.157041728,5942
0.157047222,5941
0.157052612,5940
0.157058684,5939
0.157108389,5938
0.15711524,5937
0.157122163,5936
0.157129612,5935
0.157187241,5934
0.157200347,5933
0.160492994,5932
0.160505969,5931
0.160512837,5930
0.160518358,5929
0.160524012,5928
0.160529349,5927
0.160534234,5926
0.160546148,5925
0.160551629,5924
0.160555978,5923
0.16056063,5922
0.160566116,5921
0.16057107,5920
0.160575353,5919
0.160579508,5918
0.160583795,5917
0.160588463,5916
0.160592723,5915
0.160596916,5914
0.160601071,5913
0.160605197,5912
0.160609514,5911
0.160615288,5910
0.160619574,5909
0.16062395,5908
0.160628064,5907
0.160632186,5906
0.160636403,5905
0.16064086,5904
0.160645322,5903
0.160650231,5902
0.160655643,5901
0.1606616,5900
0.16066733,5899
0.16067225,5898
0.160676522,5897
0.160681122,5896
0.160686559,5895
0.160691641,5894
0.160696145,5893
0.1607012,5892
0.160706366,5891
0.160718449,5890
0.160723556,5889
0.160728667,5888
0.160739125,5887
0.16074382,5886
0.16074877,5885
0.160754244,5884
0.160758607,5883
0.160762757,5882
0.160767787,5881
0.160772728,5880
0.16077787,5879
0.160782725,5878
0.160786826,5877
0.160791921,5876
0.160797386,5875
0.160801581,5874
0.160805943,5873
0.160810262,5872
0.160814529,5871
0.16081994,5870
0.160825414,5869
0.16092552,5868
0.160940751,5867
0.16098727,5866
0.160992075,5865
0.160997238,5864
0.161002093,5863
0.161007745,5862
0.161013697,5861
0.161026248,5860
0.161031536,5859
0.161056074,5858
0.161062637,5857
0.161070116,5856
0.161077493,5855
0.161082763,5854
0.161088233,5853
0.1610922,5852
0.161096305,5851
0.161099964,5850
0.16110364,5849
0.16110694,5848
0.161110478,5847
0.161113803,5846
0.161117351,5845
0.161122766,5844
0.161128603,5843
0.161134167,5842
0.161139856,5841
0.16114494,5840
0.16115002,5839
0.16115518,5838
0.161160126,5837
0.161164937,5836
0.161169828,5835
0.161174852,5834
0.161179788,5833
0.161186421,5832
0.161193692,5831
0.161198679,5830
0.161205059,5829
0.161210091,5828
0.161218523,5827
0.161222645,5826
0.161226528,5825
0.16123025,5824
0.161234375,5823
0.161238087,5822
0.161252806,5821
0.161258091,5820
0.161262745,5819
0.161322636,5818
0.16132804,5817
0.161333211,5816
0.161337192,5815
0.161341647,5814
0.16134552,5813
0.161349701,5812
0.161354213,5811
0.161358353,5810
0.161398457,5809
0.161404525,5808
0.161408184,5807
0.161413419,5806
0.161423293,5805
0.161428632,5804
0.161433367,5803
0.161439232,5802
0.161443539,5801
0.161448164,5800
0.161452108,5799
0.161456151,5798
0.161460552,5797
0.161465723,5796
0.16147025,5795
0.161478382,5794
0.161483443,5793
0.16148883,5792
0.161493288,5791
0.161497237,5790
0.161500605,5789
0.161503686,5788
0.161507422,5787
0.161511669,5786
0.161515242,5785
0.161518571,5784
0.16152232,5783
0.161525769,5782
0.161529742,5781
0.161533568,5780
0.161537029,5779
0.161540599,5778
0.161544296,5777
0.161550867,5776
0.16155479,5775
0.161558188,5774
0.161570209,5773
0.16157385,5772
0.161576996,5771
0.161580112,5770
0.161583304,5769
0.16158678,5768
0.161589815,5767
0.161592925,5766
0.161595911,5765
0.161598735,5764
0.161603381,5763
0.161607629,5762
0.161612711,5761
0.161617405,5760
0.161622237,5759
0.161627246,5758
0.161631499,5757
0.161635811,5756
0.161639849,5755
0.161644254,5754
0.161655438,5753
0.161671833,5752
0.161720173,5751
0.16178139,5750
0.161793624,5749
0.161799179,5748
0.161803042,5747
0.161806845,5746
0.161810707,5745
0.161815019,5744
0.161818906,5743
0.161822846,5742
0.161826991,5741
0.161832018,5740
0.161836502,5739
0.16184165,5738
0.161846003,5737
0.161850484,5736
0.161854948,5735
0.161859547,5734
0.161863887,5733
0.161868538,5732
0.161872793,5731
0.1618777,5730
0.161882331,5729
0.161887239,5728
0.161892208,5727
0.161896889,5726
0.161901512,5725
0.161906031,5724
0.161910669,5723
0.161914608,5722
0.161919135,5721
0.161923892,5720
0.161928553,5719
0.16193316,5718
0.161944982,5717
0.161951019,5716
0.161955597,5715
0.161959409,5714
0.161963451,5713
0.161967165,5712
0.161971596,5711
0.161975973,5710
0.161981076,5709
0.161985416,5708
0.161990013,5707
0.161994659,5706
0.161998727,5705
0.162003429,5704
0.1620077,5703
0.162011922,5702
0.162016027,5701
0.162020459,5700
0.162025043,5699
0.162029516,5698
0.162034294,5697
0.162039095,5696
0.162044015,5695
0.162048759,5694
0.16205351,5693
0.162058383,5692
0.162065315,5691
0.162069735,5690
0.162073508,5689
0.162078169,5688
0.162082404,5687
0.162087251,5686
0.162091752,5685
0.162096148,5684
0.162100821,5683
0.162105077,5682
0.162110335,5681
0.162115212,5680
0.162120404,5679
0.162137036,5678
0.162212282,5677
0.162248673,5676
0.162253106,5675
0.162257457,5674
0.162261531,5673
0.162265876,5672
0.162269516,5671
0.162273389,5670
0.162278107,5669
0.162337626,5668
0.16234108,5667
0.16234438,5666
0.162347818,5665
0.162354513,5664
0.162357764,5663
0.162361187,5662
0.162364235,5661
0.162367317,5660
0.162370027,5659
0.162373061,5658
0.162376684,5657
0.162379568,5656
0.162382699,5655
0.162385977,5654
0.162388956,5653
0.162392179,5652
0.162394877,5651
0.162397891,5650
0.162400723,5649
0.162403919,5648
0.162407074,5647
0.16241052,5646
0.162413562,5645
0.162417166,5644
0.162420346,5643
0.162423561,5642
0.162427593,5641
0.162496907,5640
0.162500577,5639
0.162504417,5638
0.162507753,5637
0.162510947,5636
0.162514143,5635
0.162517635,5634
0.162521341,5633
0.162525184,5632
0.162528824,5631
0.162532649,5630
0.162535808,5629
0.162538992,5628
0.162541908,5627
0.162545435,5626
0.162548494,5625
0.162551836,5624
0.162554887,5623
0.162558632,5622
0.162561629,5621
0.162564751,5620
0.16256738,5619
0.162570246,5618
0.162573172,5617
0.162576248,5616
0.162579406,5615
0.16258283,5614
0.162585814,5613
0.162588649,5612
0.16259141,5611
0.162594396,5610
0.16259697,5609
0.162600442,5608
0.162603775,5607
0.16260701,5606
0.162610192,5605
0.16261334,5604
0.16261738,5603
0.162620554,5602
0.162623656,5601
0.162626223,5600
0.16262857,5599
0.162632387,5598
0.162635476,5597
0.162637911,5596
0.16264025,5595
0.162642809,5594
0.162645272,5593
0.162647619,5592
0.162650089,5591
0.162653268,5590
0.162657046,5589
0.162660801,5588
0.162664347,5587
0.162667664,5586
0.162671037,5585
0.162674551,5584
0.162678617,5583
0.162682612,5582
0.162686114,5581
0.162689664,5580
0.162693327,5579
0.162697659,5578
0.16270146,5577
0.162705234,5576
0.162709218,5575
0.162712708,5574
0.16271649,5573
0.162719342,5572
0.162721642,5571
0.162723957,5570
0.162726596,5569
0.162728729,5568
0.162731354,5567
0.162733844,5566
0.162736352,5565
0.162738573,5564
0.16274066,5563
0.162743745,5562
0.162746193,5561
0.162748645,5560
0.162750655,5559
0.16275302,5558
0.162755452,5557
0.162758627,5556
0.162761899,5555
0.162765222,5554
0.162768617,5553
0.162772405,5552
0.162776167,5551
0.162780133,5550
0.162795343,5549
0.162799562,5548
0.162803294,5547
0.162807145,5546
0.162810695,5545
0.162813919,5544
0.162817076,5543
0.162820575,5542
0.16282362,5541
0.162831172,5540
0.162834277,5539
0.162837702,5538
0.162840702,5537
0.162843645,5536
0.162846815,5535
0.162849773,5534
0.162853038,5533
0.162856566,5532
0.162859561,5531
0.162862432,5530
0.1628656,5529
0.162868745,5528
0.162872009,5527
0.162874725,5526
0.16287792,5525
0.162881003,5524
0.1628842,5523
0.162887915,5522
0.162891395,5521
0.162894607,5520
0.162897529,5519
0.162900327,5518
0.162903278,5517
0.162906288,5516
0.162909219,5515
0.162912233,5514
0.162915142,5513
0.162918217,5512
0.162922194,5511
0.162926012,5510
0.162929196,5509
0.162932415,5508
0.162935582,5507
0.162938648,5506
0.162942129,5505
0.162945424,5504
0.162948988,5503
0.162952018,5502
0.162955262,5501
0.162958586,5500
0.162962116,5499
0.16296539,5498
0.162969976,5497
0.162974016,5496
0.16297679,5495
0.162980041,5494
0.162982897,5493
0.162989878,5492
0.162992964,5491
0.162995805,5490
0.16299875,5489
0.163002165,5488
0.163005002,5487
0.163007923,5486
0.163010621,5485
0.163012901,5484
0.163015659,5483
0.163017985,5482
0.163020462,5481
0.163023143,5480
0.163026185,5479
0.163029006,5478
0.163031375,5477
0.163033695,5476
0.163036096,5475
0.163038941,5474
0.163041677,5473
0.1630463,5472
0.163050197,5471
0.163086048,5470
0.163094554,5469
0.163100734,5468
0.16312831,5467
0.163143069,5466
0.163146915,5465
0.163161909,5464
0.163164778,5463
0.163167592,5462
0.16317073,5461
0.163174316,5460
0.16317755,5459
0.163180974,5458
0.163184393,5457
0.163187655,5456
0.163190662,5455
0.163193839,5454
0.163214061,5453
0.16321737,5452
0.163220979,5451
0.163224345,5450
0.163227764,5449
0.163275125,5448
0.16328534,5447
0.163288899,5446
0.163292238,5445
0.163296278,5444
0.163299243,5443
0.163302502,5442
0.163305823,5441
0.163309085,5440
0.163312341,5439
0.163315271,5438
0.163318272,5437
0.163321618,5436
0.163324143,5435
0.16332676,5434
0.163329434,5433
0.163338015,5432
0.163342117,5431
0.163345952,5430
0.16335008,5429
0.163384938,5428
0.163389121,5427
0.163393536,5426
0.16339777,5425
0.163401579,5424
0.16340514,5423
0.163409281,5422
0.163413297,5421
0.163417222,5420
0.163420852,5419
0.163424662,5418
0.163428336,5417
0.163431282,5416
0.163434121,5415
0.163437645,5414
0.163440755,5413
0.163444146,5412
0.163447278,5411
0.16345053,5410
0.163453992,5409
0.163457163,5408
0.163460947,5407
0.163464416,5406
0.163468541,5405
0.163472318,5404
0.163475636,5403
0.1634796,5402
0.163482982,5401
0.16348612,5400
0.16348967,5399
0.163492949,5398
0.163496522,5397
0.163499544,5396
0.163502886,5395
0.163506619,5394
0.163509808,5393
0.163512581,5392
0.163515964,5391
0.163519375,5390
0.163522806,5389
0.163526606,5388
0.163529634,5387
0.163532455,5386
0.163535348,5385
0.163538545,5384
0.163541666,5383
0.163544729,5382
0.163547894,5381
0.163550631,5380
0.163554351,5379
0.163557234,5378
0.163560707,5377
0.163563625,5376
0.16356672,5375
0.163569673,5374
0.163572312,5373
0.163575468,5372
0.163578518,5371
0.163581303,5370
0.163584483,5369
0.163587248,5368
0.16358974,5367
0.163592457,5366
0.16359531,5365
0.163598588,5364
0.163601595,5363
0.163605668,5362
0.163614889,5361
0.163623258,5360
0.163627317,5359
0.163631819,5358
0.163634961,5357
0.163638326,5356
0.163642105,5355
0.163645468,5354
0.16364888,5353
0.163652845,5352
0.163656184,5351
0.163659976,5350
0.163663252,5349
0.163666332,5348
0.163669805,5347
0.163673223,5346
0.16367666,5345
0.163680731,5344
0.16368489,5343
0.163688783,5342
0.163693311,5341
0.163697008,5340
0.163700933,5339
0.163704785,5338
0.163708641,5337
0.16371256,5336
0.163716755,5335
0.163720874,5334
0.163724915,5333
0.163728665,5332
0.163732994,5331
0.163736525,5330
0.163739965,5329
0.163743562,5328
0.163747063,5327
0.163751402,5326
0.163755738,5325
0.163760927,5324
0.16376458,5323
0.163767853,5322
0.163771508,5321
0.163775115,5320
0.163778498,5319
0.163781649,5318
0.163785024,5317
0.163788,5316
0.163791156,5315
0.163794011,5314
0.163797307,5313
0.163800635,5312
0.163803558,5311
0.163806966,5310
0.163810447,5309
0.163814024,5308
0.163816925,5307
0.163820871,5306
0.163824407,5305
0.163827779,5304
0.163830645,5303
0.163833595,5302
0.16383623,5301
0.163838448,5300
0.1638418,5299
0.163844852,5298
0.163847839,5297
0.163850485,5296
0.16385343,5295
0.163856318,5294
0.163858997,5293
0.163861993,5292
0.163865082,5291
0.163867807,5290
0.163870344,5289
0.163875366,5288
0.16388009,5287
0.163883904,5286
0.163887727,5285
0.163890895,5284
0.163893923,5283
0.163897681,5282
0.163900935,5281
0.16390422,5280
0.163907359,5279
0.163910554,5278
0.163913908,5277
0.163917432,5276
0.163921024,5275
0.163924968,5274
0.163928154,5273
0.163931531,5272
0.163934901,5271
0.16393848,5270
0.163941639,5269
0.163944622,5268
0.163947677,5267
0.163950875,5266
0.163954541,5265
0.163958016,5264
0.163961122,5263
0.163964403,5262
0.163967699,5261
0.163970975,5260
0.16397511,5259
0.163978228,5258
0.163981319,5257
0.163984462,5256
0.163988184,5255
0.163991308,5254
0.163994708,5253
0.163997701,5252
0.164001569,5251
0.164004834,5250
0.164008441,5249
0.164011983,5248
0.164015276,5247
0.164018629,5246
0.164021944,5245
0.164025764,5244
0.164029007,5243
0.164032544,5242
0.16403606,5241
0.164039504,5240
0.164042856,5239
0.164046058,5238
0.164049103,5237
0.164052292,5236
0.164055558,5235
0.164058497,5234
0.164062453,5233
0.164066293,5232
0.164069582,5231
0.164072816,5230
0.164076101,5229
0.164079184,5228
0.164082625,5227
0.164086338,5226
0.164089507,5225
0.164092909,5224
0.164096312,5223
0.164100096,5222
0.164103787,5221
0.164106852,5220
0.164110156,5219
0.164161806,5218
0.164165234,5217
0.164168679,5216
0.164172063,5215
0.164175161,5214
0.164178506,5213
0.164181655,5212
0.164184602,5211
0.164187513,5210
0.164190799,5209
0.164194094,5208
0.164196936,5207
0.164199957,5206
0.164202865,5205
0.16420533,5204
0.164207862,5203
0.164210461,5202
0.164213345,5201
0.164215855,5200
0.164219843,5199
0.164223242,5198
0.16422728,5197
0.164230857,5196
0.164271212,5195
0.164274267,5194
0.164277022,5193
0.164280209,5192
0.164283035,5191
0.164285754,5190
0.165561023,5189
0.165563604,5188
0.165567802,5187
0.165572835,5186
0.165577422,5185
0.165581007,5184
0.165584555,5183
0.165587834,5182
0.165591108,5181
0.165594389,5180
0.16559786,5179
0.165601035,5178
0.165605729,5177
0.165610132,5176
0.165613471,5175
0.165616797,5174
0.165619809,5173
0.165624003,5172
0.165627242,5171
0.165630844,5170
0.165634848,5169
0.165638997,5168
0.165642905,5167
0.165646287,5166
0.165649462,5165
0.165654469,5164
0.165657777,5163
0.165662547,5162
0.166654242,5161
0.166695061,5160
0.166699725,5159
0.166703747,5158
0.166707511,5157
0.166711174,5156
0.166716516,5155
0.166720858,5154
0.166724678,5153
0.166728147,5152
0.166732174,5151
0.166735284,5150
0.166739095,5149
0.166742308,5148
0.166746239,5147
0.166750174,5146
0.166754308,5145
0.166758362,5144
0.166762446,5143
0.166771672,5142
0.166778259,5141
0.166793762,5140
0.167187437,5139
0.167197852,5138
0.167202223,5137
0.167207027,5136
0.167211448,5135
0.167215608,5134
0.167218645,5133
0.167221535,5132
0.16722525,5131
0.167228425,5130
0.167231765,5129
0.167235774,5128
0.167238925,5127
0.167241655,5126
0.167244626,5125
0.16724771,5124
0.167250665,5123
0.167253625,5122
0.167256518,5121
0.167259992,5120
0.16726319,5119
0.167266478,5118
0.167269458,5117
0.167273437,5116
0.167276835,5115
0.167279891,5114
0.167282598,5113
0.167287132,5112
0.167290075,5111
0.16729322,5110
0.167296349,5109
0.167299693,5108
0.167302331,5107
0.167305928,5106
0.16730865,5105
0.167311883,5104
0.167316496,5103
0.167319183,5102
0.16732204,5101
0.167324929,5100
0.167327658,5099
0.167330637,5098
0.16733384,5097
0.167336861,5096
0.167339526,5095
0.167342334,5094
0.167346399,5093
0.167349596,5092
0.167352373,5091
0.167354999,5090
0.167358353,5089
0.167366053,5088
0.167368863,5087
0.167371571,5086
0.167374422,5085
0.167377928,5084
0.167380708,5083
0.167383265,5082
0.167386314,5081
0.16739022,5080
0.167393159,5079
0.167395672,5078
0.167402933,5077
0.167407612,5076
0.167411909,5075
0.167415365,5074
0.167418765,5073
0.167421526,5072
0.167424525,5071
0.16742758,5070
0.167431063,5069
0.16743479,5068
0.16743807,5067
0.167441095,5066
0.167444198,5065
0.167446974,5064
0.167450164,5063
0.167453489,5062
0.167456538,5061
0.16746008,5060
0.16746319,5059
0.167466236,5058
0.167469282,5057
0.167472411,5056
0.167475572,5055
0.167478331,5054
0.167481351,5053
0.167484354,5052
0.167487224,5051
0.167491914,5050
0.167495133,5049
0.167499472,5048
0.167502511,5047
0.167505422,5046
0.167509116,5045
0.167511883,5044
0.167514828,5043
0.167517848,5042
0.167521174,5041
0.167523944,5040
0.167527174,5039
0.167530071,5038
0.167532885,5037
0.167536126,5036
0.167542079,5035
0.16754491,5034
0.167547701,5033
0.167550617,5032
0.167553155,5031
0.167556042,5030
0.167558633,5029
0.167561221,5028
0.1675635,5027
0.167566224,5026
0.167568966,5025
0.167571726,5024
0.167574607,5023
0.167577795,5022
0.167580398,5021
0.167583121,5020
0.167585825,5019
0.167588579,5018
0.1675916,5017
0.167594361,5016
0.167597311,5015
0.167600694,5014
0.167630018,5013
0.16763233,5012
0.167635717,5011
0.167638245,5010
0.167640861,5009
0.16764434,5008
0.16764963,5007
0.167654127,5006
0.167658655,5005
0.167662895,5004
0.167665652,5003
0.167668491,5002
0.167671405,5001
0.167674138,5000
0.167676889,4999
0.167680358,4998
0.167683803,4997
0.167687279,4996
0.167690509,4995
0.167693793,4994
0.167696745,4993
0.167699845,4992
0.167702729,4991
0.167705802,4990
0.16770872,4989
0.167711301,4988
0.167715371,4987
0.167719872,4986
0.167723037,4985
0.167725624,4984
0.167728277,4983
0.167730893,4982
0.167733405,4981
0.167736339,4980
0.16773927,4979
0.167743316,4978
0.167747341,4977
0.167751596,4976
0.167754621,4975
0.167757413,4974
0.167760754,4973
0.167764428,4972
0.167767761,4971
0.167770431,4970
0.167773148,4969
0.167775791,4968
0.167780048,4967
0.167785528,4966
0.167790652,4965
0.167794579,4964
0.167798711,4963
0.16780172,4962
0.167804679,4961
0.167807804,4960
0.16781093,4959
0.167813938,4958
0.167816777,4957
0.167821114,4956
0.167824421,4955
0.167827686,4954
0.167830706,4953
0.167833639,4952
0.167836155,4951
0.167838697,4950
0.167842032,4949
0.167846025,4948
0.167860266,4947
0.167865377,4946
0.167868333,4945
0.167872091,4944
0.167874987,4943
0.167879025,4942
0.167884702,4941
0.167888098,4940
0.167892081,4939
0.167895581,4938
0.167898735,4937
0.167902112,4936
0.167906168,4935
0.167909641,4934
0.167913174,4933
0.167916902,4932
0.167919962,4931
0.167923589,4930
0.167927228,4929
0.167932789,4928
0.167936503,4927
0.167939772,4926
0.167943222,4925
0.16794692,4924
0.167950977,4923
0.167954338,4922
0.167988402,4921
0.167992455,4920
0.167997111,4919
0.168000577,4918
0.168003788,4917
0.168008118,4916
0.168012011,4915
0.168016226,4914
0.16802014,4913
0.168024078,4912
0.16802787,4911
0.168030677,4910
0.168035262,4909
0.168038336,4908
0.16804143,4907
0.16804389,4906
0.168046816,4905
0.168050665,4904
0.168053916,4903
0.168057156,4902
0.168061447,4901
0.168065162,4900
0.168069341,4899
0.16807295,4898
0.168076564,4897
0.168080347,4896
0.168084246,4895
0.168088257,4894
0.168093368,4893
0.168097573,4892
0.168101688,4891
0.168105398,4890
0.168109319,4889
0.168113278,4888
0.168116797,4887
0.168121483,4886
0.168124616,4885
0.168129342,4884
0.168132954,4883
0.168136208,4882
0.168139526,4881
0.168143599,4880
0.168147187,4879
0.168151024,4878
0.168154915,4877
0.168158028,4876
0.168161149,4875
0.168166191,4874
0.168169844,4873
0.16817329,4872
0.168177649,4871
0.168182092,4870
0.168185271,4869
0.168188914,4868
0.168192112,4867
0.168195901,4866
0.168199485,4865
0.168202836,4864
0.168206489,4863
0.168209475,4862
0.168213789,4861
0.168217814,4860
0.168221727,4859
0.168229707,4858
0.16823413,4857
0.168237612,4856
0.168240927,4855
0.168244295,4854
0.168247716,4853
0.168251687,4852
0.168255206,4851
0.168266264,4850
0.16827148,4849
0.16827635,4848
0.168279898,4847
0.168283628,4846
0.16828709,4845
0.16829055,4844
0.168294055,4843
0.168309459,4842
0.168343854,4841
0.16834873,4840
0.168352886,4839
0.168356885,4838
0.168360958,4837
0.168364535,4836
0.168368596,4835
0.168372051,4834
0.168376436,4833
0.16837963,4832
0.168382674,4831
0.168386998,4830
0.168389912,4829
0.16839287,4828
0.168395504,4827
0.168398265,4826
0.168402158,4825
0.168407317,4824
0.168410247,4823
0.16841484,4822
0.168417447,4821
0.168419908,4820
0.16842286,4819
0.168426023,4818
0.168430072,4817
0.168432943,4816
0.168435647,4815
0.168438695,4814
0.168441758,4813
0.168449213,4812
0.168452932,4811
0.16845586,4810
0.168460316,4809
0.168463066,4808
0.168466098,4807
0.168468946,4806
0.168471576,4805
0.168474609,4804
0.168477201,4803
0.168479874,4802
0.168482995,4801
0.168485693,4800
0.168488884,4799
0.168491865,4798
0.168494882,4797
0.168497662,4796
0.168500486,4795
0.16850491,4794
0.168508544,4793
0.168511546,4792
0.168514712,4791
0.168519741,4790
0.168522461,4789
0.168525295,4788
0.168527894,4787
0.168530538,4786
0.168533252,4785
0.168535593,4784
0.168538096,4783
0.168541048,4782
0.168543668,4781
0.168546664,4780
0.168549527,4779
0.168552094,4778
0.168555386,4777
0.168558284,4776
0.168561476,4775
0.168564706,4774
0.168567793,4773
0.168570677,4772
0.168575503,4771
0.168581267,4770
0.168587316,4769
0.168591583,4768
0.16859704,4767
0.168603389,4766
0.168607807,4765
0.168611499,4764
0.168616717,4763
0.168621002,4762
0.168624641,4761
0.168628641,4760
0.168632714,4759
0.168636794,4758
0.168640494,4757
0.168644306,4756
0.168648821,4755
0.168652885,4754
0.168657065,4753
0.168661565,4752
0.168665413,4751
0.168669344,4750
0.168673202,4749
0.168676811,4748
0.168680035,4747
0.16868309,4746
0.168687473,4745
0.16869164,4744
0.168694899,4743
0.1686983,4742
0.168702957,4741
0.168706464,4740
0.168709613,4739
0.168715059,4738
0.168718417,4737
0.168721773,4736
0.168725001,4735
0.168728344,4734
0.168731954,4733
0.168734692,4732
0.168738052,4731
0.168741436,4730
0.168744921,4729
0.168754682,4728
0.168759618,4727
0.168762792,4726
0.168766129,4725
0.168769143,4724
0.168772875,4723
0.168776428,4722
0.168779755,4721
0.168784207,4720
0.168787348,4719
0.168790749,4718
0.168794169,4717
0.168798712,4716
0.168801704,4715
0.16880533,4714
0.168809391,4713
0.168813028,4712
0.168816825,4711
0.168820278,4710
0.168824111,4709
0.168828739,4708
0.168833506,4707
0.168837218,4706
0.168839643,4705
0.168843062,4704
0.168846821,4703
0.168852217,4702
0.168855232,4701
0.168858311,4700
0.16886123,4699
0.168864294,4698
0.168866923,4697
0.168870098,4696
0.168872924,4695
0.168877012,4694
0.16888001,4693
0.168882763,4692
0.168885579,4691
0.168888266,4690
0.168891319,4689
0.168893932,4688
0.168896924,4687
0.168899968,4686
0.168903203,4685
0.168907675,4684
0.168910788,4683
0.168914639,4682
0.168952596,4681
0.168956691,4680
0.168960354,4679
0.16896482,4678
0.168968435,4677
0.168972105,4676
0.168975583,4675
0.16897921,4674
0.168986425,4673
0.168990359,4672
0.168994277,4671
0.169004183,4670
0.169010449,4669
0.169014068,4668
0.169017577,4667
0.169020645,4666
0.169023903,4665
0.169026966,4664
0.169030195,4663
0.16903381,4662
0.169037421,4661
0.169040664,4660
0.169043898,4659
0.169049083,4658
0.169052098,4657
0.169055614,4656
0.169058797,4655
0.169062914,4654
0.169076177,4653
0.169082297,4652
0.169087053,4651
0.169091575,4650
0.16909558,4649
0.169101603,4648
0.169107069,4647
0.169110239,4646
0.16911371,4645
0.169118664,4644
0.169122423,4643
0.16912611,4642
0.169130006,4641
0.169133608,4640
0.16914884,4639
0.169153099,4638
0.169156339,4637
0.169160114,4636
0.169165577,4635
0.169168856,4634
0.169174687,4633
0.169179491,4632
0.169186504,4631
0.169189864,4630
0.169195303,4629
0.169198648,4628
0.16920283,4627
0.169206768,4626
0.16921008,4625
0.169213642,4624
0.16922049,4623
0.169224006,4622
0.16922762,4621
0.169231204,4620
0.16923565,4619
0.16923909,4618
0.169242764,4617
0.169246404,4616
0.169251524,4615
0.169255089,4614
0.169259809,4613
0.169263638,4612
0.169268381,4611
0.16927481,4610
0.169278412,4609
0.169293881,4608
0.169297407,4607
0.169300777,4606
0.169304273,4605
0.169308873,4604
0.16931208,4603
0.169315346,4602
0.169318802,4601
0.169323236,4600
0.169326654,4599
0.169329877,4598
0.169333264,4597
0.169336744,4596
0.169340304,4595
0.169343601,4594
0.169346655,4593
0.169349891,4592
0.169353281,4591
0.169356447,4590
0.16936026,4589
0.169365042,4588
0.169369312,4587
0.169375582,4586
0.169379588,4585
0.169389198,4584
0.169395272,4583
0.16939829,4582
0.169401024,4581
0.1694105,4580
0.169414384,4579
0.169417844,4578
0.169423938,4577
0.169428175,4576
0.16943307,4575
0.169436841,4574
0.169440912,4573
0.169445107,4572
0.16944799,4571
0.169452452,4570
0.169454968,4569
0.169458943,4568
0.169462466,4567
0.169465287,4566
0.169468328,4565
0.169472306,4564
0.169475219,4563
0.169478146,4562
0.169484378,4561
0.169487701,4560
0.169492275,4559
0.169495665,4558
0.16949901,4557
0.169502988,4556
0.169506878,4555
0.169510868,4554
0.169514724,4553
0.169518684,4552
0.169522495,4551
0.169527001,4550
0.169531235,4549
0.16953515,4548
0.16953872,4547
0.169541851,4546
0.169546235,4545
0.169549445,4544
0.169553674,4543
0.169556449,4542
0.169561066,4541
0.169563481,4540
0.169566064,4539
0.169569064,4538
0.169572086,4537
0.169574728,4536
0.169578474,4535
0.169582442,4534
0.169586082,4533
0.169589243,4532
0.169592072,4531
0.169595016,4530
0.169598665,4529
0.169601378,4528
0.16960387,4527
0.169606474,4526
0.169609532,4525
0.169612165,4524
0.169618008,4523
0.16962104,4522
0.169624171,4521
0.169627581,4520
0.16963047,4519
0.169633534,4518
0.169636551,4517
0.169639462,4516
0.169643335,4515
0.16964618,4514
0.169649234,4513
0.169652033,4512
0.16965566,4511
0.169658357,4510
0.169660993,4509
0.169663747,4508
0.16967058,4507
0.169673251,4506
0.169677144,4505
0.16968152,4504
0.169684692,4503
0.169688359,4502
0.169690934,4501
0.169693535,4500
0.169698248,4499
0.1697008,4498
0.169704523,4497
0.169707345,4496
0.16971013,4495
0.169714291,4494
0.169717963,4493
0.169721459,4492
0.169725884,4491
0.169730028,4490
0.16973384,4489
0.169737293,4488
0.169740678,4487
0.169744969,4486
0.169748679,4485
0.169752219,4484
0.169755211,4483
0.169758566,4482
0.169761382,4481
0.169765351,4480
0.169769112,4479
0.169772413,4478
0.169777371,4477
0.169780782,4476
0.169783576,4475
0.16978643,4474
0.169789127,4473
0.169791861,4472
0.169802986,4471
0.169806272,4470
0.169810247,4469
0.169813199,4468
0.169816256,4467
0.169820132,4466
0.169823789,4465
0.169827146,4464
0.169829949,4463
0.169832862,4462
0.169835726,4461
0.169839854,4460
0.169843049,4459
0.16984575,4458
0.169848519,4457
0.169851427,4456
0.169854288,4455
0.169857165,4454
0.169861241,4453
0.169865162,4452
0.169867917,4451
0.169870659,4450
0.169873257,4449
0.169877361,4448
0.169879947,4447
0.169882714,4446
0.169885253,4445
0.169890257,4444
0.169892893,4443
0.169895518,4442
0.169898963,4441
0.169903107,4440
0.169906809,4439
0.169909437,4438
0.169912197,4437
0.169915585,4436
0.16991911,4435
0.169922332,4434
0.169926303,4433
0.169929587,4432
0.169933289,4431
0.169936325,4430
0.169940972,4429
0.169945182,4428
0.169949264,4427
0.169953501,4426
0.169956207,4425
0.169960903,4424
0.169963707,4423
0.169966494,4422
0.169969558,4421
0.169973217,4420
0.169979702,4419
0.169983743,4418
0.169987803,4417
0.169991064,4416
0.169996033,4415
0.170000541,4414
0.170007128,4413
0.170010508,4412
0.170013841,4411
0.170019125,4410
0.170023179,4409
0.170027188,4408
0.170030799,4407
0.170034085,4406
0.170037659,4405
0.170041101,4404
0.170044656,4403
0.170047734,4402
0.170051065,4401
0.170054808,4400
0.170059851,4399
0.170063459,4398
0.170067244,4397
0.170070649,4396
0.170101092,4395
0.17010575,4394
0.170109726,4393
0.17011281,4392
0.170115844,4391
0.170119271,4390
0.170122887,4389
0.170125766,4388
0.170129011,4387
0.170132671,4386
0.17013554,4385
0.170138428,4384
0.170141068,4383
0.170144503,4382
0.170147505,4381
0.170150043,4380
0.1701527,4379
0.170156065,4378
0.170159334,4377
0.17016333,4376
0.170165873,4375
0.170170113,4374
0.17017392,4373
0.170178393,4372
0.170181242,4371
0.170186881,4370
0.170190329,4369
0.170194805,4368
0.170200105,4367
0.1702049,4366
0.170207682,4365
0.170211873,4364
0.170215053,4363
0.170219182,4362
0.17022263,4361
0.170225343,4360
0.170228967,4359
0.17023192,4358
0.170235846,4357
0.170238252,4356
0.170241399,4355
0.1702447,4354
0.170248519,4353
0.170253761,4352
0.170256552,4351
0.170259828,4350
0.170262884,4349
0.170266891,4348
0.170271213,4347
0.170274277,4346
0.170278113,4345
0.170281981,4344
0.17028799,4343
0.170291956,4342
0.170295775,4341
0.170299655,4340
0.170303393,4339
0.170307033,4338
0.170311819,4337
0.170315201,4336
0.170320036,4335
0.170324302,4334
0.170328126,4333
0.17033376,4332
0.170338194,4331
0.170344087,4330
0.170348405,4329
0.170370616,4328
0.170374702,4327
0.170379543,4326
0.170383079,4325
0.170388212,4324
0.170390737,4323
0.170393834,4322
0.170397664,4321
0.170401387,4320
0.170405767,4319
0.170408671,4318
0.170411162,4317
0.170413647,4316
0.170416395,4315
0.17041909,4314
0.170422763,4313
0.170425317,4312
0.170429126,4311
0.170431824,4310
0.170435807,4309
0.170438477,4308
0.17044114,4307
0.170444869,4306
0.170447687,4305
0.17045038,4304
0.170452951,4303
0.170456617,4302
0.170459391,4301
0.17046353,4300
0.170466405,4299
0.170468947,4298
0.170471589,4297
0.170476199,4296
0.170480151,4295
0.170483631,4294
0.170487543,4293
0.170491356,4292
0.170494998,4291
0.170498402,4290
0.170501927,4289
0.170505355,4288
0.170508849,4287
0.170512907,4286
0.17051625,4285
0.170519561,4284
0.170522709,4283
0.170526075,4282
0.170530724,4281
0.170535764,4280
0.170538951,4279
0.170543894,4278
0.170547324,4277
0.170550584,4276
0.170553539,4275
0.170556407,4274
0.170560339,4273
0.170563308,4272
0.170566277,4271
0.170568962,4270
0.17057177,4269
0.170574796,4268
0.170577729,4267
0.170583456,4266
0.170587058,4265
0.170590762,4264
0.170594287,4263
0.170598527,4262
0.17060497,4261
0.170610006,4260
0.17061364,4259
0.170616911,4258
0.170620554,4257
0.170624088,4256
0.170629357,4255
0.17063309,4254
0.170637027,4253
0.17064054,4252
0.170645676,4251
0.170649942,4250
0.170654954,4249
0.170658165,4248
0.170662931,4247
0.170666299,4246
0.170669463,4245
0.170672693,4244
0.170675949,4243
0.170680117,4242
0.170683682,4241
0.170687323,4240
0.170690807,4239
0.170695154,4238
0.170699113,4237
0.170702935,4236
0.170707747,4235
0.170711113,4234
0.170714573,4233
0.17071804,4232
0.17072357,4231
0.170727595,4230
0.170731044,4229
0.170734543,4228
0.170738038,4227
0.170741567,4226
0.170744818,4225
0.170750889,4224
0.170754266,4223
0.170758558,4222
0.170761683,4221
0.170765381,4220
0.170769279,4219
0.17078683,4218
0.170797322,4217
0.170801801,4216
0.170805719,4215
0.170834519,4214
0.170839094,4213
0.171012697,4212
0.171017904,4211
0.171026157,4210
0.171728658,4209
0.171745824,4208
0.171773255,4207
0.171776847,4206
0.1717808,4205
0.171910456,4204
0.171921871,4203
0.17192814,4202
0.171933649,4201
0.171937221,4200
0.171941279,4199
0.17194553,4198
0.171973576,4197
0.171978908,4196
0.171982475,4195
0.17198651,4194
0.171990547,4193
0.171996045,4192
0.172000715,4191
0.172004888,4190
0.172009715,4189
0.172013474,4188
0.172019184,4187
0.172023034,4186
0.172027016,4185
0.172031167,4184
0.172035317,4183
0.172039297,4182
0.172045673,4181
0.172049471,4180
0.172055047,4179
0.172059074,4178
0.172063332,4177
0.172066842,4176
0.17207095,4175
0.172074731,4174
0.172078152,4173
0.17208155,4172
0.172084991,4171
0.172088908,4170
0.172092545,4169
0.17210069,4168
0.172104022,4167
0.172107569,4166
0.172111517,4165
0.172116758,4164
0.172120518,4163
0.172123939,4162
0.172127625,4161
0.172134155,4160
0.17213873,4159
0.172142704,4158
0.172146424,4157
0.172149846,4156
0.172154226,4155
0.172159269,4154
0.172163173,4153
0.172166744,4152
0.172170428,4151
0.172175345,4150
0.172179771,4149
0.172183216,4148
0.172186415,4147
0.172192701,4146
0.172196324,4145
0.172199552,4144
0.172208975,4143
0.172213122,4142
0.172216781,4141
0.172222093,4140
0.172227195,4139
0.172230995,4138
0.17223429,4137
0.172237483,4136
0.172252517,4135
0.172266461,4134
0.172272523,4133
0.172285083,4132
0.172289444,4131
0.172305057,4130
0.172308641,4129
0.172336194,4128
0.17234039,4127
0.174741527,4126
0.174786264,4125
0.174797676,4124
0.174859279,4123
0.174865715,4122
0.174876855,4121
0.174880443,4120
0.174884317,4119
0.174888157,4118
0.174919178,4117
0.174948444,4116
0.174954929,4115
0.174982017,4114
0.174987864,4113
0.175015859,4112
0.17502007,4111
0.175029127,4110
0.175042664,4109
0.175100897,4108
0.175105379,4107
0.175109727,4106
0.175137397,4105
0.175142983,4104
0.175590283,4103
0.175722184,4102
0.175726715,4101
0.175730635,4100
0.175734467,4099
0.175738241,4098
0.175741591,4097
0.175748876,4096
0.175752603,4095
0.175758889,4094
0.175768321,4093
0.175779317,4092
0.175812058,4091
0.175816055,4090
0.175820955,4089
0.175826634,4088
0.175831367,4087
0.175834453,4086
0.175838414,4085
0.175844558,4084
0.175847666,4083
0.175851972,4082
0.175855025,4081
0.175858549,4080
0.175862122,4079
0.175865101,4078
0.175868184,4077
0.175872197,4076
0.175875165,4075
0.175878617,4074
0.17588174,4073
0.175884815,4072
0.175888018,4071
0.175891265,4070
0.175894703,4069
0.175899713,4068
0.175903777,4067
0.175907138,4066
0.175930647,4065
0.175933582,4064
0.175936782,4063
0.175940601,4062
0.175944429,4061
0.175948819,4060
0.17595353,4059
0.175956782,4058
0.175960546,4057
0.175964104,4056
0.175967044,4055
0.175970706,4054
0.175974068,4053
0.175977506,4052
0.17598175,4051
0.175985215,4050
0.175989021,4049
0.175991925,4048
0.175995381,4047
0.175999178,4046
0.176002511,4045
0.176006002,4044
0.176009214,4043
0.176012809,4042
0.176016073,4041
0.176019588,4040
0.176024296,4039
0.176028476,4038
0.176031556,4037
0.176035409,4036
0.176038786,4035
0.176042843,4034
0.176046553,4033
0.176050195,4032
0.17605345,4031
0.176056848,4030
0.176060496,4029
0.176065232,4028
0.17606955,4027
0.176074933,4026
0.176077864,4025
0.176081553,4024
0.176086411,4023
0.176090117,4022
0.176095961,4021
0.176099267,4020
0.17610377,4019
0.17610683,4018
0.176109707,4017
0.176112944,4016
0.176122372,4015
0.17612672,4014
0.176129777,4013
0.17613324,4012
0.176137761,4011
0.176140895,4010
0.176144192,4009
0.176147485,4008
0.176150813,4007
0.176154364,4006
0.176157608,4005
0.176161008,4004
0.176165127,4003
0.176169466,4002
0.176172641,4001
0.176176921,4000
0.176183688,3999
0.176186845,3998
0.176191638,3997
0.176194588,3996
0.176199835,3995
0.176206431,3994
0.176210354,3993
0.176214511,3992
0.176219994,3991
0.176224048,3990
0.176227996,3989
0.176233451,3988
0.176237633,3987
0.176241514,3986
0.176245472,3985
0.176249397,3984
0.176253265,3983
0.1762573,3982
0.176261186,3981
0.17626491,3980
0.176268889,3979
0.176272894,3978
0.176278564,3977
0.176285428,3976
0.176289596,3975
0.176293425,3974
0.176297469,3973
0.176300093,3972
0.176303141,3971
0.176308258,3970
0.176311542,3969
0.176317658,3968
0.176322086,3967
0.176325884,3966
0.176329957,3965
0.176333004,3964
0.176337172,3963
0.176348344,3962
0.176353569,3961
0.17635743,3960
0.176361904,3959
0.176364919,3958
0.17637045,3957
0.17637398,3956
0.176378433,3955
0.176384404,3954
0.176387721,3953
0.17639227,3952
0.176399595,3951
0.176403755,3950
0.176406885,3949
0.176412378,3948
0.176416547,3947
0.176421732,3946
0.17642549,3945
0.176430514,3944
0.176433706,3943
0.176437061,3942
0.176440504,3941
0.176444442,3940
0.17644776,3939
0.176451122,3938
0.176454867,3937
0.176458228,3936
0.176462716,3935
0.176467183,3934
0.17647033,3933
0.176473648,3932
0.176478295,3931
0.176481453,3930
0.176484544,3929
0.176487604,3928
0.176490705,3927
0.176493905,3926
0.176498189,3925
0.176501584,3924
0.176506891,3923
0.176510269,3922
0.176513623,3921
0.176539787,3920
0.176560794,3919
0.176565632,3918
0.176569348,3917
0.176574954,3916
0.176578046,3915
0.176581447,3914
0.176585886,3913
0.17660128,3912
0.176604508,3911
0.176608024,3910
0.176611348,3909
0.17661558,3908
0.176619849,3907
0.176623369,3906
0.176627555,3905
0.17663067,3904
0.176636583,3903
0.176639756,3902
0.176642727,3901
0.17664565,3900
0.176648493,3899
0.176651194,3898
0.176654183,3897
0.176656591,3896
0.176659198,3895
0.176661915,3894
0.176664757,3893
0.176668371,3892
0.176671019,3891
0.176673721,3890
0.176676406,3889
0.176679144,3888
0.176682385,3887
0.176684823,3886
0.17668837,3885
0.176690831,3884
0.176694547,3883
0.176697831,3882
0.176708055,3881
0.176711422,3880
0.176714809,3879
0.176719115,3878
0.176722064,3877
0.176724752,3876
0.176728066,3875
0.176730422,3874
0.1767357,3873
0.176740125,3872
0.176745233,3871
0.176749887,3870
0.176753173,3869
0.17675599,3868
0.176759002,3867
0.176762526,3866
0.176765588,3865
0.17677009,3864
0.176773316,3863
0.176776298,3862
0.176786957,3861
0.176815303,3860
0.176818419,3859
0.176850791,3858
0.176855245,3857
0.176859815,3856
0.176863546,3855
0.176866304,3854
0.176869018,3853
0.176872402,3852
0.176875375,3851
0.176879827,3850
0.176883907,3849
0.176887167,3848
0.176891464,3847
0.176901305,3846
0.176907,3845
0.176909922,3844
0.176913049,3843
0.176916392,3842
0.176919645,3841
0.176922414,3840
0.176925995,3839
0.176929707,3838
0.176936694,3837
0.176940713,3836
0.176943773,3835
0.176947078,3834
0.176950056,3833
0.17695442,3832
0.17695853,3831
0.17843583,3830
0.178447847,3829
0.178455597,3828
0.178458767,3827
0.178463095,3826
0.178466578,3825
0.178470049,3824
0.178476893,3823
0.178481691,3822
0.178484902,3821
0.178490083,3820
0.178494648,3819
0.178499787,3818
0.178503364,3817
0.178509477,3816
0.178528643,3815
0.178533001,3814
0.178536151,3813
0.178553511,3812
0.17855774,3811
0.178561124,3810
0.178566916,3809
0.178570008,3808
0.178574989,3807
0.17858111,3806
0.178587428,3805
0.17859422,3804
0.178597243,3803
0.178612017,3802
0.178616719,3801
0.178620898,3800
0.178625952,3799
0.178631023,3798
0.178634356,3797
0.178638269,3796
0.178654573,3795
0.178668811,3794
0.178673671,3793
0.178677638,3792
0.178683446,3791
0.178687158,3790
0.178690708,3789
0.178693974,3788
0.178696988,3787
0.178703533,3786
0.178706636,3785
0.178713166,3784
0.178720234,3783
0.178729565,3782
0.178733063,3781
0.178737994,3780
0.178743087,3779
0.178745833,3778
0.178748593,3777
0.178751897,3776
0.178779936,3775
0.178796078,3774
0.178805201,3773
0.178808371,3772
0.178813664,3771
0.178817191,3770
0.178822035,3769
0.178825322,3768
0.178828971,3767
0.178834613,3766
0.178839381,3765
0.178844073,3764
0.178848974,3763
0.178854297,3762
0.178857527,3761
0.178868552,3760
0.178871732,3759
0.178875408,3758
0.178879842,3757
0.178884406,3756
0.178887624,3755
0.178894701,3754
0.178898037,3753
0.178901268,3752
0.178904398,3751
0.178910298,3750
0.179028138,3749
0.17903712,3748
0.179043225,3747
0.179047969,3746
0.179087379,3745
0.179101959,3744
0.179108767,3743
0.179116262,3742
0.179120585,3741
0.179131816,3740
0.179139358,3739
0.179144561,3738
0.179149737,3737
0.179159501,3736
0.179163883,3735
0.179168231,3734
0.179172425,3733
0.17917922,3732
0.179185361,3731
0.179189837,3730
0.179194622,3729
0.179202042,3728
0.179211066,3727
0.179216647,3726
0.179220802,3725
0.179225109,3724
0.179228114,3723
0.179235268,3722
0.179238421,3721
0.179246198,3720
0.179253149,3719
0.179268089,3718
0.179273319,3717
0.17928164,3716
0.179285728,3715
0.179320369,3714
0.179326199,3713
0.179331403,3712
0.179335201,3711
0.179341063,3710
0.179356076,3709
0.179372658,3708
0.179376841,3707
0.179380391,3706
0.179384179,3705
0.17939538,3704
0.179399179,3703
0.179405651,3702
0.179409608,3701
0.179414965,3700
0.179418585,3699
0.179422542,3698
0.179431955,3697
0.179441881,3696
0.179447371,3695
0.17947178,3694
0.179477568,3693
0.179484002,3692
0.179491582,3691
0.179495321,3690
0.179498604,3689
0.179509792,3688
0.179513672,3687
0.179516512,3686
0.179520528,3685
0.179525295,3684
0.179529924,3683
0.17953361,3682
0.179537013,3681
0.179546169,3680
0.179558778,3679
0.179565892,3678
0.179569006,3677
0.179572663,3676
0.179579163,3675
0.179584981,3674
0.179587791,3673
0.179590598,3672
0.179598437,3671
0.179601656,3670
0.17960717,3669
0.179614922,3668
0.179619355,3667
0.179622596,3666
0.179634601,3665
0.179640393,3664
0.179644837,3663
0.179652548,3662
0.179660935,3661
0.179663996,3660
0.179667531,3659
0.1796732,3658
0.179714952,3657
0.179717822,3656
0.17972326,3655
0.179732206,3654
0.179735336,3653
0.179738265,3652
0.179741509,3651
0.179746031,3650
0.179752914,3649
0.179755944,3648
0.179759016,3647
0.179768819,3646
0.179771858,3645
0.179774817,3644
0.179781484,3643
0.179787194,3642
0.179791711,3641
0.179794533,3640
0.179801956,3639
0.179805421,3638
0.179812448,3637
0.179816314,3636
0.179819493,3635
0.179822339,3634
0.179826797,3633
0.179832045,3632
0.179835316,3631
0.179839732,3630
0.179843083,3629
0.179847481,3628
0.179852581,3627
0.17985577,3626
0.179858965,3625
0.179873393,3624
0.179880079,3623
0.179888099,3622
0.179895072,3621
0.179900426,3620
0.179908465,3619
0.179914313,3618
0.179918125,3617
0.17995696,3616
0.179969895,3615
0.179974812,3614
0.179984547,3613
0.179988415,3612
0.179994282,3611
0.179998843,3610
0.180003953,3609
0.18000994,3608
0.180014477,3607
0.180019668,3606
0.180023632,3605
0.180032389,3604
0.180038003,3603
0.180042285,3602
0.180048016,3601
0.180053327,3600
0.180058243,3599
0.18006229,3598
0.180127466,3597
0.180131461,3596
0.180137076,3595
0.180147205,3594
0.180157226,3593
0.180162991,3592
0.180168418,3591
0.180173812,3590
0.180178555,3589
0.180184028,3588
0.180186613,3587
0.180223247,3586
0.180229084,3585
0.18023388,3584
0.180241332,3583
0.180244964,3582
0.180249986,3581
0.180260981,3580
0.180273267,3579
0.180311315,3578
0.180322406,3577
0.180336246,3576
0.180343849,3575
0.180352138,3574
0.180354973,3573
0.180358666,3572
0.180365359,3571
0.180373163,3570
0.1803766,3569
0.180382032,3568
0.180396273,3567
0.180414125,3566
0.180419318,3565
0.180422811,3564
0.18042748,3563
0.180431291,3562
0.180434256,3561
0.180437794,3560
0.180441337,3559
0.18044459,3558
0.180450494,3557
0.180465695,3556
0.180476211,3555
0.180480651,3554
0.180489347,3553
0.180510347,3552
0.180513806,3551
0.180545253,3550
0.180549533,3549
0.180553422,3548
0.180556615,3547
0.18056161,3546
0.180570695,3545
0.180577659,3544
0.180587692,3543
0.180623095,3542
0.180627004,3541
0.180642011,3540
0.18064753,3539
0.180657947,3538
0.180662686,3537
0.180665983,3536
0.180671196,3535
0.180680687,3534
0.180716625,3533
0.180719925,3532
0.180724058,3531
0.18072734,3530
0.180736495,3529
0.180744126,3528
0.180749402,3527
0.180753817,3526
0.180788054,3525
0.180794573,3524
0.180805128,3523
0.18080847,3522
0.180816518,3521
0.180822422,3520
0.18085465,3519
0.180886915,3518
0.180916661,3517
0.180923122,3516
0.180952719,3515
0.180958134,3514
0.180961842,3513
0.181005568,3512
0.181032835,3511
0.181071717,3510
0.181108799,3509
0.18114318,3508
0.181146728,3507
0.181177119,3506
0.181182131,3505
0.18118592,3504
0.1811929,3503
0.187915021,3502
0.18793401,3501
0.187968805,3500
0.187985893,3499
0.188020547,3498
0.18805898,3497
0.188164337,3496
0.188174379,3495
0.188179153,3494
0.18821609,3493
0.188247535,3492
0.188285942,3491
0.188331588,3490
0.188337302,3489
0.18835537,3488
0.188383276,3487
0.188404366,3486
0.188422657,3485
0.188430288,3484
0.188436158,3483
0.188460613,3482
0.188467826,3481
0.188476195,3480
0.188524173,3479
0.188528959,3478
0.188532094,3477
0.188542675,3476
0.188551573,3475
0.18855688,3474
0.188562854,3473
0.188568782,3472
0.188572357,3471
0.18857731,3470
0.188615855,3469
0.188619613,3468
0.18862549,3467
0.188631887,3466
0.188635646,3465
0.188641896,3464
0.188650521,3463
0.188686876,3462
0.188690861,3461
0.188696068,3460
0.188701925,3459
0.188708255,3458
0.188716422,3457
0.188720003,3456
0.18872569,3455
0.188729665,3454
0.188735301,3453
0.188741452,3452
0.188748318,3451
0.188766862,3450
0.188772327,3449
0.18878161,3448
0.18878761,3447
0.188822873,3446
0.188834413,3445
0.188840392,3444
0.188850856,3443
0.188884829,3442
0.188891131,3441
0.188935475,3440
0.188943677,3439
0.188949063,3438
0.188956359,3437
0.188959714,3436
0.188964932,3435
0.188974178,3434
0.188981759,3433
0.188986177,3432
0.188990337,3431
0.188999562,3430
0.189006474,3429
0.189019818,3428
0.189030382,3427
0.189071383,3426
0.189119471,3425
0.189161283,3424
0.189210208,3423
0.189213662,3422
0.189218963,3421
0.189225815,3420
0.189229417,3419
0.189233807,3418
0.189272753,3417
0.189309748,3416
0.189345425,3415
0.189349402,3414
0.189389079,3413
0.189407387,3412
0.189443834,3411
0.18945328,3410
0.189487043,3409
0.189495259,3408
0.1894987,3407
0.189502036,3406
0.189505722,3405
0.189553685,3404
0.189557202,3403
0.189564147,3402
0.18956852,3401
0.189610972,3400
0.189617684,3399
0.189665408,3398
0.189672349,3397
0.189711014,3396
0.189715873,3395
0.189722268,3394
0.189802742,3393
0.189816766,3392
0.190268648,3391
0.190275356,3390
0.190285952,3389
0.190300402,3388
0.190307703,3387
0.190314111,3386
0.190318431,3385
0.190334613,3384
0.190341472,3383
0.190353583,3382
0.190375531,3381
0.190383345,3380
0.190386912,3379
0.190411974,3378
0.190420882,3377
0.190423997,3376
0.190432115,3375
0.190437226,3374
0.190452623,3373
0.190467783,3372
0.190487873,3371
0.190512651,3370
0.190521038,3369
0.190542545,3368
0.19055526,3367
0.190573733,3366
0.190594042,3365
0.190600673,3364
0.190609561,3363
0.190614871,3362
0.190622835,3361
0.190636374,3360
0.190650234,3359
0.190673286,3358
0.19069757,3357
0.190713979,3356
0.191216759,3355
0.191267851,3354
0.191328459,3353
0.19137488,3352
0.191377678,3351
0.19138819,3350
0.191431591,3349
0.191479532,3348
0.191504031,3347
0.191550766,3346
0.191556069,3345
0.191589984,3344
0.191778537,3343
0.191781862,3342
0.191851901,3341
0.191854903,3340
0.19190041,3339
0.191948355,3338
0.191956555,3337
0.191961909,3336
0.191965225,3335
0.191971572,3334
0.192009292,3333
0.192236847,3332
0.192266543,3331
0.192319484,3330
0.192332182,3329
0.192389484,3328
0.19240992,3327
0.1926089,3326
0.192624633,3325
0.192659522,3324
0.192683887,3323
0.192743067,3322
0.192916262,3321
0.19303935,3320
0.193261033,3319
0.193308176,3318
0.193399119,3317
0.19353755,3316
0.193654897,3315
0.193846779,3314
