0.124626662,6061
0.124765003,6060
0.124827368,6059
0.124910191,6058
0.124984257,6057
0.124993612,6056
0.125000755,6055
0.125008879,6054
0.125017329,6053
0.125025395,6052
0.125032648,6051
0.125039931,6050
0.125049614,6049
0.125056617,6048
0.125063215,6047
0.125072732,6046
0.125082109,6045
0.125089776,6044
0.125096697,6043
0.125103349,6042
0.125110293,6041
0.125119595,6040
0.12520193,6039
0.125213434,6038
0.125242355,6037
0.125270621,6036
0.125282772,6035
0.125292618,6034
0.125309553,6033
0.125327658,6032
0.125338201,6031
0.125348835,6030
0.125358758,6029
0.125377191,6028
0.125386829,6027
0.125396948,6026
0.125416188,6025
0.12544047,6024
0.125450501,6023
0.125462412,6022
0.1254924,6021
0.125500147,6020
0.125522575,6019
0.12553119,6018
0.125538962,6017
0.125546557,6016
0.125555669,6015
0.125563417,6014
0.125569059,6013
0.125576292,6012
0.125581875,6011
0.125594745,6010
0.125608115,6009
0.125620952,6008
0.125627748,6007
0.125657492,6006
0.125687851,6005
0.12571391,6004
0.125722169,6003
0.125730234,6002
0.125737674,6001
0.125745098,6000
0.125752866,5999
0.125760751,5998
0.12576901,5997
0.125776758,5996
0.125784546,5995
0.125792194,5994
0.125800039,5993
0.125808792,5992
0.125816697,5991
0.125834493,5990
0.125854153,5989
0.12586224,5988
0.125870071,5987
0.125878669,5986
0.125887622,5985
0.125896507,5984
0.125918318,5983
0.125927394,5982
0.125940936,5981
0.12598587,5980
0.126001822,5979
0.126010577,5978
0.126018361,5977
0.126040594,5976
0.126050473,5975
0.126059485,5974
0.126156675,5973
0.126168037,5972
0.126177231,5971
0.126187297,5970
0.126197357,5969
0.126238213,5968
0.126249644,5967
0.126259657,5966
0.126270381,5965
0.126301024,5964
0.12634785,5963
0.126358005,5962
0.126366881,5961
0.126376549,5960
0.126385333,5959
0.126393734,5958
0.126402817,5957
0.126411713,5956
0.126420093,5955
0.126431077,5954
0.126438068,5953
0.126445147,5952
0.126452093,5951
0.126460257,5950
0.126471319,5949
0.126477856,5948
0.126485011,5947
0.126492832,5946
0.126500419,5945
0.126508368,5944
0.126525635,5943
0.126574277,5942
0.126618664,5941
0.126631129,5940
0.126646391,5939
0.126659208,5938
0.126670305,5937
0.126680548,5936
0.126691308,5935
0.126711314,5934
0.12672107,5933
0.126730114,5932
0.126738302,5931
0.126746993,5930
0.126755807,5929
0.126763924,5928
0.126771438,5927
0.126785015,5926
0.126825251,5925
0.126862241,5924
0.126869533,5923
0.126875876,5922
0.126882808,5921
0.126891562,5920
0.126899483,5919
0.126906645,5918
0.126913547,5917
0.126921023,5916
0.126930963,5915
0.126941758,5914
0.126958484,5913
0.126970957,5912
0.126977767,5911
0.126989977,5910
0.126996588,5909
0.127003056,5908
0.127009524,5907
0.12702205,5906
0.127035075,5905
0.12704862,5904
0.127055434,5903
0.127062022,5902
0.127068294,5901
0.127074602,5900
0.127087618,5899
0.127099573,5898
0.127111888,5897
0.127124251,5896
0.127131103,5895
0.127138232,5894
0.127151247,5893
0.127164552,5892
0.127178216,5891
0.127187051,5890
0.127226388,5889
0.127234481,5888
0.12724184,5887
0.127296064,5886
0.127331551,5885
0.127336631,5884
0.127369236,5883
0.127374083,5882
0.127378862,5881
0.127383992,5880
0.127388965,5879
0.127393602,5878
0.12742716,5877
0.127432534,5876
0.1274377,5875
0.127442583,5874
0.127447475,5873
0.127452307,5872
0.127457074,5871
0.127490765,5870
0.127511004,5869
0.12752483,5868
0.127535404,5867
0.12754347,5866
0.127550332,5865
0.127557932,5864
0.127595325,5863
0.127630288,5862
0.127636505,5861
0.127642176,5860
0.127678756,5859
0.127684564,5858
0.127690911,5857
0.12769753,5856
0.127703166,5855
0.12771294,5854
0.127719424,5853
0.127725109,5852
0.127731585,5851
0.12773641,5850
0.127740922,5849
0.127745933,5848
0.127752193,5847
0.127757549,5846
0.12776334,5845
0.127767987,5844
0.12777289,5843
0.127777322,5842
0.12778199,5841
0.127786375,5840
0.12779037,5839
0.127794684,5838
0.127799488,5837
0.12780385,5836
0.127808186,5835
0.127812826,5834
0.127817135,5833
0.127821285,5832
0.127825663,5831
0.127829681,5830
0.127833941,5829
0.127838089,5828
0.127847618,5827
0.127851773,5826
0.127856113,5825
0.127860478,5824
0.127864586,5823
0.127869159,5822
0.127876485,5821
0.127882796,5820
0.127888594,5819
0.127893986,5818
0.127900175,5817
0.127905366,5816
0.127910165,5815
0.127915323,5814
0.127919834,5813
0.127924121,5812
0.127928929,5811
0.127935365,5810
0.127977844,5809
0.12798342,5808
0.127989709,5807
0.127999262,5806
0.128013156,5805
0.128876457,5804
0.128887371,5803
0.128895526,5802
0.128937729,5801
0.128978856,5800
0.129017704,5799
0.129055814,5798
0.129062192,5797
0.129069608,5796
0.129106688,5795
0.129121099,5794
0.12912972,5793
0.129137774,5792
0.129142495,5791
0.129148093,5790
0.129152983,5789
0.129157774,5788
0.129162172,5787
0.129166846,5786
0.129171404,5785
0.129176134,5784
0.129180371,5783
0.129184841,5782
0.129190301,5781
0.129194709,5780
0.129199254,5779
0.129203955,5778
0.129208222,5777
0.129212864,5776
0.129217479,5775
0.129222609,5774
0.129227639,5773
0.129232031,5772
0.129236649,5771
0.129241291,5770
0.129246473,5769
0.129254882,5768
0.129259589,5767
0.129264626,5766
0.129269364,5765
0.129274507,5764
0.129279132,5763
0.129284711,5762
0.129289906,5761
0.129294748,5760
0.129299836,5759
0.12930526,5758
0.129309935,5757
0.129314469,5756
0.129319764,5755
0.129324578,5754
0.129329742,5753
0.129335294,5752
0.129340849,5751
0.129345498,5750
0.129350708,5749
0.129358117,5748
0.129364508,5747
0.129370173,5746
0.129376247,5745
0.12938182,5744
0.129386365,5743
0.129390888,5742
0.129395788,5741
0.129400005,5740
0.129404236,5739
0.129408644,5738
0.129412822,5737
0.129416927,5736
0.1294211,5735
0.129426089,5734
0.129470543,5733
0.129475709,5732
0.129481275,5731
0.129486549,5730
0.130525827,5729
0.130539741,5728
0.130546495,5727
0.130551599,5726
0.130556505,5725
0.130561486,5724
0.13056668,5723
0.130571627,5722
0.130576623,5721
0.130581781,5720
0.130586376,5719
0.130590796,5718
0.130594958,5717
0.1305995,5716
0.130607607,5715
0.130614372,5714
0.130620246,5713
0.130625373,5712
0.13063054,5711
0.13063531,5710
0.130639841,5709
0.130644645,5708
0.130649452,5707
0.13065381,5706
0.130658488,5705
0.13066365,5704
0.130667864,5703
0.130672884,5702
0.130677333,5701
0.13068161,5700
0.130686289,5699
0.130691351,5698
0.130695688,5697
0.130700274,5696
0.130704753,5695
0.135700334,5694
0.136418333,5693
0.137134298,5692
0.13718121,5691
0.137185646,5690
0.137190437,5689
0.137194899,5688
0.137199098,5687
0.137203457,5686
0.137213327,5685
0.13722726,5684
0.137242762,5683
0.137249673,5682
0.137254531,5681
0.137259715,5680
0.137264323,5679
0.137297851,5678
0.137302273,5677
0.137306124,5676
0.137310003,5675
0.137313794,5674
0.13731749,5673
0.13732174,5672
0.137325846,5671
0.137329771,5670
0.137333685,5669
0.137337546,5668
0.1373414,5667
0.137345289,5666
0.137358712,5665
0.137364397,5664
0.137369743,5663
0.13737474,5662
0.137389319,5661
0.137397301,5660
0.137402212,5659
0.137406855,5658
0.137411051,5657
0.137415626,5656
0.13741991,5655
0.137424213,5654
0.137428319,5653
0.1374326,5652
0.137436851,5651
0.137441117,5650
0.137445292,5649
0.137449566,5648
0.137453735,5647
0.137457521,5646
0.137461899,5645
0.137465847,5644
0.137469508,5643
0.137473905,5642
0.137477635,5641
0.137482273,5640
0.137486578,5639
0.137491094,5638
0.137499482,5637
0.137502666,5636
0.137505839,5635
0.137508914,5634
0.137514249,5633
0.137518186,5632
0.137521357,5631
0.137524556,5630
0.137528913,5629
0.137533117,5628
0.137540654,5627
0.137546098,5626
0.137550758,5625
0.137554748,5624
0.137558792,5623
0.137562009,5622
0.137565354,5621
0.137568269,5620
0.137571377,5619
0.137574373,5618
0.1375783,5617
0.137582334,5616
0.137587069,5615
0.137590526,5614
0.137594151,5613
0.137598635,5612
0.137603444,5611
0.137608194,5610
0.137612498,5609
0.137617402,5608
0.137622547,5607
0.137626971,5606
0.137630896,5605
0.137635044,5604
0.137639365,5603
0.137643202,5602
0.137651541,5601
0.137656958,5600
0.137661573,5599
0.137666319,5598
0.137670965,5597
0.137675603,5596
0.137679873,5595
0.137683742,5594
0.137688195,5593
0.137692555,5592
0.137696599,5591
0.137700626,5590
0.137704669,5589
0.137716427,5588
0.137724207,5587
0.137729456,5586
0.137734333,5585
0.137739477,5584
0.137744837,5583
0.137749934,5582
0.137754232,5581
0.137758951,5580
0.13776357,5579
0.13776799,5578
0.137772172,5577
0.137776883,5576
0.137780929,5575
0.137785473,5574
0.137790146,5573
0.137794612,5572
0.13779918,5571
0.137803861,5570
0.13780801,5569
0.137812539,5568
0.137817564,5567
0.137822286,5566
0.137826737,5565
0.137830792,5564
0.13783499,5563
0.137839431,5562
0.137843794,5561
0.137848333,5560
0.137852473,5559
0.137856575,5558
0.137861839,5557
0.137866815,5556
0.137871009,5555
0.137875253,5554
0.137879985,5553
0.137884125,5552
0.137894734,5551
0.137931291,5550
0.137972277,5549
0.137977344,5548
0.137981957,5547
0.137986483,5546
0.137990821,5545
0.137995428,5544
0.138028164,5543
0.138032119,5542
0.138035976,5541
0.138040103,5540
0.138043392,5539
0.138047936,5538
0.138051755,5537
0.138055258,5536
0.138059089,5535
0.138068976,5534
0.138108711,5533
0.138114737,5532
0.138159066,5531
0.138163991,5530
0.13816874,5529
0.138173121,5528
0.138177497,5527
0.138181424,5526
0.138185589,5525
0.138191672,5524
0.138196436,5523
0.138201425,5522
0.138205515,5521
0.138209442,5520
0.138213268,5519
0.138216917,5518
0.138220425,5517
0.138223443,5516
0.138226979,5515
0.138230013,5514
0.138233382,5513
0.138236315,5512
0.138239665,5511
0.1382429,5510
0.138247036,5509
0.138252383,5508
0.138255581,5507
0.138259009,5506
0.13826166,5505
0.138264151,5504
0.138266814,5503
0.138268965,5502
0.138271679,5501
0.138274198,5500
0.138276404,5499
0.138278816,5498
0.138281343,5497
0.138283813,5496
0.138286049,5495
0.138288403,5494
0.138290756,5493
0.138293298,5492
0.138295703,5491
0.138298094,5490
0.138300131,5489
0.138302596,5488
0.138305178,5487
0.138308687,5486
0.138311894,5485
0.138315132,5484
0.138318471,5483
0.138321711,5482
0.138325397,5481
0.1383289,5480
0.138401306,5479
0.138406366,5478
0.13841052,5477
0.13841465,5476
0.138418565,5475
0.138484209,5474
0.138488175,5473
0.138492654,5472
0.138502438,5471
0.138506175,5470
0.138510631,5469
0.138542657,5468
0.138559246,5467
0.13857955,5466
0.13860114,5465
0.138604184,5464
0.13860745,5463
0.138610931,5462
0.138614181,5461
0.138617488,5460
0.138621365,5459
0.138624875,5458
0.138628481,5457
0.138631735,5456
0.138635976,5455
0.138639861,5454
0.138643932,5453
0.138648622,5452
0.138652191,5451
0.138655874,5450
0.138659514,5449
0.138663156,5448
0.138666962,5447
0.138670778,5446
0.138674589,5445
0.138678116,5444
0.13868168,5443
0.138685451,5442
0.138689142,5441
0.138693064,5440
0.138696448,5439
0.138700155,5438
0.138704316,5437
0.138708106,5436
0.138711332,5435
0.138715055,5434
0.138718342,5433
0.138721948,5432
0.138725542,5431
0.138729461,5430
0.138732927,5429
0.138736582,5428
0.138740379,5427
0.138743994,5426
0.138747652,5425
0.138750995,5424
0.138754167,5423
0.13875809,5422
0.1387621,5421
0.138765977,5420
0.138769272,5419
0.138772499,5418
0.138775933,5417
0.138779494,5416
0.138783022,5415
0.138786936,5414
0.13879051,5413
0.138794195,5412
0.138797617,5411
0.138801332,5410
0.138874217,5409
0.138879706,5408
0.138884093,5407
0.138888638,5406
0.138894116,5405
0.138898239,5404
0.138902476,5403
0.138906287,5402
0.138910251,5401
0.138919059,5400
0.138924595,5399
0.138929526,5398
0.138934768,5397
0.138939659,5396
0.138943961,5395
0.13894787,5394
0.138952085,5393
0.138956985,5392
0.138961246,5391
0.138965543,5390
0.138969718,5389
0.138973872,5388
0.138977619,5387
0.138981747,5386
0.138985183,5385
0.138988891,5384
0.138992258,5383
0.138996193,5382
0.138999708,5381
0.139002834,5380
0.13900656,5379
0.139010088,5378
0.139019564,5377
0.139057219,5376
0.139061596,5375
0.139066143,5374
0.139070135,5373
0.139074376,5372
0.139081412,5371
0.139085788,5370
0.139091561,5369
0.139095623,5368
0.139098993,5367
0.139101912,5366
0.139105308,5365
0.139107993,5364
0.139110513,5363
0.139112683,5362
0.139115035,5361
0.139117359,5360
0.139119649,5359
0.139121695,5358
0.139124327,5357
0.139126563,5356
0.139128736,5355
0.139130963,5354
0.139133615,5353
0.13914171,5352
0.139145979,5351
0.139200948,5350
0.139238961,5349
0.139245055,5348
0.139278748,5347
0.13928406,5346
0.139331666,5345
0.13933668,5344
0.139341135,5343
0.139345454,5342
0.139349801,5341
0.13935374,5340
0.139357135,5339
0.139360653,5338
0.139364569,5337
0.139368223,5336
0.140576039,5335
0.140656552,5334
0.140663582,5333
0.140669525,5332
0.140674809,5331
0.140678203,5330
0.140681378,5329
0.1406843,5328
0.140687451,5327
0.140690597,5326
0.140693858,5325
0.140697248,5324
0.140700529,5323
0.140705428,5322
0.140709081,5321
0.140712647,5320
0.140716193,5319
0.140719722,5318
0.140722695,5317
0.140725438,5316
0.140728483,5315
0.140731113,5314
0.140734177,5313
0.140737426,5312
0.140740312,5311
0.140743149,5310
0.140746238,5309
0.140749997,5308
0.140752664,5307
0.140755427,5306
0.140758168,5305
0.140761099,5304
0.140764118,5303
0.140767637,5302
0.140770561,5301
0.140773614,5300
0.140776773,5299
0.140780003,5298
0.14078365,5297
0.140787325,5296
0.140791235,5295
0.140794919,5294
0.140798352,5293
0.140807078,5292
0.14081078,5291
0.140814471,5290
0.140821455,5289
0.140824445,5288
0.140827546,5287
0.140830768,5286
0.140833992,5285
0.140836721,5284
0.140840101,5283
0.140842755,5282
0.140845619,5281
0.140848115,5280
0.14085089,5279
0.140853722,5278
0.140856486,5277
0.140859216,5276
0.140861929,5275
0.140865987,5274
0.140869216,5273
0.140872458,5272
0.140875261,5271
0.14087826,5270
0.140881042,5269
0.140884013,5268
0.140886576,5267
0.14088909,5266
0.140891692,5265
0.140894326,5264
0.14089712,5263
0.140900246,5262
0.140904393,5261
0.140907252,5260
0.140910244,5259
0.140913044,5258
0.140915952,5257
0.140918631,5256
0.140921401,5255
0.140924001,5254
0.14092678,5253
0.140929627,5252
0.140932146,5251
0.140936087,5250
0.140939631,5249
0.140943251,5248
0.140946929,5247
0.140950197,5246
0.140953996,5245
0.140957221,5244
0.140960858,5243
0.140964763,5242
0.140968484,5241
0.140972093,5240
0.140975862,5239
0.140979176,5238
0.140982515,5237
0.140985978,5236
0.140989242,5235
0.140993043,5234
0.140996403,5233
0.140999752,5232
0.141002903,5231
0.141005858,5230
0.141009208,5229
0.141012533,5228
0.141015591,5227
0.141018912,5226
0.141021939,5225
0.141025241,5224
0.141028506,5223
0.141031682,5222
0.141034939,5221
0.141081595,5220
0.141085112,5219
0.141088531,5218
0.141092088,5217
0.1410954,5216
0.141098575,5215
0.141102057,5214
0.141105774,5213
0.141108947,5212
0.141112172,5211
0.141115436,5210
0.141118474,5209
0.141121938,5208
0.141125032,5207
0.141128455,5206
0.1411319,5205
0.141135032,5204
0.14113845,5203
0.141141958,5202
0.141145519,5201
0.141148799,5200
0.141152379,5199
0.141156047,5198
0.141159788,5197
0.141163234,5196
0.141166251,5195
0.141169623,5194
0.14117304,5193
0.141176388,5192
0.141179432,5191
0.141182726,5190
0.143248725,5189
0.143254831,5188
0.143260052,5187
0.143264402,5186
0.143270253,5185
0.143274286,5184
0.143278758,5183
0.143284431,5182
0.14328836,5181
0.14329273,5180
0.14329646,5179
0.143300219,5178
0.143304193,5177
0.143308303,5176
0.143312498,5175
0.143320565,5174
0.143326587,5173
0.14333034,5172
0.143333568,5171
0.143336748,5170
0.143341575,5169
0.143345574,5168
0.143348767,5167
0.143353108,5166
0.143357398,5165
0.143361604,5164
0.143365677,5163
0.143369237,5162
0.143373294,5161
0.143377214,5160
0.143380487,5159
0.143383456,5158
0.143387031,5157
0.143390291,5156
0.143393362,5155
0.14339645,5154
0.143399866,5153
0.143402875,5152
0.143405706,5151
0.143410363,5150
0.143413482,5149
0.143417344,5148
0.143420777,5147
0.143423768,5146
0.143427171,5145
0.143431774,5144
0.143435239,5143
0.143438554,5142
0.143441532,5141
0.143444634,5140
0.14348665,5139
0.143490889,5138
0.143495864,5137
0.143500539,5136
0.143504404,5135
0.143509294,5134
0.143513648,5133
0.143517973,5132
0.143521864,5131
0.14352606,5130
0.143530166,5129
0.143533877,5128
0.143539999,5127
0.143543879,5126
0.143548238,5125
0.143551716,5124
0.143555312,5123
0.143559119,5122
0.143565175,5121
0.143568676,5120
0.143571957,5119
0.143584482,5118
0.143588863,5117
0.143592404,5116
0.143595615,5115
0.143601405,5114
0.14360456,5113
0.143608088,5112
0.143611732,5111
0.143615007,5110
0.143619467,5109
0.143633818,5108
0.143651251,5107
0.143657341,5106
0.143662405,5105
0.143667122,5104
0.143672343,5103
0.143675803,5102
0.143678886,5101
0.14368269,5100
0.143685651,5099
0.143726553,5098
0.143729514,5097
0.143732515,5096
0.143737602,5095
0.143741674,5094
0.143746058,5093
0.143749938,5092
0.143753236,5091
0.143756717,5090
0.14376622,5089
0.143769489,5088
0.143773129,5087
0.143778288,5086
0.143781509,5085
0.1437848,5084
0.143792882,5083
0.143797004,5082
0.143800481,5081
0.143804401,5080
0.143809315,5079
0.143813978,5078
0.143818207,5077
0.143821328,5076
0.143824969,5075
0.143829538,5074
0.143833291,5073
0.143837155,5072
0.143840814,5071
0.143844965,5070
0.143848505,5069
0.143851969,5068
0.143856214,5067
0.143859795,5066
0.143862519,5065
0.143865609,5064
0.143868337,5063
0.143870673,5062
0.143874845,5061
0.143878507,5060
0.143882194,5059
0.143885879,5058
0.143889514,5057
0.143893196,5056
0.143897986,5055
0.143901641,5054
0.143905295,5053
0.143909421,5052
0.143914859,5051
0.143919431,5050
0.143923297,5049
0.143927334,5048
0.143931538,5047
0.143937799,5046
0.143941433,5045
0.143944927,5044
0.143948091,5043
0.143951531,5042
0.143955558,5041
0.143959111,5040
0.14396284,5039
0.143965787,5038
0.143968724,5037
0.143972256,5036
0.143975733,5035
0.143979812,5034
0.143983075,5033
0.143987245,5032
0.143990451,5031
0.143993766,5030
0.143997248,5029
0.144000247,5028
0.144018207,5027
0.14402478,5026
0.144028661,5025
0.144032217,5024
0.14403522,5023
0.144040713,5022
0.144045233,5021
0.144048147,5020
0.144051244,5019
0.144054436,5018
0.14405765,5017
0.144061185,5016
0.144064154,5015
0.144068327,5014
0.144071705,5013
0.144074818,5012
0.144078234,5011
0.144081924,5010
0.144085965,5009
0.144091909,5008
0.144095269,5007
0.144098844,5006
0.144102117,5005
0.144106484,5004
0.144109691,5003
0.144114543,5002
0.144117802,5001
0.144122302,5000
0.144126576,4999
0.144129888,4998
0.144132768,4997
0.144145182,4996
0.144152027,4995
0.144155312,4994
0.144158414,4993
0.144162095,4992
0.144165252,4991
0.14416828,4990
0.144173417,4989
0.144177094,4988
0.144182846,4987
0.144186125,4986
0.144190551,4985
0.14419389,4984
0.144197779,4983
0.144201681,4982
0.144205402,4981
0.144209622,4980
0.144213031,4979
0.144218326,4978
0.144221961,4977
0.144225655,4976
0.144230515,4975
0.144234459,4974
0.144238056,4973
0.144242102,4972
0.144246828,4971
0.144250335,4970
0.14425439,4969
0.1442582,4968
0.144261601,4967
0.144264927,4966
0.144271825,4965
0.144274718,4964
0.144277814,4963
0.144281012,4962
0.144283887,4961
0.144286857,4960
0.144290291,4959
0.144293662,4958
0.144297047,4957
0.144299944,4956
0.144303858,4955
0.144306927,4954
0.144310289,4953
0.144313106,4952
0.144316579,4951
0.144319614,4950
0.144348851,4949
0.144352957,4948
0.144359274,4947
0.144363817,4946
0.144368107,4945
0.144371861,4944
0.144376155,4943
0.144380595,4942
0.14438458,4941
0.144388607,4940
0.144392286,4939
0.144395938,4938
0.144400006,4937
0.144404042,4936
0.144408144,4935
0.144411979,4934
0.144415849,4933
0.144419133,4932
0.144422321,4931
0.14442582,4930
0.144429333,4929
0.14443293,4928
0.144436677,4927
0.144440028,4926
0.144447897,4925
0.14445206,4924
0.144457608,4923
0.144461484,4922
0.144467251,4921
0.14447155,4920
0.144475368,4919
0.144479495,4918
0.14448431,4917
0.144488751,4916
0.144494239,4915
0.144498625,4914
0.144502406,4913
0.144506159,4912
0.144509936,4911
0.144513659,4910
0.144517295,4909
0.144520643,4908
0.144523874,4907
0.144527636,4906
0.144530988,4905
0.144534664,4904
0.144538041,4903
0.144541414,4902
0.144544405,4901
0.144547898,4900
0.144551417,4899
0.144555171,4898
0.144558742,4897
0.144564297,4896
0.144570988,4895
0.144574272,4894
0.144580494,4893
0.144584055,4892
0.144588302,4891
0.144592148,4890
0.144607161,4889
0.144611909,4888
0.144616456,4887
0.144620341,4886
0.144624514,4885
0.144627953,4884
0.144630527,4883
0.144633289,4882
0.144635949,4881
0.144639202,4880
0.1446442,4879
0.144647729,4878
0.144651282,4877
0.144654823,4876
0.144658027,4875
0.144661124,4874
0.144664314,4873
0.144667171,4872
0.144670168,4871
0.144673115,4870
0.144688039,4869
0.144694402,4868
0.144698824,4867
0.144703037,4866
0.144707011,4865
0.144710504,4864
0.144714341,4863
0.144718953,4862
0.144722439,4861
0.144727226,4860
0.144730599,4859
0.144734873,4858
0.144739766,4857
0.144743309,4856
0.1447474,4855
0.144750372,4854
0.144753686,4853
0.144766381,4852
0.144769927,4851
0.144773251,4850
0.144776297,4849
0.144779727,4848
0.144785069,4847
0.144790076,4846
0.144796353,4845
0.144800981,4844
0.14480643,4843
0.144810467,4842
0.144814823,4841
0.144829319,4840
0.144835427,4839
0.144844528,4838
0.144865176,4837
0.144870497,4836
0.144896766,4835
0.144903651,4834
0.144913003,4833
0.145044234,4832
0.145057782,4831
0.145067894,4830
0.145119824,4829
0.145124503,4828
0.145131175,4827
0.145135144,4826
0.145139282,4825
0.145143157,4824
0.145146797,4823
0.145150422,4822
0.145153779,4821
0.145156879,4820
0.145160467,4819
0.145164746,4818
0.145167714,4817
0.145171648,4816
0.145175532,4815
0.145179012,4814
0.145182073,4813
0.145185346,4812
0.14518823,4811
0.145198113,4810
0.145202293,4809
0.145207592,4808
0.145211368,4807
0.145216821,4806
0.14522161,4805
0.145225347,4804
0.145229189,4803
0.145232962,4802
0.145237059,4801
0.145240506,4800
0.145244162,4799
0.145247921,4798
0.145253597,4797
0.145257457,4796
0.145261202,4795
0.14526514,4794
0.145269966,4793
0.145274187,4792
0.145277746,4791
0.145284327,4790
0.145289993,4789
0.145294418,4788
0.145298851,4787
0.145302879,4786
0.145307427,4785
0.145311902,4784
0.145317346,4783
0.145323038,4782
0.145327619,4781
0.14533122,4780
0.145335405,4779
0.145339681,4778
0.145343661,4777
0.145347266,4776
0.145350715,4775
0.145354446,4774
0.145358208,4773
0.145361928,4772
0.145365243,4771
0.145368767,4770
0.14537404,4769
0.145377933,4768
0.145381405,4767
0.145386019,4766
0.1453904,4765
0.145395274,4764
0.145399044,4763
0.145402523,4762
0.145405903,4761
0.145410186,4760
0.145412913,4759
0.14541574,4758
0.145418756,4757
0.145422292,4756
0.145425041,4755
0.145429451,4754
0.145439444,4753
0.145443644,4752
0.145455707,4751
0.145459944,4750
0.14546401,4749
0.145468874,4748
0.145472097,4747
0.145477858,4746
0.14548222,4745
0.145487637,4744
0.145497299,4743
0.145501755,4742
0.145505675,4741
0.145509493,4740
0.145512518,4739
0.145518155,4738
0.145521742,4737
0.145525583,4736
0.145529709,4735
0.145572364,4734
0.145578363,4733
0.145582501,4732
0.14559614,4731
0.145603072,4730
0.145609363,4729
0.145613389,4728
0.145618718,4727
0.145623172,4726
0.145626359,4725
0.145630329,4724
0.145633517,4723
0.145644431,4722
0.145649198,4721
0.145653642,4720
0.145657888,4719
0.145662052,4718
0.145666444,4717
0.145670501,4716
0.145674997,4715
0.145678522,4714
0.145682584,4713
0.145686161,4712
0.145689981,4711
0.145693899,4710
0.145698022,4709
0.14570305,4708
0.145715204,4707
0.145718398,4706
0.145721437,4705
0.145724998,4704
0.145730224,4703
0.145733398,4702
0.145736388,4701
0.145740457,4700
0.145747396,4699
0.145751166,4698
0.145754906,4697
0.145758892,4696
0.145762205,4695
0.14576579,4694
0.145769347,4693
0.145774774,4692
0.14577834,4691
0.145782109,4690
0.145785804,4689
0.145789356,4688
0.145793377,4687
0.145797647,4686
0.145800846,4685
0.145804056,4684
0.145808442,4683
0.145813913,4682
0.14581768,4681
0.145822807,4680
0.145828776,4679
0.145833292,4678
0.145845832,4677
0.145849952,4676
0.145853383,4675
0.145857043,4674
0.14586162,4673
0.145865157,4672
0.145868719,4671
0.145872606,4670
0.145876595,4669
0.145880117,4668
0.145884002,4667
0.145887636,4666
0.145891283,4665
0.145895912,4664
0.145899554,4663
0.145903612,4662
0.145907532,4661
0.14592278,4660
0.145929482,4659
0.145942909,4658
0.14594654,4657
0.145950582,4656
0.145954098,4655
0.145958039,4654
0.145961708,4653
0.145968603,4652
0.145978834,4651
0.14598262,4650
0.145987077,4649
0.145992752,4648
0.145996734,4647
0.146000181,4646
0.146015798,4645
0.146020426,4644
0.146023721,4643
0.1460281,4642
0.146031097,4641
0.146035217,4640
0.146039774,4639
0.14604334,4638
0.146049401,4637
0.146052756,4636
0.146056428,4635
0.146060383,4634
0.14606427,4633
0.146067813,4632
0.146072219,4631
0.146075984,4630
0.146081072,4629
0.146084944,4628
0.1460885,4627
0.14609157,4626
0.146096047,4625
0.146100846,4624
0.14610475,4623
0.146108587,4622
0.146111889,4621
0.146115575,4620
0.146120785,4619
0.146123771,4618
0.146126486,4617
0.146130299,4616
0.146134358,4615
0.146138461,4614
0.14614197,4613
0.146145884,4612
0.14615787,4611
0.146161308,4610
0.146164665,4609
0.14616939,4608
0.146174381,4607
0.146179117,4606
0.146184801,4605
0.146189155,4604
0.146192681,4603
0.146200434,4602
0.146204268,4601
0.146208352,4600
0.146212585,4599
0.146217384,4598
0.146221077,4597
0.146224946,4596
0.146239952,4595
0.146245392,4594
0.146260143,4593
0.146283223,4592
0.146310461,4591
0.14631354,4590
0.146316756,4589
0.14632589,4588
0.146330156,4587
0.146343805,4586
0.146347004,4585
0.146350164,4584
0.146353056,4583
0.146355927,4582
0.146360048,4581
0.14636289,4580
0.146365421,4579
0.146370137,4578
0.146373266,4577
0.146376432,4576
0.146379092,4575
0.146383072,4574
0.146386265,4573
0.146391262,4572
0.146395206,4571
0.146398021,4570
0.146402135,4569
0.146410665,4568
0.146413401,4567
0.146416735,4566
0.14641905,4565
0.146422,4564
0.14642459,4563
0.14642813,4562
0.14643059,4561
0.146434334,4560
0.146438091,4559
0.146442576,4558
0.146446638,4557
0.146450578,4556
0.146454377,4555
0.146457173,4554
0.14645985,4553
0.146462485,4552
0.146468022,4551
0.146472243,4550
0.146477135,4549
0.146480022,4548
0.1464843,4547
0.146487777,4546
0.146490425,4545
0.146494349,4544
0.14649788,4543
0.146500831,4542
0.146504341,4541
0.146507575,4540
0.146510527,4539
0.146513423,4538
0.146516081,4537
0.1465203,4536
0.146522839,4535
0.146525381,4534
0.14652775,4533
0.146531381,4532
0.146535085,4531
0.146538609,4530
0.14654168,4529
0.146544495,4528
0.146547401,4527
0.146551149,4526
0.14655446,4525
0.146556991,4524
0.146559415,4523
0.146562652,4522
0.146566279,4521
0.146569125,4520
0.1465721,4519
0.146574569,4518
0.146577048,4517
0.146580227,4516
0.14658449,4515
0.146587423,4514
0.146590284,4513
0.146592677,4512
0.146594965,4511
0.146597559,4510
0.146600507,4509
0.146603108,4508
0.146606005,4507
0.146609804,4506
0.146613446,4505
0.146615757,4504
0.146619133,4503
0.146622104,4502
0.146626147,4501
0.146630295,4500
0.146633438,4499
0.146636049,4498
0.146638887,4497
0.146642538,4496
0.146646209,4495
0.146649292,4494
0.146652365,4493
0.146655183,4492
0.146657896,4491
0.146660972,4490
0.146663407,4489
0.14666599,4488
0.146668519,4487
0.146672444,4486
0.14667557,4485
0.146680078,4484
0.146683077,4483
0.14668611,4482
0.146688692,4481
0.146691935,4480
0.146696726,4479
0.146699971,4478
0.146702858,4477
0.146706538,4476
0.146709498,4475
0.146712503,4474
0.146715648,4473
0.146718753,4472
0.14672143,4471
0.146724345,4470
0.146729005,4469
0.146732117,4468
0.146735237,4467
0.146740588,4466
0.146750032,4465
0.146754354,4464
0.14675745,4463
0.146760325,4462
0.14676292,4461
0.14676556,4460
0.146768089,4459
0.14677034,4458
0.146772826,4457
0.146775932,4456
0.146779698,4455
0.146782848,4454
0.146785703,4453
0.146788309,4452
0.146790867,4451
0.146797425,4450
0.146800751,4449
0.146804542,4448
0.146807899,4447
0.146810445,4446
0.14681359,4445
0.146816836,4444
0.146821057,4443
0.146824011,4442
0.146826796,4441
0.146830676,4440
0.146834423,4439
0.146836889,4438
0.146839934,4437
0.146844898,4436
0.146848008,4435
0.146852723,4434
0.146855832,4433
0.146858613,4432
0.146861474,4431
0.146865438,4430
0.146868258,4429
0.146872657,4428
0.146876061,4427
0.146879091,4426
0.146881721,4425
0.146884925,4424
0.14688794,4423
0.146891189,4422
0.146893989,4421
0.146897192,4420
0.146899849,4419
0.146902521,4418
0.146906485,4417
0.146912067,4416
0.146915021,4415
0.146918101,4414
0.146921266,4413
0.146924519,4412
0.146927555,4411
0.14693105,4410
0.14693411,4409
0.146937166,4408
0.146939966,4407
0.146943421,4406
0.146947155,4405
0.146949994,4404
0.146954114,4403
0.146957789,4402
0.14696182,4401
0.146965559,4400
0.146970183,4399
0.146974544,4398
0.146978668,4397
0.146982715,4396
0.146988221,4395
0.146991666,4394
0.146995113,4393
0.146998982,4392
0.147002705,4391
0.147006306,4390
0.147009939,4389
0.14701311,4388
0.14701674,4387
0.147019728,4386
0.147022847,4385
0.147026469,4384
0.147030705,4383
0.14703493,4382
0.147039751,4381
0.147042882,4380
0.147046527,4379
0.147049815,4378
0.147054721,4377
0.147058152,4376
0.147062081,4375
0.147066052,4374
0.147070041,4373
0.147073041,4372
0.147075795,4371
0.147078457,4370
0.147080894,4369
0.147083734,4368
0.147086656,4367
0.147089051,4366
0.14709161,4365
0.147094107,4364
0.147096435,4363
0.147099542,4362
0.147102107,4361
0.147105706,4360
0.14710864,4359
0.14711204,4358
0.147115061,4357
0.147117961,4356
0.147122586,4355
0.147125145,4354
0.147127815,4353
0.147132371,4352
0.14713545,4351
0.147139481,4350
0.147142347,4349
0.147145169,4348
0.147147694,4347
0.147150685,4346
0.147153971,4345
0.147158649,4344
0.147162086,4343
0.147165552,4342
0.147168288,4341
0.147171911,4340
0.147174237,4339
0.147176732,4338
0.147180932,4337
0.147184343,4336
0.14718707,4335
0.14718991,4334
0.147193569,4333
0.147196829,4332
0.147200303,4331
0.14721111,4330
0.147214185,4329
0.147217399,4328
0.147220524,4327
0.147223551,4326
0.147226987,4325
0.147240359,4324
0.147244281,4323
0.147248098,4322
0.147251796,4321
0.147255996,4320
0.147262015,4319
0.147267498,4318
0.147270997,4317
0.147274597,4316
0.147278107,4315
0.147281228,4314
0.147284847,4313
0.147289998,4312
0.147293231,4311
0.147297095,4310
0.14730033,4309
0.147303661,4308
0.147307103,4307
0.147310326,4306
0.147313731,4305
0.147317259,4304
0.147320457,4303
0.147325146,4302
0.147329012,4301
0.147332176,4300
0.147335582,4299
0.147340189,4298
0.147343433,4297
0.147346776,4296
0.147349878,4295
0.147352907,4294
0.147356974,4293
0.147361488,4292
0.147364874,4291
0.14736927,4290
0.147372882,4289
0.147375968,4288
0.147380509,4287
0.1473875,4286
0.147391072,4285
0.147396788,4284
0.147401499,4283
0.147405445,4282
0.147410269,4281
0.147413484,4280
0.147417583,4279
0.147421464,4278
0.147425617,4277
0.147429702,4276
0.147434063,4275
0.147437099,4274
0.147441645,4273
0.147444811,4272
0.147450652,4271
0.147455184,4270
0.147458578,4269
0.147462666,4268
0.147466942,4267
0.147469971,4266
0.147472839,4265
0.147475442,4264
0.147480742,4263
0.147484291,4262
0.147490548,4261
0.147496037,4260
0.147499932,4259
0.14750376,4258
0.147508248,4257
0.147511737,4256
0.147516597,4255
0.147519576,4254
0.147523246,4253
0.147527493,4252
0.147535963,4251
0.147540206,4250
0.14755674,4249
0.147562098,4248
0.147565514,4247
0.147569219,4246
0.147573078,4245
0.147578244,4244
0.147583033,4243
0.147587058,4242
0.147590557,4241
0.147594048,4240
0.147599823,4239
0.147603158,4238
0.147609128,4237
0.147613149,4236
0.147616847,4235
0.147621231,4234
0.147625105,4233
0.147628856,4232
0.147632093,4231
0.147635294,4230
0.147638594,4229
0.147642389,4228
0.147646115,4227
0.147649302,4226
0.147653459,4225
0.147663389,4224
0.147668137,4223
0.147675057,4222
0.147678819,4221
0.147682064,4220
0.147688551,4219
0.147692999,4218
0.147698173,4217
0.14770156,4216
0.147704981,4215
0.147707993,4214
0.147711223,4213
0.147714747,4212
0.147720266,4211
0.147723917,4210
0.147729285,4209
0.147733597,4208
0.147737112,4207
0.14774124,4206
0.147744155,4205
0.147747373,4204
0.147755383,4203
0.147758821,4202
0.147761774,4201
0.14776618,4200
0.147769534,4199
0.147778378,4198
0.147781929,4197
0.147786989,4196
0.147790142,4195
0.147793982,4194
0.147798001,4193
0.147801735,4192
0.14780511,4191
0.147810958,4190
0.147816682,4189
0.147820198,4188
0.1478233,4187
0.147827959,4186
0.147831711,4185
0.147835747,4184
0.147844882,4183
0.147848285,4182
0.1478518,4181
0.147855301,4180
0.14786066,4179
0.147864232,4178
0.147867265,4177
0.147870338,4176
0.147910377,4175
0.147914174,4174
0.147918029,4173
0.147921666,4172
0.147926535,4171
0.147930875,4170
0.147934617,4169
0.147938669,4168
0.147942569,4167
0.147946829,4166
0.147950946,4165
0.147955377,4164
0.147959701,4163
0.147964031,4162
0.147971481,4161
0.147982832,4160
0.1479887,4159
0.147999919,4158
0.148004724,4157
0.148008219,4156
0.148011453,4155
0.148016066,4154
0.148019139,4153
0.14802222,4152
0.148025429,4151
0.148028615,4150
0.148032471,4149
0.148035953,4148
0.148040162,4147
0.148043444,4146
0.148047816,4145
0.148050976,4144
0.148055045,4143
0.148059647,4142
0.148064495,4141
0.148069032,4140
0.148074131,4139
0.14807784,4138
0.14808323,4137
0.14808701,4136
0.148091172,4135
0.148095372,4134
0.14809986,4133
0.148136591,4132
0.148140929,4131
0.148145327,4130
0.148150733,4129
0.148154821,4128
0.148159022,4127
0.148163145,4126
0.14816712,4125
0.148171023,4124
0.148173966,4123
0.148176611,4122
0.148179452,4121
0.148182364,4120
0.148185248,4119
0.148188421,4118
0.148190773,4117
0.14819426,4116
0.148197536,4115
0.14820335,4114
0.148206715,4113
0.148210762,4112
0.148214005,4111
0.148228824,4110
0.148235453,4109
0.148239563,4108
0.148243572,4107
0.14825714,4106
0.14881577,4105
0.148828824,4104
0.148834801,4103
0.148841904,4102
0.14884626,4101
0.148850068,4100
0.14885389,4099
0.148858033,4098
0.148862047,4097
0.148865839,4096
0.148869602,4095
0.148873071,4094
0.148876528,4093
0.148883104,4092
0.148886583,4091
0.148891609,4090
0.148895484,4089
0.148900887,4088
0.148904697,4087
0.148908282,4086
0.148912583,4085
0.148945953,4084
0.148949538,4083
0.148953244,4082
0.148956566,4081
0.148960145,4080
0.148965271,4079
0.148971943,4078
0.148975968,4077
0.148979125,4076
0.148982571,4075
0.148985838,4074
0.148988994,4073
0.148993544,4072
0.149046432,4071
0.149061733,4070
0.149065218,4069
0.149070028,4068
0.149106889,4067
0.149114228,4066
0.149119451,4065
0.149124419,4064
0.149159999,4063
0.149267214,4062
0.149295917,4061
0.149301194,4060
0.149308234,4059
0.14931208,4058
0.149315262,4057
0.149318533,4056
0.149322479,4055
0.149325998,4054
0.149335419,4053
0.14933859,4052
0.149342135,4051
0.149346325,4050
0.149349393,4049
0.149352504,4048
0.149355523,4047
0.149358964,4046
0.149361858,4045
0.149365126,4044
0.149368569,4043
0.149373764,4042
0.14937723,4041
0.149380618,4040
0.149384787,4039
0.149388826,4038
0.149392738,4037
0.149399462,4036
0.14943935,4035
0.149443904,4034
0.149448407,4033
0.149452225,4032
0.149456003,4031
0.149459564,4030
0.149465396,4029
0.149468632,4028
0.149481954,4027
0.149486067,4026
0.149489175,4025
0.149492216,4024
0.149496732,4023
0.149499911,4022
0.149503316,4021
0.149509683,4020
0.149512851,4019
0.149515972,4018
0.149519044,4017
0.149522719,4016
0.149527519,4015
0.149530542,4014
0.149534202,4013
0.149538625,4012
0.149542018,4011
0.149546858,4010
0.149549876,4009
0.149553098,4008
0.149558098,4007
0.149561391,4006
0.149565955,4005
0.149568994,4004
0.149574607,4003
0.149579621,4002
0.149583178,4001
0.149586562,4000
0.149591089,3999
0.149594484,3998
0.149597606,3997
0.149600766,3996
0.149604101,3995
0.149608741,3994
0.149612977,3993
0.1496173,3992
0.149621194,3991
0.149658998,3990
0.149663447,3989
0.149667307,3988
0.149671949,3987
0.149677842,3986
0.149683784,3985
0.149687105,3984
0.149690578,3983
0.149694031,3982
0.149697703,3981
0.149702768,3980
0.149706717,3979
0.149711003,3978
0.149715162,3977
0.149718941,3976
0.149722772,3975
0.149727424,3974
0.149732693,3973
0.149797584,3972
0.149803827,3971
0.149807063,3970
0.149813475,3969
0.149816982,3968
0.149824567,3967
0.149828242,3966
0.149831284,3965
0.149834334,3964
0.149837849,3963
0.149842671,3962
0.149846323,3961
0.149850213,3960
0.149854246,3959
0.149859717,3958
0.149865737,3957
0.149871315,3956
0.149889415,3955
0.149893586,3954
0.149897596,3953
0.149901011,3952
0.149904492,3951
0.149908083,3950
0.149910969,3949
0.149916057,3948
0.149920549,3947
0.149924214,3946
0.149928611,3945
0.149933391,3944
0.149937039,3943
0.149940715,3942
0.149948669,3941
0.149952183,3940
0.149956307,3939
0.149962783,3938
0.149966256,3937
0.149970181,3936
0.149974646,3935
0.149978328,3934
0.1499819,3933
0.149985391,3932
0.14999198,3931
0.149996195,3930
0.14999967,3929
0.150002496,3928
0.150005654,3927
0.150009204,3926
0.150014051,3925
0.150017378,3924
0.150052057,3923
0.150055939,3922
0.15005999,3921
0.150063479,3920
0.150067399,3919
0.150070773,3918
0.150102737,3917
0.15010641,3916
0.150110008,3915
0.150113483,3914
0.150118673,3913
0.150123559,3912
0.150128366,3911
0.150132312,3910
0.150138453,3909
0.150142983,3908
0.150147155,3907
0.150152655,3906
0.150157227,3905
0.150161133,3904
0.150164905,3903
0.150168504,3902
0.150172155,3901
0.150175476,3900
0.15018395,3899
0.150189215,3898
0.150194616,3897
0.15019778,3896
0.150203466,3895
0.150209865,3894
0.150213258,3893
0.150217636,3892
0.150222193,3891
0.150225891,3890
0.150228809,3889
0.150232034,3888
0.150236407,3887
0.150240283,3886
0.150245274,3885
0.150249208,3884
0.15025235,3883
0.150257857,3882
0.150265482,3881
0.150269411,3880
0.150272535,3879
0.150278952,3878
0.150282198,3877
0.150286897,3876
0.150290037,3875
0.150293535,3874
0.150297377,3873
0.15030153,3872
0.150307261,3871
0.150310534,3870
0.150313757,3869
0.150317598,3868
0.150326569,3867
0.150329957,3866
0.150334773,3865
0.150342193,3864
0.150345722,3863
0.150350296,3862
0.150353944,3861
0.150357472,3860
0.150390328,3859
0.15042305,3858
0.150447482,3857
0.1504513,3856
0.15045466,3855
0.150459446,3854
0.150463799,3853
0.150467028,3852
0.150470146,3851
0.150473203,3850
0.150476261,3849
0.150480052,3848
0.150486726,3847
0.150490232,3846
0.150493791,3845
0.150498222,3844
0.150501461,3843
0.150513571,3842
0.150519028,3841
0.150524424,3840
0.150529974,3839
0.150533497,3838
0.150536365,3837
0.150539736,3836
0.150543547,3835
0.150547074,3834
0.150550503,3833
0.150553712,3832
0.150556882,3831
0.152028099,3830
0.152034515,3829
0.152113916,3828
0.152124773,3827
0.152128869,3826
0.152132831,3825
0.152140631,3824
0.152147585,3823
0.152151261,3822
0.152157367,3821
0.152161826,3820
0.152167717,3819
0.152177103,3818
0.152185397,3817
0.152189737,3816
0.152193599,3815
0.152198644,3814
0.152203376,3813
0.152207191,3812
0.152220423,3811
0.152224341,3810
0.152230792,3809
0.152237579,3808
0.152242101,3807
0.152255327,3806
0.152267282,3805
0.152270942,3804
0.152275861,3803
0.152283509,3802
0.152301363,3801
0.152307879,3800
0.152311442,3799
0.152315009,3798
0.152321087,3797
0.152327349,3796
0.152333286,3795
0.15233785,3794
0.152341523,3793
0.152348202,3792
0.152363643,3791
0.152371381,3790
0.152376164,3789
0.152380109,3788
0.15239418,3787
0.152400934,3786
0.152404349,3785
0.152407562,3784
0.152412955,3783
0.152418793,3782
0.152431318,3781
0.152436755,3780
0.152440489,3779
0.152445301,3778
0.152448628,3777
0.152454108,3776
0.15245745,3775
0.152460641,3774
0.15246398,3773
0.152469058,3772
0.152475458,3771
0.152478778,3770
0.152481638,3769
0.152492239,3768
0.152495512,3767
0.152500869,3766
0.152503793,3765
0.152509031,3764
0.152517042,3763
0.152521019,3762
0.152525344,3761
0.152531011,3760
0.152535238,3759
0.152538056,3758
0.152546182,3757
0.152551975,3756
0.152557165,3755
0.152562777,3754
0.152572129,3753
0.152578474,3752
0.152582858,3751
0.152596944,3750
0.152600152,3749
0.152603173,3748
0.152606751,3747
0.152622148,3746
0.152625065,3745
0.152628263,3744
0.152635025,3743
0.152640626,3742
0.152646637,3741
0.152652691,3740
0.152668136,3739
0.15267138,3738
0.152675456,3737
0.152682106,3736
0.152688454,3735
0.152706749,3734
0.152710434,3733
0.152715185,3732
0.152721363,3731
0.152735097,3730
0.152741538,3729
0.15274577,3728
0.152749719,3727
0.152755789,3726
0.152759736,3725
0.152763332,3724
0.152777912,3723
0.152780877,3722
0.15278414,3721
0.152795287,3720
0.152800322,3719
0.152819669,3718
0.152823068,3717
0.152828577,3716
0.152838563,3715
0.15284213,3714
0.1528467,3713
0.152851792,3712
0.152855264,3711
0.152861172,3710
0.152864702,3709
0.152868337,3708
0.152871716,3707
0.152881638,3706
0.152889521,3705
0.152893284,3704
0.152904006,3703
0.152907521,3702
0.152910983,3701
0.152914761,3700
0.152918655,3699
0.152923729,3698
0.152928969,3697
0.152934193,3696
0.152939044,3695
0.15294482,3694
0.152948572,3693
0.152953798,3692
0.152960302,3691
0.152965408,3690
0.152976562,3689
0.15298244,3688
0.152988748,3687
0.152992003,3686
0.152995108,3685
0.153000714,3684
0.153003261,3683
0.153009806,3682
0.153016519,3681
0.153020967,3680
0.153025899,3679
0.153028579,3678
0.153032024,3677
0.153035161,3676
0.153038653,3675
0.153045466,3674
0.153050774,3673
0.153055132,3672
0.153057617,3671
0.153059658,3670
0.153068339,3669
0.153072088,3668
0.153075162,3667
0.153128935,3666
0.153132422,3665
0.153168722,3664
0.153174993,3663
0.153180014,3662
0.153183512,3661
0.153188185,3660
0.153192292,3659
0.15319646,3658
0.153200678,3657
0.153206302,3656
0.153211833,3655
0.153215318,3654
0.15322032,3653
0.153224917,3652
0.153228351,3651
0.153235029,3650
0.153246205,3649
0.153250733,3648
0.153255607,3647
0.153262135,3646
0.153266449,3645
0.153272261,3644
0.153277822,3643
0.153282365,3642
0.153288357,3641
0.153292309,3640
0.153296236,3639
0.153300124,3638
0.153304228,3637
0.153308494,3636
0.153312854,3635
0.153319054,3634
0.15332406,3633
0.153328618,3632
0.153331487,3631
0.153337782,3630
0.153341733,3629
0.153356457,3628
0.153362808,3627
0.153370237,3626
0.153373839,3625
0.153378599,3624
0.153381417,3623
0.153384024,3622
0.153387704,3621
0.153390407,3620
0.153393242,3619
0.153398345,3618
0.15340143,3617
0.153406454,3616
0.15340922,3615
0.153419255,3614
0.153425388,3613
0.153436926,3612
0.153440001,3611
0.153444381,3610
0.153453062,3609
0.153456506,3608
0.153462443,3607
0.15347047,3606
0.153474172,3605
0.153477579,3604
0.153482454,3603
0.153488402,3602
0.153495366,3601
0.153499176,3600
0.15350203,3599
0.15350592,3598
0.15351231,3597
0.153520015,3596
0.153523357,3595
0.153526398,3594
0.153529564,3593
0.153536212,3592
0.153569785,3591
0.153586586,3590
0.153596379,3589
0.153599371,3588
0.153602851,3587
0.153610175,3586
0.15361356,3585
0.153617318,3584
0.153620458,3583
0.153623597,3582
0.153626467,3581
0.153640252,3580
0.153646314,3579
0.15365003,3578
0.153652775,3577
0.153655168,3576
0.153659124,3575
0.15366214,3574
0.153665269,3573
0.153671289,3572
0.153676424,3571
0.153685065,3570
0.153690053,3569
0.153693199,3568
0.153699326,3567
0.153705556,3566
0.153709149,3565
0.153717472,3564
0.153722272,3563
0.15372547,3562
0.153728576,3561
0.153733025,3560
0.153736098,3559
0.153740573,3558
0.153745832,3557
0.15375017,3556
0.153754468,3555
0.153766293,3554
0.153774321,3553
0.153784192,3552
0.153788602,3551
0.15379744,3550
0.153802886,3549
0.153807704,3548
0.153811108,3547
0.153816124,3546
0.153819845,3545
0.153833245,3544
0.153836202,3543
0.153841274,3542
0.153845849,3541
0.15385016,3540
0.153853599,3539
0.153858247,3538
0.153865215,3537
0.153869002,3536
0.153873754,3535
0.153879723,3534
0.153883518,3533
0.153888043,3532
0.153893358,3531
0.153899287,3530
0.15390417,3529
0.153910413,3528
0.153915187,3527
0.153918653,3526
0.153921594,3525
0.15393037,3524
0.153936885,3523
0.153940387,3522
0.153956885,3521
0.153972019,3520
0.153979467,3519
0.153985517,3518
0.15399236,3517
0.153996892,3516
0.154001133,3515
0.154017731,3514
0.154021248,3513
0.154033194,3512
0.154036471,3511
0.154040684,3510
0.154057405,3509
0.154066355,3508
0.154101574,3507
0.15410588,3506
0.155170341,3505
0.155177107,3504
0.155189118,3503
0.155844576,3502
0.155855111,3501
0.155862586,3500
0.155866659,3499
0.155870783,3498
0.155929755,3497
0.155969118,3496
0.155980854,3495
0.155991094,3494
0.155999237,3493
0.15601171,3492
0.156019685,3491
0.156031659,3490
0.156037348,3489
0.156070519,3488
0.156109555,3487
0.156116261,3486
0.156124758,3485
0.156129712,3484
0.156146212,3483
0.156156896,3482
0.156164025,3481
0.156176947,3480
0.15618144,3479
0.156184555,3478
0.156190013,3477
0.156196292,3476
0.156203325,3475
0.15621283,3474
0.156236646,3473
0.156246287,3472
0.156250122,3471
0.156260319,3470
0.156263085,3469
0.156266932,3468
0.156271369,3467
0.156275417,3466
0.156280227,3465
0.156283436,3464
0.156299951,3463
0.156306649,3462
0.156314995,3461
0.156322596,3460
0.156325489,3459
0.15632923,3458
0.156334102,3457
0.156337668,3456
0.15634063,3455
0.156349667,3454
0.156356222,3453
0.15636684,3452
0.156374835,3451
0.156386933,3450
0.156394834,3449
0.156401121,3448
0.156407681,3447
0.156414641,3446
0.156418432,3445
0.156423914,3444
0.156433716,3443
0.156437623,3442
0.156442734,3441
0.156492189,3440
0.156498322,3439
0.156511194,3438
0.156530387,3437
0.156535491,3436
0.156544417,3435
0.156548054,3434
0.156555281,3433
0.156558738,3432
0.156578838,3431
0.156588466,3430
0.156596675,3429
0.156606734,3428
0.156610631,3427
0.156629076,3426
0.156638602,3425
0.156641286,3424
0.156645235,3423
0.156650536,3422
0.156659823,3421
0.156664522,3420
0.1566707,3419
0.156680469,3418
0.156683139,3417
0.156686635,3416
0.156690481,3415
0.156726614,3414
0.156734021,3413
0.156737116,3412
0.156740417,3411
0.156751725,3410
0.156759526,3409
0.15676992,3408
0.156775262,3407
0.156781703,3406
0.156785316,3405
0.15679461,3404
0.156809211,3403
0.15681241,3402
0.156818634,3401
0.156821639,3400
0.15682803,3399
0.156876574,3398
0.156884775,3397
0.156888599,3396
0.156894553,3395
0.156901505,3394
0.156913563,3393
0.156930499,3392
0.156939951,3391
0.157373285,3390
0.157383986,3389
0.15738783,3388
0.157424819,3387
0.15746345,3386
0.157477368,3385
0.157523351,3384
0.157661126,3383
0.157726443,3382
0.15774382,3381
0.157779575,3380
0.157788464,3379
0.157792699,3378
0.157823248,3377
0.15783062,3376
0.157835401,3375
0.15784099,3374
0.157844323,3373
0.157848728,3372
0.157852058,3371
0.157891171,3370
0.157898758,3369
0.157944759,3368
0.157952164,3367
0.157960748,3366
0.157970041,3365
0.157990705,3364
0.157999839,3363
0.158012074,3362
0.158017391,3361
0.158026025,3360
0.158029823,3359
0.158034147,3358
0.158043075,3357
0.158055879,3356
0.158060355,3355
0.15842161,3354
0.158443338,3353
0.15846349,3352
0.158506875,3351
0.158514561,3350
0.158525035,3349
0.158593026,3348
0.158606328,3347
0.158632327,3346
0.158677963,3345
0.158703954,3344
0.158745398,3343
0.159084916,3342
0.159146047,3341
0.159155416,3340
0.15916656,3339
0.159170614,3338
0.159183342,3337
0.159216352,3336
0.159231154,3335
0.159236002,3334
0.159253019,3333
0.159266019,3332
0.159475764,3331
0.159503286,3330
0.15957061,3329
0.159609118,3328
0.159615211,3327
0.159634533,3326
0.159798614,3325
0.159871196,3324
0.160180308,3323
0.160188359,3322
0.160395063,3321
0.16056286,3320
0.160864397,3319
0.160869401,3318
0.160982898,3317
0.161385988,3316
0.16139208,3315
0.161462604,3314
0.161653765,3313
0.304636584,3312
0.389734553,3311
0.672452437,3310
0.797302361,3309
1.158413465,3308
1.231964063,3307
1.317630774,3306
1.666674855,3305
1.829487003,3304
2.232048415,3303
