0.199380848,6061
0.199506792,6060
0.199777007,6059
0.1998387,6058
0.199955909,6057
0.200146011,6056
0.20019793,6055
0.200212911,6054
0.200223563,6053
0.200235532,6052
0.20024572,6051
0.200256266,6050
0.200268739,6049
0.20029221,6048
0.200323446,6047
0.200438689,6046
0.200454554,6045
0.200472195,6044
0.200490795,6043
0.200506681,6042
0.200564681,6041
0.200585782,6040
0.20060522,6039
0.200616886,6038
0.200629384,6037
0.200641034,6036
0.200652648,6035
0.200662906,6034
0.200679049,6033
0.200720487,6032
0.200730271,6031
0.200750415,6030
0.200762025,6029
0.200794008,6028
0.200811449,6027
0.200830457,6026
0.200863818,6025
0.200879952,6024
0.200919577,6023
0.200929154,6022
0.200965562,6021
0.201002557,6020
0.201080907,6019
0.202867594,6018
0.202882765,6017
0.202892281,6016
0.20290183,6015
0.202934438,6014
0.202958445,6013
0.202968752,6012
0.202978395,6011
0.202990386,6010
0.203008897,6009
0.203025319,6008
0.203073502,6007
0.203109287,6006
0.203144388,6005
0.203154137,6004
0.20320577,6003
0.203214245,6002
0.20324882,6001
0.203316685,6000
0.203353315,5999
0.203361908,5998
0.203371356,5997
0.203379526,5996
0.20338927,5995
0.203399987,5994
0.203411423,5993
0.203434699,5992
0.203452829,5991
0.203460681,5990
0.203469755,5989
0.203479566,5988
0.203488072,5987
0.203495152,5986
0.203502933,5985
0.206408355,5984
0.206420444,5983
0.206434372,5982
0.206441883,5981
0.206448708,5980
0.206455864,5979
0.206464825,5978
0.206471936,5977
0.207107162,5976
0.207121926,5975
0.207130068,5974
0.207137825,5973
0.207150427,5972
0.20719108,5971
0.207198156,5970
0.207246996,5969
0.207282731,5968
0.207313992,5967
0.207321479,5966
0.207346661,5965
0.207360428,5964
0.207367764,5963
0.207373732,5962
0.207379287,5961
0.207385551,5960
0.207391912,5959
0.207398531,5958
0.207405676,5957
0.207412625,5956
0.207444737,5955
0.207454165,5954
0.207460777,5953
0.207466473,5952
0.20747239,5951
0.207478329,5950
0.207490668,5949
0.207496592,5948
0.207502993,5947
0.207511026,5946
0.207517168,5945
0.20752282,5944
0.207532241,5943
0.207546259,5942
0.207593495,5941
0.207600884,5940
0.207608734,5939
0.207614784,5938
0.207620579,5937
0.207626715,5936
0.207632841,5935
0.207651759,5934
0.207658686,5933
0.207665897,5932
0.20767314,5931
0.207679167,5930
0.207684541,5929
0.20769074,5928
0.207697903,5927
0.207710522,5926
0.207724237,5925
0.207729328,5924
0.207734912,5923
0.207740912,5922
0.207746616,5921
0.207753961,5920
0.207759838,5919
0.207766,5918
0.207781188,5917
0.207786368,5916
0.207791949,5915
0.207797248,5914
0.207803687,5913
0.20780876,5912
0.207814053,5911
0.207819021,5910
0.207823458,5909
0.207828041,5908
0.207832823,5907
0.207837408,5906
0.207842092,5905
0.207854315,5904
0.207864179,5903
0.207871232,5902
0.207877586,5901
0.207883947,5900
0.207889828,5899
0.207899479,5898
0.207906791,5897
0.207914177,5896
0.207921729,5895
0.207929853,5894
0.207947155,5893
0.207954776,5892
0.207961913,5891
0.208018679,5890
0.208025939,5889
0.208032385,5888
0.208065374,5887
0.2080784,5886
0.208091169,5885
0.208099115,5884
0.20810552,5883
0.208112501,5882
0.20811777,5881
0.208132111,5880
0.208138952,5879
0.208145733,5878
0.208157874,5877
0.208164675,5876
0.208170788,5875
0.20817666,5874
0.20821408,5873
0.208255849,5872
0.208264775,5871
0.208298678,5870
0.208319749,5869
0.208328437,5868
0.208335949,5867
0.208341724,5866
0.208347003,5865
0.208352056,5864
0.208357988,5863
0.208363232,5862
0.208383118,5861
0.208387965,5860
0.208393661,5859
0.208399084,5858
0.208404587,5857
0.208410855,5856
0.208416215,5855
0.208422297,5854
0.208427622,5853
0.208433772,5852
0.208439491,5851
0.208445174,5850
0.208450755,5849
0.208470407,5848
0.208476867,5847
0.208481892,5846
0.208487221,5845
0.208502423,5844
0.208534149,5843
0.208569398,5842
0.208575974,5841
0.208583769,5840
0.208589757,5839
0.208596458,5838
0.209196119,5837
0.209210928,5836
0.209250302,5835
0.209285644,5834
0.209292934,5833
0.209299905,5832
0.209308582,5831
0.209315114,5830
0.209321736,5829
0.209328105,5828
0.209393475,5827
0.209400945,5826
0.209406558,5825
0.209413091,5824
0.209418794,5823
0.209424548,5822
0.209432683,5821
0.20943771,5820
0.209443261,5819
0.209449315,5818
0.209456261,5817
0.209463076,5816
0.209468836,5815
0.209475471,5814
0.209481631,5813
0.209488051,5812
0.20949414,5811
0.209499893,5810
0.209505067,5809
0.209510617,5808
0.209517032,5807
0.209525475,5806
0.209531049,5805
0.209538217,5804
0.209543767,5803
0.209550891,5802
0.209558433,5801
0.209564403,5800
0.20957002,5799
0.209576517,5798
0.209581518,5797
0.209586386,5796
0.209590738,5795
0.209595864,5794
0.209600742,5793
0.209606496,5792
0.209611492,5791
0.209616547,5790
0.209622371,5789
0.20962836,5788
0.209632999,5787
0.209637547,5786
0.209642871,5785
0.20967691,5784
0.209683509,5783
0.209689294,5782
0.209694537,5781
0.209699843,5780
0.209705131,5779
0.209710172,5778
0.209724976,5777
0.209732859,5776
0.20976989,5775
0.209808527,5774
0.209837833,5773
0.209849303,5772
0.209854686,5771
0.209860611,5770
0.209866393,5769
0.20987205,5768
0.209877432,5767
0.209882852,5766
0.209888731,5765
0.209895088,5764
0.209901994,5763
0.209907438,5762
0.209913878,5761
0.209927118,5760
0.209932448,5759
0.209939095,5758
0.209945058,5757
0.209951398,5756
0.209957099,5755
0.209961814,5754
0.209969285,5753
0.209974468,5752
0.210009868,5751
0.210045188,5750
0.210080287,5749
0.210115981,5748
0.210150066,5747
0.210183487,5746
0.210219525,5745
0.210224665,5744
0.210229763,5743
0.210235104,5742
0.210249593,5741
0.21025925,5740
0.210303402,5739
0.210319734,5738
0.210366541,5737
0.210373423,5736
0.210400298,5735
0.210424748,5734
0.210455599,5733
0.210466491,5732
0.210473094,5731
0.210486779,5730
0.210492782,5729
0.210499592,5728
0.21050504,5727
0.21051039,5726
0.210515772,5725
0.210520589,5724
0.210525573,5723
0.210530635,5722
0.210535199,5721
0.210540053,5720
0.210545791,5719
0.210578789,5718
0.210583653,5717
0.210589471,5716
0.210594693,5715
0.210599589,5714
0.210605303,5713
0.210611442,5712
0.210617365,5711
0.210622643,5710
0.210628051,5709
0.210632826,5708
0.210997337,5707
0.211007006,5706
0.211015158,5705
0.211827416,5704
0.211848006,5703
0.211854934,5702
0.211861612,5701
0.211867953,5700
0.211875627,5699
0.211949491,5698
0.211956543,5697
0.211989078,5696
0.211995837,5695
0.212001429,5694
0.212059966,5693
0.212097429,5692
0.212110612,5691
0.212128775,5690
0.212136496,5689
0.212142214,5688
0.212147599,5687
0.212153305,5686
0.212193295,5685
0.212200235,5684
0.212208082,5683
0.212213929,5682
0.212219862,5681
0.212269137,5680
0.212275186,5679
0.212291364,5678
0.212305718,5677
0.212318295,5676
0.212327267,5675
0.212341569,5674
0.212383159,5673
0.212415633,5672
0.212454574,5671
0.212521035,5670
0.212572669,5669
0.21258068,5668
0.212608839,5667
0.212613397,5666
0.212617691,5665
0.212622404,5664
0.212626626,5663
0.212632897,5662
0.212637307,5661
0.212641949,5660
0.212646493,5659
0.212650523,5658
0.212654591,5657
0.212659018,5656
0.212663951,5655
0.212669336,5654
0.212674992,5653
0.21268006,5652
0.21268434,5651
0.21268994,5650
0.212695443,5649
0.2127011,5648
0.212705344,5647
0.212710857,5646
0.212714611,5645
0.21271789,5644
0.212721697,5643
0.212725223,5642
0.212728634,5641
0.212732088,5640
0.212735283,5639
0.212752928,5638
0.212756517,5637
0.212767829,5636
0.212771826,5635
0.212776036,5634
0.212780125,5633
0.212784096,5632
0.212787973,5631
0.212791464,5630
0.212795497,5629
0.212799338,5628
0.212803186,5627
0.212807442,5626
0.212811671,5625
0.21281582,5624
0.212819561,5623
0.212823803,5622
0.212827987,5621
0.212832042,5620
0.21283666,5619
0.212840687,5618
0.212844665,5617
0.212848872,5616
0.212853104,5615
0.212857844,5614
0.212861772,5613
0.212866479,5612
0.212870896,5611
0.212874356,5610
0.212878164,5609
0.21288241,5608
0.212888009,5607
0.212894111,5606
0.212899076,5605
0.212904511,5604
0.212909881,5603
0.212916583,5602
0.212950919,5601
0.212957248,5600
0.212992252,5599
0.212998359,5598
0.213011246,5597
0.213017177,5596
0.213022497,5595
0.21302961,5594
0.21303557,5593
0.213042873,5592
0.213048643,5591
0.213054379,5590
0.2130596,5589
0.213065562,5588
0.213070898,5587
0.213076727,5586
0.213087116,5585
0.21309461,5584
0.213131341,5583
0.213136836,5582
0.213142223,5581
0.213157579,5580
0.21317594,5579
0.213212845,5578
0.21321757,5577
0.21322185,5576
0.213226387,5575
0.213230565,5574
0.213235294,5573
0.21323952,5572
0.213244001,5571
0.213247667,5570
0.213252585,5569
0.213256051,5568
0.21326006,5567
0.213263481,5566
0.21326681,5565
0.213271171,5564
0.213275431,5563
0.213279222,5562
0.213282975,5561
0.213286956,5560
0.213290832,5559
0.213294846,5558
0.213298479,5557
0.213302353,5556
0.213309161,5555
0.213349743,5554
0.213388244,5553
0.213394741,5552
0.213458502,5551
0.213495231,5550
0.213546574,5549
0.213552239,5548
0.213558417,5547
0.213563775,5546
0.213568258,5545
0.213572657,5544
0.213577407,5543
0.21358478,5542
0.213590256,5541
0.213596613,5540
0.213602489,5539
0.213607323,5538
0.213612332,5537
0.213617819,5536
0.213624279,5535
0.213629094,5534
0.213640086,5533
0.213644422,5532
0.213648667,5531
0.213653416,5530
0.213657445,5529
0.213661517,5528
0.213666493,5527
0.213671479,5526
0.213675994,5525
0.213679962,5524
0.213684461,5523
0.213743689,5522
0.213748457,5521
0.213752037,5520
0.213755794,5519
0.213759033,5518
0.213769855,5517
0.213798324,5516
0.213804728,5515
0.213810032,5514
0.213814395,5513
0.213819213,5512
0.213822723,5511
0.213827281,5510
0.213831184,5509
0.213834885,5508
0.213838999,5507
0.21384334,5506
0.213847035,5505
0.213850464,5504
0.213854085,5503
0.213858356,5502
0.213861592,5501
0.213865602,5500
0.213869639,5499
0.213873363,5498
0.213877014,5497
0.213880623,5496
0.213884609,5495
0.213887994,5494
0.21389139,5493
0.213896388,5492
0.213899634,5491
0.213903364,5490
0.213907537,5489
0.213911035,5488
0.21391445,5487
0.213918075,5486
0.213922098,5485
0.213926225,5484
0.213929819,5483
0.213933572,5482
0.213936691,5481
0.213939915,5480
0.213943534,5479
0.213947824,5478
0.213950954,5477
0.213954136,5476
0.213957284,5475
0.213960813,5474
0.213964207,5473
0.213967233,5472
0.213970192,5471
0.213973168,5470
0.213975874,5469
0.213978292,5468
0.213981227,5467
0.213984689,5466
0.213988605,5465
0.213992077,5464
0.213997483,5463
0.21400162,5462
0.214005854,5461
0.214009914,5460
0.214014056,5459
0.214017679,5458
0.214021224,5457
0.21402482,5456
0.214028362,5455
0.214032052,5454
0.214035945,5453
0.214039221,5452
0.214042554,5451
0.214045635,5450
0.214049649,5449
0.214052539,5448
0.214055528,5447
0.214058735,5446
0.214061844,5445
0.214065093,5444
0.21406799,5443
0.214070504,5442
0.214073454,5441
0.214077355,5440
0.214080756,5439
0.214084971,5438
0.214089622,5437
0.214093343,5436
0.21410543,5435
0.214109701,5434
0.214113643,5433
0.214117035,5432
0.214121127,5431
0.214125012,5430
0.214129247,5429
0.214132633,5428
0.214135834,5427
0.214139057,5426
0.214142176,5425
0.214145187,5424
0.214148344,5423
0.214151902,5422
0.214155729,5421
0.214159752,5420
0.21416288,5419
0.214166168,5418
0.214169489,5417
0.214179514,5416
0.214193437,5415
0.214197545,5414
0.214201276,5413
0.214205925,5412
0.214210011,5411
0.214214099,5410
0.214217676,5409
0.214221548,5408
0.214224828,5407
0.214228466,5406
0.214231867,5405
0.21423619,5404
0.214240944,5403
0.214244376,5402
0.214248468,5401
0.214252123,5400
0.21425558,5399
0.214259243,5398
0.214262557,5397
0.214266741,5396
0.214270232,5395
0.21427376,5394
0.214277349,5393
0.214281157,5392
0.21428461,5391
0.214288262,5390
0.214291315,5389
0.21429491,5388
0.214298577,5387
0.214302096,5386
0.214306215,5385
0.214344321,5384
0.214361865,5383
0.21436957,5382
0.214375102,5381
0.214380341,5380
0.214384714,5379
0.214388233,5378
0.214392367,5377
0.214396408,5376
0.214400626,5375
0.214404516,5374
0.214408228,5373
0.214411149,5372
0.214415964,5371
0.214419385,5370
0.214422322,5369
0.214425858,5368
0.214429668,5367
0.214433086,5366
0.214437134,5365
0.214440916,5364
0.214487395,5363
0.214491568,5362
0.214494143,5361
0.214497545,5360
0.214499937,5359
0.21450262,5358
0.21450651,5357
0.214510302,5356
0.214514152,5355
0.214518359,5354
0.214521955,5353
0.21452554,5352
0.214529445,5351
0.214532662,5350
0.214536521,5349
0.214546416,5348
0.214551122,5347
0.214735366,5346
0.214740926,5345
0.21474624,5344
0.214750813,5343
0.21475535,5342
0.214762304,5341
0.214766369,5340
0.214770903,5339
0.214774692,5338
0.214778836,5337
0.214782857,5336
0.214788017,5335
0.214799733,5334
0.214805444,5333
0.214810158,5332
0.214815392,5331
0.214819743,5330
0.21482338,5329
0.214827409,5328
0.214831405,5327
0.214835221,5326
0.214838827,5325
0.214842873,5324
0.214846488,5323
0.214850559,5322
0.214854788,5321
0.214858747,5320
0.214862684,5319
0.214867542,5318
0.214870783,5317
0.214874368,5316
0.214956619,5315
0.214965135,5314
0.214976557,5313
0.214980591,5312
0.214983605,5311
0.214986638,5310
0.214989422,5309
0.214992262,5308
0.214996327,5307
0.215007906,5306
0.215011728,5305
0.215015944,5304
0.215020082,5303
0.215024689,5302
0.215029146,5301
0.215032867,5300
0.21503717,5299
0.215041349,5298
0.215044947,5297
0.215049319,5296
0.215053238,5295
0.215055926,5294
0.215067585,5293
0.215072083,5292
0.215077,5291
0.215081014,5290
0.215084883,5289
0.215088741,5288
0.215092683,5287
0.215097174,5286
0.215101428,5285
0.215104966,5284
0.215108434,5283
0.215112187,5282
0.215115985,5281
0.215119213,5280
0.215122956,5279
0.215127045,5278
0.21513055,5277
0.21513382,5276
0.215137161,5275
0.21514152,5274
0.215145242,5273
0.215148874,5272
0.215192855,5271
0.215197511,5270
0.215204189,5269
0.215208419,5268
0.215212798,5267
0.215217099,5266
0.21522072,5265
0.215223938,5264
0.215235578,5263
0.215248955,5262
0.215255346,5261
0.215260929,5260
0.21526592,5259
0.215271064,5258
0.215276044,5257
0.215312005,5256
0.215316554,5255
0.215324325,5254
0.215336355,5253
0.215348646,5252
0.215354745,5251
0.215364736,5250
0.215370504,5249
0.21537471,5248
0.215385749,5247
0.215389575,5246
0.215393937,5245
0.21539842,5244
0.215402427,5243
0.2154061,5242
0.215409907,5241
0.215413616,5240
0.21541759,5239
0.215421181,5238
0.215424794,5237
0.215428621,5236
0.215431992,5235
0.215435342,5234
0.215439482,5233
0.215442646,5232
0.215446192,5231
0.215449877,5230
0.215453679,5229
0.215457022,5228
0.215460687,5227
0.215463991,5226
0.215467634,5225
0.215471617,5224
0.215475173,5223
0.215478488,5222
0.215482031,5221
0.215485305,5220
0.215489374,5219
0.215492878,5218
0.215496864,5217
0.215500124,5216
0.215503945,5215
0.215507608,5214
0.215511468,5213
0.215514794,5212
0.215518427,5211
0.215578999,5210
0.21558284,5209
0.215586967,5208
0.215590664,5207
0.215594155,5206
0.215597482,5205
0.215601283,5204
0.215605469,5203
0.2156089,5202
0.21561246,5201
0.215616755,5200
0.215620345,5199
0.215623816,5198
0.215627325,5197
0.215630209,5196
0.215634692,5195
0.215638574,5194
0.215642155,5193
0.215645508,5192
0.215649612,5191
0.215653369,5190
0.218796336,5189
0.218803864,5188
0.218828034,5187
0.218836541,5186
0.218850378,5185
0.218855304,5184
0.218859721,5183
0.218864339,5182
0.218871209,5181
0.218875231,5180
0.218879159,5179
0.218884785,5178
0.218891358,5177
0.218894939,5176
0.218898244,5175
0.218902653,5174
0.218906084,5173
0.218909701,5172
0.218912868,5171
0.21891617,5170
0.218919049,5169
0.218923109,5168
0.218926449,5167
0.218929869,5166
0.218933138,5165
0.218936449,5164
0.218948719,5163
0.218954018,5162
0.21895857,5161
0.218964206,5160
0.218968901,5159
0.218973083,5158
0.218977551,5157
0.218982141,5156
0.218985865,5155
0.218991196,5154
0.218994044,5153
0.218997476,5152
0.219001246,5151
0.219004568,5150
0.219009578,5149
0.219012949,5148
0.219017243,5147
0.219024304,5146
0.219029145,5145
0.219033103,5144
0.21903724,5143
0.219041252,5142
0.21904552,5141
0.219048614,5140
0.219051789,5139
0.219055157,5138
0.219061364,5137
0.219067006,5136
0.21907172,5135
0.219075621,5134
0.219079941,5133
0.219083753,5132
0.219088148,5131
0.219091799,5130
0.219095582,5129
0.219099598,5128
0.219105004,5127
0.219108861,5126
0.219112932,5125
0.219116684,5124
0.219120689,5123
0.219124988,5122
0.219130604,5121
0.21913496,5120
0.219139361,5119
0.219143269,5118
0.219146997,5117
0.219150244,5116
0.219154634,5115
0.219157861,5114
0.219161496,5113
0.219165427,5112
0.219170889,5111
0.21917505,5110
0.219178463,5109
0.219182251,5108
0.21918642,5107
0.219190021,5106
0.219194199,5105
0.219197778,5104
0.219201678,5103
0.219205743,5102
0.219209303,5101
0.219212931,5100
0.219217115,5099
0.219221436,5098
0.21922482,5097
0.219228606,5096
0.219232633,5095
0.219236993,5094
0.219240555,5093
0.219245038,5092
0.219252608,5091
0.219258355,5090
0.219263344,5089
0.21926842,5088
0.219285876,5087
0.219380097,5086
0.219401104,5085
0.219407733,5084
0.219411506,5083
0.219416182,5082
0.21941969,5081
0.219423737,5080
0.219427569,5079
0.219452491,5078
0.219459524,5077
0.219464812,5076
0.219476221,5075
0.219487956,5074
0.219492152,5073
0.21949657,5072
0.219501352,5071
0.219505523,5070
0.21950972,5069
0.219517114,5068
0.219522894,5067
0.219526601,5066
0.219532009,5065
0.219537179,5064
0.219541241,5063
0.219545036,5062
0.219548939,5061
0.219552987,5060
0.219557125,5059
0.219561162,5058
0.219565494,5057
0.219569564,5056
0.219573585,5055
0.219577017,5054
0.219582236,5053
0.219586194,5052
0.219590723,5051
0.219594528,5050
0.219600938,5049
0.21960585,5048
0.21961059,5047
0.219614779,5046
0.219618947,5045
0.21962262,5044
0.21962703,5043
0.219631407,5042
0.219635295,5041
0.219638915,5040
0.219642354,5039
0.219646283,5038
0.219649672,5037
0.219653258,5036
0.219657717,5035
0.219661355,5034
0.219673517,5033
0.219679922,5032
0.219684434,5031
0.219688625,5030
0.219692312,5029
0.219696533,5028
0.219700708,5027
0.219707668,5026
0.219711044,5025
0.219723204,5024
0.219727111,5023
0.219731247,5022
0.219734713,5021
0.219738772,5020
0.219744168,5019
0.219748037,5018
0.219751041,5017
0.219756567,5016
0.219760112,5015
0.21977789,5014
0.219782849,5013
0.219786626,5012
0.219910499,5011
0.219914648,5010
0.219918748,5009
0.219922162,5008
0.219926978,5007
0.219932215,5006
0.219936344,5005
0.219939924,5004
0.219943475,5003
0.219947366,5002
0.219951101,5001
0.219957675,5000
0.219962742,4999
0.219966196,4998
0.219971251,4997
0.219981616,4996
0.219985898,4995
0.219989741,4994
0.219993957,4993
0.220005888,4992
0.220009335,4991
0.220012837,4990
0.220017599,4989
0.220021862,4988
0.220026376,4987
0.220039346,4986
0.220042811,4985
0.220046864,4984
0.220051083,4983
0.220054922,4982
0.220059886,4981
0.22006483,4980
0.22006885,4979
0.220072672,4978
0.220076775,4977
0.220089696,4976
0.220094058,4975
0.220098418,4974
0.220102966,4973
0.22010846,4972
0.220113424,4971
0.220119706,4970
0.220123747,4969
0.220127928,4968
0.220167503,4967
0.220174097,4966
0.22017954,4965
0.220185183,4964
0.220189964,4963
0.220194704,4962
0.220199428,4961
0.22021251,4960
0.22025113,4959
0.220263495,4958
0.220269112,4957
0.220274216,4956
0.220278141,4955
0.220460699,4954
0.220468811,4953
0.22047305,4952
0.220480426,4951
0.220484337,4950
0.220487856,4949
0.220492014,4948
0.220495957,4947
0.220501053,4946
0.220505525,4945
0.220509204,4944
0.220512615,4943
0.220516313,4942
0.220519854,4941
0.22052585,4940
0.220529627,4939
0.220533443,4938
0.220537352,4937
0.220541792,4936
0.220547845,4935
0.22055221,4934
0.220556158,4933
0.220560548,4932
0.220565317,4931
0.220569503,4930
0.220573255,4929
0.220576831,4928
0.220582259,4927
0.220585315,4926
0.220589679,4925
0.220593022,4924
0.220596678,4923
0.220600462,4922
0.220604281,4921
0.22060944,4920
0.220613337,4919
0.220616499,4918
0.220620057,4917
0.220623151,4916
0.220626585,4915
0.220629707,4914
0.220635818,4913
0.220640064,4912
0.220649358,4911
0.220653481,4910
0.220657306,4909
0.22066064,4908
0.220665876,4907
0.220669322,4906
0.220683877,4905
0.220691944,4904
0.220700702,4903
0.220704826,4902
0.220708464,4901
0.220712474,4900
0.220715788,4899
0.220719237,4898
0.220731371,4897
0.220736818,4896
0.220741156,4895
0.220745668,4894
0.220749643,4893
0.220754731,4892
0.220760528,4891
0.220764968,4890
0.22080048,4889
0.220806168,4888
0.220810575,4887
0.220816706,4886
0.220820351,4885
0.220825174,4884
0.220829108,4883
0.220834068,4882
0.220837805,4881
0.220841352,4880
0.220844986,4879
0.220848355,4878
0.220853175,4877
0.220856052,4876
0.220859203,4875
0.220863247,4874
0.220866657,4873
0.220877502,4872
0.220887997,4871
0.220894673,4870
0.220898766,4869
0.220903178,4868
0.220907509,4867
0.220912492,4866
0.220918282,4865
0.220923271,4864
0.22092905,4863
0.220933241,4862
0.22093757,4861
0.220941981,4860
0.220945862,4859
0.220949902,4858
0.220954068,4857
0.221067192,4856
0.221072534,4855
0.22107633,4854
0.221080939,4853
0.221085038,4852
0.221115894,4851
0.221122923,4850
0.221404731,4849
0.22141937,4848
0.221423529,4847
0.221427126,4846
0.221431068,4845
0.221436428,4844
0.221440587,4843
0.221445207,4842
0.221450436,4841
0.221455139,4840
0.221459134,4839
0.221463429,4838
0.221468844,4837
0.221472503,4836
0.221476176,4835
0.221481249,4834
0.221485076,4833
0.221489275,4832
0.221501603,4831
0.221506813,4830
0.221510999,4829
0.221514674,4828
0.22151863,4827
0.22152258,4826
0.221526311,4825
0.221530711,4824
0.221534566,4823
0.221538132,4822
0.221543423,4821
0.221546984,4820
0.221553695,4819
0.221557214,4818
0.221561659,4817
0.221565635,4816
0.221569249,4815
0.221572351,4814
0.221575784,4813
0.221581912,4812
0.221586113,4811
0.221591389,4810
0.221595608,4809
0.221599624,4808
0.221603089,4807
0.22160825,4806
0.221618789,4805
0.221622409,4804
0.221626354,4803
0.221630073,4802
0.221634003,4801
0.221637634,4800
0.221641972,4799
0.221646291,4798
0.221650836,4797
0.221655083,4796
0.221658893,4795
0.221661897,4794
0.221665503,4793
0.221671416,4792
0.221675021,4791
0.221677924,4790
0.221682283,4789
0.221686396,4788
0.221690289,4787
0.221694094,4786
0.22169815,4785
0.221702017,4784
0.221705248,4783
0.221709004,4782
0.221714107,4781
0.221717603,4780
0.221720601,4779
0.221723999,4778
0.221727738,4777
0.221730648,4776
0.221734011,4775
0.221737529,4774
0.221742776,4773
0.221747385,4772
0.221751224,4771
0.22175574,4770
0.221759264,4769
0.221762789,4768
0.221765817,4767
0.221770457,4766
0.221775107,4765
0.221779039,4764
0.221783614,4763
0.221787459,4762
0.221791064,4761
0.221860739,4760
0.221873331,4759
0.221877682,4758
0.221882974,4757
0.221886748,4756
0.221905776,4755
0.221909187,4754
0.221912945,4753
0.221916273,4752
0.221921855,4751
0.221925815,4750
0.221929824,4749
0.221933896,4748
0.221937518,4747
0.22194063,4746
0.221944544,4745
0.221948345,4744
0.221952693,4743
0.221964101,4742
0.22197266,4741
0.222046302,4740
0.22205102,4739
0.222055812,4738
0.222060546,4737
0.222064508,4736
0.222068239,4735
0.222071806,4734
0.222076003,4733
0.222080811,4732
0.222084281,4731
0.222090804,4730
0.222094793,4729
0.222098903,4728
0.22210502,4727
0.222109518,4726
0.222113719,4725
0.222140352,4724
0.22214394,4723
0.222147239,4722
0.222152114,4721
0.222157054,4720
0.222161297,4719
0.222165922,4718
0.222169671,4717
0.222175324,4716
0.222179371,4715
0.222183693,4714
0.222188528,4713
0.222193227,4712
0.222198455,4711
0.222202643,4710
0.222206816,4709
0.222210473,4708
0.222213626,4707
0.222216903,4706
0.222230689,4705
0.222235478,4704
0.222239196,4703
0.222243983,4702
0.222247868,4701
0.222251726,4700
0.222261074,4699
0.22226665,4698
0.222270892,4697
0.222276857,4696
0.222286861,4695
0.222292108,4694
0.222297695,4693
0.222308637,4692
0.222342387,4691
0.222347375,4690
0.222352267,4689
0.22235894,4688
0.222362898,4687
0.222367617,4686
0.222372034,4685
0.222378813,4684
0.222386262,4683
0.22239261,4682
0.222397433,4681
0.222401749,4680
0.222407537,4679
0.222411979,4678
0.222416419,4677
0.222421167,4676
0.222427058,4675
0.222430878,4674
0.222434726,4673
0.222438413,4672
0.222441948,4671
0.222446311,4670
0.222449787,4669
0.222453029,4668
0.222458007,4667
0.222464367,4666
0.222468204,4665
0.222473791,4664
0.222477578,4663
0.222481159,4662
0.222485821,4661
0.222488917,4660
0.22249232,4659
0.222496965,4658
0.222561103,4657
0.222577554,4656
0.222586085,4655
0.222595726,4654
0.222613059,4653
0.222641519,4652
0.222686341,4651
0.222705385,4650
0.222758113,4649
0.222806114,4648
0.222857613,4647
0.222885853,4646
0.222897578,4645
0.222915862,4644
0.222939898,4643
0.222971939,4642
0.223002559,4641
0.223031037,4640
0.223061743,4639
0.223087401,4638
0.2231293,4637
0.223149768,4636
0.223166016,4635
0.223199402,4634
0.223228974,4633
0.22324728,4632
0.223303902,4631
0.223338743,4630
0.223388383,4629
0.223442499,4628
0.223490349,4627
0.223508785,4626
0.223552757,4625
0.223568142,4624
0.223590473,4623
0.223628398,4622
0.223635556,4621
0.223639298,4620
0.223643279,4619
0.223649017,4618
0.223657692,4617
0.223662789,4616
0.223667209,4615
0.223679458,4614
0.2236847,4613
0.223688702,4612
0.223694495,4611
0.22369946,4610
0.223703243,4609
0.223711584,4608
0.223717276,4607
0.223722992,4606
0.223727639,4605
0.223731985,4604
0.223736281,4603
0.22374331,4602
0.223747923,4601
0.22375234,4600
0.223764152,4599
0.223779612,4598
0.223801099,4597
0.223805404,4596
0.223808942,4595
0.223812711,4594
0.223816756,4593
0.223820432,4592
0.223824782,4591
0.223830598,4590
0.223834795,4589
0.223840122,4588
0.223845928,4587
0.223850359,4586
0.223854487,4585
0.223858512,4584
0.223864358,4583
0.223869178,4582
0.223873813,4581
0.22388481,4580
0.223889221,4579
0.223898445,4578
0.223902492,4577
0.223906364,4576
0.223909805,4575
0.223913199,4574
0.223916882,4573
0.223920407,4572
0.223924497,4571
0.223928903,4570
0.223932723,4569
0.223936923,4568
0.223943044,4567
0.22394997,4566
0.223956485,4565
0.224013928,4564
0.224180111,4563
0.224226067,4562
0.224276591,4561
0.224328806,4560
0.224371186,4559
0.224391572,4558
0.22441797,4557
0.2244247,4556
0.224476143,4555
0.224483617,4554
0.224488175,4553
0.224535887,4552
0.224577378,4551
0.22462777,4550
0.224666169,4549
0.224709007,4548
0.224736665,4547
0.224742738,4546
0.224747464,4545
0.224753572,4544
0.224758566,4543
0.224762826,4542
0.22476669,4541
0.224772953,4540
0.224777027,4539
0.224780378,4538
0.224787173,4537
0.224790918,4536
0.224794263,4535
0.224799704,4534
0.224803911,4533
0.224816872,4532
0.224820459,4531
0.224824013,4530
0.2248278,4529
0.224833137,4528
0.22483715,4527
0.224841018,4526
0.224845026,4525
0.224848484,4524
0.224852048,4523
0.22485594,4522
0.224859195,4521
0.224862809,4520
0.224866711,4519
0.224870367,4518
0.224874431,4517
0.224879115,4516
0.224884544,4515
0.22488905,4514
0.224893176,4513
0.224896611,4512
0.22490076,4511
0.224904698,4510
0.22491293,4509
0.225015514,4508
0.225033129,4507
0.225037601,4506
0.225042168,4505
0.225047725,4504
0.225051822,4503
0.225055574,4502
0.225060476,4501
0.225065181,4500
0.225069248,4499
0.225113346,4498
0.225143636,4497
0.225175371,4496
0.225191544,4495
0.225219969,4494
0.22522529,4493
0.225230296,4492
0.225235791,4491
0.225241011,4490
0.225245445,4489
0.225259838,4488
0.22526507,4487
0.22526944,4486
0.225272665,4485
0.225276227,4484
0.225279745,4483
0.225287241,4482
0.225294137,4481
0.225302532,4480
0.22530713,4479
0.225313011,4478
0.22531791,4477
0.22532202,4476
0.225326424,4475
0.225330362,4474
0.225333898,4473
0.225337402,4472
0.225342625,4471
0.225347088,4470
0.225351362,4469
0.225355253,4468
0.225360996,4467
0.225366512,4466
0.225373971,4465
0.225381961,4464
0.22538615,4463
0.225392214,4462
0.225398311,4461
0.225401895,4460
0.225407476,4459
0.225412111,4458
0.22541592,4457
0.225422256,4456
0.225426407,4455
0.22542975,4454
0.225439441,4453
0.225443303,4452
0.225446966,4451
0.225450079,4450
0.225452763,4449
0.225457339,4448
0.225460497,4447
0.225465312,4446
0.2254684,4445
0.225471804,4444
0.225475102,4443
0.225478279,4442
0.225482786,4441
0.225489122,4440
0.225495413,4439
0.225501101,4438
0.225504573,4437
0.225508041,4436
0.225512001,4435
0.225515205,4434
0.225518574,4433
0.225523616,4432
0.225526744,4431
0.225529682,4430
0.225533399,4429
0.225536438,4428
0.225539368,4427
0.225542217,4426
0.225545145,4425
0.225549462,4424
0.225556213,4423
0.225560243,4422
0.225563665,4421
0.225567261,4420
0.225571121,4419
0.225575016,4418
0.225578663,4417
0.225584217,4416
0.225589503,4415
0.225593286,4414
0.225596471,4413
0.225600044,4412
0.2256038,4411
0.225607478,4410
0.225611016,4409
0.225616013,4408
0.225619682,4407
0.225627227,4406
0.225633433,4405
0.225636598,4404
0.225639827,4403
0.225644834,4402
0.22564868,4401
0.225652273,4400
0.225655961,4399
0.225660994,4398
0.225664596,4397
0.225668324,4396
0.225671829,4395
0.225675337,4394
0.225678723,4393
0.225689865,4392
0.225701066,4391
0.225714549,4390
0.225720791,4389
0.225725562,4388
0.225733486,4387
0.225737458,4386
0.225743973,4385
0.225755486,4384
0.225760009,4383
0.225766095,4382
0.225770373,4381
0.225774707,4380
0.225785789,4379
0.225789847,4378
0.225803212,4377
0.225807607,4376
0.225811578,4375
0.225816172,4374
0.225840929,4373
0.225853326,4372
0.225895483,4371
0.22594527,4370
0.225979723,4369
0.226006963,4368
0.226027787,4367
0.226055114,4366
0.226070731,4365
0.226087138,4364
0.226102411,4363
0.226284414,4362
0.226302693,4361
0.226329875,4360
0.226346123,4359
0.226359534,4358
0.226363848,4357
0.22636794,4356
0.226373406,4355
0.22637776,4354
0.226400131,4353
0.226404105,4352
0.226409412,4351
0.226413048,4350
0.226417706,4349
0.226421361,4348
0.226425575,4347
0.226431087,4346
0.226436172,4345
0.226441633,4344
0.226445789,4343
0.226449011,4342
0.22645252,4341
0.226457239,4340
0.226462426,4339
0.226466542,4338
0.226470263,4337
0.226473833,4336
0.226476984,4335
0.226479918,4334
0.2264853,4333
0.226489611,4332
0.226494553,4331
0.226499404,4330
0.226503096,4329
0.226508582,4328
0.226512127,4327
0.226515864,4326
0.226519949,4325
0.226525676,4324
0.22653061,4323
0.226536722,4322
0.226540473,4321
0.226544996,4320
0.226549929,4319
0.226554293,4318
0.226558111,4317
0.226568415,4316
0.226571993,4315
0.226576931,4314
0.226581301,4313
0.226585087,4312
0.226591566,4311
0.226595658,4310
0.226599607,4309
0.226769544,4308
0.226780512,4307
0.226785859,4306
0.226790212,4305
0.226794223,4304
0.226797634,4303
0.226801317,4302
0.226805561,4301
0.226810959,4300
0.226814269,4299
0.226818845,4298
0.226823196,4297
0.226826775,4296
0.226830657,4295
0.226833943,4294
0.226838275,4293
0.226841726,4292
0.226845275,4291
0.226850482,4290
0.226853743,4289
0.226858234,4288
0.226861833,4287
0.22686591,4286
0.226869533,4285
0.226874446,4284
0.226878479,4283
0.226920344,4282
0.22694768,4281
0.226965262,4280
0.226983912,4279
0.226988976,4278
0.226993553,4277
0.226998498,4276
0.227002565,4275
0.227006794,4274
0.227012763,4273
0.22701762,4272
0.227025934,4271
0.227032961,4270
0.227037195,4269
0.227041396,4268
0.227046093,4267
0.227050564,4266
0.227056408,4265
0.227069338,4264
0.227087043,4263
0.22709083,4262
0.227094118,4261
0.227097386,4260
0.227104854,4259
0.227116835,4258
0.227121684,4257
0.227125692,4256
0.227129612,4255
0.227133979,4254
0.227138491,4253
0.227142823,4252
0.227155424,4251
0.227169371,4250
0.227173653,4249
0.22717747,4248
0.227182098,4247
0.227187432,4246
0.227191673,4245
0.227195939,4244
0.227200679,4243
0.227205461,4242
0.227209221,4241
0.227214662,4240
0.22721978,4239
0.227224206,4238
0.227228005,4237
0.227233311,4236
0.227238095,4235
0.227243445,4234
0.227251273,4233
0.227254643,4232
0.227258149,4231
0.227261248,4230
0.227264771,4229
0.227268131,4228
0.227271464,4227
0.227274552,4226
0.227280486,4225
0.227284131,4224
0.227287201,4223
0.227290197,4222
0.227295843,4221
0.227298992,4220
0.227302549,4219
0.227306068,4218
0.227310471,4217
0.227315113,4216
0.22731908,4215
0.227322849,4214
0.227326371,4213
0.227329785,4212
0.227333056,4211
0.227336362,4210
0.227339506,4209
0.22734306,4208
0.22734662,4207
0.227351172,4206
0.227354259,4205
0.227358726,4204
0.227362794,4203
0.227366243,4202
0.22736934,4201
0.22737234,4200
0.227378401,4199
0.22738179,4198
0.227386671,4197
0.227390749,4196
0.227394635,4195
0.227399347,4194
0.227402942,4193
0.227410107,4192
0.227416031,4191
0.227419595,4190
0.227423027,4189
0.227427068,4188
0.227430864,4187
0.227434784,4186
0.227440248,4185
0.227444472,4184
0.227456893,4183
0.227472425,4182
0.227483644,4181
0.227493773,4180
0.227503067,4179
0.2275086,4178
0.227514306,4177
0.227519354,4176
0.227529464,4175
0.227533726,4174
0.227537625,4173
0.227543217,4172
0.227547328,4171
0.227556089,4170
0.227560479,4169
0.227577119,4168
0.227603332,4167
0.227627465,4166
0.227633478,4165
0.227640253,4164
0.227646065,4163
0.227654321,4162
0.227659137,4161
0.227664158,4160
0.227669012,4159
0.227675378,4158
0.227683816,4157
0.227687886,4156
0.227693389,4155
0.227698411,4154
0.227703184,4153
0.227707742,4152
0.227712844,4151
0.227716736,4150
0.227723239,4149
0.227727954,4148
0.22776378,4147
0.227769883,4146
0.227773715,4145
0.22777747,4144
0.227782585,4143
0.227789386,4142
0.227793634,4141
0.227799201,4140
0.227803664,4139
0.227807828,4138
0.227813635,4137
0.22781725,4136
0.227821021,4135
0.227825093,4134
0.227828513,4133
0.227831936,4132
0.227838442,4131
0.227843374,4130
0.227846903,4129
0.227850502,4128
0.227854861,4127
0.227858568,4126
0.227862133,4125
0.227865736,4124
0.227872087,4123
0.227875654,4122
0.227879554,4121
0.227884604,4120
0.227888514,4119
0.227892868,4118
0.227896915,4117
0.22790053,4116
0.227904523,4115
0.227911019,4114
0.227914958,4113
0.227919816,4112
0.227923183,4111
0.227928625,4110
0.227935757,4109
0.227939611,4108
0.227943028,4107
0.227947435,4106
0.227951467,4105
0.227955644,4104
0.227959409,4103
0.227965104,4102
0.227969208,4101
0.228074319,4100
0.228079479,4099
0.22808312,4098
0.228088949,4097
0.228092496,4096
0.228096075,4095
0.228099559,4094
0.228103183,4093
0.228106918,4092
0.228111916,4091
0.22811606,4090
0.228119463,4089
0.22812299,4088
0.22812814,4087
0.228142599,4086
0.228180076,4085
0.228186517,4084
0.228192742,4083
0.228197064,4082
0.22823086,4081
0.228234873,4080
0.228238518,4079
0.228242478,4078
0.228248343,4077
0.228255369,4076
0.228258996,4075
0.228264429,4074
0.228269496,4073
0.2282733,4072
0.228276396,4071
0.228279927,4070
0.22828364,4069
0.22828734,4068
0.228313691,4067
0.228330186,4066
0.22833469,4065
0.228338277,4064
0.228342707,4063
0.228346891,4062
0.228350546,4061
0.228358357,4060
0.228361868,4059
0.228366714,4058
0.228375711,4057
0.228379402,4056
0.228383901,4055
0.228388411,4054
0.228395891,4053
0.228400338,4052
0.228407711,4051
0.228411866,4050
0.228415809,4049
0.228420189,4048
0.228428269,4047
0.228432309,4046
0.228439412,4045
0.228445375,4044
0.228451759,4043
0.228455302,4042
0.228464956,4041
0.228470179,4040
0.22847568,4039
0.228483278,4038
0.228487728,4037
0.22849158,4036
0.228495375,4035
0.228500009,4034
0.228505923,4033
0.228511062,4032
0.228514737,4031
0.228519371,4030
0.228522829,4029
0.228525976,4028
0.22853055,4027
0.228534674,4026
0.228538483,4025
0.228544881,4024
0.228548694,4023
0.228552482,4022
0.228558777,4021
0.228563323,4020
0.228566664,4019
0.228570314,4018
0.228574673,4017
0.228578232,4016
0.228581948,4015
0.228585231,4014
0.228588524,4013
0.228593861,4012
0.228597852,4011
0.228604212,4010
0.228608865,4009
0.228613107,4008
0.22861628,4007
0.228619964,4006
0.228624036,4005
0.2286275,4004
0.228632958,4003
0.228636488,4002
0.22864051,4001
0.228644156,4000
0.228648051,3999
0.228651902,3998
0.228657231,3997
0.228661479,3996
0.228665634,3995
0.228669845,3994
0.228673991,3993
0.228678024,3992
0.228685186,3991
0.228690128,3990
0.22869379,3989
0.228697393,3988
0.228701038,3987
0.228705014,3986
0.228708959,3985
0.228712414,3984
0.228716184,3983
0.228720193,3982
0.228724551,3981
0.228728296,3980
0.228732054,3979
0.228736276,3978
0.228740442,3977
0.228743549,3976
0.228748336,3975
0.228751867,3974
0.228757269,3973
0.228760584,3972
0.228765701,3971
0.228770196,3970
0.228773815,3969
0.228777122,3968
0.228780512,3967
0.228783926,3966
0.228787441,3965
0.228790852,3964
0.228796616,3963
0.228800054,3962
0.228803719,3961
0.228808918,3960
0.228812587,3959
0.228816309,3958
0.228821509,3957
0.228825114,3956
0.228828241,3955
0.228831955,3954
0.22883855,3953
0.228846122,3952
0.22885168,3951
0.228886916,3950
0.229353218,3949
0.229393704,3948
0.2294046,3947
0.229408885,3946
0.229414721,3945
0.229418448,3944
0.229429948,3943
0.229435186,3942
0.22944427,3941
0.229448115,3940
0.229451694,3939
0.229456401,3938
0.229460017,3937
0.229495811,3936
0.229499764,3935
0.229505215,3934
0.229509288,3933
0.229514067,3932
0.229517855,3931
0.229523363,3930
0.229528953,3929
0.229533755,3928
0.229539926,3927
0.229544228,3926
0.229548083,3925
0.229552484,3924
0.229557206,3923
0.229561587,3922
0.229566291,3921
0.229572404,3920
0.229580384,3919
0.22958619,3918
0.229592514,3917
0.229598172,3916
0.229602944,3915
0.229645294,3914
0.229651036,3913
0.229780188,3912
0.229892334,3911
0.22991017,3910
0.229937973,3909
0.230898928,3908
0.230906891,3907
0.230913317,3906
0.230917428,3905
0.230921423,3904
0.230924916,3903
0.230928283,3902
0.230933549,3901
0.230937104,3900
0.230940443,3899
0.230945395,3898
0.230950173,3897
0.230953918,3896
0.230959137,3895
0.230962073,3894
0.230965907,3893
0.230969998,3892
0.230973181,3891
0.230976131,3890
0.230979784,3889
0.231005823,3888
0.231025349,3887
0.231028953,3886
0.231032258,3885
0.231036214,3884
0.231041524,3883
0.231045511,3882
0.231051479,3881
0.231057209,3880
0.231061747,3879
0.231065737,3878
0.231069737,3877
0.231079757,3876
0.231085437,3875
0.231089343,3874
0.231101354,3873
0.23111071,3872
0.231115444,3871
0.23112098,3870
0.231124624,3869
0.231129145,3868
0.231133105,3867
0.231136506,3866
0.231141419,3865
0.23115165,3864
0.231159026,3863
0.231167074,3862
0.231171621,3861
0.231175513,3860
0.231180559,3859
0.231189881,3858
0.231194435,3857
0.231205656,3856
0.231210348,3855
0.231215242,3854
0.231219701,3853
0.231223415,3852
0.231228495,3851
0.231240982,3850
0.23125566,3849
0.2312603,3848
0.231264998,3847
0.231269058,3846
0.231273756,3845
0.231277756,3844
0.231282077,3843
0.23130695,3842
0.231311491,3841
0.231317172,3840
0.231323966,3839
0.231330835,3838
0.231335236,3837
0.231338754,3836
0.231342609,3835
0.231345742,3834
0.231348869,3833
0.231353008,3832
0.231356056,3831
0.232651384,3830
0.23266343,3829
0.232670756,3828
0.232674221,3827
0.232678171,3826
0.232684128,3825
0.232693157,3824
0.232696742,3823
0.232700859,3822
0.232709682,3821
0.232714733,3820
0.232720068,3819
0.232723159,3818
0.232731362,3817
0.232735658,3816
0.232739664,3815
0.232751601,3814
0.232764602,3813
0.232767852,3812
0.232773213,3811
0.232776828,3810
0.232810971,3809
0.232815483,3808
0.232818942,3807
0.232823636,3806
0.232856481,3805
0.232859682,3804
0.232862551,3803
0.232867678,3802
0.232873219,3801
0.232931807,3800
0.232967235,3799
0.232990514,3798
0.232995384,3797
0.233008499,3796
0.233079465,3795
0.233083954,3794
0.23308849,3793
0.233093446,3792
0.23309703,3791
0.233103366,3790
0.233115436,3789
0.233119501,3788
0.233127032,3787
0.233131419,3786
0.233136712,3785
0.233144513,3784
0.233151414,3783
0.233155423,3782
0.233162903,3781
0.233165825,3780
0.233170008,3779
0.233174038,3778
0.23318928,3777
0.233204356,3776
0.2332098,3775
0.233213395,3774
0.233216403,3773
0.233221353,3772
0.233225473,3771
0.233229293,3770
0.233233327,3769
0.233238352,3768
0.233246218,3767
0.233249391,3766
0.233258345,3765
0.233261618,3764
0.233269113,3763
0.233273719,3762
0.233278519,3761
0.233281349,3760
0.233284166,3759
0.233287138,3758
0.233293681,3757
0.233298198,3756
0.233301227,3755
0.23330471,3754
0.233309927,3753
0.233352586,3752
0.233389406,3751
0.233394491,3750
0.233426436,3749
0.233439953,3748
0.23345458,3747
0.233458403,3746
0.233472674,3745
0.23347823,3744
0.233484094,3743
0.233496487,3742
0.233502327,3741
0.233515095,3740
0.233518696,3739
0.233524642,3738
0.233530559,3737
0.233534206,3736
0.233537615,3735
0.233540698,3734
0.233550213,3733
0.23355838,3732
0.233568827,3731
0.233573079,3730
0.233577967,3729
0.233585163,3728
0.233594055,3727
0.234045934,3726
0.234054198,3725
0.23405819,3724
0.234064096,3723
0.234067723,3722
0.234076044,3721
0.234081773,3720
0.234088228,3719
0.23409291,3718
0.23409866,3717
0.234104284,3716
0.234108852,3715
0.234112531,3714
0.234170179,3713
0.23417828,3712
0.234189459,3711
0.23419626,3710
0.234203225,3709
0.234206777,3708
0.234211674,3707
0.234220936,3706
0.234225001,3705
0.234229969,3704
0.234246251,3703
0.234250478,3702
0.234256239,3701
0.234267585,3700
0.234272825,3699
0.234281168,3698
0.234286527,3697
0.234292778,3696
0.23430167,3695
0.234305057,3694
0.234310501,3693
0.234318982,3692
0.234324722,3691
0.234332793,3690
0.234335814,3689
0.234340076,3688
0.234343307,3687
0.234346743,3686
0.234349424,3685
0.234352984,3684
0.234356231,3683
0.234365791,3682
0.234371476,3681
0.234375081,3680
0.234379283,3679
0.234382313,3678
0.23438892,3677
0.2343944,3676
0.234399594,3675
0.234403103,3674
0.234408623,3673
0.234414512,3672
0.234421803,3671
0.23442721,3670
0.234432015,3669
0.234435393,3668
0.234445342,3667
0.234450208,3666
0.234454616,3665
0.234459643,3664
0.234462807,3663
0.234467916,3662
0.234471897,3661
0.234475005,3660
0.234480794,3659
0.234486646,3658
0.234489321,3657
0.234496907,3656
0.234505097,3655
0.234510527,3654
0.234513811,3653
0.23451711,3652
0.234522207,3651
0.234525277,3650
0.234530259,3649
0.234533407,3648
0.234542152,3647
0.234547119,3646
0.234550792,3645
0.234554536,3644
0.234559167,3643
0.23599943,3642
0.236004613,3641
0.236010029,3640
0.236024295,3639
0.236028014,3638
0.236033889,3637
0.236045529,3636
0.236054073,3635
0.236063709,3634
0.236067656,3633
0.236071188,3632
0.236113873,3631
0.236122704,3630
0.236198303,3629
0.236207023,3628
0.236220468,3627
0.236228065,3626
0.23623231,3625
0.236241667,3624
0.236246652,3623
0.236251795,3622
0.23625665,3621
0.236264464,3620
0.236268305,3619
0.236273858,3618
0.236283351,3617
0.236287262,3616
0.236292415,3615
0.236299174,3614
0.236304535,3613
0.236308061,3612
0.236318643,3611
0.236354785,3610
0.236358517,3609
0.236364875,3608
0.236373158,3607
0.236408891,3606
0.236412782,3605
0.236454201,3604
0.236462892,3603
0.23646806,3602
0.236472713,3601
0.236478843,3600
0.236490592,3599
0.23649552,3598
0.236499529,3597
0.236504468,3596
0.236509035,3595
0.236512553,3594
0.236551549,3593
0.236555828,3592
0.236559346,3591
0.236564858,3590
0.236575293,3589
0.236580388,3588
0.236595382,3587
0.236664652,3586
0.236672058,3585
0.236740668,3584
0.236754754,3583
0.236762211,3582
0.236767541,3581
0.236772208,3580
0.236775263,3579
0.236778659,3578
0.236782408,3577
0.236792808,3576
0.236797162,3575
0.236808428,3574
0.236815873,3573
0.236822415,3572
0.236828937,3571
0.236836027,3570
0.236839947,3569
0.236845449,3568
0.236882948,3567
0.236909339,3566
0.236936788,3565
0.236947385,3564
0.236951513,3563
0.236955846,3562
0.236965876,3561
0.236971976,3560
0.236976956,3559
0.236980266,3558
0.236988758,3557
0.236992059,3556
0.236995641,3555
0.236999019,3554
0.237004994,3553
0.237022393,3552
0.237030347,3551
0.237034012,3550
0.237040965,3549
0.23704426,3548
0.237048201,3547
0.237051488,3546
0.237056984,3545
0.237068219,3544
0.237073606,3543
0.237078632,3542
0.237087025,3541
0.237092876,3540
0.2370963,3539
0.237103448,3538
0.237108447,3537
0.237116705,3536
0.237119785,3535
0.237123946,3534
0.237128188,3533
0.237131514,3532
0.237140585,3531
0.237143485,3530
0.237150718,3529
0.237154957,3528
0.237157872,3527
0.23716232,3526
0.237169096,3525
0.237178353,3524
0.237182577,3523
0.237185148,3522
0.23719898,3521
0.237205563,3520
0.237209914,3519
0.237212696,3518
0.237216523,3517
0.237225543,3516
0.237248224,3515
0.237281581,3514
0.237346255,3513
0.237351621,3512
0.237386705,3511
0.237392377,3510
0.237400197,3509
0.237425123,3508
0.237428851,3507
0.237443924,3506
0.237496894,3505
0.237501661,3504
0.237506248,3503
0.238208674,3502
0.238406509,3501
0.238412559,3500
0.238423622,3499
0.238428426,3498
0.238436564,3497
0.238440497,3496
0.238444954,3495
0.238456975,3494
0.238465565,3493
0.238473635,3492
0.238476687,3491
0.238484573,3490
0.238489003,3489
0.23849772,3488
0.238523452,3487
0.238527092,3486
0.238535769,3485
0.238539733,3484
0.238548245,3483
0.238558238,3482
0.238563446,3481
0.238578487,3480
0.238585836,3479
0.238590404,3478
0.238597411,3477
0.238603833,3476
0.238622594,3475
0.238633177,3474
0.238639943,3473
0.23864365,3472
0.238649133,3471
0.238669776,3470
0.238681832,3469
0.238693919,3468
0.238699055,3467
0.23873177,3466
0.23873865,3465
0.238742674,3464
0.238746418,3463
0.238750709,3462
0.238759278,3461
0.23877188,3460
0.238807765,3459
0.238827975,3458
0.238834755,3457
0.238846585,3456
0.238852725,3455
0.238863282,3454
0.238870924,3453
0.238878268,3452
0.238890041,3451
0.238907246,3450
0.238910375,3449
0.23891337,3448
0.238922232,3447
0.238927042,3446
0.238939153,3445
0.238946947,3444
0.2389507,3443
0.238957197,3442
0.238970851,3441
0.23898552,3440
0.239031042,3439
0.239034557,3438
0.239049856,3437
0.239055904,3436
0.239065861,3435
0.239075137,3434
0.239080642,3433
0.239091156,3432
0.239109775,3431
0.239117731,3430
0.239171972,3429
0.239179292,3428
0.239190634,3427
0.239236716,3426
0.239248099,3425
0.2392908,3424
0.239302681,3423
0.239309885,3422
0.239317448,3421
0.239321391,3420
0.239327514,3419
0.23933114,3418
0.239339512,3417
0.239345972,3416
0.239349694,3415
0.239354933,3414
0.239359423,3413
0.239363099,3412
0.239400016,3411
0.239413296,3410
0.239418095,3409
0.23942863,3408
0.239432656,3407
0.239468467,3406
0.239478579,3405
0.239482957,3404
0.239490185,3403
0.239518463,3402
0.239538961,3401
0.239546101,3400
0.239550174,3399
0.239562113,3398
0.239583528,3397
0.239588186,3396
0.239602547,3395
0.239614163,3394
0.239620396,3393
0.23962524,3392
0.239633261,3391
0.239641962,3390
0.240080541,3389
0.240102383,3388
0.240120363,3387
0.240139678,3386
0.240218496,3385
0.240233565,3384
0.240303023,3383
0.240310878,3382
0.240320687,3381
0.240360839,3380
0.240381318,3379
0.240459136,3378
0.240466506,3377
0.240472208,3376
0.240521044,3375
0.240545429,3374
0.240589188,3373
0.240610244,3372
0.240616707,3371
0.240645329,3370
0.240650783,3369
0.24066094,3368
0.24066496,3367
0.240678469,3366
0.240682971,3365
0.240686775,3364
0.240702995,3363
0.24071195,3362
0.240724076,3361
0.240729295,3360
0.240751211,3359
0.240763758,3358
0.240777633,3357
0.240785657,3356
0.240795573,3355
0.240800374,3354
0.241145285,3353
0.241153215,3352
0.24120283,3351
0.241229901,3350
0.241248472,3349
0.241268092,3348
0.241295269,3347
0.241312995,3346
0.241352508,3345
0.241385076,3344
0.241393637,3343
0.2414148,3342
0.241663068,3341
0.241943156,3340
0.241963136,3339
0.241987517,3338
0.242080977,3337
0.242087066,3336
0.242105837,3335
0.24212542,3334
0.242153858,3333
0.24216699,3332
0.242173296,3331
0.24232714,3330
0.242373885,3329
0.242377208,3328
0.24239125,3327
0.242396558,3326
0.242446231,3325
0.242580475,3324
0.242588098,3323
0.242594296,3322
0.242599334,3321
0.242680586,3320
0.242887427,3319
0.243147289,3318
0.243771429,3317
0.243780433,3316
0.244761093,3315
0.24496183,3314
0.245017812,3313
0.245113934,3312
0.245306507,3311
0.936795279,3310
1.123633706,3309
1.757890496,3308
1.920044253,3307
2.00639362,3306
2.207948789,3305
2.223860045,3304
3.082594308,3303
