0.127886165,6061
0.127961656,6060
0.128004999,6059
0.128039474,6058
0.128125851,6057
0.128164777,6056
0.128182334,6055
0.128189301,6054
0.128196532,6053
0.128203289,6052
0.128210169,6051
0.12821708,6050
0.128223922,6049
0.128516346,6048
0.128532975,6047
0.128546465,6046
0.128560979,6045
0.128574222,6044
0.128587776,6043
0.128639801,6042
0.128658364,6041
0.12867215,6040
0.128683701,6039
0.128694551,6038
0.128704377,6037
0.128714168,6036
0.128721731,6035
0.128729768,6034
0.128736413,6033
0.128743865,6032
0.128750388,6031
0.128766782,6030
0.128777949,6029
0.128789393,6028
0.128800288,6027
0.128810489,6026
0.128820459,6025
0.128830278,6024
0.128840917,6023
0.128851431,6022
0.128862094,6021
0.128873422,6020
0.128884605,6019
0.128897818,6018
0.128910518,6017
0.128926838,6016
0.128936791,6015
0.128945896,6014
0.128953108,6013
0.128960391,6012
0.128969834,6011
0.128986208,6010
0.128993727,6009
0.12900038,6008
0.12900692,6007
0.129013437,6006
0.129019263,6005
0.12902598,6004
0.129032227,6003
0.129038198,6002
0.129043999,6001
0.129049938,6000
0.129055725,5999
0.129062315,5998
0.129070098,5997
0.1290962,5996
0.129102191,5995
0.129108224,5994
0.129116408,5993
0.129123774,5992
0.129128907,5991
0.129133508,5990
0.129150713,5989
0.129161926,5988
0.129166473,5987
0.129170871,5986
0.129175944,5985
0.129182488,5984
0.129281242,5983
0.129341408,5982
0.129352429,5981
0.129373699,5980
0.129378262,5979
0.129399607,5978
0.129404447,5977
0.129408984,5976
0.129414074,5975
0.129419193,5974
0.129424036,5973
0.12943037,5972
0.129440344,5971
0.129474879,5970
0.129506858,5969
0.129541004,5968
0.129550603,5967
0.129558001,5966
0.129564348,5965
0.12957079,5964
0.129576908,5963
0.129583138,5962
0.129588131,5961
0.129593752,5960
0.129600042,5959
0.129608914,5958
0.129616028,5957
0.129642943,5956
0.129650839,5955
0.129684381,5954
0.129693664,5953
0.129709911,5952
0.129717538,5951
0.129724221,5950
0.129734671,5949
0.129758439,5948
0.129770538,5947
0.129782272,5946
0.129788164,5945
0.129793343,5944
0.129801289,5943
0.129808504,5942
0.129815951,5941
0.12986294,5940
0.129871923,5939
0.129882348,5938
0.129899003,5937
0.129905375,5936
0.129912454,5935
0.129927559,5934
0.129934107,5933
0.129939464,5932
0.129956412,5931
0.129969211,5930
0.12997758,5929
0.129985317,5928
0.129992309,5927
0.129998279,5926
0.130004259,5925
0.130010736,5924
0.130016694,5923
0.130022854,5922
0.130028344,5921
0.130036084,5920
0.13004206,5919
0.130048379,5918
0.130054798,5917
0.130060979,5916
0.130067842,5915
0.130074467,5914
0.130080453,5913
0.130086235,5912
0.130098965,5911
0.130104977,5910
0.13011707,5909
0.130129764,5908
0.130136363,5907
0.130180151,5906
0.130463646,5905
0.130502804,5904
0.130511279,5903
0.130516512,5902
0.13052176,5901
0.130527384,5900
0.130534196,5899
0.130577742,5898
0.13058408,5897
0.130589437,5896
0.130594629,5895
0.130599933,5894
0.130605236,5893
0.130610085,5892
0.130615773,5891
0.130630273,5890
0.130662481,5889
0.130669814,5888
0.130681555,5887
0.130716195,5886
0.130722416,5885
0.131131646,5884
0.131148787,5883
0.131156902,5882
0.131162282,5881
0.131180921,5880
0.131192955,5879
0.131244067,5878
0.131256254,5877
0.131262111,5876
0.131267498,5875
0.131273345,5874
0.131278597,5873
0.131291052,5872
0.131296084,5871
0.131301586,5870
0.131325182,5869
0.131352162,5868
0.1313613,5867
0.131375868,5866
0.131409479,5865
0.131421836,5864
0.131450748,5863
0.1314763,5862
0.131488482,5861
0.131495731,5860
0.131501492,5859
0.131506936,5858
0.131512064,5857
0.131518235,5856
0.131523563,5855
0.131528797,5854
0.13153694,5853
0.131543848,5852
0.131547989,5851
0.131551862,5850
0.131555538,5849
0.131559206,5848
0.131565062,5847
0.13157006,5846
0.131575052,5845
0.131579658,5844
0.131585015,5843
0.131589653,5842
0.131594642,5841
0.131600268,5840
0.131605213,5839
0.131610371,5838
0.131615275,5837
0.131620321,5836
0.13162535,5835
0.13163022,5834
0.131634536,5833
0.131639281,5832
0.131651721,5831
0.131656596,5830
0.131669003,5829
0.13167932,5828
0.131720667,5827
0.131728717,5826
0.13173954,5825
0.131752937,5824
0.131759151,5823
0.131765521,5822
0.131811418,5821
0.131847878,5820
0.13186401,5819
0.131870838,5818
0.131882309,5817
0.131887248,5816
0.131891997,5815
0.131904476,5814
0.131909187,5813
0.13191398,5812
0.131918892,5811
0.131924132,5810
0.131928804,5809
0.131932842,5808
0.131937927,5807
0.131954413,5806
0.131960426,5805
0.131965591,5804
0.132041196,5803
0.132053119,5802
0.132057323,5801
0.132061845,5800
0.132065868,5799
0.132070251,5798
0.132075151,5797
0.132079639,5796
0.132091468,5795
0.132096162,5794
0.132100486,5793
0.132105025,5792
0.13210899,5791
0.132112982,5790
0.132116605,5789
0.132120088,5788
0.13212632,5787
0.132132772,5786
0.132168619,5785
0.132173878,5784
0.132179839,5783
0.132185193,5782
0.132190152,5781
0.132195039,5780
0.132200084,5779
0.132204844,5778
0.132215179,5777
0.13222184,5776
0.13222644,5775
0.132231162,5774
0.132235695,5773
0.132241159,5772
0.132252402,5771
0.132257226,5770
0.132268186,5769
0.132272505,5768
0.132276585,5767
0.132281206,5766
0.132286307,5765
0.132290607,5764
0.132295278,5763
0.132299434,5762
0.132304099,5761
0.132308474,5760
0.132312551,5759
0.132316415,5758
0.132320176,5757
0.132324665,5756
0.132328858,5755
0.132333203,5754
0.132337396,5753
0.132341853,5752
0.132346289,5751
0.132350776,5750
0.132354343,5749
0.132358135,5748
0.132362301,5747
0.132367165,5746
0.132372157,5745
0.132393142,5744
0.132416944,5743
0.132456714,5742
0.132462975,5741
0.132468092,5740
0.132473703,5739
0.132479423,5738
0.13248465,5737
0.132489867,5736
0.13249482,5735
0.132499524,5734
0.132505012,5733
0.132509615,5732
0.132514229,5731
0.132518546,5730
0.132523043,5729
0.1325285,5728
0.132532774,5727
0.132536899,5726
0.13254091,5725
0.132552454,5724
0.132557706,5723
0.132562408,5722
0.13256845,5721
0.132572981,5720
0.132578338,5719
0.132583171,5718
0.132587231,5717
0.132591498,5716
0.132596211,5715
0.132600647,5714
0.132605421,5713
0.132610141,5712
0.132614453,5711
0.132618867,5710
0.13262313,5709
0.132627583,5708
0.132631643,5707
0.132635907,5706
0.13263944,5705
0.13264343,5704
0.132646922,5703
0.132650667,5702
0.132656776,5701
0.132661606,5700
0.132666086,5699
0.132671045,5698
0.132675846,5697
0.132704961,5696
0.132709614,5695
0.13271433,5694
0.132718495,5693
0.132722753,5692
0.132727194,5691
0.132731693,5690
0.132736368,5689
0.132740833,5688
0.132748635,5687
0.132754397,5686
0.132759651,5685
0.132764548,5684
0.132769855,5683
0.132775233,5682
0.132779868,5681
0.132783969,5680
0.132788608,5679
0.132794927,5678
0.13280005,5677
0.132805011,5676
0.132811624,5675
0.132817053,5674
0.132822361,5673
0.132827412,5672
0.13283198,5671
0.132836565,5670
0.132841918,5669
0.132847427,5668
0.132852221,5667
0.132857443,5666
0.132866211,5665
0.132871865,5664
0.132876388,5663
0.132882178,5662
0.132887871,5661
0.132893533,5660
0.132899154,5659
0.132904073,5658
0.132909701,5657
0.132918852,5656
0.132924757,5655
0.132929925,5654
0.132935009,5653
0.132939572,5652
0.132943644,5651
0.132947695,5650
0.132952027,5649
0.132955919,5648
0.13296352,5647
0.13296775,5646
0.132973024,5645
0.132981471,5644
0.132986131,5643
0.132990263,5642
0.132993974,5641
0.132998574,5640
0.133006589,5639
0.133010867,5638
0.133021827,5637
0.133025767,5636
0.133029651,5635
0.133033017,5634
0.133036608,5633
0.133040203,5632
0.133049,5631
0.13305273,5630
0.133056151,5629
0.133059601,5628
0.133063345,5627
0.133066734,5626
0.133070012,5625
0.133073255,5624
0.133076642,5623
0.133080325,5622
0.133083643,5621
0.133087245,5620
0.133090732,5619
0.13309458,5618
0.133097646,5617
0.133100821,5616
0.133104196,5615
0.133107606,5614
0.133110981,5613
0.133114214,5612
0.133118111,5611
0.133121408,5610
0.133124631,5609
0.133128326,5608
0.133132791,5607
0.133136921,5606
0.133140806,5605
0.133144582,5604
0.13314881,5603
0.133153286,5602
0.133157378,5601
0.133168215,5600
0.133175769,5599
0.133182232,5598
0.133187886,5597
0.133193687,5596
0.133198515,5595
0.133203042,5594
0.133207093,5593
0.133211797,5592
0.133216861,5591
0.13322183,5590
0.13322648,5589
0.133236937,5588
0.13324621,5587
0.133282632,5586
0.133288882,5585
0.133294642,5584
0.133300046,5583
0.133305938,5582
0.133312037,5581
0.133316894,5580
0.133323102,5579
0.133327926,5578
0.133332817,5577
0.133338046,5576
0.133342529,5575
0.133347688,5574
0.133360976,5573
0.133365736,5572
0.133370607,5571
0.133374925,5570
0.133379374,5569
0.133383775,5568
0.133388098,5567
0.133391932,5566
0.133396012,5565
0.133399852,5564
0.133403954,5563
0.133408381,5562
0.13341233,5561
0.133416,5560
0.13342034,5559
0.13342468,5558
0.133428844,5557
0.13343307,5556
0.133437348,5555
0.13344146,5554
0.133446631,5553
0.133450821,5552
0.133455608,5551
0.13347519,5550
0.133481763,5549
0.133486385,5548
0.133490551,5547
0.133494858,5546
0.133499061,5545
0.133503061,5544
0.133508106,5543
0.133513087,5542
0.133517319,5541
0.133521611,5540
0.133526371,5539
0.133530952,5538
0.133535359,5537
0.133539789,5536
0.133543699,5535
0.133547681,5534
0.133552308,5533
0.133556915,5532
0.133561167,5531
0.133567509,5530
0.133572874,5529
0.133576259,5528
0.133579116,5527
0.133582241,5526
0.133585743,5525
0.133588888,5524
0.133592039,5523
0.133595002,5522
0.133597799,5521
0.133600875,5520
0.133603863,5519
0.133606985,5518
0.133609748,5517
0.133612694,5516
0.133615899,5515
0.133644625,5514
0.13364726,5513
0.133649995,5512
0.133652598,5511
0.133655019,5510
0.133657419,5509
0.133659957,5508
0.1336627,5507
0.13366552,5506
0.13366827,5505
0.133670722,5504
0.1336738,5503
0.133676148,5502
0.133679415,5501
0.133683017,5500
0.133687268,5499
0.133690018,5498
0.133692477,5497
0.133694966,5496
0.133697531,5495
0.133699813,5494
0.133702295,5493
0.133704672,5492
0.133707254,5491
0.133709492,5490
0.133711682,5489
0.133714141,5488
0.133716352,5487
0.133718533,5486
0.133743967,5485
0.133747483,5484
0.133751666,5483
0.133756291,5482
0.133793364,5481
0.133797674,5480
0.133801474,5479
0.133805864,5478
0.133819309,5477
0.133823348,5476
0.133827171,5475
0.133830926,5474
0.13383495,5473
0.133874017,5472
0.133879579,5471
0.133884919,5470
0.133890309,5469
0.133930609,5468
0.133940759,5467
0.133945297,5466
0.133953309,5465
0.133958113,5464
0.134006786,5463
0.134010964,5462
0.134014795,5461
0.13401864,5460
0.134023407,5459
0.134028948,5458
0.134033373,5457
0.1340377,5456
0.134046486,5455
0.134050688,5454
0.13405499,5453
0.13405854,5452
0.134062301,5451
0.134066087,5450
0.134069927,5449
0.134074055,5448
0.134077181,5447
0.134080411,5446
0.134083226,5445
0.134086237,5444
0.134089463,5443
0.134093174,5442
0.134096071,5441
0.134099027,5440
0.134136279,5439
0.134140463,5438
0.134144698,5437
0.134148692,5436
0.134153536,5435
0.134157949,5434
0.134162018,5433
0.134166113,5432
0.134170531,5431
0.13417571,5430
0.134180437,5429
0.134186573,5428
0.134225662,5427
0.134233223,5426
0.134239362,5425
0.134243077,5424
0.134247767,5423
0.134252718,5422
0.134256718,5421
0.134260364,5420
0.134264332,5419
0.134268458,5418
0.134272254,5417
0.134275794,5416
0.134279941,5415
0.134283562,5414
0.13429934,5413
0.134304012,5412
0.134308363,5411
0.134311789,5410
0.134317142,5409
0.134322305,5408
0.134325713,5407
0.134329317,5406
0.134332182,5405
0.134334707,5404
0.134337262,5403
0.134339764,5402
0.134343132,5401
0.13434728,5400
0.134351423,5399
0.134355402,5398
0.13435886,5397
0.134362236,5396
0.134365677,5395
0.134369527,5394
0.134373337,5393
0.134376876,5392
0.134380867,5391
0.13438436,5390
0.134387776,5389
0.134391252,5388
0.134394467,5387
0.134399026,5386
0.134434458,5385
0.134438972,5384
0.134442611,5383
0.134446514,5382
0.134450203,5381
0.134454003,5380
0.134457468,5379
0.134492377,5378
0.134496132,5377
0.134500315,5376
0.134503693,5375
0.134507893,5374
0.134549163,5373
0.134552458,5372
0.134556852,5371
0.134561257,5370
0.134565569,5369
0.134569616,5368
0.134574071,5367
0.134577997,5366
0.134581922,5365
0.134586311,5364
0.134589852,5363
0.134594894,5362
0.134598466,5361
0.134602483,5360
0.134605775,5359
0.134609136,5358
0.13461261,5357
0.134615942,5356
0.134619667,5355
0.134622917,5354
0.134626452,5353
0.134629708,5352
0.134632991,5351
0.134636948,5350
0.13464005,5349
0.134643425,5348
0.134646816,5347
0.134650707,5346
0.134660461,5345
0.134667798,5344
0.134673354,5343
0.134678275,5342
0.134682262,5341
0.134687006,5340
0.134691037,5339
0.134694861,5338
0.13469869,5337
0.134701973,5336
0.13470549,5335
0.134709013,5334
0.134712394,5333
0.134716453,5332
0.134720119,5331
0.134726758,5330
0.134730413,5329
0.134733976,5328
0.134737702,5327
0.134741102,5326
0.134743454,5325
0.134748648,5324
0.134751121,5323
0.13475358,5322
0.134756026,5321
0.134758209,5320
0.134760511,5319
0.134762982,5318
0.134765343,5317
0.134767512,5316
0.134769586,5315
0.134771887,5314
0.134774145,5313
0.134776221,5312
0.134778469,5311
0.134780511,5310
0.134783014,5309
0.13478501,5308
0.134787105,5307
0.134789291,5306
0.134791429,5305
0.134793766,5304
0.134795943,5303
0.13479826,5302
0.134800452,5301
0.134802649,5300
0.134804992,5299
0.134807188,5298
0.134809601,5297
0.134812146,5296
0.134814665,5295
0.134817715,5294
0.134821721,5293
0.134824682,5292
0.134827828,5291
0.134830528,5290
0.13483305,5289
0.134835279,5288
0.134837705,5287
0.134839957,5286
0.134842484,5285
0.134844958,5284
0.134846968,5283
0.134849212,5282
0.134851496,5281
0.134853603,5280
0.134855679,5279
0.13485779,5278
0.134859815,5277
0.134862095,5276
0.134864282,5275
0.134866848,5274
0.134871129,5273
0.134873671,5272
0.134876085,5271
0.134878617,5270
0.134881039,5269
0.134883465,5268
0.134885624,5267
0.134888265,5266
0.13489056,5265
0.134896251,5264
0.134901243,5263
0.134905355,5262
0.134909549,5261
0.134912826,5260
0.134915662,5259
0.134918642,5258
0.134921144,5257
0.134923849,5256
0.134926103,5255
0.134928805,5254
0.134932838,5253
0.134936669,5252
0.134939493,5251
0.134942614,5250
0.134945884,5249
0.134948557,5248
0.134951482,5247
0.134954349,5246
0.13495709,5245
0.134959834,5244
0.134962669,5243
0.134965676,5242
0.134969562,5241
0.134973309,5240
0.134978354,5239
0.134983366,5238
0.134986807,5237
0.134991141,5236
0.134996398,5235
0.135000714,5234
0.135007263,5233
0.135017624,5232
0.135021481,5231
0.135024023,5230
0.135026646,5229
0.135029256,5228
0.135031966,5227
0.135034725,5226
0.135036968,5225
0.135039151,5224
0.135041339,5223
0.135043669,5222
0.135045978,5221
0.135049302,5220
0.135053616,5219
0.135056451,5218
0.135059235,5217
0.135061705,5216
0.135063963,5215
0.135067266,5214
0.135070239,5213
0.13507354,5212
0.13507977,5211
0.135084712,5210
0.135096552,5209
0.135100182,5208
0.13510318,5207
0.135106744,5206
0.135110747,5205
0.135114564,5204
0.135118355,5203
0.135120958,5202
0.135123948,5201
0.13512632,5200
0.135129075,5199
0.135131658,5198
0.135134183,5197
0.135136416,5196
0.135138874,5195
0.135141688,5194
0.135144294,5193
0.135146764,5192
0.135149242,5191
0.135151748,5190
0.138992798,5189
0.138999185,5188
0.139004373,5187
0.139008343,5186
0.139012058,5185
0.139016177,5184
0.1390218,5183
0.139025636,5182
0.13902956,5181
0.139033086,5180
0.139036416,5179
0.139039548,5178
0.139043067,5177
0.139046365,5176
0.139049265,5175
0.139052376,5174
0.139055781,5173
0.139058954,5172
0.139064305,5171
0.139085415,5170
0.139091575,5169
0.139096632,5168
0.139101232,5167
0.139105897,5166
0.139110021,5165
0.139113771,5164
0.139117272,5163
0.139120756,5162
0.139124108,5161
0.139127419,5160
0.139130761,5159
0.139135387,5158
0.139138789,5157
0.139141952,5156
0.139145575,5155
0.139151693,5154
0.13915705,5153
0.139160201,5152
0.139163608,5151
0.139167182,5150
0.13917074,5149
0.139174369,5148
0.139240639,5147
0.139252453,5146
0.139256038,5145
0.139259975,5144
0.139263137,5143
0.139266557,5142
0.139271547,5141
0.139275903,5140
0.139279331,5139
0.139282516,5138
0.139285779,5137
0.139290566,5136
0.139294141,5135
0.139297735,5134
0.139301098,5133
0.13930479,5132
0.139308368,5131
0.139311657,5130
0.139315318,5129
0.13931906,5128
0.13932262,5127
0.139326378,5126
0.139329892,5125
0.139333131,5124
0.139336969,5123
0.139340416,5122
0.13934454,5121
0.139348293,5120
0.139351946,5119
0.139355488,5118
0.13935948,5117
0.1393651,5116
0.139368431,5115
0.139372027,5114
0.139375443,5113
0.139381862,5112
0.139385728,5111
0.14016813,5110
0.140191458,5109
0.140197201,5108
0.140200497,5107
0.140205115,5106
0.140208813,5105
0.140212525,5104
0.140245595,5103
0.140249735,5102
0.140253937,5101
0.140257969,5100
0.140261071,5099
0.140264486,5098
0.140268886,5097
0.140271913,5096
0.140274899,5095
0.140278401,5094
0.140281507,5093
0.14028444,5092
0.140287751,5091
0.140291437,5090
0.140294954,5089
0.140298419,5088
0.140301715,5087
0.140304984,5086
0.140312759,5085
0.140316235,5084
0.140319314,5083
0.140322304,5082
0.140325478,5081
0.140328657,5080
0.140331961,5079
0.140335841,5078
0.140339077,5077
0.140342642,5076
0.140345908,5075
0.140350228,5074
0.140356295,5073
0.140359463,5072
0.140362744,5071
0.140365462,5070
0.14036831,5069
0.140370999,5068
0.140374062,5067
0.140378696,5066
0.140382027,5065
0.140385715,5064
0.14038888,5063
0.140392828,5062
0.140398002,5061
0.140401737,5060
0.140404754,5059
0.140410287,5058
0.140413483,5057
0.140416888,5056
0.140420553,5055
0.14042367,5054
0.140428403,5053
0.140431608,5052
0.140434832,5051
0.14043748,5050
0.140440472,5049
0.140443173,5048
0.140446014,5047
0.140449267,5046
0.140453427,5045
0.140456312,5044
0.140458932,5043
0.140469396,5042
0.140471731,5041
0.140476331,5040
0.140479396,5039
0.140482494,5038
0.140485309,5037
0.140488126,5036
0.140491749,5035
0.140495356,5034
0.140498269,5033
0.140502151,5032
0.140506502,5031
0.140509452,5030
0.140513296,5029
0.140516271,5028
0.140519012,5027
0.140522829,5026
0.140525966,5025
0.140529687,5024
0.140533131,5023
0.140536119,5022
0.140540577,5021
0.140545027,5020
0.140549253,5019
0.140553673,5018
0.140557349,5017
0.140561773,5016
0.140565298,5015
0.140569555,5014
0.140574716,5013
0.140578565,5012
0.140581774,5011
0.140584737,5010
0.140589065,5009
0.140593924,5008
0.140597989,5007
0.140601222,5006
0.140605273,5005
0.140622229,5004
0.140625233,5003
0.140629286,5002
0.140632957,5001
0.140636294,5000
0.140639474,4999
0.140643994,4998
0.140647109,4997
0.140649838,4996
0.140652202,4995
0.140655226,4994
0.140658075,4993
0.14066094,4992
0.140665988,4991
0.14067192,4990
0.140676532,4989
0.14068171,4988
0.140685995,4987
0.140691026,4986
0.140695197,4985
0.140699315,4984
0.140702524,4983
0.140705654,4982
0.140708988,4981
0.140712187,4980
0.140715435,4979
0.140718298,4978
0.140721058,4977
0.140724985,4976
0.140727903,4975
0.140730941,4974
0.140745619,4973
0.140792237,4972
0.140798342,4971
0.140802353,4970
0.140806301,4969
0.140811272,4968
0.140815514,4967
0.140819573,4966
0.140824144,4965
0.140828611,4964
0.140833291,4963
0.140838152,4962
0.140842199,4961
0.14084859,4960
0.140858065,4959
0.14086244,4958
0.140867055,4957
0.14087298,4956
0.140876902,4955
0.140880572,4954
0.140884462,4953
0.140890993,4952
0.140894371,4951
0.140897344,4950
0.140900195,4949
0.140903129,4948
0.14090593,4947
0.140908399,4946
0.140910992,4945
0.140913666,4944
0.140916286,4943
0.140919913,4942
0.140922372,4941
0.140925162,4940
0.140927837,4939
0.140930576,4938
0.140934253,4937
0.140937135,4936
0.140940528,4935
0.140943411,4934
0.140949399,4933
0.140952163,4932
0.140955603,4931
0.140958618,4930
0.140961195,4929
0.140963864,4928
0.140966366,4927
0.140969067,4926
0.140972445,4925
0.140975177,4924
0.14097862,4923
0.140981652,4922
0.140984767,4921
0.140988214,4920
0.140992237,4919
0.140995032,4918
0.140998465,4917
0.141003492,4916
0.14100774,4915
0.141011079,4914
0.141014213,4913
0.141017093,4912
0.141019789,4911
0.141022416,4910
0.141027376,4909
0.141031562,4908
0.141035104,4907
0.141037996,4906
0.14104054,4905
0.141043655,4904
0.141047571,4903
0.141052203,4902
0.141055193,4901
0.14105812,4900
0.141060879,4899
0.14106463,4898
0.141071255,4897
0.141074175,4896
0.141080399,4895
0.141084237,4894
0.141087187,4893
0.141089808,4892
0.141092515,4891
0.141097642,4890
0.14110097,4889
0.141104386,4888
0.141107549,4887
0.141110857,4886
0.141113632,4885
0.141119687,4884
0.141122601,4883
0.141125604,4882
0.1411349,4881
0.141175625,4880
0.141194691,4879
0.141200591,4878
0.141214573,4877
0.141218281,4876
0.141222322,4875
0.141226266,4874
0.141230354,4873
0.141235918,4872
0.141239908,4871
0.141244196,4870
0.141273707,4869
0.141278264,4868
0.141281141,4867
0.141284042,4866
0.141286623,4865
0.141290284,4864
0.14129322,4863
0.141296914,4862
0.14130008,4861
0.141322624,4860
0.141325412,4859
0.141339565,4858
0.141342366,4857
0.141345569,4856
0.141366676,4855
0.141369478,4854
0.141371957,4853
0.141374965,4852
0.141377364,4851
0.141380643,4850
0.141385599,4849
0.1413895,4848
0.14139302,4847
0.14139709,4846
0.141400167,4845
0.141403865,4844
0.14140764,4843
0.141410606,4842
0.141413809,4841
0.141420295,4840
0.141423275,4839
0.141427356,4838
0.141430886,4837
0.141434714,4836
0.141438405,4835
0.141442908,4834
0.141446415,4833
0.141451029,4832
0.141454576,4831
0.141457927,4830
0.14146135,4829
0.141464428,4828
0.141467867,4827
0.14147107,4826
0.141474608,4825
0.141477705,4824
0.141482166,4823
0.141486514,4822
0.141491415,4821
0.141495794,4820
0.141498863,4819
0.141502312,4818
0.141505581,4817
0.141508293,4816
0.141512314,4815
0.141516912,4814
0.141520548,4813
0.141523939,4812
0.141527346,4811
0.141530552,4810
0.141533723,4809
0.141537058,4808
0.141540382,4807
0.141543557,4806
0.141546674,4805
0.141550723,4804
0.141555408,4803
0.141559508,4802
0.141563038,4801
0.14156657,4800
0.141570756,4799
0.141573807,4798
0.141580422,4797
0.14158346,4796
0.141587091,4795
0.14159045,4794
0.141594502,4793
0.141597991,4792
0.141602335,4791
0.141606305,4790
0.141610282,4789
0.141614729,4788
0.141617772,4787
0.141621765,4786
0.141626057,4785
0.141630509,4784
0.141633765,4783
0.141636776,4782
0.141640683,4781
0.141644019,4780
0.141648133,4779
0.141653122,4778
0.141657029,4777
0.141660341,4776
0.141663293,4775
0.141667302,4774
0.141672585,4773
0.141675619,4772
0.141680839,4771
0.141683665,4770
0.141687745,4769
0.141691025,4768
0.141693458,4767
0.141698095,4766
0.141700714,4765
0.141703373,4764
0.141706082,4763
0.141708836,4762
0.141712535,4761
0.141715128,4760
0.141719362,4759
0.14172284,4758
0.141727452,4757
0.141729884,4756
0.141733107,4755
0.141735515,4754
0.14173818,4753
0.141740834,4752
0.141744197,4751
0.141747817,4750
0.141752849,4749
0.141755522,4748
0.141758524,4747
0.141761622,4746
0.141764241,4745
0.141767257,4744
0.141770046,4743
0.141772794,4742
0.141775551,4741
0.141779034,4740
0.141782828,4739
0.141785571,4738
0.141789117,4737
0.141792734,4736
0.14179587,4735
0.141798893,4734
0.141803865,4733
0.141808552,4732
0.141811789,4731
0.141814834,4730
0.141818447,4729
0.141834081,4728
0.141838243,4727
0.141844287,4726
0.141850231,4725
0.141853609,4724
0.141857068,4723
0.141866333,4722
0.141870049,4721
0.14187288,4720
0.14187601,4719
0.141881072,4718
0.141886521,4717
0.141889707,4716
0.141896032,4715
0.141899696,4714
0.141906291,4713
0.141910882,4712
0.141913807,4711
0.141917734,4710
0.141923789,4709
0.141927243,4708
0.141930621,4707
0.14193453,4706
0.141937548,4705
0.14194334,4704
0.141947142,4703
0.141952902,4702
0.141956941,4701
0.141960367,4700
0.141963546,4699
0.141966717,4698
0.141973087,4697
0.141976307,4696
0.141979508,4695
0.141982799,4694
0.141985687,4693
0.141990003,4692
0.141993089,4691
0.141997023,4690
0.142000798,4689
0.142006166,4688
0.14200962,4687
0.142012919,4686
0.142017384,4685
0.142021487,4684
0.142025103,4683
0.142029575,4682
0.142032981,4681
0.142036638,4680
0.142043786,4679
0.14208115,4678
0.142116714,4677
0.142122492,4676
0.142157135,4675
0.142196891,4674
0.142201541,4673
0.142208122,4672
0.142212523,4671
0.142218396,4670
0.142222169,4669
0.142226794,4668
0.14223163,4667
0.142236059,4666
0.14224053,4665
0.142244511,4664
0.142248721,4663
0.142252886,4662
0.142257049,4661
0.142260927,4660
0.142264512,4659
0.142267889,4658
0.142271324,4657
0.14227508,4656
0.142278528,4655
0.142283313,4654
0.14228696,4653
0.142295426,4652
0.142299161,4651
0.142303364,4650
0.142307247,4649
0.142311254,4648
0.14231534,4647
0.142318773,4646
0.142322867,4645
0.142332624,4644
0.14234061,4643
0.14234497,4642
0.142348802,4641
0.142352592,4640
0.142355949,4639
0.142360296,4638
0.142363688,4637
0.142367648,4636
0.14237103,4635
0.142375243,4634
0.14237948,4633
0.142384289,4632
0.142387696,4631
0.142400344,4630
0.142405037,4629
0.142409139,4628
0.142413982,4627
0.142417364,4626
0.142420724,4625
0.142424072,4624
0.142427325,4623
0.142430581,4622
0.142433468,4621
0.142436641,4620
0.142439582,4619
0.142444549,4618
0.14244788,4617
0.142451212,4616
0.142454193,4615
0.142457694,4614
0.142461062,4613
0.142464359,4612
0.142468209,4611
0.142471196,4610
0.142473976,4609
0.142481424,4608
0.14248405,4607
0.142486872,4606
0.142489607,4605
0.142492218,4604
0.142496496,4603
0.142500652,4602
0.142503569,4601
0.14250678,4600
0.142509627,4599
0.142512896,4598
0.142515653,4597
0.142518731,4596
0.142522453,4595
0.142524972,4594
0.142528608,4593
0.142532079,4592
0.142535374,4591
0.142539114,4590
0.142542022,4589
0.142545169,4588
0.142548065,4587
0.14255187,4586
0.142554956,4585
0.142558822,4584
0.142561658,4583
0.142565973,4582
0.142568677,4581
0.142571413,4580
0.142574442,4579
0.142577833,4578
0.142580525,4577
0.142583758,4576
0.142586978,4575
0.142590531,4574
0.142593453,4573
0.142595918,4572
0.142600496,4571
0.142606402,4570
0.142610729,4569
0.142614144,4568
0.142619192,4567
0.142622859,4566
0.142627891,4565
0.142631975,4564
0.142636019,4563
0.142639519,4562
0.142645238,4561
0.142649397,4560
0.142655885,4559
0.142660631,4558
0.142667006,4557
0.142669817,4556
0.142673758,4555
0.14267688,4554
0.142679653,4553
0.142682669,4552
0.142685569,4551
0.142689298,4550
0.142692283,4549
0.142696158,4548
0.142699121,4547
0.142704825,4546
0.142707951,4545
0.142712092,4544
0.142715222,4543
0.142718387,4542
0.142722305,4541
0.142725251,4540
0.142729437,4539
0.1427327,4538
0.142735545,4537
0.142739856,4536
0.142744196,4535
0.142748317,4534
0.14275148,4533
0.142754658,4532
0.142759001,4531
0.142762685,4530
0.142766398,4529
0.142769291,4528
0.142772605,4527
0.142775627,4526
0.142779694,4525
0.142782777,4524
0.142787656,4523
0.142791497,4522
0.142803749,4521
0.142806707,4520
0.142809602,4519
0.142814897,4518
0.142817829,4517
0.142821064,4516
0.142824515,4515
0.142827279,4514
0.142830526,4513
0.142835422,4512
0.142838812,4511
0.142842046,4510
0.142845675,4509
0.14284865,4508
0.142852478,4507
0.14285879,4506
0.142863344,4505
0.142866874,4504
0.142869817,4503
0.142873596,4502
0.142878623,4501
0.142881386,4500
0.142884286,4499
0.142887232,4498
0.142889737,4497
0.142892074,4496
0.142896068,4495
0.142899979,4494
0.142903462,4493
0.142907461,4492
0.142910699,4491
0.142913799,4490
0.142916926,4489
0.142920159,4488
0.14292288,4487
0.142926026,4486
0.14292924,4485
0.142932352,4484
0.142935435,4483
0.142942357,4482
0.142945665,4481
0.142948691,4480
0.142953492,4479
0.142957432,4478
0.14296032,4477
0.142962783,4476
0.142965329,4475
0.14296814,4474
0.1429709,4473
0.142973746,4472
0.142977741,4471
0.142980368,4470
0.142983222,4469
0.142986734,4468
0.14298947,4467
0.142992128,4466
0.142998501,4465
0.14300169,4464
0.143004502,4463
0.143008956,4462
0.143012913,4461
0.143015592,4460
0.14302048,4459
0.143025548,4458
0.143029705,4457
0.143035417,4456
0.143038277,4455
0.1430426,4454
0.1430454,4453
0.14304837,4452
0.143051232,4451
0.143054387,4450
0.143057834,4449
0.143060652,4448
0.143063449,4447
0.143066689,4446
0.143069176,4445
0.143071689,4444
0.143074189,4443
0.143076812,4442
0.143079367,4441
0.14308216,4440
0.143084931,4439
0.143088097,4438
0.143092072,4437
0.143094451,4436
0.143097039,4435
0.143100876,4434
0.143103306,4433
0.143105739,4432
0.143109595,4431
0.143112074,4430
0.143114535,4429
0.143117064,4428
0.143119403,4427
0.143121646,4426
0.143125204,4425
0.143127442,4424
0.143129966,4423
0.143132725,4422
0.143135312,4421
0.143137988,4420
0.143141124,4419
0.143143803,4418
0.143148038,4417
0.143150987,4416
0.143153388,4415
0.143156339,4414
0.143159032,4413
0.143163159,4412
0.14316756,4411
0.143169756,4410
0.143172398,4409
0.143174721,4408
0.143176968,4407
0.14317966,4406
0.143182783,4405
0.143185328,4404
0.143187745,4403
0.143190596,4402
0.143194137,4401
0.143196506,4400
0.143199727,4399
0.143201796,4398
0.143204081,4397
0.143206637,4396
0.143210875,4395
0.143213199,4394
0.14321539,4393
0.143217842,4392
0.14321984,4391
0.143221837,4390
0.143224805,4389
0.143226771,4388
0.14322871,4387
0.143230659,4386
0.143233342,4385
0.143236485,4384
0.143238698,4383
0.143241623,4382
0.143244475,4381
0.143247636,4380
0.143258049,4379
0.14325994,4378
0.143261961,4377
0.14326388,4376
0.14326596,4375
0.143267839,4374
0.143269891,4373
0.143271932,4372
0.143273828,4371
0.143275635,4370
0.14327761,4369
0.143279544,4368
0.143281645,4367
0.143283572,4366
0.14328656,4365
0.143288692,4364
0.143291005,4363
0.143293404,4362
0.143334132,4361
0.143367512,4360
0.143370599,4359
0.143375556,4358
0.143378343,4357
0.143380879,4356
0.143383607,4355
0.143386842,4354
0.143389812,4353
0.14339226,4352
0.14339629,4351
0.143399552,4350
0.143417696,4349
0.143421677,4348
0.143425668,4347
0.14343065,4346
0.143433111,4345
0.143436248,4344
0.143438905,4343
0.143443092,4342
0.143447066,4341
0.14345103,4340
0.143454333,4339
0.143457147,4338
0.14346,4337
0.143463949,4336
0.143469,4335
0.14347226,4334
0.143475207,4333
0.143478588,4332
0.143481948,4331
0.143485346,4330
0.143490324,4329
0.143493995,4328
0.143497585,4327
0.143503385,4326
0.143508755,4325
0.143519168,4324
0.143539712,4323
0.143603,4322
0.143615183,4321
0.143663715,4320
0.143670913,4319
0.143725396,4318
0.143731929,4317
0.1437359,4316
0.143739825,4315
0.143743966,4314
0.143748505,4313
0.143752026,4312
0.143763846,4311
0.143768389,4310
0.143772688,4309
0.143776772,4308
0.143780551,4307
0.143784482,4306
0.143788631,4305
0.143791818,4304
0.143795906,4303
0.143800588,4302
0.143804107,4301
0.143807634,4300
0.143810641,4299
0.143814924,4298
0.143818194,4297
0.14382094,4296
0.143824988,4295
0.143830809,4294
0.143839425,4293
0.143843335,4292
0.143849362,4291
0.143854151,4290
0.143857349,4289
0.143860747,4288
0.143864383,4287
0.143867677,4286
0.143871024,4285
0.143874276,4284
0.143877449,4283
0.143882023,4282
0.143889884,4281
0.143893604,4280
0.143897014,4279
0.14390306,4278
0.143906245,4277
0.143909185,4276
0.143913073,4275
0.143916282,4274
0.143919322,4273
0.143923084,4272
0.143926956,4271
0.143930382,4270
0.143933962,4269
0.143937049,4268
0.143940245,4267
0.143944437,4266
0.143948805,4265
0.143952206,4264
0.143956949,4263
0.143960836,4262
0.14396512,4261
0.143968917,4260
0.143972869,4259
0.143978474,4258
0.143983051,4257
0.143987053,4256
0.143990852,4255
0.143994277,4254
0.143997021,4253
0.143999381,4252
0.144002062,4251
0.144004594,4250
0.144008459,4249
0.144011923,4248
0.144014779,4247
0.144017519,4246
0.144020294,4245
0.144023288,4244
0.144026814,4243
0.144030302,4242
0.144036181,4241
0.144041399,4240
0.144044719,4239
0.14404875,4238
0.144051739,4237
0.14405481,4236
0.144058292,4235
0.144061215,4234
0.144064885,4233
0.144069625,4232
0.144074004,4231
0.144077142,4230
0.14408009,4229
0.144083418,4228
0.14408708,4227
0.144089645,4226
0.144092451,4225
0.144095357,4224
0.144098118,4223
0.144101084,4222
0.144103673,4221
0.144106273,4220
0.14411154,4219
0.144115296,4218
0.144119297,4217
0.144123971,4216
0.14412779,4215
0.144130743,4214
0.1441345,4213
0.144139245,4212
0.144145307,4211
0.144148973,4210
0.144153473,4209
0.144156415,4208
0.144169026,4207
0.144171833,4206
0.144175447,4205
0.1441808,4204
0.144185226,4203
0.14419015,4202
0.144194108,4201
0.144197786,4200
0.144204754,4199
0.144207849,4198
0.144212414,4197
0.144216159,4196
0.144220041,4195
0.144224572,4194
0.144229611,4193
0.144233811,4192
0.144236756,4191
0.144240304,4190
0.144243122,4189
0.144246805,4188
0.144250769,4187
0.144254186,4186
0.144258795,4185
0.144263203,4184
0.14426756,4183
0.14427276,4182
0.14427878,4181
0.144306786,4180
0.144310918,4179
0.144314153,4178
0.144318063,4177
0.144323363,4176
0.144330925,4175
0.144334957,4174
0.144339229,4173
0.144342571,4172
0.144347448,4171
0.144351281,4170
0.144355932,4169
0.144358908,4168
0.144361838,4167
0.144365182,4166
0.144367923,4165
0.144371205,4164
0.144374502,4163
0.144377572,4162
0.144381362,4161
0.144384543,4160
0.144387304,4159
0.14440417,4158
0.144407397,4157
0.144412603,4156
0.144424079,4155
0.144443592,4154
0.144447274,4153
0.144450118,4152
0.144452731,4151
0.144456223,4150
0.144460205,4149
0.144463775,4148
0.144467631,4147
0.14447041,4146
0.144473072,4145
0.144475834,4144
0.144480941,4143
0.144484066,4142
0.144487089,4141
0.144489788,4140
0.144492574,4139
0.144495351,4138
0.144499309,4137
0.144502188,4136
0.144505032,4135
0.144508677,4134
0.144513504,4133
0.144516549,4132
0.144519541,4131
0.144523016,4130
0.14452615,4129
0.144529224,4128
0.144531989,4127
0.144535476,4126
0.144538146,4125
0.144541162,4124
0.144546299,4123
0.144550418,4122
0.144553279,4121
0.144556215,4120
0.144570285,4119
0.144573198,4118
0.144577144,4117
0.144581174,4116
0.144583746,4115
0.144587247,4114
0.144590472,4113
0.144594149,4112
0.144598179,4111
0.144601547,4110
0.144606412,4109
0.144609941,4108
0.144613197,4107
0.144618585,4106
0.144622045,4105
0.144625445,4104
0.144629605,4103
0.144680667,4102
0.144685051,4101
0.144689336,4100
0.144694682,4099
0.144720141,4098
0.144725242,4097
0.144729031,4096
0.144732627,4095
0.144735966,4094
0.144738851,4093
0.144741785,4092
0.144744601,4091
0.144747295,4090
0.144751324,4089
0.144756827,4088
0.144762824,4087
0.144767711,4086
0.144771633,4085
0.144802235,4084
0.144807365,4083
0.144815583,4082
0.144821084,4081
0.144827735,4080
0.144832682,4079
0.14483696,4078
0.14484336,4077
0.144848936,4076
0.144853108,4075
0.14485861,4074
0.144863354,4073
0.144867474,4072
0.144871382,4071
0.144874965,4070
0.144880689,4069
0.144885687,4068
0.144890027,4067
0.14489454,4066
0.14489996,4065
0.144904171,4064
0.144907484,4063
0.144910755,4062
0.144913683,4061
0.144917844,4060
0.144921737,4059
0.144924909,4058
0.144928363,4057
0.144932731,4056
0.144936078,4055
0.144939485,4054
0.14494337,4053
0.145022336,4052
0.145025485,4051
0.145032525,4050
0.14503631,4049
0.145040646,4048
0.145045095,4047
0.14504812,4046
0.145051135,4045
0.145054387,4044
0.145056968,4043
0.145060544,4042
0.145063539,4041
0.145068595,4040
0.145071621,4039
0.145074399,4038
0.145079884,4037
0.145082691,4036
0.145085929,4035
0.145088846,4034
0.14509144,4033
0.145094857,4032
0.145099811,4031
0.145104098,4030
0.145106955,4029
0.145110278,4028
0.145112877,4027
0.145115316,4026
0.145118315,4025
0.145121949,4024
0.145126225,4023
0.145130318,4022
0.145133906,4021
0.14514458,4020
0.145149433,4019
0.145153122,4018
0.145159161,4017
0.145163973,4016
0.145167503,4015
0.145171403,4014
0.145175365,4013
0.145178725,4012
0.145182783,4011
0.145185807,4010
0.145190785,4009
0.145194058,4008
0.145197235,4007
0.145222091,4006
0.145225774,4005
0.145229933,4004
0.145234744,4003
0.14523788,4002
0.145243741,4001
0.145255261,4000
0.14525831,3999
0.14526315,3998
0.1452667,3997
0.145271496,3996
0.145276697,3995
0.145280715,3994
0.14528524,3993
0.145289069,3992
0.145293446,3991
0.145296237,3990
0.145300078,3989
0.145303927,3988
0.145307887,3987
0.145312718,3986
0.14531656,3985
0.145320375,3984
0.145324451,3983
0.145331156,3982
0.145335,3981
0.145338295,3980
0.145342458,3979
0.145345443,3978
0.145348557,3977
0.145352468,3976
0.145356419,3975
0.145359674,3974
0.145363145,3973
0.14536601,3972
0.145368862,3971
0.145371829,3970
0.145375154,3969
0.145379001,3968
0.145385631,3967
0.145388719,3966
0.145395455,3965
0.145399367,3964
0.145402239,3963
0.14540466,3962
0.145407249,3961
0.145409823,3960
0.145412235,3959
0.145416529,3958
0.145420313,3957
0.145423308,3956
0.14542602,3955
0.145429598,3954
0.145432441,3953
0.145435422,3952
0.145438117,3951
0.145440761,3950
0.145444566,3949
0.145447049,3948
0.145449526,3947
0.145453164,3946
0.145456001,3945
0.145458435,3944
0.145461105,3943
0.145463579,3942
0.145465927,3941
0.145468213,3940
0.145471023,3939
0.145473543,3938
0.145477118,3937
0.145479683,3936
0.145514953,3935
0.145519074,3934
0.14553527,3933
0.145539197,3932
0.145542752,3931
0.14554664,3930
0.145550543,3929
0.145572624,3928
0.145576194,3927
0.145579664,3926
0.145591523,3925
0.14559481,3924
0.145598487,3923
0.145603533,3922
0.145606948,3921
0.145613064,3920
0.145616935,3919
0.145620229,3918
0.14562495,3917
0.145631809,3916
0.145665305,3915
0.145669107,3914
0.145672716,3913
0.145677526,3912
0.145680999,3911
0.145684371,3910
0.145689436,3909
0.145692876,3908
0.145696273,3907
0.145699495,3906
0.145702701,3905
0.145705917,3904
0.145709135,3903
0.145714206,3902
0.145719302,3901
0.145729821,3900
0.145734691,3899
0.145740707,3898
0.145744852,3897
0.145748421,3896
0.145752699,3895
0.145756581,3894
0.14575993,3893
0.145763372,3892
0.145768042,3891
0.145771314,3890
0.145774523,3889
0.145778833,3888
0.145782141,3887
0.145785244,3886
0.145788971,3885
0.145792476,3884
0.145798218,3883
0.14580186,3882
0.145806669,3881
0.145810718,3880
0.145813856,3879
0.145843363,3878
0.145862393,3877
0.145866292,3876
0.145869845,3875
0.145874021,3874
0.145877891,3873
0.145881605,3872
0.145885079,3871
0.145889079,3870
0.145895449,3869
0.145899537,3868
0.145904121,3867
0.145911003,3866
0.145953223,3865
0.14596182,3864
0.145967989,3863
0.145972054,3862
0.145976781,3861
0.14598333,3860
0.145987615,3859
0.145991005,3858
0.145994226,3857
0.145997122,3856
0.145999662,3855
0.146003085,3854
0.146006825,3853
0.146011953,3852
0.146016682,3851
0.146019856,3850
0.146023991,3849
0.146026877,3848
0.146029844,3847
0.146032103,3846
0.146034517,3845
0.146036978,3844
0.146046353,3843
0.146049731,3842
0.146054547,3841
0.146058002,3840
0.146061355,3839
0.146064746,3838
0.146067398,3837
0.146070063,3836
0.146073806,3835
0.146080043,3834
0.146082511,3833
0.146086926,3832
0.147024092,3831
0.147032743,3830
0.147039074,3829
0.147047906,3828
0.147052255,3827
0.147055836,3826
0.147059537,3825
0.147062798,3824
0.147066351,3823
0.147073991,3822
0.147078339,3821
0.147082291,3820
0.147091081,3819
0.147093561,3818
0.147098568,3817
0.147107873,3816
0.147111276,3815
0.147116147,3814
0.147126887,3813
0.147131028,3812
0.147141006,3811
0.147149706,3810
0.147153026,3809
0.147159585,3808
0.147164897,3807
0.147167888,3806
0.147172786,3805
0.147181226,3804
0.147185561,3803
0.147190032,3802
0.147193301,3801
0.147196688,3800
0.147203883,3799
0.147211272,3798
0.147231498,3797
0.14723493,3796
0.147240415,3795
0.147247782,3794
0.147251514,3793
0.147260854,3792
0.147268361,3791
0.147272492,3790
0.147277359,3789
0.147281533,3788
0.147286421,3787
0.147290117,3786
0.14729663,3785
0.147305104,3784
0.147307565,3783
0.14731255,3782
0.147316602,3781
0.147321284,3780
0.147323989,3779
0.147328061,3778
0.147332932,3777
0.147337975,3776
0.1473415,3775
0.147347136,3774
0.147349498,3773
0.1473563,3772
0.147358771,3771
0.147366578,3770
0.147369244,3769
0.147372029,3768
0.147374528,3767
0.147377972,3766
0.147384589,3765
0.147392466,3764
0.147398437,3763
0.147400609,3762
0.147407419,3761
0.147410433,3760
0.14741334,3759
0.147416561,3758
0.14742017,3757
0.147423367,3756
0.147425818,3755
0.147429574,3754
0.147432349,3753
0.147435398,3752
0.147438182,3751
0.14744441,3750
0.147449779,3749
0.147456215,3748
0.147459452,3747
0.147465146,3746
0.147467779,3745
0.147470257,3744
0.147472617,3743
0.147475452,3742
0.147480661,3741
0.147483215,3740
0.147487332,3739
0.147503368,3738
0.147508415,3737
0.147511717,3736
0.147514413,3735
0.147516821,3734
0.147519388,3733
0.147522214,3732
0.147525654,3731
0.147529924,3730
0.147533166,3729
0.14753769,3728
0.147545155,3727
0.147556595,3726
0.147559419,3725
0.147562379,3724
0.147567783,3723
0.147570741,3722
0.147574893,3721
0.147577893,3720
0.147582749,3719
0.147586885,3718
0.147590396,3717
0.14759287,3716
0.147596067,3715
0.147599793,3714
0.147603428,3713
0.147607437,3712
0.147609787,3711
0.147612309,3710
0.147616847,3709
0.147620147,3708
0.147622549,3707
0.147627045,3706
0.147632721,3705
0.147639428,3704
0.147646061,3703
0.147651062,3702
0.14765438,3701
0.147656509,3700
0.147659791,3699
0.147663381,3698
0.147665747,3697
0.147668988,3696
0.147672352,3695
0.147674417,3694
0.147679295,3693
0.147684955,3692
0.147690603,3691
0.14769272,3690
0.147694993,3689
0.147702275,3688
0.147708251,3687
0.147710691,3686
0.147712899,3685
0.147715859,3684
0.147718521,3683
0.1477237,3682
0.147728295,3681
0.147731651,3680
0.14773529,3679
0.147739224,3678
0.147746633,3677
0.147751036,3676
0.147756222,3675
0.147765523,3674
0.147768304,3673
0.147771472,3672
0.147775113,3671
0.14777783,3670
0.147786355,3669
0.14778913,3668
0.147791729,3667
0.14779523,3666
0.147797759,3665
0.147823294,3664
0.147827675,3663
0.147834988,3662
0.147842035,3661
0.147856179,3660
0.147860522,3659
0.147864294,3658
0.147869323,3657
0.147886061,3656
0.147889894,3655
0.147905523,3654
0.147908946,3653
0.147912732,3652
0.147917476,3651
0.147930835,3650
0.147934591,3649
0.147948295,3648
0.147953069,3647
0.147967635,3646
0.147973598,3645
0.147986305,3644
0.147990098,3643
0.147996491,3642
0.148012598,3641
0.148016368,3640
0.148021176,3639
0.148024826,3638
0.148028488,3637
0.148031992,3636
0.14803505,3635
0.148039138,3634
0.148046063,3633
0.1480491,3632
0.148063446,3631
0.148068328,3630
0.148079145,3629
0.148083938,3628
0.148119326,3627
0.148122401,3626
0.148188972,3625
0.148193691,3624
0.148196498,3623
0.148199584,3622
0.148205005,3621
0.148213046,3620
0.148215866,3619
0.148218511,3618
0.148223114,3617
0.148225356,3616
0.14823039,3615
0.148247179,3614
0.148252897,3613
0.148263358,3612
0.148267298,3611
0.148272128,3610
0.148279654,3609
0.148282937,3608
0.148288441,3607
0.148295156,3606
0.148300687,3605
0.148306098,3604
0.148310869,3603
0.148314274,3602
0.148317438,3601
0.148322847,3600
0.148327995,3599
0.148334598,3598
0.148339264,3597
0.148344256,3596
0.148347647,3595
0.148351796,3594
0.148356867,3593
0.14836482,3592
0.148368454,3591
0.148413165,3590
0.148418157,3589
0.148431521,3588
0.148445155,3587
0.148453498,3586
0.148460192,3585
0.148464263,3584
0.148467962,3583
0.14847725,3582
0.148486457,3581
0.148489557,3580
0.148493479,3579
0.148496507,3578
0.148499653,3577
0.148502348,3576
0.14850592,3575
0.148512604,3574
0.148524199,3573
0.148526963,3572
0.148536219,3571
0.148538862,3570
0.14854179,3569
0.148546421,3568
0.148549301,3567
0.148554983,3566
0.148557782,3565
0.148562335,3564
0.148565617,3563
0.148572091,3562
0.148578431,3561
0.148584669,3560
0.148588926,3559
0.148594824,3558
0.148601799,3557
0.148605395,3556
0.148622087,3555
0.148625709,3554
0.148640386,3553
0.148646516,3552
0.148651593,3551
0.14865775,3550
0.148660746,3549
0.148679465,3548
0.148682586,3547
0.148702137,3546
0.14871671,3545
0.148724423,3544
0.148728761,3543
0.148742678,3542
0.148746035,3541
0.14876237,3540
0.148769725,3539
0.148779187,3538
0.148784558,3537
0.148787572,3536
0.148790383,3535
0.148793555,3534
0.148798634,3533
0.148801883,3532
0.148807244,3531
0.148810424,3530
0.148816505,3529
0.148831235,3528
0.148837302,3527
0.148852359,3526
0.148857017,3525
0.148861719,3524
0.148866781,3523
0.148873241,3522
0.148877152,3521
0.148882242,3520
0.148893457,3519
0.148901238,3518
0.148912675,3517
0.148922455,3516
0.148933255,3515
0.14893651,3514
0.148947479,3513
0.148951479,3512
0.148961578,3511
0.148976091,3510
0.148985278,3509
0.148988997,3508
0.148998618,3507
0.149001883,3506
0.149009235,3505
0.149019019,3504
0.149740458,3503
0.149745874,3502
0.149761319,3501
0.149771732,3500
0.149774929,3499
0.149777926,3498
0.149782764,3497
0.149788188,3496
0.149796211,3495
0.149800919,3494
0.149841527,3493
0.149845629,3492
0.149853812,3491
0.149868326,3490
0.14989877,3489
0.14990248,3488
0.149905025,3487
0.149920257,3486
0.149939012,3485
0.149942143,3484
0.149945741,3483
0.149950125,3482
0.149956821,3481
0.149960215,3480
0.149967076,3479
0.149975684,3478
0.14999524,3477
0.150001489,3476
0.150020654,3475
0.150036956,3474
0.150052739,3473
0.15005722,3472
0.150062483,3471
0.150070037,3470
0.15007606,3469
0.150079958,3468
0.150084908,3467
0.15009484,3466
0.150104628,3465
0.150117018,3464
0.150131686,3463
0.150138353,3462
0.150141584,3461
0.150153405,3460
0.150164168,3459
0.150173205,3458
0.150178803,3457
0.150183405,3456
0.150198266,3455
0.150204778,3454
0.150211181,3453
0.150215399,3452
0.150220137,3451
0.150235152,3450
0.150242434,3449
0.150253686,3448
0.150268643,3447
0.150275549,3446
0.150278737,3445
0.150286618,3444
0.150301598,3443
0.150320348,3442
0.150326265,3441
0.150329849,3440
0.150333544,3439
0.150341496,3438
0.150356316,3437
0.150362534,3436
0.150376753,3435
0.15040006,3434
0.150404686,3433
0.150411727,3432
0.150428922,3431
0.150433204,3430
0.150437156,3429
0.150444637,3428
0.150448766,3427
0.150468478,3426
0.150476802,3425
0.150480367,3424
0.150487118,3423
0.150490623,3422
0.150504386,3421
0.150537643,3420
0.15054525,3419
0.150551385,3418
0.150569165,3417
0.150575853,3416
0.150595547,3415
0.150602614,3414
0.15060669,3413
0.150614113,3412
0.150619845,3411
0.150624783,3410
0.150634219,3409
0.150639718,3408
0.15064397,3407
0.150664086,3406
0.150694648,3405
0.150697612,3404
0.150701386,3403
0.150718214,3402
0.150726275,3401
0.150729517,3400
0.150736194,3399
0.150740619,3398
0.150745132,3397
0.150762996,3396
0.150779539,3395
0.150783256,3394
0.150786112,3393
0.151372705,3392
0.151379902,3391
0.151406329,3390
0.151418838,3389
0.151438187,3388
0.151469292,3387
0.151472641,3386
0.15148663,3385
0.151507432,3384
0.15151294,3383
0.15152057,3382
0.151557502,3381
0.151561168,3380
0.151568974,3379
0.151581024,3378
0.151592784,3377
0.151598097,3376
0.15160711,3375
0.151614532,3374
0.151623451,3373
0.151651268,3372
0.151679947,3371
0.151683568,3370
0.151687132,3369
0.151703709,3368
0.151785312,3367
0.151831799,3366
0.151845363,3365
0.151858679,3364
0.151889849,3363
0.152012614,3362
0.152026558,3361
0.152058135,3360
0.152067378,3359
0.152075026,3358
0.152087398,3357
0.152439117,3356
0.152471708,3355
0.152485078,3354
0.15249826,3353
0.152535847,3352
0.152546647,3351
0.152562269,3350
0.152568051,3349
0.152608186,3348
0.152629279,3347
0.152635592,3346
0.15268696,3345
0.152952362,3344
0.152965083,3343
0.152991928,3342
0.152996576,3341
0.153000584,3340
0.153014649,3339
0.153035493,3338
0.153065613,3337
0.153095054,3336
0.153104856,3335
0.153115289,3334
0.15352369,3333
0.153537082,3332
0.153560202,3331
0.153601718,3330
0.153631133,3329
0.153650622,3328
0.153819146,3327
0.153824872,3326
0.153834168,3325
0.153880586,3324
0.153903498,3323
0.154051141,3322
0.154189795,3321
0.154350668,3320
0.154357779,3319
0.154427049,3318
0.154590323,3317
0.154633643,3316
0.154751432,3315
0.279280854,3314
0.874903239,3313
0.941365982,3312
1.172607558,3311
1.222508961,3310
1.276721183,3309
1.540896908,3308
1.661034075,3307
1.787587157,3306
2.362543026,3305
2.567595416,3304
