0.151643517,6061
0.151730805,6060
0.151771166,6059
0.15180632,6058
0.151865179,6057
0.151880328,6056
0.151894105,6055
0.151900378,6054
0.151906374,6053
0.151912331,6052
0.151918063,6051
0.151923987,6050
0.15194795,6049
0.151955743,6048
0.151964703,6047
0.151970689,6046
0.151976309,6045
0.151982097,6044
0.151987462,6043
0.151993257,6042
0.151999029,6041
0.152006443,6040
0.152015271,6039
0.15202231,6038
0.152035136,6037
0.152048385,6036
0.152054237,6035
0.152060123,6034
0.152065945,6033
0.152071122,6032
0.152077687,6031
0.152084351,6030
0.152092655,6029
0.152099578,6028
0.152106535,6027
0.152113461,6026
0.152120926,6025
0.152127857,6024
0.15213425,6023
0.152139513,6022
0.152145144,6021
0.152150145,6020
0.152168319,6019
0.152176911,6018
0.152184982,6017
0.152193198,6016
0.152201107,6015
0.152207471,6014
0.152212582,6013
0.15222928,6012
0.152234971,6011
0.152240939,6010
0.152246354,6009
0.152251802,6008
0.152260438,6007
0.152273144,6006
0.152278822,6005
0.15228448,6004
0.152394027,6003
0.152540922,6002
0.152549542,6001
0.152559146,6000
0.152593898,5999
0.152603663,5998
0.152651316,5997
0.15267471,5996
0.152688586,5995
0.152695931,5994
0.152701602,5993
0.15270799,5992
0.152713609,5991
0.152721069,5990
0.152740469,5989
0.152752797,5988
0.152809588,5987
0.152821734,5986
0.152828075,5985
0.152845868,5984
0.152860157,5983
0.152868568,5982
0.152877306,5981
0.152883233,5980
0.152888453,5979
0.152895191,5978
0.152900576,5977
0.152907696,5976
0.152917697,5975
0.152925029,5974
0.152932307,5973
0.152938934,5972
0.152945049,5971
0.15295125,5970
0.152969087,5969
0.152992003,5968
0.153000142,5967
0.153010078,5966
0.153017701,5965
0.153024657,5964
0.153031666,5963
0.153039339,5962
0.153047248,5961
0.153054833,5960
0.153062744,5959
0.153070421,5958
0.153077881,5957
0.153085454,5956
0.153094122,5955
0.153100694,5954
0.153107249,5953
0.153114001,5952
0.153120318,5951
0.153126727,5950
0.153139047,5949
0.153160257,5948
0.153179899,5947
0.15319666,5946
0.153206266,5945
0.153250746,5944
0.153258903,5943
0.153267564,5942
0.153280572,5941
0.153315081,5940
0.153321919,5939
0.153919833,5938
0.153965493,5937
0.153974405,5936
0.154025288,5935
0.154154806,5934
0.154163549,5933
0.154168842,5932
0.154173251,5931
0.15417811,5930
0.15418316,5929
0.154188249,5928
0.154192733,5927
0.154197649,5926
0.154203889,5925
0.154212464,5924
0.154219541,5923
0.154225228,5922
0.154233658,5921
0.154240047,5920
0.15424532,5919
0.154250787,5918
0.154255869,5917
0.154265103,5916
0.15427268,5915
0.154277974,5914
0.154283448,5913
0.154287532,5912
0.15433364,5911
0.154340465,5910
0.154421919,5909
0.154486361,5908
0.154510124,5907
0.154518227,5906
0.154524635,5905
0.154529493,5904
0.154534442,5903
0.154539439,5902
0.154545171,5901
0.154550817,5900
0.154555986,5899
0.154560811,5898
0.154565882,5897
0.154572574,5896
0.154577411,5895
0.154582341,5894
0.154589632,5893
0.154603294,5892
0.154608362,5891
0.154620901,5890
0.154628589,5889
0.154638308,5888
0.154913854,5887
0.154951689,5886
0.154957717,5885
0.15496452,5884
0.154971098,5883
0.154980086,5882
0.154996276,5881
0.155033733,5880
0.15504277,5879
0.155055837,5878
0.155094438,5877
0.155102055,5876
0.155110079,5875
0.155116555,5874
0.155122536,5873
0.15512763,5872
0.155132636,5871
0.155137727,5870
0.155157222,5869
0.155168508,5868
0.155178079,5867
0.155192159,5866
0.155204625,5865
0.155209551,5864
0.155214515,5863
0.155219342,5862
0.155224322,5861
0.155229172,5860
0.155259346,5859
0.1552954,5858
0.155302654,5857
0.15532618,5856
0.155344537,5855
0.155349882,5854
0.155354318,5853
0.155358291,5852
0.155363941,5851
0.155376719,5850
0.155380384,5849
0.15538399,5848
0.155387448,5847
0.155405363,5846
0.155409506,5845
0.155413939,5844
0.155418139,5843
0.155422532,5842
0.155426936,5841
0.155431008,5840
0.155435266,5839
0.15544013,5838
0.155444825,5837
0.155448941,5836
0.155453199,5835
0.155457337,5834
0.15546166,5833
0.155466832,5832
0.155471467,5831
0.155475648,5830
0.155479641,5829
0.155484138,5828
0.155492753,5827
0.155497321,5826
0.155501148,5825
0.155504746,5824
0.155509962,5823
0.155514179,5822
0.155521072,5821
0.155525408,5820
0.155529499,5819
0.155631565,5818
0.155639806,5817
0.15564536,5816
0.155649908,5815
0.155655242,5814
0.155660279,5813
0.15566527,5812
0.155670998,5811
0.155676493,5810
0.155691514,5809
0.155700327,5808
0.155713084,5807
0.155721754,5806
0.155727243,5805
0.155732577,5804
0.155737308,5803
0.155742558,5802
0.155747422,5801
0.155752316,5800
0.155756642,5799
0.1557614,5798
0.155765794,5797
0.155770819,5796
0.155776177,5795
0.155781377,5794
0.155786416,5793
0.155791217,5792
0.155796086,5791
0.155800677,5790
0.155805277,5789
0.155809036,5788
0.155812376,5787
0.155816083,5786
0.155819475,5785
0.15582302,5784
0.15582667,5783
0.155830382,5782
0.155834487,5781
0.155838276,5780
0.155841605,5779
0.155845325,5778
0.155901498,5777
0.155906684,5776
0.155919725,5775
0.155924405,5774
0.155929012,5773
0.155933794,5772
0.155938254,5771
0.155943263,5770
0.155947438,5769
0.155952383,5768
0.155956829,5767
0.15596089,5766
0.15596511,5765
0.155969876,5764
0.155974925,5763
0.155979709,5762
0.155984449,5761
0.155989013,5760
0.155993857,5759
0.155998697,5758
0.156003313,5757
0.156012342,5756
0.156018532,5755
0.156023947,5754
0.156028755,5753
0.156033165,5752
0.156037399,5751
0.156041444,5750
0.156045648,5749
0.156050006,5748
0.156054197,5747
0.156058155,5746
0.156062237,5745
0.156066879,5744
0.156071402,5743
0.156078416,5742
0.156084221,5741
0.156088649,5740
0.156093233,5739
0.156098231,5738
0.156103147,5737
0.156107615,5736
0.156112298,5735
0.156117414,5734
0.156128555,5733
0.156133367,5732
0.156137739,5731
0.156141918,5730
0.156146105,5729
0.156150342,5728
0.156155033,5727
0.156159331,5726
0.156163706,5725
0.156167868,5724
0.156172283,5723
0.156176182,5722
0.156180878,5721
0.156185626,5720
0.156190434,5719
0.15619498,5718
0.15620007,5717
0.156204708,5716
0.156209623,5715
0.156214598,5714
0.156219363,5713
0.156230154,5712
0.156236521,5711
0.15624194,5710
0.156247744,5709
0.156252376,5708
0.156256891,5707
0.156261331,5706
0.156267055,5705
0.156273054,5704
0.156277497,5703
0.156281904,5702
0.15628651,5701
0.156290784,5700
0.156295044,5699
0.156299348,5698
0.156303942,5697
0.156308475,5696
0.15631262,5695
0.156317022,5694
0.156332447,5693
0.156336879,5692
0.156341544,5691
0.156364624,5690
0.156368681,5689
0.156373955,5688
0.156377787,5687
0.156382055,5686
0.15638629,5685
0.156390438,5684
0.15639479,5683
0.156398905,5682
0.156402953,5681
0.156407147,5680
0.156411053,5679
0.156420469,5678
0.156425278,5677
0.156429984,5676
0.156434694,5675
0.156439158,5674
0.15650356,5673
0.156508082,5672
0.156511952,5671
0.156515688,5670
0.156520088,5669
0.156523951,5668
0.156527607,5667
0.156531275,5666
0.156534826,5665
0.156538817,5664
0.156543006,5663
0.156546911,5662
0.156551676,5661
0.156555905,5660
0.15655986,5659
0.156563824,5658
0.156572397,5657
0.1565769,5656
0.156580961,5655
0.156584615,5654
0.156588204,5653
0.156592612,5652
0.156596008,5651
0.156599813,5650
0.1566036,5649
0.156607653,5648
0.156612293,5647
0.156616414,5646
0.156620073,5645
0.156623133,5644
0.156626716,5643
0.156629964,5642
0.156633482,5641
0.156636637,5640
0.156639728,5639
0.156642891,5638
0.15664567,5637
0.156648262,5636
0.156650916,5635
0.156653397,5634
0.156655831,5633
0.156658734,5632
0.15666129,5631
0.156663858,5630
0.156666271,5629
0.156668892,5628
0.156671448,5627
0.156674173,5626
0.15667682,5625
0.156679764,5624
0.156682321,5623
0.156685113,5622
0.156687656,5621
0.156690439,5620
0.156694017,5619
0.156697836,5618
0.156700341,5617
0.156702874,5616
0.156705441,5615
0.156709857,5614
0.156712812,5613
0.156716604,5612
0.15672009,5611
0.156723564,5610
0.15672671,5609
0.156730321,5608
0.15673383,5607
0.156737672,5606
0.156740874,5605
0.15674386,5604
0.15674652,5603
0.156749421,5602
0.156752596,5601
0.156758783,5600
0.156763001,5599
0.156766809,5598
0.156775482,5597
0.156779913,5596
0.156783697,5595
0.156787594,5594
0.156791576,5593
0.156798866,5592
0.156802376,5591
0.156806094,5590
0.156809299,5589
0.156813052,5588
0.156816557,5587
0.156819984,5586
0.15682343,5585
0.156827064,5584
0.156830928,5583
0.15683417,5582
0.156836967,5581
0.156839483,5580
0.156844702,5579
0.156847808,5578
0.156850305,5577
0.156852926,5576
0.156855905,5575
0.156858896,5574
0.156861551,5573
0.156864158,5572
0.156866466,5571
0.15687077,5570
0.156873853,5569
0.156876798,5568
0.156879545,5567
0.156882081,5566
0.156884638,5565
0.156887215,5564
0.156889688,5563
0.156892505,5562
0.156894712,5561
0.156897184,5560
0.156900502,5559
0.156903496,5558
0.156906322,5557
0.156908944,5556
0.156911539,5555
0.15691412,5554
0.15691664,5553
0.156919407,5552
0.156929601,5551
0.157137686,5550
0.157171719,5549
0.157175425,5548
0.157178958,5547
0.15718314,5546
0.157186671,5545
0.157190004,5544
0.157193558,5543
0.157197946,5542
0.157201932,5541
0.157206459,5540
0.157210943,5539
0.1572148,5538
0.157218631,5537
0.157222215,5536
0.15722576,5535
0.157229724,5534
0.157233101,5533
0.157236414,5532
0.157240562,5531
0.157244226,5530
0.157248034,5529
0.157251462,5528
0.157254704,5527
0.157257874,5526
0.157261891,5525
0.157267609,5524
0.157272851,5523
0.157277409,5522
0.157281923,5521
0.157285627,5520
0.157289048,5519
0.157291691,5518
0.157294191,5517
0.157296835,5516
0.157299505,5515
0.157301968,5514
0.157304592,5513
0.157306823,5512
0.157309906,5511
0.157312741,5510
0.157315157,5509
0.157317797,5508
0.15732008,5507
0.157322464,5506
0.157324761,5505
0.157328122,5504
0.15733078,5503
0.157333142,5502
0.157335587,5501
0.157338105,5500
0.157340554,5499
0.157342761,5498
0.157345237,5497
0.157348078,5496
0.157350882,5495
0.157357355,5494
0.157359794,5493
0.157362362,5492
0.157364481,5491
0.157366832,5490
0.15736957,5489
0.157372386,5488
0.157374646,5487
0.157376984,5486
0.157379156,5485
0.157381276,5484
0.157383996,5483
0.157386254,5482
0.157388514,5481
0.157390755,5480
0.15739338,5479
0.15739575,5478
0.157397985,5477
0.157400148,5476
0.157403399,5475
0.157406433,5474
0.15741003,5473
0.1574129,5472
0.157415904,5471
0.157418939,5470
0.157422332,5469
0.157425731,5468
0.157435843,5467
0.157440727,5466
0.157445058,5465
0.157449219,5464
0.157454069,5463
0.15745804,5462
0.157461386,5461
0.157464663,5460
0.157468151,5459
0.157471979,5458
0.157475759,5457
0.157479437,5456
0.157482746,5455
0.157486328,5454
0.157495357,5453
0.157502719,5452
0.157509137,5451
0.157514041,5450
0.157518843,5449
0.15752261,5448
0.157526237,5447
0.157530315,5446
0.157534711,5445
0.157538463,5444
0.157542519,5443
0.157546082,5442
0.157549593,5441
0.15756133,5440
0.157564416,5439
0.157567236,5438
0.157570513,5437
0.157573492,5436
0.157598589,5435
0.157607011,5434
0.157649544,5433
0.157678627,5432
0.157689325,5431
0.157753196,5430
0.157782261,5429
0.15779121,5428
0.157794706,5427
0.157798031,5426
0.158575727,5425
0.158629825,5424
0.158633742,5423
0.158638188,5422
0.158642412,5421
0.15864672,5420
0.158650975,5419
0.158655374,5418
0.158659042,5417
0.158663001,5416
0.158666702,5415
0.158670624,5414
0.158674646,5413
0.158678545,5412
0.158683261,5411
0.158686732,5410
0.158690819,5409
0.158694799,5408
0.158698643,5407
0.158701598,5406
0.158736197,5405
0.158775464,5404
0.158802768,5403
0.1588196,5402
0.158831765,5401
0.158842363,5400
0.158850443,5399
0.158857144,5398
0.158867864,5397
0.158877912,5396
0.158887074,5395
0.159072722,5394
0.15909136,5393
0.159117477,5392
0.159135983,5391
0.159177493,5390
0.159261681,5389
0.159274683,5388
0.159282131,5387
0.159286007,5386
0.159289873,5385
0.159293678,5384
0.159296788,5383
0.159300082,5382
0.159303507,5381
0.159306543,5380
0.159310405,5379
0.159314282,5378
0.159317822,5377
0.15932161,5376
0.159326074,5375
0.159329926,5374
0.15933354,5373
0.159337788,5372
0.159341969,5371
0.159346553,5370
0.159350313,5369
0.159354091,5368
0.159358019,5367
0.159361369,5366
0.159365724,5365
0.159369358,5364
0.159373235,5363
0.159377866,5362
0.159381273,5361
0.159384971,5360
0.159391072,5359
0.159397096,5358
0.159408658,5357
0.159412161,5356
0.159415352,5355
0.159418252,5354
0.159421155,5353
0.159424416,5352
0.159427329,5351
0.159430724,5350
0.159433631,5349
0.159436417,5348
0.159439157,5347
0.159442402,5346
0.159445968,5345
0.159449762,5344
0.159465625,5343
0.159479288,5342
0.15948681,5341
0.159497565,5340
0.159533278,5339
0.159552407,5338
0.159566652,5337
0.159595498,5336
0.159628827,5335
0.159653774,5334
0.159675346,5333
0.159681004,5332
0.162187007,5331
0.162242994,5330
0.162268815,5329
0.162273328,5328
0.162277655,5327
0.162281148,5326
0.16228429,5325
0.162287349,5324
0.162290348,5323
0.162293244,5322
0.162296115,5321
0.162299094,5320
0.162302074,5319
0.162304984,5318
0.162307824,5317
0.16231115,5316
0.162313796,5315
0.162316575,5314
0.163686512,5313
0.163693364,5312
0.163697348,5311
0.163701185,5310
0.163704733,5309
0.163708023,5308
0.163711356,5307
0.163716632,5306
0.163720912,5305
0.163724329,5304
0.163728038,5303
0.163731463,5302
0.163734707,5301
0.163738431,5300
0.163741812,5299
0.163745286,5298
0.163748802,5297
0.163752502,5296
0.163760861,5295
0.163765242,5294
0.163808782,5293
0.163856754,5292
0.163913265,5291
0.163949044,5290
0.163956956,5289
0.164008373,5288
0.164012143,5287
0.16401565,5286
0.164019945,5285
0.164025828,5284
0.164029683,5283
0.164034178,5282
0.164038738,5281
0.164043037,5280
0.16404696,5279
0.164050265,5278
0.164053546,5277
0.164056888,5276
0.164060964,5275
0.164067617,5274
0.164071593,5273
0.164075159,5272
0.164079646,5271
0.164083286,5270
0.164086643,5269
0.164089673,5268
0.164093333,5267
0.16409681,5266
0.164100205,5265
0.16410327,5264
0.164106181,5263
0.164108938,5262
0.164111968,5261
0.164114568,5260
0.164117524,5259
0.164120431,5258
0.164123218,5257
0.164125878,5256
0.164129144,5255
0.164131486,5254
0.16413413,5253
0.164136751,5252
0.164149056,5251
0.164153743,5250
0.16415685,5249
0.164159975,5248
0.164163046,5247
0.16416614,5246
0.16416897,5245
0.164171684,5244
0.164174381,5243
0.164179925,5242
0.16418353,5241
0.164186743,5240
0.164189889,5239
0.164192629,5238
0.164195726,5237
0.16419826,5236
0.164201008,5235
0.164203126,5234
0.164242652,5233
0.164250648,5232
0.164254548,5231
0.164257778,5230
0.164261149,5229
0.164264047,5228
0.164267003,5227
0.16427036,5226
0.1642729,5225
0.164275661,5224
0.164278527,5223
0.164281484,5222
0.16428444,5221
0.164287828,5220
0.164290796,5219
0.164293629,5218
0.164296091,5217
0.164298515,5216
0.164301327,5215
0.164304241,5214
0.164306916,5213
0.16430942,5212
0.164312002,5211
0.164314707,5210
0.164317663,5209
0.164416777,5208
0.164451685,5207
0.164487224,5206
0.164502924,5205
0.165852651,5204
0.165865429,5203
0.165878953,5202
0.165934776,5201
0.1659507,5200
0.165986045,5199
0.166007485,5198
0.166019624,5197
0.166026545,5196
0.166030321,5195
0.166033394,5194
0.166035951,5193
0.166038774,5192
0.166041226,5191
0.166054003,5190
0.168098986,5189
0.168103692,5188
0.168107921,5187
0.16817258,5186
0.168197725,5185
0.168202284,5184
0.168206588,5183
0.168210727,5182
0.168214291,5181
0.168223361,5180
0.168228226,5179
0.168264485,5178
0.168285022,5177
0.168290334,5176
0.168294268,5175
0.168297982,5174
0.168325145,5173
0.168330265,5172
0.168343544,5171
0.168355397,5170
0.168361494,5169
0.16851399,5168
0.168586142,5167
0.168617988,5166
0.168658582,5165
0.168704355,5164
0.168734931,5163
0.168765897,5162
0.168776512,5161
0.16878227,5160
0.168785668,5159
0.168788995,5158
0.168792976,5157
0.168796648,5156
0.168801791,5155
0.168805364,5154
0.168809078,5153
0.168813311,5152
0.168817224,5151
0.168820474,5150
0.168823967,5149
0.168827281,5148
0.168831034,5147
0.168834188,5146
0.168837739,5145
0.168840891,5144
0.168844341,5143
0.168869748,5142
0.168907763,5141
0.168946723,5140
0.168986548,5139
0.169042028,5138
0.169056849,5137
0.16906269,5136
0.16906674,5135
0.169070691,5134
0.169074835,5133
0.169079183,5132
0.169082601,5131
0.169086678,5130
0.169090254,5129
0.169097176,5128
0.169150845,5127
0.169164678,5126
0.169169333,5125
0.169173463,5124
0.169177344,5123
0.169181498,5122
0.169184781,5121
0.169187803,5120
0.169191673,5119
0.16919529,5118
0.169198527,5117
0.169203364,5116
0.169206354,5115
0.169209799,5114
0.169213053,5113
0.169218077,5112
0.169223999,5111
0.169227684,5110
0.169230869,5109
0.169233798,5108
0.169236899,5107
0.169241243,5106
0.169244,5105
0.169247128,5104
0.16925199,5103
0.169255075,5102
0.169258108,5101
0.169261147,5100
0.169264336,5099
0.16926805,5098
0.169271029,5097
0.169274224,5096
0.169277848,5095
0.169281998,5094
0.169557875,5093
0.169573789,5092
0.169578873,5091
0.16964673,5090
0.169774545,5089
0.169786007,5088
0.169799516,5087
0.169827831,5086
0.169831841,5085
0.16984758,5084
0.169851034,5083
0.169854774,5082
0.169859044,5081
0.169864336,5080
0.16987203,5079
0.16988215,5078
0.169889774,5077
0.169893635,5076
0.169906106,5075
0.169909981,5074
0.169913512,5073
0.169917497,5072
0.16992099,5071
0.169926188,5070
0.169930917,5069
0.169935721,5068
0.169939827,5067
0.169943589,5066
0.169947992,5065
0.16995221,5064
0.169955793,5063
0.169959423,5062
0.169963347,5061
0.169966801,5060
0.169970422,5059
0.169973978,5058
0.16997736,5057
0.170000143,5056
0.170045,5055
0.170127421,5054
0.170155609,5053
0.170185632,5052
0.170221683,5051
0.170251982,5050
0.170276088,5049
0.170297364,5048
0.170334807,5047
0.170370458,5046
0.170427641,5045
0.170469539,5044
0.170501807,5043
0.170506048,5042
0.170510571,5041
0.170514246,5040
0.170518254,5039
0.170521825,5038
0.17052578,5037
0.170532464,5036
0.170571854,5035
0.170576668,5034
0.170706835,5033
0.170736443,5032
0.170822172,5031
0.170846172,5030
0.170888628,5029
0.170919996,5028
0.170946978,5027
0.171001218,5026
0.171016937,5025
0.171049638,5024
0.17107093,5023
0.17119596,5022
0.171247277,5021
0.171290158,5020
0.171326784,5019
0.171345217,5018
0.171357562,5017
0.171370222,5016
0.171376483,5015
0.17138165,5014
0.171386161,5013
0.171389438,5012
0.171400048,5011
0.17140432,5010
0.171407966,5009
0.171412414,5008
0.171418941,5007
0.171434557,5006
0.171440781,5005
0.171446197,5004
0.171451259,5003
0.171455251,5002
0.171459189,5001
0.171462896,5000
0.171466528,4999
0.171470297,4998
0.171474122,4997
0.171478343,4996
0.171481805,4995
0.171485444,4994
0.171488909,4993
0.1714927,4992
0.171496205,4991
0.171500286,4990
0.171503841,4989
0.171507748,4988
0.171516308,4987
0.171555078,4986
0.171559964,4985
0.171564129,4984
0.171576714,4983
0.171597325,4982
0.171613303,4981
0.171617148,4980
0.171621809,4979
0.171627193,4978
0.171632953,4977
0.171637907,4976
0.171641503,4975
0.171644876,4974
0.171648824,4973
0.171653712,4972
0.171658411,4971
0.171662204,4970
0.171665904,4969
0.171670504,4968
0.171674686,4967
0.171680577,4966
0.171686292,4965
0.17168984,4964
0.171694505,4963
0.171698341,4962
0.17170198,4961
0.171705715,4960
0.171709266,4959
0.171713336,4958
0.171717136,4957
0.171745687,4956
0.171771776,4955
0.171811044,4954
0.171849309,4953
0.171892844,4952
0.171940603,4951
0.171986796,4950
0.172026452,4949
0.172043224,4948
0.172076923,4947
0.172161005,4946
0.17218645,4945
0.172209881,4944
0.172237036,4943
0.172271361,4942
0.172412758,4941
0.172423072,4940
0.172436924,4939
0.172444009,4938
0.172448088,4937
0.172452202,4936
0.172455601,4935
0.172459394,4934
0.172462867,4933
0.1724664,4932
0.172477317,4931
0.172481746,4930
0.172485338,4929
0.172490917,4928
0.172494359,4927
0.172497831,4926
0.172501143,4925
0.172505686,4924
0.172509911,4923
0.172513932,4922
0.172516976,4921
0.172520593,4920
0.172524461,4919
0.172527907,4918
0.172531309,4917
0.172535019,4916
0.172538414,4915
0.172542582,4914
0.172546283,4913
0.172607736,4912
0.172614837,4911
0.172627504,4910
0.172713913,4909
0.172750944,4908
0.172777965,4907
0.172795585,4906
0.172814251,4905
0.172821132,4904
0.172826002,4903
0.172834573,4902
0.172841789,4901
0.172847676,4900
0.172858559,4899
0.17286274,4898
0.172876713,4897
0.172883993,4896
0.17289645,4895
0.172901138,4894
0.17291184,4893
0.172931253,4892
0.172949873,4891
0.172992671,4890
0.173010453,4889
0.173113889,4888
0.173122904,4887
0.173137553,4886
0.173143342,4885
0.173148177,4884
0.173151918,4883
0.173155321,4882
0.173158751,4881
0.173162305,4880
0.173165636,4879
0.173168896,4878
0.173172969,4877
0.173176674,4876
0.173179691,4875
0.173185078,4874
0.17318805,4873
0.173191922,4872
0.17319683,4871
0.173201631,4870
0.173205088,4869
0.173208609,4868
0.173211892,4867
0.17321528,4866
0.173218917,4865
0.173222717,4864
0.173226714,4863
0.173230639,4862
0.173235199,4861
0.173239039,4860
0.173242864,4859
0.173246485,4858
0.17324972,4857
0.173253262,4856
0.173257147,4855
0.173260409,4854
0.173263463,4853
0.173267185,4852
0.17327101,4851
0.173274018,4850
0.17327868,4849
0.173283254,4848
0.173286382,4847
0.17328947,4846
0.173292579,4845
0.17329587,4844
0.17329903,4843
0.173303145,4842
0.173308287,4841
0.173312127,4840
0.17331596,4839
0.173319351,4838
0.17332298,4837
0.173326379,4836
0.173329791,4835
0.173333258,4834
0.173336521,4833
0.173340232,4832
0.173344054,4831
0.173349621,4830
0.173353198,4829
0.173356414,4828
0.17336018,4827
0.173364913,4826
0.173370517,4825
0.173376782,4824
0.173406143,4823
0.173412314,4822
0.173416727,4821
0.173427949,4820
0.17343184,4819
0.17343518,4818
0.173439453,4817
0.173442578,4816
0.173446037,4815
0.173449115,4814
0.173452542,4813
0.173457406,4812
0.173462025,4811
0.173465164,4810
0.173469645,4809
0.173472794,4808
0.173476209,4807
0.173479388,4806
0.173482223,4805
0.173485468,4804
0.173488654,4803
0.173491705,4802
0.173496529,4801
0.173500176,4800
0.173503963,4799
0.173507694,4798
0.173511806,4797
0.173515645,4796
0.173519161,4795
0.173524873,4794
0.173530492,4793
0.173534229,4792
0.173538075,4791
0.173544415,4790
0.173548128,4789
0.173551908,4788
0.173555083,4787
0.17355882,4786
0.173562384,4785
0.17356566,4784
0.173568982,4783
0.173573314,4782
0.173576837,4781
0.173580405,4780
0.173585288,4779
0.173589549,4778
0.173593306,4777
0.173596662,4776
0.173601262,4775
0.17360483,4774
0.17360854,4773
0.173612044,4772
0.173615407,4771
0.173630377,4770
0.173652397,4769
0.173670172,4768
0.173685878,4767
0.173691593,4766
0.173696174,4765
0.173699993,4764
0.173704453,4763
0.173708373,4762
0.173711863,4761
0.173715835,4760
0.173724514,4759
0.173729471,4758
0.173733161,4757
0.173737062,4756
0.173740797,4755
0.173744229,4754
0.173748061,4753
0.173753801,4752
0.173758516,4751
0.17376375,4750
0.173769948,4749
0.17377405,4748
0.173778205,4747
0.173781747,4746
0.173787282,4745
0.173792212,4744
0.173795571,4743
0.173799545,4742
0.173802636,4741
0.173806233,4740
0.173810471,4739
0.173815789,4738
0.173824253,4737
0.173828897,4736
0.17383202,4735
0.17383513,4734
0.173838886,4733
0.173842867,4732
0.173846697,4731
0.17385077,4730
0.173855345,4729
0.17386736,4728
0.173873854,4727
0.173884524,4726
0.173888434,4725
0.173892565,4724
0.173896072,4723
0.173899765,4722
0.173902756,4721
0.173908159,4720
0.17391148,4719
0.173915174,4718
0.173918555,4717
0.173925032,4716
0.173929496,4715
0.17393424,4714
0.173939397,4713
0.173942822,4712
0.173946702,4711
0.173951044,4710
0.173956505,4709
0.173962219,4708
0.173976563,4707
0.173982587,4706
0.173988341,4705
0.17399523,4704
0.174000862,4703
0.174007436,4702
0.174011881,4701
0.174016213,4700
0.174020673,4699
0.174024618,4698
0.174028577,4697
0.174031969,4696
0.174036832,4695
0.174041955,4694
0.17404572,4693
0.174049243,4692
0.174052544,4691
0.174055632,4690
0.174059218,4689
0.174062462,4688
0.174066046,4687
0.174070146,4686
0.174073634,4685
0.174077192,4684
0.174081722,4683
0.174094969,4682
0.174112954,4681
0.174126035,4680
0.174129602,4679
0.17413331,4678
0.174137328,4677
0.174141181,4676
0.174144359,4675
0.174147862,4674
0.174153222,4673
0.174165975,4672
0.174170501,4671
0.174176491,4670
0.174183075,4669
0.174187898,4668
0.1741926,4667
0.174196049,4666
0.174199657,4665
0.174205681,4664
0.174209713,4663
0.174212929,4662
0.174216529,4661
0.174220357,4660
0.174227708,4659
0.17423302,4658
0.174236674,4657
0.174240978,4656
0.174244785,4655
0.17424944,4654
0.174252883,4653
0.174257358,4652
0.174260667,4651
0.174264267,4650
0.174270437,4649
0.174276188,4648
0.174281184,4647
0.174284858,4646
0.174288314,4645
0.174292646,4644
0.174295663,4643
0.174298971,4642
0.174302042,4641
0.174304944,4640
0.174342075,4639
0.1743456,4638
0.174349117,4637
0.174371103,4636
0.174388521,4635
0.174504108,4634
0.174538629,4633
0.174581388,4632
0.174610503,4631
0.174631178,4630
0.174642413,4629
0.174653472,4628
0.174666376,4627
0.174677186,4626
0.174689479,4625
0.174700417,4624
0.174715737,4623
0.174729222,4622
0.174739152,4621
0.174751123,4620
0.174768549,4619
0.17478179,4618
0.174792104,4617
0.174798807,4616
0.174823134,4615
0.174832768,4614
0.174873089,4613
0.174928687,4612
0.174950154,4611
0.174962111,4610
0.174976052,4609
0.174989619,4608
0.175010038,4607
0.175022605,4606
0.175036202,4605
0.175124882,4604
0.175142052,4603
0.175157047,4602
0.175172266,4601
0.175193044,4600
0.17520341,4599
0.175216212,4598
0.17522741,4597
0.175233229,4596
0.175245938,4595
0.175250357,4594
0.175266849,4593
0.175286321,4592
0.1753071,4591
0.175330512,4590
0.175335284,4589
0.175340998,4588
0.17534533,4587
0.17535968,4586
0.175363409,4585
0.175366666,4584
0.17537369,4583
0.175385082,4582
0.175389134,4581
0.175393229,4580
0.175396792,4579
0.175400627,4578
0.175406239,4577
0.175409323,4576
0.175412956,4575
0.17541625,4574
0.175419793,4573
0.175424173,4572
0.175428736,4571
0.175434469,4570
0.175438369,4569
0.175441504,4568
0.175445285,4567
0.175448901,4566
0.175452506,4565
0.175456105,4564
0.17545942,4563
0.175463049,4562
0.175468763,4561
0.175472069,4560
0.175476306,4559
0.175480049,4558
0.175483129,4557
0.175486806,4556
0.175490535,4555
0.175495025,4554
0.175498747,4553
0.175502074,4552
0.175505122,4551
0.175508594,4550
0.17551607,4549
0.175520827,4548
0.175525295,4547
0.175528873,4546
0.175534037,4545
0.175538258,4544
0.175543377,4543
0.175546932,4542
0.175554558,4541
0.175586332,4540
0.175590991,4539
0.175595446,4538
0.1755996,4537
0.175604373,4536
0.175610014,4535
0.175614862,4534
0.175619608,4533
0.175622983,4532
0.17562644,4531
0.175629548,4530
0.175633668,4529
0.175636694,4528
0.175639942,4527
0.175643289,4526
0.175646918,4525
0.175650803,4524
0.175657575,4523
0.175661775,4522
0.175666539,4521
0.175671966,4520
0.175676695,4519
0.175682239,4518
0.175686921,4517
0.175695989,4516
0.175702373,4515
0.175707338,4514
0.175712026,4513
0.175716487,4512
0.175721989,4511
0.175726002,4510
0.175730364,4509
0.175735684,4508
0.175740606,4507
0.175744858,4506
0.175750695,4505
0.175757611,4504
0.175761547,4503
0.17576648,4502
0.176190778,4501
0.176917721,4500
0.176959294,4499
0.177001688,4498
0.177043441,4497
0.17718043,4496
0.177229277,4495
0.177294234,4494
0.177322222,4493
0.177346753,4492
0.177565218,4491
0.177607399,4490
0.177645639,4489
0.17768234,4488
0.177698401,4487
0.178101978,4486
0.178114942,4485
0.178141213,4484
0.179691319,4483
0.179732845,4482
0.179777906,4481
0.179810812,4480
0.179834377,4479
0.179851107,4478
0.17987031,4477
0.179886522,4476
0.179893182,4475
0.179974277,4474
0.179989993,4473
0.179997197,4472
0.180001276,4471
0.180004829,4470
0.180011277,4469
0.18001608,4468
0.180020732,4467
0.180026575,4466
0.180030503,4465
0.180034181,4464
0.18003765,4463
0.18004136,4462
0.180045448,4461
0.180050381,4460
0.180054567,4459
0.180058435,4458
0.180061853,4457
0.180068084,4456
0.180071821,4455
0.180076558,4454
0.180081889,4453
0.180086529,4452
0.180089863,4451
0.180093402,4450
0.180097251,4449
0.180109561,4448
0.180122396,4447
0.180134084,4446
0.180159295,4445
0.180183439,4444
0.180195626,4443
0.180206281,4442
0.180218461,4441
0.180236987,4440
0.180255219,4439
0.180259139,4438
0.180272905,4437
0.180283152,4436
0.180299456,4435
0.180314493,4434
0.180318026,4433
0.18033463,4432
0.180348018,4431
0.180354076,4430
0.180361113,4429
0.18039898,4428
0.180539456,4427
0.180559823,4426
0.180571641,4425
0.180585565,4424
0.180591075,4423
0.180594942,4422
0.180600383,4421
0.180604814,4420
0.180664387,4419
0.180696078,4418
0.180744601,4417
0.18078941,4416
0.180801609,4415
0.180863146,4414
0.180873403,4413
0.180877978,4412
0.180882557,4411
0.180915802,4410
0.180925243,4409
0.180930202,4408
0.180935406,4407
0.180947658,4406
0.180960851,4405
0.181022235,4404
0.181060375,4403
0.181132183,4402
0.181197425,4401
0.181220627,4400
0.181242094,4399
0.181294782,4398
0.181347097,4397
0.181397096,4396
0.181444622,4395
0.181490211,4394
0.181502239,4393
0.181555224,4392
0.181561084,4391
0.181566667,4390
0.181572209,4389
0.18157628,4388
0.181582424,4387
0.181586161,4386
0.181589963,4385
0.181594662,4384
0.181598641,4383
0.181610018,4382
0.181613949,4381
0.181617552,4380
0.181622493,4379
0.181629404,4378
0.181651874,4377
0.181714253,4376
0.181754582,4375
0.18176763,4374
0.181777085,4373
0.181787154,4372
0.181799024,4371
0.181811957,4370
0.181827172,4369
0.181832306,4368
0.181836753,4367
0.181848324,4366
0.181853957,4365
0.181867871,4364
0.181883517,4363
0.181910243,4362
0.181934318,4361
0.182392889,4360
0.182401068,4359
0.182439464,4358
0.182446002,4357
0.182449632,4356
0.182452743,4355
0.182456421,4354
0.182460691,4353
0.182467822,4352
0.182471246,4351
0.1824761,4350
0.182479746,4349
0.182484769,4348
0.182488651,4347
0.182492199,4346
0.182496734,4345
0.182500163,4344
0.182505489,4343
0.182509021,4342
0.182512498,4341
0.182516057,4340
0.182519805,4339
0.182523539,4338
0.182529219,4337
0.182532605,4336
0.182537407,4335
0.182541462,4334
0.182546,4333
0.18255188,4332
0.182555876,4331
0.182560634,4330
0.182564617,4329
0.182568304,4328
0.182571954,4327
0.18257579,4326
0.182579138,4325
0.182586111,4324
0.182591844,4323
0.182595618,4322
0.182600579,4321
0.18260487,4320
0.182622754,4319
0.182637803,4318
0.182648558,4317
0.182654386,4316
0.182719967,4315
0.182734766,4314
0.182742756,4313
0.182747056,4312
0.182752957,4311
0.182758617,4310
0.182764806,4309
0.182768712,4308
0.182773431,4307
0.182817681,4306
0.182821994,4305
0.182826728,4304
0.182873952,4303
0.182915133,4302
0.182969362,4301
0.183022003,4300
0.183046281,4299
0.183089184,4298
0.183250724,4297
0.183305781,4296
0.183351294,4295
0.183387379,4294
0.183412124,4293
0.183474055,4292
0.183525457,4291
0.183553337,4290
0.183558572,4289
0.183562235,4288
0.183566365,4287
0.183570684,4286
0.18357496,4285
0.183579551,4284
0.1835908,4283
0.183594812,4282
0.183600431,4281
0.183626431,4280
0.183630064,4279
0.183634871,4278
0.183639937,4277
0.183644107,4276
0.183648157,4275
0.183651356,4274
0.183657462,4273
0.183661454,4272
0.183664704,4271
0.183668019,4270
0.183673213,4269
0.183677365,4268
0.183686367,4267
0.183692647,4266
0.183696737,4265
0.18370047,4264
0.183704132,4263
0.183707346,4262
0.183714093,4261
0.183718819,4260
0.183722857,4259
0.18372658,4258
0.183730815,4257
0.183735077,4256
0.183740347,4255
0.183744103,4254
0.183747872,4253
0.183751922,4252
0.183757835,4251
0.183763195,4250
0.183768731,4249
0.183772747,4248
0.1837776,4247
0.183780868,4246
0.183784201,4245
0.18378749,4244
0.183791442,4243
0.183796266,4242
0.183800096,4241
0.183804695,4240
0.183808625,4239
0.183814359,4238
0.183818355,4237
0.183822297,4236
0.183859892,4235
0.183863919,4234
0.183867626,4233
0.18387184,4232
0.18387674,4231
0.183879977,4230
0.183931108,4229
0.183966315,4228
0.183991737,4227
0.184026745,4226
0.184055114,4225
0.184082564,4224
0.184102033,4223
0.184130837,4222
0.184176593,4221
0.184260627,4220
0.184276947,4219
0.184310603,4218
0.184392982,4217
0.184431311,4216
0.184460718,4215
0.184507072,4214
0.184529193,4213
0.184566968,4212
0.184570779,4211
0.184578436,4210
0.184582523,4209
0.184589015,4208
0.184594208,4207
0.184597833,4206
0.184601313,4205
0.184604976,4204
0.184608568,4203
0.184612138,4202
0.18461788,4201
0.184621646,4200
0.184624716,4199
0.18462775,4198
0.184631984,4197
0.184636806,4196
0.184641623,4195
0.184646274,4194
0.184650026,4193
0.184653593,4192
0.184657604,4191
0.184660837,4190
0.184664697,4189
0.184668255,4188
0.184674581,4187
0.184678353,4186
0.184682058,4185
0.184685277,4184
0.184689839,4183
0.184693606,4182
0.184698679,4181
0.184702334,4180
0.184734272,4179
0.184738675,4178
0.184742856,4177
0.184746708,4176
0.184750479,4175
0.184754247,4174
0.184758144,4173
0.18476161,4172
0.184765479,4171
0.18476942,4170
0.184773585,4169
0.184793292,4168
0.184797151,4167
0.184800571,4166
0.184804423,4165
0.184809767,4164
0.184813053,4163
0.184816571,4162
0.184819825,4161
0.184825682,4160
0.184829626,4159
0.184832891,4158
0.184835933,4157
0.184839713,4156
0.184843253,4155
0.184847077,4154
0.184850504,4153
0.184858448,4152
0.184863396,4151
0.184869729,4150
0.184883362,4149
0.184888447,4148
0.1848926,4147
0.184899058,4146
0.184903068,4145
0.184907144,4144
0.184911306,4143
0.184914939,4142
0.184918665,4141
0.184923759,4140
0.184929476,4139
0.184933571,4138
0.184937346,4137
0.184941278,4136
0.184950229,4135
0.184954862,4134
0.184958389,4133
0.184962511,4132
0.184966635,4131
0.184972281,4130
0.185025721,4129
0.185061587,4128
0.185093487,4127
0.185141927,4126
0.185179155,4125
0.185217846,4124
0.185233841,4123
0.185247567,4122
0.185274137,4121
0.185293901,4120
0.185309481,4119
0.18531984,4118
0.185351249,4117
0.18537057,4116
0.185378941,4115
0.185385315,4114
0.185391067,4113
0.185400754,4112
0.185406117,4111
0.185416049,4110
0.185435729,4109
0.185442728,4108
0.185452983,4107
0.185461819,4106
0.185550008,4105
0.185595416,4104
0.185638428,4103
0.185666149,4102
0.185671314,4101
0.185676188,4100
0.185680198,4099
0.185684084,4098
0.185687573,4097
0.185695504,4096
0.185699427,4095
0.185790706,4094
0.185795073,4093
0.185800406,4092
0.18580468,4091
0.185810392,4090
0.185818959,4089
0.185854448,4088
0.185860488,4087
0.185865886,4086
0.185885069,4085
0.185898395,4084
0.185902691,4083
0.185908275,4082
0.185912138,4081
0.185915966,4080
0.185919647,4079
0.185923339,4078
0.185926698,4077
0.18593041,4076
0.185933609,4075
0.185936932,4074
0.18594008,4073
0.185943696,4072
0.185948648,4071
0.185952516,4070
0.185956407,4069
0.185962134,4068
0.185966925,4067
0.18597024,4066
0.185974829,4065
0.185978163,4064
0.185981635,4063
0.185985788,4062
0.185988788,4061
0.185992164,4060
0.185996445,4059
0.186000044,4058
0.18600328,4057
0.186006474,4056
0.186009581,4055
0.186012929,4054
0.18601659,4053
0.186020238,4052
0.186026038,4051
0.186029487,4050
0.186032889,4049
0.186035985,4048
0.186039723,4047
0.186063563,4046
0.18607755,4045
0.186080891,4044
0.186083904,4043
0.186086983,4042
0.186090236,4041
0.186098729,4040
0.186103374,4039
0.186117775,4038
0.186121787,4037
0.18612556,4036
0.186129173,4035
0.186132766,4034
0.186136541,4033
0.186139998,4032
0.186143244,4031
0.186157677,4030
0.18616297,4029
0.186168947,4028
0.186176056,4027
0.186182941,4026
0.186187045,4025
0.186190676,4024
0.186195669,4023
0.186669585,4022
0.186681594,4021
0.18668576,4020
0.186691218,4019
0.186695932,4018
0.186699881,4017
0.186703831,4016
0.186717415,4015
0.186723406,4014
0.186726972,4013
0.18673114,4012
0.186735922,4011
0.186739874,4010
0.186745354,4009
0.186844534,4008
0.186894647,4007
0.186927549,4006
0.186931587,4005
0.186935434,4004
0.186940471,4003
0.186944989,4002
0.186948375,4001
0.186990918,4000
0.186998928,3999
0.187002097,3998
0.187007372,3997
0.187010586,3996
0.187016022,3995
0.187020023,3994
0.187023868,3993
0.187027149,3992
0.187032022,3991
0.187035714,3990
0.187039075,3989
0.187043545,3988
0.187091217,3987
0.187124243,3986
0.187144067,3985
0.187150257,3984
0.187156939,3983
0.187237412,3982
0.18725262,3981
0.187284242,3980
0.187301269,3979
0.190172887,3978
0.190182558,3977
0.190189892,3976
0.190194007,3975
0.19019836,3974
0.19020351,3973
0.19020739,3972
0.190210792,3971
0.190216312,3970
0.190219668,3969
0.190225704,3968
0.190230003,3967
0.190233655,3966
0.190237796,3965
0.190241896,3964
0.190282003,3963
0.190286528,3962
0.190292203,3961
0.190295632,3960
0.190299852,3959
0.190303206,3958
0.19030851,3957
0.190311624,3956
0.190314895,3955
0.190320126,3954
0.190322901,3953
0.190327351,3952
0.190330659,3951
0.190334882,3950
0.190340869,3949
0.190345259,3948
0.19034985,3947
0.190354387,3946
0.190357437,3945
0.190362491,3944
0.190365987,3943
0.19036881,3942
0.190372235,3941
0.190375135,3940
0.190378066,3939
0.190381273,3938
0.190384675,3937
0.190387425,3936
0.190391566,3935
0.19039605,3934
0.190399329,3933
0.190402582,3932
0.190410877,3931
0.190415277,3930
0.190419065,3929
0.19042269,3928
0.190426759,3927
0.190430195,3926
0.190434219,3925
0.190437722,3924
0.190443671,3923
0.190447045,3922
0.190454077,3921
0.190458259,3920
0.190462942,3919
0.190467595,3918
0.190471175,3917
0.190476359,3916
0.190479843,3915
0.19048317,3914
0.190487248,3913
0.190493409,3912
0.190497195,3911
0.190500709,3910
0.190504084,3909
0.190508661,3908
0.190512633,3907
0.190515829,3906
0.190519758,3905
0.190522923,3904
0.190528896,3903
0.190531664,3902
0.190535195,3901
0.190538711,3900
0.190541988,3899
0.190545432,3898
0.1905488,3897
0.190552028,3896
0.190555333,3895
0.190612749,3894
0.190616473,3893
0.190621915,3892
0.190626394,3891
0.19068574,3890
0.190757521,3889
0.190760976,3888
0.190765982,3887
0.190769429,3886
0.190776745,3885
0.190780053,3884
0.190783512,3883
0.190786918,3882
0.190793152,3881
0.190796237,3880
0.190807238,3879
0.190811545,3878
0.190816204,3877
0.190822019,3876
0.190977765,3875
0.190982955,3874
0.190991516,3873
0.191003645,3872
0.191082521,3871
0.191087356,3870
0.191090659,3869
0.191125696,3868
0.191132046,3867
0.191136972,3866
0.191143964,3865
0.191150737,3864
0.191157899,3863
0.191187319,3862
0.191307846,3861
0.191313829,3860
0.191317412,3859
0.191323438,3858
0.19132663,3857
0.191331624,3856
0.191335999,3855
0.191338986,3854
0.191342266,3853
0.191345388,3852
0.191348431,3851
0.191352844,3850
0.191360764,3849
0.191364088,3848
0.191371572,3847
0.191383203,3846
0.191388991,3845
0.191396423,3844
0.19139944,3843
0.191403613,3842
0.191407372,3841
0.191418008,3840
0.191422174,3839
0.191425902,3838
0.191429514,3837
0.191434056,3836
0.191437354,3835
0.191440465,3834
0.191443633,3833
0.191478206,3832
0.191482743,3831
0.194037042,3830
0.194315454,3829
0.194327919,3828
0.19433161,3827
0.194337716,3826
0.194341751,3825
0.194346422,3824
0.194354354,3823
0.194359633,3822
0.194363666,3821
0.194369102,3820
0.194374523,3819
0.194379379,3818
0.194383271,3817
0.194393416,3816
0.194405078,3815
0.194409929,3814
0.194413213,3813
0.194422926,3812
0.194427963,3811
0.194431424,3810
0.194447539,3809
0.194452082,3808
0.194461232,3807
0.194467816,3806
0.194474063,3805
0.194485228,3804
0.194488446,3803
0.194497408,3802
0.194502448,3801
0.194506903,3800
0.194512056,3799
0.194520746,3798
0.194524346,3797
0.194527851,3796
0.194536533,3795
0.194549108,3794
0.194554586,3793
0.194558089,3792
0.194566526,3791
0.194570323,3790
0.19457475,3789
0.194578266,3788
0.194581383,3787
0.194588101,3786
0.194591292,3785
0.194598009,3784
0.194605153,3783
0.194614627,3782
0.194620056,3781
0.19462527,3780
0.194631125,3779
0.194634682,3778
0.19463808,3777
0.194641589,3776
0.194644588,3775
0.194653908,3774
0.194669894,3773
0.19467366,3772
0.19467906,3771
0.194682468,3770
0.194686536,3769
0.19468959,3768
0.19469279,3767
0.194698778,3766
0.194707336,3765
0.19471227,3764
0.194717341,3763
0.194738715,3762
0.194756608,3761
0.194765021,3760
0.194768734,3759
0.194773062,3758
0.194778418,3757
0.194787961,3756
0.194792285,3755
0.194801059,3754
0.194816817,3753
0.19483057,3752
0.194833972,3751
0.194839768,3750
0.194847641,3749
0.194853432,3748
0.19486177,3747
0.194864681,3746
0.194874126,3745
0.194884388,3744
0.194888251,3743
0.194893217,3742
0.194896115,3741
0.194904003,3740
0.194909753,3739
0.194913776,3738
0.194917832,3737
0.194922927,3736
0.194926287,3735
0.194929498,3734
0.194932843,3733
0.194938488,3732
0.194942973,3731
0.194946187,3730
0.194949764,3729
0.194956892,3728
0.194964858,3727
0.194968998,3726
0.194971711,3725
0.194974953,3724
0.194977698,3723
0.194985513,3722
0.194988974,3721
0.194995896,3720
0.19500173,3719
0.195017202,3718
0.195020658,3717
0.195026531,3716
0.195029707,3715
0.195033371,3714
0.195038268,3713
0.195042434,3712
0.195045675,3711
0.195051558,3710
0.195061545,3709
0.195069956,3708
0.195073376,3707
0.19507663,3706
0.195080086,3705
0.195090247,3704
0.195093748,3703
0.195099583,3702
0.195103122,3701
0.195108321,3700
0.195111233,3699
0.195114281,3698
0.195122638,3697
0.195136995,3696
0.19514138,3695
0.195144739,3694
0.195149488,3693
0.195153078,3692
0.195158361,3691
0.195161576,3690
0.195169762,3689
0.195182749,3688
0.195195901,3687
0.195199788,3686
0.195205728,3685
0.195212602,3684
0.195218873,3683
0.195224074,3682
0.19522831,3681
0.195240682,3680
0.195255551,3679
0.195263486,3678
0.195266888,3677
0.195270689,3676
0.195278029,3675
0.195287385,3674
0.195290587,3673
0.195294653,3672
0.195302986,3671
0.195306465,3670
0.195311455,3669
0.195322904,3668
0.195328267,3667
0.195332237,3666
0.195347981,3665
0.195354846,3664
0.195359662,3663
0.195367487,3662
0.195375308,3661
0.195378337,3660
0.195381774,3659
0.195387703,3658
0.19542922,3657
0.195433184,3656
0.195449791,3655
0.195461142,3654
0.195494468,3653
0.195499423,3652
0.195508687,3651
0.195552822,3650
0.195561413,3649
0.195565228,3648
0.195568867,3647
0.195578748,3646
0.195582392,3645
0.195585611,3644
0.195592886,3643
0.19559853,3642
0.195603009,3641
0.195606141,3640
0.195613915,3639
0.195617791,3638
0.195624202,3637
0.195627459,3636
0.195630458,3635
0.195634059,3634
0.195638015,3633
0.19564266,3632
0.195646011,3631
0.195650275,3630
0.195654671,3629
0.195659377,3628
0.195664244,3627
0.195667576,3626
0.195670864,3625
0.195678089,3624
0.195683997,3623
0.195692727,3622
0.195700629,3621
0.195706159,3620
0.195715414,3619
0.195721701,3618
0.195725472,3617
0.195739106,3616
0.195753694,3615
0.195758257,3614
0.195762946,3613
0.195766186,3612
0.195771413,3611
0.195775656,3610
0.195779852,3609
0.195784067,3608
0.195786814,3607
0.195790639,3606
0.195793844,3605
0.195797425,3604
0.195802315,3603
0.195805716,3602
0.19581033,3601
0.195815021,3600
0.195818706,3599
0.195821718,3598
0.195828868,3597
0.195832088,3596
0.195836668,3595
0.195843859,3594
0.195935581,3593
0.195959885,3592
0.195964656,3591
0.195969559,3590
0.195975364,3589
0.195983546,3588
0.195986998,3587
0.195990028,3586
0.195995442,3585
0.196001884,3584
0.196008134,3583
0.196013226,3582
0.196076065,3581
0.196096828,3580
0.199055898,3579
0.199093701,3578
0.199108197,3577
0.199211103,3576
0.199220227,3575
0.199231871,3574
0.199235783,3573
0.199239151,3572
0.199258844,3571
0.199266316,3570
0.199270285,3569
0.199279382,3568
0.199287467,3567
0.199299885,3566
0.199306156,3565
0.199309537,3564
0.19931459,3563
0.199318481,3562
0.199321399,3561
0.199324545,3560
0.199327708,3559
0.199330755,3558
0.19933754,3557
0.19935086,3556
0.199361524,3555
0.199366218,3554
0.199375013,3553
0.199386396,3552
0.199390189,3551
0.199395796,3550
0.19940139,3549
0.19940664,3548
0.199412098,3547
0.19941755,3546
0.199420844,3545
0.199425315,3544
0.199432506,3543
0.199443283,3542
0.199446876,3541
0.199455865,3540
0.199460526,3539
0.199523874,3538
0.199528496,3537
0.199531641,3536
0.199536228,3535
0.199544488,3534
0.199562144,3533
0.199568334,3532
0.199573961,3531
0.199576535,3530
0.199595177,3529
0.199603153,3528
0.199608687,3527
0.199632206,3526
0.199644344,3525
0.199649804,3524
0.199656734,3523
0.199665952,3522
0.199672565,3521
0.199678042,3520
0.199683625,3519
0.199687671,3518
0.19969159,3517
0.199697335,3516
0.199700643,3515
0.199716469,3514
0.199720323,3513
0.199739323,3512
0.199747293,3511
0.199767142,3510
0.199775466,3509
0.199782117,3508
0.19978506,3507
0.199789989,3506
0.199794125,3505
0.199796973,3504
0.199802922,3503
0.200739245,3502
0.200764848,3501
0.200769726,3500
0.200801127,3499
0.200806798,3498
0.20081836,3497
0.200826982,3496
0.200830131,3495
0.200833684,3494
0.200841428,3493
0.200849365,3492
0.200884676,3491
0.200893267,3490
0.200916906,3489
0.200990736,3488
0.200994933,3487
0.201001648,3486
0.201028197,3485
0.201043961,3484
0.201049869,3483
0.201063286,3482
0.201071225,3481
0.20108624,3480
0.201167703,3479
0.201289673,3478
0.201295384,3477
0.201324355,3476
0.201335889,3475
0.201342385,3474
0.201350614,3473
0.201365258,3472
0.201370708,3471
0.201390636,3470
0.201451761,3469
0.201456535,3468
0.201465374,3467
0.201488577,3466
0.201494767,3465
0.201549448,3464
0.201560147,3463
0.201573058,3462
0.201577931,3461
0.201581774,3460
0.201586988,3459
0.201593009,3458
0.201597809,3457
0.201601483,3456
0.201607368,3455
0.201610756,3454
0.201616888,3453
0.201623774,3452
0.201631576,3451
0.201653662,3450
0.201660263,3449
0.201671016,3448
0.201686194,3447
0.201701024,3446
0.201717201,3445
0.201722909,3444
0.201733484,3443
0.201745618,3442
0.201752256,3441
0.201759948,3440
0.201768025,3439
0.201773544,3438
0.201781128,3437
0.201784796,3436
0.201793185,3435
0.201802322,3434
0.201809921,3433
0.201845223,3432
0.201849516,3431
0.201860418,3430
0.201867813,3429
0.201878202,3428
0.201886661,3427
0.201919706,3426
0.201967165,3425
0.202008122,3424
0.210945016,3423
0.21098165,3422
0.211117615,3421
0.211130774,3420
0.211146219,3419
0.211188662,3418
0.211238568,3417
0.211253883,3416
0.211295946,3415
0.211303472,3414
0.211401086,3413
0.211491598,3412
0.211574392,3411
0.211617411,3410
0.211650312,3409
0.211659913,3408
0.211663388,3407
0.211666604,3406
0.2116703,3405
0.211689124,3404
0.211693024,3403
0.211699735,3402
0.211704539,3401
0.211720604,3400
0.211727775,3399
0.211751265,3398
0.211758229,3397
0.211771649,3396
0.211776382,3395
0.21178691,3394
0.211795287,3393
0.211810502,3392
0.212258039,3391
0.212270636,3390
0.212320115,3389
0.212393588,3388
0.212418138,3387
0.212455197,3386
0.212471912,3385
0.21248781,3384
0.212499255,3383
0.2125371,3382
0.212594273,3381
0.212627876,3380
0.212643181,3379
0.212742949,3378
0.212818883,3377
0.212880436,3376
0.212958732,3375
0.212964518,3374
0.213016005,3373
0.213055378,3372
0.213097702,3371
0.213134716,3370
0.213142484,3369
0.213158602,3368
0.21317241,3367
0.213190774,3366
0.213210712,3365
0.213217372,3364
0.213229343,3363
0.213235478,3362
0.213244145,3361
0.213256188,3360
0.21327095,3359
0.213293226,3358
0.213337552,3357
0.213364537,3356
0.213616018,3355
0.213634932,3354
0.213684245,3353
0.213714517,3352
0.213717378,3351
0.213727896,3350
0.213756976,3349
0.213822081,3348
0.213832591,3347
0.213863995,3346
0.213870388,3345
0.213891809,3344
0.214084056,3343
0.214086627,3342
0.214136476,3341
0.214138877,3340
0.214167404,3339
0.214230471,3338
0.214349291,3337
0.214357915,3336
0.214362996,3335
0.214372983,3334
0.21440091,3333
0.218632432,3332
0.218751106,3331
0.218819761,3330
0.218830721,3329
0.21888586,3328
0.218912557,3327
0.219093407,3326
0.219113299,3325
0.219156257,3324
0.219191046,3323
0.219200187,3322
0.219393914,3321
0.219541638,3320
0.219784893,3319
0.21982508,3318
0.219932676,3317
0.22032593,3316
0.22042753,3315
0.220688904,3314
0.455075668,3313
0.616508935,3312
0.641074258,3311
0.707947392,3310
1.729327476,3309
1.864938237,3308
1.925972664,3307
2.021043593,3306
2.557200724,3305
2.84928693,3304
