0.161547358,6061
0.161606942,6060
0.161654939,6059
0.161693264,6058
0.161718152,6057
0.161741334,6056
0.161749867,6055
0.161791884,6054
0.161810629,6053
0.161820255,6052
0.16186464,6051
0.162861288,6050
0.162883352,6049
0.162894896,6048
0.162960918,6047
0.162970487,6046
0.162985911,6045
0.162998141,6044
0.163005515,6043
0.163011873,6042
0.163017745,6041
0.163025143,6040
0.163033017,6039
0.163040432,6038
0.163046829,6037
0.163053728,6036
0.163061252,6035
0.163069424,6034
0.163075101,6033
0.163080475,6032
0.163157086,6031
0.163196288,6030
0.163205018,6029
0.163213158,6028
0.163336595,6027
0.163405172,6026
0.163429472,6025
0.163751732,6024
0.163762694,6023
0.16377685,6022
0.163829053,6021
0.16386228,6020
0.163869671,6019
0.163894086,6018
0.163919865,6017
0.163934511,6016
0.163940128,6015
0.163944996,6014
0.163950062,6013
0.163956588,6012
0.163961027,6011
0.163966471,6010
0.163971644,6009
0.164023189,6008
0.164031033,6007
0.164037547,6006
0.164067591,6005
0.164074504,6004
0.164086262,6003
0.164093271,6002
0.164100171,6001
0.164111256,6000
0.164117711,5999
0.164124527,5998
0.164130724,5997
0.164141922,5996
0.164173838,5995
0.164180145,5994
0.164192322,5993
0.164197822,5992
0.164210493,5991
0.164214996,5990
0.164232601,5989
0.164237818,5988
0.164243026,5987
0.164248601,5986
0.164255393,5985
0.164261751,5984
0.164267408,5983
0.164321131,5982
0.164338587,5981
0.164374271,5980
0.164389798,5979
0.164403064,5978
0.164408591,5977
0.164414422,5976
0.164420571,5975
0.164425953,5974
0.164438028,5973
0.164444584,5972
0.164449879,5971
0.164461469,5970
0.164466859,5969
0.164472559,5968
0.164478797,5967
0.164521306,5966
0.164536465,5965
0.164549557,5964
0.164554678,5963
0.164559682,5962
0.16457164,5961
0.164576619,5960
0.164585609,5959
0.164625339,5958
0.164659429,5957
0.164664683,5956
0.164670241,5955
0.164675927,5954
0.16468245,5953
0.164687488,5952
0.16469203,5951
0.164697131,5950
0.164716961,5949
0.16472412,5948
0.164729999,5947
0.164735254,5946
0.164739965,5945
0.164744325,5944
0.164749199,5943
0.164753512,5942
0.164759073,5941
0.164764028,5940
0.164777308,5939
0.164799754,5938
0.164854327,5937
0.164872014,5936
0.1648764,5935
0.164892432,5934
0.16489638,5933
0.164900185,5932
0.164903628,5931
0.164907257,5930
0.164910959,5929
0.164914794,5928
0.164918192,5927
0.164921798,5926
0.164925791,5925
0.164929425,5924
0.164933217,5923
0.164936903,5922
0.164940872,5921
0.164944261,5920
0.164947543,5919
0.16495128,5918
0.164954682,5917
0.164958133,5916
0.164963025,5915
0.16496763,5914
0.164971299,5913
0.164974849,5912
0.164978562,5911
0.164982552,5910
0.164986419,5909
0.164990992,5908
0.164994559,5907
0.1649984,5906
0.165001825,5905
0.165005502,5904
0.165009267,5903
0.165013153,5902
0.165016905,5901
0.165020916,5900
0.165025984,5899
0.16503016,5898
0.165034032,5897
0.165037763,5896
0.165041407,5895
0.165045134,5894
0.165048784,5893
0.165052274,5892
0.16505905,5891
0.16506293,5890
0.165067765,5889
0.165072745,5888
0.165076872,5887
0.165080601,5886
0.165084988,5885
0.165088513,5884
0.16509233,5883
0.165095724,5882
0.165098919,5881
0.165102464,5880
0.165106338,5879
0.165109699,5878
0.165113473,5877
0.165117151,5876
0.165120497,5875
0.16513122,5874
0.165136756,5873
0.16514107,5872
0.165144952,5871
0.165149669,5870
0.165166228,5869
0.165171792,5868
0.165176631,5867
0.165181985,5866
0.165187033,5865
0.165228785,5864
0.165303078,5863
0.165320696,5862
0.16532864,5861
0.165333905,5860
0.165338979,5859
0.165343834,5858
0.165348028,5857
0.165352615,5856
0.165357156,5855
0.165361539,5854
0.165372601,5853
0.165386251,5852
0.165390161,5851
0.165393845,5850
0.165397677,5849
0.165401573,5848
0.16540559,5847
0.165412199,5846
0.165417393,5845
0.165424446,5844
0.16542963,5843
0.165434646,5842
0.165439747,5841
0.16544433,5840
0.165449279,5839
0.165470326,5838
0.165477043,5837
0.165481238,5836
0.165485215,5835
0.165489224,5834
0.165493062,5833
0.165504766,5832
0.16551519,5831
0.165523123,5830
0.165529386,5829
0.165537435,5828
0.165578698,5827
0.165616268,5826
0.165623662,5825
0.16562884,5824
0.165634368,5823
0.165639479,5822
0.16565182,5821
0.165656326,5820
0.165661638,5819
0.165694007,5818
0.165700154,5817
0.165706024,5816
0.165711103,5815
0.165716718,5814
0.165722403,5813
0.165727462,5812
0.165732653,5811
0.165745829,5810
0.165754134,5809
0.165978105,5808
0.16598956,5807
0.166045695,5806
0.166051847,5805
0.166056717,5804
0.166061117,5803
0.166065713,5802
0.166070406,5801
0.166080585,5800
0.166087914,5799
0.166094209,5798
0.166100254,5797
0.166106393,5796
0.166112218,5795
0.166117992,5794
0.166123134,5793
0.16612856,5792
0.166133675,5791
0.166138175,5790
0.166142418,5789
0.166146789,5788
0.166150647,5787
0.166155392,5786
0.166159499,5785
0.166163495,5784
0.166168479,5783
0.166173074,5782
0.166176778,5781
0.166180231,5780
0.166183268,5779
0.16618802,5778
0.166192397,5777
0.166200522,5776
0.166204885,5775
0.166209611,5774
0.166213845,5773
0.166218444,5772
0.166228386,5771
0.166232986,5770
0.166237381,5769
0.166242275,5768
0.166246512,5767
0.166251045,5766
0.166255975,5765
0.166260704,5764
0.166265651,5763
0.166270678,5762
0.166275173,5761
0.166279649,5760
0.166285593,5759
0.166289903,5758
0.166294149,5757
0.166298541,5756
0.166302793,5755
0.166307415,5754
0.1663116,5753
0.166316015,5752
0.16632067,5751
0.166331084,5750
0.166335992,5749
0.166341016,5748
0.1663457,5747
0.168793927,5746
0.16881225,5745
0.168826797,5744
0.168859857,5743
0.168864539,5742
0.168880124,5741
0.168894627,5740
0.168901742,5739
0.168906744,5738
0.168911875,5737
0.168948144,5736
0.168982709,5735
0.168987444,5734
0.168992449,5733
0.168997371,5732
0.16900171,5731
0.16900695,5730
0.169011734,5729
0.169016201,5728
0.169020347,5727
0.169024615,5726
0.16902962,5725
0.169034574,5724
0.169042047,5723
0.169046395,5722
0.169050626,5721
0.169054521,5720
0.16906017,5719
0.169069005,5718
0.169072865,5717
0.169076392,5716
0.169080341,5715
0.169083591,5714
0.169087394,5713
0.169090416,5712
0.169094065,5711
0.16909794,5710
0.16910214,5709
0.169105506,5708
0.169109373,5707
0.169112538,5706
0.169115684,5705
0.169119097,5704
0.16912258,5703
0.169125848,5702
0.169129038,5701
0.169132338,5700
0.169136006,5699
0.169139408,5698
0.169142748,5697
0.169146139,5696
0.169152466,5695
0.169157736,5694
0.169162449,5693
0.1691672,5692
0.169172264,5691
0.169177841,5690
0.169182362,5689
0.169187113,5688
0.169191219,5687
0.169196136,5686
0.16920104,5685
0.169205427,5684
0.169213777,5683
0.169218768,5682
0.169224228,5681
0.169229164,5680
0.169234463,5679
0.169253052,5678
0.169258612,5677
0.169264351,5676
0.169269918,5675
0.169275012,5674
0.169358294,5673
0.169363534,5672
0.169367534,5671
0.169372467,5670
0.169377237,5669
0.169381414,5668
0.169385457,5667
0.169390387,5666
0.169395142,5665
0.169399591,5664
0.169408857,5663
0.16941274,5662
0.169416594,5661
0.169420986,5660
0.169425208,5659
0.169429086,5658
0.169433144,5657
0.169437125,5656
0.16944081,5655
0.169444514,5654
0.169448336,5653
0.169491589,5652
0.169496773,5651
0.169501297,5650
0.169505437,5649
0.169509805,5648
0.169513954,5647
0.170236714,5646
0.170251079,5645
0.170260822,5644
0.170264615,5643
0.170275816,5642
0.170280635,5641
0.170284835,5640
0.170288738,5639
0.170292228,5638
0.170300924,5637
0.17030463,5636
0.170308204,5635
0.170311676,5634
0.170315134,5633
0.17031916,5632
0.17032259,5631
0.170326027,5630
0.170329493,5629
0.1703331,5628
0.170336347,5627
0.170339607,5626
0.170343116,5625
0.170346865,5624
0.170350138,5623
0.170353653,5622
0.170357152,5621
0.170360784,5620
0.170364093,5619
0.170367488,5618
0.170371934,5617
0.170375455,5616
0.170379301,5615
0.170382818,5614
0.170386198,5613
0.170390424,5612
0.170394409,5611
0.17039791,5610
0.170401525,5609
0.170405174,5608
0.170408813,5607
0.170412558,5606
0.170416074,5605
0.170419451,5604
0.170423099,5603
0.170426636,5602
0.17043044,5601
0.170434682,5600
0.170437947,5599
0.170441276,5598
0.170529652,5597
0.170542383,5596
0.170593957,5595
0.170597452,5594
0.170627777,5593
0.170632903,5592
0.170637708,5591
0.170641027,5590
0.170645765,5589
0.170651183,5588
0.170656765,5587
0.17066261,5586
0.170669217,5585
0.170676341,5584
0.170683863,5583
0.170688288,5582
0.17069195,5581
0.170696984,5580
0.170701592,5579
0.170705958,5578
0.170711328,5577
0.170715349,5576
0.170720935,5575
0.170724666,5574
0.170728354,5573
0.170741454,5572
0.170745386,5571
0.17074895,5570
0.170752337,5569
0.170755331,5568
0.170759228,5567
0.170762295,5566
0.1707652,5565
0.170768056,5564
0.170770748,5563
0.170774604,5562
0.170778446,5561
0.170782614,5560
0.170785678,5559
0.170788103,5558
0.170791189,5557
0.170795097,5556
0.170800202,5555
0.170803471,5554
0.170806507,5553
0.170809009,5552
0.170816013,5551
0.170834344,5550
0.170842297,5549
0.170846618,5548
0.170851345,5547
0.170855393,5546
0.17085934,5545
0.170863122,5544
0.17086689,5543
0.170870409,5542
0.170874646,5541
0.170878671,5540
0.170882745,5539
0.170887463,5538
0.17089157,5537
0.170895522,5536
0.170899354,5535
0.170903054,5534
0.170906714,5533
0.170910306,5532
0.170914197,5531
0.170918217,5530
0.170922551,5529
0.170926851,5528
0.170931091,5527
0.170935731,5526
0.170940224,5525
0.170944104,5524
0.170947962,5523
0.170952118,5522
0.170956685,5521
0.170961169,5520
0.170965308,5519
0.170969369,5518
0.170973364,5517
0.170977624,5516
0.170981354,5515
0.171014326,5514
0.171018396,5513
0.171022268,5512
0.171025833,5511
0.171029348,5510
0.171032459,5509
0.171035735,5508
0.171039307,5507
0.171042785,5506
0.171046135,5505
0.171049849,5504
0.171053113,5503
0.171056495,5502
0.171059986,5501
0.171063314,5500
0.171066681,5499
0.171069651,5498
0.171073789,5497
0.171077558,5496
0.17108095,5495
0.171084343,5494
0.171087774,5493
0.171092,5492
0.171095475,5491
0.171098888,5490
0.171102493,5489
0.171105881,5488
0.171109144,5487
0.171111769,5486
0.17111529,5485
0.171118268,5484
0.171121049,5483
0.171125426,5482
0.171128327,5481
0.171130917,5480
0.171133622,5479
0.171136343,5478
0.171138823,5477
0.171141573,5476
0.171145497,5475
0.171148148,5474
0.171150603,5473
0.171153638,5472
0.171156872,5471
0.171159705,5470
0.171162469,5469
0.171165617,5468
0.171168419,5467
0.171170784,5466
0.171173486,5465
0.171176821,5464
0.171180739,5463
0.171184008,5462
0.17118799,5461
0.171191694,5460
0.171195315,5459
0.171199788,5458
0.171203667,5457
0.171207281,5456
0.171211231,5455
0.171215016,5454
0.171225084,5453
0.171229585,5452
0.171234103,5451
0.171238779,5450
0.171243209,5449
0.171247083,5448
0.171250965,5447
0.171255186,5446
0.171258959,5445
0.171262677,5444
0.171266064,5443
0.171269597,5442
0.171279959,5441
0.171283564,5440
0.171287149,5439
0.17129011,5438
0.171292777,5437
0.171295239,5436
0.171297768,5435
0.17130024,5434
0.171302785,5433
0.171306698,5432
0.171309638,5431
0.171312825,5430
0.171315492,5429
0.171318143,5428
0.171320522,5427
0.171322827,5426
0.171326146,5425
0.171329169,5424
0.171331955,5423
0.171334735,5422
0.171340355,5421
0.171343872,5420
0.17134739,5419
0.171351242,5418
0.171353905,5417
0.171356773,5416
0.171359252,5415
0.171368262,5414
0.171372725,5413
0.171376576,5412
0.171380239,5411
0.171384068,5410
0.171394619,5409
0.17140071,5408
0.171404274,5407
0.17140737,5406
0.171410871,5405
0.171413966,5404
0.171416793,5403
0.17141957,5402
0.171423309,5401
0.171426157,5400
0.171428987,5399
0.171432044,5398
0.171435239,5397
0.17143892,5396
0.171441765,5395
0.171445019,5394
0.171448111,5393
0.171451339,5392
0.171454751,5391
0.171458003,5390
0.171465444,5389
0.17146854,5388
0.171471466,5387
0.171474456,5386
0.171477326,5385
0.171479866,5384
0.171482464,5383
0.171486549,5382
0.171490486,5381
0.171494016,5380
0.171498204,5379
0.171508934,5378
0.171513684,5377
0.171518206,5376
0.17155648,5375
0.172384513,5374
0.172508973,5373
0.172594606,5372
0.172619059,5371
0.172622651,5370
0.172625456,5369
0.17262838,5368
0.172631261,5367
0.172634011,5366
0.172636867,5365
0.172639484,5364
0.172642719,5363
0.172645718,5362
0.172672258,5361
0.172675479,5360
0.17267842,5359
0.17268195,5358
0.17268534,5357
0.172688259,5356
0.172691402,5355
0.172694979,5354
0.172702631,5353
0.172707677,5352
0.1727172,5351
0.172720787,5350
0.172723778,5349
0.172726678,5348
0.17273009,5347
0.17273317,5346
0.17273691,5345
0.1727399,5344
0.172743393,5343
0.172746374,5342
0.172749354,5341
0.172754989,5340
0.172789774,5339
0.172793337,5338
0.172797564,5337
0.172809819,5336
0.172814579,5335
0.172820834,5334
0.172824503,5333
0.172828267,5332
0.172831545,5331
0.172834253,5330
0.172836517,5329
0.172839039,5328
0.172841775,5327
0.172844044,5326
0.172846554,5325
0.172848731,5324
0.172850993,5323
0.172853452,5322
0.172856053,5321
0.172858528,5320
0.172860865,5319
0.172863302,5318
0.172865759,5317
0.172868298,5316
0.172871214,5315
0.172873709,5314
0.172876084,5313
0.172880556,5312
0.17288373,5311
0.172886234,5310
0.172888877,5309
0.172892093,5308
0.172894641,5307
0.172897086,5306
0.172899774,5305
0.172902386,5304
0.172904964,5303
0.172919238,5302
0.17292402,5301
0.172927333,5300
0.172930334,5299
0.172933594,5298
0.172936739,5297
0.1729398,5296
0.172943186,5295
0.172946545,5294
0.172950899,5293
0.172954699,5292
0.172968658,5291
0.172977201,5290
0.172982475,5289
0.172987545,5288
0.172991905,5287
0.172996438,5286
0.173001822,5285
0.173006122,5284
0.173011662,5283
0.17301629,5282
0.173020763,5281
0.173024835,5280
0.173029157,5279
0.173033489,5278
0.173037734,5277
0.173041209,5276
0.173044852,5275
0.173049742,5274
0.173055271,5273
0.17307089,5272
0.173078281,5271
0.173081476,5270
0.173084443,5269
0.173086883,5268
0.173089221,5267
0.173092379,5266
0.173095125,5265
0.173097598,5264
0.173100756,5263
0.173104351,5262
0.173107465,5261
0.173110486,5260
0.173114016,5259
0.173116868,5258
0.173119781,5257
0.173122411,5256
0.173125077,5255
0.173128194,5254
0.173131134,5253
0.173134068,5252
0.173137036,5251
0.173140168,5250
0.173145414,5249
0.173149293,5248
0.173153184,5247
0.173156753,5246
0.173159935,5245
0.173163443,5244
0.173166511,5243
0.173169771,5242
0.173173099,5241
0.173176356,5240
0.173179845,5239
0.17318461,5238
0.173188314,5237
0.17319082,5236
0.17319359,5235
0.17319651,5234
0.17319875,5233
0.173203017,5232
0.173205986,5231
0.173208746,5230
0.173211299,5229
0.173213957,5228
0.173217009,5227
0.173288091,5226
0.173290801,5225
0.17329444,5224
0.173297713,5223
0.173301348,5222
0.17330423,5221
0.17330695,5220
0.173309801,5219
0.173312709,5218
0.173315279,5217
0.173317879,5216
0.173320777,5215
0.173323882,5214
0.173326594,5213
0.173329249,5212
0.173332137,5211
0.173335052,5210
0.173337951,5209
0.173340637,5208
0.173343179,5207
0.173345799,5206
0.173349116,5205
0.173351697,5204
0.173354347,5203
0.173356899,5202
0.173359656,5201
0.173362158,5200
0.173364542,5199
0.173367109,5198
0.17336983,5197
0.173372222,5196
0.1733747,5195
0.173377346,5194
0.173380086,5193
0.173382398,5192
0.173385704,5191
0.173388429,5190
0.174685988,5189
0.174689954,5188
0.174694579,5187
0.1747099,5186
0.17471618,5185
0.174720623,5184
0.174724656,5183
0.174728876,5182
0.174737514,5181
0.174742625,5180
0.1747463,5179
0.174749682,5178
0.174752287,5177
0.174756673,5176
0.174761996,5175
0.174793043,5174
0.174797223,5173
0.174801552,5172
0.174805184,5171
0.17480823,5170
0.174812946,5169
0.174815908,5168
0.174818772,5167
0.174823605,5166
0.174828604,5165
0.174860215,5164
0.174864773,5163
0.174868576,5162
0.174872274,5161
0.174876218,5160
0.174879259,5159
0.174882826,5158
0.174886691,5157
0.174890189,5156
0.174893382,5155
0.174896489,5154
0.174899324,5153
0.174902372,5152
0.174906084,5151
0.174909333,5150
0.174912247,5149
0.17491522,5148
0.174920209,5147
0.174923053,5146
0.174928038,5145
0.174931804,5144
0.17493524,5143
0.174938665,5142
0.174942262,5141
0.174945586,5140
0.174948488,5139
0.17495128,5138
0.174954418,5137
0.174957921,5136
0.174962788,5135
0.174966553,5134
0.174970153,5133
0.174975082,5132
0.174978317,5131
0.174983587,5130
0.174986782,5129
0.174990321,5128
0.174993709,5127
0.17500431,5126
0.175008532,5125
0.175012028,5124
0.175015054,5123
0.175018219,5122
0.175021418,5121
0.175024823,5120
0.175027643,5119
0.175030705,5118
0.175034896,5117
0.175037869,5116
0.175043839,5115
0.175047108,5114
0.175049924,5113
0.175052865,5112
0.175055902,5111
0.175060275,5110
0.17506449,5109
0.175071339,5108
0.175109723,5107
0.175113717,5106
0.175118571,5105
0.17512296,5104
0.175128248,5103
0.175187177,5102
0.175201087,5101
0.175221245,5100
0.175257266,5099
0.175264082,5098
0.175268627,5097
0.175272889,5096
0.175277043,5095
0.175281171,5094
0.175284748,5093
0.175293956,5092
0.175298372,5091
0.175302422,5090
0.175305655,5089
0.17530917,5088
0.1753123,5087
0.17533079,5086
0.175339589,5085
0.175342838,5084
0.175347479,5083
0.175350573,5082
0.175355066,5081
0.175358199,5080
0.17536207,5079
0.175366915,5078
0.175370123,5077
0.175373129,5076
0.175377532,5075
0.175381447,5074
0.175386397,5073
0.175390507,5072
0.175393528,5071
0.175396602,5070
0.175399655,5069
0.175402737,5068
0.1754207,5067
0.175424876,5066
0.175428053,5065
0.175431903,5064
0.175434885,5063
0.17544838,5062
0.175451532,5061
0.175472733,5060
0.175478763,5059
0.175483236,5058
0.175489302,5057
0.175494455,5056
0.175500362,5055
0.17550454,5054
0.1755102,5053
0.175519065,5052
0.175530963,5051
0.175536468,5050
0.175550269,5049
0.17555527,5048
0.175559719,5047
0.175564021,5046
0.175568508,5045
0.175572512,5044
0.175576758,5043
0.17558075,5042
0.175584243,5041
0.175588986,5040
0.175593238,5039
0.175597144,5038
0.175601449,5037
0.175605314,5036
0.175609073,5035
0.175612653,5034
0.175616625,5033
0.175620212,5032
0.175624515,5031
0.175629993,5030
0.175634762,5029
0.175638869,5028
0.175644257,5027
0.175650041,5026
0.175653004,5025
0.175656194,5024
0.175659598,5023
0.175663036,5022
0.175666847,5021
0.175670426,5020
0.175674185,5019
0.1756783,5018
0.175683155,5017
0.175686685,5016
0.175689825,5015
0.1756933,5014
0.17569694,5013
0.175701015,5012
0.175704009,5011
0.175706909,5010
0.175712768,5009
0.175715694,5008
0.175719317,5007
0.175722384,5006
0.175725884,5005
0.1757293,5004
0.175734159,5003
0.175738966,5002
0.175742282,5001
0.175745864,5000
0.175749297,4999
0.175753509,4998
0.175757302,4997
0.17576095,4996
0.175764935,4995
0.17576969,4994
0.175773709,4993
0.175777669,4992
0.175782174,4991
0.175786438,4990
0.17579053,4989
0.175795749,4988
0.175800136,4987
0.175803716,4986
0.175808016,4985
0.175812909,4984
0.175816789,4983
0.175820598,4982
0.175825616,4981
0.175829202,4980
0.175833363,4979
0.175837164,4978
0.175840841,4977
0.175844441,4976
0.17584829,4975
0.175856338,4974
0.175862228,4973
0.175866779,4972
0.175870648,4971
0.175876232,4970
0.175880203,4969
0.175885003,4968
0.175899947,4967
0.175904224,4966
0.175910022,4965
0.175916052,4964
0.175919834,4963
0.175954107,4962
0.175967763,4961
0.175972385,4960
0.175978881,4959
0.175983111,4958
0.175988763,4957
0.175992213,4956
0.175996133,4955
0.176000108,4954
0.176003735,4953
0.176008488,4952
0.17601165,4951
0.176014655,4950
0.17601774,4949
0.176021896,4948
0.176026213,4947
0.176030412,4946
0.176033884,4945
0.176037519,4944
0.176041501,4943
0.176045482,4942
0.176049618,4941
0.176053277,4940
0.176056211,4939
0.176059529,4938
0.176062776,4937
0.176070699,4936
0.176074389,4935
0.17607815,4934
0.176082041,4933
0.176087069,4932
0.176091024,4931
0.176097136,4930
0.176102435,4929
0.176105752,4928
0.176109404,4927
0.176118036,4926
0.17612168,4925
0.17612526,4924
0.176128582,4923
0.176132626,4922
0.176136307,4921
0.176141219,4920
0.176144371,4919
0.176147932,4918
0.176151245,4917
0.176154334,4916
0.176157858,4915
0.176160698,4914
0.17616339,4913
0.176166879,4912
0.176170147,4911
0.176172884,4910
0.176175927,4909
0.176180384,4908
0.17618389,4907
0.176187436,4906
0.176191317,4905
0.176194269,4904
0.176199009,4903
0.176203601,4902
0.176207827,4901
0.176211344,4900
0.176214621,4899
0.17621777,4898
0.176221013,4897
0.176232958,4896
0.17623595,4895
0.176239093,4894
0.176242726,4893
0.176246372,4892
0.176249642,4891
0.176253163,4890
0.176256303,4889
0.176259167,4888
0.176262156,4887
0.17626686,4886
0.176270247,4885
0.176273259,4884
0.176275974,4883
0.176279081,4882
0.176282634,4881
0.176285658,4880
0.17628939,4879
0.176292459,4878
0.176297131,4877
0.176300237,4876
0.176303127,4875
0.17630576,4874
0.176308365,4873
0.176311021,4872
0.176313779,4871
0.176318172,4870
0.176322074,4869
0.176326506,4868
0.176330218,4867
0.176334139,4866
0.176337487,4865
0.176340589,4864
0.176343922,4863
0.176347118,4862
0.17634984,4861
0.176352909,4860
0.176355851,4859
0.176358817,4858
0.176362547,4857
0.176367199,4856
0.1763706,4855
0.17638223,4854
0.176385575,4853
0.176388881,4852
0.176392098,4851
0.176395398,4850
0.1763982,4849
0.176401454,4848
0.176404689,4847
0.176422168,4846
0.176425464,4845
0.176428424,4844
0.17643239,4843
0.17643634,4842
0.176438926,4841
0.176442779,4840
0.176445853,4839
0.176448663,4838
0.176454256,4837
0.176458827,4836
0.176463028,4835
0.176466982,4834
0.176472126,4833
0.176475559,4832
0.176478706,4831
0.176481405,4830
0.176484649,4829
0.176487567,4828
0.17649071,4827
0.176496403,4826
0.176499824,4825
0.176502808,4824
0.176505964,4823
0.176509375,4822
0.176512489,4821
0.176515479,4820
0.176518379,4819
0.176522261,4818
0.176530903,4817
0.176535497,4816
0.176538817,4815
0.17654304,4814
0.17655126,4813
0.176583402,4812
0.176586969,4811
0.176590303,4810
0.176593087,4809
0.176596557,4808
0.176599027,4807
0.176602736,4806
0.176605728,4805
0.176609437,4804
0.17661344,4803
0.176616573,4802
0.176619651,4801
0.176622971,4800
0.176626012,4799
0.176630704,4798
0.176633812,4797
0.176636538,4796
0.176641064,4795
0.176644278,4794
0.176649242,4793
0.176652083,4792
0.176654988,4791
0.176659206,4790
0.176662785,4789
0.176666731,4788
0.176670424,4787
0.176675485,4786
0.176679064,4785
0.17668198,4784
0.176685251,4783
0.176689861,4782
0.176692833,4781
0.176696072,4780
0.17669927,4779
0.176702313,4778
0.176736877,4777
0.176748945,4776
0.176753358,4775
0.176757134,4774
0.176760841,4773
0.176764787,4772
0.17676798,4771
0.176772833,4770
0.176775767,4769
0.176782196,4768
0.176786097,4767
0.176789556,4766
0.176792424,4765
0.176795939,4764
0.176799091,4763
0.176803496,4762
0.176806246,4761
0.176809928,4760
0.176812827,4759
0.176815781,4758
0.176819925,4757
0.176822991,4756
0.176826516,4755
0.176829366,4754
0.176833465,4753
0.17683659,4752
0.176839207,4751
0.176843591,4750
0.17684991,4749
0.176852687,4748
0.176856269,4747
0.176859189,4746
0.176862129,4745
0.176866223,4744
0.17686943,4743
0.176872471,4742
0.176875314,4741
0.176880234,4740
0.17688865,4739
0.176891295,4738
0.176897401,4737
0.176900634,4736
0.176903611,4735
0.176906561,4734
0.176909221,4733
0.176912162,4732
0.176915904,4731
0.176922607,4730
0.176925405,4729
0.176928774,4728
0.176932741,4727
0.176935884,4726
0.176938627,4725
0.17694191,4724
0.176945028,4723
0.176947998,4722
0.176952106,4721
0.176956143,4720
0.176958722,4719
0.1769624,4718
0.176965963,4717
0.17696875,4716
0.176971613,4715
0.176974307,4714
0.17697697,4713
0.176980738,4712
0.17698381,4711
0.176988702,4710
0.176992268,4709
0.176995868,4708
0.176999717,4707
0.177003856,4706
0.17700739,4705
0.177010719,4704
0.177013544,4703
0.177017478,4702
0.17702056,4701
0.177023595,4700
0.177026351,4699
0.177029364,4698
0.177032379,4697
0.177035069,4696
0.177037849,4695
0.177040639,4694
0.177044529,4693
0.177047118,4692
0.177049779,4691
0.177052603,4690
0.177055418,4689
0.177058296,4688
0.177061266,4687
0.177064361,4686
0.177067162,4685
0.177070873,4684
0.177074411,4683
0.177077554,4682
0.177082187,4681
0.177086531,4680
0.177091281,4679
0.177119996,4678
0.177124291,4677
0.177128503,4676
0.177143174,4675
0.177149352,4674
0.177153872,4673
0.177158723,4672
0.177163502,4671
0.177167011,4670
0.177171273,4669
0.177176581,4668
0.177179617,4667
0.177183031,4666
0.17718883,4665
0.177192655,4664
0.177197222,4663
0.177201078,4662
0.177228556,4661
0.177232258,4660
0.177236926,4659
0.177241215,4658
0.177246264,4657
0.177249831,4656
0.177265415,4655
0.177274058,4654
0.177279973,4653
0.177284668,4652
0.177299075,4651
0.177304247,4650
0.177308649,4649
0.177312009,4648
0.177345421,4647
0.177349116,4646
0.177355029,4645
0.177361151,4644
0.177367626,4643
0.177375295,4642
0.177379737,4641
0.177384556,4640
0.177388938,4639
0.177393668,4638
0.177399578,4637
0.177406521,4636
0.177413103,4635
0.177417773,4634
0.177422513,4633
0.177427786,4632
0.177432491,4631
0.177437107,4630
0.177441286,4629
0.177445276,4628
0.17744953,4627
0.177455121,4626
0.177459206,4625
0.177463264,4624
0.177466783,4623
0.177470613,4622
0.177474312,4621
0.177550128,4620
0.177560866,4619
0.177595407,4618
0.177645458,4617
0.177688573,4616
0.177732945,4615
0.177785414,4614
0.177839612,4613
0.177876087,4612
0.177908036,4611
0.177936298,4610
0.177975679,4609
0.178006861,4608
0.17806444,4607
0.178097523,4606
0.178174363,4605
0.178195364,4604
0.178203391,4603
0.178211664,4602
0.178216051,4601
0.178221298,4600
0.178226913,4599
0.178231422,4598
0.178238087,4597
0.17824813,4596
0.178285667,4595
0.178290668,4594
0.178298906,4593
0.178303007,4592
0.178307107,4591
0.178310157,4590
0.178350949,4589
0.178356342,4588
0.178375148,4587
0.178392601,4586
0.178441507,4585
0.17853734,4584
0.178573036,4583
0.178594562,4582
0.178619738,4581
0.178633274,4580
0.178645265,4579
0.178649076,4578
0.178653248,4577
0.178656154,4576
0.17865984,4575
0.178663236,4574
0.178666302,4573
0.178672709,4572
0.178676694,4571
0.178684253,4570
0.178689183,4569
0.178693114,4568
0.178697043,4567
0.178700489,4566
0.178704333,4565
0.178707993,4564
0.178711099,4563
0.178714255,4562
0.178717425,4561
0.178721812,4560
0.17872661,4559
0.178730143,4558
0.178733916,4557
0.178737623,4556
0.178742899,4555
0.178746639,4554
0.178750249,4553
0.178755888,4552
0.178759709,4551
0.178763213,4550
0.178766625,4549
0.178769664,4548
0.178773728,4547
0.178779523,4546
0.178784919,4545
0.178791032,4544
0.178795863,4543
0.178801044,4542
0.178805269,4541
0.178808751,4540
0.178812291,4539
0.178815567,4538
0.178818565,4537
0.178821668,4536
0.178824218,4535
0.178827118,4534
0.178829813,4533
0.178832791,4532
0.178835291,4531
0.178859897,4530
0.178866257,4529
0.178869896,4528
0.178873904,4527
0.178877431,4526
0.178881086,4525
0.178885353,4524
0.178889059,4523
0.178892459,4522
0.178895892,4521
0.178899091,4520
0.17890197,4519
0.178906471,4518
0.17891013,4517
0.178912898,4516
0.178916223,4515
0.178919994,4514
0.178923125,4513
0.178928402,4512
0.178932089,4511
0.178935718,4510
0.178940127,4509
0.178943526,4508
0.178947843,4507
0.178951478,4506
0.178954886,4505
0.178958772,4504
0.178961805,4503
0.17896513,4502
0.178968005,4501
0.178973223,4500
0.178976363,4499
0.178980368,4498
0.178983289,4497
0.178986404,4496
0.178989278,4495
0.178993271,4494
0.178997401,4493
0.179002013,4492
0.179005108,4491
0.17900952,4490
0.179014837,4489
0.179019145,4488
0.179022576,4487
0.179025672,4486
0.179028774,4485
0.179033507,4484
0.179036462,4483
0.179039731,4482
0.179042723,4481
0.179047703,4480
0.179051843,4479
0.179054428,4478
0.179056971,4477
0.179059268,4476
0.179062247,4475
0.179065262,4474
0.179067889,4473
0.179070614,4472
0.179074315,4471
0.179077605,4470
0.179081314,4469
0.179086834,4468
0.179090752,4467
0.179093732,4466
0.179097255,4465
0.179101011,4464
0.179104735,4463
0.179108341,4462
0.179111709,4461
0.179117422,4460
0.17912205,4459
0.17912634,4458
0.179130606,4457
0.179135462,4456
0.179149543,4455
0.179153348,4454
0.179156822,4453
0.179159998,4452
0.179165784,4451
0.179171835,4450
0.17917614,4449
0.179180212,4448
0.179183849,4447
0.179189155,4446
0.179192042,4445
0.179194762,4444
0.179199198,4443
0.179202218,4442
0.179206424,4441
0.179211071,4440
0.179216263,4439
0.179219995,4438
0.17922333,4437
0.17923489,4436
0.17923799,4435
0.179242106,4434
0.179245541,4433
0.179249865,4432
0.179253535,4431
0.179257251,4430
0.179261669,4429
0.179265385,4428
0.179268949,4427
0.179272958,4426
0.179276098,4425
0.179279096,4424
0.179282575,4423
0.179287604,4422
0.179292662,4421
0.179295588,4420
0.179298977,4419
0.179303136,4418
0.179307546,4417
0.17931101,4416
0.179314452,4415
0.179317688,4414
0.17932441,4413
0.17932858,4412
0.179331401,4411
0.179335526,4410
0.179338622,4409
0.179341737,4408
0.179346604,4407
0.179351816,4406
0.179355902,4405
0.179361087,4404
0.179365053,4403
0.179368935,4402
0.179372399,4401
0.179376581,4400
0.179379952,4399
0.179383448,4398
0.179386647,4397
0.179390113,4396
0.179395349,4395
0.179398619,4394
0.179401827,4393
0.179405138,4392
0.179408593,4391
0.179411968,4390
0.179417688,4389
0.179421115,4388
0.179424008,4387
0.179428695,4386
0.179431741,4385
0.179434674,4384
0.179437997,4383
0.17944088,4382
0.179452254,4381
0.179456009,4380
0.179459524,4379
0.179462551,4378
0.179466433,4377
0.179470916,4376
0.179476421,4375
0.17948014,4374
0.179485416,4373
0.179489453,4372
0.179492167,4371
0.179495566,4370
0.179498687,4369
0.179502833,4368
0.179506473,4367
0.179510037,4366
0.179513644,4365
0.179518634,4364
0.179524324,4363
0.179528108,4362
0.179531991,4361
0.179535936,4360
0.179539744,4359
0.179543197,4358
0.179546482,4357
0.179550583,4356
0.17955692,4355
0.179560619,4354
0.17956438,4353
0.179570523,4352
0.179575041,4351
0.179578543,4350
0.179582095,4349
0.179585401,4348
0.179588345,4347
0.179594252,4346
0.179600057,4345
0.17960488,4344
0.179608571,4343
0.179612279,4342
0.179615915,4341
0.179627363,4340
0.179630593,4339
0.179633647,4338
0.179636339,4337
0.179640111,4336
0.179643109,4335
0.179646167,4334
0.179649063,4333
0.179697238,4332
0.179730199,4331
0.179735648,4330
0.179739447,4329
0.179743647,4328
0.179747497,4327
0.179784923,4326
0.179789993,4325
0.179793853,4324
0.179797416,4323
0.179802508,4322
0.179806449,4321
0.179809636,4320
0.179813468,4319
0.179816445,4318
0.179819507,4317
0.179822329,4316
0.179825904,4315
0.179828961,4314
0.17983149,4313
0.179835683,4312
0.179839653,4311
0.17984338,4310
0.179846577,4309
0.179849332,4308
0.179853286,4307
0.179856336,4306
0.179859348,4305
0.179863064,4304
0.179867173,4303
0.179873134,4302
0.179876319,4301
0.179879232,4300
0.179882028,4299
0.179885294,4298
0.179888498,4297
0.179892636,4296
0.179897226,4295
0.179901138,4294
0.179905048,4293
0.17991277,4292
0.179916564,4291
0.17992063,4290
0.179924461,4289
0.179929308,4288
0.179932847,4287
0.179936229,4286
0.179939254,4285
0.179943426,4284
0.179949293,4283
0.179952604,4282
0.179956263,4281
0.179960082,4280
0.179962946,4279
0.179965321,4278
0.179967857,4277
0.179970232,4276
0.179973054,4275
0.179976894,4274
0.179980014,4273
0.179983361,4272
0.179987164,4271
0.179991384,4270
0.179996522,4269
0.180001303,4268
0.180006451,4267
0.180010408,4266
0.180015241,4265
0.180019066,4264
0.180023882,4263
0.180027857,4262
0.180031593,4261
0.180036196,4260
0.180039762,4259
0.180043655,4258
0.180049092,4257
0.180053191,4256
0.180056964,4255
0.180063194,4254
0.180067709,4253
0.180073054,4252
0.180076356,4251
0.180080012,4250
0.180092951,4249
0.180097703,4248
0.180101151,4247
0.180104431,4246
0.180107976,4245
0.180113127,4244
0.180117725,4243
0.180129918,4242
0.180133804,4241
0.180140815,4240
0.180144789,4239
0.180149062,4238
0.180153153,4237
0.180157319,4236
0.180160971,4235
0.180164324,4234
0.180167191,4233
0.180171753,4232
0.180174918,4231
0.180177864,4230
0.180181861,4229
0.180184627,4228
0.180188602,4227
0.180191984,4226
0.180199413,4225
0.180202162,4224
0.180205141,4223
0.180208159,4222
0.180212031,4221
0.180215874,4220
0.180224314,4219
0.180228414,4218
0.180232422,4217
0.180236011,4216
0.180239963,4215
0.180243617,4214
0.180248628,4213
0.180251944,4212
0.180258174,4211
0.180261533,4210
0.180265912,4209
0.180271986,4208
0.180275641,4207
0.180280529,4206
0.180284069,4205
0.180287169,4204
0.180290173,4203
0.180295107,4202
0.180298395,4201
0.180303287,4200
0.180306834,4199
0.180309978,4198
0.180313323,4197
0.180317288,4196
0.180323039,4195
0.180326096,4194
0.180329788,4193
0.180332788,4192
0.180335574,4191
0.180338109,4190
0.180342392,4189
0.180346006,4188
0.180348583,4187
0.180350835,4186
0.180353257,4185
0.180355845,4184
0.180358745,4183
0.180362434,4182
0.180366857,4181
0.180371473,4180
0.180376937,4179
0.180388725,4178
0.180392385,4177
0.180396106,4176
0.180399871,4175
0.180404245,4174
0.180407728,4173
0.180411504,4172
0.180414933,4171
0.18041844,4170
0.180425743,4169
0.180429084,4168
0.180433347,4167
0.180437687,4166
0.180441474,4165
0.180445082,4164
0.18045032,4163
0.180455575,4162
0.180459048,4161
0.180462746,4160
0.180467931,4159
0.180472771,4158
0.18047764,4157
0.180480903,4156
0.180484204,4155
0.180488776,4154
0.180494301,4153
0.180497351,4152
0.180503192,4151
0.18050911,4150
0.180512992,4149
0.180518962,4148
0.180523819,4147
0.18052864,4146
0.180532127,4145
0.180536566,4144
0.180540361,4143
0.180543939,4142
0.180547019,4141
0.180550243,4140
0.180553607,4139
0.180556558,4138
0.180560093,4137
0.180563328,4136
0.180566578,4135
0.180570148,4134
0.180661064,4133
0.180665183,4132
0.180670013,4131
0.180674401,4130
0.180678719,4129
0.180684464,4128
0.180688166,4127
0.180691886,4126
0.180695486,4125
0.18069919,4124
0.180703173,4123
0.180714384,4122
0.18071767,4121
0.180723389,4120
0.180727391,4119
0.180731648,4118
0.18073606,4117
0.180739618,4116
0.180742897,4115
0.180748598,4114
0.180752025,4113
0.180757347,4112
0.180761932,4111
0.180765435,4110
0.180768774,4109
0.180771905,4108
0.180775669,4107
0.180778896,4106
0.18078566,4105
0.180789362,4104
0.180793372,4103
0.180796939,4102
0.180801605,4101
0.18080503,4100
0.180812004,4099
0.180816646,4098
0.180820323,4097
0.180823718,4096
0.180829467,4095
0.180832802,4094
0.180836287,4093
0.18084029,4092
0.180877968,4091
0.180880745,4090
0.180883398,4089
0.180886648,4088
0.180889602,4087
0.180893319,4086
0.180896421,4085
0.180899411,4084
0.180903231,4083
0.180906291,4082
0.180909542,4081
0.180912227,4080
0.180916183,4079
0.180920008,4078
0.18092481,4077
0.180927944,4076
0.180932308,4075
0.180935914,4074
0.180942636,4073
0.180946123,4072
0.1809499,4071
0.180954776,4070
0.18095792,4069
0.18096098,4068
0.180964375,4067
0.180967704,4066
0.180970676,4065
0.180975056,4064
0.18097833,4063
0.180983195,4062
0.180991705,4061
0.18099501,4060
0.180997859,4059
0.181001006,4058
0.18100533,4057
0.18100823,4056
0.181012264,4055
0.181015545,4054
0.181019441,4053
0.181022268,4052
0.181025252,4051
0.181027809,4050
0.181031509,4049
0.181035439,4048
0.181038669,4047
0.181042082,4046
0.181045446,4045
0.181049232,4044
0.181053064,4043
0.181061963,4042
0.181089785,4041
0.18109928,4040
0.181105219,4039
0.181111947,4038
0.181211233,4037
0.181219995,4036
0.181230928,4035
0.181238176,4034
0.18128106,4033
0.181324789,4032
0.181330334,4031
0.181334946,4030
0.181364088,4029
0.181387234,4028
0.18139427,4027
0.181398022,4026
0.181401565,4025
0.181405039,4024
0.181408572,4023
0.181413522,4022
0.18141848,4021
0.181422035,4020
0.181425469,4019
0.181429372,4018
0.181432972,4017
0.181436181,4016
0.181439576,4015
0.181443112,4014
0.181448181,4013
0.181452632,4012
0.181456237,4011
0.181462288,4010
0.181468031,4009
0.181473097,4008
0.181476649,4007
0.181481304,4006
0.181486591,4005
0.181490755,4004
0.181494674,4003
0.181498086,4002
0.181502775,4001
0.181506335,4000
0.18151053,3999
0.181514155,3998
0.181518723,3997
0.18152274,3996
0.181529095,3995
0.18153264,3994
0.181535991,3993
0.181539229,3992
0.181542417,3991
0.181545699,3990
0.18154866,3989
0.181551832,3988
0.181554972,3987
0.181560202,3986
0.181564612,3985
0.181567979,3984
0.181571287,3983
0.181575127,3982
0.181618975,3981
0.181622836,3980
0.181626347,3979
0.18163011,3978
0.181634538,3977
0.181639565,3976
0.181644574,3975
0.181647602,3974
0.181651189,3973
0.18165347,3972
0.181655639,3971
0.181657757,3970
0.181660323,3969
0.181662779,3968
0.181665193,3967
0.181667713,3966
0.181670108,3965
0.181672426,3964
0.181679189,3963
0.181681446,3962
0.181683824,3961
0.181687564,3960
0.181692755,3959
0.181699749,3958
0.181703257,3957
0.181707223,3956
0.181710395,3955
0.181713937,3954
0.181754665,3953
0.181759775,3952
0.181763694,3951
0.181768028,3950
0.181772087,3949
0.181776276,3948
0.181780687,3947
0.181784185,3946
0.181787484,3945
0.181790882,3944
0.181793759,3943
0.181797765,3942
0.181800856,3941
0.181822387,3940
0.181830885,3939
0.181835287,3938
0.181839376,3937
0.181843762,3936
0.181848662,3935
0.181853482,3934
0.181857959,3933
0.181868367,3932
0.181871225,3931
0.181874527,3930
0.18189425,3929
0.181928689,3928
0.18194836,3927
0.18195174,3926
0.18195502,3925
0.181958611,3924
0.181962017,3923
0.181965849,3922
0.181976324,3921
0.181980434,3920
0.181983515,3919
0.181998523,3918
0.182003747,3917
0.182009342,3916
0.182011953,3915
0.182014599,3914
0.182017354,3913
0.182019857,3912
0.182023352,3911
0.182026293,3910
0.182030377,3909
0.182073308,3908
0.182076306,3907
0.182096055,3906
0.182100274,3905
0.182105941,3904
0.182109159,3903
0.18211364,3902
0.182116654,3901
0.182119558,3900
0.182124915,3899
0.182148821,3898
0.182153966,3897
0.182159224,3896
0.182163511,3895
0.182219105,3894
0.182223301,3893
0.182227535,3892
0.182232187,3891
0.182247303,3890
0.182251259,3889
0.182254226,3888
0.182258111,3887
0.182262958,3886
0.182265351,3885
0.182268216,3884
0.182272006,3883
0.182276416,3882
0.182281026,3881
0.182314586,3880
0.182318378,3879
0.182322166,3878
0.182325601,3877
0.182331171,3876
0.18233527,3875
0.18234091,3874
0.1824056,3873
0.182429591,3872
0.18243511,3871
0.182438312,3870
0.182445561,3869
0.182450518,3868
0.182453908,3867
0.182457494,3866
0.182460105,3865
0.182463929,3864
0.182466937,3863
0.18246965,3862
0.182474187,3861
0.182477758,3860
0.182482,3859
0.182485705,3858
0.18248911,3857
0.182491729,3856
0.182502984,3855
0.182507246,3854
0.182517777,3853
0.182520747,3852
0.182523175,3851
0.182525276,3850
0.182537203,3849
0.182541584,3848
0.182544564,3847
0.182566883,3846
0.182579511,3845
0.182602772,3844
0.18263771,3843
0.182710963,3842
0.182716298,3841
0.18272029,3840
0.182726085,3839
0.182736903,3838
0.182742688,3837
0.182747368,3836
0.182760351,3835
0.182780185,3834
0.182788237,3833
0.182798784,3832
0.182804,3831
0.184263199,3830
0.184271312,3829
0.184274885,3828
0.18428343,3827
0.184288126,3826
0.184291073,3825
0.18429791,3824
0.184300314,3823
0.184304384,3822
0.18431861,3821
0.184327411,3820
0.184332754,3819
0.184336904,3818
0.184341255,3817
0.184345515,3816
0.184360737,3815
0.184365657,3814
0.184395352,3813
0.184399808,3812
0.184433412,3811
0.18444045,3810
0.184462054,3809
0.184470438,3808
0.184503938,3807
0.18450949,3806
0.184535914,3805
0.184553015,3804
0.184556742,3803
0.184593837,3802
0.184609542,3801
0.184637207,3800
0.184642045,3799
0.184646766,3798
0.184654906,3797
0.184682411,3796
0.184718083,3795
0.190928405,3794
0.191014848,3793
0.191084899,3792
0.19115422,3791
0.191172051,3790
0.191185729,3789
0.19119786,3788
0.191221698,3787
0.191225703,3786
0.191229541,3785
0.191271621,3784
0.191276429,3783
0.191286714,3782
0.191304298,3781
0.19130943,3780
0.191314046,3779
0.191321684,3778
0.191330605,3777
0.191369935,3776
0.191376105,3775
0.191385556,3774
0.19139003,3773
0.191404756,3772
0.191409212,3771
0.191447066,3770
0.191451194,3769
0.191454718,3768
0.191458871,3767
0.191470979,3766
0.191480913,3765
0.191485272,3764
0.191490392,3763
0.191520806,3762
0.191526034,3761
0.191530804,3760
0.191539165,3759
0.191550513,3758
0.191554161,3757
0.191557278,3756
0.191561807,3755
0.191565201,3754
0.191572124,3753
0.191578106,3752
0.191580633,3751
0.19158935,3750
0.191595137,3749
0.191635972,3748
0.191639422,3747
0.191646196,3746
0.191653018,3745
0.191659045,3744
0.191694989,3743
0.191699625,3742
0.191702895,3741
0.191705727,3740
0.191708353,3739
0.191711079,3738
0.191715904,3737
0.191720131,3736
0.191723117,3735
0.191728579,3734
0.191731216,3733
0.191735892,3732
0.191746422,3731
0.191749339,3730
0.191752085,3729
0.191759978,3728
0.191766171,3727
0.191768501,3726
0.191772018,3725
0.191776192,3724
0.191780388,3723
0.191785902,3722
0.191789486,3721
0.191795561,3720
0.191798603,3719
0.191801231,3718
0.191805737,3717
0.191809704,3716
0.191815954,3715
0.191821439,3714
0.191826685,3713
0.191830201,3712
0.191838192,3711
0.191841356,3710
0.191845101,3709
0.191849414,3708
0.191852897,3707
0.19185608,3706
0.191910139,3705
0.191915112,3704
0.191924966,3703
0.19192943,3702
0.191934014,3701
0.191937126,3700
0.191944726,3699
0.191949582,3698
0.191953751,3697
0.191967404,3696
0.191971672,3695
0.191974796,3694
0.191981013,3693
0.191984488,3692
0.191990046,3691
0.191993729,3690
0.191998897,3689
0.192040023,3688
0.192074648,3687
0.192081712,3686
0.192088092,3685
0.192122537,3684
0.192128953,3683
0.192132954,3682
0.192138811,3681
0.19214362,3680
0.192155868,3679
0.192160419,3678
0.19222033,3677
0.192230039,3676
0.192256956,3675
0.192266323,3674
0.192270125,3673
0.19227392,3672
0.192279675,3671
0.192283466,3670
0.192289339,3669
0.192293138,3668
0.192299822,3667
0.192304941,3666
0.192313985,3665
0.192352344,3664
0.192417321,3663
0.192422035,3662
0.192426641,3661
0.192430339,3660
0.192435981,3659
0.192455421,3658
0.192468171,3657
0.192483324,3656
0.192513596,3655
0.19251841,3654
0.192549126,3653
0.19257968,3652
0.192604194,3651
0.192609776,3650
0.192616837,3649
0.192621034,3648
0.192624547,3647
0.192661863,3646
0.193898649,3645
0.193945063,3644
0.193951299,3643
0.193959283,3642
0.194002721,3641
0.19401528,3640
0.194022035,3639
0.194064402,3638
0.194068818,3637
0.194079289,3636
0.194086889,3635
0.194091928,3634
0.194095548,3633
0.194102276,3632
0.194105643,3631
0.194146219,3630
0.194163592,3629
0.194170115,3628
0.194189982,3627
0.194216419,3626
0.194228312,3625
0.19423222,3624
0.194237132,3623
0.194242004,3622
0.194246348,3621
0.194277617,3620
0.194288981,3619
0.194293397,3618
0.194301656,3617
0.194327334,3616
0.194331235,3615
0.194364964,3614
0.19437371,3613
0.194382516,3612
0.194396251,3611
0.19440044,3610
0.194412059,3609
0.194416089,3608
0.194420417,3607
0.194424282,3606
0.19445559,3605
0.194487581,3604
0.194491622,3603
0.194494866,3602
0.194514686,3601
0.194546563,3600
0.19457859,3599
0.194622938,3598
0.194652783,3597
0.194659315,3596
0.194663714,3595
0.194670902,3594
0.194681577,3593
0.194721514,3592
0.194736368,3591
0.194744309,3590
0.194750779,3589
0.194757563,3588
0.194767978,3587
0.194798929,3586
0.194802211,3585
0.194806954,3584
0.194810793,3583
0.19492755,3582
0.194931557,3581
0.194935485,3580
0.194940523,3579
0.194975308,3578
0.194979157,3577
0.195007456,3576
0.195013784,3575
0.195042612,3574
0.195046611,3573
0.195087842,3572
0.19512065,3571
0.195148261,3570
0.195152237,3569
0.19515777,3568
0.195192924,3567
0.195206481,3566
0.195215117,3565
0.195227102,3564
0.195231411,3563
0.195698157,3562
0.195706219,3561
0.195711816,3560
0.195723942,3559
0.195768634,3558
0.195772666,3557
0.195778622,3556
0.195798355,3555
0.195823098,3554
0.195829095,3553
0.195873829,3552
0.195930895,3551
0.195936759,3550
0.195942949,3549
0.195948196,3548
0.195954491,3547
0.195961414,3546
0.19596607,3545
0.195975829,3544
0.196020342,3543
0.196028304,3542
0.196031707,3541
0.196039655,3540
0.196047372,3539
0.196053776,3538
0.196056673,3537
0.196060644,3536
0.196063489,3535
0.196067182,3534
0.196069901,3533
0.196079877,3532
0.19608717,3531
0.196091351,3530
0.196100692,3529
0.196103279,3528
0.196112342,3527
0.196121677,3526
0.196127362,3525
0.196132151,3524
0.196144626,3523
0.196148451,3522
0.196155666,3521
0.196160133,3520
0.196184002,3519
0.196200236,3518
0.196207456,3517
0.196213265,3516
0.196217005,3515
0.19622081,3514
0.196230703,3513
0.196234148,3512
0.196237954,3511
0.196243885,3510
0.196251591,3509
0.196255443,3508
0.196259916,3507
0.196266504,3506
0.196275062,3505
0.196279834,3504
0.196289803,3503
0.196930147,3502
0.196940742,3501
0.196948037,3500
0.196957083,3499
0.196963757,3498
0.19696643,3497
0.196970416,3496
0.196973298,3495
0.196983643,3494
0.196990056,3493
0.196995178,3492
0.197000541,3491
0.197006558,3490
0.197010847,3489
0.197017947,3488
0.197021725,3487
0.197026989,3486
0.197036052,3485
0.197042854,3484
0.197050838,3483
0.197124404,3482
0.197203382,3481
0.197242362,3480
0.197267842,3479
0.197293761,3478
0.197335035,3477
0.197344823,3476
0.19734996,3475
0.197418899,3474
0.197458994,3473
0.197471331,3472
0.197512419,3471
0.197515824,3470
0.197544417,3469
0.197551599,3468
0.197560013,3467
0.197597874,3466
0.197601087,3465
0.197605601,3464
0.19762652,3463
0.197633953,3462
0.197641732,3461
0.197683123,3460
0.197726573,3459
0.197731805,3458
0.197735685,3457
0.1977498,3456
0.197753637,3455
0.197759362,3454
0.197787046,3453
0.197791192,3452
0.199202297,3451
0.199216628,3450
0.199222436,3449
0.199226559,3448
0.199229966,3447
0.199243347,3446
0.199248952,3445
0.19926419,3444
0.199273939,3443
0.199277518,3442
0.199281533,3441
0.199290958,3440
0.199297289,3439
0.199302333,3438
0.199312011,3437
0.202148434,3436
0.20216076,3435
0.202167725,3434
0.202173718,3433
0.202179955,3432
0.202188855,3431
0.202194106,3430
0.202210328,3429
0.202219828,3428
0.202247394,3427
0.202254533,3426
0.202258476,3425
0.202265282,3424
0.202308099,3423
0.202314968,3422
0.202320278,3421
0.202324463,3420
0.202350927,3419
0.202359487,3418
0.202394594,3417
0.202456247,3416
0.202465089,3415
0.202472085,3414
0.202511078,3413
0.202515714,3412
0.202524153,3411
0.202531102,3410
0.202585907,3409
0.202597367,3408
0.202606898,3407
0.202647557,3406
0.202678645,3405
0.202683896,3404
0.202688902,3403
0.202693053,3402
0.202708219,3401
0.202743337,3400
0.202746808,3399
0.202809083,3398
0.20285924,3397
0.202889345,3396
0.202927087,3395
0.202967487,3394
0.202971134,3393
0.202975567,3392
0.203973219,3391
0.203978613,3390
0.203987704,3389
0.204037504,3388
0.204040468,3387
0.204076197,3386
0.204080608,3385
0.204088798,3384
0.204121355,3383
0.204151213,3382
0.204157488,3381
0.204172498,3380
0.204494329,3379
0.204546254,3378
0.205042781,3377
0.205081518,3376
0.205135236,3375
0.205139613,3374
0.205169429,3373
0.205176579,3372
0.20521216,3371
0.205261383,3370
0.205307045,3369
0.205373587,3368
0.208362731,3367
0.208372099,3366
0.208386894,3365
0.208416312,3364
0.208447582,3363
0.20849427,3362
0.208499657,3361
0.208528307,3360
0.208654437,3359
0.208682897,3358
0.208687244,3357
0.208726095,3356
0.210474033,3355
0.210527872,3354
0.210577738,3353
0.210600711,3352
0.210608725,3351
0.210621403,3350
0.210637464,3349
0.210646592,3348
0.210695243,3347
0.210740629,3346
0.21074359,3345
0.210791189,3344
0.211032923,3343
0.211088698,3342
0.211141518,3341
0.21118827,3340
0.211196019,3339
0.211200453,3338
0.211258182,3337
0.214667549,3336
0.214699624,3335
0.214706963,3334
0.214782167,3333
0.215033602,3332
0.215149982,3331
0.215195369,3330
0.215275038,3329
0.215309158,3328
0.215345828,3327
0.219624019,3326
0.219634757,3325
0.220195185,3324
0.22020655,3323
0.220407808,3322
0.220658458,3321
0.2220873,3320
0.222112596,3319
0.222251276,3318
0.222609859,3317
0.222739665,3316
0.223038694,3315
0.361692148,3314
0.415520571,3313
0.480274453,3312
0.547761446,3311
0.556368314,3310
0.649384022,3309
1.230447091,3308
1.290810896,3307
1.597693416,3306
2.705188587,3305
3.524597996,3304
