0.252912644,6061
0.253012678,6060
0.253065878,6059
0.253405491,6058
0.254111744,6057
0.254198451,6056
0.254471943,6055
0.254495536,6054
0.256289208,6053
0.257810488,6052
0.257826189,6051
0.257832102,6050
0.257838089,6049
0.257844355,6048
0.25785286,6047
0.257860674,6046
0.257867037,6045
0.257874605,6044
0.257881659,6043
0.25788759,6042
0.25789281,6041
0.257900128,6040
0.257907389,6039
0.257915297,6038
0.257923286,6037
0.25793096,6036
0.257939253,6035
0.257947516,6034
0.257956965,6033
0.257972004,6032
0.257986594,6031
0.258000763,6030
0.258009263,6029
0.258017408,6028
0.258032043,6027
0.258046034,6026
0.258060583,6025
0.258074929,6024
0.258089688,6023
0.258097112,6022
0.258111473,6021
0.258118437,6020
0.258126365,6019
0.258133868,6018
0.258141077,6017
0.25817164,6016
0.25817782,6015
0.258186187,6014
0.25819757,6013
0.258235559,6012
0.258243467,6011
0.258728269,6010
0.258806653,6009
0.258819144,6008
0.258824681,6007
0.258830929,6006
0.258836931,6005
0.258844602,6004
0.258851927,6003
0.258859244,6002
0.2588657,6001
0.258873036,6000
0.25887962,5999
0.258887579,5998
0.258895818,5997
0.258903756,5996
0.258911026,5995
0.258918035,5994
0.258926442,5993
0.258933401,5992
0.258941015,5991
0.258949235,5990
0.258960162,5989
0.258973312,5988
0.25898498,5987
0.259000997,5986
0.25901834,5985
0.259033614,5984
0.259042794,5983
0.259062556,5982
0.259075353,5981
0.259083831,5980
0.259091796,5979
0.259099625,5978
0.259106749,5977
0.259113908,5976
0.259122254,5975
0.259156249,5974
0.259165424,5973
0.259193651,5972
0.259201971,5971
0.259210134,5970
0.259219541,5969
0.259266924,5968
0.259276145,5967
0.259290168,5966
0.259316175,5965
0.259494475,5964
0.259510535,5963
0.259521908,5962
0.259566696,5961
0.259584211,5960
0.259599122,5959
0.259619884,5958
0.259736995,5957
0.259779074,5956
0.259788119,5955
0.259824505,5954
0.259833011,5953
0.259839705,5952
0.259845546,5951
0.259853024,5950
0.259863022,5949
0.259868081,5948
0.259890102,5947
0.259896798,5946
0.260088607,5945
0.260128255,5944
0.260138971,5943
0.260145866,5942
0.260153304,5941
0.260160244,5940
0.260168187,5939
0.260179924,5938
0.260187103,5937
0.26019342,5936
0.260232232,5935
0.261361257,5934
0.261372052,5933
0.261387974,5932
0.261812987,5931
0.261961716,5930
0.261976692,5929
0.261985824,5928
0.262038497,5927
0.262042632,5926
0.26204768,5925
0.262053425,5924
0.26205811,5923
0.262062062,5922
0.26206744,5921
0.262078448,5920
0.262210826,5919
0.262223255,5918
0.262232788,5917
0.26223758,5916
0.262242328,5915
0.262246592,5914
0.262250891,5913
0.262254978,5912
0.262258977,5911
0.262263226,5910
0.262267419,5909
0.262272615,5908
0.262278935,5907
0.262283322,5906
0.262287312,5905
0.2622914,5904
0.262295271,5903
0.26230122,5902
0.262307466,5901
0.262313968,5900
0.262319652,5899
0.262325187,5898
0.262330766,5897
0.262335764,5896
0.262340491,5895
0.26234538,5894
0.26235038,5893
0.262355155,5892
0.262360027,5891
0.262369679,5890
0.262375312,5889
0.262380339,5888
0.262385395,5887
0.262390175,5886
0.262394821,5885
0.262399299,5884
0.262404005,5883
0.262435389,5882
0.262440884,5881
0.262445846,5880
0.262450167,5879
0.262454432,5878
0.262461285,5877
0.262473611,5876
0.262485527,5875
0.262491215,5874
0.262497051,5873
0.262502213,5872
0.262507556,5871
0.262512976,5870
0.262531251,5869
0.262549565,5868
0.262562826,5867
0.262568007,5866
0.262580251,5865
0.262585575,5864
0.262596709,5863
0.262609666,5862
0.262637307,5861
0.262642699,5860
0.262647938,5859
0.262653267,5858
0.26265799,5857
0.262663546,5856
0.262668298,5855
0.262726018,5854
0.262748027,5853
0.262752189,5852
0.262759559,5851
0.262766919,5850
0.262772564,5849
0.262777918,5848
0.262782882,5847
0.262828423,5846
0.262840805,5845
0.262846492,5844
0.262853949,5843
0.262859452,5842
0.262869114,5841
0.262877881,5840
0.262883659,5839
0.262889871,5838
0.262895612,5837
0.262899927,5836
0.26290405,5835
0.262909046,5834
0.262913563,5833
0.262917854,5832
0.262922263,5831
0.262926938,5830
0.262931298,5829
0.262935374,5828
0.262960594,5827
0.262965402,5826
0.262970582,5825
0.262975895,5824
0.262980592,5823
0.262985115,5822
0.263008938,5821
0.263014144,5820
0.26305593,5819
0.263062427,5818
0.263068896,5817
0.263073395,5816
0.263078632,5815
0.263083126,5814
0.263089256,5813
0.263094729,5812
0.263124382,5811
0.263132524,5810
0.263137846,5809
0.263143341,5808
0.26315542,5807
0.263168477,5806
0.263173157,5805
0.263177393,5804
0.263181258,5803
0.263185474,5802
0.263189581,5801
0.263193534,5800
0.263197939,5799
0.263203025,5798
0.263207153,5797
0.263210867,5796
0.26321596,5795
0.263220031,5794
0.263223723,5793
0.263227583,5792
0.263231944,5791
0.263236251,5790
0.263240592,5789
0.263245629,5788
0.263248595,5787
0.263251308,5786
0.26325392,5785
0.263257211,5784
0.263260299,5783
0.263263588,5782
0.263266656,5781
0.26326939,5780
0.26327204,5779
0.26327542,5778
0.263278441,5777
0.263281464,5776
0.263284711,5775
0.263294978,5774
0.263300186,5773
0.263304663,5772
0.263308952,5771
0.263314194,5770
0.263318288,5769
0.263322326,5768
0.263326755,5767
0.263331328,5766
0.263335476,5765
0.26333915,5764
0.263344694,5763
0.263355797,5762
0.263363976,5761
0.263369791,5760
0.26337465,5759
0.26337845,5758
0.263382389,5757
0.263386194,5756
0.263390331,5755
0.263400288,5754
0.263405462,5753
0.26340953,5752
0.26341351,5751
0.263417304,5750
0.263420839,5749
0.263424679,5748
0.263428297,5747
0.263432151,5746
0.263435647,5745
0.2634392,5744
0.263442843,5743
0.263446908,5742
0.263451076,5741
0.263455364,5740
0.263460251,5739
0.263465232,5738
0.263469084,5737
0.263473671,5736
0.263478469,5735
0.263482633,5734
0.26349124,5733
0.263495138,5732
0.263499037,5731
0.263502799,5730
0.263506251,5729
0.263509736,5728
0.263513323,5727
0.26351755,5726
0.263552653,5725
0.263557704,5724
0.26356238,5723
0.263566294,5722
0.263571117,5721
0.263575146,5720
0.263579808,5719
0.263583513,5718
0.263617345,5717
0.263622273,5716
0.263628371,5715
0.263632142,5714
0.263635772,5713
0.263639451,5712
0.263643459,5711
0.263647233,5710
0.263651574,5709
0.263655759,5708
0.263660404,5707
0.263664836,5706
0.263669156,5705
0.263673427,5704
0.263677608,5703
0.263681524,5702
0.263688072,5701
0.263694583,5700
0.2636988,5699
0.263703174,5698
0.263707337,5697
0.26371099,5696
0.263715706,5695
0.263728485,5694
0.263733267,5693
0.263737124,5692
0.263741072,5691
0.263744682,5690
0.26374863,5689
0.263752892,5688
0.263757245,5687
0.263761635,5686
0.263794948,5685
0.26380028,5684
0.263804242,5683
0.263808763,5682
0.2638125,5681
0.263815931,5680
0.263819843,5679
0.26382583,5678
0.263829914,5677
0.263833384,5676
0.263837314,5675
0.263840858,5674
0.263844422,5673
0.263848808,5672
0.263852521,5671
0.263863018,5670
0.263868889,5669
0.263872904,5668
0.263877898,5667
0.263882298,5666
0.26388601,5665
0.263890059,5664
0.263893948,5663
0.263897894,5662
0.263901832,5661
0.263905744,5660
0.263909531,5659
0.263913227,5658
0.263917105,5657
0.263923918,5656
0.263928157,5655
0.263932239,5654
0.263936392,5653
0.263940255,5652
0.263943837,5651
0.2639485,5650
0.263952304,5649
0.263956254,5648
0.263960228,5647
0.263964104,5646
0.263968367,5645
0.263972122,5644
0.263975965,5643
0.263979496,5642
0.263983501,5641
0.263986668,5640
0.263990391,5639
0.263994259,5638
0.263998371,5637
0.264002503,5636
0.264006051,5635
0.264009702,5634
0.264013587,5633
0.264017197,5632
0.2640205,5631
0.264024271,5630
0.264028028,5629
0.264032221,5628
0.264035892,5627
0.264039416,5626
0.264043629,5625
0.264047677,5624
0.264051636,5623
0.264057337,5622
0.264060872,5621
0.26407162,5620
0.264075609,5619
0.264079612,5618
0.264083352,5617
0.264087169,5616
0.264091001,5615
0.264095245,5614
0.264100529,5613
0.264104674,5612
0.2641093,5611
0.264113904,5610
0.264118598,5609
0.264122133,5608
0.264125803,5607
0.264129433,5606
0.264132736,5605
0.264136276,5604
0.264140932,5603
0.264144566,5602
0.264158528,5601
0.264162441,5600
0.264166447,5599
0.264170884,5598
0.264174655,5597
0.264178606,5596
0.26418607,5595
0.264192183,5594
0.26419685,5593
0.264201528,5592
0.264205876,5591
0.264210154,5590
0.264214677,5589
0.26421897,5588
0.26422247,5587
0.264226116,5586
0.264230031,5585
0.26423977,5584
0.264247543,5583
0.264252049,5582
0.264256099,5581
0.264260602,5580
0.264265429,5579
0.264269669,5578
0.264274215,5577
0.264278464,5576
0.264282703,5575
0.264286955,5574
0.264290696,5573
0.264294913,5572
0.264298771,5571
0.264302477,5570
0.264306561,5569
0.264311267,5568
0.264315593,5567
0.26431981,5566
0.264323225,5565
0.264327203,5564
0.264330941,5563
0.264334543,5562
0.264338908,5561
0.264342791,5560
0.264346197,5559
0.264350291,5558
0.264354218,5557
0.264358816,5556
0.264363247,5555
0.264367039,5554
0.264371291,5553
0.264375555,5552
0.264389141,5551
0.264417317,5550
0.264460062,5549
0.26446442,5548
0.264468766,5547
0.2644728,5546
0.26447785,5545
0.264481475,5544
0.264485015,5543
0.264488988,5542
0.264519989,5541
0.264523527,5540
0.264526652,5539
0.264529724,5538
0.264533209,5537
0.264536606,5536
0.264540678,5535
0.264543758,5534
0.264546655,5533
0.264549695,5532
0.264552851,5531
0.264555714,5530
0.264558325,5529
0.264561422,5528
0.264564226,5527
0.264566826,5526
0.264569908,5525
0.264572875,5524
0.264576837,5523
0.264617408,5522
0.264621002,5521
0.264624957,5520
0.264627846,5519
0.264630643,5518
0.26463354,5517
0.264636283,5516
0.264639102,5515
0.264641889,5514
0.264645508,5513
0.264649142,5512
0.26465571,5511
0.264660432,5510
0.26466516,5509
0.26466815,5508
0.264671707,5507
0.264675683,5506
0.26467891,5505
0.264682074,5504
0.264685201,5503
0.264688276,5502
0.264691568,5501
0.264694613,5500
0.264697523,5499
0.264701034,5498
0.264704266,5497
0.264706765,5496
0.26470936,5495
0.264711515,5494
0.264713689,5493
0.26471588,5492
0.2647182,5491
0.264720265,5490
0.264723249,5489
0.264725781,5488
0.264727843,5487
0.264730372,5486
0.264732504,5485
0.264735028,5484
0.264737831,5483
0.264739872,5482
0.264743528,5481
0.264747151,5480
0.26475133,5479
0.264787384,5478
0.264816493,5477
0.264841537,5476
0.264852539,5475
0.264860874,5474
0.264865298,5473
0.264878558,5472
0.264883264,5471
0.264886714,5470
0.2648903,5469
0.264893779,5468
0.264897281,5467
0.264900772,5466
0.264904433,5465
0.264907509,5464
0.264911042,5463
0.264914565,5462
0.26512696,5461
0.265132706,5460
0.26516994,5459
0.265173782,5458
0.265177818,5457
0.265181275,5456
0.265185217,5455
0.265188771,5454
0.265192465,5453
0.265195909,5452
0.2651987,5451
0.26520152,5450
0.265204505,5449
0.265207364,5448
0.265210159,5447
0.265213414,5446
0.265216224,5445
0.265219134,5444
0.265221658,5443
0.265224678,5442
0.265227391,5441
0.265230104,5440
0.265232569,5439
0.265236046,5438
0.265239016,5437
0.265241666,5436
0.265244427,5435
0.26524718,5434
0.265250155,5433
0.265253399,5432
0.265256231,5431
0.265260124,5430
0.265264678,5429
0.265268487,5428
0.265271281,5427
0.265273853,5426
0.265276148,5425
0.265278744,5424
0.26528171,5423
0.265284142,5422
0.265286577,5421
0.265290469,5420
0.265293513,5419
0.265296305,5418
0.265299321,5417
0.265302096,5416
0.265305032,5415
0.265307628,5414
0.265310553,5413
0.26531371,5412
0.265316587,5411
0.265319295,5410
0.265322627,5409
0.26532546,5408
0.265328035,5407
0.265330715,5406
0.265333995,5405
0.265336509,5404
0.265339612,5403
0.265344207,5402
0.265348826,5401
0.265352697,5400
0.265356621,5399
0.26536052,5398
0.265364573,5397
0.265368615,5396
0.265372012,5395
0.265377504,5394
0.265381178,5393
0.265385304,5392
0.26538878,5391
0.265391576,5390
0.265394767,5389
0.265398118,5388
0.265401127,5387
0.26540398,5386
0.265407107,5385
0.265412347,5384
0.265415556,5383
0.265418655,5382
0.265420915,5381
0.265423358,5380
0.265426512,5379
0.265428992,5378
0.265431617,5377
0.265434494,5376
0.265436829,5375
0.265439231,5374
0.265441346,5373
0.265443943,5372
0.265447199,5371
0.265449809,5370
0.265452481,5369
0.265454901,5368
0.265457314,5367
0.265459774,5366
0.265462463,5365
0.265472351,5364
0.26547517,5363
0.265478195,5362
0.265480701,5361
0.265483875,5360
0.265486155,5359
0.265488503,5358
0.265490661,5357
0.265494282,5356
0.265497245,5355
0.265499961,5354
0.265502323,5353
0.265505456,5352
0.265508156,5351
0.265510841,5350
0.265514014,5349
0.265517314,5348
0.265519784,5347
0.265522303,5346
0.265525487,5345
0.265529333,5344
0.265531869,5343
0.265534595,5342
0.265536734,5341
0.265539147,5340
0.265542193,5339
0.265545137,5338
0.265547734,5337
0.265551437,5336
0.265554689,5335
0.265557829,5334
0.265566687,5333
0.265569422,5332
0.265572941,5331
0.265575716,5330
0.265578832,5329
0.265581796,5328
0.265584811,5327
0.265587967,5326
0.265590788,5325
0.265593403,5324
0.265596183,5323
0.265599063,5322
0.265602225,5321
0.265605019,5320
0.265607785,5319
0.265610595,5318
0.265613458,5317
0.265616255,5316
0.26561944,5315
0.265622256,5314
0.26562522,5313
0.265628333,5312
0.265631617,5311
0.265634655,5310
0.265637399,5309
0.265640376,5308
0.265643269,5307
0.265646426,5306
0.265649556,5305
0.265652636,5304
0.265655512,5303
0.265658346,5302
0.265661039,5301
0.265664125,5300
0.265667066,5299
0.265670132,5298
0.265673801,5297
0.265678932,5296
0.265682834,5295
0.265688605,5294
0.265691919,5293
0.265730636,5292
0.265734983,5291
0.265737992,5290
0.265740466,5289
0.265742807,5288
0.265745332,5287
0.265748203,5286
0.265750872,5285
0.26575449,5284
0.265757502,5283
0.265760502,5282
0.26576405,5281
0.265766734,5280
0.265769417,5279
0.265772142,5278
0.265775008,5277
0.265778406,5276
0.265781752,5275
0.265784527,5274
0.265787784,5273
0.265792889,5272
0.265796288,5271
0.265798812,5270
0.265801191,5269
0.265803807,5268
0.265806389,5267
0.265809033,5266
0.26581132,5265
0.265813568,5264
0.2658158,5263
0.265818301,5262
0.265820765,5261
0.265822957,5260
0.265824996,5259
0.265827043,5258
0.265829066,5257
0.265831138,5256
0.265833156,5255
0.265835409,5254
0.265837721,5253
0.26583974,5252
0.265842417,5251
0.265844453,5250
0.265846495,5249
0.265848709,5248
0.265850681,5247
0.265852809,5246
0.265855176,5245
0.265857642,5244
0.265860559,5243
0.265863285,5242
0.265865573,5241
0.265868021,5240
0.265870108,5239
0.265872482,5238
0.265874692,5237
0.26587698,5236
0.265879466,5235
0.265881804,5234
0.265884126,5233
0.265886308,5232
0.265889855,5231
0.26589282,5230
0.265895477,5229
0.265898071,5228
0.265900451,5227
0.265902925,5226
0.265905624,5225
0.265907962,5224
0.265910649,5223
0.265913245,5222
0.265915697,5221
0.265965474,5220
0.265968355,5219
0.265971176,5218
0.265974407,5217
0.265977125,5216
0.265979689,5215
0.26598208,5214
0.265984785,5213
0.265986866,5212
0.265989411,5211
0.265992576,5210
0.265995163,5209
0.265997915,5208
0.266000606,5207
0.266003222,5206
0.266006186,5205
0.266008959,5204
0.266011805,5203
0.266014328,5202
0.266017276,5201
0.266019708,5200
0.266022465,5199
0.266024781,5198
0.266027418,5197
0.26603045,5196
0.26603309,5195
0.26603551,5194
0.266037946,5193
0.266040652,5192
0.266043146,5191
0.266046101,5190
0.267698847,5189
0.267704211,5188
0.267707241,5187
0.267709645,5186
0.267712821,5185
0.267717384,5184
0.267721217,5183
0.267798428,5182
0.267802193,5181
0.267805051,5180
0.26780788,5179
0.267810748,5178
0.267813515,5177
0.267816035,5176
0.267818689,5175
0.267821062,5174
0.267823426,5173
0.267826069,5172
0.267829314,5171
0.267832073,5170
0.267835008,5169
0.267837724,5168
0.26784048,5167
0.267843993,5166
0.267847932,5165
0.26785267,5164
0.267856037,5163
0.267859131,5162
0.26786224,5161
0.267867669,5160
0.267872265,5159
0.267876362,5158
0.267880935,5157
0.267883971,5156
0.267888151,5155
0.267891655,5154
0.267895129,5153
0.267898611,5152
0.26790337,5151
0.26790697,5150
0.267911301,5149
0.267914172,5148
0.267917243,5147
0.267920462,5146
0.267923753,5145
0.267926949,5144
0.267931618,5143
0.267934754,5142
0.267938529,5141
0.267941935,5140
0.26795202,5139
0.267954776,5138
0.267957195,5137
0.267961445,5136
0.267964742,5135
0.267968229,5134
0.26797163,5133
0.267976261,5132
0.267979204,5131
0.26798334,5130
0.267988363,5129
0.267990912,5128
0.26799369,5127
0.267996497,5126
0.267999751,5125
0.26800234,5124
0.268005617,5123
0.26800903,5122
0.268011675,5121
0.268014641,5120
0.268018021,5119
0.268021202,5118
0.268025501,5117
0.268028716,5116
0.268031949,5115
0.268035415,5114
0.268038642,5113
0.26804227,5112
0.268045677,5111
0.268048509,5110
0.268051483,5109
0.268054555,5108
0.268057523,5107
0.268060729,5106
0.268063669,5105
0.268067633,5104
0.268070913,5103
0.268074002,5102
0.268077388,5101
0.268080589,5100
0.26808492,5099
0.268089247,5098
0.268093369,5097
0.268097003,5096
0.268101812,5095
0.268106526,5094
0.268110003,5093
0.26811373,5092
0.26811717,5091
0.268122664,5090
0.268125994,5089
0.268130416,5088
0.268133989,5087
0.268137667,5086
0.268141379,5085
0.268144739,5084
0.268148163,5083
0.268152036,5082
0.268155822,5081
0.268159577,5080
0.268163022,5079
0.268166492,5078
0.268171411,5077
0.268174521,5076
0.268179939,5075
0.268196111,5074
0.268199144,5073
0.26820256,5072
0.268205405,5071
0.268208582,5070
0.268211494,5069
0.268214037,5068
0.268218848,5067
0.268222725,5066
0.268226427,5065
0.268229575,5064
0.268232991,5063
0.268236339,5062
0.26823914,5061
0.268242306,5060
0.268245381,5059
0.268249592,5058
0.268253436,5057
0.268256571,5056
0.268259862,5055
0.268263266,5054
0.268266535,5053
0.268270278,5052
0.268273886,5051
0.268279484,5050
0.26828245,5049
0.268285817,5048
0.26828893,5047
0.268291961,5046
0.268295769,5045
0.268298779,5044
0.268301814,5043
0.268307156,5042
0.268310059,5041
0.268313038,5040
0.268316195,5039
0.268320049,5038
0.26832455,5037
0.268328434,5036
0.268331657,5035
0.268336357,5034
0.268339806,5033
0.268343134,5032
0.268346291,5031
0.268349297,5030
0.268352703,5029
0.26835583,5028
0.268359172,5027
0.268367729,5026
0.268370498,5025
0.26837328,5024
0.268376053,5023
0.268378751,5022
0.268382985,5021
0.268386369,5020
0.268389897,5019
0.268393207,5018
0.268396178,5017
0.268399368,5016
0.268402466,5015
0.268405893,5014
0.268409393,5013
0.268413779,5012
0.268417833,5011
0.268420889,5010
0.268423934,5009
0.268428343,5008
0.268431686,5007
0.268435415,5006
0.26843891,5005
0.268443112,5004
0.268447746,5003
0.268452069,5002
0.26845632,5001
0.26846119,5000
0.268465486,4999
0.268471324,4998
0.268474923,4997
0.268480103,4996
0.268483446,4995
0.268486689,4994
0.268490189,4993
0.268493559,4992
0.268497982,4991
0.268500971,4990
0.26850419,4989
0.268507355,4988
0.26851061,4987
0.268516006,4986
0.268519191,4985
0.268522164,4984
0.268525549,4983
0.268529667,4982
0.268532682,4981
0.268538004,4980
0.268540975,4979
0.268545005,4978
0.268548525,4977
0.268552113,4976
0.268555913,4975
0.268559188,4974
0.26856225,4973
0.268565722,4972
0.268568795,4971
0.268571904,4970
0.26857537,4969
0.268579292,4968
0.268583083,4967
0.268586925,4966
0.26859024,4965
0.268593778,4964
0.268597547,4963
0.268600907,4962
0.26860563,4961
0.268608937,4960
0.268612218,4959
0.268615549,4958
0.268619038,4957
0.268622405,4956
0.268626103,4955
0.268629453,4954
0.26863269,4953
0.268636468,4952
0.26863978,4951
0.268643311,4950
0.268648957,4949
0.268652101,4948
0.268654973,4947
0.268659122,4946
0.268662273,4945
0.268664516,4944
0.268667022,4943
0.26867278,4942
0.268677634,4941
0.268681236,4940
0.268684631,4939
0.268687477,4938
0.268690659,4937
0.268693638,4936
0.268697586,4935
0.268700628,4934
0.268703337,4933
0.268705977,4932
0.268708811,4931
0.268711578,4930
0.268715096,4929
0.268717913,4928
0.26872056,4927
0.268723637,4926
0.268726852,4925
0.268729474,4924
0.268732233,4923
0.268735232,4922
0.268737888,4921
0.268740477,4920
0.268743665,4919
0.268746898,4918
0.268749774,4917
0.268752624,4916
0.268755238,4915
0.268758117,4914
0.268760877,4913
0.268763602,4912
0.268766607,4911
0.268769422,4910
0.268772317,4909
0.268775261,4908
0.268778185,4907
0.268781657,4906
0.268784606,4905
0.268787993,4904
0.268791193,4903
0.26879381,4902
0.268796437,4901
0.268798786,4900
0.268801321,4899
0.268805899,4898
0.268809541,4897
0.268813412,4896
0.268816773,4895
0.268820527,4894
0.268823905,4893
0.268826723,4892
0.268831371,4891
0.268834488,4890
0.268837954,4889
0.268844607,4888
0.268850498,4887
0.268854052,4886
0.268856905,4885
0.268860585,4884
0.268863175,4883
0.268866303,4882
0.268869485,4881
0.268872143,4880
0.268874849,4879
0.268877875,4878
0.268880489,4877
0.268882605,4876
0.268885254,4875
0.268888283,4874
0.268890887,4873
0.268893131,4872
0.268895597,4871
0.268898049,4870
0.268900626,4869
0.26890284,4868
0.268905279,4867
0.268907962,4866
0.268910464,4865
0.268914655,4864
0.268917867,4863
0.268922049,4862
0.268925054,4861
0.268928141,4860
0.268930997,4859
0.268933648,4858
0.268936501,4857
0.268944339,4856
0.268949111,4855
0.268951914,4854
0.268954666,4853
0.268957577,4852
0.268962057,4851
0.268965999,4850
0.26896936,4849
0.268987791,4848
0.268990494,4847
0.268992956,4846
0.26899717,4845
0.269002297,4844
0.26900699,4843
0.269010001,4842
0.26901333,4841
0.269016192,4840
0.269019175,4839
0.269021913,4838
0.269024621,4837
0.269027369,4836
0.269031051,4835
0.269045943,4834
0.269048782,4833
0.269051476,4832
0.269054283,4831
0.26905706,4830
0.269059775,4829
0.269062299,4828
0.269064967,4827
0.269067805,4826
0.269070375,4825
0.269074551,4824
0.269079059,4823
0.269093058,4822
0.269096897,4821
0.269101729,4820
0.269118168,4819
0.269125254,4818
0.269139439,4817
0.269147059,4816
0.269160874,4815
0.269165625,4814
0.269171577,4813
0.269177666,4812
0.269182709,4811
0.269195572,4810
0.269200611,4809
0.269203906,4808
0.269207347,4807
0.269209723,4806
0.269213589,4805
0.269216664,4804
0.269219918,4803
0.26922279,4802
0.26922692,4801
0.26923095,4800
0.269233866,4799
0.269236407,4798
0.269239146,4797
0.269242395,4796
0.269244851,4795
0.269247478,4794
0.269249797,4793
0.26925314,4792
0.269255935,4791
0.269258975,4790
0.269262481,4789
0.269266414,4788
0.269271524,4787
0.269274389,4786
0.269276984,4785
0.269279847,4784
0.269282406,4783
0.269285209,4782
0.269288145,4781
0.269291372,4780
0.269294845,4779
0.269298174,4778
0.269300928,4777
0.269304687,4776
0.269307595,4775
0.269311969,4774
0.269314844,4773
0.269318132,4772
0.269323326,4771
0.269326944,4770
0.269330355,4769
0.269333432,4768
0.269336164,4767
0.269339337,4766
0.269344991,4765
0.269348371,4764
0.269351369,4763
0.269354018,4762
0.269356879,4761
0.269361905,4760
0.269364822,4759
0.269368526,4758
0.269371938,4757
0.269375117,4756
0.269379612,4755
0.26938235,4754
0.269385737,4753
0.269389562,4752
0.26939292,4751
0.269397746,4750
0.269401403,4749
0.269404716,4748
0.269408112,4747
0.26941101,4746
0.269414474,4745
0.269419077,4744
0.269421779,4743
0.269425865,4742
0.269429671,4741
0.269434411,4740
0.269436967,4739
0.269439515,4738
0.269443666,4737
0.269446451,4736
0.269449721,4735
0.26945437,4734
0.269457516,4733
0.269460213,4732
0.26946303,4731
0.269467044,4730
0.269470053,4729
0.269472678,4728
0.269475518,4727
0.269480349,4726
0.269483712,4725
0.269486453,4724
0.269488882,4723
0.269491386,4722
0.269493886,4721
0.269496967,4720
0.269501136,4719
0.26950469,4718
0.269507912,4717
0.269510789,4716
0.269514066,4715
0.269516691,4714
0.269519241,4713
0.269523651,4712
0.269526279,4711
0.269528963,4710
0.269532555,4709
0.269535248,4708
0.269539648,4707
0.269542573,4706
0.269545265,4705
0.269550252,4704
0.269553849,4703
0.269557849,4702
0.269560917,4701
0.269564081,4700
0.269566527,4699
0.269569058,4698
0.269571606,4697
0.269574029,4696
0.269576626,4695
0.269579078,4694
0.269582654,4693
0.269585225,4692
0.269587794,4691
0.269590182,4690
0.269592305,4689
0.269595046,4688
0.269597124,4687
0.269599513,4686
0.269603113,4685
0.269605863,4684
0.269611199,4683
0.269613528,4682
0.269618705,4681
0.269621488,4680
0.269625238,4679
0.269628854,4678
0.269631914,4677
0.269634459,4676
0.269637752,4675
0.269640628,4674
0.269643545,4673
0.2696464,4672
0.269649226,4671
0.269652379,4670
0.26965917,4669
0.26966213,4668
0.269666199,4667
0.2696708,4666
0.269674642,4665
0.269680601,4664
0.269683348,4663
0.269686771,4662
0.269690009,4661
0.269694054,4660
0.269696621,4659
0.269698989,4658
0.269701981,4657
0.269705734,4656
0.269708698,4655
0.269711424,4654
0.269714139,4653
0.269716615,4652
0.269720476,4651
0.269723236,4650
0.269726447,4649
0.269729209,4648
0.269731913,4647
0.26973526,4646
0.269739453,4645
0.269743409,4644
0.269747566,4643
0.269753915,4642
0.269757787,4641
0.269764589,4640
0.269768079,4639
0.269772031,4638
0.26977626,4637
0.269780109,4636
0.269783691,4635
0.269790346,4634
0.269797311,4633
0.269803539,4632
0.269806598,4631
0.269809921,4630
0.26981341,4629
0.269816877,4628
0.269820302,4627
0.269823977,4626
0.269827325,4625
0.269830066,4624
0.269834517,4623
0.269837969,4622
0.26984173,4621
0.26984465,4620
0.269847346,4619
0.26985041,4618
0.269853151,4617
0.269855737,4616
0.269858742,4615
0.269861391,4614
0.269864899,4613
0.26986779,4612
0.269870415,4611
0.269873027,4610
0.269875558,4609
0.269878178,4608
0.269881097,4607
0.26988391,4606
0.269888542,4605
0.269891489,4604
0.269898773,4603
0.269901514,4602
0.269905026,4601
0.269908428,4600
0.26991174,4599
0.269914597,4598
0.269918095,4597
0.26992094,4596
0.269923731,4595
0.269926634,4594
0.26993053,4593
0.269934917,4592
0.269937639,4591
0.269940856,4590
0.269944618,4589
0.269947566,4588
0.269950539,4587
0.269953518,4586
0.269956289,4585
0.269959405,4584
0.26996248,4583
0.269965036,4582
0.269970879,4581
0.269974846,4580
0.269977489,4579
0.26998049,4578
0.269984516,4577
0.269988576,4576
0.26999413,4575
0.270002349,4574
0.270005564,4573
0.270008572,4572
0.270012526,4571
0.270017647,4570
0.270021429,4569
0.270026544,4568
0.270031883,4567
0.270034533,4566
0.27003738,4565
0.270041773,4564
0.270045567,4563
0.270050365,4562
0.270054187,4561
0.270057475,4560
0.270060671,4559
0.270064971,4558
0.270069415,4557
0.270072908,4556
0.270080021,4555
0.270083749,4554
0.270087565,4553
0.270092442,4552
0.270096459,4551
0.270102615,4550
0.270106094,4549
0.270111801,4548
0.270115396,4547
0.270119065,4546
0.27012212,4545
0.270125326,4544
0.270128646,4543
0.270131597,4542
0.270135429,4541
0.270142272,4540
0.270145981,4539
0.270152546,4538
0.270156386,4537
0.270161401,4536
0.270164594,4535
0.270168369,4534
0.270171275,4533
0.270175073,4532
0.270178681,4531
0.270182236,4530
0.270185186,4529
0.270191843,4528
0.270196121,4527
0.27020153,4526
0.270204834,4525
0.27020891,4524
0.270212871,4523
0.270215813,4522
0.270219326,4521
0.270222572,4520
0.270225808,4519
0.270229208,4518
0.270234074,4517
0.270238025,4516
0.270241069,4515
0.270245593,4514
0.270248501,4513
0.27025163,4512
0.270257014,4511
0.270260137,4510
0.27026333,4509
0.27026689,4508
0.270269553,4507
0.270272927,4506
0.27027545,4505
0.270277783,4504
0.270281014,4503
0.270284652,4502
0.270289893,4501
0.270294721,4500
0.270300305,4499
0.270304046,4498
0.270309569,4497
0.270313247,4496
0.270316682,4495
0.270320095,4494
0.270323428,4493
0.270327617,4492
0.270348353,4491
0.270350929,4490
0.270353502,4489
0.27035677,4488
0.270362175,4487
0.270365338,4486
0.27036856,4485
0.270371978,4484
0.27037481,4483
0.27037845,4482
0.270383664,4481
0.270387739,4480
0.270390252,4479
0.270394592,4478
0.270398466,4477
0.27040132,4476
0.270405032,4475
0.270410507,4474
0.270415591,4473
0.270419384,4472
0.270422097,4471
0.270427104,4470
0.270430831,4469
0.270435029,4468
0.270438116,4467
0.270441912,4466
0.270445738,4465
0.270449216,4464
0.270464408,4463
0.27046769,4462
0.270471787,4461
0.270475533,4460
0.270480702,4459
0.270486381,4458
0.270489272,4457
0.27049398,4456
0.27049773,4455
0.270502022,4454
0.270507092,4453
0.270510103,4452
0.270513051,4451
0.270517081,4450
0.270520291,4449
0.270523502,4448
0.270526942,4447
0.270530782,4446
0.2705338,4445
0.270537297,4444
0.270540085,4443
0.270542895,4442
0.270545655,4441
0.270548415,4440
0.270550909,4439
0.270553763,4438
0.270556363,4437
0.270558896,4436
0.270561269,4435
0.27056397,4434
0.270567396,4433
0.270570147,4432
0.270572327,4431
0.270574485,4430
0.270576768,4429
0.270578799,4428
0.270584533,4427
0.270587403,4426
0.270589699,4425
0.270592099,4424
0.27059719,4423
0.270601673,4422
0.270604446,4421
0.270606916,4420
0.270609471,4419
0.270613036,4418
0.270616296,4417
0.270618803,4416
0.2706214,4415
0.270625201,4414
0.27062844,4413
0.270631447,4412
0.270634204,4411
0.270637035,4410
0.270639573,4409
0.270641303,4408
0.270644527,4407
0.270647096,4406
0.270649978,4405
0.270652956,4404
0.270657406,4403
0.270660074,4402
0.270663066,4401
0.270666447,4400
0.27067073,4399
0.270673737,4398
0.270677555,4397
0.27068074,4396
0.270684888,4395
0.270688454,4394
0.270691855,4393
0.270695291,4392
0.270698714,4391
0.270701694,4390
0.270704517,4389
0.270707117,4388
0.270709498,4387
0.27071425,4386
0.270717215,4385
0.270719659,4384
0.270722428,4383
0.270727038,4382
0.270730073,4381
0.270733315,4380
0.270738606,4379
0.270741872,4378
0.270761619,4377
0.270764913,4376
0.270769134,4375
0.270771791,4374
0.270774253,4373
0.270776665,4372
0.270779678,4371
0.270782444,4370
0.270784913,4369
0.270787288,4368
0.270790538,4367
0.270792836,4366
0.270795322,4365
0.270797758,4364
0.270800036,4363
0.270802432,4362
0.270804707,4361
0.270807116,4360
0.270811549,4359
0.270813986,4358
0.27081606,4357
0.270818563,4356
0.270820564,4355
0.270822632,4354
0.270827312,4353
0.270830566,4352
0.270833532,4351
0.2708359,4350
0.270839391,4349
0.270841641,4348
0.270844072,4347
0.270847034,4346
0.270850694,4345
0.270853216,4344
0.27085579,4343
0.270858847,4342
0.270863832,4341
0.270869065,4340
0.270871389,4339
0.270873909,4338
0.270876649,4337
0.270879179,4336
0.270881647,4335
0.270884011,4334
0.270888888,4333
0.270893216,4332
0.270897659,4331
0.270901061,4330
0.270904068,4329
0.270908041,4328
0.27091242,4327
0.270919995,4326
0.270923085,4325
0.270925801,4324
0.2709288,4323
0.270933299,4322
0.270937293,4321
0.270939952,4320
0.27094395,4319
0.270946737,4318
0.270949869,4317
0.270952113,4316
0.270954344,4315
0.270956686,4314
0.270958936,4313
0.27096468,4312
0.270967008,4311
0.270969147,4310
0.270972045,4309
0.270974375,4308
0.270977649,4307
0.270980952,4306
0.270983529,4305
0.270985843,4304
0.270988194,4303
0.270990338,4302
0.27099258,4301
0.270994993,4300
0.270997535,4299
0.271000024,4298
0.271002845,4297
0.271005666,4296
0.271008222,4295
0.271012169,4294
0.271015994,4293
0.271018891,4292
0.271024436,4291
0.271028181,4290
0.271031314,4289
0.271034959,4288
0.271038992,4287
0.2710422,4286
0.27104544,4285
0.271048875,4284
0.271051715,4283
0.271054195,4282
0.271056583,4281
0.271059146,4280
0.271062278,4279
0.271065317,4278
0.271068023,4277
0.271070626,4276
0.271073507,4275
0.271076995,4274
0.271079719,4273
0.271083339,4272
0.271087768,4271
0.271090689,4270
0.27109348,4269
0.271096068,4268
0.271098758,4267
0.271103078,4266
0.271109983,4265
0.271112712,4264
0.271115535,4263
0.271118335,4262
0.271123301,4261
0.271126859,4260
0.271129307,4259
0.271131815,4258
0.271134386,4257
0.271137598,4256
0.271142294,4255
0.271145666,4254
0.271149501,4253
0.271154709,4252
0.271158403,4251
0.271162984,4250
0.271168605,4249
0.271172585,4248
0.271176457,4247
0.271181297,4246
0.271185211,4245
0.271189242,4244
0.271192708,4243
0.27119724,4242
0.271201492,4241
0.271205222,4240
0.271208691,4239
0.271212283,4238
0.271216301,4237
0.271220064,4236
0.271222778,4235
0.271225134,4234
0.271227415,4233
0.271229707,4232
0.271232628,4231
0.271238467,4230
0.27124173,4229
0.271244729,4228
0.271247689,4227
0.271253372,4226
0.271256691,4225
0.271285253,4224
0.271289095,4223
0.271292576,4222
0.271296596,4221
0.271301457,4220
0.271305023,4219
0.271308311,4218
0.27131221,4217
0.271316783,4216
0.271320274,4215
0.271325343,4214
0.271330379,4213
0.271333951,4212
0.271337176,4211
0.27134047,4210
0.271343728,4209
0.271356854,4208
0.271360734,4207
0.271364467,4206
0.271368949,4205
0.271372747,4204
0.271376261,4203
0.271379887,4202
0.271385092,4201
0.271388331,4200
0.271392002,4199
0.27139453,4198
0.271396937,4197
0.271401339,4196
0.271403852,4195
0.271406345,4194
0.271408669,4193
0.271412951,4192
0.271415334,4191
0.271417899,4190
0.271420143,4189
0.271422593,4188
0.271425143,4187
0.27142809,4186
0.271430607,4185
0.271434042,4184
0.271436538,4183
0.271442502,4182
0.271446028,4181
0.27145027,4180
0.2714535,4179
0.271456704,4178
0.271461033,4177
0.271467336,4176
0.271471723,4175
0.271479124,4174
0.271482091,4173
0.271485581,4172
0.271488983,4171
0.271493757,4170
0.271496897,4169
0.271500283,4168
0.271503491,4167
0.271507864,4166
0.271511117,4165
0.27151746,4164
0.271521773,4163
0.271525447,4162
0.271529211,4161
0.271532011,4160
0.271534558,4159
0.271539241,4158
0.271542594,4157
0.271545847,4156
0.271549316,4155
0.27155257,4154
0.271556023,4153
0.271559125,4152
0.27156248,4151
0.271565737,4150
0.271569019,4149
0.271573678,4148
0.27157702,4147
0.271580266,4146
0.27158331,4145
0.271586703,4144
0.271591018,4143
0.271594794,4142
0.271598944,4141
0.271604284,4140
0.271610397,4139
0.271616842,4138
0.271620078,4137
0.271623582,4136
0.27163031,4135
0.271633569,4134
0.27163814,4133
0.271642692,4132
0.271646078,4131
0.271649525,4130
0.271652838,4129
0.271656015,4128
0.271659347,4127
0.271662608,4126
0.271666196,4125
0.271670591,4124
0.271673996,4123
0.27167866,4122
0.271681913,4121
0.271684933,4120
0.27168806,4119
0.271691261,4118
0.27169484,4117
0.271699346,4116
0.271702838,4115
0.271705513,4114
0.271779836,4113
0.271782946,4112
0.271785888,4111
0.27178884,4110
0.271794626,4109
0.271798289,4108
0.271801045,4107
0.271803817,4106
0.271806753,4105
0.271809329,4104
0.271812187,4103
0.271816259,4102
0.271820466,4101
0.27182419,4100
0.271827815,4099
0.271833827,4098
0.271837307,4097
0.271840829,4096
0.271844377,4095
0.271847648,4094
0.271850755,4093
0.271854063,4092
0.271857762,4091
0.271862137,4090
0.271868121,4089
0.271871463,4088
0.271875658,4087
0.27187898,4086
0.271882369,4085
0.271885901,4084
0.271889489,4083
0.27189381,4082
0.271897278,4081
0.271900681,4080
0.271903826,4079
0.271909346,4078
0.271912926,4077
0.271916137,4076
0.271919574,4075
0.27192289,4074
0.271926256,4073
0.271930181,4072
0.271933351,4071
0.271936323,4070
0.271939479,4069
0.271942554,4068
0.271945336,4067
0.271948215,4066
0.271951024,4065
0.271953794,4064
0.271957437,4063
0.271960585,4062
0.271965578,4061
0.271970253,4060
0.271973988,4059
0.2719781,4058
0.271982067,4057
0.272009111,4056
0.272036498,4055
0.272041394,4054
0.272045586,4053
0.272048955,4052
0.272052733,4051
0.272056693,4050
0.272060272,4049
0.272064261,4048
0.272067375,4047
0.272071757,4046
0.272075523,4045
0.272081409,4044
0.272085928,4043
0.272089957,4042
0.272093401,4041
0.27209794,4040
0.272101225,4039
0.272104728,4038
0.27210761,4037
0.272112349,4036
0.27211681,4035
0.27212043,4034
0.272123989,4033
0.272127412,4032
0.272157025,4031
0.272160691,4030
0.272165211,4029
0.272168383,4028
0.272174672,4027
0.272179433,4026
0.272183445,4025
0.272187106,4024
0.272190852,4023
0.272193393,4022
0.272197419,4021
0.272200788,4020
0.272203425,4019
0.272206198,4018
0.272208659,4017
0.272211085,4016
0.272214039,4015
0.272216549,4014
0.272219108,4013
0.272224994,4012
0.272228223,4011
0.272232698,4010
0.272235698,4009
0.272239186,4008
0.272243898,4007
0.272247145,4006
0.272250249,4005
0.272253085,4004
0.272256352,4003
0.27225956,4002
0.272264003,4001
0.272266666,4000
0.272270462,3999
0.272274592,3998
0.272277852,3997
0.272280615,3996
0.272283351,3995
0.272286927,3994
0.272291113,3993
0.272293891,3992
0.272299803,3991
0.272303489,3990
0.272308708,3989
0.272312242,3988
0.272317034,3987
0.272321211,3986
0.272325045,3985
0.272328495,3984
0.272332433,3983
0.27233604,3982
0.272340741,3981
0.272343663,3980
0.272346353,3979
0.272350432,3978
0.272354979,3977
0.272359065,3976
0.272363369,3975
0.272367373,3974
0.272376714,3973
0.272381457,3972
0.272387338,3971
0.272391412,3970
0.272396366,3969
0.272400067,3968
0.272403402,3967
0.272407594,3966
0.272410686,3965
0.272413487,3964
0.272417312,3963
0.272420237,3962
0.272423167,3961
0.27242671,3960
0.272431313,3959
0.27247798,3958
0.272481222,3957
0.272484059,3956
0.272486543,3955
0.272493501,3954
0.272496439,3953
0.272499145,3952
0.272503285,3951
0.27250621,3950
0.272511076,3949
0.272516403,3948
0.272519449,3947
0.272522167,3946
0.272524906,3945
0.272527776,3944
0.272530438,3943
0.272533,3942
0.272536027,3941
0.272540478,3940
0.27254285,3939
0.272545398,3938
0.272548113,3937
0.27255094,3936
0.272555082,3935
0.272557871,3934
0.272560448,3933
0.272563761,3932
0.272566922,3931
0.272569602,3930
0.272572371,3929
0.272575314,3928
0.272578285,3927
0.272581128,3926
0.272584961,3925
0.272588723,3924
0.272591364,3923
0.272594112,3922
0.272596756,3921
0.27260094,3920
0.27260484,3919
0.272657616,3918
0.272660259,3917
0.272664191,3916
0.272667786,3915
0.272671169,3914
0.272675652,3913
0.272678804,3912
0.272682061,3911
0.272684955,3910
0.272688195,3909
0.27269272,3908
0.272762189,3907
0.27276768,3906
0.272829369,3905
0.272832762,3904
0.272844117,3903
0.272847975,3902
0.272852545,3901
0.272856085,3900
0.27285965,3899
0.272864373,3898
0.272901494,3897
0.272904601,3896
0.272908284,3895
0.272911632,3894
0.272914696,3893
0.272918408,3892
0.272923047,3891
0.272963416,3890
0.272988968,3889
0.272993099,3888
0.272996953,3887
0.27299996,3886
0.273003175,3885
0.273006754,3884
0.273010237,3883
0.273013833,3882
0.273016929,3881
0.2730204,3880
0.273023415,3879
0.273026395,3878
0.2730292,3877
0.273034169,3876
0.273036755,3875
0.273039386,3874
0.273043156,3873
0.273045777,3872
0.273048632,3871
0.273050937,3870
0.273053735,3869
0.273056303,3868
0.273061224,3867
0.273069604,3866
0.273074402,3865
0.273077198,3864
0.273080112,3863
0.273082519,3862
0.273085084,3861
0.273087878,3860
0.273090477,3859
0.27309429,3858
0.273099651,3857
0.273103681,3856
0.273106344,3855
0.273108978,3854
0.273111465,3853
0.273115105,3852
0.273117875,3851
0.273120218,3850
0.273124891,3849
0.27312747,3848
0.273130817,3847
0.273140435,3846
0.273142956,3845
0.273145436,3844
0.273148841,3843
0.273151402,3842
0.273155181,3841
0.273160243,3840
0.27316614,3839
0.273169924,3838
0.273174059,3837
0.273177507,3836
0.273180349,3835
0.273183221,3834
0.273185679,3833
0.273188221,3832
0.273190627,3831
0.274225131,3830
0.274229734,3829
0.274233367,3828
0.27424172,3827
0.274244317,3826
0.274248757,3825
0.274251768,3824
0.274254952,3823
0.274260013,3822
0.274269025,3821
0.274274019,3820
0.274277422,3819
0.274280831,3818
0.274295348,3817
0.274298672,3816
0.27430741,3815
0.2743107,3814
0.274316745,3813
0.274321791,3812
0.274329876,3811
0.274344504,3810
0.274348947,3809
0.274358026,3808
0.274373577,3807
0.274383846,3806
0.274388046,3805
0.274391984,3804
0.274401046,3803
0.274404572,3802
0.274411526,3801
0.274447156,3800
0.274454874,3799
0.274461504,3798
0.274464853,3797
0.274469682,3796
0.274473092,3795
0.274479759,3794
0.274487679,3793
0.274493038,3792
0.2744975,3791
0.274504093,3790
0.274508354,3789
0.274513992,3788
0.274520198,3787
0.274563748,3786
0.274578553,3785
0.274592396,3784
0.274597894,3783
0.274605251,3782
0.274611041,3781
0.274617467,3780
0.274627428,3779
0.274633394,3778
0.274636544,3777
0.274639813,3776
0.27464404,3775
0.274647402,3774
0.274654467,3773
0.274657695,3772
0.274661144,3771
0.274664385,3770
0.274670123,3769
0.274673351,3768
0.274676921,3767
0.274937921,3766
0.274943364,3765
0.274950713,3764
0.274955539,3763
0.27495892,3762
0.27496274,3761
0.274968841,3760
0.27539272,3759
0.275403952,3758
0.275413332,3757
0.275455119,3756
0.27549163,3755
0.275495147,3754
0.275498564,3753
0.275501951,3752
0.275509396,3751
0.275513014,3750
0.27551681,3749
0.275524004,3748
0.275529117,3747
0.275532745,3746
0.275536,3745
0.275539586,3744
0.275544417,3743
0.275550389,3742
0.275553816,3741
0.275556981,3740
0.27556023,3739
0.275563258,3738
0.275568301,3737
0.275574088,3736
0.275589845,3735
0.275592597,3734
0.275597767,3733
0.275602774,3732
0.275607375,3731
0.275612556,3730
0.275616309,3729
0.275619923,3728
0.275623698,3727
0.275633689,3726
0.275643043,3725
0.275646304,3724
0.275656077,3723
0.2756607,3722
0.275669123,3721
0.275675301,3720
0.275680639,3719
0.275685604,3718
0.275688999,3717
0.275695066,3716
0.275702515,3715
0.275713631,3714
0.275722178,3713
0.275727366,3712
0.275734747,3711
0.275744394,3710
0.275754961,3709
0.275758956,3708
0.275763058,3707
0.275765523,3706
0.275769523,3705
0.27577561,3704
0.275778635,3703
0.275786824,3702
0.275793057,3701
0.275796995,3700
0.275800364,3699
0.275812044,3698
0.275820178,3697
0.275831124,3696
0.275838184,3695
0.275843098,3694
0.275846525,3693
0.275852248,3692
0.27585668,3691
0.275862401,3690
0.275870253,3689
0.275875199,3688
0.275878264,3687
0.275881559,3686
0.275885079,3685
0.275896167,3684
0.275901639,3683
0.275908522,3682
0.275911626,3681
0.275914887,3680
0.275918308,3679
0.275922394,3678
0.275930171,3677
0.27594084,3676
0.275951215,3675
0.2759665,3674
0.27596925,3673
0.27597237,3672
0.275980988,3671
0.275986094,3670
0.275994981,3669
0.276002458,3668
0.276005916,3667
0.276013689,3666
0.27602067,3665
0.27602416,3664
0.27602853,3663
0.276031158,3662
0.276038721,3661
0.276041649,3660
0.276045825,3659
0.276048467,3658
0.276051232,3657
0.276055006,3656
0.276058668,3655
0.276061445,3654
0.276067008,3653
0.27607031,3652
0.276073914,3651
0.276077822,3650
0.276080899,3649
0.276094081,3648
0.27609728,3647
0.276102261,3646
0.276106342,3645
0.27614861,3644
0.276157626,3643
0.276167993,3642
0.276171008,3641
0.276176863,3640
0.276182721,3639
0.276187503,3638
0.27619093,3637
0.276199269,3636
0.276203932,3635
0.276207396,3634
0.276212566,3633
0.276223525,3632
0.276231236,3631
0.276236727,3630
0.276243571,3629
0.276247534,3628
0.276251147,3627
0.276259321,3626
0.276263036,3625
0.276271546,3624
0.276274705,3623
0.276281662,3622
0.276286322,3621
0.27629094,3620
0.276307841,3619
0.276316644,3618
0.276325041,3617
0.276330055,3616
0.276334835,3615
0.276338087,3614
0.276349132,3613
0.276354137,3612
0.276357333,3611
0.276360629,3610
0.276366496,3609
0.276372859,3608
0.276376054,3607
0.276385152,3606
0.276395403,3605
0.276398649,3604
0.276410364,3603
0.276425214,3602
0.276429945,3601
0.276434441,3600
0.276440669,3599
0.276453716,3598
0.276458837,3597
0.276467566,3596
0.276473049,3595
0.276476607,3594
0.276483279,3593
0.276488072,3592
0.276495269,3591
0.276505487,3590
0.27651082,3589
0.276517409,3588
0.276520848,3587
0.276524329,3586
0.27652808,3585
0.276532491,3584
0.276537831,3583
0.276542547,3582
0.276545983,3581
0.276549525,3580
0.27655334,3579
0.276560136,3578
0.276572696,3577
0.276585243,3576
0.276590322,3575
0.276598309,3574
0.276601942,3573
0.276607103,3572
0.276610185,3571
0.276615013,3570
0.276624164,3569
0.276628078,3568
0.276633919,3567
0.276639614,3566
0.276647066,3565
0.276651339,3564
0.276656042,3563
0.276660665,3562
0.276663643,3561
0.276668074,3560
0.276676714,3559
0.276680316,3558
0.276686473,3557
0.276692087,3556
0.27669828,3555
0.27670248,3554
0.276710415,3553
0.276715574,3552
0.276722723,3551
0.276726735,3550
0.276733438,3549
0.276737854,3548
0.276742307,3547
0.276750232,3546
0.276753852,3545
0.276757273,3544
0.276772147,3543
0.276783013,3542
0.276786617,3541
0.276791384,3540
0.276795745,3539
0.276799157,3538
0.276802922,3537
0.276809388,3536
0.276816364,3535
0.276822241,3534
0.276826571,3533
0.276829745,3532
0.276832875,3531
0.276837334,3530
0.276844978,3529
0.276849961,3528
0.276854929,3527
0.276861353,3526
0.276864823,3525
0.276867788,3524
0.276875919,3523
0.276879316,3522
0.276893167,3521
0.276897888,3520
0.276902354,3519
0.276906563,3518
0.276917891,3517
0.276927288,3516
0.27697033,3515
0.276974783,3514
0.27697775,3513
0.276981073,3512
0.276987031,3511
0.276990344,3510
0.276996999,3509
0.277001322,3508
0.277010004,3507
0.277015991,3506
0.277021322,3505
0.277031619,3504
0.277036961,3503
0.27703991,3502
0.277704133,3501
0.277735646,3500
0.277753684,3499
0.277761232,3498
0.277804036,3497
0.277810974,3496
0.277816875,3495
0.277820953,3494
0.277854993,3493
0.277858626,3492
0.277895895,3491
0.277904247,3490
0.277911229,3489
0.277945575,3488
0.277953781,3487
0.277969302,3486
0.277978881,3485
0.277982872,3484
0.277989602,3483
0.27799505,3482
0.278005967,3481
0.278011547,3480
0.278017806,3479
0.278041256,3478
0.27804896,3477
0.278061164,3476
0.278065335,3475
0.27807917,3474
0.27808305,3473
0.278086982,3472
0.278093519,3471
0.278124884,3470
0.278128479,3469
0.278134343,3468
0.278140135,3467
0.278144549,3466
0.278148109,3465
0.278189385,3464
0.278200924,3463
0.278211822,3462
0.278215702,3461
0.278221575,3460
0.278265829,3459
0.278307534,3458
0.278319184,3457
0.278325737,3456
0.278360495,3455
0.278366276,3454
0.278378138,3453
0.278387587,3452
0.278395402,3451
0.278411029,3450
0.278423018,3449
0.278431473,3448
0.278440388,3447
0.278451609,3446
0.27846212,3445
0.278467157,3444
0.278479297,3443
0.278483054,3442
0.278489991,3441
0.278492862,3440
0.278506272,3439
0.27851642,3438
0.278519659,3437
0.278527547,3436
0.278533412,3435
0.278537489,3434
0.278545312,3433
0.278552257,3432
0.278566157,3431
0.278569404,3430
0.278578436,3429
0.278583119,3428
0.278589759,3427
0.278602479,3426
0.278616983,3425
0.2786291,3424
0.278694664,3423
0.278711915,3422
0.278717975,3421
0.278763024,3420
0.278772161,3419
0.278809762,3418
0.27881339,3417
0.278818525,3416
0.278822561,3415
0.278826825,3414
0.27884202,3413
0.278846367,3412
0.278858388,3411
0.278864764,3410
0.278868869,3409
0.278875207,3408
0.278881855,3407
0.278895798,3406
0.278899709,3405
0.278902699,3404
0.278907307,3403
0.278910627,3402
0.27891612,3401
0.278923848,3400
0.27892822,3399
0.278939835,3398
0.278947133,3397
0.278952451,3396
0.278961184,3395
0.27896875,3394
0.278976966,3393
0.27900404,3392
0.279017873,3391
0.279021063,3390
0.279501988,3389
0.279515421,3388
0.279535063,3387
0.279540902,3386
0.279547512,3385
0.279578693,3384
0.279582216,3383
0.27958675,3382
0.279590604,3381
0.279594587,3380
0.279599684,3379
0.279615387,3378
0.279621238,3377
0.279635713,3376
0.279641611,3375
0.279645777,3374
0.279652631,3373
0.279659777,3372
0.279680009,3371
0.279685533,3370
0.279705016,3369
0.279720626,3368
0.279734343,3367
0.279757521,3366
0.279791124,3365
0.279798005,3364
0.279808085,3363
0.279815339,3362
0.279821085,3361
0.279862806,3360
0.279876358,3359
0.279887319,3358
0.279899283,3357
0.279909867,3356
0.279930032,3355
0.279944589,3354
0.280317812,3353
0.280786249,3352
0.280819449,3351
0.280823939,3350
0.280900758,3349
0.280904069,3348
0.280915874,3347
0.280925831,3346
0.280934145,3345
0.280942643,3344
0.28098955,3343
0.280994819,3342
0.28127147,3341
0.2813199,3340
0.281352318,3339
0.281375717,3338
0.281419268,3337
0.281426328,3336
0.281472271,3335
0.281489028,3334
0.281534086,3333
0.281543314,3332
0.281552146,3331
0.28179811,3330
0.281818089,3329
0.281860228,3328
0.281868994,3327
0.281932674,3326
0.281984344,3325
0.282228466,3324
0.282233625,3323
0.282239932,3322
0.282291862,3321
0.282361136,3320
0.282565426,3319
0.282800117,3318
0.283062976,3317
0.283121479,3316
0.283221618,3315
0.283469984,3314
0.283891219,3313
0.284108775,3312
0.606041998,3311
0.627857376,3310
1.022456359,3309
1.137165751,3308
1.276862456,3307
1.451112897,3306
2.126642717,3305
2.829184955,3304
