0.215572744,6061
0.215790658,6060
0.215854508,6059
0.215899561,6058
0.215972187,6057
0.21600941,6056
0.21602574,6055
0.216031883,6054
0.216038106,6053
0.216044763,6052
0.216051881,6051
0.216058934,6050
0.216065559,6049
0.216071683,6048
0.216090019,6047
0.216128396,6046
0.216135084,6045
0.216143547,6044
0.216155446,6043
0.216168283,6042
0.216199739,6041
0.216208723,6040
0.216217987,6039
0.216228122,6038
0.216238542,6037
0.216246593,6036
0.216253412,6035
0.21626078,6034
0.216295338,6033
0.216302802,6032
0.216312742,6031
0.216322533,6030
0.216333506,6029
0.216342684,6028
0.216396776,6027
0.216409088,6026
0.21645345,6025
0.216467229,6024
0.216489117,6023
0.216522177,6022
0.216535242,6021
0.216586875,6020
0.217140625,6019
0.217547021,6018
0.218152139,6017
0.218175873,6016
0.218194365,6015
0.218239891,6014
0.218263162,6013
0.218293979,6012
0.218356367,6011
0.218374204,6010
0.218426204,6009
0.2187042,6008
0.21871757,6007
0.218725518,6006
0.218757127,6005
0.218766655,6004
0.218844371,6003
0.218893348,6002
0.218905322,6001
0.218916754,6000
0.218926793,5999
0.218934156,5998
0.218941928,5997
0.218971875,5996
0.21900194,5995
0.2190175,5994
0.219030381,5993
0.219042253,5992
0.219057249,5991
0.219068337,5990
0.219080264,5989
0.219090881,5988
0.219101056,5987
0.219112166,5986
0.21912242,5985
0.219133191,5984
0.219147793,5983
0.219156153,5982
0.219164923,5981
0.219174424,5980
0.21918239,5979
0.219190906,5978
0.219208561,5977
0.219217444,5976
0.219243466,5975
0.219256587,5974
0.21926653,5973
0.219275895,5972
0.219713902,5971
0.219725307,5970
0.221507525,5969
0.221518005,5968
0.221525511,5967
0.221560707,5966
0.221576329,5965
0.221628423,5964
0.221646422,5963
0.221655385,5962
0.221670154,5961
0.22167617,5960
0.22168852,5959
0.22169743,5958
0.221705329,5957
0.221713004,5956
0.221721779,5955
0.221728765,5954
0.221734499,5953
0.221741186,5952
0.221748013,5951
0.221879497,5950
0.222119412,5949
0.22213468,5948
0.22214503,5947
0.223513369,5946
0.223527985,5945
0.223569221,5944
0.223609927,5943
0.223618492,5942
0.223923909,5941
0.224001106,5940
0.228655389,5939
0.228671652,5938
0.228684816,5937
0.228694624,5936
0.228732234,5935
0.228757224,5934
0.228765466,5933
0.233463231,5932
0.233475465,5931
0.233515957,5930
0.233522645,5929
0.233528139,5928
0.233533105,5927
0.233537814,5926
0.233542601,5925
0.2335482,5924
0.233552812,5923
0.233558066,5922
0.23356317,5921
0.233569277,5920
0.233581733,5919
0.233594448,5918
0.233599932,5917
0.233605057,5916
0.233609657,5915
0.233624053,5914
0.233690599,5913
0.233731181,5912
0.233736906,5911
0.233742462,5910
0.233748566,5909
0.233754296,5908
0.233797046,5907
0.233838982,5906
0.233883983,5905
0.233943593,5904
0.23395027,5903
0.233956444,5902
0.233999369,5901
0.23400615,5900
0.234323248,5899
0.234378418,5898
0.234443049,5897
0.234483173,5896
0.234900171,5895
0.234923327,5894
0.234934757,5893
0.234986491,5892
0.234993595,5891
0.23500913,5890
0.23501793,5889
0.235034716,5888
0.23504635,5887
0.235051782,5886
0.235235251,5885
0.235284375,5884
0.235298981,5883
0.235309065,5882
0.235322804,5881
0.235370834,5880
0.235383273,5879
0.235394514,5878
0.235404804,5877
0.235421002,5876
0.235427734,5875
0.235433726,5874
0.235439628,5873
0.235456403,5872
0.235466609,5871
0.235472152,5870
0.235486957,5869
0.235496349,5868
0.2355047,5867
0.235513831,5866
0.235521268,5865
0.235528986,5864
0.23553619,5863
0.235543408,5862
0.235566301,5861
0.235572693,5860
0.235579957,5859
0.235586749,5858
0.235610104,5857
0.235627449,5856
0.235633986,5855
0.235640616,5854
0.235646872,5853
0.235653008,5852
0.235658731,5851
0.235665036,5850
0.23567021,5849
0.235675306,5848
0.235680049,5847
0.235687785,5846
0.23569366,5845
0.235698787,5844
0.235703889,5843
0.235837906,5842
0.235843721,5841
0.235848523,5840
0.235854287,5839
0.235860663,5838
0.235866905,5837
0.235873062,5836
0.235879732,5835
0.235886082,5834
0.235892628,5833
0.235898633,5832
0.235905066,5831
0.235910434,5830
0.235916008,5829
0.235921405,5828
0.235940175,5827
0.235946018,5826
0.235952381,5825
0.235958582,5824
0.235972322,5823
0.235982191,5822
0.236016526,5821
0.236071682,5820
0.236153669,5819
0.236160737,5818
0.2361676,5817
0.236174227,5816
0.236180862,5815
0.236187191,5814
0.236193592,5813
0.236198925,5812
0.236204666,5811
0.236213045,5810
0.236232362,5809
0.236242725,5808
0.2362563,5807
0.236344887,5806
0.236405295,5805
0.236411382,5804
0.236414662,5803
0.236418523,5802
0.236422434,5801
0.236426731,5800
0.236434309,5799
0.236438921,5798
0.236442409,5797
0.236446274,5796
0.236450217,5795
0.236454698,5794
0.236459604,5793
0.236464197,5792
0.236468507,5791
0.236472269,5790
0.236477471,5789
0.236513801,5788
0.236516949,5787
0.236520388,5786
0.236524456,5785
0.236527708,5784
0.236531027,5783
0.236534138,5782
0.236538195,5781
0.236542038,5780
0.236545207,5779
0.236548813,5778
0.236553721,5777
0.236557677,5776
0.23656466,5775
0.23656924,5774
0.236572726,5773
0.236576757,5772
0.236581021,5771
0.236585316,5770
0.236588941,5769
0.236595561,5768
0.236599431,5767
0.236602893,5766
0.236607206,5765
0.236611336,5764
0.236614863,5763
0.236618567,5762
0.236622145,5761
0.236644118,5760
0.236651687,5759
0.236655204,5758
0.236664057,5757
0.236672495,5756
0.236677036,5755
0.236682539,5754
0.236687452,5753
0.236715819,5752
0.23671977,5751
0.236723671,5750
0.236726824,5749
0.236730973,5748
0.236734042,5747
0.236745206,5746
0.236755143,5745
0.236758491,5744
0.236763848,5743
0.236768715,5742
0.23677222,5741
0.236790847,5740
0.236797818,5739
0.236922059,5738
0.236926813,5737
0.236938745,5736
0.23694738,5735
0.236982843,5734
0.236988532,5733
0.237001943,5732
0.237008212,5731
0.237014336,5730
0.237019033,5729
0.237025513,5728
0.237030422,5727
0.237042622,5726
0.237046846,5725
0.237050415,5724
0.237054389,5723
0.237058843,5722
0.237118222,5721
0.237122251,5720
0.237126467,5719
0.237129963,5718
0.237172155,5717
0.237176895,5716
0.237182175,5715
0.237188263,5714
0.237192251,5713
0.237196422,5712
0.237201081,5711
0.23720539,5710
0.237209583,5709
0.237248103,5708
0.237252083,5707
0.237261353,5706
0.237274258,5705
0.237292518,5704
0.237301491,5703
0.237308075,5702
0.237313677,5701
0.237319589,5700
0.237328589,5699
0.237337242,5698
0.237344654,5697
0.237350612,5696
0.237355628,5695
0.237360622,5694
0.237380089,5693
0.237384618,5692
0.237389664,5691
0.2373945,5690
0.237399786,5689
0.237404439,5688
0.237408097,5687
0.237412128,5686
0.23741724,5685
0.237421344,5684
0.237425911,5683
0.237429523,5682
0.237433295,5681
0.237436972,5680
0.2374412,5679
0.237478239,5678
0.237482914,5677
0.237487877,5676
0.237492499,5675
0.237495881,5674
0.237499002,5673
0.237502268,5672
0.237505511,5671
0.237508554,5670
0.23751289,5669
0.237516844,5668
0.237520005,5667
0.237523763,5666
0.23752695,5665
0.237531299,5664
0.237534981,5663
0.237538311,5662
0.237541607,5661
0.23754476,5660
0.237548086,5659
0.237551915,5658
0.237555444,5657
0.237560109,5656
0.237563577,5655
0.237566812,5654
0.237570768,5653
0.237580556,5652
0.237589439,5651
0.237595034,5650
0.237598816,5649
0.237602027,5648
0.237610508,5647
0.237614439,5646
0.237618595,5645
0.237621953,5644
0.237625082,5643
0.237628396,5642
0.237632293,5641
0.237635733,5640
0.237726178,5639
0.237730959,5638
0.237735029,5637
0.237739736,5636
0.237744112,5635
0.237748271,5634
0.237757578,5633
0.237765243,5632
0.237782899,5631
0.237829384,5630
0.237841421,5629
0.237860491,5628
0.237901392,5627
0.237912817,5626
0.237916686,5625
0.237920242,5624
0.237923725,5623
0.237928237,5622
0.237932638,5621
0.237935824,5620
0.237940173,5619
0.237944432,5618
0.237948911,5617
0.23795218,5616
0.237955218,5615
0.237961166,5614
0.237966981,5613
0.237970198,5612
0.237973351,5611
0.237975913,5610
0.237978414,5609
0.237981015,5608
0.237983404,5607
0.237985711,5606
0.237988341,5605
0.237992947,5604
0.23799685,5603
0.238000812,5602
0.238003169,5601
0.23800551,5600
0.238008206,5599
0.238010289,5598
0.238014019,5597
0.238028246,5596
0.238031623,5595
0.238034509,5594
0.238037698,5593
0.238041526,5592
0.238045146,5591
0.238050123,5590
0.238053586,5589
0.238057999,5588
0.238096732,5587
0.238101115,5586
0.238110038,5585
0.238126843,5584
0.238130754,5583
0.238134566,5582
0.238137689,5581
0.238141449,5580
0.238145028,5579
0.238148248,5578
0.23815059,5577
0.238153103,5576
0.238155775,5575
0.238158368,5574
0.238161167,5573
0.238163672,5572
0.23816605,5571
0.238168589,5570
0.238170781,5569
0.238173658,5568
0.238176055,5567
0.238178642,5566
0.238181154,5565
0.238187761,5564
0.238191628,5563
0.238196677,5562
0.238201785,5561
0.238205593,5560
0.238208905,5559
0.238213828,5558
0.238217546,5557
0.238220976,5556
0.23822433,5555
0.238228119,5554
0.238231383,5553
0.23823595,5552
0.238240265,5551
0.238244548,5550
0.238253652,5549
0.23825766,5548
0.238261714,5547
0.2382652,5546
0.23826882,5545
0.238272375,5544
0.238276399,5543
0.238280328,5542
0.238283833,5541
0.238288695,5540
0.238293567,5539
0.238330081,5538
0.238333802,5537
0.238337506,5536
0.238341375,5535
0.238345012,5534
0.238348347,5533
0.238351445,5532
0.238355051,5531
0.238358731,5530
0.238362398,5529
0.238366247,5528
0.238370662,5527
0.238374091,5526
0.238378884,5525
0.238383195,5524
0.238387626,5523
0.238391587,5522
0.238396089,5521
0.238400797,5520
0.238405512,5519
0.238410194,5518
0.238413911,5517
0.238419131,5516
0.238423415,5515
0.238427473,5514
0.238431608,5513
0.238435748,5512
0.238439228,5511
0.238442714,5510
0.238446854,5509
0.238451149,5508
0.238455949,5507
0.238462165,5506
0.238467467,5505
0.238472262,5504
0.238477196,5503
0.238481885,5502
0.238486872,5501
0.238585388,5500
0.238590588,5499
0.238595599,5498
0.238600278,5497
0.238604131,5496
0.238607916,5495
0.238612445,5494
0.238616999,5493
0.238621284,5492
0.238625025,5491
0.238645155,5490
0.238649585,5489
0.238665639,5488
0.238669873,5487
0.238677713,5486
0.238702397,5485
0.23871896,5484
0.238726861,5483
0.238736881,5482
0.23874771,5481
0.238750979,5480
0.23875493,5479
0.238758544,5478
0.238762328,5477
0.238765748,5476
0.238769292,5475
0.238772459,5474
0.238775222,5473
0.238778283,5472
0.238781837,5471
0.238784902,5470
0.238787864,5469
0.238790887,5468
0.238794472,5467
0.2387976,5466
0.238800901,5465
0.238818217,5464
0.238822269,5463
0.238830273,5462
0.238835413,5461
0.238839315,5460
0.238842948,5459
0.238847155,5458
0.238852108,5457
0.238864053,5456
0.238867979,5455
0.238903471,5454
0.238908038,5453
0.238911974,5452
0.238916019,5451
0.238919903,5450
0.238953451,5449
0.23895784,5448
0.238968302,5447
0.238973603,5446
0.238978408,5445
0.238982749,5444
0.238987016,5443
0.238990935,5442
0.238995095,5441
0.238999537,5440
0.239003175,5439
0.239006366,5438
0.239009523,5437
0.239012853,5436
0.239016597,5435
0.239020584,5434
0.239024634,5433
0.239028348,5432
0.239039061,5431
0.239042831,5430
0.239045893,5429
0.239049491,5428
0.239052635,5427
0.239055596,5426
0.239058828,5425
0.239062187,5424
0.239065455,5423
0.239068267,5422
0.239071709,5421
0.239075125,5420
0.239086834,5419
0.239099459,5418
0.239108461,5417
0.239115121,5416
0.239120001,5415
0.239123795,5414
0.23912796,5413
0.23913174,5412
0.23913515,5411
0.23913802,5410
0.23914081,5409
0.239143785,5408
0.239146526,5407
0.23914897,5406
0.239151449,5405
0.23915488,5404
0.239157729,5403
0.239160263,5402
0.239162703,5401
0.23916575,5400
0.239168262,5399
0.239170484,5398
0.239174076,5397
0.23917708,5396
0.239179369,5395
0.239183901,5394
0.239188116,5393
0.239192421,5392
0.239198229,5391
0.239201643,5390
0.239204138,5389
0.239206676,5388
0.239210428,5387
0.239213946,5386
0.239217523,5385
0.239221303,5384
0.239225453,5383
0.239228898,5382
0.23923251,5381
0.239236428,5380
0.239239992,5379
0.23925354,5378
0.239257734,5377
0.239261894,5376
0.239266179,5375
0.239270486,5374
0.239274566,5373
0.239279316,5372
0.239288475,5371
0.239293166,5370
0.239296656,5369
0.239300101,5368
0.239304055,5367
0.239307338,5366
0.239310204,5365
0.239330263,5364
0.239334743,5363
0.239338597,5362
0.239342447,5361
0.239345857,5360
0.2393503,5359
0.239353728,5358
0.23935753,5357
0.239361219,5356
0.239364927,5355
0.239368871,5354
0.239372808,5353
0.239391103,5352
0.239395541,5351
0.239400895,5350
0.239406289,5349
0.239410553,5348
0.239415169,5347
0.23941925,5346
0.239423197,5345
0.239428592,5344
0.239432209,5343
0.239436138,5342
0.239440287,5341
0.239445916,5340
0.239450446,5339
0.239454391,5338
0.239458531,5337
0.239462326,5336
0.23950607,5335
0.239512941,5334
0.239521898,5333
0.23952993,5332
0.239533614,5331
0.239536744,5330
0.239595612,5329
0.239646538,5328
0.23969179,5327
0.239742371,5326
0.23978949,5325
0.239822277,5324
0.239846301,5323
0.239881028,5322
0.239887325,5321
0.239897793,5320
0.239907769,5319
0.239912324,5318
0.239916558,5317
0.239924069,5316
0.239929281,5315
0.239942651,5314
0.239948005,5313
0.239951475,5312
0.239954811,5311
0.239958137,5310
0.23996164,5309
0.239965348,5308
0.239968404,5307
0.240005906,5306
0.240008924,5305
0.240046641,5304
0.240052011,5303
0.240056505,5302
0.240061824,5301
0.240065711,5300
0.240068919,5299
0.240071824,5298
0.240075164,5297
0.240077956,5296
0.240082681,5295
0.240087096,5294
0.240091108,5293
0.240094727,5292
0.240098622,5291
0.240102187,5290
0.240105273,5289
0.240108948,5288
0.240113428,5287
0.240116645,5286
0.240119916,5285
0.240122818,5284
0.240126151,5283
0.24012944,5282
0.240132706,5281
0.240135765,5280
0.240139146,5279
0.240142781,5278
0.24014599,5277
0.240149432,5276
0.240155056,5275
0.240171294,5274
0.240185811,5273
0.240241345,5272
0.240246288,5271
0.240249732,5270
0.240253628,5269
0.240257618,5268
0.240261699,5267
0.240265318,5266
0.240269157,5265
0.240273279,5264
0.240277406,5263
0.240280941,5262
0.240284505,5261
0.240287785,5260
0.240291872,5259
0.240295441,5258
0.240302282,5257
0.240307206,5256
0.240311159,5255
0.24031526,5254
0.240318677,5253
0.240321917,5252
0.240326283,5251
0.240329877,5250
0.240333512,5249
0.240336802,5248
0.240339961,5247
0.240343239,5246
0.240348144,5245
0.24035143,5244
0.240355903,5243
0.240359954,5242
0.240363076,5241
0.240365905,5240
0.240368633,5239
0.24037173,5238
0.240375048,5237
0.240377908,5236
0.240381162,5235
0.240384413,5234
0.240393501,5233
0.240397226,5232
0.24040857,5231
0.240442255,5230
0.240446527,5229
0.24045007,5228
0.240454203,5227
0.240482315,5226
0.240486626,5225
0.240491021,5224
0.240495081,5223
0.240499077,5222
0.240502606,5221
0.240506613,5220
0.240510505,5219
0.24051379,5218
0.240518378,5217
0.240522447,5216
0.240584428,5215
0.240588669,5214
0.240592741,5213
0.240595861,5212
0.2405996,5211
0.240608386,5210
0.240613147,5209
0.24061722,5208
0.240620629,5207
0.240624441,5206
0.240628041,5205
0.240631486,5204
0.240635303,5203
0.240638932,5202
0.240642328,5201
0.24064717,5200
0.240652111,5199
0.240658207,5198
0.240668038,5197
0.240760829,5196
0.240768993,5195
0.240773579,5194
0.240778178,5193
0.240816157,5192
0.240819938,5191
0.240823745,5190
0.242965735,5189
0.242971473,5188
0.242978019,5187
0.242982542,5186
0.242986262,5185
0.242992097,5184
0.242996005,5183
0.242999955,5182
0.243003501,5181
0.243007099,5180
0.243011037,5179
0.243014785,5178
0.243017761,5177
0.243021482,5176
0.243025308,5175
0.243028851,5174
0.243033579,5173
0.243038343,5172
0.243041669,5171
0.243045129,5170
0.243048947,5169
0.243052475,5168
0.243056576,5167
0.243060434,5166
0.243063934,5165
0.243067582,5164
0.24307137,5163
0.24307532,5162
0.243079128,5161
0.243082314,5160
0.243086187,5159
0.243091048,5158
0.243095615,5157
0.243101526,5156
0.243111007,5155
0.243114677,5154
0.243119027,5153
0.243122717,5152
0.243127316,5151
0.243131133,5150
0.243134695,5149
0.243140095,5148
0.243143425,5147
0.24314683,5146
0.243150455,5145
0.243425036,5144
0.243432982,5143
0.243437835,5142
0.243491147,5141
0.2434959,5140
0.24350091,5139
0.243505103,5138
0.24350889,5137
0.243512965,5136
0.243517005,5135
0.24352107,5134
0.243525265,5133
0.243529435,5132
0.243589736,5131
0.243594331,5130
0.243598282,5129
0.243602199,5128
0.243608346,5127
0.243614401,5126
0.24361804,5125
0.24362125,5124
0.243624412,5123
0.243636945,5122
0.243640882,5121
0.243645193,5120
0.243649943,5119
0.243658379,5118
0.24366306,5117
0.243667386,5116
0.24367236,5115
0.243678295,5114
0.243682166,5113
0.243685676,5112
0.243689381,5111
0.243693071,5110
0.243697761,5109
0.243702251,5108
0.243705637,5107
0.243709292,5106
0.243713713,5105
0.243717126,5104
0.243720505,5103
0.243727265,5102
0.243758196,5101
0.24376255,5100
0.24376639,5099
0.243771692,5098
0.243775443,5097
0.24377886,5096
0.24378289,5095
0.243786989,5094
0.243791379,5093
0.243795295,5092
0.243799363,5091
0.243803789,5090
0.243808214,5089
0.243811908,5088
0.243816073,5087
0.243820355,5086
0.243825861,5085
0.243830331,5084
0.243834451,5083
0.243838775,5082
0.243842825,5081
0.243847056,5080
0.243850843,5079
0.24385593,5078
0.243900208,5077
0.243919213,5076
0.243937162,5075
0.243951517,5074
0.243961568,5073
0.243967207,5072
0.243995753,5071
0.244001965,5070
0.244005991,5069
0.244010169,5068
0.244013983,5067
0.244021912,5066
0.244037253,5065
0.244041888,5064
0.244044907,5063
0.244048064,5062
0.244050976,5061
0.244053999,5060
0.244057335,5059
0.244060803,5058
0.244063998,5057
0.244067476,5056
0.244071628,5055
0.24407531,5054
0.24407926,5053
0.244083195,5052
0.244086817,5051
0.244091799,5050
0.244095379,5049
0.244098939,5048
0.244102779,5047
0.244106344,5046
0.244109905,5045
0.244113997,5044
0.244117071,5043
0.244121753,5042
0.244125868,5041
0.244142492,5040
0.244148732,5039
0.24415335,5038
0.244156548,5037
0.244159718,5036
0.244181351,5035
0.244184461,5034
0.244187884,5033
0.244191071,5032
0.244195388,5031
0.244198151,5030
0.244201025,5029
0.244203637,5028
0.244206274,5027
0.244213519,5026
0.244216569,5025
0.244220131,5024
0.244223059,5023
0.244225979,5022
0.244229668,5021
0.244232274,5020
0.244236338,5019
0.244239107,5018
0.244242805,5017
0.24424555,5016
0.244248075,5015
0.244251063,5014
0.244253935,5013
0.244258699,5012
0.244263267,5011
0.244266794,5010
0.244269943,5009
0.244272829,5008
0.244275699,5007
0.244278817,5006
0.244281328,5005
0.244284282,5004
0.244286844,5003
0.244289574,5002
0.244294391,5001
0.244300561,5000
0.24430389,4999
0.244308441,4998
0.244311765,4997
0.244314894,4996
0.244319279,4995
0.244322362,4994
0.244325488,4993
0.244328888,4992
0.244332571,4991
0.244336807,4990
0.244340377,4989
0.244344651,4988
0.244348128,4987
0.244351906,4986
0.244356858,4985
0.244360554,4984
0.244365963,4983
0.244369688,4982
0.244372806,4981
0.244379157,4980
0.244383066,4979
0.244386958,4978
0.24439103,4977
0.244395172,4976
0.244399079,4975
0.244402625,4974
0.244406595,4973
0.24441043,4972
0.244414357,4971
0.24441784,4970
0.244422056,4969
0.244426881,4968
0.244430623,4967
0.244434745,4966
0.244439189,4965
0.244444939,4964
0.244463575,4963
0.244481921,4962
0.244593322,4961
0.244625905,4960
0.244641912,4959
0.244654407,4958
0.244702576,4957
0.24470731,4956
0.244711872,4955
0.244715622,4954
0.244718983,4953
0.244722145,4952
0.244726552,4951
0.244729926,4950
0.244734084,4949
0.244737409,4948
0.244741098,4947
0.244744906,4946
0.244749107,4945
0.244754001,4944
0.244757766,4943
0.244762185,4942
0.244766225,4941
0.244769756,4940
0.24477445,4939
0.244777809,4938
0.244781055,4937
0.244784833,4936
0.24478834,4935
0.244791688,4934
0.244795861,4933
0.244799538,4932
0.244803178,4931
0.244807041,4930
0.244810814,4929
0.244814742,4928
0.244820962,4927
0.244825272,4926
0.244830473,4925
0.244835179,4924
0.244840553,4923
0.244844343,4922
0.244848498,4921
0.244853282,4920
0.244859669,4919
0.244863559,4918
0.244869201,4917
0.244873715,4916
0.244878486,4915
0.244882131,4914
0.244885487,4913
0.244889375,4912
0.244892913,4911
0.244897395,4910
0.244901275,4909
0.244906339,4908
0.244909569,4907
0.244912851,4906
0.244916485,4905
0.244919927,4904
0.244924715,4903
0.244932568,4902
0.244936108,4901
0.244939764,4900
0.244943343,4899
0.244947051,4898
0.244950216,4897
0.244957476,4896
0.244963143,4895
0.244967969,4894
0.244972263,4893
0.244975922,4892
0.244981184,4891
0.244985725,4890
0.244989364,4889
0.244996664,4888
0.245001939,4887
0.245006445,4886
0.245011053,4885
0.245015572,4884
0.245019316,4883
0.245023391,4882
0.245027359,4881
0.24503094,4880
0.245034684,4879
0.245038459,4878
0.245041936,4877
0.245047169,4876
0.245050957,4875
0.245054751,4874
0.245058263,4873
0.245065676,4872
0.245069696,4871
0.245074261,4870
0.245078513,4869
0.245084457,4868
0.245090103,4867
0.245094179,4866
0.245098283,4865
0.245108513,4864
0.245112894,4863
0.245118799,4862
0.245122964,4861
0.245164157,4860
0.245171376,4859
0.24518714,4858
0.245227982,4857
0.245242352,4856
0.245252395,4855
0.245258113,4854
0.245262472,4853
0.245266306,4852
0.245270603,4851
0.245275176,4850
0.245280941,4849
0.245289234,4848
0.245305999,4847
0.245312669,4846
0.245319016,4845
0.245324855,4844
0.245331527,4843
0.24533519,4842
0.245339356,4841
0.245342961,4840
0.245353014,4839
0.245357482,4838
0.245361411,4837
0.245365014,4836
0.245368361,4835
0.245372935,4834
0.245376126,4833
0.245380925,4832
0.245385509,4831
0.245388763,4830
0.245391962,4829
0.245396447,4828
0.245399917,4827
0.245403394,4826
0.24540732,4825
0.245410966,4824
0.245415306,4823
0.245420704,4822
0.245424628,4821
0.245441974,4820
0.245446252,4819
0.245450006,4818
0.245453985,4817
0.245458052,4816
0.245461302,4815
0.245464623,4814
0.245467843,4813
0.245478599,4812
0.245485077,4811
0.245489874,4810
0.245495734,4809
0.245500017,4808
0.245505753,4807
0.245520681,4806
0.245524722,4805
0.245528486,4804
0.245531758,4803
0.245535087,4802
0.245539929,4801
0.245551676,4800
0.24555685,4799
0.245561301,4798
0.245565447,4797
0.245569604,4796
0.245573556,4795
0.245578005,4794
0.245582447,4793
0.245586268,4792
0.245591247,4791
0.245594179,4790
0.245597257,4789
0.24560146,4788
0.2456049,4787
0.245608359,4786
0.245611695,4785
0.245614678,4784
0.245619037,4783
0.245622082,4782
0.245625879,4781
0.245628534,4780
0.245631525,4779
0.245634408,4778
0.245637212,4777
0.245639976,4776
0.245642545,4775
0.245645228,4774
0.245647674,4773
0.245650813,4772
0.245653542,4771
0.245656227,4770
0.245658925,4769
0.24566152,4768
0.245666794,4767
0.245712944,4766
0.245718133,4765
0.245764131,4764
0.245767403,4763
0.245781654,4762
0.245785507,4761
0.245789749,4760
0.245793661,4759
0.245798041,4758
0.245801413,4757
0.245805618,4756
0.245809086,4755
0.24581336,4754
0.245820454,4753
0.245828384,4752
0.245832923,4751
0.245837412,4750
0.24584078,4749
0.24584441,4748
0.245847227,4747
0.245850387,4746
0.245854291,4745
0.245871323,4744
0.245875551,4743
0.245878717,4742
0.245882985,4741
0.245887014,4740
0.245892075,4739
0.245895381,4738
0.245900051,4737
0.245905443,4736
0.245910363,4735
0.245954299,4734
0.245958168,4733
0.245968059,4732
0.245972347,4731
0.245985438,4730
0.24598881,4729
0.2459954,4728
0.246001221,4727
0.246005243,4726
0.246010634,4725
0.246013764,4724
0.246017558,4723
0.246021686,4722
0.246025055,4721
0.246028164,4720
0.24603167,4719
0.246035648,4718
0.246038399,4717
0.24604102,4716
0.246043644,4715
0.246047471,4714
0.246050755,4713
0.246053343,4712
0.246056349,4711
0.246060226,4710
0.246063594,4709
0.24606677,4708
0.246070997,4707
0.246075057,4706
0.246078204,4705
0.24609372,4704
0.246099464,4703
0.246103745,4702
0.246108233,4701
0.246112283,4700
0.246123114,4699
0.246127089,4698
0.246131096,4697
0.246135267,4696
0.246138921,4695
0.246143585,4694
0.24614719,4693
0.24615061,4692
0.246155997,4691
0.246159555,4690
0.246163315,4689
0.24616777,4688
0.246174805,4687
0.24617929,4686
0.246183611,4685
0.246190576,4684
0.246194873,4683
0.246199214,4682
0.246204684,4681
0.246208728,4680
0.246214039,4679
0.24621805,4678
0.24622235,4677
0.246226603,4676
0.246230336,4675
0.246234116,4674
0.246239765,4673
0.246243635,4672
0.2462477,4671
0.24625169,4670
0.246257154,4669
0.246260875,4668
0.246264566,4667
0.246268639,4666
0.246272463,4665
0.246276039,4664
0.246280021,4663
0.246285185,4662
0.246289225,4661
0.24629274,4660
0.246296435,4659
0.246299771,4658
0.246321757,4657
0.246354541,4656
0.246362119,4655
0.246371545,4654
0.246382571,4653
0.24643079,4652
0.246434885,4651
0.246438969,4650
0.246445591,4649
0.246448979,4648
0.246451921,4647
0.246457365,4646
0.246462645,4645
0.246497668,4644
0.246502531,4643
0.246513841,4642
0.246519096,4641
0.246523425,4640
0.246563906,4639
0.246583862,4638
0.246603372,4637
0.246608402,4636
0.246611366,4635
0.246614146,4634
0.246616838,4633
0.246620581,4632
0.24662303,4631
0.246625278,4630
0.24662971,4629
0.246634327,4628
0.246639153,4627
0.246643076,4626
0.24664679,4625
0.246649647,4624
0.246653039,4623
0.246656367,4622
0.24665954,4621
0.246662992,4620
0.246665983,4619
0.246669506,4618
0.246673563,4617
0.246676419,4616
0.246679259,4615
0.246682194,4614
0.246684871,4613
0.246688155,4612
0.246691644,4611
0.246694406,4610
0.246697814,4609
0.246700625,4608
0.246704218,4607
0.246708566,4606
0.246711761,4605
0.246714991,4604
0.246725053,4603
0.246729488,4602
0.246732687,4601
0.246736327,4600
0.246739947,4599
0.24674347,4598
0.246746955,4597
0.246750516,4596
0.246754057,4595
0.246757679,4594
0.246761023,4593
0.246764996,4592
0.246769833,4591
0.246778205,4590
0.246782169,4589
0.246786588,4588
0.246791983,4587
0.24679659,4586
0.246800779,4585
0.246810056,4584
0.246818875,4583
0.246823259,4582
0.246827567,4581
0.246833514,4580
0.246838247,4579
0.246851253,4578
0.246855543,4577
0.246861204,4576
0.246865518,4575
0.246870921,4574
0.24687497,4573
0.246878476,4572
0.246882019,4571
0.246885919,4570
0.246890053,4569
0.24689333,4568
0.246896613,4567
0.246900156,4566
0.246905278,4565
0.246909342,4564
0.246916262,4563
0.246920007,4562
0.246924351,4561
0.246933383,4560
0.246938364,4559
0.246942684,4558
0.246946166,4557
0.246950078,4556
0.246953531,4555
0.246958961,4554
0.246964389,4553
0.246968113,4552
0.246973352,4551
0.24697728,4550
0.246982221,4549
0.246988113,4548
0.246992654,4547
0.247026456,4546
0.247032025,4545
0.247036385,4544
0.247040793,4543
0.247061542,4542
0.247077395,4541
0.247088264,4540
0.247094481,4539
0.247113891,4538
0.247125372,4537
0.247135284,4536
0.247138942,4535
0.247143362,4534
0.247148811,4533
0.247158004,4532
0.247167221,4531
0.247173547,4530
0.247177865,4529
0.247182571,4528
0.247191628,4527
0.247197705,4526
0.247202103,4525
0.247206285,4524
0.247210706,4523
0.247214727,4522
0.247220675,4521
0.247224732,4520
0.247228611,4519
0.24723212,4518
0.24723533,4517
0.247239159,4516
0.247243113,4515
0.247246448,4514
0.247250098,4513
0.247253226,4512
0.247264377,4511
0.247270056,4510
0.247273098,4509
0.247276236,4508
0.247279477,4507
0.247283167,4506
0.247286131,4505
0.247289128,4504
0.247292653,4503
0.247297385,4502
0.247301602,4501
0.247305341,4500
0.24730894,4499
0.247312134,4498
0.247316812,4497
0.247320071,4496
0.247323525,4495
0.247327213,4494
0.247330431,4493
0.247333576,4492
0.247338634,4491
0.247343077,4490
0.247347223,4489
0.247350983,4488
0.247355492,4487
0.247359482,4486
0.247362824,4485
0.247365931,4484
0.247369536,4483
0.247372423,4482
0.247375717,4481
0.24737994,4480
0.24738924,4479
0.247396194,4478
0.247401646,4477
0.247406184,4476
0.247410749,4475
0.247415452,4474
0.247422193,4473
0.247427815,4472
0.247432694,4471
0.247444596,4470
0.247450267,4469
0.247462451,4468
0.247467225,4467
0.247471579,4466
0.247476104,4465
0.247481583,4464
0.247484831,4463
0.247487945,4462
0.247491306,4461
0.247494614,4460
0.247498116,4459
0.247501843,4458
0.24750749,4457
0.247512619,4456
0.247516175,4455
0.247529896,4454
0.247535372,4453
0.247539272,4452
0.247544408,4451
0.247548428,4450
0.247551596,4449
0.247557592,4448
0.247561762,4447
0.247565625,4446
0.247605206,4445
0.247625457,4444
0.2476393,4443
0.247644153,4442
0.247647702,4441
0.247666301,4440
0.247670697,4439
0.247674912,4438
0.247679645,4437
0.247683629,4436
0.247695575,4435
0.247708629,4434
0.247712914,4433
0.247715909,4432
0.247718793,4431
0.247722313,4430
0.247725908,4429
0.247730268,4428
0.247734972,4427
0.247737982,4426
0.247743217,4425
0.247745853,4424
0.247748573,4423
0.247752275,4422
0.247755445,4421
0.247759555,4420
0.247763361,4419
0.247766714,4418
0.247771396,4417
0.247774512,4416
0.247778421,4415
0.247781472,4414
0.247784928,4413
0.247789048,4412
0.247794051,4411
0.247799118,4410
0.247802967,4409
0.247806944,4408
0.247811263,4407
0.247824258,4406
0.24782909,4405
0.247835105,4404
0.247840774,4403
0.247844991,4402
0.247850181,4401
0.247852926,4400
0.247856385,4399
0.247860434,4398
0.247864657,4397
0.247868552,4396
0.247872373,4395
0.24787608,4394
0.247879591,4393
0.247884258,4392
0.247886578,4391
0.247890598,4390
0.247893855,4389
0.24789647,4388
0.247900818,4387
0.247904195,4386
0.24790841,4385
0.247911733,4384
0.247915887,4383
0.24792178,4382
0.24792737,4381
0.247931962,4380
0.247935394,4379
0.247938316,4378
0.247941115,4377
0.247944016,4376
0.247947091,4375
0.247951206,4374
0.247956149,4373
0.247960779,4372
0.247965128,4371
0.247967964,4370
0.24797265,4369
0.247975915,4368
0.247978498,4367
0.247982138,4366
0.247987563,4365
0.247992094,4364
0.24799589,4363
0.247999389,4362
0.248002569,4361
0.248005493,4360
0.248008808,4359
0.248015068,4358
0.248044372,4357
0.248048512,4356
0.24805166,4355
0.24805448,4354
0.248058017,4353
0.24806156,4352
0.248064416,4351
0.24806695,4350
0.248072597,4349
0.24807663,4348
0.24808014,4347
0.248083665,4346
0.248087315,4345
0.248092991,4344
0.248097425,4343
0.248101302,4342
0.248105025,4341
0.24810878,4340
0.248112252,4339
0.248115974,4338
0.248119967,4337
0.248123943,4336
0.248128307,4335
0.248132493,4334
0.248136886,4333
0.248140513,4332
0.248144927,4331
0.248149147,4330
0.248153422,4329
0.248157633,4328
0.24816416,4327
0.248168274,4326
0.248171721,4325
0.248176187,4324
0.248180977,4323
0.2481851,4322
0.24818953,4321
0.248193539,4320
0.248197129,4319
0.248201735,4318
0.248205871,4317
0.248209946,4316
0.24821374,4315
0.248218284,4314
0.248222442,4313
0.248226041,4312
0.248230155,4311
0.248234432,4310
0.248237822,4309
0.248240799,4308
0.248244115,4307
0.248247069,4306
0.248250365,4305
0.248254228,4304
0.248256983,4303
0.248259781,4302
0.248262823,4301
0.24829607,4300
0.248317334,4299
0.248337727,4298
0.248343583,4297
0.248392303,4296
0.248400643,4295
0.248406663,4294
0.248411707,4293
0.248416253,4292
0.248420759,4291
0.248424837,4290
0.248428686,4289
0.248494047,4288
0.248500507,4287
0.248504948,4286
0.248508872,4285
0.248513914,4284
0.248517524,4283
0.248523849,4282
0.248527515,4281
0.248532351,4280
0.248535094,4279
0.248538127,4278
0.248540847,4277
0.248545649,4276
0.248549867,4275
0.248553536,4274
0.248557756,4273
0.248562906,4272
0.248566329,4271
0.248569489,4270
0.248572564,4269
0.248575544,4268
0.248578522,4267
0.248583233,4266
0.248586369,4265
0.248589381,4264
0.248592547,4263
0.24859585,4262
0.248598433,4261
0.248602107,4260
0.248607122,4259
0.248610538,4258
0.248613263,4257
0.248615841,4256
0.248620207,4255
0.248623075,4254
0.248626563,4253
0.248629123,4252
0.248631886,4251
0.248634521,4250
0.248637503,4249
0.248640835,4248
0.248670476,4247
0.248674682,4246
0.248704646,4245
0.248708064,4244
0.248712126,4243
0.248715139,4242
0.248718466,4241
0.248721698,4240
0.248725973,4239
0.248729967,4238
0.248733451,4237
0.248736809,4236
0.248740259,4235
0.248744031,4234
0.248747334,4233
0.248753308,4232
0.248756595,4231
0.24875954,4230
0.248763193,4229
0.24876662,4228
0.24877059,4227
0.248774173,4226
0.248777962,4225
0.248781803,4224
0.248785405,4223
0.248792329,4222
0.248797872,4221
0.248801843,4220
0.248805521,4219
0.248810702,4218
0.248814435,4217
0.248819143,4216
0.248823245,4215
0.248827282,4214
0.248833184,4213
0.248837156,4212
0.248843174,4211
0.248847116,4210
0.248851155,4209
0.248855459,4208
0.248859649,4207
0.248863292,4206
0.248866935,4205
0.248873866,4204
0.248877631,4203
0.248881302,4202
0.248884695,4201
0.248888065,4200
0.248891321,4199
0.248896496,4198
0.2489013,4197
0.248905129,4196
0.248908742,4195
0.248912459,4194
0.248918399,4193
0.248923124,4192
0.248926684,4191
0.248930721,4190
0.248934665,4189
0.24899682,4188
0.249010095,4187
0.249015727,4186
0.249019358,4185
0.249024614,4184
0.249028469,4183
0.249033788,4182
0.249048894,4181
0.249060873,4180
0.249070775,4179
0.249079311,4178
0.249083195,4177
0.249093927,4176
0.249101107,4175
0.249106252,4174
0.249113421,4173
0.24911731,4172
0.249120328,4171
0.249123689,4170
0.24912708,4169
0.249130486,4168
0.249134142,4167
0.249137622,4166
0.249141427,4165
0.24914505,4164
0.249149174,4163
0.249225074,4162
0.249230095,4161
0.249234832,4160
0.249239553,4159
0.249248933,4158
0.249253417,4157
0.24925718,4156
0.249262985,4155
0.249271789,4154
0.249279725,4153
0.249286129,4152
0.249289937,4151
0.249292945,4150
0.249296987,4149
0.249300018,4148
0.249304784,4147
0.249340283,4146
0.249344553,4145
0.24934829,4144
0.249351941,4143
0.249354896,4142
0.249358393,4141
0.24937004,4140
0.24940782,4139
0.249412977,4138
0.249423635,4137
0.249427451,4136
0.249431233,4135
0.249434846,4134
0.249438466,4133
0.249442012,4132
0.249452276,4131
0.249456411,4130
0.249460348,4129
0.249463791,4128
0.24946871,4127
0.24947355,4126
0.24947707,4125
0.249480905,4124
0.249484504,4123
0.249488203,4122
0.249493308,4121
0.249498617,4120
0.249503937,4119
0.249509137,4118
0.249513637,4117
0.249519979,4116
0.249523831,4115
0.249527526,4114
0.249531754,4113
0.24953586,4112
0.249539599,4111
0.249543642,4110
0.2495476,4109
0.24955429,4108
0.249560266,4107
0.249563699,4106
0.249566955,4105
0.249570176,4104
0.249576105,4103
0.24958109,4102
0.249586595,4101
0.249590521,4100
0.249594426,4099
0.249598713,4098
0.249602481,4097
0.249607541,4096
0.249611161,4095
0.249614251,4094
0.249617506,4093
0.24962122,4092
0.249625104,4091
0.249629439,4090
0.249635701,4089
0.249639791,4088
0.249657285,4087
0.249661598,4086
0.249679459,4085
0.249684027,4084
0.249696816,4083
0.249714661,4082
0.249719862,4081
0.24972267,4080
0.249727024,4079
0.249730327,4078
0.24973328,4077
0.249736936,4076
0.24974196,4075
0.249747163,4074
0.249751696,4073
0.249754307,4072
0.249761386,4071
0.249765313,4070
0.249769501,4069
0.249773633,4068
0.249777626,4067
0.249781464,4066
0.24978562,4065
0.249790398,4064
0.249796298,4063
0.249801612,4062
0.249805116,4061
0.249811217,4060
0.249814622,4059
0.249819509,4058
0.249823707,4057
0.249904536,4056
0.249908346,4055
0.249914268,4054
0.249917572,4053
0.249920858,4052
0.249924163,4051
0.249927385,4050
0.249930629,4049
0.249936194,4048
0.249940769,4047
0.249944082,4046
0.249947463,4045
0.24995187,4044
0.249955014,4043
0.249959269,4042
0.249962575,4041
0.24997475,4040
0.249978982,4039
0.249984896,4038
0.249989946,4037
0.249995497,4036
0.250011743,4035
0.250014542,4034
0.250025267,4033
0.250036208,4032
0.250043604,4031
0.250047742,4030
0.250051837,4029
0.25005795,4028
0.250063305,4027
0.250066803,4026
0.250071555,4025
0.250076361,4024
0.250080668,4023
0.250083678,4022
0.250087372,4021
0.250091107,4020
0.250095836,4019
0.250099635,4018
0.250102889,4017
0.250128909,4016
0.250148904,4015
0.250152706,4014
0.250155639,4013
0.2501593,4012
0.250166055,4011
0.25017098,4010
0.250203521,4009
0.250206822,4008
0.250210064,4007
0.250215109,4006
0.250218843,4005
0.250222305,4004
0.250268544,4003
0.250272587,4002
0.250275689,4001
0.250279829,4000
0.2502854,3999
0.250288706,3998
0.250293242,3997
0.250297557,3996
0.250314367,3995
0.250319111,3994
0.250323694,3993
0.250327137,3992
0.250372116,3991
0.250377165,3990
0.250380918,3989
0.25038904,3988
0.250393567,3987
0.250397869,3986
0.250401146,3985
0.250404739,3984
0.250408536,3983
0.250411917,3982
0.250415225,3981
0.250419506,3980
0.250424728,3979
0.250429743,3978
0.250433744,3977
0.250437126,3976
0.250440575,3975
0.250443437,3974
0.250447414,3973
0.250450813,3972
0.25045378,3971
0.25045718,3970
0.250460224,3969
0.250463386,3968
0.250466494,3967
0.250470032,3966
0.250475107,3965
0.250478283,3964
0.250481856,3963
0.250485079,3962
0.250490118,3961
0.250493849,3960
0.250533024,3959
0.250537366,3958
0.250540573,3957
0.250545476,3956
0.250549308,3955
0.250554125,3954
0.250556895,3953
0.250560037,3952
0.25056448,3951
0.250567517,3950
0.25057056,3949
0.250574668,3948
0.250578009,3947
0.25058199,3946
0.250584967,3945
0.250588095,3944
0.250591994,3943
0.250599354,3942
0.250602472,3941
0.250605652,3940
0.250608505,3939
0.250613133,3938
0.250617027,3937
0.250620054,3936
0.250624272,3935
0.250627191,3934
0.250632157,3933
0.250634951,3932
0.250637563,3931
0.250641323,3930
0.250644715,3929
0.250648254,3928
0.250652075,3927
0.250661885,3926
0.25066479,3925
0.250667869,3924
0.250670873,3923
0.250674754,3922
0.250679083,3921
0.250682174,3920
0.250688959,3919
0.250696559,3918
0.250699999,3917
0.250704079,3916
0.250707187,3915
0.250713493,3914
0.250717397,3913
0.250724464,3912
0.250728337,3911
0.250731739,3910
0.250735383,3909
0.250738986,3908
0.250744667,3907
0.250747651,3906
0.250752163,3905
0.250758533,3904
0.250763522,3903
0.250767226,3902
0.250770989,3901
0.250779664,3900
0.250783986,3899
0.250787441,3898
0.25079155,3897
0.250795121,3896
0.250805922,3895
0.250811767,3894
0.250815121,3893
0.250818509,3892
0.250821399,3891
0.250826991,3890
0.25083039,3889
0.250836056,3888
0.250839267,3887
0.250844534,3886
0.250847837,3885
0.250852462,3884
0.25085582,3883
0.25086118,3882
0.250865071,3881
0.250870342,3880
0.250875766,3879
0.2508802,3878
0.250886539,3877
0.250890791,3876
0.250894212,3875
0.250897642,3874
0.250901593,3873
0.250906911,3872
0.250910166,3871
0.250913423,3870
0.250919455,3869
0.250924226,3868
0.250927363,3867
0.250930396,3866
0.25093425,3865
0.250937464,3864
0.250942322,3863
0.250946772,3862
0.250950207,3861
0.250954313,3860
0.250959071,3859
0.250962581,3858
0.250987545,3857
0.251021003,3856
0.251046168,3855
0.251103144,3854
0.251107942,3853
0.251121207,3852
0.251141996,3851
0.251146047,3850
0.251158198,3849
0.251162959,3848
0.251168384,3847
0.251172261,3846
0.251183991,3845
0.251188496,3844
0.251191882,3843
0.251617178,3842
0.251624391,3841
0.251628268,3840
0.251654282,3839
0.251658843,3838
0.251668248,3837
0.251683542,3836
0.251692968,3835
0.251702902,3834
0.251713422,3833
0.251719131,3832
0.251735685,3831
0.258048093,3830
0.258065502,3829
0.258130117,3828
0.258141476,3827
0.258146288,3826
0.258152655,3825
0.258156865,3824
0.258160757,3823
0.258175253,3822
0.258179567,3821
0.258191339,3820
0.258194417,3819
0.258200772,3818
0.2582045,3817
0.258210353,3816
0.25821701,3815
0.258221077,3814
0.25822358,3813
0.258227285,3812
0.258230453,3811
0.258236933,3810
0.258243328,3809
0.258252513,3808
0.258254859,3807
0.258257529,3806
0.25826066,3805
0.258263062,3804
0.258265977,3803
0.258269778,3802
0.258278188,3801
0.258281445,3800
0.258285002,3799
0.25828825,3798
0.258290833,3797
0.258293675,3796
0.258303544,3795
0.258309291,3794
0.258347227,3793
0.258350472,3792
0.258356393,3791
0.258363469,3790
0.258366943,3789
0.2583735,3788
0.258376882,3787
0.258380166,3786
0.258387302,3785
0.258397956,3784
0.258410672,3783
0.258414383,3782
0.258417889,3781
0.258423935,3780
0.258434584,3779
0.25844098,3778
0.258444247,3777
0.258447384,3776
0.258452878,3775
0.258456935,3774
0.258460279,3773
0.258467011,3772
0.258472438,3771
0.25847587,3770
0.258480669,3769
0.258485976,3768
0.258488992,3767
0.258491769,3766
0.258505154,3765
0.258509995,3764
0.258517454,3763
0.25854208,3762
0.259254342,3761
0.259261353,3760
0.259703454,3759
0.25971975,3758
0.259725616,3757
0.259761343,3756
0.259766405,3755
0.259771178,3754
0.259778399,3753
0.259783854,3752
0.259793106,3751
0.259797106,3750
0.259803296,3749
0.25980864,3748
0.259823109,3747
0.259836324,3746
0.25984276,3745
0.259847986,3744
0.259853432,3743
0.259858398,3742
0.259863205,3741
0.259866376,3740
0.259873684,3739
0.259876932,3738
0.25988014,3737
0.259884996,3736
0.259888088,3735
0.259892577,3734
0.259901012,3733
0.259904185,3732
0.259907601,3731
0.259911394,3730
0.259918499,3729
0.259921489,3728
0.259924879,3727
0.259928288,3726
0.259933365,3725
0.259937377,3724
0.259969778,3723
0.259972981,3722
0.259982554,3721
0.259985264,3720
0.259988434,3719
0.25999131,3718
0.259994693,3717
0.259998512,3716
0.26000702,3715
0.260121271,3714
0.260125446,3713
0.260130175,3712
0.260138086,3711
0.260142194,3710
0.260145419,3709
0.260148539,3708
0.26015257,3707
0.260157673,3706
0.260161781,3705
0.260164567,3704
0.260170012,3703
0.260174307,3702
0.260180938,3701
0.260186531,3700
0.260197207,3699
0.260201562,3698
0.2602053,3697
0.260212323,3696
0.260219234,3695
0.260232556,3694
0.260236756,3693
0.260241723,3692
0.260283963,3691
0.260291722,3690
0.260295796,3689
0.260301959,3688
0.260309988,3687
0.260317081,3686
0.260326866,3685
0.260331803,3684
0.260335922,3683
0.260344266,3682
0.260347679,3681
0.260354869,3680
0.26035818,3679
0.260361378,3678
0.260366567,3677
0.260369748,3676
0.260380127,3675
0.260388819,3674
0.260392446,3673
0.260401577,3672
0.260409224,3671
0.260413116,3670
0.260417322,3669
0.26042055,3668
0.260426965,3667
0.260434638,3666
0.26043976,3665
0.26044477,3664
0.260451605,3663
0.260455948,3662
0.260459268,3661
0.260477327,3660
0.260485291,3659
0.260488258,3658
0.2604941,3657
0.26049783,3656
0.260502208,3655
0.260549991,3654
0.260581563,3653
0.261084366,3652
0.26113591,3651
0.261141415,3650
0.261148854,3649
0.261155045,3648
0.261158325,3647
0.261161745,3646
0.261165066,3645
0.261168749,3644
0.261172963,3643
0.261186568,3642
0.261190176,3641
0.261222772,3640
0.26123532,3639
0.261240491,3638
0.261244764,3637
0.261248466,3636
0.261256618,3635
0.261262178,3634
0.261267994,3633
0.261273836,3632
0.261310713,3631
0.261318455,3630
0.261381413,3629
0.261426804,3628
0.261433029,3627
0.26148244,3626
0.26148617,3625
0.261512276,3624
0.26151622,3623
0.261555018,3622
0.261559196,3621
0.261562603,3620
0.261566283,3619
0.261570431,3618
0.261577642,3617
0.261614903,3616
0.261645045,3615
0.26165135,3614
0.261654878,3613
0.261659876,3612
0.261665353,3611
0.261668533,3610
0.261674271,3609
0.261681985,3608
0.261689733,3607
0.261695912,3606
0.261699214,3605
0.261704516,3604
0.261709923,3603
0.261714334,3602
0.261723078,3601
0.261726447,3600
0.261731561,3599
0.261737088,3598
0.261740792,3597
0.261744255,3596
0.261747848,3595
0.261753735,3594
0.261758544,3593
0.261765294,3592
0.261771967,3591
0.261874511,3590
0.261878142,3589
0.26188096,3588
0.261883528,3587
0.261887047,3586
0.261891007,3585
0.261901354,3584
0.26190453,3583
0.261911465,3582
0.26191539,3581
0.261920037,3580
0.261922695,3579
0.261926122,3578
0.261930237,3577
0.261939758,3576
0.261945799,3575
0.26195265,3574
0.261956958,3573
0.261969522,3572
0.261978779,3571
0.261981769,3570
0.261985144,3569
0.261989251,3568
0.261991709,3567
0.26200094,3566
0.262003239,3565
0.262008311,3564
0.262016864,3563
0.262021022,3562
0.262024644,3561
0.262027965,3560
0.262033696,3559
0.262037248,3558
0.262047271,3557
0.262057031,3556
0.262064776,3555
0.262070818,3554
0.262074641,3553
0.262080161,3552
0.262087189,3551
0.262091477,3550
0.262094454,3549
0.262104869,3548
0.262137805,3547
0.262143924,3546
0.262152103,3545
0.26215959,3544
0.262164782,3543
0.262168535,3542
0.262173116,3541
0.262178913,3540
0.262183711,3539
0.262191852,3538
0.262200108,3537
0.2622093,3536
0.262218888,3535
0.262222934,3534
0.262226293,3533
0.262229953,3532
0.262240011,3531
0.262246785,3530
0.262256008,3529
0.262259021,3528
0.262261985,3527
0.262264937,3526
0.262272908,3525
0.262275956,3524
0.262280517,3523
0.262286465,3522
0.262292956,3521
0.262302189,3520
0.262306739,3519
0.262318181,3518
0.262321118,3517
0.26232448,3516
0.26232994,3515
0.262332902,3514
0.262336815,3513
0.262340323,3512
0.26234374,3511
0.262352162,3510
0.262357002,3509
0.262365137,3508
0.262372373,3507
0.262379945,3506
0.262382851,3505
0.262390145,3504
0.262392969,3503
0.262398624,3502
0.263107582,3501
0.26311343,3500
0.263128334,3499
0.263148017,3498
0.263211418,3497
0.263215771,3496
0.263220973,3495
0.263224431,3494
0.26322856,3493
0.263236321,3492
0.26324186,3491
0.263248024,3490
0.263274016,3489
0.263283564,3488
0.263296277,3487
0.263299718,3486
0.263312328,3485
0.263315843,3484
0.263322356,3483
0.263332271,3482
0.263335593,3481
0.263341376,3480
0.263347698,3479
0.263362903,3478
0.263385225,3477
0.26338821,3476
0.263393216,3475
0.263411009,3474
0.263417208,3473
0.263431615,3472
0.263435879,3471
0.26343988,3470
0.263445666,3469
0.26345119,3468
0.263455359,3467
0.263459709,3466
0.263495169,3465
0.2634989,3464
0.263502704,3463
0.263512766,3462
0.263517718,3461
0.263526735,3460
0.263533977,3459
0.263542407,3458
0.263582192,3457
0.263593853,3456
0.263599414,3455
0.263607648,3454
0.263619958,3453
0.263624984,3452
0.263637356,3451
0.263648411,3450
0.263674842,3449
0.263678932,3448
0.263687503,3447
0.263691511,3446
0.263694597,3445
0.263707692,3444
0.26371143,3443
0.263716488,3442
0.263722171,3441
0.263733442,3440
0.2637396,3439
0.263743086,3438
0.263759733,3437
0.263771377,3436
0.263781029,3435
0.263788743,3434
0.263793821,3433
0.263808262,3432
0.263845227,3431
0.263850981,3430
0.263855291,3429
0.263891469,3428
0.263896402,3427
0.26390167,3426
0.263909644,3425
0.263923529,3424
0.263974051,3423
0.26398268,3422
0.263990831,3421
0.263995898,3420
0.264002411,3419
0.264009964,3418
0.264013335,3417
0.264047485,3416
0.264096307,3415
0.264105386,3414
0.26414767,3413
0.264189325,3412
0.264193611,3411
0.264229761,3410
0.26423301,3409
0.264239975,3408
0.264280619,3407
0.264288026,3406
0.264352341,3405
0.264357088,3404
0.264362284,3403
0.264379539,3402
0.264383062,3401
0.264386278,3400
0.264424418,3399
0.264431598,3398
0.264434626,3397
0.264437767,3396
0.264483462,3395
0.264493908,3394
0.264533384,3393
0.26454738,3392
0.264556632,3391
0.264559893,3390
0.265021105,3389
0.265029877,3388
0.265038614,3387
0.265041727,3386
0.265047142,3385
0.265057527,3384
0.26509241,3383
0.265105412,3382
0.265117103,3381
0.265158472,3380
0.265185449,3379
0.265193107,3378
0.265229662,3377
0.265238862,3376
0.265250748,3375
0.265258941,3374
0.265271412,3373
0.265289558,3372
0.265297356,3371
0.265309006,3370
0.265314556,3369
0.265321028,3368
0.265330704,3367
0.265355698,3366
0.26540332,3365
0.265443645,3364
0.265451571,3363
0.265487008,3362
0.265540633,3361
0.265550613,3360
0.265554173,3359
0.265603955,3358
0.265684516,3357
0.265709591,3356
0.265745383,3355
0.265748714,3354
0.266328889,3353
0.266339073,3352
0.266371119,3351
0.266398568,3350
0.266409677,3349
0.26642332,3348
0.266479304,3347
0.266491197,3346
0.266537203,3345
0.266578494,3344
0.266609782,3343
0.266627746,3342
0.266889547,3341
0.266902175,3340
0.266909219,3339
0.266911957,3338
0.266922119,3337
0.266928809,3336
0.266952371,3335
0.266987087,3334
0.266996373,3333
0.267007979,3332
0.267019503,3331
0.267238935,3330
0.267250854,3329
0.267254656,3328
0.267294292,3327
0.267308066,3326
0.267328155,3325
0.267487781,3324
0.267505803,3323
0.267543834,3322
0.267555929,3321
0.267870673,3320
0.268017903,3319
0.26830604,3318
0.268317571,3317
0.268468387,3316
0.268692625,3315
0.268698665,3314
0.268788357,3313
0.268960501,3312
