0.171065711,6061
0.171163594,6060
0.171243908,6059
0.171278398,6058
0.171358103,6057
0.171403552,6056
0.171422558,6055
0.171442192,6054
0.171448842,6053
0.171455423,6052
0.171461266,6051
0.171467511,6050
0.171473366,6049
0.171484626,6048
0.171493757,6047
0.171506523,6046
0.171518839,6045
0.171530095,6044
0.171541305,6043
0.17155409,6042
0.171565546,6041
0.171591289,6040
0.171598137,6039
0.171605051,6038
0.171611368,6037
0.17161724,6036
0.171628702,6035
0.171635805,6034
0.171642174,6033
0.171680159,6032
0.17168726,6031
0.171693763,6030
0.171700657,6029
0.171707027,6028
0.171713301,6027
0.171719929,6026
0.171726512,6025
0.17173296,6024
0.171744483,6023
0.171752152,6022
0.171759293,6021
0.171765619,6020
0.171774631,6019
0.171784504,6018
0.17179641,6017
0.17180543,6016
0.171813039,6015
0.171834232,6014
0.171842777,6013
0.171852011,6012
0.171861404,6011
0.171872029,6010
0.171880946,6009
0.171889894,6008
0.171899771,6007
0.171908623,6006
0.171918142,6005
0.171927761,6004
0.171960625,6003
0.171967815,6002
0.171974107,6001
0.171980482,6000
0.171989143,5999
0.171997826,5998
0.17202998,5997
0.172041737,5996
0.172051447,5995
0.172060504,5994
0.172070278,5993
0.172079296,5992
0.172091106,5991
0.172099113,5990
0.172113731,5989
0.172128979,5988
0.172137333,5987
0.172177735,5986
0.172185821,5985
0.172195509,5984
0.172252021,5983
0.17226026,5982
0.172268067,5981
0.172284578,5980
0.172292967,5979
0.172299127,5978
0.17233504,5977
0.172380759,5976
0.17238885,5975
0.172427013,5974
0.172465327,5973
0.172471727,5972
0.172478931,5971
0.172486191,5970
0.172539178,5969
0.172550793,5968
0.172571692,5967
0.172577777,5966
0.172607083,5965
0.172616399,5964
0.172620971,5963
0.172625511,5962
0.17262954,5961
0.172634091,5960
0.172637925,5959
0.172641758,5958
0.17264553,5957
0.172649267,5956
0.172653138,5955
0.172656696,5954
0.172660446,5953
0.172664282,5952
0.172668375,5951
0.172674066,5950
0.172681627,5949
0.172687781,5948
0.172691948,5947
0.17270421,5946
0.172708531,5945
0.172729289,5944
0.172734824,5943
0.172778251,5942
0.172783216,5941
0.172787914,5940
0.17279262,5939
0.172798965,5938
0.172841245,5937
0.172845134,5936
0.172848887,5935
0.172862062,5934
0.172867085,5933
0.172872511,5932
0.172876194,5931
0.172880359,5930
0.172884004,5929
0.17288742,5928
0.172892012,5927
0.17289624,5926
0.172900197,5925
0.172905545,5924
0.172910864,5923
0.172915035,5922
0.172919682,5921
0.172924202,5920
0.172928546,5919
0.172932484,5918
0.172936808,5917
0.17294116,5916
0.172945037,5915
0.172948859,5914
0.172952078,5913
0.172955442,5912
0.172958731,5911
0.172962439,5910
0.172965685,5909
0.172969008,5908
0.172972463,5907
0.17297572,5906
0.172979442,5905
0.172982759,5904
0.172986026,5903
0.172989852,5902
0.172993212,5901
0.172996661,5900
0.173003298,5899
0.173008741,5898
0.173014654,5897
0.173019807,5896
0.173024572,5895
0.173029394,5894
0.173035275,5893
0.173040932,5892
0.173046956,5891
0.173059322,5890
0.173095583,5889
0.173105289,5888
0.173116545,5887
0.173123488,5886
0.173129845,5885
0.173135493,5884
0.173142832,5883
0.173149365,5882
0.173156302,5881
0.173162751,5880
0.173169618,5879
0.173175602,5878
0.173180668,5877
0.173185601,5876
0.173191012,5875
0.173196892,5874
0.173202962,5873
0.173208573,5872
0.173214756,5871
0.173219986,5870
0.173229868,5869
0.175792153,5868
0.175802471,5867
0.175808536,5866
0.175814715,5865
0.175819701,5864
0.175825552,5863
0.175830937,5862
0.175835341,5861
0.175839409,5860
0.175844728,5859
0.175849062,5858
0.1758525,5857
0.17585634,5856
0.175860438,5855
0.175864161,5854
0.17586772,5853
0.17587108,5852
0.175874418,5851
0.175877768,5850
0.175881725,5849
0.175885629,5848
0.175891493,5847
0.175895426,5846
0.175899539,5845
0.175903654,5844
0.175907947,5843
0.175911845,5842
0.175915496,5841
0.175919336,5840
0.175923238,5839
0.175927177,5838
0.17593059,5837
0.17593376,5836
0.175937048,5835
0.175940722,5834
0.175943962,5833
0.175947408,5832
0.175950797,5831
0.175954113,5830
0.175961165,5829
0.175966826,5828
0.175980924,5827
0.175987075,5826
0.175994571,5825
0.175999734,5824
0.176005909,5823
0.176011957,5822
0.176046327,5821
0.176058404,5820
0.176064855,5819
0.176069556,5818
0.176073771,5817
0.176077471,5816
0.176081451,5815
0.176085317,5814
0.176089216,5813
0.176093008,5812
0.176096643,5811
0.176099953,5810
0.176103486,5809
0.176107363,5808
0.176111281,5807
0.176116666,5806
0.176120426,5805
0.17612566,5804
0.176129795,5803
0.176133969,5802
0.176137895,5801
0.176141397,5800
0.176147486,5799
0.176151971,5798
0.176155959,5797
0.176160227,5796
0.176164509,5795
0.176168567,5794
0.176172093,5793
0.17617608,5792
0.176179764,5791
0.176183111,5790
0.176186924,5789
0.176190537,5788
0.176194428,5787
0.176197848,5786
0.176201314,5785
0.176205352,5784
0.176209165,5783
0.176212718,5782
0.176216059,5781
0.176219699,5780
0.176223664,5779
0.176227737,5778
0.176231474,5777
0.176235445,5776
0.176239089,5775
0.176243228,5774
0.176247189,5773
0.17625086,5772
0.176255048,5771
0.176258864,5770
0.176262494,5769
0.176266132,5768
0.176269981,5767
0.176274317,5766
0.176280882,5765
0.176284574,5764
0.176288621,5763
0.176292007,5762
0.17633675,5761
0.176372017,5760
0.176378862,5759
0.176384507,5758
0.176389759,5757
0.176394319,5756
0.176399451,5755
0.17640426,5754
0.176408982,5753
0.176413588,5752
0.176418423,5751
0.176422815,5750
0.176427273,5749
0.176431695,5748
0.176436138,5747
0.176440387,5746
0.176446624,5745
0.176451785,5744
0.176455736,5743
0.176459875,5742
0.176470513,5741
0.176483543,5740
0.17650671,5739
0.176512438,5738
0.176516878,5737
0.176521597,5736
0.176526396,5735
0.176530263,5734
0.176534571,5733
0.176538847,5732
0.176542746,5731
0.176546909,5730
0.176551831,5729
0.176556487,5728
0.176561165,5727
0.176566202,5726
0.176570558,5725
0.176574258,5724
0.17657815,5723
0.176582675,5722
0.176587281,5721
0.176591157,5720
0.176595322,5719
0.176599108,5718
0.176602321,5717
0.176605932,5716
0.176609646,5715
0.176613224,5714
0.176616761,5713
0.176620227,5712
0.176623593,5711
0.176626809,5710
0.176630868,5709
0.176634204,5708
0.176637642,5707
0.176641205,5706
0.176645963,5705
0.176651152,5704
0.176655873,5703
0.176660882,5702
0.176666404,5701
0.176679056,5700
0.176684103,5699
0.176688815,5698
0.176697328,5697
0.176709491,5696
0.176713843,5695
0.176717718,5694
0.176738036,5693
0.176743048,5692
0.17674832,5691
0.176771901,5690
0.176775528,5689
0.176779165,5688
0.176783344,5687
0.176787064,5686
0.176791807,5685
0.17679619,5684
0.176800044,5683
0.176803795,5682
0.176808486,5681
0.176813067,5680
0.176817964,5679
0.176824679,5678
0.176829947,5677
0.176834639,5676
0.176839314,5675
0.176843593,5674
0.176847839,5673
0.176852017,5672
0.176911547,5671
0.17691851,5670
0.176942575,5669
0.176950798,5668
0.176957579,5667
0.176962921,5666
0.176967197,5665
0.176971053,5664
0.176974411,5663
0.176977497,5662
0.176980968,5661
0.176984347,5660
0.176987397,5659
0.176990615,5658
0.17699413,5657
0.176997776,5656
0.177000673,5655
0.177003828,5654
0.177007205,5653
0.177010268,5652
0.177013154,5651
0.177016626,5650
0.177019848,5649
0.177023217,5648
0.177026024,5647
0.177029062,5646
0.177032495,5645
0.17703533,5644
0.177038482,5643
0.177041639,5642
0.177045051,5641
0.177048038,5640
0.177050985,5639
0.177053827,5638
0.177057237,5637
0.177060637,5636
0.177063662,5635
0.177066701,5634
0.177069977,5633
0.17707287,5632
0.177075834,5631
0.177078926,5630
0.177081827,5629
0.177086673,5628
0.177090308,5627
0.177093744,5626
0.177096971,5625
0.177100628,5624
0.1771038,5623
0.177106941,5622
0.177116496,5621
0.177120679,5620
0.177125123,5619
0.177129258,5618
0.177133173,5617
0.17713646,5616
0.177139927,5615
0.177142828,5614
0.177146182,5613
0.177149332,5612
0.177152494,5611
0.177155736,5610
0.177158701,5609
0.177161723,5608
0.177164935,5607
0.177167999,5606
0.177170928,5605
0.177173902,5604
0.177177121,5603
0.177180294,5602
0.177183239,5601
0.177186283,5600
0.177189179,5599
0.177191977,5598
0.177194878,5597
0.177198063,5596
0.177200973,5595
0.177204035,5594
0.177207002,5593
0.177209822,5592
0.17721284,5591
0.177215971,5590
0.177220228,5589
0.17722602,5588
0.177231756,5587
0.177235655,5586
0.177239486,5585
0.177244408,5584
0.177249685,5583
0.177253709,5582
0.177257272,5581
0.177260928,5580
0.177264413,5579
0.177267714,5578
0.177270851,5577
0.177274769,5576
0.177278223,5575
0.177281705,5574
0.17728557,5573
0.177289146,5572
0.17729228,5571
0.177295865,5570
0.177299769,5569
0.177303068,5568
0.177305967,5567
0.177308787,5566
0.177312588,5565
0.177316399,5564
0.177320042,5563
0.177325751,5562
0.177330005,5561
0.177334706,5560
0.177338177,5559
0.17734222,5558
0.177346484,5557
0.177351836,5556
0.177357434,5555
0.177362282,5554
0.177366671,5553
0.177371462,5552
0.17737908,5551
0.177427117,5550
0.177478645,5549
0.177483612,5548
0.177487869,5547
0.177491539,5546
0.177495858,5545
0.177499521,5544
0.17750386,5543
0.17750809,5542
0.177512102,5541
0.177515861,5540
0.177519453,5539
0.177523721,5538
0.177527781,5537
0.177531621,5536
0.177535295,5535
0.177539023,5534
0.177542249,5533
0.177545831,5532
0.177549142,5531
0.17755249,5530
0.177555663,5529
0.177558703,5528
0.177561921,5527
0.177565014,5526
0.177568234,5525
0.177571128,5524
0.177573653,5523
0.177576306,5522
0.177579073,5521
0.177581832,5520
0.177584572,5519
0.177587149,5518
0.177589714,5517
0.17759226,5516
0.177595054,5515
0.177597507,5514
0.177600073,5513
0.177603291,5512
0.177605968,5511
0.177608835,5510
0.177611734,5509
0.177614221,5508
0.177617056,5507
0.177619941,5506
0.177622423,5505
0.177625065,5504
0.177627603,5503
0.177630118,5502
0.177632648,5501
0.177635425,5500
0.177639252,5499
0.177642511,5498
0.177645225,5497
0.177648889,5496
0.177651901,5495
0.177654988,5494
0.177658068,5493
0.177661001,5492
0.177664687,5491
0.17766797,5490
0.177672114,5489
0.177675653,5488
0.177678983,5487
0.177682171,5486
0.177685619,5485
0.177690707,5484
0.177695728,5483
0.177700564,5482
0.177704612,5481
0.1777085,5480
0.177712294,5479
0.177716111,5478
0.17771971,5477
0.177723718,5476
0.17772768,5475
0.177731309,5474
0.177734617,5473
0.177737956,5472
0.177741784,5471
0.177745461,5470
0.177748739,5469
0.177752469,5468
0.177756043,5467
0.177759379,5466
0.17776274,5465
0.177766207,5464
0.177771614,5463
0.177775435,5462
0.17777992,5461
0.177783713,5460
0.177787462,5459
0.177791105,5458
0.177795109,5457
0.17779878,5456
0.177802891,5455
0.177807006,5454
0.177810682,5453
0.177814188,5452
0.177818163,5451
0.17782217,5450
0.177826079,5449
0.177829501,5448
0.177833234,5447
0.177842667,5446
0.177847491,5445
0.177852281,5444
0.177856178,5443
0.177860302,5442
0.177863983,5441
0.177867992,5440
0.177871676,5439
0.177876121,5438
0.177880228,5437
0.177884148,5436
0.177900607,5435
0.177904747,5434
0.177910419,5433
0.177915689,5432
0.177920592,5431
0.177925408,5430
0.177929852,5429
0.177934225,5428
0.177938692,5427
0.177943046,5426
0.177947524,5425
0.177951747,5424
0.177956341,5423
0.17797614,5422
0.177981092,5421
0.177986415,5420
0.177990689,5419
0.177994476,5418
0.177998788,5417
0.178003294,5416
0.178007728,5415
0.178011785,5414
0.178016533,5413
0.178020518,5412
0.178025302,5411
0.17802911,5410
0.178032816,5409
0.178036789,5408
0.178040574,5407
0.178043997,5406
0.178047921,5405
0.178052208,5404
0.178056369,5403
0.178090271,5402
0.178094051,5401
0.178097794,5400
0.178101564,5399
0.17810526,5398
0.178108543,5397
0.178112064,5396
0.178115491,5395
0.178119362,5394
0.178123339,5393
0.178126965,5392
0.17813009,5391
0.178133211,5390
0.178136245,5389
0.178139342,5388
0.178142488,5387
0.17814584,5386
0.178148842,5385
0.178152456,5384
0.178155548,5383
0.178158463,5382
0.178161471,5381
0.178164997,5380
0.178168426,5379
0.178171777,5378
0.178175519,5377
0.178178997,5376
0.178182648,5375
0.178185969,5374
0.178189347,5373
0.178192858,5372
0.178196955,5371
0.178200562,5370
0.178204569,5369
0.178208079,5368
0.178211466,5367
0.178214671,5366
0.178217996,5365
0.178221344,5364
0.17822974,5363
0.178235229,5362
0.178238747,5361
0.178241747,5360
0.178244567,5359
0.17824783,5358
0.178251516,5357
0.178254369,5356
0.178257489,5355
0.178260831,5354
0.178263159,5353
0.178266146,5352
0.178269349,5351
0.178272178,5350
0.178274543,5349
0.178277566,5348
0.178281481,5347
0.178284321,5346
0.178286824,5345
0.178289037,5344
0.17829216,5343
0.178295012,5342
0.178297532,5341
0.178300352,5340
0.178302793,5339
0.178305316,5338
0.178307774,5337
0.178311,5336
0.17831434,5335
0.178317738,5334
0.17832162,5333
0.178324759,5332
0.178328447,5331
0.178332354,5330
0.178335941,5329
0.178340614,5328
0.178343683,5327
0.178347324,5326
0.178351621,5325
0.178355321,5324
0.178359357,5323
0.178363244,5322
0.178371414,5321
0.178375964,5320
0.178380249,5319
0.178383184,5318
0.178386221,5317
0.178388986,5316
0.178391626,5315
0.178394126,5314
0.178396862,5313
0.178399647,5312
0.17840246,5311
0.178406367,5310
0.178409192,5309
0.178411818,5308
0.178414283,5307
0.178423772,5306
0.178426659,5305
0.178430043,5304
0.178434283,5303
0.178439474,5302
0.178461283,5301
0.178466099,5300
0.178470099,5299
0.178473771,5298
0.178476681,5297
0.178480058,5296
0.178482858,5295
0.178485304,5294
0.178488231,5293
0.178492733,5292
0.178496223,5291
0.1785003,5290
0.178503783,5289
0.178506923,5288
0.178509864,5287
0.17851468,5286
0.178518249,5285
0.17852128,5284
0.178524478,5283
0.178528362,5282
0.178532034,5281
0.178536389,5280
0.178539677,5279
0.178542928,5278
0.178560961,5277
0.178564245,5276
0.178567372,5275
0.178570061,5274
0.178573842,5273
0.178576582,5272
0.178579165,5271
0.178581736,5270
0.17858441,5269
0.178587221,5268
0.178589973,5267
0.178592916,5266
0.178596506,5265
0.17859966,5264
0.178602613,5263
0.178605292,5262
0.178608184,5261
0.178610619,5260
0.178613091,5259
0.178615411,5258
0.178618074,5257
0.178620253,5256
0.178622611,5255
0.178625757,5254
0.178628395,5253
0.178630833,5252
0.178633416,5251
0.17863616,5250
0.178638426,5249
0.178640705,5248
0.178643059,5247
0.178645269,5246
0.178647881,5245
0.178650879,5244
0.178653209,5243
0.17865746,5242
0.178660449,5241
0.178663049,5240
0.178665287,5239
0.178667676,5238
0.178669807,5237
0.17867354,5236
0.178676384,5235
0.178679027,5234
0.178681601,5233
0.178683968,5232
0.178686402,5231
0.178689189,5230
0.178692595,5229
0.178695305,5228
0.178698533,5227
0.178701306,5226
0.178704574,5225
0.178707229,5224
0.178710668,5223
0.178713298,5222
0.178717663,5221
0.17872183,5220
0.178725064,5219
0.178729076,5218
0.178732845,5217
0.178735676,5216
0.178739505,5215
0.178788372,5214
0.178791458,5213
0.178795415,5212
0.178798721,5211
0.178802502,5210
0.178805468,5209
0.178809073,5208
0.178812324,5207
0.178815034,5206
0.178818198,5205
0.17882193,5204
0.178825011,5203
0.17882883,5202
0.17883157,5201
0.17883421,5200
0.178836968,5199
0.178841095,5198
0.178844218,5197
0.17884743,5196
0.178851722,5195
0.178856524,5194
0.178859776,5193
0.178864393,5192
0.178868642,5191
0.178873074,5190
0.181414055,5189
0.181418409,5188
0.181422123,5187
0.18142522,5186
0.181428754,5185
0.181431924,5184
0.181435111,5183
0.18143948,5182
0.181446038,5181
0.181449435,5180
0.181453063,5179
0.18145799,5178
0.181462401,5177
0.181466131,5176
0.181470179,5175
0.181474006,5174
0.18147738,5173
0.181480318,5172
0.181483267,5171
0.181486259,5170
0.181488958,5169
0.181491673,5168
0.181494234,5167
0.181498182,5166
0.181500752,5165
0.181505215,5164
0.181508865,5163
0.181512633,5162
0.181515748,5161
0.181518452,5160
0.181521868,5159
0.181524272,5158
0.181528655,5157
0.181531565,5156
0.181534408,5155
0.181537091,5154
0.181539865,5153
0.181542715,5152
0.181546544,5151
0.181549485,5150
0.181553157,5149
0.181555838,5148
0.181558457,5147
0.181560986,5146
0.181563846,5145
0.181567454,5144
0.181571799,5143
0.181575818,5142
0.181595369,5141
0.181599552,5140
0.181606418,5139
0.181641458,5138
0.181647338,5137
0.181652198,5136
0.18165544,5135
0.181659892,5134
0.181663445,5133
0.18166849,5132
0.181672091,5131
0.181677091,5130
0.181681823,5129
0.181684919,5128
0.181687969,5127
0.181691163,5126
0.1816945,5125
0.181697643,5124
0.181700842,5123
0.181704348,5122
0.181707374,5121
0.181710454,5120
0.181713625,5119
0.181717205,5118
0.181721145,5117
0.181724036,5116
0.181726887,5115
0.1817298,5114
0.181733016,5113
0.181736561,5112
0.181740051,5111
0.181743702,5110
0.181746708,5109
0.18175013,5108
0.181753066,5107
0.181756361,5106
0.181759505,5105
0.181763187,5104
0.181771817,5103
0.181775059,5102
0.181778501,5101
0.181782081,5100
0.18178662,5099
0.181790135,5098
0.181793235,5097
0.181796178,5096
0.18180076,5095
0.181805778,5094
0.181809447,5093
0.181813156,5092
0.181817021,5091
0.181821774,5090
0.181826162,5089
0.181831311,5088
0.181838163,5087
0.181842671,5086
0.181847035,5085
0.181850986,5084
0.181854619,5083
0.181858738,5082
0.181862224,5081
0.18186553,5080
0.181868777,5079
0.181871793,5078
0.181876632,5077
0.18187981,5076
0.181888239,5075
0.181892103,5074
0.181896076,5073
0.181900097,5072
0.181903506,5071
0.181907531,5070
0.181910897,5069
0.181914352,5068
0.181918253,5067
0.181922351,5066
0.181926471,5065
0.181930944,5064
0.181934995,5063
0.181938829,5062
0.18194271,5061
0.181947023,5060
0.18195176,5059
0.181954644,5058
0.18195785,5057
0.181960563,5056
0.181963333,5055
0.181965987,5054
0.181970058,5053
0.181974214,5052
0.181978554,5051
0.181984375,5050
0.181988485,5049
0.181992777,5048
0.181996925,5047
0.182001144,5046
0.182005521,5045
0.182009528,5044
0.182013654,5043
0.182019679,5042
0.182024236,5041
0.182027892,5040
0.182032223,5039
0.182036489,5038
0.182040825,5037
0.182045417,5036
0.18204994,5035
0.18205415,5034
0.182057651,5033
0.182061386,5032
0.1820642,5031
0.182067862,5030
0.182070864,5029
0.182073614,5028
0.182077421,5027
0.182081394,5026
0.182084145,5025
0.182087604,5024
0.182091039,5023
0.182095176,5022
0.182109645,5021
0.18211352,5020
0.182116741,5019
0.182119884,5018
0.182123855,5017
0.182126884,5016
0.182132822,5015
0.182136839,5014
0.182140216,5013
0.182145407,5012
0.182149961,5011
0.182153473,5010
0.182156636,5009
0.182162033,5008
0.18216538,5007
0.182169433,5006
0.182172559,5005
0.182175827,5004
0.182179433,5003
0.182182462,5002
0.182185531,5001
0.182189384,5000
0.18219438,4999
0.182217983,4998
0.182221648,4997
0.182226937,4996
0.1822299,4995
0.182251592,4994
0.182255287,4993
0.182258262,4992
0.182261322,4991
0.18226436,4990
0.1822673,4989
0.18227001,4988
0.182272976,4987
0.18227716,4986
0.182280534,4985
0.182283434,4984
0.182286301,4983
0.182289752,4982
0.182292618,4981
0.18229684,4980
0.1822997,4979
0.182302365,4978
0.182305011,4977
0.182307608,4976
0.182310227,4975
0.182312784,4974
0.182315589,4973
0.182318716,4972
0.182321351,4971
0.182323918,4970
0.182326538,4969
0.182328966,4968
0.182331458,4967
0.182333831,4966
0.182336311,4965
0.182338838,4964
0.182341522,4963
0.182345801,4962
0.182349529,4961
0.182352411,4960
0.182354954,4959
0.182357785,4958
0.182360663,4957
0.182363336,4956
0.18236602,4955
0.182368225,4954
0.182371468,4953
0.182374451,4952
0.182377177,4951
0.182380872,4950
0.182385778,4949
0.182389168,4948
0.182392076,4947
0.182396529,4946
0.182400156,4945
0.182403801,4944
0.182407118,4943
0.182409869,4942
0.182412509,4941
0.18241498,4940
0.182418159,4939
0.182420869,4938
0.182423655,4937
0.182426878,4936
0.182430684,4935
0.182433854,4934
0.182436723,4933
0.182439915,4932
0.182443015,4931
0.182446567,4930
0.182449502,4929
0.182453225,4928
0.182456237,4927
0.182459112,4926
0.182462299,4925
0.1824656,4924
0.182469061,4923
0.182471753,4922
0.18247475,4921
0.182477526,4920
0.182480799,4919
0.182483894,4918
0.182486982,4917
0.182490492,4916
0.18249337,4915
0.182496161,4914
0.182499487,4913
0.182502041,4912
0.182505013,4911
0.182508382,4910
0.182511138,4909
0.182513915,4908
0.182517191,4907
0.182520279,4906
0.182522919,4905
0.182525324,4904
0.182528144,4903
0.182530674,4902
0.182534131,4901
0.182536878,4900
0.182539527,4899
0.182543156,4898
0.182545762,4897
0.182549763,4896
0.182552252,4895
0.182554727,4894
0.182558448,4893
0.182561447,4892
0.182565062,4891
0.182568332,4890
0.182570937,4889
0.182575914,4888
0.182581797,4887
0.182584382,4886
0.1825874,4885
0.18259156,4884
0.182594499,4883
0.182597315,4882
0.182600024,4881
0.182602664,4880
0.182605264,4879
0.182608488,4878
0.182611139,4877
0.182613813,4876
0.182616163,4875
0.182618481,4874
0.182620941,4873
0.182623325,4872
0.182625724,4871
0.182628231,4870
0.182630885,4869
0.182633193,4868
0.182636539,4867
0.182639518,4866
0.182642224,4865
0.182646947,4864
0.182650361,4863
0.182652709,4862
0.182655308,4861
0.182658747,4860
0.182661525,4859
0.182664942,4858
0.182668151,4857
0.182672212,4856
0.182676985,4855
0.182680061,4854
0.182683326,4853
0.182686349,4852
0.182690722,4851
0.182693657,4850
0.182696412,4849
0.182700625,4848
0.182703284,4847
0.182705716,4846
0.182708218,4845
0.182712418,4844
0.182716189,4843
0.182719259,4842
0.182722797,4841
0.182725891,4840
0.182730269,4839
0.182733123,4838
0.182735907,4837
0.182739038,4836
0.182741629,4835
0.182743985,4834
0.182746132,4833
0.182748465,4832
0.182750962,4831
0.182753519,4830
0.182755726,4829
0.182758124,4828
0.182760455,4827
0.182762684,4826
0.182764963,4825
0.182767444,4824
0.182769626,4823
0.1827719,4822
0.182774113,4821
0.182776322,4820
0.182779411,4819
0.182781913,4818
0.182784859,4817
0.182788913,4816
0.182791126,4815
0.182793053,4814
0.18279541,4813
0.182798308,4812
0.182801041,4811
0.182803947,4810
0.182806641,4809
0.182809787,4808
0.18281346,4807
0.182815752,4806
0.182818212,4805
0.182821131,4804
0.182823811,4803
0.182826692,4802
0.182830716,4801
0.182837253,4800
0.182839891,4799
0.18284258,4798
0.182845124,4797
0.182848098,4796
0.182850849,4795
0.182853658,4794
0.182855987,4793
0.182859786,4792
0.182862868,4791
0.182865559,4790
0.182867988,4789
0.182870709,4788
0.182875225,4787
0.182877468,4786
0.182879693,4785
0.182881933,4784
0.182884221,4783
0.18288641,4782
0.182888585,4781
0.182890606,4780
0.182893356,4779
0.18289627,4778
0.182898554,4777
0.182901853,4776
0.182904589,4775
0.182908904,4774
0.182911407,4773
0.18291369,4772
0.182917853,4771
0.1829202,4770
0.182922563,4769
0.182925003,4768
0.182929193,4767
0.182932385,4766
0.182935683,4765
0.182938346,4764
0.182941596,4763
0.182944082,4762
0.182946903,4761
0.182950107,4760
0.182952514,4759
0.182955875,4758
0.182958484,4757
0.182960792,4756
0.18296389,4755
0.182965957,4754
0.182968393,4753
0.182971842,4752
0.182974527,4751
0.182978769,4750
0.18298228,4749
0.182984606,4748
0.182987307,4747
0.182989567,4746
0.182991794,4745
0.182995017,4744
0.182997232,4743
0.182999452,4742
0.183001532,4741
0.183003775,4740
0.183006335,4739
0.18300886,4738
0.183012317,4737
0.183014961,4736
0.183017537,4735
0.183020147,4734
0.18302285,4733
0.18302515,4732
0.183027727,4731
0.18303125,4730
0.183033969,4729
0.183036441,4728
0.183039288,4727
0.183041901,4726
0.183044646,4725
0.183046946,4724
0.183049484,4723
0.183051921,4722
0.183054425,4721
0.183056974,4720
0.183060894,4719
0.183063503,4718
0.183065822,4717
0.183068228,4716
0.183070756,4715
0.18307304,4714
0.183075519,4713
0.183079366,4712
0.183081767,4711
0.183084468,4710
0.183088365,4709
0.183090791,4708
0.183093203,4707
0.183095903,4706
0.183098448,4705
0.183102798,4704
0.183104995,4703
0.18310708,4702
0.183109505,4701
0.183111721,4700
0.183113783,4699
0.183116093,4698
0.183118212,4697
0.183120366,4696
0.183122485,4695
0.18312464,4694
0.183127809,4693
0.183129851,4692
0.183131978,4691
0.183134093,4690
0.183136221,4689
0.18313864,4688
0.183140583,4687
0.183142744,4686
0.183146386,4685
0.183149241,4684
0.183153652,4683
0.183156703,4682
0.183160663,4681
0.183164523,4680
0.183169904,4679
0.183174771,4678
0.18317816,4677
0.183181618,4676
0.183185074,4675
0.18318888,4674
0.183192301,4673
0.183195682,4672
0.183198482,4671
0.183202101,4670
0.183207316,4669
0.183211468,4668
0.183216306,4667
0.183219729,4666
0.183223353,4665
0.183228678,4664
0.183232177,4663
0.183237249,4662
0.183240759,4661
0.18324553,4660
0.18324882,4659
0.183252727,4658
0.183258657,4657
0.183263007,4656
0.183266634,4655
0.183269947,4654
0.183273311,4653
0.183276263,4652
0.183280345,4651
0.183283566,4650
0.183286636,4649
0.183289569,4648
0.183292649,4647
0.183295679,4646
0.183305015,4645
0.183308515,4644
0.183311746,4643
0.183316463,4642
0.183319167,4641
0.183328467,4640
0.183331482,4639
0.183334525,4638
0.18333776,4637
0.183340743,4636
0.183343335,4635
0.183348355,4634
0.183351019,4633
0.183356201,4632
0.18335878,4631
0.18336145,4630
0.183364085,4629
0.183367581,4628
0.183370377,4627
0.183373234,4626
0.183376111,4625
0.183379063,4624
0.183383008,4623
0.183385939,4622
0.183389036,4621
0.183392138,4620
0.183395066,4619
0.183397808,4618
0.183400388,4617
0.183402848,4616
0.183405338,4615
0.183408055,4614
0.183411233,4613
0.183414001,4612
0.183416912,4611
0.183419737,4610
0.183422651,4609
0.183425527,4608
0.183431043,4607
0.183435753,4606
0.183441713,4605
0.183444779,4604
0.1834524,4603
0.18345529,4602
0.183458214,4601
0.183461164,4600
0.183464964,4599
0.183468033,4598
0.183470513,4597
0.183473412,4596
0.183476215,4595
0.183479401,4594
0.183483224,4593
0.183487433,4592
0.183490669,4591
0.18349388,4590
0.183497878,4589
0.183500816,4588
0.183503995,4587
0.183506837,4586
0.183509789,4585
0.183512512,4584
0.183515343,4583
0.183518361,4582
0.183522636,4581
0.183528163,4580
0.183531105,4579
0.183533908,4578
0.183537701,4577
0.183540863,4576
0.183545134,4575
0.183548191,4574
0.183551247,4573
0.183554293,4572
0.18355782,4571
0.183562265,4570
0.183565971,4569
0.183569947,4568
0.183576293,4567
0.183580038,4566
0.183582683,4565
0.183586223,4564
0.183589836,4563
0.183594966,4562
0.183599015,4561
0.183602477,4560
0.183605765,4559
0.183610084,4558
0.183613879,4557
0.183617051,4556
0.183621506,4555
0.183624824,4554
0.183627702,4553
0.183630988,4552
0.183634008,4551
0.183668768,4550
0.183673228,4549
0.183678506,4548
0.183681701,4547
0.183684672,4546
0.183688559,4545
0.18369166,4544
0.18369534,4543
0.183699001,4542
0.183702059,4541
0.18370737,4540
0.183710882,4539
0.183714791,4538
0.18371768,4537
0.183721361,4536
0.183724634,4535
0.183727794,4534
0.183730683,4533
0.183733716,4532
0.183737664,4531
0.183741524,4530
0.183744621,4529
0.183748894,4528
0.183751708,4527
0.183755608,4526
0.18375876,4525
0.183763992,4524
0.183768798,4523
0.183772153,4522
0.183856462,4521
0.183860212,4520
0.183863529,4519
0.183867577,4518
0.183872046,4517
0.183875386,4516
0.183879297,4515
0.183884704,4514
0.18391706,4513
0.183919875,4512
0.18392449,4511
0.1839284,4510
0.183931377,4509
0.183935506,4508
0.183938376,4507
0.183943532,4506
0.183947375,4505
0.183950262,4504
0.18395494,4503
0.183958882,4502
0.183964193,4501
0.183968307,4500
0.183972782,4499
0.183975828,4498
0.183981137,4497
0.183985087,4496
0.183988356,4495
0.183991234,4494
0.183995065,4493
0.184000719,4492
0.184003916,4491
0.184007665,4490
0.18401082,4489
0.184014243,4488
0.184019728,4487
0.184024006,4486
0.184027001,4485
0.184030328,4484
0.184035238,4483
0.184038291,4482
0.18404137,4481
0.184044289,4480
0.184047012,4479
0.184050647,4478
0.1840538,4477
0.18405684,4476
0.184060015,4475
0.184064158,4474
0.184067945,4473
0.184071857,4472
0.184076414,4471
0.18408142,4470
0.184086061,4469
0.184090518,4468
0.184106922,4467
0.184154889,4466
0.184159133,4465
0.184162992,4464
0.184232241,4463
0.184249147,4462
0.184252361,4461
0.184255107,4460
0.184258986,4459
0.184263372,4458
0.184266107,4457
0.184269316,4456
0.184272118,4455
0.184275976,4454
0.184279641,4453
0.184282153,4452
0.184284757,4451
0.184287552,4450
0.184290189,4449
0.184292949,4448
0.184295723,4447
0.184298405,4446
0.184300945,4445
0.184304477,4444
0.184306828,4443
0.184311668,4442
0.184314545,4441
0.18431708,4440
0.184319694,4439
0.184322994,4438
0.18432562,4437
0.184328648,4436
0.184331586,4435
0.184334255,4434
0.184338339,4433
0.184342032,4432
0.184344773,4431
0.18434817,4430
0.184351061,4429
0.184353889,4428
0.184358026,4427
0.184360889,4426
0.184363427,4425
0.184365573,4424
0.184370435,4423
0.184374548,4422
0.184377191,4421
0.184379446,4420
0.184381607,4419
0.184385576,4418
0.184390803,4417
0.18439348,4416
0.184395968,4415
0.184398318,4414
0.184400922,4413
0.184403823,4412
0.184406826,4411
0.184409275,4410
0.184411733,4409
0.184414963,4408
0.18441767,4407
0.184420244,4406
0.184423324,4405
0.184426124,4404
0.184429792,4403
0.18443275,4402
0.184435481,4401
0.184438138,4400
0.184443271,4399
0.184445663,4398
0.184448483,4397
0.184451173,4396
0.184453801,4395
0.184456571,4394
0.184459219,4393
0.18446166,4392
0.184464119,4391
0.184467054,4390
0.184469875,4389
0.184477965,4388
0.184481077,4387
0.184495935,4386
0.184527392,4385
0.184617254,4384
0.184620849,4383
0.184625048,4382
0.184627999,4381
0.184630585,4380
0.184635495,4379
0.184638535,4378
0.18464239,4377
0.184644762,4376
0.18464875,4375
0.184653864,4374
0.184657257,4373
0.18466012,4372
0.184663641,4371
0.184666538,4370
0.184669533,4369
0.184672276,4368
0.184676047,4367
0.184678731,4366
0.184681483,4365
0.184684258,4364
0.184689402,4363
0.184693945,4362
0.18469798,4361
0.184701572,4360
0.184706596,4359
0.184710041,4358
0.184714954,4357
0.184718432,4356
0.18472126,4355
0.184724169,4354
0.184726956,4353
0.184730024,4352
0.184732661,4351
0.184737599,4350
0.184742418,4349
0.184745337,4348
0.184748192,4347
0.184751144,4346
0.184755404,4345
0.184758155,4344
0.184761038,4343
0.184764301,4342
0.184769778,4341
0.184775348,4340
0.184777934,4339
0.184780423,4338
0.184782969,4337
0.184785676,4336
0.184788021,4335
0.184790477,4334
0.184797524,4333
0.184803868,4332
0.184807702,4331
0.184811437,4330
0.184814941,4329
0.184818522,4328
0.18482214,4327
0.1848261,4326
0.184829346,4325
0.184832198,4324
0.184835305,4323
0.184838941,4322
0.184842431,4321
0.184844961,4320
0.184849154,4319
0.18485184,4318
0.184856335,4317
0.184860166,4316
0.184863996,4315
0.184867534,4314
0.18487121,4313
0.184881908,4312
0.184892273,4311
0.184895286,4310
0.184899316,4309
0.184902378,4308
0.184905459,4307
0.184909973,4306
0.184913551,4305
0.18491719,4304
0.184920328,4303
0.184923947,4302
0.184927588,4301
0.184930398,4300
0.184933924,4299
0.184937813,4298
0.184940684,4297
0.184943721,4296
0.184948013,4295
0.184952153,4294
0.184955881,4293
0.184958918,4292
0.184962807,4291
0.184965632,4290
0.184968142,4289
0.184971761,4288
0.18497513,4287
0.184977751,4286
0.184981397,4285
0.184984604,4284
0.184988351,4283
0.18499186,4282
0.184995231,4281
0.184998819,4280
0.185017544,4279
0.185021954,4278
0.185025096,4277
0.185028144,4276
0.185031303,4275
0.185034797,4274
0.185037651,4273
0.185050418,4272
0.185055497,4271
0.185059242,4270
0.18506271,4269
0.185065699,4268
0.185068442,4267
0.185071276,4266
0.185076383,4265
0.18507926,4264
0.185082579,4263
0.18508615,4262
0.18509072,4261
0.185093427,4260
0.185096333,4259
0.185107413,4258
0.185110548,4257
0.185113378,4256
0.185117098,4255
0.18511959,4254
0.185122777,4253
0.185126629,4252
0.185129422,4251
0.185134065,4250
0.185137654,4249
0.185140535,4248
0.18514442,4247
0.185148818,4246
0.185151642,4245
0.185154501,4244
0.185157222,4243
0.18516078,4242
0.185171832,4241
0.185175233,4240
0.185178071,4239
0.185180903,4238
0.185183944,4237
0.185187908,4236
0.185194192,4235
0.18525809,4234
0.185275155,4233
0.18527909,4232
0.185282844,4231
0.185291023,4230
0.185294991,4229
0.18529876,4228
0.185302327,4227
0.185313228,4226
0.185316469,4225
0.185319779,4224
0.185322776,4223
0.185325909,4222
0.185328779,4221
0.185333035,4220
0.185335807,4219
0.185338665,4218
0.185343151,4217
0.185347744,4216
0.185350925,4215
0.185355679,4214
0.185360903,4213
0.185364379,4212
0.185367763,4211
0.185371227,4210
0.185378115,4209
0.185381705,4208
0.185385169,4207
0.185389904,4206
0.185395745,4205
0.18540409,4204
0.185409011,4203
0.185413239,4202
0.185420546,4201
0.185425288,4200
0.185438993,4199
0.185443177,4198
0.185447399,4197
0.185455219,4196
0.18545931,4195
0.185463565,4194
0.185467528,4193
0.185473216,4192
0.185476308,4191
0.185478821,4190
0.185481255,4189
0.185483788,4188
0.185486614,4187
0.185490001,4186
0.185492653,4185
0.185496295,4184
0.185525124,4183
0.185530379,4182
0.185535215,4181
0.185540135,4180
0.185543512,4179
0.185547065,4178
0.185551672,4177
0.185555096,4176
0.185563268,4175
0.18557662,4174
0.18557993,4173
0.185583634,4172
0.185587021,4171
0.185592225,4170
0.185595785,4169
0.185599434,4168
0.185602993,4167
0.185608277,4166
0.185612312,4165
0.185618314,4164
0.185621872,4163
0.185631022,4162
0.185634909,4161
0.185638585,4160
0.185642006,4159
0.185650872,4158
0.185654875,4157
0.185658676,4156
0.18566245,4155
0.185666019,4154
0.185670341,4153
0.185673863,4152
0.185677735,4151
0.185681728,4150
0.185684888,4149
0.185689172,4148
0.185692205,4147
0.185694962,4146
0.185698703,4145
0.185701475,4144
0.185705552,4143
0.185708791,4142
0.185711534,4141
0.18571554,4140
0.185720501,4139
0.185725825,4138
0.185743152,4137
0.185745847,4136
0.185750664,4135
0.185753401,4134
0.185757148,4133
0.185760634,4132
0.185763031,4131
0.185766564,4130
0.185770824,4129
0.185774185,4128
0.185776801,4127
0.185779219,4126
0.185782424,4125
0.185787288,4124
0.185790587,4123
0.185794285,4122
0.185796854,4121
0.185799281,4120
0.185802191,4119
0.185805361,4118
0.185808728,4117
0.185814029,4116
0.185818346,4115
0.185821842,4114
0.185827094,4113
0.18582977,4112
0.185832787,4111
0.185835604,4110
0.185841064,4109
0.185844933,4108
0.185850893,4107
0.185854229,4106
0.185857177,4105
0.185860155,4104
0.185862988,4103
0.185866093,4102
0.185869694,4101
0.185872574,4100
0.185875628,4099
0.185880322,4098
0.185883183,4097
0.185886315,4096
0.18588906,4095
0.18589243,4094
0.18589717,4093
0.185903336,4092
0.185907315,4091
0.185942458,4090
0.185947747,4089
0.18595094,4088
0.185953822,4087
0.185956392,4086
0.185959155,4085
0.185961898,4084
0.185964507,4083
0.185968057,4082
0.185995926,4081
0.186014191,4080
0.186017053,4079
0.186021639,4078
0.186024458,4077
0.186027385,4076
0.186034433,4075
0.186037338,4074
0.186040144,4073
0.186042995,4072
0.186046061,4071
0.18604893,4070
0.186051701,4069
0.186054651,4068
0.186057568,4067
0.186060446,4066
0.186063269,4065
0.186067097,4064
0.186071185,4063
0.186073988,4062
0.186081423,4061
0.186085422,4060
0.186087978,4059
0.18609048,4058
0.186093471,4057
0.186096258,4056
0.186101389,4055
0.186103994,4054
0.186106334,4053
0.186108879,4052
0.186111383,4051
0.186114455,4050
0.186117359,4049
0.186120834,4048
0.18612627,4047
0.186128993,4046
0.186133012,4045
0.186137888,4044
0.186141538,4043
0.186144878,4042
0.18614755,4041
0.18615078,4040
0.186153416,4039
0.186156193,4038
0.186159662,4037
0.186163245,4036
0.186166923,4035
0.186170055,4034
0.186172839,4033
0.186175613,4032
0.186178358,4031
0.186181915,4030
0.186184997,4029
0.186187843,4028
0.186192488,4027
0.186196192,4026
0.186198699,4025
0.186202735,4024
0.186207062,4023
0.186267246,4022
0.186272698,4021
0.18627613,4020
0.186279724,4019
0.186282892,4018
0.186287082,4017
0.186295103,4016
0.186298604,4015
0.186302185,4014
0.186305875,4013
0.186311201,4012
0.186314564,4011
0.186319295,4010
0.1863227,4009
0.186326025,4008
0.186330799,4007
0.186334586,4006
0.186337961,4005
0.186341271,4004
0.186344659,4003
0.186347967,4002
0.186352636,4001
0.186356252,4000
0.18636069,3999
0.186390129,3998
0.186394114,3997
0.186398088,3996
0.186400976,3995
0.186404441,3994
0.186409721,3993
0.186413309,3992
0.186419764,3991
0.186423144,3990
0.186428051,3989
0.186431111,3988
0.186434835,3987
0.186438374,3986
0.186442039,3985
0.18644582,3984
0.186449125,3983
0.186452615,3982
0.186458032,3981
0.186461643,3980
0.186466685,3979
0.186470877,3978
0.186475742,3977
0.186480931,3976
0.18648677,3975
0.186491078,3974
0.186497134,3973
0.186509403,3972
0.186517343,3971
0.186568912,3970
0.186599401,3969
0.186603456,3968
0.186607188,3967
0.186612241,3966
0.186616015,3965
0.186619456,3964
0.186623937,3963
0.186627141,3962
0.186630418,3961
0.186633585,3960
0.186638837,3959
0.186643606,3958
0.186646761,3957
0.186651002,3956
0.186674696,3955
0.186680828,3954
0.186684692,3953
0.186688833,3952
0.186693196,3951
0.186697074,3950
0.186702517,3949
0.186709384,3948
0.186712557,3947
0.186715564,3946
0.186718234,3945
0.18672109,3944
0.186724596,3943
0.186727562,3942
0.186730811,3941
0.186735464,3940
0.186738339,3939
0.186741462,3938
0.186744863,3937
0.186747784,3936
0.186752736,3935
0.186755789,3934
0.186758736,3933
0.186763797,3932
0.186768211,3931
0.186772091,3930
0.186776317,3929
0.186779327,3928
0.186781933,3927
0.186784435,3926
0.186787847,3925
0.18679236,3924
0.186796416,3923
0.186799962,3922
0.186803425,3921
0.186808462,3920
0.186813326,3919
0.186817585,3918
0.186820651,3917
0.186823566,3916
0.186827121,3915
0.186830254,3914
0.186834469,3913
0.186838069,3912
0.186841397,3911
0.186845018,3910
0.186848198,3909
0.186851375,3908
0.186854917,3907
0.186859099,3906
0.186866186,3905
0.186872796,3904
0.186876327,3903
0.186879084,3902
0.186883187,3901
0.186886516,3900
0.186889054,3899
0.186893719,3898
0.186896747,3897
0.186899345,3896
0.186902439,3895
0.186905562,3894
0.186908297,3893
0.186911415,3892
0.186915413,3891
0.186918013,3890
0.186921741,3889
0.186924559,3888
0.186936405,3887
0.18694021,3886
0.186944195,3885
0.186948136,3884
0.186952934,3883
0.186957583,3882
0.186961518,3881
0.186966763,3880
0.186970123,3879
0.186974655,3878
0.186978618,3877
0.186990938,3876
0.1869942,3875
0.186997885,3874
0.18700264,3873
0.187006666,3872
0.187009999,3871
0.187013479,3870
0.187017048,3869
0.187020598,3868
0.18702717,3867
0.187038291,3866
0.187043727,3865
0.187046943,3864
0.187050185,3863
0.187053713,3862
0.187057138,3861
0.187060867,3860
0.187064634,3859
0.187068323,3858
0.187105274,3857
0.187109797,3856
0.187113119,3855
0.187116314,3854
0.187119882,3853
0.187128705,3852
0.187132091,3851
0.187135664,3850
0.187142175,3849
0.187145848,3848
0.18715009,3847
0.187185526,3846
0.18718852,3845
0.187193205,3844
0.187201324,3843
0.187254222,3842
0.187298319,3841
0.187337168,3840
0.187359538,3839
0.187370294,3838
0.187388495,3837
0.187400005,3836
0.187403554,3835
0.187406877,3834
0.187410497,3833
0.187414288,3832
0.187417732,3831
0.188487483,3830
0.188493676,3829
0.188503936,3828
0.188520587,3827
0.18852406,3826
0.188530386,3825
0.18853614,3824
0.188540631,3823
0.188546263,3822
0.18856012,3821
0.18856631,3820
0.188571314,3819
0.18857562,3818
0.188592339,3817
0.188596683,3816
0.188606678,3815
0.188611411,3814
0.188622112,3813
0.188628442,3812
0.188636632,3811
0.188649385,3810
0.189358131,3809
0.190141266,3808
0.190149153,3807
0.190157002,3806
0.190161907,3805
0.190166044,3804
0.190180246,3803
0.19018374,3802
0.190190904,3801
0.190205665,3800
0.190220004,3799
0.190576921,3798
0.190583071,3797
0.190588717,3796
0.190593477,3795
0.190603547,3794
0.190612132,3793
0.19061822,3792
0.190622696,3791
0.19062984,3790
0.190639824,3789
0.190645441,3788
0.190653725,3787
0.190661774,3786
0.190692659,3785
0.190699862,3784
0.190706774,3783
0.190716594,3782
0.190724033,3781
0.190730663,3780
0.190741271,3779
0.190755267,3778
0.190759604,3777
0.190763966,3776
0.190769645,3775
0.190773395,3774
0.190780621,3773
0.190784392,3772
0.190788247,3771
0.190791464,3770
0.190800577,3769
0.190803453,3768
0.190806367,3767
0.190809377,3766
0.190813421,3765
0.190820212,3764
0.190824319,3763
0.190827372,3762
0.190830675,3761
0.190837028,3760
0.190841682,3759
0.190848236,3758
0.19085606,3757
0.190859795,3756
0.190866475,3755
0.190868966,3754
0.190871926,3753
0.190875673,3752
0.190881784,3751
0.190885268,3750
0.190888729,3749
0.190893731,3748
0.190897169,3747
0.190900318,3746
0.190903671,3745
0.190907374,3744
0.190912235,3743
0.19091857,3742
0.190922715,3741
0.190929377,3740
0.190933779,3739
0.190937889,3738
0.190943628,3737
0.190950083,3736
0.190954754,3735
0.190958748,3734
0.190965662,3733
0.190971674,3732
0.190975686,3731
0.191090256,3730
0.191193586,3729
0.191198391,3728
0.191203346,3727
0.191210566,3726
0.191221102,3725
0.191225597,3724
0.191232605,3723
0.191239214,3722
0.191248076,3721
0.191251713,3720
0.191257303,3719
0.191261556,3718
0.191266391,3717
0.191272611,3716
0.191281015,3715
0.191289854,3714
0.191295199,3713
0.191313132,3712
0.19131926,3711
0.191331726,3710
0.191345954,3709
0.19135139,3708
0.191383662,3707
0.191390417,3706
0.191396231,3705
0.191427453,3704
0.19143114,3703
0.191441046,3702
0.191449142,3701
0.191454107,3700
0.191458229,3699
0.19148721,3698
0.191504913,3697
0.19155033,3696
0.191554113,3695
0.191560767,3694
0.191564617,3693
0.191570808,3692
0.191578114,3691
0.19158379,3690
0.191592395,3689
0.191597215,3688
0.191600949,3687
0.19160481,3686
0.191616397,3685
0.191624952,3684
0.191630832,3683
0.191638873,3682
0.191642333,3681
0.191645861,3680
0.191648908,3679
0.191653828,3678
0.191660904,3677
0.191670958,3676
0.191681242,3675
0.19169264,3674
0.191696022,3673
0.19169967,3672
0.191707502,3671
0.191711657,3670
0.191720325,3669
0.191725012,3668
0.19172825,3667
0.191794623,3666
0.191820898,3665
0.19182591,3664
0.191853114,3663
0.191856546,3662
0.191875317,3661
0.191879034,3660
0.191908079,3659
0.191911845,3658
0.191915484,3657
0.191920347,3656
0.191924244,3655
0.191927368,3654
0.191933221,3653
0.19193795,3652
0.191942718,3651
0.191953634,3650
0.191956792,3649
0.191989269,3648
0.191994153,3647
0.191999468,3646
0.192004428,3645
0.19201815,3644
0.192027033,3643
0.192047495,3642
0.192056821,3641
0.192074532,3640
0.192081393,3639
0.192086682,3638
0.192090767,3637
0.192099074,3636
0.192104103,3635
0.19210785,3634
0.19211344,3633
0.19212582,3632
0.192133895,3631
0.192139559,3630
0.192148119,3629
0.192152149,3628
0.19215591,3627
0.192165685,3626
0.192170069,3625
0.19217885,3624
0.192182329,3623
0.192189724,3622
0.192194436,3621
0.192199227,3620
0.192211891,3619
0.192220807,3618
0.192229154,3617
0.192233814,3616
0.192238941,3615
0.192242346,3614
0.192253153,3613
0.192258018,3612
0.1922619,3611
0.192308717,3610
0.192317122,3609
0.192325005,3608
0.192328502,3607
0.19233751,3606
0.192373845,3605
0.192377325,3604
0.192445569,3603
0.192458084,3602
0.192461776,3601
0.192465597,3600
0.192471435,3599
0.19247479,3598
0.19247973,3597
0.192487803,3596
0.192492555,3595
0.192495878,3594
0.192502779,3593
0.192507183,3592
0.192513794,3591
0.192524258,3590
0.192529478,3589
0.192546492,3588
0.192550554,3587
0.192553957,3586
0.19255765,3585
0.192562063,3584
0.192567671,3583
0.19257241,3582
0.192576,3581
0.192579615,3580
0.192583521,3579
0.192589433,3578
0.192592859,3577
0.192602574,3576
0.192607826,3575
0.192614774,3574
0.192618051,3573
0.192622759,3572
0.192632405,3571
0.192638386,3570
0.192647264,3569
0.192650517,3568
0.192656106,3567
0.192661316,3566
0.192669799,3565
0.19267481,3564
0.192681636,3563
0.19268699,3562
0.192690257,3561
0.19269544,3560
0.192705444,3559
0.192710172,3558
0.192718295,3557
0.192725945,3556
0.192750058,3555
0.192755568,3554
0.192767001,3553
0.192771232,3552
0.192778096,3551
0.192782094,3550
0.192797156,3549
0.192802365,3548
0.192809024,3547
0.192865375,3546
0.192869268,3545
0.192874272,3544
0.192883408,3543
0.192894142,3542
0.192897517,3541
0.192901955,3540
0.192905904,3539
0.192909114,3538
0.192912733,3537
0.192915697,3536
0.192929524,3535
0.192943583,3534
0.192947571,3533
0.192950454,3532
0.192954018,3531
0.192958524,3530
0.192966585,3529
0.192971837,3528
0.192976866,3527
0.192984013,3526
0.19298715,3525
0.19299025,3524
0.19299905,3523
0.193002656,3522
0.193009648,3521
0.193012885,3520
0.193016711,3519
0.193020782,3518
0.193030452,3517
0.193033984,3516
0.193050081,3515
0.193053904,3514
0.193057355,3513
0.193060721,3512
0.193066613,3511
0.193069474,3510
0.193075852,3509
0.193080468,3508
0.193090084,3507
0.193101902,3506
0.193107399,3505
0.193117923,3504
0.193122217,3503
0.193125255,3502
0.193782212,3501
0.193788573,3500
0.19379738,3499
0.193803882,3498
0.193815369,3497
0.193821969,3496
0.193827087,3495
0.193831479,3494
0.193838489,3493
0.193842291,3492
0.193852764,3491
0.193864317,3490
0.193872077,3489
0.193878616,3488
0.193886036,3487
0.193896865,3486
0.193904809,3485
0.193908116,3484
0.193913755,3483
0.19391864,3482
0.193932292,3481
0.193936438,3480
0.193941031,3479
0.193960499,3478
0.193967137,3477
0.193973905,3476
0.193976625,3475
0.193988222,3474
0.193991477,3473
0.193994547,3472
0.19399974,3471
0.194024681,3470
0.194027813,3469
0.194032923,3468
0.194037684,3467
0.194041447,3466
0.194044954,3465
0.194048099,3464
0.194059099,3463
0.194065542,3462
0.194069045,3461
0.194074313,3460
0.19408604,3459
0.194097525,3458
0.19410804,3457
0.19411384,3456
0.194123667,3455
0.19412899,3454
0.19413696,3453
0.194143837,3452
0.194148936,3451
0.194154833,3450
0.194164068,3449
0.194172163,3448
0.194179005,3447
0.194189873,3446
0.194199355,3445
0.19420341,3444
0.194214061,3443
0.194218101,3442
0.194224546,3441
0.194227697,3440
0.194239003,3439
0.194282648,3438
0.194286166,3437
0.194294052,3436
0.194348688,3435
0.194354485,3434
0.19436483,3433
0.194372508,3432
0.194390052,3431
0.194393701,3430
0.194403703,3429
0.194409978,3428
0.194418172,3427
0.194431773,3426
0.194436453,3425
0.194445847,3424
0.194453136,3423
0.194463342,3422
0.194468885,3421
0.194482993,3420
0.194491068,3419
0.194501149,3418
0.194504822,3417
0.194509895,3416
0.194514135,3415
0.194518396,3414
0.194533192,3413
0.194540075,3412
0.194560971,3411
0.194573196,3410
0.194577994,3409
0.19458432,3408
0.194591325,3407
0.194609356,3406
0.194612649,3405
0.194615627,3404
0.19462045,3403
0.194623586,3402
0.19462869,3401
0.194641795,3400
0.194645055,3399
0.194653574,3398
0.194658619,3397
0.19466234,3396
0.194666189,3395
0.194675607,3394
0.194684094,3393
0.19474662,3392
0.19478062,3391
0.194783118,3390
0.195109013,3389
0.195120531,3388
0.195129974,3387
0.195134094,3386
0.195139376,3385
0.195164576,3384
0.195167477,3383
0.195170681,3382
0.195173422,3381
0.195177637,3380
0.195182621,3379
0.195200952,3378
0.195206275,3377
0.195215646,3376
0.195221852,3375
0.195226699,3374
0.195234459,3373
0.195241259,3372
0.195259569,3371
0.195265634,3370
0.195284208,3369
0.195299783,3368
0.195339888,3367
0.195364949,3366
0.195399897,3365
0.195409686,3364
0.195418233,3363
0.195424393,3362
0.195428865,3361
0.195469202,3360
0.195486044,3359
0.195496421,3358
0.195507641,3357
0.195518835,3356
0.195542633,3355
0.195553553,3354
0.196202918,3353
0.196297447,3352
0.196365174,3351
0.196372993,3350
0.19647597,3349
0.196482338,3348
0.19650215,3347
0.196514233,3346
0.196527323,3345
0.19653867,3344
0.196579461,3343
0.196587381,3342
0.196895378,3341
0.196924543,3340
0.196965977,3339
0.197209868,3338
0.197339085,3337
0.197405382,3336
0.19744271,3335
0.197467773,3334
0.197937703,3333
0.197950323,3332
0.198000488,3331
0.198206845,3330
0.198226182,3329
0.198242061,3328
0.198253709,3327
0.198318668,3326
0.198353559,3325
0.198648913,3324
0.198656375,3323
0.198681953,3322
0.198828778,3321
0.198896047,3320
0.19917444,3319
0.199472162,3318
0.199850552,3317
0.199927035,3316
0.200028448,3315
0.200635118,3314
0.200731638,3313
0.202207544,3312
