0.119904949,6061
0.120004813,6060
0.120067534,6059
0.120095292,6058
0.120144014,6057
0.120165273,6056
0.120186689,6055
0.120193211,6054
0.120198941,6053
0.120205054,6052
0.120210851,6051
0.120216539,6050
0.120222153,6049
0.120231393,6048
0.120240808,6047
0.120259969,6046
0.120266702,6045
0.120274921,6044
0.120280614,6043
0.120285803,6042
0.120291184,6041
0.120297466,6040
0.120302922,6039
0.120307924,6038
0.120312818,6037
0.120317632,6036
0.120322469,6035
0.120327393,6034
0.120332153,6033
0.120336952,6032
0.120342193,6031
0.12034737,6030
0.120352967,6029
0.120365787,6028
0.120373045,6027
0.120379281,6026
0.120385747,6025
0.120391315,6024
0.120396625,6023
0.120402269,6022
0.120407553,6021
0.120412249,6020
0.120426313,6019
0.120432092,6018
0.120437183,6017
0.120442263,6016
0.120447805,6015
0.12045282,6014
0.120458815,6013
0.12046397,6012
0.120470334,6011
0.120477949,6010
0.120488661,6009
0.120571109,6008
0.120577924,6007
0.120598624,6006
0.120604593,6005
0.120613151,6004
0.120756734,6003
0.120763096,6002
0.120768205,6001
0.120773104,6000
0.120778066,5999
0.120783207,5998
0.120789588,5997
0.120812075,5996
0.120817647,5995
0.120823285,5994
0.120829059,5993
0.120834719,5992
0.120840314,5991
0.12084514,5990
0.120877863,5989
0.120883575,5988
0.120888783,5987
0.120895291,5986
0.120901327,5985
0.120939205,5984
0.12095348,5983
0.120959928,5982
0.121013311,5981
0.121018345,5980
0.121023582,5979
0.121028659,5978
0.121035449,5977
0.121042456,5976
0.121049512,5975
0.121056773,5974
0.121063024,5973
0.1210699,5972
0.121076808,5971
0.121086432,5970
0.121093279,5969
0.121099697,5968
0.121108801,5967
0.121116239,5966
0.121148076,5965
0.121155566,5964
0.121163055,5963
0.121169739,5962
0.121177071,5961
0.121191677,5960
0.121199764,5959
0.121206468,5958
0.121213038,5957
0.121218974,5956
0.12122617,5955
0.121233087,5954
0.121240246,5953
0.121245297,5952
0.121250504,5951
0.121255441,5950
0.121264463,5949
0.12126911,5948
0.121274562,5947
0.121281684,5946
0.121288428,5945
0.12129801,5944
0.121305628,5943
0.121312537,5942
0.121319557,5941
0.121340096,5940
0.121345271,5939
0.121350905,5938
0.121355711,5937
0.12136178,5936
0.121369449,5935
0.121428473,5934
0.121436331,5933
0.121482885,5932
0.121490866,5931
0.121500394,5930
0.121506737,5929
0.121511934,5928
0.12151727,5927
0.12152412,5926
0.121528057,5925
0.121532063,5924
0.121535621,5923
0.121539328,5922
0.121542823,5921
0.121546156,5920
0.121549621,5919
0.121552945,5918
0.121583358,5917
0.121586542,5916
0.121590219,5915
0.121593797,5914
0.121597571,5913
0.121600821,5912
0.121604262,5911
0.121608722,5910
0.121612122,5909
0.121615674,5908
0.121618839,5907
0.12162219,5906
0.121625671,5905
0.12162926,5904
0.12163242,5903
0.121635555,5902
0.121638781,5901
0.121641995,5900
0.121645709,5899
0.121649163,5898
0.121652744,5897
0.121656019,5896
0.121659383,5895
0.121662408,5894
0.121666552,5893
0.121670162,5892
0.121673892,5891
0.121677867,5890
0.121682095,5889
0.121685534,5888
0.121688953,5887
0.121692269,5886
0.121696216,5885
0.121704481,5884
0.121709303,5883
0.121713348,5882
0.121717376,5881
0.121721506,5880
0.12172524,5879
0.121728971,5878
0.121732449,5877
0.121735932,5876
0.121739622,5875
0.121743331,5874
0.12174679,5873
0.121750309,5872
0.121753521,5871
0.121758006,5870
0.121797409,5869
0.124335779,5868
0.124343624,5867
0.124347677,5866
0.124351264,5865
0.124354812,5864
0.124358463,5863
0.124362174,5862
0.124365744,5861
0.124369293,5860
0.124373195,5859
0.124377074,5858
0.12438074,5857
0.124384621,5856
0.124388172,5855
0.124392228,5854
0.12439564,5853
0.124399637,5852
0.12440319,5851
0.124406934,5850
0.124410304,5849
0.124413502,5848
0.124417943,5847
0.124421845,5846
0.124425358,5845
0.124432984,5844
0.124437414,5843
0.124440827,5842
0.124444515,5841
0.12444818,5840
0.124451425,5839
0.124454661,5838
0.124457888,5837
0.124460947,5836
0.124464346,5835
0.124467987,5834
0.12447132,5833
0.124474651,5832
0.124478364,5831
0.124481502,5830
0.124484607,5829
0.124488142,5828
0.124495079,5827
0.124498612,5826
0.124502049,5825
0.124507792,5824
0.12451161,5823
0.12451516,5822
0.124520422,5821
0.124523967,5820
0.124527676,5819
0.124531106,5818
0.124535149,5817
0.12453884,5816
0.124542527,5815
0.124545974,5814
0.124549228,5813
0.124552339,5812
0.124555877,5811
0.12455921,5810
0.124562589,5809
0.124565868,5808
0.124569918,5807
0.124574524,5806
0.12457804,5805
0.124581567,5804
0.124585971,5803
0.12458987,5802
0.124593433,5801
0.124599007,5800
0.124605128,5799
0.124610837,5798
0.124618239,5797
0.124624581,5796
0.124628384,5795
0.124632384,5794
0.124636065,5793
0.124640297,5792
0.124643763,5791
0.124647002,5790
0.124650911,5789
0.124654452,5788
0.124658515,5787
0.124662375,5786
0.124666148,5785
0.124669924,5784
0.124673997,5783
0.124677501,5782
0.12468102,5781
0.124684652,5780
0.124688183,5779
0.124691497,5778
0.124695459,5777
0.124699109,5776
0.124704846,5775
0.124708283,5774
0.124713212,5773
0.124717071,5772
0.124720372,5771
0.124723925,5770
0.124727224,5769
0.124732162,5768
0.124735691,5767
0.124738907,5766
0.124742971,5765
0.124746531,5764
0.124750484,5763
0.124754126,5762
0.124757973,5761
0.124762975,5760
0.124767848,5759
0.124772492,5758
0.124777061,5757
0.124782096,5756
0.124818499,5755
0.124823586,5754
0.124829257,5753
0.124878074,5752
0.124884931,5751
0.124891147,5750
0.124896086,5749
0.124900649,5748
0.124905249,5747
0.124909714,5746
0.124913876,5745
0.124918714,5744
0.124923198,5743
0.124927394,5742
0.124931948,5741
0.124964369,5740
0.124969564,5739
0.124974089,5738
0.124979143,5737
0.12498396,5736
0.124988662,5735
0.124992927,5734
0.124997778,5733
0.125002416,5732
0.125006935,5731
0.125011311,5730
0.125015624,5729
0.125020511,5728
0.125025177,5727
0.125029805,5726
0.125034262,5725
0.125038833,5724
0.125043702,5723
0.125052017,5722
0.125056832,5721
0.125061479,5720
0.125066132,5719
0.125070852,5718
0.125075764,5717
0.125110466,5716
0.125115124,5715
0.125119818,5714
0.125155102,5713
0.125160026,5712
0.125172975,5711
0.12517725,5710
0.125181962,5709
0.125185918,5708
0.125190552,5707
0.125195011,5706
0.125199393,5705
0.125203513,5704
0.125207346,5703
0.12521198,5702
0.12521697,5701
0.125221616,5700
0.125226495,5699
0.125230912,5698
0.125235408,5697
0.125239958,5696
0.125244731,5695
0.125249037,5694
0.125275579,5693
0.125280678,5692
0.125285056,5691
0.125301959,5690
0.12530708,5689
0.125310656,5688
0.125313843,5687
0.125317553,5686
0.125329406,5685
0.125340031,5684
0.12535151,5683
0.1253557,5682
0.125359828,5681
0.125363934,5680
0.12536805,5679
0.125380582,5678
0.125385187,5677
0.125389706,5676
0.125394038,5675
0.125398422,5674
0.125402742,5673
0.125407078,5672
0.125411119,5671
0.125415119,5670
0.125419063,5669
0.125423031,5668
0.125427376,5667
0.125431594,5666
0.125435819,5665
0.125439694,5664
0.125443261,5663
0.125447825,5662
0.125451574,5661
0.125455436,5660
0.125461407,5659
0.12546573,5658
0.125470208,5657
0.12547513,5656
0.125479524,5655
0.125483436,5654
0.125486744,5653
0.125489988,5652
0.125493731,5651
0.125496862,5650
0.125500462,5649
0.125503543,5648
0.125509882,5647
0.125513602,5646
0.125516737,5645
0.125519959,5644
0.125523089,5643
0.125526208,5642
0.125529583,5641
0.125532577,5640
0.125535398,5639
0.12553849,5638
0.125541411,5637
0.125544697,5636
0.125547976,5635
0.12555095,5634
0.125554444,5633
0.125557506,5632
0.125560579,5631
0.125563689,5630
0.125567151,5629
0.125570339,5628
0.125573146,5627
0.12557616,5626
0.125579067,5625
0.125581736,5624
0.125585002,5623
0.125588179,5622
0.12559111,5621
0.125594313,5620
0.125597112,5619
0.125599881,5618
0.12560302,5617
0.125606121,5616
0.125608988,5615
0.125612183,5614
0.125615168,5613
0.125619584,5612
0.125623452,5611
0.125626312,5610
0.125629374,5609
0.125632544,5608
0.125635643,5607
0.125638496,5606
0.125641245,5605
0.125643913,5604
0.125646755,5603
0.125649947,5602
0.125652825,5601
0.125655535,5600
0.125658336,5599
0.125661136,5598
0.125664964,5597
0.125668353,5596
0.12567117,5595
0.12567418,5594
0.125677274,5593
0.12568016,5592
0.12568337,5591
0.125686797,5590
0.125689924,5589
0.125692917,5588
0.125695847,5587
0.125699145,5586
0.125702146,5585
0.125705344,5584
0.125708829,5583
0.125712421,5582
0.12571623,5581
0.125719442,5580
0.125722559,5579
0.125725396,5578
0.125728476,5577
0.12573136,5576
0.125734448,5575
0.125738236,5574
0.125741361,5573
0.125744425,5572
0.125747188,5571
0.125751484,5570
0.125754902,5569
0.125757803,5568
0.125760986,5567
0.125764867,5566
0.12576803,5565
0.125771767,5564
0.12577583,5563
0.125779079,5562
0.125782671,5561
0.125785942,5560
0.125789166,5559
0.125793563,5558
0.125797018,5557
0.125800342,5556
0.125804884,5555
0.125808345,5554
0.125812511,5553
0.125816562,5552
0.125820676,5551
0.125841736,5550
0.125845784,5549
0.12592366,5548
0.125926935,5547
0.125929903,5546
0.125933066,5545
0.125936497,5544
0.125998922,5543
0.126001924,5542
0.126004528,5541
0.126007302,5540
0.12600996,5539
0.12601258,5538
0.126015058,5537
0.126017399,5536
0.126020036,5535
0.126022421,5534
0.126024698,5533
0.126026993,5532
0.126029387,5531
0.126031797,5530
0.12603468,5529
0.126037112,5528
0.126039522,5527
0.126042216,5526
0.126044579,5525
0.126047355,5524
0.126050203,5523
0.126052525,5522
0.126055121,5521
0.126057681,5520
0.126060177,5519
0.126062431,5518
0.126065061,5517
0.126067796,5516
0.126070174,5515
0.126072705,5514
0.126075205,5513
0.126077695,5512
0.12607993,5511
0.126082625,5510
0.126085789,5509
0.126088511,5508
0.126091058,5507
0.126093323,5506
0.126095764,5505
0.1260991,5504
0.126101666,5503
0.12610494,5502
0.126107686,5501
0.126110117,5500
0.126113557,5499
0.126116717,5498
0.126120544,5497
0.126123843,5496
0.126126577,5495
0.126129301,5494
0.126132019,5493
0.126134439,5492
0.126136968,5491
0.126140865,5490
0.126144571,5489
0.126147519,5488
0.12615063,5487
0.126153212,5486
0.126155761,5485
0.126158429,5484
0.126160545,5483
0.126162857,5482
0.126165498,5481
0.12616768,5480
0.126179,5479
0.126181103,5478
0.126183387,5477
0.126185701,5476
0.126187588,5475
0.126189898,5474
0.126192424,5473
0.126195015,5472
0.126197133,5471
0.126198975,5470
0.126201701,5469
0.126204211,5468
0.126206536,5467
0.126209298,5466
0.126211863,5465
0.126214115,5464
0.126216962,5463
0.12622007,5462
0.126222541,5461
0.126225196,5460
0.126227598,5459
0.126230245,5458
0.126232796,5457
0.12623599,5456
0.126239375,5455
0.126242863,5454
0.126245777,5453
0.12624831,5452
0.126250514,5451
0.126252985,5450
0.126255609,5449
0.126259505,5448
0.126262403,5447
0.126265,5446
0.126267554,5445
0.126270383,5444
0.126272765,5443
0.126274992,5442
0.126277495,5441
0.126279715,5440
0.126282214,5439
0.126284603,5438
0.126287026,5437
0.126289461,5436
0.126292286,5435
0.12629491,5434
0.126297311,5433
0.126299961,5432
0.126302383,5431
0.126304668,5430
0.126307279,5429
0.126309801,5428
0.126312191,5427
0.126314733,5426
0.126317873,5425
0.126321222,5424
0.126324558,5423
0.126327237,5422
0.126329856,5421
0.126332397,5420
0.126334922,5419
0.126338533,5418
0.126342005,5417
0.126344957,5416
0.126347967,5415
0.126350419,5414
0.126353125,5413
0.126355761,5412
0.126358697,5411
0.126361402,5410
0.12636397,5409
0.126366812,5408
0.126369362,5407
0.126382959,5406
0.126386576,5405
0.126390265,5404
0.126392606,5403
0.12639522,5402
0.126397549,5401
0.126400441,5400
0.12640294,5399
0.126405273,5398
0.126407693,5397
0.126410458,5396
0.12641344,5395
0.126417368,5394
0.126421203,5393
0.126423882,5392
0.126425972,5391
0.126430068,5390
0.126433576,5389
0.126437267,5388
0.126440514,5387
0.126443447,5386
0.126446315,5385
0.126449806,5384
0.126453205,5383
0.126456316,5382
0.12645943,5381
0.126462778,5380
0.126466288,5379
0.126469859,5378
0.126473124,5377
0.126477083,5376
0.126480743,5375
0.126484076,5374
0.126487624,5373
0.126492347,5372
0.126495617,5371
0.126538654,5370
0.126542192,5369
0.126545267,5368
0.126548212,5367
0.126551223,5366
0.126554153,5365
0.126556442,5364
0.126559585,5363
0.126563184,5362
0.126567703,5361
0.126571719,5360
0.126574739,5359
0.126577496,5358
0.126580025,5357
0.126582508,5356
0.12658476,5355
0.126588157,5354
0.126592449,5353
0.126596282,5352
0.126600334,5351
0.126639076,5350
0.126650968,5349
0.126654908,5348
0.126658854,5347
0.126662551,5346
0.126666097,5345
0.126668815,5344
0.126671662,5343
0.126674336,5342
0.12667766,5341
0.126721441,5340
0.126726769,5339
0.126729915,5338
0.126733234,5337
0.126737191,5336
0.126740922,5335
0.126744741,5334
0.12674832,5333
0.126752293,5332
0.126766426,5331
0.126771026,5330
0.126775083,5329
0.126778507,5328
0.12678186,5327
0.126785036,5326
0.126788495,5325
0.126791647,5324
0.126795257,5323
0.126798836,5322
0.126801675,5321
0.126804856,5320
0.126807963,5319
0.126812484,5318
0.12681565,5317
0.126818654,5316
0.126822189,5315
0.126826002,5314
0.126828714,5313
0.126831498,5312
0.126834281,5311
0.126837147,5310
0.126839661,5309
0.126842204,5308
0.126844949,5307
0.12684709,5306
0.126866901,5305
0.126909598,5304
0.126915293,5303
0.126922714,5302
0.126928362,5301
0.126933871,5300
0.126938954,5299
0.126944491,5298
0.126950058,5297
0.126954827,5296
0.126959348,5295
0.12696355,5294
0.126968112,5293
0.126972256,5292
0.126976266,5291
0.126979096,5290
0.126982299,5289
0.126986138,5288
0.126989489,5287
0.126992912,5286
0.126996213,5285
0.126999874,5284
0.127003042,5283
0.127005838,5282
0.127009342,5281
0.127012904,5280
0.12701603,5279
0.127019963,5278
0.127022809,5277
0.127025684,5276
0.127029326,5275
0.12703247,5274
0.127035331,5273
0.127037999,5272
0.12704115,5271
0.127044781,5270
0.127047606,5269
0.127050698,5268
0.127053968,5267
0.127057052,5266
0.127060206,5265
0.127063073,5264
0.127066595,5263
0.127074206,5262
0.127078967,5261
0.127082195,5260
0.12708541,5259
0.127088636,5258
0.127091418,5257
0.127094204,5256
0.127096917,5255
0.127100441,5254
0.127104087,5253
0.127107903,5252
0.127110651,5251
0.127112963,5250
0.127115257,5249
0.127117347,5248
0.127119699,5247
0.127122839,5246
0.127125124,5245
0.127127981,5244
0.127131613,5243
0.127134581,5242
0.127138099,5241
0.127141447,5240
0.127144675,5239
0.127146889,5238
0.127149329,5237
0.127151576,5236
0.127153655,5235
0.127156989,5234
0.127160808,5233
0.12716381,5232
0.127169536,5231
0.12717325,5230
0.127176559,5229
0.127181756,5228
0.12718761,5227
0.12719146,5226
0.127195321,5225
0.127198608,5224
0.127202038,5223
0.127205489,5222
0.127232973,5221
0.127236343,5220
0.127240369,5219
0.127243739,5218
0.127246974,5217
0.127249883,5216
0.127253066,5215
0.127255742,5214
0.127258756,5213
0.127261514,5212
0.127263976,5211
0.127266854,5210
0.127269133,5209
0.12727173,5208
0.127274858,5207
0.127277744,5206
0.127280416,5205
0.1272833,5204
0.127286266,5203
0.127288799,5202
0.127291189,5201
0.127293906,5200
0.127296549,5199
0.12729934,5198
0.1273021,5197
0.127305034,5196
0.127307587,5195
0.12731013,5194
0.127313044,5193
0.127315529,5192
0.127318405,5191
0.127321043,5190
0.12921268,5189
0.129217666,5188
0.129223585,5187
0.129258818,5186
0.129262117,5185
0.129265323,5184
0.129271733,5183
0.129275922,5182
0.129279868,5181
0.129283202,5180
0.129286298,5179
0.129290425,5178
0.129295528,5177
0.129298824,5176
0.129302242,5175
0.129305259,5174
0.129308519,5173
0.129311967,5172
0.129314738,5171
0.129317915,5170
0.129321974,5169
0.129325972,5168
0.129329711,5167
0.129333291,5166
0.129337054,5165
0.129341478,5164
0.129353514,5163
0.129358335,5162
0.129362376,5161
0.129367769,5160
0.129372304,5159
0.129375913,5158
0.129379608,5157
0.129383195,5156
0.129387032,5155
0.129390444,5154
0.129395616,5153
0.129404791,5152
0.129409606,5151
0.129414381,5150
0.129420687,5149
0.129423727,5148
0.129426778,5147
0.129431663,5146
0.129435079,5145
0.129438528,5144
0.12944228,5143
0.129445967,5142
0.129449501,5141
0.129453099,5140
0.129456721,5139
0.129460464,5138
0.12946452,5137
0.12946806,5136
0.129471976,5135
0.12947568,5134
0.129479144,5133
0.129482747,5132
0.129485734,5131
0.129488959,5130
0.129492028,5129
0.129495106,5128
0.129499237,5127
0.129504267,5126
0.129508042,5125
0.129511882,5124
0.12951607,5123
0.12951916,5122
0.12952269,5121
0.12952597,5120
0.12952979,5119
0.1295332,5118
0.1295366,5117
0.129540033,5116
0.129543719,5115
0.12954689,5114
0.129549927,5113
0.129553213,5112
0.129557819,5111
0.129560872,5110
0.129564093,5109
0.129567016,5108
0.129569919,5107
0.12957301,5106
0.129576126,5105
0.129579416,5104
0.129583035,5103
0.129586118,5102
0.129589139,5101
0.129592454,5100
0.129595399,5099
0.129598469,5098
0.129601659,5097
0.129604654,5096
0.129607583,5095
0.129610226,5094
0.129612809,5093
0.129617038,5092
0.129623219,5091
0.129627624,5090
0.129630863,5089
0.129634104,5088
0.129637419,5087
0.129640548,5086
0.129643912,5085
0.129648328,5084
0.129656658,5083
0.129659709,5082
0.129662739,5081
0.129666163,5080
0.129669122,5079
0.129672152,5078
0.129675348,5077
0.129678265,5076
0.129681544,5075
0.129684928,5074
0.129688375,5073
0.129691691,5072
0.129695061,5071
0.129698222,5070
0.129700804,5069
0.129706579,5068
0.129711613,5067
0.129715365,5066
0.129719066,5065
0.129723764,5064
0.129726619,5063
0.129729902,5062
0.129732535,5061
0.12973536,5060
0.129738203,5059
0.129744015,5058
0.12974875,5057
0.129752441,5056
0.129755501,5055
0.129758242,5054
0.129763894,5053
0.129767135,5052
0.129770224,5051
0.129773242,5050
0.129778026,5049
0.129781739,5048
0.129784944,5047
0.129788898,5046
0.129792244,5045
0.129795227,5044
0.129798364,5043
0.12980171,5042
0.129805153,5041
0.129808049,5040
0.129811399,5039
0.12981489,5038
0.129817735,5037
0.129820485,5036
0.129823935,5035
0.129826977,5034
0.129830736,5033
0.129833809,5032
0.129836637,5031
0.129839708,5030
0.129842806,5029
0.129846076,5028
0.129849012,5027
0.129855025,5026
0.129857743,5025
0.12986221,5024
0.12986479,5023
0.129867774,5022
0.129870661,5021
0.129873507,5020
0.129877953,5019
0.129880623,5018
0.129883113,5017
0.129885948,5016
0.129888994,5015
0.129891562,5014
0.129894606,5013
0.129897616,5012
0.129900483,5011
0.129903859,5010
0.129906781,5009
0.129909521,5008
0.129912604,5007
0.129916201,5006
0.129919015,5005
0.129922033,5004
0.129925339,5003
0.129929957,5002
0.129933082,5001
0.129937162,5000
0.129940706,4999
0.12994407,4998
0.129946853,4997
0.129950385,4996
0.129953196,4995
0.129956229,4994
0.129959897,4993
0.129965294,4992
0.129967951,4991
0.129970814,4990
0.129973999,4989
0.12997718,4988
0.129980059,4987
0.129985507,4986
0.129988607,4985
0.129991883,4984
0.129994925,4983
0.129998017,4982
0.130002161,4981
0.130005176,4980
0.130008998,4979
0.130013435,4978
0.130017597,4977
0.130022544,4976
0.130025887,4975
0.130028943,4974
0.130031953,4973
0.130036256,4972
0.1300406,4971
0.130045795,4970
0.130049243,4969
0.130052712,4968
0.130056495,4967
0.130060347,4966
0.130064138,4965
0.130067969,4964
0.13007178,4963
0.13007557,4962
0.130079292,4961
0.130083033,4960
0.130087348,4959
0.130092387,4958
0.130096055,4957
0.130099267,4956
0.130102295,4955
0.13010574,4954
0.13010986,4953
0.130113344,4952
0.130117184,4951
0.13012052,4950
0.13012877,4949
0.130134074,4948
0.130139018,4947
0.130144476,4946
0.130147831,4945
0.13015161,4944
0.130154785,4943
0.130158115,4942
0.130161195,4941
0.130167036,4940
0.13017044,4939
0.130174089,4938
0.130177805,4937
0.130181624,4936
0.130187351,4935
0.130190904,4934
0.130194341,4933
0.130198154,4932
0.130201888,4931
0.130204966,4930
0.130208112,4929
0.130212044,4928
0.130216497,4927
0.130219184,4926
0.130223244,4925
0.130226822,4924
0.130229933,4923
0.130232931,4922
0.130236065,4921
0.130239249,4920
0.130242303,4919
0.130245236,4918
0.130248289,4917
0.130251154,4916
0.130254425,4915
0.130258433,4914
0.130265636,4913
0.130270192,4912
0.130328026,4911
0.130331649,4910
0.130335524,4909
0.130339303,4908
0.130344105,4907
0.130347453,4906
0.13035089,4905
0.130354433,4904
0.130360859,4903
0.130364548,4902
0.130368339,4901
0.130371542,4900
0.130374887,4899
0.130378439,4898
0.130381502,4897
0.13038601,4896
0.130389645,4895
0.130393445,4894
0.130397456,4893
0.130401584,4892
0.130405158,4891
0.130408642,4890
0.1304169,4889
0.13042101,4888
0.130424558,4887
0.130429966,4886
0.130433346,4885
0.13043704,4884
0.130440429,4883
0.130443993,4882
0.130448235,4881
0.130451424,4880
0.130454914,4879
0.130458047,4878
0.130463063,4877
0.130466617,4876
0.130469527,4875
0.130473062,4874
0.130476878,4873
0.130479991,4872
0.130485231,4871
0.130489127,4870
0.130493105,4869
0.130496597,4868
0.130499818,4867
0.13050326,4866
0.130507615,4865
0.130511878,4864
0.130516122,4863
0.130519091,4862
0.13052219,4861
0.130525837,4860
0.13052908,4859
0.130532497,4858
0.130535829,4857
0.130539278,4856
0.130542828,4855
0.130545747,4854
0.130548998,4853
0.130552111,4852
0.130561715,4851
0.130567225,4850
0.130570777,4849
0.130575417,4848
0.130580603,4847
0.130584657,4846
0.130588553,4845
0.130594061,4844
0.130596993,4843
0.130600209,4842
0.130604374,4841
0.130607487,4840
0.130610452,4839
0.13061359,4838
0.130617844,4837
0.130620595,4836
0.13062396,4835
0.130627799,4834
0.130630625,4833
0.130633355,4832
0.130637249,4831
0.130639883,4830
0.130642261,4829
0.13064493,4828
0.130647486,4827
0.130650999,4826
0.13065436,4825
0.130657694,4824
0.130661362,4823
0.130664283,4822
0.130668276,4821
0.13067128,4820
0.130675484,4819
0.130678392,4818
0.130681432,4817
0.130684477,4816
0.130687479,4815
0.130690559,4814
0.130693504,4813
0.130698788,4812
0.130701783,4811
0.130709402,4810
0.130712404,4809
0.130715401,4808
0.130718161,4807
0.130720939,4806
0.130724346,4805
0.130729715,4804
0.130732614,4803
0.130735895,4802
0.130738784,4801
0.130741576,4800
0.130744762,4799
0.130748457,4798
0.130751602,4797
0.130755295,4796
0.130758936,4795
0.130761592,4794
0.130765078,4793
0.130768855,4792
0.130771948,4791
0.130774789,4790
0.13077904,4789
0.130782378,4788
0.130784902,4787
0.130787422,4786
0.130790283,4785
0.130793361,4784
0.130796525,4783
0.130799354,4782
0.130803943,4781
0.130807235,4780
0.130810069,4779
0.130812608,4778
0.130815446,4777
0.130817921,4776
0.130820347,4775
0.130823372,4774
0.130826704,4773
0.130829744,4772
0.130832727,4771
0.130835995,4770
0.130839087,4769
0.130842312,4768
0.130844928,4767
0.130848049,4766
0.130851006,4765
0.13085377,4764
0.13085637,4763
0.130859201,4762
0.130862191,4761
0.130865083,4760
0.130868666,4759
0.130871115,4758
0.130874904,4757
0.130877892,4756
0.130881939,4755
0.130884773,4754
0.130887343,4753
0.130890399,4752
0.13089355,4751
0.130896536,4750
0.130899385,4749
0.130903831,4748
0.130908282,4747
0.130912459,4746
0.130916302,4745
0.130919337,4744
0.130922465,4743
0.130925881,4742
0.130928788,4741
0.130932557,4740
0.130935674,4739
0.130938687,4738
0.130942026,4737
0.130945181,4736
0.130948239,4735
0.130951276,4734
0.130954516,4733
0.130958706,4732
0.130961602,4731
0.130966926,4730
0.130970096,4729
0.13097318,4728
0.130976714,4727
0.130980378,4726
0.130983591,4725
0.130986673,4724
0.130989576,4723
0.130992985,4722
0.130997337,4721
0.131000757,4720
0.131003605,4719
0.131006981,4718
0.131009925,4717
0.131014167,4716
0.131017211,4715
0.131020415,4714
0.131024232,4713
0.131027092,4712
0.131030206,4711
0.131033125,4710
0.131036135,4709
0.131038755,4708
0.131041768,4707
0.131044588,4706
0.131047602,4705
0.131050362,4704
0.131054236,4703
0.131058404,4702
0.131061614,4701
0.131066554,4700
0.13106992,4699
0.131074145,4698
0.131076763,4697
0.131080375,4696
0.131083855,4695
0.131086978,4694
0.131090464,4693
0.131093211,4692
0.131096017,4691
0.131099143,4690
0.13110237,4689
0.131106023,4688
0.131108722,4687
0.131111402,4686
0.131173405,4685
0.131179285,4684
0.131189822,4683
0.131259272,4682
0.131263896,4681
0.131268035,4680
0.131271844,4679
0.131275218,4678
0.131278619,4677
0.131282349,4676
0.131287021,4675
0.131290794,4674
0.131294079,4673
0.131297495,4672
0.131301035,4671
0.131304286,4670
0.131307237,4669
0.131310221,4668
0.131314646,4667
0.13131893,4666
0.131322329,4665
0.131325498,4664
0.131328395,4663
0.131331856,4662
0.131336234,4661
0.131339008,4660
0.131342196,4659
0.131350327,4658
0.131353974,4657
0.131358556,4656
0.131362829,4655
0.131369695,4654
0.13137338,4653
0.131377016,4652
0.131383333,4651
0.13138869,4650
0.13140317,4649
0.131443591,4648
0.131448355,4647
0.131452203,4646
0.131456474,4645
0.131460138,4644
0.13146387,4643
0.131467662,4642
0.131498667,4641
0.131503407,4640
0.131507534,4639
0.131512491,4638
0.131516636,4637
0.13152185,4636
0.131529196,4635
0.131532903,4634
0.131536102,4633
0.131539102,4632
0.131542814,4631
0.131545763,4630
0.131550664,4629
0.131553743,4628
0.131557059,4627
0.131560177,4626
0.131565029,4625
0.131568711,4624
0.131573769,4623
0.131583343,4622
0.13158901,4621
0.131593164,4620
0.131596743,4619
0.131600085,4618
0.131603911,4617
0.131608118,4616
0.131612642,4615
0.131617733,4614
0.131621692,4613
0.131624989,4612
0.131628418,4611
0.13163257,4610
0.131635707,4609
0.131640779,4608
0.131645584,4607
0.131650623,4606
0.131654768,4605
0.13165861,4604
0.131662321,4603
0.131667635,4602
0.131672313,4601
0.131675932,4600
0.131679461,4599
0.131682322,4598
0.131691811,4597
0.13169569,4596
0.131698249,4595
0.131701637,4594
0.131705148,4593
0.131708155,4592
0.131711241,4591
0.1317157,4590
0.131718463,4589
0.131722864,4588
0.131727257,4587
0.131730177,4586
0.131732836,4585
0.131738132,4584
0.13174209,4583
0.13174549,4582
0.13174938,4581
0.131753821,4580
0.131757223,4579
0.131763948,4578
0.131767387,4577
0.131770369,4576
0.131773159,4575
0.131776473,4574
0.131779748,4573
0.131783498,4572
0.131787157,4571
0.131790799,4570
0.131794678,4569
0.131798951,4568
0.131805438,4567
0.131808685,4566
0.131811363,4565
0.131814931,4564
0.131818641,4563
0.131822778,4562
0.131825802,4561
0.13183027,4560
0.131833107,4559
0.131836022,4558
0.131838927,4557
0.13184201,4556
0.131845167,4555
0.131848139,4554
0.13185127,4553
0.131854002,4552
0.131857047,4551
0.131860201,4550
0.131863095,4549
0.131867791,4548
0.131871478,4547
0.131874343,4546
0.131877153,4545
0.131879979,4544
0.131882684,4543
0.13188544,4542
0.131888135,4541
0.131890802,4540
0.131893839,4539
0.131896616,4538
0.131901809,4537
0.13190464,4536
0.131907183,4535
0.131910499,4534
0.131913566,4533
0.131918506,4532
0.131921566,4531
0.131924486,4530
0.131927869,4529
0.131932078,4528
0.131935335,4527
0.131938479,4526
0.13194157,4525
0.131944688,4524
0.131947646,4523
0.131950795,4522
0.131953387,4521
0.131956294,4520
0.131959191,4519
0.131961757,4518
0.131964493,4517
0.131967355,4516
0.131970327,4515
0.131973632,4514
0.131976652,4513
0.131979332,4512
0.131982158,4511
0.131984727,4510
0.131989433,4509
0.131992201,4508
0.131997909,4507
0.132001152,4506
0.13200384,4505
0.132006682,4504
0.132009549,4503
0.132012268,4502
0.132016456,4501
0.132019188,4500
0.132021882,4499
0.132025048,4498
0.132031032,4497
0.132033979,4496
0.132036829,4495
0.132039772,4494
0.1320425,4493
0.132045852,4492
0.132048946,4491
0.13205207,4490
0.132055044,4489
0.132058927,4488
0.132062026,4487
0.132065255,4486
0.132068101,4485
0.132071458,4484
0.132073954,4483
0.132080101,4482
0.132089851,4481
0.132093204,4480
0.13209804,4479
0.132101203,4478
0.132104356,4477
0.132107268,4476
0.13211073,4475
0.132114267,4474
0.132117851,4473
0.132120532,4472
0.132124467,4471
0.132127504,4470
0.132130759,4469
0.132133897,4468
0.132136882,4467
0.132141042,4466
0.132143994,4465
0.132149087,4464
0.132151745,4463
0.132154848,4462
0.132157993,4461
0.132160882,4460
0.132163625,4459
0.13216632,4458
0.132169,4457
0.132172731,4456
0.132175287,4455
0.132177892,4454
0.132185384,4453
0.132188954,4452
0.13219157,4451
0.132194124,4450
0.1321964,4449
0.132199952,4448
0.132202955,4447
0.132206968,4446
0.132209704,4445
0.132212454,4444
0.132215771,4443
0.132219754,4442
0.13222504,4441
0.132237927,4440
0.132241787,4439
0.132253565,4438
0.132257537,4437
0.13226197,4436
0.132265733,4435
0.132269642,4434
0.132274196,4433
0.132279304,4432
0.132283161,4431
0.132286853,4430
0.13229063,4429
0.132294559,4428
0.132298505,4427
0.13230249,4426
0.132306384,4425
0.132311284,4424
0.13232439,4423
0.132329594,4422
0.132371006,4421
0.132381476,4420
0.13240148,4419
0.132404728,4418
0.132408202,4417
0.132414094,4416
0.132418968,4415
0.132422861,4414
0.132426518,4413
0.132429828,4412
0.132433233,4411
0.132437151,4410
0.132440706,4409
0.1324462,4408
0.132450028,4407
0.132455459,4406
0.132462802,4405
0.132466491,4404
0.132469781,4403
0.132475043,4402
0.132478466,4401
0.13248123,4400
0.132484274,4399
0.132488509,4398
0.132491229,4397
0.132494579,4396
0.132497415,4395
0.132500345,4394
0.132502673,4393
0.13250575,4392
0.132508361,4391
0.132512048,4390
0.132515179,4389
0.132518419,4388
0.132523947,4387
0.132527655,4386
0.132531367,4385
0.132567381,4384
0.13257214,4383
0.132576366,4382
0.132579468,4381
0.132581981,4380
0.132585561,4379
0.132588436,4378
0.132592867,4377
0.132596041,4376
0.132598626,4375
0.132612242,4374
0.132616084,4373
0.132618961,4372
0.132621973,4371
0.132627132,4370
0.132630421,4369
0.132634872,4368
0.132638015,4367
0.132643969,4366
0.1326469,4365
0.132649917,4364
0.132652974,4363
0.132655886,4362
0.132659342,4361
0.132664962,4360
0.132668201,4359
0.132671214,4358
0.132674355,4357
0.132677436,4356
0.132681566,4355
0.132684562,4354
0.13268754,4353
0.132690522,4352
0.13269456,4351
0.132697444,4350
0.132701218,4349
0.132704134,4348
0.132708724,4347
0.132712273,4346
0.132716701,4345
0.132721528,4344
0.132725797,4343
0.13272842,4342
0.132731179,4341
0.13273551,4340
0.132740247,4339
0.132743048,4338
0.132746527,4337
0.132749707,4336
0.132753487,4335
0.132757167,4334
0.13276197,4333
0.132767469,4332
0.132772852,4331
0.132776956,4330
0.132781117,4329
0.132786359,4328
0.132790538,4327
0.132794443,4326
0.132798351,4325
0.132802793,4324
0.132806472,4323
0.132811157,4322
0.132814355,4321
0.132817309,4320
0.132821127,4319
0.132824485,4318
0.132827978,4317
0.132837011,4316
0.132840624,4315
0.132846808,4314
0.132850753,4313
0.132854674,4312
0.132861956,4311
0.132865558,4310
0.132869588,4309
0.132873573,4308
0.132879993,4307
0.132883274,4306
0.132886654,4305
0.132889979,4304
0.132893315,4303
0.132896029,4302
0.132900116,4301
0.132905516,4300
0.13290825,4299
0.132913159,4298
0.132916817,4297
0.132920328,4296
0.132924051,4295
0.132927873,4294
0.132932484,4293
0.132936578,4292
0.132940617,4291
0.132947087,4290
0.132951849,4289
0.13295545,4288
0.132958753,4287
0.132962285,4286
0.132965438,4285
0.132970063,4284
0.132974232,4283
0.132977935,4282
0.132982019,4281
0.132984607,4280
0.132987542,4279
0.132991956,4278
0.132995581,4277
0.132999048,4276
0.133002915,4275
0.133006397,4274
0.133011836,4273
0.133014591,4272
0.133021568,4271
0.133024291,4270
0.133027711,4269
0.133031428,4268
0.133034671,4267
0.13303786,4266
0.133041029,4265
0.133045176,4264
0.13304834,4263
0.133051298,4262
0.133054396,4261
0.133057346,4260
0.133063718,4259
0.133067834,4258
0.133071713,4257
0.133075314,4256
0.133078701,4255
0.133083242,4254
0.133086713,4253
0.133089659,4252
0.133092845,4251
0.133096427,4250
0.133099784,4249
0.133102874,4248
0.133105488,4247
0.133109735,4246
0.133113205,4245
0.133116291,4244
0.133120369,4243
0.133123938,4242
0.133126967,4241
0.133131033,4240
0.133135402,4239
0.133138699,4238
0.133141269,4237
0.133145135,4236
0.133148789,4235
0.133152915,4234
0.133157569,4233
0.133160428,4232
0.133163101,4231
0.133165853,4230
0.133173003,4229
0.133175701,4228
0.133178662,4227
0.133181969,4226
0.133187612,4225
0.133190576,4224
0.133193428,4223
0.133196153,4222
0.133201616,4221
0.1332044,4220
0.133207528,4219
0.133210804,4218
0.133215017,4217
0.133220737,4216
0.13322491,4215
0.133228498,4214
0.133232145,4213
0.133235731,4212
0.133239574,4211
0.1332436,4210
0.133247811,4209
0.133252085,4208
0.133256558,4207
0.133261489,4206
0.133265573,4205
0.133271135,4204
0.133274951,4203
0.133278696,4202
0.133281969,4201
0.133285606,4200
0.133292085,4199
0.133295795,4198
0.13330073,4197
0.133304259,4196
0.133308004,4195
0.133311309,4194
0.133314268,4193
0.13331803,4192
0.133323184,4191
0.133327266,4190
0.133331113,4189
0.133335284,4188
0.133339289,4187
0.133343216,4186
0.133348535,4185
0.133351957,4184
0.133356009,4183
0.133361357,4182
0.133365737,4181
0.133377293,4180
0.133381591,4179
0.133386612,4178
0.13339104,4177
0.13339554,4176
0.133400434,4175
0.133404504,4174
0.133407968,4173
0.133413073,4172
0.133417292,4171
0.133426132,4170
0.133430654,4169
0.13343455,4168
0.133438361,4167
0.13344257,4166
0.133446376,4165
0.133451578,4164
0.13345485,4163
0.133460106,4162
0.133464085,4161
0.133468897,4160
0.13347312,4159
0.133478659,4158
0.133487054,4157
0.133490769,4156
0.133495937,4155
0.13349983,4154
0.133503469,4153
0.133507493,4152
0.133511506,4151
0.133515029,4150
0.133520517,4149
0.133524329,4148
0.133528964,4147
0.133533999,4146
0.13353768,4145
0.133541102,4144
0.133545873,4143
0.133552682,4142
0.133556077,4141
0.133559683,4140
0.133563271,4139
0.133567069,4138
0.133572155,4137
0.13357579,4136
0.133579497,4135
0.133583522,4134
0.133627653,4133
0.133633465,4132
0.133639919,4131
0.133644664,4130
0.133647669,4129
0.133650795,4128
0.133655417,4127
0.133658849,4126
0.133662242,4125
0.133665333,4124
0.133669778,4123
0.133672691,4122
0.13367598,4121
0.133679145,4120
0.133682073,4119
0.133686089,4118
0.133689235,4117
0.133692518,4116
0.133695656,4115
0.133700891,4114
0.133704367,4113
0.133709063,4112
0.133714566,4111
0.133720364,4110
0.133726121,4109
0.133729328,4108
0.133732258,4107
0.133735925,4106
0.133739446,4105
0.133742691,4104
0.133748753,4103
0.133754472,4102
0.133759067,4101
0.133763437,4100
0.133767103,4099
0.133769647,4098
0.13377355,4097
0.133777878,4096
0.133781513,4095
0.133784701,4094
0.133787779,4093
0.13379118,4092
0.133796229,4091
0.133800265,4090
0.133803839,4089
0.133807166,4088
0.133812106,4087
0.133815714,4086
0.133818875,4085
0.133821924,4084
0.133826437,4083
0.133829785,4082
0.133832656,4081
0.13383592,4080
0.133840195,4079
0.133844636,4078
0.133848117,4077
0.133853255,4076
0.133857268,4075
0.133862617,4074
0.133867722,4073
0.133871292,4072
0.133874331,4071
0.13387838,4070
0.133882054,4069
0.133885269,4068
0.133889098,4067
0.133892645,4066
0.133895645,4065
0.133899714,4064
0.13390354,4063
0.133907181,4062
0.133911223,4061
0.133918135,4060
0.133921919,4059
0.133926526,4058
0.133935985,4057
0.133939531,4056
0.133943183,4055
0.133946893,4054
0.133953502,4053
0.133957261,4052
0.133964038,4051
0.133967515,4050
0.133971091,4049
0.133974548,4048
0.133980904,4047
0.133984624,4046
0.133990318,4045
0.133994742,4044
0.134000144,4043
0.134003612,4042
0.134007298,4041
0.134011589,4040
0.134016278,4039
0.134022811,4038
0.134027064,4037
0.134085845,4036
0.134090579,4035
0.13409457,4034
0.134101023,4033
0.134105417,4032
0.134109169,4031
0.134179119,4030
0.134183858,4029
0.134188469,4028
0.134193085,4027
0.134196893,4026
0.134200545,4025
0.134206817,4024
0.134210437,4023
0.134214072,4022
0.134220216,4021
0.134223959,4020
0.134227642,4019
0.134231816,4018
0.13423604,4017
0.134240158,4016
0.134244162,4015
0.134247812,4014
0.134252401,4013
0.134256422,4012
0.13426068,4011
0.134266953,4010
0.134271486,4009
0.134275289,4008
0.134278749,4007
0.134281985,4006
0.134285792,4005
0.134289143,4004
0.134294515,4003
0.134297902,4002
0.134301793,4001
0.134305351,4000
0.13431713,3999
0.134320774,3998
0.134325565,3997
0.134329154,3996
0.134332935,3995
0.1343372,3994
0.134341098,3993
0.134344396,3992
0.134351471,3991
0.134356039,3990
0.134359259,3989
0.134362834,3988
0.134366334,3987
0.134369847,3986
0.134372946,3985
0.134376153,3984
0.134379565,3983
0.134382865,3982
0.134386002,3981
0.134389424,3980
0.134393214,3979
0.134397247,3978
0.134400537,3977
0.134403582,3976
0.134408311,3975
0.13441182,3974
0.134416604,3973
0.134419956,3972
0.134425159,3971
0.134475534,3970
0.134492965,3969
0.134496853,3968
0.134500679,3967
0.134504519,3966
0.134508178,3965
0.134511751,3964
0.134517792,3963
0.13452111,3962
0.134524889,3961
0.134530569,3960
0.134533915,3959
0.134537893,3958
0.134543383,3957
0.134546964,3956
0.134550448,3955
0.134553381,3954
0.134567704,3953
0.134575748,3952
0.134579481,3951
0.134587024,3950
0.134590741,3949
0.134595572,3948
0.134601813,3947
0.134605149,3946
0.134610796,3945
0.134614068,3944
0.13461735,3943
0.134621129,3942
0.13463023,3941
0.134633522,3940
0.134637087,3939
0.13464169,3938
0.13464564,3937
0.134651748,3936
0.134655006,3935
0.134660021,3934
0.13466397,3933
0.134667797,3932
0.134671767,3931
0.134676235,3930
0.134680926,3929
0.134684396,3928
0.13468911,3927
0.134693725,3926
0.134696711,3925
0.134699729,3924
0.134702866,3923
0.134706048,3922
0.13470949,3921
0.134714182,3920
0.134720692,3919
0.134725159,3918
0.134730585,3917
0.134735141,3916
0.134738322,3915
0.134741903,3914
0.134745187,3913
0.134748806,3912
0.134753371,3911
0.134765421,3910
0.134769448,3909
0.134773335,3908
0.134776879,3907
0.134781931,3906
0.134785806,3905
0.134788979,3904
0.134792485,3903
0.134795845,3902
0.134800907,3901
0.134804474,3900
0.134837448,3899
0.13485018,3898
0.13485437,3897
0.134857563,3896
0.134862737,3895
0.134867164,3894
0.134872099,3893
0.134876743,3892
0.13488061,3891
0.134884015,3890
0.134888044,3889
0.134891407,3888
0.134897131,3887
0.134900999,3886
0.134904478,3885
0.134908251,3884
0.134913219,3883
0.134916949,3882
0.13492226,3881
0.134927798,3880
0.13493224,3879
0.134935777,3878
0.134976299,3877
0.134986662,3876
0.134991593,3875
0.134995038,3874
0.135000758,3873
0.135004657,3872
0.135008095,3871
0.135012414,3870
0.135015609,3869
0.135018913,3868
0.135023257,3867
0.1350274,3866
0.135031348,3865
0.135034903,3864
0.135038204,3863
0.135041693,3862
0.135045618,3861
0.135048979,3860
0.135052344,3859
0.135056718,3858
0.135060054,3857
0.135063872,3856
0.135067204,3855
0.135071748,3854
0.135075219,3853
0.1350787,3852
0.135081882,3851
0.13508534,3850
0.135095337,3849
0.135098232,3848
0.135101341,3847
0.135104547,3846
0.135107621,3845
0.135110898,3844
0.135114007,3843
0.135126895,3842
0.135132064,3841
0.135137317,3840
0.135142709,3839
0.135146738,3838
0.135150263,3837
0.135153734,3836
0.135157269,3835
0.13516064,3834
0.135194459,3833
0.135199107,3832
0.135202498,3831
0.136588124,3830
0.136602844,3829
0.136755791,3828
0.136792235,3827
0.136800849,3826
0.136807565,3825
0.136816366,3824
0.136819909,3823
0.136824054,3822
0.136833385,3821
0.136838687,3820
0.136869173,3819
0.136873301,3818
0.136891846,3817
0.136898296,3816
0.13690265,3815
0.136913913,3814
0.136928107,3813
0.136931653,3812
0.136936817,3811
0.136974841,3810
0.136982982,3809
0.136988226,3808
0.136991495,3807
0.136996342,3806
0.137007846,3805
0.137011278,3804
0.137014375,3803
0.13702014,3802
0.137026725,3801
0.143081285,3800
0.143092952,3799
0.143135697,3798
0.143140116,3797
0.143143813,3796
0.143153169,3795
0.143156746,3794
0.143160407,3793
0.143165182,3792
0.143168903,3791
0.143172135,3790
0.143177539,3789
0.143180755,3788
0.143188115,3787
0.143191686,3786
0.143196397,3785
0.143207238,3784
0.143213084,3783
0.143216188,3782
0.143249357,3781
0.143252199,3780
0.143256673,3779
0.143261143,3778
0.143296103,3777
0.143310162,3776
0.143316279,3775
0.143319583,3774
0.143322349,3773
0.14332623,3772
0.143329341,3771
0.14333289,3770
0.14333593,3769
0.143341041,3768
0.143348299,3767
0.143351449,3766
0.143361303,3765
0.143364448,3764
0.14337629,3763
0.143380718,3762
0.143385085,3761
0.143388306,3760
0.143391451,3759
0.143394577,3758
0.143401669,3757
0.143405683,3756
0.143408957,3755
0.143412159,3754
0.143415052,3753
0.143418857,3752
0.14342234,3751
0.143427285,3750
0.143438494,3749
0.144252991,3748
0.144262612,3747
0.144266682,3746
0.144275292,3745
0.144290166,3744
0.144361884,3743
0.144396111,3742
0.144402119,3741
0.144411994,3740
0.144415661,3739
0.144420878,3738
0.144424854,3737
0.144427997,3736
0.144431036,3735
0.144434292,3734
0.144440586,3733
0.144445225,3732
0.144455962,3731
0.144459139,3730
0.144463406,3729
0.144469193,3728
0.144483493,3727
0.144488685,3726
0.144492764,3725
0.144496221,3724
0.144501987,3723
0.144505744,3722
0.144513906,3721
0.144519607,3720
0.144525706,3719
0.144530594,3718
0.144536357,3717
0.144541112,3716
0.1445454,3715
0.144549172,3714
0.144560748,3713
0.144566438,3712
0.144605458,3711
0.144625684,3710
0.1446306,3709
0.144634848,3708
0.144638829,3707
0.144680017,3706
0.144712065,3705
0.144717,3704
0.144728616,3703
0.144733851,3702
0.14473873,3701
0.144742392,3700
0.144746216,3699
0.144752501,3698
0.144756487,3697
0.144762425,3696
0.144775175,3695
0.144778927,3694
0.144784168,3693
0.144792783,3692
0.144798638,3691
0.144807669,3690
0.144811338,3689
0.144816541,3688
0.144820778,3687
0.144832685,3686
0.144859407,3685
0.144907814,3684
0.144911509,3683
0.144921636,3682
0.144927024,3681
0.144930245,3680
0.144935894,3679
0.144941654,3678
0.14495034,3677
0.144957539,3676
0.144963551,3675
0.144968122,3674
0.144973302,3673
0.144979092,3672
0.144986449,3671
0.144991329,3670
0.144995849,3669
0.144999488,3668
0.145013969,3667
0.145018147,3666
0.145022836,3665
0.145027366,3664
0.145030053,3663
0.145035515,3662
0.14503856,3661
0.145041465,3660
0.145047882,3659
0.145053387,3658
0.145056371,3657
0.145063443,3656
0.145103829,3655
0.14510857,3654
0.145112504,3653
0.145116136,3652
0.145146147,3651
0.145149591,3650
0.14515474,3649
0.145158507,3648
0.145166305,3647
0.145170804,3646
0.145173919,3645
0.145177011,3644
0.145180573,3643
0.145187444,3642
0.145190561,3641
0.145193611,3640
0.145202365,3639
0.145205194,3638
0.145210194,3637
0.145214073,3636
0.14522116,3635
0.145232464,3634
0.145235309,3633
0.145238268,3632
0.145248942,3631
0.145253553,3630
0.145259583,3629
0.145270049,3628
0.145281632,3627
0.145289495,3626
0.145293775,3625
0.145356998,3624
0.145362592,3623
0.145367867,3622
0.145372025,3621
0.145379358,3620
0.145382842,3619
0.145388015,3618
0.145391513,3617
0.145419267,3616
0.145422965,3615
0.145428441,3614
0.145432785,3613
0.145435978,3612
0.14544019,3611
0.145445307,3610
0.145448087,3609
0.145452969,3608
0.145462557,3607
0.145472847,3606
0.145475764,3605
0.145492158,3604
0.145498897,3603
0.145502444,3602
0.145505237,3601
0.145508645,3600
0.145511715,3599
0.145514566,3598
0.145517387,3597
0.145521284,3596
0.145525123,3595
0.145527717,3594
0.145532825,3593
0.145535897,3592
0.145538359,3591
0.145541954,3590
0.145555034,3589
0.14555878,3588
0.145562792,3587
0.145601508,3586
0.145607589,3585
0.145610386,3584
0.145618857,3583
0.145624779,3582
0.145628491,3581
0.145633052,3580
0.145636313,3579
0.145639612,3578
0.14564587,3577
0.145652886,3576
0.145657536,3575
0.145668103,3574
0.145675173,3573
0.145681996,3572
0.145687279,3571
0.1456932,3570
0.145696447,3569
0.145700851,3568
0.145704108,3567
0.145708545,3566
0.145720477,3565
0.145730862,3564
0.145733919,3563
0.145736841,3562
0.145746338,3561
0.1457521,3560
0.145757313,3559
0.145761277,3558
0.145768885,3557
0.145772835,3556
0.145776794,3555
0.145840671,3554
0.145862023,3553
0.145881803,3552
0.145896836,3551
0.145901394,3550
0.145947714,3549
0.145950953,3548
0.145954135,3547
0.145957365,3546
0.145962811,3545
0.14597491,3544
0.145980706,3543
0.145984961,3542
0.145993424,3541
0.145999654,3540
0.146003056,3539
0.146007258,3538
0.146010916,3537
0.146018328,3536
0.146022215,3535
0.146026664,3534
0.146031064,3533
0.146034648,3532
0.146043955,3531
0.146047627,3530
0.1460545,3529
0.14605918,3528
0.146062823,3527
0.146068332,3526
0.146076528,3525
0.146087341,3524
0.146091727,3523
0.146094726,3522
0.146126569,3521
0.146133601,3520
0.146138835,3519
0.146149978,3518
0.146155429,3517
0.146192944,3516
0.14623903,3515
0.146243623,3514
0.146344997,3513
0.146351172,3512
0.146359109,3511
0.146364798,3510
0.146371049,3509
0.146374647,3508
0.146377705,3507
0.146385798,3506
0.146433201,3505
0.146437837,3504
0.146442689,3503
0.147159717,3502
0.147688907,3501
0.147740256,3500
0.147781919,3499
0.14778608,3498
0.14782223,3497
0.147826148,3496
0.147830536,3495
0.147876503,3494
0.147886228,3493
0.147922233,3492
0.147926859,3491
0.147935107,3490
0.147939582,3489
0.147953389,3488
0.147979593,3487
0.147982656,3486
0.147996492,3485
0.147999803,3484
0.148007615,3483
0.148365857,3482
0.14837444,3481
0.148391362,3480
0.148399506,3479
0.148403925,3478
0.148410585,3477
0.148416786,3476
0.148439245,3475
0.148448432,3474
0.14845542,3473
0.148458676,3472
0.148463011,3471
0.148477422,3470
0.148481053,3469
0.14848693,3468
0.14849157,3467
0.148502661,3466
0.14850877,3465
0.148512706,3464
0.148516154,3463
0.148520216,3462
0.148523399,3461
0.148533826,3460
0.148544715,3459
0.148562294,3458
0.14856789,3457
0.148574335,3456
0.148579951,3455
0.148590117,3454
0.148597558,3453
0.148604199,3452
0.148614928,3451
0.148631551,3450
0.148635002,3449
0.148638061,3448
0.148646277,3447
0.148651396,3446
0.148663121,3445
0.148670907,3444
0.148675235,3443
0.148681388,3442
0.148693768,3441
0.148760777,3440
0.148778791,3439
0.1487827,3438
0.148796611,3437
0.148803115,3436
0.148815891,3435
0.148824896,3434
0.148830272,3433
0.148846014,3432
0.148865088,3431
0.148868542,3430
0.148871776,3429
0.14888671,3428
0.148897346,3427
0.148917125,3426
0.148921102,3425
0.148928122,3424
0.14894275,3423
0.148949436,3422
0.148955756,3421
0.148959267,3420
0.148964599,3419
0.148968511,3418
0.148983014,3417
0.148989515,3416
0.148993025,3415
0.148998386,3414
0.14900293,3413
0.149006761,3412
0.149032603,3411
0.14904216,3410
0.149045848,3409
0.149057908,3408
0.149062215,3407
0.149066094,3406
0.149077878,3405
0.149082161,3404
0.14908717,3403
0.149114297,3402
0.149133125,3401
0.149140861,3400
0.149145565,3399
0.14915619,3398
0.149177268,3397
0.149181663,3396
0.149192645,3395
0.149203584,3394
0.149209778,3393
0.149220146,3392
0.149228763,3391
0.149236652,3390
0.149677319,3389
0.149695305,3388
0.149706416,3387
0.149715823,3386
0.149720362,3385
0.14973017,3384
0.149763637,3383
0.149770051,3382
0.149778751,3381
0.14979936,3380
0.149808348,3379
0.149843797,3378
0.149852382,3377
0.149857812,3376
0.149879833,3375
0.149902441,3374
0.149935104,3373
0.149953644,3372
0.149959305,3371
0.149986941,3370
0.149991146,3369
0.15000053,3368
0.150004174,3367
0.150017617,3366
0.150025421,3365
0.150029154,3364
0.150048791,3363
0.150054341,3362
0.150065785,3361
0.150073248,3360
0.150093706,3359
0.150107915,3358
0.15013951,3357
0.150172337,3356
0.150182334,3355
0.150188042,3354
0.150524742,3353
0.150531903,3352
0.15057945,3351
0.150603632,3350
0.150621551,3349
0.150640113,3348
0.150667304,3347
0.150684752,3346
0.15072432,3345
0.150755615,3344
0.150763005,3343
0.150780051,3342
0.151033647,3341
0.151132753,3340
0.151168564,3339
0.151186449,3338
0.151200903,3337
0.151204062,3336
0.151222666,3335
0.151244334,3334
0.151260512,3333
0.151279196,3332
0.151286222,3331
0.15151214,3330
0.151564665,3329
0.15156996,3328
0.151592586,3327
0.151604962,3326
0.151656763,3325
0.151833521,3324
0.15184698,3323
0.151859114,3322
0.151863437,3321
0.151949387,3320
0.152201521,3319
0.152358819,3318
0.1526098,3317
0.152614275,3316
0.152726156,3315
0.152907311,3314
0.152927618,3313
0.153007954,3312
0.153186782,3311
