0.269159803,6061
0.269272256,6060
0.269370177,6059
0.269444946,6058
0.269527568,6057
0.26959167,6056
0.26960437,6055
0.269618038,6054
0.269629766,6053
0.269641852,6052
0.269654273,6051
0.269666638,6050
0.269678545,6049
0.269688565,6048
0.269697022,6047
0.269709205,6046
0.269720392,6045
0.269761774,6044
0.269776362,6043
0.269826352,6042
0.269840736,6041
0.270298473,6040
0.270312321,6039
0.270322592,6038
0.270334237,6037
0.270342156,6036
0.270349728,6035
0.270394568,6034
0.270436455,6033
0.271552525,6032
0.271612365,6031
0.2716339,6030
0.271647776,6029
0.271667173,6028
0.271681933,6027
0.27169612,6026
0.271712129,6025
0.271726493,6024
0.271734835,6023
0.271743623,6022
0.271756885,6021
0.271765155,6020
0.271775373,6019
0.271832946,6018
0.271843712,6017
0.272026673,6016
0.272039547,6015
0.272047808,6014
0.272056439,6013
0.272064686,6012
0.272074311,6011
0.272083864,6010
0.272093916,6009
0.272103411,6008
0.272124944,6007
0.272141425,6006
0.272154405,6005
0.272164836,6004
0.272175059,6003
0.272184377,6002
0.272199869,6001
0.272210477,6000
0.272222854,5999
0.272276944,5998
0.272290259,5997
0.272302299,5996
0.27231379,5995
0.272324443,5994
0.272335192,5993
0.272346882,5992
0.272359179,5991
0.272373275,5990
0.272387971,5989
0.272408145,5988
0.272423114,5987
0.27246039,5986
0.27261219,5985
0.272625462,5984
0.272637147,5983
0.272649578,5982
0.272660187,5981
0.272671627,5980
0.272682264,5979
0.272689346,5978
0.272698555,5977
0.272724653,5976
0.272770233,5975
0.272802316,5974
0.272996862,5973
0.273006812,5972
0.273014712,5971
0.273402382,5970
0.273415261,5969
0.273437752,5968
0.273449759,5967
0.273470977,5966
0.273483778,5965
0.273492367,5964
0.273500846,5963
0.273509163,5962
0.273516632,5961
0.273525599,5960
0.273533245,5959
0.273541695,5958
0.273550406,5957
0.27355913,5956
0.273567999,5955
0.273576377,5954
0.27358429,5953
0.273591913,5952
0.273599421,5951
0.27360679,5950
0.273618816,5949
0.273626148,5948
0.273633939,5947
0.273641854,5946
0.273649922,5945
0.273657483,5944
0.273695353,5943
0.273713106,5942
0.273720286,5941
0.27424704,5940
0.274306316,5939
0.274367545,5938
0.274377647,5937
0.274412106,5936
0.274417606,5935
0.274470006,5934
0.27448529,5933
0.274500859,5932
0.274504936,5931
0.274509264,5930
0.274513189,5929
0.274517227,5928
0.274521145,5927
0.274525197,5926
0.274529188,5925
0.274533471,5924
0.274537955,5923
0.274541797,5922
0.274546367,5921
0.274550771,5920
0.274555498,5919
0.274560427,5918
0.274564717,5917
0.274569106,5916
0.27457418,5915
0.274578543,5914
0.274582547,5913
0.274586793,5912
0.274590819,5911
0.274594855,5910
0.274605187,5909
0.274610374,5908
0.274621509,5907
0.27462647,5906
0.27463731,5905
0.274642694,5904
0.27464852,5903
0.274653941,5902
0.27466504,5901
0.274677722,5900
0.274691463,5899
0.274698445,5898
0.274703512,5897
0.274707982,5896
0.274712916,5895
0.274717187,5894
0.274721471,5893
0.274725371,5892
0.274729415,5891
0.274735129,5890
0.274740723,5889
0.274748087,5888
0.274752511,5887
0.274756752,5886
0.274761139,5885
0.274765053,5884
0.274769432,5883
0.274773373,5882
0.274777088,5881
0.274781406,5880
0.274785524,5879
0.274789215,5878
0.274792887,5877
0.274797714,5876
0.274802091,5875
0.27480598,5874
0.274809527,5873
0.274813538,5872
0.274817725,5871
0.274823403,5870
0.274829011,5869
0.274834857,5868
0.274840298,5867
0.274845096,5866
0.274850177,5865
0.274854854,5864
0.274859733,5863
0.274865248,5862
0.274949695,5861
0.274954554,5860
0.274959394,5859
0.274964228,5858
0.2749689,5857
0.274973864,5856
0.274978496,5855
0.27499358,5854
0.274997855,5853
0.27500416,5852
0.275009214,5851
0.275047621,5850
0.275051356,5849
0.275055047,5848
0.275058416,5847
0.275062921,5846
0.27506705,5845
0.275070799,5844
0.275074863,5843
0.275079106,5842
0.275083244,5841
0.275087412,5840
0.275091452,5839
0.275095696,5838
0.275099649,5837
0.275103589,5836
0.275107396,5835
0.275111444,5834
0.275115493,5833
0.2751196,5832
0.275123835,5831
0.275149669,5830
0.275154852,5829
0.275159423,5828
0.275167482,5827
0.275171247,5826
0.275174917,5825
0.275178692,5824
0.275181946,5823
0.275185472,5822
0.275206459,5821
0.275211035,5820
0.275283645,5819
0.275290231,5818
0.275297511,5817
0.275303203,5816
0.275308723,5815
0.275314164,5814
0.275319072,5813
0.275324927,5812
0.275329816,5811
0.2753348,5810
0.275339495,5809
0.275343997,5808
0.275349093,5807
0.275359512,5806
0.275412812,5805
0.276252174,5804
0.276260788,5803
0.27626498,5802
0.276272104,5801
0.27628206,5800
0.27629371,5799
0.276300964,5798
0.276305933,5797
0.276310695,5796
0.276315685,5795
0.276319842,5794
0.27632381,5793
0.276328045,5792
0.276331433,5791
0.276335046,5790
0.276338897,5789
0.276342014,5788
0.276345002,5787
0.276347738,5786
0.276351138,5785
0.276353946,5784
0.276356905,5783
0.27635952,5782
0.276362395,5781
0.27636522,5780
0.276368083,5779
0.27637169,5778
0.276375412,5777
0.276379571,5776
0.276383286,5775
0.27638784,5774
0.27639221,5773
0.276396548,5772
0.276399984,5771
0.276404896,5770
0.276409135,5769
0.27641326,5768
0.276429186,5767
0.276476761,5766
0.276518733,5765
0.276524591,5764
0.2765294,5763
0.276533025,5762
0.276537579,5761
0.276541358,5760
0.276544812,5759
0.27654884,5758
0.276564648,5757
0.276575566,5756
0.276608453,5755
0.280095051,5754
0.280103672,5753
0.280107445,5752
0.280111666,5751
0.280115504,5750
0.280118925,5749
0.280122008,5748
0.280127485,5747
0.28013252,5746
0.280137415,5745
0.280142795,5744
0.280182877,5743
0.280188931,5742
0.280223866,5741
0.280234277,5740
0.280238605,5739
0.280242534,5738
0.280245988,5737
0.280249137,5736
0.280253289,5735
0.280256763,5734
0.280260264,5733
0.280263399,5732
0.280266621,5731
0.2802705,5730
0.280273885,5729
0.28027804,5728
0.280281363,5727
0.28028398,5726
0.280287158,5725
0.280291971,5724
0.280295169,5723
0.280298345,5722
0.280301441,5721
0.280304432,5720
0.280307306,5719
0.280311117,5718
0.280314559,5717
0.280318275,5716
0.280321715,5715
0.28032548,5714
0.280328797,5713
0.280332369,5712
0.280336102,5711
0.280339526,5710
0.280343349,5709
0.280346703,5708
0.280383686,5707
0.280389366,5706
0.280394868,5705
0.280400929,5704
0.280406642,5703
0.280412444,5702
0.280417018,5701
0.280612522,5700
0.280618617,5699
0.280644851,5698
0.280648091,5697
0.280651966,5696
0.280656245,5695
0.280660054,5694
0.2806652,5693
0.280700154,5692
0.28070473,5691
0.280709401,5690
0.280745049,5689
0.280749199,5688
0.280784821,5687
0.28138913,5686
0.281398025,5685
0.281404467,5684
0.281437182,5683
0.281440985,5682
0.281452149,5681
0.281458063,5680
0.281501132,5679
0.281602412,5678
0.28160769,5677
0.281621291,5676
0.281628551,5675
0.281633036,5674
0.281636662,5673
0.281640815,5672
0.281644926,5671
0.281648606,5670
0.281652002,5669
0.281655856,5668
0.281659519,5667
0.281663221,5666
0.281668847,5665
0.281672086,5664
0.281675295,5663
0.281678589,5662
0.281681972,5661
0.281685798,5660
0.28168958,5659
0.281693152,5658
0.281696322,5657
0.281699773,5656
0.28170365,5655
0.281707358,5654
0.281711185,5653
0.281714448,5652
0.281717789,5651
0.281725008,5650
0.281734058,5649
0.281738466,5648
0.281742325,5647
0.281746016,5646
0.281749556,5645
0.281753076,5644
0.281756478,5643
0.281760037,5642
0.281763749,5641
0.281767448,5640
0.281771343,5639
0.281788228,5638
0.281805283,5637
0.281812749,5636
0.28181925,5635
0.281829516,5634
0.281833122,5633
0.281836986,5632
0.281840146,5631
0.281843296,5630
0.281846326,5629
0.281849151,5628
0.281851625,5627
0.281854108,5626
0.281856828,5625
0.281859347,5624
0.281861667,5623
0.281864082,5622
0.281866522,5621
0.281869033,5620
0.281871621,5619
0.281874253,5618
0.281876812,5617
0.281879661,5616
0.281882073,5615
0.28188434,5614
0.281889181,5613
0.281898674,5612
0.281902991,5611
0.281907007,5610
0.281911456,5609
0.281915029,5608
0.281919298,5607
0.281922817,5606
0.281926892,5605
0.281930744,5604
0.281934624,5603
0.281938952,5602
0.281943124,5601
0.281947097,5600
0.281951319,5599
0.281955917,5598
0.281960304,5597
0.281964477,5596
0.281974078,5595
0.281978574,5594
0.28198228,5593
0.281985273,5592
0.281987924,5591
0.281990494,5590
0.281994105,5589
0.2819974,5588
0.282000435,5587
0.282003045,5586
0.28200551,5585
0.282008167,5584
0.282010815,5583
0.282013343,5582
0.282016011,5581
0.282018595,5580
0.282021531,5579
0.282024256,5578
0.282026933,5577
0.282029495,5576
0.282031917,5575
0.282034644,5574
0.282037345,5573
0.282040111,5572
0.282042823,5571
0.282045205,5570
0.282047616,5569
0.282050069,5568
0.282052492,5567
0.282055259,5566
0.282057629,5565
0.282060426,5564
0.28206352,5563
0.282065897,5562
0.282069337,5561
0.282072771,5560
0.282075216,5559
0.282077718,5558
0.282080149,5557
0.282083559,5556
0.282086198,5555
0.282088753,5554
0.282091078,5553
0.282094439,5552
0.282098501,5551
0.282133711,5550
0.282137507,5549
0.282141104,5548
0.282145913,5547
0.282150703,5546
0.282155194,5545
0.282159199,5544
0.282163889,5543
0.282168502,5542
0.28217267,5541
0.282176731,5540
0.28218064,5539
0.282184137,5538
0.282187294,5537
0.282191213,5536
0.282195074,5535
0.282200221,5534
0.282256334,5533
0.282258936,5532
0.282261354,5531
0.282263863,5530
0.282266322,5529
0.282269869,5528
0.282273237,5527
0.282276403,5526
0.282279572,5525
0.282283756,5524
0.282286885,5523
0.282290554,5522
0.282294548,5521
0.282300644,5520
0.282304901,5519
0.282308889,5518
0.282317905,5517
0.282325514,5516
0.282330956,5515
0.282334579,5514
0.282338064,5513
0.282341795,5512
0.282345587,5511
0.282348616,5510
0.282351917,5509
0.282355772,5508
0.282359724,5507
0.282363496,5506
0.282366849,5505
0.282370549,5504
0.282374157,5503
0.282377921,5502
0.282381587,5501
0.282385245,5500
0.2823885,5499
0.282391574,5498
0.282394857,5497
0.282398186,5496
0.282401226,5495
0.282404599,5494
0.28240799,5493
0.282411433,5492
0.282414712,5491
0.282417397,5490
0.282421192,5489
0.282424438,5488
0.282428573,5487
0.28243231,5486
0.28243618,5485
0.282439344,5484
0.282442336,5483
0.282446037,5482
0.282449572,5481
0.282453174,5480
0.282456352,5479
0.282459395,5478
0.282462653,5477
0.282466292,5476
0.282469666,5475
0.282472873,5474
0.282475845,5473
0.282479316,5472
0.282482255,5471
0.282485661,5470
0.282488687,5469
0.282491473,5468
0.282494341,5467
0.282497593,5466
0.282500515,5465
0.282503684,5464
0.282506736,5463
0.282509913,5462
0.282513309,5461
0.282516289,5460
0.282520103,5459
0.282523519,5458
0.282527373,5457
0.282534923,5456
0.282540567,5455
0.282543751,5454
0.282553679,5453
0.282557715,5452
0.282560916,5451
0.282564042,5450
0.282567292,5449
0.282570541,5448
0.282573498,5447
0.282576949,5446
0.282581062,5445
0.282586514,5444
0.282590861,5443
0.282594495,5442
0.282597913,5441
0.282600782,5440
0.282604328,5439
0.282607279,5438
0.282610739,5437
0.282613857,5436
0.282646435,5435
0.282650379,5434
0.282653706,5433
0.282657284,5432
0.282660559,5431
0.282663901,5430
0.282666944,5429
0.282670058,5428
0.282673183,5427
0.282676402,5426
0.282679956,5425
0.282683748,5424
0.282686977,5423
0.282690101,5422
0.282694164,5421
0.282697657,5420
0.282700963,5419
0.282704208,5418
0.28271221,5417
0.282716544,5416
0.282720019,5415
0.282723429,5414
0.282729209,5413
0.282732883,5412
0.282735523,5411
0.282737998,5410
0.28274058,5409
0.282743094,5408
0.282745966,5407
0.282748502,5406
0.282751406,5405
0.282754019,5404
0.2827564,5403
0.282758977,5402
0.282761382,5401
0.282764159,5400
0.28276679,5399
0.282769239,5398
0.282771512,5397
0.282773958,5396
0.282776087,5395
0.282778499,5394
0.282781099,5393
0.282783338,5392
0.2827856,5391
0.282788164,5390
0.282790563,5389
0.282792935,5388
0.282795246,5387
0.28279748,5386
0.28280005,5385
0.282802245,5384
0.282804588,5383
0.2828069,5382
0.282809257,5381
0.282812593,5380
0.282816105,5379
0.282819772,5378
0.282822704,5377
0.282826318,5376
0.282829413,5375
0.282832417,5374
0.282836701,5373
0.282840289,5372
0.282843349,5371
0.282847395,5370
0.28285096,5369
0.282860444,5368
0.282866085,5367
0.282869117,5366
0.282871816,5365
0.282876802,5364
0.282879669,5363
0.282882323,5362
0.282885419,5361
0.282888278,5360
0.282890719,5359
0.282893357,5358
0.282896028,5357
0.282898663,5356
0.282901071,5355
0.282903836,5354
0.282907413,5353
0.282910878,5352
0.282914349,5351
0.2829181,5350
0.282922285,5349
0.282925679,5348
0.28292946,5347
0.282934524,5346
0.282937941,5345
0.282941023,5344
0.282943634,5343
0.282946566,5342
0.282948943,5341
0.282951298,5340
0.282954203,5339
0.282956891,5338
0.282959285,5337
0.282962561,5336
0.282965475,5335
0.282968836,5334
0.28297218,5333
0.282975148,5332
0.282978336,5331
0.282981186,5330
0.282983451,5329
0.282985664,5328
0.282988204,5327
0.282990373,5326
0.282992813,5325
0.282995107,5324
0.282997371,5323
0.283000175,5322
0.283002376,5321
0.283004474,5320
0.283006532,5319
0.283009748,5318
0.283012378,5317
0.28301488,5316
0.283017313,5315
0.283019548,5314
0.283021694,5313
0.283024759,5312
0.283027285,5311
0.283029614,5310
0.283031765,5309
0.283034617,5308
0.283039426,5307
0.283042246,5306
0.283044841,5305
0.283047723,5304
0.283052483,5303
0.28305597,5302
0.283059399,5301
0.283067953,5300
0.283071614,5299
0.283075088,5298
0.283078456,5297
0.283088296,5296
0.28309463,5295
0.283098255,5294
0.283101153,5293
0.283103863,5292
0.283107272,5291
0.28310996,5290
0.283113278,5289
0.283116064,5288
0.283118943,5287
0.283122115,5286
0.283125044,5285
0.283128416,5284
0.283138957,5283
0.283143141,5282
0.283146549,5281
0.283150395,5280
0.283154358,5279
0.283158803,5278
0.283162042,5277
0.283165033,5276
0.283168353,5275
0.283171932,5274
0.283174952,5273
0.283178409,5272
0.283181608,5271
0.283184883,5270
0.283189386,5269
0.283193259,5268
0.283196404,5267
0.283199453,5266
0.283204312,5265
0.283208301,5264
0.283212529,5263
0.283215388,5262
0.283217978,5261
0.283220329,5260
0.283222752,5259
0.283226165,5258
0.283228719,5257
0.283231154,5256
0.283233491,5255
0.283235867,5254
0.2832378,5253
0.283239989,5252
0.283241914,5251
0.283246063,5250
0.283249396,5249
0.28325211,5248
0.283255306,5247
0.283257731,5246
0.283260781,5245
0.283263082,5244
0.283265956,5243
0.283268405,5242
0.283271588,5241
0.283274263,5240
0.283277082,5239
0.283280638,5238
0.283283263,5237
0.283286686,5236
0.283290404,5235
0.283293215,5234
0.283295749,5233
0.283299371,5232
0.28330297,5231
0.283305894,5230
0.283309251,5229
0.283312428,5228
0.283315344,5227
0.28332194,5226
0.28333325,5225
0.28333632,5224
0.283338902,5223
0.283342203,5222
0.283345722,5221
0.283348367,5220
0.283351762,5219
0.283354586,5218
0.283357147,5217
0.283360581,5216
0.283363224,5215
0.283366727,5214
0.283369259,5213
0.283372766,5212
0.283416128,5211
0.283419048,5210
0.283421789,5209
0.283424178,5208
0.283426469,5207
0.28342866,5206
0.283432457,5205
0.283435294,5204
0.283438145,5203
0.283440745,5202
0.28344431,5201
0.283447112,5200
0.283449874,5199
0.283453097,5198
0.283455627,5197
0.283458031,5196
0.283460238,5195
0.283462478,5194
0.283464558,5193
0.283466708,5192
0.283469108,5191
0.28347202,5190
0.28483693,5189
0.284839435,5188
0.284842113,5187
0.2848457,5186
0.284848101,5185
0.284851719,5184
0.284854762,5183
0.284857419,5182
0.284859737,5181
0.284862413,5180
0.284864854,5179
0.284867349,5178
0.284869737,5177
0.28487219,5176
0.284874272,5175
0.284876376,5174
0.28487921,5173
0.284881876,5172
0.284886486,5171
0.28488895,5170
0.284891492,5169
0.284893979,5168
0.284896275,5167
0.284899913,5166
0.28490419,5165
0.284907629,5164
0.284910263,5163
0.284912313,5162
0.284916761,5161
0.284920285,5160
0.284923748,5159
0.284926786,5158
0.28492981,5157
0.284933359,5156
0.284937146,5155
0.284940735,5154
0.28494381,5153
0.284947283,5152
0.284950885,5151
0.284954089,5150
0.284956746,5149
0.28496016,5148
0.284963539,5147
0.284966858,5146
0.285001246,5145
0.285012992,5144
0.285016917,5143
0.285020797,5142
0.2850341,5141
0.285037377,5140
0.285040934,5139
0.28504444,5138
0.285085149,5137
0.285089132,5136
0.285092572,5135
0.285096046,5134
0.285099694,5133
0.285103784,5132
0.285107427,5131
0.285111412,5130
0.28511526,5129
0.285126478,5128
0.285131805,5127
0.285137505,5126
0.285141556,5125
0.285145046,5124
0.285147846,5123
0.285153432,5122
0.285159032,5121
0.285163906,5120
0.285200138,5119
0.285205833,5118
0.285234991,5117
0.285239072,5116
0.285243251,5115
0.285247052,5114
0.285251103,5113
0.285277016,5112
0.285281194,5111
0.285287927,5110
0.285293351,5109
0.285297384,5108
0.285309406,5107
0.285312383,5106
0.285316856,5105
0.285320287,5104
0.285325559,5103
0.285328816,5102
0.285331879,5101
0.285336607,5100
0.285339441,5099
0.285341988,5098
0.285344626,5097
0.285347214,5096
0.285350843,5095
0.285354397,5094
0.285357084,5093
0.285362293,5092
0.285365904,5091
0.285369853,5090
0.285373518,5089
0.285376578,5088
0.285380041,5087
0.285383926,5086
0.285387328,5085
0.28539148,5084
0.285394749,5083
0.285397951,5082
0.285401651,5081
0.285404858,5080
0.285408738,5079
0.285412344,5078
0.285415306,5077
0.28541912,5076
0.285422548,5075
0.28542606,5074
0.2854295,5073
0.285432855,5072
0.285435922,5071
0.285440675,5070
0.285444605,5069
0.285448605,5068
0.285452384,5067
0.285455641,5066
0.285458961,5065
0.285462761,5064
0.285467074,5063
0.285486084,5062
0.285489539,5061
0.285492619,5060
0.285495826,5059
0.285498903,5058
0.285502955,5057
0.285505938,5056
0.285508691,5055
0.28551208,5054
0.285517275,5053
0.285521284,5052
0.28552459,5051
0.285528392,5050
0.285532595,5049
0.285536169,5048
0.285539418,5047
0.285545276,5046
0.285549811,5045
0.285552742,5044
0.285555635,5043
0.285558341,5042
0.285560859,5041
0.285563536,5040
0.285566318,5039
0.285568918,5038
0.285571878,5037
0.285578905,5036
0.285581454,5035
0.285584645,5034
0.285587486,5033
0.285590267,5032
0.28559282,5031
0.285595458,5030
0.285598335,5029
0.285601469,5028
0.285603926,5027
0.285606486,5026
0.28560909,5025
0.28561181,5024
0.285614285,5023
0.28561761,5022
0.285620855,5021
0.285623576,5020
0.285626051,5019
0.285628387,5018
0.285632608,5017
0.285635115,5016
0.285637685,5015
0.285640027,5014
0.285642405,5013
0.285644795,5012
0.285647317,5011
0.285649719,5010
0.285652912,5009
0.285667321,5008
0.285670427,5007
0.285673549,5006
0.28568449,5005
0.285687462,5004
0.285690254,5003
0.285692762,5002
0.285696115,5001
0.285699279,5000
0.285703549,4999
0.285706514,4998
0.285708887,4997
0.285712582,4996
0.285715947,4995
0.28571892,4994
0.285721701,4993
0.285726232,4992
0.285729459,4991
0.285732632,4990
0.285735343,4989
0.285737601,4988
0.285740009,4987
0.285742584,4986
0.285745108,4985
0.285747585,4984
0.285750797,4983
0.285754044,4982
0.285756321,4981
0.285758793,4980
0.285761311,4979
0.285764664,4978
0.285767888,4977
0.285771733,4976
0.285775015,4975
0.28577803,4974
0.28578194,4973
0.285787268,4972
0.285791684,4971
0.285795785,4970
0.285800457,4969
0.285806857,4968
0.285810474,4967
0.285814424,4966
0.285817933,4965
0.285821362,4964
0.285824804,4963
0.285828155,4962
0.285831989,4961
0.285836624,4960
0.28584004,4959
0.285844562,4958
0.285848278,4957
0.285851783,4956
0.285855355,4955
0.28585835,4954
0.285862929,4953
0.285866019,4952
0.285871558,4951
0.285874851,4950
0.285878077,4949
0.285880759,4948
0.285883888,4947
0.285886738,4946
0.285889572,4945
0.285893656,4944
0.285898843,4943
0.285902442,4942
0.285905419,4941
0.285908259,4940
0.285911257,4939
0.285916335,4938
0.285920333,4937
0.285925334,4936
0.285928878,4935
0.285932092,4934
0.285935019,4933
0.285938614,4932
0.285942156,4931
0.285946698,4930
0.285950016,4929
0.285953737,4928
0.285958387,4927
0.285962455,4926
0.28596786,4925
0.285971975,4924
0.285975159,4923
0.285978551,4922
0.285981832,4921
0.285988187,4920
0.285992383,4919
0.285995921,4918
0.28599957,4917
0.286003127,4916
0.286006639,4915
0.286009937,4914
0.28601422,4913
0.286017278,4912
0.286020463,4911
0.286023431,4910
0.286026833,4909
0.286031326,4908
0.286035606,4907
0.286038664,4906
0.286041643,4905
0.286044264,4904
0.286048394,4903
0.286052068,4902
0.28606046,4901
0.286065999,4900
0.286069157,4899
0.286073508,4898
0.286077024,4897
0.286081184,4896
0.28608625,4895
0.286147728,4894
0.28616093,4893
0.286165331,4892
0.28617118,4891
0.286175727,4890
0.286181348,4889
0.286185842,4888
0.28618908,4887
0.286194,4886
0.286197737,4885
0.286202557,4884
0.286205697,4883
0.286209212,4882
0.286212452,4881
0.28621532,4880
0.28621817,4879
0.286220828,4878
0.286223202,4877
0.286226578,4876
0.286230226,4875
0.286233173,4874
0.286236246,4873
0.286239308,4872
0.28624223,4871
0.286247449,4870
0.286249811,4869
0.286252407,4868
0.286254669,4867
0.286261074,4866
0.286264961,4865
0.286268589,4864
0.286271935,4863
0.286276332,4862
0.286282814,4861
0.286288299,4860
0.286292701,4859
0.286296836,4858
0.286300406,4857
0.286303906,4856
0.286308002,4855
0.286312082,4854
0.286316704,4853
0.286344189,4852
0.286348096,4851
0.286351905,4850
0.286355368,4849
0.286364273,4848
0.286367698,4847
0.286370968,4846
0.286374598,4845
0.286378094,4844
0.286382072,4843
0.286385726,4842
0.286398353,4841
0.286402585,4840
0.286406104,4839
0.286409444,4838
0.286413652,4837
0.286431613,4836
0.286435373,4835
0.286438311,4834
0.286441319,4833
0.286445317,4832
0.286457803,4831
0.286461169,4830
0.286465031,4829
0.286467949,4828
0.286470977,4827
0.286474104,4826
0.286477397,4825
0.28648246,4824
0.286485494,4823
0.286488452,4822
0.286492251,4821
0.286495975,4820
0.286498797,4819
0.286503698,4818
0.286507756,4817
0.286510751,4816
0.28651455,4815
0.286520915,4814
0.286524629,4813
0.286527752,4812
0.286531629,4811
0.286535597,4810
0.286538845,4809
0.286541642,4808
0.286545527,4807
0.286550154,4806
0.286553386,4805
0.286557244,4804
0.286561917,4803
0.286564977,4802
0.286567819,4801
0.286570889,4800
0.286573943,4799
0.286576618,4798
0.286579222,4797
0.286584357,4796
0.2866063,4795
0.286610782,4794
0.286614907,4793
0.286619262,4792
0.286623359,4791
0.286626238,4790
0.286630541,4789
0.28663465,4788
0.286638885,4787
0.286642076,4786
0.286645201,4785
0.286648296,4784
0.286651067,4783
0.286653968,4782
0.286657092,4781
0.286659774,4780
0.286662639,4779
0.286665579,4778
0.286668453,4777
0.286689767,4776
0.286693381,4775
0.286697471,4774
0.286700233,4773
0.286708988,4772
0.286712029,4771
0.28671573,4770
0.286718631,4769
0.286722415,4768
0.2867255,4767
0.286730526,4766
0.286733635,4765
0.28673735,4764
0.286741586,4763
0.286744909,4762
0.286748792,4761
0.286753595,4760
0.286757007,4759
0.286761391,4758
0.286766846,4757
0.286770011,4756
0.286774013,4755
0.286776924,4754
0.28678047,4753
0.286783455,4752
0.286786245,4751
0.286789135,4750
0.28679201,4749
0.286795145,4748
0.286797784,4747
0.286800465,4746
0.286804227,4745
0.286807319,4744
0.286810774,4743
0.286814161,4742
0.286816874,4741
0.286820623,4740
0.28682388,4739
0.286827526,4738
0.286831217,4737
0.286835729,4736
0.286841487,4735
0.286845091,4734
0.286848103,4733
0.286851641,4732
0.286855535,4731
0.286858717,4730
0.286861684,4729
0.286864661,4728
0.286867577,4727
0.286870636,4726
0.286875857,4725
0.286879658,4724
0.286887573,4723
0.286891844,4722
0.286895014,4721
0.286897892,4720
0.286901089,4719
0.286903999,4718
0.286907434,4717
0.286910531,4716
0.28691349,4715
0.286917088,4714
0.286920804,4713
0.286923831,4712
0.286926717,4711
0.286929543,4710
0.286934492,4709
0.286938052,4708
0.286942037,4707
0.286945566,4706
0.286949372,4705
0.286953543,4704
0.286958032,4703
0.286961335,4702
0.286976625,4701
0.286983779,4700
0.286990567,4699
0.28704724,4698
0.287062927,4697
0.287068847,4696
0.287075069,4695
0.287085175,4694
0.287091169,4693
0.287101577,4692
0.287120492,4691
0.287123373,4690
0.287127239,4689
0.287130256,4688
0.287133618,4687
0.287139932,4686
0.28714281,4685
0.287146679,4684
0.287150728,4683
0.287154593,4682
0.287158404,4681
0.287165946,4680
0.287171228,4679
0.287174726,4678
0.287178434,4677
0.287181659,4676
0.287185077,4675
0.287189626,4674
0.287192914,4673
0.287195901,4672
0.287230429,4671
0.287234417,4670
0.28723796,4669
0.287241309,4668
0.287244684,4667
0.287248225,4666
0.287261313,4665
0.287265367,4664
0.287276351,4663
0.287280961,4662
0.287287487,4661
0.287321654,4660
0.28732661,4659
0.287330371,4658
0.287334328,4657
0.28733779,4656
0.28734063,4655
0.287343267,4654
0.287345881,4653
0.287348363,4652
0.287350816,4651
0.287353184,4650
0.287358485,4649
0.287361496,4648
0.287364336,4647
0.287367928,4646
0.287371435,4645
0.287374161,4644
0.287380085,4643
0.287384318,4642
0.287388232,4641
0.287390639,4640
0.287393221,4639
0.287397315,4638
0.287400693,4637
0.287404529,4636
0.287407323,4635
0.287412044,4634
0.28741689,4633
0.287423644,4632
0.28742687,4631
0.287430303,4630
0.287433573,4629
0.28743704,4628
0.287440158,4627
0.287443692,4626
0.287446778,4625
0.28744994,4624
0.287456442,4623
0.287459796,4622
0.287465475,4621
0.287468605,4620
0.287473805,4619
0.287484217,4618
0.287489308,4617
0.287493061,4616
0.287496901,4615
0.287500109,4614
0.287502785,4613
0.287506246,4612
0.287512171,4611
0.287515155,4610
0.287518451,4609
0.28752242,4608
0.287525285,4607
0.287530173,4606
0.287534702,4605
0.28753826,4604
0.287542667,4603
0.28754703,4602
0.287550335,4601
0.287553928,4600
0.287569488,4599
0.287575138,4598
0.287578354,4597
0.287601743,4596
0.287605033,4595
0.287616468,4594
0.287620232,4593
0.287623952,4592
0.287630204,4591
0.28764244,4590
0.28764657,4589
0.28765069,4588
0.287654081,4587
0.287657651,4586
0.287660575,4585
0.287663791,4584
0.287667028,4583
0.287670345,4582
0.28767305,4581
0.287675349,4580
0.287677983,4579
0.287682314,4578
0.287685723,4577
0.287690132,4576
0.287693252,4575
0.287696432,4574
0.287699756,4573
0.28770311,4572
0.287707483,4571
0.287710596,4570
0.287713793,4569
0.287717356,4568
0.287720876,4567
0.287724866,4566
0.287727775,4565
0.287731339,4564
0.287734901,4563
0.287739704,4562
0.287758368,4561
0.287761837,4560
0.287764581,4559
0.287767417,4558
0.287770795,4557
0.28777452,4556
0.287777654,4555
0.287781125,4554
0.287783974,4553
0.287788364,4552
0.287791759,4551
0.287794832,4550
0.28779837,4549
0.287802143,4548
0.287804996,4547
0.287809327,4546
0.287812284,4545
0.287816187,4544
0.287820124,4543
0.287824375,4542
0.287828304,4541
0.287832115,4540
0.287836343,4539
0.28783926,4538
0.287842161,4537
0.28784501,4536
0.287849008,4535
0.287853086,4534
0.287859323,4533
0.287862176,4532
0.287864871,4531
0.287868072,4530
0.287872818,4529
0.287875816,4528
0.287878461,4527
0.287883403,4526
0.287886964,4525
0.287889503,4524
0.287892151,4523
0.287894837,4522
0.287897641,4521
0.287900622,4520
0.287903269,4519
0.287905909,4518
0.287908853,4517
0.287911799,4516
0.287915442,4515
0.287918391,4514
0.287921232,4513
0.287923678,4512
0.287927558,4511
0.287931479,4510
0.287935221,4509
0.287938207,4508
0.287941073,4507
0.287943855,4506
0.287946041,4505
0.287948613,4504
0.287950953,4503
0.287954286,4502
0.287956894,4501
0.287959427,4500
0.28796287,4499
0.287965111,4498
0.287967664,4497
0.287970195,4496
0.287972504,4495
0.287975813,4494
0.287979528,4493
0.287982027,4492
0.287985536,4491
0.287988203,4490
0.287990978,4489
0.287993674,4488
0.287996208,4487
0.287998692,4486
0.288001192,4485
0.288003667,4484
0.288006139,4483
0.288009086,4482
0.288011658,4481
0.288013841,4480
0.288017796,4479
0.288020316,4478
0.28802275,4477
0.288024954,4476
0.288027049,4475
0.288029209,4474
0.288032334,4473
0.288034936,4472
0.288044483,4471
0.288047858,4470
0.28805141,4469
0.288054571,4468
0.288057386,4467
0.288060211,4466
0.2880664,4465
0.288071186,4464
0.288076666,4463
0.288102808,4462
0.288107621,4461
0.288110341,4460
0.288113443,4459
0.288116094,4458
0.288118398,4457
0.288120793,4456
0.28812516,4455
0.288128279,4454
0.288131754,4453
0.288136823,4452
0.288140244,4451
0.288143824,4450
0.288146785,4449
0.288151439,4448
0.288154221,4447
0.288158212,4446
0.288160878,4445
0.288163391,4444
0.288165763,4443
0.288168326,4442
0.288172595,4441
0.288175741,4440
0.288179698,4439
0.288183461,4438
0.288186016,4437
0.288190189,4436
0.288194025,4435
0.288196736,4434
0.288199347,4433
0.288201969,4432
0.288204575,4431
0.2882072,4430
0.288210095,4429
0.288212769,4428
0.288216701,4427
0.288219481,4426
0.288222021,4425
0.288224747,4424
0.288228988,4423
0.288231424,4422
0.288234175,4421
0.288236566,4420
0.288239223,4419
0.288241495,4418
0.288243846,4417
0.288246242,4416
0.288248972,4415
0.288251443,4414
0.288254427,4413
0.288256741,4412
0.288259485,4411
0.288262596,4410
0.288265144,4409
0.288267635,4408
0.288269581,4407
0.288271582,4406
0.2882738,4405
0.288275978,4404
0.288278236,4403
0.288281336,4402
0.288283744,4401
0.28828587,4400
0.288289131,4399
0.288297539,4398
0.288301185,4397
0.28830365,4396
0.288306383,4395
0.288309301,4394
0.28831301,4393
0.288315359,4392
0.288317923,4391
0.288320274,4390
0.288322669,4389
0.288325108,4388
0.288327515,4387
0.288329898,4386
0.288332245,4385
0.288334436,4384
0.288336735,4383
0.288339039,4382
0.288341322,4381
0.28834391,4380
0.288346266,4379
0.288348527,4378
0.288351452,4377
0.28835548,4376
0.288358336,4375
0.288360799,4374
0.288363908,4373
0.288366866,4372
0.288369843,4371
0.288372605,4370
0.288376372,4369
0.288379241,4368
0.288381914,4367
0.288384455,4366
0.288386798,4365
0.288389601,4364
0.288393544,4363
0.288401321,4362
0.28840512,4361
0.288407744,4360
0.288409912,4359
0.288412196,4358
0.28841439,4357
0.288417461,4356
0.288419466,4355
0.288421676,4354
0.288424798,4353
0.288427957,4352
0.288431226,4351
0.288433613,4350
0.288436091,4349
0.288438317,4348
0.288440666,4347
0.288443523,4346
0.288447546,4345
0.288450018,4344
0.288452547,4343
0.288490013,4342
0.28849387,4341
0.28850139,4340
0.288504885,4339
0.28850744,4338
0.288510014,4337
0.288512488,4336
0.288515193,4335
0.288517715,4334
0.288521798,4333
0.288524625,4332
0.288527721,4331
0.288530256,4330
0.288532996,4329
0.288535593,4328
0.28853813,4327
0.288541002,4326
0.288545408,4325
0.288548454,4324
0.288550918,4323
0.288553437,4322
0.288555977,4321
0.288559158,4320
0.288561871,4319
0.288567503,4318
0.288570048,4317
0.288573955,4316
0.288576647,4315
0.288579732,4314
0.288582534,4313
0.288585449,4312
0.288588504,4311
0.288592499,4310
0.288597248,4309
0.288600648,4308
0.288604163,4307
0.28860781,4306
0.288613764,4305
0.28861804,4304
0.288622081,4303
0.288624967,4302
0.288629635,4301
0.288632092,4300
0.288634654,4299
0.288637187,4298
0.288643286,4297
0.288647646,4296
0.288650972,4295
0.288654169,4294
0.288657297,4293
0.288660567,4292
0.288663898,4291
0.288668166,4290
0.288676781,4289
0.288680361,4288
0.288683361,4287
0.288686317,4286
0.288689085,4285
0.288692153,4284
0.288695849,4283
0.288698537,4282
0.288701773,4281
0.288704555,4280
0.288708159,4279
0.288711727,4278
0.288714943,4277
0.288727105,4276
0.288730998,4275
0.288734103,4274
0.288737168,4273
0.288740647,4272
0.288744458,4271
0.288748261,4270
0.288751726,4269
0.288754473,4268
0.288759011,4267
0.288761603,4266
0.288764153,4265
0.28876673,4264
0.288769348,4263
0.288775361,4262
0.288779109,4261
0.288782295,4260
0.288785669,4259
0.288789502,4258
0.288792562,4257
0.288797987,4256
0.288802712,4255
0.288805352,4254
0.288808858,4253
0.288812259,4252
0.288817168,4251
0.288819673,4250
0.288823151,4249
0.288825935,4248
0.28882944,4247
0.288833446,4246
0.288837281,4245
0.288841128,4244
0.28884428,4243
0.288847334,4242
0.288850137,4241
0.288854964,4240
0.288857881,4239
0.288860894,4238
0.288863819,4237
0.288866651,4236
0.288869362,4235
0.288872685,4234
0.288876442,4233
0.288879265,4232
0.288881784,4231
0.288884369,4230
0.288887239,4229
0.288890357,4228
0.288894443,4227
0.288897592,4226
0.288900499,4225
0.28890333,4224
0.288906009,4223
0.288908747,4222
0.288911658,4221
0.288914606,4220
0.288918057,4219
0.288920472,4218
0.288923019,4217
0.288925589,4216
0.288928289,4215
0.288930861,4214
0.288933391,4213
0.288936803,4212
0.288940748,4211
0.288943527,4210
0.288946067,4209
0.288949594,4208
0.288952872,4207
0.288956508,4206
0.288959266,4205
0.288963765,4204
0.288967518,4203
0.288971234,4202
0.288974212,4201
0.288977341,4200
0.288979907,4199
0.288982383,4198
0.288985133,4197
0.288988287,4196
0.28899133,4195
0.288994331,4194
0.288997051,4193
0.289000095,4192
0.289003033,4191
0.289005961,4190
0.28900877,4189
0.2890117,4188
0.289014384,4187
0.289017396,4186
0.289020214,4185
0.289023024,4184
0.2890257,4183
0.289029222,4182
0.289033881,4181
0.28903828,4180
0.289041447,4179
0.28904572,4178
0.28904892,4177
0.289056619,4176
0.289060011,4175
0.289064158,4174
0.289068545,4173
0.289071956,4172
0.289076016,4171
0.289080812,4170
0.289085553,4169
0.289089097,4168
0.289092542,4167
0.2890961,4166
0.289099468,4165
0.289102904,4164
0.289106731,4163
0.289110172,4162
0.289113692,4161
0.289117734,4160
0.2891215,4159
0.289125082,4158
0.289128527,4157
0.289131901,4156
0.289135923,4155
0.289139051,4154
0.28914365,4153
0.289148879,4152
0.289176124,4151
0.289181178,4150
0.289184847,4149
0.289188118,4148
0.289191184,4147
0.289194511,4146
0.28919795,4145
0.289202251,4144
0.289205247,4143
0.289208868,4142
0.289212367,4141
0.289215211,4140
0.289219047,4139
0.289222005,4138
0.289224552,4137
0.289228098,4136
0.289230738,4135
0.289234254,4134
0.289236882,4133
0.289240573,4132
0.289243012,4131
0.289245397,4130
0.28924946,4129
0.289254059,4128
0.289258848,4127
0.289261738,4126
0.289264676,4125
0.289267552,4124
0.289270627,4123
0.289274958,4122
0.289280808,4121
0.289284715,4120
0.289289735,4119
0.289293351,4118
0.289298422,4117
0.289301817,4116
0.289305365,4115
0.289308773,4114
0.289311747,4113
0.2893152,4112
0.289318648,4111
0.289340543,4110
0.289344537,4109
0.289347969,4108
0.289350981,4107
0.289353871,4106
0.289356532,4105
0.289359288,4104
0.289362497,4103
0.289366534,4102
0.289369916,4101
0.289373769,4100
0.289376569,4099
0.289379372,4098
0.289382095,4097
0.289384982,4096
0.289387973,4095
0.289478861,4094
0.289482075,4093
0.289486057,4092
0.289489213,4091
0.289492568,4090
0.289495852,4089
0.289500586,4088
0.289503996,4087
0.289508287,4086
0.289511608,4085
0.289514898,4084
0.289520255,4083
0.289529139,4082
0.289540507,4081
0.289563448,4080
0.289568678,4079
0.289571665,4078
0.289574455,4077
0.289579804,4076
0.289583824,4075
0.289587926,4074
0.289590828,4073
0.289594011,4072
0.289597618,4071
0.289600659,4070
0.289603751,4069
0.289606947,4068
0.289610134,4067
0.289637833,4066
0.289641017,4065
0.289645735,4064
0.289649265,4063
0.289653976,4062
0.289657985,4061
0.289661462,4060
0.289665772,4059
0.289669467,4058
0.289672766,4057
0.289678054,4056
0.289681343,4055
0.289684779,4054
0.289705528,4053
0.28973035,4052
0.289733742,4051
0.28973705,4050
0.289740511,4049
0.289743426,4048
0.289746926,4047
0.289751508,4046
0.289755005,4045
0.289761637,4044
0.289764842,4043
0.289768539,4042
0.289772257,4041
0.289776734,4040
0.289780161,4039
0.289783526,4038
0.289786704,4037
0.289789919,4036
0.289792578,4035
0.289795148,4034
0.289797663,4033
0.289801365,4032
0.289804136,4031
0.289807795,4030
0.289810397,4029
0.289813098,4028
0.28981594,4027
0.289818947,4026
0.289821673,4025
0.289824354,4024
0.289828158,4023
0.289830624,4022
0.28983353,4021
0.28983651,4020
0.289839314,4019
0.289841953,4018
0.28984527,4017
0.289847978,4016
0.289850709,4015
0.289853654,4014
0.289858766,4013
0.289863159,4012
0.289865654,4011
0.289868303,4010
0.28987068,4009
0.289873548,4008
0.289876408,4007
0.289879823,4006
0.289882579,4005
0.289886158,4004
0.289889757,4003
0.289893164,4002
0.289896751,4001
0.289899448,4000
0.289902092,3999
0.28990514,3998
0.28990789,3997
0.289912383,3996
0.289915646,3995
0.289918631,3994
0.289923566,3993
0.289926882,3992
0.289929672,3991
0.289933037,3990
0.289935721,3989
0.289939088,3988
0.289941748,3987
0.289945164,3986
0.289947705,3985
0.289950954,3984
0.289954499,3983
0.289957912,3982
0.289962387,3981
0.289965756,3980
0.289969117,3979
0.289972557,3978
0.289977177,3977
0.289982963,3976
0.289986177,3975
0.28998942,3974
0.289992876,3973
0.289996465,3972
0.290000978,3971
0.290004288,3970
0.290007767,3969
0.290011905,3968
0.290015112,3967
0.290018413,3966
0.290021668,3965
0.290024919,3964
0.29003352,3963
0.2900414,3962
0.29004571,3961
0.290057997,3960
0.290062091,3959
0.2900675,3958
0.290071286,3957
0.290076146,3956
0.2900822,3955
0.290085819,3954
0.290089198,3953
0.290092901,3952
0.29010091,3951
0.290105602,3950
0.290110031,3949
0.290114368,3948
0.290118276,3947
0.290125503,3946
0.290130812,3945
0.290135943,3944
0.290139939,3943
0.290143053,3942
0.290166414,3941
0.290169432,3940
0.290173302,3939
0.290178619,3938
0.290182148,3937
0.290185428,3936
0.290189304,3935
0.290194029,3934
0.290196763,3933
0.290199752,3932
0.290202201,3931
0.290204648,3930
0.290209584,3929
0.290212357,3928
0.290215546,3927
0.290269892,3926
0.29027244,3925
0.290275966,3924
0.290279491,3923
0.290282249,3922
0.290285997,3921
0.29028946,3920
0.290293909,3919
0.290297328,3918
0.290301816,3917
0.290305136,3916
0.29031245,3915
0.290318377,3914
0.290321783,3913
0.290324905,3912
0.290329799,3911
0.290333374,3910
0.290337009,3909
0.2903409,3908
0.2903453,3907
0.290351355,3906
0.29035471,3905
0.29035962,3904
0.29036272,3903
0.29036629,3902
0.290370156,3901
0.290375045,3900
0.290378381,3899
0.290383258,3898
0.290386847,3897
0.290390117,3896
0.29039487,3895
0.290398431,3894
0.290445434,3893
0.290451635,3892
0.290477521,3891
0.290480909,3890
0.290484264,3889
0.29048774,3888
0.290491058,3887
0.290495003,3886
0.290498789,3885
0.290503064,3884
0.290508153,3883
0.290511876,3882
0.290516049,3881
0.290521043,3880
0.290524807,3879
0.290712557,3878
0.290720691,3877
0.290724175,3876
0.290731607,3875
0.290735053,3874
0.290738626,3873
0.290743205,3872
0.290747974,3871
0.290751072,3870
0.290754056,3869
0.290758919,3868
0.29076205,3867
0.290765192,3866
0.29076821,3865
0.290771569,3864
0.290776088,3863
0.290779579,3862
0.290783198,3861
0.290807976,3860
0.290826193,3859
0.290831731,3858
0.290834279,3857
0.290836618,3856
0.290838796,3855
0.290841919,3854
0.290846259,3853
0.290848523,3852
0.290850948,3851
0.290854796,3850
0.290857321,3849
0.29086245,3848
0.290867539,3847
0.290871245,3846
0.290875154,3845
0.290878633,3844
0.290889007,3843
0.290894631,3842
0.290898669,3841
0.290902877,3840
0.290912411,3839
0.290962949,3838
0.290967168,3837
0.290971675,3836
0.290975604,3835
0.290979213,3834
0.29098725,3833
0.290991278,3832
0.290995174,3831
0.293994444,3830
0.294012603,3829
0.294015886,3828
0.294019888,3827
0.294023572,3826
0.294026805,3825
0.294032673,3824
0.2940371,3823
0.294042989,3822
0.294046241,3821
0.29405291,3820
0.294056208,3819
0.294059384,3818
0.294062086,3817
0.294065697,3816
0.294068963,3815
0.294096552,3814
0.29412493,3813
0.29412788,3812
0.294135195,3811
0.294143054,3810
0.294146085,3809
0.294150507,3808
0.294153582,3807
0.29415951,3806
0.294169181,3805
0.294183095,3804
0.294187101,3803
0.294194759,3802
0.294199158,3801
0.294204843,3800
0.294207806,3799
0.294211138,3798
0.294214328,3797
0.29421743,3796
0.294221795,3795
0.294232118,3794
0.29423741,3793
0.294241701,3792
0.294248506,3791
0.294253255,3790
0.294266,3789
0.294269915,3788
0.294277994,3787
0.294282765,3786
0.294295031,3785
0.294299416,3784
0.29430304,3783
0.294308735,3782
0.294312273,3781
0.294315003,3780
0.294320051,3779
0.294324272,3778
0.294328801,3777
0.294331743,3776
0.294338313,3775
0.294344761,3774
0.294347449,3773
0.294352591,3772
0.294355913,3771
0.2943585,3770
0.294363734,3769
0.29436994,3768
0.294372296,3767
0.29437885,3766
0.294384654,3765
0.29439013,3764
0.294392827,3763
0.294395506,3762
0.294398241,3761
0.294400932,3760
0.294405523,3759
0.294409818,3758
0.29441332,3757
0.29441609,3756
0.294418983,3755
0.294421936,3754
0.294429965,3753
0.294440532,3752
0.294449671,3751
0.294454139,3750
0.294458594,3749
0.29446649,3748
0.294471036,3747
0.294483909,3746
0.294527308,3745
0.294566887,3744
0.294603117,3743
0.294674795,3742
0.29468513,3741
0.294689296,3740
0.294693376,3739
0.294701538,3738
0.294707357,3737
0.294731687,3736
0.294735842,3735
0.294740152,3734
0.294747161,3733
0.29475346,3732
0.294757618,3731
0.294759987,3730
0.294763544,3729
0.294767486,3728
0.294771642,3727
0.294775454,3726
0.29477878,3725
0.29478566,3724
0.294790733,3723
0.294798291,3722
0.294804804,3721
0.294807629,3720
0.294810897,3719
0.294817923,3718
0.294822387,3717
0.294838573,3716
0.294842218,3715
0.294848053,3714
0.29485341,3713
0.294856515,3712
0.294860603,3711
0.294864381,3710
0.294870774,3709
0.294875111,3708
0.294878349,3707
0.294881285,3706
0.294885695,3705
0.294889115,3704
0.294893788,3703
0.294896807,3702
0.294901506,3701
0.294904766,3700
0.294909506,3699
0.294916651,3698
0.294919616,3697
0.294923896,3696
0.294932837,3695
0.294936753,3694
0.294940718,3693
0.294947619,3692
0.294951618,3691
0.294962513,3690
0.294968473,3689
0.294971655,3688
0.294975569,3687
0.294979076,3686
0.294984951,3685
0.294988349,3684
0.294991557,3683
0.294996538,3682
0.295000645,3681
0.295005593,3680
0.29501917,3679
0.295022708,3678
0.295026037,3677
0.295033688,3676
0.295036878,3675
0.295040916,3674
0.295044218,3673
0.295047881,3672
0.295052278,3671
0.295058886,3670
0.295073564,3669
0.295087936,3668
0.295093296,3667
0.295096465,3666
0.295101425,3665
0.295104921,3664
0.295108765,3663
0.295111825,3662
0.295116309,3661
0.295121043,3660
0.295125836,3659
0.29513216,3658
0.295137408,3657
0.29514132,3656
0.29514366,3655
0.295148223,3654
0.295152018,3653
0.295165226,3652
0.295168915,3651
0.295173456,3650
0.295181996,3649
0.295186865,3648
0.295190586,3647
0.295199394,3646
0.29520932,3645
0.295212523,3644
0.295215457,3643
0.295218597,3642
0.295222275,3641
0.29524248,3640
0.29524544,3639
0.29524836,3638
0.295253925,3637
0.295258748,3636
0.295262738,3635
0.295268688,3634
0.295273164,3633
0.29528075,3632
0.295287158,3631
0.29529414,3630
0.295297479,3629
0.295301593,3628
0.295306529,3627
0.295353018,3626
0.295356526,3625
0.295361938,3624
0.295365084,3623
0.295371678,3622
0.29537526,3621
0.295380058,3620
0.295383284,3619
0.295393383,3618
0.295409839,3617
0.295417564,3616
0.295424039,3615
0.295440659,3614
0.295444174,3613
0.295452192,3612
0.295456985,3611
0.295460144,3610
0.295467993,3609
0.295477359,3608
0.295482616,3607
0.295489338,3606
0.295492229,3605
0.295497258,3604
0.295501781,3603
0.295504738,3602
0.29551269,3601
0.295519204,3600
0.295522724,3599
0.295546735,3598
0.295552625,3597
0.295555887,3596
0.295558479,3595
0.295562675,3594
0.295570887,3593
0.295574298,3592
0.295580045,3591
0.295583544,3590
0.295586392,3589
0.295590076,3588
0.295595903,3587
0.295631934,3586
0.295668436,3585
0.295676452,3584
0.295683409,3583
0.295726713,3582
0.29573175,3581
0.295737626,3580
0.295748868,3579
0.295803405,3578
0.295809718,3577
0.295817471,3576
0.295821059,3575
0.295823818,3574
0.2958264,3573
0.29583351,3572
0.295837153,3571
0.295842065,3570
0.295848604,3569
0.295852733,3568
0.295863447,3567
0.295867142,3566
0.295873445,3565
0.295877445,3564
0.295887643,3563
0.295891515,3562
0.295894542,3561
0.295897411,3560
0.295901375,3559
0.295905562,3558
0.295908771,3557
0.295914916,3556
0.295921054,3555
0.295937132,3554
0.295947579,3553
0.295951625,3552
0.295955544,3551
0.295958005,3550
0.295962517,3549
0.295965445,3548
0.29597383,3547
0.295979887,3546
0.295984889,3545
0.295987931,3544
0.295995888,3543
0.295998867,3542
0.296003162,3541
0.2960461,3540
0.296048963,3539
0.296052127,3538
0.296057379,3537
0.296062425,3536
0.296065428,3535
0.296069444,3534
0.296078105,3533
0.296081744,3532
0.296086678,3531
0.296093923,3530
0.296098413,3529
0.296101599,3528
0.296104739,3527
0.296113831,3526
0.296123619,3525
0.296128267,3524
0.296133186,3523
0.296135541,3522
0.296139719,3521
0.2961487,3520
0.296151142,3519
0.29615446,3518
0.296166329,3517
0.296173729,3516
0.296178277,3515
0.296186823,3514
0.296190897,3513
0.296199012,3512
0.296229995,3511
0.29623537,3510
0.296243782,3509
0.296250465,3508
0.296258906,3507
0.296272468,3506
0.296278285,3505
0.296283278,3504
0.296290015,3503
0.296731072,3502
0.296739417,3501
0.296756798,3500
0.296778542,3499
0.296799669,3498
0.296804134,3497
0.296808986,3496
0.296825042,3495
0.296839573,3494
0.296858334,3493
0.296871023,3492
0.296875424,3491
0.296883453,3490
0.296889773,3489
0.296905353,3488
0.296932599,3487
0.296941427,3486
0.296945735,3485
0.296952494,3484
0.296957402,3483
0.29697118,3482
0.29697712,3481
0.296979916,3480
0.296987577,3479
0.296992046,3478
0.297009609,3477
0.297012731,3476
0.297020241,3475
0.297022864,3474
0.29702889,3473
0.297034508,3472
0.297053975,3471
0.297057057,3470
0.297072989,3469
0.297075832,3468
0.297080959,3467
0.29708391,3466
0.297087142,3465
0.297095092,3464
0.297099106,3463
0.297101976,3462
0.297107941,3461
0.297112289,3460
0.297116438,3459
0.297119391,3458
0.297138007,3457
0.297141483,3456
0.297155465,3455
0.29716105,3454
0.297169294,3453
0.297193067,3452
0.297197273,3451
0.297202044,3450
0.29722018,3449
0.297226998,3448
0.297230651,3447
0.297239406,3446
0.297253821,3445
0.297258432,3444
0.297263363,3443
0.297272289,3442
0.297275184,3441
0.297277804,3440
0.297284619,3439
0.297290725,3438
0.297298832,3437
0.29730636,3436
0.297311923,3435
0.297337671,3434
0.297341175,3433
0.297343864,3432
0.297351456,3431
0.29735489,3430
0.297359089,3429
0.29736836,3428
0.297373572,3427
0.297379743,3426
0.297383337,3425
0.297394058,3424
0.297400767,3423
0.297405726,3422
0.297410174,3421
0.297415525,3420
0.297426328,3419
0.297432865,3418
0.297438187,3417
0.297442733,3416
0.297451094,3415
0.297455367,3414
0.297458578,3413
0.297464797,3412
0.297467544,3411
0.297483555,3410
0.297500195,3409
0.297513122,3408
0.297523334,3407
0.297527205,3406
0.297541634,3405
0.297546439,3404
0.297555595,3403
0.297559519,3402
0.297617617,3401
0.297653365,3400
0.297666421,3399
0.297671293,3398
0.297677184,3397
0.297682171,3396
0.297685892,3395
0.297688946,3394
0.297698619,3393
0.297704579,3392
0.297720611,3391
0.298174784,3390
0.298189634,3389
0.298195652,3388
0.298199106,3387
0.298204595,3386
0.298212609,3385
0.298217952,3384
0.298234115,3383
0.298248379,3382
0.298275598,3381
0.298286366,3380
0.298289754,3379
0.298309711,3378
0.298336886,3377
0.298351975,3376
0.298356523,3375
0.298413249,3374
0.298462072,3373
0.298474257,3372
0.298478906,3371
0.298485386,3370
0.298527373,3369
0.298535047,3368
0.298611248,3367
0.298659386,3366
0.29866318,3365
0.298666377,3364
0.298670421,3363
0.2986785,3362
0.298730398,3361
0.298745771,3360
0.298768401,3359
0.298780014,3358
0.298793369,3357
0.298799236,3356
0.298803894,3355
0.299137532,3354
0.299146616,3353
0.299159829,3352
0.299185529,3351
0.299194724,3350
0.299222481,3349
0.299282982,3348
0.299303635,3347
0.299348213,3346
0.299384071,3345
0.299402017,3344
0.299418828,3343
0.299671215,3342
0.299691109,3341
0.299695077,3340
0.299714781,3339
0.299741433,3338
0.299763993,3337
0.299778964,3336
0.299782394,3335
0.299796245,3334
0.299804258,3333
0.299825139,3332
0.300085139,3331
0.300097582,3330
0.300109903,3329
0.300210975,3328
0.300229033,3327
0.30024442,3326
0.300409598,3325
0.300437199,3324
0.300448937,3323
0.300503518,3322
0.30070597,3321
0.300957614,3320
0.301145305,3319
0.301182886,3318
0.301291316,3317
0.301440501,3316
0.301453501,3315
0.301534532,3314
0.301725868,3313
0.353932514,3312
0.532167936,3311
0.62509935,3310
0.720638013,3309
0.772584953,3308
0.916904317,3307
0.956072078,3306
1.051827218,3305
1.309781504,3304
1.359707939,3303
