0.13007108,6061
0.130161305,6060
0.130215823,6059
0.130260519,6058
0.130317513,6057
0.130344762,6056
0.13038307,6055
0.130396982,6054
0.130444592,6053
0.130455327,6052
0.130468568,6051
0.130544133,6050
0.130557033,6049
0.130569173,6048
0.130582453,6047
0.130594363,6046
0.130606767,6045
0.130618609,6044
0.130638899,6043
0.130659262,6042
0.13066811,6041
0.130685745,6040
0.13070127,6039
0.130716337,6038
0.130722561,6037
0.130729822,6036
0.130735949,6035
0.130741985,6034
0.130767452,6033
0.130773905,6032
0.130780189,6031
0.130786403,6030
0.130799061,6029
0.130843004,6028
0.130851664,6027
0.130890587,6026
0.130899002,6025
0.130909014,6024
0.130924957,6023
0.130937966,6022
0.130949577,6021
0.130960202,6020
0.131069267,6019
0.131103465,6018
0.131113615,6017
0.131157459,6016
0.131189314,6015
0.131199524,6014
0.131211041,6013
0.131222289,6012
0.13123378,6011
0.131245105,6010
0.131256295,6009
0.131267418,6008
0.131278644,6007
0.13128839,6006
0.13129746,6005
0.131307149,6004
0.131316666,6003
0.131330164,6002
0.13134439,6001
0.131653657,6000
0.131665718,5999
0.131677081,5998
0.131740642,5997
0.131756307,5996
0.131770449,5995
0.131787115,5994
0.131802729,5993
0.131818876,5992
0.131834928,5991
0.131844789,5990
0.131879741,5989
0.131888701,5988
0.131897191,5987
0.131905743,5986
0.131913421,5985
0.131979,5984
0.132030074,5983
0.132089426,5982
0.132125625,5981
0.13214087,5980
0.132423975,5979
0.132434807,5978
0.13288427,5977
0.132902315,5976
0.132921043,5975
0.132935207,5974
0.132947356,5973
0.132995695,5972
0.133508649,5971
0.133518405,5970
0.133526505,5969
0.1335414,5968
0.133587541,5967
0.135215771,5966
0.135251986,5965
0.13530607,5964
0.135313691,5963
0.135319978,5962
0.135360786,5961
0.135367396,5960
0.135376087,5959
0.135383873,5958
0.135393843,5957
0.135401268,5956
0.135407992,5955
0.135413981,5954
0.135420069,5953
0.13542677,5952
0.135432541,5951
0.135437631,5950
0.135448393,5949
0.135453579,5948
0.135458578,5947
0.135463152,5946
0.135467847,5945
0.135472612,5944
0.135477704,5943
0.135482773,5942
0.135487414,5941
0.135492044,5940
0.135498,5939
0.135502886,5938
0.135508088,5937
0.135513828,5936
0.135519418,5935
0.135540309,5934
0.135547676,5933
0.135561862,5932
0.135568924,5931
0.135577319,5930
0.135582358,5929
0.135587508,5928
0.135592526,5927
0.135597755,5926
0.135602552,5925
0.135607923,5924
0.135613238,5923
0.135618359,5922
0.13562327,5921
0.13562822,5920
0.135633248,5919
0.135638399,5918
0.135643883,5917
0.135650096,5916
0.135656449,5915
0.135662365,5914
0.135707125,5913
0.135713547,5912
0.135728268,5911
0.135733639,5910
0.135745754,5909
0.135750442,5908
0.135758766,5907
0.135765509,5906
0.135771376,5905
0.135776843,5904
0.135784177,5903
0.135789812,5902
0.135795692,5901
0.135802043,5900
0.135814125,5899
0.135829736,5898
0.135860023,5897
0.135888041,5896
0.135957629,5895
0.136012014,5894
0.136026682,5893
0.136035222,5892
0.136044262,5891
0.136054686,5890
0.136063017,5889
0.136071523,5888
0.136077793,5887
0.136083031,5886
0.136088533,5885
0.136094576,5884
0.136100493,5883
0.136105677,5882
0.13611204,5881
0.136118796,5880
0.136125322,5879
0.136131877,5878
0.136139761,5877
0.136146617,5876
0.136153932,5875
0.136162252,5874
0.136167909,5873
0.136174354,5872
0.136180663,5871
0.136187333,5870
0.136215415,5869
0.138593591,5868
0.13860139,5867
0.138605422,5866
0.138608762,5865
0.138613323,5864
0.138618801,5863
0.13862359,5862
0.138628257,5861
0.138633664,5860
0.138639314,5859
0.138645112,5858
0.138650718,5857
0.138654286,5856
0.13865852,5855
0.138661914,5854
0.138665271,5853
0.138668866,5852
0.13867232,5851
0.138675618,5850
0.138679111,5849
0.138682444,5848
0.138687322,5847
0.138691248,5846
0.138694807,5845
0.138698017,5844
0.13870138,5843
0.13870482,5842
0.138710249,5841
0.13871499,5840
0.138719018,5839
0.138722709,5838
0.138726953,5837
0.138730639,5836
0.138734294,5835
0.138738227,5834
0.138741647,5833
0.13874582,5832
0.138749724,5831
0.138753151,5830
0.138756785,5829
0.138760714,5828
0.138767693,5827
0.138771092,5826
0.13877436,5825
0.138778228,5824
0.138782973,5823
0.138787782,5822
0.138795588,5821
0.138799963,5820
0.138805133,5819
0.138808957,5818
0.138812876,5817
0.138816351,5816
0.138822073,5815
0.138825952,5814
0.138829653,5813
0.138833484,5812
0.138837435,5811
0.138840859,5810
0.1388454,5809
0.138849063,5808
0.138852586,5807
0.138858567,5806
0.138862761,5805
0.138866423,5804
0.138870189,5803
0.13887382,5802
0.13887765,5801
0.138881385,5800
0.138885014,5799
0.138888875,5798
0.138892369,5797
0.13889604,5796
0.138899441,5795
0.138902968,5794
0.13890615,5793
0.138909383,5792
0.138912749,5791
0.138916573,5790
0.13891976,5789
0.138923513,5788
0.138926857,5787
0.138929907,5786
0.138933439,5785
0.13893659,5784
0.138940104,5783
0.138943317,5782
0.138946817,5781
0.138950149,5780
0.138953647,5779
0.138958176,5778
0.138962798,5777
0.138967103,5776
0.138971864,5775
0.138976396,5774
0.138981771,5773
0.138985777,5772
0.138990039,5771
0.138993597,5770
0.13899952,5769
0.139003668,5768
0.139007516,5767
0.139011233,5766
0.139014822,5765
0.139018258,5764
0.139021969,5763
0.139025179,5762
0.139028735,5761
0.139032043,5760
0.139035483,5759
0.139040089,5758
0.139045001,5757
0.139049565,5756
0.139053994,5755
0.139058272,5754
0.139062649,5753
0.139066183,5752
0.139069679,5751
0.139073271,5750
0.139077067,5749
0.139080693,5748
0.13908446,5747
0.139087716,5746
0.139091295,5745
0.139094793,5744
0.139099329,5743
0.139103935,5742
0.139108985,5741
0.139113973,5740
0.139118621,5739
0.139132221,5738
0.139138065,5737
0.139142838,5736
0.139147464,5735
0.139152302,5734
0.139156599,5733
0.139160812,5732
0.139164852,5731
0.13916965,5730
0.139173914,5729
0.139178504,5728
0.139183193,5727
0.139190565,5726
0.139195699,5725
0.139201261,5724
0.139205776,5723
0.139210537,5722
0.139215114,5721
0.139220308,5720
0.139224935,5719
0.139229657,5718
0.139235114,5717
0.139240333,5716
0.139245612,5715
0.139250879,5714
0.139256116,5713
0.139261522,5712
0.139266121,5711
0.139270989,5710
0.139275997,5709
0.139281468,5708
0.13928619,5707
0.139291241,5706
0.139296041,5705
0.139302019,5704
0.139311097,5703
0.139346957,5702
0.139354515,5701
0.139360994,5700
0.139367819,5699
0.139373247,5698
0.139378821,5697
0.13938719,5696
0.13939598,5695
0.139417173,5694
0.139507781,5693
0.139641605,5692
0.139755174,5691
0.139765796,5690
0.139771688,5689
0.139776638,5688
0.13978174,5687
0.139822178,5686
0.139958594,5685
0.139969932,5684
0.139975532,5683
0.139980622,5682
0.139985222,5681
0.139990219,5680
0.139994835,5679
0.14000171,5678
0.140006869,5677
0.140013734,5676
0.140018377,5675
0.140055319,5674
0.140060014,5673
0.140065353,5672
0.140069608,5671
0.140074444,5670
0.140080068,5669
0.140085606,5668
0.140090965,5667
0.140095985,5666
0.140100919,5665
0.140105879,5664
0.140110964,5663
0.140116188,5662
0.140122425,5661
0.140148618,5660
0.140159592,5659
0.14021991,5658
0.140226057,5657
0.14023171,5656
0.140245451,5655
0.140263457,5654
0.140272946,5653
0.140277176,5652
0.14028113,5651
0.140284669,5650
0.140288255,5649
0.140291869,5648
0.140298798,5647
0.140302198,5646
0.140305106,5645
0.140308916,5644
0.140314223,5643
0.140316975,5642
0.140320044,5641
0.140323268,5640
0.140326621,5639
0.140331916,5638
0.140334814,5637
0.140337934,5636
0.140340813,5635
0.140343837,5634
0.140346785,5633
0.140350336,5632
0.140353313,5631
0.140356454,5630
0.140359416,5629
0.140363509,5628
0.140367201,5627
0.140371031,5626
0.140374985,5625
0.140378941,5624
0.140383634,5623
0.140387299,5622
0.140390758,5621
0.140394835,5620
0.14039902,5619
0.140403216,5618
0.140406984,5617
0.140411371,5616
0.140415078,5615
0.140418905,5614
0.140423368,5613
0.140432679,5612
0.14043818,5611
0.140443158,5610
0.14044821,5609
0.140452998,5608
0.140458041,5607
0.140462925,5606
0.140467442,5605
0.140471882,5604
0.140476751,5603
0.140481511,5602
0.14048572,5601
0.140491212,5600
0.140498357,5599
0.140503792,5598
0.14050854,5597
0.140513294,5596
0.140516456,5595
0.14051948,5594
0.140522238,5593
0.140525037,5592
0.140527702,5591
0.140531151,5590
0.140535166,5589
0.140538818,5588
0.140542227,5587
0.140545545,5586
0.14054844,5585
0.14055188,5584
0.140554757,5583
0.140557764,5582
0.140562894,5581
0.140569132,5580
0.140573478,5579
0.140577897,5578
0.140581967,5577
0.140585361,5576
0.140588733,5575
0.140591692,5574
0.140594425,5573
0.140597567,5572
0.14060091,5571
0.140603769,5570
0.140607289,5569
0.140610526,5568
0.140614311,5567
0.140676838,5566
0.140680756,5565
0.140684282,5564
0.14068752,5563
0.140691669,5562
0.140695516,5561
0.140698454,5560
0.140701363,5559
0.140704774,5558
0.140707694,5557
0.140710948,5556
0.140715263,5555
0.140719813,5554
0.140723673,5553
0.140728302,5552
0.140735173,5551
0.140860994,5550
0.141026036,5549
0.141035162,5548
0.141040721,5547
0.141044968,5546
0.141049852,5545
0.141053739,5544
0.14106145,5543
0.141065498,5542
0.141069172,5541
0.14107408,5540
0.141078329,5539
0.141108363,5538
0.141111878,5537
0.141115476,5536
0.141119237,5535
0.141122588,5534
0.141126148,5533
0.14113013,5532
0.141133352,5531
0.141137039,5530
0.141140442,5529
0.141143851,5528
0.14114741,5527
0.141150643,5526
0.141154486,5525
0.141158295,5524
0.141162475,5523
0.141166758,5522
0.141170185,5521
0.141173575,5520
0.141177751,5519
0.141181346,5518
0.141184526,5517
0.141187589,5516
0.141193579,5515
0.141197041,5514
0.141200001,5513
0.14120245,5512
0.141205914,5511
0.141209124,5510
0.141212859,5509
0.141216992,5508
0.14122003,5507
0.14122286,5506
0.141226078,5505
0.141229889,5504
0.141233764,5503
0.141238425,5502
0.141241548,5501
0.141244163,5500
0.141248398,5499
0.141252339,5498
0.141255517,5497
0.141258529,5496
0.141261124,5495
0.141263967,5494
0.141267351,5493
0.141269996,5492
0.141272808,5491
0.141275407,5490
0.141277979,5489
0.14128059,5488
0.141283418,5487
0.141286429,5486
0.141289075,5485
0.141291686,5484
0.14129414,5483
0.141297134,5482
0.141299951,5481
0.141302271,5480
0.141306028,5479
0.141309357,5478
0.141312894,5477
0.141315913,5476
0.141319804,5475
0.141322924,5474
0.141326126,5473
0.141329187,5472
0.141332219,5471
0.141335125,5470
0.141337505,5469
0.141340176,5468
0.141342932,5467
0.141345583,5466
0.14134818,5465
0.14135086,5464
0.141353469,5463
0.141356169,5462
0.141359846,5461
0.141363626,5460
0.141367325,5459
0.141371873,5458
0.141376218,5457
0.14138024,5456
0.141384289,5455
0.141388504,5454
0.141392198,5453
0.141395609,5452
0.141399318,5451
0.141402586,5450
0.141405839,5449
0.14140925,5448
0.141412279,5447
0.141415384,5446
0.141419162,5445
0.141423093,5444
0.141427004,5443
0.141430632,5442
0.141434286,5441
0.141437465,5440
0.141440849,5439
0.141444213,5438
0.141446958,5437
0.141449748,5436
0.141452677,5435
0.141455777,5434
0.141458862,5433
0.141462382,5432
0.141498062,5431
0.141501486,5430
0.141505747,5429
0.142428598,5428
0.142434841,5427
0.142438258,5426
0.142441433,5425
0.142444063,5424
0.142448059,5423
0.14245182,5422
0.142455432,5421
0.142457992,5420
0.142461475,5419
0.142464388,5418
0.142469354,5417
0.142471688,5416
0.14247601,5415
0.142510396,5414
0.142513489,5413
0.142516214,5412
0.142519054,5411
0.14252172,5410
0.142524823,5409
0.142527304,5408
0.142529745,5407
0.142533355,5406
0.142536389,5405
0.142539475,5404
0.14254199,5403
0.142544877,5402
0.142547544,5401
0.142550045,5400
0.142552609,5399
0.142555284,5398
0.142557591,5397
0.142559911,5396
0.142562047,5395
0.142564504,5394
0.142566864,5393
0.142569156,5392
0.142571608,5391
0.142574081,5390
0.142576391,5389
0.14257862,5388
0.142580973,5387
0.142583221,5386
0.142585558,5385
0.142587726,5384
0.142590307,5383
0.142592525,5382
0.142595663,5381
0.142598422,5380
0.142601957,5379
0.142604498,5378
0.142607251,5377
0.142609558,5376
0.142612048,5375
0.142615901,5374
0.142619089,5373
0.142622472,5372
0.142625535,5371
0.142629025,5370
0.142631873,5369
0.14263515,5368
0.142637843,5367
0.142640447,5366
0.142643218,5365
0.142646615,5364
0.142649018,5363
0.142653794,5362
0.142657279,5361
0.142659748,5360
0.142662461,5359
0.14266472,5358
0.142667182,5357
0.1426702,5356
0.142672619,5355
0.142674998,5354
0.142677396,5353
0.142679601,5352
0.14268172,5351
0.142685435,5350
0.142688479,5349
0.142691149,5348
0.142693684,5347
0.142697066,5346
0.142700514,5345
0.142703395,5344
0.142705732,5343
0.142709196,5342
0.142713333,5341
0.142717107,5340
0.142751843,5339
0.142755867,5338
0.142758873,5337
0.142762916,5336
0.142766435,5335
0.142769932,5334
0.142773412,5333
0.142776873,5332
0.142780086,5331
0.142783292,5330
0.142786113,5329
0.14278903,5328
0.142792013,5327
0.142794948,5326
0.142798067,5325
0.142801067,5324
0.142804405,5323
0.142807309,5322
0.142810145,5321
0.142813186,5320
0.142816038,5319
0.142818776,5318
0.142821542,5317
0.142824347,5316
0.142827685,5315
0.142830415,5314
0.142833423,5313
0.142836291,5312
0.142839221,5311
0.14284229,5310
0.142845578,5309
0.142848064,5308
0.142850729,5307
0.142853241,5306
0.142855695,5305
0.142857768,5304
0.142859994,5303
0.142862531,5302
0.142865967,5301
0.142868766,5300
0.142871127,5299
0.142873666,5298
0.142877097,5297
0.142879859,5296
0.142882677,5295
0.142884933,5294
0.142888659,5293
0.142891818,5292
0.142894528,5291
0.142896944,5290
0.142899162,5289
0.142901335,5288
0.142903771,5287
0.142906148,5286
0.142908521,5285
0.142911445,5284
0.142913692,5283
0.142916081,5282
0.142918465,5281
0.142920943,5280
0.142923181,5279
0.142925438,5278
0.142930661,5277
0.142934916,5276
0.142938283,5275
0.142941831,5274
0.142945885,5273
0.142949679,5272
0.142952729,5271
0.142955476,5270
0.142958487,5269
0.142961175,5268
0.142964659,5267
0.142967663,5266
0.142970281,5265
0.142972839,5264
0.142975156,5263
0.142977593,5262
0.142979996,5261
0.142984288,5260
0.142987779,5259
0.142991056,5258
0.142994588,5257
0.142997798,5256
0.143001577,5255
0.143005199,5254
0.143008725,5253
0.143011845,5252
0.143015183,5251
0.143018391,5250
0.143021885,5249
0.143024713,5248
0.143027877,5247
0.143030439,5246
0.143033541,5245
0.143036724,5244
0.143040114,5243
0.143043286,5242
0.143046603,5241
0.143049789,5240
0.143052739,5239
0.143055865,5238
0.14305873,5237
0.143061408,5236
0.143064024,5235
0.143066325,5234
0.143068574,5233
0.143070728,5232
0.143072879,5231
0.14307572,5230
0.14307878,5229
0.143082084,5228
0.143086076,5227
0.143089877,5226
0.143150984,5225
0.143154221,5224
0.143157245,5223
0.143159775,5222
0.143162098,5221
0.143165525,5220
0.143167865,5219
0.143170805,5218
0.143172992,5217
0.143175381,5216
0.143178015,5215
0.143180945,5214
0.143183654,5213
0.143186641,5212
0.143189515,5211
0.14319206,5210
0.143194672,5209
0.143197271,5208
0.143199849,5207
0.143202288,5206
0.143204447,5205
0.143206977,5204
0.143209642,5203
0.14321204,5202
0.143214759,5201
0.143217737,5200
0.143220265,5199
0.143223162,5198
0.143225804,5197
0.143228535,5196
0.143231112,5195
0.143234459,5194
0.143236861,5193
0.143239501,5192
0.143242072,5191
0.143244411,5190
0.144822755,5189
0.144827554,5188
0.144832127,5187
0.144835557,5186
0.144839033,5185
0.144844779,5184
0.144848534,5183
0.144851523,5182
0.144854396,5181
0.144857095,5180
0.14486218,5179
0.144867525,5178
0.144870879,5177
0.144873695,5176
0.144876842,5175
0.144880301,5174
0.144884252,5173
0.144889161,5172
0.144892476,5171
0.144896068,5170
0.144899593,5169
0.144902852,5168
0.144905912,5167
0.144909358,5166
0.144916735,5165
0.144952294,5164
0.144956771,5163
0.14496679,5162
0.144975641,5161
0.144980694,5160
0.14498546,5159
0.144990164,5158
0.144994669,5157
0.144999602,5156
0.145003811,5155
0.145010347,5154
0.145014266,5153
0.145018759,5152
0.145022625,5151
0.145028312,5150
0.145032058,5149
0.145035741,5148
0.145040714,5147
0.145044297,5146
0.145047769,5145
0.145051719,5144
0.145055441,5143
0.145059222,5142
0.145063512,5141
0.145067132,5140
0.145072197,5139
0.145079687,5138
0.145083424,5137
0.145086807,5136
0.145089762,5135
0.145092779,5134
0.14509625,5133
0.145099193,5132
0.14510192,5131
0.145105927,5130
0.145110707,5129
0.145113982,5128
0.145116967,5127
0.145120234,5126
0.145123153,5125
0.145126475,5124
0.145129982,5123
0.145133399,5122
0.145136917,5121
0.145139796,5120
0.145143688,5119
0.145148469,5118
0.145153254,5117
0.145156086,5116
0.145159003,5115
0.145162929,5114
0.145166233,5113
0.145169512,5112
0.145172037,5111
0.145175399,5110
0.145178007,5109
0.145180579,5108
0.145183277,5107
0.145186781,5106
0.145190884,5105
0.145194577,5104
0.145197063,5103
0.145199777,5102
0.145202533,5101
0.145205688,5100
0.145210449,5099
0.145213591,5098
0.145217206,5097
0.145221224,5096
0.145249964,5095
0.145253631,5094
0.145257383,5093
0.145260276,5092
0.145268992,5091
0.145272915,5090
0.145275608,5089
0.14527829,5088
0.145282775,5087
0.145286597,5086
0.145291012,5085
0.145295691,5084
0.14530059,5083
0.145305565,5082
0.145309811,5081
0.14531446,5080
0.145319096,5079
0.145322776,5078
0.145370965,5077
0.14538049,5076
0.14538478,5075
0.145389308,5074
0.145392758,5073
0.145397424,5072
0.145404187,5071
0.145408664,5070
0.145414063,5069
0.145418173,5068
0.145422132,5067
0.145425807,5066
0.145429342,5065
0.145435515,5064
0.145438381,5063
0.145441312,5062
0.145444984,5061
0.145449756,5060
0.145453426,5059
0.145456063,5058
0.145459398,5057
0.145462667,5056
0.145465541,5055
0.145468973,5054
0.145471771,5053
0.145474664,5052
0.145478104,5051
0.145480646,5050
0.145484386,5049
0.145487438,5048
0.145490902,5047
0.145494943,5046
0.145498814,5045
0.145502969,5044
0.145506957,5043
0.145511164,5042
0.145513788,5041
0.14551929,5040
0.145522165,5039
0.145526251,5038
0.145530174,5037
0.145533454,5036
0.145538268,5035
0.145541274,5034
0.145544461,5033
0.145548009,5032
0.145551996,5031
0.145556097,5030
0.14556112,5029
0.145564489,5028
0.145569013,5027
0.145572236,5026
0.14557557,5025
0.145578371,5024
0.145582594,5023
0.145585785,5022
0.14558899,5021
0.145601602,5020
0.145604481,5019
0.145607467,5018
0.14561132,5017
0.145615451,5016
0.145618277,5015
0.145622495,5014
0.14562633,5013
0.145631262,5012
0.145634257,5011
0.145637588,5010
0.145640214,5009
0.145643974,5008
0.145647137,5007
0.14565025,5006
0.145653121,5005
0.145657482,5004
0.14566074,5003
0.145663872,5002
0.145667307,5001
0.145669753,5000
0.145672508,4999
0.14567514,4998
0.145677802,4997
0.145680458,4996
0.145683089,4995
0.145689096,4994
0.145691759,4993
0.145694262,4992
0.145697058,4991
0.145699548,4990
0.145702857,4989
0.145705261,4988
0.145710138,4987
0.145713773,4986
0.145717359,4985
0.145723301,4984
0.145726555,4983
0.145729504,4982
0.145732464,4981
0.145735172,4980
0.145738009,4979
0.145740846,4978
0.145743603,4977
0.145746619,4976
0.145749726,4975
0.145752337,4974
0.145755106,4973
0.145758426,4972
0.145762175,4971
0.145764921,4970
0.145767967,4969
0.14577438,4968
0.145778097,4967
0.145781603,4966
0.145784934,4965
0.145788832,4964
0.145793805,4963
0.145797447,4962
0.145800876,4961
0.145804691,4960
0.145808053,4959
0.145811217,4958
0.145813887,4957
0.145818616,4956
0.145822043,4955
0.145825331,4954
0.145828354,4953
0.145831964,4952
0.145835269,4951
0.145838663,4950
0.145841364,4949
0.145844301,4948
0.145847303,4947
0.145849991,4946
0.145853061,4945
0.145855773,4944
0.145859603,4943
0.145862308,4942
0.145864995,4941
0.145867799,4940
0.145870501,4939
0.145877034,4938
0.145880851,4937
0.145884235,4936
0.145887512,4935
0.145890871,4934
0.145894283,4933
0.145897546,4932
0.145902177,4931
0.145907163,4930
0.145910379,4929
0.145913898,4928
0.145918114,4927
0.145987052,4926
0.145994181,4925
0.145998429,4924
0.146002051,4923
0.146005106,4922
0.146008041,4921
0.146011113,4920
0.146014372,4919
0.146017914,4918
0.146020645,4917
0.146023147,4916
0.146035266,4915
0.146038831,4914
0.146041891,4913
0.146044744,4912
0.146049929,4911
0.146053107,4910
0.14605588,4909
0.146058719,4908
0.146061544,4907
0.146065384,4906
0.146068825,4905
0.146071787,4904
0.146075116,4903
0.146079415,4902
0.146082382,4901
0.146086168,4900
0.146095012,4899
0.146098868,4898
0.146102185,4897
0.14610757,4896
0.146111881,4895
0.146115831,4894
0.146120958,4893
0.146124913,4892
0.146128364,4891
0.146131995,4890
0.146135346,4889
0.146138127,4888
0.146143324,4887
0.146147347,4886
0.146150747,4885
0.146155897,4884
0.146158924,4883
0.146161722,4882
0.146166053,4881
0.146170586,4880
0.146175703,4879
0.1461803,4878
0.14618362,4877
0.146187557,4876
0.146191171,4875
0.146195126,4874
0.146198183,4873
0.146201486,4872
0.146204553,4871
0.146210219,4870
0.146214081,4869
0.146217607,4868
0.146221567,4867
0.146224708,4866
0.146227573,4865
0.146231359,4864
0.146234849,4863
0.146238036,4862
0.14624086,4861
0.146244498,4860
0.146247916,4859
0.146251099,4858
0.146254202,4857
0.146257186,4856
0.146261534,4855
0.146264594,4854
0.146268034,4853
0.146270815,4852
0.146273941,4851
0.146276878,4850
0.146280016,4849
0.146282969,4848
0.14628572,4847
0.146288268,4846
0.146290926,4845
0.146293537,4844
0.146296212,4843
0.14629863,4842
0.146302957,4841
0.146306474,4840
0.146309374,4839
0.146313236,4838
0.146315945,4837
0.146318359,4836
0.146321722,4835
0.146341983,4834
0.146358453,4833
0.146362198,4832
0.146366553,4831
0.146370553,4830
0.146373866,4829
0.146377497,4828
0.146380422,4827
0.146383874,4826
0.146387515,4825
0.146392099,4824
0.146395547,4823
0.146398683,4822
0.14640203,4821
0.146405371,4820
0.146408304,4819
0.146411991,4818
0.146415165,4817
0.146419073,4816
0.146423911,4815
0.146429425,4814
0.14643197,4813
0.146434645,4812
0.146438346,4811
0.146441093,4810
0.146444493,4809
0.146456088,4808
0.146460201,4807
0.14646395,4806
0.146467691,4805
0.14647108,4804
0.146475782,4803
0.146478688,4802
0.14648327,4801
0.146486817,4800
0.14648985,4799
0.146492375,4798
0.146495932,4797
0.146499622,4796
0.146503408,4795
0.146506828,4794
0.146509965,4793
0.146513401,4792
0.146517805,4791
0.146520502,4790
0.146525303,4789
0.146527872,4788
0.146530999,4787
0.146534964,4786
0.146539052,4785
0.146542264,4784
0.146545418,4783
0.146549261,4782
0.146553743,4781
0.146556364,4780
0.146560175,4779
0.146563641,4778
0.146568228,4777
0.146571536,4776
0.146575835,4775
0.146580674,4774
0.146583575,4773
0.146588035,4772
0.146591124,4771
0.146594015,4770
0.146596687,4769
0.146599612,4768
0.146602399,4767
0.146606614,4766
0.146609494,4765
0.146614012,4764
0.146616878,4763
0.146619609,4762
0.146622897,4761
0.146625327,4760
0.146627925,4759
0.146631416,4758
0.146634055,4757
0.146636913,4756
0.146641548,4755
0.146645968,4754
0.14664897,4753
0.146652078,4752
0.146654969,4751
0.146657509,4750
0.146660214,4749
0.1466663,4748
0.146669206,4747
0.146672009,4746
0.146675043,4745
0.146677994,4744
0.146680694,4743
0.1466858,4742
0.146689286,4741
0.146693178,4740
0.146696255,4739
0.146699052,4738
0.146702043,4737
0.14670495,4736
0.146708693,4735
0.146712135,4734
0.146715203,4733
0.146717845,4732
0.14672142,4731
0.14672423,4730
0.14673052,4729
0.146734813,4728
0.146738659,4727
0.146744165,4726
0.146746948,4725
0.146751014,4724
0.14675401,4723
0.14675733,4722
0.146760073,4721
0.146763165,4720
0.146766061,4719
0.146769063,4718
0.14677163,4717
0.146776644,4716
0.146779159,4715
0.146782062,4714
0.146784338,4713
0.146789392,4712
0.146792235,4711
0.146794977,4710
0.146797849,4709
0.146800682,4708
0.14680471,4707
0.146806993,4706
0.146809814,4705
0.146812812,4704
0.146815578,4703
0.146819054,4702
0.146821154,4701
0.146823239,4700
0.146825561,4699
0.146828516,4698
0.146830923,4697
0.146833572,4696
0.146835839,4695
0.146838805,4694
0.146842522,4693
0.14684763,4692
0.146850814,4691
0.146854149,4690
0.146858146,4689
0.146862363,4688
0.146864875,4687
0.146868146,4686
0.14687165,4685
0.146875657,4684
0.14687855,4683
0.146881368,4682
0.146883699,4681
0.146886488,4680
0.146889081,4679
0.146894488,4678
0.146898197,4677
0.146901645,4676
0.146904488,4675
0.146908145,4674
0.146910966,4673
0.146914933,4672
0.146918363,4671
0.146921615,4670
0.146924274,4669
0.146926798,4668
0.146929785,4667
0.1469328,4666
0.146937879,4665
0.146941412,4664
0.146944408,4663
0.146947393,4662
0.146949872,4661
0.146952617,4660
0.14695556,4659
0.146958972,4658
0.146961766,4657
0.146964316,4656
0.146968906,4655
0.146973201,4654
0.146976289,4653
0.146979202,4652
0.146982588,4651
0.146987316,4650
0.146989864,4649
0.146992481,4648
0.146995729,4647
0.147000239,4646
0.147002569,4645
0.147005333,4644
0.147008507,4643
0.147011146,4642
0.147014342,4641
0.147017117,4640
0.147019435,4639
0.147021883,4638
0.147026085,4637
0.147028431,4636
0.147031561,4635
0.147034222,4634
0.147038578,4633
0.14704254,4632
0.147049767,4631
0.147054193,4630
0.147057666,4629
0.147061731,4628
0.147068412,4627
0.147073044,4626
0.147076111,4625
0.147079144,4624
0.147081702,4623
0.147086836,4622
0.14709018,4621
0.147093896,4620
0.147096758,4619
0.147099141,4618
0.147101538,4617
0.147103963,4616
0.147107468,4615
0.147109877,4614
0.14711315,4613
0.147121273,4612
0.147125045,4611
0.147129637,4610
0.147132307,4609
0.14713502,4608
0.147138089,4607
0.147141495,4606
0.147144365,4605
0.147147,4604
0.147150535,4603
0.147153368,4602
0.147156696,4601
0.147159612,4600
0.147162443,4599
0.147165708,4598
0.14716886,4597
0.147171533,4596
0.147175668,4595
0.147178643,4594
0.147181577,4593
0.147184399,4592
0.147187296,4591
0.147190291,4590
0.147193339,4589
0.147195992,4588
0.147198877,4587
0.147202005,4586
0.147204896,4585
0.147209665,4584
0.14721279,4583
0.147215921,4582
0.147219816,4581
0.147223338,4580
0.147228608,4579
0.147233209,4578
0.14723714,4577
0.147242094,4576
0.14724615,4575
0.147249179,4574
0.147253176,4573
0.147256249,4572
0.147260065,4571
0.147263941,4570
0.147267889,4569
0.147271671,4568
0.14727566,4567
0.14727895,4566
0.147283262,4565
0.147287671,4564
0.147291828,4563
0.147295064,4562
0.147298096,4561
0.147302034,4560
0.147308706,4559
0.147314282,4558
0.147317768,4557
0.147321025,4556
0.147325296,4555
0.147347205,4554
0.147352014,4553
0.14735618,4552
0.147363236,4551
0.14736647,4550
0.147370518,4549
0.14737408,4548
0.147377386,4547
0.147380264,4546
0.147383413,4545
0.147387636,4544
0.14739087,4543
0.147394793,4542
0.147397897,4541
0.147400673,4540
0.14740357,4539
0.147406273,4538
0.147410753,4537
0.147414256,4536
0.147416779,4535
0.147419367,4534
0.147421827,4533
0.147424455,4532
0.147439144,4531
0.147443429,4530
0.147448409,4529
0.147452571,4528
0.147455565,4527
0.147458128,4526
0.14746096,4525
0.147463534,4524
0.147466085,4523
0.147468393,4522
0.147470756,4521
0.147472922,4520
0.147475799,4519
0.14747809,4518
0.147480558,4517
0.147483257,4516
0.147486865,4515
0.147489362,4514
0.147491794,4513
0.147494074,4512
0.147498142,4511
0.147500784,4510
0.147503154,4509
0.1475058,4508
0.147508401,4507
0.147512207,4506
0.147514375,4505
0.147516776,4504
0.147519463,4503
0.147522059,4502
0.147524136,4501
0.147526412,4500
0.147528778,4499
0.147530876,4498
0.147534191,4497
0.147536444,4496
0.147539438,4495
0.147542085,4494
0.147544083,4493
0.147546061,4492
0.147548179,4491
0.147550109,4490
0.147552008,4489
0.147554335,4488
0.147556311,4487
0.147558196,4486
0.147561647,4485
0.1475645,4484
0.147568825,4483
0.147571253,4482
0.147574317,4481
0.147576438,4480
0.147578651,4479
0.147581331,4478
0.147583494,4477
0.147585969,4476
0.14758932,4475
0.14759183,4474
0.147593932,4473
0.147596578,4472
0.147599659,4471
0.147601864,4470
0.147603928,4469
0.147605989,4468
0.147608832,4467
0.14761355,4466
0.147615403,4465
0.147617174,4464
0.147619604,4463
0.147622168,4462
0.147625091,4461
0.147627886,4460
0.147630282,4459
0.147632709,4458
0.147635434,4457
0.147640297,4456
0.147644411,4455
0.147659155,4454
0.147662442,4453
0.147665112,4452
0.14766975,4451
0.147672411,4450
0.147677727,4449
0.147680451,4448
0.147683158,4447
0.147685666,4446
0.147688465,4445
0.147691096,4444
0.147693587,4443
0.147697101,4442
0.147699727,4441
0.147705155,4440
0.147707682,4439
0.147711727,4438
0.147714068,4437
0.147716215,4436
0.147718757,4435
0.14772088,4434
0.14772552,4433
0.147727643,4432
0.147729809,4431
0.147732285,4430
0.147734975,4429
0.147737689,4428
0.147739926,4427
0.147742571,4426
0.147745214,4425
0.147747768,4424
0.147750271,4423
0.147753208,4422
0.147756648,4421
0.147760863,4420
0.147763767,4419
0.147766881,4418
0.147769744,4417
0.147772407,4416
0.147776936,4415
0.147779992,4414
0.147783634,4413
0.147786501,4412
0.147789078,4411
0.147793815,4410
0.147796201,4409
0.14780034,4408
0.147803394,4407
0.14780637,4406
0.147810759,4405
0.147813281,4404
0.147816573,4403
0.147819444,4402
0.147822139,4401
0.147825319,4400
0.147828325,4399
0.147831492,4398
0.147836366,4397
0.147840551,4396
0.147843114,4395
0.147845645,4394
0.147848793,4393
0.14785139,4392
0.147853748,4391
0.147856235,4390
0.147858632,4389
0.147861101,4388
0.147863295,4387
0.147865827,4386
0.147869296,4385
0.147871973,4384
0.14787459,4383
0.147879105,4382
0.14788184,4381
0.147884656,4380
0.147887266,4379
0.14788981,4378
0.147892101,4377
0.147894416,4376
0.147897103,4375
0.147901422,4374
0.147904353,4373
0.147918778,4372
0.147921335,4371
0.147923951,4370
0.147928227,4369
0.147931043,4368
0.147934071,4367
0.147937119,4366
0.147940183,4365
0.147942743,4364
0.147945618,4363
0.147948327,4362
0.147951163,4361
0.14795356,4360
0.147955575,4359
0.147957744,4358
0.147960507,4357
0.147962791,4356
0.147965361,4355
0.147967644,4354
0.147970048,4353
0.147972312,4352
0.147974693,4351
0.147979232,4350
0.147981737,4349
0.147984637,4348
0.147989248,4347
0.147993267,4346
0.147995818,4345
0.14799903,4344
0.148001958,4343
0.148004783,4342
0.148007369,4341
0.148010679,4340
0.148014377,4339
0.14801692,4338
0.148019667,4337
0.148023176,4336
0.148025635,4335
0.148027959,4334
0.148031062,4333
0.148034701,4332
0.14803727,4331
0.148040202,4330
0.148043899,4329
0.148046384,4328
0.148050075,4327
0.148054735,4326
0.148059191,4325
0.148061824,4324
0.148064283,4323
0.148066948,4322
0.148069177,4321
0.148071802,4320
0.14807521,4319
0.1480789,4318
0.148081487,4317
0.148083925,4316
0.148087725,4315
0.148090852,4314
0.148093851,4313
0.148099054,4312
0.14811304,4311
0.148116,4310
0.148120987,4309
0.148124501,4308
0.148128434,4307
0.148134624,4306
0.148140285,4305
0.148144361,4304
0.148147152,4303
0.148150206,4302
0.148163825,4301
0.148166621,4300
0.148169118,4299
0.148171727,4298
0.148175593,4297
0.148179457,4296
0.148182654,4295
0.148185388,4294
0.148187904,4293
0.148192328,4292
0.148195918,4291
0.148199119,4290
0.148202324,4289
0.14820604,4288
0.148210312,4287
0.148214856,4286
0.148218772,4285
0.148222506,4284
0.148226062,4283
0.148230533,4282
0.148233407,4281
0.148237863,4280
0.148242771,4279
0.148245846,4278
0.148250163,4277
0.148253309,4276
0.148256464,4275
0.148260024,4274
0.148264641,4273
0.148268086,4272
0.148272068,4271
0.148276169,4270
0.148278693,4269
0.14828231,4268
0.148286009,4267
0.148291259,4266
0.148297349,4265
0.148301231,4264
0.148306088,4263
0.148309331,4262
0.148312878,4261
0.148317737,4260
0.148321238,4259
0.148324737,4258
0.148328157,4257
0.14833154,4256
0.148335048,4255
0.148338687,4254
0.148344165,4253
0.148349131,4252
0.148352603,4251
0.148356524,4250
0.14836027,4249
0.148363929,4248
0.148367572,4247
0.148370746,4246
0.148374085,4245
0.148378004,4244
0.148381328,4243
0.148385801,4242
0.148389732,4241
0.148393702,4240
0.148399519,4239
0.148405527,4238
0.148412567,4237
0.148416577,4236
0.148421029,4235
0.148425204,4234
0.148430103,4233
0.148434297,4232
0.148440607,4231
0.148444675,4230
0.148450404,4229
0.148454164,4228
0.148462541,4227
0.148466059,4226
0.148469772,4225
0.148474774,4224
0.148478253,4223
0.148483029,4222
0.148486436,4221
0.148491801,4220
0.148504251,4219
0.148507421,4218
0.148511606,4217
0.148514568,4216
0.148517377,4215
0.148520711,4214
0.148524612,4213
0.148527978,4212
0.148531592,4211
0.148535149,4210
0.148538297,4209
0.148543629,4208
0.148550149,4207
0.148554312,4206
0.148558473,4205
0.148562392,4204
0.148568282,4203
0.148572448,4202
0.148577003,4201
0.148581324,4200
0.148585437,4199
0.148590113,4198
0.148594059,4197
0.148599694,4196
0.148603323,4195
0.148606983,4194
0.148610751,4193
0.148616865,4192
0.148620535,4191
0.148624414,4190
0.148628949,4189
0.148632796,4188
0.148636893,4187
0.148642429,4186
0.148646029,4185
0.148652216,4184
0.148656636,4183
0.148660345,4182
0.148663876,4181
0.148667299,4180
0.148672402,4179
0.148675429,4178
0.148678986,4177
0.148685316,4176
0.148735075,4175
0.148780847,4174
0.148829361,4173
0.148844366,4172
0.148851245,4171
0.148854883,4170
0.148858163,4169
0.148861818,4168
0.148864942,4167
0.14890097,4166
0.148905739,4165
0.148910824,4164
0.148916292,4163
0.14891995,4162
0.148923533,4161
0.148927183,4160
0.148930849,4159
0.148934245,4158
0.148937415,4157
0.148940813,4156
0.148943963,4155
0.148949051,4154
0.148953005,4153
0.148956529,4152
0.1489606,4151
0.148965353,4150
0.148968954,4149
0.148973371,4148
0.148977132,4147
0.148981594,4146
0.148985773,4145
0.149014093,4144
0.149017882,4143
0.149023897,4142
0.149029387,4141
0.149033758,4140
0.149037121,4139
0.149040195,4138
0.149043365,4137
0.149046719,4136
0.14904939,4135
0.149052215,4134
0.149054977,4133
0.149058588,4132
0.149062244,4131
0.149065847,4130
0.149071007,4129
0.149075387,4128
0.149079686,4127
0.149083309,4126
0.149087262,4125
0.149090814,4124
0.14909443,4123
0.149098175,4122
0.149102588,4121
0.149107661,4120
0.149111773,4119
0.14911765,4118
0.149124749,4117
0.149129272,4116
0.149134733,4115
0.149138751,4114
0.149143053,4113
0.149146787,4112
0.149151811,4111
0.149155636,4110
0.149159804,4109
0.149163793,4108
0.149168874,4107
0.149174425,4106
0.149177333,4105
0.149265418,4104
0.149269268,4103
0.149272823,4102
0.149276378,4101
0.149279944,4100
0.149284651,4099
0.149289542,4098
0.149292686,4097
0.149296056,4096
0.149299642,4095
0.149302928,4094
0.149306641,4093
0.149310598,4092
0.14931488,4091
0.149318193,4090
0.149321521,4089
0.149327242,4088
0.149330438,4087
0.149334525,4086
0.14933777,4085
0.14934343,4084
0.149347575,4083
0.149350554,4082
0.149354034,4081
0.149357184,4080
0.149359989,4079
0.149364386,4078
0.149367813,4077
0.149372866,4076
0.149377172,4075
0.149381226,4074
0.149384774,4073
0.149388429,4072
0.149391723,4071
0.149394875,4070
0.149400328,4069
0.149403689,4068
0.149409411,4067
0.1494141,4066
0.149417134,4065
0.149420376,4064
0.149425005,4063
0.149428278,4062
0.149431256,4061
0.149434176,4060
0.149438678,4059
0.149442578,4058
0.149445619,4057
0.149450173,4056
0.149453535,4055
0.149457419,4054
0.149486163,4053
0.149489698,4052
0.149493316,4051
0.149498621,4050
0.149500939,4049
0.149504174,4048
0.149506303,4047
0.1495084,4046
0.149512199,4045
0.1495151,4044
0.149519906,4043
0.149528289,4042
0.149532315,4041
0.14953495,4040
0.149537415,4039
0.149540071,4038
0.149543955,4037
0.14955096,4036
0.149554749,4035
0.149558781,4034
0.149562055,4033
0.149565929,4032
0.149568694,4031
0.149572572,4030
0.149577924,4029
0.1495811,4028
0.149584881,4027
0.149588867,4026
0.149591668,4025
0.149596043,4024
0.149598444,4023
0.149601796,4022
0.149605631,4021
0.149608251,4020
0.149611956,4019
0.149615065,4018
0.149617868,4017
0.149620895,4016
0.149624002,4015
0.149626799,4014
0.149629717,4013
0.149632499,4012
0.149636745,4011
0.149640637,4010
0.149643242,4009
0.149645831,4008
0.149649045,4007
0.149651627,4006
0.149654618,4005
0.149659392,4004
0.149662365,4003
0.149664667,4002
0.149667407,4001
0.14966973,4000
0.149672398,3999
0.149674912,3998
0.149677919,3997
0.149681887,3996
0.14968481,3995
0.149692093,3994
0.149694665,3993
0.149697382,3992
0.149701703,3991
0.149704893,3990
0.14970817,3989
0.149711299,3988
0.149714347,3987
0.149717969,3986
0.149721797,3985
0.149727132,3984
0.149734743,3983
0.14973857,3982
0.1497422,3981
0.149747598,3980
0.149752082,3979
0.149756076,3978
0.149759384,3977
0.149761828,3976
0.149764492,3975
0.149767546,3974
0.14977197,3973
0.149774764,3972
0.149777892,3971
0.149780326,3970
0.149783014,3969
0.149785255,3968
0.149787798,3967
0.149790196,3966
0.149792636,3965
0.149795001,3964
0.149797491,3963
0.149799885,3962
0.149802453,3961
0.149805638,3960
0.149808054,3959
0.14981162,3958
0.149816345,3957
0.149819568,3956
0.149822429,3955
0.149824756,3954
0.149827302,3953
0.149830822,3952
0.149833321,3951
0.149835542,3950
0.149839201,3949
0.149842141,3948
0.149844772,3947
0.149847546,3946
0.149850309,3945
0.149852843,3944
0.149856328,3943
0.149858846,3942
0.149861503,3941
0.149865023,3940
0.149867691,3939
0.149872812,3938
0.149875451,3937
0.149880868,3936
0.149886316,3935
0.149889558,3934
0.149893682,3933
0.149896353,3932
0.149899031,3931
0.149903623,3930
0.149906191,3929
0.149910206,3928
0.149913514,3927
0.149917079,3926
0.149943627,3925
0.149949679,3924
0.149967784,3923
0.149970993,3922
0.149974362,3921
0.149982796,3920
0.149987518,3919
0.149996386,3918
0.150002171,3917
0.150005324,3916
0.150009957,3915
0.150014439,3914
0.150018738,3913
0.150022241,3912
0.150025695,3911
0.15002939,3910
0.150032838,3909
0.150036177,3908
0.150040661,3907
0.150043797,3906
0.150047531,3905
0.150050839,3904
0.150054243,3903
0.150059476,3902
0.150062497,3901
0.150068261,3900
0.150071357,3899
0.150074393,3898
0.150077729,3897
0.150082559,3896
0.150089599,3895
0.150092928,3894
0.150096165,3893
0.150101659,3892
0.150104899,3891
0.150108149,3890
0.150111257,3889
0.150116226,3888
0.150119236,3887
0.150122378,3886
0.150126919,3885
0.150130106,3884
0.150134133,3883
0.150137626,3882
0.150142407,3881
0.150146717,3880
0.15015016,3879
0.150156935,3878
0.150160383,3877
0.150163454,3876
0.15016662,3875
0.150171749,3874
0.150176286,3873
0.15017966,3872
0.150183949,3871
0.150187029,3870
0.150194822,3869
0.150197976,3868
0.150201148,3867
0.15020425,3866
0.150208179,3865
0.150211273,3864
0.150214147,3863
0.150222479,3862
0.150229412,3861
0.150232317,3860
0.150235369,3859
0.15023879,3858
0.150242215,3857
0.150245328,3856
0.150248997,3855
0.150273193,3854
0.150289892,3853
0.15029679,3852
0.150302775,3851
0.150308267,3850
0.150311401,3849
0.150314756,3848
0.150321121,3847
0.150324502,3846
0.150343887,3845
0.150347014,3844
0.150353464,3843
0.150356733,3842
0.150360291,3841
0.150364339,3840
0.150367584,3839
0.15037613,3838
0.150379423,3837
0.15038247,3836
0.150385954,3835
0.150389414,3834
0.150392686,3833
0.150395848,3832
0.150399476,3831
0.151681565,3830
0.151700581,3829
0.151704259,3828
0.151709964,3827
0.151714475,3826
0.151717547,3825
0.151720276,3824
0.151725372,3823
0.151729193,3822
0.151733031,3821
0.15173703,3820
0.151740529,3819
0.151744882,3818
0.151748037,3817
0.151750536,3816
0.151755858,3815
0.151759231,3814
0.151763049,3813
0.151765689,3812
0.15177187,3811
0.151775598,3810
0.151782192,3809
0.151791545,3808
0.151794812,3807
0.151799013,3806
0.151801933,3805
0.151805063,3804
0.151821263,3803
0.151828059,3802
0.151831666,3801
0.151834933,3800
0.151840818,3799
0.151859166,3798
0.151890276,3797
0.151894926,3796
0.151899667,3795
0.151912814,3794
0.151915661,3793
0.151918176,3792
0.151921218,3791
0.151928168,3790
0.151934593,3789
0.151941595,3788
0.151944604,3787
0.151955771,3786
0.151958833,3785
0.151962444,3784
0.151968593,3783
0.151974915,3782
0.151977591,3781
0.151982552,3780
0.151985147,3779
0.151987471,3778
0.151991533,3777
0.151996933,3776
0.152000773,3775
0.152004258,3774
0.152010359,3773
0.152016872,3772
0.152020477,3771
0.152025882,3770
0.15203047,3769
0.15203729,3768
0.15204314,3767
0.15205157,3766
0.152061454,3765
0.152064588,3764
0.152067926,3763
0.152070807,3762
0.152075164,3761
0.152082287,3760
0.152086518,3759
0.152090444,3758
0.152093727,3757
0.152097137,3756
0.152099764,3755
0.152102188,3754
0.152106702,3753
0.152114692,3752
0.152117988,3751
0.15212232,3750
0.152125665,3749
0.152130211,3748
0.152133316,3747
0.152136483,3746
0.152145681,3745
0.152148855,3744
0.152151861,3743
0.152156465,3742
0.152164115,3741
0.152168073,3740
0.152172661,3739
0.15217732,3738
0.152181639,3737
0.152185164,3736
0.152190564,3735
0.152193544,3734
0.152233911,3733
0.152238851,3732
0.15224277,3731
0.152248024,3730
0.152252499,3729
0.152256041,3728
0.152266772,3727
0.152271122,3726
0.152278091,3725
0.152285912,3724
0.152291564,3723
0.152294506,3722
0.15229727,3721
0.152301335,3720
0.15230458,3719
0.152309885,3718
0.152313511,3717
0.152317793,3716
0.152338949,3715
0.152343902,3714
0.152352149,3713
0.152356129,3712
0.152366639,3711
0.152375205,3710
0.152378792,3709
0.152384382,3708
0.15238959,3707
0.152394329,3706
0.152399035,3705
0.152407759,3704
0.15241082,3703
0.152413847,3702
0.152421784,3701
0.152426379,3700
0.152429652,3699
0.1524366,3698
0.152440015,3697
0.152445266,3696
0.152448266,3695
0.152451504,3694
0.152454862,3693
0.152460593,3692
0.15246866,3691
0.152476147,3690
0.152480085,3689
0.15248685,3688
0.152492401,3687
0.152495936,3686
0.152500976,3685
0.152506365,3684
0.152510215,3683
0.15251661,3682
0.15252001,3681
0.152525782,3680
0.152530126,3679
0.152536851,3678
0.152541651,3677
0.152544665,3676
0.152547818,3675
0.152553965,3674
0.152557053,3673
0.152561049,3672
0.152565499,3671
0.152569968,3670
0.152576335,3669
0.152584444,3668
0.1525927,3667
0.152595946,3666
0.152598651,3665
0.152601931,3664
0.152606075,3663
0.15261005,3662
0.152613144,3661
0.152616584,3660
0.152653591,3659
0.152660049,3658
0.152663522,3657
0.152667245,3656
0.152683792,3655
0.15268766,3654
0.152694407,3653
0.15269829,3652
0.152702103,3651
0.152710134,3650
0.152715274,3649
0.152722928,3648
0.152727131,3647
0.152731658,3646
0.152735374,3645
0.152756269,3644
0.152767163,3643
0.152770946,3642
0.152773963,3641
0.152777227,3640
0.152784224,3639
0.152799078,3638
0.152807153,3637
0.152816248,3636
0.152819362,3635
0.152822243,3634
0.152825359,3633
0.152828527,3632
0.152831902,3631
0.152838474,3630
0.152843063,3629
0.152847363,3628
0.152850862,3627
0.152853823,3626
0.152870538,3625
0.152873348,3624
0.152876658,3623
0.152879756,3622
0.152882462,3621
0.152890011,3620
0.152895474,3619
0.152903732,3618
0.152906548,3617
0.152911684,3616
0.152915732,3615
0.152921139,3614
0.152927538,3613
0.152936623,3612
0.152944185,3611
0.152948775,3610
0.152955572,3609
0.152958914,3608
0.152962117,3607
0.152965246,3606
0.152980091,3605
0.152986111,3604
0.153045519,3603
0.153051041,3602
0.153053742,3601
0.153059071,3600
0.153061521,3599
0.153066312,3598
0.153069998,3597
0.153073765,3596
0.153117112,3595
0.15313188,3594
0.153136668,3593
0.153139726,3592
0.153149101,3591
0.153152869,3590
0.153157673,3589
0.153164495,3588
0.153167947,3587
0.153173687,3586
0.153177299,3585
0.153180558,3584
0.15318541,3583
0.153188193,3582
0.153191177,3581
0.153195619,3580
0.15320042,3579
0.153209303,3578
0.153213783,3577
0.153216778,3576
0.153222191,3575
0.153225186,3574
0.153231893,3573
0.153235996,3572
0.153239108,3571
0.153242156,3570
0.153247394,3569
0.153253074,3568
0.153259652,3567
0.153268992,3566
0.15327177,3565
0.153278264,3564
0.153281131,3563
0.153285524,3562
0.153289317,3561
0.153329411,3560
0.153336845,3559
0.153345813,3558
0.153349397,3557
0.153367271,3556
0.153370023,3555
0.153380922,3554
0.153391056,3553
0.153396074,3552
0.153399732,3551
0.153407293,3550
0.153414637,3549
0.15341821,3548
0.153423793,3547
0.153431505,3546
0.153434695,3545
0.15344112,3544
0.153451562,3543
0.153454485,3542
0.153459725,3541
0.153464114,3540
0.153466929,3539
0.15347119,3538
0.153474507,3537
0.153477827,3536
0.15348198,3535
0.153485984,3534
0.153489011,3533
0.153492546,3532
0.153499227,3531
0.153503163,3530
0.153507518,3529
0.153510617,3528
0.153520682,3527
0.153523623,3526
0.153527591,3525
0.153540127,3524
0.153545189,3523
0.153548868,3522
0.15355517,3521
0.15356963,3520
0.153574724,3519
0.153580056,3518
0.153585724,3517
0.153592463,3516
0.153600418,3515
0.153603778,3514
0.153611895,3513
0.153618438,3512
0.153624688,3511
0.153628097,3510
0.153634434,3509
0.153639034,3508
0.153644241,3507
0.153649632,3506
0.153656228,3505
0.153661833,3504
0.153665976,3503
0.153671488,3502
0.154361788,3501
0.154367215,3500
0.154372582,3499
0.154378291,3498
0.15438643,3497
0.154395474,3496
0.154404274,3495
0.154413853,3494
0.154420288,3493
0.154426006,3492
0.154430153,3491
0.15443701,3490
0.154440139,3489
0.154444579,3488
0.154448903,3487
0.154464896,3486
0.154471835,3485
0.154484822,3484
0.15449906,3483
0.154503039,3482
0.154598575,3481
0.154612105,3480
0.154616395,3479
0.154623042,3478
0.154692291,3477
0.154722695,3476
0.154727829,3475
0.154755102,3474
0.154758672,3473
0.154764482,3472
0.154768581,3471
0.15477382,3470
0.154782796,3469
0.154792852,3468
0.154808964,3467
0.154813125,3466
0.154823371,3465
0.154834401,3464
0.154844329,3463
0.154857281,3462
0.154865328,3461
0.154879794,3460
0.154883498,3459
0.154887221,3458
0.154890995,3457
0.154901025,3456
0.154904729,3455
0.154908729,3454
0.1549123,3453
0.154917154,3452
0.154933996,3451
0.154937872,3450
0.154941894,3449
0.154958415,3448
0.15497814,3447
0.15498538,3446
0.154992758,3445
0.155009227,3444
0.155028848,3443
0.155033325,3442
0.155037426,3441
0.155042895,3440
0.155046418,3439
0.155068175,3438
0.155072285,3437
0.155079926,3436
0.155085576,3435
0.155092206,3434
0.155097566,3433
0.155104839,3432
0.155109057,3431
0.155117658,3430
0.155124039,3429
0.155130754,3428
0.155138488,3427
0.15514604,3426
0.155150852,3425
0.155169382,3424
0.155190617,3423
0.155193227,3422
0.155197684,3421
0.155201889,3420
0.155206386,3419
0.155215727,3418
0.155218931,3417
0.15522661,3416
0.155233326,3415
0.155246437,3414
0.155251526,3413
0.155261653,3412
0.155268818,3411
0.155280739,3410
0.1552844,3409
0.155300073,3408
0.155306817,3407
0.155309809,3406
0.155321025,3405
0.15532597,3404
0.15533112,3403
0.155336089,3402
0.155342687,3401
0.155350384,3400
0.155366501,3399
0.155409039,3398
0.15542845,3397
0.155435693,3396
0.155439483,3395
0.155446619,3394
0.155457992,3393
0.155461827,3392
0.155467292,3391
0.15546985,3390
0.155770833,3389
0.155775006,3388
0.1557991,3387
0.155803168,3386
0.155819714,3385
0.155832798,3384
0.155836154,3383
0.155859016,3382
0.155993147,3381
0.155996514,3380
0.156008015,3379
0.156015828,3378
0.15602026,3377
0.156029311,3376
0.156042629,3375
0.156048455,3374
0.15606116,3373
0.156073762,3372
0.156109235,3371
0.156124438,3370
0.156132736,3369
0.156144655,3368
0.156158491,3367
0.156169593,3366
0.15617648,3365
0.1561929,3364
0.156211367,3363
0.156228092,3362
0.15623723,3361
0.156259555,3360
0.156305041,3359
0.1563466,3358
0.15635156,3357
0.15635818,3356
0.156363685,3355
0.15636818,3354
0.156752107,3353
0.156808314,3352
0.156843234,3351
0.156850133,3350
0.156917063,3349
0.156976984,3348
0.157192849,3347
0.15727435,3346
0.157285662,3345
0.157304782,3344
0.157319949,3343
0.157330335,3342
0.157613584,3341
0.158552237,3340
0.158565865,3339
0.158598394,3338
0.158604315,3337
0.158633364,3336
0.158639253,3335
0.158646323,3334
0.158652186,3333
0.158666675,3332
0.158687776,3331
0.158953833,3330
0.158959233,3329
0.158980611,3328
0.158987603,3327
0.159051736,3326
0.159058805,3325
0.159268379,3324
0.159279947,3323
0.159294473,3322
0.159302263,3321
0.159330697,3320
0.159496751,3319
0.159717274,3318
0.159993512,3317
0.160017788,3316
0.160112822,3315
0.160248739,3314
0.160329295,3313
0.160454885,3312
