0.213934851,6061
0.214036099,6060
0.214109773,6059
0.214156923,6058
0.214232951,6057
0.214258951,6056
0.214282345,6055
0.214291502,6054
0.214299952,6053
0.214315681,6052
0.214381619,6051
0.214394682,6050
0.214406077,6049
0.214415633,6048
0.214425315,6047
0.214434558,6046
0.214443375,6045
0.214453561,6044
0.21446315,6043
0.214510939,6042
0.214521206,6041
0.214538401,6040
0.214549239,6039
0.214567705,6038
0.21461627,6037
0.214629388,6036
0.214640482,6035
0.214649741,6034
0.214665145,6033
0.214686582,6032
0.214727003,6031
0.214744412,6030
0.214766106,6029
0.214890245,6028
0.214935993,6027
0.214947207,6026
0.215497489,6025
0.215510402,6024
0.215523806,6023
0.215588536,6022
0.215597779,6021
0.215636703,6020
0.215652413,6019
0.215672676,6018
0.21569323,6017
0.215777583,6016
0.215821224,6015
0.215830391,6014
0.215905816,6013
0.215929931,6012
0.215953111,6011
0.215971337,6010
0.215987279,6009
0.216072835,6008
0.216085065,6007
0.216095845,6006
0.216159127,6005
0.216175298,6004
0.216274646,6003
0.21633951,6002
0.216354113,6001
0.216366351,6000
0.216378198,5999
0.216397774,5998
0.218349012,5997
0.231262666,5996
0.231291566,5995
0.231312955,5994
0.231326,5993
0.231339929,5992
0.231355628,5991
0.231363661,5990
0.231865387,5989
0.231920017,5988
0.235125043,5987
0.235140454,5986
0.241275135,5985
0.241291052,5984
0.241341942,5983
0.241357609,5982
0.241392655,5981
0.241422077,5980
0.241441885,5979
0.241454675,5978
0.241503527,5977
0.241524462,5976
0.241539554,5975
0.241561064,5974
0.242207406,5973
0.242228246,5972
0.242288946,5971
0.242303985,5970
0.242325764,5969
0.242364088,5968
0.242374725,5967
0.242610912,5966
0.242708351,5965
0.242728913,5964
0.24274513,5963
0.242764163,5962
0.242809841,5961
0.242822974,5960
0.242843546,5959
0.242857225,5958
0.242870497,5957
0.242884048,5956
0.242901163,5955
0.242918831,5954
0.242930093,5953
0.242977773,5952
0.242990038,5951
0.243060092,5950
0.24308637,5949
0.24312651,5948
0.243145729,5947
0.243193167,5946
0.243203519,5945
0.243213907,5944
0.243225165,5943
0.243332923,5942
0.243358908,5941
0.243379278,5940
0.243388499,5939
0.243444018,5938
0.24845419,5937
0.248492885,5936
0.248509444,5935
0.248569486,5934
0.248674524,5933
0.248690633,5932
0.248704146,5931
0.248712805,5930
0.248728713,5929
0.248735855,5928
0.248741821,5927
0.248747185,5926
0.24875292,5925
0.248758112,5924
0.248762993,5923
0.248767941,5922
0.248772772,5921
0.248777406,5920
0.248784031,5919
0.248812527,5918
0.248817442,5917
0.248856529,5916
0.248890903,5915
0.248896861,5914
0.248916396,5913
0.248924377,5912
0.248930473,5911
0.248938081,5910
0.248943917,5909
0.248950034,5908
0.248955946,5907
0.248961085,5906
0.248966835,5905
0.248972387,5904
0.248977595,5903
0.248982866,5902
0.248988045,5901
0.24899383,5900
0.24900042,5899
0.249005821,5898
0.249011065,5897
0.249015335,5896
0.249019754,5895
0.249023368,5894
0.249027243,5893
0.249031198,5892
0.249035395,5891
0.249041193,5890
0.249046608,5889
0.249053043,5888
0.249059045,5887
0.24906507,5886
0.249070668,5885
0.24907577,5884
0.249080406,5883
0.249085107,5882
0.249089705,5881
0.249095306,5880
0.24910033,5879
0.249106589,5878
0.249113358,5877
0.249119357,5876
0.249124779,5875
0.249129503,5874
0.249134247,5873
0.24913872,5872
0.24914619,5871
0.249159274,5870
0.249177041,5869
0.249189772,5868
0.249199349,5867
0.249205351,5866
0.249217022,5865
0.249252634,5864
0.249310942,5863
0.24931728,5862
0.249322799,5861
0.249334455,5860
0.249339869,5859
0.249344599,5858
0.249349543,5857
0.249354899,5856
0.249366696,5855
0.249372056,5854
0.249376821,5853
0.249385883,5852
0.249412847,5851
0.249418707,5850
0.249423865,5849
0.249428876,5848
0.249434577,5847
0.249439958,5846
0.249445233,5845
0.249450649,5844
0.249456208,5843
0.249461413,5842
0.249466189,5841
0.249471355,5840
0.249476369,5839
0.249482415,5838
0.249487517,5837
0.249492679,5836
0.249498516,5835
0.249503886,5834
0.249509474,5833
0.249515262,5832
0.249520246,5831
0.24952514,5830
0.249529765,5829
0.249534633,5828
0.249544948,5827
0.249550118,5826
0.249555683,5825
0.249560748,5824
0.249565475,5823
0.249570494,5822
0.249578024,5821
0.249585775,5820
0.249597232,5819
0.249605706,5818
0.249612362,5817
0.249650068,5816
0.249658501,5815
0.249678317,5814
0.249684947,5813
0.249690485,5812
0.249696528,5811
0.249701634,5810
0.249707015,5809
0.249712326,5808
0.249718186,5807
0.249726719,5806
0.249732097,5805
0.249737702,5804
0.249743692,5803
0.249754665,5802
0.249761187,5801
0.249801221,5800
0.249806446,5799
0.249811748,5798
0.249816954,5797
0.249822192,5796
0.249828417,5795
0.249834299,5794
0.249839871,5793
0.249844788,5792
0.249849265,5791
0.249853874,5790
0.249859257,5789
0.249863829,5788
0.249868787,5787
0.249873223,5786
0.249878339,5785
0.249882912,5784
0.249888132,5783
0.249895079,5782
0.24990065,5781
0.249906616,5780
0.24991151,5779
0.249916357,5778
0.24992218,5777
0.24992722,5776
0.249931759,5775
0.249937725,5774
0.249947379,5773
0.249952929,5772
0.249958079,5771
0.249962576,5770
0.249967286,5769
0.249972469,5768
0.24998027,5767
0.249985605,5766
0.249990332,5765
0.249995006,5764
0.249999563,5763
0.250004135,5762
0.250009183,5761
0.25001358,5760
0.250018488,5759
0.250023111,5758
0.250028043,5757
0.250033683,5756
0.250038527,5755
0.250044134,5754
0.250049663,5753
0.250055003,5752
0.250060911,5751
0.250074643,5750
0.250081924,5749
0.250087842,5748
0.250105501,5747
0.250137568,5746
0.250143034,5745
0.250148363,5744
0.250156303,5743
0.250161715,5742
0.250166425,5741
0.250171892,5740
0.250206399,5739
0.250211958,5738
0.250217441,5737
0.250222187,5736
0.250226834,5735
0.25023139,5734
0.250236632,5733
0.250241011,5732
0.250245522,5731
0.250279426,5730
0.250284296,5729
0.250289145,5728
0.250293559,5727
0.250297777,5726
0.250302587,5725
0.250307042,5724
0.250311582,5723
0.250316062,5722
0.250320073,5721
0.250324659,5720
0.250356192,5719
0.250389752,5718
0.250394669,5717
0.250399668,5716
0.250404716,5715
0.250409871,5714
0.250414517,5713
0.250424827,5712
0.250430756,5711
0.250436054,5710
0.250441531,5709
0.250446194,5708
0.250455209,5707
0.250460571,5706
0.250465554,5705
0.250471302,5704
0.250475642,5703
0.250480741,5702
0.250485277,5701
0.250489611,5700
0.250494426,5699
0.250499685,5698
0.250505938,5697
0.250510754,5696
0.250516181,5695
0.250521261,5694
0.250545169,5693
0.250550802,5692
0.250555983,5691
0.250578048,5690
0.250582825,5689
0.250587897,5688
0.250592,5687
0.250596948,5686
0.250600952,5685
0.250605012,5684
0.250609713,5683
0.250614282,5682
0.250618831,5681
0.250623023,5680
0.25062687,5679
0.25063345,5678
0.250638221,5677
0.250642457,5676
0.250646224,5675
0.250655928,5674
0.250659786,5673
0.250664368,5672
0.250669747,5671
0.250674289,5670
0.250679227,5669
0.250685057,5668
0.250689285,5667
0.250693436,5666
0.250697252,5665
0.250711139,5664
0.250720198,5663
0.250726456,5662
0.250735698,5661
0.250740723,5660
0.250746958,5659
0.250751408,5658
0.250755947,5657
0.250760537,5656
0.250765996,5655
0.250770582,5654
0.250775956,5653
0.250781118,5652
0.250786276,5651
0.250790849,5650
0.250795392,5649
0.250800248,5648
0.250804343,5647
0.25081312,5646
0.250817288,5645
0.250821683,5644
0.250825743,5643
0.250830012,5642
0.250834003,5641
0.250838601,5640
0.250843074,5639
0.250848224,5638
0.250852724,5637
0.250857331,5636
0.250866784,5635
0.250871682,5634
0.250877384,5633
0.250882124,5632
0.25088665,5631
0.250891284,5630
0.250913789,5629
0.25091821,5628
0.250922741,5627
0.250926794,5626
0.250931582,5625
0.250935639,5624
0.250939372,5623
0.250943858,5622
0.250947602,5621
0.25095196,5620
0.250956284,5619
0.250961298,5618
0.25096533,5617
0.250969921,5616
0.250973926,5615
0.250977947,5614
0.250981397,5613
0.250984778,5612
0.250989463,5611
0.250993895,5610
0.25099827,5609
0.251002552,5608
0.251007672,5607
0.251012675,5606
0.251016709,5605
0.251020955,5604
0.251025171,5603
0.251029981,5602
0.251034973,5601
0.251040104,5600
0.25104419,5599
0.251048666,5598
0.251056461,5597
0.251061611,5596
0.2510662,5595
0.251070893,5594
0.251076111,5593
0.251080305,5592
0.251084068,5591
0.251086944,5590
0.251090577,5589
0.25109634,5588
0.251102781,5587
0.251106455,5586
0.25111187,5585
0.251116387,5584
0.251120991,5583
0.251124694,5582
0.251129196,5581
0.251133365,5580
0.251137632,5579
0.251141248,5578
0.251145555,5577
0.251149187,5576
0.25115291,5575
0.251157757,5574
0.251161858,5573
0.251166204,5572
0.251170881,5571
0.251175364,5570
0.251178835,5569
0.251181775,5568
0.251185152,5567
0.251188471,5566
0.251191238,5565
0.251194309,5564
0.25119755,5563
0.251200848,5562
0.251204018,5561
0.251207761,5560
0.251211217,5559
0.251214237,5558
0.251217051,5557
0.251220031,5556
0.25122434,5555
0.251228016,5554
0.251231363,5553
0.251236567,5552
0.251243535,5551
0.251264574,5550
0.25129676,5549
0.251300994,5548
0.251304146,5547
0.251306906,5546
0.251310364,5545
0.251313514,5544
0.251316646,5543
0.251319581,5542
0.251323015,5541
0.251327446,5540
0.251330684,5539
0.251334809,5538
0.251338402,5537
0.251342214,5536
0.251346168,5535
0.251349992,5534
0.251356099,5533
0.251360215,5532
0.251364115,5531
0.251368556,5530
0.251372533,5529
0.251376711,5528
0.25138075,5527
0.25139072,5526
0.25139704,5525
0.25140294,5524
0.251408159,5523
0.25141237,5522
0.251416712,5521
0.251500914,5520
0.25150575,5519
0.251509994,5518
0.251514211,5517
0.251518673,5516
0.251523322,5515
0.251541788,5514
0.251546165,5513
0.251550187,5512
0.251554629,5511
0.251558091,5510
0.251562956,5509
0.251567536,5508
0.251571606,5507
0.251575702,5506
0.251579472,5505
0.251584959,5504
0.251589038,5503
0.251593367,5502
0.251597419,5501
0.251601104,5500
0.25160636,5499
0.25161119,5498
0.251615461,5497
0.251619473,5496
0.25162292,5495
0.25163452,5494
0.251637508,5493
0.251640319,5492
0.251643147,5491
0.251646103,5490
0.251649134,5489
0.251652477,5488
0.251655331,5487
0.251658467,5486
0.2516623,5485
0.251739538,5484
0.251745797,5483
0.251750316,5482
0.251754133,5481
0.251758193,5480
0.251761697,5479
0.251764533,5478
0.251766995,5477
0.25176981,5476
0.251772291,5475
0.25177481,5474
0.251777378,5473
0.251780151,5472
0.25178279,5471
0.251785941,5470
0.251788799,5469
0.251791173,5468
0.251793884,5467
0.251797009,5466
0.2517995,5465
0.251802091,5464
0.251805084,5463
0.251808768,5462
0.251815977,5461
0.251819622,5460
0.251823306,5459
0.251827346,5458
0.251831594,5457
0.251835431,5456
0.251839235,5455
0.251842769,5454
0.251846381,5453
0.251849947,5452
0.251853264,5451
0.251856833,5450
0.251860694,5449
0.251864911,5448
0.25186834,5447
0.251871984,5446
0.251875784,5445
0.251879404,5444
0.251883357,5443
0.251887226,5442
0.251890827,5441
0.251893644,5440
0.251897321,5439
0.2519002,5438
0.251902996,5437
0.251906017,5436
0.251908786,5435
0.251911604,5434
0.251914156,5433
0.251917317,5432
0.251920403,5431
0.251923675,5430
0.25192689,5429
0.251929636,5428
0.251932607,5427
0.251938043,5426
0.251941529,5425
0.251944558,5424
0.251947723,5423
0.25197861,5422
0.251981884,5421
0.251986349,5420
0.252048523,5419
0.252052032,5418
0.252059042,5417
0.252066676,5416
0.252070806,5415
0.252073409,5414
0.252076917,5413
0.252080145,5412
0.252082733,5411
0.252085883,5410
0.252088212,5409
0.252090649,5408
0.252093498,5407
0.252105984,5406
0.25211208,5405
0.252122883,5404
0.252127407,5403
0.252131319,5402
0.252135043,5401
0.252138838,5400
0.252142236,5399
0.252145451,5398
0.252148915,5397
0.252153441,5396
0.252157132,5395
0.252160685,5394
0.252164195,5393
0.252167885,5392
0.252171081,5391
0.252175301,5390
0.252179038,5389
0.252182472,5388
0.252186635,5387
0.252190813,5386
0.252194362,5385
0.252197204,5384
0.252200545,5383
0.252203571,5382
0.252206669,5381
0.252209079,5380
0.252211513,5379
0.252217073,5378
0.252221212,5377
0.252224612,5376
0.252227697,5375
0.252231612,5374
0.252235703,5373
0.252240041,5372
0.252243645,5371
0.252247533,5370
0.252251695,5369
0.252255061,5368
0.252259704,5367
0.252263313,5366
0.252267038,5365
0.252270706,5364
0.252273253,5363
0.252275914,5362
0.252278727,5361
0.25228141,5360
0.252283782,5359
0.252286587,5358
0.252289037,5357
0.252291129,5356
0.252293338,5355
0.252296124,5354
0.252298519,5353
0.252300804,5352
0.252303444,5351
0.252306179,5350
0.252308845,5349
0.252311112,5348
0.252314044,5347
0.252317611,5346
0.252321589,5345
0.252325425,5344
0.252328894,5343
0.252332964,5342
0.252336405,5341
0.252339513,5340
0.252343305,5339
0.252346611,5338
0.252350442,5337
0.252353987,5336
0.252357313,5335
0.252360816,5334
0.252364208,5333
0.252367324,5332
0.252370802,5331
0.252374377,5330
0.252377905,5329
0.252380966,5328
0.252383939,5327
0.252386955,5326
0.252390252,5325
0.252395746,5324
0.252399307,5323
0.252403199,5322
0.252406558,5321
0.2524098,5320
0.252413666,5319
0.252417367,5318
0.25242037,5317
0.252423947,5316
0.252427471,5315
0.252430211,5314
0.252433699,5313
0.252436491,5312
0.252439711,5311
0.252443042,5310
0.252446302,5309
0.252449832,5308
0.252453252,5307
0.252455986,5306
0.252465893,5305
0.252475493,5304
0.252483944,5303
0.252488246,5302
0.252491936,5301
0.252495335,5300
0.25249892,5299
0.252502307,5298
0.252505662,5297
0.252508858,5296
0.252511678,5295
0.252514657,5294
0.252517934,5293
0.252521339,5292
0.252524839,5291
0.252528506,5290
0.252532122,5289
0.252535781,5288
0.252538856,5287
0.252542103,5286
0.252544882,5285
0.252547464,5284
0.252551388,5283
0.252554876,5282
0.252558308,5281
0.252561805,5280
0.252565392,5279
0.252568697,5278
0.252571231,5277
0.252573592,5276
0.252576321,5275
0.252579801,5274
0.252582994,5273
0.25258698,5272
0.252590215,5271
0.252593749,5270
0.252596896,5269
0.252600333,5268
0.25260337,5267
0.25260665,5266
0.252611041,5265
0.252615933,5264
0.252619947,5263
0.252623488,5262
0.252626794,5261
0.252630014,5260
0.252633452,5259
0.252636576,5258
0.252639493,5257
0.252643251,5256
0.252646834,5255
0.252650229,5254
0.252653456,5253
0.25265685,5252
0.2526605,5251
0.252663565,5250
0.25266668,5249
0.252670392,5248
0.252673043,5247
0.252675657,5246
0.252677947,5245
0.252680208,5244
0.252682356,5243
0.252685739,5242
0.252689263,5241
0.252692349,5240
0.252696464,5239
0.252723131,5238
0.252726789,5237
0.252730637,5236
0.252733971,5235
0.252736646,5234
0.252739111,5233
0.252742077,5232
0.252745409,5231
0.252748233,5230
0.252750981,5229
0.25275356,5228
0.252811169,5227
0.252815432,5226
0.252818292,5225
0.252821024,5224
0.25282364,5223
0.252826156,5222
0.252828673,5221
0.252831053,5220
0.252833713,5219
0.252836195,5218
0.25283945,5217
0.252842478,5216
0.252845031,5215
0.252906177,5214
0.252908565,5213
0.252911667,5212
0.252914413,5211
0.252916976,5210
0.252919528,5209
0.25292224,5208
0.252924881,5207
0.25292755,5206
0.25293007,5205
0.252932446,5204
0.252934889,5203
0.252937233,5202
0.252939398,5201
0.252942845,5200
0.252945114,5199
0.252947706,5198
0.252950141,5197
0.252952543,5196
0.252954626,5195
0.25295691,5194
0.252959119,5193
0.252961211,5192
0.252963501,5191
0.252965532,5190
0.254542285,5189
0.254547874,5188
0.254556591,5187
0.254561493,5186
0.254567534,5185
0.254573534,5184
0.254576964,5183
0.254580625,5182
0.254583745,5181
0.254587322,5180
0.254590653,5179
0.254594729,5178
0.254598145,5177
0.254601575,5176
0.254605146,5175
0.254608536,5174
0.254612355,5173
0.254615982,5172
0.254622223,5171
0.25462658,5170
0.25463043,5169
0.254633829,5168
0.254637205,5167
0.254640848,5166
0.254650583,5165
0.254656394,5164
0.254660457,5163
0.254664865,5162
0.254669045,5161
0.25472167,5160
0.254726468,5159
0.254730549,5158
0.254734981,5157
0.254738946,5156
0.254742712,5155
0.254746398,5154
0.254749958,5153
0.254763169,5152
0.254768356,5151
0.254773474,5150
0.254777126,5149
0.254780937,5148
0.25478829,5147
0.25479884,5146
0.254803006,5145
0.254807781,5144
0.254811354,5143
0.254821384,5142
0.254827869,5141
0.254832397,5140
0.254853512,5139
0.254858375,5138
0.254862089,5137
0.254865457,5136
0.254868914,5135
0.254872973,5134
0.254877085,5133
0.254882328,5132
0.254886495,5131
0.254890786,5130
0.254895738,5129
0.254901674,5128
0.254907208,5127
0.254911181,5126
0.254917357,5125
0.254922413,5124
0.254925975,5123
0.254930929,5122
0.254934994,5121
0.254940421,5120
0.254944576,5119
0.254949867,5118
0.254953219,5117
0.25495717,5116
0.254960449,5115
0.254963999,5114
0.254967188,5113
0.254971316,5112
0.254975268,5111
0.254983996,5110
0.254988817,5109
0.254992933,5108
0.254996521,5107
0.255000042,5106
0.255003509,5105
0.25500724,5104
0.25501162,5103
0.255014915,5102
0.255018826,5101
0.255022311,5100
0.255025625,5099
0.255028602,5098
0.255031798,5097
0.255034948,5096
0.255040645,5095
0.255043858,5094
0.255047257,5093
0.255059172,5092
0.255062824,5091
0.255067422,5090
0.255071137,5089
0.255074909,5088
0.25507845,5087
0.255083336,5086
0.25508689,5085
0.255092075,5084
0.255095615,5083
0.255099389,5082
0.255102844,5081
0.255107177,5080
0.255112514,5079
0.255116646,5078
0.255119984,5077
0.255123733,5076
0.255126806,5075
0.255130018,5074
0.255133608,5073
0.255136995,5072
0.255140279,5071
0.255145706,5070
0.255148841,5069
0.25515914,5068
0.255163536,5067
0.255167221,5066
0.255171149,5065
0.255176323,5064
0.255179971,5063
0.255185262,5062
0.255188572,5061
0.255191704,5060
0.255194964,5059
0.2551982,5058
0.255201228,5057
0.255205608,5056
0.255209339,5055
0.255231242,5054
0.255260506,5053
0.255265507,5052
0.255270585,5051
0.255276876,5050
0.255280902,5049
0.255283399,5048
0.255287122,5047
0.255291122,5046
0.255296069,5045
0.25530919,5044
0.255312056,5043
0.255315173,5042
0.255317799,5041
0.255320827,5040
0.255323508,5039
0.255326267,5038
0.255328778,5037
0.255333015,5036
0.255336063,5035
0.255339111,5034
0.255342514,5033
0.255345467,5032
0.255348033,5031
0.25535104,5030
0.255353946,5029
0.255357825,5028
0.25536073,5027
0.255363408,5026
0.255366001,5025
0.255368816,5024
0.25537225,5023
0.255376417,5022
0.255379205,5021
0.25538207,5020
0.255384604,5019
0.255387283,5018
0.255390059,5017
0.255392841,5016
0.255395591,5015
0.255398266,5014
0.255401168,5013
0.255404988,5012
0.255408136,5011
0.255411516,5010
0.255414116,5009
0.255450912,5008
0.255453925,5007
0.255457274,5006
0.255459637,5005
0.255462144,5004
0.255465061,5003
0.255467533,5002
0.2554703,5001
0.255473034,5000
0.255476585,4999
0.255479777,4998
0.255483343,4997
0.25548709,4996
0.255490975,4995
0.25549384,4994
0.25549654,4993
0.255499414,4992
0.255501995,4991
0.255504725,4990
0.255507573,4989
0.255510192,4988
0.255512968,4987
0.255515828,4986
0.255520124,4985
0.255522958,4984
0.255526567,4983
0.255530263,4982
0.255533025,4981
0.255535638,4980
0.255538497,4979
0.255541284,4978
0.255545161,4977
0.255548164,4976
0.255551061,4975
0.255553913,4974
0.255556607,4973
0.255560512,4972
0.255563546,4971
0.255566521,4970
0.255569478,4969
0.255573549,4968
0.255576984,4967
0.255580568,4966
0.25558384,4965
0.255588938,4964
0.255593236,4963
0.255596928,4962
0.255601081,4961
0.255605008,4960
0.25560858,4959
0.255613611,4958
0.255617127,4957
0.255620715,4956
0.255624292,4955
0.255628156,4954
0.255632768,4953
0.255635985,4952
0.255640174,4951
0.255643523,4950
0.255646685,4949
0.255650006,4948
0.25565367,4947
0.255659338,4946
0.255662454,4945
0.255666426,4944
0.255670857,4943
0.255673882,4942
0.255677257,4941
0.2556798,4940
0.255682583,4939
0.255686611,4938
0.255690065,4937
0.255694577,4936
0.255698001,4935
0.255701336,4934
0.255704569,4933
0.255707505,4932
0.2557109,4931
0.255715,4930
0.255718224,4929
0.255721355,4928
0.255725379,4927
0.255728671,4926
0.255733104,4925
0.255736716,4924
0.25574027,4923
0.255743981,4922
0.255747425,4921
0.25575356,4920
0.25575676,4919
0.255760238,4918
0.255763961,4917
0.255775813,4916
0.255779695,4915
0.255783136,4914
0.255796488,4913
0.255806913,4912
0.255816752,4911
0.255821066,4910
0.255823969,4909
0.255851685,4908
0.255855311,4907
0.255858896,4906
0.255861828,4905
0.255864722,4904
0.255867612,4903
0.255872061,4902
0.255879689,4901
0.255906641,4900
0.255910757,4899
0.255936671,4898
0.255973065,4897
0.255976195,4896
0.255979999,4895
0.255986177,4894
0.25599131,4893
0.256003118,4892
0.256007161,4891
0.256010558,4890
0.256015078,4889
0.256018563,4888
0.256023384,4887
0.256028287,4886
0.25603157,4885
0.256036335,4884
0.256039506,4883
0.256042575,4882
0.256046136,4881
0.256049457,4880
0.256052456,4879
0.256055794,4878
0.25605941,4877
0.256062453,4876
0.256066016,4875
0.256069287,4874
0.25607228,4873
0.256075333,4872
0.256078363,4871
0.256083772,4870
0.256086955,4869
0.256090361,4868
0.256093109,4867
0.256096361,4866
0.256099405,4865
0.256102207,4864
0.25610473,4863
0.256109374,4862
0.256112208,4861
0.256115273,4860
0.256118077,4859
0.256121801,4858
0.256125927,4857
0.256128956,4856
0.25613232,4855
0.256135336,4854
0.256139875,4853
0.256143284,4852
0.256146345,4851
0.256149777,4850
0.256155085,4849
0.256160825,4848
0.256165275,4847
0.25616914,4846
0.256173055,4845
0.256177443,4844
0.256181903,4843
0.256186538,4842
0.25619929,4841
0.256203405,4840
0.256206774,4839
0.256211866,4838
0.256218423,4837
0.256221984,4836
0.25622624,4835
0.256228786,4834
0.256232065,4833
0.256235057,4832
0.256237817,4831
0.256240381,4830
0.256243321,4829
0.256246753,4828
0.256249598,4827
0.256252608,4826
0.25625563,4825
0.256259632,4824
0.256262627,4823
0.256265802,4822
0.25626838,4821
0.256271344,4820
0.256274441,4819
0.256278378,4818
0.256284065,4817
0.256286732,4816
0.256289575,4815
0.256292226,4814
0.256295139,4813
0.256298118,4812
0.256304158,4811
0.256307107,4810
0.256309831,4809
0.256312762,4808
0.256316884,4807
0.25631998,4806
0.256322713,4805
0.256325249,4804
0.256329173,4803
0.256331801,4802
0.256334586,4801
0.256337503,4800
0.256339861,4799
0.256342332,4798
0.256345192,4797
0.256349564,4796
0.256352337,4795
0.256355136,4794
0.256357736,4793
0.256361608,4792
0.256365332,4791
0.256368163,4790
0.256370882,4789
0.256373826,4788
0.256377008,4787
0.256379728,4786
0.256382458,4785
0.25638493,4784
0.256387737,4783
0.256390252,4782
0.256395183,4781
0.256398943,4780
0.256402525,4779
0.256406707,4778
0.256409931,4777
0.256415293,4776
0.2564189,4775
0.256422322,4774
0.256426533,4773
0.256430968,4772
0.25643454,4771
0.256441499,4770
0.256444518,4769
0.256447588,4768
0.256450547,4767
0.256454593,4766
0.256457474,4765
0.256460044,4764
0.256462537,4763
0.256465105,4762
0.256467647,4761
0.256470998,4760
0.256473948,4759
0.256479728,4758
0.25648351,4757
0.256511084,4756
0.256515985,4755
0.256520016,4754
0.256523436,4753
0.256526272,4752
0.256529134,4751
0.256531835,4750
0.256542759,4749
0.256545743,4748
0.256548401,4747
0.256551337,4746
0.256555037,4745
0.25655828,4744
0.256561121,4743
0.256563962,4742
0.256567145,4741
0.256574273,4740
0.256578643,4739
0.256583722,4738
0.256588209,4737
0.256593852,4736
0.256599753,4735
0.256602805,4734
0.256605703,4733
0.256608659,4732
0.256611351,4731
0.256614225,4730
0.256617012,4729
0.256619933,4728
0.256622891,4727
0.256625812,4726
0.256630492,4725
0.256634191,4724
0.256637021,4723
0.256639707,4722
0.256642658,4721
0.256645193,4720
0.256648063,4719
0.256650763,4718
0.256654182,4717
0.256657723,4716
0.256661098,4715
0.25666452,4714
0.256668022,4713
0.256671732,4712
0.256675108,4711
0.256681617,4710
0.256756639,4709
0.256761153,4708
0.256767353,4707
0.256772821,4706
0.256776585,4705
0.256780024,4704
0.256782863,4703
0.256786886,4702
0.256790569,4701
0.256793748,4700
0.256797264,4699
0.256800598,4698
0.256803583,4697
0.256806623,4696
0.256811168,4695
0.256814158,4694
0.25681744,4693
0.256820063,4692
0.256822955,4691
0.256825953,4690
0.256829446,4689
0.256832408,4688
0.256835145,4687
0.256840738,4686
0.256843818,4685
0.256846744,4684
0.256849737,4683
0.256853023,4682
0.256856551,4681
0.256862685,4680
0.256867086,4679
0.256870183,4678
0.256873491,4677
0.256876995,4676
0.25687983,4675
0.256883944,4674
0.256887443,4673
0.256890391,4672
0.25689347,4671
0.256896838,4670
0.256899808,4669
0.256902832,4668
0.256905891,4667
0.256908976,4666
0.256913039,4665
0.256915847,4664
0.25692041,4663
0.256923418,4662
0.256926727,4661
0.256931211,4660
0.256935596,4659
0.25693858,4658
0.256941558,4657
0.256944566,4656
0.256947367,4655
0.256950668,4654
0.256953414,4653
0.256956256,4652
0.256959086,4651
0.256962179,4650
0.256967221,4649
0.256970297,4648
0.256973731,4647
0.256982965,4646
0.256991757,4645
0.256995636,4644
0.257003149,4643
0.257008694,4642
0.257022606,4641
0.257026574,4640
0.257029865,4639
0.257034435,4638
0.257040065,4637
0.257051982,4636
0.257055697,4635
0.257061491,4634
0.257064947,4633
0.257069828,4632
0.257072512,4631
0.257075295,4630
0.257077937,4629
0.257081366,4628
0.25708401,4627
0.257086837,4626
0.257089496,4625
0.257091792,4624
0.257107515,4623
0.257110661,4622
0.257115413,4621
0.257118312,4620
0.257121968,4619
0.257130791,4618
0.257134479,4617
0.257137392,4616
0.257140352,4615
0.257143046,4614
0.25714579,4613
0.257149402,4612
0.25715366,4611
0.2571574,4610
0.257162132,4609
0.257166728,4608
0.257170368,4607
0.257174306,4606
0.257178292,4605
0.257181731,4604
0.257186414,4603
0.2571909,4602
0.257194436,4601
0.257198077,4600
0.257201786,4599
0.257207104,4598
0.257210708,4597
0.257216719,4596
0.25721993,4595
0.257223771,4594
0.257226341,4593
0.257228953,4592
0.257233342,4591
0.257236096,4590
0.257238821,4589
0.257241233,4588
0.257243538,4587
0.257246039,4586
0.257249496,4585
0.25725271,4584
0.257255721,4583
0.257258724,4582
0.25726153,4581
0.257264209,4580
0.257266997,4579
0.257269677,4578
0.25727286,4577
0.257276593,4576
0.257280152,4575
0.257284328,4574
0.257288268,4573
0.257292024,4572
0.257331345,4571
0.257335639,4570
0.257339714,4569
0.257343029,4568
0.257346039,4567
0.257349079,4566
0.257351894,4565
0.257354458,4564
0.257357767,4563
0.257364017,4562
0.257369974,4561
0.257374998,4560
0.257379521,4559
0.257382434,4558
0.257385694,4557
0.257389041,4556
0.257393159,4555
0.257396729,4554
0.257400907,4553
0.257405612,4552
0.257409706,4551
0.257413741,4550
0.25741756,4549
0.257421063,4548
0.257425028,4547
0.257429997,4546
0.257433373,4545
0.257437176,4544
0.25744052,4543
0.257444602,4542
0.257447467,4541
0.257450367,4540
0.257454028,4539
0.25745655,4538
0.257459297,4537
0.257462208,4536
0.257466815,4535
0.257471012,4534
0.257476772,4533
0.257479296,4532
0.257481991,4531
0.257484733,4530
0.257487442,4529
0.257490332,4528
0.257493068,4527
0.257498189,4526
0.257501833,4525
0.257504997,4524
0.257507947,4523
0.257510864,4522
0.257513673,4521
0.257516701,4520
0.257520471,4519
0.25752398,4518
0.25752776,4517
0.257531424,4516
0.257535106,4515
0.257537798,4514
0.257540683,4513
0.257543406,4512
0.257549765,4511
0.257554868,4510
0.257559087,4509
0.257562602,4508
0.257566153,4507
0.257569557,4506
0.257573266,4505
0.257577251,4504
0.25758008,4503
0.25761618,4502
0.257620444,4501
0.257624107,4500
0.257629368,4499
0.257634098,4498
0.257651919,4497
0.257655375,4496
0.257658426,4495
0.257662061,4494
0.257666524,4493
0.25766927,4492
0.257673014,4491
0.257675899,4490
0.257678721,4489
0.257681518,4488
0.257684812,4487
0.25768766,4486
0.257690414,4485
0.25769409,4484
0.257697217,4483
0.257700201,4482
0.257703915,4481
0.257706995,4480
0.257711782,4479
0.257714415,4478
0.257718667,4477
0.257722988,4476
0.257727235,4475
0.257730784,4474
0.257733979,4473
0.257736655,4472
0.257744761,4471
0.257747969,4470
0.257750841,4469
0.25778068,4468
0.257784319,4467
0.257788305,4466
0.257793854,4465
0.257798815,4464
0.257803407,4463
0.257806273,4462
0.257811281,4461
0.257813989,4460
0.257816762,4459
0.257819496,4458
0.257822355,4457
0.257825222,4456
0.257827865,4455
0.257830504,4454
0.257834259,4453
0.257839215,4452
0.257842312,4451
0.257846193,4450
0.257849445,4449
0.257852684,4448
0.25785564,4447
0.257859721,4446
0.257862822,4445
0.2578658,4444
0.257868451,4443
0.257871278,4442
0.257874245,4441
0.257877556,4440
0.257881401,4439
0.25788535,4438
0.257888249,4437
0.257891972,4436
0.25789558,4435
0.25789817,4434
0.25790086,4433
0.257903552,4432
0.257926702,4431
0.257937747,4430
0.257941511,4429
0.25794519,4428
0.257950009,4427
0.257956197,4426
0.25796089,4425
0.257965258,4424
0.257969954,4423
0.257972649,4422
0.257977222,4421
0.257980865,4420
0.257984553,4419
0.257988114,4418
0.257991412,4417
0.257994543,4416
0.257997883,4415
0.258000908,4414
0.25800539,4413
0.258008678,4412
0.258012871,4411
0.2580172,4410
0.258020852,4409
0.258024241,4408
0.258028016,4407
0.258031605,4406
0.258035126,4405
0.258039473,4404
0.258042612,4403
0.258047739,4402
0.258051368,4401
0.258069697,4400
0.258074129,4399
0.258077694,4398
0.258082399,4397
0.258085915,4396
0.258089186,4395
0.258092443,4394
0.258097273,4393
0.258100535,4392
0.258103627,4391
0.258107054,4390
0.258110038,4389
0.258113522,4388
0.258117118,4387
0.258120751,4386
0.258123939,4385
0.258128011,4384
0.258131321,4383
0.258134683,4382
0.258137797,4381
0.258141056,4380
0.258144196,4379
0.258147147,4378
0.258150228,4377
0.258154254,4376
0.258157046,4375
0.258160158,4374
0.258167683,4373
0.258172448,4372
0.258176572,4371
0.258213501,4370
0.258218731,4369
0.258223703,4368
0.258226758,4367
0.258229493,4366
0.258232529,4365
0.258235552,4364
0.258239828,4363
0.258244705,4362
0.258248107,4361
0.25825096,4360
0.258253725,4359
0.258256932,4358
0.258262095,4357
0.258283873,4356
0.25828801,4355
0.258291778,4354
0.258296419,4353
0.258300649,4352
0.258306514,4351
0.258336834,4350
0.258340415,4349
0.258343566,4348
0.258346773,4347
0.258350777,4346
0.258355473,4345
0.258358374,4344
0.258361335,4343
0.258364125,4342
0.25836814,4341
0.258375724,4340
0.258379617,4339
0.258382743,4338
0.258385677,4337
0.258388651,4336
0.258391659,4335
0.258394635,4334
0.258398301,4333
0.258401422,4332
0.258405356,4331
0.258409026,4330
0.258413432,4329
0.258416786,4328
0.258420259,4327
0.258424097,4326
0.258428806,4325
0.258432754,4324
0.258436816,4323
0.258440188,4322
0.25844479,4321
0.258448982,4320
0.258451842,4319
0.258459687,4318
0.258462915,4317
0.258467809,4316
0.258471281,4315
0.258474866,4314
0.258478404,4313
0.258482119,4312
0.258485425,4311
0.258488852,4310
0.25849317,4309
0.258496402,4308
0.25849943,4307
0.25850236,4306
0.258507092,4305
0.258510959,4304
0.258514908,4303
0.258517886,4302
0.258524726,4301
0.258528681,4300
0.258532175,4299
0.258536125,4298
0.258543449,4297
0.258548708,4296
0.258552577,4295
0.25855604,4294
0.258559635,4293
0.258562923,4292
0.258566413,4291
0.258571021,4290
0.258574216,4289
0.258577642,4288
0.258580967,4287
0.258584148,4286
0.258587069,4285
0.258590466,4284
0.258594733,4283
0.258597695,4282
0.258602957,4281
0.258651827,4280
0.258657129,4279
0.258669946,4278
0.25867442,4277
0.258677688,4276
0.258680536,4275
0.258683356,4274
0.258687605,4273
0.258691579,4272
0.258695541,4271
0.258698444,4270
0.258701378,4269
0.258705391,4268
0.258710321,4267
0.258713747,4266
0.258717171,4265
0.258720982,4264
0.258724264,4263
0.258728071,4262
0.258731778,4261
0.258735488,4260
0.258738891,4259
0.258742205,4258
0.258746628,4257
0.258752803,4256
0.25875889,4255
0.258762273,4254
0.258766247,4253
0.258770167,4252
0.258774946,4251
0.258777604,4250
0.258780494,4249
0.258783534,4248
0.258786204,4247
0.258790513,4246
0.258793345,4245
0.258796215,4244
0.258799223,4243
0.258802495,4242
0.258805817,4241
0.258809103,4240
0.258812375,4239
0.258815825,4238
0.25881894,4237
0.258821948,4236
0.258825362,4235
0.258828903,4234
0.259342567,4233
0.259393256,4232
0.259398817,4231
0.259402654,4230
0.259406306,4229
0.259410156,4228
0.25941364,4227
0.259417387,4226
0.259420843,4225
0.259424113,4224
0.259427168,4223
0.259433504,4222
0.259596733,4221
0.259626545,4220
0.259669311,4219
0.259673301,4218
0.259678151,4217
0.259682982,4216
0.259687982,4215
0.259693962,4214
0.25969821,4213
0.259702869,4212
0.259709038,4211
0.259713688,4210
0.259717474,4209
0.259723781,4208
0.259727048,4207
0.259731696,4206
0.25974697,4205
0.259752498,4204
0.259758267,4203
0.259764236,4202
0.259767926,4201
0.259771965,4200
0.259775753,4199
0.259779627,4198
0.259783315,4197
0.259786906,4196
0.259790617,4195
0.259794632,4194
0.259797993,4193
0.259801504,4192
0.259805209,4191
0.259808572,4190
0.259811692,4189
0.259814772,4188
0.259819416,4187
0.259824106,4186
0.259828344,4185
0.259832029,4184
0.25984474,4183
0.259849972,4182
0.25985593,4181
0.259860619,4180
0.259863797,4179
0.259868548,4178
0.259874518,4177
0.259879228,4176
0.259884775,4175
0.259889531,4174
0.259893349,4173
0.259896634,4172
0.259900072,4171
0.259905122,4170
0.259909548,4169
0.259913465,4168
0.259917016,4167
0.25992091,4166
0.259924391,4165
0.259928344,4164
0.259932301,4163
0.259936075,4162
0.259939517,4161
0.259945532,4160
0.259949702,4159
0.259953988,4158
0.259958039,4157
0.260053967,4156
0.26005833,4155
0.260062053,4154
0.260067877,4153
0.260076523,4152
0.260082226,4151
0.260094189,4150
0.260098516,4149
0.260101984,4148
0.260105735,4147
0.260109695,4146
0.260113314,4145
0.260117594,4144
0.260121017,4143
0.260124093,4142
0.260128426,4141
0.260131625,4140
0.260136837,4139
0.260140602,4138
0.260143777,4137
0.260149677,4136
0.26015407,4135
0.2601591,4134
0.260163534,4133
0.260169228,4132
0.260173148,4131
0.260176507,4130
0.260180185,4129
0.260185492,4128
0.260191793,4127
0.260195735,4126
0.260199518,4125
0.26020293,4124
0.26020667,4123
0.260210637,4122
0.260218917,4121
0.260223249,4120
0.260228817,4119
0.260233046,4118
0.260238554,4117
0.260242986,4116
0.260247299,4115
0.26025083,4114
0.260254711,4113
0.264532452,4112
0.264544855,4111
0.264559466,4110
0.264563995,4109
0.264568021,4108
0.264571558,4107
0.264575782,4106
0.264579732,4105
0.264583687,4104
0.264587279,4103
0.264592917,4102
0.264596985,4101
0.265244857,4100
0.26525533,4099
0.265294626,4098
0.265299108,4097
0.265303799,4096
0.265308183,4095
0.265312291,4094
0.26531807,4093
0.265321803,4092
0.26532602,4091
0.265330475,4090
0.265334613,4089
0.265340384,4088
0.265343809,4087
0.265348645,4086
0.265352623,4085
0.265395717,4084
0.265402886,4083
0.265412623,4082
0.265416572,4081
0.265420378,4080
0.265426695,4079
0.265430391,4078
0.265434313,4077
0.265437654,4076
0.265442312,4075
0.265447268,4074
0.265451107,4073
0.265454776,4072
0.265458438,4071
0.265462443,4070
0.265465762,4069
0.265469283,4068
0.26547292,4067
0.265511817,4066
0.265528469,4065
0.265532579,4064
0.265535372,4063
0.265540157,4062
0.265543606,4061
0.265546814,4060
0.265551212,4059
0.265554208,4058
0.265557368,4057
0.265561478,4056
0.265565648,4055
0.265571563,4054
0.265576032,4053
0.265630198,4052
0.265672424,4051
0.265689105,4050
0.265693849,4049
0.265697967,4048
0.265702209,4047
0.265729435,4046
0.265733011,4045
0.265753918,4044
0.265816048,4043
0.265827748,4042
0.265833641,4041
0.265840156,4040
0.265858187,4039
0.265877541,4038
0.265893046,4037
0.265906973,4036
0.265955552,4035
0.265960676,4034
0.265964348,4033
0.265971129,4032
0.265976898,4031
0.266138544,4030
0.266147296,4029
0.266151124,4028
0.266154466,4027
0.266157676,4026
0.266161128,4025
0.26616418,4024
0.266168692,4023
0.266173357,4022
0.266177535,4021
0.26618099,4020
0.266184,4019
0.266187341,4018
0.266191215,4017
0.266247485,4016
0.266251404,4015
0.266255128,4014
0.266319401,4013
0.266325236,4012
0.266328926,4011
0.266332826,4010
0.26633638,4009
0.266340003,4008
0.266343932,4007
0.266348409,4006
0.266351956,4005
0.26635685,4004
0.266361586,4003
0.266368073,4002
0.26637328,4001
0.266376603,4000
0.266379768,3999
0.266383017,3998
0.266386306,3997
0.266391416,3996
0.266395617,3995
0.26639893,3994
0.266404592,3993
0.266408714,3992
0.266412212,3991
0.266415685,3990
0.266419006,3989
0.266423213,3988
0.266427298,3987
0.266431661,3986
0.26643498,3985
0.266438722,3984
0.266442951,3983
0.266446752,3982
0.266452057,3981
0.266476387,3980
0.266480735,3979
0.26648356,3978
0.266488483,3977
0.266493144,3976
0.26649654,3975
0.266499633,3974
0.266513984,3973
0.266518576,3972
0.266523093,3971
0.266528169,3970
0.266531707,3969
0.266536042,3968
0.266539795,3967
0.266542993,3966
0.266546065,3965
0.266549587,3964
0.266552859,3963
0.266556464,3962
0.26660668,3961
0.266623037,3960
0.266626571,3959
0.266631824,3958
0.266634574,3957
0.266639344,3956
0.266656172,3955
0.266667956,3954
0.266675822,3953
0.266683374,3952
0.266694006,3951
0.266697781,3950
0.266701321,3949
0.266705179,3948
0.266709514,3947
0.266716061,3946
0.26672199,3945
0.266726288,3944
0.266729575,3943
0.266733533,3942
0.266736611,3941
0.266739743,3940
0.266744855,3939
0.266751998,3938
0.266756003,3937
0.266759638,3936
0.266764447,3935
0.266770582,3934
0.266774326,3933
0.266778718,3932
0.266782192,3931
0.266786872,3930
0.266792872,3929
0.266796656,3928
0.266800095,3927
0.266806537,3926
0.266810877,3925
0.266817379,3924
0.266822749,3923
0.266826978,3922
0.266831289,3921
0.266836016,3920
0.266842649,3919
0.266847883,3918
0.266854346,3917
0.266858887,3916
0.266867297,3915
0.266872411,3914
0.266875331,3913
0.266877966,3912
0.266881744,3911
0.266889803,3910
0.266893053,3909
0.266896116,3908
0.266900294,3907
0.266905734,3906
0.266908457,3905
0.266912961,3904
0.266915851,3903
0.266918552,3902
0.266921895,3901
0.266927463,3900
0.266931353,3899
0.266936829,3898
0.266939754,3897
0.266943116,3896
0.266947281,3895
0.266950199,3894
0.266955145,3893
0.266959879,3892
0.266963079,3891
0.266966181,3890
0.266972551,3889
0.266976372,3888
0.266980181,3887
0.26698398,3886
0.266987434,3885
0.266991564,3884
0.266997367,3883
0.267001505,3882
0.267010494,3881
0.267015981,3880
0.267019938,3879
0.267029109,3878
0.267034578,3877
0.26703717,3876
0.267039644,3875
0.267042569,3874
0.26704557,3873
0.267048915,3872
0.267079643,3871
0.267083142,3870
0.267086917,3869
0.267091324,3868
0.267094138,3867
0.267097077,3866
0.267105613,3865
0.267109122,3864
0.26711345,3863
0.267116371,3862
0.267119511,3861
0.267122158,3860
0.26712887,3859
0.267131851,3858
0.267134588,3857
0.267137322,3856
0.26713981,3855
0.267142615,3854
0.267147556,3853
0.26715025,3852
0.267152982,3851
0.267157346,3850
0.267159996,3849
0.267164009,3848
0.267169369,3847
0.267172425,3846
0.267176025,3845
0.267178735,3844
0.267189952,3843
0.267195721,3842
0.267199045,3841
0.267202471,3840
0.267207932,3839
0.267212836,3838
0.267216293,3837
0.267219798,3836
0.267222774,3835
0.267226132,3834
0.267234001,3833
0.267245117,3832
0.267249114,3831
0.2688235,3830
0.268828749,3829
0.268834587,3828
0.268842083,3827
0.268846056,3826
0.268850404,3825
0.26885467,3824
0.268859432,3823
0.268865254,3822
0.26886897,3821
0.268875518,3820
0.268879063,3819
0.268882401,3818
0.26888522,3817
0.268889021,3816
0.268892586,3815
0.26889804,3814
0.268903687,3813
0.268906818,3812
0.268914787,3811
0.268920279,3810
0.268923847,3809
0.268933478,3808
0.268938328,3807
0.268945168,3806
0.268954872,3805
0.268965728,3804
0.268970368,3803
0.268978535,3802
0.268983173,3801
0.268989821,3800
0.268993253,3799
0.268996802,3798
0.269008422,3797
0.269011852,3796
0.269017217,3795
0.269023351,3794
0.269028615,3793
0.269033307,3792
0.269036603,3791
0.269044541,3790
0.269056449,3789
0.269059989,3788
0.269071728,3787
0.269076391,3786
0.269085107,3785
0.269089614,3784
0.269093239,3783
0.269099296,3782
0.269104551,3781
0.269109208,3780
0.269116296,3779
0.269122084,3778
0.269126832,3777
0.269130552,3776
0.269139734,3775
0.269149682,3774
0.269153852,3773
0.269160835,3772
0.269166387,3771
0.269180085,3770
0.26922486,3769
0.269233942,3768
0.269237659,3767
0.269245792,3766
0.269252788,3765
0.269259485,3764
0.269263011,3763
0.269266247,3762
0.269269728,3761
0.269272879,3760
0.269277707,3759
0.269282798,3758
0.269296697,3757
0.26930066,3756
0.269304546,3755
0.269308419,3754
0.269317062,3753
0.269324894,3752
0.26933141,3751
0.269334523,3750
0.269337744,3749
0.269344264,3748
0.269347992,3747
0.269351021,3746
0.269355971,3745
0.269359343,3744
0.26936296,3743
0.269368602,3742
0.26937507,3741
0.269378216,3740
0.269381315,3739
0.26938646,3738
0.269390792,3737
0.269401077,3736
0.269405848,3735
0.269411465,3734
0.269423526,3733
0.269432353,3732
0.269438439,3731
0.269441663,3730
0.269446725,3729
0.26945033,3728
0.269454684,3727
0.269458206,3726
0.269461245,3725
0.269467254,3724
0.269471135,3723
0.269478483,3722
0.269484837,3721
0.269487977,3720
0.269491087,3719
0.269494449,3718
0.269499252,3717
0.269535616,3716
0.269538527,3715
0.269544194,3714
0.269549483,3713
0.269552556,3712
0.269556838,3711
0.269560158,3710
0.269566391,3709
0.269571149,3708
0.269574782,3707
0.269577792,3706
0.269582043,3705
0.269585219,3704
0.269599742,3703
0.269611013,3702
0.269617019,3701
0.26962074,3700
0.26962637,3699
0.269634034,3698
0.269637876,3697
0.269642537,3696
0.269651781,3695
0.269656303,3694
0.269660827,3693
0.26966848,3692
0.269673147,3691
0.269681277,3690
0.26968782,3689
0.269691417,3688
0.269696179,3687
0.269699761,3686
0.269705935,3685
0.26970904,3684
0.26971581,3683
0.269719555,3682
0.269723879,3681
0.269728677,3680
0.269749644,3679
0.269757106,3678
0.269761165,3677
0.269769341,3676
0.269773416,3675
0.269779935,3674
0.269784523,3673
0.269788535,3672
0.269793951,3671
0.269827351,3670
0.269867408,3669
0.269901473,3668
0.269907743,3667
0.269911047,3666
0.269916441,3665
0.269919986,3664
0.269925649,3663
0.269929259,3662
0.269934647,3661
0.26993783,3660
0.269941906,3659
0.269945504,3658
0.269951637,3657
0.269956195,3656
0.269959456,3655
0.269965035,3654
0.269969333,3653
0.270005862,3652
0.270009992,3651
0.270015824,3650
0.270023147,3649
0.270035824,3648
0.270040009,3647
0.270046322,3646
0.270061259,3645
0.270064805,3644
0.270068166,3643
0.27007159,3642
0.270075105,3641
0.270091949,3640
0.270095506,3639
0.270098864,3638
0.270106199,3637
0.270117324,3636
0.270121217,3635
0.270126084,3634
0.270130063,3633
0.270136269,3632
0.270141622,3631
0.270147827,3630
0.270150916,3629
0.270154535,3628
0.270159625,3627
0.270166106,3626
0.270169771,3625
0.270174961,3624
0.270178777,3623
0.27019562,3622
0.270199486,3621
0.270208311,3620
0.27022049,3619
0.270225131,3618
0.270240099,3617
0.270250821,3616
0.270253858,3615
0.270269203,3614
0.270272315,3613
0.270278967,3612
0.270282582,3611
0.270285924,3610
0.270294146,3609
0.270303533,3608
0.270308197,3607
0.270316023,3606
0.27031924,3605
0.270323899,3604
0.270328915,3603
0.270332232,3602
0.270340733,3601
0.270346807,3600
0.270350516,3599
0.270356434,3598
0.270364667,3597
0.270369432,3596
0.270373301,3595
0.270378001,3594
0.270389082,3593
0.270392525,3592
0.270399814,3591
0.270403876,3590
0.270407033,3589
0.270411321,3588
0.270418508,3587
0.270425515,3586
0.270429934,3585
0.270439035,3584
0.270459674,3583
0.270510241,3582
0.270514429,3581
0.270520002,3580
0.270523832,3579
0.270537485,3578
0.270544826,3577
0.270553231,3576
0.270558445,3575
0.270561943,3574
0.270565125,3573
0.270580731,3572
0.270585432,3571
0.27059081,3570
0.270597832,3569
0.27060286,3568
0.270611445,3567
0.270615338,3566
0.270622066,3565
0.270626569,3564
0.270643369,3563
0.270647573,3562
0.27065966,3561
0.270687475,3560
0.270693146,3559
0.270699074,3558
0.270702614,3557
0.270709462,3556
0.27071703,3555
0.270728372,3554
0.270739406,3553
0.27074366,3552
0.270751257,3551
0.270754656,3550
0.270759976,3549
0.270763644,3548
0.270774192,3547
0.270780801,3546
0.27078987,3545
0.270793644,3544
0.270802539,3543
0.270805681,3542
0.270815214,3541
0.270823269,3540
0.270827145,3539
0.270831132,3538
0.270838908,3537
0.270845535,3536
0.270849788,3535
0.270854756,3534
0.270865678,3533
0.270869604,3532
0.270876368,3531
0.270890391,3530
0.270897061,3529
0.270901795,3528
0.27090664,3527
0.27092137,3526
0.270934612,3525
0.270941039,3524
0.270944577,3523
0.270947633,3522
0.270954076,3521
0.270963554,3520
0.270966944,3519
0.270970229,3518
0.270982279,3517
0.270993533,3516
0.270999524,3515
0.271009194,3514
0.271012491,3513
0.271022397,3512
0.271027617,3511
0.271033801,3510
0.271047085,3509
0.271051716,3508
0.271114749,3507
0.271131906,3506
0.271140244,3505
0.271146064,3504
0.271156287,3503
0.27200414,3502
0.272010565,3501
0.272056489,3500
0.272071321,3499
0.272131305,3498
0.27213651,3497
0.272142005,3496
0.272182024,3495
0.272225347,3494
0.272241209,3493
0.272285165,3492
0.272290385,3491
0.272327825,3490
0.272335585,3489
0.272378957,3488
0.272434343,3487
0.27247343,3486
0.272479354,3485
0.272549123,3484
0.272555517,3483
0.27259075,3482
0.272598281,3481
0.272601662,3480
0.272642568,3479
0.272647849,3478
0.272664848,3477
0.272668262,3476
0.272676905,3475
0.272680263,3474
0.272687248,3473
0.272694455,3472
0.272712566,3471
0.272716108,3470
0.272728785,3469
0.272732353,3468
0.272738609,3467
0.272743072,3466
0.272747205,3465
0.272757409,3464
0.272763572,3463
0.272767906,3462
0.272775997,3461
0.272782,3460
0.272788999,3459
0.272793952,3458
0.272811594,3457
0.272816544,3456
0.272823453,3455
0.272832143,3454
0.272842771,3453
0.272860924,3452
0.272866318,3451
0.272872807,3450
0.2729255,3449
0.272932864,3448
0.272936441,3447
0.272945007,3446
0.27295406,3445
0.272958873,3444
0.272964711,3443
0.272972011,3442
0.272975418,3441
0.27297905,3440
0.272987979,3439
0.272996591,3438
0.273008419,3437
0.273015621,3436
0.273022344,3435
0.273046346,3434
0.273050393,3433
0.273053787,3432
0.273062464,3431
0.273066343,3430
0.273071193,3429
0.273082192,3428
0.273088311,3427
0.273095073,3426
0.273098793,3425
0.273112446,3424
0.273120693,3423
0.273126898,3422
0.273136284,3421
0.273142094,3420
0.273154443,3419
0.273163057,3418
0.27316881,3417
0.273174861,3416
0.273186284,3415
0.273191853,3414
0.273196073,3413
0.273203883,3412
0.273207578,3411
0.273227057,3410
0.27324684,3409
0.273261414,3408
0.273275045,3407
0.273279666,3406
0.273296733,3405
0.27330214,3404
0.273309114,3403
0.273313429,3402
0.273321131,3401
0.273327252,3400
0.273341205,3399
0.273345312,3398
0.273352666,3397
0.273357466,3396
0.273361488,3395
0.273365424,3394
0.273376646,3393
0.273383497,3392
0.273396134,3391
0.273862188,3390
0.273872021,3389
0.273879667,3388
0.273885107,3387
0.273894019,3386
0.273908834,3385
0.273916563,3384
0.273929661,3383
0.273965761,3382
0.273992272,3381
0.274000463,3380
0.274004582,3379
0.274022966,3378
0.274049917,3377
0.274063099,3376
0.274066985,3375
0.274090926,3374
0.274107828,3373
0.274121779,3372
0.274126377,3371
0.274133294,3370
0.274148879,3369
0.274158826,3368
0.274215908,3367
0.274237263,3366
0.274241503,3365
0.274245067,3364
0.274250047,3363
0.274259469,3362
0.27428986,3361
0.27430683,3360
0.274329188,3359
0.27434288,3358
0.274353774,3357
0.274361379,3356
0.274366471,3355
0.274700576,3354
0.274711271,3353
0.274725933,3352
0.274751557,3351
0.274761217,3350
0.274797388,3349
0.274863525,3348
0.274881776,3347
0.274925137,3346
0.274961053,3345
0.274975172,3344
0.274993603,3343
0.27532785,3342
0.275354766,3341
0.27535937,3340
0.275375049,3339
0.275397956,3338
0.275421845,3337
0.275439977,3336
0.275444188,3335
0.275463557,3334
0.275471928,3333
0.275495875,3332
0.275718,3331
0.275731421,3330
0.275745338,3329
0.275843456,3328
0.27586139,3327
0.275883539,3326
0.276059286,3325
0.276093282,3324
0.276104144,3323
0.276245648,3322
0.276431015,3321
0.276847528,3320
0.277062121,3319
0.277104763,3318
0.277235268,3317
0.277396298,3316
0.277411029,3315
0.27750018,3314
0.277668841,3313
