0.176053041,6061
0.176155856,6060
0.176195152,6059
0.176229054,6058
0.176273951,6057
0.176288542,6056
0.176303185,6055
0.176309578,6054
0.176315303,6053
0.176321021,6052
0.176326923,6051
0.176333834,6050
0.176340089,6049
0.176347072,6048
0.176354118,6047
0.176388772,6046
0.176396161,6045
0.176404231,6044
0.176409784,6043
0.176415511,6042
0.176420992,6041
0.176427797,6040
0.176434005,6039
0.176439655,6038
0.176445055,6037
0.176450942,6036
0.176457193,6035
0.176468201,6034
0.176474857,6033
0.176481516,6032
0.176491581,6031
0.176503116,6030
0.176509853,6029
0.176520322,6028
0.176530781,6027
0.176540564,6026
0.176552266,6025
0.176569147,6024
0.176582874,6023
0.176594089,6022
0.176604945,6021
0.176617641,6020
0.176632623,6019
0.1766472,6018
0.176663987,6017
0.17667042,6016
0.176675829,6015
0.176680845,6014
0.176686729,6013
0.176695448,6012
0.176718651,6011
0.176725937,6010
0.176735166,6009
0.176772486,6008
0.176779686,6007
0.176785996,6006
0.176791363,6005
0.1767968,6004
0.176802459,6003
0.176807599,6002
0.176816353,6001
0.176822221,6000
0.176827458,5999
0.176832739,5998
0.17683881,5997
0.176844434,5996
0.176850234,5995
0.176856063,5994
0.176871014,5993
0.176895932,5992
0.176903054,5991
0.176908876,5990
0.176918137,5989
0.176932113,5988
0.176945754,5987
0.176992108,5986
0.17699741,5985
0.177015583,5984
0.177023477,5983
0.177036024,5982
0.177048895,5981
0.177055277,5980
0.177153003,5979
0.177168253,5978
0.177205687,5977
0.177213445,5976
0.177228536,5975
0.177250752,5974
0.177256591,5973
0.177261716,5972
0.177266943,5971
0.17727227,5970
0.177280106,5969
0.177286679,5968
0.177293245,5967
0.177299096,5966
0.177304921,5965
0.177310568,5964
0.177315951,5963
0.17732108,5962
0.177377369,5961
0.179058,5960
0.179076323,5959
0.179093596,5958
0.179107989,5957
0.179118466,5956
0.179125856,5955
0.179132476,5954
0.179138956,5953
0.179145406,5952
0.179151533,5951
0.179157556,5950
0.179169882,5949
0.179175295,5948
0.179181146,5947
0.179186646,5946
0.179192224,5945
0.179197357,5944
0.179202755,5943
0.179208634,5942
0.179214049,5941
0.179219149,5940
0.179224085,5939
0.179228748,5938
0.179236309,5937
0.17924366,5936
0.179251938,5935
0.179282119,5934
0.179315217,5933
0.179328457,5932
0.179332976,5931
0.179337308,5930
0.179342778,5929
0.179349119,5928
0.17935545,5927
0.17936123,5926
0.17936661,5925
0.17937174,5924
0.179377006,5923
0.179381851,5922
0.179398211,5921
0.179401545,5920
0.179405865,5919
0.179409421,5918
0.179412631,5917
0.179416114,5916
0.179419548,5915
0.179423861,5914
0.179428179,5913
0.179431735,5912
0.17943599,5911
0.17943931,5910
0.179442488,5909
0.17944572,5908
0.179449105,5907
0.179452578,5906
0.179456327,5905
0.179459363,5904
0.17946308,5903
0.179466536,5902
0.17946975,5901
0.179488817,5900
0.179493745,5899
0.179497038,5898
0.179500156,5897
0.179503237,5896
0.179506386,5895
0.179509352,5894
0.179512402,5893
0.179515436,5892
0.179518735,5891
0.179522251,5890
0.179525819,5889
0.179529392,5888
0.179532881,5887
0.179536728,5886
0.179540049,5885
0.179547117,5884
0.179560986,5883
0.179566127,5882
0.179571163,5881
0.17958436,5880
0.179589679,5879
0.179594705,5878
0.179599908,5877
0.179604812,5876
0.179610718,5875
0.179614241,5874
0.179617589,5873
0.179620905,5872
0.179624318,5871
0.179633947,5870
0.17965081,5869
0.179660664,5868
0.179821303,5867
0.179828431,5866
0.17983281,5865
0.179836863,5864
0.179840964,5863
0.179844813,5862
0.179848261,5861
0.179851877,5860
0.179856428,5859
0.179861874,5858
0.179866654,5857
0.179871502,5856
0.179876722,5855
0.179881835,5854
0.179886322,5853
0.179910226,5852
0.179914265,5851
0.179917758,5850
0.179921281,5849
0.179924649,5848
0.179929445,5847
0.179935901,5846
0.179941531,5845
0.179954053,5844
0.17996607,5843
0.179971955,5842
0.179975904,5841
0.179979563,5840
0.179983015,5839
0.179986574,5838
0.179990341,5837
0.179994059,5836
0.179997333,5835
0.180000748,5834
0.18006545,5833
0.180069358,5832
0.180073237,5831
0.180076486,5830
0.180079926,5829
0.180084619,5828
0.180091555,5827
0.180095176,5826
0.180098572,5825
0.180101815,5824
0.18010523,5823
0.18010997,5822
0.180126684,5821
0.180131407,5820
0.180135687,5819
0.180179827,5818
0.180183395,5817
0.18018698,5816
0.18019007,5815
0.180194335,5814
0.180202153,5813
0.18020912,5812
0.180215942,5811
0.18022038,5810
0.18022501,5809
0.180229213,5808
0.180290746,5807
0.180400912,5806
0.180442309,5805
0.180460138,5804
0.180536139,5803
0.180541474,5802
0.180552396,5801
0.180564734,5800
0.180569828,5799
0.180575028,5798
0.180586928,5797
0.180591134,5796
0.180594745,5795
0.180598627,5794
0.180602406,5793
0.180606141,5792
0.18060982,5791
0.18061592,5790
0.180620445,5789
0.180654161,5788
0.180659288,5787
0.180663899,5786
0.180668603,5785
0.180673001,5784
0.180677698,5783
0.180682143,5782
0.180689949,5781
0.180695003,5780
0.180700658,5779
0.18070539,5778
0.180709703,5777
0.180715045,5776
0.180720319,5775
0.18072485,5774
0.180733847,5773
0.180738596,5772
0.180742795,5771
0.180747065,5770
0.180752457,5769
0.180756964,5768
0.180761462,5767
0.18076545,5766
0.180769847,5765
0.1807758,5764
0.1807816,5763
0.180785778,5762
0.180802126,5761
0.180808943,5760
0.18169318,5759
0.181704626,5758
0.181752761,5757
0.181759479,5756
0.181764869,5755
0.181769718,5754
0.181774396,5753
0.181779246,5752
0.181783681,5751
0.181819379,5750
0.181824543,5749
0.181829707,5748
0.181837553,5747
0.181842153,5746
0.181846867,5745
0.181851902,5744
0.181857113,5743
0.181871343,5742
0.181877495,5741
0.181887085,5740
0.181892,5739
0.181896021,5738
0.181900141,5737
0.181904436,5736
0.181908272,5735
0.18191277,5734
0.181916585,5733
0.181920084,5732
0.18192399,5731
0.181927562,5730
0.181931085,5729
0.181934882,5728
0.181938743,5727
0.181942954,5726
0.181946623,5725
0.181951729,5724
0.182004662,5723
0.18201031,5722
0.182014584,5721
0.182018543,5720
0.182022793,5719
0.182027451,5718
0.182031937,5717
0.182036624,5716
0.182041347,5715
0.18204565,5714
0.182050534,5713
0.182055238,5712
0.182059468,5711
0.182063698,5710
0.18206832,5709
0.182073412,5708
0.182077792,5707
0.182082304,5706
0.182086684,5705
0.182090781,5704
0.182095637,5703
0.18209988,5702
0.182104849,5701
0.182109319,5700
0.182113694,5699
0.18211801,5698
0.182121484,5697
0.18212468,5696
0.1821278,5695
0.182130641,5694
0.182133954,5693
0.182136986,5692
0.182139763,5691
0.182142879,5690
0.182146058,5689
0.182148813,5688
0.182151976,5687
0.182155087,5686
0.182158264,5685
0.182161713,5684
0.182168879,5683
0.182174913,5682
0.18218772,5681
0.182487779,5680
0.182497576,5679
0.182539049,5678
0.182542984,5677
0.182546564,5676
0.182549913,5675
0.182552924,5674
0.182586822,5673
0.182589693,5672
0.182593,5671
0.182595815,5670
0.182599342,5669
0.18260237,5668
0.182605087,5667
0.182607737,5666
0.182610866,5665
0.182614431,5664
0.182617809,5663
0.182621007,5662
0.18262462,5661
0.182628264,5660
0.182633437,5659
0.182637603,5658
0.182641287,5657
0.182644993,5656
0.182649087,5655
0.182652566,5654
0.182656151,5653
0.182659718,5652
0.182662888,5651
0.182666099,5650
0.182669733,5649
0.182701979,5648
0.182749132,5647
0.182754234,5646
0.182758031,5645
0.182762475,5644
0.18277864,5643
0.182782428,5642
0.182786453,5641
0.182790358,5640
0.18279388,5639
0.182797299,5638
0.182800853,5637
0.182804242,5636
0.182807868,5635
0.182811552,5634
0.182814385,5633
0.182818185,5632
0.182821146,5631
0.182824574,5630
0.182879085,5629
0.182881603,5628
0.182884131,5627
0.182886686,5626
0.182888995,5625
0.182891403,5624
0.18289414,5623
0.182919717,5622
0.182962566,5621
0.183015059,5620
0.183026699,5619
0.183030322,5618
0.183034156,5617
0.183037922,5616
0.183041907,5615
0.183068242,5614
0.183097633,5613
0.18311165,5612
0.183143354,5611
0.183151089,5610
0.183155892,5609
0.183162965,5608
0.183172729,5607
0.183182501,5606
0.183193566,5605
0.183203485,5604
0.183218246,5603
0.18322229,5602
0.183225616,5601
0.1832289,5600
0.183232214,5599
0.183235651,5598
0.183239048,5597
0.183242321,5596
0.183246022,5595
0.183256553,5594
0.183259894,5593
0.183263433,5592
0.183266869,5591
0.183272181,5590
0.183276835,5589
0.183280741,5588
0.183285108,5587
0.183289363,5586
0.183292895,5585
0.183296913,5584
0.18330042,5583
0.18330495,5582
0.183308837,5581
0.183406725,5580
0.183417092,5579
0.183465436,5578
0.183469032,5577
0.183472185,5576
0.183474678,5575
0.183477112,5574
0.183479652,5573
0.18348233,5572
0.183484881,5571
0.183487181,5570
0.18348978,5569
0.183492103,5568
0.183494979,5567
0.183497472,5566
0.1835005,5565
0.183503312,5564
0.183506224,5563
0.183508745,5562
0.18351132,5561
0.183514038,5560
0.183516514,5559
0.183521307,5558
0.183525137,5557
0.18352824,5556
0.183530704,5555
0.183533382,5554
0.183535793,5553
0.183538403,5552
0.183540679,5551
0.183544248,5550
0.183552542,5549
0.183561033,5548
0.183566054,5547
0.183570414,5546
0.18358165,5545
0.183596701,5544
0.183638077,5543
0.183664357,5542
0.183676705,5541
0.183714055,5540
0.183764419,5539
0.183971415,5538
0.183981928,5537
0.183986787,5536
0.184025032,5535
0.184061151,5534
0.184094886,5533
0.184106314,5532
0.184112586,5531
0.184116815,5530
0.18412118,5529
0.184125049,5528
0.184129335,5527
0.184132683,5526
0.18413601,5525
0.184140447,5524
0.184144285,5523
0.1841474,5522
0.18415084,5521
0.184154218,5520
0.184158268,5519
0.184173095,5518
0.184176182,5517
0.184179921,5516
0.184183169,5515
0.184198034,5514
0.184252433,5513
0.184265111,5512
0.184281586,5511
0.184301865,5510
0.184428249,5509
0.184439973,5508
0.18445048,5507
0.184481891,5506
0.184485309,5505
0.184488636,5504
0.184492604,5503
0.184496169,5502
0.184499626,5501
0.184502658,5500
0.184506375,5499
0.184509793,5498
0.184520923,5497
0.184527207,5496
0.184531813,5495
0.184545376,5494
0.18455155,5493
0.184555545,5492
0.184558921,5491
0.18456237,5490
0.18456548,5489
0.184568899,5488
0.184572542,5487
0.184587943,5486
0.184627797,5485
0.184680766,5484
0.184697476,5483
0.184749254,5482
0.184801677,5481
0.18484546,5480
0.184881473,5479
0.184894039,5478
0.184899381,5477
0.184902699,5476
0.184906081,5475
0.184908993,5474
0.184911883,5473
0.184915334,5472
0.184927574,5471
0.184969559,5470
0.185007466,5469
0.185041542,5468
0.18506572,5467
0.185083836,5466
0.18509444,5465
0.185200931,5464
0.18524218,5463
0.185247353,5462
0.185251393,5461
0.185255308,5460
0.185258514,5459
0.185261159,5458
0.185264027,5457
0.185266948,5456
0.185270081,5455
0.185273915,5454
0.185279627,5453
0.185282956,5452
0.185322784,5451
0.185325483,5450
0.185327958,5449
0.185330448,5448
0.185332993,5447
0.18533617,5446
0.185341034,5445
0.185344449,5444
0.185348059,5443
0.185351193,5442
0.185354313,5441
0.185357253,5440
0.185360561,5439
0.185363487,5438
0.185366075,5437
0.185368682,5436
0.185372248,5435
0.185380465,5434
0.18538581,5433
0.185390966,5432
0.185396231,5431
0.185399403,5430
0.185402362,5429
0.185408859,5428
0.185420599,5427
0.185424913,5426
0.185427887,5425
0.185433339,5424
0.18545882,5423
0.185467111,5422
0.205897948,5421
0.205948899,5420
0.205978535,5419
0.205990224,5418
0.206035071,5417
0.206047443,5416
0.206169085,5415
0.206271116,5414
0.206310024,5413
0.206448295,5412
0.206505138,5411
0.206520821,5410
0.206754356,5409
0.206800083,5408
0.206804088,5407
0.206810557,5406
0.206816093,5405
0.206821147,5404
0.206828885,5403
0.206832212,5402
0.206836022,5401
0.206839175,5400
0.206842344,5399
0.206845456,5398
0.206848285,5397
0.206852438,5396
0.206856463,5395
0.20685993,5394
0.206863624,5393
0.20686706,5392
0.206870318,5391
0.206874746,5390
0.206885323,5389
0.206889598,5388
0.206893824,5387
0.206902157,5386
0.206906273,5385
0.206944419,5384
0.206948358,5383
0.206953083,5382
0.20695713,5381
0.206962981,5380
0.206966567,5379
0.206969958,5378
0.206973765,5377
0.206977733,5376
0.206985477,5375
0.207884112,5374
0.207891778,5373
0.208021774,5372
0.208028794,5371
0.208077787,5370
0.208082048,5369
0.208095577,5368
0.208100323,5367
0.208104001,5366
0.208107699,5365
0.208111074,5364
0.20811436,5363
0.208118227,5362
0.208121975,5361
0.208126055,5360
0.208129239,5359
0.208132776,5358
0.208135896,5357
0.208139224,5356
0.208143243,5355
0.208146442,5354
0.208149411,5353
0.208152854,5352
0.208156199,5351
0.208160006,5350
0.208163157,5349
0.208166324,5348
0.208169421,5347
0.208173032,5346
0.20817684,5345
0.208180035,5344
0.208183592,5343
0.208187295,5342
0.208190596,5341
0.208194144,5340
0.208199834,5339
0.208204307,5338
0.208207679,5337
0.208217924,5336
0.20822185,5335
0.208232419,5334
0.208242585,5333
0.208249816,5332
0.208254296,5331
0.208258277,5330
0.208262497,5329
0.208266536,5328
0.208270507,5327
0.208274077,5326
0.20827768,5325
0.208281428,5324
0.208286388,5323
0.208289716,5322
0.208293168,5321
0.208297068,5320
0.208300552,5319
0.208303826,5318
0.20830743,5317
0.208310892,5316
0.208315093,5315
0.208318678,5314
0.208347535,5313
0.208365845,5312
0.20838326,5311
0.208411086,5310
0.208427395,5309
0.208444231,5308
0.208457147,5307
0.208483668,5306
0.208495936,5305
0.208525856,5304
0.208537965,5303
0.208578923,5302
0.208621772,5301
0.20865018,5300
0.208691018,5299
0.209343768,5298
0.209350488,5297
0.209354239,5296
0.209357808,5295
0.209360903,5294
0.209364671,5293
0.209377385,5292
0.209417274,5291
0.209420502,5290
0.209423235,5289
0.20942637,5288
0.209429272,5287
0.209432347,5286
0.209435778,5285
0.209439352,5284
0.209442638,5283
0.209445605,5282
0.209450308,5281
0.209741967,5280
0.210153594,5279
0.210158436,5278
0.210161738,5277
0.210164033,5276
0.210166676,5275
0.210171086,5274
0.210181233,5273
0.210185549,5272
0.210188501,5271
0.210191342,5270
0.210193907,5269
0.210196535,5268
0.210200905,5267
0.210203789,5266
0.210206626,5265
0.21020951,5264
0.210212192,5263
0.210214693,5262
0.210217444,5261
0.210220223,5260
0.210223794,5259
0.210227247,5258
0.210230514,5257
0.210234228,5256
0.21025499,5255
0.210274576,5254
0.210279545,5253
0.210283332,5252
0.210287554,5251
0.210291527,5250
0.210302197,5249
0.210307704,5248
0.210311799,5247
0.21031616,5246
0.210319428,5245
0.210323144,5244
0.210327338,5243
0.210331218,5242
0.210335108,5241
0.210338677,5240
0.210342633,5239
0.21035528,5238
0.210359376,5237
0.210362853,5236
0.210374079,5235
0.210378206,5234
0.210381926,5233
0.21038527,5232
0.210389011,5231
0.210392533,5230
0.210396082,5229
0.210399529,5228
0.210403059,5227
0.210406533,5226
0.210410199,5225
0.210413195,5224
0.210416842,5223
0.210420552,5222
0.210423885,5221
0.21042756,5220
0.210431131,5219
0.210434401,5218
0.210437589,5217
0.210440973,5216
0.210444305,5215
0.210447349,5214
0.210450587,5213
0.210454205,5212
0.210461217,5211
0.210473905,5210
0.210486754,5209
0.210491754,5208
0.211149128,5207
0.211162438,5206
0.211171888,5205
0.211178254,5204
0.211185006,5203
0.211189524,5202
0.211195753,5201
0.211231117,5200
0.211236574,5199
0.211241738,5198
0.211246169,5197
0.211253937,5196
0.211295772,5195
0.215046119,5194
0.215089861,5193
0.215095346,5192
0.215116796,5191
0.215130707,5190
0.217753002,5189
0.21779296,5188
0.217868308,5187
0.217897845,5186
0.217912411,5185
0.217947761,5184
0.217963579,5183
0.217972972,5182
0.217983458,5181
0.217991919,5180
0.218057119,5179
0.21824549,5178
0.218293648,5177
0.218334986,5176
0.218387388,5175
0.218416665,5174
0.218440839,5173
0.218462432,5172
0.218480263,5171
0.218488402,5170
0.218492552,5169
0.218496514,5168
0.21850009,5167
0.218507273,5166
0.218511714,5165
0.218515458,5164
0.218519147,5163
0.218530689,5162
0.218535586,5161
0.218539244,5160
0.218543036,5159
0.218546791,5158
0.218550664,5157
0.218554447,5156
0.218558712,5155
0.218565531,5154
0.218571291,5153
0.218575595,5152
0.218579375,5151
0.21858263,5150
0.218586144,5149
0.218589259,5148
0.218594183,5147
0.218597771,5146
0.218636571,5145
0.218678573,5144
0.218682372,5143
0.218685968,5142
0.218689921,5141
0.218693133,5140
0.220145819,5139
0.220153957,5138
0.22015827,5137
0.220161574,5136
0.220164785,5135
0.220167971,5134
0.220171402,5133
0.220177058,5132
0.220181822,5131
0.220186483,5130
0.220191953,5129
0.220196147,5128
0.220201555,5127
0.220206604,5126
0.22021088,5125
0.220214881,5124
0.220219228,5123
0.220222748,5122
0.220226343,5121
0.220229548,5120
0.220233147,5119
0.220237005,5118
0.220240997,5117
0.220244132,5116
0.220247439,5115
0.220249767,5114
0.220254171,5113
0.220258102,5112
0.220261815,5111
0.220265247,5110
0.220268746,5109
0.2202723,5108
0.220275791,5107
0.220279078,5106
0.220283718,5105
0.220288062,5104
0.220291018,5103
0.220294554,5102
0.220298121,5101
0.220306695,5100
0.220339275,5099
0.220441713,5098
0.220479976,5097
0.220534858,5096
0.22054847,5095
0.220554525,5094
0.220558638,5093
0.220595143,5092
0.220637633,5091
0.220652853,5090
0.220726988,5089
0.220757076,5088
0.220803115,5087
0.220851574,5086
0.220875507,5085
0.22089431,5084
0.220898342,5083
0.220904192,5082
0.220911348,5081
0.220926738,5080
0.22094121,5079
0.22095397,5078
0.220963992,5077
0.220971242,5076
0.220975984,5075
0.220987561,5074
0.220992326,5073
0.221005819,5072
0.221013318,5071
0.221025262,5070
0.221030291,5069
0.221033685,5068
0.22103734,5067
0.221041179,5066
0.221044632,5065
0.221048238,5064
0.221051886,5063
0.22105589,5062
0.221059911,5061
0.221073177,5060
0.221076786,5059
0.221079911,5058
0.221083191,5057
0.221086797,5056
0.221090601,5055
0.221094368,5054
0.221098172,5053
0.22110156,5052
0.221104954,5051
0.221108667,5050
0.221112795,5049
0.221118902,5048
0.221123581,5047
0.221128401,5046
0.221133584,5045
0.221137859,5044
0.221141815,5043
0.221147779,5042
0.22115226,5041
0.221157719,5040
0.221162415,5039
0.22119124,5038
0.22120587,5037
0.221211437,5036
0.221216808,5035
0.221221725,5034
0.221227245,5033
0.22123201,5032
0.221236394,5031
0.221241924,5030
0.221246229,5029
0.221298214,5028
0.221348748,5027
0.221361704,5026
0.221408661,5025
0.221438129,5024
0.221447758,5023
0.221482089,5022
0.221486457,5021
0.221491198,5020
0.221504022,5019
0.221509431,5018
0.221518051,5017
0.221556517,5016
0.22156227,5015
0.221569141,5014
0.221583201,5013
0.221619436,5012
0.221652673,5011
0.22165807,5010
0.221662173,5009
0.221667238,5008
0.221670635,5007
0.221674044,5006
0.221677484,5005
0.221682972,5004
0.221686279,5003
0.221691638,5002
0.221696989,5001
0.221700486,5000
0.221703997,4999
0.221707668,4998
0.221711134,4997
0.221714794,4996
0.221718466,4995
0.221723311,4994
0.221726558,4993
0.221730791,4992
0.22173541,4991
0.221744569,4990
0.221751221,4989
0.221755099,4988
0.221758739,4987
0.221762575,4986
0.221766504,4985
0.221813314,4984
0.228380076,4983
0.228452706,4982
0.228508655,4981
0.228558587,4980
0.228597359,4979
0.228660395,4978
0.228684315,4977
0.228734144,4976
0.228790841,4975
0.228821673,4974
0.228850677,4973
0.228966664,4972
0.229030832,4971
0.229043017,4970
0.229048267,4969
0.229055856,4968
0.229060157,4967
0.22906471,4966
0.229177913,4965
0.229182265,4964
0.229187416,4963
0.229192515,4962
0.229197098,4961
0.229234378,4960
0.229247397,4959
0.229255156,4958
0.229259496,4957
0.229264896,4956
0.229269039,4955
0.229272647,4954
0.229279013,4953
0.229283335,4952
0.229286743,4951
0.229290529,4950
0.229293934,4949
0.229297525,4948
0.229300808,4947
0.22930396,4946
0.229307457,4945
0.229311192,4944
0.229316209,4943
0.229319597,4942
0.229322963,4941
0.229326547,4940
0.229330536,4939
0.229402102,4938
0.229406904,4937
0.229411509,4936
0.229419624,4935
0.229439748,4934
0.2294664,4933
0.229470577,4932
0.229475731,4931
0.229482055,4930
0.229485502,4929
0.229490674,4928
0.229495927,4927
0.229506937,4926
0.229535884,4925
0.22957378,4924
0.229615728,4923
0.229837362,4922
0.229885873,4921
0.229915441,4920
0.229947588,4919
0.229991119,4918
0.230021709,4917
0.230036001,4916
0.230046665,4915
0.230051259,4914
0.230055179,4913
0.230059676,4912
0.230065181,4911
0.230563978,4910
0.230616519,4909
0.230621438,4908
0.230627619,4907
0.230631915,4906
0.230646577,4905
0.230651308,4904
0.230663406,4903
0.230669885,4902
0.230673982,4901
0.230678109,4900
0.230684677,4899
0.230688639,4898
0.230692301,4897
0.230708307,4896
0.230790616,4895
0.230795676,4894
0.230854493,4893
0.230886466,4892
0.230999719,4891
0.231007129,4890
0.231013679,4889
0.231116055,4888
0.231125736,4887
0.231158467,4886
0.231190707,4885
0.231228035,4884
0.231232194,4883
0.231235794,4882
0.231239363,4881
0.231244741,4880
0.231251024,4879
0.231255818,4878
0.231259813,4877
0.231264418,4876
0.231267826,4875
0.231271715,4874
0.231275039,4873
0.231278599,4872
0.231282307,4871
0.231286949,4870
0.231290486,4869
0.231293732,4868
0.231297595,4867
0.2313014,4866
0.231304383,4865
0.231307882,4864
0.231310168,4863
0.231312935,4862
0.231315401,4861
0.231318003,4860
0.231320567,4859
0.231326455,4858
0.231330474,4857
0.231335084,4856
0.231339564,4855
0.231344315,4854
0.231348117,4853
0.231351936,4852
0.231365881,4851
0.231369539,4850
0.231372867,4849
0.231375944,4848
0.231379464,4847
0.231382989,4846
0.231386388,4845
0.23138973,4844
0.231392629,4843
0.231395441,4842
0.23140179,4841
0.231405621,4840
0.231409065,4839
0.231414323,4838
0.23141794,4837
0.231421418,4836
0.231427489,4835
0.231432919,4834
0.231437392,4833
0.231441024,4832
0.231446616,4831
0.231450338,4830
0.231454671,4829
0.231474457,4828
0.231478758,4827
0.23148358,4826
0.231488101,4825
0.23149349,4824
0.231497507,4823
0.231501899,4822
0.231505985,4821
0.231509598,4820
0.231513514,4819
0.231517784,4818
0.231521192,4817
0.231532416,4816
0.231537608,4815
0.231544148,4814
0.231547613,4813
0.231551372,4812
0.231556261,4811
0.231563243,4810
0.231581179,4809
0.231696861,4808
0.23170656,4807
0.23171033,4806
0.231724847,4805
0.23172926,4804
0.231733893,4803
0.231737293,4802
0.231746103,4801
0.231749468,4800
0.231803664,4799
0.231807209,4798
0.231811688,4797
0.231816017,4796
0.231819387,4795
0.231822476,4794
0.23182589,4793
0.231828927,4792
0.231833526,4791
0.231895354,4790
0.231900281,4789
0.231982098,4788
0.232031768,4787
0.232080661,4786
0.232118528,4785
0.232133166,4784
0.232151188,4783
0.232196193,4782
0.232382174,4781
0.232396116,4780
0.232436145,4779
0.232442865,4778
0.232449872,4777
0.232454822,4776
0.23246,4775
0.23246539,4774
0.23246922,4773
0.232472913,4772
0.232476963,4771
0.232500051,4770
0.232636629,4769
0.232642135,4768
0.232646559,4767
0.23265109,4766
0.232655568,4765
0.232660057,4764
0.232663772,4763
0.232667652,4762
0.232673165,4761
0.232678062,4760
0.232682241,4759
0.232690081,4758
0.232697086,4757
0.23270126,4756
0.23273229,4755
0.232738322,4754
0.232742622,4753
0.232746497,4752
0.232750293,4751
0.232754125,4750
0.232757606,4749
0.232764889,4748
0.232769119,4747
0.232772711,4746
0.232776665,4745
0.232780571,4744
0.232786051,4743
0.232791613,4742
0.232794917,4741
0.232805043,4740
0.232808931,4739
0.232812453,4738
0.232816846,4737
0.232820487,4736
0.232824781,4735
0.232829691,4734
0.232833267,4733
0.232836532,4732
0.232840851,4731
0.232845098,4730
0.232850253,4729
0.232853355,4728
0.232856711,4727
0.232865515,4726
0.232869303,4725
0.232872299,4724
0.232875158,4723
0.23287807,4722
0.232880726,4721
0.232884546,4720
0.232887491,4719
0.232890502,4718
0.23289306,4717
0.232896674,4716
0.232899604,4715
0.232903246,4714
0.232906075,4713
0.232908933,4712
0.232912038,4711
0.232915257,4710
0.232918353,4709
0.232921044,4708
0.232923919,4707
0.232926352,4706
0.232928691,4705
0.232932131,4704
0.232934774,4703
0.232941917,4702
0.232945803,4701
0.232950172,4700
0.232954251,4699
0.232958008,4698
0.232961355,4697
0.232965622,4696
0.232969241,4695
0.232973861,4694
0.232977565,4693
0.232981955,4692
0.232986189,4691
0.232989517,4690
0.232993707,4689
0.232998444,4688
0.23300218,4687
0.233005464,4686
0.233008931,4685
0.233013654,4684
0.233016992,4683
0.233020528,4682
0.233024006,4681
0.233039114,4680
0.233042824,4679
0.233083282,4678
0.233102407,4677
0.233106454,4676
0.233109855,4675
0.233115058,4674
0.233119023,4673
0.233124277,4672
0.233128574,4671
0.233132363,4670
0.233135646,4669
0.233139317,4668
0.233142658,4667
0.233146047,4666
0.233152019,4665
0.23315562,4664
0.233159137,4663
0.233162328,4662
0.233166533,4661
0.233170707,4660
0.233174658,4659
0.233178347,4658
0.233183132,4657
0.233187209,4656
0.233192486,4655
0.233196984,4654
0.233202156,4653
0.23320622,4652
0.233209502,4651
0.23321542,4650
0.233218488,4649
0.233221364,4648
0.233227185,4647
0.233229897,4646
0.233232771,4645
0.233235997,4644
0.233238904,4643
0.233241907,4642
0.233245163,4641
0.233248505,4640
0.233251642,4639
0.233255177,4638
0.2332582,4637
0.233261274,4636
0.233264639,4635
0.233267902,4634
0.233274416,4633
0.233279548,4632
0.233283511,4631
0.233288173,4630
0.233292671,4629
0.23329812,4628
0.23330489,4627
0.233308666,4626
0.233312203,4625
0.233315671,4624
0.233321171,4623
0.233326644,4622
0.233330146,4621
0.233333807,4620
0.233336977,4619
0.233340177,4618
0.233343504,4617
0.233346952,4616
0.233351286,4615
0.233355713,4614
0.233359354,4613
0.233370264,4612
0.233375256,4611
0.233381053,4610
0.2333849,4609
0.233388468,4608
0.233391848,4607
0.233395191,4606
0.233399037,4605
0.233403004,4604
0.233406371,4603
0.233409867,4602
0.233447848,4601
0.233452404,4600
0.233474756,4599
0.233493853,4598
0.233500315,4597
0.233504271,4596
0.233509076,4595
0.233513457,4594
0.233517519,4593
0.23352152,4592
0.233525562,4591
0.23352904,4590
0.233532784,4589
0.233536388,4588
0.233539939,4587
0.233543124,4586
0.233547715,4585
0.233557082,4584
0.233564246,4583
0.233568388,4582
0.233572501,4581
0.233576451,4580
0.233582219,4579
0.233586868,4578
0.233590218,4577
0.233594872,4576
0.233598692,4575
0.233601682,4574
0.233605086,4573
0.233608283,4572
0.233611048,4571
0.233614023,4570
0.233617077,4569
0.23362065,4568
0.233624363,4567
0.23362855,4566
0.233632516,4565
0.23363845,4564
0.233642402,4563
0.233645692,4562
0.233649131,4561
0.233653392,4560
0.233659651,4559
0.233664836,4558
0.233667807,4557
0.233671672,4556
0.233676584,4555
0.233682683,4554
0.23368826,4553
0.233693333,4552
0.233699412,4551
0.233702872,4550
0.233707547,4549
0.233711167,4548
0.233714359,4547
0.233719116,4546
0.233722952,4545
0.23372832,4544
0.233731673,4543
0.233736127,4542
0.233740444,4541
0.23374521,4540
0.233748577,4539
0.233752185,4538
0.233757539,4537
0.233761546,4536
0.233764565,4535
0.233768643,4534
0.233772077,4533
0.233775139,4532
0.233780106,4531
0.233783709,4530
0.233787154,4529
0.23379209,4528
0.233802322,4527
0.233805433,4526
0.233808704,4525
0.233811792,4524
0.233814958,4523
0.233817879,4522
0.233820722,4521
0.233825313,4520
0.233828666,4519
0.233831767,4518
0.233834957,4517
0.233837793,4516
0.233843728,4515
0.233847558,4514
0.233851253,4513
0.233854765,4512
0.233860664,4511
0.233864754,4510
0.233867844,4509
0.23387057,4508
0.233873396,4507
0.233877275,4506
0.233880104,4505
0.233882726,4504
0.233885451,4503
0.233888171,4502
0.233895505,4501
0.233897929,4500
0.233900446,4499
0.233902525,4498
0.233905694,4497
0.233908833,4496
0.233912277,4495
0.233918159,4494
0.233922314,4493
0.233925779,4492
0.233928733,4491
0.23393198,4490
0.233935417,4489
0.233939944,4488
0.233943035,4487
0.233945437,4486
0.233947887,4485
0.23395065,4484
0.233955337,4483
0.233957834,4482
0.23396081,4481
0.233963792,4480
0.233966736,4479
0.233969505,4478
0.233972588,4477
0.233975421,4476
0.233979112,4475
0.233982126,4474
0.233984295,4473
0.233987555,4472
0.23399206,4471
0.233995027,4470
0.2339975,4469
0.234000252,4468
0.23400508,4467
0.234008444,4466
0.234011175,4465
0.234014243,4464
0.234017243,4463
0.234019816,4462
0.234023555,4461
0.234026761,4460
0.234029483,4459
0.234031832,4458
0.234034698,4457
0.234037458,4456
0.234041758,4455
0.234047162,4454
0.234049899,4453
0.234052665,4452
0.234055929,4451
0.234059051,4450
0.234063892,4449
0.234066178,4448
0.234068908,4447
0.234072367,4446
0.234076607,4445
0.23407924,4444
0.234082023,4443
0.234085575,4442
0.234088305,4441
0.234092525,4440
0.234095397,4439
0.234098984,4438
0.234101967,4437
0.234105639,4436
0.234108242,4435
0.234110864,4434
0.234116018,4433
0.23411956,4432
0.234122812,4431
0.23412584,4430
0.2341288,4429
0.234131897,4428
0.234135057,4427
0.23413767,4426
0.234140832,4425
0.234143865,4424
0.23414715,4423
0.234150172,4422
0.234153704,4421
0.234158721,4420
0.23416284,4419
0.234166252,4418
0.234169862,4417
0.23417361,4416
0.234176867,4415
0.234180542,4414
0.234185094,4413
0.234189978,4412
0.234193888,4411
0.234199302,4410
0.234202368,4409
0.234206532,4408
0.23420987,4407
0.234212994,4406
0.23421788,4405
0.234221387,4404
0.23422459,4403
0.234227721,4402
0.2342308,4401
0.234233456,4400
0.234236506,4399
0.234239733,4398
0.234245131,4397
0.234249948,4396
0.234253017,4395
0.234256414,4394
0.234259595,4393
0.234262371,4392
0.234265126,4391
0.23426793,4390
0.234270394,4389
0.234274196,4388
0.234277233,4387
0.234279948,4386
0.234283768,4385
0.234286748,4384
0.234289794,4383
0.234292834,4382
0.234298035,4381
0.234302238,4380
0.234305624,4379
0.234308607,4378
0.234311206,4377
0.234314545,4376
0.23431755,4375
0.2343203,4374
0.234323166,4373
0.234328869,4372
0.234331636,4371
0.234334558,4370
0.234338529,4369
0.234341471,4368
0.234344791,4367
0.234347881,4366
0.234350551,4365
0.234354908,4364
0.234358851,4363
0.234362282,4362
0.234366986,4361
0.234370759,4360
0.234374944,4359
0.234378759,4358
0.234393215,4357
0.234396245,4356
0.234399427,4355
0.234402288,4354
0.234405405,4353
0.234408603,4352
0.234411428,4351
0.234414203,4350
0.234416864,4349
0.234419562,4348
0.23442399,4347
0.234428553,4346
0.234432306,4345
0.234436999,4344
0.234440843,4343
0.234445391,4342
0.234449364,4341
0.234453326,4340
0.234458344,4339
0.234462191,4338
0.234466229,4337
0.234471333,4336
0.23447541,4335
0.234479527,4334
0.234484385,4333
0.234489887,4332
0.234492986,4331
0.234497288,4330
0.23450272,4329
0.234506736,4328
0.234511839,4327
0.234517746,4326
0.234553947,4325
0.234558534,4324
0.234563106,4323
0.234567239,4322
0.234571248,4321
0.234575335,4320
0.23458247,4319
0.234588246,4318
0.234593052,4317
0.234597646,4316
0.234802036,4315
0.234809488,4314
0.234813344,4313
0.234817993,4312
0.234822022,4311
0.23482914,4310
0.234895922,4309
0.234936839,4308
0.235000288,4307
0.235010736,4306
0.235092724,4305
0.235098435,4304
0.235102095,4303
0.235105338,4302
0.235108859,4301
0.235112659,4300
0.235115871,4299
0.235119038,4298
0.235122299,4297
0.235127451,4296
0.235130631,4295
0.235134129,4294
0.235137438,4293
0.23514099,4292
0.235145369,4291
0.235148904,4290
0.235153161,4289
0.235156302,4288
0.235160718,4287
0.235166131,4286
0.235169272,4285
0.235172415,4284
0.235176208,4283
0.23518173,4282
0.23518476,4281
0.235187913,4280
0.235191668,4279
0.235194518,4278
0.235198344,4277
0.235201716,4276
0.235204799,4275
0.235207838,4274
0.235211566,4273
0.2352141,4272
0.235216795,4271
0.235221221,4270
0.235224454,4269
0.235227672,4268
0.235231037,4267
0.235234284,4266
0.235239068,4265
0.235242218,4264
0.235247118,4263
0.235250718,4262
0.235254675,4261
0.235259551,4260
0.235262724,4259
0.235265369,4258
0.235267879,4257
0.235270482,4256
0.235273771,4255
0.235277949,4254
0.235283687,4253
0.235288101,4252
0.23529123,4251
0.235294727,4250
0.235298643,4249
0.235302531,4248
0.235305945,4247
0.235309226,4246
0.235312315,4245
0.235315489,4244
0.235319187,4243
0.235322662,4242
0.235325754,4241
0.235329058,4240
0.235333219,4239
0.23533825,4238
0.23534581,4237
0.235349552,4236
0.235353977,4235
0.235358366,4234
0.23536318,4233
0.235367366,4232
0.235373573,4231
0.235377329,4230
0.235382789,4229
0.235387099,4228
0.23539706,4227
0.235400125,4226
0.235405024,4225
0.235410472,4224
0.235413666,4223
0.23541859,4222
0.235421684,4221
0.23542724,4220
0.235431197,4219
0.235434327,4218
0.235438442,4217
0.235441511,4216
0.235444635,4215
0.235447671,4214
0.235451109,4213
0.235454386,4212
0.235457886,4211
0.235461397,4210
0.235464549,4209
0.235468459,4208
0.235475261,4207
0.235479034,4206
0.235482866,4205
0.235486349,4204
0.235491174,4203
0.235494249,4202
0.235497343,4201
0.235500568,4200
0.235503637,4199
0.235507177,4198
0.235511422,4197
0.235516891,4196
0.235520341,4195
0.235523375,4194
0.235526663,4193
0.235532276,4192
0.235536188,4191
0.235539416,4190
0.235542694,4189
0.235545859,4188
0.235550488,4187
0.235555387,4186
0.235558553,4185
0.235563845,4184
0.235566705,4183
0.235569462,4182
0.235573084,4181
0.235576926,4180
0.235582426,4179
0.235585608,4178
0.235589278,4177
0.235595172,4176
0.235601238,4175
0.23560471,4174
0.235609191,4173
0.235613617,4172
0.23562023,4171
0.23562407,4170
0.235627869,4169
0.235631459,4168
0.23563518,4167
0.235638791,4166
0.235642798,4165
0.235647945,4164
0.235652785,4163
0.235656453,4162
0.235659951,4161
0.235663312,4160
0.235666932,4159
0.235670658,4158
0.236419751,4157
0.236431026,4156
0.236434636,4155
0.236441548,4154
0.236445633,4153
0.236449556,4152
0.236453391,4151
0.236459062,4150
0.236462725,4149
0.236466446,4148
0.236470598,4147
0.236475137,4146
0.236478717,4145
0.236482708,4144
0.236486285,4143
0.236490011,4142
0.236494061,4141
0.236497628,4140
0.236501927,4139
0.236505709,4138
0.236509526,4137
0.236513291,4136
0.236517435,4135
0.23652187,4134
0.236525854,4133
0.236529584,4132
0.236533729,4131
0.236537807,4130
0.236541595,4129
0.236545731,4128
0.236549465,4127
0.236552954,4126
0.236556068,4125
0.23656025,4124
0.23656354,4123
0.236567698,4122
0.236571292,4121
0.236574882,4120
0.23657922,4119
0.236583644,4118
0.236589791,4117
0.23659364,4116
0.236598512,4115
0.236601664,4114
0.236605664,4113
0.236609091,4112
0.236613855,4111
0.236617468,4110
0.236620863,4109
0.236624483,4108
0.236628915,4107
0.236635031,4106
0.236638821,4105
0.236644322,4104
0.236647352,4103
0.236650375,4102
0.236653736,4101
0.236657104,4100
0.236661751,4099
0.236666427,4098
0.236669798,4097
0.236672991,4096
0.236675991,4095
0.236678542,4094
0.236683239,4093
0.236687031,4092
0.236691642,4091
0.236695107,4090
0.236698165,4089
0.236702859,4088
0.236707219,4087
0.236712079,4086
0.236715611,4085
0.236722462,4084
0.236727322,4083
0.236730623,4082
0.236734324,4081
0.236743221,4080
0.236747011,4079
0.236751474,4078
0.236754535,4077
0.236758834,4076
0.236761942,4075
0.236764898,4074
0.236767822,4073
0.236771171,4072
0.236775018,4071
0.236778455,4070
0.23678519,4069
0.236788859,4068
0.236794932,4067
0.236799506,4066
0.236803041,4065
0.2368063,4064
0.23681091,4063
0.236815224,4062
0.236819314,4061
0.23682294,4060
0.236828063,4059
0.236831483,4058
0.236834847,4057
0.236839205,4056
0.236843536,4055
0.236847288,4054
0.236852117,4053
0.236856842,4052
0.236861305,4051
0.236864605,4050
0.236867961,4049
0.236872785,4048
0.236876504,4047
0.236879984,4046
0.236883244,4045
0.236886647,4044
0.236891767,4043
0.236899312,4042
0.236902525,4041
0.2369061,4040
0.236910645,4039
0.236914489,4038
0.236917888,4037
0.236923353,4036
0.236926721,4035
0.236930553,4034
0.236934246,4033
0.236938004,4032
0.236941463,4031
0.236946097,4030
0.236951834,4029
0.236955032,4028
0.236959299,4027
0.236964188,4026
0.23696791,4025
0.236973793,4024
0.236977229,4023
0.236980579,4022
0.237022421,4021
0.237056192,4020
0.23706046,4019
0.237063907,4018
0.237067235,4017
0.237070715,4016
0.237074657,4015
0.237078318,4014
0.237081572,4013
0.237084842,4012
0.237094311,4011
0.237152205,4010
0.237155534,4009
0.237159596,4008
0.237162764,4007
0.237165831,4006
0.237169389,4005
0.237175414,4004
0.23721586,4003
0.237224189,4002
0.23722811,4001
0.237231617,4000
0.23723506,3999
0.237238477,3998
0.237241723,3997
0.237245496,3996
0.237248912,3995
0.23725855,3994
0.237261989,3993
0.237265834,3992
0.237270231,3991
0.237273649,3990
0.237277327,3989
0.237281083,3988
0.237285391,3987
0.237289087,3986
0.23729243,3985
0.237297739,3984
0.237301242,3983
0.237304326,3982
0.237307828,3981
0.23731211,3980
0.237315965,3979
0.237319591,3978
0.23732388,3977
0.237332251,3976
0.237336413,3975
0.237340069,3974
0.237343503,3973
0.237347146,3972
0.237350606,3971
0.237353823,3970
0.237357231,3969
0.237360599,3968
0.237363572,3967
0.237367085,3966
0.237370173,3965
0.237373775,3964
0.23742532,3963
0.237441535,3962
0.237445073,3961
0.237449611,3960
0.237452658,3959
0.237458297,3958
0.237464856,3957
0.237468972,3956
0.237472185,3955
0.23747533,3954
0.237478491,3953
0.237483006,3952
0.237505465,3951
0.237509176,3950
0.237512259,3949
0.237515059,3948
0.237517663,3947
0.237520943,3946
0.237526575,3945
0.237529428,3944
0.237533275,3943
0.237536191,3942
0.237539206,3941
0.237543183,3940
0.237545887,3939
0.237548837,3938
0.237552532,3937
0.237555738,3936
0.237560232,3935
0.237564522,3934
0.237569751,3933
0.237574637,3932
0.23757848,3931
0.23758497,3930
0.23758841,3929
0.237593798,3928
0.237598664,3927
0.237603006,3926
0.237606627,3925
0.237613167,3924
0.237616518,3923
0.237620252,3922
0.237623345,3921
0.237629292,3920
0.237633892,3919
0.237639076,3918
0.237644453,3917
0.237648011,3916
0.237652756,3915
0.237657196,3914
0.237661342,3913
0.237665161,3912
0.237668306,3911
0.237671866,3910
0.237675994,3909
0.237678964,3908
0.237683196,3907
0.237686525,3906
0.237690591,3905
0.237693355,3904
0.237696479,3903
0.237701934,3902
0.237705021,3901
0.237709844,3900
0.237713365,3899
0.237716528,3898
0.237719483,3897
0.237723888,3896
0.237727434,3895
0.237730569,3894
0.237733368,3893
0.237738489,3892
0.237741533,3891
0.237745008,3890
0.237748764,3889
0.237754721,3888
0.237758106,3887
0.237761831,3886
0.237767603,3885
0.237771323,3884
0.237775424,3883
0.237778638,3882
0.23778402,3881
0.237789265,3880
0.237792967,3879
0.237796009,3878
0.237799117,3877
0.237802231,3876
0.237805027,3875
0.237809166,3874
0.237812326,3873
0.237814632,3872
0.237819719,3871
0.237822681,3870
0.237829867,3869
0.237833257,3868
0.237835891,3867
0.237839154,3866
0.237843025,3865
0.237846821,3864
0.237850387,3863
0.237854309,3862
0.237858014,3861
0.237862118,3860
0.237866703,3859
0.237871913,3858
0.237875286,3857
0.237878615,3856
0.237881136,3855
0.237883925,3854
0.237886499,3853
0.237891801,3852
0.237896233,3851
0.23790053,3850
0.237902657,3849
0.23790605,3848
0.237909153,3847
0.237912217,3846
0.237934332,3845
0.237937026,3844
0.237942109,3843
0.237944839,3842
0.237947275,3841
0.237950093,3840
0.237952577,3839
0.237956206,3838
0.237958952,3837
0.23796163,3836
0.237964727,3835
0.237968013,3834
0.237970943,3833
0.237973688,3832
0.237976491,3831
0.239359516,3830
0.239366985,3829
0.23937109,3828
0.239388933,3827
0.239399922,3826
0.239404254,3825
0.239407879,3824
0.239415286,3823
0.239419036,3822
0.239424875,3821
0.239430117,3820
0.239434928,3819
0.2394411,3818
0.239447851,3817
0.239451911,3816
0.239463153,3815
0.239469119,3814
0.239477303,3813
0.239481463,3812
0.239489793,3811
0.239495153,3810
0.239533877,3809
0.23954713,3808
0.239551697,3807
0.239557842,3806
0.239561638,3805
0.239567296,3804
0.239573391,3803
0.239580763,3802
0.239585885,3801
0.239595437,3800
0.239601907,3799
0.239611496,3798
0.239616876,3797
0.239621907,3796
0.23962736,3795
0.239648219,3794
0.239652466,3793
0.23965615,3792
0.239660177,3791
0.239669898,3790
0.239685445,3789
0.239727814,3788
0.239769516,3787
0.239821588,3786
0.239826682,3785
0.239832161,3784
0.239839294,3783
0.239848697,3782
0.23986928,3781
0.239877923,3780
0.239881668,3779
0.239884737,3778
0.23989024,3777
0.239897953,3776
0.239902227,3775
0.239907485,3774
0.239924057,3773
0.239937571,3772
0.239940891,3771
0.239946694,3770
0.239951621,3769
0.239956822,3768
0.239961522,3767
0.23996932,3766
0.239977688,3765
0.239980541,3764
0.239984063,3763
0.239987796,3762
0.239990891,3761
0.239997072,3760
0.240002149,3759
0.240006296,3758
0.240010046,3757
0.240015276,3756
0.240188389,3755
0.240193224,3754
0.240206019,3753
0.240223932,3752
0.240226934,3751
0.240231568,3750
0.240235132,3749
0.240240806,3748
0.240244331,3747
0.240247959,3746
0.240258084,3745
0.240262298,3744
0.240266791,3743
0.240271687,3742
0.240280406,3741
0.240284841,3740
0.240289819,3739
0.240294264,3738
0.240298638,3737
0.240302313,3736
0.240308344,3735
0.240318006,3734
0.240328896,3733
0.240335681,3732
0.240340853,3731
0.240348331,3730
0.240353204,3729
0.240357691,3728
0.24036603,3727
0.240371774,3726
0.240380592,3725
0.240386661,3724
0.240393875,3723
0.240397419,3722
0.240401144,3721
0.240405994,3720
0.24040978,3719
0.240415733,3718
0.240420421,3717
0.240426264,3716
0.240445364,3715
0.24045055,3714
0.240457109,3713
0.240461203,3712
0.240468983,3711
0.24047688,3710
0.240480125,3709
0.240484931,3708
0.240489556,3707
0.240494162,3706
0.240498612,3705
0.240507409,3704
0.240510608,3703
0.24051362,3702
0.24052143,3701
0.240525617,3700
0.240528429,3699
0.240535384,3698
0.2405386,3697
0.240542626,3696
0.240546047,3695
0.240548982,3694
0.240551506,3693
0.24055515,3692
0.240564633,3691
0.240570513,3690
0.240575158,3689
0.240680663,3688
0.240686705,3687
0.240690104,3686
0.240700835,3685
0.240711386,3684
0.240714756,3683
0.240726198,3682
0.240729756,3681
0.240735521,3680
0.240739832,3679
0.240742696,3678
0.240747195,3677
0.240750185,3676
0.240753704,3675
0.240758844,3674
0.240762075,3673
0.240771689,3672
0.240776952,3671
0.240781617,3670
0.240789292,3669
0.240798264,3668
0.240812478,3667
0.240816637,3666
0.240819896,3665
0.240823662,3664
0.240827964,3663
0.240833335,3662
0.240837455,3661
0.240840895,3660
0.240883013,3659
0.240889181,3658
0.24089318,3657
0.240896753,3656
0.240916352,3655
0.240920259,3654
0.240927153,3653
0.240932311,3652
0.240937795,3651
0.240947698,3650
0.24095155,3649
0.240962333,3648
0.24096753,3647
0.240971318,3646
0.240974899,3645
0.241061109,3644
0.241121489,3643
0.241167094,3642
0.241222897,3641
0.241228044,3640
0.241238595,3639
0.241279241,3638
0.241287977,3637
0.241307668,3636
0.241311903,3635
0.2413146,3634
0.241317119,3633
0.241320578,3632
0.241324631,3631
0.241331552,3630
0.241336432,3629
0.241340408,3628
0.241343425,3627
0.241346547,3626
0.241363423,3625
0.241366125,3624
0.241368781,3623
0.24137228,3622
0.241375444,3621
0.241382942,3620
0.241388437,3619
0.241396998,3618
0.241399676,3617
0.241406939,3616
0.241412679,3615
0.241419498,3614
0.241426849,3613
0.241436157,3612
0.241444207,3611
0.241449374,3610
0.241487086,3609
0.241500433,3608
0.241504596,3607
0.24151875,3606
0.241528798,3605
0.241534441,3604
0.241538864,3603
0.241545931,3602
0.241586461,3601
0.241599132,3600
0.241603402,3599
0.241609835,3598
0.241614693,3597
0.24161882,3596
0.241627109,3595
0.241646906,3594
0.241651293,3593
0.241654465,3592
0.241661057,3591
0.241665016,3590
0.241670751,3589
0.24167438,3588
0.24167742,3587
0.241683553,3586
0.241686726,3585
0.241690141,3584
0.241695357,3583
0.241699007,3582
0.241702398,3581
0.24170657,3580
0.24171181,3579
0.241726529,3578
0.24173117,3577
0.24173443,3576
0.241739373,3575
0.241742377,3574
0.24174838,3573
0.241752492,3572
0.241755461,3571
0.241761728,3570
0.241767157,3569
0.24177375,3568
0.241789312,3567
0.241805108,3566
0.241808157,3565
0.241814838,3564
0.241817795,3563
0.241822044,3562
0.241825689,3561
0.241828445,3560
0.241834662,3559
0.241850487,3558
0.241853818,3557
0.241875313,3556
0.241879125,3555
0.241894438,3554
0.241910705,3553
0.241915632,3552
0.241918537,3551
0.241925635,3550
0.24193276,3549
0.241935779,3548
0.241941382,3547
0.241948889,3546
0.241952119,3545
0.241959258,3544
0.241974416,3543
0.241977251,3542
0.241982476,3541
0.241987574,3540
0.241990852,3539
0.241995794,3538
0.241999074,3537
0.242002184,3536
0.242006616,3535
0.242011288,3534
0.242014224,3533
0.242017509,3532
0.242023447,3531
0.242028561,3530
0.2420332,3529
0.242036868,3528
0.242044336,3527
0.242047801,3526
0.242051907,3525
0.242060397,3524
0.242065007,3523
0.242068403,3522
0.242075056,3521
0.242093822,3520
0.242098307,3519
0.242103947,3518
0.242111305,3517
0.242117312,3516
0.242126044,3515
0.242129508,3514
0.242138075,3513
0.242152168,3512
0.242158986,3511
0.242162505,3510
0.242177822,3509
0.242214178,3508
0.242260936,3507
0.242269207,3506
0.24227787,3505
0.24228412,3504
0.24229588,3503
0.242304317,3502
0.253268475,3501
0.253275475,3500
0.253280557,3499
0.253286539,3498
0.253294064,3497
0.253307768,3496
0.253321848,3495
0.253336022,3494
0.253342054,3493
0.253347476,3492
0.253352353,3491
0.253359179,3490
0.253362717,3489
0.253367284,3488
0.253371483,3487
0.253388592,3486
0.253394834,3485
0.253400696,3484
0.253408222,3483
0.25341118,3482
0.25342757,3481
0.25344645,3480
0.253449715,3479
0.253454879,3478
0.253475716,3477
0.253496027,3476
0.253500404,3475
0.253535214,3474
0.253538607,3473
0.253543897,3472
0.253547942,3471
0.253552899,3470
0.253561891,3469
0.253578017,3468
0.25360405,3467
0.25360818,3466
0.253625263,3465
0.253639232,3464
0.253649022,3463
0.253658458,3462
0.253667595,3461
0.25369177,3460
0.253695558,3459
0.253699484,3458
0.253703594,3457
0.253714433,3456
0.253717813,3455
0.253721782,3454
0.253725026,3453
0.253729395,3452
0.253748409,3451
0.253751955,3450
0.253755654,3449
0.253776329,3448
0.253795806,3447
0.253802943,3446
0.253810892,3445
0.253824052,3444
0.253840094,3443
0.253845007,3442
0.253849583,3441
0.253855783,3440
0.253858943,3439
0.253876325,3438
0.253880779,3437
0.253889197,3436
0.253895371,3435
0.253906504,3434
0.253912939,3433
0.253921704,3432
0.253926815,3431
0.253935936,3430
0.253942586,3429
0.25395024,3428
0.253954238,3427
0.253963004,3426
0.253968074,3425
0.2539801,3424
0.253990838,3423
0.253994648,3422
0.254001407,3421
0.254007989,3420
0.2540149,3419
0.254027422,3418
0.25403243,3417
0.25404111,3416
0.254048143,3415
0.254059699,3414
0.25406508,3413
0.254101625,3412
0.254109429,3411
0.254122404,3410
0.254125852,3409
0.254168537,3408
0.254179456,3407
0.254183875,3406
0.254197178,3405
0.25420262,3404
0.254207981,3403
0.25421473,3402
0.254221429,3401
0.254228808,3400
0.254248394,3399
0.254263491,3398
0.254279106,3397
0.254287051,3396
0.254292355,3395
0.254298755,3394
0.254313593,3393
0.254318577,3392
0.254326804,3391
0.254330166,3390
0.254815541,3389
0.254821063,3388
0.254849413,3387
0.254853889,3386
0.254879166,3385
0.254919711,3384
0.254923592,3383
0.254975859,3382
0.255001632,3381
0.255004904,3380
0.255015023,3379
0.255022235,3378
0.255027467,3377
0.25503759,3376
0.255052703,3375
0.255059738,3374
0.255365647,3373
0.255406856,3372
0.255442813,3371
0.255455382,3370
0.255464482,3369
0.255499681,3368
0.255512222,3367
0.255519413,3366
0.255525557,3365
0.255561988,3364
0.255598544,3363
0.25560941,3362
0.255617912,3361
0.255659931,3360
0.255670353,3359
0.255708088,3358
0.255712505,3357
0.255719753,3356
0.2557264,3355
0.255732943,3354
0.256063244,3353
0.256089573,3352
0.256096339,3351
0.256103675,3350
0.256140495,3349
0.256166236,3348
0.256192339,3347
0.256252038,3346
0.256260448,3345
0.256276514,3344
0.256289255,3343
0.256297702,3342
0.256558327,3341
0.256598959,3340
0.256609991,3339
0.256641016,3338
0.256647077,3337
0.256679126,3336
0.256685697,3335
0.256698346,3334
0.256704913,3333
0.256718986,3332
0.256753013,3331
0.256992749,3330
0.256998734,3329
0.257024058,3328
0.257031503,3327
0.25709899,3326
0.257105859,3325
0.257316604,3324
0.257336551,3323
0.257355508,3322
0.25736275,3321
0.257400452,3320
0.257590076,3319
0.257815048,3318
0.258082185,3317
0.25811363,3316
0.258215072,3315
0.258415234,3314
0.258531341,3313
0.258704933,3312
0.546696718,3311
0.581298873,3310
0.741843946,3309
0.869497659,3308
1.130349803,3307
1.626137227,3306
1.720504641,3305
2.346842526,3304
