0.138022828,6061
0.138104126,6060
0.138169021,6059
0.138235624,6058
0.138289169,6057
0.138380958,6056
0.138418395,6055
0.138425461,6054
0.138455891,6053
0.138463968,6052
0.138471088,6051
0.138477773,6050
0.138485604,6049
0.138492235,6048
0.138501323,6047
0.138510865,6046
0.138520534,6045
0.138537955,6044
0.138548056,6043
0.138572357,6042
0.138584045,6041
0.138599324,6040
0.138612592,6039
0.138624759,6038
0.138635031,6037
0.138645872,6036
0.138685085,6035
0.138724273,6034
0.138742524,6033
0.138759224,6032
0.138776171,6031
0.138805963,6030
0.138816937,6029
0.138827232,6028
0.138836074,6027
0.138844427,6026
0.138853054,6025
0.138862165,6024
0.138870933,6023
0.138879402,6022
0.138886979,6021
0.138895052,6020
0.138901958,6019
0.138909556,6018
0.138916443,6017
0.138923921,6016
0.138930951,6015
0.138939161,6014
0.138948306,6013
0.138957284,6012
0.138966317,6011
0.13897451,6010
0.138984288,6009
0.13899206,6008
0.139000416,6007
0.139010032,6006
0.139018256,6005
0.139026145,6004
0.139039407,6003
0.13907668,6002
0.139115403,6001
0.139125334,6000
0.139166886,5999
0.139215078,5998
0.139242665,5997
0.13929434,5996
0.139365676,5995
0.139571065,5994
0.139582295,5993
0.139607988,5992
0.139617553,5991
0.139625494,5990
0.139635029,5989
0.139643439,5988
0.139652064,5987
0.139659895,5986
0.139667227,5985
0.139674785,5984
0.139687153,5983
0.139695671,5982
0.139703436,5981
0.139727646,5980
0.139738151,5979
0.139745363,5978
0.139751957,5977
0.139758709,5976
0.139765564,5975
0.139772257,5974
0.139779025,5973
0.139787094,5972
0.13979438,5971
0.139802229,5970
0.139822939,5969
0.141425466,5968
0.141438879,5967
0.141865455,5966
0.145774047,5965
0.145789682,5964
0.145802021,5963
0.145809259,5962
0.145819013,5961
0.145833844,5960
0.145903194,5959
0.145909165,5958
0.145931492,5957
0.145937053,5956
0.14594296,5955
0.14594805,5954
0.145953181,5953
0.145958394,5952
0.145963354,5951
0.145968213,5950
0.1459847,5949
0.145989738,5948
0.145994854,5947
0.146000964,5946
0.146006946,5945
0.14601837,5944
0.146025628,5943
0.146030781,5942
0.146036726,5941
0.146042245,5940
0.146047442,5939
0.146053302,5938
0.146058794,5937
0.14606401,5936
0.146069589,5935
0.146128306,5934
0.14613428,5933
0.146141619,5932
0.14614675,5931
0.146151824,5930
0.146157036,5929
0.146163068,5928
0.146168242,5927
0.146173568,5926
0.146179089,5925
0.146184714,5924
0.146189981,5923
0.14620043,5922
0.146224173,5921
0.146231055,5920
0.146237115,5919
0.146242843,5918
0.146248231,5917
0.146253342,5916
0.14625906,5915
0.146264635,5914
0.146270686,5913
0.146281862,5912
0.146287134,5911
0.146291632,5910
0.146296536,5909
0.146301573,5908
0.146305742,5907
0.146310661,5906
0.146315192,5905
0.146319949,5904
0.146324422,5903
0.146329363,5902
0.146334061,5901
0.146339596,5900
0.146345123,5899
0.146349765,5898
0.146354816,5897
0.146359639,5896
0.146364313,5895
0.146369785,5894
0.146375162,5893
0.146379605,5892
0.146384628,5891
0.146398149,5890
0.146439201,5889
0.146444811,5888
0.146450568,5887
0.146486672,5886
0.146525301,5885
0.146530982,5884
0.146536531,5883
0.146542028,5882
0.146547521,5881
0.14658438,5880
0.146590051,5879
0.146595561,5878
0.146601903,5877
0.146637391,5876
0.146642902,5875
0.146648694,5874
0.146684563,5873
0.146698974,5872
0.14670762,5871
0.14671378,5870
0.146725355,5869
0.149997867,5868
0.150008491,5867
0.150013578,5866
0.150018854,5865
0.150023973,5864
0.15002946,5863
0.150035011,5862
0.150085541,5861
0.150091313,5860
0.150097112,5859
0.150102232,5858
0.15013276,5857
0.150151289,5856
0.150163142,5855
0.150168183,5854
0.150172914,5853
0.150200338,5852
0.150205296,5851
0.15021012,5850
0.150215392,5849
0.150220794,5848
0.150260041,5847
0.150270926,5846
0.150277111,5845
0.150290309,5844
0.15029521,5843
0.150300439,5842
0.150305457,5841
0.150310558,5840
0.150315238,5839
0.15031976,5838
0.150324599,5837
0.150329147,5836
0.150333908,5835
0.150338653,5834
0.150343241,5833
0.150348169,5832
0.150353421,5831
0.150358362,5830
0.150363285,5829
0.150368094,5828
0.150378534,5827
0.150382701,5826
0.150388132,5825
0.150392934,5824
0.150397646,5823
0.150442126,5822
0.150495149,5821
0.150544685,5820
0.150549609,5819
0.150606474,5818
0.150611768,5817
0.150617076,5816
0.150621751,5815
0.150627563,5814
0.150632416,5813
0.150636896,5812
0.150641684,5811
0.150646437,5810
0.150651077,5809
0.150655444,5808
0.150659849,5807
0.15069735,5806
0.150734856,5805
0.150740722,5804
0.150750514,5803
0.150762842,5802
0.150767318,5801
0.150771697,5800
0.150776733,5799
0.150781146,5798
0.150785732,5797
0.150789874,5796
0.150794465,5795
0.150802163,5794
0.150807618,5793
0.150813061,5792
0.150817481,5791
0.150821661,5790
0.15082584,5789
0.15082989,5788
0.150841762,5787
0.150855223,5786
0.150892117,5785
0.150896604,5784
0.150901323,5783
0.150905288,5782
0.150909714,5781
0.150914128,5780
0.150919185,5779
0.150923526,5778
0.150927768,5777
0.150933034,5776
0.150937904,5775
0.150942476,5774
0.150947172,5773
0.150952385,5772
0.150967446,5771
0.150971957,5770
0.151008065,5769
0.151012531,5768
0.151017205,5767
0.151021013,5766
0.151025338,5765
0.151029837,5764
0.151033802,5763
0.151037595,5762
0.151052157,5761
0.15106058,5760
0.151067882,5759
0.151102156,5758
0.151111049,5757
0.151123259,5756
0.151128465,5755
0.15113325,5754
0.151137682,5753
0.151142162,5752
0.151146081,5751
0.151149966,5750
0.151153858,5749
0.151158043,5748
0.151161785,5747
0.151166139,5746
0.151170142,5745
0.151176442,5744
0.151181208,5743
0.151185224,5742
0.15118905,5741
0.15119461,5740
0.151199169,5739
0.151246138,5738
0.151250854,5737
0.151254825,5736
0.151258929,5735
0.151262949,5734
0.1512674,5733
0.151271986,5732
0.151276711,5731
0.15129013,5730
0.151299103,5729
0.151306436,5728
0.151316463,5727
0.151322593,5726
0.151328766,5725
0.151334594,5724
0.151340171,5723
0.151346414,5722
0.151351393,5721
0.151356117,5720
0.151361316,5719
0.151366577,5718
0.1513717,5717
0.151377091,5716
0.151382297,5715
0.151387922,5714
0.151393228,5713
0.151398366,5712
0.151403569,5711
0.151409016,5710
0.151413972,5709
0.151419007,5708
0.151424502,5707
0.151429252,5706
0.151434278,5705
0.151440218,5704
0.151445134,5703
0.151450833,5702
0.151454744,5701
0.15145888,5700
0.151463589,5699
0.151467777,5698
0.151472151,5697
0.151476537,5696
0.151480916,5695
0.1514847,5694
0.151488975,5693
0.151493068,5692
0.151497356,5691
0.151501822,5690
0.15150668,5689
0.151511601,5688
0.151515463,5687
0.151519673,5686
0.15152409,5685
0.15152821,5684
0.151533197,5683
0.151536888,5682
0.151541649,5681
0.15154589,5680
0.151549293,5679
0.151562276,5678
0.151565879,5677
0.151569534,5676
0.151574037,5675
0.151577616,5674
0.15164064,5673
0.151644751,5672
0.151648243,5671
0.151651785,5670
0.151655618,5669
0.151659416,5668
0.151663377,5667
0.151667115,5666
0.15167052,5665
0.151674603,5664
0.151680613,5663
0.151684793,5662
0.151689728,5661
0.151700064,5660
0.151704459,5659
0.151707798,5658
0.151711654,5657
0.151715365,5656
0.151719845,5655
0.151723211,5654
0.151727053,5653
0.151730863,5652
0.151735345,5651
0.151738646,5650
0.151742459,5649
0.151746367,5648
0.151755197,5647
0.151758909,5646
0.151763013,5645
0.151771031,5644
0.151775,5643
0.151778711,5642
0.151785644,5641
0.151789022,5640
0.151792372,5639
0.151795456,5638
0.151798696,5637
0.151802258,5636
0.151805786,5635
0.15180898,5634
0.151812526,5633
0.151816559,5632
0.151819648,5631
0.151823066,5630
0.151826788,5629
0.151830597,5628
0.151834241,5627
0.151837936,5626
0.151841435,5625
0.151845179,5624
0.151848754,5623
0.151853533,5622
0.151857711,5621
0.151862024,5620
0.151866451,5619
0.151869934,5618
0.151873447,5617
0.151876456,5616
0.151879196,5615
0.151881598,5614
0.151884197,5613
0.151887367,5612
0.151890265,5611
0.15189432,5610
0.151898139,5609
0.151902078,5608
0.151906114,5607
0.15191048,5606
0.151913708,5605
0.151916534,5604
0.151919526,5603
0.151922346,5602
0.151925457,5601
0.151928649,5600
0.151931446,5599
0.151935503,5598
0.151939166,5597
0.151943041,5596
0.151946574,5595
0.15195013,5594
0.151953585,5593
0.151956548,5592
0.151960259,5591
0.151964637,5590
0.151967845,5589
0.151971586,5588
0.151975066,5587
0.151979003,5586
0.15198249,5585
0.151986391,5584
0.151989913,5583
0.151993797,5582
0.151999293,5581
0.152003424,5580
0.15200642,5579
0.152009032,5578
0.152012029,5577
0.152015371,5576
0.152018562,5575
0.152021779,5574
0.152026604,5573
0.152030572,5572
0.152035181,5571
0.152039361,5570
0.152042976,5569
0.152046103,5568
0.152049408,5567
0.152052791,5566
0.15205589,5565
0.152059094,5564
0.152062037,5563
0.152065299,5562
0.152068279,5561
0.152071099,5560
0.152074264,5559
0.152076964,5558
0.152080681,5557
0.152084198,5556
0.152087974,5555
0.152091426,5554
0.152095205,5553
0.152098474,5552
0.15210259,5551
0.15211239,5550
0.15211927,5549
0.152123771,5548
0.152127629,5547
0.152130398,5546
0.152133119,5545
0.152135651,5544
0.152138628,5543
0.152141614,5542
0.152145061,5541
0.152148033,5540
0.152151532,5539
0.152154507,5538
0.152157194,5537
0.152160385,5536
0.152163037,5535
0.152166039,5534
0.152168715,5533
0.152171546,5532
0.152174414,5531
0.152177571,5530
0.152180839,5529
0.152183638,5528
0.152186693,5527
0.15218929,5526
0.152192611,5525
0.152195605,5524
0.152198814,5523
0.152202733,5522
0.15223768,5521
0.152243052,5520
0.152254935,5519
0.152260212,5518
0.152264475,5517
0.152268206,5516
0.152272703,5515
0.152278316,5514
0.15228257,5513
0.152286582,5512
0.152290207,5511
0.15229372,5510
0.152297346,5509
0.152348731,5508
0.152396781,5507
0.152407292,5506
0.152413807,5505
0.15241955,5504
0.152424926,5503
0.152428823,5502
0.15243209,5501
0.15243551,5500
0.152438822,5499
0.152442285,5498
0.152446089,5497
0.152449572,5496
0.152452924,5495
0.152456434,5494
0.152459809,5493
0.152463193,5492
0.152467619,5491
0.152471312,5490
0.152475258,5489
0.152479151,5488
0.15248281,5487
0.152486068,5486
0.152489716,5485
0.152492778,5484
0.15249625,5483
0.152506982,5482
0.152511413,5481
0.152514958,5480
0.152518247,5479
0.152522941,5478
0.152527379,5477
0.152532804,5476
0.152537299,5475
0.152541332,5474
0.152544958,5473
0.152548216,5472
0.15255232,5471
0.152555708,5470
0.152559062,5469
0.152562535,5468
0.152566033,5467
0.152569061,5466
0.152573042,5465
0.152578753,5464
0.152784712,5463
0.152795056,5462
0.152799986,5461
0.152804397,5460
0.152815116,5459
0.152820685,5458
0.152825755,5457
0.152830091,5456
0.152885608,5455
0.152890269,5454
0.152894754,5453
0.152898188,5452
0.152901919,5451
0.15290535,5450
0.152908903,5449
0.152913194,5448
0.152921766,5447
0.152933083,5446
0.152937591,5445
0.152941721,5444
0.152945628,5443
0.152949266,5442
0.152953489,5441
0.152958076,5440
0.152970354,5439
0.152974592,5438
0.152978899,5437
0.152982739,5436
0.152986116,5435
0.152989633,5434
0.152993345,5433
0.152996932,5432
0.153000461,5431
0.153004128,5430
0.15300752,5429
0.153010676,5428
0.153014823,5427
0.153018206,5426
0.153022491,5425
0.153027354,5424
0.153033082,5423
0.153093992,5422
0.153101135,5421
0.153105765,5420
0.153110804,5419
0.153115775,5418
0.153119796,5417
0.153125078,5416
0.153130162,5415
0.153134886,5414
0.153139167,5413
0.153143461,5412
0.15314798,5411
0.153159787,5410
0.153196421,5409
0.15320086,5408
0.153205561,5407
0.15320978,5406
0.153214859,5405
0.153219615,5404
0.153224594,5403
0.153229068,5402
0.153234234,5401
0.153237857,5400
0.153292517,5399
0.153296878,5398
0.153299902,5397
0.153303015,5396
0.153305554,5395
0.153308387,5394
0.153311076,5393
0.153313793,5392
0.153316713,5391
0.153319215,5390
0.153321845,5389
0.153324387,5388
0.15332721,5387
0.153329849,5386
0.153332548,5385
0.153335433,5384
0.15333833,5383
0.153341032,5382
0.153344052,5381
0.153346694,5380
0.153349951,5379
0.153354278,5378
0.153364481,5377
0.153403299,5376
0.153407333,5375
0.153410776,5374
0.153413319,5373
0.153416032,5372
0.15341875,5371
0.1534216,5370
0.153424351,5369
0.153426888,5368
0.153429568,5367
0.153432091,5366
0.153467579,5365
0.153470762,5364
0.153474447,5363
0.153477306,5362
0.153480008,5361
0.153489646,5360
0.153493426,5359
0.153497414,5358
0.15350098,5357
0.153504315,5356
0.153507559,5355
0.153510767,5354
0.153513987,5353
0.153516911,5352
0.153520013,5351
0.153523292,5350
0.153526344,5349
0.15352972,5348
0.153532756,5347
0.15353667,5346
0.153540919,5345
0.153544795,5344
0.153548536,5343
0.153552036,5342
0.153555898,5341
0.153559226,5340
0.153563061,5339
0.153566436,5338
0.153570236,5337
0.153573434,5336
0.153576924,5335
0.153580104,5334
0.153583654,5333
0.153587135,5332
0.153590539,5331
0.153593434,5330
0.153596521,5329
0.153600089,5328
0.153603421,5327
0.153606537,5326
0.153611307,5325
0.153615047,5324
0.15361903,5323
0.153623223,5322
0.153626864,5321
0.153631521,5320
0.153635441,5319
0.153639538,5318
0.153683571,5317
0.153688089,5316
0.153692108,5315
0.153695615,5314
0.153699353,5313
0.153702888,5312
0.153706643,5311
0.153710229,5310
0.153714627,5309
0.153718513,5308
0.15372234,5307
0.153726359,5306
0.153729829,5305
0.153734219,5304
0.153737613,5303
0.153740889,5302
0.153743861,5301
0.153747243,5300
0.153752556,5299
0.15375632,5298
0.153759678,5297
0.153762708,5296
0.15379565,5295
0.153798715,5294
0.153802162,5293
0.153805939,5292
0.153809893,5291
0.153834741,5290
0.153850931,5289
0.153854553,5288
0.153857824,5287
0.153861745,5286
0.153877321,5285
0.153880213,5284
0.153882715,5283
0.153885381,5282
0.153887735,5281
0.15389044,5280
0.153893025,5279
0.153895846,5278
0.153924863,5277
0.153928703,5276
0.153932051,5275
0.153935474,5274
0.153938567,5273
0.153941754,5272
0.153945323,5271
0.153948536,5270
0.153951881,5269
0.153955082,5268
0.153958291,5267
0.153961357,5266
0.153964831,5265
0.15396832,5264
0.153972102,5263
0.153975884,5262
0.153979412,5261
0.153982849,5260
0.153987182,5259
0.153990901,5258
0.153994102,5257
0.153997242,5256
0.154000514,5255
0.154003818,5254
0.15400729,5253
0.154010597,5252
0.15401375,5251
0.154017374,5250
0.154020731,5249
0.154023733,5248
0.154026915,5247
0.154029809,5246
0.154032669,5245
0.154036161,5244
0.154038753,5243
0.154042725,5242
0.154046694,5241
0.154049823,5240
0.154053466,5239
0.154057041,5238
0.154061043,5237
0.1540644,5236
0.15406772,5235
0.154071135,5234
0.154082736,5233
0.154085969,5232
0.154088949,5231
0.154092965,5230
0.154096283,5229
0.154100075,5228
0.154103715,5227
0.154107397,5226
0.154111369,5225
0.154115215,5224
0.154119144,5223
0.154122656,5222
0.154126208,5221
0.154129548,5220
0.154204822,5219
0.154208916,5218
0.154211929,5217
0.154216047,5216
0.154219413,5215
0.154227821,5214
0.15423215,5213
0.154236831,5212
0.154241823,5211
0.154245753,5210
0.154248623,5209
0.154251502,5208
0.154254566,5207
0.15425827,5206
0.154262488,5205
0.154266481,5204
0.154270992,5203
0.154274579,5202
0.154277202,5201
0.154279548,5200
0.154282845,5199
0.154285689,5198
0.154288402,5197
0.154290948,5196
0.154293311,5195
0.154295896,5194
0.154298415,5193
0.154300807,5192
0.154303182,5191
0.15430526,5190
0.155561931,5189
0.155565367,5188
0.155569645,5187
0.155572456,5186
0.155575598,5185
0.155578085,5184
0.155608224,5183
0.155612524,5182
0.155618725,5181
0.155623559,5180
0.155627515,5179
0.155630786,5178
0.155635011,5177
0.155666155,5176
0.155679036,5175
0.155684897,5174
0.155689437,5173
0.15569914,5172
0.155702401,5171
0.155705892,5170
0.155709961,5169
0.155712717,5168
0.155716917,5167
0.15572056,5166
0.155725161,5165
0.155728839,5164
0.155733484,5163
0.155737464,5162
0.15574109,5161
0.155744613,5160
0.155747892,5159
0.155750941,5158
0.15576476,5157
0.156514363,5156
0.156521047,5155
0.156525176,5154
0.15652934,5153
0.156533439,5152
0.156537004,5151
0.15654089,5150
0.156543967,5149
0.156547216,5148
0.156551864,5147
0.156554898,5146
0.156558089,5145
0.156561505,5144
0.156564804,5143
0.156567915,5142
0.156571161,5141
0.15661204,5140
0.156615604,5139
0.156618805,5138
0.156622103,5137
0.156625335,5136
0.156628774,5135
0.156632621,5134
0.156636234,5133
0.156640399,5132
0.156643317,5131
0.156648366,5130
0.156651523,5129
0.156654777,5128
0.156657587,5127
0.156661284,5126
0.15666486,5125
0.156668345,5124
0.156671746,5123
0.156675288,5122
0.15667828,5121
0.156682109,5120
0.156685434,5119
0.156688677,5118
0.156693859,5117
0.15669746,5116
0.15670426,5115
0.156707158,5114
0.156710848,5113
0.15671418,5112
0.156717277,5111
0.156720747,5110
0.156723713,5109
0.156727176,5108
0.156730106,5107
0.156735072,5106
0.156738374,5105
0.156741582,5104
0.156744416,5103
0.156747588,5102
0.156751185,5101
0.156754235,5100
0.156757075,5099
0.156759744,5098
0.156762907,5097
0.156765946,5096
0.156768639,5095
0.156771355,5094
0.156774255,5093
0.15677783,5092
0.156781573,5091
0.15678508,5090
0.15678849,5089
0.15679195,5088
0.156800125,5087
0.156803915,5086
0.15680816,5085
0.156812156,5084
0.156816949,5083
0.156820153,5082
0.156825677,5081
0.156829449,5080
0.156832979,5079
0.156838934,5078
0.156842441,5077
0.156845635,5076
0.156849851,5075
0.156853312,5074
0.15685793,5073
0.156861832,5072
0.156865072,5071
0.156868475,5070
0.156871731,5069
0.156875112,5068
0.156878145,5067
0.156881374,5066
0.156884276,5065
0.156889423,5064
0.156893083,5063
0.156898221,5062
0.156902028,5061
0.156906189,5060
0.156912571,5059
0.156917104,5058
0.156923104,5057
0.156927778,5056
0.156932665,5055
0.156936825,5054
0.156941589,5053
0.156946649,5052
0.156951102,5051
0.156955834,5050
0.156962462,5049
0.156967098,5048
0.156970913,5047
0.156974164,5046
0.156977943,5045
0.156981627,5044
0.156985862,5043
0.156989865,5042
0.156993705,5041
0.156996825,5040
0.157000379,5039
0.157003158,5038
0.157006092,5037
0.157009902,5036
0.157013321,5035
0.157016989,5034
0.157020862,5033
0.157024387,5032
0.157027998,5031
0.157037146,5030
0.157040929,5029
0.157044258,5028
0.157048486,5027
0.157054886,5026
0.157058177,5025
0.157061672,5024
0.157065181,5023
0.157068067,5022
0.157071967,5021
0.157075231,5020
0.157078444,5019
0.157081507,5018
0.157086288,5017
0.157090389,5016
0.157094784,5015
0.157098879,5014
0.157102592,5013
0.157107893,5012
0.157112333,5011
0.157115361,5010
0.157120803,5009
0.157124526,5008
0.157128186,5007
0.157131484,5006
0.157134612,5005
0.157137637,5004
0.157141707,5003
0.157144867,5002
0.157147989,5001
0.157151178,5000
0.157154361,4999
0.157157211,4998
0.157160025,4997
0.15716288,4996
0.157165941,4995
0.157169061,4994
0.157172331,4993
0.157175028,4992
0.157179085,4991
0.157183379,4990
0.157187199,4989
0.157191246,4988
0.157194402,4987
0.157197425,4986
0.157200426,4985
0.157204406,4984
0.157207367,4983
0.157210402,4982
0.157214287,4981
0.157217386,4980
0.157220169,4979
0.157223041,4978
0.157226022,4977
0.157228707,4976
0.157232022,4975
0.15723452,4974
0.157237388,4973
0.157240814,4972
0.157243762,4971
0.157248027,4970
0.157252238,4969
0.157305865,4968
0.157311652,4967
0.157315077,4966
0.157318329,4965
0.15732368,4964
0.157327085,4963
0.157330525,4962
0.157335352,4961
0.157339188,4960
0.15734265,4959
0.157346909,4958
0.157352454,4957
0.157355688,4956
0.157358968,4955
0.157362505,4954
0.157366187,4953
0.157371231,4952
0.157375057,4951
0.157379191,4950
0.157383707,4949
0.157387158,4948
0.157390301,4947
0.157392917,4946
0.157395733,4945
0.157398991,4944
0.157401819,4943
0.157405597,4942
0.157409388,4941
0.157412725,4940
0.157416773,4939
0.157420685,4938
0.157424213,4937
0.157430646,4936
0.157433664,4935
0.157436673,4934
0.157440768,4933
0.157445318,4932
0.15744897,4931
0.157455128,4930
0.15746055,4929
0.157464388,4928
0.157467585,4927
0.157470947,4926
0.157474458,4925
0.157478192,4924
0.157481674,4923
0.157485986,4922
0.157489738,4921
0.157495342,4920
0.157498847,4919
0.157502446,4918
0.157506032,4917
0.15750997,4916
0.15751331,4915
0.157517024,4914
0.157520107,4913
0.157523522,4912
0.15752699,4911
0.157530306,4910
0.157534041,4909
0.15753709,4908
0.157540288,4907
0.157543594,4906
0.15754847,4905
0.15755195,4904
0.157558879,4903
0.157562761,4902
0.157566036,4901
0.157569518,4900
0.157572643,4899
0.157576105,4898
0.157579787,4897
0.157595035,4896
0.15759842,4895
0.157608664,4894
0.157614685,4893
0.157618239,4892
0.157622053,4891
0.157625238,4890
0.157628451,4889
0.157631839,4888
0.157635338,4887
0.157641338,4886
0.157645626,4885
0.157649268,4884
0.15765235,4883
0.157655441,4882
0.157658893,4881
0.157662477,4880
0.1576663,4879
0.157669258,4878
0.1576734,4877
0.157676415,4876
0.157679303,4875
0.157682966,4874
0.157685755,4873
0.157688749,4872
0.157692171,4871
0.157695544,4870
0.157698697,4869
0.157702145,4868
0.157704923,4867
0.157708089,4866
0.157710946,4865
0.157714033,4864
0.157717158,4863
0.157720818,4862
0.157723739,4861
0.157726876,4860
0.157729788,4859
0.157732773,4858
0.157735704,4857
0.157740069,4856
0.157743249,4855
0.157746635,4854
0.157749707,4853
0.157752598,4852
0.157755463,4851
0.157758577,4850
0.157761443,4849
0.157764414,4848
0.157767284,4847
0.157771121,4846
0.157774218,4845
0.157776885,4844
0.157780626,4843
0.157784323,4842
0.157787522,4841
0.157792737,4840
0.157796048,4839
0.157798972,4838
0.15780429,4837
0.157807519,4836
0.157810733,4835
0.1578143,4834
0.157818674,4833
0.157822854,4832
0.157826479,4831
0.157832213,4830
0.157835847,4829
0.157839213,4828
0.157843142,4827
0.157847825,4826
0.157851265,4825
0.157855178,4824
0.157859012,4823
0.1578632,4822
0.15786659,4821
0.157870097,4820
0.157873534,4819
0.157876694,4818
0.157880365,4817
0.157885601,4816
0.157888923,4815
0.157892289,4814
0.15789596,4813
0.157898971,4812
0.157901819,4811
0.157905134,4810
0.157908265,4809
0.157912745,4808
0.15791583,4807
0.157918805,4806
0.157922095,4805
0.15792546,4804
0.157928342,4803
0.157931435,4802
0.157935478,4801
0.1579389,4800
0.157942596,4799
0.157948199,4798
0.157951721,4797
0.157955057,4796
0.157959631,4795
0.15796225,4794
0.15796711,4793
0.157969982,4792
0.157972867,4791
0.157977285,4790
0.157980333,4789
0.157984081,4788
0.157987574,4787
0.157991601,4786
0.157994858,4785
0.157997872,4784
0.158000583,4783
0.158004538,4782
0.158007588,4781
0.158010851,4780
0.158014244,4779
0.15801717,4778
0.158023071,4777
0.158026843,4776
0.158029823,4775
0.158032376,4774
0.158035416,4773
0.158038944,4772
0.158041703,4771
0.158045435,4770
0.158048409,4769
0.158051439,4768
0.158054756,4767
0.158057647,4766
0.158060598,4765
0.158063395,4764
0.15806618,4763
0.158070687,4762
0.158073787,4761
0.158078299,4760
0.158081225,4759
0.158084628,4758
0.158088535,4757
0.158091939,4756
0.158095445,4755
0.158098596,4754
0.158102603,4753
0.158106032,4752
0.158109022,4751
0.158112038,4750
0.158118228,4749
0.158121099,4748
0.158124837,4747
0.15812771,4746
0.15813059,4745
0.15813565,4744
0.158139176,4743
0.15814255,4742
0.158145568,4741
0.158150773,4740
0.158159035,4739
0.158161973,4738
0.158167783,4737
0.158170648,4736
0.158173529,4735
0.158176672,4734
0.158179203,4733
0.158182289,4732
0.158185656,4731
0.15818852,4730
0.158191736,4729
0.158194693,4728
0.158198821,4727
0.158201835,4726
0.158204817,4725
0.158207467,4724
0.15821001,4723
0.15821266,4722
0.158216349,4721
0.158220174,4720
0.158222617,4719
0.158228435,4718
0.158231795,4717
0.158236498,4716
0.158239224,4715
0.15824182,4714
0.158246565,4713
0.158250338,4712
0.158253168,4711
0.158255884,4710
0.158259306,4709
0.158262927,4708
0.158266087,4707
0.158269072,4706
0.158272247,4705
0.158275981,4704
0.158279224,4703
0.158284964,4702
0.158288118,4701
0.158291859,4700
0.15829465,4699
0.158297329,4698
0.158300871,4697
0.158304786,4696
0.158309447,4695
0.158313796,4694
0.158318556,4693
0.158321218,4692
0.158325708,4691
0.15832902,4690
0.158332046,4689
0.158335714,4688
0.158339167,4687
0.158342803,4686
0.158345938,4685
0.158350183,4684
0.158353634,4683
0.158357584,4682
0.158361035,4681
0.158364186,4680
0.158368946,4679
0.158372821,4678
0.158377387,4677
0.158381466,4676
0.158385395,4675
0.158389366,4674
0.158393337,4673
0.158398816,4672
0.158404148,4671
0.15840841,4670
0.15841289,4669
0.15841819,4668
0.158421353,4667
0.158425034,4666
0.15842978,4665
0.158433349,4664
0.158437012,4663
0.158440672,4662
0.1584443,4661
0.158447811,4660
0.158451442,4659
0.158455039,4658
0.158460783,4657
0.158464776,4656
0.158468436,4655
0.158471735,4654
0.158475307,4653
0.158478883,4652
0.158483935,4651
0.158487394,4650
0.158491091,4649
0.158494856,4648
0.158499895,4647
0.158503526,4646
0.158507173,4645
0.158511026,4644
0.158515423,4643
0.158519445,4642
0.158522571,4641
0.158525732,4640
0.158528898,4639
0.158531719,4638
0.158535622,4637
0.158540025,4636
0.158544436,4635
0.158547571,4634
0.158550934,4633
0.158554556,4632
0.158557571,4631
0.158560651,4630
0.158563879,4629
0.158566745,4628
0.158569764,4627
0.158574408,4626
0.158577283,4625
0.158581992,4624
0.158585273,4623
0.158588548,4622
0.158591852,4621
0.158594915,4620
0.158598931,4619
0.158602351,4618
0.158605392,4617
0.158608476,4616
0.158611475,4615
0.158614787,4614
0.158619244,4613
0.158622362,4612
0.158625183,4611
0.15862817,4610
0.158631328,4609
0.158635909,4608
0.158645445,4607
0.158648275,4606
0.158651189,4605
0.158654456,4604
0.158657343,4603
0.158660319,4602
0.158663584,4601
0.158666249,4600
0.158671223,4599
0.158674533,4598
0.158677963,4597
0.158680765,4596
0.158683839,4595
0.158688105,4594
0.158692223,4593
0.158695282,4592
0.15870006,4591
0.158703292,4590
0.158706287,4589
0.158709559,4588
0.158713369,4587
0.158716712,4586
0.158728434,4585
0.158733203,4584
0.158737692,4583
0.158740838,4582
0.158743458,4581
0.158746506,4580
0.15875077,4579
0.15875399,4578
0.158759449,4577
0.158762743,4576
0.158765591,4575
0.158769209,4574
0.158773341,4573
0.158777965,4572
0.158781771,4571
0.158785958,4570
0.158789527,4569
0.158792395,4568
0.158795331,4567
0.158798108,4566
0.158800904,4565
0.158803732,4564
0.158806674,4563
0.158822377,4562
0.158825622,4561
0.158828753,4560
0.158835188,4559
0.158839368,4558
0.158843489,4557
0.15884704,4556
0.158852863,4555
0.158856608,4554
0.158859996,4553
0.158865124,4552
0.158869233,4551
0.158874168,4550
0.158878684,4549
0.158883047,4548
0.158887977,4547
0.158894377,4546
0.158900825,4545
0.158906799,4544
0.158910531,4543
0.158914021,4542
0.158918036,4541
0.158921941,4540
0.158925138,4539
0.158928473,4538
0.158931754,4537
0.158934699,4536
0.158937591,4535
0.158940896,4534
0.158944183,4533
0.158947387,4532
0.158950073,4531
0.158953187,4530
0.158958006,4529
0.1589606,4528
0.1589635,4527
0.158966612,4526
0.158969282,4525
0.158972049,4524
0.158975908,4523
0.158979339,4522
0.158982636,4521
0.158985804,4520
0.158988973,4519
0.158992765,4518
0.158995799,4517
0.158998819,4516
0.159001734,4515
0.159004597,4514
0.159007418,4513
0.159012019,4512
0.159014926,4511
0.159017916,4510
0.159020787,4509
0.159024043,4508
0.159028693,4507
0.159031818,4506
0.159034975,4505
0.159038557,4504
0.159041643,4503
0.159044616,4502
0.159047794,4501
0.159053375,4500
0.159056005,4499
0.159059891,4498
0.159062903,4497
0.159065806,4496
0.159068609,4495
0.159072707,4494
0.159077226,4493
0.159082134,4492
0.159084833,4491
0.159087969,4490
0.159093823,4489
0.159099051,4488
0.159103253,4487
0.159106774,4486
0.159110161,4485
0.159113252,4484
0.159116282,4483
0.159120236,4482
0.15912375,4481
0.159131574,4480
0.159135321,4479
0.159138373,4478
0.159141727,4477
0.15915621,4476
0.159160099,4475
0.159163876,4474
0.159167401,4473
0.159171668,4472
0.159175398,4471
0.159178707,4470
0.159181959,4469
0.15918654,4468
0.159189975,4467
0.159193072,4466
0.159196534,4465
0.15919936,4464
0.159202359,4463
0.15920523,4462
0.15920817,4461
0.159211933,4460
0.159214682,4459
0.159218053,4458
0.159220825,4457
0.159224824,4456
0.159233355,4455
0.159236242,4454
0.15923904,4453
0.159242062,4452
0.159244891,4451
0.159249498,4450
0.159252417,4449
0.159255507,4448
0.159258331,4447
0.159263204,4446
0.159266185,4445
0.159269499,4444
0.159274704,4443
0.159278036,4442
0.159282155,4441
0.159286836,4440
0.159289903,4439
0.15929327,4438
0.159296436,4437
0.159299576,4436
0.159302473,4435
0.159305808,4434
0.159308508,4433
0.159311609,4432
0.159314583,4431
0.159317527,4430
0.159321609,4429
0.159325019,4428
0.159327588,4427
0.159330514,4426
0.159333414,4425
0.15933607,4424
0.15933886,4423
0.159343542,4422
0.159347965,4421
0.159350709,4420
0.159353197,4419
0.15935726,4418
0.159363105,4417
0.15936713,4416
0.159370939,4415
0.159374368,4414
0.159381773,4413
0.159386242,4412
0.15938987,4411
0.159394408,4410
0.159397371,4409
0.159400125,4408
0.159404948,4407
0.159409196,4406
0.15941254,4405
0.159417379,4404
0.159420766,4403
0.159423824,4402
0.159426872,4401
0.159430222,4400
0.159434041,4399
0.159437402,4398
0.159441466,4397
0.159445715,4396
0.159482771,4395
0.15949409,4394
0.159501647,4393
0.159505995,4392
0.159510959,4391
0.159515264,4390
0.159521711,4389
0.159525714,4388
0.159529722,4387
0.159535338,4386
0.159539078,4385
0.159542707,4384
0.159546359,4383
0.159550329,4382
0.159554622,4381
0.159558934,4380
0.159563654,4379
0.159568121,4378
0.159572239,4377
0.159576379,4376
0.159584307,4375
0.159589288,4374
0.159594521,4373
0.159600643,4372
0.159604676,4371
0.159608047,4370
0.159612875,4369
0.159616657,4368
0.159620364,4367
0.159624189,4366
0.159628588,4365
0.159632459,4364
0.15963796,4363
0.15964128,4362
0.159645268,4361
0.159649544,4360
0.159653256,4359
0.159656595,4358
0.159659975,4357
0.159664388,4356
0.159677508,4355
0.159680879,4354
0.159684265,4353
0.159690539,4352
0.159694974,4351
0.159698383,4350
0.159702175,4349
0.159705497,4348
0.159708333,4347
0.159714136,4346
0.159719813,4345
0.159725018,4344
0.159728822,4343
0.159732388,4342
0.159735446,4341
0.159739044,4340
0.159742126,4339
0.159745404,4338
0.159748791,4337
0.159752647,4336
0.159756021,4335
0.159759788,4334
0.159763474,4333
0.159768558,4332
0.159771779,4331
0.159774752,4330
0.159777959,4329
0.159781284,4328
0.159784871,4327
0.159790397,4326
0.159793547,4325
0.159796675,4324
0.159800242,4323
0.159804986,4322
0.159808019,4321
0.159810906,4320
0.159814787,4319
0.159818639,4318
0.159822269,4317
0.159825747,4316
0.159828745,4315
0.159832825,4314
0.159836323,4313
0.159840915,4312
0.159844764,4311
0.159848344,4310
0.159851384,4309
0.159853889,4308
0.159870399,4307
0.159874092,4306
0.159878416,4305
0.159883954,4304
0.159889396,4303
0.15989458,4302
0.159898426,4301
0.159902209,4300
0.159905063,4299
0.15990792,4298
0.159912458,4297
0.159916142,4296
0.159919886,4295
0.159923655,4294
0.159927107,4293
0.15993616,4292
0.159939612,4291
0.159943835,4290
0.159947575,4289
0.159952963,4288
0.159956414,4287
0.159959767,4286
0.159963198,4285
0.159967813,4284
0.159972623,4283
0.159975698,4282
0.159978961,4281
0.159982575,4280
0.159986799,4279
0.159990779,4278
0.159994373,4277
0.159997615,4276
0.160000977,4275
0.16000436,4274
0.16000818,4273
0.160011453,4272
0.160014765,4271
0.160018145,4270
0.160022403,4269
0.160026807,4268
0.160032815,4267
0.160036405,4266
0.160041142,4265
0.160045006,4264
0.160049658,4263
0.160053196,4262
0.160056535,4261
0.160059696,4260
0.160063457,4259
0.160066121,4258
0.16006996,4257
0.160073234,4256
0.160077304,4255
0.160084154,4254
0.160088329,4253
0.160093677,4252
0.160096905,4251
0.160100166,4250
0.16010744,4249
0.160112167,4248
0.160115364,4247
0.160118822,4246
0.160121875,4245
0.160135292,4244
0.160141829,4243
0.160148959,4242
0.160154707,4241
0.160161936,4240
0.160165855,4239
0.160169377,4238
0.160172679,4237
0.160175751,4236
0.160178812,4235
0.16018173,4234
0.1601854,4233
0.160189483,4232
0.160192919,4231
0.160196095,4230
0.160200216,4229
0.160202975,4228
0.160207129,4227
0.160210761,4226
0.160213845,4225
0.160216812,4224
0.160219862,4223
0.160223013,4222
0.160226846,4221
0.160229467,4220
0.160235681,4219
0.16023958,4218
0.160242793,4217
0.160245811,4216
0.160251914,4215
0.160256108,4214
0.160262689,4213
0.160267477,4212
0.16027482,4211
0.160278769,4210
0.160284918,4209
0.160291583,4208
0.160295143,4207
0.160300623,4206
0.160304329,4205
0.160307995,4204
0.1603117,4203
0.160316345,4202
0.160320056,4201
0.16032471,4200
0.160328317,4199
0.160331857,4198
0.160335394,4197
0.160338631,4196
0.160343914,4195
0.160347226,4194
0.160352068,4193
0.16035579,4192
0.160359314,4191
0.1603626,4190
0.160367546,4189
0.160371983,4188
0.160375,4187
0.160378255,4186
0.160381243,4185
0.160384278,4184
0.160387515,4183
0.160390534,4182
0.160394772,4181
0.160398522,4180
0.160403912,4179
0.160443805,4178
0.160447062,4177
0.160450328,4176
0.160453693,4175
0.160456831,4174
0.16045989,4173
0.160463371,4172
0.160466404,4171
0.160469724,4170
0.160477347,4169
0.160480973,4168
0.160485071,4167
0.160488946,4166
0.160492133,4165
0.160495387,4164
0.160499842,4163
0.160505185,4162
0.160508104,4161
0.160511167,4160
0.160515617,4159
0.160519804,4158
0.160524578,4157
0.160528192,4156
0.160531875,4155
0.16053687,4154
0.160542745,4153
0.160546134,4152
0.16054958,4151
0.160554525,4150
0.160558027,4149
0.160564408,4148
0.160569021,4147
0.16057377,4146
0.160577345,4145
0.160581825,4144
0.16058532,4143
0.16058906,4142
0.160592406,4141
0.160596587,4140
0.16060047,4139
0.16060395,4138
0.160607634,4137
0.160611953,4136
0.160615826,4135
0.160619327,4134
0.160625037,4133
0.160628509,4132
0.160632302,4131
0.160636382,4130
0.160639638,4129
0.160644383,4128
0.160647416,4127
0.160650698,4126
0.160653695,4125
0.160657288,4124
0.160660497,4123
0.160766778,4122
0.160769828,4121
0.160821727,4120
0.160827352,4119
0.160831532,4118
0.160835683,4117
0.160839176,4116
0.160842573,4115
0.160847984,4114
0.160851128,4113
0.160855402,4112
0.160860351,4111
0.160863642,4110
0.160867066,4109
0.160870554,4108
0.160873804,4107
0.160876736,4106
0.160880086,4105
0.160883222,4104
0.160886663,4103
0.160889594,4102
0.160894489,4101
0.16089758,4100
0.160905741,4099
0.160908931,4098
0.160911841,4097
0.160915654,4096
0.160922191,4095
0.160926098,4094
0.160959054,4093
0.161069246,4092
0.161078119,4091
0.161082563,4090
0.161087385,4089
0.161091365,4088
0.161095194,4087
0.161100239,4086
0.161103944,4085
0.161108013,4084
0.161113667,4083
0.161117664,4082
0.161120999,4081
0.161128932,4080
0.161134376,4079
0.161141321,4078
0.161145744,4077
0.161149879,4076
0.161152816,4075
0.161156242,4074
0.16116249,4073
0.161165504,4072
0.161168544,4071
0.161173745,4070
0.16117653,4069
0.161180643,4068
0.161184249,4067
0.161187672,4066
0.161190706,4065
0.161194923,4064
0.161198379,4063
0.161203608,4062
0.161209579,4061
0.161212739,4060
0.161216186,4059
0.161219413,4058
0.161223508,4057
0.161226633,4056
0.161230532,4055
0.161234317,4054
0.161239385,4053
0.161242904,4052
0.161246436,4051
0.161250446,4050
0.16125579,4049
0.161259334,4048
0.161263457,4047
0.161266755,4046
0.161270413,4045
0.161273923,4044
0.161277147,4043
0.161280111,4042
0.161286446,4041
0.161291506,4040
0.16129485,4039
0.161298922,4038
0.161303114,4037
0.16130609,4036
0.161308878,4035
0.16131185,4034
0.161314857,4033
0.161320157,4032
0.161324432,4031
0.16132739,4030
0.161330571,4029
0.161333474,4028
0.161337436,4027
0.161340205,4026
0.161343516,4025
0.161346632,4024
0.161350232,4023
0.161354368,4022
0.161358724,4021
0.161362382,4020
0.161365981,4019
0.161369902,4018
0.161373602,4017
0.161377088,4016
0.16138031,4015
0.161383832,4014
0.16138852,4013
0.161391797,4012
0.161395671,4011
0.161399149,4010
0.161404303,4009
0.161408588,4008
0.161412949,4007
0.161417818,4006
0.1614209,4005
0.161423709,4004
0.161427053,4003
0.161430375,4002
0.161434447,4001
0.161437254,4000
0.161440119,3999
0.161443145,3998
0.161446977,3997
0.16145062,3996
0.161455858,3995
0.161458876,3994
0.161461508,3993
0.161464312,3992
0.16146695,3991
0.161470528,3990
0.161473714,3989
0.161477016,3988
0.161480549,3987
0.161486129,3986
0.161490555,3985
0.16149376,3984
0.161496948,3983
0.161499828,3982
0.161504759,3981
0.161507852,3980
0.161511082,3979
0.161514522,3978
0.16151847,3977
0.161522916,3976
0.161528803,3975
0.161532495,3974
0.161536693,3973
0.161539934,3972
0.161543158,3971
0.161546214,3970
0.161549489,3969
0.161552964,3968
0.161555964,3967
0.161558847,3966
0.161561891,3965
0.161564925,3964
0.16157332,3963
0.161576423,3962
0.161580231,3961
0.161585324,3960
0.161589198,3959
0.161634536,3958
0.161638716,3957
0.161642719,3956
0.161646812,3955
0.16165075,3954
0.161655047,3953
0.16165924,3952
0.161667415,3951
0.161670947,3950
0.161674412,3949
0.161678057,3948
0.161681479,3947
0.161685029,3946
0.161688535,3945
0.161691866,3944
0.161695307,3943
0.161698678,3942
0.161701975,3941
0.161705141,3940
0.16170837,3939
0.161713318,3938
0.161717587,3937
0.161761369,3936
0.161783508,3935
0.161787891,3934
0.161791903,3933
0.161800304,3932
0.161804552,3931
0.161808557,3930
0.161814221,3929
0.161818279,3928
0.161822306,3927
0.161826433,3926
0.161830672,3925
0.161834355,3924
0.16183837,3923
0.161842505,3922
0.1618465,3921
0.161850938,3920
0.16185544,3919
0.161859403,3918
0.161864414,3917
0.16187183,3916
0.161875143,3915
0.16187855,3914
0.161881976,3913
0.161885335,3912
0.161890734,3911
0.161894261,3910
0.161897443,3909
0.161900627,3908
0.161903893,3907
0.161908336,3906
0.161912215,3905
0.161916333,3904
0.161919485,3903
0.161923834,3902
0.161927892,3901
0.161931741,3900
0.161937352,3899
0.161942132,3898
0.161945638,3897
0.161948922,3896
0.161955975,3895
0.161961795,3894
0.161966642,3893
0.161970279,3892
0.161973758,3891
0.161978466,3890
0.161981958,3889
0.161985154,3888
0.161989587,3887
0.161995649,3886
0.161999149,3885
0.162002317,3884
0.162006056,3883
0.162009631,3882
0.162013483,3881
0.162017741,3880
0.16202092,3879
0.162023844,3878
0.162027277,3877
0.162032632,3876
0.162035818,3875
0.162039209,3874
0.162042287,3873
0.162045438,3872
0.162048695,3871
0.1620519,3870
0.162055372,3869
0.162059864,3868
0.162063122,3867
0.162066683,3866
0.16209185,3865
0.162109742,3864
0.162113254,3863
0.162116614,3862
0.16212257,3861
0.162127082,3860
0.162141471,3859
0.162151943,3858
0.162156275,3857
0.162164961,3856
0.162169636,3855
0.16217324,3854
0.162176642,3853
0.162179805,3852
0.162183461,3851
0.162186553,3850
0.162189738,3849
0.162194043,3848
0.162197667,3847
0.162205315,3846
0.162208547,3845
0.162219481,3844
0.162222602,3843
0.162225981,3842
0.162238954,3841
0.16224381,3840
0.162249491,3839
0.16225373,3838
0.162257633,3837
0.16226177,3836
0.162268213,3835
0.162275898,3834
0.162280576,3833
0.16228409,3832
0.162288382,3831
0.163524449,3830
0.163532475,3829
0.16354457,3828
0.163552823,3827
0.163558255,3826
0.163561731,3825
0.16357016,3824
0.163573715,3823
0.163577714,3822
0.163582787,3821
0.163590672,3820
0.163594049,3819
0.163596971,3818
0.163600292,3817
0.163603534,3816
0.163606442,3815
0.163609177,3814
0.163612672,3813
0.163615318,3812
0.163617641,3811
0.16362144,3810
0.163631583,3809
0.163639185,3808
0.163644625,3807
0.163653335,3806
0.163658595,3805
0.163666462,3804
0.163669696,3803
0.163673036,3802
0.163680425,3801
0.163684401,3800
0.163712062,3799
0.16371537,3798
0.163721613,3797
0.163739576,3796
0.163745911,3795
0.163749643,3794
0.163753569,3793
0.163758364,3792
0.163773014,3791
0.163776943,3790
0.16378211,3789
0.163788507,3788
0.163795517,3787
0.163799981,3786
0.163804017,3785
0.163807376,3784
0.163810873,3783
0.163814816,3782
0.163822674,3781
0.163827511,3780
0.163832627,3779
0.163866328,3778
0.163871772,3777
0.163909442,3776
0.163915789,3775
0.163922043,3774
0.163926259,3773
0.163957459,3772
0.163972904,3771
0.166059037,3770
0.166070759,3769
0.166076484,3768
0.166082429,3767
0.166094753,3766
0.166100749,3765
0.166106061,3764
0.166112068,3763
0.16627224,3762
0.166308622,3761
0.16631401,3760
0.166325115,3759
0.16632934,3758
0.166333944,3757
0.166338572,3756
0.166345967,3755
0.166350847,3754
0.168290842,3753
0.168309451,3752
0.168315148,3751
0.168327315,3750
0.168335219,3749
0.168373324,3748
0.168376912,3747
0.168383884,3746
0.168387772,3745
0.168395123,3744
0.16840078,3743
0.168405947,3742
0.168410633,3741
0.168415101,3740
0.168419615,3739
0.168423546,3738
0.168459146,3737
0.168464947,3736
0.168469418,3735
0.170332582,3734
0.170341272,3733
0.170348049,3732
0.170366608,3731
0.170371248,3730
0.170374886,3729
0.170414472,3728
0.170424992,3727
0.17042938,3726
0.170434165,3725
0.170438983,3724
0.170444083,3723
0.170499043,3722
0.170504706,3721
0.170513339,3720
0.17051672,3719
0.170520138,3718
0.170526599,3717
0.170530414,3716
0.17053693,3715
0.170543264,3714
0.170550593,3713
0.170555475,3712
0.170567,3711
0.170570916,3710
0.170574517,3709
0.170579865,3708
0.170583224,3707
0.170587243,3706
0.17062207,3705
0.170626181,3704
0.170636711,3703
0.170641506,3702
0.17064613,3701
0.170649439,3700
0.17065821,3699
0.1706639,3698
0.170668263,3697
0.170704701,3696
0.170708992,3695
0.170751342,3694
0.170760283,3693
0.170764453,3692
0.170768203,3691
0.170771704,3690
0.170776721,3689
0.170784301,3688
0.170791283,3687
0.170798876,3686
0.170806657,3685
0.17081021,3684
0.170821643,3683
0.170826018,3682
0.170831957,3681
0.170836728,3680
0.17084035,3679
0.170843627,3678
0.170847009,3677
0.170860981,3676
0.170865491,3675
0.170870398,3674
0.170873679,3673
0.170877162,3672
0.170882596,3671
0.170885681,3670
0.170890269,3669
0.170893755,3668
0.170898814,3667
0.170903658,3666
0.170919225,3665
0.170934386,3664
0.170938137,3663
0.170941777,3662
0.170945915,3661
0.170949584,3660
0.170954086,3659
0.170964293,3658
0.170980952,3657
0.17099445,3656
0.170999628,3655
0.171003102,3654
0.171007688,3653
0.171012475,3652
0.171015771,3651
0.17102066,3650
0.171028959,3649
0.171032666,3648
0.171036148,3647
0.171039395,3646
0.171042705,3645
0.171051613,3644
0.171055945,3643
0.171065351,3642
0.171072652,3641
0.171075746,3640
0.171079353,3639
0.171092544,3638
0.171096648,3637
0.171112772,3636
0.171120198,3635
0.171124638,3634
0.171129092,3633
0.17115746,3632
0.171168253,3631
0.171173027,3630
0.171176492,3629
0.171184762,3628
0.171189976,3627
0.171195011,3626
0.171423755,3625
0.171428248,3624
0.171434434,3623
0.171441597,3622
0.171446711,3621
0.171458539,3620
0.171470941,3619
0.171477207,3618
0.171492351,3617
0.171497548,3616
0.17150255,3615
0.171517502,3614
0.171526071,3613
0.171541698,3612
0.171565912,3611
0.171570325,3610
0.171687666,3609
0.171715042,3608
0.171727607,3607
0.171731973,3606
0.171820376,3605
0.171825125,3604
0.171830827,3603
0.171834784,3602
0.171843313,3601
0.171880311,3600
0.171916261,3599
0.171970073,3598
0.171977969,3597
0.171987076,3596
0.172020232,3595
0.172028412,3594
0.172034209,3593
0.172046704,3592
0.17205485,3591
0.172062668,3590
0.172069051,3589
0.17207309,3588
0.172078145,3587
0.172082367,3586
0.172085425,3585
0.17208813,3584
0.172094184,3583
0.172132848,3582
0.172149479,3581
0.172154995,3580
0.172393338,3579
0.172407315,3578
0.172420507,3577
0.17242891,3576
0.172435574,3575
0.172440341,3574
0.172445522,3573
0.172453169,3572
0.172457511,3571
0.172462033,3570
0.172466458,3569
0.172471689,3568
0.172480096,3567
0.172487781,3566
0.172495023,3565
0.1725018,3564
0.17250516,3563
0.172510425,3562
0.172515655,3561
0.172520555,3560
0.172533109,3559
0.172579587,3558
0.172647989,3557
0.172653485,3556
0.172668386,3555
0.172676377,3554
0.172680248,3553
0.172688797,3552
0.172695406,3551
0.172699699,3550
0.172703046,3549
0.172708093,3548
0.172714044,3547
0.172722797,3546
0.172727834,3545
0.172738962,3544
0.172781459,3543
0.17278929,3542
0.172792469,3541
0.172799745,3540
0.172807486,3539
0.172815223,3538
0.172818436,3537
0.172822904,3536
0.172826005,3535
0.172830219,3534
0.172833595,3533
0.172849815,3532
0.172864111,3531
0.172869239,3530
0.172885874,3529
0.172888822,3528
0.172907037,3527
0.172912162,3526
0.172918194,3525
0.172923328,3524
0.172961898,3523
0.172966786,3522
0.172973537,3521
0.172978102,3520
0.173004852,3519
0.173013532,3518
0.173021169,3517
0.173035661,3516
0.173039535,3515
0.173043352,3514
0.173062658,3513
0.173066577,3512
0.173070425,3511
0.173079753,3510
0.173087993,3509
0.173091012,3508
0.173095764,3507
0.173379473,3506
0.173390564,3505
0.173395989,3504
0.173427385,3503
0.175024312,3502
0.186881656,3501
0.186897718,3500
0.186911287,3499
0.18691973,3498
0.186923373,3497
0.186932653,3496
0.186937502,3495
0.186949118,3494
0.18698116,3493
0.187059926,3492
0.187065318,3491
0.187081193,3490
0.187086391,3489
0.187094692,3488
0.187099539,3487
0.187104971,3486
0.187116033,3485
0.18712308,3484
0.18713251,3483
0.187174193,3482
0.18719837,3481
0.187206451,3480
0.187211225,3479
0.187215561,3478
0.187229514,3477
0.187239874,3476
0.187244956,3475
0.187336368,3474
0.187397931,3473
0.187430733,3472
0.187448627,3471
0.187454751,3470
0.187464515,3469
0.187473736,3468
0.187496726,3467
0.187520922,3466
0.18752618,3465
0.187532155,3464
0.187545502,3463
0.187549214,3462
0.187553796,3461
0.187558215,3460
0.187568482,3459
0.187573446,3458
0.187577419,3457
0.187622049,3456
0.187668526,3455
0.187675611,3454
0.18768573,3453
0.18768961,3452
0.187725504,3451
0.187751275,3450
0.187771372,3449
0.187775173,3448
0.187778656,3447
0.187786597,3446
0.187793137,3445
0.187826739,3444
0.18784323,3443
0.18784658,3442
0.187849747,3441
0.187860134,3440
0.187867271,3439
0.18787286,3438
0.187882478,3437
0.187932039,3436
0.187936906,3435
0.187963538,3434
0.187967433,3433
0.187971906,3432
0.187984646,3431
0.187988683,3430
0.188004493,3429
0.188012827,3428
0.188040965,3427
0.188048314,3426
0.188052186,3425
0.188065219,3424
0.188138068,3423
0.188144845,3422
0.188150696,3421
0.188187794,3420
0.188240082,3419
0.188273629,3418
0.188318163,3417
0.188329211,3416
0.18833572,3415
0.188350523,3414
0.188398212,3413
0.188407445,3412
0.18841799,3411
0.18844989,3410
0.188517526,3409
0.188557414,3408
0.18858439,3407
0.188624863,3406
0.188657535,3405
0.188663461,3404
0.188690802,3403
0.188694971,3402
0.188735396,3401
0.188744816,3400
0.188748685,3399
0.188818761,3398
0.188873241,3397
0.188905921,3396
0.188940591,3395
0.188982826,3394
0.189009795,3393
0.189014746,3392
0.189655842,3391
0.189672756,3390
0.18971867,3389
0.189727228,3388
0.189732086,3387
0.189743639,3386
0.189754213,3385
0.189761309,3384
0.189780163,3383
0.189796703,3382
0.189800843,3381
0.189819323,3380
0.189841834,3379
0.189861209,3378
0.189927114,3377
0.189941463,3376
0.189948936,3375
0.18995305,3374
0.189974067,3373
0.189985904,3372
0.189999123,3371
0.190013449,3370
0.190019923,3369
0.190044305,3368
0.190063131,3367
0.190067433,3366
0.190073202,3365
0.190076643,3364
0.190084513,3363
0.190100777,3362
0.190108903,3361
0.190112661,3360
0.190223155,3359
0.190230892,3358
0.190235387,3357
0.190252358,3356
0.190598366,3355
0.190709872,3354
0.190744025,3353
0.190768574,3352
0.190808611,3351
0.190952638,3350
0.191007,3349
0.191428893,3348
0.192110249,3347
0.196637131,3346
0.196642002,3345
0.196691036,3344
0.196996255,3343
0.197044421,3342
0.1970862,3341
0.197102476,3340
0.197110471,3339
0.197114535,3338
0.197145422,3337
0.197167243,3336
0.197187667,3335
0.197193135,3334
0.197222684,3333
0.197456598,3332
0.19748383,3331
0.19749529,3330
0.197535815,3329
0.197569022,3328
0.197591735,3327
0.197803845,3326
0.197812822,3325
0.197886141,3324
0.197892103,3323
0.198092015,3322
0.198358752,3321
0.198655386,3320
0.198707115,3319
0.198885291,3318
0.199156688,3317
0.199288488,3316
0.199524463,3315
