0.176185514,6061
0.176286084,6060
0.176352906,6059
0.176401288,6058
0.176447251,6057
0.176509847,6056
0.176529955,6055
0.176550935,6054
0.176560794,6053
0.176568649,6052
0.176576954,6051
0.176584205,6050
0.176591615,6049
0.176597792,6048
0.176604805,6047
0.176623494,6046
0.176641306,6045
0.176653603,6044
0.176734785,6043
0.17674547,6042
0.176754402,6041
0.176764244,6040
0.176773914,6039
0.176804063,6038
0.176814674,6037
0.176825032,6036
0.176840604,6035
0.176849233,6034
0.176857403,6033
0.176865424,6032
0.176875575,6031
0.176883722,6030
0.176895054,6029
0.176905441,6028
0.176996533,6027
0.177010667,6026
0.177031707,6025
0.177073648,6024
0.177083154,6023
0.177092176,6022
0.177100786,6021
0.177109299,6020
0.177118066,6019
0.177151248,6018
0.1771981,6017
0.177209994,6016
0.177217247,6015
0.177223702,6014
0.177230834,6013
0.177237555,6012
0.177244648,6011
0.177252277,6010
0.177259719,6009
0.177267242,6008
0.17727426,6007
0.177291861,6006
0.177306952,6005
0.177348716,6004
0.177365033,6003
0.177372916,6002
0.177408195,6001
0.177415823,6000
0.177429396,5999
0.177436513,5998
0.177473963,5997
0.177609771,5996
0.177622406,5995
0.177639948,5994
0.177645431,5993
0.177650552,5992
0.177655475,5991
0.177661074,5990
0.177671113,5989
0.177676238,5988
0.177681009,5987
0.177685604,5986
0.177690709,5985
0.177696277,5984
0.177701617,5983
0.177718431,5982
0.177734548,5981
0.177739744,5980
0.177744057,5979
0.1777494,5978
0.177753892,5977
0.177759062,5976
0.177763736,5975
0.177768744,5974
0.177773465,5973
0.177778855,5972
0.177783622,5971
0.17778895,5970
0.177793855,5969
0.177799083,5968
0.177803897,5967
0.177809051,5966
0.177814416,5965
0.177819527,5964
0.177824591,5963
0.177829373,5962
0.177834371,5961
0.177839635,5960
0.17784466,5959
0.177849691,5958
0.177854294,5957
0.177859424,5956
0.177864893,5955
0.177870672,5954
0.177875782,5953
0.177881153,5952
0.177886149,5951
0.177891131,5950
0.177900883,5949
0.177905857,5948
0.177910831,5947
0.177915879,5946
0.17792056,5945
0.177925529,5944
0.177937866,5943
0.177947017,5942
0.177955289,5941
0.177964521,5940
0.177971959,5939
0.177978724,5938
0.177985406,5937
0.177992523,5936
0.17799747,5935
0.178014747,5934
0.178019812,5933
0.178024838,5932
0.178029736,5931
0.178034615,5930
0.178039266,5929
0.178044112,5928
0.178048787,5927
0.178053803,5926
0.178058953,5925
0.178063783,5924
0.178069012,5923
0.17807418,5922
0.178079517,5921
0.178085061,5920
0.178091007,5919
0.178345318,5918
0.178391553,5917
0.178397764,5916
0.178403522,5915
0.17840868,5914
0.178415228,5913
0.178420338,5912
0.178424963,5911
0.178429787,5910
0.178434344,5909
0.178438885,5908
0.178443392,5907
0.178449448,5906
0.17845533,5905
0.178460305,5904
0.178514188,5903
0.178525388,5902
0.178530882,5901
0.178536083,5900
0.178540764,5899
0.178545189,5898
0.178550425,5897
0.178555561,5896
0.178560115,5895
0.178566283,5894
0.178599572,5893
0.178604456,5892
0.178608998,5891
0.180595107,5890
0.180609308,5889
0.180617123,5888
0.180622836,5887
0.180627874,5886
0.180632032,5885
0.180636192,5884
0.180640371,5883
0.180644421,5882
0.180649581,5881
0.180654337,5880
0.180659392,5879
0.180664243,5878
0.180669482,5877
0.180675641,5876
0.18068045,5875
0.180684593,5874
0.180688581,5873
0.180693434,5872
0.180698583,5871
0.180703487,5870
0.180719295,5869
0.180727999,5868
0.180734659,5867
0.18073986,5866
0.180744786,5865
0.180749793,5864
0.180754244,5863
0.180758412,5862
0.180762182,5861
0.180767044,5860
0.180771528,5859
0.180775973,5858
0.180780184,5857
0.180784759,5856
0.180788875,5855
0.180793449,5854
0.180798201,5853
0.180806924,5852
0.180813199,5851
0.180818988,5850
0.180824568,5849
0.180829874,5848
0.180835493,5847
0.180841215,5846
0.180853299,5845
0.180862509,5844
0.180872192,5843
0.180878358,5842
0.180888573,5841
0.180893416,5840
0.180907904,5839
0.180913621,5838
0.180918694,5837
0.180923537,5836
0.180928097,5835
0.180931779,5834
0.180935442,5833
0.180939529,5832
0.180943249,5831
0.180946508,5830
0.180949941,5829
0.180953259,5828
0.180960488,5827
0.180964863,5826
0.180969698,5825
0.180974308,5824
0.180984489,5823
0.180990846,5822
0.18101523,5821
0.181019401,5820
0.181024317,5819
0.181140189,5818
0.181145598,5817
0.181151813,5816
0.181155507,5815
0.18116043,5814
0.181168608,5813
0.181173349,5812
0.181178187,5811
0.181182701,5810
0.18118869,5809
0.181193159,5808
0.181198132,5807
0.181205221,5806
0.181209517,5805
0.181213706,5804
0.181218411,5803
0.181223136,5802
0.181228324,5801
0.181232842,5800
0.181237191,5799
0.181241948,5798
0.181246685,5797
0.181250638,5796
0.181254548,5795
0.18125901,5794
0.181263092,5793
0.181267312,5792
0.181272321,5791
0.181276602,5790
0.181281116,5789
0.181285418,5788
0.181290179,5787
0.181295261,5786
0.18129964,5785
0.181303908,5784
0.181308443,5783
0.181312664,5782
0.18131667,5781
0.181320961,5780
0.181325123,5779
0.181329433,5778
0.182470836,5777
0.18510489,5776
0.185112876,5775
0.185117254,5774
0.185121838,5773
0.185126449,5772
0.185130756,5771
0.185134821,5770
0.18513946,5769
0.185147445,5768
0.185152084,5767
0.185182798,5766
0.185194602,5765
0.185199019,5764
0.185202797,5763
0.185215685,5762
0.185232359,5761
0.18523981,5760
0.185243818,5759
0.1852485,5758
0.185252595,5757
0.185256866,5756
0.185261047,5755
0.185265692,5754
0.185270197,5753
0.185274057,5752
0.18527758,5751
0.185281313,5750
0.185285523,5749
0.185289389,5748
0.185292447,5747
0.185295698,5746
0.185298859,5745
0.185302322,5744
0.18530602,5743
0.185309288,5742
0.185313629,5741
0.185318077,5740
0.185322511,5739
0.185326885,5738
0.185331941,5737
0.185336574,5736
0.185350725,5735
0.185502424,5734
0.185506969,5733
0.18551051,5732
0.185513933,5731
0.185516996,5730
0.185520633,5729
0.185524153,5728
0.18552749,5727
0.185530794,5726
0.185534357,5725
0.185537883,5724
0.185541431,5723
0.1855447,5722
0.185547856,5721
0.185551227,5720
0.185555761,5719
0.18556006,5718
0.185566107,5717
0.185571363,5716
0.185583799,5715
0.185588394,5714
0.185593216,5713
0.185603337,5712
0.185608191,5711
0.185613356,5710
0.185617552,5709
0.18562278,5708
0.18562742,5707
0.185632151,5706
0.185637418,5705
0.185643259,5704
0.185648587,5703
0.185684622,5702
0.185689366,5701
0.185693403,5700
0.185697374,5699
0.185708204,5698
0.185712966,5697
0.185717247,5696
0.18572171,5695
0.185725822,5694
0.185729493,5693
0.185733621,5692
0.18573789,5691
0.185741563,5690
0.185746411,5689
0.185750492,5688
0.185753948,5687
0.185758695,5686
0.185763369,5685
0.185767274,5684
0.185771472,5683
0.185776031,5682
0.185780374,5681
0.18578426,5680
0.185788623,5679
0.185794533,5678
0.185798919,5677
0.185802932,5676
0.185806856,5675
0.185811292,5674
0.185815212,5673
0.185819065,5672
0.185822663,5671
0.185826169,5670
0.185830207,5669
0.185834542,5668
0.185838887,5667
0.185843548,5666
0.18584758,5665
0.185851165,5664
0.185855062,5663
0.185858767,5662
0.18586256,5661
0.185866574,5660
0.185870982,5659
0.185875251,5658
0.185879553,5657
0.185883482,5656
0.185888241,5655
0.185892249,5654
0.185896912,5653
0.185901023,5652
0.185905094,5651
0.185909393,5650
0.185913158,5649
0.185916718,5648
0.185921334,5647
0.185930247,5646
0.185934409,5645
0.185940557,5644
0.185944547,5643
0.18594829,5642
0.185952296,5641
0.185956017,5640
0.185959785,5639
0.18596352,5638
0.185970822,5637
0.18597463,5636
0.185978715,5635
0.185984861,5634
0.185990548,5633
0.185995855,5632
0.186000661,5631
0.186005732,5630
0.186010379,5629
0.18601482,5628
0.186018992,5627
0.186023167,5626
0.186034238,5625
0.186039732,5624
0.186044422,5623
0.186049062,5622
0.186053429,5621
0.186057907,5620
0.186063171,5619
0.186067898,5618
0.186108951,5617
0.186113891,5616
0.186118358,5615
0.186122808,5614
0.186127562,5613
0.187536824,5612
0.187545557,5611
0.187550028,5610
0.187554051,5609
0.187558756,5608
0.187569956,5607
0.187574148,5606
0.187579864,5605
0.187584726,5604
0.187588986,5603
0.187593073,5602
0.187596647,5601
0.187600216,5600
0.187603404,5599
0.187608052,5598
0.187612542,5597
0.18761931,5596
0.187623894,5595
0.187628016,5594
0.187632828,5593
0.187636865,5592
0.187640632,5591
0.187644955,5590
0.187649014,5589
0.188150946,5588
0.188206856,5587
0.188210638,5586
0.188214342,5585
0.188218371,5584
0.188222074,5583
0.188225646,5582
0.188229153,5581
0.188232975,5580
0.188236229,5579
0.188239746,5578
0.188243549,5577
0.18824733,5576
0.188250882,5575
0.188254439,5574
0.18825828,5573
0.188261952,5572
0.188265253,5571
0.18826898,5570
0.188272316,5569
0.188275482,5568
0.188278923,5567
0.188282309,5566
0.188285435,5565
0.188288852,5564
0.188293409,5563
0.188297697,5562
0.188301138,5561
0.188304601,5560
0.188308016,5559
0.188311957,5558
0.188315096,5557
0.188318739,5556
0.188322488,5555
0.188326089,5554
0.188329767,5553
0.188333634,5552
0.188337843,5551
0.188359523,5550
0.188407117,5549
0.188411918,5548
0.188415298,5547
0.188418746,5546
0.188430565,5545
0.188466331,5544
0.188471143,5543
0.188474664,5542
0.188478707,5541
0.188483257,5540
0.18848756,5539
0.188491411,5538
0.188495287,5537
0.188499103,5536
0.188502358,5535
0.18850583,5534
0.188509421,5533
0.18851353,5532
0.188517608,5531
0.188521059,5530
0.188524376,5529
0.188578538,5528
0.188581573,5527
0.18858458,5526
0.188588513,5525
0.188591413,5524
0.188594375,5523
0.188597696,5522
0.188600489,5521
0.188603689,5520
0.188607848,5519
0.188611414,5518
0.188614928,5517
0.188617873,5516
0.188620975,5515
0.188624116,5514
0.188627585,5513
0.188630679,5512
0.188633807,5511
0.188637156,5510
0.188640712,5509
0.188644138,5508
0.188647477,5507
0.188651077,5506
0.188654653,5505
0.188657606,5504
0.188660774,5503
0.188663925,5502
0.188666757,5501
0.188669822,5500
0.18867287,5499
0.188676049,5498
0.188679311,5497
0.188682802,5496
0.188686109,5495
0.188689721,5494
0.188692849,5493
0.188695779,5492
0.188699664,5491
0.188702541,5490
0.188705447,5489
0.188708168,5488
0.188711029,5487
0.188713995,5486
0.188716828,5485
0.188719628,5484
0.18872231,5483
0.188725063,5482
0.188728042,5481
0.188731579,5480
0.188772097,5479
0.188776011,5478
0.188779773,5477
0.188791238,5476
0.188794558,5475
0.188797727,5474
0.18880064,5473
0.188803804,5472
0.18880712,5471
0.188810136,5470
0.188813706,5469
0.18882149,5468
0.188825763,5467
0.188828935,5466
0.188831932,5465
0.188834983,5464
0.188838401,5463
0.188841307,5462
0.188844546,5461
0.188882451,5460
0.188885987,5459
0.188889356,5458
0.188892632,5457
0.188899853,5456
0.18890386,5455
0.1889074,5454
0.188910699,5453
0.188913789,5452
0.18891729,5451
0.188926516,5450
0.188930279,5449
0.188938895,5448
0.188942759,5447
0.188945853,5446
0.188948772,5445
0.188951631,5444
0.188994257,5443
0.188998277,5442
0.1890029,5441
0.18900659,5440
0.189011758,5439
0.18901626,5438
0.18902204,5437
0.189025972,5436
0.189030253,5435
0.189033656,5434
0.18903756,5433
0.189041596,5432
0.18904573,5431
0.189049594,5430
0.18905352,5429
0.189057039,5428
0.18906075,5427
0.189064774,5426
0.189068245,5425
0.189072132,5424
0.189075285,5423
0.189083731,5422
0.189087276,5421
0.18909083,5420
0.189094016,5419
0.189097516,5418
0.189100631,5417
0.189104124,5416
0.189107564,5415
0.189111283,5414
0.189114467,5413
0.189118068,5412
0.189121334,5411
0.189124351,5410
0.189133672,5409
0.189137742,5408
0.189141031,5407
0.189229013,5406
0.18923743,5405
0.18924187,5404
0.189245362,5403
0.189248088,5402
0.189251043,5401
0.189253473,5400
0.189256009,5399
0.189260438,5398
0.189263776,5397
0.189266602,5396
0.189269388,5395
0.189272088,5394
0.189274799,5393
0.189277706,5392
0.189280686,5391
0.189283587,5390
0.189286888,5389
0.189289952,5388
0.18929261,5387
0.189295733,5386
0.189298556,5385
0.189301152,5384
0.189303801,5383
0.189306478,5382
0.189309784,5381
0.189312562,5380
0.189316125,5379
0.189319987,5378
0.18932892,5377
0.189332434,5376
0.189335969,5375
0.189339036,5374
0.18934221,5373
0.189344824,5372
0.189348689,5371
0.189350793,5370
0.189353041,5369
0.189355881,5368
0.189359971,5367
0.189363769,5366
0.189366933,5365
0.189369697,5364
0.189372992,5363
0.189376048,5362
0.189379517,5361
0.189384003,5360
0.189387387,5359
0.189390106,5358
0.189392448,5357
0.189395366,5356
0.189398075,5355
0.189401778,5354
0.189404869,5353
0.189407928,5352
0.18941108,5351
0.189413964,5350
0.189417192,5349
0.189420625,5348
0.189424337,5347
0.189427374,5346
0.189430305,5345
0.189433651,5344
0.189436463,5343
0.189439467,5342
0.189442129,5341
0.189450575,5340
0.189456284,5339
0.189460078,5338
0.18946396,5337
0.189467049,5336
0.189470681,5335
0.189474527,5334
0.189511899,5333
0.189521649,5332
0.189531697,5331
0.189538138,5330
0.189542275,5329
0.189546904,5328
0.189550806,5327
0.189554197,5326
0.189557743,5325
0.189560663,5324
0.189563568,5323
0.189566392,5322
0.189569409,5321
0.189572398,5320
0.189575301,5319
0.189578233,5318
0.189580882,5317
0.189584387,5316
0.189587073,5315
0.189590673,5314
0.189593531,5313
0.189596267,5312
0.189598937,5311
0.189601494,5310
0.189604498,5309
0.189607107,5308
0.189610191,5307
0.189613175,5306
0.189616297,5305
0.189620012,5304
0.189623562,5303
0.189626804,5302
0.189630328,5301
0.189633405,5300
0.189636228,5299
0.189638894,5298
0.189641694,5297
0.189644533,5296
0.189647212,5295
0.189649946,5294
0.189654449,5293
0.189658473,5292
0.189661904,5291
0.189665314,5290
0.18966878,5289
0.189671752,5288
0.189675068,5287
0.189678436,5286
0.189681607,5285
0.189684915,5284
0.189688398,5283
0.189691768,5282
0.189695177,5281
0.189698602,5280
0.189701764,5279
0.189705144,5278
0.189708678,5277
0.189711593,5276
0.189714619,5275
0.189717597,5274
0.18972074,5273
0.189724224,5272
0.189727068,5271
0.189730051,5270
0.189733521,5269
0.189736196,5268
0.189739237,5267
0.189742069,5266
0.189746525,5265
0.189749955,5264
0.189753632,5263
0.189756768,5262
0.189759651,5261
0.189762737,5260
0.189765692,5259
0.189768489,5258
0.189771602,5257
0.18977537,5256
0.189778351,5255
0.189780875,5254
0.189783244,5253
0.189785833,5252
0.189788504,5251
0.189791504,5250
0.189794432,5249
0.18979772,5248
0.189800528,5247
0.189804296,5246
0.189816674,5245
0.189820159,5244
0.189823064,5243
0.189826573,5242
0.18982972,5241
0.189832945,5240
0.189836691,5239
0.189840396,5238
0.189843782,5237
0.189847299,5236
0.189850416,5235
0.189853709,5234
0.18985655,5233
0.189859474,5232
0.189862638,5231
0.189865576,5230
0.189868462,5229
0.189887224,5228
0.189890325,5227
0.189894075,5226
0.189897767,5225
0.189900861,5224
0.189963487,5223
0.189967479,5222
0.189970579,5221
0.189973951,5220
0.189977483,5219
0.189981115,5218
0.189984765,5217
0.189988171,5216
0.189991684,5215
0.189995496,5214
0.189999246,5213
0.190002648,5212
0.190012977,5211
0.190025216,5210
0.190034449,5209
0.190037555,5208
0.190040837,5207
0.190044119,5206
0.190049558,5205
0.190053397,5204
0.190056904,5203
0.19006014,5202
0.190063467,5201
0.190066703,5200
0.190069634,5199
0.190072792,5198
0.19007572,5197
0.190078561,5196
0.190081391,5195
0.190084077,5194
0.190087489,5193
0.190090472,5192
0.190093339,5191
0.190095872,5190
0.191334901,5189
0.191338015,5188
0.191348655,5187
0.191352647,5186
0.191355841,5185
0.191361282,5184
0.191364911,5183
0.191368263,5182
0.191371426,5181
0.191374546,5180
0.191380094,5179
0.191384068,5178
0.191389469,5177
0.191392788,5176
0.191395716,5175
0.191398904,5174
0.191402301,5173
0.191405418,5172
0.191408552,5171
0.191411877,5170
0.191415001,5169
0.191417839,5168
0.191436848,5167
0.19144107,5166
0.191444988,5165
0.191448429,5164
0.191461818,5163
0.191467839,5162
0.191471178,5161
0.191476145,5160
0.191479528,5159
0.191483558,5158
0.191486619,5157
0.191490111,5156
0.191493715,5155
0.191496739,5154
0.191499899,5153
0.191502938,5152
0.191506527,5151
0.191510868,5150
0.191514188,5149
0.191517704,5148
0.191520781,5147
0.191524018,5146
0.19152721,5145
0.191530706,5144
0.191534458,5143
0.191538288,5142
0.191541615,5141
0.191545401,5140
0.191548877,5139
0.191554818,5138
0.191558087,5137
0.191561591,5136
0.191565541,5135
0.191569164,5134
0.191573059,5133
0.191576429,5132
0.19158033,5131
0.191583427,5130
0.191587825,5129
0.191591,5128
0.191595583,5127
0.191598512,5126
0.191601587,5125
0.191604677,5124
0.191611327,5123
0.191615834,5122
0.191619041,5121
0.191623387,5120
0.191626541,5119
0.191629511,5118
0.191633,5117
0.191636179,5116
0.191639329,5115
0.191642631,5114
0.19164562,5113
0.191648515,5112
0.1916517,5111
0.191655559,5110
0.191660689,5109
0.191664619,5108
0.191667914,5107
0.191671352,5106
0.191678429,5105
0.19168155,5104
0.191684868,5103
0.191688675,5102
0.191691826,5101
0.191694895,5100
0.191699566,5099
0.19170322,5098
0.191706615,5097
0.191709887,5096
0.191714868,5095
0.191718394,5094
0.191721552,5093
0.19172657,5092
0.191729659,5091
0.191739799,5090
0.191749804,5089
0.191754469,5088
0.191758906,5087
0.191762612,5086
0.191767011,5085
0.191770483,5084
0.191773806,5083
0.191777059,5082
0.191782194,5081
0.191785059,5080
0.191788635,5079
0.19179154,5078
0.191794678,5077
0.191797602,5076
0.191802095,5075
0.191806103,5074
0.191809669,5073
0.191815638,5072
0.191819166,5071
0.191822202,5070
0.191825452,5069
0.191828412,5068
0.191831535,5067
0.191834768,5066
0.191838105,5065
0.191840916,5064
0.191845464,5063
0.191849043,5062
0.191852758,5061
0.191856432,5060
0.191859316,5059
0.191862947,5058
0.191866204,5057
0.191870922,5056
0.191874344,5055
0.191878802,5054
0.191882116,5053
0.191885549,5052
0.191889041,5051
0.191893568,5050
0.19189719,5049
0.191901014,5048
0.19190409,5047
0.191907202,5046
0.191909999,5045
0.191913387,5044
0.191916838,5043
0.191920972,5042
0.19192481,5041
0.191929118,5040
0.191933164,5039
0.191937073,5038
0.191940521,5037
0.191944304,5036
0.191947748,5035
0.191951425,5034
0.191954821,5033
0.191957959,5032
0.191961156,5031
0.191970077,5030
0.191974209,5029
0.191978175,5028
0.191982699,5027
0.191988097,5026
0.191991281,5025
0.192023882,5024
0.192029997,5023
0.192033298,5022
0.192036563,5021
0.192039629,5020
0.192043122,5019
0.192047994,5018
0.192055557,5017
0.192059884,5016
0.19206374,5015
0.192067007,5014
0.192070209,5013
0.192074478,5012
0.192078946,5011
0.192082736,5010
0.192085857,5009
0.192089207,5008
0.192092529,5007
0.192095847,5006
0.192099734,5005
0.192103151,5004
0.192106485,5003
0.192110092,5002
0.192113381,5001
0.192116371,5000
0.192119614,4999
0.192124279,4998
0.192126777,4997
0.192130216,4996
0.192133192,4995
0.19213795,4994
0.192141698,4993
0.192147836,4992
0.192151235,4991
0.192154566,4990
0.192158992,4989
0.19216173,4988
0.192164791,4987
0.192167613,4986
0.192171933,4985
0.192174866,4984
0.192178015,4983
0.192181344,4982
0.192184473,4981
0.192187734,4980
0.192190668,4979
0.1921947,4978
0.192197553,4977
0.192200562,4976
0.192204903,4975
0.192207739,4974
0.192211153,4973
0.19221541,4972
0.192219606,4971
0.192222916,4970
0.192226215,4969
0.192229652,4968
0.192232612,4967
0.192235516,4966
0.192238518,4965
0.19224132,4964
0.192244504,4963
0.19224711,4962
0.192251513,4961
0.192254144,4960
0.19225736,4959
0.192261141,4958
0.192265482,4957
0.192268463,4956
0.192271536,4955
0.192274641,4954
0.192277533,4953
0.192280704,4952
0.1922837,4951
0.192288284,4950
0.192291361,4949
0.192294217,4948
0.192297551,4947
0.192301633,4946
0.192304977,4945
0.192308611,4944
0.192311669,4943
0.192314632,4942
0.192318091,4941
0.192322716,4940
0.192325988,4939
0.192331882,4938
0.19233548,4937
0.192338721,4936
0.192345066,4935
0.192348568,4934
0.192352028,4933
0.19235654,4932
0.192360029,4931
0.192363094,4930
0.19236655,4929
0.192370306,4928
0.192373984,4927
0.192377728,4926
0.192381152,4925
0.192384649,4924
0.192387921,4923
0.192391083,4922
0.192394535,4921
0.192400197,4920
0.192403863,4919
0.192407131,4918
0.192410936,4917
0.192414199,4916
0.192417679,4915
0.192421069,4914
0.192424345,4913
0.192429273,4912
0.192432504,4911
0.192435209,4910
0.192438186,4909
0.192441404,4908
0.192444809,4907
0.192447603,4906
0.192450626,4905
0.192454022,4904
0.192457119,4903
0.192460703,4902
0.192465265,4901
0.192468296,4900
0.192471307,4899
0.192476793,4898
0.192479797,4897
0.192483156,4896
0.192485808,4895
0.192488798,4894
0.192492881,4893
0.192497157,4892
0.192500094,4891
0.192504187,4890
0.192507234,4889
0.19251161,4888
0.192515445,4887
0.192519764,4886
0.192522694,4885
0.192526013,4884
0.192530586,4883
0.192534471,4882
0.192541996,4881
0.192547274,4880
0.192551146,4879
0.192554471,4878
0.192557753,4877
0.1925686,4876
0.19257213,4875
0.192574814,4874
0.192577939,4873
0.192583118,4872
0.192588241,4871
0.192591316,4870
0.192595226,4869
0.192598614,4868
0.192602374,4867
0.192607541,4866
0.192611428,4865
0.192615199,4864
0.192618699,4863
0.192622137,4862
0.192628066,4861
0.192632311,4860
0.192636552,4859
0.192640311,4858
0.192643978,4857
0.192648012,4856
0.192651526,4855
0.192656578,4854
0.192661411,4853
0.19266545,4852
0.192669018,4851
0.192675167,4850
0.192678561,4849
0.192681844,4848
0.192684744,4847
0.192688671,4846
0.192692853,4845
0.192695925,4844
0.192698855,4843
0.192701861,4842
0.192709021,4841
0.192712304,4840
0.192715384,4839
0.192721489,4838
0.192724243,4837
0.192730023,4836
0.192741891,4835
0.19274552,4834
0.19274939,4833
0.192752864,4832
0.19275596,4831
0.192759106,4830
0.192762781,4829
0.192766346,4828
0.192769637,4827
0.192773321,4826
0.192776685,4825
0.192782055,4824
0.192785675,4823
0.192788998,4822
0.192792758,4821
0.192796805,4820
0.192799702,4819
0.192803107,4818
0.19280639,4817
0.192809844,4816
0.192813394,4815
0.192817287,4814
0.192820238,4813
0.192823724,4812
0.192832826,4811
0.192836867,4810
0.192851577,4809
0.192857945,4808
0.19286166,4807
0.19286497,4806
0.192868404,4805
0.192871742,4804
0.192874791,4803
0.192878976,4802
0.192883165,4801
0.192886545,4800
0.19289066,4799
0.192894109,4798
0.192897299,4797
0.192901815,4796
0.192906271,4795
0.192910419,4794
0.192913587,4793
0.192916456,4792
0.19292086,4791
0.192925051,4790
0.192927778,4789
0.192933216,4788
0.192936618,4787
0.192940265,4786
0.192943608,4785
0.192946724,4784
0.1929506,4783
0.192956783,4782
0.192960279,4781
0.192964034,4780
0.192966276,4779
0.192969502,4778
0.192972468,4777
0.192985581,4776
0.192989982,4775
0.192993746,4774
0.192997381,4773
0.193001337,4772
0.193006067,4771
0.19300966,4770
0.19301297,4769
0.193016481,4768
0.193021261,4767
0.193024633,4766
0.193027805,4765
0.193030997,4764
0.193043258,4763
0.193047887,4762
0.193051903,4761
0.1930574,4760
0.19306088,4759
0.193065261,4758
0.193070317,4757
0.193076507,4756
0.193080973,4755
0.193084557,4754
0.193088281,4753
0.193091395,4752
0.19309392,4751
0.193096455,4750
0.193099021,4749
0.193102808,4748
0.193140673,4747
0.193144953,4746
0.193149229,4745
0.193152641,4744
0.193158078,4743
0.193162867,4742
0.193166568,4741
0.193171574,4740
0.193176361,4739
0.193179904,4738
0.193184467,4737
0.193187502,4736
0.193190788,4735
0.193193548,4734
0.193196497,4733
0.193199396,4732
0.193212378,4731
0.19321655,4730
0.193220189,4729
0.193223745,4728
0.193227387,4727
0.193231017,4726
0.193234371,4725
0.193237446,4724
0.193240959,4723
0.193243957,4722
0.19324703,4721
0.193260813,4720
0.193264994,4719
0.193270468,4718
0.1932744,4717
0.193279221,4716
0.19328263,4715
0.193286173,4714
0.193294782,4713
0.19329793,4712
0.193303035,4711
0.19330688,4710
0.193309943,4709
0.193313018,4708
0.193316759,4707
0.193320422,4706
0.193323552,4705
0.193329871,4704
0.193333049,4703
0.193336165,4702
0.193339415,4701
0.193343871,4700
0.193347401,4699
0.193350511,4698
0.193353878,4697
0.193358071,4696
0.193361146,4695
0.193364259,4694
0.193368311,4693
0.193371219,4692
0.19337429,4691
0.193377345,4690
0.193382133,4689
0.193385882,4688
0.193422314,4687
0.193426208,4686
0.19343294,4685
0.193437924,4684
0.193443348,4683
0.193447126,4682
0.193451103,4681
0.193454847,4680
0.193458729,4679
0.193462922,4678
0.193468096,4677
0.193474092,4676
0.193478639,4675
0.193482945,4674
0.193486804,4673
0.193490498,4672
0.19349412,4671
0.193497606,4670
0.193502806,4669
0.193509843,4668
0.193514195,4667
0.193519843,4666
0.193523837,4665
0.193527811,4664
0.193531628,4663
0.193535558,4662
0.193539306,4661
0.193544227,4660
0.193547494,4659
0.193550779,4658
0.193554178,4657
0.193557489,4656
0.193560835,4655
0.193574605,4654
0.193588691,4653
0.193593351,4652
0.193597443,4651
0.193601142,4650
0.193605002,4649
0.193610238,4648
0.193616656,4647
0.193620008,4646
0.19362327,4645
0.193630938,4644
0.193634101,4643
0.193637691,4642
0.193640639,4641
0.193643622,4640
0.193646704,4639
0.193650699,4638
0.193653828,4637
0.19366036,4636
0.19366437,4635
0.193668246,4634
0.193671476,4633
0.193675056,4632
0.193678394,4631
0.19369737,4630
0.193702871,4629
0.193711231,4628
0.193716281,4627
0.193720269,4626
0.193725878,4625
0.193730245,4624
0.193734377,4623
0.193739616,4622
0.193743807,4621
0.193748205,4620
0.193757055,4619
0.193762538,4618
0.193766779,4617
0.193770293,4616
0.193775846,4615
0.193779295,4614
0.193782434,4613
0.193785619,4612
0.193789656,4611
0.193792781,4610
0.193795678,4609
0.19379873,4608
0.19380792,4607
0.193811246,4606
0.193814626,4605
0.193819799,4604
0.19382328,4603
0.193826592,4602
0.193830064,4601
0.193835888,4600
0.193839351,4599
0.193843251,4598
0.193846388,4597
0.19385015,4596
0.193854102,4595
0.193857209,4594
0.193860772,4593
0.193864399,4592
0.19386742,4591
0.193870902,4590
0.193876954,4589
0.193880665,4588
0.193883967,4587
0.193886977,4586
0.193889985,4585
0.193892709,4584
0.193896104,4583
0.193901706,4582
0.193905754,4581
0.193917568,4580
0.193921297,4579
0.193926667,4578
0.193930075,4577
0.193934327,4576
0.193937635,4575
0.193941028,4574
0.193945652,4573
0.193949447,4572
0.193952418,4571
0.193955646,4570
0.193958548,4569
0.193962825,4568
0.193967043,4567
0.193970323,4566
0.193979391,4565
0.194004173,4564
0.194009733,4563
0.194014339,4562
0.194018175,4561
0.194021868,4560
0.194026748,4559
0.194031822,4558
0.194034892,4557
0.194037727,4556
0.194040739,4555
0.194043875,4554
0.194046299,4553
0.19404984,4552
0.194052906,4551
0.194056628,4550
0.194059741,4549
0.194062853,4548
0.194065776,4547
0.19406902,4546
0.194071981,4545
0.194075541,4544
0.194078639,4543
0.194081551,4542
0.194084378,4541
0.194088808,4540
0.194093458,4539
0.19409768,4538
0.194100728,4537
0.194103841,4536
0.194107529,4535
0.194110916,4534
0.194113941,4533
0.194117376,4532
0.194121336,4531
0.194126151,4530
0.194129726,4529
0.194133218,4528
0.194136852,4527
0.194140561,4526
0.194144083,4525
0.194147357,4524
0.194150553,4523
0.194153844,4522
0.194157751,4521
0.194163617,4520
0.194167032,4519
0.194170304,4518
0.194175419,4517
0.194179659,4516
0.194182697,4515
0.194186189,4514
0.194189971,4513
0.194193309,4512
0.194196767,4511
0.194200127,4510
0.194204683,4509
0.194207962,4508
0.194213737,4507
0.194217488,4506
0.19422217,4505
0.194225,4504
0.194228646,4503
0.194232069,4502
0.194234899,4501
0.194238222,4500
0.194241462,4499
0.194244828,4498
0.194248002,4497
0.194252137,4496
0.194256283,4495
0.194259314,4494
0.194262399,4493
0.194265431,4492
0.194268205,4491
0.194272483,4490
0.194275321,4489
0.194278905,4488
0.194281801,4487
0.194284149,4486
0.194288331,4485
0.194291765,4484
0.194295032,4483
0.194308926,4482
0.194313802,4481
0.194317395,4480
0.194321389,4479
0.194324501,4478
0.19432839,4477
0.194331887,4476
0.194335429,4475
0.194338466,4474
0.194341728,4473
0.194344352,4472
0.194347395,4471
0.194349977,4470
0.194352589,4469
0.194355069,4468
0.194357149,4467
0.194368782,4466
0.194377728,4465
0.194382661,4464
0.194386555,4463
0.194390265,4462
0.194394415,4461
0.194398525,4460
0.194403904,4459
0.194409135,4458
0.194412246,4457
0.19442522,4456
0.194430619,4455
0.19443455,4454
0.194443388,4453
0.194447239,4452
0.194449811,4451
0.194452639,4450
0.19445575,4449
0.194459005,4448
0.194461585,4447
0.194466336,4446
0.194471382,4445
0.194474681,4444
0.194479318,4443
0.194482444,4442
0.194485798,4441
0.194489293,4440
0.194492402,4439
0.194496144,4438
0.194508907,4437
0.19451815,4436
0.194521834,4435
0.194525534,4434
0.194529053,4433
0.194533803,4432
0.194537473,4431
0.194541076,4430
0.194544558,4429
0.194548744,4428
0.19455245,4427
0.194557368,4426
0.194563348,4425
0.194573021,4424
0.194580811,4423
0.19458505,4422
0.194588875,4421
0.194594551,4420
0.194598047,4419
0.194611505,4418
0.194616203,4417
0.194620742,4416
0.194624675,4415
0.194629252,4414
0.194632769,4413
0.194635866,4412
0.194639723,4411
0.19464494,4410
0.194649338,4409
0.194652952,4408
0.194656456,4407
0.194660465,4406
0.19466421,4405
0.1946686,4404
0.194676373,4403
0.194679759,4402
0.194682609,4401
0.194686316,4400
0.194690707,4399
0.194694483,4398
0.194697597,4397
0.194700894,4396
0.194704454,4395
0.194707628,4394
0.194711006,4393
0.194714127,4392
0.19472057,4391
0.194723874,4390
0.194727202,4389
0.194730575,4388
0.194733903,4387
0.194750173,4386
0.194754488,4385
0.19475806,4384
0.194762743,4383
0.194766421,4382
0.19477126,4381
0.194774897,4380
0.194778184,4379
0.194781576,4378
0.194785632,4377
0.194789179,4376
0.194792368,4375
0.19479536,4374
0.194798508,4373
0.194801995,4372
0.19480533,4371
0.194808285,4370
0.194811465,4369
0.194814627,4368
0.194828231,4367
0.194832179,4366
0.194871174,4365
0.19487598,4364
0.194882376,4363
0.194886314,4362
0.194889918,4361
0.194896106,4360
0.194899566,4359
0.194903227,4358
0.194906227,4357
0.194910469,4356
0.194914062,4355
0.19491769,4354
0.19492106,4353
0.194924234,4352
0.19492909,4351
0.194932152,4350
0.19493652,4349
0.194940812,4348
0.194945674,4347
0.194949287,4346
0.194954963,4345
0.19495879,4344
0.194962637,4343
0.194966169,4342
0.194969953,4341
0.194974933,4340
0.194978234,4339
0.194982059,4338
0.194985619,4337
0.194988451,4336
0.194991907,4335
0.194999599,4334
0.195003951,4333
0.195007996,4332
0.195011388,4331
0.195014762,4330
0.195019305,4329
0.195022418,4328
0.195025527,4327
0.195028507,4326
0.195033485,4325
0.195037439,4324
0.195041431,4323
0.195046433,4322
0.195049521,4321
0.195053467,4320
0.195058564,4319
0.195061994,4318
0.195065629,4317
0.195069109,4316
0.195072835,4315
0.195076152,4314
0.19508133,4313
0.195087495,4312
0.195090942,4311
0.195094271,4310
0.195098297,4309
0.195102004,4308
0.195104984,4307
0.19510865,4306
0.195112279,4305
0.195117125,4304
0.195120661,4303
0.195124029,4302
0.195127409,4301
0.195130662,4300
0.195134322,4299
0.195138277,4298
0.195143202,4297
0.195146536,4296
0.195150355,4295
0.195156272,4294
0.195159395,4293
0.195163163,4292
0.195166203,4291
0.195169891,4290
0.195173517,4289
0.195177705,4288
0.195180826,4287
0.195183695,4286
0.195188397,4285
0.195193038,4284
0.19519641,4283
0.195199481,4282
0.195204337,4281
0.195207781,4280
0.195212015,4279
0.195214902,4278
0.195218055,4277
0.195221133,4276
0.19522411,4275
0.195227156,4274
0.1952307,4273
0.19523422,4272
0.195237282,4271
0.195242788,4270
0.19524646,4269
0.195250145,4268
0.195253689,4267
0.195256896,4266
0.19526118,4265
0.195265592,4264
0.195269039,4263
0.195274883,4262
0.195278549,4261
0.195281925,4260
0.195285925,4259
0.195289703,4258
0.195293101,4257
0.195298669,4256
0.19530253,4255
0.19530573,4254
0.195308815,4253
0.195322904,4252
0.195326685,4251
0.195330199,4250
0.195334997,4249
0.19534102,4248
0.19534449,4247
0.195348332,4246
0.195352072,4245
0.195355274,4244
0.195358824,4243
0.195363068,4242
0.195366404,4241
0.195369543,4240
0.195373851,4239
0.195377204,4238
0.195380597,4237
0.195383665,4236
0.195386799,4235
0.195389768,4234
0.195392976,4233
0.195396234,4232
0.195399051,4231
0.195401902,4230
0.195404953,4229
0.195408163,4228
0.195411636,4227
0.195414993,4226
0.195419913,4225
0.195423701,4224
0.195427212,4223
0.195430393,4222
0.195434769,4221
0.195438008,4220
0.195440991,4219
0.195445877,4218
0.195448898,4217
0.195454247,4216
0.195457519,4215
0.195460647,4214
0.195465186,4213
0.195468603,4212
0.195474801,4211
0.195480551,4210
0.195484043,4209
0.19549277,4208
0.1954986,4207
0.19550236,4206
0.195506571,4205
0.195510524,4204
0.195514313,4203
0.195517159,4202
0.195520131,4201
0.195523493,4200
0.195527192,4199
0.195530294,4198
0.195534672,4197
0.195538417,4196
0.195541884,4195
0.195545606,4194
0.195548688,4193
0.195551999,4192
0.195554581,4191
0.195557823,4190
0.195561082,4189
0.195564956,4188
0.195567999,4187
0.195570965,4186
0.195573932,4185
0.195578749,4184
0.19558359,4183
0.195587934,4182
0.195591158,4181
0.195594404,4180
0.195598006,4179
0.195601209,4178
0.195614045,4177
0.19561877,4176
0.195642956,4175
0.195657536,4174
0.195660564,4173
0.195663999,4172
0.19566691,4171
0.195669723,4170
0.195673745,4169
0.195676668,4168
0.195680249,4167
0.195683192,4166
0.195685933,4165
0.195692025,4164
0.195697289,4163
0.195702028,4162
0.195705828,4161
0.195709509,4160
0.195712891,4159
0.195716329,4158
0.195724528,4157
0.195727868,4156
0.195731908,4155
0.195734843,4154
0.195738349,4153
0.195744109,4152
0.195748952,4151
0.195755436,4150
0.195759211,4149
0.195762052,4148
0.195765204,4147
0.195767961,4146
0.195771225,4145
0.195775801,4144
0.195779735,4143
0.195784691,4142
0.195788385,4141
0.195791904,4140
0.19580052,4139
0.195804313,4138
0.195807277,4137
0.195812271,4136
0.195816435,4135
0.195821163,4134
0.195826107,4133
0.19583009,4132
0.195833793,4131
0.195838036,4130
0.195841481,4129
0.195846316,4128
0.195849956,4127
0.195862031,4126
0.195866317,4125
0.195872249,4124
0.195877612,4123
0.195880607,4122
0.19588381,4121
0.195887137,4120
0.195890499,4119
0.195901531,4118
0.195906125,4117
0.195909825,4116
0.195913266,4115
0.195918398,4114
0.195921719,4113
0.195924704,4112
0.195928135,4111
0.195932334,4110
0.195935211,4109
0.195939641,4108
0.195943496,4107
0.195946861,4106
0.19595176,4105
0.195955652,4104
0.195959656,4103
0.195962819,4102
0.195965903,4101
0.195969051,4100
0.195972559,4099
0.195975646,4098
0.19598294,4097
0.195987753,4096
0.195990875,4095
0.195995329,4094
0.19599821,4093
0.196002534,4092
0.196008414,4091
0.196011627,4090
0.196014935,4089
0.196018012,4088
0.196020985,4087
0.196024323,4086
0.19610667,4085
0.19611004,4084
0.196113311,4083
0.196116613,4082
0.196121271,4081
0.196124586,4080
0.196127939,4079
0.196131312,4078
0.196134649,4077
0.196138285,4076
0.196143256,4075
0.196149098,4074
0.196153331,4073
0.196156718,4072
0.196160211,4071
0.196163596,4070
0.196166984,4069
0.196172936,4068
0.196176181,4067
0.196184937,4066
0.196189569,4065
0.196192746,4064
0.196197252,4063
0.1962006,4062
0.196206515,4061
0.196210639,4060
0.196216231,4059
0.196219749,4058
0.196225379,4057
0.196230594,4056
0.196295129,4055
0.196331636,4054
0.196337488,4053
0.196341622,4052
0.19634598,4051
0.196351604,4050
0.196357054,4049
0.196362123,4048
0.196365898,4047
0.196372201,4046
0.196375493,4045
0.196378967,4044
0.196384007,4043
0.196392278,4042
0.196397849,4041
0.196401386,4040
0.19642836,4039
0.196448983,4038
0.19645407,4037
0.196457364,4036
0.196462465,4035
0.196466717,4034
0.196470412,4033
0.196473996,4032
0.196477376,4031
0.196482975,4030
0.196490108,4029
0.19649389,4028
0.196496862,4027
0.196501712,4026
0.196505118,4025
0.196509526,4024
0.196514511,4023
0.196517784,4022
0.196521485,4021
0.196526742,4020
0.196532691,4019
0.196536928,4018
0.196541358,4017
0.19654419,4016
0.196547481,4015
0.196550217,4014
0.196553291,4013
0.196556131,4012
0.196562017,4011
0.196565163,4010
0.196567887,4009
0.196572666,4008
0.196577225,4007
0.196584918,4006
0.19658791,4005
0.196591198,4004
0.196600691,4003
0.196605407,4002
0.196608738,4001
0.196613972,4000
0.196617865,3999
0.196622076,3998
0.196625838,3997
0.196630004,3996
0.196633538,3995
0.196637268,3994
0.196644412,3993
0.196648787,3992
0.196652997,3991
0.196657494,3990
0.196661197,3989
0.196669571,3988
0.196673353,3987
0.196676733,3986
0.196680204,3985
0.196683459,3984
0.196689432,3983
0.196694647,3982
0.196700201,3981
0.196703286,3980
0.196706498,3979
0.196711653,3978
0.196714471,3977
0.196726125,3976
0.196735446,3975
0.196739147,3974
0.196763034,3973
0.196812836,3972
0.19686341,3971
0.196934277,3970
0.196979386,3969
0.197017507,3968
0.19705016,3967
0.197064393,3966
0.197091293,3965
0.197095466,3964
0.197099903,3963
0.197119138,3962
0.197151524,3961
0.197165128,3960
0.197170039,3959
0.197176451,3958
0.19718094,3957
0.197186547,3956
0.197191806,3955
0.197195686,3954
0.197235959,3953
0.197242609,3952
0.197249728,3951
0.197254552,3950
0.197291582,3949
0.197323947,3948
0.197342769,3947
0.197354747,3946
0.197358748,3945
0.197362185,3944
0.197365764,3943
0.197369287,3942
0.19737381,3941
0.197379546,3940
0.197382499,3939
0.197386576,3938
0.197390327,3937
0.197393816,3936
0.197397083,3935
0.197401804,3934
0.197405346,3933
0.197478375,3932
0.197482357,3931
0.197526941,3930
0.197530682,3929
0.197534256,3928
0.197537537,3927
0.197586541,3926
0.197591551,3925
0.197594847,3924
0.197598858,3923
0.197604256,3922
0.197607155,3921
0.197610043,3920
0.197614133,3919
0.19761721,3918
0.197620379,3917
0.19762385,3916
0.197658182,3915
0.197666424,3914
0.197669811,3913
0.197673776,3912
0.197684973,3911
0.197689085,3910
0.197692311,3909
0.197696653,3908
0.197700377,3907
0.197703434,3906
0.197707819,3905
0.197711024,3904
0.197714417,3903
0.197719093,3902
0.197722115,3901
0.197725748,3900
0.197729357,3899
0.197733004,3898
0.197736271,3897
0.19774096,3896
0.197745697,3895
0.197750343,3894
0.197754182,3893
0.197758787,3892
0.197764921,3891
0.197768062,3890
0.197772353,3889
0.197775424,3888
0.197778777,3887
0.197782198,3886
0.197785596,3885
0.197788877,3884
0.197791824,3883
0.197796381,3882
0.197800794,3881
0.197803602,3880
0.197806676,3879
0.19781233,3878
0.197815322,3877
0.197819813,3876
0.197823244,3875
0.197828706,3874
0.197833688,3873
0.197837474,3872
0.197841312,3871
0.197844308,3870
0.197847877,3869
0.197851056,3868
0.197854805,3867
0.197858057,3866
0.197861026,3865
0.197871578,3864
0.19787701,3863
0.197881494,3862
0.197884725,3861
0.197888882,3860
0.197893312,3859
0.197896676,3858
0.197904129,3857
0.197908738,3856
0.197912964,3855
0.197919694,3854
0.197923023,3853
0.197926426,3852
0.197929579,3851
0.197932496,3850
0.197935526,3849
0.197939996,3848
0.197942997,3847
0.197946554,3846
0.197953898,3845
0.197957271,3844
0.197970798,3843
0.197974619,3842
0.197978219,3841
0.197982008,3840
0.197985966,3839
0.197989586,3838
0.197993389,3837
0.19799975,3836
0.198003326,3835
0.198006735,3834
0.198011579,3833
0.198018433,3832
0.199967621,3831
0.199974036,3830
0.199977051,3829
0.199987878,3828
0.199992344,3827
0.199998126,3826
0.200001796,3825
0.200007269,3824
0.200010443,3823
0.200015152,3822
0.200021208,3821
0.200032599,3820
0.200036207,3819
0.20004332,3818
0.200049378,3817
0.200054793,3816
0.200060156,3815
0.200065168,3814
0.200070243,3813
0.200081904,3812
0.200086443,3811
0.200090547,3810
0.200102507,3809
0.200122022,3808
0.200136205,3807
0.200139522,3806
0.200143843,3805
0.200148635,3804
0.200151757,3803
0.200155392,3802
0.200162193,3801
0.200165673,3800
0.200170978,3799
0.200176041,3798
0.200179369,3797
0.20018347,3796
0.200187043,3795
0.200191671,3794
0.200208382,3793
0.20021168,3792
0.200215026,3791
0.200218225,3790
0.200223111,3789
0.200230308,3788
0.200236734,3787
0.200239853,3786
0.20025829,3785
0.200272838,3784
0.200277403,3783
0.200280483,3782
0.200285097,3781
0.200290885,3780
0.200298062,3779
0.200302463,3778
0.200305547,3777
0.200311921,3776
0.200314953,3775
0.200318321,3774
0.200325009,3773
0.200331287,3772
0.200335545,3771
0.200339463,3770
0.200342695,3769
0.200345467,3768
0.200352033,3767
0.200356201,3766
0.200361863,3765
0.200374162,3764
0.200380105,3763
0.200385894,3762
0.200390368,3761
0.20039532,3760
0.200402217,3759
0.20041886,3758
0.200426569,3757
0.200430076,3756
0.200438695,3755
0.20044569,3754
0.20045712,3753
0.200461495,3752
0.200467802,3751
0.200473149,3750
0.200517629,3749
0.200568667,3748
0.200572577,3747
0.200576305,3746
0.200579764,3745
0.200584638,3744
0.200588334,3743
0.200591926,3742
0.200596206,3741
0.200601871,3740
0.200609223,3739
0.200616806,3738
0.200620784,3737
0.200623914,3736
0.200626797,3735
0.200631895,3734
0.200640371,3733
0.200643536,3732
0.200649627,3731
0.20065275,3730
0.200657713,3729
0.200660771,3728
0.200664087,3727
0.200667735,3726
0.200673098,3725
0.20068208,3724
0.200686071,3723
0.200690692,3722
0.200693877,3721
0.200698828,3720
0.200708112,3719
0.200717585,3718
0.200721037,3717
0.200725462,3716
0.200729664,3715
0.200732988,3714
0.200737102,3713
0.200741459,3712
0.200744384,3711
0.200748142,3710
0.200784344,3709
0.200788859,3708
0.200796985,3707
0.200800423,3706
0.200810049,3705
0.200844208,3704
0.200847319,3703
0.200852148,3702
0.20086041,3701
0.200866646,3700
0.200870824,3699
0.200873938,3698
0.20088095,3697
0.200883766,3696
0.200887133,3695
0.20089553,3694
0.200905816,3693
0.200909876,3692
0.200914229,3691
0.200954083,3690
0.200958251,3689
0.201000091,3688
0.201006202,3687
0.201010159,3686
0.201016075,3685
0.201021626,3684
0.201027047,3683
0.201071882,3682
0.201079212,3681
0.201119125,3680
0.201122949,3679
0.201127587,3678
0.201133185,3677
0.201145624,3676
0.224491019,3675
0.224504241,3674
0.224512924,3673
0.224592159,3672
0.224606845,3671
0.224643086,3670
0.224650243,3669
0.224654859,3668
0.22470017,3667
0.224704941,3666
0.224709389,3665
0.224746742,3664
0.224751266,3663
0.224823176,3662
0.224885456,3661
0.224889638,3660
0.224901039,3659
0.224906278,3658
0.224911777,3657
0.224921354,3656
0.224926121,3655
0.224932605,3654
0.224936128,3653
0.224939877,3652
0.224945005,3651
0.224948494,3650
0.224952446,3649
0.224955347,3648
0.224958544,3647
0.224966084,3646
0.224972617,3645
0.224979563,3644
0.224982146,3643
0.224990265,3642
0.2249961,3641
0.224999875,3640
0.225006383,3639
0.225011757,3638
0.225020215,3637
0.225025669,3636
0.225029918,3635
0.225036861,3634
0.225041761,3633
0.225049414,3632
0.225061985,3631
0.225065869,3630
0.225070519,3629
0.225074312,3628
0.225077983,3627
0.22508253,3626
0.225087978,3625
0.225096876,3624
0.225103675,3623
0.225108621,3622
0.225114304,3621
0.225127692,3620
0.225134052,3619
0.225138456,3618
0.225147294,3617
0.225158716,3616
0.225171342,3615
0.225176485,3614
0.225180547,3613
0.225184077,3612
0.225188236,3611
0.225199649,3610
0.225208291,3609
0.225213305,3608
0.225216863,3607
0.225222696,3606
0.225226127,3605
0.225229181,3604
0.225234899,3603
0.225271836,3602
0.225283161,3601
0.225289124,3600
0.225366309,3599
0.225370771,3598
0.225378739,3597
0.225419723,3596
0.225453931,3595
0.225458424,3594
0.225461836,3593
0.225465624,3592
0.225470993,3591
0.225508651,3590
0.225514091,3589
0.22551963,3588
0.22552335,3587
0.225530046,3586
0.225571661,3585
0.225576168,3584
0.225581648,3583
0.225585523,3582
0.225588619,3581
0.225592609,3580
0.225596886,3579
0.225609928,3578
0.225615192,3577
0.225620181,3576
0.225624218,3575
0.225664653,3574
0.225674612,3573
0.225681905,3572
0.225690003,3571
0.225698503,3570
0.225702649,3569
0.225709994,3568
0.225716876,3567
0.225720317,3566
0.225729232,3565
0.225732605,3564
0.225738349,3563
0.225742389,3562
0.225747914,3561
0.225785517,3560
0.225791951,3559
0.225795236,3558
0.225808118,3557
0.225811962,3556
0.225821485,3555
0.225826067,3554
0.225863366,3553
0.225867326,3552
0.225877197,3551
0.22589677,3550
0.225901834,3549
0.225905578,3548
0.225908762,3547
0.225923715,3546
0.225928158,3545
0.225931909,3544
0.225935745,3543
0.225940075,3542
0.22594422,3541
0.225948988,3540
0.225987358,3539
0.225994501,3538
0.225998013,3537
0.226002541,3536
0.226011973,3535
0.226027092,3534
0.226043047,3533
0.226046544,3532
0.226049636,3531
0.226052824,3530
0.226057566,3529
0.226061466,3528
0.226065879,3527
0.226081726,3526
0.226089384,3525
0.226096089,3524
0.226098819,3523
0.226101702,3522
0.226105023,3521
0.226120722,3520
0.226125224,3519
0.22613166,3518
0.226138929,3517
0.226142728,3516
0.226145848,3515
0.22614983,3514
0.22615468,3513
0.226158526,3512
0.226162186,3511
0.226168519,3510
0.226182723,3509
0.226186259,3508
0.226189804,3507
0.226195045,3506
0.226202594,3505
0.22620891,3504
0.226214311,3503
0.226956403,3502
0.226969073,3501
0.226974763,3500
0.227031992,3499
0.227039355,3498
0.227057951,3497
0.227065389,3496
0.227075502,3495
0.227080937,3494
0.227088275,3493
0.2271359,3492
0.227177488,3491
0.227181509,3490
0.227235909,3489
0.227280579,3488
0.227292245,3487
0.227296226,3486
0.227300044,3485
0.22730411,3484
0.227318771,3483
0.227325589,3482
0.227347497,3481
0.227350996,3480
0.22735524,3479
0.227360728,3478
0.227365744,3477
0.227371814,3476
0.227376415,3475
0.227382921,3474
0.227387941,3473
0.22740281,3472
0.227406382,3471
0.227419985,3470
0.22742504,3469
0.227429817,3468
0.227448211,3467
0.227452977,3466
0.227475263,3465
0.227480539,3464
0.227507706,3463
0.227516333,3462
0.227520656,3461
0.227546165,3460
0.227818536,3459
0.227827578,3458
0.22783792,3457
0.227845694,3456
0.227850484,3455
0.227891657,3454
0.22792713,3453
0.227930319,3452
0.227933579,3451
0.227938135,3450
0.227946408,3449
0.227950684,3448
0.227953866,3447
0.228015869,3446
0.228063622,3445
0.228066953,3444
0.228105413,3443
0.228111699,3442
0.228143428,3441
0.228185638,3440
0.228202759,3439
0.228211237,3438
0.228479182,3437
0.228557573,3436
0.228570313,3435
0.228575306,3434
0.228581765,3433
0.228585835,3432
0.228595253,3431
0.228632001,3430
0.228637177,3429
0.228640995,3428
0.228656475,3427
0.228660197,3426
0.228664675,3425
0.228716606,3424
0.228720803,3423
0.228726451,3422
0.228730814,3421
0.228735264,3420
0.228741006,3419
0.228747642,3418
0.228758412,3417
0.228770875,3416
0.228777137,3415
0.228782398,3414
0.228787921,3413
0.2287927,3412
0.228831483,3411
0.22883785,3410
0.22884489,3409
0.228852552,3408
0.228856437,3407
0.228861253,3406
0.228867341,3405
0.228903423,3404
0.228909541,3403
0.228949755,3402
0.228987942,3401
0.229021534,3400
0.229025667,3399
0.229039981,3398
0.229073206,3397
0.229079545,3396
0.22908284,3395
0.229086152,3394
0.22909308,3393
0.229128698,3392
0.229597383,3391
0.229601632,3390
0.229608504,3389
0.229645841,3388
0.22965133,3387
0.229716666,3386
0.229784671,3385
0.22982439,3384
0.229843826,3383
0.229851293,3382
0.229856065,3381
0.229859954,3380
0.229904448,3379
0.229916809,3378
0.229922988,3377
0.22997224,3376
0.229980466,3375
0.230025675,3374
0.230045469,3373
0.230059065,3372
0.230063042,3371
0.230100839,3370
0.230106442,3369
0.23012357,3368
0.230176668,3367
0.230183398,3366
0.230194052,3365
0.230197703,3364
0.230237878,3363
0.230245324,3362
0.230250652,3361
0.230375845,3360
0.230399533,3359
0.23041122,3358
0.230421471,3357
0.230429937,3356
0.230955117,3355
0.230979763,3354
0.230984617,3353
0.23105913,3352
0.231098901,3351
0.231104983,3350
0.231122711,3349
0.231179692,3348
0.231211437,3347
0.231225246,3346
0.231240015,3345
0.231586086,3344
0.231938503,3343
0.231984553,3342
0.232068355,3341
0.232114556,3340
0.232149381,3339
0.232182634,3338
0.232234688,3337
0.232282367,3336
0.232328991,3335
0.232335243,3334
0.232367856,3333
0.232627417,3332
0.232673006,3331
0.232679151,3330
0.232775438,3329
0.232782359,3328
0.232812607,3327
0.233092985,3326
0.23313315,3325
0.233138861,3324
0.233145326,3323
0.233402536,3322
0.23358531,3321
0.234426847,3320
0.236099475,3319
0.236353209,3318
0.236587281,3317
0.236730053,3316
0.236971562,3315
0.441948328,3314
0.490552044,3313
0.729867327,3312
0.989383355,3311
1.067097358,3310
1.194147666,3309
1.429282032,3308
1.590196717,3307
1.887404339,3306
2.352668083,3305
2.607759086,3304
