0.139073251,6061
0.139195733,6060
0.139286348,6059
0.139353518,6058
0.139436652,6057
0.139470766,6056
0.139505329,6055
0.139538871,6054
0.1395517,6053
0.139620236,6052
0.139706745,6051
0.139799236,6050
0.139896412,6049
0.139955086,6048
0.139997856,6047
0.14002573,6046
0.140087987,6045
0.140105402,6044
0.140118239,6043
0.140136302,6042
0.140171207,6041
0.140180342,6040
0.140187595,6039
0.140210747,6038
0.140217199,6037
0.140223822,6036
0.140234591,6035
0.140247513,6034
0.140253924,6033
0.140259961,6032
0.140266241,6031
0.140272764,6030
0.140279586,6029
0.140285995,6028
0.140291721,6027
0.140297657,6026
0.140303907,6025
0.140310053,6024
0.14031651,6023
0.140322845,6022
0.140328573,6021
0.140334609,6020
0.140340613,6019
0.140346753,6018
0.1403529,6017
0.140358699,6016
0.140364593,6015
0.140370349,6014
0.140376006,6013
0.140381566,6012
0.140387574,6011
0.140394435,6010
0.140400716,6009
0.140407623,6008
0.140413743,6007
0.140420614,6006
0.140426735,6005
0.140433374,6004
0.140439881,6003
0.140445775,6002
0.14045205,6001
0.140458377,6000
0.140464967,5999
0.140471426,5998
0.140478229,5997
0.140484374,5996
0.14049066,5995
0.140497083,5994
0.140503518,5993
0.140509727,5992
0.140515782,5991
0.14052154,5990
0.140531741,5989
0.140543426,5988
0.140552404,5987
0.140561126,5986
0.140568869,5985
0.140603628,5984
0.140614082,5983
0.140623223,5982
0.140651671,5981
0.140670939,5980
0.140681697,5979
0.140688625,5978
0.140694304,5977
0.140733449,5976
0.140740974,5975
0.140748569,5974
0.140754559,5973
0.140788694,5972
0.140796246,5971
0.140803312,5970
0.140810962,5969
0.140818569,5968
0.140825505,5967
0.140832725,5966
0.14083983,5965
0.140847209,5964
0.140854112,5963
0.140860572,5962
0.140893869,5961
0.140900355,5960
0.140932389,5959
0.140969697,5958
0.141003862,5957
0.141011887,5956
0.141019361,5955
0.14102581,5954
0.141032431,5953
0.14103888,5952
0.141045326,5951
0.141051729,5950
0.141062422,5949
0.14106945,5948
0.141075842,5947
0.141082341,5946
0.141088654,5945
0.141094944,5944
0.141103907,5943
0.141116079,5942
0.141124061,5941
0.141132494,5940
0.141139732,5939
0.141147087,5938
0.141154499,5937
0.141162017,5936
0.141168751,5935
0.141211767,5934
0.141244784,5933
0.141251415,5932
0.141258007,5931
0.141264969,5930
0.141271871,5929
0.141325712,5928
0.141331314,5927
0.141337335,5926
0.141341562,5925
0.141345683,5924
0.141349719,5923
0.141354692,5922
0.141358354,5921
0.141361769,5920
0.141374031,5919
0.141379303,5918
0.14138318,5917
0.141389149,5916
0.141395191,5915
0.141413318,5914
0.141425688,5913
0.141432209,5912
0.141441509,5911
0.141445935,5910
0.141451516,5909
0.141456569,5908
0.141461446,5907
0.1414661,5906
0.141470875,5905
0.141475239,5904
0.141479645,5903
0.141484213,5902
0.141488575,5901
0.14149351,5900
0.141498371,5899
0.141503346,5898
0.141508044,5897
0.141512479,5896
0.141517467,5895
0.141522147,5894
0.141527044,5893
0.141533884,5892
0.141538292,5891
0.141542868,5890
0.141547417,5889
0.141552224,5888
0.141556592,5887
0.141561178,5886
0.141565727,5885
0.141569697,5884
0.141574003,5883
0.141578066,5882
0.141581885,5881
0.141585953,5880
0.141589941,5879
0.141593712,5878
0.141597672,5877
0.14160205,5876
0.141606472,5875
0.141610422,5874
0.141614389,5873
0.141618767,5872
0.141622938,5871
0.141627626,5870
0.141648178,5869
0.141654358,5868
0.141658952,5867
0.141663163,5866
0.14166769,5865
0.141672396,5864
0.141677333,5863
0.141684591,5862
0.141690887,5861
0.141696407,5860
0.141702232,5859
0.141707498,5858
0.141712692,5857
0.141716629,5856
0.141720693,5855
0.14172487,5854
0.141743249,5853
0.141750013,5852
0.141753952,5851
0.141757377,5850
0.141761294,5849
0.141764846,5848
0.141768138,5847
0.141771694,5846
0.141775173,5845
0.141778721,5844
0.141781852,5843
0.141785378,5842
0.141788983,5841
0.141792708,5840
0.141796033,5839
0.141799574,5838
0.141802879,5837
0.141806764,5836
0.141810736,5835
0.141814445,5834
0.141817973,5833
0.141821696,5832
0.141825721,5831
0.141829125,5830
0.141833284,5829
0.141836674,5828
0.141844359,5827
0.141849158,5826
0.141852884,5825
0.141856544,5824
0.141860577,5823
0.141865164,5822
0.141882166,5821
0.141888507,5820
0.141894506,5819
0.141942959,5818
0.141948864,5817
0.141953099,5816
0.141959428,5815
0.141965308,5814
0.141971214,5813
0.141979791,5812
0.141987832,5811
0.141996214,5810
0.142001825,5809
0.142005716,5808
0.142009822,5807
0.142015802,5806
0.142020632,5805
0.142026279,5804
0.142031798,5803
0.142036919,5802
0.142041772,5801
0.14204644,5800
0.142067224,5799
0.142071384,5798
0.142075065,5797
0.14207906,5796
0.142082798,5795
0.142086154,5794
0.142103391,5793
0.142108042,5792
0.142111674,5791
0.142115626,5790
0.142119386,5789
0.142122972,5788
0.142126389,5787
0.142129695,5786
0.142133884,5785
0.142139446,5784
0.142143586,5783
0.142147503,5782
0.142151183,5781
0.142154226,5780
0.142157303,5779
0.142160417,5778
0.142164501,5777
0.142169393,5776
0.142173718,5775
0.142178096,5774
0.142183644,5773
0.142216652,5772
0.142221336,5771
0.142225498,5770
0.142230947,5769
0.142236759,5768
0.142242264,5767
0.142246674,5766
0.142251797,5765
0.142258201,5764
0.142262974,5763
0.142268553,5762
0.142273461,5761
0.14227909,5760
0.142284831,5759
0.142290068,5758
0.142299956,5757
0.142306076,5756
0.142311601,5755
0.142315889,5754
0.142319396,5753
0.142322681,5752
0.142325736,5751
0.14232865,5750
0.142332658,5749
0.142336823,5748
0.142340663,5747
0.142344625,5746
0.142348612,5745
0.142352865,5744
0.14235623,5743
0.142359504,5742
0.142362934,5741
0.142366425,5740
0.142369769,5739
0.142373217,5738
0.142376509,5737
0.142380658,5736
0.142384966,5735
0.142389575,5734
0.142394093,5733
0.142399085,5732
0.142403819,5731
0.142439613,5730
0.142443967,5729
0.142448673,5728
0.142453401,5727
0.142459123,5726
0.142472047,5725
0.14251035,5724
0.142517721,5723
0.142553784,5722
0.14255873,5721
0.142562899,5720
0.142567545,5719
0.14257232,5718
0.142577376,5717
0.142581762,5716
0.142585807,5715
0.142589808,5714
0.142594098,5713
0.142598086,5712
0.142602236,5711
0.142606155,5710
0.142610261,5709
0.142616305,5708
0.142622592,5707
0.142627959,5706
0.142632913,5705
0.142638871,5704
0.142643619,5703
0.142648603,5702
0.142653649,5701
0.142660152,5700
0.142668054,5699
0.14267643,5698
0.142683852,5697
0.142695454,5696
0.142985586,5695
0.143021782,5694
0.143026194,5693
0.143030564,5692
0.143034661,5691
0.143038704,5690
0.14304286,5689
0.143046583,5688
0.143050636,5687
0.143088856,5686
0.14337875,5685
0.143414089,5684
0.146531294,5683
0.146549873,5682
0.146584564,5681
0.146588983,5680
0.146601531,5679
0.146684651,5678
0.146732923,5677
0.14680405,5676
0.146843938,5675
0.146848987,5674
0.146859643,5673
0.146863742,5672
0.146867556,5671
0.146871439,5670
0.146875686,5669
0.14687927,5668
0.146883141,5667
0.146887251,5666
0.146891233,5665
0.146895123,5664
0.146900062,5663
0.14690329,5662
0.146906982,5661
0.14691011,5660
0.14691291,5659
0.146915626,5658
0.146918506,5657
0.146921065,5656
0.146923151,5655
0.146925307,5654
0.146927764,5653
0.146929886,5652
0.146932351,5651
0.146934897,5650
0.146937319,5649
0.146939536,5648
0.146941778,5647
0.146943886,5646
0.146946103,5645
0.14695053,5644
0.146952849,5643
0.146955106,5642
0.146957521,5641
0.146961514,5640
0.146964541,5639
0.146967225,5638
0.146970494,5637
0.146973396,5636
0.146975863,5635
0.146978747,5634
0.146981333,5633
0.146983854,5632
0.146986643,5631
0.146988967,5630
0.146991108,5629
0.146993693,5628
0.146995994,5627
0.146998574,5626
0.147001023,5625
0.147003529,5624
0.147005865,5623
0.147008657,5622
0.147011211,5621
0.14701347,5620
0.147015873,5619
0.147018366,5618
0.147020935,5617
0.147023095,5616
0.147025319,5615
0.147027977,5614
0.147030114,5613
0.147032292,5612
0.147035048,5611
0.147037571,5610
0.147039713,5609
0.147041763,5608
0.147044276,5607
0.147046612,5606
0.147049282,5605
0.147052752,5604
0.147055823,5603
0.147058127,5602
0.14706073,5601
0.147063838,5600
0.147066606,5599
0.147069011,5598
0.147071749,5597
0.147074448,5596
0.147077655,5595
0.147080294,5594
0.147083377,5593
0.147085713,5592
0.147088659,5591
0.147091141,5590
0.147093756,5589
0.14709619,5588
0.147098836,5587
0.147103766,5586
0.147107365,5585
0.147110934,5584
0.147114146,5583
0.147117566,5582
0.147120116,5581
0.147123279,5580
0.147127152,5579
0.147131245,5578
0.147134786,5577
0.147139401,5576
0.147142744,5575
0.147146194,5574
0.147149178,5573
0.147152371,5572
0.14715574,5571
0.147158577,5570
0.147160731,5569
0.147163255,5568
0.147165561,5567
0.147167909,5566
0.147170245,5565
0.147172412,5564
0.147174743,5563
0.147177787,5562
0.147182503,5561
0.147186536,5560
0.147190305,5559
0.147193898,5558
0.147197639,5557
0.147201149,5556
0.147204946,5555
0.147209065,5554
0.147212622,5553
0.147215772,5552
0.147219252,5551
0.147227538,5550
0.147232033,5549
0.147235445,5548
0.147238705,5547
0.147241445,5546
0.147244438,5545
0.147247243,5544
0.147249869,5543
0.147252592,5542
0.147255282,5541
0.147257832,5540
0.147260623,5539
0.147263181,5538
0.147265836,5537
0.147268776,5536
0.147274136,5535
0.147277409,5534
0.147280091,5533
0.147283032,5532
0.147285881,5531
0.147288688,5530
0.147300195,5529
0.147304451,5528
0.147308271,5527
0.147312478,5526
0.147316664,5525
0.147320427,5524
0.14732401,5523
0.147327414,5522
0.147331318,5521
0.147335215,5520
0.147339224,5519
0.147343157,5518
0.147346493,5517
0.147350485,5516
0.147354578,5515
0.147357938,5514
0.147361142,5513
0.147364215,5512
0.147367235,5511
0.147370666,5510
0.147374223,5509
0.147377493,5508
0.147380923,5507
0.147384299,5506
0.147387563,5505
0.14739138,5504
0.147394819,5503
0.147398185,5502
0.147401216,5501
0.147404401,5500
0.14740799,5499
0.147410976,5498
0.14741386,5497
0.147416442,5496
0.147419709,5495
0.147423151,5494
0.147426354,5493
0.14742931,5492
0.147432421,5491
0.147435394,5490
0.147438001,5489
0.147440616,5488
0.147443231,5487
0.147445898,5486
0.147448708,5485
0.147451407,5484
0.147453945,5483
0.147456521,5482
0.14745942,5481
0.147461958,5480
0.147465378,5479
0.147468258,5478
0.147471353,5477
0.147474201,5476
0.147477235,5475
0.147479741,5474
0.147482306,5473
0.147484829,5472
0.147487061,5471
0.147489748,5470
0.147493716,5469
0.147496611,5468
0.147499263,5467
0.147501594,5466
0.147505076,5465
0.147507669,5464
0.147511276,5463
0.147515319,5462
0.147518907,5461
0.147522564,5460
0.147525919,5459
0.147529844,5458
0.147533585,5457
0.147537267,5456
0.147540546,5455
0.147543746,5454
0.147547559,5453
0.147550685,5452
0.147553759,5451
0.147556814,5450
0.147560327,5449
0.147564,5448
0.147567386,5447
0.147570844,5446
0.147574157,5445
0.14757763,5444
0.147581083,5443
0.147584286,5442
0.147587623,5441
0.147591478,5440
0.147595139,5439
0.147598169,5438
0.147601205,5437
0.147604218,5436
0.147608844,5435
0.147612153,5434
0.147616188,5433
0.147656639,5432
0.147660592,5431
0.147663993,5430
0.147667879,5429
0.147672664,5428
0.147676862,5427
0.147680565,5426
0.147683816,5425
0.14768723,5424
0.14769126,5423
0.147694686,5422
0.147742697,5421
0.1477495,5420
0.147753836,5419
0.14775669,5418
0.147759422,5417
0.147762413,5416
0.147765519,5415
0.147770186,5414
0.147774331,5413
0.147777711,5412
0.147781135,5411
0.147784561,5410
0.147787889,5409
0.147790932,5408
0.147793828,5407
0.147796651,5406
0.147799392,5405
0.147802733,5404
0.147805773,5403
0.147808855,5402
0.14781147,5401
0.147814084,5400
0.147817325,5399
0.147820044,5398
0.147823116,5397
0.14782561,5396
0.147828261,5395
0.147831001,5394
0.147833914,5393
0.147836802,5392
0.147840458,5391
0.147843305,5390
0.147846365,5389
0.147849337,5388
0.147853788,5387
0.147864249,5386
0.147870095,5385
0.147874999,5384
0.147880623,5383
0.147885205,5382
0.147890762,5381
0.147896373,5380
0.147901076,5379
0.147906783,5378
0.147941702,5377
0.147950696,5376
0.147955187,5375
0.14795879,5374
0.147963044,5373
0.14796675,5372
0.147971144,5371
0.147974757,5370
0.147979019,5369
0.147982318,5368
0.147986,5367
0.14798966,5366
0.147992912,5365
0.147996047,5364
0.148000042,5363
0.148003446,5362
0.148007011,5361
0.148010318,5360
0.148014075,5359
0.148017836,5358
0.148030419,5357
0.148043135,5356
0.148047547,5355
0.148058693,5354
0.148062547,5353
0.148066298,5352
0.148070062,5351
0.148073882,5350
0.148077611,5349
0.148081441,5348
0.148085766,5347
0.148089959,5346
0.148093343,5345
0.148096974,5344
0.14810112,5343
0.148104799,5342
0.148108457,5341
0.148112278,5340
0.148115534,5339
0.148124401,5338
0.148130002,5337
0.148135544,5336
0.148140074,5335
0.148144254,5334
0.148148882,5333
0.148152944,5332
0.148162208,5331
0.148166538,5330
0.148177509,5329
0.148182092,5328
0.148197502,5327
0.14820383,5326
0.148208166,5325
0.148211774,5324
0.148215808,5323
0.148219283,5322
0.148222268,5321
0.148225977,5320
0.14822934,5319
0.148232447,5318
0.148235784,5317
0.148239855,5316
0.148249863,5315
0.148405538,5314
0.148416847,5313
0.148441778,5312
0.148472539,5311
0.148483374,5310
0.148486988,5309
0.148490227,5308
0.1484932,5307
0.148496591,5306
0.148499575,5305
0.148502358,5304
0.148505028,5303
0.148507637,5302
0.14851044,5301
0.148513331,5300
0.148515828,5299
0.148518482,5298
0.148521154,5297
0.148525091,5296
0.148528053,5295
0.148531543,5294
0.148534544,5293
0.148537044,5292
0.148539519,5291
0.148542398,5290
0.148551691,5289
0.148602829,5288
0.148606357,5287
0.148610045,5286
0.148612975,5285
0.148616177,5284
0.148619337,5283
0.148622281,5282
0.14862533,5281
0.148628065,5280
0.148631113,5279
0.148634184,5278
0.14863672,5277
0.14864016,5276
0.148645375,5275
0.148654298,5274
0.148687122,5273
0.148690657,5272
0.148695453,5271
0.148698429,5270
0.148701504,5269
0.14870527,5268
0.148708054,5267
0.148710985,5266
0.148713709,5265
0.148716112,5264
0.148718672,5263
0.148721425,5262
0.148724449,5261
0.148727271,5260
0.148730164,5259
0.148732719,5258
0.148735066,5257
0.148737998,5256
0.148740428,5255
0.148742861,5254
0.148745085,5253
0.14874768,5252
0.148750424,5251
0.148752906,5250
0.148755511,5249
0.148757946,5248
0.148760421,5247
0.148762918,5246
0.14876537,5245
0.148767854,5244
0.14877042,5243
0.14877264,5242
0.148775159,5241
0.148777569,5240
0.148779812,5239
0.148782981,5238
0.148785756,5237
0.148788004,5236
0.148791862,5235
0.148797709,5234
0.148803551,5233
0.14880687,5232
0.14881085,5231
0.14881618,5230
0.148819469,5229
0.148823914,5228
0.148827655,5227
0.148831035,5226
0.148834228,5225
0.148837285,5224
0.148840143,5223
0.148843048,5222
0.148845763,5221
0.148848132,5220
0.148855632,5219
0.148858529,5218
0.148861155,5217
0.148863787,5216
0.148924187,5215
0.148927127,5214
0.148929382,5213
0.148932742,5212
0.148935724,5211
0.148938472,5210
0.14894595,5209
0.148948887,5208
0.148951933,5207
0.148954867,5206
0.148957523,5205
0.148970201,5204
0.148975351,5203
0.148980111,5202
0.148983598,5201
0.148986452,5200
0.148988889,5199
0.148991648,5198
0.148994376,5197
0.148997734,5196
0.149000717,5195
0.149003374,5194
0.1490062,5193
0.149008748,5192
0.149011641,5191
0.149014485,5190
0.150418579,5189
0.150422562,5188
0.150427081,5187
0.150430287,5186
0.150433193,5185
0.150435993,5184
0.15043894,5183
0.150441958,5182
0.150444946,5181
0.150447946,5180
0.150450907,5179
0.150454026,5178
0.150456997,5177
0.15045989,5176
0.150462802,5175
0.150465746,5174
0.150470348,5173
0.150474701,5172
0.150478017,5171
0.150481216,5170
0.150484926,5169
0.150488308,5168
0.150492087,5167
0.150495724,5166
0.150498843,5165
0.150503321,5164
0.150507064,5163
0.150513069,5162
0.150516969,5161
0.15052042,5160
0.150524117,5159
0.150527729,5158
0.150531736,5157
0.150536867,5156
0.15054024,5155
0.150543327,5154
0.150546978,5153
0.150550287,5152
0.150553665,5151
0.150556835,5150
0.150559901,5149
0.150562951,5148
0.150566039,5147
0.150569085,5146
0.150572118,5145
0.150575359,5144
0.150578336,5143
0.150583043,5142
0.150587229,5141
0.15059077,5140
0.150594543,5139
0.150597683,5138
0.150600939,5137
0.150604706,5136
0.150607887,5135
0.150611023,5134
0.15061514,5133
0.150618669,5132
0.150622086,5131
0.15062513,5130
0.150628169,5129
0.150631415,5128
0.150634586,5127
0.150639053,5126
0.15064191,5125
0.150645126,5124
0.150648055,5123
0.150651089,5122
0.150653891,5121
0.150656993,5120
0.150659808,5119
0.150666584,5118
0.15066944,5117
0.150672596,5116
0.150675242,5115
0.150679807,5114
0.150682861,5113
0.150685823,5112
0.150688838,5111
0.150691649,5110
0.150695003,5109
0.150698002,5108
0.150700729,5107
0.150703561,5106
0.150707141,5105
0.150709882,5104
0.150714097,5103
0.150718778,5102
0.150722675,5101
0.150726276,5100
0.150729686,5099
0.150734377,5098
0.150737236,5097
0.150740749,5096
0.150744078,5095
0.150751617,5094
0.150755727,5093
0.150759154,5092
0.150763479,5091
0.150767617,5090
0.150771039,5089
0.150774296,5088
0.150777632,5087
0.150780457,5086
0.150787275,5085
0.150790939,5084
0.150797582,5083
0.150801216,5082
0.150804515,5081
0.150807409,5080
0.150810409,5079
0.150813605,5078
0.150816825,5077
0.150819588,5076
0.15082479,5075
0.150828557,5074
0.15083188,5073
0.150834828,5072
0.150838979,5071
0.150841934,5070
0.150844858,5069
0.150848001,5068
0.150851187,5067
0.150854999,5066
0.150860218,5065
0.150863684,5064
0.150867,5063
0.150870279,5062
0.150873836,5061
0.150911719,5060
0.15091543,5059
0.151058042,5058
0.151063346,5057
0.151070376,5056
0.15107585,5055
0.151100853,5054
0.151118093,5053
0.151122212,5052
0.151125626,5051
0.151129932,5050
0.151132955,5049
0.15113622,5048
0.151155477,5047
0.151171237,5046
0.15117456,5045
0.151177761,5044
0.151181428,5043
0.15118565,5042
0.151190754,5041
0.151193808,5040
0.151196948,5039
0.1512002,5038
0.151202942,5037
0.151208372,5036
0.151212377,5035
0.151216065,5034
0.151219174,5033
0.151222458,5032
0.151227367,5031
0.151230427,5030
0.15124097,5029
0.151245872,5028
0.151250547,5027
0.151254961,5026
0.151258835,5025
0.15126243,5024
0.151266548,5023
0.151270137,5022
0.15127526,5021
0.151278544,5020
0.151282717,5019
0.15128572,5018
0.151290048,5017
0.151293156,5016
0.151296285,5015
0.151361964,5014
0.151365214,5013
0.151369125,5012
0.15137378,5011
0.151377495,5010
0.151381194,5009
0.151386269,5008
0.151390182,5007
0.151393707,5006
0.151396395,5005
0.151400052,5004
0.151403248,5003
0.15140667,5002
0.151409752,5001
0.151412685,5000
0.151416305,4999
0.151420991,4998
0.151424506,4997
0.151428278,4996
0.151432033,4995
0.151435608,4994
0.15143958,4993
0.151442986,4992
0.15147931,4991
0.151484093,4990
0.151488754,4989
0.151493798,4988
0.151498917,4987
0.151503281,4986
0.151508324,4985
0.151512107,4984
0.151518964,4983
0.151522869,4982
0.151526434,4981
0.151534947,4980
0.151538807,4979
0.151543357,4978
0.151546427,4977
0.151550104,4976
0.151553704,4975
0.151557024,4974
0.151560185,4973
0.151563408,4972
0.151567823,4971
0.151573223,4970
0.151576881,4969
0.151581609,4968
0.151584844,4967
0.151588253,4966
0.15159383,4965
0.151597954,4964
0.151601724,4963
0.151607227,4962
0.151610929,4961
0.151614299,4960
0.151617685,4959
0.151663873,4958
0.151669013,4957
0.151673079,4956
0.151677579,4955
0.151688651,4954
0.151692746,4953
0.151696628,4952
0.151702494,4951
0.151706029,4950
0.15170912,4949
0.151712295,4948
0.151715878,4947
0.151719183,4946
0.151722506,4945
0.151726946,4944
0.151730213,4943
0.151736736,4942
0.151739925,4941
0.151743348,4940
0.151748024,4939
0.151751117,4938
0.151754135,4937
0.151757132,4936
0.151760474,4935
0.15176366,4934
0.151766677,4933
0.151769533,4932
0.151772268,4931
0.151775377,4930
0.151778787,4929
0.151783372,4928
0.151788045,4927
0.151790901,4926
0.151794785,4925
0.151797781,4924
0.151801796,4923
0.151804887,4922
0.151808017,4921
0.151811046,4920
0.151816034,4919
0.151819237,4918
0.15182254,4917
0.151827695,4916
0.151875448,4915
0.151880584,4914
0.151884519,4913
0.151888813,4912
0.151892884,4911
0.151896944,4910
0.15190088,4909
0.151907616,4908
0.151912342,4907
0.151917689,4906
0.151921278,4905
0.151924452,4904
0.151927412,4903
0.151932471,4902
0.151936327,4901
0.151939688,4900
0.151942828,4899
0.151945802,4898
0.151949357,4897
0.151954337,4896
0.151957737,4895
0.15196096,4894
0.151964479,4893
0.151967651,4892
0.151970981,4891
0.151974588,4890
0.151978282,4889
0.15198194,4888
0.151985889,4887
0.151989613,4886
0.151993829,4885
0.151997267,4884
0.15200054,4883
0.152003635,4882
0.152006453,4881
0.152009111,4880
0.152011943,4879
0.152014645,4878
0.152017166,4877
0.152020689,4876
0.152023171,4875
0.152025765,4874
0.152028065,4873
0.152032076,4872
0.152034302,4871
0.152037038,4870
0.152039638,4869
0.152044833,4868
0.152048588,4867
0.152051628,4866
0.152080837,4865
0.15208725,4864
0.15209017,4863
0.152094086,4862
0.152098049,4861
0.152106292,4860
0.152110001,4859
0.152113874,4858
0.152117617,4857
0.152121223,4856
0.152124572,4855
0.152128141,4854
0.152131315,4853
0.152135051,4852
0.152138221,4851
0.152141371,4850
0.152146399,4849
0.152149362,4848
0.152155508,4847
0.152160609,4846
0.152164951,4845
0.152169643,4844
0.152208762,4843
0.152212422,4842
0.152216058,4841
0.15221953,4840
0.152223982,4839
0.152228296,4838
0.152232518,4837
0.152236785,4836
0.152240593,4835
0.15224553,4834
0.152249139,4833
0.152255389,4832
0.152261032,4831
0.152264482,4830
0.152269285,4829
0.152272964,4828
0.152277569,4827
0.152280967,4826
0.152283972,4825
0.15228692,4824
0.152289675,4823
0.152293786,4822
0.152296581,4821
0.152310246,4820
0.152313545,4819
0.152316546,4818
0.152319359,4817
0.152322345,4816
0.152325146,4815
0.152327657,4814
0.152330609,4813
0.152333646,4812
0.1523368,4811
0.152339327,4810
0.152342481,4809
0.152345462,4808
0.15234841,4807
0.152352607,4806
0.15235557,4805
0.152358182,4804
0.15236176,4803
0.152364601,4802
0.152368346,4801
0.152370771,4800
0.152373444,4799
0.15237605,4798
0.152378913,4797
0.152381596,4796
0.152384261,4795
0.15238701,4794
0.152389821,4793
0.152392625,4792
0.152395951,4791
0.152398668,4790
0.152401721,4789
0.152404353,4788
0.152406965,4787
0.152409576,4786
0.152412342,4785
0.152415271,4784
0.152418904,4783
0.152421403,4782
0.152424443,4781
0.1524269,4780
0.15243005,4779
0.152433796,4778
0.152437536,4777
0.152440996,4776
0.152443904,4775
0.152446821,4774
0.152451975,4773
0.152455011,4772
0.152458221,4771
0.152461164,4770
0.152463779,4769
0.152466189,4768
0.152470699,4767
0.15247336,4766
0.152476097,4765
0.152478852,4764
0.152481649,4763
0.152484441,4762
0.152487256,4761
0.152490288,4760
0.152493092,4759
0.152495988,4758
0.152498502,4757
0.152501237,4756
0.152504093,4755
0.152506813,4754
0.152510383,4753
0.15251491,4752
0.152517501,4751
0.152520277,4750
0.152523063,4749
0.152525479,4748
0.152527645,4747
0.152530155,4746
0.152533039,4745
0.152538344,4744
0.152542149,4743
0.152544983,4742
0.152547758,4741
0.152550403,4740
0.152553794,4739
0.152556263,4738
0.152560455,4737
0.152564235,4736
0.152566893,4735
0.152569845,4734
0.152572552,4733
0.152580115,4732
0.152582885,4731
0.152587172,4730
0.152589682,4729
0.15259244,4728
0.152596058,4727
0.152598438,4726
0.152602793,4725
0.152605407,4724
0.152608156,4723
0.15261168,4722
0.15261478,4721
0.152617396,4720
0.152620559,4719
0.152624809,4718
0.152627639,4717
0.152630262,4716
0.152632824,4715
0.152636197,4714
0.152638752,4713
0.152641663,4712
0.152644043,4711
0.152647156,4710
0.152649694,4709
0.152652211,4708
0.152658269,4707
0.15268651,4706
0.152690204,4705
0.152695399,4704
0.152698682,4703
0.152701579,4702
0.152704979,4701
0.152708325,4700
0.152712357,4699
0.152715433,4698
0.152718599,4697
0.152721859,4696
0.152724765,4695
0.15272908,4694
0.152731949,4693
0.152734621,4692
0.152737416,4691
0.152740182,4690
0.152743224,4689
0.152773577,4688
0.152777057,4687
0.152780308,4686
0.152783744,4685
0.152788891,4684
0.152792534,4683
0.152796245,4682
0.152801379,4681
0.152804899,4680
0.152809455,4679
0.152963308,4678
0.152967062,4677
0.152970467,4676
0.152973865,4675
0.152977157,4674
0.152982129,4673
0.152985785,4672
0.152989016,4671
0.152992593,4670
0.152997725,4669
0.153001476,4668
0.153005247,4667
0.153009047,4666
0.153020551,4665
0.153024363,4664
0.153029695,4663
0.153035205,4662
0.153039568,4661
0.15304324,4660
0.153046616,4659
0.153049624,4658
0.153052859,4657
0.153056268,4656
0.153059589,4655
0.153064576,4654
0.153069322,4653
0.153073939,4652
0.153077033,4651
0.153080995,4650
0.153086473,4649
0.153089828,4648
0.15309304,4647
0.153095896,4646
0.153100217,4645
0.153103859,4644
0.153107425,4643
0.153110985,4642
0.153114161,4641
0.153120643,4640
0.153124682,4639
0.153128645,4638
0.153132084,4637
0.153136475,4636
0.153139664,4635
0.153142912,4634
0.153145925,4633
0.153149703,4632
0.153152671,4631
0.153155417,4630
0.153158227,4629
0.153161369,4628
0.153165675,4627
0.153168558,4626
0.153172321,4625
0.153174972,4624
0.153177992,4623
0.153181221,4622
0.153184125,4621
0.153186881,4620
0.153189914,4619
0.153193246,4618
0.153197348,4617
0.153200664,4616
0.153203823,4615
0.1532071,4614
0.153212175,4613
0.153216229,4612
0.153220001,4611
0.153223361,4610
0.153226655,4609
0.153230173,4608
0.153233342,4607
0.153237784,4606
0.153240639,4605
0.153243718,4604
0.153252627,4603
0.153257012,4602
0.153260224,4601
0.153263462,4600
0.153266254,4599
0.153269189,4598
0.153271954,4597
0.153274932,4596
0.153277699,4595
0.153284097,4594
0.153288009,4593
0.153291686,4592
0.153296581,4591
0.153300797,4590
0.153303763,4589
0.153308992,4588
0.15331488,4587
0.153319766,4586
0.153323999,4585
0.153336957,4584
0.153341026,4583
0.153344736,4582
0.153350875,4581
0.153356019,4580
0.153360418,4579
0.153364002,4578
0.153367424,4577
0.153372134,4576
0.153375298,4575
0.153380105,4574
0.153383235,4573
0.153386656,4572
0.153390001,4571
0.153393031,4570
0.15339641,4569
0.153399604,4568
0.153402613,4567
0.153405566,4566
0.153408846,4565
0.153411704,4564
0.153422373,4563
0.153430211,4562
0.153447299,4561
0.153450716,4560
0.153455424,4559
0.153458826,4558
0.153462475,4557
0.153466864,4556
0.153470311,4555
0.15347487,4554
0.153479442,4553
0.153483078,4552
0.153488609,4551
0.153492301,4550
0.153496256,4549
0.153501449,4548
0.153505201,4547
0.153510509,4546
0.153514207,4545
0.153517121,4544
0.1535197,4543
0.15352242,4542
0.153527346,4541
0.153530113,4540
0.153533755,4539
0.153537274,4538
0.153539828,4537
0.153542367,4536
0.153545428,4535
0.153548082,4534
0.153551102,4533
0.153555026,4532
0.153558011,4531
0.153561845,4530
0.153564393,4529
0.153567503,4528
0.153570706,4527
0.15357456,4526
0.15357717,4525
0.153580434,4524
0.153583154,4523
0.153585612,4522
0.15358786,4521
0.153590244,4520
0.153592887,4519
0.153596756,4518
0.153599635,4517
0.153602426,4516
0.153605262,4515
0.153608968,4514
0.153611928,4513
0.15361509,4512
0.153617914,4511
0.153621557,4510
0.153625123,4509
0.153628026,4508
0.153636581,4507
0.153640303,4506
0.153643287,4505
0.153647055,4504
0.153650583,4503
0.153654543,4502
0.153658596,4501
0.153669385,4500
0.15367241,4499
0.153674665,4498
0.153678488,4497
0.153681947,4496
0.153685532,4495
0.153688307,4494
0.153692931,4493
0.153696946,4492
0.153700527,4491
0.153705027,4490
0.153709627,4489
0.153713236,4488
0.153718393,4487
0.153721558,4486
0.153734371,4485
0.153738394,4484
0.153742046,4483
0.153745359,4482
0.153748359,4481
0.153751317,4480
0.15375399,4479
0.153757816,4478
0.153761863,4477
0.153765928,4476
0.153769326,4475
0.153772341,4474
0.153774958,4473
0.15377752,4472
0.153780214,4471
0.153784296,4470
0.153789047,4469
0.153793777,4468
0.153796504,4467
0.153799419,4466
0.153802177,4465
0.153806705,4464
0.153809121,4463
0.153811701,4462
0.153814418,4461
0.153817699,4460
0.153820397,4459
0.153823307,4458
0.153827503,4457
0.153831069,4456
0.153833707,4455
0.153839153,4454
0.153843095,4453
0.153845752,4452
0.153849538,4451
0.153852346,4450
0.153854845,4449
0.153858243,4448
0.153860791,4447
0.15386365,4446
0.153871368,4445
0.153874136,4444
0.153877873,4443
0.153880553,4442
0.153883091,4441
0.153885791,4440
0.153888252,4439
0.15389242,4438
0.153895639,4437
0.153898678,4436
0.153902404,4435
0.153904978,4434
0.153907671,4433
0.153910324,4432
0.153912944,4431
0.153916479,4430
0.15392015,4429
0.153923501,4428
0.153928031,4427
0.153931234,4426
0.153936579,4425
0.153940073,4424
0.153943405,4423
0.153947067,4422
0.153950724,4421
0.153954402,4420
0.153958349,4419
0.153962017,4418
0.153966657,4417
0.153969827,4416
0.153973928,4415
0.153976957,4414
0.153981926,4413
0.153985826,4412
0.153989984,4411
0.153994497,4410
0.153998492,4409
0.154002338,4408
0.154006376,4407
0.154010422,4406
0.154014991,4405
0.154018949,4404
0.154023806,4403
0.154027886,4402
0.154033107,4401
0.154036682,4400
0.154039953,4399
0.154043305,4398
0.154046727,4397
0.154050245,4396
0.154053743,4395
0.154065675,4394
0.154070668,4393
0.15407606,4392
0.154079595,4391
0.154084499,4390
0.154087759,4389
0.154091221,4388
0.154094856,4387
0.154098496,4386
0.154101818,4385
0.154105097,4384
0.15410856,4383
0.154112763,4382
0.154115714,4381
0.154118917,4380
0.154122243,4379
0.154125527,4378
0.154128603,4377
0.154131446,4376
0.154134535,4375
0.154140004,4374
0.154144,4373
0.154149146,4372
0.154158028,4371
0.154160983,4370
0.154165254,4369
0.154168131,4368
0.154171734,4367
0.154174952,4366
0.154179663,4365
0.154182725,4364
0.154186076,4363
0.154189132,4362
0.154193119,4361
0.154196046,4360
0.15419957,4359
0.154204964,4358
0.154211659,4357
0.154216211,4356
0.154219832,4355
0.154223752,4354
0.154228166,4353
0.154231731,4352
0.154235172,4351
0.154238418,4350
0.154241227,4349
0.154244637,4348
0.154247844,4347
0.154250954,4346
0.154254156,4345
0.154258732,4344
0.154261868,4343
0.154264916,4342
0.154267501,4341
0.154271711,4340
0.154275852,4339
0.15427902,4338
0.154281749,4337
0.15428464,4336
0.154287342,4335
0.154290223,4334
0.154292906,4333
0.154295562,4332
0.154298889,4331
0.154301869,4330
0.15430505,4329
0.15430863,4328
0.154314535,4327
0.154318085,4326
0.15432143,4325
0.154323983,4324
0.154327783,4323
0.154330731,4322
0.154333887,4321
0.154336585,4320
0.154339456,4319
0.15434282,4318
0.15434652,4317
0.154350018,4316
0.154353438,4315
0.154356854,4314
0.154360313,4313
0.154363505,4312
0.154367021,4311
0.154474865,4310
0.154479267,4309
0.15448307,4308
0.154486323,4307
0.154489717,4306
0.154493294,4305
0.154497551,4304
0.154500798,4303
0.154503821,4302
0.154507281,4301
0.154510775,4300
0.154513746,4299
0.154516991,4298
0.15452022,4297
0.154523087,4296
0.154526786,4295
0.1545299,4294
0.154533079,4293
0.154536813,4292
0.154540499,4291
0.154544943,4290
0.154548923,4289
0.154553929,4288
0.154556915,4287
0.154559503,4286
0.154561963,4285
0.154564895,4284
0.154569011,4283
0.154572662,4282
0.154575598,4281
0.154578645,4280
0.154581738,4279
0.15458508,4278
0.154587998,4277
0.154591885,4276
0.154595583,4275
0.154598135,4274
0.154602267,4273
0.154606356,4272
0.154608989,4271
0.154612725,4270
0.154616,4269
0.154619388,4268
0.154622285,4267
0.154626937,4266
0.154630623,4265
0.154633998,4264
0.154640898,4263
0.154644589,4262
0.154647755,4261
0.154650968,4260
0.154662116,4259
0.154666456,4258
0.15467064,4257
0.154733155,4256
0.154738721,4255
0.15474261,4254
0.154748538,4253
0.154753442,4252
0.154757962,4251
0.154763222,4250
0.154768195,4249
0.154771908,4248
0.154780535,4247
0.154788992,4246
0.154794266,4245
0.154798469,4244
0.154802831,4243
0.154805871,4242
0.154809032,4241
0.154813557,4240
0.154818004,4239
0.15482241,4238
0.154825923,4237
0.154829378,4236
0.154832866,4235
0.154836238,4234
0.154839674,4233
0.154845703,4232
0.154850359,4231
0.15485373,4230
0.154857281,4229
0.154860641,4228
0.154864141,4227
0.15486726,4226
0.154870496,4225
0.154873556,4224
0.154877543,4223
0.154894416,4222
0.15490926,4221
0.154912271,4220
0.154915625,4219
0.154919736,4218
0.154923159,4217
0.154926398,4216
0.154929452,4215
0.154932506,4214
0.154937611,4213
0.154951891,4212
0.154956934,4211
0.154960406,4210
0.154963686,4209
0.154967287,4208
0.154970974,4207
0.154974438,4206
0.154977967,4205
0.15498537,4204
0.154989096,4203
0.154992776,4202
0.154996663,4201
0.154999944,4200
0.155002992,4199
0.155007658,4198
0.15501282,4197
0.15501619,4196
0.155019651,4195
0.155023351,4194
0.155028055,4193
0.155032416,4192
0.155035542,4191
0.155038789,4190
0.155042156,4189
0.155046333,4188
0.155050962,4187
0.155055735,4186
0.155059576,4185
0.155064596,4184
0.15506909,4183
0.155072404,4182
0.155075485,4181
0.15507994,4180
0.155084535,4179
0.155088668,4178
0.155091614,4177
0.155094832,4176
0.155098082,4175
0.155110289,4174
0.15517193,4173
0.155185934,4172
0.155197637,4171
0.155237526,4170
0.155241889,4169
0.155246276,4168
0.155250575,4167
0.155255994,4166
0.15526072,4165
0.155264676,4164
0.156482479,4163
0.156495682,4162
0.156502137,4161
0.156511821,4160
0.15651738,4159
0.15652148,4158
0.156525577,4157
0.15652867,4156
0.156533829,4155
0.156537589,4154
0.156542858,4153
0.156547915,4152
0.156551657,4151
0.156554953,4150
0.156558862,4149
0.156562356,4148
0.15656606,4147
0.156569441,4146
0.156573099,4145
0.156576707,4144
0.156580366,4143
0.156583996,4142
0.156587891,4141
0.156591402,4140
0.156594931,4139
0.156598274,4138
0.156602026,4137
0.156605527,4136
0.156608883,4135
0.156612079,4134
0.156615508,4133
0.156618707,4132
0.156622084,4131
0.156625588,4130
0.156629038,4129
0.156632364,4128
0.156637626,4127
0.156642051,4126
0.156645455,4125
0.156648759,4124
0.156652239,4123
0.156656806,4122
0.156661318,4121
0.156665811,4120
0.156669506,4119
0.156673612,4118
0.156676881,4117
0.156681148,4116
0.156684797,4115
0.156688094,4114
0.156691056,4113
0.156694245,4112
0.156698634,4111
0.156702202,4110
0.156705347,4109
0.15671035,4108
0.15671572,4107
0.1567193,4106
0.156723349,4105
0.156726609,4104
0.156731927,4103
0.156736585,4102
0.156741462,4101
0.156744791,4100
0.156747961,4099
0.156751396,4098
0.15675489,4097
0.156759305,4096
0.15676252,4095
0.15676592,4094
0.156769543,4093
0.156773054,4092
0.156776694,4091
0.156779926,4090
0.156784726,4089
0.156787938,4088
0.156791082,4087
0.156804053,4086
0.156818392,4085
0.156821753,4084
0.156825226,4083
0.156828195,4082
0.156831423,4081
0.156835021,4080
0.156838037,4079
0.156841871,4078
0.156845362,4077
0.156859139,4076
0.156863245,4075
0.156867465,4074
0.156871117,4073
0.156875313,4072
0.156881977,4071
0.156885755,4070
0.156889357,4069
0.156892926,4068
0.156897104,4067
0.15690057,4066
0.156915246,4065
0.156939749,4064
0.156960271,4063
0.156987406,4062
0.157005846,4061
0.157041433,4060
0.157045336,4059
0.157050163,4058
0.15705401,4057
0.157164106,4056
0.157167816,4055
0.15717262,4054
0.157175661,4053
0.157178777,4052
0.157182004,4051
0.157185111,4050
0.157188276,4049
0.157193865,4048
0.157198176,4047
0.157200976,4046
0.15720402,4045
0.157207895,4044
0.157210832,4043
0.157214997,4042
0.157217971,4041
0.157222078,4040
0.157225934,4039
0.157231121,4038
0.157235075,4037
0.157240054,4036
0.157244594,4035
0.157247802,4034
0.157251268,4033
0.157254831,4032
0.157260447,4031
0.157263596,4030
0.157267022,4029
0.157272477,4028
0.157276522,4027
0.157280051,4026
0.15728449,4025
0.157289099,4024
0.157293307,4023
0.157296734,4022
0.157300316,4021
0.157303734,4020
0.15730857,4019
0.157312099,4018
0.157316267,4017
0.157319591,4016
0.157343859,4015
0.157365035,4014
0.157368845,4013
0.157372304,4012
0.157378987,4011
0.157390349,4010
0.157393846,4009
0.157397482,4008
0.157400466,4007
0.157404239,4006
0.157406701,4005
0.157409182,4004
0.157412369,4003
0.15741586,4002
0.157418492,4001
0.157421853,4000
0.15742614,3999
0.157428647,3998
0.157433233,3997
0.15743755,3996
0.15744244,3995
0.15744658,3994
0.157450122,3993
0.157453686,3992
0.157459199,3991
0.157462449,3990
0.157465862,3989
0.157473423,3988
0.157545031,3987
0.157550514,3986
0.157553829,3985
0.157557288,3984
0.157560659,3983
0.157563638,3982
0.1575666,3981
0.157570855,3980
0.157576015,3979
0.157578875,3978
0.157582145,3977
0.157585022,3976
0.157588096,3975
0.157607224,3974
0.157614311,3973
0.157618166,3972
0.157623322,3971
0.157627683,3970
0.157632581,3969
0.15763623,3968
0.157639961,3967
0.157643652,3966
0.157648859,3965
0.157652253,3964
0.157656339,3963
0.157659846,3962
0.157664697,3961
0.157668331,3960
0.157674281,3959
0.157678858,3958
0.157683115,3957
0.157688183,3956
0.157692172,3955
0.157697475,3954
0.157700963,3953
0.157704781,3952
0.157709792,3951
0.15771275,3950
0.157715803,3949
0.157726066,3948
0.157729658,3947
0.157732818,3946
0.157736086,3945
0.157739443,3944
0.157743354,3943
0.157749455,3942
0.157752216,3941
0.157754714,3940
0.157757842,3939
0.157762561,3938
0.157766344,3937
0.157769318,3936
0.157774524,3935
0.157777869,3934
0.157783295,3933
0.157786515,3932
0.157789395,3931
0.157792269,3930
0.157795144,3929
0.15779863,3928
0.157801946,3927
0.157837078,3926
0.157840392,3925
0.15784345,3924
0.157851185,3923
0.15789274,3922
0.157896911,3921
0.157900177,3920
0.157904131,3919
0.157907848,3918
0.157911007,3917
0.157914697,3916
0.157917778,3915
0.157923617,3914
0.15792756,3913
0.157933335,3912
0.157936248,3911
0.157939196,3910
0.157942113,3909
0.157945301,3908
0.157950308,3907
0.157952992,3906
0.157956974,3905
0.157959861,3904
0.157962534,3903
0.157965328,3902
0.157968056,3901
0.1579708,3900
0.157973491,3899
0.157976223,3898
0.157978901,3897
0.157983085,3896
0.157986306,3895
0.157990447,3894
0.158016178,3893
0.158020026,3892
0.158022653,3891
0.158027096,3890
0.158029769,3889
0.158033959,3888
0.158037678,3887
0.158042659,3886
0.158046007,3885
0.15804923,3884
0.158052365,3883
0.158057186,3882
0.158060708,3881
0.158064734,3880
0.15806859,3879
0.158070988,3878
0.158073468,3877
0.158076256,3876
0.158078836,3875
0.158081219,3874
0.158083674,3873
0.158087799,3872
0.158090471,3871
0.158092797,3870
0.158096962,3869
0.15810002,3868
0.158102271,3867
0.15810472,3866
0.158107405,3865
0.158109687,3864
0.158112838,3863
0.158115962,3862
0.158118307,3861
0.158120609,3860
0.158123495,3859
0.158125764,3858
0.158127997,3857
0.15813099,3856
0.158133176,3855
0.158135208,3854
0.158149632,3853
0.158158066,3852
0.158162386,3851
0.158165493,3850
0.158168324,3849
0.158181059,3848
0.158185203,3847
0.158187991,3846
0.158203725,3845
0.158207805,3844
0.158210663,3843
0.158213683,3842
0.158216507,3841
0.158219198,3840
0.158221899,3839
0.158224367,3838
0.158226984,3837
0.158229599,3836
0.158232389,3835
0.158238681,3834
0.15826039,3833
0.158268453,3832
0.15827267,3831
0.159788211,3830
0.159828105,3829
0.159840614,3828
0.159844747,3827
0.159848454,3826
0.159853372,3825
0.159856908,3824
0.159860687,3823
0.15986694,3822
0.159870575,3821
0.159907604,3820
0.159911057,3819
0.1599189,3818
0.159926854,3817
0.159932847,3816
0.15993971,3815
0.159948379,3814
0.159954745,3813
0.159959641,3812
0.159963271,3811
0.159970524,3810
0.159977217,3809
0.159988422,3808
0.159991778,3807
0.159995313,3806
0.160000365,3805
0.160004076,3804
0.160040675,3803
0.16005393,3802
0.160073653,3801
0.1601097,3800
0.160139087,3799
0.160143895,3798
0.160148412,3797
0.160151823,3796
0.160160228,3795
0.160166665,3794
0.160184,3793
0.16018775,3792
0.160192864,3791
0.160199311,3790
0.160202569,3789
0.160209442,3788
0.160212897,3787
0.160216315,3786
0.160224254,3785
0.160512815,3784
0.160561499,3783
0.160565656,3782
0.160569486,3781
0.160604452,3780
0.160641928,3779
0.160648828,3778
0.160652486,3777
0.160655788,3776
0.160660639,3775
0.160664052,3774
0.160667261,3773
0.160674046,3772
0.160679733,3771
0.160691789,3770
0.160700469,3769
0.160709298,3768
0.160713055,3767
0.1607164,3766
0.160729958,3765
0.160734467,3764
0.160741291,3763
0.160744845,3762
0.160751033,3761
0.160754152,3760
0.160757225,3759
0.160762872,3758
0.160765942,3757
0.160771657,3756
0.16077526,3755
0.1607787,3754
0.160784012,3753
0.160788556,3752
0.160801334,3751
0.160804137,3750
0.160809084,3749
0.160814554,3748
0.160818667,3747
0.160824672,3746
0.160828356,3745
0.160832368,3744
0.160836727,3743
0.160840774,3742
0.160844923,3741
0.160848054,3740
0.160855128,3739
0.160858392,3738
0.1608613,3737
0.160865917,3736
0.160868946,3735
0.16087297,3734
0.160883647,3733
0.160887423,3732
0.160891015,3731
0.160894514,3730
0.160900703,3729
0.16090402,3728
0.16090829,3727
0.160912237,3726
0.160918392,3725
0.160922803,3724
0.160956885,3723
0.16096073,3722
0.160967449,3721
0.160970445,3720
0.160973639,3719
0.160977218,3718
0.160980662,3717
0.160984786,3716
0.161075595,3715
0.161088854,3714
0.16109232,3713
0.16110423,3712
0.161112988,3711
0.161118368,3710
0.161129098,3709
0.161133976,3708
0.161139823,3707
0.161148979,3706
0.161153719,3705
0.161156745,3704
0.161162179,3703
0.161166219,3702
0.161172614,3701
0.161177965,3700
0.161183953,3699
0.161188118,3698
0.161191233,3697
0.161197035,3696
0.161203668,3695
0.161207317,3694
0.16121073,3693
0.161213674,3692
0.161219682,3691
0.161225375,3690
0.161228538,3689
0.161234257,3688
0.161247914,3687
0.161260428,3686
0.161274656,3685
0.161279538,3684
0.161283538,3683
0.16129281,3682
0.161296621,3681
0.161304102,3680
0.161307806,3679
0.161311306,3678
0.161316322,3677
0.161320055,3676
0.161336,3675
0.161350577,3674
0.16135411,3673
0.161368556,3672
0.161381883,3671
0.161385999,3670
0.161390253,3669
0.161394416,3668
0.16140064,3667
0.16141331,3666
0.161417512,3665
0.1614223,3664
0.16142884,3663
0.161433621,3662
0.161437205,3661
0.161508717,3660
0.161516446,3659
0.161553098,3658
0.161587688,3657
0.161591757,3656
0.161597221,3655
0.161604131,3654
0.161609474,3653
0.161614901,3652
0.161649057,3651
0.161654408,3650
0.161689049,3649
0.161694742,3648
0.161698612,3647
0.161702336,3646
0.161706034,3645
0.16171151,3644
0.161715192,3643
0.161727208,3642
0.16173054,3641
0.161733622,3640
0.161742911,3639
0.161746818,3638
0.161750367,3637
0.161753895,3636
0.161762963,3635
0.16176874,3634
0.161774777,3633
0.161805088,3632
0.161808572,3631
0.161812867,3630
0.161819246,3629
0.161826167,3628
0.161831436,3627
0.1618364,3626
0.161840232,3625
0.161843323,3624
0.161847306,3623
0.16185687,3622
0.161860454,3621
0.161863753,3620
0.161867363,3619
0.16187178,3618
0.161882081,3617
0.161892391,3616
0.161896629,3615
0.161901995,3614
0.161905614,3613
0.161910136,3612
0.16191826,3611
0.161925781,3610
0.16193132,3609
0.161962957,3608
0.161971771,3607
0.161978893,3606
0.161982047,3605
0.16198729,3604
0.161992583,3603
0.162000508,3602
0.162008495,3601
0.162012237,3600
0.162019724,3599
0.16202545,3598
0.162028842,3597
0.162032269,3596
0.162035582,3595
0.162041481,3594
0.162046182,3593
0.162052443,3592
0.162056889,3591
0.16207897,3590
0.16208316,3589
0.16208657,3588
0.162093871,3587
0.162101787,3586
0.162106703,3585
0.162119654,3584
0.162124309,3583
0.162133228,3582
0.162138826,3581
0.162144736,3580
0.162148542,3579
0.162152419,3578
0.162157216,3577
0.162193062,3576
0.162196916,3575
0.162204583,3574
0.162210586,3573
0.162246854,3572
0.162257872,3571
0.162262341,3570
0.162266639,3569
0.16227256,3568
0.162276416,3567
0.16233178,3566
0.162335581,3565
0.162341556,3564
0.162347576,3563
0.16235283,3562
0.162356738,3561
0.162360884,3560
0.162367816,3559
0.162371771,3558
0.162377751,3557
0.162389054,3556
0.16239805,3555
0.162401692,3554
0.162405762,3553
0.162412669,3552
0.162417074,3551
0.162422695,3550
0.162426072,3549
0.162481691,3548
0.162522316,3547
0.16252891,3546
0.16253719,3545
0.162545418,3544
0.162550479,3543
0.162553672,3542
0.162557807,3541
0.162563693,3540
0.162569121,3539
0.162578495,3538
0.162587915,3537
0.162624783,3536
0.162662771,3535
0.162667037,3534
0.162670646,3533
0.162681856,3532
0.162718106,3531
0.162727312,3530
0.162736827,3529
0.162740373,3528
0.162744039,3527
0.16274776,3526
0.162756914,3525
0.162760398,3524
0.16276592,3523
0.162772576,3522
0.162785913,3521
0.162820823,3520
0.162826343,3519
0.162838625,3518
0.162845132,3517
0.162851096,3516
0.162856451,3515
0.162860429,3514
0.162865416,3513
0.162870143,3512
0.162873707,3511
0.16288263,3510
0.16288772,3509
0.162896019,3508
0.162902905,3507
0.162910116,3506
0.162913332,3505
0.162919958,3504
0.162922936,3503
0.162928181,3502
0.163564344,3501
0.163570097,3500
0.163585756,3499
0.16359499,3498
0.163599437,3497
0.163602951,3496
0.163607746,3495
0.163617223,3494
0.163620482,3493
0.163626927,3492
0.163631644,3491
0.163641847,3490
0.163698652,3489
0.163708904,3488
0.163726806,3487
0.163732374,3486
0.163743784,3485
0.163747464,3484
0.163752909,3483
0.163761501,3482
0.16376468,3481
0.163770428,3480
0.163779566,3479
0.163789548,3478
0.163803138,3477
0.163806463,3476
0.16380941,3475
0.16382103,3474
0.163824857,3473
0.163840815,3472
0.163844189,3471
0.163847127,3470
0.163852061,3469
0.16385651,3468
0.163859797,3467
0.163863172,3466
0.163872825,3465
0.163876415,3464
0.163879941,3463
0.163890436,3462
0.163931506,3461
0.163940014,3460
0.16394519,3459
0.163952535,3458
0.163967339,3457
0.163975202,3456
0.163979568,3455
0.163985793,3454
0.163996642,3453
0.164001561,3452
0.164012263,3451
0.164020294,3450
0.164039119,3449
0.164042992,3448
0.164050989,3447
0.164055221,3446
0.164058583,3445
0.164068639,3444
0.164071321,3443
0.164075604,3442
0.164079962,3441
0.164086446,3440
0.164092035,3439
0.164095217,3438
0.164104977,3437
0.164115271,3436
0.164124129,3435
0.164131498,3434
0.164136264,3433
0.164148534,3432
0.164160239,3431
0.164169149,3430
0.164173513,3429
0.164186992,3428
0.164191981,3427
0.164196597,3426
0.16420416,3425
0.164217919,3424
0.164244924,3423
0.164253338,3422
0.164261429,3421
0.164265377,3420
0.164271577,3419
0.16427915,3418
0.164282889,3417
0.164292032,3416
0.164304395,3415
0.164314566,3414
0.164335992,3413
0.164373739,3412
0.164378866,3411
0.164389451,3410
0.164393027,3409
0.164399668,3408
0.164926505,3407
0.164945768,3406
0.16496071,3405
0.164965861,3404
0.164971738,3403
0.164985576,3402
0.164989221,3401
0.164992255,3400
0.165005585,3399
0.165012993,3398
0.165016593,3397
0.165019969,3396
0.165029294,3395
0.165038392,3394
0.165053344,3393
0.165066392,3392
0.165074816,3391
0.165078465,3390
0.165566087,3389
0.165576316,3388
0.165587266,3387
0.165591155,3386
0.165596082,3385
0.165604225,3384
0.165614305,3383
0.165623035,3382
0.165633809,3381
0.165653664,3380
0.165682581,3379
0.165690731,3378
0.165703129,3377
0.165711663,3376
0.165721316,3375
0.165727491,3374
0.165738126,3373
0.165753516,3372
0.165760868,3371
0.165790151,3370
0.165794902,3369
0.165800745,3368
0.165810142,3367
0.165832446,3366
0.165855534,3365
0.165867491,3364
0.165875895,3363
0.165887976,3362
0.165909724,3361
0.165919808,3360
0.165923512,3359
0.165944301,3358
0.166071291,3357
0.166094942,3356
0.166103021,3355
0.166106141,3354
0.166439674,3353
0.166444707,3352
0.166480814,3351
0.166510528,3350
0.166525059,3349
0.166535612,3348
0.166619418,3347
0.166630552,3346
0.166683785,3345
0.166695785,3344
0.166733316,3343
0.166749303,3342
0.167013539,3341
0.167026828,3340
0.167034863,3339
0.167038224,3338
0.167049734,3337
0.167057741,3336
0.167137479,3335
0.167180362,3334
0.167190743,3333
0.167210235,3332
0.167221387,3331
0.167491793,3330
0.167501988,3329
0.167507343,3328
0.167549406,3327
0.167685477,3326
0.167713207,3325
0.167933749,3324
0.167986201,3323
0.168052011,3322
0.16809161,3321
0.168372883,3320
0.168550006,3319
0.168791695,3318
0.168802292,3317
0.168913794,3316
0.169115188,3315
0.169120413,3314
0.169223509,3313
0.16939075,3312
0.340095244,3311
0.588913897,3310
0.747276991,3309
0.787791418,3308
1.04005418,3307
1.315202642,3306
1.477062503,3305
1.571265958,3304
1.88360264,3303
