0.173648693,6061
0.173771823,6060
0.173847395,6059
0.173907279,6058
0.173988285,6057
0.17401937,6056
0.174039306,6055
0.174045637,6054
0.174052416,6053
0.174058669,6052
0.174066898,6051
0.174101217,6050
0.174118621,6049
0.1741263,6048
0.174134827,6047
0.174142961,6046
0.174167397,6045
0.174177335,6044
0.174186553,6043
0.174194847,6042
0.174203423,6041
0.174211479,6040
0.174220444,6039
0.174229446,6038
0.174243505,6037
0.174250382,6036
0.174258993,6035
0.174265882,6034
0.174271901,6033
0.174281102,6032
0.174289129,6031
0.17429687,6030
0.17430495,6029
0.174312798,6028
0.17432104,6027
0.174328504,6026
0.174336794,6025
0.174344573,6024
0.17435208,6023
0.174360876,6022
0.174369232,6021
0.174378445,6020
0.174387267,6019
0.174396507,6018
0.174405554,6017
0.174553958,6016
0.174567165,6015
0.174584843,6014
0.174628927,6013
0.174675499,6012
0.174685474,6011
0.174730225,6010
0.174739454,6009
0.174799562,6008
0.174814533,6007
0.174829433,6006
0.174838862,6005
0.17485586,6004
0.174870569,6003
0.174879477,6002
0.175388939,6001
0.175721864,6000
0.175764543,5999
0.175778279,5998
0.176419127,5997
0.180456047,5996
0.180483984,5995
0.180489021,5994
0.180495901,5993
0.180502204,5992
0.180508679,5991
0.180513134,5990
0.180521763,5989
0.180527214,5988
0.180532586,5987
0.180537595,5986
0.18055729,5985
0.180572045,5984
0.180576736,5983
0.180582377,5982
0.180587379,5981
0.180592736,5980
0.18059722,5979
0.180601142,5978
0.180606524,5977
0.180611847,5976
0.180616272,5975
0.180620689,5974
0.180625549,5973
0.180630713,5972
0.1806353,5971
0.180639952,5970
0.180644556,5969
0.180648925,5968
0.180653191,5967
0.180657401,5966
0.180661733,5965
0.180665921,5964
0.18066983,5963
0.1806738,5962
0.180677818,5961
0.180682003,5960
0.180686316,5959
0.180690637,5958
0.180694826,5957
0.180699395,5956
0.180703796,5955
0.180709371,5954
0.180712922,5953
0.180717175,5952
0.180720787,5951
0.18072459,5950
0.180733901,5949
0.180737781,5948
0.180742356,5947
0.180746705,5946
0.180750549,5945
0.180754212,5944
0.180758219,5943
0.180761869,5942
0.180765846,5941
0.180769986,5940
0.180778969,5939
0.180784797,5938
0.180790079,5937
0.180794039,5936
0.180798859,5935
0.180843632,5934
0.180849235,5933
0.180853844,5932
0.180858452,5931
0.180862905,5930
0.18086773,5929
0.180872577,5928
0.18087751,5927
0.18088198,5926
0.18089631,5925
0.18090063,5924
0.180905219,5923
0.180908977,5922
0.180912806,5921
0.180916028,5920
0.180919738,5919
0.180923596,5918
0.180928732,5917
0.180934892,5916
0.180939945,5915
0.180945499,5914
0.180952752,5913
0.180960719,5912
0.180965146,5911
0.180969232,5910
0.1809738,5909
0.180978024,5908
0.180981794,5907
0.180985524,5906
0.180989363,5905
0.18099294,5904
0.180996298,5903
0.181000246,5902
0.181003958,5901
0.18100841,5900
0.181015251,5899
0.1810205,5898
0.181024727,5897
0.181028871,5896
0.181033209,5895
0.181037565,5894
0.18104163,5893
0.181046058,5892
0.181050121,5891
0.181055915,5890
0.181061546,5889
0.181066507,5888
0.181071025,5887
0.181075225,5886
0.1810796,5885
0.181083894,5884
0.181088295,5883
0.181096386,5882
0.181101079,5881
0.181105146,5880
0.181108746,5879
0.181112991,5878
0.181116595,5877
0.181120594,5876
0.181124357,5875
0.181128046,5874
0.181139795,5873
0.181149773,5872
0.181154981,5871
0.181160189,5870
0.181164723,5869
0.181169118,5868
0.181173384,5867
0.181177565,5866
0.181181968,5865
0.181191451,5864
0.181228561,5863
0.181234499,5862
0.18124081,5861
0.181245851,5860
0.181251974,5859
0.181257579,5858
0.181262699,5857
0.181276227,5856
0.181287208,5855
0.181293179,5854
0.181302532,5853
0.181316598,5852
0.181321921,5851
0.181327671,5850
0.1813324,5849
0.181337502,5848
0.181343511,5847
0.181425785,5846
0.181431503,5845
0.18143635,5844
0.181440978,5843
0.181445467,5842
0.181456103,5841
0.18146421,5840
0.181477637,5839
0.181525149,5838
0.181537196,5837
0.181552265,5836
0.181559779,5835
0.181571551,5834
0.181577361,5833
0.181586514,5832
0.181599433,5831
0.181604363,5830
0.181608811,5829
0.181612992,5828
0.181623356,5827
0.18162817,5826
0.181632655,5825
0.181638201,5824
0.181642927,5823
0.181647855,5822
0.181669091,5821
0.181700518,5820
0.18170664,5819
0.181711711,5818
0.181716321,5817
0.181720496,5816
0.181724699,5815
0.181729021,5814
0.181734396,5813
0.181738495,5812
0.181742597,5811
0.181746923,5810
0.181751901,5809
0.181756486,5808
0.181763094,5807
0.181781352,5806
0.181823299,5805
0.181826892,5804
0.181829652,5803
0.181832384,5802
0.181835342,5801
0.181838061,5800
0.18184086,5799
0.181869484,5798
0.181873376,5797
0.181876727,5796
0.181880228,5795
0.181883939,5794
0.181887474,5793
0.181890899,5792
0.181894255,5791
0.181897495,5790
0.181900689,5789
0.181903899,5788
0.181907304,5787
0.18191034,5786
0.181913857,5785
0.18191761,5784
0.181920889,5783
0.18194125,5782
0.18194528,5781
0.181948509,5780
0.181951344,5779
0.18195396,5778
0.181956887,5777
0.181959796,5776
0.181963288,5775
0.181967412,5774
0.181976527,5773
0.183120502,5772
0.183131327,5771
0.183142618,5770
0.183148328,5769
0.183152882,5768
0.183156765,5767
0.183160693,5766
0.183165302,5765
0.183169146,5764
0.183173238,5763
0.183177117,5762
0.183180755,5761
0.183190313,5760
0.183226198,5759
0.183231335,5758
0.183235234,5757
0.18324398,5756
0.18380069,5755
0.184117789,5754
0.184125028,5753
0.184131158,5752
0.184168448,5751
0.184206156,5750
0.184210788,5749
0.184229834,5748
0.184248924,5747
0.184257902,5746
0.184334982,5745
0.184341041,5744
0.184345802,5743
0.184356918,5742
0.184366797,5741
0.184370787,5740
0.184374843,5739
0.184379402,5738
0.184382856,5737
0.184386338,5736
0.184389827,5735
0.184393274,5734
0.184397203,5733
0.184400629,5732
0.184403955,5731
0.184407418,5730
0.184410592,5729
0.184414667,5728
0.184418247,5727
0.184422024,5726
0.184425354,5725
0.184428924,5724
0.184432499,5723
0.184436193,5722
0.184439823,5721
0.184443558,5720
0.18444752,5719
0.184451387,5718
0.184455379,5717
0.184459151,5716
0.184463051,5715
0.184466947,5714
0.184494969,5713
0.184500157,5712
0.184504008,5711
0.184508074,5710
0.184512537,5709
0.184516431,5708
0.184520576,5707
0.184525491,5706
0.184529465,5705
0.184533213,5704
0.18453739,5703
0.184542064,5702
0.184554348,5701
0.184564105,5700
0.184571946,5699
0.184578177,5698
0.184585951,5697
0.184591888,5696
0.184597304,5695
0.184601325,5694
0.184605844,5693
0.1846143,5692
0.184621283,5691
0.184628244,5690
0.184634791,5689
0.184641111,5688
0.184647659,5687
0.184652778,5686
0.184657315,5685
0.184662593,5684
0.184721287,5683
0.18476174,5682
0.184821834,5681
0.184873639,5680
0.184882875,5679
0.184970536,5678
0.1849803,5677
0.18498858,5676
0.184995371,5675
0.185002995,5674
0.185039692,5673
0.185045892,5672
0.185051684,5671
0.185057369,5670
0.185119819,5669
0.185124511,5668
0.185133413,5667
0.185140362,5666
0.185145836,5665
0.185151329,5664
0.185156011,5663
0.185161363,5662
0.185166417,5661
0.185171506,5660
0.185176415,5659
0.185188388,5658
0.185193394,5657
0.1851984,5656
0.185202327,5655
0.185207217,5654
0.185211289,5653
0.185214578,5652
0.185216954,5651
0.185219121,5650
0.18522153,5649
0.18522366,5648
0.185226879,5647
0.185230051,5646
0.185277369,5645
0.185282161,5644
0.185286932,5643
0.18529133,5642
0.185295243,5641
0.18530085,5640
0.185304413,5639
0.185307592,5638
0.185316127,5637
0.185319424,5636
0.185322771,5635
0.185327107,5634
0.185330525,5633
0.185333703,5632
0.185337731,5631
0.185341492,5630
0.185344663,5629
0.185347858,5628
0.185350707,5627
0.185353803,5626
0.185356767,5625
0.185359888,5624
0.18536285,5623
0.185365893,5622
0.185369483,5621
0.185372996,5620
0.185376486,5619
0.185379953,5618
0.185382814,5617
0.185385182,5616
0.185387557,5615
0.185390102,5614
0.18539264,5613
0.185395125,5612
0.185399786,5611
0.185402777,5610
0.18540655,5609
0.185452725,5608
0.185462095,5607
0.185465679,5606
0.185492219,5605
0.185515666,5604
0.185522718,5603
0.185528143,5602
0.185531889,5601
0.185535446,5600
0.185539297,5599
0.185542258,5598
0.185546091,5597
0.18555128,5596
0.185556108,5595
0.185560059,5594
0.185562555,5593
0.185565108,5592
0.185567585,5591
0.185570305,5590
0.185573205,5589
0.185576003,5588
0.185579288,5587
0.185583408,5586
0.18558931,5585
0.185592585,5584
0.185595244,5583
0.185598196,5582
0.185603126,5581
0.185609235,5580
0.185615047,5579
0.185622942,5578
0.185628474,5577
0.185631703,5576
0.185635559,5575
0.185639758,5574
0.185673939,5573
0.185678679,5572
0.185683558,5571
0.185688638,5570
0.185692804,5569
0.185979144,5568
0.185984591,5567
0.185987895,5566
0.185991002,5565
0.185994074,5564
0.185996888,5563
0.186000879,5562
0.186004273,5561
0.18600747,5560
0.18601075,5559
0.18601439,5558
0.186018248,5557
0.186021758,5556
0.186025389,5555
0.186029999,5554
0.186034421,5553
0.186038128,5552
0.186042718,5551
0.186047725,5550
0.186059967,5549
0.186066567,5548
0.186147757,5547
0.186156025,5546
0.186159856,5545
0.186163744,5544
0.186167681,5543
0.186171871,5542
0.186175582,5541
0.186183901,5540
0.186246849,5539
0.186301482,5538
0.186306567,5537
0.186358006,5536
0.186377423,5535
0.186396591,5534
0.186407223,5533
0.186412112,5532
0.186415844,5531
0.186419753,5530
0.186424234,5529
0.186427599,5528
0.186432286,5527
0.186437386,5526
0.186442065,5525
0.186446348,5524
0.186450574,5523
0.186454709,5522
0.186495714,5521
0.186500194,5520
0.186504392,5519
0.186508993,5518
0.186512756,5517
0.186518318,5516
0.186530811,5515
0.186534571,5514
0.186537823,5513
0.186541875,5512
0.186545788,5511
0.186549498,5510
0.186553269,5509
0.186557233,5508
0.186562062,5507
0.186568594,5506
0.186581387,5505
0.186585617,5504
0.186590009,5503
0.186593881,5502
0.186597553,5501
0.18660126,5500
0.186605771,5499
0.18660981,5498
0.186613676,5497
0.18661755,5496
0.186621861,5495
0.186625604,5494
0.186630324,5493
0.186634481,5492
0.186638904,5491
0.186642366,5490
0.186645983,5489
0.186650113,5488
0.186653977,5487
0.186657747,5486
0.186662998,5485
0.18666706,5484
0.186671389,5483
0.186675099,5482
0.186678372,5481
0.186681445,5480
0.186684164,5479
0.186687672,5478
0.186690835,5477
0.186693643,5476
0.186696317,5475
0.18669968,5474
0.186702959,5473
0.186706033,5472
0.186709606,5471
0.186713359,5470
0.186725383,5469
0.186729861,5468
0.186734271,5467
0.18673793,5466
0.18674187,5465
0.186745764,5464
0.186749474,5463
0.186753008,5462
0.186756496,5461
0.186760409,5460
0.186764811,5459
0.186768367,5458
0.186771611,5457
0.186774973,5456
0.186778732,5455
0.186782836,5454
0.186788695,5453
0.18679291,5452
0.186796733,5451
0.186800618,5450
0.186804977,5449
0.186809207,5448
0.186813735,5447
0.186819275,5446
0.186825939,5445
0.186835754,5444
0.186841225,5443
0.186844951,5442
0.186848159,5441
0.186851482,5440
0.186854876,5439
0.186857888,5438
0.186897452,5437
0.186901409,5436
0.186904944,5435
0.186907818,5434
0.186910462,5433
0.186912956,5432
0.186915678,5431
0.186919021,5430
0.186922035,5429
0.186925093,5428
0.18692824,5427
0.186931173,5426
0.186934801,5425
0.186938012,5424
0.186942091,5423
0.186946431,5422
0.186950463,5421
0.186954262,5420
0.186958047,5419
0.186961969,5418
0.186965095,5417
0.186968117,5416
0.186971166,5415
0.186974163,5414
0.186977012,5413
0.186979891,5412
0.186982776,5411
0.186985467,5410
0.186988385,5409
0.186992133,5408
0.186995416,5407
0.186999045,5406
0.187002009,5405
0.18700611,5404
0.187009872,5403
0.18704591,5402
0.187050692,5401
0.187054554,5400
0.187058649,5399
0.187062284,5398
0.187065382,5397
0.187070501,5396
0.187074643,5395
0.187077538,5394
0.187079963,5393
0.187083774,5392
0.18708731,5391
0.187090473,5390
0.187093764,5389
0.187097005,5388
0.187099708,5387
0.187102969,5386
0.187105665,5385
0.187108993,5384
0.18711194,5383
0.187114755,5382
0.187117776,5381
0.187120763,5380
0.187124143,5379
0.18712737,5378
0.187131296,5377
0.187134691,5376
0.187138113,5375
0.187141784,5374
0.187145701,5373
0.187149302,5372
0.187153058,5371
0.187156326,5370
0.187160243,5369
0.187163504,5368
0.187167091,5367
0.187170038,5366
0.187172866,5365
0.187175486,5364
0.187177992,5363
0.18718021,5362
0.187184904,5361
0.187187151,5360
0.18718913,5359
0.187192812,5358
0.187196799,5357
0.187200198,5356
0.187209991,5355
0.187213368,5354
0.187217199,5353
0.187220303,5352
0.187223082,5351
0.187226248,5350
0.187228832,5349
0.187231447,5348
0.187234208,5347
0.187236869,5346
0.187239679,5345
0.187242348,5344
0.187245105,5343
0.187247736,5342
0.187250244,5341
0.187252713,5340
0.187255197,5339
0.187257756,5338
0.18726026,5337
0.187262714,5336
0.187265211,5335
0.187267555,5334
0.187270104,5333
0.187273804,5332
0.187276843,5331
0.187280122,5330
0.187282977,5329
0.187286087,5328
0.187288946,5327
0.187291711,5326
0.187294458,5325
0.187297138,5324
0.187299777,5323
0.187302571,5322
0.187305255,5321
0.187308099,5320
0.18731067,5319
0.18731306,5318
0.18731566,5317
0.187318913,5316
0.187321753,5315
0.187324819,5314
0.187327425,5313
0.187330108,5312
0.187332696,5311
0.187335266,5310
0.187338142,5309
0.187340252,5308
0.187342391,5307
0.187345889,5306
0.187348843,5305
0.187352132,5304
0.187355371,5303
0.187358243,5302
0.187361115,5301
0.187363609,5300
0.187366181,5299
0.187368936,5298
0.187371513,5297
0.187373727,5296
0.187376075,5295
0.187378634,5294
0.187381138,5293
0.187383669,5292
0.187386398,5291
0.187389038,5290
0.187391192,5289
0.187393414,5288
0.187396525,5287
0.187399268,5286
0.187402601,5285
0.187405718,5284
0.187408454,5283
0.187411693,5282
0.187414281,5281
0.187417521,5280
0.187420762,5279
0.187423661,5278
0.187426583,5277
0.187429598,5276
0.187432501,5275
0.187435812,5274
0.187438463,5273
0.187441348,5272
0.187444059,5271
0.187446762,5270
0.187449692,5269
0.187452408,5268
0.187455183,5267
0.187458171,5266
0.187461428,5265
0.187464356,5264
0.187467231,5263
0.187529252,5262
0.187537954,5261
0.187544132,5260
0.187548319,5259
0.187551909,5258
0.187555146,5257
0.187569321,5256
0.187573576,5255
0.187577083,5254
0.187580171,5253
0.187584058,5252
0.187587846,5251
0.187592606,5250
0.187597725,5249
0.18760042,5248
0.187602969,5247
0.1876066,5246
0.187610375,5245
0.187613369,5244
0.187617078,5243
0.187620855,5242
0.18762387,5241
0.187627393,5240
0.187630913,5239
0.187634361,5238
0.18763791,5237
0.187641592,5236
0.18764566,5235
0.187649808,5234
0.187653382,5233
0.187657142,5232
0.187660688,5231
0.187664158,5230
0.187667543,5229
0.187670724,5228
0.187674474,5227
0.187678027,5226
0.18768154,5225
0.187684575,5224
0.187687294,5223
0.187689601,5222
0.187692035,5221
0.187694549,5220
0.187697201,5219
0.187760952,5218
0.187763239,5217
0.187765309,5216
0.187767493,5215
0.187770006,5214
0.187772788,5213
0.187776188,5212
0.187779332,5211
0.187782079,5210
0.187785068,5209
0.187788011,5208
0.187791379,5207
0.18779385,5206
0.187796722,5205
0.187799232,5204
0.187801657,5203
0.187803986,5202
0.18780663,5201
0.187810771,5200
0.187814617,5199
0.187818749,5198
0.187822621,5197
0.18782523,5196
0.187828233,5195
0.187831522,5194
0.187835049,5193
0.187838388,5192
0.187842125,5191
0.187845305,5190
0.190686769,5189
0.190692714,5188
0.190724958,5187
0.190729778,5186
0.190734404,5185
0.190738871,5184
0.19074459,5183
0.190748635,5182
0.190752621,5181
0.190756781,5180
0.190761214,5179
0.190770037,5178
0.190782607,5177
0.190788364,5176
0.190860039,5175
0.190864911,5174
0.190869994,5173
0.190897536,5172
0.190901758,5171
0.190906146,5170
0.190911641,5169
0.190915539,5168
0.190919149,5167
0.19092251,5166
0.190935297,5165
0.19094917,5164
0.193083027,5163
0.193092985,5162
0.193097659,5161
0.19310142,5160
0.194419125,5159
0.194429564,5158
0.194436154,5157
0.194447374,5156
0.194453011,5155
0.19446077,5154
0.194465374,5153
0.194468906,5152
0.194471875,5151
0.194474921,5150
0.194478044,5149
0.194483719,5148
0.194487302,5147
0.194490868,5146
0.194494266,5145
0.194498203,5144
0.194501784,5143
0.194505458,5142
0.19451028,5141
0.194513368,5140
0.194523698,5139
0.194529652,5138
0.194533885,5137
0.194539925,5136
0.194544563,5135
0.194548232,5134
0.19455191,5133
0.194555625,5132
0.194559124,5131
0.194562026,5130
0.194564924,5129
0.194567603,5128
0.194571689,5127
0.194575532,5126
0.194579185,5125
0.194583095,5124
0.194587411,5123
0.194590918,5122
0.194594654,5121
0.194598137,5120
0.194601889,5119
0.194605253,5118
0.194608814,5117
0.194614083,5116
0.1946177,5115
0.194621505,5114
0.19462505,5113
0.19463023,5112
0.194634072,5111
0.194637878,5110
0.194641291,5109
0.194644929,5108
0.194647828,5107
0.194651273,5106
0.194654235,5105
0.194659289,5104
0.194662797,5103
0.194665987,5102
0.194668548,5101
0.194671573,5100
0.19467431,5099
0.194677325,5098
0.194681155,5097
0.194683711,5096
0.194686389,5095
0.194689041,5094
0.194691682,5093
0.194695766,5092
0.194698763,5091
0.194701657,5090
0.194704586,5089
0.194708774,5088
0.194712921,5087
0.194719775,5086
0.194723301,5085
0.194726854,5084
0.194730841,5083
0.194734731,5082
0.194738175,5081
0.194741411,5080
0.19474436,5079
0.19474744,5078
0.194750427,5077
0.194760509,5076
0.194776901,5075
0.194788657,5074
0.194795574,5073
0.194799207,5072
0.194801947,5071
0.19480645,5070
0.194810481,5069
0.194813873,5068
0.194817655,5067
0.194823291,5066
0.194826747,5065
0.194830057,5064
0.19483387,5063
0.194838976,5062
0.194844105,5061
0.194847711,5060
0.194851646,5059
0.194855072,5058
0.194859032,5057
0.194862152,5056
0.194864801,5055
0.194867012,5054
0.194872699,5053
0.194876003,5052
0.194879013,5051
0.194882778,5050
0.19488596,5049
0.194888986,5048
0.194891881,5047
0.194895358,5046
0.19489912,5045
0.194901811,5044
0.194904327,5043
0.194908255,5042
0.194910967,5041
0.194914541,5040
0.194917099,5039
0.194920572,5038
0.194923716,5037
0.194926694,5036
0.194929318,5035
0.194932485,5034
0.194935299,5033
0.194938366,5032
0.194942462,5031
0.194945395,5030
0.194947998,5029
0.194950562,5028
0.194952993,5027
0.194955497,5026
0.194958276,5025
0.194960745,5024
0.194963302,5023
0.194965773,5022
0.194968764,5021
0.194972204,5020
0.194974962,5019
0.194977575,5018
0.194980527,5017
0.194983047,5016
0.194985733,5015
0.194989503,5014
0.194993753,5013
0.194997591,5012
0.195000368,5011
0.195002978,5010
0.19500605,5009
0.195009646,5008
0.195012343,5007
0.195014974,5006
0.19501859,5005
0.195021669,5004
0.195024988,5003
0.195029143,5002
0.195032654,5001
0.195036675,5000
0.195039812,4999
0.195044774,4998
0.195048282,4997
0.195081877,4996
0.195085981,4995
0.19509065,4994
0.195102052,4993
0.195106309,4992
0.195125424,4991
0.195129508,4990
0.195132384,4989
0.195135467,4988
0.195140034,4987
0.195147628,4986
0.195151365,4985
0.195155633,4984
0.195159764,4983
0.195163102,4982
0.195167344,4981
0.195171032,4980
0.195173813,4979
0.195178045,4978
0.195181017,4977
0.195184715,4976
0.195188121,4975
0.195209208,4974
0.195213496,4973
0.195217809,4972
0.195221652,4971
0.195225892,4970
0.19523021,4969
0.195234,4968
0.195237265,4967
0.195241222,4966
0.195245459,4965
0.195249095,4964
0.195252884,4963
0.195256922,4962
0.19526034,4961
0.195265635,4960
0.195273126,4959
0.195276735,4958
0.195280226,4957
0.195285132,4956
0.195288528,4955
0.195292157,4954
0.195296192,4953
0.195299276,4952
0.195312324,4951
0.195315016,4950
0.195317718,4949
0.195320441,4948
0.195326779,4947
0.195329701,4946
0.195332806,4945
0.195336387,4944
0.195372689,4943
0.195378129,4942
0.195388649,4941
0.195392374,4940
0.195395489,4939
0.195407813,4938
0.195423437,4937
0.195426888,4936
0.195430251,4935
0.195434098,4934
0.195442763,4933
0.195446393,4932
0.19545929,4931
0.195462505,4930
0.195465411,4929
0.195468239,4928
0.195472053,4927
0.195476179,4926
0.195504049,4925
0.195507619,4924
0.195511663,4923
0.195515803,4922
0.195529163,4921
0.195532951,4920
0.195537294,4919
0.195540247,4918
0.195550676,4917
0.19555556,4916
0.195558972,4915
0.195562401,4914
0.195565529,4913
0.195569171,4912
0.195572478,4911
0.195576096,4910
0.195581762,4909
0.195585295,4908
0.195588771,4907
0.195593124,4906
0.195597341,4905
0.195602324,4904
0.195606307,4903
0.195612483,4902
0.195616591,4901
0.195620712,4900
0.19562424,4899
0.195628317,4898
0.195634662,4897
0.195639688,4896
0.195644448,4895
0.195649892,4894
0.195653878,4893
0.195657383,4892
0.195661265,4891
0.195666941,4890
0.19567106,4889
0.19567515,4888
0.195679225,4887
0.195682972,4886
0.195686499,4885
0.195694015,4884
0.19569795,4883
0.195701893,4882
0.195705548,4881
0.195709434,4880
0.195714387,4879
0.195718127,4878
0.195723001,4877
0.195726751,4876
0.195730319,4875
0.19573396,4874
0.195738007,4873
0.195773205,4872
0.195776795,4871
0.195780362,4870
0.195784588,4869
0.195788792,4868
0.195841588,4867
0.19587141,4866
0.195875257,4865
0.195881306,4864
0.195938692,4863
0.195964705,4862
0.195997679,4861
0.196006478,4860
0.196010595,4859
0.196039093,4858
0.196042905,4857
0.196046876,4856
0.196081009,4855
0.196094598,4854
0.196126456,4853
0.196130289,4852
0.196133912,4851
0.196137483,4850
0.196165731,4849
0.196169052,4848
0.196200637,4847
0.196204313,4846
0.196216586,4845
0.196221437,4844
0.196226663,4843
0.196230151,4842
0.196238171,4841
0.196244525,4840
0.196248567,4839
0.196252211,4838
0.196255979,4837
0.196259417,4836
0.196264338,4835
0.196268863,4834
0.196272393,4833
0.196277931,4832
0.196281852,4831
0.196285407,4830
0.196288995,4829
0.196292356,4828
0.196295723,4827
0.196299035,4826
0.196302441,4825
0.196306101,4824
0.196309364,4823
0.196312839,4822
0.196316788,4821
0.196320307,4820
0.196323714,4819
0.196327091,4818
0.196330513,4817
0.196335179,4816
0.196340582,4815
0.196344272,4814
0.196347695,4813
0.196351581,4812
0.196361101,4811
0.196364691,4810
0.196368545,4809
0.196372065,4808
0.196377053,4807
0.196381011,4806
0.196384513,4805
0.196389481,4804
0.196393917,4803
0.196397443,4802
0.196401187,4801
0.196404796,4800
0.196408727,4799
0.196412528,4798
0.196419743,4797
0.196422906,4796
0.196426409,4795
0.19642999,4794
0.196434438,4793
0.196438064,4792
0.196442999,4791
0.196447765,4790
0.196451132,4789
0.196454477,4788
0.196457981,4787
0.196461717,4786
0.196464904,4785
0.19646821,4784
0.196471367,4783
0.196475479,4782
0.196485074,4781
0.196488826,4780
0.19649229,4779
0.196496527,4778
0.196508692,4777
0.196535273,4776
0.196539557,4775
0.196544747,4774
0.19654868,4773
0.196552357,4772
0.196557604,4771
0.19656026,4770
0.19656486,4769
0.196578241,4768
0.19658124,4767
0.196585181,4766
0.196591174,4765
0.196595109,4764
0.196598795,4763
0.196602858,4762
0.196656735,4761
0.196673616,4760
0.196677699,4759
0.196681162,4758
0.196686535,4757
0.196690741,4756
0.196694994,4755
0.196698702,4754
0.196701466,4753
0.196704622,4752
0.196708656,4751
0.196712675,4750
0.196715643,4749
0.196724938,4748
0.196728999,4747
0.196733816,4746
0.196759624,4745
0.196762892,4744
0.19676653,4743
0.196769766,4742
0.19677426,4741
0.196778435,4740
0.196782948,4739
0.196786367,4738
0.196791288,4737
0.196794916,4736
0.196799225,4735
0.196802959,4734
0.196807153,4733
0.196811697,4732
0.196822364,4731
0.196830307,4730
0.19683469,4729
0.196837757,4728
0.196840241,4727
0.196844389,4726
0.196873179,4725
0.196876231,4724
0.196879111,4723
0.196893399,4722
0.196896821,4721
0.196899353,4720
0.196902835,4719
0.196918613,4718
0.196923165,4717
0.196927098,4716
0.19694198,4715
0.196948289,4714
0.19695272,4713
0.196958318,4712
0.196962996,4711
0.196968471,4710
0.196973433,4709
0.197012656,4708
0.197023767,4707
0.197056821,4706
0.197061603,4705
0.197068491,4704
0.197097008,4703
0.197139334,4702
0.197179924,4701
0.197193067,4700
0.197205868,4699
0.197234976,4698
0.197242052,4697
0.197246572,4696
0.197250753,4695
0.197284977,4694
0.197294094,4693
0.197304484,4692
0.197310853,4691
0.197315793,4690
0.197320839,4689
0.197350723,4688
0.197385383,4687
0.197390082,4686
0.197404295,4685
0.197411845,4684
0.197480077,4683
0.197516197,4682
0.197542721,4681
0.197546401,4680
0.197578624,4679
0.19758407,4678
0.197587627,4677
0.197615155,4676
0.197623917,4675
0.197639755,4674
0.197643437,4673
0.197647222,4672
0.197651262,4671
0.197654777,4670
0.197657985,4669
0.197661126,4668
0.197664406,4667
0.19766771,4666
0.197699862,4665
0.197703043,4664
0.197706402,4663
0.197710156,4662
0.197713764,4661
0.197717427,4660
0.19772165,4659
0.197726218,4658
0.197730488,4657
0.197734956,4656
0.197738822,4655
0.197744802,4654
0.19774892,4653
0.197752982,4652
0.197756423,4651
0.197759516,4650
0.197762661,4649
0.19776666,4648
0.197770054,4647
0.197773845,4646
0.197777444,4645
0.197784993,4644
0.197788456,4643
0.197791295,4642
0.197795086,4641
0.197798699,4640
0.197801752,4639
0.197807187,4638
0.197810164,4637
0.197813886,4636
0.197817205,4635
0.197820844,4634
0.197824292,4633
0.197837591,4632
0.197840843,4631
0.197844548,4630
0.197847825,4629
0.197851099,4628
0.197855054,4627
0.197858873,4626
0.197861993,4625
0.197865247,4624
0.197868857,4623
0.197871908,4622
0.197875076,4621
0.197878901,4620
0.197882145,4619
0.197887231,4618
0.197890605,4617
0.197893924,4616
0.197897403,4615
0.197900492,4614
0.197903481,4613
0.197906843,4612
0.197911689,4611
0.197915294,4610
0.197918857,4609
0.197941827,4608
0.197953596,4607
0.197981929,4606
0.19798518,4605
0.197989555,4604
0.197996922,4603
0.198001994,4602
0.198014425,4601
0.198018266,4600
0.198048736,4599
0.198051593,4598
0.198055499,4597
0.198059522,4596
0.198064227,4595
0.198067762,4594
0.198072792,4593
0.198075848,4592
0.198078119,4591
0.198081694,4590
0.198085268,4589
0.198089694,4588
0.198093499,4587
0.198097082,4586
0.198100125,4585
0.198104859,4584
0.198108054,4583
0.198123525,4582
0.198127729,4581
0.198131886,4580
0.198136081,4579
0.198140492,4578
0.198144356,4577
0.198148676,4576
0.198151732,4575
0.198154736,4574
0.198157665,4573
0.198160503,4572
0.19816501,4571
0.198171791,4570
0.198176855,4569
0.198179877,4568
0.198183824,4567
0.19818765,4566
0.198194198,4565
0.198199448,4564
0.198202873,4563
0.198206058,4562
0.198211337,4561
0.198214382,4560
0.198218054,4559
0.198221991,4558
0.198226571,4557
0.198229117,4556
0.198232936,4555
0.198237408,4554
0.198239956,4553
0.198252541,4552
0.198256729,4551
0.198266233,4550
0.198270318,4549
0.198274136,4548
0.198279382,4547
0.198286771,4546
0.198291374,4545
0.198295218,4544
0.198298925,4543
0.1983025,4542
0.198306178,4541
0.198309594,4540
0.198313634,4539
0.198317449,4538
0.198320577,4537
0.198324754,4536
0.198328302,4535
0.198331615,4534
0.198335392,4533
0.19834012,4532
0.198345463,4531
0.198356502,4530
0.198391025,4529
0.198395613,4528
0.198400016,4527
0.198403868,4526
0.198409832,4525
0.198413939,4524
0.19841788,4523
0.198421536,4522
0.198425539,4521
0.198429147,4520
0.198434143,4519
0.198441207,4518
0.198445218,4517
0.198450506,4516
0.198454633,4515
0.19845867,4514
0.198462944,4513
0.198466717,4512
0.1984711,4511
0.19847584,4510
0.198496182,4509
0.198500061,4508
0.198504064,4507
0.198510876,4506
0.198516619,4505
0.198520786,4504
0.198524579,4503
0.198528565,4502
0.198534252,4501
0.198538388,4500
0.198543686,4499
0.198548709,4498
0.198553242,4497
0.198557644,4496
0.198562356,4495
0.198568342,4494
0.198572921,4493
0.198577231,4492
0.198580885,4491
0.198584799,4490
0.198597602,4489
0.198619883,4488
0.198624067,4487
0.19862838,4486
0.19863231,4485
0.19863636,4484
0.198641359,4483
0.198661046,4482
0.198681332,4481
0.198685802,4480
0.198692947,4479
0.198698772,4478
0.198703535,4477
0.198714397,4476
0.198720533,4475
0.198728917,4474
0.19873425,4473
0.198741157,4472
0.198747485,4471
0.198751195,4470
0.198755626,4469
0.198760973,4468
0.198799829,4467
0.198806006,4466
0.198811895,4465
0.19881621,4464
0.198820436,4463
0.198826778,4462
0.198832176,4461
0.198835974,4460
0.198839668,4459
0.19884654,4458
0.198850712,4457
0.19885418,4456
0.198857791,4455
0.198861901,4454
0.198866503,4453
0.198871105,4452
0.198875232,4451
0.198879451,4450
0.19888411,4449
0.19888821,4448
0.198892238,4447
0.198896474,4446
0.198900094,4445
0.198903891,4444
0.198907978,4443
0.198911899,4442
0.198915634,4441
0.198919492,4440
0.198924314,4439
0.198928277,4438
0.198934341,4437
0.198939697,4436
0.198944417,4435
0.198970737,4434
0.198974923,4433
0.19897878,4432
0.198985147,4431
0.19898915,4430
0.198993549,4429
0.198997431,4428
0.199000858,4427
0.199004659,4426
0.199010555,4425
0.199014425,4424
0.199018527,4423
0.199022052,4422
0.199026015,4421
0.199029471,4420
0.199032863,4419
0.199036022,4418
0.199040315,4417
0.199044003,4416
0.19904708,4415
0.199054108,4414
0.199058218,4413
0.199064082,4412
0.199069604,4411
0.199073871,4410
0.199077963,4409
0.199081603,4408
0.199084918,4407
0.199088274,4406
0.199093222,4405
0.199096659,4404
0.19910017,4403
0.199104192,4402
0.199109044,4401
0.199112544,4400
0.199122108,4399
0.199125323,4398
0.199129355,4397
0.199132443,4396
0.19913837,4395
0.199141465,4394
0.199144649,4393
0.199148138,4392
0.199151437,4391
0.199154805,4390
0.199158704,4389
0.199161569,4388
0.199164363,4387
0.199167117,4386
0.199170901,4385
0.199177203,4384
0.199181198,4383
0.199185923,4382
0.199190899,4381
0.19919616,4380
0.199199898,4379
0.199203385,4378
0.199207552,4377
0.199210852,4376
0.19921477,4375
0.199218572,4374
0.199221417,4373
0.199224944,4372
0.199228205,4371
0.199231276,4370
0.199235164,4369
0.19923893,4368
0.199241945,4367
0.19924557,4366
0.199251319,4365
0.199255237,4364
0.199259288,4363
0.199263476,4362
0.19930022,4361
0.199306063,4360
0.199310074,4359
0.199338313,4358
0.199342164,4357
0.199346123,4356
0.199355855,4355
0.199360488,4354
0.199366587,4353
0.199371107,4352
0.199375316,4351
0.199378969,4350
0.199385877,4349
0.199391006,4348
0.199396874,4347
0.199403202,4346
0.199406503,4345
0.199410502,4344
0.199414273,4343
0.199418291,4342
0.199422295,4341
0.1994259,4340
0.199429718,4339
0.19943328,4338
0.199437271,4337
0.199440937,4336
0.199446132,4335
0.199449605,4334
0.19945332,4333
0.19945721,4332
0.199460591,4331
0.199464207,4330
0.199469335,4329
0.199473808,4328
0.199477855,4327
0.199483898,4326
0.199487734,4325
0.19949188,4324
0.199498435,4323
0.199502998,4322
0.199511157,4321
0.199525301,4320
0.199534781,4319
0.199541835,4318
0.199548175,4317
0.199553459,4316
0.199558108,4315
0.199562838,4314
0.199567395,4313
0.199571527,4312
0.199576087,4311
0.199581409,4310
0.199585272,4309
0.199588625,4308
0.199592291,4307
0.199596901,4306
0.199600964,4305
0.199606134,4304
0.199611203,4303
0.199615269,4302
0.199618904,4301
0.19962212,4300
0.199625152,4299
0.199630106,4298
0.199633721,4297
0.199637208,4296
0.19964208,4295
0.199647266,4294
0.199655288,4293
0.199659221,4292
0.199664147,4291
0.199669591,4290
0.199673551,4289
0.199677945,4288
0.19968122,4287
0.199685201,4286
0.199688884,4285
0.199692471,4284
0.199695315,4283
0.199699711,4282
0.199708223,4281
0.19971171,4280
0.199715342,4279
0.199720974,4278
0.19972453,4277
0.199728068,4276
0.199733782,4275
0.199738206,4274
0.199741732,4273
0.199745526,4272
0.199748922,4271
0.199753128,4270
0.199756645,4269
0.19976053,4268
0.199763315,4267
0.199767252,4266
0.199770941,4265
0.199774429,4264
0.19977916,4263
0.199782735,4262
0.199788181,4261
0.199792242,4260
0.199796008,4259
0.199801295,4258
0.199805558,4257
0.199809379,4256
0.199813982,4255
0.199817843,4254
0.199821826,4253
0.199825704,4252
0.199829827,4251
0.199834084,4250
0.199840208,4249
0.199844552,4248
0.199848988,4247
0.199876117,4246
0.199880343,4245
0.199884461,4244
0.199888917,4243
0.199893351,4242
0.19990032,4241
0.199906141,4240
0.19991064,4239
0.199915635,4238
0.199919905,4237
0.199924473,4236
0.199928973,4235
0.19995898,4234
0.199965979,4233
0.200077668,4232
0.200083995,4231
0.200088117,4230
0.200092545,4229
0.200100623,4228
0.200107407,4227
0.200112026,4226
0.200116205,4225
0.200120274,4224
0.200123905,4223
0.200127839,4222
0.200131819,4221
0.20013623,4220
0.200142314,4219
0.20014638,4218
0.2003038,4217
0.200308444,4216
0.200313119,4215
0.200318012,4214
0.200322738,4213
0.200328034,4212
0.200335067,4211
0.200339188,4210
0.200344071,4209
0.200348286,4208
0.200351788,4207
0.200355763,4206
0.200359472,4205
0.200366003,4204
0.200369877,4203
0.200375445,4202
0.200381019,4201
0.20038777,4200
0.200447406,4199
0.200451692,4198
0.200457774,4197
0.200463105,4196
0.200467275,4195
0.200472813,4194
0.200479547,4193
0.200483315,4192
0.200486987,4191
0.20049125,4190
0.200494708,4189
0.200498357,4188
0.200503025,4187
0.200506561,4186
0.200567871,4185
0.200581161,4184
0.200597216,4183
0.229318895,4182
0.229340072,4181
0.229346492,4180
0.229350814,4179
0.229354781,4178
0.229383519,4177
0.229387458,4176
0.229418329,4175
0.229422281,4174
0.229480662,4173
0.229487722,4172
0.22949648,4171
0.229502051,4170
0.229509164,4169
0.229514124,4168
0.229518312,4167
0.229522376,4166
0.229526548,4165
0.229531041,4164
0.229535293,4163
0.229539071,4162
0.229543017,4161
0.22954685,4160
0.229550931,4159
0.229554927,4158
0.229558958,4157
0.229564061,4156
0.229569069,4155
0.229574472,4154
0.229577665,4153
0.229581186,4152
0.229585101,4151
0.229594652,4150
0.229599743,4149
0.229604931,4148
0.229609573,4147
0.229622978,4146
0.229627573,4145
0.229632413,4144
0.229638372,4143
0.229690009,4142
0.229697251,4141
0.229702308,4140
0.229706672,4139
0.229714955,4138
0.229721592,4137
0.229725367,4136
0.229729246,4135
0.229759597,4134
0.22976586,4133
0.229769036,4132
0.229783766,4131
0.229788401,4130
0.229792034,4129
0.229795321,4128
0.229799966,4127
0.229805214,4126
0.229810353,4125
0.229814154,4124
0.229821246,4123
0.229826015,4122
0.229829899,4121
0.22983322,4120
0.229836911,4119
0.229840513,4118
0.229845271,4117
0.22985096,4116
0.229855441,4115
0.229859378,4114
0.229862912,4113
0.229867988,4112
0.229871795,4111
0.229875954,4110
0.229969182,4109
0.229972627,4108
0.229976365,4107
0.229983891,4106
0.22998929,4105
0.229992939,4104
0.229996681,4103
0.230001908,4102
0.23000564,4101
0.230009219,4100
0.230018702,4099
0.230022229,4098
0.230025822,4097
0.230029454,4096
0.230033103,4095
0.230036701,4094
0.230040497,4093
0.230045691,4092
0.230049369,4091
0.230053787,4090
0.230058234,4089
0.230062663,4088
0.230067607,4087
0.230072817,4086
0.230076009,4085
0.230079874,4084
0.23017544,4083
0.23018279,4082
0.23018805,4081
0.230217504,4080
0.230221314,4079
0.230233135,4078
0.230240424,4077
0.230246169,4076
0.230250581,4075
0.230256336,4074
0.230260077,4073
0.230264237,4072
0.230268371,4071
0.23027222,4070
0.230278713,4069
0.230296583,4068
0.230300642,4067
0.230307284,4066
0.230314075,4065
0.230318746,4064
0.230324245,4063
0.230328953,4062
0.230333891,4061
0.230338354,4060
0.230342552,4059
0.230347434,4058
0.230353196,4057
0.230357961,4056
0.23036208,4055
0.230366304,4054
0.230369778,4053
0.230375438,4052
0.230387329,4051
0.230398977,4050
0.230404625,4049
0.230408314,4048
0.230414492,4047
0.230418929,4046
0.230422446,4045
0.230426066,4044
0.230429438,4043
0.230432832,4042
0.230435986,4041
0.230440843,4040
0.230444182,4039
0.230447525,4038
0.230453703,4037
0.230456819,4036
0.230460609,4035
0.230464001,4034
0.230467466,4033
0.230471608,4032
0.230476987,4031
0.230482462,4030
0.230486105,4029
0.230489467,4028
0.230492779,4027
0.230496306,4026
0.230499553,4025
0.230504281,4024
0.230508294,4023
0.230512623,4022
0.230515595,4021
0.23051901,4020
0.230522026,4019
0.230526303,4018
0.230529917,4017
0.230533671,4016
0.230537368,4015
0.230541318,4014
0.230544685,4013
0.230548024,4012
0.230551156,4011
0.230554269,4010
0.230558406,4009
0.230561565,4008
0.230564489,4007
0.230568631,4006
0.230573271,4005
0.230576934,4004
0.230581426,4003
0.230584603,4002
0.230588821,4001
0.230591972,4000
0.230595166,3999
0.230598752,3998
0.230602673,3997
0.230607433,3996
0.230611565,3995
0.230615517,3994
0.230620338,3993
0.230623961,3992
0.230628149,3991
0.230631745,3990
0.230636215,3989
0.230639807,3988
0.230643061,3987
0.230648887,3986
0.230652523,3985
0.230656149,3984
0.230699633,3983
0.230714727,3982
0.230718487,3981
0.23072188,3980
0.230725025,3979
0.230728242,3978
0.230731764,3977
0.230734806,3976
0.230738758,3975
0.230744059,3974
0.23074769,3973
0.230751211,3972
0.230753848,3971
0.230757052,3970
0.230760698,3969
0.230764291,3968
0.230769539,3967
0.230773181,3966
0.230781246,3965
0.230785697,3964
0.230789143,3963
0.230791868,3962
0.230795002,3961
0.230797528,3960
0.230800622,3959
0.230805002,3958
0.230810755,3957
0.230814364,3956
0.230817763,3955
0.230821039,3954
0.230826842,3953
0.230830187,3952
0.230833159,3951
0.230836306,3950
0.230840449,3949
0.230843666,3948
0.230846827,3947
0.230851624,3946
0.230854799,3945
0.230858247,3944
0.230861335,3943
0.230864604,3942
0.230867813,3941
0.23087101,3940
0.230874034,3939
0.230877205,3938
0.230880473,3937
0.230883894,3936
0.230886984,3935
0.230891096,3934
0.230894018,3933
0.230897371,3932
0.230900142,3931
0.230903772,3930
0.230907435,3929
0.230912097,3928
0.23098076,3927
0.230984175,3926
0.230988176,3925
0.230992115,3924
0.230995871,3923
0.231000783,3922
0.231004209,3921
0.231010199,3920
0.231014023,3919
0.231018009,3918
0.2310231,3917
0.23102826,3916
0.231034144,3915
0.231038138,3914
0.23104151,3913
0.231046358,3912
0.231049493,3911
0.231052858,3910
0.231087475,3909
0.231091275,3908
0.231094818,3907
0.231098579,3906
0.231102082,3905
0.231106711,3904
0.231109887,3903
0.23111467,3902
0.231117899,3901
0.231122427,3900
0.231125348,3899
0.231128363,3898
0.231132053,3897
0.231135248,3896
0.231138481,3895
0.2311425,3894
0.23114523,3893
0.231147913,3892
0.231151411,3891
0.231157283,3890
0.231162714,3889
0.231167808,3888
0.231172025,3887
0.231175911,3886
0.231179595,3885
0.231182811,3884
0.231187874,3883
0.231191195,3882
0.231195446,3881
0.231199218,3880
0.231202506,3879
0.23120549,3878
0.231208763,3877
0.23121331,3876
0.231217548,3875
0.231221262,3874
0.231225235,3873
0.231228556,3872
0.231232282,3871
0.2312363,3870
0.231241873,3869
0.231244852,3868
0.231248409,3867
0.231254925,3866
0.231261012,3865
0.231267715,3864
0.231272289,3863
0.231275618,3862
0.231278958,3861
0.231282918,3860
0.231287836,3859
0.231291254,3858
0.231294425,3857
0.231297501,3856
0.231301267,3855
0.231305769,3854
0.231309676,3853
0.231314333,3852
0.231320181,3851
0.231324621,3850
0.231328129,3849
0.23133162,3848
0.231334231,3847
0.231338245,3846
0.231342182,3845
0.231345756,3844
0.231356808,3843
0.231359969,3842
0.231364652,3841
0.231368159,3840
0.231372055,3839
0.231376418,3838
0.231380194,3837
0.231383339,3836
0.231392331,3835
0.231400021,3834
0.231403293,3833
0.231410861,3832
0.232506269,3831
0.232517139,3830
0.232520113,3829
0.232526883,3828
0.232530112,3827
0.232533314,3826
0.23253741,3825
0.232541808,3824
0.232546984,3823
0.232555712,3822
0.23256209,3821
0.232568462,3820
0.232578553,3819
0.232582523,3818
0.232590023,3817
0.232599656,3816
0.232603265,3815
0.232608162,3814
0.232614112,3813
0.232618702,3812
0.232629246,3811
0.232643654,3810
0.232647138,3809
0.232653432,3808
0.232658414,3807
0.232661869,3806
0.232666779,3805
0.232679241,3804
0.232683461,3803
0.23268811,3802
0.232691598,3801
0.23269464,3800
0.232700453,3799
0.23271028,3798
0.232731038,3797
0.23273482,3796
0.232739885,3795
0.232747279,3794
0.232751044,3793
0.232760336,3792
0.232767699,3791
0.232771324,3790
0.232774929,3789
0.232778446,3788
0.232784406,3787
0.232795918,3786
0.232827954,3785
0.232839602,3784
0.232842832,3783
0.232848574,3782
0.232858378,3781
0.232862113,3780
0.232864999,3779
0.232869902,3778
0.23287439,3777
0.232879699,3776
0.232884047,3775
0.232891348,3774
0.232894843,3773
0.232903286,3772
0.232906675,3771
0.232917409,3770
0.232920568,3769
0.232924286,3768
0.232927214,3767
0.232931504,3766
0.232939871,3765
0.232950233,3764
0.232955634,3763
0.232958383,3762
0.232965412,3761
0.232968348,3760
0.232971189,3759
0.232975188,3758
0.232978947,3757
0.232983305,3756
0.232986339,3755
0.232991151,3754
0.232994153,3753
0.232997897,3752
0.233001073,3751
0.233007933,3750
0.23301389,3749
0.233020988,3748
0.233024755,3747
0.233030966,3746
0.233033872,3745
0.233038134,3744
0.233041485,3743
0.233044952,3742
0.233052166,3741
0.23305525,3740
0.233060702,3739
0.233076113,3738
0.233079119,3737
0.233083553,3736
0.233086908,3735
0.233089993,3734
0.23309327,3733
0.233097095,3732
0.233101567,3731
0.23310721,3730
0.233111475,3729
0.233132579,3728
0.233142112,3727
0.233154297,3726
0.233158321,3725
0.233162069,3724
0.23317011,3723
0.233173627,3722
0.233180474,3721
0.233183958,3720
0.233190124,3719
0.233196088,3718
0.233200958,3717
0.233204045,3716
0.233208121,3715
0.233213071,3714
0.233217706,3713
0.233223883,3712
0.233227371,3711
0.233231838,3710
0.233239017,3709
0.233243545,3708
0.233247305,3707
0.233253792,3706
0.233274397,3705
0.233294746,3704
0.233316302,3703
0.233402131,3702
0.233420137,3701
0.233456619,3700
0.233539083,3699
0.233546927,3698
0.233551893,3697
0.233562641,3696
0.233567847,3695
0.233573628,3694
0.233580374,3693
0.23360847,3692
0.233618962,3691
0.233626781,3690
0.233630921,3689
0.233644789,3688
0.233654096,3687
0.233658478,3686
0.23366269,3685
0.233668221,3684
0.2336729,3683
0.233681343,3682
0.23368811,3681
0.233692993,3680
0.233698998,3679
0.233703857,3678
0.233716629,3677
0.233721196,3676
0.233727643,3675
0.233742104,3674
0.233745804,3673
0.233749176,3672
0.23375869,3671
0.233763025,3670
0.233783317,3669
0.233787127,3668
0.233790925,3667
0.233795536,3666
0.233798876,3665
0.23384734,3664
0.233889544,3663
0.233923464,3662
0.233953183,3661
0.23395937,3660
0.23396334,3659
0.23396741,3658
0.233981109,3657
0.233997939,3656
0.234001849,3655
0.234008431,3654
0.23401263,3653
0.23401668,3652
0.234051571,3651
0.234055357,3650
0.234086726,3649
0.234094671,3648
0.234100143,3647
0.234109785,3646
0.234155449,3645
0.234160702,3644
0.234164749,3643
0.234171126,3642
0.234177069,3641
0.23418049,3640
0.234186116,3639
0.234189982,3638
0.234216002,3637
0.234220521,3636
0.234225333,3635
0.234228941,3634
0.234235197,3633
0.234238342,3632
0.234249023,3631
0.234254448,3630
0.234266413,3629
0.234271443,3628
0.234275114,3627
0.234278569,3626
0.234295349,3625
0.234298534,3624
0.234312704,3623
0.234317161,3622
0.234324776,3621
0.234335836,3620
0.234343367,3619
0.234347256,3618
0.234353875,3617
0.234357715,3616
0.234372967,3615
0.234389628,3614
0.234395103,3613
0.235064849,3612
0.235072458,3611
0.235080548,3610
0.23511504,3609
0.23512655,3608
0.235135248,3607
0.235142327,3606
0.235148864,3605
0.235161934,3604
0.235167237,3603
0.235226592,3602
0.235230674,3601
0.235236385,3600
0.235263187,3599
0.235270746,3598
0.235307522,3597
0.23532105,3596
0.235325087,3595
0.235329425,3594
0.235334873,3593
0.235342916,3592
0.235347707,3591
0.235385603,3590
0.23539046,3589
0.235395461,3588
0.235402742,3587
0.235465879,3586
0.235514015,3585
0.235586363,3584
0.23561957,3583
0.235631712,3582
0.235640273,3581
0.235643839,3580
0.235648331,3579
0.235651748,3578
0.235655166,3577
0.235659533,3576
0.235664555,3575
0.235678333,3574
0.235696772,3573
0.235700083,3572
0.235710297,3571
0.235713962,3570
0.235717746,3569
0.235723745,3568
0.235727655,3567
0.23573442,3566
0.235737972,3565
0.235741911,3564
0.235745634,3563
0.235753118,3562
0.235765635,3561
0.235771498,3560
0.235774924,3559
0.235778193,3558
0.235785196,3557
0.235793023,3556
0.235798205,3555
0.235836867,3554
0.23588133,3553
0.235889109,3552
0.235895718,3551
0.235902899,3550
0.235907417,3549
0.235954327,3548
0.235985556,3547
0.236001462,3546
0.236050557,3545
0.236055085,3544
0.236060227,3543
0.236103538,3542
0.236107446,3541
0.236153436,3540
0.236161799,3539
0.236172223,3538
0.236179013,3537
0.236183777,3536
0.236187957,3535
0.236196792,3534
0.236202301,3533
0.236205131,3532
0.236210153,3531
0.236213227,3530
0.236217222,3529
0.236224956,3528
0.236229953,3527
0.236240233,3526
0.236245058,3525
0.236248797,3524
0.236253646,3523
0.236259046,3522
0.236262157,3521
0.236266348,3520
0.236276003,3519
0.236309682,3518
0.236319439,3517
0.236328817,3516
0.236350627,3515
0.236408234,3514
0.236416182,3513
0.236423581,3512
0.236501179,3511
0.236506927,3510
0.236517543,3509
0.236520732,3508
0.236525898,3507
0.236545161,3506
0.236554266,3505
0.236619068,3504
0.237365251,3503
0.237369953,3502
0.237383437,3501
0.237390364,3500
0.237393586,3499
0.237397254,3498
0.23740248,3497
0.237408143,3496
0.23741714,3495
0.237423787,3494
0.23742717,3493
0.23743154,3492
0.237436275,3491
0.237445351,3490
0.237470566,3489
0.237474871,3488
0.237478266,3487
0.237531485,3486
0.237576474,3485
0.237579879,3484
0.237584934,3483
0.237589733,3482
0.237597901,3481
0.237602562,3480
0.237610978,3479
0.23761899,3478
0.237629861,3477
0.237636596,3476
0.237649835,3475
0.237660129,3474
0.237674008,3473
0.237679052,3472
0.237683691,3471
0.237711896,3470
0.237718931,3469
0.237724048,3468
0.237728533,3467
0.237737539,3466
0.237747761,3465
0.237762756,3464
0.237778165,3463
0.237784544,3462
0.237789179,3461
0.237833668,3460
0.237845735,3459
0.237855092,3458
0.237864489,3457
0.237869835,3456
0.237884948,3455
0.237892344,3454
0.237899351,3453
0.237903916,3452
0.237909567,3451
0.237916472,3450
0.237924209,3449
0.237947233,3448
0.237954782,3447
0.237961222,3446
0.237964687,3445
0.237967943,3444
0.237975199,3443
0.237991082,3442
0.238000088,3441
0.238003665,3440
0.23800693,3439
0.238015333,3438
0.238031486,3437
0.238038423,3436
0.238053146,3435
0.238082814,3434
0.238087555,3433
0.23809478,3432
0.238112663,3431
0.238116533,3430
0.238119966,3429
0.238127268,3428
0.238131265,3427
0.238150734,3426
0.238190831,3425
0.238194544,3424
0.238200838,3423
0.238203922,3422
0.238250504,3421
0.238277867,3420
0.238281695,3419
0.238288051,3418
0.238299274,3417
0.238310178,3416
0.238353353,3415
0.238360735,3414
0.238365716,3413
0.238373557,3412
0.238379427,3411
0.238384898,3410
0.238397511,3409
0.23840421,3408
0.238409116,3407
0.238446836,3406
0.238500581,3405
0.238504224,3404
0.238508798,3403
0.238519081,3402
0.238559207,3401
0.238562601,3400
0.238570239,3399
0.238575179,3398
0.238579999,3397
0.23859847,3396
0.238617385,3395
0.238621777,3394
0.238625499,3393
0.239053725,3392
0.239058792,3391
0.23908623,3390
0.239096279,3389
0.239113727,3388
0.239140678,3387
0.239143099,3386
0.239152641,3385
0.239171683,3384
0.239175559,3383
0.239182829,3382
0.239214294,3381
0.239217456,3380
0.239227841,3379
0.239238152,3378
0.239247213,3377
0.239251332,3376
0.239260242,3375
0.239265775,3374
0.239275573,3373
0.239300873,3372
0.23935429,3371
0.239357953,3370
0.239361214,3369
0.239403475,3368
0.239472182,3367
0.239478725,3366
0.239483725,3365
0.239488983,3364
0.239499365,3363
0.239512296,3362
0.239555425,3361
0.239586178,3360
0.239593673,3359
0.239599916,3358
0.239636758,3357
0.240087251,3356
0.240153072,3355
0.240190323,3354
0.24021071,3353
0.240282588,3352
0.240320314,3351
0.240357648,3350
0.240369274,3349
0.240444898,3348
0.240519081,3347
0.24052634,3346
0.240582473,3345
0.240847436,3344
0.240871732,3343
0.24090475,3342
0.240912646,3341
0.240916405,3340
0.240938939,3339
0.240954206,3338
0.240983282,3337
0.241011242,3336
0.241020589,3335
0.241029952,3334
0.241296641,3333
0.241306841,3332
0.241327496,3331
0.241366224,3330
0.241389463,3329
0.241404589,3328
0.241547958,3327
0.241552297,3326
0.24156021,3325
0.241614721,3324
0.241646328,3323
0.241826483,3322
0.24201956,3321
0.242245882,3320
0.242255402,3319
0.242363056,3318
0.242597868,3317
0.242655421,3316
0.242848032,3315
