0.11418337,6061
0.114375908,6060
0.114461597,6059
0.114545628,6058
0.114746052,6057
0.114861948,6056
0.114896032,6055
0.114933174,6054
0.114942517,6053
0.114956105,6052
0.115021415,6051
0.115060226,6050
0.115113038,6049
0.11512071,6048
0.115130411,6047
0.115139531,6046
0.115149503,6045
0.115160834,6044
0.115172025,6043
0.11518926,6042
0.115196845,6041
0.115204284,6040
0.115212153,6039
0.11523964,6038
0.115248998,6037
0.115258629,6036
0.115267005,6035
0.11527446,6034
0.115284595,6033
0.115294214,6032
0.115304041,6031
0.115313399,6030
0.1153241,6029
0.115334332,6028
0.115344423,6027
0.115353313,6026
0.115362015,6025
0.115372005,6024
0.115381466,6023
0.115388454,6022
0.115394777,6021
0.115402768,6020
0.115419616,6019
0.115430571,6018
0.115440119,6017
0.115497532,6016
0.115503802,6015
0.115510278,6014
0.115516375,6013
0.115523583,6012
0.115532162,6011
0.115571705,6010
0.115609971,6009
0.115616927,6008
0.115633321,6007
0.11567744,6006
0.1157149,6005
0.115723626,6004
0.115767881,6003
0.115805198,6002
0.115841397,6001
0.11588073,6000
0.115921414,5999
0.115977106,5998
0.115985099,5997
0.118784209,5996
0.118826066,5995
0.118830462,5994
0.118835626,5993
0.118841468,5992
0.11885343,5991
0.118858076,5990
0.118863878,5989
0.118869062,5988
0.118873484,5987
0.118877771,5986
0.118882102,5985
0.118890336,5984
0.118896313,5983
0.118901297,5982
0.118906477,5981
0.118911173,5980
0.118925413,5979
0.118931741,5978
0.11893644,5977
0.11894034,5976
0.118944189,5975
0.11894838,5974
0.118952576,5973
0.118956908,5972
0.118960908,5971
0.118964997,5970
0.118970583,5969
0.118975559,5968
0.118981148,5967
0.118986342,5966
0.118991417,5965
0.118996206,5964
0.119000574,5963
0.119004943,5962
0.119009035,5961
0.119013893,5960
0.119031603,5959
0.119035718,5958
0.119039556,5957
0.119043395,5956
0.119047339,5955
0.119051012,5954
0.119054587,5953
0.11905811,5952
0.11906171,5951
0.119066719,5950
0.119074623,5949
0.119079148,5948
0.119084028,5947
0.119119833,5946
0.119124739,5945
0.119129897,5944
0.119171466,5943
0.119176237,5942
0.11918094,5941
0.119186567,5940
0.119191368,5939
0.11919608,5938
0.119201766,5937
0.119208227,5936
0.119214896,5935
0.119240476,5934
0.119249862,5933
0.119256756,5932
0.11926143,5931
0.119265995,5930
0.119271051,5929
0.11927616,5928
0.119282579,5927
0.119287437,5926
0.119292341,5925
0.119297566,5924
0.119304886,5923
0.119310606,5922
0.119316625,5921
0.119322964,5920
0.119328187,5919
0.119337481,5918
0.119343227,5917
0.119347304,5916
0.119350956,5915
0.119354875,5914
0.119358567,5913
0.119362577,5912
0.119366182,5911
0.119371676,5910
0.11937771,5909
0.119382098,5908
0.119386091,5907
0.119390556,5906
0.119394563,5905
0.119398322,5904
0.119402377,5903
0.119406103,5902
0.119409727,5901
0.119413758,5900
0.119421484,5899
0.119426702,5898
0.119430683,5897
0.119434609,5896
0.119438336,5895
0.119442078,5894
0.119445731,5893
0.119450712,5892
0.119456602,5891
0.119462705,5890
0.119468873,5889
0.119476676,5888
0.119483446,5887
0.11948918,5886
0.119494364,5885
0.119498991,5884
0.119503298,5883
0.119507426,5882
0.119511645,5881
0.11951575,5880
0.119519697,5879
0.119524483,5878
0.119528866,5877
0.119533182,5876
0.11953716,5875
0.119541154,5874
0.119545198,5873
0.11954924,5872
0.119553642,5871
0.119558338,5870
0.119564741,5869
0.1195701,5868
0.119574214,5867
0.119578014,5866
0.119582053,5865
0.119585925,5864
0.119589867,5863
0.11959333,5862
0.119621338,5861
0.119625817,5860
0.119629537,5859
0.119633477,5858
0.119650624,5857
0.119655359,5856
0.119660028,5855
0.119664876,5854
0.119669375,5853
0.119687675,5852
0.119692272,5851
0.119697896,5850
0.119702225,5849
0.119706235,5848
0.119710364,5847
0.119715982,5846
0.119721379,5845
0.119732551,5844
0.119738749,5843
0.119760432,5842
0.119764974,5841
0.119769512,5840
0.119775297,5839
0.119779994,5838
0.119790641,5837
0.119805569,5836
0.119811688,5835
0.119815709,5834
0.119819289,5833
0.119823509,5832
0.119827333,5831
0.119830757,5830
0.119834363,5829
0.119837776,5828
0.119844,5827
0.119847141,5826
0.119850316,5825
0.11985363,5824
0.119857257,5823
0.119860467,5822
0.119865436,5821
0.119868463,5820
0.119871749,5819
0.119875152,5818
0.119878259,5817
0.119881478,5816
0.119885258,5815
0.119889194,5814
0.119892805,5813
0.119896672,5812
0.119900768,5811
0.119904469,5810
0.11990788,5809
0.119911456,5808
0.119914812,5807
0.119919696,5806
0.119923404,5805
0.119927089,5804
0.119931232,5803
0.119935182,5802
0.119939249,5801
0.119942821,5800
0.119946613,5799
0.119950362,5798
0.119954259,5797
0.119957986,5796
0.119961354,5795
0.119964839,5794
0.119968663,5793
0.11997261,5792
0.119976223,5791
0.119979618,5790
0.119982775,5789
0.119986091,5788
0.119989131,5787
0.119992338,5786
0.1199953,5785
0.119998548,5784
0.120001715,5783
0.120005123,5782
0.120008408,5781
0.120011811,5780
0.120014827,5779
0.120017879,5778
0.120021807,5777
0.120025317,5776
0.120031452,5775
0.120035066,5774
0.120038142,5773
0.120073949,5772
0.120077123,5771
0.12008043,5770
0.120083889,5769
0.120087226,5768
0.120092691,5767
0.1200964,5766
0.12010005,5765
0.120104063,5764
0.120107572,5763
0.120111184,5762
0.120114608,5761
0.120118953,5760
0.120123134,5759
0.120127474,5758
0.120131823,5757
0.120136459,5756
0.120155989,5755
0.120160334,5754
0.120163839,5753
0.120167823,5752
0.120171686,5751
0.120175322,5750
0.120178673,5749
0.120182435,5748
0.120185639,5747
0.120188934,5746
0.120193906,5745
0.120198951,5744
0.120203036,5743
0.12020669,5742
0.120210216,5741
0.120214927,5740
0.120219446,5739
0.120224175,5738
0.120228778,5737
0.120233475,5736
0.120238258,5735
0.120242654,5734
0.120246991,5733
0.120251496,5732
0.120255682,5731
0.120259924,5730
0.120265507,5729
0.120269735,5728
0.120274439,5727
0.120279517,5726
0.120284832,5725
0.120289712,5724
0.120294765,5723
0.12029925,5722
0.12030342,5721
0.120308242,5720
0.12031332,5719
0.120317604,5718
0.120322366,5717
0.120326843,5716
0.120331744,5715
0.120335869,5714
0.12034043,5713
0.120347429,5712
0.120352857,5711
0.120357571,5710
0.120361786,5709
0.120367086,5708
0.120378069,5707
0.120383878,5706
0.120396735,5705
0.120408191,5704
0.120412847,5703
0.120416618,5702
0.120420145,5701
0.120425583,5700
0.120429693,5699
0.12043412,5698
0.120438823,5697
0.12044322,5696
0.12044781,5695
0.120452185,5694
0.120471173,5693
0.120476277,5692
0.120481368,5691
0.120505754,5690
0.120509894,5689
0.120513638,5688
0.120517513,5687
0.120523033,5686
0.120535165,5685
0.120547547,5684
0.120559832,5683
0.120564307,5682
0.12056905,5681
0.120573161,5680
0.120577243,5679
0.120584722,5678
0.120589413,5677
0.120593784,5676
0.120598067,5675
0.120602924,5674
0.120607483,5673
0.120611842,5672
0.120615981,5671
0.120620586,5670
0.12062496,5669
0.120628863,5668
0.120633223,5667
0.120637224,5666
0.120640806,5665
0.120644168,5664
0.120647359,5663
0.120651699,5662
0.120655882,5661
0.120660171,5660
0.120664538,5659
0.120670519,5658
0.120681141,5657
0.120687231,5656
0.12069286,5655
0.120698781,5654
0.120704033,5653
0.120709646,5652
0.120715775,5651
0.120723615,5650
0.1207297,5649
0.120734227,5648
0.120749605,5647
0.120753545,5646
0.120785764,5645
0.120791846,5644
0.12082917,5643
0.120835898,5642
0.12086947,5641
0.120875763,5640
0.120881157,5639
0.120886381,5638
0.120891012,5637
0.120895993,5636
0.12090134,5635
0.120905587,5634
0.120910446,5633
0.120914972,5632
0.120919432,5631
0.120925968,5630
0.120931093,5629
0.120936082,5628
0.120940883,5627
0.120945433,5626
0.120949989,5625
0.120955226,5624
0.120959223,5623
0.120963118,5622
0.120967035,5621
0.120970794,5620
0.120975084,5619
0.120981466,5618
0.120986967,5617
0.120991377,5616
0.120996116,5615
0.121000561,5614
0.12100507,5613
0.121009852,5612
0.121014089,5611
0.121017904,5610
0.121022004,5609
0.12102632,5608
0.121030456,5607
0.121034389,5606
0.121038395,5605
0.121042487,5604
0.121046733,5603
0.121053069,5602
0.121058002,5601
0.121062191,5600
0.12106641,5599
0.121071138,5598
0.121075005,5597
0.121078748,5596
0.121082483,5595
0.121086488,5594
0.121092106,5593
0.121096044,5592
0.121101008,5591
0.121106018,5590
0.121110428,5589
0.121114259,5588
0.121118216,5587
0.121121797,5586
0.121125241,5585
0.121129035,5584
0.121132747,5583
0.121136005,5582
0.121139535,5581
0.121143186,5580
0.121146709,5579
0.121150033,5578
0.121153686,5577
0.121157781,5576
0.121161476,5575
0.121165516,5574
0.121168499,5573
0.121171621,5572
0.121176171,5571
0.121179966,5570
0.121185585,5569
0.121189707,5568
0.121192826,5567
0.121196383,5566
0.12119954,5565
0.121202304,5564
0.121205641,5563
0.121210224,5562
0.121214045,5561
0.121218066,5560
0.121222677,5559
0.121227429,5558
0.12123154,5557
0.12123584,5556
0.121240971,5555
0.121246073,5554
0.121250981,5553
0.121255653,5552
0.121263806,5551
0.121294972,5550
0.121298952,5549
0.121324839,5548
0.121328044,5547
0.121330736,5546
0.121333445,5545
0.121336121,5544
0.121338515,5543
0.121341347,5542
0.121344031,5541
0.121346777,5540
0.125437076,5539
0.125454859,5538
0.125459819,5537
0.125464371,5536
0.12548449,5535
0.125489893,5534
0.125493708,5533
0.125496546,5532
0.125499552,5531
0.125501934,5530
0.125504349,5529
0.125506871,5528
0.125509047,5527
0.125511514,5526
0.125522598,5525
0.125524991,5524
0.125527617,5523
0.125530926,5522
0.125533953,5521
0.125536713,5520
0.12553929,5519
0.125542074,5518
0.125544744,5517
0.125547644,5516
0.125550356,5515
0.125553388,5514
0.125556298,5513
0.125559701,5512
0.12556327,5511
0.12556656,5510
0.125570417,5509
0.125573459,5508
0.125578605,5507
0.125581658,5506
0.125584436,5505
0.125586987,5504
0.125590364,5503
0.125594101,5502
0.125597285,5501
0.125600385,5500
0.125603438,5499
0.125606224,5498
0.125609031,5497
0.125611567,5496
0.125618344,5495
0.125620979,5494
0.125623686,5493
0.125626064,5492
0.125628519,5491
0.125631181,5490
0.125633694,5489
0.125636267,5488
0.125639919,5487
0.125642793,5486
0.125645538,5485
0.125648436,5484
0.12565113,5483
0.125653657,5482
0.125656414,5481
0.125659167,5480
0.125662071,5479
0.125665075,5478
0.125667821,5477
0.125670475,5476
0.125673355,5475
0.125675958,5474
0.125678291,5473
0.12568098,5472
0.125683816,5471
0.125686547,5470
0.125689271,5469
0.125692111,5468
0.125694531,5467
0.125697252,5466
0.125699761,5465
0.125702512,5464
0.125705487,5463
0.125708389,5462
0.125710902,5461
0.12571345,5460
0.12571591,5459
0.125718445,5458
0.125720862,5457
0.125723131,5456
0.125726144,5455
0.125728287,5454
0.125757133,5453
0.125760932,5452
0.125763876,5451
0.125767156,5450
0.125769706,5449
0.125771931,5448
0.125774225,5447
0.125776837,5446
0.125779188,5445
0.125781492,5444
0.125783853,5443
0.125786089,5442
0.125788516,5441
0.125792327,5440
0.125796237,5439
0.125833706,5438
0.125837573,5437
0.125846504,5436
0.125850248,5435
0.125853723,5434
0.125857527,5433
0.12586064,5432
0.125864193,5431
0.125868298,5430
0.125871226,5429
0.125874239,5428
0.12587758,5427
0.125880895,5426
0.125883958,5425
0.125886853,5424
0.125889689,5423
0.12589244,5422
0.125896265,5421
0.125899744,5420
0.125902909,5419
0.125906886,5418
0.125910008,5417
0.125913859,5416
0.125917626,5415
0.125921205,5414
0.125924381,5413
0.12592726,5412
0.125931137,5411
0.125934155,5410
0.125937572,5409
0.125941323,5408
0.125944119,5407
0.125947278,5406
0.125949994,5405
0.125952721,5404
0.125955348,5403
0.125984196,5402
0.125987175,5401
0.125990023,5400
0.125992445,5399
0.126040213,5398
0.126079036,5397
0.126085382,5396
0.126089111,5395
0.126092693,5394
0.126095881,5393
0.126099078,5392
0.12610206,5391
0.126104991,5390
0.126109854,5389
0.126113652,5388
0.126117214,5387
0.126120413,5386
0.126123491,5385
0.126126703,5384
0.126129911,5383
0.126132961,5382
0.12613659,5381
0.126139717,5380
0.126142571,5379
0.126146682,5378
0.126197113,5377
0.12620078,5376
0.126203852,5375
0.126207127,5374
0.126212244,5373
0.126215603,5372
0.126220076,5371
0.126223443,5370
0.126226749,5369
0.126230324,5368
0.126233772,5367
0.126241403,5366
0.126245007,5365
0.126247992,5364
0.126250987,5363
0.126253919,5362
0.126256759,5361
0.126260147,5360
0.126263281,5359
0.12626641,5358
0.126269931,5357
0.12627271,5356
0.126275551,5355
0.126278028,5354
0.126280207,5353
0.126282524,5352
0.126284611,5351
0.126286686,5350
0.126288947,5349
0.126291091,5348
0.126293106,5347
0.126295135,5346
0.126298474,5345
0.126301375,5344
0.126304467,5343
0.12630754,5342
0.126310536,5341
0.126313551,5340
0.126316418,5339
0.126319579,5338
0.126322846,5337
0.126325942,5336
0.126329052,5335
0.126332182,5334
0.12633522,5333
0.12633803,5332
0.12634079,5331
0.126344,5330
0.126346934,5329
0.126349888,5328
0.126352796,5327
0.126355713,5326
0.126358339,5325
0.126361365,5324
0.126364416,5323
0.126367976,5322
0.126370979,5321
0.126373938,5320
0.126376524,5319
0.126379329,5318
0.126382223,5317
0.126385027,5316
0.126388161,5315
0.126392174,5314
0.126395416,5313
0.12639841,5312
0.126400987,5311
0.126403661,5310
0.126406296,5309
0.12640849,5308
0.126411244,5307
0.126413747,5306
0.126416709,5305
0.126419253,5304
0.126421813,5303
0.12642437,5302
0.126426962,5301
0.126429419,5300
0.12643137,5299
0.126433489,5298
0.126435399,5297
0.126438341,5296
0.126441303,5295
0.1264443,5294
0.126448351,5293
0.126451646,5292
0.126455381,5291
0.126459961,5290
0.126462994,5289
0.126466559,5288
0.126469945,5287
0.126473142,5286
0.126476442,5285
0.126479212,5284
0.126482196,5283
0.126485693,5282
0.126489063,5281
0.126492154,5280
0.126494602,5279
0.126497144,5278
0.126499858,5277
0.126531013,5276
0.126534079,5275
0.126536318,5274
0.126538778,5273
0.126541922,5272
0.126544358,5271
0.126546821,5270
0.126551941,5269
0.126555262,5268
0.126558772,5267
0.126561964,5266
0.126565143,5265
0.126568719,5264
0.126572049,5263
0.126575181,5262
0.126578619,5261
0.126581919,5260
0.12658465,5259
0.126586967,5258
0.126589694,5257
0.126592571,5256
0.126595535,5255
0.126598913,5254
0.126602273,5253
0.126604976,5252
0.126607446,5251
0.126610236,5250
0.126612788,5249
0.12661541,5248
0.126617976,5247
0.126620989,5246
0.126624434,5245
0.126627358,5244
0.126629907,5243
0.126632644,5242
0.126635341,5241
0.126638058,5240
0.126640465,5239
0.126642726,5238
0.126645398,5237
0.126647547,5236
0.126651347,5235
0.126656398,5234
0.126681019,5233
0.126684927,5232
0.126688441,5231
0.126692514,5230
0.126696349,5229
0.1266989,5228
0.126702325,5227
0.126705742,5226
0.126708876,5225
0.126711292,5224
0.126713705,5223
0.126715887,5222
0.12671845,5221
0.126721098,5220
0.12672503,5219
0.126728851,5218
0.126732613,5217
0.126736114,5216
0.126765169,5215
0.126769018,5214
0.126772677,5213
0.126775763,5212
0.126778884,5211
0.126781837,5210
0.126784468,5209
0.126786889,5208
0.126825208,5207
0.126829287,5206
0.126833533,5205
0.126837625,5204
0.126841132,5203
0.126844337,5202
0.126847838,5201
0.126851851,5200
0.126855443,5199
0.126859285,5198
0.126862672,5197
0.126865922,5196
0.126868381,5195
0.126870701,5194
0.126873316,5193
0.126876468,5192
0.12687959,5191
0.126882267,5190
0.128762152,5189
0.1287671,5188
0.128770229,5187
0.128773679,5186
0.128776966,5185
0.128782308,5184
0.128793283,5183
0.128796938,5182
0.128800361,5181
0.128803808,5180
0.128807075,5179
0.128810787,5178
0.128815544,5177
0.128819059,5176
0.128822531,5175
0.128826311,5174
0.128829431,5173
0.128832672,5172
0.128835681,5171
0.128838698,5170
0.12884188,5169
0.128845075,5168
0.128848405,5167
0.128851974,5166
0.128855526,5165
0.128858976,5164
0.128863061,5163
0.128867697,5162
0.128871012,5161
0.12887589,5160
0.128879559,5159
0.128883187,5158
0.128887188,5157
0.128891045,5156
0.128894749,5155
0.128898352,5154
0.128902602,5153
0.12890634,5152
0.128909581,5151
0.128914204,5150
0.128918073,5149
0.128921433,5148
0.12892516,5147
0.128928756,5146
0.128932656,5145
0.128937285,5144
0.128941702,5143
0.128945924,5142
0.128949818,5141
0.128981825,5140
0.12898595,5139
0.129021019,5138
0.129025419,5137
0.129065593,5136
0.12907036,5135
0.129075071,5134
0.129079898,5133
0.129086349,5132
0.12909073,5131
0.129100832,5130
0.129139531,5129
0.129144469,5128
0.129150697,5127
0.12915448,5126
0.129158527,5125
0.129162552,5124
0.129169582,5123
0.129175352,5122
0.129179745,5121
0.129192079,5120
0.129203866,5119
0.129216998,5118
0.129266912,5117
0.129271153,5116
0.129274664,5115
0.129277908,5114
0.129280955,5113
0.129284683,5112
0.12928794,5111
0.129299862,5110
0.129303506,5109
0.129307473,5108
0.129311257,5107
0.129315556,5106
0.129322016,5105
0.12932569,5104
0.129329243,5103
0.129333813,5102
0.129337533,5101
0.129340518,5100
0.129345119,5099
0.129348295,5098
0.129351729,5097
0.129356123,5096
0.129361618,5095
0.129365176,5094
0.129368946,5093
0.129374227,5092
0.129377847,5091
0.129381631,5090
0.129385112,5089
0.129388639,5088
0.12939203,5087
0.129395428,5086
0.129398963,5085
0.12940234,5084
0.129405358,5083
0.129408585,5082
0.129412863,5081
0.129415963,5080
0.129419323,5079
0.12942362,5078
0.129426626,5077
0.129430592,5076
0.12943442,5075
0.129438031,5074
0.129441618,5073
0.129447928,5072
0.129463933,5071
0.12946815,5070
0.129473469,5069
0.12947819,5068
0.1294826,5067
0.129486717,5066
0.129490614,5065
0.129494943,5064
0.129499173,5063
0.129503576,5062
0.129508178,5061
0.129512012,5060
0.129515976,5059
0.129519869,5058
0.129523397,5057
0.129528297,5056
0.129532109,5055
0.129537089,5054
0.129541039,5053
0.129545082,5052
0.129549324,5051
0.129562702,5050
0.129565902,5049
0.12957013,5048
0.129574351,5047
0.129577431,5046
0.12958021,5045
0.129583002,5044
0.12958573,5043
0.129589562,5042
0.129592519,5041
0.129596631,5040
0.129599679,5039
0.12960267,5038
0.129606188,5037
0.129610154,5036
0.129612803,5035
0.129615704,5034
0.129619357,5033
0.129626167,5032
0.129628804,5031
0.129632466,5030
0.129635634,5029
0.129638618,5028
0.129642211,5027
0.129647088,5026
0.129649941,5025
0.12965343,5024
0.12965817,5023
0.129662385,5022
0.129665578,5021
0.129669501,5020
0.12967314,5019
0.129676407,5018
0.129682487,5017
0.129685428,5016
0.129689559,5015
0.129692791,5014
0.129696231,5013
0.129700704,5012
0.129704902,5011
0.129707906,5010
0.129710697,5009
0.129714463,5008
0.129717208,5007
0.129720208,5006
0.129723685,5005
0.129727,5004
0.129731094,5003
0.129735311,5002
0.129738831,5001
0.12974292,5000
0.129746924,4999
0.129751386,4998
0.129754366,4997
0.129757082,4996
0.129760902,4995
0.129764303,4994
0.129767982,4993
0.12977254,4992
0.12977563,4991
0.129778427,4990
0.129782909,4989
0.129786681,4988
0.129789545,4987
0.12979309,4986
0.129798051,4985
0.129800873,4984
0.129804379,4983
0.129807226,4982
0.129819193,4981
0.129823802,4980
0.129827047,4979
0.129830725,4978
0.129833274,4977
0.129836519,4976
0.129840317,4975
0.129844729,4974
0.129847782,4973
0.129850622,4972
0.129853684,4971
0.129856237,4970
0.129858821,4969
0.12986175,4968
0.129864252,4967
0.129867027,4966
0.129869742,4965
0.129872224,4964
0.129874861,4963
0.129877438,4962
0.129881177,4961
0.129883578,4960
0.129886041,4959
0.129889579,4958
0.129893028,4957
0.129895677,4956
0.129898651,4955
0.129901281,4954
0.129904034,4953
0.129906986,4952
0.129910147,4951
0.129914132,4950
0.129917094,4949
0.129919832,4948
0.129922735,4947
0.129925963,4946
0.129928534,4945
0.129930845,4944
0.129934865,4943
0.129938444,4942
0.129941838,4941
0.129945671,4940
0.129948229,4939
0.129952217,4938
0.129955315,4937
0.129958315,4936
0.129962863,4935
0.129966111,4934
0.129968987,4933
0.129972864,4932
0.129975548,4931
0.12997834,4930
0.129981329,4929
0.129983957,4928
0.129987121,4927
0.129990117,4926
0.129993314,4925
0.129996713,4924
0.129999382,4923
0.130002316,4922
0.130004875,4921
0.130008435,4920
0.13001122,4919
0.13001415,4918
0.130016742,4917
0.130056733,4916
0.130061242,4915
0.130065759,4914
0.130069079,4913
0.130073632,4912
0.130077952,4911
0.130082054,4910
0.13008595,4909
0.130090312,4908
0.130093602,4907
0.130097171,4906
0.130100842,4905
0.130104679,4904
0.130108176,4903
0.130112161,4902
0.130117147,4901
0.130120956,4900
0.130124619,4899
0.130131396,4898
0.130135005,4897
0.130138513,4896
0.130141398,4895
0.130144546,4894
0.130149139,4893
0.130153547,4892
0.130156809,4891
0.130160436,4890
0.130163044,4889
0.130167102,4888
0.130170411,4887
0.130175947,4886
0.130179967,4885
0.130183737,4884
0.130188689,4883
0.130191311,4882
0.13019487,4881
0.130198569,4880
0.130202617,4879
0.130221613,4878
0.130233271,4877
0.130248033,4876
0.130261972,4875
0.130317117,4874
0.130334572,4873
0.13034209,4872
0.130352129,4871
0.130356174,4870
0.130362697,4869
0.130366777,4868
0.130369567,4867
0.130373297,4866
0.130376244,4865
0.13037901,4864
0.13038176,4863
0.130384246,4862
0.130388359,4861
0.130391726,4860
0.130394634,4859
0.130397393,4858
0.130400041,4857
0.130403656,4856
0.13040656,4855
0.13041054,4854
0.130414661,4853
0.130417614,4852
0.130420669,4851
0.130425067,4850
0.130429037,4849
0.130431905,4848
0.130434672,4847
0.13043885,4846
0.13044352,4845
0.130446908,4844
0.130450449,4843
0.130453419,4842
0.130456772,4841
0.130460462,4840
0.13046369,4839
0.130469456,4838
0.130473186,4837
0.130478918,4836
0.130482561,4835
0.130485552,4834
0.130488601,4833
0.130491232,4832
0.130495215,4831
0.130498103,4830
0.130502369,4829
0.13050538,4828
0.130508408,4827
0.130511611,4826
0.130514372,4825
0.130519082,4824
0.130522035,4823
0.130524985,4822
0.13052781,4821
0.130530535,4820
0.130535369,4819
0.130538026,4818
0.130540829,4817
0.130543748,4816
0.130546643,4815
0.130552439,4814
0.130555433,4813
0.130559066,4812
0.130566631,4811
0.130570705,4810
0.130573903,4809
0.130579275,4808
0.130582054,4807
0.130584875,4806
0.130587728,4805
0.130590486,4804
0.130593109,4803
0.130596793,4802
0.130600353,4801
0.130603365,4800
0.130606849,4799
0.130609338,4798
0.130611759,4797
0.130614906,4796
0.13061823,4795
0.130620651,4794
0.130623179,4793
0.130633434,4792
0.13063762,4791
0.130641651,4790
0.130644619,4789
0.130647441,4788
0.130650499,4787
0.130653631,4786
0.130656522,4785
0.130659762,4784
0.130662485,4783
0.130667026,4782
0.13067013,4781
0.130673539,4780
0.130677457,4779
0.130681118,4778
0.130684812,4777
0.130688376,4776
0.130692531,4775
0.130695636,4774
0.130702396,4773
0.130714086,4772
0.130718502,4771
0.130721274,4770
0.130724285,4769
0.130727133,4768
0.130731207,4767
0.130736315,4766
0.130739482,4765
0.130742494,4764
0.130745615,4763
0.130748848,4762
0.130752104,4761
0.130756791,4760
0.13076087,4759
0.130774927,4758
0.130778389,4757
0.13078482,4756
0.130787791,4755
0.130791418,4754
0.130795005,4753
0.130798512,4752
0.130802141,4751
0.13080476,4750
0.130807815,4749
0.130811862,4748
0.130816132,4747
0.130820085,4746
0.130824085,4745
0.130827181,4744
0.130832054,4743
0.130842085,4742
0.130846218,4741
0.130850669,4740
0.130854877,4739
0.13085755,4738
0.130862447,4737
0.130866121,4736
0.130869043,4735
0.130873104,4734
0.130876178,4733
0.130879075,4732
0.130882422,4731
0.130885148,4730
0.130887934,4729
0.130892823,4728
0.1308962,4727
0.130899246,4726
0.130902144,4725
0.13090489,4724
0.130907547,4723
0.130910373,4722
0.130913108,4721
0.130916258,4720
0.130921014,4719
0.13092427,4718
0.130927019,4717
0.130930346,4716
0.130932894,4715
0.130938288,4714
0.130941018,4713
0.130943668,4712
0.130948433,4711
0.130952054,4710
0.130954887,4709
0.130957531,4708
0.131003222,4707
0.131006086,4706
0.131009192,4705
0.131011823,4704
0.131014967,4703
0.131017826,4702
0.131020618,4701
0.131026809,4700
0.131030233,4699
0.13103335,4698
0.131035881,4697
0.131042011,4696
0.131045161,4695
0.131048074,4694
0.131051753,4693
0.131054836,4692
0.131057899,4691
0.131060225,4690
0.13106394,4689
0.131067763,4688
0.131073333,4687
0.131076777,4686
0.131091786,4685
0.131094632,4684
0.131098687,4683
0.131101219,4682
0.131104028,4681
0.131106344,4680
0.13110858,4679
0.131110905,4678
0.131115116,4677
0.131119714,4676
0.131123236,4675
0.131128263,4674
0.131132225,4673
0.131135517,4672
0.13113903,4671
0.131142423,4670
0.131146048,4669
0.131149342,4668
0.131153001,4667
0.13115786,4666
0.131160997,4665
0.131163789,4664
0.131167273,4663
0.13117056,4662
0.131173654,4661
0.131177952,4660
0.131180893,4659
0.131184007,4658
0.131187258,4657
0.131190399,4656
0.13119346,4655
0.13119702,4654
0.131200316,4653
0.131203656,4652
0.131207137,4651
0.131210256,4650
0.131214483,4649
0.131219191,4648
0.131222312,4647
0.13122539,4646
0.13122796,4645
0.131230316,4644
0.13123461,4643
0.131237839,4642
0.131240732,4641
0.131243796,4640
0.131247174,4639
0.131251534,4638
0.131254986,4637
0.131258307,4636
0.1312613,4635
0.131264883,4634
0.131268235,4633
0.131271002,4632
0.131273828,4631
0.131281634,4630
0.131285318,4629
0.131288459,4628
0.131290966,4627
0.131294227,4626
0.131298536,4625
0.131301718,4624
0.131304558,4623
0.131307736,4622
0.131311733,4621
0.13131454,4620
0.131317519,4619
0.131320601,4618
0.131323397,4617
0.131325924,4616
0.13132976,4615
0.131332559,4614
0.131335134,4613
0.131338313,4612
0.131341862,4611
0.131344579,4610
0.131347211,4609
0.131349894,4608
0.131356455,4607
0.131359584,4606
0.13136261,4605
0.131366407,4604
0.131368865,4603
0.131371667,4602
0.131374061,4601
0.131378287,4600
0.13138121,4599
0.131383998,4598
0.131387325,4597
0.131391351,4596
0.13139487,4595
0.131397439,4594
0.131400106,4593
0.131402927,4592
0.131406278,4591
0.131409489,4590
0.131414146,4589
0.131420922,4588
0.131426793,4587
0.131429521,4586
0.131432764,4585
0.131435515,4584
0.131438819,4583
0.131443075,4582
0.13144654,4581
0.131450005,4580
0.131453602,4579
0.131458852,4578
0.131461815,4577
0.131465958,4576
0.131469028,4575
0.131472873,4574
0.131477926,4573
0.13148192,4572
0.131489028,4571
0.131494023,4570
0.131497283,4569
0.131501163,4568
0.131504792,4567
0.131508947,4566
0.131512281,4565
0.131514852,4564
0.131519098,4563
0.131521948,4562
0.131524963,4561
0.131528601,4560
0.131532573,4559
0.131537119,4558
0.131540092,4557
0.131542871,4556
0.131545802,4555
0.131550162,4554
0.131553494,4553
0.131556452,4552
0.131559255,4551
0.131562179,4550
0.13156709,4549
0.131570393,4548
0.131573043,4547
0.131576009,4546
0.131578616,4545
0.131581589,4544
0.131584163,4543
0.131586741,4542
0.131589318,4541
0.131593247,4540
0.131596587,4539
0.13160045,4538
0.131602684,4537
0.131605375,4536
0.131608434,4535
0.13162723,4534
0.131629578,4533
0.131632357,4532
0.131635098,4531
0.131637655,4530
0.13165868,4529
0.131661733,4528
0.13166499,4527
0.131668555,4526
0.131672279,4525
0.13167648,4524
0.131680294,4523
0.131683131,4522
0.131688014,4521
0.131694081,4520
0.131697156,4519
0.131699777,4518
0.13170365,4517
0.131708664,4516
0.131711754,4515
0.131714967,4514
0.13171807,4513
0.131720695,4512
0.131723579,4511
0.13172634,4510
0.131730076,4509
0.131733479,4508
0.131738306,4507
0.131741058,4506
0.131744919,4505
0.131747505,4504
0.131750272,4503
0.131752754,4502
0.131756235,4501
0.131759345,4500
0.131762823,4499
0.131765743,4498
0.131769099,4497
0.131772374,4496
0.131776784,4495
0.131780213,4494
0.131784109,4493
0.131787563,4492
0.131790725,4491
0.131794757,4490
0.131798457,4489
0.131803435,4488
0.131807445,4487
0.131811229,4486
0.131815297,4485
0.131819453,4484
0.131822468,4483
0.131826504,4482
0.131829473,4481
0.131832275,4480
0.131835235,4479
0.131838053,4478
0.131841008,4477
0.131843897,4476
0.131846685,4475
0.131851411,4474
0.131855071,4473
0.13185949,4472
0.131862967,4471
0.13186689,4470
0.131870113,4469
0.131873177,4468
0.131875742,4467
0.13187894,4466
0.131881949,4465
0.131884748,4464
0.131887716,4463
0.131890416,4462
0.131893435,4461
0.131896164,4460
0.131898944,4459
0.131902981,4458
0.131905514,4457
0.131913543,4456
0.131918784,4455
0.131921924,4454
0.131929324,4453
0.131933006,4452
0.131936028,4451
0.131940017,4450
0.131942979,4449
0.131946893,4448
0.131950492,4447
0.13195355,4446
0.131957727,4445
0.131961604,4444
0.13196629,4443
0.131970306,4442
0.131973817,4441
0.131976821,4440
0.131979699,4439
0.131984068,4438
0.131988785,4437
0.131996134,4436
0.132000272,4435
0.132003335,4434
0.132007178,4433
0.132012282,4432
0.132015277,4431
0.13201942,4430
0.132023445,4429
0.132026847,4428
0.132030711,4427
0.132035245,4426
0.132038178,4425
0.132042007,4424
0.13204767,4423
0.13205069,4422
0.132053948,4421
0.132058835,4420
0.132062697,4419
0.13206675,4418
0.132069724,4417
0.132072707,4416
0.132076527,4415
0.13208042,4414
0.132083397,4413
0.132086143,4412
0.132089731,4411
0.132094687,4410
0.132097946,4409
0.132100433,4408
0.132103222,4407
0.132106789,4406
0.132109689,4405
0.132112246,4404
0.13212028,4403
0.132123411,4402
0.132126516,4401
0.132129948,4400
0.132133714,4399
0.132136647,4398
0.132140276,4397
0.132145151,4396
0.132148162,4395
0.132151434,4394
0.132154584,4393
0.132157105,4392
0.13216107,4391
0.132163703,4390
0.132166456,4389
0.132169475,4388
0.132172168,4387
0.132176412,4386
0.132178855,4385
0.132181464,4384
0.132186454,4383
0.132189455,4382
0.132192055,4381
0.132196269,4380
0.132198991,4379
0.132201443,4378
0.132204073,4377
0.132206416,4376
0.132208759,4375
0.132211206,4374
0.13221354,4373
0.132215896,4372
0.132218079,4371
0.132220357,4370
0.132223163,4369
0.132225752,4368
0.132228086,4367
0.132230609,4366
0.132232973,4365
0.132235441,4364
0.132239378,4363
0.132241939,4362
0.13224463,4361
0.132248968,4360
0.132251512,4359
0.132254012,4358
0.132256531,4357
0.132261293,4356
0.132264555,4355
0.132266868,4354
0.13226935,4353
0.132271828,4352
0.132275312,4351
0.132277775,4350
0.132280531,4349
0.132284148,4348
0.132288395,4347
0.132290788,4346
0.13229507,4345
0.132297236,4344
0.13229956,4343
0.132301769,4342
0.13230389,4341
0.132306886,4340
0.132309125,4339
0.13231134,4338
0.132313358,4337
0.132315445,4336
0.132317742,4335
0.132321407,4334
0.132323825,4333
0.132326164,4332
0.132328412,4331
0.132330776,4330
0.132335271,4329
0.132338491,4328
0.132341728,4327
0.132344882,4326
0.13234825,4325
0.132351574,4324
0.132355001,4323
0.132358672,4322
0.132361289,4321
0.132363731,4320
0.132367135,4319
0.13236975,4318
0.132373373,4317
0.132376438,4316
0.132379254,4315
0.132381933,4314
0.13238574,4313
0.132390103,4312
0.13239307,4311
0.132396265,4310
0.132399359,4309
0.132402416,4308
0.132405077,4307
0.132408283,4306
0.132411356,4305
0.132416031,4304
0.132419127,4303
0.132422099,4302
0.132425316,4301
0.132428623,4300
0.132432803,4299
0.132436406,4298
0.13244096,4297
0.132443861,4296
0.132447133,4295
0.132452577,4294
0.132455931,4293
0.132459728,4292
0.132469002,4291
0.132472589,4290
0.132475413,4289
0.132479018,4288
0.132483214,4287
0.13248664,4286
0.132492061,4285
0.132496586,4284
0.132500452,4283
0.132504006,4282
0.132508239,4281
0.132511619,4280
0.132515729,4279
0.132518959,4278
0.13252343,4277
0.132526104,4276
0.132528798,4275
0.132532219,4274
0.132535728,4273
0.132539015,4272
0.132542116,4271
0.132547858,4270
0.132552037,4269
0.132556302,4268
0.132559245,4267
0.132561947,4266
0.132565711,4265
0.13256935,4264
0.132573189,4263
0.132577665,4262
0.132581165,4261
0.132585126,4260
0.132590546,4259
0.132595701,4258
0.132599141,4257
0.132603729,4256
0.132607906,4255
0.132610999,4254
0.13261373,4253
0.13261732,4252
0.13262071,4251
0.13262374,4250
0.132628405,4249
0.132632906,4248
0.132636116,4247
0.132639353,4246
0.132642662,4245
0.132646195,4244
0.13264941,4243
0.132653839,4242
0.132657329,4241
0.132661418,4240
0.132667027,4239
0.132670659,4238
0.132675473,4237
0.132679131,4236
0.132682916,4235
0.132686739,4234
0.132699481,4233
0.132703391,4232
0.132706872,4231
0.132710125,4230
0.132714139,4229
0.132717708,4228
0.132735967,4227
0.132740969,4226
0.132780638,4225
0.132785072,4224
0.132789384,4223
0.132793982,4222
0.13280596,4221
0.132810237,4220
0.132814268,4219
0.132820511,4218
0.132823894,4217
0.132827903,4216
0.13283171,4215
0.132835302,4214
0.132847402,4213
0.132851822,4212
0.132866275,4211
0.132872058,4210
0.132875888,4209
0.132879086,4208
0.132883141,4207
0.132886075,4206
0.132888879,4205
0.132892099,4204
0.132896185,4203
0.132899055,4202
0.13290213,4201
0.132905286,4200
0.132908305,4199
0.132911114,4198
0.132914718,4197
0.132917951,4196
0.132920757,4195
0.132924527,4194
0.132927544,4193
0.132931165,4192
0.132933925,4191
0.132939063,4190
0.132942983,4189
0.132946764,4188
0.132950233,4187
0.132953642,4186
0.132956738,4185
0.132962101,4184
0.132967135,4183
0.132996512,4182
0.133000687,4181
0.1330048,4180
0.133008302,4179
0.133012219,4178
0.133015644,4177
0.133019525,4176
0.133028056,4175
0.133036198,4174
0.133039988,4173
0.133043018,4172
0.133045817,4171
0.133049649,4170
0.133054285,4169
0.133057539,4168
0.133061008,4167
0.133064343,4166
0.13306778,4165
0.133071215,4164
0.133075701,4163
0.133079275,4162
0.133082761,4161
0.133086038,4160
0.133089472,4159
0.133092807,4158
0.133132332,4157
0.13313611,4156
0.1331409,4155
0.13314428,4154
0.133148128,4153
0.133596668,4152
0.13360622,4151
0.133616168,4150
0.133620131,4149
0.133625021,4148
0.133629193,4147
0.133633284,4146
0.133637332,4145
0.133640947,4144
0.133644498,4143
0.133648714,4142
0.133652448,4141
0.133656036,4140
0.133661781,4139
0.133664903,4138
0.133668179,4137
0.133672997,4136
0.133676716,4135
0.133680284,4134
0.133685353,4133
0.13368926,4132
0.133691926,4131
0.133694659,4130
0.133698771,4129
0.13370318,4128
0.133706414,4127
0.133709503,4126
0.133712959,4125
0.133718501,4124
0.133723425,4123
0.133726229,4122
0.133729012,4121
0.133733319,4120
0.133737696,4119
0.13374039,4118
0.133744492,4117
0.133748075,4116
0.133751669,4115
0.133756093,4114
0.133759224,4113
0.133761986,4112
0.133764537,4111
0.133767698,4110
0.133770305,4109
0.133773708,4108
0.133776444,4107
0.133779189,4106
0.133781836,4105
0.133784528,4104
0.133787211,4103
0.133790692,4102
0.133793605,4101
0.133796505,4100
0.133799211,4099
0.133802176,4098
0.133806292,4097
0.133811161,4096
0.133814316,4095
0.133819965,4094
0.133823475,4093
0.133827121,4092
0.133833145,4091
0.133836561,4090
0.133839744,4089
0.133842926,4088
0.133846165,4087
0.133850281,4086
0.133857624,4085
0.133861418,4084
0.133865367,4083
0.133868513,4082
0.133872171,4081
0.13387506,4080
0.133877704,4079
0.1338803,4078
0.133883259,4077
0.133885976,4076
0.133890973,4075
0.133895704,4074
0.133900567,4073
0.133904527,4072
0.133908854,4071
0.133912982,4070
0.133948469,4069
0.133955257,4068
0.133967154,4067
0.133975943,4066
0.133984307,4065
0.133988058,4064
0.134040435,4063
0.134044774,4062
0.134051714,4061
0.13405503,4060
0.134059138,4059
0.134062755,4058
0.134068119,4057
0.134071454,4056
0.13407503,4055
0.134081028,4054
0.134087706,4053
0.134091424,4052
0.134095235,4051
0.134100183,4050
0.134104984,4049
0.134110006,4048
0.134113627,4047
0.134119424,4046
0.134122661,4045
0.134125923,4044
0.134130771,4043
0.134139771,4042
0.134145509,4041
0.134149315,4040
0.13417547,4039
0.134182056,4038
0.134188836,4037
0.134194519,4036
0.134209494,4035
0.134214366,4034
0.134219009,4033
0.13422194,4032
0.134225219,4031
0.134229129,4030
0.134235023,4029
0.134237603,4028
0.134240411,4027
0.134244613,4026
0.134247918,4025
0.13425196,4024
0.134255647,4023
0.134258281,4022
0.134261679,4021
0.134322397,4020
0.134327623,4019
0.134344696,4018
0.134348253,4017
0.134351995,4016
0.134355431,4015
0.134358851,4014
0.134362401,4013
0.134366051,4012
0.134372258,4011
0.134375857,4010
0.134379451,4009
0.134382984,4008
0.134387266,4007
0.134394553,4006
0.134397659,4005
0.134401289,4004
0.134404377,4003
0.134407509,4002
0.134411019,4001
0.134414324,4000
0.13441799,3999
0.13442121,3998
0.134424921,3997
0.134428378,3996
0.134431483,3995
0.134434498,3994
0.134440447,3993
0.13444341,3992
0.13444626,3991
0.13444969,3990
0.134452845,3989
0.134459189,3988
0.134462295,3987
0.134466263,3986
0.134469981,3985
0.134473525,3984
0.134479715,3983
0.134484635,3982
0.134489888,3981
0.134493973,3980
0.134497394,3979
0.134501638,3978
0.134504695,3977
0.134508396,3976
0.134513271,3975
0.134516909,3974
0.134520371,3973
0.134526551,3972
0.134531133,3971
0.134534285,3970
0.134539158,3969
0.134543979,3968
0.134548099,3967
0.134554982,3966
0.134559048,3965
0.134562144,3964
0.134566898,3963
0.134572076,3962
0.134575505,3961
0.134578825,3960
0.134582137,3959
0.134586983,3958
0.134590667,3957
0.1345949,3956
0.13459933,3955
0.134603101,3954
0.134606937,3953
0.134610366,3952
0.13461448,3951
0.134617351,3950
0.134621236,3949
0.134624946,3948
0.134628131,3947
0.134633168,3946
0.134666908,3945
0.134686438,3944
0.134689678,3943
0.134692817,3942
0.134696872,3941
0.134702152,3940
0.134704905,3939
0.134707932,3938
0.134711236,3937
0.134714453,3936
0.134716851,3935
0.134722784,3934
0.134725017,3933
0.134730202,3932
0.134732527,3931
0.134736925,3930
0.134739981,3929
0.134742565,3928
0.134745328,3927
0.134747714,3926
0.134751529,3925
0.134754203,3924
0.134757378,3923
0.134761374,3922
0.134763997,3921
0.134767363,3920
0.134771053,3919
0.134773885,3918
0.134779646,3917
0.134782579,3916
0.134785741,3915
0.134789062,3914
0.134791289,3913
0.134794185,3912
0.134796576,3911
0.134798982,3910
0.134801127,3909
0.134804327,3908
0.134807423,3907
0.134810958,3906
0.134814449,3905
0.13481692,3904
0.134819112,3903
0.134822425,3902
0.134825559,3901
0.134828417,3900
0.134830844,3899
0.134834084,3898
0.134836871,3897
0.134841263,3896
0.134844299,3895
0.134847532,3894
0.134849895,3893
0.134853429,3892
0.134857128,3891
0.134859433,3890
0.134862663,3889
0.13486493,3888
0.134867292,3887
0.134869477,3886
0.13487234,3885
0.134875015,3884
0.134877829,3883
0.13488182,3882
0.134885883,3881
0.134888746,3880
0.134891682,3879
0.134896715,3878
0.134899393,3877
0.134903467,3876
0.134906374,3875
0.134909107,3874
0.134912845,3873
0.134915676,3872
0.134918519,3871
0.134920913,3870
0.134923635,3869
0.134926823,3868
0.134930551,3867
0.134932856,3866
0.134937208,3865
0.134949023,3864
0.1349545,3863
0.134958553,3862
0.134961579,3861
0.134964973,3860
0.134968957,3859
0.134971963,3858
0.13497521,3857
0.134977441,3856
0.134980034,3855
0.134985285,3854
0.134987743,3853
0.134990179,3852
0.134992329,3851
0.134995054,3850
0.134997343,3849
0.135026787,3848
0.135030657,3847
0.135036659,3846
0.13504024,3845
0.135043726,3844
0.135058912,3843
0.135063002,3842
0.135065702,3841
0.135071027,3840
0.135073204,3839
0.135075435,3838
0.135079379,3837
0.135085917,3836
0.135089424,3835
0.135092696,3834
0.135097386,3833
0.135103789,3832
0.136406995,3831
0.136414795,3830
0.136418793,3829
0.136424252,3828
0.136427941,3827
0.136432381,3826
0.136435381,3825
0.136439121,3824
0.136443176,3823
0.136447432,3822
0.136452291,3821
0.136460536,3820
0.136463378,3819
0.136468297,3818
0.136472157,3817
0.136475648,3816
0.136479043,3815
0.136482567,3814
0.136485781,3813
0.136493713,3812
0.136496679,3811
0.136499218,3810
0.136501256,3809
0.136507327,3808
0.136512592,3807
0.136514791,3806
0.136517018,3805
0.136519998,3804
0.1365222,3803
0.136524704,3802
0.136529526,3801
0.136535385,3800
0.136539341,3799
0.136543164,3798
0.13654803,3797
0.136551533,3796
0.136554129,3795
0.136557661,3794
0.136566877,3793
0.136569313,3792
0.136572009,3791
0.136574532,3790
0.136577819,3789
0.136581075,3788
0.136585906,3787
0.136588314,3786
0.13659741,3785
0.136604455,3784
0.136607841,3783
0.136610369,3782
0.136613458,3781
0.136617707,3780
0.136624005,3779
0.136627467,3778
0.136629956,3777
0.136632515,3776
0.136635291,3775
0.136637957,3774
0.136645625,3773
0.136650524,3772
0.136653842,3771
0.136660012,3770
0.136662665,3769
0.136665282,3768
0.136670686,3767
0.136674224,3766
0.136676983,3765
0.136688138,3764
0.136693762,3763
0.136698589,3762
0.136702038,3761
0.136705318,3760
0.136710201,3759
0.136722923,3758
0.136728614,3757
0.13673115,3756
0.136734609,3755
0.136740351,3754
0.136750177,3753
0.136753922,3752
0.136759103,3751
0.136763785,3750
0.136767658,3749
0.13677671,3748
0.136779208,3747
0.136782209,3746
0.136784824,3745
0.136789055,3744
0.136792212,3743
0.136794733,3742
0.136797888,3741
0.136803208,3740
0.136808871,3739
0.136815211,3738
0.136818856,3737
0.136821089,3736
0.136823742,3735
0.136827958,3734
0.13683528,3733
0.136837682,3732
0.136842307,3731
0.136844781,3730
0.136848623,3729
0.136851773,3728
0.136854862,3727
0.136857556,3726
0.136861712,3725
0.136865298,3724
0.136869824,3723
0.136875836,3722
0.136880007,3721
0.136885135,3720
0.136893476,3719
0.136900497,3718
0.136903778,3717
0.136907434,3716
0.136910904,3715
0.136913513,3714
0.136916817,3713
0.136920667,3712
0.1369233,3711
0.1369262,3710
0.136948831,3709
0.136952589,3708
0.136958789,3707
0.136961019,3706
0.136967943,3705
0.136976643,3704
0.136979859,3703
0.136983994,3702
0.136990086,3701
0.136995261,3700
0.13699857,3699
0.137001307,3698
0.137006942,3697
0.137010055,3696
0.137012621,3695
0.137016901,3694
0.137020479,3693
0.137023104,3692
0.137025716,3691
0.137034315,3690
0.137036834,3689
0.137043575,3688
0.137047684,3687
0.137050086,3686
0.137053773,3685
0.137057106,3684
0.137060949,3683
0.137069533,3682
0.137074866,3681
0.13708323,3680
0.137085682,3679
0.137089743,3678
0.137094338,3677
0.137097079,3676
0.137102846,3675
0.137105036,3674
0.137107741,3673
0.137111001,3672
0.137118006,3671
0.137121286,3670
0.137124785,3669
0.137127062,3668
0.137133787,3667
0.137136075,3666
0.137138804,3665
0.137143255,3664
0.13714588,3663
0.137152722,3662
0.137156377,3661
0.137159318,3660
0.137162073,3659
0.137165146,3658
0.13716949,3657
0.137179436,3656
0.137183124,3655
0.137187753,3654
0.137189991,3653
0.137192432,3652
0.137195904,3651
0.137198207,3650
0.137201157,3649
0.137203507,3648
0.137206822,3647
0.13721352,3646
0.137221095,3645
0.137226532,3644
0.137228864,3643
0.1372772,3642
0.137281256,3641
0.137284257,3640
0.137289451,3639
0.137293849,3638
0.137301669,3637
0.137306146,3636
0.137309841,3635
0.137315646,3634
0.137319728,3633
0.137322931,3632
0.137334094,3631
0.137337076,3630
0.13734145,3629
0.137345391,3628
0.13734862,3627
0.137352606,3626
0.137357712,3625
0.137365398,3624
0.137375492,3623
0.137379661,3622
0.137384531,3621
0.137402402,3620
0.137408092,3619
0.137412124,3618
0.137419855,3617
0.137435755,3616
0.137447395,3615
0.137451676,3614
0.137484345,3613
0.13748691,3612
0.137490733,3611
0.137496715,3610
0.137504597,3609
0.137509512,3608
0.137512916,3607
0.13751883,3606
0.137521893,3605
0.137525268,3604
0.137531338,3603
0.137571893,3602
0.137609875,3601
0.137615666,3600
0.137691129,3599
0.137696261,3598
0.137700618,3597
0.137704091,3596
0.137742094,3595
0.137746474,3594
0.137750041,3593
0.137753709,3592
0.137759232,3591
0.137775858,3590
0.137783562,3589
0.137789619,3588
0.137798751,3587
0.137805644,3586
0.137809792,3585
0.137817419,3584
0.137824375,3583
0.137829377,3582
0.137832592,3581
0.137836466,3580
0.137840548,3579
0.137853615,3578
0.137858022,3577
0.137861462,3576
0.137863897,3575
0.137868882,3574
0.137879136,3573
0.137885055,3572
0.137891542,3571
0.137899872,3570
0.137906452,3569
0.137913388,3568
0.137921025,3567
0.137928297,3566
0.1379376,3565
0.137941041,3564
0.137949682,3563
0.137952621,3562
0.137956945,3561
0.137971479,3560
0.137976996,3559
0.137980328,3558
0.137990585,3557
0.137993637,3556
0.137997851,3555
0.138001004,3554
0.138003691,3553
0.138006686,3552
0.138013645,3551
0.138027366,3550
0.138031234,3549
0.138034103,3548
0.138037092,3547
0.13805052,3546
0.138054643,3545
0.138057628,3544
0.138060456,3543
0.138063514,3542
0.138066301,3541
0.13806921,3540
0.138074812,3539
0.138080338,3538
0.138083373,3537
0.138085966,3536
0.138088812,3535
0.138091373,3534
0.138098275,3533
0.138102214,3532
0.138105766,3531
0.13810877,3530
0.138112845,3529
0.138115959,3528
0.138119798,3527
0.138128442,3526
0.138135167,3525
0.138140568,3524
0.138143263,3523
0.138145397,3522
0.13814787,3521
0.138155783,3520
0.138160572,3519
0.13816831,3518
0.138172133,3517
0.13817686,3516
0.138179966,3515
0.138183188,3514
0.13818699,3513
0.138189991,3512
0.138192906,3511
0.138197985,3510
0.138214868,3509
0.138217716,3508
0.138220704,3507
0.138224999,3506
0.138231159,3505
0.138239646,3504
0.138243606,3503
0.138775855,3502
0.13878814,3501
0.138791913,3500
0.138801584,3499
0.138807615,3498
0.138820644,3497
0.138825829,3496
0.138833366,3495
0.138836718,3494
0.138841906,3493
0.138852417,3492
0.138863246,3491
0.138865763,3490
0.138889065,3489
0.138906886,3488
0.138911491,3487
0.138915276,3486
0.138919121,3485
0.13892274,3484
0.138927457,3483
0.138933858,3482
0.138950259,3481
0.138954283,3480
0.138958467,3479
0.138963714,3478
0.138968951,3477
0.138975002,3476
0.138980454,3475
0.138986049,3474
0.138990825,3473
0.138997898,3472
0.139001297,3471
0.139012057,3470
0.13901705,3469
0.139021837,3468
0.139034625,3467
0.13903894,3466
0.139076301,3465
0.139081907,3464
0.139100142,3463
0.139108421,3462
0.139112683,3461
0.139132138,3460
0.13914128,3459
0.139147047,3458
0.139155772,3457
0.13916256,3456
0.139166727,3455
0.139194465,3454
0.139203686,3453
0.139207456,3452
0.139210971,3451
0.13921627,3450
0.139232694,3449
0.139238676,3448
0.139242088,3447
0.139284427,3446
0.139354278,3445
0.139357124,3444
0.139369039,3443
0.139372476,3442
0.139376663,3441
0.13938352,3440
0.139397005,3439
0.139403235,3438
0.139413445,3437
0.139416364,3436
0.139422048,3435
0.139424473,3434
0.139427741,3433
0.139429995,3432
0.139433578,3431
0.139440022,3430
0.139444306,3429
0.139449477,3428
0.139465595,3427
0.139469354,3426
0.139474482,3425
0.139516182,3424
0.139522672,3423
0.139529055,3422
0.139534207,3421
0.139538654,3420
0.139583784,3419
0.139591068,3418
0.139650811,3417
0.139689787,3416
0.139694335,3415
0.139700196,3414
0.139705863,3413
0.139741823,3412
0.139787383,3411
0.139823554,3410
0.139862548,3409
0.139870268,3408
0.139874099,3407
0.139879873,3406
0.139889941,3405
0.140121936,3404
0.140133015,3403
0.140160675,3402
0.140204606,3401
0.140245579,3400
0.140250901,3399
0.140266631,3398
0.1403073,3397
0.140311677,3396
0.140315654,3395
0.140321623,3394
0.140330406,3393
0.140344633,3392
0.140877804,3391
0.140882102,3390
0.140890624,3389
0.140902695,3388
0.14090948,3387
0.140952467,3386
0.140990083,3385
0.141001871,3384
0.141013845,3383
0.141021119,3382
0.141025268,3381
0.141029381,3380
0.141045536,3379
0.141056346,3378
0.141062927,3377
0.1411029,3376
0.141111759,3375
0.14112881,3374
0.14114161,3373
0.141153843,3372
0.14115698,3371
0.14118671,3370
0.141191831,3369
0.141195657,3368
0.141216146,3367
0.141221633,3366
0.141231402,3365
0.141235533,3364
0.141272073,3363
0.141278631,3362
0.141281865,3361
0.141314136,3360
0.141327167,3359
0.141333443,3358
0.141340075,3357
0.141345387,3356
0.141717115,3355
0.141751925,3354
0.141757087,3353
0.141835147,3352
0.141882838,3351
0.141895307,3350
0.141912157,3349
0.141956667,3348
0.141986767,3347
0.141993409,3346
0.142000449,3345
0.142064925,3344
0.142330495,3343
0.142344426,3342
0.142396926,3341
0.142407778,3340
0.142413705,3339
0.142419892,3338
0.142572741,3337
0.142653712,3336
0.142688306,3335
0.142695337,3334
0.142709923,3333
0.142928148,3332
0.142976075,3331
0.142983156,3330
0.143043173,3329
0.143047688,3328
0.14307015,3327
0.143231421,3326
0.143242246,3325
0.143246085,3324
0.143250605,3323
0.14340416,3322
0.143503121,3321
0.143665586,3320
0.143670679,3319
0.143753624,3318
0.143883108,3317
0.143951075,3316
0.144079757,3315
