0.164090328,6061
0.164166263,6060
0.164223831,6059
0.164283399,6058
0.164356329,6057
0.164374974,6056
0.164393246,6055
0.164400812,6054
0.164408204,6053
0.164415529,6052
0.164422428,6051
0.164429648,6050
0.164436505,6049
0.16444347,6048
0.164486897,6047
0.164496967,6046
0.164506587,6045
0.164514304,6044
0.164523996,6043
0.164532868,6042
0.164539464,6041
0.164546098,6040
0.164553075,6039
0.164560887,6038
0.164568171,6037
0.164575964,6036
0.16458397,6035
0.164595607,6034
0.164607584,6033
0.164627142,6032
0.16466706,6031
0.164676949,6030
0.164685985,6029
0.164694616,6028
0.16470883,6027
0.164716405,6026
0.164726465,6025
0.164735419,6024
0.16474355,6023
0.164749706,6022
0.164755759,6021
0.164761809,6020
0.164770912,6019
0.165828394,6018
0.165847234,6017
0.165858003,6016
0.16587256,6015
0.165884069,6014
0.165894563,6013
0.165905678,6012
0.165916966,6011
0.165925358,6010
0.165943596,6009
0.165953876,6008
0.165967707,6007
0.165975075,6006
0.165981758,6005
0.165989231,6004
0.165996362,6003
0.166011808,6002
0.166017567,6001
0.166023172,6000
0.166028693,5999
0.166034349,5998
0.166040074,5997
0.166046348,5996
0.166051917,5995
0.166057087,5994
0.166062751,5993
0.166068506,5992
0.166073676,5991
0.166078612,5990
0.166091245,5989
0.166098116,5988
0.166105075,5987
0.166112031,5986
0.166119807,5985
0.166169111,5984
0.166178347,5983
0.166200184,5982
0.166207363,5981
0.166214701,5980
0.166220601,5979
0.166228107,5978
0.166234124,5977
0.16628217,5976
0.166287981,5975
0.166293346,5974
0.166298265,5973
0.166326603,5972
0.16633413,5971
0.166342193,5970
0.166349534,5969
0.166356336,5968
0.166364394,5967
0.166376521,5966
0.166387834,5965
0.16639914,5964
0.166410813,5963
0.166419903,5962
0.16642978,5961
0.166438527,5960
0.166445754,5959
0.166452884,5958
0.166460376,5957
0.166467799,5956
0.166474371,5955
0.166482414,5954
0.166489727,5953
0.166496439,5952
0.166503326,5951
0.166511882,5950
0.166523337,5949
0.166530065,5948
0.16653763,5947
0.166545204,5946
0.167114152,5945
0.167125207,5944
0.167133512,5943
0.167140682,5942
0.167147102,5941
0.167154506,5940
0.16716193,5939
0.167178918,5938
0.167218055,5937
0.167255473,5936
0.167308736,5935
0.167355062,5934
0.167364467,5933
0.167402468,5932
0.167410118,5931
0.167418027,5930
0.167426376,5929
0.167447662,5928
0.167457485,5927
0.167495885,5926
0.167501219,5925
0.167505695,5924
0.167537138,5923
0.167543285,5922
0.167549327,5921
0.167555391,5920
0.167560901,5919
0.167565601,5918
0.167570744,5917
0.167575155,5916
0.167580065,5915
0.167584568,5914
0.16759776,5913
0.167605604,5912
0.167611452,5911
0.167617661,5910
0.167644119,5909
0.167649538,5908
0.167654299,5907
0.16765934,5906
0.167665286,5905
0.167677519,5904
0.167684003,5903
0.167689277,5902
0.167694932,5901
0.167699003,5900
0.167703221,5899
0.167707012,5898
0.167712245,5897
0.16771644,5896
0.16772083,5895
0.167725004,5894
0.167730214,5893
0.167753464,5892
0.167758174,5891
0.167762502,5890
0.167767624,5889
0.167772647,5888
0.167777561,5887
0.16778212,5886
0.167787161,5885
0.167791886,5884
0.167796293,5883
0.167800541,5882
0.167804822,5881
0.167809042,5880
0.167813066,5879
0.167817443,5878
0.16782147,5877
0.167825986,5876
0.167830231,5875
0.16783448,5874
0.168251677,5873
0.168263773,5872
0.16827244,5871
0.168281483,5870
0.168295179,5869
0.171201579,5868
0.17123663,5867
0.171240498,5866
0.171244295,5865
0.171248375,5864
0.171252506,5863
0.17125614,5862
0.171259768,5861
0.171263405,5860
0.171267096,5859
0.171270741,5858
0.171276135,5857
0.171280777,5856
0.17128451,5855
0.171287858,5854
0.171291757,5853
0.171295187,5852
0.171299038,5851
0.171305604,5850
0.171310671,5849
0.171314394,5848
0.171325648,5847
0.171334617,5846
0.171342918,5845
0.171352805,5844
0.171359186,5843
0.171364651,5842
0.171370496,5841
0.171375302,5840
0.171379431,5839
0.171383936,5838
0.171388575,5837
0.171392978,5836
0.171396885,5835
0.171400767,5834
0.171404995,5833
0.171408697,5832
0.17141254,5831
0.171416074,5830
0.171420042,5829
0.171423679,5828
0.171430812,5827
0.171434579,5826
0.171437813,5825
0.171441375,5824
0.171444786,5823
0.171449865,5822
0.171465811,5821
0.171470738,5820
0.171475331,5819
0.171500376,5818
0.171504329,5817
0.171508408,5816
0.17151214,5815
0.171516302,5814
0.171519994,5813
0.171523634,5812
0.171527647,5811
0.171531941,5810
0.171535191,5809
0.171538747,5808
0.171542436,5807
0.171548112,5806
0.171551932,5805
0.171555519,5804
0.171558354,5803
0.171561456,5802
0.17156506,5801
0.171572919,5800
0.1715779,5799
0.171584766,5798
0.171589601,5797
0.171593945,5796
0.171598277,5795
0.171601993,5794
0.171605401,5793
0.171608772,5792
0.171612484,5791
0.171616785,5790
0.171620714,5789
0.17162457,5788
0.171627792,5787
0.17163081,5786
0.171634159,5785
0.171637534,5784
0.171640862,5783
0.171644176,5782
0.171648248,5781
0.171651505,5780
0.171654768,5779
0.171658734,5778
0.171663135,5777
0.171667696,5776
0.171671825,5775
0.171676834,5774
0.171681871,5773
0.171686349,5772
0.171690711,5771
0.171694948,5770
0.171701082,5769
0.171706099,5768
0.171710603,5767
0.171714779,5766
0.171719526,5765
0.171724499,5764
0.171728486,5763
0.171732722,5762
0.171736901,5761
0.172269021,5760
0.172516914,5759
0.172523085,5758
0.172528006,5757
0.172533501,5756
0.17253857,5755
0.172543314,5754
0.172563219,5753
0.17256847,5752
0.172574837,5751
0.172580167,5750
0.172584314,5749
0.172589139,5748
0.172596496,5747
0.173436633,5746
0.174121261,5745
0.174161311,5744
0.174169032,5743
0.174175362,5742
0.174181417,5741
0.175679276,5740
0.175689854,5739
0.175697859,5738
0.175702364,5737
0.175706835,5736
0.175712005,5735
0.175716295,5734
0.175721089,5733
0.175725415,5732
0.17572962,5731
0.175733501,5730
0.175737326,5729
0.175741576,5728
0.175746079,5727
0.175749958,5726
0.17575357,5725
0.175757598,5724
0.175761194,5723
0.175765035,5722
0.175769289,5721
0.175773799,5720
0.175777936,5719
0.175782311,5718
0.175787148,5717
0.175791759,5716
0.175796399,5715
0.17580112,5714
0.175805839,5713
0.175809915,5712
0.175815714,5711
0.175822103,5710
0.175827746,5709
0.175911543,5708
0.175976062,5707
0.175981424,5706
0.177103008,5705
0.17712491,5704
0.177169713,5703
0.177175334,5702
0.177180276,5701
0.177209518,5700
0.177214047,5699
0.177218104,5698
0.177222827,5697
0.177226894,5696
0.177231436,5695
0.177236117,5694
0.177240243,5693
0.177244385,5692
0.1772485,5691
0.17725328,5690
0.177286141,5689
0.177290226,5688
0.177294696,5687
0.17729916,5686
0.177303465,5685
0.177308487,5684
0.17731238,5683
0.177317096,5682
0.177321831,5681
0.17732664,5680
0.177331717,5679
0.177344483,5678
0.177349383,5677
0.177353725,5676
0.177358428,5675
0.177363175,5674
0.177367655,5673
0.177372615,5672
0.177420194,5671
0.177463648,5670
0.177468395,5669
0.177473531,5668
0.177478133,5667
0.177482685,5666
0.177486804,5665
0.177491288,5664
0.177495502,5663
0.177499528,5662
0.177503506,5661
0.17750758,5660
0.177511643,5659
0.177516296,5658
0.177520218,5657
0.177525066,5656
0.177564261,5655
0.177569395,5654
0.177573693,5653
0.177577824,5652
0.177581614,5651
0.177585592,5650
0.177589668,5649
0.177593989,5648
0.177598866,5647
0.177603538,5646
0.177611442,5645
0.177615846,5644
0.177620475,5643
0.17762499,5642
0.177629881,5641
0.177634137,5640
0.177638137,5639
0.17764197,5638
0.177645826,5637
0.177649705,5636
0.177653735,5635
0.17765757,5634
0.177661715,5633
0.178692004,5632
0.178700313,5631
0.178704608,5630
0.178708513,5629
0.178712097,5628
0.178716036,5627
0.178720324,5626
0.178724139,5625
0.178727955,5624
0.178731419,5623
0.17873519,5622
0.178739054,5621
0.178742657,5620
0.178746447,5619
0.178750463,5618
0.178754416,5617
0.178758393,5616
0.178762861,5615
0.178767877,5614
0.178772676,5613
0.17877723,5612
0.178781914,5611
0.178786358,5610
0.178790596,5609
0.178794951,5608
0.178799281,5607
0.178803407,5606
0.178807465,5605
0.178811395,5604
0.178815244,5603
0.17881918,5602
0.178824436,5601
0.178828642,5600
0.178833141,5599
0.17883875,5598
0.178843127,5597
0.178847286,5596
0.178851692,5595
0.178855739,5594
0.178860383,5593
0.178864642,5592
0.178868944,5591
0.178873432,5590
0.178877993,5589
0.178882509,5588
0.178886766,5587
0.178891202,5586
0.178895639,5585
0.178900188,5584
0.178904379,5583
0.178908562,5582
0.17891255,5581
0.178916736,5580
0.178921815,5579
0.178926282,5578
0.178929529,5577
0.178932731,5576
0.178935562,5575
0.178938467,5574
0.178941583,5573
0.178944717,5572
0.178948879,5571
0.178952742,5570
0.178956909,5569
0.178960469,5568
0.178963807,5567
0.178967198,5566
0.178970249,5565
0.178973275,5564
0.178976285,5563
0.178979702,5562
0.178982901,5561
0.178986203,5560
0.178990372,5559
0.178993832,5558
0.178997829,5557
0.179001319,5556
0.179005447,5555
0.179010447,5554
0.179015254,5553
0.179019475,5552
0.179024291,5551
0.179045171,5550
0.179137357,5549
0.179141783,5548
0.17914495,5547
0.179148724,5546
0.179151521,5545
0.179154519,5544
0.179157361,5543
0.179159825,5542
0.1791624,5541
0.179164964,5540
0.179167492,5539
0.179170447,5538
0.179172892,5537
0.179175571,5536
0.179181186,5535
0.179185173,5534
0.179188913,5533
0.179192499,5532
0.179196112,5531
0.179199858,5530
0.179204307,5529
0.179208561,5528
0.179212919,5527
0.179216842,5526
0.179220938,5525
0.179225308,5524
0.179230112,5523
0.179234923,5522
0.179239662,5521
0.179244575,5520
0.179248242,5519
0.179251357,5518
0.179254364,5517
0.179262804,5516
0.17926736,5515
0.179299839,5514
0.179330504,5513
0.179334907,5512
0.179339551,5511
0.179344625,5510
0.179350081,5509
0.179354552,5508
0.179359001,5507
0.179363137,5506
0.179376871,5505
0.179380235,5504
0.179438511,5503
0.179443791,5502
0.179483293,5501
0.179489532,5500
0.179492724,5499
0.179495756,5498
0.179502739,5497
0.179570368,5496
0.179576464,5495
0.179580599,5494
0.17958396,5493
0.179587365,5492
0.179590057,5491
0.179592898,5490
0.179595853,5489
0.179598896,5488
0.179601581,5487
0.179604209,5486
0.179606912,5485
0.179609405,5484
0.179612369,5483
0.179614943,5482
0.179618134,5481
0.17962113,5480
0.179623764,5479
0.179626845,5478
0.179629591,5477
0.179632171,5476
0.179634632,5475
0.179637266,5474
0.179639976,5473
0.179642661,5472
0.179645083,5471
0.179647685,5470
0.179650337,5469
0.179653018,5468
0.179655736,5467
0.179658506,5466
0.179662264,5465
0.179664989,5464
0.179667778,5463
0.179670508,5462
0.179673108,5461
0.179675488,5460
0.179678999,5459
0.179682628,5458
0.179686463,5457
0.179690441,5456
0.179694111,5455
0.179697873,5454
0.179703492,5453
0.179707275,5452
0.179711431,5451
0.179714908,5450
0.179748095,5449
0.17975248,5448
0.179755951,5447
0.179759792,5446
0.179763142,5445
0.179766809,5444
0.179770457,5443
0.179774168,5442
0.179777957,5441
0.179782399,5440
0.17978639,5439
0.179790492,5438
0.179794973,5437
0.179799251,5436
0.179803079,5435
0.179807129,5434
0.179811039,5433
0.179815167,5432
0.179819193,5431
0.179823037,5430
0.17982712,5429
0.179831385,5428
0.179835817,5427
0.179839937,5426
0.179843945,5425
0.179848139,5424
0.179852019,5423
0.17987455,5422
0.181224621,5421
0.181371634,5420
0.1813772,5419
0.181380733,5418
0.181384309,5417
0.181387755,5416
0.181391769,5415
0.181396438,5414
0.181400183,5413
0.18140431,5412
0.181408615,5411
0.181416588,5410
0.181420289,5409
0.181423753,5408
0.181427283,5407
0.181430818,5406
0.181435365,5405
0.181438808,5404
0.181442084,5403
0.181446116,5402
0.181449259,5401
0.181452024,5400
0.181455038,5399
0.181458121,5398
0.181461203,5397
0.181486206,5396
0.181489533,5395
0.181498509,5394
0.181502527,5393
0.181506036,5392
0.181509134,5391
0.181512241,5390
0.181515387,5389
0.181518963,5388
0.181521979,5387
0.181525069,5386
0.181528095,5385
0.181530979,5384
0.181534665,5383
0.181537798,5382
0.181540882,5381
0.181544102,5380
0.181555075,5379
0.181559103,5378
0.181565839,5377
0.181604142,5376
0.181609327,5375
0.181613887,5374
0.181617997,5373
0.18263822,5372
0.182643792,5371
0.182648329,5370
0.182652102,5369
0.182655523,5368
0.182658842,5367
0.182669001,5366
0.182672837,5365
0.182676583,5364
0.182680134,5363
0.182683261,5362
0.182686698,5361
0.182689976,5360
0.182693483,5359
0.182696477,5358
0.182699979,5357
0.182703421,5356
0.182706459,5355
0.182709453,5354
0.182713753,5353
0.182721471,5352
0.182733703,5351
0.182737896,5350
0.182741679,5349
0.182745683,5348
0.182799639,5347
0.182833598,5346
0.182860185,5345
0.182868114,5344
0.182873205,5343
0.182876945,5342
0.182879933,5341
0.182883074,5340
0.182886191,5339
0.182889151,5338
0.182892148,5337
0.182895304,5336
0.182899041,5335
0.182903074,5334
0.182906697,5333
0.182910201,5332
0.182913903,5331
0.182917406,5330
0.182920918,5329
0.182953082,5328
0.18295701,5327
0.1829602,5326
0.182963597,5325
0.182967554,5324
0.182971024,5323
0.182974637,5322
0.182978137,5321
0.182981083,5320
0.182984468,5319
0.182987737,5318
0.182990442,5317
0.182996956,5316
0.183000929,5315
0.183004855,5314
0.183008218,5313
0.183011564,5312
0.183015592,5311
0.183018918,5310
0.183024082,5309
0.183028752,5308
0.183033517,5307
0.183036933,5306
0.183039919,5305
0.18304316,5304
0.183045796,5303
0.183048633,5302
0.183051118,5301
0.183053994,5300
0.183056588,5299
0.183059298,5298
0.183061959,5297
0.183065043,5296
0.183067635,5295
0.183070292,5294
0.183073186,5293
0.18307619,5292
0.183082944,5291
0.183087592,5290
0.183091651,5289
0.183094989,5288
0.183097737,5287
0.183101118,5286
0.183104917,5285
0.183108188,5284
0.183111581,5283
0.183114672,5282
0.183117843,5281
0.183121368,5280
0.183125116,5279
0.183129381,5278
0.183133326,5277
0.183135936,5276
0.183138896,5275
0.183141428,5274
0.183143807,5273
0.183146381,5272
0.183148994,5271
0.183154909,5270
0.183159897,5269
0.183164981,5268
0.183169381,5267
0.183173116,5266
0.183176991,5265
0.183180189,5264
0.183183936,5263
0.183187742,5262
0.183191695,5261
0.18319551,5260
0.183199737,5259
0.183203686,5258
0.183207249,5257
0.18321032,5256
0.183213086,5255
0.183215521,5254
0.183219118,5253
0.183222723,5252
0.183238047,5251
0.183242609,5250
0.183246939,5249
0.18325089,5248
0.183254744,5247
0.183258367,5246
0.183271837,5245
0.183275534,5244
0.183279393,5243
0.183283302,5242
0.183287117,5241
0.183291272,5240
0.183295173,5239
0.183298874,5238
0.183326584,5237
0.183330616,5236
0.183334447,5235
0.183338434,5234
0.183342694,5233
0.183347005,5232
0.18335093,5231
0.183356667,5230
0.183364685,5229
0.18337285,5228
0.183375855,5227
0.183378911,5226
0.183381533,5225
0.183384152,5224
0.183386959,5223
0.183390162,5222
0.18339306,5221
0.183395838,5220
0.183398492,5219
0.183401349,5218
0.183404131,5217
0.183406764,5216
0.183409447,5215
0.183412932,5214
0.183415852,5213
0.1834186,5212
0.183420928,5211
0.183424633,5210
0.183427843,5209
0.183430965,5208
0.183434031,5207
0.183437145,5206
0.183439962,5205
0.183443424,5204
0.18344717,5203
0.183449837,5202
0.183452199,5201
0.183454833,5200
0.183457468,5199
0.183460044,5198
0.183462914,5197
0.183465761,5196
0.183468354,5195
0.18347103,5194
0.18347366,5193
0.18347594,5192
0.18347995,5191
0.18348375,5190
0.186151798,5189
0.186157261,5188
0.186161018,5187
0.186164423,5186
0.1861696,5185
0.18617309,5184
0.186176638,5183
0.186181598,5182
0.186185153,5181
0.186188432,5180
0.186191649,5179
0.18619487,5178
0.186198182,5177
0.186200978,5176
0.186205993,5175
0.18621011,5174
0.186213735,5173
0.186216775,5172
0.186220157,5171
0.18622334,5170
0.186227885,5169
0.186231171,5168
0.186234436,5167
0.186238259,5166
0.186241903,5165
0.18624558,5164
0.186249709,5163
0.186253118,5162
0.186256709,5161
0.18626075,5160
0.186264066,5159
0.186267505,5158
0.186271458,5157
0.186275382,5156
0.186279146,5155
0.186282737,5154
0.18628638,5153
0.186290068,5152
0.186293665,5151
0.186298887,5150
0.186302888,5149
0.186309171,5148
0.186313021,5147
0.186316886,5146
0.186321932,5145
0.186327679,5144
0.18633104,5143
0.186334934,5142
0.186338551,5141
0.18634264,5140
0.18634665,5139
0.186350514,5138
0.186353926,5137
0.186357728,5136
0.186361519,5135
0.186365724,5134
0.186369496,5133
0.186373695,5132
0.186377353,5131
0.186381406,5130
0.186384866,5129
0.186388302,5128
0.18639336,5127
0.186397152,5126
0.18640079,5125
0.186404345,5124
0.186407647,5123
0.1864115,5122
0.186417959,5121
0.186421771,5120
0.186425289,5119
0.186429721,5118
0.186433359,5117
0.18643653,5116
0.186439564,5115
0.186445251,5114
0.186448365,5113
0.186451452,5112
0.186454599,5111
0.18645804,5110
0.186463054,5109
0.18646629,5108
0.186472277,5107
0.18647533,5106
0.186478282,5105
0.186481129,5104
0.186485849,5103
0.186489119,5102
0.186492277,5101
0.186495107,5100
0.186498318,5099
0.186502997,5098
0.186507474,5097
0.186510737,5096
0.186513982,5095
0.186516957,5094
0.186520122,5093
0.186523189,5092
0.186526375,5091
0.186529785,5090
0.186540624,5089
0.186544741,5088
0.186548721,5087
0.186552844,5086
0.186555806,5085
0.186558906,5084
0.186561485,5083
0.186564189,5082
0.186566981,5081
0.186569873,5080
0.18657485,5079
0.186579868,5078
0.186583887,5077
0.186587755,5076
0.18659126,5075
0.186594723,5074
0.186598257,5073
0.186602106,5072
0.186605401,5071
0.186609409,5070
0.186612783,5069
0.18661572,5068
0.18661952,5067
0.186622392,5066
0.186625355,5065
0.186628032,5064
0.186630642,5063
0.186633094,5062
0.18663709,5061
0.186642322,5060
0.186644875,5059
0.186648102,5058
0.186651078,5057
0.186653586,5056
0.186656451,5055
0.186658884,5054
0.18666164,5053
0.186664176,5052
0.186667724,5051
0.186671056,5050
0.186673659,5049
0.186676545,5048
0.186679013,5047
0.18668298,5046
0.186685283,5045
0.186687938,5044
0.186690593,5043
0.1866933,5042
0.186696194,5041
0.186698645,5040
0.186701324,5039
0.186703509,5038
0.186706799,5037
0.1867102,5036
0.186749217,5035
0.186752601,5034
0.186755671,5033
0.186758553,5032
0.186761296,5031
0.186764321,5030
0.186767266,5029
0.186769955,5028
0.186773934,5027
0.186776861,5026
0.18678002,5025
0.186782705,5024
0.186785195,5023
0.186790019,5022
0.186793914,5021
0.186799394,5020
0.186801852,5019
0.186804501,5018
0.186806596,5017
0.186809218,5016
0.186811552,5015
0.186814926,5014
0.18681757,5013
0.186822608,5012
0.186825121,5011
0.18682849,5010
0.186831849,5009
0.186838512,5008
0.186841209,5007
0.186843804,5006
0.186846688,5005
0.186852522,5004
0.186856394,5003
0.186861412,5002
0.186864554,5001
0.1868688,5000
0.186872748,4999
0.186875499,4998
0.186878862,4997
0.186882054,4996
0.186887011,4995
0.186889912,4994
0.186893073,4993
0.186900943,4992
0.186905254,4991
0.186908918,4990
0.186914264,4989
0.186918264,4988
0.18692392,4987
0.186928833,4986
0.186932852,4985
0.18693599,4984
0.186938953,4983
0.186941549,4982
0.186944583,4981
0.186947739,4980
0.186950728,4979
0.186955699,4978
0.18695994,4977
0.186963927,4976
0.186968845,4975
0.186972678,4974
0.186976666,4973
0.18697991,4972
0.186984032,4971
0.186988078,4970
0.186991255,4969
0.186994616,4968
0.186997884,4967
0.187001017,4966
0.187007389,4965
0.187010706,4964
0.187014331,4963
0.187017791,4962
0.187021376,4961
0.18702495,4960
0.187028727,4959
0.187032317,4958
0.187037392,4957
0.187041337,4956
0.187046217,4955
0.187049917,4954
0.187053424,4953
0.187057338,4952
0.187061143,4951
0.187064856,4950
0.187068758,4949
0.187072376,4948
0.187075853,4947
0.187078849,4946
0.187082245,4945
0.187085604,4944
0.187089219,4943
0.187092512,4942
0.187095615,4941
0.187098948,4940
0.18710304,4939
0.187106382,4938
0.18710955,4937
0.187112675,4936
0.187116044,4935
0.187119599,4934
0.187123003,4933
0.187126469,4932
0.187130626,4931
0.187133915,4930
0.187136922,4929
0.187139826,4928
0.187143127,4927
0.187146372,4926
0.187152646,4925
0.187156128,4924
0.187159442,4923
0.187163548,4922
0.187169317,4921
0.187173055,4920
0.187176823,4919
0.187180229,4918
0.187183907,4917
0.187187336,4916
0.187191821,4915
0.187195196,4914
0.187198915,4913
0.187202185,4912
0.187205952,4911
0.187209962,4910
0.187213638,4909
0.187218007,4908
0.18722187,4907
0.187225785,4906
0.187229705,4905
0.187233598,4904
0.187237367,4903
0.187241206,4902
0.187244992,4901
0.187257406,4900
0.187333844,4899
0.187341352,4898
0.187380561,4897
0.187386983,4896
0.187396026,4895
0.187399714,4894
0.187403914,4893
0.187407697,4892
0.187423608,4891
0.187441577,4890
0.187448651,4889
0.187453922,4888
0.187466809,4887
0.187470938,4886
0.18747513,4885
0.187479466,4884
0.18748344,4883
0.187487663,4882
0.187491709,4881
0.18749611,4880
0.187499835,4879
0.187504377,4878
0.187508354,4877
0.18751226,4876
0.187516198,4875
0.187562788,4874
0.187606538,4873
0.187674284,4872
0.187689396,4871
0.187695701,4870
0.187699973,4869
0.187704035,4868
0.187707204,4867
0.187710074,4866
0.18771296,4865
0.18771574,4864
0.187718547,4863
0.1877462,4862
0.187750826,4861
0.187757593,4860
0.187762389,4859
0.187767162,4858
0.187771462,4857
0.187774567,4856
0.187778737,4855
0.187781948,4854
0.187785778,4853
0.187790036,4852
0.187793812,4851
0.187797674,4850
0.187800938,4849
0.187804875,4848
0.187811501,4847
0.187814686,4846
0.187827695,4845
0.187832037,4844
0.187836484,4843
0.187839959,4842
0.187843197,4841
0.187846114,4840
0.187848766,4839
0.187855767,4838
0.187858926,4837
0.187862998,4836
0.187865655,4835
0.187868275,4834
0.187871932,4833
0.187875287,4832
0.18787793,4831
0.187880723,4830
0.187883261,4829
0.187885697,4828
0.187888639,4827
0.187891243,4826
0.187893823,4825
0.187896328,4824
0.187899033,4823
0.187901631,4822
0.187904737,4821
0.187907272,4820
0.187909954,4819
0.187913822,4818
0.187916742,4817
0.187920119,4816
0.187923886,4815
0.18792681,4814
0.187929388,4813
0.187932103,4812
0.187934335,4811
0.187936549,4810
0.187939785,4809
0.18794377,4808
0.187946235,4807
0.187949781,4806
0.187952144,4805
0.187954592,4804
0.187956994,4803
0.187959912,4802
0.187962467,4801
0.187965059,4800
0.187967461,4799
0.187970281,4798
0.187973598,4797
0.187976105,4796
0.187978636,4795
0.187981233,4794
0.187986478,4793
0.187989573,4792
0.187992391,4791
0.187997501,4790
0.188001424,4789
0.1880044,4788
0.188007441,4787
0.18801003,4786
0.188012646,4785
0.18801568,4784
0.188019168,4783
0.188024647,4782
0.1880531,4781
0.188056801,4780
0.188060061,4779
0.188063319,4778
0.188066319,4777
0.18807054,4776
0.188073386,4775
0.188075892,4774
0.188078699,4773
0.188089106,4772
0.188092347,4771
0.18809521,4770
0.188113517,4769
0.188125344,4768
0.188275414,4767
0.188301606,4766
0.188305876,4765
0.188310504,4764
0.188313928,4763
0.188316796,4762
0.188320265,4761
0.18832573,4760
0.188328873,4759
0.188331778,4758
0.18833506,4757
0.188338852,4756
0.188341668,4755
0.188346556,4754
0.188350294,4753
0.188353244,4752
0.188356003,4751
0.188358665,4750
0.188361297,4749
0.188364694,4748
0.188367342,4747
0.188371592,4746
0.188374475,4745
0.188378163,4744
0.188381208,4743
0.188383992,4742
0.188386592,4741
0.188389117,4740
0.188391458,4739
0.188395469,4738
0.188398494,4737
0.188401215,4736
0.188404071,4735
0.188406909,4734
0.188409469,4733
0.188412076,4732
0.188415338,4731
0.188420135,4730
0.18842415,4729
0.18842675,4728
0.188430236,4727
0.188432775,4726
0.18843608,4725
0.188440083,4724
0.188442648,4723
0.188445321,4722
0.188447839,4721
0.188450232,4720
0.18845338,4719
0.188456245,4718
0.188459114,4717
0.188461992,4716
0.188464793,4715
0.188467438,4714
0.188469993,4713
0.18847246,4712
0.188475006,4711
0.188478072,4710
0.188480769,4709
0.188484498,4708
0.188486989,4707
0.188489404,4706
0.188491574,4705
0.188494134,4704
0.188498402,4703
0.188500774,4702
0.18850317,4701
0.188505895,4700
0.188508456,4699
0.188510682,4698
0.188512973,4697
0.188515483,4696
0.188517768,4695
0.18851992,4694
0.188522252,4693
0.188525675,4692
0.18853007,4691
0.188534589,4690
0.188544618,4689
0.188550161,4688
0.188554144,4687
0.188558407,4686
0.188562121,4685
0.188566454,4684
0.188571818,4683
0.188576869,4682
0.188580073,4681
0.188585039,4680
0.188589513,4679
0.188594514,4678
0.18859811,4677
0.188601608,4676
0.188604924,4675
0.188608386,4674
0.188612174,4673
0.188660591,4672
0.188664211,4671
0.188667984,4670
0.188671985,4669
0.18867562,4668
0.18867911,4667
0.188682724,4666
0.18868599,4665
0.18868946,4664
0.188692534,4663
0.188696003,4662
0.188699337,4661
0.188703459,4660
0.188707057,4659
0.188710728,4658
0.188714966,4657
0.188718858,4656
0.188722571,4655
0.188726045,4654
0.188729747,4653
0.188736052,4652
0.188739459,4651
0.188743456,4650
0.188747869,4649
0.188753065,4648
0.188756425,4647
0.188759935,4646
0.188769009,4645
0.188772862,4644
0.188776924,4643
0.188782619,4642
0.1887862,4641
0.188789559,4640
0.188794462,4639
0.188797929,4638
0.188804142,4637
0.188807493,4636
0.188840047,4635
0.188844323,4634
0.188848043,4633
0.188851755,4632
0.188855895,4631
0.18885917,4630
0.188863315,4629
0.188866655,4628
0.188870086,4627
0.188873155,4626
0.188877834,4625
0.188881333,4624
0.188894018,4623
0.188898626,4622
0.188902641,4621
0.188906725,4620
0.188914445,4619
0.18891866,4618
0.188923483,4617
0.188929543,4616
0.188934448,4615
0.188939991,4614
0.18894496,4613
0.18894936,4612
0.188966373,4611
0.188970445,4610
0.188980758,4609
0.188985491,4608
0.188999641,4607
0.189011655,4606
0.189018323,4605
0.189021592,4604
0.189024762,4603
0.189031815,4602
0.189034844,4601
0.189037977,4600
0.189040855,4599
0.189044883,4598
0.189048415,4597
0.189051605,4596
0.189061043,4595
0.189064102,4594
0.189067197,4593
0.189070865,4592
0.189074313,4591
0.189078031,4590
0.189081516,4589
0.189085315,4588
0.189088887,4587
0.189092599,4586
0.189095825,4585
0.189099028,4584
0.189102422,4583
0.189105326,4582
0.189110452,4581
0.189113415,4580
0.189117009,4579
0.189120365,4578
0.189123522,4577
0.189126784,4576
0.189129985,4575
0.189134256,4574
0.189137399,4573
0.189142029,4572
0.189145628,4571
0.189148765,4570
0.18915326,4569
0.189168361,4568
0.18917188,4567
0.189176434,4566
0.189179397,4565
0.189182705,4564
0.189185637,4563
0.189189723,4562
0.189192971,4561
0.18919617,4560
0.1891993,4559
0.1892025,4558
0.189205504,4557
0.18920861,4556
0.189211735,4555
0.189214548,4554
0.189217854,4553
0.189221042,4552
0.189224266,4551
0.189227816,4550
0.189232182,4549
0.189235539,4548
0.189240656,4547
0.189250936,4546
0.189255881,4545
0.189261788,4544
0.189265596,4543
0.189269562,4542
0.189274541,4541
0.189278422,4540
0.189281955,4539
0.189285741,4538
0.189289648,4537
0.189295836,4536
0.189299743,4535
0.189303279,4534
0.189307469,4533
0.189312108,4532
0.189316413,4531
0.18932043,4530
0.189323339,4529
0.189326261,4528
0.189329807,4527
0.189332902,4526
0.18933718,4525
0.189342237,4524
0.189345444,4523
0.189349699,4522
0.189352719,4521
0.189355315,4520
0.189359062,4519
0.18936219,4518
0.189365193,4517
0.189368415,4516
0.189373065,4515
0.189377403,4514
0.189381469,4513
0.189385619,4512
0.189389386,4511
0.189392862,4510
0.189396619,4509
0.189400266,4508
0.189404509,4507
0.189409159,4506
0.189414217,4505
0.18941802,4504
0.189421506,4503
0.18942521,4502
0.189430402,4501
0.189435321,4500
0.189438961,4499
0.189442696,4498
0.189446886,4497
0.189450558,4496
0.189454203,4495
0.189458122,4494
0.189462532,4493
0.189466509,4492
0.189470385,4491
0.189474323,4490
0.189477908,4489
0.189481302,4488
0.189484249,4487
0.189488464,4486
0.189491524,4485
0.189497212,4484
0.18950114,4483
0.189504968,4482
0.189508291,4481
0.189512092,4480
0.189518103,4479
0.189522551,4478
0.189526205,4477
0.189530735,4476
0.189533422,4475
0.189535957,4474
0.189538535,4473
0.18954264,4472
0.189545609,4471
0.189548875,4470
0.189553628,4469
0.189556562,4468
0.189559763,4467
0.189566138,4466
0.189573998,4465
0.18957779,4464
0.189580748,4463
0.189583745,4462
0.189586402,4461
0.189589117,4460
0.189591727,4459
0.189594669,4458
0.189597319,4457
0.189599821,4456
0.189603405,4455
0.189605902,4454
0.189609114,4453
0.189611735,4452
0.189614343,4451
0.189618254,4450
0.189621285,4449
0.189624005,4448
0.189626915,4447
0.189629519,4446
0.189632147,4445
0.189634904,4444
0.189638744,4443
0.189642106,4442
0.189644615,4441
0.189648144,4440
0.189651547,4439
0.189653995,4438
0.189656571,4437
0.189660402,4436
0.189662807,4435
0.189667246,4434
0.189669685,4433
0.189672582,4432
0.18967588,4431
0.189681812,4430
0.189685725,4429
0.189690947,4428
0.189701525,4427
0.189706347,4426
0.189709619,4425
0.189712419,4424
0.189715322,4423
0.189719917,4422
0.189724012,4421
0.189727592,4420
0.189730405,4419
0.189733233,4418
0.189736086,4417
0.189741083,4416
0.189744056,4415
0.189746897,4414
0.189749993,4413
0.189752803,4412
0.189755964,4411
0.189758728,4410
0.189761425,4409
0.189764282,4408
0.189766918,4407
0.189769469,4406
0.189773598,4405
0.189776,4404
0.189779784,4403
0.18978254,4402
0.189785846,4401
0.189789762,4400
0.189792674,4399
0.189795669,4398
0.189798419,4397
0.189801259,4396
0.18983449,4395
0.189838548,4394
0.189842368,4393
0.189846101,4392
0.189849797,4391
0.189854401,4390
0.189858521,4389
0.189862851,4388
0.189867114,4387
0.189871062,4386
0.18987465,4385
0.189878521,4384
0.189882406,4383
0.189887434,4382
0.189892815,4381
0.189896675,4380
0.189900595,4379
0.189937969,4378
0.18994276,4377
0.189945903,4376
0.189949031,4375
0.189951936,4374
0.18995472,4373
0.189957409,4372
0.189960508,4371
0.18996312,4370
0.189965708,4369
0.189968403,4368
0.189971062,4367
0.189974221,4366
0.189977298,4365
0.189980169,4364
0.189983198,4363
0.189986637,4362
0.18998958,4361
0.189992491,4360
0.189995615,4359
0.189999769,4358
0.190002588,4357
0.190006704,4356
0.190011559,4355
0.190014299,4354
0.190031392,4353
0.190037481,4352
0.190041821,4351
0.190047034,4350
0.190050403,4349
0.190053491,4348
0.190056219,4347
0.190058892,4346
0.190062763,4345
0.190066194,4344
0.190069414,4343
0.190072045,4342
0.190074809,4341
0.190078342,4340
0.190081698,4339
0.190091755,4338
0.190098896,4337
0.190106693,4336
0.190129014,4335
0.190132243,4334
0.190135191,4333
0.190137968,4332
0.190141196,4331
0.190150818,4330
0.190155554,4329
0.1901595,4328
0.1901627,4327
0.190166058,4326
0.190169707,4325
0.190173566,4324
0.190177065,4323
0.190180449,4322
0.190183882,4321
0.19018906,4320
0.190194586,4319
0.19019939,4318
0.190203365,4317
0.190206872,4316
0.190210848,4315
0.190214327,4314
0.19021779,4313
0.190222782,4312
0.190226288,4311
0.190229856,4310
0.190233543,4309
0.190237172,4308
0.190240739,4307
0.190244163,4306
0.190247641,4305
0.190250758,4304
0.19025497,4303
0.190258955,4302
0.190262356,4301
0.190266641,4300
0.190270534,4299
0.1902756,4298
0.190279066,4297
0.190282284,4296
0.190286112,4295
0.190289281,4294
0.190293831,4293
0.190298744,4292
0.190302252,4291
0.190306739,4290
0.190310335,4289
0.190313427,4288
0.190317954,4287
0.19032144,4286
0.190324986,4285
0.190328185,4284
0.190332138,4283
0.190335355,4282
0.190339886,4281
0.190342871,4280
0.190345845,4279
0.190348858,4278
0.190352573,4277
0.190356366,4276
0.190360743,4275
0.190363797,4274
0.190367673,4273
0.190370523,4272
0.190373424,4271
0.190377002,4270
0.190380014,4269
0.190383823,4268
0.190388054,4267
0.190390597,4266
0.190393241,4265
0.19039662,4264
0.190400099,4263
0.190403119,4262
0.190407155,4261
0.190411966,4260
0.190414553,4259
0.190417529,4258
0.190420485,4257
0.190423284,4256
0.190427099,4255
0.19043751,4254
0.190440507,4253
0.190442984,4252
0.190447707,4251
0.190450793,4250
0.190456241,4249
0.190459812,4248
0.190463026,4247
0.190465763,4246
0.19046851,4245
0.190471865,4244
0.190474828,4243
0.190479639,4242
0.190484069,4241
0.190517697,4240
0.190522592,4239
0.190525382,4238
0.190529103,4237
0.190532062,4236
0.190535441,4235
0.190539187,4234
0.190542261,4233
0.190544971,4232
0.190548315,4231
0.190551154,4230
0.190554233,4229
0.190557391,4228
0.190560121,4227
0.19056378,4226
0.1905678,4225
0.190579065,4224
0.19058393,4223
0.190589897,4222
0.190593686,4221
0.190597572,4220
0.190604395,4219
0.190610011,4218
0.190615904,4217
0.190620199,4216
0.190624024,4215
0.190627737,4214
0.190631041,4213
0.190634716,4212
0.190639274,4211
0.190643397,4210
0.190651629,4209
0.190655656,4208
0.190659427,4207
0.190663092,4206
0.190667044,4205
0.190670715,4204
0.190684979,4203
0.190688711,4202
0.190692288,4201
0.190696786,4200
0.19070026,4199
0.190712982,4198
0.190718611,4197
0.190723037,4196
0.190726225,4195
0.190729797,4194
0.190733186,4193
0.190737165,4192
0.190740752,4191
0.190746452,4190
0.190750893,4189
0.190754725,4188
0.19075817,4187
0.19076331,4186
0.190768282,4185
0.190772133,4184
0.190815427,4183
0.190820038,4182
0.190826306,4181
0.190831336,4180
0.190843523,4179
0.190847898,4178
0.190851578,4177
0.191378657,4176
0.191390286,4175
0.191394165,4174
0.191398296,4173
0.191402582,4172
0.191406619,4171
0.191410129,4170
0.191414364,4169
0.191418983,4168
0.191423011,4167
0.19142632,4166
0.191430826,4165
0.191437016,4164
0.191441312,4163
0.191445669,4162
0.191452644,4161
0.191456797,4160
0.191461753,4159
0.191467811,4158
0.191472616,4157
0.191476579,4156
0.191480727,4155
0.191525404,4154
0.191529171,4153
0.191533783,4152
0.19153783,4151
0.191541382,4150
0.191545873,4149
0.191549614,4148
0.19155476,4147
0.191558487,4146
0.191564292,4145
0.191568128,4144
0.191572784,4143
0.191576679,4142
0.191580291,4141
0.191584112,4140
0.191589118,4139
0.191592691,4138
0.191597879,4137
0.191601501,4136
0.191605223,4135
0.191608657,4134
0.19161293,4133
0.191651448,4132
0.191655103,4131
0.191658787,4130
0.191662251,4129
0.191665986,4128
0.19166958,4127
0.191703662,4126
0.191707262,4125
0.191711155,4124
0.191715019,4123
0.191718473,4122
0.191721995,4121
0.191725322,4120
0.191729032,4119
0.191784127,4118
0.191790344,4117
0.191798246,4116
0.191803891,4115
0.191808676,4114
0.191812908,4113
0.191818511,4112
0.19182306,4111
0.191827346,4110
0.191831834,4109
0.191836078,4108
0.19184042,4107
0.191844915,4106
0.191848627,4105
0.191853186,4104
0.191856998,4103
0.191863649,4102
0.191868183,4101
0.191871602,4100
0.191875665,4099
0.191880699,4098
0.191885241,4097
0.191890199,4096
0.191895454,4095
0.191899637,4094
0.19190366,4093
0.19193595,4092
0.191939694,4091
0.191945512,4090
0.191948859,4089
0.191954425,4088
0.191958146,4087
0.191964538,4086
0.191967605,4085
0.191971239,4084
0.191974755,4083
0.191977997,4082
0.191981081,4081
0.191984228,4080
0.191989005,4079
0.192027446,4078
0.192031821,4077
0.192035241,4076
0.192039029,4075
0.192043187,4074
0.192046604,4073
0.192051115,4072
0.192054506,4071
0.192058999,4070
0.192062608,4069
0.192068298,4068
0.192073444,4067
0.192078991,4066
0.192082861,4065
0.192086328,4064
0.192096107,4063
0.192100878,4062
0.192104813,4061
0.192108155,4060
0.192114227,4059
0.19211734,4058
0.192120827,4057
0.192124113,4056
0.192128317,4055
0.192131727,4054
0.192141317,4053
0.192144765,4052
0.192149335,4051
0.192152907,4050
0.192156359,4049
0.192159545,4048
0.192162707,4047
0.192165712,4046
0.192169247,4045
0.192172627,4044
0.192176301,4043
0.192182476,4042
0.192185839,4041
0.192189732,4040
0.192199208,4039
0.192204338,4038
0.192208771,4037
0.192212557,4036
0.19221745,4035
0.192221597,4034
0.19222668,4033
0.192230362,4032
0.192234069,4031
0.192237894,4030
0.192243819,4029
0.192247262,4028
0.192286991,4027
0.192291206,4026
0.19229516,4025
0.192298724,4024
0.192303603,4023
0.192307025,4022
0.192311237,4021
0.192318271,4020
0.192330683,4019
0.192334493,4018
0.192338256,4017
0.192342151,4016
0.192347168,4015
0.192350215,4014
0.19235351,4013
0.192356244,4012
0.192359231,4011
0.192363633,4010
0.192366733,4009
0.192369631,4008
0.19237402,4007
0.192376773,4006
0.192381213,4005
0.19238391,4004
0.192400762,4003
0.192407066,4002
0.192452413,4001
0.192458561,4000
0.192464814,3999
0.192469434,3998
0.192473707,3997
0.192477844,3996
0.192482157,3995
0.192485981,3994
0.192489708,3993
0.19249407,3992
0.192497864,3991
0.192503619,3990
0.192508548,3989
0.192512211,3988
0.192515922,3987
0.192520975,3986
0.192526655,3985
0.19252987,3984
0.192572286,3983
0.192577608,3982
0.192582329,3981
0.192586624,3980
0.192590708,3979
0.192594521,3978
0.192598315,3977
0.192602437,3976
0.192606435,3975
0.192610567,3974
0.192614217,3973
0.192617654,3972
0.19262227,3971
0.192625992,3970
0.192632938,3969
0.192637085,3968
0.192643755,3967
0.192647496,3966
0.192651142,3965
0.192654579,3964
0.192658532,3963
0.192662313,3962
0.192666127,3961
0.192669969,3960
0.192673728,3959
0.192678682,3958
0.192684566,3957
0.192690056,3956
0.192695897,3955
0.192699209,3954
0.192702886,3953
0.192706504,3952
0.192710258,3951
0.192713938,3950
0.192717413,3949
0.192722262,3948
0.192727432,3947
0.192731243,3946
0.192739319,3945
0.192744648,3944
0.192748122,3943
0.192751642,3942
0.192759196,3941
0.192763076,3940
0.19276768,3939
0.192815667,3938
0.192819583,3937
0.192823648,3936
0.192828354,3935
0.192831691,3934
0.192835281,3933
0.192839358,3932
0.19284321,3931
0.192846736,3930
0.192850113,3929
0.192853937,3928
0.19285822,3927
0.192862328,3926
0.192867479,3925
0.192871673,3924
0.192875652,3923
0.192879669,3922
0.192883366,3921
0.192887145,3920
0.19289218,3919
0.192897066,3918
0.192937785,3917
0.192941545,3916
0.192945851,3915
0.192949838,3914
0.192955373,3913
0.192961302,3912
0.192965078,3911
0.192974435,3910
0.192981461,3909
0.192985982,3908
0.192991006,3907
0.192997176,3906
0.193001068,3905
0.193005604,3904
0.193010434,3903
0.193015712,3902
0.193020079,3901
0.19302412,3900
0.193103634,3899
0.193111732,3898
0.193119685,3897
0.193124047,3896
0.193128837,3895
0.193134771,3894
0.19313836,3893
0.193142635,3892
0.193147084,3891
0.193150865,3890
0.193154207,3889
0.193157701,3888
0.193162136,3887
0.193165324,3886
0.193170034,3885
0.193174207,3884
0.193180238,3883
0.19318549,3882
0.193188367,3881
0.193191302,3880
0.193194184,3879
0.193199923,3878
0.193202885,3877
0.193206931,3876
0.193209626,3875
0.193212684,3874
0.193215958,3873
0.193218998,3872
0.193224727,3871
0.193228772,3870
0.193232247,3869
0.193235724,3868
0.193244715,3867
0.193251586,3866
0.193258036,3865
0.193262801,3864
0.193266873,3863
0.193272767,3862
0.193276884,3861
0.193280478,3860
0.193284411,3859
0.193288417,3858
0.193291949,3857
0.193295236,3856
0.193298427,3855
0.193303295,3854
0.193307756,3853
0.193311063,3852
0.193314454,3851
0.193317768,3850
0.193321206,3849
0.193324488,3848
0.193327933,3847
0.193331613,3846
0.193335457,3845
0.193340324,3844
0.193347235,3843
0.193359964,3842
0.193366309,3841
0.193376722,3840
0.193383101,3839
0.193386555,3838
0.193390357,3837
0.193393948,3836
0.193397659,3835
0.193401182,3834
0.193405416,3833
0.193409159,3832
0.193412959,3831
0.195675221,3830
0.195754482,3829
0.19576519,3828
0.195818587,3827
0.195823928,3826
0.195828668,3825
0.195836427,3824
0.195843747,3823
0.195847537,3822
0.195853777,3821
0.195869359,3820
0.195912637,3819
0.195954605,3818
0.195995878,3817
0.19600004,3816
0.196037572,3815
0.196098337,3814
0.196107796,3813
0.196113261,3812
0.196154257,3811
0.19615916,3810
0.196166732,3809
0.196174567,3808
0.196178839,3807
0.196187684,3806
0.196193648,3805
0.196197343,3804
0.196205737,3803
0.196213316,3802
0.196226425,3801
0.196229528,3800
0.196233423,3799
0.19623688,3798
0.196242893,3797
0.196251371,3796
0.196257883,3795
0.19626195,3794
0.196265984,3793
0.196273783,3792
0.196318732,3791
0.196325633,3790
0.19632932,3789
0.196332055,3788
0.196339316,3787
0.196345419,3786
0.196348537,3785
0.19635202,3784
0.19635584,3783
0.196359501,3782
0.196368865,3781
0.196373258,3780
0.196376087,3779
0.196379674,3778
0.196383553,3777
0.196389593,3776
0.196393399,3775
0.196397268,3774
0.196400863,3773
0.196406319,3772
0.196412437,3771
0.19641581,3770
0.196419482,3769
0.196431343,3768
0.196434533,3767
0.196440087,3766
0.196443648,3765
0.196448692,3764
0.196457029,3763
0.196461899,3762
0.196466331,3761
0.196473835,3760
0.196479794,3759
0.196484242,3758
0.196525266,3757
0.196532067,3756
0.196539696,3755
0.196548278,3754
0.196559709,3753
0.196570373,3752
0.196581692,3751
0.196627375,3750
0.196631367,3749
0.196644661,3748
0.196650912,3747
0.196698514,3746
0.196702226,3745
0.196706211,3744
0.196744176,3743
0.196750072,3742
0.196757142,3741
0.196763451,3740
0.19680527,3739
0.19680873,3738
0.196813451,3737
0.196851281,3736
0.19686149,3735
0.196903792,3734
0.196907137,3733
0.196911174,3732
0.196916781,3731
0.196923585,3730
0.196929584,3729
0.196933246,3728
0.196936331,3727
0.196974438,3726
0.196978069,3725
0.19698115,3724
0.197017857,3723
0.197020986,3722
0.197024199,3721
0.197028526,3720
0.197032286,3719
0.197073631,3718
0.1970772,3717
0.197081642,3716
0.197122046,3715
0.197125208,3714
0.19712992,3713
0.197134851,3712
0.197137954,3711
0.197143997,3710
0.197147552,3709
0.197150834,3708
0.197154191,3707
0.197194321,3706
0.197201828,3705
0.197205363,3704
0.197245646,3703
0.197249181,3702
0.197252559,3701
0.197255742,3700
0.197259201,3699
0.197264153,3698
0.197269604,3697
0.197274824,3696
0.197279444,3695
0.197316244,3694
0.197319746,3693
0.197325544,3692
0.197335704,3691
0.19734125,3690
0.197399869,3689
0.197405503,3688
0.197445399,3687
0.197449681,3686
0.197454763,3685
0.197463103,3684
0.197466539,3683
0.197474762,3682
0.1974838,3681
0.197490729,3680
0.197497921,3679
0.197501818,3678
0.197507272,3677
0.197512407,3676
0.197516943,3675
0.19752564,3674
0.197532544,3673
0.197538268,3672
0.197541846,3671
0.197545326,3670
0.19755662,3669
0.19756174,3668
0.197570074,3667
0.197667408,3666
0.197680966,3665
0.197726414,3664
0.19773543,3663
0.197742344,3662
0.197787697,3661
0.197797664,3660
0.197877304,3659
0.197885894,3658
0.197905787,3657
0.197914093,3656
0.197961149,3655
0.197964924,3654
0.197971181,3653
0.197976383,3652
0.197980507,3651
0.197988706,3650
0.198010593,3649
0.198017385,3648
0.198022739,3647
0.198031021,3646
0.198036218,3645
0.198040543,3644
0.198046053,3643
0.198050784,3642
0.198057965,3641
0.198062056,3640
0.19806737,3639
0.198070927,3638
0.198075667,3637
0.198082114,3636
0.198088827,3635
0.198137723,3634
0.19814303,3633
0.198155375,3632
0.198159106,3631
0.198169402,3630
0.198173172,3629
0.1981953,3628
0.198202549,3627
0.198210484,3626
0.198213933,3625
0.198219561,3624
0.198224011,3623
0.19822753,3622
0.198232329,3621
0.198244421,3620
0.19825162,3619
0.19826005,3618
0.198266109,3617
0.198274726,3616
0.198279877,3615
0.198299668,3614
0.198306756,3613
0.198326707,3612
0.198330054,3611
0.19833481,3610
0.198349494,3609
0.198352693,3608
0.198358158,3607
0.198365465,3606
0.198368743,3605
0.19837175,3604
0.198376833,3603
0.198383242,3602
0.198432265,3601
0.198472685,3600
0.198476705,3599
0.198481932,3598
0.198486217,3597
0.198530939,3596
0.198535083,3595
0.198539014,3594
0.198544106,3593
0.1985523,3592
0.19858859,3591
0.1986077,3590
0.198667689,3589
0.198709562,3588
0.198714678,3587
0.198752208,3586
0.198756473,3585
0.19876232,3584
0.198767229,3583
0.198775813,3582
0.198779561,3581
0.198825194,3580
0.198861521,3579
0.198866548,3578
0.198870057,3577
0.19887412,3576
0.198879875,3575
0.19888467,3574
0.198943968,3573
0.198952332,3572
0.198959023,3571
0.198969572,3570
0.198977901,3569
0.198982086,3568
0.198987045,3567
0.198995677,3566
0.199000986,3565
0.199007203,3564
0.199012542,3563
0.199016146,3562
0.199019552,3561
0.199024792,3560
0.199028674,3559
0.199033852,3558
0.199039785,3557
0.199044393,3556
0.199048329,3555
0.199059761,3554
0.199067822,3553
0.199077623,3552
0.199082368,3551
0.199088747,3550
0.199093005,3549
0.199096761,3548
0.199099717,3547
0.199103618,3546
0.199106676,3545
0.199114429,3544
0.199117228,3543
0.199121725,3542
0.199126025,3541
0.199130605,3540
0.199133899,3539
0.199139023,3538
0.199146161,3537
0.199150602,3536
0.199155218,3535
0.199162064,3534
0.199166127,3533
0.199170317,3532
0.199175738,3531
0.199181659,3530
0.19918663,3529
0.199193078,3528
0.199197553,3527
0.199200654,3526
0.199203523,3525
0.199209263,3524
0.199214981,3523
0.199218306,3522
0.199227932,3521
0.199236558,3520
0.199244165,3519
0.19924973,3518
0.199255615,3517
0.199258684,3516
0.199261644,3515
0.199276372,3514
0.199279797,3513
0.199287917,3512
0.199291227,3511
0.199295442,3510
0.199309493,3509
0.199317247,3508
0.199330195,3507
0.199334205,3506
0.199341293,3505
0.199346451,3504
0.199354804,3503
0.200014531,3502
0.200025438,3501
0.200031639,3500
0.20003928,3499
0.200044747,3498
0.200055663,3497
0.200065157,3496
0.200158495,3495
0.200199206,3494
0.200204551,3493
0.200258271,3492
0.200264368,3491
0.20027243,3490
0.200277415,3489
0.200335639,3488
0.200386317,3487
0.200392677,3486
0.200400896,3485
0.200405176,3484
0.200470763,3483
0.200513002,3482
0.200519926,3481
0.200559835,3480
0.200625614,3479
0.200629662,3478
0.200636827,3477
0.200644814,3476
0.200683675,3475
0.200695355,3474
0.200751111,3473
0.200762906,3472
0.200766585,3471
0.20077809,3470
0.200781387,3469
0.200785997,3468
0.200790401,3467
0.200793887,3466
0.200798106,3465
0.200801222,3464
0.200825788,3463
0.200831694,3462
0.200840753,3461
0.20084925,3460
0.200852353,3459
0.20085561,3458
0.200860398,3457
0.200863753,3456
0.20086641,3455
0.200874895,3454
0.200879605,3453
0.200887754,3452
0.200899118,3451
0.200908201,3450
0.200915676,3449
0.2009222,3448
0.200928598,3447
0.200933232,3446
0.20093577,3445
0.200940017,3444
0.200948299,3443
0.200951565,3442
0.200958093,3441
0.200978855,3440
0.200984745,3439
0.201007873,3438
0.201028931,3437
0.201034363,3436
0.201044181,3435
0.201047562,3434
0.201054194,3433
0.201057729,3432
0.201087145,3431
0.201092342,3430
0.201106142,3429
0.201121955,3428
0.201126295,3427
0.20115073,3426
0.201160283,3425
0.201163757,3424
0.201167727,3423
0.201174281,3422
0.201181839,3421
0.201186417,3420
0.201191722,3419
0.201200183,3418
0.201203152,3417
0.20120582,3416
0.20121101,3415
0.201225977,3414
0.201234306,3413
0.201238268,3412
0.201241859,3411
0.201254343,3410
0.201264061,3409
0.201275935,3408
0.201283033,3407
0.201287163,3406
0.201291032,3405
0.201301129,3404
0.201313869,3403
0.201318076,3402
0.201326096,3401
0.201329208,3400
0.201335003,3399
0.201360286,3398
0.201368619,3397
0.201372031,3396
0.201378467,3395
0.201385934,3394
0.201394691,3393
0.201443689,3392
0.201452231,3391
0.201936126,3390
0.201950335,3389
0.201953822,3388
0.201967538,3387
0.201982634,3386
0.202001166,3385
0.202043381,3384
0.202115947,3383
0.202126638,3382
0.202174673,3381
0.202229621,3380
0.202235765,3379
0.202239421,3378
0.202293287,3377
0.20230148,3376
0.202306543,3375
0.202313512,3374
0.202318276,3373
0.202323661,3372
0.202327932,3371
0.202377168,3370
0.202384833,3369
0.202436354,3368
0.202443506,3367
0.202451806,3366
0.202491964,3365
0.202512362,3364
0.202521419,3363
0.202572393,3362
0.202606221,3361
0.202661068,3360
0.202665215,3359
0.202670597,3358
0.202681474,3357
0.202728588,3356
0.202733224,3355
0.203114551,3354
0.203175043,3353
0.203234772,3352
0.203280464,3351
0.20328697,3350
0.203328392,3349
0.203418317,3348
0.2034649,3347
0.203486187,3346
0.203562097,3345
0.203618921,3344
0.20368803,3343
0.203955459,3342
0.20405942,3341
0.204065624,3340
0.204081199,3339
0.204086298,3338
0.204100267,3337
0.204160182,3336
0.20457436,3335
0.204578223,3334
0.204618142,3333
0.204626158,3332
0.2048931,3331
0.204917129,3330
0.205014231,3329
0.205076377,3328
0.205116683,3327
0.205132507,3326
0.205329075,3325
0.205398195,3324
0.205458618,3323
0.205466336,3322
0.205672192,3321
0.205927806,3320
0.206390912,3319
0.206397574,3318
0.206540502,3317
0.206799304,3316
0.206805491,3315
0.206902627,3314
0.207166845,3313
