0.01990272,927
0.020011146,926
0.020065681,925
0.020074771,924
0.020133884,923
0.020184615,922
0.020247009,921
0.020290826,920
0.021768399,919
0.021875099,918
0.02189988,917
0.021914047,916
0.021926709,915
0.0219467,914
0.021987348,913
0.022001979,912
0.022030347,911
0.022071256,910
0.022125871,909
0.022151223,908
0.022169435,907
0.022183558,906
0.022195946,905
0.022207306,904
0.022227845,903
0.022407967,902
0.022424909,901
0.02243917,900
0.022480892,899
0.02249953,898
0.022513964,897
0.022555434,896
0.022598528,895
0.022616318,894
0.022625566,893
0.022637645,892
0.022648026,891
0.022669242,890
0.022697934,889
0.022722909,888
0.022769254,887
0.022777825,886
0.022834157,885
0.02284575,884
0.022865828,883
0.022896987,882
0.02292575,881
0.022932163,880
0.022962303,879
0.022968608,878
0.023001461,877
0.023007926,876
0.023015935,875
0.023024326,874
0.023032165,873
0.023106416,872
0.02311338,871
0.023120962,870
0.023126839,869
0.024072537,868
0.024080909,867
0.024087915,866
0.024095214,865
0.024106451,864
0.024144969,863
0.024186028,862
0.024199842,861
0.024213719,860
0.024222182,859
0.024231468,858
0.024237954,857
0.024251207,856
0.024258247,855
0.024273224,854
0.024283483,853
0.02430078,852
0.024321146,851
0.024327329,850
0.024333856,849
0.024343805,848
0.02435311,847
0.024368736,846
0.024391447,845
0.02439851,844
0.024404986,843
0.024415246,842
0.024425361,841
0.024438205,840
0.02444841,839
0.024455808,838
0.024463459,837
0.024476515,836
0.024495311,835
0.024502335,834
0.02451352,833
0.024560688,832
0.024573656,831
0.024584126,830
0.024590314,829
0.024596302,828
0.024605148,827
0.024617835,826
0.024627415,825
0.024637867,824
0.024647397,823
0.024655057,822
0.024662537,821
0.024691891,820
0.024698224,819
0.024710231,818
0.024715529,817
0.024758285,816
0.024824565,815
0.024836092,814
0.024878015,813
0.02488462,812
0.024894012,811
0.024937831,810
0.024944485,809
0.024953033,808
0.024990178,807
0.025008591,806
0.025020245,805
0.025034518,804
0.025056793,803
0.02506238,802
0.025078239,801
0.025090311,800
0.025102731,799
0.02510771,798
0.025115442,797
0.025120307,796
0.025127833,795
0.025138353,794
0.025843254,793
0.027038653,792
0.027048889,791
0.027067901,790
0.027089937,789
0.027109205,788
0.027138092,787
0.027163109,786
0.027186747,785
0.027193692,784
0.027204814,783
0.0272231,782
0.02726424,781
0.027274044,780
0.027315524,779
0.027320622,778
0.027355985,777
0.027359854,776
0.027414924,775
0.02746852,774
0.027505995,773
0.027545403,772
0.027548905,771
0.027585052,770
0.027641918,769
0.027805673,768
0.027850251,767
0.027889042,766
0.027936726,765
0.027982363,764
0.028054135,763
0.02814494,762
0.028284061,761
0.028337328,760
0.028387688,759
0.028556331,758
0.042168802,757
0.055063496,756
0.058246682,755
0.062264007,754
0.069653635,753
0.088324113,752
0.090589864,751
0.141110515,750
0.199842564,749
0.202223518,748
0.204453283,747
0.207002086,746
0.209034113,745
0.210740109,744
0.214398516,743
0.216374485,742
0.221894789,741
0.224172842,740
0.227146094,739
0.228800053,738
0.239696515,737
0.24259915,736
0.252130007,735
0.253867896,734
0.256694656,733
0.285636491,732
0.288064981,731
0.291502002,730
0.305702924,729
0.320778411,728
0.328304167,727
