0.026754084,927
0.026822462,926
0.026899893,925
0.026941994,924
0.026988096,923
0.027007577,922
0.027062606,921
0.027097827,920
0.027559822,919
0.027581412,918
0.027596398,917
0.027862674,916
0.027931339,915
0.028038719,914
0.028082684,913
0.028090635,912
0.028147435,911
0.028157876,910
0.028172342,909
0.028197391,908
0.0282533,907
0.028354049,906
0.028394626,905
0.028431523,904
0.028472565,903
0.028487526,902
0.0285349,901
0.0285627,900
0.028853221,899
0.028864395,898
0.028879918,897
0.028921343,896
0.028942767,895
0.028957767,894
0.02897318,893
0.02902774,892
0.029065457,891
0.029101967,890
0.029112534,889
0.029124358,888
0.029137845,887
0.029151023,886
0.029203377,885
0.029422229,884
0.029432467,883
0.029441622,882
0.029469923,881
0.029481243,880
0.029510988,879
0.029532282,878
0.029540773,877
0.029567534,876
0.029579697,875
0.029586519,874
0.029596949,873
0.029604335,872
0.029612819,871
0.02961998,870
0.030574048,869
0.031485161,868
0.031497479,867
0.031509442,866
0.031516954,865
0.031524965,864
0.03153329,863
0.031580948,862
0.031588228,861
0.031595,860
0.031627028,859
0.031633661,858
0.031646872,857
0.031656037,856
0.031664449,855
0.031671578,854
0.031677578,853
0.031748116,852
0.031828346,851
0.031846755,850
0.031876426,849
0.031887538,848
0.031915984,847
0.031935654,846
0.031984472,845
0.032011781,844
0.032018342,843
0.032241719,842
0.032261494,841
0.032277635,840
0.032292111,839
0.032303671,838
0.032321337,837
0.032331679,836
0.032339667,835
0.032357389,834
0.032366637,833
0.03237546,832
0.03238477,831
0.032405497,830
0.032439934,829
0.032446249,828
0.032465564,827
0.032474105,826
0.032490797,825
0.032512473,824
0.032533865,823
0.032556828,822
0.032571434,821
0.032584968,820
0.032610023,819
0.032616113,818
0.03264526,817
0.032651523,816
0.032662259,815
0.032685398,814
0.032695728,813
0.032733679,812
0.032748449,811
0.032766936,810
0.032788779,809
0.032793898,808
0.032804525,807
0.032812387,806
0.032817709,805
0.032823025,804
0.032837811,803
0.032855538,802
0.032870707,801
0.032886369,800
0.032895549,799
0.032907363,798
0.032923092,797
0.032954842,796
0.032966922,795
0.032980189,794
0.032991036,793
0.033794806,792
0.033813189,791
0.033819022,790
0.033854808,789
0.033864136,788
0.033880642,787
0.03392679,786
0.033950825,785
0.033976883,784
0.033990013,783
0.034012338,782
0.034031747,781
0.034072354,780
0.034122452,779
0.034144345,778
0.034227654,777
0.034249457,776
0.034260914,775
0.034283339,774
0.034425286,773
0.034736206,772
0.034745142,771
0.034752876,770
0.034783084,769
0.03480058,768
0.034807348,767
0.034849126,766
0.03487678,765
0.03495482,764
0.035002402,763
0.035018714,762
0.035032916,761
