0.027417086,927
0.027502004,926
0.02754588,925
0.027554234,924
0.027607482,923
0.027614525,922
0.02766012,921
0.027693397,920
0.028167817,919
0.028181139,918
0.028189819,917
0.028199937,916
0.028209092,915
0.028219283,914
0.028227831,913
0.028237999,912
0.028264634,911
0.028273581,910
0.028286616,909
0.028295753,908
0.028319113,907
0.02834652,906
0.028358619,905
0.028371506,904
0.028379413,903
0.028391018,902
0.028402968,901
0.028412054,900
0.028422506,899
0.028436839,898
0.028451737,897
0.028462688,896
0.028472428,895
0.028480825,894
0.028488693,893
0.028496735,892
0.028505691,891
0.028517228,890
0.028524723,889
0.028541306,888
0.028551285,887
0.028564984,886
0.028581848,885
0.02859212,884
0.028606293,883
0.028616914,882
0.028629511,881
0.028638515,880
0.028648163,879
0.028657149,878
0.028683603,877
0.028696881,876
0.028728545,875
0.028736574,874
0.028745723,873
0.028752555,872
0.028772362,871
0.028795157,870
0.028801507,869
0.029947047,868
0.029952964,867
0.029962726,866
0.029971548,865
0.029977275,864
0.029986467,863
0.029992879,862
0.030006751,861
0.030044518,860
0.030081833,859
0.030122644,858
0.030130483,857
0.030169476,856
0.030176454,855
0.030214389,854
0.030220888,853
0.030258023,852
0.030299187,851
0.03032715,850
0.030372402,849
0.030416934,848
0.030459836,847
0.030468187,846
0.030479728,845
0.030494686,844
0.030504471,843
0.030522197,842
0.030531048,841
0.030541994,840
0.030549005,839
0.030557608,838
0.030565244,837
0.030574943,836
0.030583977,835
0.030595019,834
0.030600186,833
0.030620164,832
0.030631859,831
0.030649837,830
0.030661723,829
0.030676779,828
0.030691365,827
0.030702104,826
0.030723707,825
0.03074694,824
0.030764133,823
0.030781121,822
0.030789775,821
0.030795755,820
0.030813057,819
0.030826107,818
0.030849392,817
0.030861716,816
0.0315937,815
0.031609523,814
0.031630168,813
0.031637743,812
0.031646276,811
0.031661343,810
0.031687879,809
0.031693817,808
0.031712757,807
0.031728642,806
0.031735448,805
0.031744383,804
0.031750276,803
0.031767717,802
0.031789146,801
0.031802044,800
0.031811814,799
0.031842419,798
0.031848939,797
0.031870047,796
0.031884251,795
0.031893201,794
0.031899601,793
0.031956926,792
0.031969579,791
0.032867131,790
0.032934331,789
0.032969173,788
0.033043086,787
0.033050329,786
0.033116195,785
0.033133546,784
0.033141043,783
0.033146719,782
0.033154551,781
0.03316723,780
0.033198001,779
0.03330442,778
0.033316101,777
0.033348026,776
0.033384884,775
0.033408174,774
0.033431171,773
0.033447728,772
0.033755195,771
0.033771995,770
0.033837978,769
0.033856123,768
0.033870661,767
0.033901957,766
0.033963316,765
0.034076015,764
0.034133333,763
0.03416251,762
0.034172552,761
0.04262303,760
0.047456246,759
0.050043026,758
0.053351834,757
0.055592082,756
0.062821792,755
0.070559583,754
0.074323302,753
0.077239919,752
0.081440535,751
0.086511075,750
0.088824455,749
0.091075187,748
0.094834961,747
0.100873372,746
0.103260049,745
0.107302681,744
0.11352229,743
0.116286325,742
0.120018853,741
0.122686217,740
0.126314353,739
0.128628631,738
0.130876334,737
0.134604727,736
0.137413627,735
0.139095057,734
0.141405224,733
0.144484801,732
0.145797951,731
0.149306701,730
0.152610086,729
0.154262447,728
0.156035532,727
0.16009636,726
0.16487016,725
0.169527567,724
