0.01744085,927
0.017533759,926
0.017631076,925
0.017701768,924
0.017724101,923
0.017730335,922
0.017783876,921
0.017808228,920
0.018065938,919
0.01807338,918
0.018084228,917
0.018091193,916
0.018100834,915
0.018119559,914
0.018129316,913
0.01813672,912
0.018155893,911
0.018164782,910
0.018171061,909
0.018177011,908
0.018182854,907
0.018218543,906
0.018232893,905
0.018242706,904
0.018248855,903
0.018270098,902
0.01827801,901
0.018293529,900
0.018313414,899
0.018330562,898
0.018345366,897
0.018361201,896
0.018373948,895
0.018386842,894
0.018400266,893
0.01841338,892
0.018431366,891
0.01843906,890
0.018453131,889
0.018458583,888
0.018475873,887
0.018491848,886
0.018507547,885
0.018521523,884
0.018535027,883
0.018548413,882
0.018553836,881
0.018571894,880
0.018577311,879
0.01860033,878
0.018604995,877
0.018618318,876
0.018627622,875
0.01866782,874
0.018674188,873
0.018680428,872
0.018703491,871
0.018708833,870
0.018717695,869
0.019706034,868
0.019716484,867
0.019754232,866
0.019800965,865
0.019840244,864
0.019848456,863
0.019858594,862
0.019896544,861
0.019902411,860
0.019922629,859
0.01992822,858
0.019954448,857
0.019962005,856
0.019969352,855
0.019975021,854
0.019995038,853
0.020002851,852
0.020006964,851
0.02001316,850
0.020018158,849
0.020026783,848
0.0200306,847
0.020034553,846
0.020038477,845
0.020042321,844
0.020046097,843
0.020049869,842
0.020055495,841
0.020061126,840
0.020064647,839
0.020068442,838
0.020076794,837
0.020084635,836
0.020093037,835
0.020097633,834
0.020103734,833
0.020108023,832
0.020114812,831
0.020124077,830
0.020130544,829
0.020135822,828
0.020141293,827
0.020153399,826
0.020172487,825
0.020180577,824
0.020220127,823
0.020228167,822
0.020237127,821
0.020254373,820
0.020265317,819
0.020275058,818
0.020280525,817
0.020295885,816
0.020337513,815
0.02034622,814
0.020353872,813
0.020363594,812
0.020368883,811
0.020374937,810
0.020385075,809
0.020412853,808
0.020432116,807
0.020441627,806
0.02048301,805
0.020488315,804
0.020528015,803
0.02053736,802
0.020550039,801
0.020564005,800
0.020626462,799
0.020641174,798
0.020647778,797
0.020677359,796
0.020715476,795
0.020725117,794
0.020731731,793
0.020741317,792
0.021530314,791
0.021556387,790
0.021565842,789
0.021606588,788
0.021701718,787
0.021794503,786
0.021798537,785
0.021805789,784
0.021862795,783
0.021878023,782
0.021895333,781
0.021915439,780
0.021934983,779
0.021943366,778
0.021950725,777
0.021954296,776
0.021965342,775
0.021972854,774
0.022020637,773
0.02205497,772
0.022091007,771
0.022136467,770
0.02244483,769
0.022455865,768
0.022503622,767
0.022513422,766
0.022529608,765
0.022564814,764
0.022610552,763
0.022620069,762
0.022634899,761
0.022733227,760
0.022751235,759
0.02279137,758
0.022797702,757
