0.023136336,927
0.023263963,926
0.023314832,925
0.02338232,924
0.023426101,923
0.023482237,922
0.0235072,921
0.023534301,920
0.023891218,919
0.023940753,918
0.023960553,917
0.023998928,916
0.024017275,915
0.024069664,914
0.024117085,913
0.024134815,912
0.024144616,911
0.024172505,910
0.024430166,909
0.024484147,908
0.024534823,907
0.02463221,906
0.024646104,905
0.024686786,904
0.024873553,903
0.025015733,902
0.025030419,901
0.025083847,900
0.025135101,899
0.025182526,898
0.025193453,897
0.025205431,896
0.02524356,895
0.025281531,894
0.025320958,893
0.025332007,892
0.025373868,891
0.025411651,890
0.025427773,889
0.025492248,888
0.025502347,887
0.025520773,886
0.025541245,885
0.025591191,884
0.025629504,883
0.025686404,882
0.025705971,881
0.025744463,880
0.025753896,879
0.025817481,878
0.026459136,877
0.026486116,876
0.026534094,875
0.02654078,874
0.026560024,873
0.026585509,872
0.026593941,871
0.026605216,870
0.026614858,869
0.030089482,868
0.030100747,867
0.030122343,866
0.030185024,865
0.030204983,864
0.030212873,863
0.033823863,862
0.03384351,861
0.033862334,860
0.033877173,859
0.033908103,858
0.033927338,857
0.033933608,856
0.033942095,855
0.033985764,854
0.034031945,853
0.034037591,852
0.034045341,851
0.034054446,850
0.03407134,849
0.034083841,848
0.034089554,847
0.034116712,846
0.034139004,845
0.034146904,844
0.034151842,843
0.03419136,842
0.034203869,841
0.034212219,840
0.034223824,839
0.034271723,838
0.034276403,837
0.034284451,836
0.034300144,835
0.034338466,834
0.034344789,833
0.034353231,832
0.034380191,831
0.034387573,830
0.034395077,829
0.03440466,828
0.034410149,827
0.034446976,826
0.034457401,825
0.034461976,824
0.034468293,823
0.034522607,822
0.034538546,821
0.034543892,820
0.034560533,819
0.034572013,818
0.034622288,817
0.034628213,816
0.034637104,815
0.035912159,814
0.035989881,813
0.035995059,812
0.036002864,811
0.036226816,810
0.036236183,809
0.036242102,808
0.036280234,807
0.03628649,806
0.036328983,805
0.036335621,804
0.036342741,803
0.036366274,802
0.036376889,801
0.036388035,800
0.036409588,799
0.036427014,798
0.036444688,797
0.036463553,796
0.036494108,795
0.036504067,794
0.037602117,793
0.03763141,792
0.037664116,791
0.037681928,790
0.037686334,789
0.037711161,788
0.037745159,787
0.037763923,786
0.037781537,785
0.03778975,784
0.037797883,783
0.037816419,782
0.037823289,781
0.037845279,780
0.037870202,779
0.037880426,778
0.037917178,777
0.037923208,776
0.037934306,775
0.037959164,774
0.037966651,773
0.037984013,772
0.037994119,771
0.038002132,770
0.038129054,769
0.038135066,768
0.038139896,767
0.038149565,766
0.038166081,765
0.038247703,764
0.038272291,763
0.038389378,762
0.038394156,761
0.038453581,760
0.038482911,759
0.038587784,758
