0.015759058,927
0.01585953,926
0.015902731,925
0.015933413,924
0.015965908,923
0.015986687,922
0.016008261,921
0.016014716,920
0.016249275,919
0.016255418,918
0.01626176,917
0.016268395,916
0.0162783,915
0.016293752,914
0.016353026,913
0.016378069,912
0.016401027,911
0.016417925,910
0.016431006,909
0.016445967,908
0.016482966,907
0.016497829,906
0.016508218,905
0.016515074,904
0.016520978,903
0.016528884,902
0.016554137,901
0.016560513,900
0.016569938,899
0.01657655,898
0.016586388,897
0.016595367,896
0.016604068,895
0.016616784,894
0.016624153,893
0.01668425,892
0.016707102,891
0.016723075,890
0.016759324,889
0.016768343,888
0.016776953,887
0.016784796,886
0.016792554,885
0.016798732,884
0.016804871,883
0.016812781,882
0.016819226,881
0.016825072,880
0.016843597,879
0.016850066,878
0.01687183,877
0.016882838,876
0.01689028,875
0.016898992,874
0.016906329,873
0.016912917,872
0.016943775,871
0.01694961,870
0.016961072,869
0.018366016,868
0.01838218,867
0.018394387,866
0.018402249,865
0.018410379,864
0.018424686,863
0.018434811,862
0.018443115,861
0.018453316,860
0.018469452,859
0.018499406,858
0.018509225,857
0.018520362,856
0.018566342,855
0.018571928,854
0.018579577,853
0.018585091,852
0.018604891,851
0.018616143,850
0.01862186,849
0.018643639,848
0.018650027,847
0.018669033,846
0.018675253,845
0.018691148,844
0.018704603,843
0.018713715,842
0.0187206,841
0.018728405,840
0.018734951,839
0.018740251,838
0.018747707,837
0.018760225,836
0.018770499,835
0.018777594,834
0.01878141,833
0.018791223,832
0.01879525,831
0.018802391,830
0.018821998,829
0.018827376,828
0.018835357,827
0.018840733,826
0.018857046,825
0.018864479,824
0.018873605,823
0.018884316,822
0.018891251,821
0.018900073,820
0.018904441,819
0.018914445,818
0.018919149,817
0.01892434,816
0.018944974,815
0.018963507,814
0.019001254,813
0.019016781,812
0.019022649,811
0.019027797,810
0.019038529,809
0.019134185,808
0.01917429,807
0.019178155,806
0.019185042,805
0.01919292,804
0.019196084,803
0.019200027,802
0.0192035,801
0.019206315,800
0.019223968,799
0.019234345,798
0.019238785,797
0.01924392,796
0.019253589,795
0.019260188,794
0.019909113,793
0.019937014,792
0.01996308,791
0.01996944,790
0.020010799,789
0.020015395,788
0.020024939,787
0.020106529,786
0.020140079,785
0.020148562,784
0.02015931,783
0.020173498,782
0.020178098,781
0.020207533,780
0.020259406,779
0.020263429,778
0.020272145,777
0.020313784,776
0.020324995,775
0.020342442,774
0.020347289,773
0.020352803,772
0.020531449,771
0.02057352,770
0.020597925,769
0.020618272,768
0.020623861,767
0.020649916,766
0.020678087,765
0.020681245,764
0.020762536,763
0.020776181,762
0.020793294,761
0.020806764,760
