0.023938369,927
0.02407367,926
0.024133756,925
0.024180463,924
0.024229733,923
0.024270596,922
0.024279335,921
0.024300497,920
0.024659082,919
0.024708075,918
0.024720895,917
0.024734342,916
0.024744177,915
0.024766004,914
0.024776554,913
0.024945823,912
0.024985401,911
0.025875072,910
0.026388009,909
0.026404921,908
0.026418225,907
0.026432597,906
0.026475159,905
0.026488668,904
0.026499883,903
0.026512612,902
0.026650086,901
0.026695033,900
0.027085868,899
0.041279348,898
0.04129122,897
0.041298282,896
0.041313399,895
0.04132963,894
0.041344485,893
0.041355673,892
0.041372269,891
0.041379265,890
0.041386558,889
0.041454258,888
0.041545511,887
0.041561236,886
0.041940653,885
0.042135549,884
0.042173518,883
0.042200031,882
0.04221537,881
0.042262092,880
0.042306595,879
0.042344102,878
0.042361294,877
0.04240426,876
0.042419672,875
0.042630637,874
0.042640217,873
0.042654478,872
0.042669787,871
0.042677727,870
0.042699973,869
0.043637681,868
0.043655858,867
0.043663199,866
0.043674695,865
0.043684196,864
0.043701442,863
0.073641249,862
0.074224644,861
0.074235499,860
0.075010896,859
0.075048599,858
0.075061015,857
0.075098867,856
0.075111709,855
0.076446846,854
0.076460287,853
0.076717426,852
0.07672606,851
0.076804897,850
0.076810503,849
0.076869991,848
0.07689183,847
0.076898136,846
0.076903428,845
0.077211334,844
0.077283152,843
0.07729543,842
0.077355022,841
0.077390386,840
0.077397995,839
0.077408454,838
0.077430106,837
0.077483445,836
0.077490466,835
0.077497088,834
0.077557169,833
0.077565066,832
0.077575072,831
0.077583065,830
0.077594353,829
0.077604518,828
0.077660638,827
0.07767482,826
0.077686583,825
0.077694449,824
0.078074029,823
0.078089678,822
0.078098913,821
0.078443965,820
0.078485828,819
0.07850999,818
0.078515817,817
0.078556475,816
0.078562496,815
0.078569213,814
0.078579727,813
0.078587724,812
0.078594127,811
0.078636919,810
0.078666216,809
0.078688614,808
0.078734808,807
0.078740698,806
0.078784944,805
0.078828596,804
0.078835819,803
0.078855976,802
0.078904948,801
0.078937243,800
0.07897338,799
0.078980172,798
0.078996509,797
0.079214285,796
0.079229301,795
0.079238932,794
0.07926333,793
0.080944081,792
0.081016256,791
0.081071149,790
0.081350433,789
0.081406815,788
0.081473251,787
0.081708983,786
0.081738152,785
0.081746418,784
0.081756859,783
0.081798038,782
0.081806488,781
0.081812496,780
0.08183192,779
0.081869271,778
0.081886135,777
0.081898911,776
0.081910195,775
0.081939142,774
0.081959784,773
0.0819748,772
0.081991591,771
0.082196074,770
0.082241032,769
0.082333198,768
0.08236906,767
0.082407088,766
0.08242723,765
0.082461328,764
0.082505907,763
0.082612427,762
0.082667288,761
0.082679241,760
