0.031526219,927
0.03154307,926
0.031622847,925
0.031666229,924
0.031697878,923
0.031742893,922
0.031786852,921
0.031800178,920
0.032206003,919
0.032225744,918
0.032248111,917
0.032262171,916
0.032274459,915
0.032287267,914
0.03230147,913
0.032318034,912
0.032346524,911
0.032361928,910
0.032375143,909
0.032400607,908
0.032409973,907
0.032424177,906
0.03244237,905
0.032478119,904
0.032486337,903
0.032496883,902
0.032510348,901
0.032520735,900
0.032531852,899
0.03255606,898
0.03257631,897
0.03259213,896
0.032605362,895
0.032615513,894
0.032625484,893
0.032645715,892
0.032654737,891
0.032664371,890
0.032685473,889
0.032695512,888
0.03271907,887
0.032726003,886
0.032737142,885
0.032780752,884
0.032793797,883
0.032822319,882
0.032874636,881
0.032895026,880
0.032923028,879
0.032930502,878
0.032949827,877
0.032954931,876
0.032979534,875
0.032988764,874
0.032993707,873
0.032998184,872
0.033001874,871
0.03300644,870
0.0330167,869
0.033986228,868
0.034033992,867
0.03404168,866
0.03405013,865
0.034055865,864
0.034062548,863
0.034072178,862
0.034080263,861
0.034088434,860
0.034099428,859
0.034107483,858
0.034114038,857
0.034123247,856
0.034131684,855
0.03414499,854
0.03416171,853
0.034210423,852
0.034220877,851
0.034226058,850
0.034233904,849
0.034266121,848
0.034302401,847
0.034306744,846
0.03431217,845
0.034316334,844
0.034365253,843
0.034372035,842
0.03439383,841
0.034411877,840
0.034423386,839
0.034438365,838
0.034449088,837
0.03447125,836
0.034477723,835
0.034484558,834
0.034495726,833
0.034500492,832
0.03450466,831
0.034508971,830
0.034527991,829
0.03454311,828
0.03454713,827
0.034551324,826
0.034556636,825
0.034566384,824
0.034582145,823
0.034589823,822
0.034601102,821
0.034654034,820
0.034660119,819
0.034665565,818
0.034694872,817
0.034700948,816
0.034739844,815
0.034745675,814
0.034749584,813
0.034757485,812
0.034768367,811
0.034773124,810
0.034784292,809
0.034793707,808
0.034798068,807
0.034820129,806
0.034831016,805
0.034840265,804
0.034860759,803
0.034869819,802
0.034880554,801
0.034886175,800
0.034894298,799
0.034908985,798
0.034919959,797
0.034927494,796
0.034942516,795
0.034952736,794
0.035586942,793
0.035603357,792
0.035609874,791
0.035642929,790
0.035648215,789
0.035655827,788
0.035686181,787
0.035690789,786
0.035706523,785
0.035716038,784
0.03573151,783
0.035734735,782
0.035751594,781
0.035774097,780
0.035807602,779
0.035815929,778
0.035843223,777
0.035887325,776
0.035908939,775
0.035915473,774
0.035923492,773
0.035960198,772
0.035986638,771
0.035990769,770
0.036156904,769
0.036208517,768
0.036222907,767
0.036226096,766
0.036253531,765
0.036288784,764
0.036377755,763
0.036415091,762
0.036434021,761
0.036472683,760
0.036572485,759
0.04724253,758
0.052600211,757
0.05452319,756
0.056861358,755
0.060846834,754
0.065544273,753
0.067243391,752
0.069590581,751
0.074151712,750
0.077393018,749
0.082390691,748
0.085985443,747
0.087921064,746
0.092930079,745
0.09506379,744
0.097377158,743
0.099050308,742
0.101640357,741
0.103473464,740
0.104766849,739
0.106259989,738
0.107738101,737
0.111957756,736
0.115611555,735
0.117637978,734
0.119385893,733
0.120856495,732
0.121964643,731
0.123677831,730
0.126658718,729
0.132456144,728
