0.107350966,927
0.107372753,926
0.107465583,925
0.107474621,924
0.107560788,923
0.10761411,922
0.107673983,921
0.107705568,920
0.108064621,919
0.108077647,918
0.108088571,917
0.108137656,916
0.108154675,915
0.109048653,914
0.109068181,913
0.109080657,912
0.109094097,911
0.109113083,910
0.109131042,909
0.109145127,908
0.109161252,907
0.109181482,906
0.109196712,905
0.109215322,904
0.109240525,903
0.109253795,902
0.109267296,901
0.109280151,900
0.109298609,899
0.109311309,898
0.10932162,897
0.10933197,896
0.109343088,895
0.109354342,894
0.109362969,893
0.109372198,892
0.109380218,891
0.109393233,890
0.109404809,889
0.109416943,888
0.109426778,887
0.109437359,886
0.109456448,885
0.109468603,884
0.109477709,883
0.109495216,882
0.10951982,881
0.10953085,880
0.109563075,879
0.10958714,878
0.109611967,877
0.109619686,876
0.109646471,875
0.109654873,874
0.10966431,873
0.10967443,872
0.109682734,871
0.109691347,870
0.109704765,869
0.110711436,868
0.110737354,867
0.114354024,866
0.114364007,865
0.114378076,864
0.114395856,863
0.114413496,862
0.114460898,861
0.114466092,860
0.114484928,859
0.114501312,858
0.114515435,857
0.114522929,856
0.114541448,855
0.114598536,854
0.114609526,853
0.114631665,852
0.114654565,851
0.1146795,850
0.114685717,849
0.114713167,848
0.114730211,847
0.114738781,846
0.114751835,845
0.114758911,844
0.114769431,843
0.114776772,842
0.114784051,841
0.114792283,840
0.114799397,839
0.114812128,838
0.114846314,837
0.114852725,836
0.115271074,835
0.11527886,834
0.115285756,833
0.115291513,832
0.115299987,831
0.115383874,830
0.115393101,829
0.115402178,828
0.115412177,827
0.11543096,826
0.115436,825
0.115445022,824
0.115450899,823
0.11546562,822
0.11547116,821
0.115481337,820
0.115486798,819
0.115511318,818
0.115528994,817
0.115534125,816
0.115545818,815
0.115551492,814
0.115556751,813
0.115565879,812
0.115579019,811
0.11649111,810
0.11650892,809
0.116568069,808
0.116615832,807
0.116632911,806
0.116653089,805
0.116659292,804
0.116669675,803
0.116675689,802
0.116680835,801
0.116688402,800
0.116705269,799
0.116710571,798
0.11671524,797
0.116752459,796
0.116762064,795
0.116771713,794
0.116803715,793
0.11760885,792
0.118421685,791
0.118439824,790
0.118446818,789
0.118451619,788
0.118477436,787
0.11850521,786
0.118509769,785
0.118637513,784
0.118657699,783
0.118757238,782
0.118791856,781
0.118798109,780
0.118828639,779
0.118840368,778
0.118847195,777
0.118903815,776
0.11891729,775
0.118947058,774
0.118963075,773
0.118978536,772
0.118990861,771
0.119013813,770
0.119275161,769
0.119284482,768
0.119309656,767
0.119369868,766
0.119375498,765
0.1194165,764
0.119475105,763
0.119507092,762
0.119681137,761
0.119745736,760
0.119887833,759
0.131441408,758
0.134082023,757
0.136796337,756
0.140458763,755
0.142692667,754
0.146069089,753
0.151128802,752
0.15413565,751
0.167719372,750
0.17377772,749
0.18221697,748
0.184892606,747
0.188536432,746
0.194570971,745
0.20351784,744
0.205813064,743
0.211402994,742
0.213588966,741
0.216852022,740
0.221865749,739
0.223758445,738
0.227656742,737
0.234260269,736
0.236381697,735
0.238799662,734
0.241697635,733
0.244946207,732
0.24964859,731
0.253139015,730
0.267272737,729
0.274677476,728
0.27650985,727
