0.02327176,927
0.023307453,926
0.023358509,925
0.023399439,924
0.023432549,923
0.02346426,922
0.023553208,921
0.023575822,920
0.023936391,919
0.024311209,918
0.024333229,917
0.024345094,916
0.024357384,915
0.024370955,914
0.024393815,913
0.024490118,912
0.024509773,911
0.02454391,910
0.024555566,909
0.024566323,908
0.024580058,907
0.024596694,906
0.024620107,905
0.024630123,904
0.02464889,903
0.024659035,902
0.024681561,901
0.024698747,900
0.02470909,899
0.024731862,898
0.024753374,897
0.024770659,896
0.024787994,895
0.024798964,894
0.024815531,893
0.02484237,892
0.024851693,891
0.024866428,890
0.024879158,889
0.024914564,888
0.024925458,887
0.024935045,886
0.024951326,885
0.024973402,884
0.024990047,883
0.024999977,882
0.025030218,881
0.025040053,880
0.025094245,879
0.025103861,878
0.025132283,877
0.025142645,876
0.025165746,875
0.025181398,874
0.025194262,873
0.025204973,872
0.025214282,871
0.025221315,870
0.02523242,869
0.026180756,868
0.026190338,867
0.026199283,866
0.026211991,865
0.026247986,864
0.026285046,863
0.026300074,862
0.026311616,861
0.026323718,860
0.026342198,859
0.026352314,858
0.026360853,857
0.026371604,856
0.026387354,855
0.026402283,854
0.02642376,853
0.026444256,852
0.026454492,851
0.026461024,850
0.02647111,849
0.026484645,848
0.026671108,847
0.026680806,846
0.026689147,845
0.026693975,844
0.026708558,843
0.026715222,842
0.026724887,841
0.026732818,840
0.026738924,839
0.026751357,838
0.026758714,837
0.026777075,836
0.02678137,835
0.026787839,834
0.026798848,833
0.02680511,832
0.026813463,831
0.026818099,830
0.026829068,829
0.026863919,828
0.026868092,827
0.026872518,826
0.026885183,825
0.026895143,824
0.026910666,823
0.026919235,822
0.026929922,821
0.026985551,820
0.026992514,819
0.026998274,818
0.027045016,817
0.0270812,816
0.027155625,815
0.027186965,814
0.02719143,813
0.027229941,812
0.027270334,811
0.0273215,810
0.027364193,809
0.02740357,808
0.027408173,807
0.02745557,806
0.02749553,805
0.027504913,804
0.027521003,803
0.027528679,802
0.027545945,801
0.027550771,800
0.027563615,799
0.027596962,798
0.027606952,797
0.027612967,796
0.027621115,795
0.027630564,794
0.028346603,793
0.028390523,792
0.028397381,791
0.028430186,790
0.028434916,789
0.028443722,788
0.028459913,787
0.028464533,786
0.028475739,785
0.028485291,784
0.028499951,783
0.028503166,782
0.028515133,781
0.028524343,780
0.02855536,779
0.028564683,778
0.028585347,777
0.028606655,776
0.028628197,775
0.028635655,774
0.02864409,773
0.0286828,772
0.028713675,771
0.028720027,770
0.028908869,769
0.028969073,768
0.028984166,767
0.028989462,766
0.029020517,765
0.029065342,764
0.029196833,763
0.029245457,762
0.029264075,761
0.02931269,760
0.029445692,759
