0.02344584,927
0.023468091,926
0.023513751,925
0.023548266,924
0.023596231,923
0.023634246,922
0.023690736,921
0.02372045,920
0.02400053,919
0.02404209,918
0.024049504,917
0.024059259,916
0.024073854,915
0.024125783,914
0.024161575,913
0.024179444,912
0.024200957,911
0.024214052,910
0.024233844,909
0.024249041,908
0.024255592,907
0.024263446,906
0.024272547,905
0.024282728,904
0.024289458,903
0.024296423,902
0.024304118,901
0.024313161,900
0.024322832,899
0.024332488,898
0.024340502,897
0.024349134,896
0.024360951,895
0.024512413,894
0.024567163,893
0.024584054,892
0.024592985,891
0.024608508,890
0.024616664,889
0.024630513,888
0.024673046,887
0.02468925,886
0.02477309,885
0.024846352,884
0.024868394,883
0.024882845,882
0.024944901,881
0.024951132,880
0.024969666,879
0.025012824,878
0.025018818,877
0.025036701,876
0.025045261,875
0.025055312,874
0.025062539,873
0.025073704,872
0.025098418,871
0.025107228,870
0.025116614,869
0.027493925,868
0.027502835,867
0.027511272,866
0.027528465,865
0.027539502,864
0.027573429,863
0.027621837,862
0.027660254,861
0.027702138,860
0.027714774,859
0.027753291,858
0.027762691,857
0.027782415,856
0.027794879,855
0.02780302,854
0.027856179,853
0.027908956,852
0.027916837,851
0.027928976,850
0.027944805,849
0.027957353,848
0.02796476,847
0.027982177,846
0.02798875,845
0.028024603,844
0.028422964,843
0.028450097,842
0.028464778,841
0.028475413,840
0.028484169,839
0.028492277,838
0.02857176,837
0.028588136,836
0.028599391,835
0.02863866,834
0.028645032,833
0.028650784,832
0.028657242,831
0.028680236,830
0.028694509,829
0.028721164,828
0.02873142,827
0.028751768,826
0.028759339,825
0.028776645,824
0.028787063,823
0.028796303,822
0.02881499,821
0.028889266,820
0.028914094,819
0.028935233,818
0.028962225,817
0.028969997,816
0.028978396,815
0.03088952,814
0.031013398,813
0.031073665,812
0.031169474,811
0.031180508,810
0.031186904,809
0.031221424,808
0.031282132,807
0.031326747,806
0.031364216,805
0.031383994,804
0.031388455,803
0.031403426,802
0.031410316,801
0.031418504,800
0.031477205,799
0.032810686,798
0.032933721,797
0.032979665,796
0.033086937,795
0.033129203,794
0.03314967,793
0.033154473,792
0.033158109,791
0.033709883,790
0.033735505,789
0.03374898,788
0.033778384,787
0.033786282,786
0.033796011,785
0.033822341,784
0.033853677,783
0.033861221,782
0.033915701,781
0.033967368,780
0.034020765,779
0.034025559,778
0.034062981,777
0.034073072,776
0.03412353,775
0.03421187,774
0.034280867,773
0.034327839,772
0.034347339,771
0.034553533,770
0.034601928,769
0.034626624,768
0.034721194,767
0.03475135,766
0.034863147,765
0.03494696,764
0.034969904,763
0.035009875,762
0.035037642,761
0.035064368,760
0.047438747,759
0.051416708,758
0.054352158,757
0.062115191,756
0.072286455,755
0.077752478,754
0.082493521,753
0.085106415,752
0.094220674,751
0.098724574,750
0.101173647,749
0.10587489,748
0.110654788,747
0.113399332,746
0.118349559,745
0.153224964,744
0.157596444,743
0.162218339,742
0.164327814,741
0.166433162,740
0.173341618,739
0.178122198,738
0.186015336,737
0.188501086,736
0.192906252,735
0.201594241,734
0.20604522,733
0.207734683,732
0.2115671,731
0.213210943,730
0.215972769,729
0.236702096,728
