0.035589812,927
0.03568809,926
0.03574608,925
0.035794788,924
0.035915411,923
0.036138218,922
0.036179345,921
0.036208938,920
0.036524087,919
0.036534648,918
0.036545609,917
0.036559796,916
0.036575587,915
0.036592786,914
0.036612405,913
0.036628394,912
0.036648504,911
0.036671834,910
0.03668788,909
0.036695701,908
0.036724618,907
0.036732276,906
0.036741172,905
0.036751483,904
0.036761888,903
0.036777507,902
0.036791362,901
0.036801173,900
0.036810505,899
0.03682415,898
0.036836749,897
0.036849832,896
0.036861958,895
0.036873362,894
0.036883842,893
0.036894903,892
0.036919124,891
0.036928948,890
0.036967342,889
0.036978951,888
0.036995177,887
0.037006699,886
0.037048261,885
0.037065035,884
0.037137288,883
0.037190994,882
0.037223815,881
0.037235549,880
0.037247467,879
0.037269609,878
0.037308372,877
0.037325656,876
0.037343044,875
0.037352222,874
0.037362695,873
0.037378838,872
0.037404252,871
0.03741474,870
0.03744323,869
0.038315723,868
0.038368196,867
0.038405196,866
0.038412816,865
0.038422454,864
0.038435139,863
0.038471661,862
0.038487057,861
0.038493171,860
0.038518619,859
0.038527417,858
0.038565546,857
0.038571653,856
0.038588821,855
0.038597713,854
0.038604366,853
0.038609999,852
0.038614798,851
0.038650932,850
0.038656168,849
0.038663938,848
0.03868429,847
0.038689116,846
0.038693213,845
0.038710166,844
0.038730842,843
0.038772579,842
0.038805404,841
0.038810542,840
0.038817633,839
0.038826717,838
0.038840879,837
0.038864542,836
0.038874376,835
0.038882154,834
0.038894841,833
0.038900909,832
0.038938056,831
0.038946836,830
0.038964967,829
0.038980394,828
0.038988156,827
0.039279474,826
0.039292187,825
0.039317227,824
0.039323495,823
0.039338339,822
0.039347796,821
0.039368174,820
0.039376769,819
0.039392537,818
0.039396649,817
0.039408532,816
0.039413327,815
0.039417552,814
0.039424229,813
0.039432204,812
0.039437989,811
0.039452987,810
0.039503335,809
0.03996694,808
0.039979729,807
0.039986798,806
0.03999691,805
0.040009551,804
0.040013369,803
0.040034968,802
0.040043861,801
0.04006318,800
0.040078328,799
0.040082345,798
0.040094075,797
0.040101209,796
0.040108667,795
0.0401139,794
0.04012474,793
0.041205941,792
0.041324487,791
0.041388985,790
0.041520923,789
0.041563237,788
0.041577581,787
0.041585912,786
0.041603632,785
0.041626505,784
0.041632844,783
0.041657009,782
0.041661501,781
0.041664616,780
0.041682627,779
0.041716674,778
0.041729,777
0.041737876,776
0.041743295,775
0.041762934,774
0.041778313,773
0.041789969,772
0.041818497,771
0.041965271,770
0.041994049,769
0.042063577,768
0.042085608,767
0.042111597,766
0.042132444,765
0.042154102,764
0.042175874,763
0.042243812,762
0.042284042,761
0.042293653,760
0.051920505,759
0.056643862,758
0.058334428,757
0.059860383,756
0.061644755,755
0.063355909,754
0.066956425,753
0.070962973,752
0.073975214,751
0.080931673,750
0.083411543,749
0.091538254,748
0.09567942,747
0.097243587,746
0.100436725,745
0.102114869,744
0.103784992,743
0.106330509,742
0.10833768,741
0.1109022,740
0.112459192,739
0.114307287,738
0.116115373,737
0.118154399,736
0.121001127,735
0.122861769,734
0.124917087,733
0.126309825,732
0.132211974,731
0.135280057,730
0.143940657,729
0.145214261,728
0.14688555,727
0.152040261,726
