0.019187156,927
0.019203306,926
0.0192147,925
0.01922306,924
0.0192383,923
0.019245855,922
0.019257084,921
0.01926763,920
0.019673768,919
0.019732279,918
0.019800987,917
0.019869406,916
0.019898709,915
0.020121535,914
0.020136245,913
0.020148379,912
0.020205673,911
0.020240281,910
0.020267203,909
0.020283643,908
0.020300834,907
0.020318267,906
0.020339956,905
0.020360069,904
0.020371351,903
0.020394016,902
0.020405182,901
0.020521504,900
0.020544509,899
0.020597358,898
0.020669724,897
0.020686017,896
0.020703625,895
0.02072005,894
0.020736552,893
0.020753642,892
0.020789373,891
0.020800092,890
0.020810203,889
0.020822648,888
0.020837214,887
0.020860676,886
0.020869746,885
0.020879257,884
0.020891063,883
0.020899018,882
0.020972363,881
0.020996535,880
0.021005891,879
0.021033351,878
0.021041401,877
0.021056659,876
0.021074259,875
0.02108444,874
0.021095131,873
0.021102738,872
0.02111275,871
0.021117642,870
0.02113244,869
0.022001174,868
0.022012955,867
0.022029037,866
0.022052647,865
0.022063874,864
0.022075085,863
0.022084423,862
0.022094638,861
0.022103926,860
0.02212235,859
0.022129375,858
0.022140163,857
0.022165299,856
0.022176115,855
0.022183607,854
0.022206833,853
0.022217874,852
0.022223866,851
0.022236559,850
0.022243653,849
0.022257021,848
0.022261333,847
0.022265794,846
0.022269896,845
0.022274101,844
0.022279396,843
0.022285204,842
0.022292954,841
0.0223005,840
0.022306332,839
0.022311944,838
0.02232757,837
0.022339555,836
0.022359694,835
0.022367904,834
0.022388711,833
0.02239634,832
0.022415124,831
0.022427343,830
0.022434905,829
0.022440792,828
0.022446647,827
0.022459821,826
0.022475376,825
0.022483732,824
0.022501115,823
0.022508627,822
0.022544197,821
0.022586727,820
0.022597105,819
0.022606668,818
0.022612609,817
0.022660728,816
0.022696911,815
0.022707242,814
0.022747396,813
0.02365917,812
0.023701507,811
0.023753174,810
0.023766399,809
0.023854788,808
0.023937149,807
0.023972787,806
0.024008993,805
0.024019163,804
0.024053185,803
0.024063125,802
0.024067748,801
0.024072058,800
0.024104658,799
0.024119092,798
0.024125437,797
0.024145665,796
0.024177242,795
0.024188757,794
0.024193982,793
0.024201316,792
0.025713293,791
0.02573901,790
0.025745634,789
0.025768512,788
0.025803036,787
0.025825879,786
0.025829295,785
0.025835091,784
0.025885791,783
0.025901441,782
0.025912302,781
0.025924456,780
0.025942938,779
0.025951491,778
0.025967264,777
0.026003547,776
0.026023042,775
0.026033402,774
0.026085042,773
0.026118973,772
0.026153746,771
0.026235403,770
0.026387763,769
0.026396381,768
0.026445909,767
0.026452711,766
0.026465054,765
0.026506562,764
0.026557312,763
0.026576369,762
0.026603283,761
0.026701174,760
0.026720496,759
0.026768181,758
0.02677581,757
0.039848573,756
0.044275805,755
0.045903691,754
0.048522265,753
0.051874158,752
0.053355623,751
0.059287619,750
0.063429938,749
0.06671197,748
0.071091769,747
0.07495043,746
0.078294826,745
0.08067963,744
0.085047806,743
0.087313929,742
0.089425618,741
0.092375312,740
0.095686679,739
0.102096072,738
0.106027615,737
0.108132816,736
0.110658449,735
0.116793669,734
0.118736648,733
0.179808211,732
0.181806028,731
0.187766804,730
0.193821101,729
0.197413855,728
0.199537899,727
0.216711969,726
