0.016681697,927
0.016712352,926
0.016723047,925
0.016731208,924
0.016830262,923
0.016847184,922
0.016897866,921
0.01693186,920
0.017209525,919
0.017278837,918
0.017306433,917
0.017327676,916
0.017340933,915
0.017367148,914
0.017384707,913
0.017392739,912
0.017408651,911
0.017456849,910
0.017475936,909
0.017482956,908
0.017509816,907
0.017543635,906
0.017562205,905
0.017569264,904
0.017578907,903
0.017586953,902
0.017593867,901
0.01760049,900
0.017607008,899
0.017613842,898
0.017620765,897
0.017628549,896
0.01766266,895
0.017668805,894
0.017676712,893
0.017685072,892
0.017692118,891
0.017698415,890
0.017705569,889
0.017712399,888
0.017723559,887
0.017734834,886
0.017745603,885
0.017764762,884
0.017784571,883
0.017802042,882
0.017839782,881
0.017877933,880
0.017892903,879
0.017920376,878
0.017936293,877
0.017968737,876
0.017981317,875
0.017998257,874
0.018018977,873
0.01803594,872
0.018058091,871
0.018068612,870
0.018079017,869
0.019070758,868
0.019095771,867
0.019106851,866
0.019114301,865
0.019121275,864
0.019128098,863
0.019143004,862
0.01914953,861
0.019156799,860
0.019168639,859
0.01917496,858
0.019186776,857
0.019193988,856
0.019200891,855
0.019208248,854
0.019214164,853
0.019228989,852
0.019251008,851
0.019256823,850
0.019266915,849
0.01927435,848
0.019307354,847
0.019324836,846
0.019338973,845
0.019364235,844
0.019378413,843
0.019417933,842
0.019431357,841
0.019439526,840
0.01944467,839
0.019452031,838
0.019458623,837
0.019465769,836
0.019469747,835
0.019495095,834
0.019509902,833
0.019536249,832
0.019578789,831
0.019619146,830
0.019672392,829
0.01971329,828
0.01975676,827
0.019763808,826
0.019786151,825
0.019806278,824
0.019820001,823
0.019872446,822
0.019919606,821
0.019933404,820
0.019969219,819
0.020003697,818
0.020054162,817
0.020060379,816
0.020073087,815
0.020089939,814
0.020104654,813
0.02011017,812
0.020166874,811
0.020186435,810
0.020210658,809
0.020217045,808
0.020335055,807
0.020344554,806
0.020350907,805
0.020355528,804
0.020363084,803
0.020371002,802
0.020377281,801
0.020383484,800
0.020393803,799
0.020398758,798
0.020411038,797
0.020419875,796
0.020428985,795
0.020440257,794
0.020448425,793
0.021286653,792
0.021304345,791
0.02131087,790
0.021340025,789
0.02134764,788
0.021359841,787
0.021370141,786
0.021389372,785
0.021401944,784
0.021407099,783
0.021432928,782
0.02147491,781
0.021508215,780
0.021569457,779
0.021583983,778
0.021622254,777
0.021628743,776
0.021637256,775
0.021650932,774
0.021716377,773
0.021976057,772
0.021986773,771
0.021991944,770
0.022009767,769
0.022023943,768
0.022044315,767
0.022210167,766
0.022299489,765
0.022537734,764
0.022630957,763
0.022751175,762
0.022806857,761
0.030280026,760
0.03281937,759
0.035318839,758
0.038034428,757
0.042976519,756
0.044640527,755
0.048945782,754
0.050732262,753
0.055194593,752
0.057222022,751
0.059365668,750
0.062447208,749
0.070957185,748
0.075649457,747
0.08046091,746
0.083587232,745
0.090255691,744
0.09355684,743
0.096268603,742
0.098053023,741
0.099418565,740
0.102027603,739
0.103887087,738
0.106917542,737
0.108882892,736
0.11038599,735
0.113966755,734
0.11551604,733
0.117373177,732
0.118910524,731
0.120253151,730
0.125038604,729
0.126866114,728
0.131603893,727
0.13349368,726
0.136109047,725
0.137040588,724
0.138362441,723
