0.020722159,927
0.020892472,926
0.020980215,925
0.020993989,924
0.021077452,923
0.021084181,922
0.021189433,921
0.021250415,920
0.021598845,919
0.021633697,918
0.021647518,917
0.02166109,916
0.021676232,915
0.021689402,914
0.021700784,913
0.021713973,912
0.021739923,911
0.021752563,910
0.021769699,909
0.021782165,908
0.021807731,907
0.02181855,906
0.021832291,905
0.021845569,904
0.021852766,903
0.021861772,902
0.021873948,901
0.021883759,900
0.021894527,899
0.021913708,898
0.021934842,897
0.022110479,896
0.022123864,895
0.022132807,894
0.022141668,893
0.022149253,892
0.022155989,891
0.022165701,890
0.022216812,889
0.022225629,888
0.022246798,887
0.022266293,886
0.022279688,885
0.022300426,884
0.022320569,883
0.02233022,882
0.022369832,881
0.022377612,880
0.022393324,879
0.022427138,878
0.022469659,877
0.022507849,876
0.022526711,875
0.022537715,874
0.022552708,873
0.022561924,872
0.022569854,871
0.022583579,870
0.022592905,869
0.02361861,868
0.023629385,867
0.023671406,866
0.023853517,865
0.023869711,864
0.025195569,863
0.027814727,862
0.027841197,861
0.027851156,860
0.02785852,859
0.027871604,858
0.027878819,857
0.027883244,856
0.027889495,855
0.027895328,854
0.027904702,853
0.027942798,852
0.027974538,851
0.028029063,850
0.028037165,849
0.028056978,848
0.028068568,847
0.028075079,846
0.028093074,845
0.028127273,844
0.028133895,843
0.02814417,842
0.028157364,841
0.028193346,840
0.028205672,839
0.028212598,838
0.028219535,837
0.028226029,836
0.028234394,835
0.028248193,834
0.028262387,833
0.028284907,832
0.028316517,831
0.028330241,830
0.028344656,829
0.028385351,828
0.02842339,827
0.028443308,826
0.028852708,825
0.028873667,824
0.029093527,823
0.029108484,822
0.029153153,821
0.029192124,820
0.029983727,819
0.030058609,818
0.03011244,817
0.030150538,816
0.030279196,815
0.030304777,814
0.030323712,813
0.030334264,812
0.030346078,811
0.030359171,810
0.030447257,809
0.030454212,808
0.030502343,807
0.030517085,806
0.030522757,805
0.030531138,804
0.030535911,803
0.030548738,802
0.030564053,801
0.030572428,800
0.03057996,799
0.030611078,798
0.03061593,797
0.030655831,796
0.030668539,795
0.030703129,794
0.030707488,793
0.030721568,792
0.030736547,791
0.033180907,790
0.03322004,789
0.033226367,788
0.033350303,787
0.033355016,786
0.033378502,785
0.033390963,784
0.03339402,783
0.033397091,782
0.033401897,781
0.03342117,780
0.03344602,779
0.033538214,778
0.033542591,777
0.033574451,776
0.033607749,775
0.033631736,774
0.033660632,773
0.033681939,772
0.034010741,771
0.034034245,770
0.034105542,769
0.034126839,768
0.034139118,767
0.034168808,766
0.034216319,765
0.03429115,764
0.03434042,763
0.034369307,762
0.034377914,761
