0.019693543,927
0.019725135,926
0.019804293,925
0.019814057,924
0.019863437,923
0.019915013,922
0.019961718,921
0.019999549,920
0.020353598,919
0.020367343,918
0.020379206,917
0.020443282,916
0.020475612,915
0.020500405,914
0.020511792,913
0.020522863,912
0.020532745,911
0.020555972,910
0.020567655,909
0.02057994,908
0.020601862,907
0.020638896,906
0.020669587,905
0.020678488,904
0.020714811,903
0.020722124,902
0.020729687,901
0.02073662,900
0.020744547,899
0.020762359,898
0.020777855,897
0.020793079,896
0.020807487,895
0.02082203,894
0.020829608,893
0.02084316,892
0.020856329,891
0.02087449,890
0.020883561,889
0.020902655,888
0.020917855,887
0.020933367,886
0.020954572,885
0.020970274,884
0.020985445,883
0.021008654,882
0.021037431,881
0.021055459,880
0.021092915,879
0.021119663,878
0.02112743,877
0.021159099,876
0.021167503,875
0.021177649,874
0.02119375,873
0.021204527,872
0.021212213,871
0.021225313,870
0.021241937,869
0.022139671,868
0.022150717,867
0.022190774,866
0.022227815,865
0.022269351,864
0.022309096,863
0.022358507,862
0.02240466,861
0.022413176,860
0.022431301,859
0.022446207,858
0.02246401,857
0.022470089,856
0.022485743,855
0.022511185,854
0.02251795,853
0.022546448,852
0.022560969,851
0.022586083,850
0.022627755,849
0.02266601,848
0.022677211,847
0.022686344,846
0.022692395,845
0.022698176,844
0.022703933,843
0.022708933,842
0.022713857,841
0.022720276,840
0.02272454,839
0.022735162,838
0.022740173,837
0.022745714,836
0.022760395,835
0.022767748,834
0.022773817,833
0.022777851,832
0.022783515,831
0.022790608,830
0.022797533,829
0.022805207,828
0.022815371,827
0.022831065,826
0.022835819,825
0.022845188,824
0.022849939,823
0.022864297,822
0.022871659,821
0.022883069,820
0.022888194,819
0.022908785,818
0.022923627,817
0.022928099,816
0.022938189,815
0.022942838,814
0.022947107,813
0.02295608,812
0.022961972,811
0.02296957,810
0.022978033,809
0.023001947,808
0.023009065,807
0.023028079,806
0.023053044,805
0.023061031,804
0.023071761,803
0.023079213,802
0.023084887,801
0.023093439,800
0.023103562,799
0.025985156,798
0.026003222,797
0.026041426,796
0.026046717,795
0.026055761,794
0.026060446,793
0.027211825,792
0.027277036,791
0.027301027,790
0.027347924,789
0.027354229,788
0.027426789,787
0.027457785,786
0.02746441,785
0.027528954,784
0.027543323,783
0.027629415,782
0.027638633,781
0.027645176,780
0.027671734,779
0.027682491,778
0.027689331,777
0.02775034,776
0.027765274,775
0.027792504,774
0.027808679,773
0.027824737,772
0.027839015,771
0.02787023,770
0.028103396,769
0.028132184,768
0.028167397,767
0.028243584,766
0.028251094,765
0.028317019,764
0.028383405,763
0.02840736,762
0.028544613,761
0.028588946,760
0.028699641,759
