0.018241235,927
0.018292671,926
0.018411637,925
0.019094942,924
0.019227458,923
0.019272024,922
0.019301948,921
0.01932855,920
0.01968134,919
0.019691935,918
0.019702971,917
0.019724511,916
0.019735481,915
0.019756617,914
0.019796094,913
0.019874513,912
0.019967741,911
0.019990707,910
0.020036938,909
0.020051761,908
0.020067687,907
0.020077171,906
0.020094352,905
0.020116966,904
0.020133002,903
0.020146063,902
0.020157465,901
0.02017055,900
0.020181552,899
0.020191842,898
0.020202581,897
0.020213667,896
0.02023327,895
0.020294325,894
0.021001086,893
0.021013668,892
0.021023293,891
0.021033462,890
0.021096501,889
0.021131256,888
0.021193917,887
0.021202565,886
0.021214521,885
0.021240213,884
0.021277235,883
0.021288948,882
0.021322511,881
0.021356309,880
0.021386289,879
0.021399437,878
0.021431618,877
0.021443389,876
0.021451058,875
0.021459135,874
0.02146651,873
0.021474447,872
0.021480663,871
0.021489243,870
0.021494379,869
0.023174725,868
0.023183741,867
0.023192793,866
0.023549488,865
0.023559591,864
0.023570279,863
0.023636081,862
0.023646176,861
0.023653191,860
0.023662306,859
0.023668268,858
0.023676165,857
0.023681997,856
0.023691701,855
0.023697225,854
0.023713965,853
0.023726725,852
0.023732007,851
0.023737527,850
0.023745344,849
0.023752702,848
0.023758007,847
0.023773775,846
0.023779595,845
0.023788519,844
0.023798947,843
0.023810151,842
0.02381939,841
0.02383186,840
0.023839883,839
0.023848587,838
0.023864795,837
0.023876394,836
0.023882218,835
0.023899073,834
0.023907928,833
0.02391357,832
0.023920054,831
0.023934574,830
0.023941948,829
0.023961795,828
0.023968119,827
0.02397943,826
0.023995553,825
0.024021212,824
0.024031515,823
0.024038651,822
0.024049499,821
0.024059392,820
0.024069322,819
0.02407657,818
0.024095251,817
0.024100512,816
0.024106228,815
0.024134755,814
0.024165497,813
0.024175733,812
0.024218558,811
0.024228467,810
0.024234962,809
0.024247252,808
0.024269138,807
0.024284492,806
0.024296358,805
0.024321414,804
0.024325862,803
0.024343117,802
0.024355661,801
0.024372306,800
0.024378226,799
0.024395663,798
0.024408298,797
0.024417274,796
0.024427908,795
0.024432975,794
0.02443939,793
0.024452411,792
0.024464337,791
0.025119097,790
0.025137598,789
0.02514984,788
0.025311724,787
0.025323765,786
0.025337819,785
0.02535352,784
0.02537541,783
0.025383707,782
0.025392899,781
0.025409611,780
0.02541739,779
0.025423742,778
0.0254608,777
0.025475285,776
0.025494654,775
0.025622183,774
0.025691458,773
0.025733374,772
0.025744983,771
0.026003896,770
0.026063918,769
0.026114501,768
0.026155883,767
0.026163374,766
0.02625143,765
0.026382496,764
0.026406367,763
0.026456448,762
0.026488264,761
0.026504776,760
