0.027881962,927
0.028036132,926
0.028135705,925
0.0282258,924
0.02834345,923
0.028373352,922
0.028498969,921
0.028532981,920
0.028930556,919
0.028956096,918
0.029012058,917
0.029025607,916
0.029038311,915
0.029048078,914
0.029109242,913
0.029124499,912
0.029202559,911
0.029247339,910
0.02925957,909
0.029274208,908
0.02928375,907
0.029300114,906
0.029310397,905
0.029320314,904
0.029336164,903
0.029345851,902
0.029354845,901
0.029362049,900
0.029372144,899
0.029379566,898
0.029386171,897
0.029396939,896
0.029412505,895
0.029429626,894
0.029446805,893
0.029461373,892
0.029507065,891
0.029518658,890
0.029564491,889
0.029574779,888
0.029586884,887
0.029595954,886
0.029604768,885
0.029614208,884
0.02965177,883
0.029790554,882
0.029832199,881
0.030414449,880
0.030534055,879
0.030544694,878
0.030610389,877
0.030646749,876
0.030702763,875
0.030806525,874
0.030817173,873
0.030825866,872
0.030835862,871
0.030848227,870
0.030881174,869
0.033343485,868
0.033417313,867
0.033467775,866
0.03350903,865
0.033523077,864
0.033538675,863
0.033554614,862
0.033598355,861
0.033608232,860
0.033623026,859
0.033627469,858
0.033640204,857
0.033646037,856
0.03365308,855
0.033693238,854
0.033705447,853
0.033710984,852
0.033721144,851
0.033730413,850
0.033747031,849
0.033763306,848
0.033767284,847
0.033771029,846
0.033776005,845
0.033782907,844
0.033786641,843
0.033792424,842
0.03383479,841
0.033840203,840
0.033887193,839
0.034835326,838
0.034843209,837
0.034855021,836
0.034862184,835
0.034882519,834
0.034891387,833
0.034917389,832
0.034924568,831
0.034930056,830
0.034935175,829
0.034948577,828
0.034955542,827
0.034980593,826
0.034997012,825
0.035003132,824
0.035015244,823
0.035044142,822
0.035054853,821
0.035061043,820
0.035101177,819
0.035135695,818
0.035174834,817
0.035179862,816
0.03521867,815
0.035276557,814
0.035282851,813
0.035353025,812
0.035359308,811
0.035366053,810
0.035373312,809
0.035378397,808
0.035386331,807
0.035390867,806
0.035402583,805
0.035407398,804
0.035410759,803
0.035428796,802
0.035438752,801
0.035449839,800
0.03546151,799
0.035471194,798
0.035480446,797
0.035496348,796
0.035530476,795
0.035539233,794
0.037041739,793
0.037111476,792
0.037185758,791
0.037233869,790
0.037240485,789
0.037296713,788
0.037366706,787
0.037417683,786
0.03773122,785
0.037826914,784
0.037857997,783
0.037892454,782
0.037935136,781
0.037960743,780
0.03805367,779
0.038068293,778
0.038114715,777
0.038121185,776
0.038132171,775
0.038156416,774
0.038192137,773
0.038211547,772
0.038219469,771
0.03822999,770
0.038434237,769
0.038447659,768
0.038455457,767
0.038473282,766
0.038533149,765
0.038644938,764
0.038676308,763
0.039008765,762
0.039016553,761
0.039064029,760
0.039100158,759
0.03927626,758
0.05030953,757
0.052292323,756
0.055520597,755
0.059330982,754
0.06188244,753
0.063616144,752
0.065257417,751
0.066577901,750
0.06880415,749
0.081217923,748
0.086370471,747
0.089423556,746
0.092813163,745
0.094234313,744
0.100375518,743
0.102018903,742
0.104114099,741
0.1056382,740
0.106887765,739
0.108599242,738
0.112750637,737
0.115998251,736
0.11812492,735
0.123345994,734
0.126001475,733
0.137818872,732
0.141645136,731
0.143903292,730
0.14847628,729
0.152577979,728
0.165345555,727
0.193117224,726
0.214884024,725
0.231022776,724
