0.028494001,927
0.028570981,926
0.028655511,925
0.028764664,924
0.028932312,923
0.028975636,922
0.029061606,921
0.029126493,920
0.029450766,919
0.029970443,918
0.029985608,917
0.02999841,916
0.030012002,915
0.030030524,914
0.030048653,913
0.030089914,912
0.030105107,911
0.030117005,910
0.030131995,909
0.030143417,908
0.030171644,907
0.030194464,906
0.030213164,905
0.030225348,904
0.030237169,903
0.030249331,902
0.030306881,901
0.030318754,900
0.030376188,899
0.030419116,898
0.030430876,897
0.030471651,896
0.030485043,895
0.03054409,894
0.030556962,893
0.03059518,892
0.03060902,891
0.030653205,890
0.030669379,889
0.030680219,888
0.034451643,887
0.034480826,886
0.03449321,885
0.034529847,884
0.034539424,883
0.03455289,882
0.034561888,881
0.034571288,880
0.034601869,879
0.034610974,878
0.034644336,877
0.035094848,876
0.035130418,875
0.035139812,874
0.03514807,873
0.035156207,872
0.035190595,871
0.035198112,870
0.035349189,869
0.036509073,868
0.036555648,867
0.036565242,866
0.036571419,865
0.036578941,864
0.036622137,863
0.03664157,862
0.03664745,861
0.036654761,860
0.036665026,859
0.036678201,858
0.036685054,857
0.036692055,856
0.036745915,855
0.036750949,854
0.036758124,853
0.036763149,852
0.036816974,851
0.036831281,850
0.036837144,849
0.036865731,848
0.036871059,847
0.036896461,846
0.03690241,845
0.0369138,844
0.03692445,843
0.036934404,842
0.03694245,841
0.03695214,840
0.036962912,839
0.036968639,838
0.036981337,837
0.03699923,836
0.037012309,835
0.037024224,834
0.037028418,833
0.037043034,832
0.03704904,831
0.037056667,830
0.037078066,829
0.037083835,828
0.037093415,827
0.037099626,826
0.037115826,825
0.037123596,824
0.037134441,823
0.037146853,822
0.03715508,821
0.037165965,820
0.037171598,819
0.03718442,818
0.037189986,817
0.037196337,816
0.037255216,815
0.037310663,814
0.037359417,813
0.037380326,812
0.037417679,811
0.037426634,810
0.037443723,809
0.037573408,808
0.037590626,807
0.037596507,806
0.037606984,805
0.03761504,804
0.037619321,803
0.037622897,802
0.037626893,801
0.03763106,800
0.037658282,799
0.037673728,798
0.037678086,797
0.037692709,796
0.037701971,795
0.037709546,794
0.038643783,793
0.038683138,792
0.038706687,791
0.038713258,790
0.038756273,789
0.038761116,788
0.038770095,787
0.038809133,786
0.038833288,785
0.038839989,784
0.038849548,783
0.038871691,782
0.038876339,781
0.038908305,780
0.038944108,779
0.038947796,778
0.03895946,777
0.03901996,776
0.039043834,775
0.039105881,774
0.039116502,773
0.039125582,772
0.039366672,771
0.03949689,770
0.039533882,769
0.039560147,768
0.039567237,767
0.039603179,766
0.039649899,765
0.039654035,764
0.039802071,763
0.039825221,762
0.039856229,761
0.039881809,760
0.051531629,759
0.054335565,758
0.056873472,757
0.059071124,756
0.061555398,755
0.064063753,754
0.06699848,753
0.090882552,752
0.101719616,751
0.105342458,750
0.107621742,749
0.10955031,748
0.111503335,747
0.116149355,746
0.11825571,745
0.120655,744
0.129702172,743
0.133911366,742
0.137772121,741
0.148594704,740
0.153143421,739
0.156506935,738
0.161926517,737
0.168597573,736
0.177955623,735
0.190623551,734
0.192622945,733
0.195385073,732
0.199023992,731
0.209908041,730
0.216555231,729
0.222310396,728
0.224413757,727
0.228947671,726
