0.020047223,927
0.020123213,926
0.020148964,925
0.020160868,924
0.020175228,923
0.020189861,922
0.020201275,921
0.020217858,920
0.020560045,919
0.020597318,918
0.020624591,917
0.020635165,916
0.020651313,915
0.020673344,914
0.020695755,913
0.02070799,912
0.020746411,911
0.020774959,910
0.020788387,909
0.020799104,908
0.020808245,907
0.020851435,906
0.020901892,905
0.02091127,904
0.02092487,903
0.020941515,902
0.020955223,901
0.021012795,900
0.021023962,899
0.02106498,898
0.02107828,897
0.021089635,896
0.021102668,895
0.021113951,894
0.02112266,893
0.021133042,892
0.021140312,891
0.021151928,890
0.02116371,889
0.021217015,888
0.021235693,887
0.021250876,886
0.021276699,885
0.021300494,884
0.021311877,883
0.021335933,882
0.021350191,881
0.02137874,880
0.021405665,879
0.021413601,878
0.021441096,877
0.021447013,876
0.021453484,875
0.021462861,874
0.021473421,873
0.021482945,872
0.021491631,871
0.021501849,870
0.021509103,869
0.022438544,868
0.022447437,867
0.022455652,866
0.022464298,865
0.022487607,864
0.022501719,863
0.022514271,862
0.022521863,861
0.022533736,860
0.022571547,859
0.022582404,858
0.022602997,857
0.022616965,856
0.022624957,855
0.022642646,854
0.022653225,853
0.022680323,852
0.022702637,851
0.022715768,850
0.022728606,849
0.022745136,848
0.022783271,847
0.022811032,846
0.022845958,845
0.022854832,844
0.022862272,843
0.022881044,842
0.022938975,841
0.02295123,840
0.022963318,839
0.022970893,838
0.022979797,837
0.023001562,836
0.023062653,835
0.023132496,834
0.023192673,833
0.023209188,832
0.025676988,831
0.025744392,830
0.025751269,829
0.025808049,828
0.025847497,827
0.02589285,826
0.025904593,825
0.02624093,824
0.026254268,823
0.026264252,822
0.026310707,821
0.026380597,820
0.026388106,819
0.02644133,818
0.026447796,817
0.026467706,816
0.026532556,815
0.026544377,814
0.026604808,813
0.026621483,812
0.026638541,811
0.026655116,810
0.026663388,809
0.026674225,808
0.027183622,807
0.027207994,806
0.027223924,805
0.032676623,804
0.032763403,803
0.032770731,802
0.033451794,801
0.033503411,800
0.034814717,799
0.037740502,798
0.037753497,797
0.037758588,796
0.037765671,795
0.037818274,794
0.043040484,793
0.043059997,792
0.043100735,791
0.043140664,790
0.043174472,789
0.043194211,788
0.043243219,787
0.043274893,786
0.043306121,785
0.043319255,784
0.043327288,783
0.043344048,782
0.043362435,781
0.043380866,780
0.043407438,779
0.043415152,778
0.043431101,777
0.043436106,776
0.043511794,775
0.043602466,774
0.043636589,773
0.043674938,772
0.04368121,771
0.043696817,770
0.043746619,769
0.043958324,768
0.043996534,767
0.044029298,766
0.044068331,765
0.044097587,764
0.044213949,763
0.044422276,762
0.044644415,761
0.046374869,760
0.046431666,759
0.046697195,758
