0.054618941,847
0.054745297,846
0.054792267,845
0.054880322,844
0.054946376,843
0.054967778,842
0.054987098,841
0.0549947,840
0.05500148,839
0.05500843,838
0.055015294,837
0.055022068,836
0.055028752,835
0.055035813,834
0.055042761,833
0.055049396,832
0.055056344,831
0.055063352,830
0.055087539,829
0.055095326,828
0.055103529,827
0.055112824,826
0.055122341,825
0.055131007,824
0.05518575,823
0.05520653,822
0.055220196,821
0.055238026,820
0.055251706,819
0.055266451,818
0.055279058,817
0.055291923,816
0.055298965,815
0.05530576,814
0.055319079,813
0.055325826,812
0.05533861,811
0.055579722,810
0.05559201,809
0.055610408,808
0.055627307,807
0.055643069,806
0.055652218,805
0.055669588,804
0.055679821,803
0.055695653,802
0.055705582,801
0.055713973,800
0.055727922,799
0.055741507,798
0.05574931,797
0.055764808,796
0.055779133,795
0.055795016,794
0.05580244,793
0.055810056,792
0.055820062,791
0.055835317,790
0.055842077,789
0.055849185,788
0.055855911,787
0.05588391,786
0.055929783,785
0.055950622,784
0.057679329,783
0.057687394,782
0.057693959,781
0.057730399,780
0.057736395,779
0.057744623,778
0.057755671,777
0.05776177,776
0.057767728,775
0.05777542,774
0.057807192,773
0.057867184,772
0.058599793,771
0.058607109,770
0.058614197,769
0.058620611,768
0.058627351,767
0.058633663,766
0.0586727,765
0.058680126,764
0.058687136,763
0.058695024,762
0.058707472,761
0.058718862,760
0.058728629,759
0.058741167,758
0.058752978,757
0.058769906,756
0.058791595,755
0.058818541,754
0.058830565,753
0.058837116,752
0.058843621,751
0.05886736,750
0.05887313,749
0.058878098,748
0.058883957,747
0.058896745,746
0.058908699,745
0.058924312,744
0.059046217,743
0.05912017,742
0.059159513,741
0.059198025,740
0.059205444,739
0.059232587,738
0.059239685,737
0.059245294,736
0.059252038,735
0.059257486,734
0.059264475,733
0.059454155,732
0.059459968,731
0.059467479,730
0.059476684,729
0.059488529,728
0.05949393,727
0.059499616,726
0.059509536,725
0.059522212,724
0.059537876,723
0.059570521,722
0.059576981,721
0.059583325,720
0.059604662,719
0.059614615,718
0.059630006,717
0.059653123,716
0.059660693,715
0.059667925,714
0.059678731,713
0.059685637,712
0.059691384,711
0.059697123,710
0.059702761,709
0.059708475,708
0.059714228,707
0.059961097,706
0.059969905,705
0.059978294,704
0.060043564,703
0.060053623,702
0.060059923,701
0.060075589,700
0.060081247,699
0.060087089,698
0.060094068,697
0.060099284,696
0.06010623,695
0.060118634,694
0.060126904,693
0.060135041,692
0.060140703,691
0.06014589,690
0.060157349,689
0.060166154,688
0.060175557,687
0.060180679,686
0.060185715,685
0.060197538,684
0.0602026,683
0.060207519,682
0.060212316,681
0.060218112,680
0.060436068,679
0.060441429,678
0.060450731,677
0.060456804,676
0.060463534,675
0.060472988,674
0.060491044,673
0.060502466,672
0.060543872,671
0.060581285,670
0.060627255,669
0.060682094,668
0.060689394,667
0.060754309,666
0.060791916,665
0.060801351,664
0.06081533,663
0.060826689,662
0.060845479,661
0.06086243,660
0.060873041,659
0.060879707,658
0.061037522,657
0.061044531,656
0.061073724,655
0.061092138,654
0.061131019,653
0.061287786,652
0.061305733,651
0.061346814,650
0.061361729,649
0.061378392,648
0.061390613,647
0.061416729,646
0.06143496,645
0.061617794,644
0.061627679,643
0.061644686,642
0.061651556,641
0.0616641,640
0.061728709,639
0.061741782,638
0.061901696,637
0.061930081,636
0.061936764,635
0.061946067,634
0.061959951,633
0.061975365,632
0.06211395,631
0.062327875,630
0.062358092,629
0.062396648,628
0.062410354,627
0.06252606,626
0.062575614,625
0.063282127,624
0.063416652,623
0.063469391,622
0.063477745,621
0.063551944,620
0.063620219,619
0.063699662,618
0.063771551,617
0.078955915,616
0.083151285,615
0.08551496,614
0.094029075,613
0.097827013,612
0.101346497,611
0.105455851,610
0.109816584,609
0.112538445,608
0.117368343,607
0.119379433,606
0.122903859,605
0.127805187,604
0.131889371,603
0.134248482,602
0.144114039,601
