0.020111933,847
0.020238919,846
0.02035735,845
0.020411809,844
0.020460105,843
0.02048997,842
0.020517668,841
0.02052832,840
0.020543608,839
0.0206347,838
0.020677312,837
0.020688601,836
0.020711624,835
0.020722331,834
0.020761384,833
0.020770134,832
0.020846017,831
0.020856541,830
0.020872844,829
0.020889991,828
0.020905772,827
0.020913712,826
0.020923663,825
0.020936271,824
0.020942715,823
0.020975767,822
0.020986226,821
0.021001842,820
0.021008577,819
0.021024377,818
0.02104184,817
0.021050252,816
0.021066005,815
0.0210948,814
0.021104749,813
0.021121878,812
0.021131221,811
0.021394926,810
0.021403808,809
0.021413409,808
0.02142222,807
0.021434154,806
0.021441414,805
0.021464395,804
0.021475459,803
0.021485603,802
0.021494601,801
0.021504835,800
0.021516126,799
0.021566603,798
0.021588355,797
0.021601441,796
0.021612127,795
0.021619672,794
0.02162705,793
0.021634463,792
0.021642203,791
0.021656298,790
0.021663431,789
0.021669742,788
0.02167629,787
0.021682813,786
0.021688768,785
0.021694975,784
0.021701411,783
0.024128199,782
0.02414955,781
0.024155628,780
0.024164332,779
0.024173222,778
0.024203645,777
0.024210392,776
0.024218956,775
0.024223901,774
0.02423044,773
0.024238497,772
0.024447797,771
0.024453174,770
0.024458599,769
0.024463962,768
0.024469082,767
0.02447427,766
0.024479051,765
0.024486585,764
0.024491687,763
0.024496975,762
0.024502489,761
0.02450827,760
0.024514868,759
0.024520057,758
0.024528536,757
0.024554451,756
0.02457469,755
0.024581087,754
0.024593214,753
0.024650298,752
0.024656553,751
0.024665218,750
0.024686412,749
0.024694432,748
0.024704523,747
0.024714669,746
0.024721924,745
0.024731584,744
0.024739914,743
0.024746638,742
0.024805615,741
0.024846692,740
0.024871521,739
0.024896563,738
0.024901084,737
0.024905984,736
0.024927677,735
0.024932017,734
0.024947204,733
0.025172266,732
0.025176625,731
0.025182237,730
0.025189295,729
0.025195249,728
0.025203407,727
0.025214057,726
0.025218609,725
0.025222742,724
0.025228628,723
0.025234147,722
0.025238904,721
0.025244662,720
0.025249034,719
0.025255071,718
0.02526122,717
0.025266856,716
0.025271139,715
0.02527563,714
0.025280636,713
0.025295262,712
0.025299315,711
0.025302911,710
0.025311212,709
0.025317148,708
0.025320505,707
0.025472997,706
0.025484082,705
0.025488576,704
0.025492401,703
0.025496229,702
0.02550021,701
0.025510275,700
0.025516109,699
0.025519757,698
0.025523597,697
0.025527561,696
0.025531361,695
0.025537477,694
0.025542703,693
0.02554915,692
0.025552707,691
0.025556205,690
0.025560434,689
0.025565457,688
0.025571747,687
0.025581282,686
0.025588562,685
0.025599153,684
0.02562368,683
0.025628672,682
0.025654357,681
0.025672136,680
0.02656974,679
0.026582662,678
0.026600406,677
0.026626061,676
0.026637859,675
0.026650265,674
0.026668177,673
0.026679438,672
0.026711074,671
0.026725924,670
0.026730274,669
0.026738387,668
0.026743319,667
0.026747813,666
0.026752018,665
0.026756862,664
0.026763451,663
0.026770334,662
0.026775127,661
0.026782107,660
0.026787553,659
0.026819741,658
0.026824513,657
0.026941788,656
0.026962052,655
0.026977263,654
0.026997826,653
0.027002396,652
0.027091593,651
0.027101748,650
0.027115146,649
0.027126505,648
0.027154602,647
0.027187259,646
0.02719618,645
0.027218331,644
0.02732677,643
0.027339396,642
0.027405832,641
0.027419688,640
0.027426902,639
0.027434,638
0.027550547,637
0.027555507,636
0.027562257,635
0.027570878,634
0.027581112,633
0.027643684,632
0.027655509,631
0.027756032,630
0.027761326,629
0.027907458,628
0.027913788,627
0.027935908,626
0.027974518,625
0.028058552,624
0.028117978,623
0.028220467,622
0.028245107,621
0.028401523,620
0.028425623,619
0.028483115,618
0.028542355,617
