0.021414209,847
0.021481276,846
0.021528912,845
0.021559528,844
0.021612395,843
0.021628042,842
0.021651301,841
0.021657828,840
0.021666584,839
0.021673871,838
0.021679406,837
0.021685504,836
0.021691691,835
0.021701284,834
0.021714427,833
0.021723585,832
0.021730783,831
0.021741109,830
0.021750462,829
0.021757317,828
0.021766201,827
0.021776491,826
0.021796075,825
0.021806264,824
0.021822745,823
0.02183511,822
0.021846207,821
0.021855732,820
0.021876066,819
0.021885306,818
0.021892787,817
0.021904034,816
0.021912912,815
0.021938481,814
0.021946789,813
0.021954697,812
0.021961621,811
0.022112232,810
0.022120247,809
0.022127619,808
0.022134738,807
0.022141973,806
0.022148635,805
0.022156325,804
0.022168686,803
0.022178431,802
0.02218743,801
0.022250264,800
0.022290294,799
0.022297155,798
0.022306035,797
0.022314632,796
0.022323594,795
0.022383902,794
0.022427685,793
0.022470115,792
0.022479788,791
0.022486625,790
0.022497311,789
0.022509722,788
0.022517922,787
0.022526243,786
0.022531443,785
0.022536664,784
0.022544731,783
0.022554803,782
0.022571022,781
0.022592147,780
0.022607326,779
0.022617258,778
0.022638266,777
0.022651881,776
0.022672561,775
0.022702128,774
0.022715741,773
0.022720989,772
0.022950979,771
0.022967121,770
0.022978963,769
0.022987909,768
0.023001002,767
0.023055917,766
0.023092562,765
0.02310305,764
0.023125835,763
0.023133558,762
0.023169309,761
0.023177527,760
0.023183576,759
0.023191462,758
0.02319807,757
0.023204329,756
0.023210612,755
0.023220068,754
0.023237516,753
0.02326036,752
0.023265844,751
0.023278521,750
0.023304818,749
0.02332023,748
0.023325838,747
0.023333352,746
0.023338189,745
0.023346528,744
0.023367836,743
0.023374219,742
0.023381387,741
0.023424696,740
0.023440191,739
0.023450555,738
0.02347164,737
0.023475288,736
0.023478629,735
0.023482822,734
0.02348815,733
0.023698164,732
0.023711595,731
0.023719336,730
0.023728249,729
0.023735459,728
0.023745627,727
0.023754944,726
0.023769088,725
0.023779449,724
0.023785949,723
0.023824026,722
0.023828394,721
0.023832345,720
0.023838667,719
0.0238462,718
0.02385296,717
0.023861096,716
0.023872339,715
0.023878379,714
0.023883839,713
0.0238914,712
0.023899703,711
0.023905035,710
0.023909463,709
0.023914447,708
0.023922746,707
0.024180363,706
0.024185395,705
0.024189768,704
0.024194076,703
0.024200252,702
0.024207865,701
0.024234281,700
0.024242539,699
0.024247934,698
0.024254819,697
0.024260784,696
0.024266091,695
0.024272707,694
0.024279558,693
0.024285482,692
0.024291336,691
0.024296595,690
0.024302872,689
0.024325129,688
0.024338713,687
0.024345999,686
0.024351147,685
0.0243616,684
0.024370154,683
0.024375928,682
0.024388704,681
0.024393181,680
0.024659842,679
0.024710058,678
0.024746639,677
0.024770282,676
0.024783545,675
0.024791002,674
0.02483745,673
0.024847146,672
0.024884167,671
0.024932771,670
0.024974404,669
0.024984239,668
0.025002222,667
0.025034393,666
0.025042158,665
0.025053572,664
0.025073627,663
0.025084748,662
0.025091832,661
0.025095888,660
0.025100296,659
0.025104789,658
0.025235883,657
0.025245292,656
0.025267941,655
0.028301216,654
0.02834017,653
0.028422666,652
0.02846098,651
0.028469329,650
0.028476097,649
0.028490134,648
0.028510335,647
0.028535094,646
0.028540504,645
0.028707786,644
0.028741272,643
0.028762249,642
0.028776912,641
0.02879616,640
0.028815872,639
0.028899687,638
0.028908231,637
0.028919111,636
0.028924721,635
0.028938171,634
0.028967817,633
0.029098321,632
0.029106826,631
0.029202588,630
0.029211527,629
0.029259606,628
0.029269651,627
0.029357214,626
0.029362769,625
0.02942898,624
0.029433749,623
0.02944141,622
0.029553246,621
0.02961215,620
0.030002153,619
0.030090163,618
