0.031785094,847
0.031883526,846
0.031988411,845
0.032034034,844
0.032078395,843
0.032107677,842
0.03213874,841
0.032151283,840
0.032162955,839
0.032173907,838
0.03218478,837
0.032195738,836
0.032207579,835
0.032221069,834
0.032233654,833
0.032247988,832
0.032257591,831
0.032288276,830
0.032298024,829
0.032305602,828
0.032313062,827
0.032321472,826
0.032330478,825
0.032338548,824
0.032346128,823
0.032353257,822
0.032361047,821
0.032374004,820
0.032384195,819
0.032439981,818
0.032445941,817
0.032451685,816
0.032457353,815
0.032462902,814
0.032468581,813
0.032473858,812
0.032479035,811
0.032684909,810
0.032693645,809
0.032700533,808
0.03270895,807
0.032744783,806
0.032751254,805
0.032758253,804
0.032765957,803
0.032776268,802
0.032783779,801
0.032793193,800
0.032802883,799
0.032815267,798
0.032849148,797
0.032885048,796
0.032901161,795
0.032914721,794
0.03292699,793
0.032937152,792
0.032944152,791
0.032951177,790
0.032959014,789
0.032966391,788
0.032985826,787
0.032993916,786
0.033000669,785
0.0330083,784
0.03301912,783
0.033027322,782
0.03303491,781
0.033046246,780
0.033054529,779
0.033068719,778
0.03307956,777
0.03308768,776
0.033100657,775
0.033114359,774
0.033121963,773
0.033129456,772
0.033438416,771
0.033448834,770
0.033495007,769
0.033519806,768
0.033533615,767
0.033545103,766
0.03356077,765
0.033569611,764
0.033579054,763
0.033588887,762
0.033598022,761
0.033607559,760
0.033616488,759
0.033628003,758
0.033638582,757
0.03364914,756
0.033658804,755
0.033673017,754
0.033760214,753
0.033776478,752
0.033786108,751
0.033802333,750
0.033829466,749
0.033837581,748
0.033845758,747
0.033855959,746
0.033863564,745
0.033874396,744
0.033903704,743
0.033912625,742
0.033920898,741
0.033986333,740
0.034009595,739
0.034022462,738
0.034061563,737
0.034068002,736
0.03407453,735
0.034080111,734
0.034087498,733
0.03426208,732
0.034279916,731
0.034294638,730
0.034312928,729
0.03431861,728
0.034328849,727
0.034344907,726
0.034351662,725
0.034358871,724
0.034372392,723
0.034386612,722
0.034392885,721
0.034398967,720
0.034413726,719
0.034428992,718
0.034436712,717
0.034451665,716
0.034470022,715
0.034475148,714
0.034481406,713
0.034495346,712
0.034504123,711
0.034509813,710
0.034515126,709
0.034520766,708
0.03452842,707
0.034796114,706
0.034803371,705
0.034810327,704
0.034816854,703
0.034825383,702
0.034863494,701
0.034874169,700
0.034886237,699
0.034894406,698
0.034904212,697
0.034911416,696
0.034917515,695
0.034923455,694
0.034930258,693
0.034936851,692
0.034941851,691
0.034946792,690
0.034953796,689
0.034960965,688
0.034966062,687
0.03497289,686
0.03498238,685
0.035020995,684
0.035030506,683
0.035035647,682
0.035049185,681
0.03505404,680
0.035231834,679
0.035241483,678
0.035247026,677
0.0352624,676
0.035272822,675
0.035281167,674
0.035300592,673
0.035316885,672
0.03533261,671
0.035342394,670
0.035354049,669
0.035398414,668
0.035425504,667
0.035437187,666
0.03544458,665
0.035456027,664
0.035474884,663
0.035487128,662
0.035497162,661
0.035558698,660
0.035572117,659
0.035584203,658
0.035748573,657
0.035757863,656
0.035789021,655
0.035811313,654
0.035844422,653
0.035956566,652
0.035994751,651
0.036006756,650
0.036020161,649
0.036040064,648
0.036070149,647
0.036115754,646
0.03612353,645
0.036238974,644
0.036267827,643
0.036281462,642
0.036307472,641
0.036346336,640
0.036419576,639
0.036521412,638
0.036541214,637
0.036556297,636
0.036568952,635
0.036588989,634
0.036607074,633
0.036744066,632
0.036752915,631
0.036902473,630
0.036912863,629
0.036963467,628
0.036976146,627
0.037102191,626
0.037110705,625
0.037207837,624
0.037215482,623
0.037226153,622
0.037289223,621
0.03730536,620
0.037412699,619
0.037514878,618
0.056559638,617
0.063193896,616
0.077259756,615
0.080953617,614
0.089470776,613
0.09385688,612
0.096904734,611
0.101001566,610
0.103520422,609
0.105863106,608
0.109956368,607
0.113385376,606
0.117212782,605
0.122372448,604
0.128592522,603
