0.030836321,847
0.030949885,846
0.030988373,845
0.031015435,844
0.031061934,843
0.031121283,842
0.031171197,841
0.031192375,840
0.031198012,839
0.031203352,838
0.031209105,837
0.031213867,836
0.031218806,835
0.031223937,834
0.031229589,833
0.031235527,832
0.03124114,831
0.031246639,830
0.03125177,829
0.03125692,828
0.031262146,827
0.031267407,826
0.031272809,825
0.031278252,824
0.031283561,823
0.031288649,822
0.031293934,821
0.031308277,820
0.031319396,819
0.031359198,818
0.031370761,817
0.031381973,816
0.031391664,815
0.031401171,814
0.031410035,813
0.031419104,812
0.031428146,811
0.031643967,810
0.031650873,809
0.031658758,808
0.031666469,807
0.031673936,806
0.031682277,805
0.031689258,804
0.031698061,803
0.031704289,802
0.031710309,801
0.031715828,800
0.031721299,799
0.031727129,798
0.031733159,797
0.031743977,796
0.031749615,795
0.031755395,794
0.031761258,793
0.031767397,792
0.031773022,791
0.031778662,790
0.03178495,789
0.031790823,788
0.031798566,787
0.031804699,786
0.031812292,785
0.03181839,784
0.031834447,783
0.031840599,782
0.031848148,781
0.031855033,780
0.031863704,779
0.031889099,778
0.031902263,777
0.031920655,776
0.031932926,775
0.03193962,774
0.031948651,773
0.03195535,772
0.032221054,771
0.032237234,770
0.032248183,769
0.032260223,768
0.032276054,767
0.032287551,766
0.032295373,765
0.032306363,764
0.032316312,763
0.032327279,762
0.032334015,761
0.032343547,760
0.032352084,759
0.032358971,758
0.032607583,757
0.032620884,756
0.032635946,755
0.032669289,754
0.032679863,753
0.032695113,752
0.032705151,751
0.032728831,750
0.032738393,749
0.032747295,748
0.032758353,747
0.032771053,746
0.032780474,745
0.032789272,744
0.0328318,743
0.03284147,742
0.032853756,741
0.032896777,740
0.032908019,739
0.032936669,738
0.032945237,737
0.03295379,736
0.032961626,735
0.032970027,734
0.032976925,733
0.033159644,732
0.033171479,731
0.033181646,730
0.033197279,729
0.033222436,728
0.033231986,727
0.033240343,726
0.033248676,725
0.033257138,724
0.033265029,723
0.033273005,722
0.033303209,721
0.033312764,720
0.033325736,719
0.033337508,718
0.033344613,717
0.033351918,716
0.033359172,715
0.033366802,714
0.033374523,713
0.033383253,712
0.033408895,711
0.033419296,710
0.033426922,709
0.033437636,708
0.033447941,707
0.0336719,706
0.03368685,705
0.033694812,704
0.033702581,703
0.033710592,702
0.033726683,701
0.033739916,700
0.033750092,699
0.033768583,698
0.033787379,697
0.033801617,696
0.033817127,695
0.033833999,694
0.033846731,693
0.03386417,692
0.033874772,691
0.033883928,690
0.033893067,689
0.033903149,688
0.033913028,687
0.033923272,686
0.033940246,685
0.033952694,684
0.033981575,683
0.034006377,682
0.034015364,681
0.03405165,680
0.034397435,679
0.034406059,678
0.034460777,677
0.034511464,676
0.034519122,675
0.034526977,674
0.03455056,673
0.0345602,672
0.034574925,671
0.034599361,670
0.034609593,669
0.034617274,668
0.034626861,667
0.034634853,666
0.034642293,665
0.03465698,664
0.03466939,663
0.034675145,662
0.034681718,661
0.034690299,660
0.034697769,659
0.034709606,658
0.034717125,657
0.034906079,656
0.034946519,655
0.034955291,654
0.03496505,653
0.034977681,652
0.035127153,651
0.035149914,650
0.035162493,649
0.035168739,648
0.035175734,647
0.035192919,646
0.03520537,645
0.035219085,644
0.035355599,643
0.035371471,642
0.035382844,641
0.03539527,640
0.035403904,639
0.035438525,638
0.035549345,637
0.035555275,636
0.035568221,635
0.035580914,634
0.035596462,633
0.035610214,632
0.035637685,631
0.035929901,630
0.035949072,629
0.036110022,628
0.036118031,627
0.036163801,626
0.036195911,625
0.036300927,624
0.036335763,623
0.036401131,622
0.036432744,621
0.03652092,620
0.036530422,619
0.036613747,618
0.0367038,617
0.051624541,616
0.0599653,615
0.064933731,614
0.070114076,613
0.074381451,612
0.08042249,611
0.086366341,610
0.089434832,609
0.097310184,608
0.100872654,607
0.105395236,606
0.10850331,605
0.111420605,604
0.115642772,603
0.12373981,602
