0.025717992,847
0.025810687,846
0.025866751,845
0.025906745,844
0.025958548,843
0.02599446,842
0.026026486,841
0.026039536,840
0.026051769,839
0.026063679,838
0.026074267,837
0.026081741,836
0.026088954,835
0.026096735,834
0.026104905,833
0.026113788,832
0.026155947,831
0.02616693,830
0.026176843,829
0.026187092,828
0.026196321,827
0.026205742,826
0.02621497,825
0.026223534,824
0.026232336,823
0.026240593,822
0.0262589,821
0.026270601,820
0.026277125,819
0.026285424,818
0.026293049,817
0.026300489,816
0.026307907,815
0.026315542,814
0.026322519,813
0.02633005,812
0.026337833,811
0.026532798,810
0.0265448,809
0.026552309,808
0.026560725,807
0.026568856,806
0.026580226,805
0.026588811,804
0.026595261,803
0.026602925,802
0.026610434,801
0.026617226,800
0.026624639,799
0.026632522,798
0.026640892,797
0.026649805,796
0.026658866,795
0.026676589,794
0.026684803,793
0.026692548,792
0.026699681,791
0.026724695,790
0.026734438,789
0.026743169,788
0.026752657,787
0.026759236,786
0.026766526,785
0.026774499,784
0.026783411,783
0.026792011,782
0.026812439,781
0.026819524,780
0.026830588,779
0.026840938,778
0.026850406,777
0.026885138,776
0.026916932,775
0.026923984,774
0.02693326,773
0.026940261,772
0.027220551,771
0.027228871,770
0.027236609,769
0.027243629,768
0.027250202,767
0.027257269,766
0.027274207,765
0.027287209,764
0.027295598,763
0.027303461,762
0.027312045,761
0.027324286,760
0.027345416,759
0.027355115,758
0.027364692,757
0.027374577,756
0.027382947,755
0.027390757,754
0.027434357,753
0.027444548,752
0.027452868,751
0.027461597,750
0.027467718,749
0.027474984,748
0.027481162,747
0.027490965,746
0.027496704,745
0.027512599,744
0.027518105,743
0.027536626,742
0.027542143,741
0.027549136,740
0.027578572,739
0.027619241,738
0.027627897,737
0.027636262,736
0.027655191,735
0.027662867,734
0.02766657,733
0.027860469,732
0.027866132,731
0.027873182,730
0.027884056,729
0.027891113,728
0.027896783,727
0.027910035,726
0.027921406,725
0.027927469,724
0.027945628,723
0.027951472,722
0.027961199,721
0.027966534,720
0.027976576,719
0.027981793,718
0.027988245,717
0.027992315,716
0.027996126,715
0.02800277,714
0.028006682,713
0.028011257,712
0.028015507,711
0.028019356,710
0.02802346,709
0.02803052,708
0.028034957,707
0.028185619,706
0.02819158,705
0.028195665,704
0.028202936,703
0.028209411,702
0.028213556,701
0.028217667,700
0.028223063,699
0.028227992,698
0.028232384,697
0.028236074,696
0.02824138,695
0.028247546,694
0.028254558,693
0.028263179,692
0.028266874,691
0.028274075,690
0.028277997,689
0.028283614,688
0.028293458,687
0.028299284,686
0.02830568,685
0.028313545,684
0.028317672,683
0.028326216,682
0.028344171,681
0.028348947,680
0.028577654,679
0.028582433,678
0.028589107,677
0.028594673,676
0.028601235,675
0.028606414,674
0.028623289,673
0.028641859,672
0.028653719,671
0.02868177,670
0.02869806,669
0.028704322,668
0.02871642,667
0.028722461,666
0.028745513,665
0.028768074,664
0.02877397,663
0.028800933,662
0.028806545,661
0.028813564,660
0.028818133,659
0.028831601,658
0.028978691,657
0.028988836,656
0.029010078,655
0.029036688,654
0.029050175,653
0.029154275,652
0.029160084,651
0.029247488,650
0.029252405,649
0.029257489,648
0.029275991,647
0.029281121,646
0.029287672,645
0.029416223,644
0.029421277,643
0.029432763,642
0.029438657,641
0.029471579,640
0.029476459,639
0.029594718,638
0.029618898,637
0.0296265,636
0.02963457,635
0.029640477,634
0.029645116,633
0.029655992,632
0.029731868,631
0.029763279,630
0.029861798,629
0.029877157,628
0.029887636,627
0.029909785,626
0.029976941,625
0.02999583,624
0.030101279,623
0.030123128,622
0.030134748,621
0.030215317,620
0.030221084,619
0.030263364,618
0.030297682,617
0.048977157,616
0.052653304,615
0.055370054,614
0.06209806,613
0.06564199,612
0.11181779,611
0.114767016,610
0.118672353,609
0.144838501,608
0.166223972,607
0.177953252,606
0.210503528,605
0.214791888,604
0.217303597,603
0.231379608,602
0.264772714,601
