0.031767871,847
0.031797881,846
0.031811237,845
0.031852259,844
0.03186073,843
0.03186914,842
0.031877598,841
0.031885067,840
0.03189711,839
0.031903982,838
0.031911351,837
0.03191867,836
0.031926753,835
0.031933834,834
0.031946643,833
0.032048786,832
0.03205834,831
0.032066508,830
0.032075772,829
0.032105694,828
0.032125078,827
0.032139297,826
0.032173352,825
0.032186914,824
0.032195472,823
0.032202289,822
0.032210334,821
0.032236216,820
0.032251737,819
0.032259346,818
0.032274193,817
0.032322935,816
0.032330701,815
0.032383815,814
0.032397854,813
0.032408003,812
0.032414556,811
0.032639033,810
0.032646621,809
0.032652957,808
0.032659095,807
0.032664677,806
0.03267475,805
0.032682403,804
0.032691708,803
0.032727322,802
0.032740128,801
0.03274949,800
0.032756311,799
0.032763685,798
0.032772002,797
0.03278138,796
0.032789699,795
0.032798212,794
0.032806251,793
0.03281524,792
0.032826419,791
0.032834611,790
0.032842479,789
0.032850369,788
0.03285925,787
0.032874215,786
0.032881817,785
0.032889661,784
0.032899326,783
0.03294702,782
0.032958196,781
0.032973794,780
0.032990898,779
0.033002344,778
0.033013156,777
0.03302169,776
0.033028552,775
0.033035392,774
0.033045458,773
0.033117622,772
0.03343097,771
0.03343893,770
0.033452694,769
0.0334637,768
0.033496421,767
0.033503864,766
0.033511367,765
0.033518021,764
0.033525036,763
0.033532282,762
0.033539442,761
0.033546951,760
0.033556288,759
0.03356204,758
0.033569291,757
0.03357648,756
0.033583787,755
0.033591634,754
0.033598345,753
0.03363072,752
0.033640239,751
0.03365658,750
0.033667007,749
0.033674774,748
0.033687423,747
0.033699194,746
0.033706034,745
0.033716934,744
0.033723599,743
0.033745894,742
0.033753423,741
0.033761157,740
0.033771591,739
0.033781484,738
0.033788732,737
0.033795009,736
0.033804524,735
0.033812876,734
0.033818983,733
0.03474518,732
0.034772684,731
0.034790151,730
0.034998021,729
0.035033815,728
0.035066653,727
0.035122562,726
0.035258944,725
0.035763071,724
0.036953869,723
0.037037656,722
0.037246575,721
0.037310666,720
0.037341448,719
0.042087467,718
0.042141044,717
0.042154356,716
0.042217176,715
0.042226585,714
0.042238955,713
0.042247908,712
0.042304681,711
0.042339787,710
0.042379534,709
0.042390268,708
0.042401655,707
0.042683899,706
0.042746108,705
0.042754689,704
0.042761144,703
0.042780192,702
0.042795815,701
0.042806703,700
0.042881551,699
0.042890559,698
0.042902937,697
0.042914418,696
0.042923475,695
0.042931206,694
0.042939497,693
0.042956541,692
0.042972114,691
0.042983196,690
0.042991207,689
0.043006615,688
0.043019225,687
0.043031314,686
0.043047374,685
0.043127695,684
0.043137855,683
0.04330098,682
0.043315754,681
0.043461789,680
0.044683082,679
0.044697616,678
0.044715235,677
0.045230819,676
0.045320746,675
0.045393898,674
0.045845589,673
0.045860843,672
0.045870876,671
0.045880236,670
0.045892903,669
0.045902883,668
0.045915338,667
0.045921845,666
0.045935949,665
0.045943059,664
0.04595047,663
0.045960465,662
0.04597878,661
0.045985598,660
0.045993754,659
0.046001473,658
0.046013303,657
0.04614395,656
0.046185062,655
0.046206008,654
0.046258126,653
0.046271714,652
0.046581159,651
0.046589843,650
0.046630688,649
0.046647279,648
0.046665526,647
0.046691693,646
0.046699148,645
0.046827134,644
0.046883826,643
0.046938575,642
0.046950531,641
0.046964996,640
0.046979169,639
0.046989319,638
0.047075275,637
0.047105236,636
0.047114469,635
0.04714183,634
0.047290914,633
0.047311055,632
0.047334696,631
0.04742074,630
0.047469093,629
0.04759525,628
0.047642755,627
0.047683524,626
0.04769915,625
0.047817986,624
0.047841552,623
0.04801333,622
0.048029296,621
0.048042435,620
0.048122318,619
0.048152294,618
0.048245283,617
0.048306096,616
