0.03531328,847
0.035442679,846
0.035612628,845
0.035686096,844
0.035755269,843
0.035812667,842
0.035834448,841
0.035850875,840
0.035859896,839
0.03586752,838
0.035873348,837
0.035879029,836
0.035884546,835
0.035892327,834
0.035900079,833
0.035907693,832
0.035913819,831
0.035921346,830
0.035928704,829
0.035935162,828
0.035940992,827
0.035948602,826
0.035956169,825
0.035964061,824
0.035971814,823
0.035979214,822
0.035987546,821
0.035996418,820
0.036004805,819
0.036013122,818
0.036021494,817
0.036029669,816
0.036037514,815
0.036045084,814
0.036053248,813
0.036061299,812
0.036069308,811
0.036278269,810
0.036288109,809
0.03629787,808
0.036306393,807
0.036315214,806
0.036323563,805
0.036332077,804
0.036343429,803
0.036351439,802
0.036362112,801
0.036367752,800
0.03637343,799
0.036382542,798
0.036420515,797
0.036445962,796
0.036454757,795
0.036462736,794
0.036469798,793
0.036489592,792
0.036495115,791
0.036500585,790
0.036506163,789
0.036513612,788
0.036521795,787
0.036534686,786
0.036540798,785
0.036548543,784
0.036600276,783
0.039066633,782
0.039083901,781
0.039089454,780
0.039095298,779
0.039118863,778
0.03912603,777
0.039136048,776
0.039142417,775
0.039149721,774
0.039157352,773
0.039162977,772
0.039450526,771
0.039459171,770
0.039494028,769
0.039502449,768
0.039514047,767
0.039523096,766
0.039531239,765
0.03953764,764
0.039546018,763
0.039557982,762
0.039567203,761
0.039576134,760
0.039584736,759
0.039591421,758
0.039602945,757
0.039609223,756
0.039621846,755
0.039630095,754
0.039636872,753
0.039644984,752
0.039653606,751
0.039662168,750
0.039670083,749
0.039678072,748
0.039686002,747
0.039694337,746
0.039702428,745
0.039711005,744
0.039719669,743
0.039727976,742
0.039739351,741
0.039765675,740
0.039788795,739
0.039867495,738
0.039875709,737
0.039883725,736
0.039903572,735
0.039915025,734
0.039920244,733
0.04012349,732
0.040130834,731
0.040139648,730
0.040149786,729
0.040180501,728
0.040193575,727
0.04020104,726
0.040208318,725
0.040218759,724
0.040225715,723
0.040239928,722
0.040261113,721
0.04026811,720
0.040275931,719
0.04028329,718
0.040293069,717
0.040300326,716
0.040314194,715
0.040330774,714
0.040347248,713
0.040353475,712
0.040360549,711
0.040367362,710
0.040375424,709
0.040392086,708
0.040399046,707
0.040634405,706
0.040641336,705
0.040649165,704
0.040656553,703
0.040672339,702
0.040696172,701
0.040703219,700
0.040710273,699
0.040716787,698
0.040730593,697
0.040744725,696
0.04076142,695
0.040776827,694
0.04080458,693
0.040817741,692
0.040824744,691
0.040840279,690
0.041217136,689
0.041227494,688
0.041262697,687
0.041273601,686
0.041281432,685
0.041290542,684
0.04132391,683
0.04133184,682
0.04134207,681
0.041406296,680
0.04170699,679
0.041712793,678
0.04179169,677
0.041802277,676
0.047106062,675
0.047140072,674
0.047150877,673
0.047159594,672
0.047201542,671
0.047225267,670
0.047231144,669
0.047239308,668
0.047244699,667
0.047253213,666
0.047262226,665
0.047284858,664
0.047291939,663
0.047298359,662
0.047346401,661
0.047354171,660
0.047358611,659
0.047372152,658
0.047378741,657
0.047501408,656
0.048009687,655
0.048018222,654
0.048045186,653
0.048059391,652
0.048172369,651
0.0481834,650
0.048204438,649
0.048218091,648
0.048234274,647
0.048242317,646
0.048264156,645
0.04827075,644
0.04840951,643
0.048428448,642
0.048436206,641
0.04847793,640
0.048483407,639
0.048498712,638
0.048590067,637
0.048600825,636
0.048640616,635
0.048650754,634
0.048667652,633
0.04878935,632
0.048933988,631
0.048962387,630
0.048986982,629
0.049024853,628
0.049118539,627
0.049133899,626
0.049205895,625
0.049217048,624
0.049285622,623
0.049301995,622
0.049382844,621
0.049420658,620
