0.037273365,847
0.037338265,846
0.03738319,845
0.0374275,844
0.037465832,843
0.037537633,842
0.037567919,841
0.037573849,840
0.037579517,839
0.03758797,838
0.037604688,837
0.037614048,836
0.037624726,835
0.037943092,834
0.037988358,833
0.038027984,832
0.038070139,831
0.038080659,830
0.038158095,829
0.03817253,828
0.038180558,827
0.038190893,826
0.038232043,825
0.038271826,824
0.038282429,823
0.038289774,822
0.038300063,821
0.038314553,820
0.038323441,819
0.038331877,818
0.038340699,817
0.038349715,816
0.038358879,815
0.038367354,814
0.038392466,813
0.038410282,812
0.038454341,811
0.038701409,810
0.038709252,809
0.0387193,808
0.038725729,807
0.038732261,806
0.038740343,805
0.038747421,804
0.038753706,803
0.03876044,802
0.038767563,801
0.038774284,800
0.038783347,799
0.038789267,798
0.038797726,797
0.038806678,796
0.038818358,795
0.038833087,794
0.038843992,793
0.038855662,792
0.03887775,791
0.038911928,790
0.038921276,789
0.038937645,788
0.038945876,787
0.038965734,786
0.03897161,785
0.038985999,784
0.038994847,783
0.039007151,782
0.039015663,781
0.039023645,780
0.039036126,779
0.039046521,778
0.039061281,777
0.039076258,776
0.039083115,775
0.039093752,774
0.039104467,773
0.039112699,772
0.039386197,771
0.039426111,770
0.039435396,769
0.039475248,768
0.039483604,767
0.039494593,766
0.039593549,765
0.039626869,764
0.039645334,763
0.040499537,762
0.040521958,761
0.040544143,760
0.040564528,759
0.040576772,758
0.040592219,757
0.040609306,756
0.040620265,755
0.040645317,754
0.040663444,753
0.040670084,752
0.040681815,751
0.040703109,750
0.040709326,749
0.040716161,748
0.040722426,747
0.040731071,746
0.040737304,745
0.040756604,744
0.040775689,743
0.04078222,742
0.040793986,741
0.040823914,740
0.040869896,739
0.04088047,738
0.040920512,737
0.040925826,736
0.040931292,735
0.040936427,734
0.040941124,733
0.041111104,732
0.04111684,731
0.041123905,730
0.041129673,729
0.041172148,728
0.041179328,727
0.041188031,726
0.041196945,725
0.04120524,724
0.041221791,723
0.0412294,722
0.041247729,721
0.041256969,720
0.041292796,719
0.041300776,718
0.041309933,717
0.041325,716
0.041358965,715
0.041375386,714
0.041383722,713
0.041416831,712
0.041426296,711
0.041434145,710
0.041442493,709
0.041450666,708
0.041457141,707
0.041706598,706
0.041714564,705
0.041758648,704
0.041802233,703
0.04181984,702
0.04182968,701
0.041839081,700
0.041846915,699
0.041885002,698
0.041892774,697
0.04190939,696
0.041921875,695
0.04192963,694
0.041942756,693
0.041954066,692
0.041963608,691
0.042002202,690
0.042012834,689
0.042021215,688
0.042028016,687
0.042035192,686
0.042043364,685
0.042054166,684
0.042070051,683
0.042084215,682
0.042090827,681
0.042112704,680
0.042417771,679
0.042479403,678
0.042485324,677
0.042497217,676
0.042539957,675
0.042547699,674
0.042554915,673
0.042564403,672
0.04257722,671
0.042591094,670
0.042601044,669
0.042608406,668
0.042613975,667
0.042620565,666
0.042629366,665
0.04263521,664
0.042647757,663
0.042654037,662
0.042664117,661
0.042668538,660
0.042698403,659
0.042751302,658
0.042757012,657
0.042909877,656
0.04292522,655
0.04336908,654
0.043388678,653
0.043404221,652
0.043569692,651
0.043585193,650
0.043628989,649
0.043636082,648
0.043687381,647
0.043735698,646
0.043747237,645
0.043934182,644
0.043976871,643
0.044010605,642
0.044055923,641
0.044112154,640
0.044120457,639
0.047286678,638
0.047389696,637
0.047398219,636
0.058622897,635
0.058662118,634
0.058674768,633
0.05872358,632
0.058815195,631
0.058880119,630
0.059923232,629
0.059945451,628
0.059979999,627
0.060076793,626
0.060168569,625
0.061011373,624
0.061197377,623
0.06124145,622
0.061283499,621
0.061408892,620
0.06145771,619
0.061837867,618
0.061933772,617
0.094713889,616
0.099008865,615
0.102370134,614
0.106967316,613
0.112789194,612
0.140599683,611
0.14497111,610
0.153293411,609
0.156666001,608
0.168017397,607
0.170789536,606
0.180564183,605
0.185074883,604
0.194180435,603
0.200353242,602
