0.078033849,847
0.078231764,846
0.078452867,845
0.078760562,844
0.078797082,843
0.078813242,842
0.078833381,841
0.078848886,840
0.078862887,839
0.078872167,838
0.078882135,837
0.078888891,836
0.0788946,835
0.078903168,834
0.078910961,833
0.078918422,832
0.078928659,831
0.078967597,830
0.07897746,829
0.078986641,828
0.078995895,827
0.079005324,826
0.079014245,825
0.0790214,824
0.079028515,823
0.079036576,822
0.079059072,821
0.079111796,820
0.079126241,819
0.079135439,818
0.079145218,817
0.079155978,816
0.079273092,815
0.079290754,814
0.079342214,813
0.079353653,812
0.079365104,811
0.07957869,810
0.079622525,809
0.079636259,808
0.079648881,807
0.079661798,806
0.079673601,805
0.079687682,804
0.07970133,803
0.079711713,802
0.079727816,801
0.07973574,800
0.079747539,799
0.079766418,798
0.079780839,797
0.07979523,796
0.079807491,795
0.079821925,794
0.079832637,793
0.079848527,792
0.079861266,791
0.079872258,790
0.079882435,789
0.07989266,788
0.079903517,787
0.07991474,786
0.079926088,785
0.079936705,784
0.079947136,783
0.079958832,782
0.07997252,781
0.079986841,780
0.080019017,779
0.080040127,778
0.080059982,777
0.080080809,776
0.0800918,775
0.080107019,774
0.080120265,773
0.080131667,772
0.080434743,771
0.080449096,770
0.080461259,769
0.080476844,768
0.080494592,767
0.080515472,766
0.080526644,765
0.080540296,764
0.080551695,763
0.08056438,762
0.080574661,761
0.080587313,760
0.080601269,759
0.080610936,758
0.080622801,757
0.080631529,756
0.080641968,755
0.080652565,754
0.080664386,753
0.080686497,752
0.080697199,751
0.08070984,750
0.080737957,749
0.080777449,748
0.080788538,747
0.080797684,746
0.080806914,745
0.080816801,744
0.080826164,743
0.080835004,742
0.080851638,741
0.080899716,740
0.080960904,739
0.081263181,738
0.081305191,737
0.081313673,736
0.081393603,735
0.081443379,734
0.08145995,733
0.082554517,732
0.082569067,731
0.082615726,730
0.082630716,729
0.082699811,728
0.082709094,727
0.082743234,726
0.082787935,725
0.083235579,724
0.083247123,723
0.083286466,722
0.083296259,721
0.090528676,720
0.090569058,719
0.091558628,718
0.091613584,717
0.091621891,716
0.091629153,715
0.091899486,714
0.09191744,713
0.091926305,712
0.091934002,711
0.091940057,710
0.09194639,709
0.091956535,708
0.091961518,707
0.092780676,706
0.092788281,705
0.092794921,704
0.092859437,703
0.092877266,702
0.09290614,701
0.09291532,700
0.092922531,699
0.092928554,698
0.092963324,697
0.092975943,696
0.092989302,695
0.093029652,694
0.09306822,693
0.093076798,692
0.09308382,691
0.093093749,690
0.093100836,689
0.093111805,688
0.093123603,687
0.093141334,686
0.093160644,685
0.093170881,684
0.09318168,683
0.093186835,682
0.093193704,681
0.093199339,680
0.093545418,679
0.093552636,678
0.093560444,677
0.093570326,676
0.093578858,675
0.093591153,674
0.093600117,673
0.093606152,672
0.093623285,671
0.093683744,670
0.093692933,669
0.093730584,668
0.093738943,667
0.093793792,666
0.093804008,665
0.093824481,664
0.093836374,663
0.093845493,662
0.093864408,661
0.093873119,660
0.093896038,659
0.093991364,658
0.094012823,657
0.09426293,656
0.094296123,655
0.094307157,654
0.094337705,653
0.094353979,652
0.094476575,651
0.094489529,650
0.094517114,649
0.094530419,648
0.094550258,647
0.094559858,646
0.094589275,645
0.094617832,644
0.094765602,643
0.094820382,642
0.094894333,641
0.095292601,640
0.095303298,639
0.095327035,638
0.095440634,637
0.095460382,636
0.095528923,635
0.095566811,634
0.095580598,633
0.095722221,632
0.097013429,631
0.097143935,630
0.097237381,629
0.097342422,628
0.097480769,627
0.097561445,626
0.097762636,625
0.097782965,624
0.097961857,623
0.098032189,622
0.098173349,621
0.098258245,620
0.156805798,619
0.166112627,618
0.171930728,617
0.179079816,616
0.182759816,615
0.193184026,614
0.211255575,613
0.223046619,612
0.22840922,611
0.236226195,610
0.241741243,609
0.244302974,608
0.249242021,607
0.252656255,606
0.255514931,605
0.286715666,604
0.292922009,603
0.29614037,602
