0.045459642,847
0.045558437,846
0.045642282,845
0.045695855,844
0.045770906,843
0.045798189,842
0.045823346,841
0.04583336,840
0.045844364,839
0.045854746,838
0.04586557,837
0.045876966,836
0.045887073,835
0.045905309,834
0.045936437,833
0.046626958,832
0.046645255,831
0.046693341,830
0.046708565,829
0.046724799,828
0.046739744,827
0.046787443,826
0.046845818,825
0.046860933,824
0.046875284,823
0.046893316,822
0.046941492,821
0.046956007,820
0.04696858,819
0.047031263,818
0.047062033,817
0.0470921,816
0.047136191,815
0.047152386,814
0.047167212,813
0.047204673,812
0.047218097,811
0.047411974,810
0.04742429,809
0.0474359,808
0.047445908,807
0.047455225,806
0.047464706,805
0.047475091,804
0.047487562,803
0.047498076,802
0.047513927,801
0.047526684,800
0.047537255,799
0.047547381,798
0.047789678,797
0.047826481,796
0.047838509,795
0.047849317,794
0.047903586,793
0.047923839,792
0.047934944,791
0.047953885,790
0.047971289,789
0.047988278,788
0.048210923,787
0.048351848,786
0.048372737,785
0.048611709,784
0.04862722,783
0.052934875,782
0.052954155,781
0.05296354,780
0.052975131,779
0.052992626,778
0.053009026,777
0.053030491,776
0.053044117,775
0.053055238,774
0.053170759,773
0.053188727,772
0.053511412,771
0.053523411,770
0.055092366,769
0.05517597,768
0.055191318,767
0.055206291,766
0.055220732,765
0.055233423,764
0.055250334,763
0.055265284,762
0.055272432,761
0.055279553,760
0.055286257,759
0.055293403,758
0.05530126,757
0.055353455,756
0.055366679,755
0.055420954,754
0.055446453,753
0.05545853,752
0.055476051,751
0.055523582,750
0.055537982,749
0.055552215,748
0.055578218,747
0.055591234,746
0.055608544,745
0.055622432,744
0.055661381,743
0.055670096,742
0.055703289,741
0.055728856,740
0.055776087,739
0.055804853,738
0.055811524,737
0.055997484,736
0.05601005,735
0.056017969,734
0.05602657,733
0.056208629,732
0.056276622,731
0.056285336,730
0.056307321,729
0.056763144,728
0.056778418,727
0.056787391,726
0.056796333,725
0.056805231,724
0.056812495,723
0.056818326,722
0.056832585,721
0.056840793,720
0.056854511,719
0.057664049,718
0.057676543,717
0.057714068,716
0.057722755,715
0.057729149,714
0.05773632,713
0.057806691,712
0.057814863,711
0.057823453,710
0.059036584,709
0.059051279,708
0.059060987,707
0.06013972,706
0.060161855,705
0.060169041,704
0.060177956,703
0.060192916,702
0.060206178,701
0.060224596,700
0.060233568,699
0.060252629,698
0.060270013,697
0.060291751,696
0.060334399,695
0.060349281,694
0.060366784,693
0.060392708,692
0.060401357,691
0.060417477,690
0.060430947,689
0.060444704,688
0.060453963,687
0.060464488,686
0.060482244,685
0.060491324,684
0.060504947,683
0.060516314,682
0.06052729,681
0.060536135,680
0.060809282,679
0.060817656,678
0.060857241,677
0.060905041,676
0.061072891,675
0.061082464,674
0.061175084,673
0.061222445,672
0.06123858,671
0.061266148,670
0.061281373,669
0.061297724,668
0.061305697,667
0.061314623,666
0.061323883,665
0.061344195,664
0.061357555,663
0.061363405,662
0.061369981,661
0.06137779,660
0.061383953,659
0.061395573,658
0.061402168,657
0.0615648,656
0.061618695,655
0.061629254,654
0.061644139,653
0.061656322,652
0.061794646,651
0.061818973,650
0.061831799,649
0.061837239,648
0.061843241,647
0.061860966,646
0.061873173,645
0.061887309,644
0.06200987,643
0.062026697,642
0.062036579,641
0.062047605,640
0.06237069,639
0.062417503,638
0.062512795,637
0.062519851,636
0.062533549,635
0.062548149,634
0.062564859,633
0.062571773,632
0.062601818,631
0.062726764,630
0.062743536,629
0.063081156,628
0.063089301,627
0.063157397,626
0.063214638,625
0.063364784,624
0.063434994,623
0.063744424,622
0.063845666,621
0.064045938,620
0.064127185,619
0.064213441,618
0.064345783,617
