0.028282072,847
0.028356776,846
0.028472054,845
0.028518837,844
0.02856164,843
0.02858836,842
0.028614506,841
0.028624626,840
0.028639087,839
0.028649256,838
0.028701566,837
0.028709788,836
0.028717521,835
0.028725493,834
0.028733477,833
0.028742127,832
0.028750719,831
0.028756273,830
0.028764647,829
0.028770212,828
0.028775996,827
0.028782417,826
0.028789964,825
0.02879905,824
0.028824105,823
0.028829946,822
0.028838013,821
0.028846254,820
0.028875673,819
0.028884208,818
0.028892996,817
0.028901436,816
0.028910409,815
0.028918704,814
0.02892663,813
0.028933097,812
0.028939755,811
0.029131798,810
0.029139958,809
0.029184231,808
0.029226104,807
0.029238103,806
0.029297347,805
0.029306248,804
0.029315486,803
0.029323147,802
0.029328859,801
0.029334075,800
0.029341517,799
0.029349906,798
0.029384426,797
0.029393015,796
0.029399918,795
0.02941572,794
0.02950413,793
0.029513584,792
0.029528813,791
0.029536515,790
0.029541753,789
0.029547165,788
0.029552378,787
0.029560525,786
0.029565714,785
0.029570723,784
0.029579696,783
0.032070957,782
0.032083487,781
0.032089408,780
0.032095999,779
0.032104948,778
0.03211011,777
0.032126413,776
0.03213339,775
0.032140191,774
0.032148245,773
0.032157947,772
0.032338077,771
0.032343888,770
0.032352135,769
0.032362015,768
0.032386343,767
0.032395513,766
0.032406821,765
0.032413948,764
0.032422375,763
0.032579197,762
0.032597636,761
0.032630405,760
0.032641764,759
0.033013646,758
0.033021946,757
0.033040211,756
0.033098559,755
0.033111775,754
0.033148091,753
0.033155279,752
0.033167525,751
0.033177175,750
0.033212013,749
0.033247356,748
0.033253972,747
0.033268824,746
0.033285749,745
0.033314536,744
0.033343974,743
0.033352291,742
0.033387139,741
0.033420456,740
0.033427268,739
0.033451135,738
0.033454517,737
0.033459857,736
0.033463755,735
0.033467344,734
0.033476892,733
0.033680295,732
0.033687403,731
0.033694106,730
0.033700511,729
0.03371153,728
0.033716656,727
0.033725523,726
0.033731692,725
0.033744515,724
0.033750932,723
0.033758029,722
0.033784246,721
0.033793095,720
0.033835724,719
0.0338436,718
0.033917279,717
0.03395791,716
0.033965756,715
0.03397083,714
0.033979991,713
0.03398874,712
0.034009212,711
0.034019457,710
0.034029666,709
0.034036302,708
0.034042149,707
0.034391701,706
0.03444663,705
0.034457781,704
0.034464903,703
0.03447325,702
0.034477338,701
0.034483134,700
0.034489171,699
0.034493496,698
0.034497913,697
0.034507936,696
0.034515608,695
0.034534301,694
0.03453878,693
0.03454308,692
0.03454757,691
0.034571015,690
0.034575172,689
0.034582534,688
0.034586701,687
0.034631176,686
0.034637438,685
0.03464405,684
0.034666227,683
0.034674619,682
0.034681924,681
0.034686015,680
0.034981321,679
0.034987369,678
0.034993688,677
0.035005352,676
0.035015816,675
0.035022705,674
0.035031493,673
0.035040047,672
0.035045301,671
0.035056225,670
0.035061981,669
0.035067654,668
0.035080342,667
0.035091236,666
0.03510203,665
0.035108544,664
0.035126111,663
0.035132961,662
0.035142581,661
0.03514845,660
0.035162135,659
0.035202824,658
0.035208489,657
0.035436126,656
0.03551406,655
0.035558852,654
0.035571889,653
0.035584676,652
0.035730695,651
0.035754718,650
0.035769077,649
0.035785348,648
0.035798525,647
0.035821151,646
0.035835165,645
0.035976058,644
0.035982384,643
0.036002894,642
0.036025178,641
0.036053523,640
0.036091381,639
0.036181961,638
0.036348635,637
0.036879538,636
0.036892722,635
0.036918895,634
0.036938065,633
0.036959783,632
0.03708332,631
0.03723298,630
0.037256301,629
0.03728043,628
0.037349766,627
0.037469045,626
0.037500993,625
0.037638981,624
0.03766553,623
0.037755414,622
0.037766315,621
0.037853747,620
0.037984742,619
