0.040566307,847
0.040584228,846
0.040596312,845
0.04060747,844
0.040618906,843
0.04062888,842
0.040638147,841
0.040703948,840
0.040771356,839
0.040818716,838
0.040867172,837
0.040909692,836
0.04091737,835
0.040925533,834
0.040933994,833
0.041054219,832
0.041068816,831
0.041076507,830
0.041085243,829
0.041092799,828
0.041150739,827
0.041172757,826
0.041182276,825
0.041192348,824
0.041200763,823
0.041208061,822
0.041215718,821
0.041228957,820
0.041237108,819
0.042222245,818
0.042236991,817
0.042249758,816
0.042261763,815
0.042273772,814
0.042284378,813
0.042295363,812
0.042305163,811
0.04249362,810
0.042503672,809
0.042514233,808
0.042525443,807
0.042538734,806
0.042548948,805
0.042560172,804
0.042570179,803
0.042608011,802
0.042617524,801
0.042626979,800
0.042637194,799
0.04264981,798
0.042659027,797
0.042672739,796
0.042713704,795
0.042722809,794
0.042740406,793
0.042749696,792
0.042765484,791
0.042779359,790
0.042790081,789
0.042832855,788
0.042850637,787
0.042865513,786
0.042873383,785
0.042884193,784
0.042893481,783
0.042934816,782
0.042988725,781
0.043000458,780
0.043011579,779
0.04302197,778
0.043032535,777
0.043040345,776
0.043048065,775
0.043056618,774
0.043065154,773
0.043077059,772
0.043529181,771
0.043546882,770
0.043559261,769
0.04359671,768
0.043637122,767
0.043675766,766
0.043686902,765
0.043700815,764
0.043712018,763
0.044611093,762
0.04462936,761
0.044668183,760
0.044678579,759
0.044687009,758
0.04469596,757
0.044729221,756
0.044736545,755
0.044744305,754
0.044760027,753
0.044785189,752
0.044813032,751
0.044822756,750
0.044830989,749
0.04485607,748
0.044867229,747
0.044877426,746
0.044921235,745
0.044931247,744
0.044939576,743
0.044953916,742
0.044982298,741
0.045004772,740
0.045031967,739
0.0450619,738
0.04509298,737
0.045102274,736
0.045111078,735
0.045120502,734
0.045135709,733
0.045325242,732
0.045365093,731
0.045378945,730
0.045435229,729
0.045460143,728
0.045471965,727
0.045485261,726
0.045494159,725
0.045530161,724
0.04554211,723
0.045553884,722
0.045576926,721
0.045590852,720
0.045605385,719
0.045620712,718
0.045630647,717
0.045638784,716
0.045645478,715
0.045652568,714
0.045659197,713
0.045670783,712
0.045677474,711
0.045684117,710
0.045702586,709
0.045716962,708
0.045723571,707
0.045974733,706
0.045988876,705
0.045997518,704
0.046006386,703
0.046014432,702
0.046022666,701
0.046036231,700
0.046046115,699
0.046053802,698
0.04606169,697
0.046069418,696
0.046076817,695
0.046088071,694
0.046215771,693
0.046241275,692
0.046255783,691
0.046266546,690
0.04627549,689
0.046284452,688
0.046296041,687
0.046307831,686
0.046316957,685
0.046397536,684
0.046416076,683
0.046457234,682
0.046472354,681
0.046488314,680
0.046733828,679
0.046742346,678
0.046758798,677
0.046774849,676
0.046854947,675
0.046922567,674
0.046957659,673
0.04697981,672
0.047007914,671
0.047031692,670
0.047048386,669
0.0470718,668
0.047088628,667
0.047104427,666
0.047120026,665
0.047129476,664
0.047147495,663
0.047158179,662
0.047172112,661
0.047190319,660
0.047200875,659
0.047234433,658
0.047249131,657
0.047410416,656
0.0474769,655
0.047502855,654
0.047537571,653
0.047547412,652
0.04775965,651
0.047771254,650
0.047782367,649
0.047797663,648
0.047831792,647
0.047851301,646
0.047865088,645
0.047906051,644
0.048028507,643
0.048073239,642
0.048120373,641
0.048135758,640
0.048150858,639
0.048163002,638
0.048280484,637
0.048289695,636
0.048300046,635
0.048314163,634
0.04832885,633
0.048403869,632
0.048448512,631
0.048606777,630
0.048616156,629
0.048786521,628
0.048808703,627
0.048833123,626
0.04909366,625
0.04918415,624
0.049268991,623
0.04936741,622
0.049426414,621
0.049539297,620
0.049573636,619
0.049669711,618
0.049800063,617
0.066489387,616
0.070765122,615
0.07721253,614
0.086263105,613
0.0899267,612
0.097642618,611
0.101114221,610
0.106203781,609
0.11001817,608
0.115552512,607
0.119964545,606
0.123504157,605
0.192461545,604
0.195960231,603
0.229525093,602
