0.063604183,847
0.063712762,846
0.063772267,845
0.063836479,844
0.063903454,843
0.063928807,842
0.063954511,841
0.063967658,840
0.063977997,839
0.063990533,838
0.063999024,837
0.064007307,836
0.064016162,835
0.064026295,834
0.064035621,833
0.064048935,832
0.064062409,831
0.064072233,830
0.064080982,829
0.064095279,828
0.06411376,827
0.064129833,826
0.064139184,825
0.0641836,824
0.064230685,823
0.064273875,822
0.064283287,821
0.064293861,820
0.064310881,819
0.064327415,818
0.064343321,817
0.064354367,816
0.064362934,815
0.064370647,814
0.064378405,813
0.064386209,812
0.06439703,811
0.064676959,810
0.064689513,809
0.064707442,808
0.064732327,807
0.064785502,806
0.064837256,805
0.064890232,804
0.064904119,803
0.0649207,802
0.064932432,801
0.064953595,800
0.065060497,799
0.065072368,798
0.066232879,797
0.067099126,796
0.067115688,795
0.067299263,794
0.067311863,793
0.067589831,792
0.067866523,791
0.068137086,790
0.068773634,789
0.068851672,788
0.069050704,787
0.069092563,786
0.069115418,785
0.06919535,784
0.069210544,783
0.069217784,782
0.06922694,781
0.069269779,780
0.069287451,779
0.069295895,778
0.069312097,777
0.06932487,776
0.069363091,775
0.069374293,774
0.069387958,773
0.069436895,772
0.069831938,771
0.069842751,770
0.069851459,769
0.069858505,768
0.069865773,767
0.069872788,766
0.069879413,765
0.069886176,764
0.069893214,763
0.069902557,762
0.069911048,761
0.069919108,760
0.069926326,759
0.069930995,758
0.069944135,757
0.06995446,756
0.069962005,755
0.069977977,754
0.069997841,753
0.070174681,752
0.070189801,751
0.070206405,750
0.070215255,749
0.070222035,748
0.07024272,747
0.070261192,746
0.070271371,745
0.070290562,744
0.070297881,743
0.07032278,742
0.07032972,741
0.070359346,740
0.070395497,739
0.070434964,738
0.070472331,737
0.070479466,736
0.070489092,735
0.070495913,734
0.070501497,733
0.070677366,732
0.070693993,731
0.070709076,730
0.070730154,729
0.07091245,728
0.070934368,727
0.070951565,726
0.071151205,725
0.071174161,724
0.071187191,723
0.071195455,722
0.071201755,721
0.071207959,720
0.071215574,719
0.071222714,718
0.071228886,717
0.071234479,716
0.071240753,715
0.071249004,714
0.071257559,713
0.071264802,712
0.07127085,711
0.071276586,710
0.071290574,709
0.071332897,708
0.071373428,707
0.071897192,706
0.071917296,705
0.071925708,704
0.071932887,703
0.071942523,702
0.071948807,701
0.071955395,700
0.071961084,699
0.071968503,698
0.072029674,697
0.072066709,696
0.072073877,695
0.072080909,694
0.072089252,693
0.072134985,692
0.072154311,691
0.07216563,690
0.072202261,689
0.072241778,688
0.072278479,687
0.072536832,686
0.072581361,685
0.072642562,684
0.072680592,683
0.072749528,682
0.072868302,681
0.07292581,680
0.073743228,679
0.073762101,678
0.073832016,677
0.073902498,676
0.074002632,675
0.074032298,674
0.074046691,673
0.074054238,672
0.074060628,671
0.07406743,670
0.07408274,669
0.074092063,668
0.074103393,667
0.074109852,666
0.074122962,665
0.074129381,664
0.074136219,663
0.07414909,662
0.07419626,661
0.074207815,660
0.074271748,659
0.074281114,658
0.074288851,657
0.074419917,656
0.074471166,655
0.074546634,654
0.074570135,653
0.074586999,652
0.074748009,651
0.07475552,650
0.074808005,649
0.074824574,648
0.074841058,647
0.074867031,646
0.074874158,645
0.075091529,644
0.075156452,643
0.075172359,642
0.075218346,641
0.075231541,640
0.075241599,639
0.07525071,638
0.075362066,637
0.075395266,636
0.075404775,635
0.075415047,634
0.075442976,633
0.075459685,632
0.075474543,631
0.075545347,630
0.075576934,629
0.075682048,628
0.075768969,627
0.075798463,626
0.0758061,625
0.075920662,624
0.076050619,623
0.076159898,622
0.076205304,621
0.076217706,620
0.076290926,619
0.076318724,618
0.07641497,617
0.076483788,616
0.106644626,615
0.118408361,614
0.131668077,613
0.136660234,612
0.165970372,611
0.169544297,610
0.174866509,609
0.179163097,608
0.184217348,607
0.188323899,606
0.194586954,605
0.261620921,604
0.272313661,603
