0.055850387,847
0.056035599,846
0.056292194,845
0.056339653,844
0.056408281,843
0.056436829,842
0.056466368,841
0.05648192,840
0.056490293,839
0.056497037,838
0.05651095,837
0.056517415,836
0.056523438,835
0.056533645,834
0.056543596,833
0.056552538,832
0.056575177,831
0.056583794,830
0.056592489,829
0.056601804,828
0.05660988,827
0.056619676,826
0.056628498,825
0.056636944,824
0.056646547,823
0.056688504,822
0.056698894,821
0.056706665,820
0.056716086,819
0.056755413,818
0.056868363,817
0.056879096,816
0.056889205,815
0.05689869,814
0.057390078,813
0.057403143,812
0.057754803,811
0.058090686,810
0.058116783,809
0.058125308,808
0.058131288,807
0.058192395,806
0.058206133,805
0.058215121,804
0.058222418,803
0.058229387,802
0.058237579,801
0.058244642,800
0.058250993,799
0.058257455,798
0.058303751,797
0.058310429,796
0.058316439,795
0.058322382,794
0.058331378,793
0.058336999,792
0.058355942,791
0.058361808,790
0.058367789,789
0.058373718,788
0.058379554,787
0.058386615,786
0.058391787,785
0.058401836,784
0.058410732,783
0.058419184,782
0.058428177,781
0.058444515,780
0.058458576,779
0.058468696,778
0.058478125,777
0.058489699,776
0.058506162,775
0.05852192,774
0.058536635,773
0.058544247,772
0.058807858,771
0.058816985,770
0.05882798,769
0.058835426,768
0.058843667,767
0.058852403,766
0.058863292,765
0.058872647,764
0.058881404,763
0.058889273,762
0.058897877,761
0.058906705,760
0.058913474,759
0.058920124,758
0.058928535,757
0.058961152,756
0.058969498,755
0.058977044,754
0.058987335,753
0.058998395,752
0.059042206,751
0.059076032,750
0.05908417,749
0.059093986,748
0.059128759,747
0.05913687,746
0.059145268,745
0.059157267,744
0.059174058,743
0.059181869,742
0.059208595,741
0.059230461,740
0.05926509,739
0.059272952,738
0.059279604,737
0.05930738,736
0.059318694,735
0.059326109,734
0.059357688,733
0.059577481,732
0.059585639,731
0.059593575,730
0.059603909,729
0.059660707,728
0.059675013,727
0.059684086,726
0.059694408,725
0.059701559,724
0.059708604,723
0.059719542,722
0.059743978,721
0.059763999,720
0.062156057,719
0.062177572,718
0.062222094,717
0.06226292,716
0.062298874,715
0.062306587,714
0.062318177,713
0.062354305,712
0.062368329,711
0.062382344,710
0.062389729,709
0.062396381,708
0.06240908,707
0.062628676,706
0.062640121,705
0.062719469,704
0.062730979,703
0.062746897,702
0.06276432,701
0.062772369,700
0.062780123,699
0.062789469,698
0.062817066,697
0.062825174,696
0.062830702,695
0.062842329,694
0.062852477,693
0.062864379,692
0.062869556,691
0.062875275,690
0.062887555,689
0.062893286,688
0.062899436,687
0.062905028,686
0.06294494,685
0.063019609,684
0.063062984,683
0.063127792,682
0.06314084,681
0.063149175,680
0.063441134,679
0.063449885,678
0.063460617,677
0.063478773,676
0.063493367,675
0.063506306,674
0.063521815,673
0.063534388,672
0.063539994,671
0.063545879,670
0.06355172,669
0.063556041,668
0.063578068,667
0.063590184,666
0.0636063,665
0.063656487,664
0.063670251,663
0.063676791,662
0.063692571,661
0.06369795,660
0.06370363,659
0.063715212,658
0.063842898,657
0.06386515,656
0.063907642,655
0.063937367,654
0.063946243,653
0.064181338,652
0.064200695,651
0.064216369,650
0.06425173,649
0.064291389,648
0.064310015,647
0.064409042,646
0.064677439,645
0.064738433,644
0.06474583,643
0.064755029,642
0.06476325,641
0.064769442,640
0.064775888,639
0.064925101,638
0.064961801,637
0.064973359,636
0.065006739,635
0.065015891,634
0.065102254,633
0.065271631,632
0.065295484,631
0.065403441,630
0.065421694,629
0.065450936,628
0.065456625,627
0.06552275,626
0.065568428,625
0.065638969,624
0.065656731,623
0.065681758,622
0.065725539,621
0.065759042,620
0.065899737,619
0.065999805,618
0.080369105,617
0.083518834,616
0.088337241,615
0.095764091,614
0.099620004,613
0.107139737,612
0.111732449,611
0.116313139,610
0.121319947,609
0.124528354,608
0.129913562,607
0.134786724,606
0.136792097,605
0.141072248,604
0.160608355,603
0.170186265,602
