0.032746073,847
0.032813926,846
0.032832363,845
0.03287807,844
0.03288506,843
0.032892251,842
0.032899944,841
0.032920695,840
0.032938605,839
0.034076466,838
0.03415866,837
0.034173059,836
0.034191798,835
0.034208001,834
0.034220513,833
0.034233527,832
0.034247226,831
0.034253727,830
0.034259464,829
0.034265304,828
0.034278342,827
0.034295114,826
0.034300667,825
0.034306089,824
0.034311234,823
0.034323351,822
0.034329362,821
0.034335582,820
0.034348649,819
0.034360899,818
0.034367023,817
0.034373214,816
0.034378971,815
0.034390752,814
0.034396608,813
0.034426323,812
0.034452184,811
0.034649007,810
0.034665785,809
0.034676346,808
0.034684407,807
0.034724461,806
0.034732127,805
0.034739759,804
0.034747935,803
0.034755247,802
0.034765247,801
0.034772166,800
0.034779176,799
0.034786647,798
0.034796416,797
0.034805936,796
0.034814121,795
0.034822002,794
0.034829905,793
0.034837904,792
0.034845725,791
0.034855846,790
0.034893391,789
0.034929678,788
0.034964968,787
0.035008712,786
0.035016554,785
0.035026979,784
0.035035641,783
0.035046167,782
0.035053915,781
0.035061101,780
0.035072627,779
0.035082031,778
0.035089589,777
0.035097199,776
0.035105094,775
0.035121279,774
0.035147186,773
0.035155402,772
0.035418547,771
0.035426236,770
0.035436891,769
0.035445259,768
0.03545446,767
0.035462988,766
0.035472298,765
0.035480331,764
0.035488018,763
0.035496077,762
0.03550399,761
0.035511626,760
0.035519173,759
0.035527177,758
0.035534947,757
0.035548913,756
0.035557898,755
0.035566677,754
0.035574206,753
0.035581062,752
0.035592949,751
0.035600883,750
0.035612987,749
0.035629869,748
0.035645573,747
0.035656427,746
0.035666794,745
0.035684205,744
0.035700293,743
0.03571066,742
0.035735299,741
0.035763988,740
0.035777029,739
0.03578791,738
0.035797963,737
0.035814412,736
0.035829273,735
0.0358663,734
0.035877941,733
0.036079104,732
0.036086976,731
0.036095289,730
0.036105987,729
0.036113948,728
0.036130806,727
0.036144714,726
0.036181856,725
0.036190347,724
0.036198748,723
0.036213422,722
0.036226061,721
0.036242751,720
0.036267698,719
0.036283538,718
0.036292106,717
0.036332826,716
0.036339082,715
0.03634561,714
0.036351656,713
0.036357711,712
0.036363851,711
0.036369649,710
0.036376119,709
0.036381632,708
0.036387514,707
0.037110027,706
0.037126161,705
0.037144232,704
0.037158149,703
0.037172601,702
0.037231056,701
0.037239799,700
0.037267283,699
0.037277355,698
0.037286429,697
0.037298304,696
0.037324094,695
0.037337977,694
0.03736737,693
0.037380965,692
0.037387744,691
0.037394152,690
0.037407186,689
0.037413876,688
0.037420344,687
0.037426976,686
0.03743781,685
0.037444134,684
0.037450601,683
0.037456924,682
0.037463584,681
0.03747375,680
0.037732217,679
0.037741669,678
0.037753509,677
0.03777096,676
0.037787131,675
0.037794878,674
0.037803134,673
0.037817788,672
0.037825506,671
0.037862919,670
0.037871545,669
0.04047997,668
0.040499418,667
0.040563272,666
0.040628893,665
0.040690766,664
0.040701375,663
0.040708933,662
0.040757773,661
0.040797466,660
0.040804341,659
0.0408494,658
0.040968603,657
0.040986463,656
0.041058664,655
0.045534083,654
0.045576673,653
0.045772894,652
0.045785885,651
0.045860686,650
0.045892583,649
0.045994675,648
0.046043838,647
0.046218751,646
0.046464081,645
0.046516626,644
0.046706366,643
0.04675408,642
0.046788239,641
0.046823096,640
0.046858428,639
0.047028536,638
0.047082295,637
0.047090774,636
0.047128193,635
0.047139694,634
0.047165186,633
0.047295585,632
0.047306443,631
0.049181142,630
0.049310776,629
0.049355491,628
0.049367195,627
0.049700515,626
0.049752558,625
0.049830633,624
0.049846159,623
0.049870092,622
0.049920117,621
0.049974356,620
0.050211136,619
0.050438654,618
