0.021463965,847
0.021532825,846
0.021598591,845
0.021622798,844
0.021659324,843
0.021679013,842
0.021729249,841
0.021735798,840
0.021740984,839
0.021745926,838
0.021750823,837
0.021758261,836
0.021764211,835
0.021772364,834
0.021781768,833
0.021790619,832
0.021798885,831
0.02181399,830
0.021824045,829
0.021834142,828
0.021890319,827
0.021902584,826
0.021909344,825
0.021922992,824
0.021930837,823
0.021936752,822
0.021943619,821
0.021954344,820
0.021960286,819
0.021970713,818
0.021981835,817
0.021987509,816
0.02202624,815
0.022042327,814
0.022080923,813
0.022086708,812
0.022127298,811
0.022409784,810
0.022418765,809
0.022424982,808
0.022432716,807
0.0224378,806
0.022444664,805
0.022450061,804
0.022455937,803
0.022460535,802
0.022466257,801
0.022473449,800
0.022482258,799
0.022487557,798
0.022535376,797
0.022540736,796
0.022545841,795
0.02255073,794
0.022558209,793
0.022607795,792
0.022615444,791
0.022619457,790
0.02262395,789
0.022628298,788
0.02263277,787
0.022639152,786
0.022645306,785
0.022650739,784
0.02265596,783
0.022660443,782
0.022664717,781
0.022669096,780
0.022673809,779
0.022680598,778
0.022684826,777
0.022695842,776
0.022717864,775
0.022723093,774
0.022728896,773
0.022736911,772
0.023093387,771
0.023102136,770
0.023113562,769
0.023123599,768
0.02318097,767
0.023187546,766
0.023196184,765
0.023200859,764
0.023205599,763
0.023210902,762
0.023219897,761
0.023227656,760
0.023233649,759
0.023239155,758
0.023245313,757
0.023250853,756
0.023256213,755
0.023262093,754
0.023284464,753
0.023290752,752
0.023301464,751
0.023310204,750
0.023318995,749
0.023325532,748
0.023333728,747
0.023353184,746
0.023359174,745
0.023423779,744
0.023477907,743
0.023485309,742
0.02349406,741
0.023528568,740
0.023554192,739
0.023574131,738
0.023577955,737
0.023581274,736
0.023587082,735
0.023590174,734
0.023594453,733
0.023837879,732
0.023844193,731
0.023850424,730
0.023856549,729
0.02386623,728
0.023877483,727
0.023886922,726
0.023900734,725
0.023906857,724
0.023911084,723
0.023917696,722
0.023927139,721
0.023935966,720
0.023971581,719
0.023979369,718
0.023989947,717
0.023996874,716
0.024005899,715
0.024015297,714
0.024024443,713
0.024030918,712
0.024036945,711
0.024041776,710
0.024050082,709
0.024055035,708
0.024059795,707
0.024376379,706
0.024381004,705
0.024387947,704
0.024392097,703
0.024398507,702
0.024402563,701
0.024407568,700
0.024411582,699
0.024415599,698
0.024419472,697
0.024427915,696
0.024437199,695
0.024441818,694
0.024446297,693
0.024450036,692
0.02445398,691
0.02446102,690
0.024465323,689
0.024473466,688
0.024477312,687
0.024493987,686
0.024500663,685
0.024507909,684
0.02451264,683
0.024523538,682
0.024572942,681
0.02457753,680
0.02480236,679
0.024808284,678
0.02481462,677
0.02483116,676
0.024846021,675
0.024852708,674
0.024861828,673
0.02487147,672
0.02487921,671
0.024890742,670
0.02489712,669
0.024903291,668
0.024916052,667
0.024927782,666
0.024938285,665
0.024943968,664
0.024960434,663
0.024965932,662
0.024976934,661
0.024984479,660
0.025020182,659
0.025064507,658
0.02507136,657
0.025220356,656
0.025246155,655
0.025283122,654
0.025291282,653
0.025301645,652
0.025442904,651
0.025463362,650
0.025496994,649
0.025505074,648
0.025515286,647
0.025524489,646
0.02553463,645
0.025713302,644
0.025720368,643
0.025742875,642
0.025756967,641
0.025785573,640
0.02583076,639
0.025890932,638
0.026055926,637
0.026084392,636
0.02609368,635
0.026116867,634
0.026127677,633
0.026140234,632
0.026234817,631
0.026394649,630
0.026422469,629
0.026433701,628
0.026482462,627
0.026560109,626
0.026589669,625
0.02667559,624
0.026683749,623
0.026760357,622
0.026766812,621
0.026839743,620
0.026891985,619
0.039677089,618
0.043226551,617
0.045776219,616
0.048003563,615
0.05198317,614
0.054291332,613
0.056635293,612
0.061123834,611
0.069657118,610
0.075749207,609
0.078487967,608
0.086355253,607
0.091053565,606
0.094321983,605
0.097973163,604
0.100936195,603
0.10499281,602
0.107390644,601
0.112714008,600
