0.021782973,847
0.02186072,846
0.021910297,845
0.022061365,844
0.02214127,843
0.022178429,842
0.022185291,841
0.02219088,840
0.022198966,839
0.022222523,838
0.022228124,837
0.022233772,836
0.022239163,835
0.022246401,834
0.022255342,833
0.022265883,832
0.022275526,831
0.022286604,830
0.022716167,829
0.02272821,828
0.022739826,827
0.022783129,826
0.022823826,825
0.022834541,824
0.022845415,823
0.02288424,822
0.022920608,821
0.022929524,820
0.022967256,819
0.022977106,818
0.023013516,817
0.023025438,816
0.023038265,815
0.023047403,814
0.023055644,813
0.023064445,812
0.023073055,811
0.02328823,810
0.023297303,809
0.023308519,808
0.023316618,807
0.023324706,806
0.023335473,805
0.023344299,804
0.02335349,803
0.023362742,802
0.023389684,801
0.023398485,800
0.023409715,799
0.023417837,798
0.023431189,797
0.023442014,796
0.023450043,795
0.023461998,794
0.023471333,793
0.023480478,792
0.023492412,791
0.023506486,790
0.023518419,789
0.023530909,788
0.023539457,787
0.023545882,786
0.023551183,785
0.023557133,784
0.023565781,783
0.023582175,782
0.023596624,781
0.023606104,780
0.023620136,779
0.023633539,778
0.023642103,777
0.023669298,776
0.023679148,775
0.023693257,774
0.02370546,773
0.023714362,772
0.024046794,771
0.024056667,770
0.0240662,769
0.024085306,768
0.024093921,767
0.024128128,766
0.024136885,765
0.024145282,764
0.024156806,763
0.024166227,762
0.024179546,761
0.024188964,760
0.024199226,759
0.024210238,758
0.024218006,757
0.024225656,756
0.024232694,755
0.0242521,754
0.024262617,753
0.024269878,752
0.024283533,751
0.024305124,750
0.024312442,749
0.024318793,748
0.024325913,747
0.024335188,746
0.024342047,745
0.024359978,744
0.024409547,743
0.024417508,742
0.0244509,741
0.024455278,740
0.024484785,739
0.024490036,738
0.024502854,737
0.024563058,736
0.024569722,735
0.024575472,734
0.02463183,733
0.025080403,732
0.025092414,731
0.02510748,730
0.02512008,729
0.025133402,728
0.025141002,727
0.025153171,726
0.025166706,725
0.025173958,724
0.025188078,723
0.025200837,722
0.025213811,721
0.025226444,720
0.02523475,719
0.025244459,718
0.025250996,717
0.02526377,716
0.025270492,715
0.025284677,714
0.025292607,713
0.025299941,712
0.025307294,711
0.025314504,710
0.025320973,709
0.025327615,708
0.025334338,707
0.025617292,706
0.0256243,705
0.025631108,704
0.025640247,703
0.025654468,702
0.025661108,701
0.025668425,700
0.025674458,699
0.025684711,698
0.025691,697
0.02569906,696
0.025716202,695
0.02572423,694
0.025740426,693
0.025760236,692
0.025775761,691
0.025785397,690
0.025792285,689
0.025797454,688
0.02580204,687
0.025810979,686
0.025818783,685
0.025829554,684
0.025844659,683
0.025853783,682
0.025859487,681
0.025865522,680
0.026119042,679
0.026131264,678
0.026165793,677
0.026204581,676
0.026223272,675
0.026231503,674
0.026239344,673
0.026249318,672
0.026267273,671
0.026286858,670
0.026296356,669
0.026334112,668
0.026342272,667
0.026350588,666
0.026364924,665
0.026372939,664
0.02638886,663
0.026397212,662
0.026410691,661
0.02641833,660
0.026437833,659
0.026467612,658
0.026472657,657
0.026615775,656
0.026628835,655
0.029858949,654
0.029875059,653
0.029884254,652
0.030019699,651
0.030041691,650
0.030058893,649
0.030066348,648
0.030087492,647
0.03011749,646
0.030136641,645
0.030307693,644
0.030352041,643
0.030364884,642
0.03038898,641
0.030421281,640
0.030436334,639
0.030485559,638
0.030587438,637
0.030598569,636
0.030614413,635
0.030643964,634
0.030651343,633
0.030682968,632
0.030751024,631
0.030775577,630
0.030867745,629
0.030878818,628
0.030883204,627
0.030936015,626
0.030992021,625
0.031035656,624
0.031104678,623
0.031111158,622
0.031117804,621
0.031170844,620
0.031179482,619
0.03126918,618
0.03132957,617
