0.025591701,847
0.025611229,846
0.025622174,845
0.025628919,844
0.025637033,843
0.025643173,842
0.025648577,841
0.025653734,840
0.025661551,839
0.025666543,838
0.025679851,837
0.025689611,836
0.025695932,835
0.025710763,834
0.025726762,833
0.025737432,832
0.025747993,831
0.025758006,830
0.025766497,829
0.025774805,828
0.025784056,827
0.025792669,826
0.025801634,825
0.025810241,824
0.025817117,823
0.025822687,822
0.025830554,821
0.025839265,820
0.025847721,819
0.025856928,818
0.025866085,817
0.025875121,816
0.02588392,815
0.025892267,814
0.025905756,813
0.025942807,812
0.025952026,811
0.026164911,810
0.026174121,809
0.026215239,808
0.026224652,807
0.0262599,806
0.027193551,805
0.027208938,804
0.027224288,803
0.02726559,802
0.027275913,801
0.027286784,800
0.027295856,799
0.027304446,798
0.02731244,797
0.027323902,796
0.027336712,795
0.027359952,794
0.027367945,793
0.027396318,792
0.027410832,791
0.027423549,790
0.027432687,789
0.027443671,788
0.027454722,787
0.02747269,786
0.027490745,785
0.027514917,784
0.027525401,783
0.030779336,782
0.030793903,781
0.030811416,780
0.030857376,779
0.030871932,778
0.030893019,777
0.030902883,776
0.030942349,775
0.030956422,774
0.031022042,773
0.031040862,772
0.031357323,771
0.031456939,770
0.03147012,769
0.031480589,768
0.031520305,767
0.031543799,766
0.031562523,765
0.031574018,764
0.031589699,763
0.031605398,762
0.031664995,761
0.031709087,760
0.03171608,759
0.031742385,758
0.031789602,757
0.031796952,756
0.031810684,755
0.031826625,754
0.031844192,753
0.031851871,752
0.031872826,751
0.031902137,750
0.031958544,749
0.031968974,748
0.03197706,747
0.032000283,746
0.032288159,745
0.032312738,744
0.032353694,743
0.032400369,742
0.032469015,741
0.032507998,740
0.03251903,739
0.032530512,738
0.032536424,737
0.032543941,736
0.032550453,735
0.032561702,734
0.032573843,733
0.032785719,732
0.032833016,731
0.032844698,730
0.033070515,729
0.033089069,728
0.033094904,727
0.033101009,726
0.033106851,725
0.033121494,724
0.033145909,723
0.033155894,722
0.033170211,721
0.033175987,720
0.03319192,719
0.033245959,718
0.033253212,717
0.033267784,716
0.033280118,715
0.033288318,714
0.033363716,713
0.033370782,712
0.033377091,711
0.033386492,710
0.03340016,709
0.03343642,708
0.033456454,707
0.033709871,706
0.033718658,705
0.033732397,704
0.0337441,703
0.033750611,702
0.033757199,701
0.033776253,700
0.033786649,699
0.033798674,698
0.03380661,697
0.033813965,696
0.033851054,695
0.033966733,694
0.033980986,693
0.03399197,692
0.033998537,691
0.03400605,690
0.034020422,689
0.034030692,688
0.034047694,687
0.034062114,686
0.034074679,685
0.034122532,684
0.034159992,683
0.034198298,682
0.034205778,681
0.034219549,680
0.034519175,679
0.034532975,678
0.034548559,677
0.034561641,676
0.034572076,675
0.034630186,674
0.034672866,673
0.034681014,672
0.034721815,671
0.034728872,670
0.034775751,669
0.034819076,668
0.034856694,667
0.034929324,666
0.034965929,665
0.035002526,664
0.035013178,663
0.035186474,662
0.035211363,661
0.035254738,660
0.035265337,659
0.035272484,658
0.035414648,657
0.035557647,656
0.035581214,655
0.035601658,654
0.035660919,653
0.035790686,652
0.035839499,651
0.035884627,650
0.035897998,649
0.035925457,648
0.035935373,647
0.035995727,646
0.036063976,645
0.036168884,644
0.036181195,643
0.036206051,642
0.036215452,641
0.036231219,640
0.03632616,639
0.036379117,638
0.036694098,637
0.036719058,636
0.036725884,635
0.036734779,634
0.036747428,633
0.036756262,632
0.036909083,631
0.037076741,630
0.03708887,629
0.037104977,628
0.037113608,627
0.037271182,626
0.037283158,625
0.037303576,624
0.037435702,623
0.037472162,622
0.037481474,621
0.037531367,620
0.037575202,619
0.037657736,618
0.037734562,617
