0.037143652,847
0.037224847,846
0.037307113,845
0.037348503,844
0.037395255,843
0.037431105,842
0.037437148,841
0.037443495,840
0.037452414,839
0.037457914,838
0.037462838,837
0.037467931,836
0.037472878,835
0.037480084,834
0.037485991,833
0.037491867,832
0.037497408,831
0.037502583,830
0.037507896,829
0.03751305,828
0.037518053,827
0.037522922,826
0.037532014,825
0.037537624,824
0.037542952,823
0.037563394,822
0.037569328,821
0.037590067,820
0.03759605,819
0.037601489,818
0.03760954,817
0.037618519,816
0.037624854,815
0.037632872,814
0.037645858,813
0.037653529,812
0.037660714,811
0.037893727,810
0.037905719,809
0.037912332,808
0.037921261,807
0.037945902,806
0.037977122,805
0.037984022,804
0.038012165,803
0.038019094,802
0.038024865,801
0.038030429,800
0.038036073,799
0.038041538,798
0.038047606,797
0.038053593,796
0.03805953,795
0.038092556,794
0.038098237,793
0.03810396,792
0.038119385,791
0.038126161,790
0.038131499,789
0.038136943,788
0.038142463,787
0.038150507,786
0.03815546,785
0.038161121,784
0.03817972,783
0.038188897,782
0.038194825,781
0.038200545,780
0.038206042,779
0.038211827,778
0.038219678,777
0.038228473,776
0.038235986,775
0.038241807,774
0.038249683,773
0.038256013,772
0.038676415,771
0.038710886,770
0.038718081,769
0.038724131,768
0.038729971,767
0.03873646,766
0.038742437,765
0.038748077,764
0.038753682,763
0.038759595,762
0.038765539,761
0.038777441,760
0.038783285,759
0.038789176,758
0.038796597,757
0.038802922,756
0.038808985,755
0.038815471,754
0.03882402,753
0.038830005,752
0.038835934,751
0.038843331,750
0.038849421,749
0.038855577,748
0.038861687,747
0.038870008,746
0.038876159,745
0.038889882,744
0.038895757,743
0.038913341,742
0.038919564,741
0.038936695,740
0.038958048,739
0.038978867,738
0.038986863,737
0.039013106,736
0.039018574,735
0.039026684,734
0.03903167,733
0.039178516,732
0.039184091,731
0.039190012,730
0.039209483,729
0.039215287,728
0.039221208,727
0.039235577,726
0.039244762,725
0.039250929,724
0.039287233,723
0.039561414,722
0.039579644,721
0.039594116,720
0.039608935,719
0.039626846,718
0.03963737,717
0.039652349,716
0.039666104,715
0.039677302,714
0.039684123,713
0.039691573,712
0.039704761,711
0.03971219,710
0.039725846,709
0.039738158,708
0.039752287,707
0.040016462,706
0.04006114,705
0.040098844,704
0.040141333,703
0.040180084,702
0.040215909,701
0.040230027,700
0.040246367,699
0.040255399,698
0.040268594,697
0.04028166,696
0.040297021,695
0.040313884,694
0.040331862,693
0.040359219,692
0.040364924,691
0.040380744,690
0.040386304,689
0.040399789,688
0.040412906,687
0.040419549,686
0.040433663,685
0.04044984,684
0.040455847,683
0.040473991,682
0.040484584,681
0.040491271,680
0.040716649,679
0.040722902,678
0.040732539,677
0.040738771,676
0.040746008,675
0.040751765,674
0.040773699,673
0.040785061,672
0.040792669,671
0.04084087,670
0.040883656,669
0.040890951,668
0.04094733,667
0.040954948,666
0.041005556,665
0.041055369,664
0.041061061,663
0.041079093,662
0.041084795,661
0.041088962,660
0.041096439,659
0.041104371,658
0.041231908,657
0.041238443,656
0.041254262,655
0.043827918,654
0.043846941,653
0.043980957,652
0.043986456,651
0.044067387,650
0.044071596,649
0.044077285,648
0.044085896,647
0.044090667,646
0.04409789,645
0.044227292,644
0.044231989,643
0.044239261,642
0.044244185,641
0.04427896,640
0.044284701,639
0.044417142,638
0.044423127,637
0.044432713,636
0.044442394,635
0.044450886,634
0.044455506,633
0.044468696,632
0.044589836,631
0.044625193,630
0.044755032,629
0.044803434,628
0.044822539,627
0.044848967,626
0.045013066,625
0.045062646,624
0.045406345,623
0.045503003,622
0.04552145,621
0.045711244,620
0.04571993,619
0.045895906,618
0.045997604,617
