0.116212404,5837
0.116293746,5836
0.116336383,5835
0.116376804,5834
0.116427964,5833
0.116451197,5832
0.116472904,5831
0.116483321,5830
0.116494518,5829
0.116505849,5828
0.116517366,5827
0.116546461,5826
0.116557856,5825
0.116567122,5824
0.11657545,5823
0.116628366,5822
0.116637382,5821
0.116690245,5820
0.116730617,5819
0.116773008,5818
0.116789599,5817
0.116800758,5816
0.1168109,5815
0.116820099,5814
0.116828713,5813
0.116836733,5812
0.11684576,5811
0.116854469,5810
0.116864564,5809
0.116873872,5808
0.116883012,5807
0.116892131,5806
0.116901468,5805
0.116914159,5804
0.116923873,5803
0.116933278,5802
0.116942188,5801
0.116951925,5800
0.1169609,5799
0.11700546,5798
0.117012235,5797
0.117017752,5796
0.117023346,5795
0.117029347,5794
0.11703619,5793
0.117049359,5792
0.117059514,5791
0.117102257,5790
0.117111134,5789
0.117120912,5788
0.117127245,5787
0.11713442,5786
0.117140637,5785
0.117146354,5784
0.117151785,5783
0.117157178,5782
0.117163467,5781
0.11716868,5780
0.117173775,5779
0.11718375,5778
0.117193899,5777
0.117201807,5776
0.117207805,5775
0.117214951,5774
0.117220838,5773
0.117248292,5772
0.117257161,5771
0.117265198,5770
0.117273286,5769
0.117287404,5768
0.117295706,5767
0.117304768,5766
0.117312459,5765
0.117319651,5764
0.117327136,5763
0.117335051,5762
0.11735329,5761
0.117359302,5760
0.117367793,5759
0.117375727,5758
0.117381478,5757
0.117387503,5756
0.117395059,5755
0.117402979,5754
0.117410996,5753
0.117418864,5752
0.117431513,5751
0.117439751,5750
0.11744579,5749
0.117451338,5748
0.117458806,5747
0.117466248,5746
0.117473323,5745
0.117480766,5744
0.117488332,5743
0.117496813,5742
0.117504253,5741
0.117511509,5740
0.117530351,5739
0.117539614,5738
0.117549203,5737
0.117556635,5736
0.117564534,5735
0.117573461,5734
0.117584551,5733
0.117591929,5732
0.117607627,5731
0.117618744,5730
0.117631493,5729
0.117641044,5728
0.117647353,5727
0.117655508,5726
0.117678549,5725
0.117689938,5724
0.117712386,5723
0.117717591,5722
0.117722672,5721
0.117727935,5720
0.117744143,5719
0.117748879,5718
0.117753356,5717
0.117760125,5716
0.117764042,5715
0.117767983,5714
0.117771963,5713
0.117776255,5712
0.117780492,5711
0.117784258,5710
0.117790555,5709
0.117796317,5708
0.11780012,5707
0.117804055,5706
0.117807934,5705
0.117811762,5704
0.117815773,5703
0.117819777,5702
0.117824556,5701
0.117828298,5700
0.117831769,5699
0.117835336,5698
0.117840566,5697
0.117846878,5696
0.117883861,5695
0.117919556,5694
0.117925734,5693
0.117939278,5692
0.117944434,5691
0.11794973,5690
0.117955367,5689
0.117967219,5688
0.117979021,5687
0.118064118,5686
0.118071219,5685
0.118081039,5684
0.118094067,5683
0.11810182,5682
0.118108467,5681
0.118119142,5680
0.118136428,5679
0.118171479,5678
0.11817687,5677
0.118180472,5676
0.118184422,5675
0.118187782,5674
0.118191231,5673
0.118194456,5672
0.118197658,5671
0.118201259,5670
0.118204771,5669
0.118208162,5668
0.118211326,5667
0.118215218,5666
0.118218914,5665
0.118223464,5664
0.118228441,5663
0.118232104,5662
0.118238205,5661
0.118243546,5660
0.118248993,5659
0.118254425,5658
0.118260328,5657
0.118265739,5656
0.11827173,5655
0.118276482,5654
0.118280181,5653
0.118285028,5652
0.118288387,5651
0.118291774,5650
0.118295272,5649
0.118298778,5648
0.118303244,5647
0.118307866,5646
0.11831334,5645
0.121222079,5644
0.121270082,5643
0.121276447,5642
0.121280244,5641
0.12128532,5640
0.121291535,5639
0.121295772,5638
0.121299843,5637
0.121304113,5636
0.12130971,5635
0.12131406,5634
0.121317758,5633
0.121322327,5632
0.121327282,5631
0.121331885,5630
0.121336489,5629
0.121340295,5628
0.121343872,5627
0.121347344,5626
0.121350725,5625
0.121354197,5624
0.121358637,5623
0.121362879,5622
0.121366652,5621
0.121373578,5620
0.121379112,5619
0.12138635,5618
0.121393104,5617
0.121396704,5616
0.121401438,5615
0.121405306,5614
0.121418041,5613
0.121422116,5612
0.12145684,5611
0.121465602,5610
0.121471178,5609
0.121476064,5608
0.121480486,5607
0.121505246,5606
0.121509072,5605
0.121512677,5604
0.121544584,5603
0.121569069,5602
0.121571773,5601
0.121574293,5600
0.121576639,5599
0.121580578,5598
0.121583054,5597
0.121591725,5596
0.121731842,5595
0.121737155,5594
0.121742642,5593
0.121745571,5592
0.121750272,5591
0.121753741,5590
0.121756704,5589
0.121759621,5588
0.121762407,5587
0.121766844,5586
0.121769636,5585
0.121772161,5584
0.121774621,5583
0.121777822,5582
0.121799021,5581
0.121804336,5580
0.121809233,5579
0.121812452,5578
0.121816987,5577
0.121819909,5576
0.12182264,5575
0.121825575,5574
0.121827957,5573
0.12183125,5572
0.121833792,5571
0.121836363,5570
0.121839025,5569
0.121841593,5568
0.121844051,5567
0.121846533,5566
0.121848894,5565
0.121851279,5564
0.12185356,5563
0.121856217,5562
0.121858822,5561
0.121861177,5560
0.121863849,5559
0.121867289,5558
0.121869669,5557
0.121872151,5556
0.121874898,5555
0.121879372,5554
0.121882252,5553
0.121885049,5552
0.12188794,5551
0.121891308,5550
0.121894081,5549
0.121897099,5548
0.121899746,5547
0.121902495,5546
0.121905233,5545
0.121912123,5544
0.12191469,5543
0.121917178,5542
0.121919543,5541
0.121921999,5540
0.121924295,5539
0.121927494,5538
0.121931861,5537
0.12193556,5536
0.121939241,5535
0.121942624,5534
0.121947943,5533
0.121951299,5532
0.121954675,5531
0.121957972,5530
0.121961411,5529
0.121964741,5528
0.121973655,5527
0.121978051,5526
0.121982026,5525
0.121985879,5524
0.121989811,5523
0.121993378,5522
0.121997537,5521
0.122001407,5520
0.122004642,5519
0.122007726,5518
0.12201055,5517
0.122015401,5516
0.122019126,5515
0.122023796,5514
0.12202754,5513
0.122031158,5512
0.122036321,5511
0.122040897,5510
0.122047559,5509
0.122056667,5508
0.122061299,5507
0.122065474,5506
0.122068896,5505
0.122073255,5504
0.122080989,5503
0.122084698,5502
0.122088128,5501
0.12209288,5500
0.122096185,5499
0.122099629,5498
0.122104653,5497
0.122109696,5496
0.122113001,5495
0.122116591,5494
0.122121952,5493
0.122125656,5492
0.12212943,5491
0.122133622,5490
0.122138477,5489
0.122142187,5488
0.122145642,5487
0.122148819,5486
0.122152122,5485
0.122156192,5484
0.122159573,5483
0.12216559,5482
0.122169174,5481
0.122172652,5480
0.122177516,5479
0.122182357,5478
0.122189501,5477
0.12219362,5476
0.122197288,5475
0.122200978,5474
0.122212326,5473
0.122219302,5472
0.122225596,5471
0.122231009,5470
0.122235223,5469
0.122238338,5468
0.122244029,5467
0.122248524,5466
0.122251471,5465
0.122254908,5464
0.122258083,5463
0.12226076,5462
0.122264566,5461
0.122268383,5460
0.122273012,5459
0.12227666,5458
0.122280297,5457
0.122283805,5456
0.122287508,5455
0.122291288,5454
0.122295006,5453
0.122307544,5452
0.122320699,5451
0.122324854,5450
0.122328898,5449
0.12233317,5448
0.122346658,5447
0.122350692,5446
0.122354291,5445
0.122358138,5444
0.122370308,5443
0.12238065,5442
0.122387056,5441
0.122392443,5440
0.12239753,5439
0.122403379,5438
0.122409042,5437
0.122414412,5436
0.122418759,5435
0.122423128,5434
0.122426548,5433
0.122429797,5432
0.122433847,5431
0.122439724,5430
0.122445366,5429
0.122450474,5428
0.122453408,5427
0.122458534,5426
0.122461671,5425
0.122465236,5424
0.122468474,5423
0.122471615,5422
0.122475876,5421
0.122478911,5420
0.122481991,5419
0.12248573,5418
0.122489873,5417
0.122494838,5416
0.122500201,5415
0.122505224,5414
0.122508905,5413
0.122512737,5412
0.122516981,5411
0.122522584,5410
0.122527192,5409
0.122546613,5408
0.122552971,5407
0.122566322,5406
0.122571091,5405
0.122575186,5404
0.122577922,5403
0.122580419,5402
0.122582845,5401
0.122586234,5400
0.122588918,5399
0.122591222,5398
0.122593521,5397
0.122597241,5396
0.122599658,5395
0.122603867,5394
0.122606182,5393
0.122609323,5392
0.122612576,5391
0.122615238,5390
0.12261775,5389
0.122620049,5388
0.122622763,5387
0.122625442,5386
0.122627917,5385
0.122630661,5384
0.12263426,5383
0.12263671,5382
0.122638651,5381
0.122641651,5380
0.12264463,5379
0.122647662,5378
0.122649775,5377
0.122652692,5376
0.122655398,5375
0.122658185,5374
0.122661747,5373
0.122664073,5372
0.122667509,5371
0.122671317,5370
0.122673305,5369
0.122676095,5368
0.122678924,5367
0.122681383,5366
0.122683604,5365
0.122685707,5364
0.122688017,5363
0.122691728,5362
0.122694247,5361
0.122696836,5360
0.12269934,5359
0.122702036,5358
0.12270438,5357
0.122708181,5356
0.122711302,5355
0.122714363,5354
0.122719417,5353
0.122722035,5352
0.122724701,5351
0.122727087,5350
0.122730488,5349
0.122732998,5348
0.122736438,5347
0.122738917,5346
0.122742004,5345
0.122744938,5344
0.122748448,5343
0.122751954,5342
0.122755264,5341
0.122757687,5340
0.122759948,5339
0.122762031,5338
0.122764282,5337
0.122768278,5336
0.122770841,5335
0.122774091,5334
0.122776356,5333
0.122779448,5332
0.122781869,5331
0.122785071,5330
0.122787495,5329
0.122790303,5328
0.122793515,5327
0.122798771,5326
0.122802033,5325
0.122805165,5324
0.122807757,5323
0.122810131,5322
0.122818546,5321
0.122822465,5320
0.122826884,5319
0.122831624,5318
0.122836647,5317
0.122840396,5316
0.12284498,5315
0.122850121,5314
0.122852448,5313
0.12285505,5312
0.122859374,5311
0.122863692,5310
0.122865861,5309
0.122872613,5308
0.12287481,5307
0.122877975,5306
0.122880213,5305
0.122882985,5304
0.12288822,5303
0.122890352,5302
0.122892824,5301
0.122895383,5300
0.122899183,5299
0.122901964,5298
0.122903872,5297
0.122905689,5296
0.12290784,5295
0.122909791,5294
0.122911884,5293
0.122914027,5292
0.122918549,5291
0.12292068,5290
0.122923461,5289
0.122926413,5288
0.122929229,5287
0.122932162,5286
0.122935455,5285
0.122938967,5284
0.12294164,5283
0.122944295,5282
0.122947498,5281
0.122949962,5280
0.122952171,5279
0.122954175,5278
0.122956644,5277
0.122958722,5276
0.122961673,5275
0.122964242,5274
0.122968385,5273
0.122970775,5272
0.122975461,5271
0.122978482,5270
0.122980834,5269
0.122984309,5268
0.122988383,5267
0.122991492,5266
0.122996523,5265
0.123000063,5264
0.123003002,5263
0.123006898,5262
0.123011049,5261
0.123014785,5260
0.123017237,5259
0.123019772,5258
0.123025032,5257
0.123027988,5256
0.123032605,5255
0.123037114,5254
0.123040963,5253
0.123043192,5252
0.12304575,5251
0.12304786,5250
0.123050315,5249
0.123052658,5248
0.123054859,5247
0.123057882,5246
0.123059996,5245
0.123062203,5244
0.123064515,5243
0.123066675,5242
0.12306883,5241
0.123072063,5240
0.123075312,5239
0.123077546,5238
0.123079724,5237
0.123082605,5236
0.123084655,5235
0.123088117,5234
0.123091209,5233
0.123094269,5232
0.123097623,5231
0.123102618,5230
0.12310733,5229
0.123111847,5228
0.123114039,5227
0.1231173,5226
0.12312098,5225
0.123123093,5224
0.123125487,5223
0.123129481,5222
0.123131874,5221
0.123136497,5220
0.123139067,5219
0.123141573,5218
0.123144933,5217
0.123147009,5216
0.123149345,5215
0.123152196,5214
0.123154755,5213
0.12322163,5212
0.123226943,5211
0.123229213,5210
0.123232275,5209
0.123234464,5208
0.12323634,5207
0.123238201,5206
0.123240216,5205
0.123242185,5204
0.1232464,5203
0.123249355,5202
0.123251448,5201
0.123253543,5200
0.123256271,5199
0.123260744,5198
0.123266184,5197
0.123270353,5196
0.123274349,5195
0.123278835,5194
0.123281996,5193
0.123284578,5192
0.123287451,5191
0.123289831,5190
0.123294383,5189
0.123297406,5188
0.123299544,5187
0.12330254,5186
0.123305261,5185
0.123307698,5184
0.123309824,5183
0.123312022,5182
0.123314041,5181
0.123316759,5180
0.123320654,5179
0.123324052,5178
0.123326816,5177
0.123330396,5176
0.123332509,5175
0.123336284,5174
0.123338658,5173
0.123341554,5172
0.123344021,5171
0.123347755,5170
0.123349845,5169
0.123351869,5168
0.123354539,5167
0.123358913,5166
0.123361064,5165
0.123363767,5164
0.123366079,5163
0.123368035,5162
0.123369966,5161
0.123371966,5160
0.12337593,5159
0.123379537,5158
0.123381562,5157
0.123386312,5156
0.123388158,5155
0.123390169,5154
0.123395187,5153
0.123397198,5152
0.123399673,5151
0.123401632,5150
0.12340442,5149
0.123406389,5148
0.123408505,5147
0.123412518,5146
0.123419253,5145
0.123423133,5144
0.123428154,5143
0.123432151,5142
0.123435849,5141
0.123439867,5140
0.123443142,5139
0.123447689,5138
0.123451856,5137
0.123457846,5136
0.123463507,5135
0.123466177,5134
0.123469257,5133
0.123473108,5132
0.123476272,5131
0.123479664,5130
0.123485583,5129
0.12348805,5128
0.123490967,5127
0.12349347,5126
0.12349743,5125
0.123499668,5124
0.123503237,5123
0.123506239,5122
0.123509625,5121
0.123514537,5120
0.12352229,5119
0.123525619,5118
0.123529711,5117
0.123532395,5116
0.12353559,5115
0.123537741,5114
0.123540984,5113
0.123543057,5112
0.123545245,5111
0.123547491,5110
0.12355094,5109
0.123554276,5108
0.12355759,5107
0.123560146,5106
0.123565045,5105
0.123567345,5104
0.123570245,5103
0.123573665,5102
0.123579112,5101
0.123583512,5100
0.123586354,5099
0.123589663,5098
0.123595663,5097
0.124374298,5096
0.124376932,5095
0.124379219,5094
0.124381817,5093
0.124384142,5092
0.124386356,5091
0.124388579,5090
0.124391023,5089
0.124393254,5088
0.12439726,5087
0.12440058,5086
0.124402639,5085
0.124404855,5084
0.124407017,5083
0.124412712,5082
0.124414807,5081
0.124416765,5080
0.124420716,5079
0.124422745,5078
0.124425783,5077
0.124428537,5076
0.124430606,5075
0.124432576,5074
0.124434701,5073
0.124437954,5072
0.124444203,5071
0.124451307,5070
0.12445614,5069
0.124460545,5068
0.124465092,5067
0.12447049,5066
0.124475355,5065
0.124478719,5064
0.124482065,5063
0.124486087,5062
0.124490806,5061
0.124496184,5060
0.124499834,5059
0.124503771,5058
0.124508103,5057
0.12451163,5056
0.124515202,5055
0.124518806,5054
0.124521774,5053
0.124524615,5052
0.124527457,5051
0.124530138,5050
0.124539165,5049
0.124577334,5048
0.124583017,5047
0.124587291,5046
0.12459201,5045
0.124596998,5044
0.124630751,5043
0.12463494,5042
0.124638803,5041
0.12464235,5040
0.124647171,5039
0.124650653,5038
0.124656507,5037
0.124659938,5036
0.124663186,5035
0.124666828,5034
0.124670956,5033
0.124675649,5032
0.124681208,5031
0.12468813,5030
0.124691659,5029
0.124697057,5028
0.124701305,5027
0.124706117,5026
0.124710597,5025
0.12471404,5024
0.124718701,5023
0.124723141,5022
0.12472705,5021
0.124731094,5020
0.124739138,5019
0.124749357,5018
0.124753714,5017
0.124756982,5016
0.12476068,5015
0.124766278,5014
0.124771508,5013
0.124776721,5012
0.124781866,5011
0.124793408,5010
0.124798049,5009
0.12480217,5008
0.124805653,5007
0.124809552,5006
0.12481354,5005
0.12482078,5004
0.124826435,5003
0.124830686,5002
0.124834042,5001
0.124837923,5000
0.124842399,4999
0.124846439,4998
0.124850224,4997
0.1248564,4996
0.124860012,4995
0.124864484,4994
0.124868781,4993
0.124872131,4992
0.124876415,4991
0.124879556,4990
0.124886246,4989
0.124889542,4988
0.124894834,4987
0.124931211,4986
0.12493466,4985
0.124939678,4984
0.12494635,4983
0.124950257,4982
0.124955561,4981
0.124958476,4980
0.124961338,4979
0.124964073,4978
0.12496683,4977
0.124970445,4976
0.124974191,4975
0.124978886,4974
0.124982884,4973
0.124985678,4972
0.124988395,4971
0.12499613,4970
0.124998571,4969
0.125001029,4968
0.125003514,4967
0.125006397,4966
0.12500983,4965
0.12501288,4964
0.125016676,4963
0.125020492,4962
0.125023901,4961
0.125026914,4960
0.125029903,4959
0.125034123,4958
0.125037726,4957
0.12504033,4956
0.125043072,4955
0.125045769,4954
0.12505048,4953
0.12505353,4952
0.125056083,4951
0.125059928,4950
0.125062484,4949
0.125067162,4948
0.125070043,4947
0.125072711,4946
0.12507684,4945
0.125079347,4944
0.125082442,4943
0.125088953,4942
0.125092077,4941
0.12509797,4940
0.125101686,4939
0.125104219,4938
0.125106917,4937
0.125109351,4936
0.12511343,4935
0.125115895,4934
0.125119335,4933
0.125122895,4932
0.125129421,4931
0.125132068,4930
0.125135845,4929
0.125139781,4928
0.125142535,4927
0.125147441,4926
0.125151031,4925
0.125155247,4924
0.125159546,4923
0.125164382,4922
0.125167728,4921
0.125178502,4920
0.125181186,4919
0.12518526,4918
0.12518966,4917
0.125192778,4916
0.125197395,4915
0.125201876,4914
0.125204962,4913
0.125208206,4912
0.125212456,4911
0.125215731,4910
0.125220082,4909
0.125223261,4908
0.125227307,4907
0.125233501,4906
0.125236739,4905
0.125241198,4904
0.125245399,4903
0.12524797,4902
0.125250806,4901
0.125255775,4900
0.125258372,4899
0.125263678,4898
0.125265962,4897
0.125270036,4896
0.12527253,4895
0.125277891,4894
0.125280333,4893
0.125282719,4892
0.125285,4891
0.125291232,4890
0.125295042,4889
0.125298025,4888
0.125301905,4887
0.125308583,4886
0.125313933,4885
0.125317219,4884
0.12531981,4883
0.125323516,4882
0.125327104,4881
0.125331506,4880
0.125334822,4879
0.125339959,4878
0.125343474,4877
0.125378844,4876
0.125381525,4875
0.125384974,4874
0.125387793,4873
0.125391198,4872
0.125395415,4871
0.125398295,4870
0.125406518,4869
0.125411065,4868
0.125415154,4867
0.125421071,4866
0.125425238,4865
0.125430364,4864
0.125433218,4863
0.125437379,4862
0.125442318,4861
0.125446364,4860
0.125451595,4859
0.125454436,4858
0.125458282,4857
0.125462039,4856
0.125468002,4855
0.125477934,4854
0.125482972,4853
0.125485906,4852
0.125490154,4851
0.125492542,4850
0.125499322,4849
0.125502234,4848
0.125505823,4847
0.125511464,4846
0.125515288,4845
0.125518421,4844
0.125521641,4843
0.125526673,4842
0.125536089,4841
0.125538994,4840
0.125541789,4839
0.125544347,4838
0.125551004,4837
0.125553969,4836
0.125557966,4835
0.125560929,4834
0.125563136,4833
0.125565317,4832
0.125568303,4831
0.125573396,4830
0.125576079,4829
0.125579029,4828
0.125581504,4827
0.125588912,4826
0.125592525,4825
0.125596272,4824
0.125601847,4823
0.125610732,4822
0.125616334,4821
0.125633271,4820
0.125641363,4819
0.125646347,4818
0.125652564,4817
0.125657808,4816
0.125661423,4815
0.125664908,4814
0.125670394,4813
0.125678144,4812
0.125689516,4811
0.125704255,4810
0.125708674,4809
0.125712602,4808
0.125718969,4807
0.125724106,4806
0.125729426,4805
0.125734976,4804
0.125741083,4803
0.125745584,4802
0.125749074,4801
0.125753089,4800
0.125760871,4799
0.125766941,4798
0.125772709,4797
0.125777534,4796
0.125782738,4795
0.125788565,4794
0.125792533,4793
0.125796784,4792
0.125802842,4791
0.125808963,4790
0.125813902,4789
0.125818177,4788
0.125821784,4787
0.125827129,4786
0.125832278,4785
0.125840977,4784
0.125847497,4783
0.12585472,4782
0.125859526,4781
0.125863583,4780
0.125867728,4779
0.125873478,4778
0.125879067,4777
0.125888414,4776
0.125893415,4775
0.125898265,4774
0.125905561,4773
0.125910747,4772
0.125918474,4771
0.125932572,4770
0.125943691,4769
0.125949212,4768
0.125952236,4767
0.125956123,4766
0.125960018,4765
0.125965025,4764
0.125969612,4763
0.125975643,4762
0.125981727,4761
0.12598554,4760
0.125992958,4759
0.125996799,4758
0.126001268,4757
0.126045091,4756
0.12605002,4755
0.12605561,4754
0.126059382,4753
0.126062491,4752
0.126067741,4751
0.126073573,4750
0.126076769,4749
0.126080481,4748
0.126088983,4747
0.12609163,4746
0.126094439,4745
0.126096969,4744
0.126100305,4743
0.126103107,4742
0.126107901,4741
0.126114134,4740
0.126118606,4739
0.126122449,4738
0.126124695,4737
0.12612755,4736
0.126131005,4735
0.126135668,4734
0.126139306,4733
0.126143784,4732
0.126146582,4731
0.126150822,4730
0.126155673,4729
0.126158371,4728
0.126162054,4727
0.126166102,4726
0.126173119,4725
0.126176579,4724
0.126179308,4723
0.126185898,4722
0.12618929,4721
0.126194495,4720
0.126198349,4719
0.126203051,4718
0.126206959,4717
0.1262114,4716
0.126217182,4715
0.126220288,4714
0.126223739,4713
0.126227825,4712
0.126230968,4711
0.126235026,4710
0.126250499,4709
0.126308972,4708
0.126350862,4707
0.126408217,4706
0.12641582,4705
0.126420851,4704
0.126424006,4703
0.126427463,4702
0.126432007,4701
0.126434865,4700
0.126438281,4699
0.12644213,4698
0.126448603,4697
0.126452749,4696
0.12645819,4695
0.126462788,4694
0.126465556,4693
0.12646856,4692
0.126471321,4691
0.126474301,4690
0.126479958,4689
0.126484008,4688
0.126488387,4687
0.126492727,4686
0.126496734,4685
0.126500531,4684
0.126504407,4683
0.126509422,4682
0.126514294,4681
0.126519376,4680
0.126523236,4679
0.126537236,4678
0.126542705,4677
0.126546966,4676
0.126551972,4675
0.126556526,4674
0.12655989,4673
0.1265678,4672
0.126573095,4671
0.126576713,4670
0.126588134,4669
0.126595541,4668
0.126603204,4667
0.126610894,4666
0.126616456,4665
0.126621817,4664
0.126635416,4663
0.126638529,4662
0.126642912,4661
0.126647187,4660
0.126656033,4659
0.12665998,4658
0.126663241,4657
0.126666365,4656
0.126669087,4655
0.126673896,4654
0.126677861,4653
0.126681289,4652
0.126698132,4651
0.126711916,4650
0.126715581,4649
0.126719055,4648
0.126722712,4647
0.12672929,4646
0.126734202,4645
0.126741132,4644
0.126744513,4643
0.126747902,4642
0.126751289,4641
0.126757223,4640
0.126763495,4639
0.126769039,4638
0.126772325,4637
0.126776725,4636
0.12678013,4635
0.126788586,4634
0.126791869,4633
0.126797823,4632
0.126803516,4631
0.12681726,4630
0.126886259,4629
0.126889916,4628
0.126893322,4627
0.126896827,4626
0.126904243,4625
0.126907657,4624
0.126911002,4623
0.126914874,4622
0.126918548,4621
0.126923324,4620
0.126927458,4619
0.126930788,4618
0.126936351,4617
0.126940511,4616
0.126943791,4615
0.126947836,4614
0.126951005,4613
0.126954167,4612
0.126958522,4611
0.126963761,4610
0.126968271,4609
0.126982615,4608
0.126986928,4607
0.126991538,4606
0.126995674,4605
0.126998925,4604
0.127019663,4603
0.12702346,4602
0.12702719,4601
0.1270306,4600
0.127040353,4599
0.127044917,4598
0.127052569,4597
0.127059206,4596
0.127067683,4595
0.127078926,4594
0.127082924,4593
0.127089185,4592
0.12709368,4591
0.127097943,4590
0.127106494,4589
0.127125973,4588
0.127134361,4587
0.127137366,4586
0.127140283,4585
0.127144,4584
0.127148118,4583
0.127150795,4582
0.127155321,4581
0.127159412,4580
0.127169708,4579
0.127179513,4578
0.127186621,4577
0.127191411,4576
0.12719551,4575
0.127198309,4574
0.127201913,4573
0.127219003,4572
0.127231275,4571
0.127234269,4570
0.127239421,4569
0.127242341,4568
0.127246339,4567
0.127249528,4566
0.127252837,4565
0.127258023,4564
0.127261363,4563
0.127265128,4562
0.127269923,4561
0.127277257,4560
0.127280035,4559
0.127282908,4558
0.127286505,4557
0.127289935,4556
0.127297505,4555
0.127301064,4554
0.127303888,4553
0.12781934,4552
0.12782304,4551
0.127834545,4550
0.127839415,4549
0.1278465,4548
0.127851999,4547
0.127858416,4546
0.127862474,4545
0.127865976,4544
0.127874199,4543
0.127878842,4542
0.127882858,4541
0.12788744,4540
0.127890479,4539
0.12789565,4538
0.127901179,4537
0.127908899,4536
0.127914211,4535
0.127920433,4534
0.127924639,4533
0.127935392,4532
0.127953173,4531
0.127958621,4530
0.127962014,4529
0.127966141,4528
0.127969134,4527
0.128001333,4526
0.128007848,4525
0.128012015,4524
0.12801541,4523
0.128018771,4522
0.128022771,4521
0.12803501,4520
0.128038665,4519
0.128042401,4518
0.128048037,4517
0.128053109,4516
0.12810522,4515
0.128109019,4514
0.128111749,4513
0.128115609,4512
0.128118681,4511
0.128122685,4510
0.12812529,4509
0.128129079,4508
0.128135565,4507
0.128142085,4506
0.128146622,4505
0.128154054,4504
0.12815691,4503
0.12815921,4502
0.128162891,4501
0.128166624,4500
0.128169119,4499
0.128179078,4498
0.128181689,4497
0.12818745,4496
0.128190379,4495
0.128193376,4494
0.128200432,4493
0.128205912,4492
0.128208417,4491
0.128211052,4490
0.128214979,4489
0.128219618,4488
0.128222749,4487
0.12822776,4486
0.128235987,4485
0.128239345,4484
0.12824485,4483
0.128249374,4482
0.128252044,4481
0.128255133,4480
0.12825809,4479
0.12826077,4478
0.128264633,4477
0.128267257,4476
0.128269956,4475
0.128273633,4474
0.128279975,4473
0.128285355,4472
0.128288687,4471
0.128293405,4470
0.128296399,4469
0.12830056,4468
0.128306556,4467
0.128309795,4466
0.128315328,4465
0.128320555,4464
0.128323188,4463
0.128325569,4462
0.128331471,4461
0.128334756,4460
0.128340896,4459
0.128354426,4458
0.128360498,4457
0.128366804,4456
0.128370343,4455
0.128378375,4454
0.128381653,4453
0.128386756,4452
0.12839282,4451
0.128398435,4450
0.128401397,4449
0.128409184,4448
0.128413929,4447
0.128417838,4446
0.128432921,4445
0.128436007,4444
0.128442418,4443
0.128445412,4442
0.128448389,4441
0.128452489,4440
0.128455399,4439
0.128462308,4438
0.128465707,4437
0.1284688,4436
0.12847216,4435
0.128475218,4434
0.128480918,4433
0.128483988,4432
0.128487227,4431
0.128492747,4430
0.128496292,4429
0.128505326,4428
0.128509311,4427
0.12851646,4426
0.128519546,4425
0.128522321,4424
0.128525374,4423
0.128527839,4422
0.128531202,4421
0.128535508,4420
0.128538314,4419
0.128542141,4418
0.128544736,4417
0.128552351,4416
0.128558163,4415
0.128561622,4414
0.128567847,4413
0.12857096,4412
0.128575174,4411
0.128578321,4410
0.12858365,4409
0.128591399,4408
0.128595749,4407
0.12859807,4406
0.128606398,4405
0.128609703,4404
0.12861286,4403
0.128619944,4402
0.128622984,4401
0.128626253,4400
0.128628765,4399
0.128632727,4398
0.128637094,4397
0.128641479,4396
0.128644154,4395
0.128647326,4394
0.128651392,4393
0.128657978,4392
0.128661562,4391
0.128665536,4390
0.128669801,4389
0.12867282,4388
0.128676948,4387
0.128681498,4386
0.12868596,4385
0.128693743,4384
0.128699849,4383
0.128703332,4382
0.128709111,4381
0.128712348,4380
0.128714897,4379
0.128718414,4378
0.128721304,4377
0.128729785,4376
0.128733015,4375
0.128736412,4374
0.128741205,4373
0.128745122,4372
0.128752179,4371
0.128759086,4370
0.128763292,4369
0.128768414,4368
0.128774371,4367
0.128777435,4366
0.128780453,4365
0.128784245,4364
0.128787313,4363
0.128789947,4362
0.128988174,4361
0.128995709,4360
0.129002662,4359
0.129009687,4358
0.129014857,4357
0.12901826,4356
0.129032943,4355
0.129036391,4354
0.12903984,4353
0.129046533,4352
0.12904953,4351
0.129053245,4350
0.129056653,4349
0.129067237,4348
0.129071305,4347
0.129075742,4346
0.129080258,4345
0.12908416,4344
0.129090997,4343
0.129093488,4342
0.129095967,4341
0.129099279,4340
0.129101738,4339
0.129105008,4338
0.129111941,4337
0.129126195,4336
0.12913229,4335
0.129135442,4334
0.129138812,4333
0.12914257,4332
0.129145948,4331
0.129150429,4330
0.129157332,4329
0.129164298,4328
0.12917131,4327
0.129179666,4326
0.129182798,4325
0.129191168,4324
0.129198089,4323
0.129204352,4322
0.129211196,4321
0.129214193,4320
0.12922083,4319
0.129226854,4318
0.129232604,4317
0.129237122,4316
0.129241836,4315
0.12924623,4314
0.129253507,4313
0.129261186,4312
0.129264692,4311
0.129268066,4310
0.129274566,4309
0.129279066,4308
0.12933071,4307
0.12933596,4306
0.129342523,4305
0.129348705,4304
0.129353034,4303
0.129357334,4302
0.129361965,4301
0.129368291,4300
0.129372369,4299
0.1293906,4298
0.129404756,4297
0.129418298,4296
0.129431638,4295
0.129445033,4294
0.129452724,4293
0.129463619,4292
0.129466947,4291
0.12946966,4290
0.129475803,4289
0.129479179,4288
0.129483823,4287
0.129525122,4286
0.129544283,4285
0.129552688,4284
0.129556606,4283
0.129560583,4282
0.129565665,4281
0.129571223,4280
0.129587701,4279
0.12959242,4278
0.129597869,4277
0.12960099,4276
0.129607393,4275
0.129612029,4274
0.129615649,4273
0.129620125,4272
0.129624235,4271
0.129628576,4270
0.129631387,4269
0.129635444,4268
0.129639036,4267
0.129648427,4266
0.129676692,4265
0.129681628,4264
0.12969214,4263
0.129696099,4262
0.129701685,4261
0.129710121,4260
0.129715671,4259
0.129722621,4258
0.129736104,4257
0.129739831,4256
0.129743373,4255
0.129749225,4254
0.129751937,4253
0.129768762,4252
0.129772214,4251
0.129775586,4250
0.129779456,4249
0.129783211,4248
0.129788836,4247
0.129792325,4246
0.129795659,4245
0.129801227,4244
0.129805159,4243
0.129809499,4242
0.129813981,4241
0.129819107,4240
0.12982336,4239
0.129828426,4238
0.129831621,4237
0.129836541,4236
0.129841634,4235
0.129844909,4234
0.129850796,4233
0.129854085,4232
0.129868029,4231
0.12987118,4230
0.129877441,4229
0.129881249,4228
0.129886915,4227
0.129889887,4226
0.129894786,4225
0.12991156,4224
0.129916067,4223
0.129922599,4222
0.129931003,4221
0.129938669,4220
0.129981704,4219
0.129986168,4218
0.129994004,4217
0.129998213,4216
0.130576684,4215
0.130581904,4214
0.130585808,4213
0.130592261,4212
0.130595883,4211
0.130602579,4210
0.130607162,4209
0.130614191,4208
0.130617621,4207
0.130623168,4206
0.130629823,4205
0.130636948,4204
0.13064039,4203
0.130652768,4202
0.130656749,4201
0.130660386,4200
0.130665548,4199
0.130714783,4198
0.130718995,4197
0.130735462,4196
0.13073945,4195
0.130743453,4194
0.130751661,4193
0.130760437,4192
0.13076341,4191
0.130771615,4190
0.130806586,4189
0.13081199,4188
0.13084407,4187
0.130859671,4186
0.130863405,4185
0.130866963,4184
0.130875166,4183
0.130894828,4182
0.130904044,4181
0.130908073,4180
0.130915252,4179
0.130920945,4178
0.130924884,4177
0.130934797,4176
0.130938344,4175
0.13094141,4174
0.130952791,4173
0.130956618,4172
0.130963293,4171
0.130971462,4170
0.130975379,4169
0.1309805,4168
0.130986446,4167
0.130996655,4166
0.130999629,4165
0.131002919,4164
0.131008129,4163
0.131011362,4162
0.131015125,4161
0.131023889,4160
0.131027367,4159
0.131032533,4158
0.131042161,4157
0.131077806,4156
0.131083367,4155
0.131098091,4154
0.131101313,4153
0.131105869,4152
0.131113591,4151
0.13115151,4150
0.131156512,4149
0.131159642,4148
0.131162708,4147
0.131167158,4146
0.131170802,4145
0.131176136,4144
0.131184773,4143
0.131197956,4142
0.131203614,4141
0.131206845,4140
0.131213009,4139
0.131229887,4138
0.131233136,4137
0.13123623,4136
0.131254301,4135
0.131257302,4134
0.131263025,4133
0.131270066,4132
0.131273306,4131
0.131292434,4130
0.131296162,4129
0.131299963,4128
0.13131468,4127
0.131319465,4126
0.131323433,4125
0.131330863,4124
0.131336216,4123
0.131342677,4122
0.13134787,4121
0.131356037,4120
0.131374309,4119
0.131381962,4118
0.131385216,4117
0.131387906,4116
0.131394024,4115
0.131397669,4114
0.131405634,4113
0.131412184,4112
0.131415835,4111
0.131418815,4110
0.131424305,4109
0.131431768,4108
0.131435171,4107
0.131439097,4106
0.131446146,4105
0.131458215,4104
0.131469936,4103
0.131474632,4102
0.131493762,4101
0.131517841,4100
0.131522521,4099
0.131534843,4098
0.131540463,4097
0.131546251,4096
0.131554051,4095
0.131557463,4094
0.131567183,4093
0.131570711,4092
0.131581772,4091
0.13158714,4090
0.131597012,4089
0.131604774,4088
0.131615471,4087
0.131630308,4086
0.131636583,4085
0.131639864,4084
0.13164846,4083
0.131654608,4082
0.13165765,4081
0.131665175,4080
0.131668309,4079
0.131672875,4078
0.131683747,4077
0.131694989,4076
0.131698151,4075
0.131708513,4074
0.132396862,4073
0.132402384,4072
0.132407138,4071
0.132411091,4070
0.132430354,4069
0.132434928,4068
0.132442344,4067
0.132468195,4066
0.132472601,4065
0.132489772,4064
0.132511933,4063
0.132572495,4062
0.132590802,4061
0.132599264,4060
0.132607919,4059
0.132613848,4058
0.132619189,4057
0.132640027,4056
0.132642828,4055
0.132645493,4054
0.132647955,4053
0.132655598,4052
0.132660279,4051
0.132664916,4050
0.132668332,4049
0.132684666,4048
0.13269386,4047
0.132706903,4046
0.132716419,4045
0.132741947,4044
0.132753206,4043
0.132755785,4042
0.132762164,4041
0.132804284,4040
0.13282081,4039
0.132831141,4038
0.132834344,4037
0.13283929,4036
0.132851488,4035
0.132854914,4034
0.132865344,4033
0.132868207,4032
0.133170451,4031
0.133174009,4030
0.133179326,4029
0.133187529,4028
0.133191997,4027
0.133202158,4026
0.133232743,4025
0.133243109,4024
0.133262023,4023
0.13327419,4022
0.133286702,4021
0.133309962,4020
0.133329025,4019
0.133331605,4018
0.133344535,4017
0.133358076,4016
0.133362226,4015
0.133372148,4014
0.133378615,4013
0.133405538,4012
0.133419016,4011
0.133426614,4010
0.133432983,4009
0.13343962,4008
0.133445959,4007
0.133449737,4006
0.133461336,4005
0.133514666,4004
0.133613746,4003
0.133641473,4002
0.133645835,4001
0.133939857,4000
0.134080208,3999
0.13411728,3998
0.134156072,3997
0.134204671,3996
0.134233424,3995
0.134260355,3994
0.134267556,3993
0.134286375,3992
0.134293724,3991
0.134338143,3990
0.134351589,3989
0.13436181,3988
0.134368281,3987
0.134375361,3986
0.134381803,3985
0.134593527,3984
0.134724376,3983
0.134751797,3982
0.134754414,3981
0.134907547,3980
0.135142317,3979
0.135375819,3978
0.13548253,3977
0.136113475,3976
0.136200323,3975
