0.154661272,5837
0.154751518,5836
0.154861364,5835
0.154917809,5834
0.154990206,5833
0.155205063,5832
0.155229917,5831
0.155239938,5830
0.155250164,5829
0.155272961,5828
0.157448855,5827
0.157626102,5826
0.157638105,5825
0.157650423,5824
0.157699928,5823
0.157711061,5822
0.157749963,5821
0.157799009,5820
0.157809987,5819
0.157820553,5818
0.157831259,5817
0.15784233,5816
0.158197062,5815
0.158211414,5814
0.158219771,5813
0.158227472,5812
0.158273614,5811
0.158287928,5810
0.158329889,5809
0.158341852,5808
0.158353204,5807
0.15839023,5806
0.158441235,5805
0.158457836,5804
0.158472171,5803
0.158487175,5802
0.158497899,5801
0.158507099,5800
0.158517538,5799
0.158527998,5798
0.158538486,5797
0.158547265,5796
0.158556904,5795
0.158567247,5794
0.158577395,5793
0.158586933,5792
0.158596788,5791
0.158604398,5790
0.158611654,5789
0.158619047,5788
0.158625742,5787
0.158633194,5786
0.158640454,5785
0.158649566,5784
0.158657268,5783
0.158665688,5782
0.158673992,5781
0.15868043,5780
0.158686862,5779
0.158692962,5778
0.158700113,5777
0.158717034,5776
0.158725031,5775
0.158733427,5774
0.158741495,5773
0.15874975,5772
0.158762415,5771
0.158769606,5770
0.158776718,5769
0.158783786,5768
0.158791637,5767
0.158876057,5766
0.158922589,5765
0.158930487,5764
0.158953805,5763
0.158991029,5762
0.158997573,5761
0.159004147,5760
0.159011056,5759
0.159017394,5758
0.159024859,5757
0.159032556,5756
0.159041027,5755
0.159050558,5754
0.159059071,5753
0.159072386,5752
0.160467243,5751
0.160481502,5750
0.160558692,5749
0.160570949,5748
0.16058367,5747
0.160598993,5746
0.161282788,5745
0.161335282,5744
0.161614097,5743
0.161971086,5742
0.16198189,5741
0.161999815,5740
0.162010925,5739
0.162017717,5738
0.162023639,5737
0.162048632,5736
0.162054771,5735
0.162061084,5734
0.162343073,5733
0.162374031,5732
0.162380708,5731
0.162387187,5730
0.162393791,5729
0.162404708,5728
0.162616453,5727
0.162628027,5726
0.162660975,5725
0.162667225,5724
0.16267277,5723
0.162678643,5722
0.162683624,5721
0.162689306,5720
0.162699118,5719
0.162704216,5718
0.162711676,5717
0.162722801,5716
0.162735015,5715
0.162765193,5714
0.162770504,5713
0.162803895,5712
0.162809068,5711
0.162814908,5710
0.16282122,5709
0.162877256,5708
0.162938833,5707
0.162947945,5706
0.162954684,5705
0.162960403,5704
0.162967803,5703
0.162981834,5702
0.162987455,5701
0.162992648,5700
0.162997251,5699
0.163009166,5698
0.163013697,5697
0.163018596,5696
0.163023446,5695
0.163028141,5694
0.163033049,5693
0.163041731,5692
0.163046385,5691
0.163051309,5690
0.163056034,5689
0.163061211,5688
0.163065729,5687
0.163070329,5686
0.163075383,5685
0.163080143,5684
0.163085181,5683
0.163090336,5682
0.16309512,5681
0.163100257,5680
0.163113426,5679
0.163125522,5678
0.163130465,5677
0.163142357,5676
0.163146625,5675
0.163151207,5674
0.163155713,5673
0.16316111,5672
0.163166562,5671
0.16317224,5670
0.163210621,5669
0.163215364,5668
0.163220607,5667
0.163236772,5666
0.163241278,5665
0.163252207,5664
0.163261096,5663
0.163268668,5662
0.163276138,5661
0.163283783,5660
0.163291262,5659
0.163298475,5658
0.163314333,5657
0.163894619,5656
0.163940862,5655
0.163980492,5654
0.164312278,5653
0.164349123,5652
0.16435557,5651
0.164399985,5650
0.164947712,5649
0.164985006,5648
0.16499154,5647
0.165014855,5646
0.165032854,5645
0.165039676,5644
0.16504501,5643
0.165052809,5642
0.165057467,5641
0.165063285,5640
0.165067879,5639
0.16507219,5638
0.165076837,5637
0.165081254,5636
0.165085632,5635
0.165093683,5634
0.165097951,5633
0.165621242,5632
0.165647434,5631
0.165699455,5630
0.165711704,5629
0.165744563,5628
0.165755705,5627
0.165765191,5626
0.165772609,5625
0.165783004,5624
0.165789154,5623
0.165798762,5622
0.165832439,5621
0.165839032,5620
0.165845505,5619
0.165851789,5618
0.165860308,5617
0.165865629,5616
0.16587121,5615
0.165876799,5614
0.165881727,5613
0.165895845,5612
0.165902799,5611
0.165909137,5610
0.165915612,5609
0.165924555,5608
0.165931983,5607
0.165939312,5606
0.165945883,5605
0.165952461,5604
0.165958999,5603
0.165983857,5602
0.165990719,5601
0.16603903,5600
0.166045138,5599
0.166051243,5598
0.166057996,5597
0.166064789,5596
0.166114183,5595
0.166121535,5594
0.166132859,5593
0.166139341,5592
0.166144319,5591
0.166150053,5590
0.166156165,5589
0.16616175,5588
0.166166341,5587
0.166171607,5586
0.166176641,5585
0.166181742,5584
0.166186404,5583
0.166191111,5582
0.166196695,5581
0.166201552,5580
0.166206503,5579
0.166212528,5578
0.166217428,5577
0.166222376,5576
0.166227135,5575
0.166232318,5574
0.166237655,5573
0.166244513,5572
0.166249285,5571
0.166253883,5570
0.166262238,5569
0.166267449,5568
0.16627271,5567
0.166277453,5566
0.166283148,5565
0.166287634,5564
0.16629225,5563
0.166297662,5562
0.16630383,5561
0.166314157,5560
0.166319758,5559
0.166325476,5558
0.166362056,5557
0.166368804,5556
0.166374242,5555
0.166379773,5554
0.166391599,5553
0.166400901,5552
0.166407149,5551
0.166412383,5550
0.166418255,5549
0.166423484,5548
0.166428828,5547
0.166433851,5546
0.166438817,5545
0.166443667,5544
0.166450205,5543
0.166455458,5542
0.166460438,5541
0.166465775,5540
0.16647091,5539
0.166476231,5538
0.16651826,5537
0.166524584,5536
0.166559395,5535
0.166564481,5534
0.166569448,5533
0.166575744,5532
0.166580805,5531
0.166634678,5530
0.166640149,5529
0.166644811,5528
0.166649449,5527
0.16665409,5526
0.166658566,5525
0.166664449,5524
0.166669143,5523
0.166673802,5522
0.166679743,5521
0.166684286,5520
0.166688489,5519
0.166692971,5518
0.166697954,5517
0.166703076,5516
0.166709474,5515
0.166714309,5514
0.1667196,5513
0.166724749,5512
0.166729582,5511
0.166735182,5510
0.166743323,5509
0.166750817,5508
0.166760069,5507
0.166764972,5506
0.166770321,5505
0.166776667,5504
0.166781066,5503
0.166785497,5502
0.166790123,5501
0.166795987,5500
0.166800853,5499
0.166805718,5498
0.166810774,5497
0.166816382,5496
0.166823621,5495
0.166830908,5494
0.16684833,5493
0.166855799,5492
0.166862577,5491
0.166875608,5490
0.166988578,5489
0.166995171,5488
0.167001744,5487
0.167007651,5486
0.16704758,5485
0.167052593,5484
0.167059296,5483
0.16706468,5482
0.167071495,5481
0.167080179,5480
0.167085349,5479
0.167093556,5478
0.167098474,5477
0.167103587,5476
0.167109428,5475
0.167114148,5474
0.167118662,5473
0.167123826,5472
0.167129155,5471
0.16713407,5470
0.16713911,5469
0.16714394,5468
0.167151686,5467
0.167156471,5466
0.167161628,5465
0.167172356,5464
0.167177535,5463
0.167183007,5462
0.167372726,5461
0.167379683,5460
0.167392521,5459
0.167396827,5458
0.167407996,5457
0.167413536,5456
0.167421267,5455
0.167424835,5454
0.1674664,5453
0.167472837,5452
0.167479944,5451
0.167489555,5450
0.167494112,5449
0.167504644,5448
0.167521806,5447
0.167526534,5446
0.167531569,5445
0.167538473,5444
0.167542522,5443
0.167545861,5442
0.167549222,5441
0.167554909,5440
0.167558153,5439
0.167561808,5438
0.167566716,5437
0.167570223,5436
0.167573694,5435
0.167579356,5434
0.167584966,5433
0.167594356,5432
0.16759803,5431
0.167602582,5430
0.167608165,5429
0.167612623,5428
0.167620378,5427
0.167624043,5426
0.167628511,5425
0.167632049,5424
0.167635647,5423
0.167639852,5422
0.16765032,5421
0.167653894,5420
0.167658699,5419
0.16766245,5418
0.167675304,5417
0.167678946,5416
0.16768317,5415
0.167686369,5414
0.167689993,5413
0.167695884,5412
0.167699617,5411
0.167704792,5410
0.167708052,5409
0.16771184,5408
0.167717954,5407
0.167721611,5406
0.167725869,5405
0.167729913,5404
0.167735841,5403
0.167740112,5402
0.167748356,5401
0.167752529,5400
0.16775714,5399
0.167760914,5398
0.167765616,5397
0.16776932,5396
0.167773425,5395
0.167777081,5394
0.16778182,5393
0.167785815,5392
0.167789325,5391
0.167792576,5390
0.16779608,5389
0.16779915,5388
0.167803222,5387
0.167808266,5386
0.167811804,5385
0.167815782,5384
0.167819095,5383
0.167822585,5382
0.167825737,5381
0.167833663,5380
0.16783694,5379
0.167840485,5378
0.16785038,5377
0.167854522,5376
0.167858241,5375
0.167861537,5374
0.167865071,5373
0.167869308,5372
0.167873359,5371
0.167877365,5370
0.167900453,5369
0.167905075,5368
0.167908865,5367
0.167913086,5366
0.16792053,5365
0.167924871,5364
0.16792852,5363
0.167933459,5362
0.167937917,5361
0.167940757,5360
0.167943965,5359
0.167947141,5358
0.167949705,5357
0.167953977,5356
0.167957444,5355
0.167964547,5354
0.167967133,5353
0.167973252,5352
0.167977803,5351
0.167981209,5350
0.167989983,5349
0.167993804,5348
0.167996667,5347
0.167999259,5346
0.168003011,5345
0.168005681,5344
0.168009152,5343
0.16801159,5342
0.168014264,5341
0.168019656,5340
0.168024903,5339
0.168027201,5338
0.168029658,5337
0.168031849,5336
0.168034199,5335
0.168039756,5334
0.168042996,5333
0.168046119,5332
0.168049375,5331
0.168052307,5330
0.168055882,5329
0.16805937,5328
0.168062787,5327
0.168066859,5326
0.168072551,5325
0.168077861,5324
0.168081523,5323
0.16808746,5322
0.168090856,5321
0.16809686,5320
0.168101249,5319
0.168104311,5318
0.168109511,5317
0.168113664,5316
0.168119315,5315
0.168129016,5314
0.168132903,5313
0.168137159,5312
0.168140546,5311
0.168143581,5310
0.168147822,5309
0.1681526,5308
0.168155925,5307
0.16816058,5306
0.168168859,5305
0.168172971,5304
0.168178641,5303
0.168185968,5302
0.168189319,5301
0.168192697,5300
0.168197387,5299
0.168203707,5298
0.168211679,5297
0.168215918,5296
0.168219362,5295
0.168224907,5294
0.168228275,5293
0.168232481,5292
0.168236867,5291
0.168240044,5290
0.168244385,5289
0.168247828,5288
0.168252515,5287
0.168256948,5286
0.168264673,5285
0.16827056,5284
0.168274644,5283
0.168284517,5282
0.168290496,5281
0.168294394,5280
0.168300955,5279
0.168306513,5278
0.168312479,5277
0.168317528,5276
0.168322726,5275
0.168326564,5274
0.168330463,5273
0.168333963,5272
0.168338041,5271
0.168345266,5270
0.168356482,5269
0.168360528,5268
0.168407576,5267
0.168416467,5266
0.16842099,5265
0.168435389,5264
0.168450475,5263
0.168457745,5262
0.168465555,5261
0.168469362,5260
0.168515467,5259
0.168519577,5258
0.168524428,5257
0.16852968,5256
0.168681715,5255
0.168719496,5254
0.168734572,5253
0.168778946,5252
0.168789644,5251
0.16885218,5250
0.168856027,5249
0.168859653,5248
0.16886411,5247
0.168868066,5246
0.168871834,5245
0.16887474,5244
0.168878008,5243
0.168880917,5242
0.168883794,5241
0.168887365,5240
0.168890329,5239
0.169112357,5238
0.16911971,5237
0.16912349,5236
0.16912813,5235
0.169135888,5234
0.1691477,5233
0.169150478,5232
0.169153437,5231
0.169156676,5230
0.169162215,5229
0.169165366,5228
0.169168745,5227
0.1691724,5226
0.169177314,5225
0.169181145,5224
0.169185363,5223
0.169189589,5222
0.169192694,5221
0.169196004,5220
0.169199436,5219
0.169202793,5218
0.16920578,5217
0.16921056,5216
0.169217616,5215
0.16937437,5214
0.169378336,5213
0.169383407,5212
0.169389048,5211
0.169392297,5210
0.16939654,5209
0.169399411,5208
0.169403099,5207
0.16940927,5206
0.169413507,5205
0.169416718,5204
0.169423908,5203
0.169430577,5202
0.169434839,5201
0.169438214,5200
0.169440919,5199
0.169443754,5198
0.169494116,5197
0.169497257,5196
0.169502584,5195
0.169506623,5194
0.169513561,5193
0.16951655,5192
0.169520342,5191
0.169523888,5190
0.169527203,5189
0.169529993,5188
0.169533258,5187
0.169536875,5186
0.169540782,5185
0.169546518,5184
0.169549276,5183
0.169552161,5182
0.169555244,5181
0.169559067,5180
0.169563135,5179
0.169568717,5178
0.169571997,5177
0.169575385,5176
0.169580909,5175
0.169588045,5174
0.169597401,5173
0.169600281,5172
0.169603171,5171
0.169611854,5170
0.169615974,5169
0.169618595,5168
0.16962157,5167
0.169626585,5166
0.169631094,5165
0.169634094,5164
0.169641795,5163
0.16964491,5162
0.16965482,5161
0.169657825,5160
0.169660853,5159
0.169665296,5158
0.169668983,5157
0.169671722,5156
0.16967452,5155
0.169678316,5154
0.169681549,5153
0.169687315,5152
0.169690405,5151
0.169703811,5150
0.169708405,5149
0.169713303,5148
0.169716019,5147
0.169719501,5146
0.16972209,5145
0.169725229,5144
0.169730127,5143
0.169734454,5142
0.169737685,5141
0.169741299,5140
0.169746996,5139
0.169750674,5138
0.169842548,5137
0.169846634,5136
0.169850485,5135
0.169853772,5134
0.169857501,5133
0.169860474,5132
0.169865157,5131
0.169870113,5130
0.169873245,5129
0.169880272,5128
0.169885147,5127
0.169896973,5126
0.169901385,5125
0.1699064,5124
0.16992433,5123
0.169949336,5122
0.169957476,5121
0.169962402,5120
0.169969344,5119
0.169974438,5118
0.169978904,5117
0.169983604,5116
0.169987112,5115
0.169990689,5114
0.169996404,5113
0.170000273,5112
0.170003871,5111
0.170007118,5110
0.170010769,5109
0.170016214,5108
0.170022803,5107
0.17002592,5106
0.170029181,5105
0.170033528,5104
0.170037449,5103
0.170043613,5102
0.170046766,5101
0.170052801,5100
0.170056841,5099
0.170062815,5098
0.170066245,5097
0.171397165,5096
0.171401177,5095
0.171405007,5094
0.171408203,5093
0.171411514,5092
0.171414698,5091
0.171417787,5090
0.171424568,5089
0.171428341,5088
0.171431262,5087
0.171436173,5086
0.171439079,5085
0.171444336,5084
0.17144672,5083
0.171450464,5082
0.171455903,5081
0.171459198,5080
0.171463127,5079
0.171468787,5078
0.171472735,5077
0.171476307,5076
0.171480078,5075
0.171487758,5074
0.171492975,5073
0.171496361,5072
0.171502261,5071
0.171505928,5070
0.171509347,5069
0.171513113,5068
0.17152049,5067
0.171524187,5066
0.171532766,5065
0.17153642,5064
0.171540043,5063
0.171544508,5062
0.171548794,5061
0.171552543,5060
0.171556603,5059
0.17156221,5058
0.171568797,5057
0.1715863,5056
0.171590752,5055
0.171593996,5054
0.171598497,5053
0.171601688,5052
0.171605047,5051
0.17160783,5050
0.17161407,5049
0.171616832,5048
0.171622195,5047
0.171634961,5046
0.171638554,5045
0.171642671,5044
0.171650319,5043
0.171653521,5042
0.171656343,5041
0.171660285,5040
0.171663055,5039
0.17166992,5038
0.171672729,5037
0.171677242,5036
0.171708638,5035
0.171711689,5034
0.171756084,5033
0.171760314,5032
0.171765315,5031
0.171769782,5030
0.171774585,5029
0.171777869,5028
0.171781277,5027
0.171785698,5026
0.171822519,5025
0.171826986,5024
0.171864373,5023
0.171965921,5022
0.172003601,5021
0.172007342,5020
0.172011833,5019
0.172015431,5018
0.172021389,5017
0.172024416,5016
0.172028417,5015
0.172032455,5014
0.172036345,5013
0.172066012,5012
0.172070116,5011
0.172081434,5010
0.172094774,5009
0.172100448,5008
0.17210619,5007
0.172111406,5006
0.172115562,5005
0.172121196,5004
0.172132681,5003
0.172137404,5002
0.172140637,5001
0.172143437,5000
0.172148931,4999
0.172151687,4998
0.172154301,4997
0.172156804,4996
0.172160524,4995
0.172162924,4994
0.172167329,4993
0.172170421,4992
0.172173889,4991
0.172177768,4990
0.172181501,4989
0.172184245,4988
0.172187716,4987
0.172190091,4986
0.172192315,4985
0.172194595,4984
0.17219908,4983
0.172201585,4982
0.172206002,4981
0.172208262,4980
0.172213577,4979
0.172217273,4978
0.172221787,4977
0.172224826,4976
0.172230149,4975
0.172257293,4974
0.172261093,4973
0.17228665,4972
0.172290748,4971
0.17229509,4970
0.172301037,4969
0.172305117,4968
0.172310025,4967
0.172313472,4966
0.172318818,4965
0.172323751,4964
0.172327551,4963
0.172331446,4962
0.172335427,4961
0.172341012,4960
0.172344257,4959
0.172349543,4958
0.172353024,4957
0.17235702,4956
0.17236067,4955
0.172363498,4954
0.172368622,4953
0.172371771,4952
0.172374616,4951
0.172376673,4950
0.172379799,4949
0.172382885,4948
0.172386145,4947
0.172389917,4946
0.172393348,4945
0.172395637,4944
0.172399038,4943
0.1724014,4942
0.172406144,4941
0.172410046,4940
0.172416147,4939
0.172421432,4938
0.172425972,4937
0.172430757,4936
0.17243422,4935
0.17243848,4934
0.17244318,4933
0.172446948,4932
0.172449408,4931
0.172451982,4930
0.172455142,4929
0.172458271,4928
0.172460825,4927
0.1724639,4926
0.1724665,4925
0.172469921,4924
0.172472771,4923
0.172475232,4922
0.172479076,4921
0.172481437,4920
0.172484917,4919
0.172489214,4918
0.172519423,4917
0.172523829,4916
0.172528376,4915
0.172532124,4914
0.172536042,4913
0.17254219,4912
0.17254615,4911
0.17255145,4910
0.17255496,4909
0.172558343,4908
0.172561946,4907
0.172566761,4906
0.172570482,4905
0.172573659,4904
0.172577436,4903
0.172582705,4902
0.17258693,4901
0.172590145,4900
0.172594599,4899
0.172597086,4898
0.172600343,4897
0.172604109,4896
0.172606911,4895
0.172609577,4894
0.172612926,4893
0.172616546,4892
0.172621699,4891
0.172625358,4890
0.172629278,4889
0.172631818,4888
0.172634601,4887
0.172637121,4886
0.172642848,4885
0.17264681,4884
0.172651144,4883
0.172654116,4882
0.172657202,4881
0.172660738,4880
0.172664398,4879
0.172667922,4878
0.17267156,4877
0.172674252,4876
0.172679596,4875
0.172682258,4874
0.172685154,4873
0.17268836,4872
0.172692157,4871
0.172695217,4870
0.172698336,4869
0.172701006,4868
0.172705639,4867
0.172708565,4866
0.172712248,4865
0.172716759,4864
0.172719697,4863
0.172724678,4862
0.172727929,4861
0.17273076,4860
0.172735838,4859
0.172738741,4858
0.172741499,4857
0.172744416,4856
0.172748212,4855
0.172750946,4854
0.172765392,4853
0.172768322,4852
0.172772771,4851
0.172776415,4850
0.172782043,4849
0.172785848,4848
0.172788872,4847
0.172793246,4846
0.172796515,4845
0.172819905,4844
0.172822917,4843
0.172838763,4842
0.172844674,4841
0.172849406,4840
0.172855327,4839
0.17285879,4838
0.172864921,4837
0.172870273,4836
0.172875411,4835
0.172906234,4834
0.172909914,4833
0.172918816,4832
0.172922223,4831
0.172926195,4830
0.172929675,4829
0.172933968,4828
0.172937426,4827
0.172951898,4826
0.172965521,4825
0.172988323,4824
0.172994695,4823
0.173012224,4822
0.17301829,4821
0.173022606,4820
0.173026344,4819
0.173029043,4818
0.173031959,4817
0.173035295,4816
0.173038338,4815
0.173042352,4814
0.173047248,4813
0.173051025,4812
0.173053827,4811
0.173057451,4810
0.17305993,4809
0.173062594,4808
0.173068699,4807
0.17307241,4806
0.173075207,4805
0.173077973,4804
0.173082352,4803
0.173084791,4802
0.173089288,4801
0.173091908,4800
0.173097528,4799
0.173100734,4798
0.173105016,4797
0.173109956,4796
0.173112166,4795
0.173117172,4794
0.173121392,4793
0.173126513,4792
0.173129163,4791
0.173132935,4790
0.173135259,4789
0.173138436,4788
0.173141423,4787
0.173148659,4786
0.17315201,4785
0.173155299,4784
0.17316032,4783
0.173163802,4782
0.173167226,4781
0.173170529,4780
0.173175159,4779
0.173181788,4778
0.17318683,4777
0.173191381,4776
0.173194551,4775
0.173199248,4774
0.173204707,4773
0.173209064,4772
0.173213271,4771
0.173217169,4770
0.173222217,4769
0.17323333,4768
0.173236454,4767
0.173239694,4766
0.173243324,4765
0.173246794,4764
0.173254118,4763
0.173257722,4762
0.173261449,4761
0.173267871,4760
0.17327175,4759
0.173275455,4758
0.173279565,4757
0.173284172,4756
0.173293335,4755
0.173297734,4754
0.17330235,4753
0.173306513,4752
0.173310272,4751
0.173314099,4750
0.17331822,4749
0.17332148,4748
0.173327711,4747
0.173331553,4746
0.173335565,4745
0.173340522,4744
0.173344002,4743
0.17334978,4742
0.173356058,4741
0.17336022,4740
0.173363231,4739
0.173368293,4738
0.173372554,4737
0.173381022,4736
0.17338403,4735
0.173390438,4734
0.173393715,4733
0.173398753,4732
0.173402701,4731
0.173405754,4730
0.173408532,4729
0.173412751,4728
0.173417626,4727
0.173420539,4726
0.173423412,4725
0.173427652,4724
0.173433955,4723
0.17343777,4722
0.17344065,4721
0.173446052,4720
0.173451076,4719
0.173457038,4718
0.173462095,4717
0.173466678,4716
0.173472036,4715
0.173476718,4714
0.17348716,4713
0.17349067,4712
0.173494339,4711
0.173499024,4710
0.173502085,4709
0.173511043,4708
0.17351566,4707
0.173523209,4706
0.173527509,4705
0.173532452,4704
0.173538748,4703
0.17354498,4702
0.173550138,4701
0.17355357,4700
0.173560102,4699
0.173565342,4698
0.17356871,4697
0.173574837,4696
0.173581536,4695
0.173586468,4694
0.173592518,4693
0.173595925,4692
0.173599315,4691
0.173605877,4690
0.173611334,4689
0.173614918,4688
0.173618832,4687
0.173622515,4686
0.173626777,4685
0.173632421,4684
0.173641069,4683
0.173649886,4682
0.173652594,4681
0.173657831,4680
0.173661734,4679
0.173664876,4678
0.17367139,4677
0.173682979,4676
0.173689531,4675
0.173692704,4674
0.173696166,4673
0.173701697,4672
0.173705961,4671
0.173710944,4670
0.173714416,4669
0.173717875,4668
0.173722939,4667
0.173728765,4666
0.173734095,4665
0.173738482,4664
0.173742685,4663
0.173749988,4662
0.173754972,4661
0.173759133,4660
0.173764291,4659
0.173783906,4658
0.173789618,4657
0.173794185,4656
0.173799075,4655
0.173802504,4654
0.173805911,4653
0.173810893,4652
0.173817914,4651
0.173821088,4650
0.173826726,4649
0.173830061,4648
0.1738335,4647
0.173836993,4646
0.173841993,4645
0.173846784,4644
0.17384991,4643
0.173852981,4642
0.173857492,4641
0.173861443,4640
0.173868847,4639
0.17387531,4638
0.173878833,4637
0.173882449,4636
0.173885918,4635
0.173890678,4634
0.173895189,4633
0.173900971,4632
0.173905399,4631
0.173908632,4630
0.173913127,4629
0.173917572,4628
0.173925132,4627
0.173928267,4626
0.173934138,4625
0.173941889,4624
0.173950503,4623
0.174022587,4622
0.174027941,4621
0.174034897,4620
0.174041808,4619
0.174044987,4618
0.17404798,4617
0.174051092,4616
0.174059208,4615
0.17406236,4614
0.174065165,4613
0.17407138,4612
0.174074579,4611
0.174078636,4610
0.174081415,4609
0.174087358,4608
0.174092809,4607
0.174098832,4606
0.174102069,4605
0.174105138,4604
0.174111089,4603
0.174115023,4602
0.174118163,4601
0.174121798,4600
0.174125811,4599
0.174129773,4598
0.174133022,4597
0.174138687,4596
0.17414373,4595
0.174147077,4594
0.174149788,4593
0.174156391,4592
0.17416321,4591
0.174166165,4590
0.174169277,4589
0.174172755,4588
0.174175876,4587
0.174180431,4586
0.174184049,4585
0.174186879,4584
0.17418945,4583
0.174195062,4582
0.174200034,4581
0.174202753,4580
0.174206096,4579
0.174212433,4578
0.174219358,4577
0.174227786,4576
0.17423747,4575
0.174243996,4574
0.174271666,4573
0.174293881,4572
0.174298173,4571
0.17430062,4570
0.174303998,4569
0.174316001,4568
0.174321038,4567
0.174323946,4566
0.174327191,4565
0.174333331,4564
0.174340774,4563
0.174344667,4562
0.174349291,4561
0.174354134,4560
0.17435928,4559
0.174364779,4558
0.174381265,4557
0.174384596,4556
0.174388005,4555
0.174393102,4554
0.174402354,4553
0.175058943,4552
0.175063982,4551
0.175071765,4550
0.175075374,4549
0.17508007,4548
0.175083996,4547
0.175135715,4546
0.175147232,4545
0.17515232,4544
0.175160044,4543
0.175163281,4542
0.175173069,4541
0.175177507,4540
0.175181619,4539
0.175185361,4538
0.17519556,4537
0.175199387,4536
0.175203653,4535
0.175209627,4534
0.175212883,4533
0.175216625,4532
0.175219636,4531
0.175224568,4530
0.175229897,4529
0.175232902,4528
0.175235769,4527
0.175238483,4526
0.175241811,4525
0.175246033,4524
0.175249113,4523
0.175251656,4522
0.17525589,4521
0.175258456,4520
0.175261078,4519
0.175268266,4518
0.175274743,4517
0.175278374,4516
0.175282797,4515
0.17528706,4514
0.175289826,4513
0.175296863,4512
0.175302627,4511
0.175305437,4510
0.175308958,4509
0.175314433,4508
0.175318027,4507
0.17532148,4506
0.175326387,4505
0.175328985,4504
0.175335628,4503
0.175338531,4502
0.175341022,4501
0.17534448,4500
0.175352128,4499
0.175354304,4498
0.175358512,4497
0.175361451,4496
0.175364935,4495
0.175370616,4494
0.175372974,4493
0.175377192,4492
0.175380025,4491
0.175383042,4490
0.175394456,4489
0.175559489,4488
0.17556897,4487
0.175573297,4486
0.17557648,4485
0.17558155,4484
0.175585613,4483
0.175589689,4482
0.175593172,4481
0.175616565,4480
0.175640748,4479
0.175646385,4478
0.175649612,4477
0.175652387,4476
0.175657396,4475
0.175660873,4474
0.175663913,4473
0.175668005,4472
0.175673134,4471
0.175675702,4470
0.175679363,4469
0.175682117,4468
0.175688448,4467
0.175691703,4466
0.175694788,4465
0.175698085,4464
0.175701257,4463
0.175707394,4462
0.175711893,4461
0.1757164,4460
0.175720097,4459
0.175723573,4458
0.175729378,4457
0.175733006,4456
0.175738121,4455
0.17574139,4454
0.175745083,4453
0.1757485,4452
0.175752213,4451
0.175755844,4450
0.175760495,4449
0.175764072,4448
0.175769194,4447
0.175772437,4446
0.175775542,4445
0.175779899,4444
0.175786873,4443
0.175791665,4442
0.175795748,4441
0.175799154,4440
0.175802174,4439
0.175809985,4438
0.175814593,4437
0.175822219,4436
0.175825991,4435
0.175832824,4434
0.175836264,4433
0.175839791,4432
0.175843268,4431
0.175846735,4430
0.175850073,4429
0.175854723,4428
0.175859575,4427
0.175862706,4426
0.175870878,4425
0.175875286,4424
0.175878502,4423
0.17588283,4422
0.175888919,4421
0.175892246,4420
0.175895661,4419
0.175901103,4418
0.175904199,4417
0.17590825,4416
0.1759164,4415
0.175919416,4414
0.175924036,4413
0.175928259,4412
0.175931355,4411
0.175939467,4410
0.17594597,4409
0.175956867,4408
0.175962323,4407
0.175974234,4406
0.175978177,4405
0.17598757,4404
0.175992727,4403
0.17602831,4402
0.176031342,4401
0.176038789,4400
0.176042825,4399
0.176048824,4398
0.176055101,4397
0.176093066,4396
0.17609971,4395
0.176134842,4394
0.176139268,4393
0.176142954,4392
0.176148676,4391
0.176153227,4390
0.176156372,4389
0.176161073,4388
0.176165769,4387
0.176178108,4386
0.176183052,4385
0.176186146,4384
0.176195702,4383
0.176199043,4382
0.176202032,4381
0.176210031,4380
0.176213239,4379
0.176250351,4378
0.176253935,4377
0.176256992,4376
0.176260203,4375
0.176274671,4374
0.176289149,4373
0.176296997,4372
0.176300744,4371
0.176304698,4370
0.176317276,4369
0.176322425,4368
0.176328853,4367
0.176336194,4366
0.176340013,4365
0.176345744,4364
0.17635365,4363
0.17635721,4362
0.176370373,4361
0.176374944,4360
0.176378033,4359
0.176382124,4358
0.176388893,4357
0.176397847,4356
0.176408544,4355
0.176419374,4354
0.176425003,4353
0.176434113,4352
0.176437927,4351
0.1764423,4350
0.176449367,4349
0.176454107,4348
0.176459857,4347
0.176465941,4346
0.176472072,4345
0.176476966,4344
0.176481759,4343
0.176486282,4342
0.176491234,4341
0.176496611,4340
0.176517924,4339
0.176531436,4338
0.176538444,4337
0.176543283,4336
0.176547999,4335
0.176562979,4334
0.176567027,4333
0.176575077,4332
0.176800404,4331
0.17681046,4330
0.176816741,4329
0.176820694,4328
0.176826088,4327
0.176830277,4326
0.176844991,4325
0.176859178,4324
0.176885544,4323
0.176889456,4322
0.176896835,4321
0.176903683,4320
0.176916614,4319
0.176919996,4318
0.176923684,4317
0.176927903,4316
0.176932587,4315
0.176936744,4314
0.176941104,4313
0.176954529,4312
0.176958221,4311
0.176963358,4310
0.176972974,4309
0.176990149,4308
0.176995676,4307
0.176999015,4306
0.177003875,4305
0.177010585,4304
0.177018967,4303
0.177022909,4302
0.17702548,4301
0.177027886,4300
0.177031218,4299
0.177038057,4298
0.17704358,4297
0.177047694,4296
0.177052177,4295
0.17705601,4294
0.177060066,4293
0.177064993,4292
0.177071281,4291
0.17707412,4290
0.17707928,4289
0.17708381,4288
0.177087439,4287
0.17709271,4286
0.177097128,4285
0.177101145,4284
0.177106651,4283
0.177110047,4282
0.177114197,4281
0.177121067,4280
0.177129896,4279
0.177135856,4278
0.17713995,4277
0.177142887,4276
0.177147288,4275
0.177152662,4274
0.177162552,4273
0.177166171,4272
0.177172661,4271
0.177176237,4270
0.177179562,4269
0.177183012,4268
0.177204764,4267
0.177215813,4266
0.177219837,4265
0.177228248,4264
0.17723226,4263
0.177235506,4262
0.177238943,4261
0.17724878,4260
0.17725272,4259
0.177256765,4258
0.177263243,4257
0.177269222,4256
0.177272691,4255
0.177281232,4254
0.177286616,4253
0.17728954,4252
0.177293392,4251
0.177298952,4250
0.177325916,4249
0.17733446,4248
0.177337163,4247
0.177339618,4246
0.177342363,4245
0.177346634,4244
0.177349669,4243
0.177352365,4242
0.177356202,4241
0.177359944,4240
0.177368438,4239
0.177374025,4238
0.177378213,4237
0.17741728,4236
0.177422158,4235
0.177424721,4234
0.17743226,4233
0.177435433,4232
0.177440995,4231
0.177448745,4230
0.177451538,4229
0.177460172,4228
0.177465865,4227
0.177471023,4226
0.177479983,4225
0.177483808,4224
0.177488666,4223
0.17751747,4222
0.177520813,4221
0.177543357,4220
0.177546925,4219
0.177549263,4218
0.177552867,4217
0.177556801,4216
0.178166119,4215
0.178180046,4214
0.17818515,4213
0.178198609,4212
0.178204269,4211
0.178217523,4210
0.178257202,4209
0.178267835,4208
0.178274024,4207
0.178277972,4206
0.178281956,4205
0.178285528,4204
0.178331036,4203
0.178338626,4202
0.178422495,4201
0.17843746,4200
0.178447922,4199
0.178456015,4198
0.178461405,4197
0.178467735,4196
0.178474715,4195
0.178515033,4194
0.178518798,4193
0.178523595,4192
0.178527518,4191
0.178531502,4190
0.178577033,4189
0.178593252,4188
0.178598512,4187
0.178601922,4186
0.17863852,4185
0.178649636,4184
0.178655356,4183
0.178662202,4182
0.178696976,4181
0.178700576,4180
0.178703778,4179
0.17871156,4178
0.178718287,4177
0.178721828,4176
0.178728202,4175
0.178731709,4174
0.17874053,4173
0.178744834,4172
0.178751467,4171
0.178756238,4170
0.178759928,4169
0.178763403,4168
0.178775077,4167
0.178780889,4166
0.178788806,4165
0.178794633,4164
0.178836011,4163
0.178851185,4162
0.178865372,4161
0.178878982,4160
0.178885624,4159
0.178888253,4158
0.178895248,4157
0.178898011,4156
0.178901256,4155
0.178908072,4154
0.178911204,4153
0.17891595,4152
0.178921351,4151
0.178927085,4150
0.17893082,4149
0.178934774,4148
0.178941982,4147
0.178945962,4146
0.178950102,4145
0.178955577,4144
0.178959785,4143
0.178966907,4142
0.178970468,4141
0.178978479,4140
0.178985058,4139
0.178989232,4138
0.17899568,4137
0.179009273,4136
0.179015199,4135
0.17902686,4134
0.179033457,4133
0.179038787,4132
0.179044698,4131
0.179048309,4130
0.17905159,4129
0.179056078,4128
0.179059978,4127
0.179064922,4126
0.179068373,4125
0.179074247,4124
0.179081581,4123
0.179088023,4122
0.17909312,4121
0.179120118,4120
0.179124918,4119
0.179156787,4118
0.179192041,4117
0.179203257,4116
0.179208763,4115
0.179215197,4114
0.179226298,4113
0.179244074,4112
0.179252709,4111
0.179256929,4110
0.17926371,4109
0.179267279,4108
0.179273708,4107
0.179277595,4106
0.179286976,4105
0.179291724,4104
0.179294926,4103
0.179318447,4102
0.179321182,4101
0.179325857,4100
0.179331362,4099
0.179336361,4098
0.179341671,4097
0.179352996,4096
0.179356777,4095
0.179362952,4094
0.179368021,4093
0.179373857,4092
0.179399086,4091
0.179414895,4090
0.179417955,4089
0.179423379,4088
0.179426649,4087
0.179435917,4086
0.179438529,4085
0.179442503,4084
0.179450857,4083
0.179454198,4082
0.179457245,4081
0.179465872,4080
0.179493115,4079
0.179497176,4078
0.179513079,4077
0.1795251,4076
0.17952845,4075
0.180457945,4074
0.180463259,4073
0.180474523,4072
0.180481886,4071
0.18048655,4070
0.180497293,4069
0.180507545,4068
0.180554225,4067
0.180558072,4066
0.180583514,4065
0.180589739,4064
0.180597083,4063
0.180614423,4062
0.180622222,4061
0.180647024,4060
0.18067713,4059
0.180706478,4058
0.180722889,4057
0.180729929,4056
0.180735189,4055
0.180745444,4054
0.180748814,4053
0.180756391,4052
0.180765147,4051
0.180773204,4050
0.180787424,4049
0.180793584,4048
0.180807912,4047
0.180812429,4046
0.180823399,4045
0.180837473,4044
0.180847962,4043
0.180870984,4042
0.180876518,4041
0.180890055,4040
0.180898087,4039
0.180914659,4038
0.180918673,4037
0.180947403,4036
0.180956369,4035
0.180962383,4034
0.180976427,4033
0.180995165,4032
0.181459291,4031
0.181479136,4030
0.181496959,4029
0.181506604,4028
0.181548234,4027
0.181553606,4026
0.181558897,4025
0.181564554,4024
0.181584091,4023
0.181599621,4022
0.191200614,4021
0.19121287,4020
0.191231373,4019
0.191238151,4018
0.191250446,4017
0.191253361,4016
0.191278423,4015
0.191305999,4014
0.191310837,4013
0.191313837,4012
0.191323546,4011
0.191331953,4010
0.191338583,4009
0.191362987,4008
0.191374376,4007
0.191396038,4006
0.191403545,4005
0.191408349,4004
0.19141849,4003
0.191459304,4002
0.191697998,4001
0.191702837,4000
0.191730059,3999
0.191749802,3998
0.191784307,3997
0.19181839,3996
0.191837805,3995
0.191857111,3994
0.191864764,3993
0.19188762,3992
0.191893629,3991
0.191899653,3990
0.191913698,3989
0.191935762,3988
0.191986321,3987
0.192227825,3986
0.192232243,3985
0.192298513,3984
0.192345069,3983
0.192541565,3982
0.192761444,3981
0.192883843,3980
0.192997344,3979
0.19339408,3978
0.193455547,3977
0.263814411,3976
0.281142046,3975
0.372128626,3974
0.55465401,3973
0.580647213,3972
0.612979685,3971
0.68454755,3970
0.782023017,3969
0.803678866,3968
0.829193757,3967
0.895237794,3966
0.912440766,3965
1.032492076,3964
1.118325995,3963
1.278122277,3962
1.320542292,3961
1.396836356,3960
1.479488324,3959
1.494585591,3958
1.534613059,3957
1.674342072,3956
1.76745844,3955
1.779744812,3954
1.79695994,3953
1.821862132,3952
1.840109423,3951
1.965619368,3950
2.40091279,3949
2.463858215,3948
3.172832677,3947
3.243477795,3946
3.346725512,3945
3.763565313,3944
3.995649576,3943
4.495845126,3942
4.531710419,3941
4.567254006,3940
4.632088004,3939
4.825745477,3938
5.350322764,3937
5.655544476,3936
5.988209481,3935
6.142572634,3934
6.322376585,3933
8.632869633,3932
