0.140976823,5837
0.141080611,5836
0.14114584,5835
0.142730201,5834
0.142822739,5833
0.142847359,5832
0.14287173,5831
0.142885967,5830
0.142927229,5829
0.142935695,5828
0.142943229,5827
0.142951293,5826
0.142958821,5825
0.142966635,5824
0.142974015,5823
0.142982934,5822
0.142991165,5821
0.142999341,5820
0.143007679,5819
0.143015201,5818
0.143023389,5817
0.143031443,5816
0.143039467,5815
0.143046024,5814
0.143053382,5813
0.143060521,5812
0.143067899,5811
0.143076153,5810
0.14308317,5809
0.143090121,5808
0.14309758,5807
0.14310484,5806
0.143117486,5805
0.143134356,5804
0.143149779,5803
0.143158085,5802
0.143166438,5801
0.143174117,5800
0.143188172,5799
0.143228977,5798
0.14326959,5797
0.14328547,5796
0.143300115,5795
0.143356558,5794
0.143370887,5793
0.143383539,5792
0.143399374,5791
0.143416868,5790
0.143428527,5789
0.143441433,5788
0.143461598,5787
0.143478014,5786
0.143487634,5785
0.143495948,5784
0.143504088,5783
0.143518547,5782
0.143530791,5781
0.143542063,5780
0.143596266,5779
0.14368092,5778
0.14373729,5777
0.14429816,5776
0.144311239,5775
0.144320169,5774
0.144329978,5773
0.144374747,5772
0.144416853,5771
0.14442622,5770
0.144444303,5769
0.144462323,5768
0.144564147,5767
0.144614691,5766
0.144624399,5765
0.144632809,5764
0.144662482,5763
0.144678025,5762
0.144693103,5761
0.144752998,5760
0.144797845,5759
0.1448375,5758
0.14484824,5757
0.144895847,5756
0.144910152,5755
0.144922681,5754
0.144933839,5753
0.144944552,5752
0.144955759,5751
0.144969583,5750
0.144977776,5749
0.144985244,5748
0.144995205,5747
0.145003937,5746
0.145013154,5745
0.145021323,5744
0.145029865,5743
0.145089069,5742
0.14510024,5741
0.145141256,5740
0.145152223,5739
0.145163494,5738
0.145174073,5737
0.145183855,5736
0.145193072,5735
0.145202497,5734
0.145211376,5733
0.145219903,5732
0.145229334,5731
0.145238394,5730
0.145273259,5729
0.145282118,5728
0.14529641,5727
0.145353236,5726
0.1454021,5725
0.145441714,5724
0.145452321,5723
0.14551108,5722
0.145527821,5721
0.145548979,5720
0.145563482,5719
0.146837148,5718
0.160258259,5717
0.16027034,5716
0.160278273,5715
0.160290771,5714
0.160313181,5713
0.160322573,5712
0.160331602,5711
0.160340692,5710
0.162154179,5709
0.162167747,5708
0.16217651,5707
0.162184239,5706
0.162197434,5705
0.162208154,5704
0.16224158,5703
0.162250322,5702
0.162258779,5701
0.162267405,5700
0.162275756,5699
0.162289862,5698
0.162296519,5697
0.16233846,5696
0.162345111,5695
0.162356332,5694
0.162369961,5693
0.162387661,5692
0.162395081,5691
0.162409882,5690
0.16242724,5689
0.162439717,5688
0.162447251,5687
0.1624556,5686
0.162465449,5685
0.16247275,5684
0.162479785,5683
0.162485426,5682
0.162491891,5681
0.162500018,5680
0.16250534,5679
0.162512541,5678
0.162518421,5677
0.162524456,5676
0.162530375,5675
0.162535986,5674
0.162541509,5673
0.162546683,5672
0.162554269,5671
0.162559831,5670
0.162565997,5669
0.16265497,5668
0.162660637,5667
0.162665895,5666
0.162670752,5665
0.162675609,5664
0.162689741,5663
0.162908498,5662
0.162946107,5661
0.162953237,5660
0.162959693,5659
0.162966777,5658
0.162973059,5657
0.162979215,5656
0.162984484,5655
0.16298888,5654
0.162993521,5653
0.162998217,5652
0.16300352,5651
0.163017079,5650
0.163028559,5649
0.163036832,5648
0.163044513,5647
0.163051231,5646
0.163070696,5645
0.163086744,5644
0.163093729,5643
0.16310083,5642
0.163106356,5641
0.163111433,5640
0.163116744,5639
0.167591854,5638
0.167605484,5637
0.167613347,5636
0.167618926,5635
0.167623696,5634
0.16763164,5633
0.167636609,5632
0.167641591,5631
0.167647977,5630
0.167653522,5629
0.167658749,5628
0.16766391,5627
0.167671223,5626
0.167676203,5625
0.16768167,5624
0.167686624,5623
0.167696993,5622
0.167731561,5621
0.167737152,5620
0.167742736,5619
0.167748527,5618
0.167753464,5617
0.167758861,5616
0.167764214,5615
0.167769755,5614
0.167775151,5613
0.16783463,5612
0.167839179,5611
0.167844205,5610
0.167872179,5609
0.167878301,5608
0.167886021,5607
0.167940296,5606
0.168660674,5605
0.168702789,5604
0.168707211,5603
0.168711383,5602
0.168715816,5601
0.168769194,5600
0.168838915,5599
0.16884544,5598
0.16885049,5597
0.16885642,5596
0.168861686,5595
0.168865936,5594
0.168870233,5593
0.168874639,5592
0.168878782,5591
0.168902999,5590
0.171876304,5589
0.171884408,5588
0.171940224,5587
0.171945572,5586
0.171950952,5585
0.171955658,5584
0.171962486,5583
0.17196767,5582
0.171973799,5581
0.171978226,5580
0.171982952,5579
0.171987504,5578
0.17199203,5577
0.171999975,5576
0.172004623,5575
0.172014781,5574
0.172021205,5573
0.172026766,5572
0.172032509,5571
0.172038019,5570
0.172043945,5569
0.172048783,5568
0.172055106,5567
0.172061218,5566
0.172065651,5565
0.172069751,5564
0.172073911,5563
0.172368405,5562
0.172374644,5561
0.172379648,5560
0.172383216,5559
0.17238699,5558
0.172390232,5557
0.172393437,5556
0.172398013,5555
0.172403408,5554
0.17243418,5553
0.17256264,5552
0.172595888,5551
0.172605129,5550
0.172609861,5549
0.172615932,5548
0.172619465,5547
0.172622915,5546
0.172626591,5545
0.172630155,5544
0.172633955,5543
0.17263777,5542
0.172641371,5541
0.172644505,5540
0.172647745,5539
0.172650859,5538
0.172655392,5537
0.17266047,5536
0.172673083,5535
0.172684745,5534
0.172696101,5533
0.172705297,5532
0.172711695,5531
0.1727232,5530
0.172728346,5529
0.172740697,5528
0.172752983,5527
0.17275749,5526
0.172761261,5525
0.172765635,5524
0.172769115,5523
0.172771938,5522
0.172775125,5521
0.172778473,5520
0.172782907,5519
0.172786099,5518
0.172789434,5517
0.172794768,5516
0.172798241,5515
0.172802196,5514
0.172805897,5513
0.172811192,5512
0.17281511,5511
0.172819005,5510
0.17282271,5509
0.172827406,5508
0.172830437,5507
0.172834749,5506
0.172837696,5505
0.17284074,5504
0.172844948,5503
0.172847671,5502
0.172850449,5501
0.172853195,5500
0.172855873,5499
0.172858835,5498
0.172861632,5497
0.172864519,5496
0.172873567,5495
0.172877345,5494
0.172881801,5493
0.172884627,5492
0.172889206,5491
0.172892589,5490
0.172896132,5489
0.172899424,5488
0.172902635,5487
0.172905926,5486
0.172909207,5485
0.172912214,5484
0.172915008,5483
0.172919143,5482
0.172922286,5481
0.172925133,5480
0.172928049,5479
0.172930943,5478
0.172933755,5477
0.172937005,5476
0.172940053,5475
0.17294312,5474
0.172947522,5473
0.172949971,5472
0.1729541,5471
0.172956488,5470
0.172958679,5469
0.172960983,5468
0.172963878,5467
0.172966521,5466
0.172969289,5465
0.172971895,5464
0.172975849,5463
0.17298196,5462
0.172984631,5461
0.172987273,5460
0.17299046,5459
0.173028986,5458
0.173075255,5457
0.173079077,5456
0.173083852,5455
0.17318154,5454
0.173196296,5453
0.173201079,5452
0.173204699,5451
0.173207259,5450
0.173210542,5449
0.173213117,5448
0.173215633,5447
0.173218034,5446
0.173220454,5445
0.173222793,5444
0.17322519,5443
0.173227596,5442
0.173229803,5441
0.173231814,5440
0.173237408,5439
0.17324072,5438
0.173244802,5437
0.17324785,5436
0.173250774,5435
0.173254942,5434
0.173258589,5433
0.173261921,5432
0.173265354,5431
0.173268619,5430
0.173271722,5429
0.173274962,5428
0.173278039,5427
0.173282205,5426
0.173285246,5425
0.173288545,5424
0.173291972,5423
0.173296481,5422
0.173299638,5421
0.17330275,5420
0.173306997,5419
0.173310027,5418
0.173313364,5417
0.173316536,5416
0.173319494,5415
0.173323795,5414
0.173328388,5413
0.173331798,5412
0.173335305,5411
0.173338337,5410
0.173342315,5409
0.17334532,5408
0.173348305,5407
0.173352433,5406
0.173356761,5405
0.173359836,5404
0.173362713,5403
0.173365886,5402
0.173371131,5401
0.173374345,5400
0.173377626,5399
0.173383968,5398
0.173387281,5397
0.173393927,5396
0.173398161,5395
0.17340117,5394
0.173404444,5393
0.173414142,5392
0.1734175,5391
0.173420429,5390
0.173423378,5389
0.173426685,5388
0.173429586,5387
0.17343707,5386
0.173439749,5385
0.173443385,5384
0.17344598,5383
0.173448638,5382
0.173451541,5381
0.173456262,5380
0.173459038,5379
0.173461664,5378
0.173464407,5377
0.173468211,5376
0.173471035,5375
0.173477926,5374
0.173480601,5373
0.17348468,5372
0.173500367,5371
0.173508663,5370
0.173512561,5369
0.173518214,5368
0.173521016,5367
0.173524568,5366
0.173534424,5365
0.173538618,5364
0.173541914,5363
0.173547748,5362
0.17355283,5361
0.173559443,5360
0.173562135,5359
0.1735674,5358
0.173570199,5357
0.173573076,5356
0.173580485,5355
0.173583547,5354
0.173586722,5353
0.173591035,5352
0.173595635,5351
0.173603674,5350
0.173606574,5349
0.173610001,5348
0.17361324,5347
0.173619464,5346
0.173626203,5345
0.173629382,5344
0.173632652,5343
0.173645984,5342
0.173693407,5341
0.173700857,5340
0.173705443,5339
0.173708372,5338
0.173711326,5337
0.173713803,5336
0.173716283,5335
0.17371865,5334
0.173721265,5333
0.173723967,5332
0.173727243,5331
0.173729698,5330
0.173732207,5329
0.173734406,5328
0.173739852,5327
0.173742252,5326
0.17374639,5325
0.173750046,5324
0.173753475,5323
0.173758626,5322
0.173761584,5321
0.173766278,5320
0.173772319,5319
0.173776691,5318
0.173783948,5317
0.17378706,5316
0.173790341,5315
0.173793301,5314
0.173799424,5313
0.173802504,5312
0.173806094,5311
0.173808933,5310
0.1738129,5309
0.173815609,5308
0.173819956,5307
0.173823434,5306
0.173825995,5305
0.173830217,5304
0.173833042,5303
0.173835743,5302
0.173838519,5301
0.173841161,5300
0.173843939,5299
0.173848659,5298
0.173851939,5297
0.17385455,5296
0.173858269,5295
0.173860998,5294
0.173863711,5293
0.173867584,5292
0.173873574,5291
0.173877184,5290
0.173880243,5289
0.173889087,5288
0.173893397,5287
0.17389853,5286
0.173904023,5285
0.173907487,5284
0.173912557,5283
0.173915366,5282
0.173918062,5281
0.173921214,5280
0.173929451,5279
0.173932169,5278
0.173934982,5277
0.173939757,5276
0.173943649,5275
0.173946121,5274
0.173948824,5273
0.173951053,5272
0.173953457,5271
0.173966825,5270
0.173971601,5269
0.173975675,5268
0.173978443,5267
0.173981044,5266
0.173985667,5265
0.173989202,5264
0.173992181,5263
0.173994903,5262
0.173997619,5261
0.174007714,5260
0.174010632,5259
0.174015943,5258
0.17401891,5257
0.174021793,5256
0.174024655,5255
0.174027386,5254
0.174031047,5253
0.174033841,5252
0.174037339,5251
0.174040849,5250
0.174043709,5249
0.17404667,5248
0.174049504,5247
0.174052135,5246
0.174056159,5245
0.17405928,5244
0.174062283,5243
0.174066198,5242
0.174070502,5241
0.17407448,5240
0.1740777,5239
0.174083623,5238
0.174122486,5237
0.174127782,5236
0.174213372,5235
0.174217318,5234
0.174222227,5233
0.174225617,5232
0.17422939,5231
0.174232627,5230
0.174235642,5229
0.174238743,5228
0.174244427,5227
0.174250545,5226
0.174253762,5225
0.174256925,5224
0.174260085,5223
0.174264513,5222
0.174268764,5221
0.174272289,5220
0.174275442,5219
0.174279076,5218
0.174282228,5217
0.174298769,5216
0.174302444,5215
0.174306836,5214
0.17431115,5213
0.174314845,5212
0.174320773,5211
0.174324671,5210
0.174327736,5209
0.174330397,5208
0.17433399,5207
0.174338645,5206
0.174341599,5205
0.174344728,5204
0.174348549,5203
0.174401608,5202
0.174404355,5201
0.174406947,5200
0.174410385,5199
0.17441319,5198
0.174416808,5197
0.174420937,5196
0.174425589,5195
0.174429345,5194
0.174432125,5193
0.174434636,5192
0.174438609,5191
0.174443726,5190
0.174449765,5189
0.17446158,5188
0.1744647,5187
0.17446806,5186
0.174473196,5185
0.174477488,5184
0.174481433,5183
0.174485239,5182
0.17449065,5181
0.174493855,5180
0.174497195,5179
0.174500842,5178
0.174512213,5177
0.174520671,5176
0.174524922,5175
0.174530175,5174
0.174534793,5173
0.174541226,5172
0.174547161,5171
0.174550287,5170
0.174552953,5169
0.17455832,5168
0.174561257,5167
0.174565159,5166
0.174568503,5165
0.174570975,5164
0.174573395,5163
0.174576483,5162
0.174580828,5161
0.174584361,5160
0.174596936,5159
0.174599949,5158
0.174604494,5157
0.174607643,5156
0.174622251,5155
0.174624454,5154
0.174627935,5153
0.174630174,5152
0.174633293,5151
0.174638612,5150
0.174641678,5149
0.174644946,5148
0.174647991,5147
0.174652779,5146
0.174658335,5145
0.174661195,5144
0.174664158,5143
0.174667163,5142
0.174670309,5141
0.174673517,5140
0.174676473,5139
0.174681743,5138
0.174684966,5137
0.174689516,5136
0.174692149,5135
0.17469453,5134
0.174697874,5133
0.174700097,5132
0.174702518,5131
0.174707039,5130
0.17471065,5129
0.17471346,5128
0.174716254,5127
0.174720008,5126
0.174722469,5125
0.174724754,5124
0.174727234,5123
0.174730022,5122
0.174732627,5121
0.174735931,5120
0.174739325,5119
0.174744177,5118
0.174988974,5117
0.174995543,5116
0.1749989,5115
0.1750031,5114
0.175005384,5113
0.17500882,5112
0.175011944,5111
0.175014838,5110
0.175018448,5109
0.175021098,5108
0.175024147,5107
0.175027927,5106
0.175030087,5105
0.175033399,5104
0.175036379,5103
0.175039897,5102
0.175043227,5101
0.17504702,5100
0.175054814,5099
0.175059434,5098
0.175065204,5097
0.175969266,5096
0.175972022,5095
0.175978086,5094
0.175983841,5093
0.175987332,5092
0.175990869,5091
0.175994417,5090
0.175999165,5089
0.176116281,5088
0.176122307,5087
0.176181418,5086
0.176186783,5085
0.176191957,5084
0.176196875,5083
0.176200598,5082
0.176249008,5081
0.176256958,5080
0.176260826,5079
0.176264579,5078
0.176289486,5077
0.176301509,5076
0.176305343,5075
0.1763126,5074
0.176315506,5073
0.176318968,5072
0.176322411,5071
0.176328861,5070
0.176332549,5069
0.176344922,5068
0.176351066,5067
0.176354552,5066
0.176359068,5065
0.176363162,5064
0.176366632,5063
0.17637418,5062
0.176378848,5061
0.17638205,5060
0.176390439,5059
0.176394719,5058
0.176403096,5057
0.176414517,5056
0.176419282,5055
0.176425482,5054
0.176429446,5053
0.176433191,5052
0.176436887,5051
0.176440677,5050
0.176446102,5049
0.176452218,5048
0.176477118,5047
0.176480192,5046
0.176484205,5045
0.176489828,5044
0.17649357,5043
0.176498638,5042
0.176501799,5041
0.176504359,5040
0.176507994,5039
0.17651196,5038
0.176515766,5037
0.176683501,5036
0.176696198,5035
0.176699047,5034
0.176701798,5033
0.176704312,5032
0.176706786,5031
0.176710635,5030
0.176714903,5029
0.176718931,5028
0.17672387,5027
0.176729215,5026
0.176731862,5025
0.17673567,5024
0.176738476,5023
0.176741075,5022
0.176744055,5021
0.176747082,5020
0.176750509,5019
0.176753245,5018
0.176757163,5017
0.176760719,5016
0.176765637,5015
0.176768476,5014
0.176772455,5013
0.176774854,5012
0.176778033,5011
0.176782516,5010
0.176787102,5009
0.176791572,5008
0.176795705,5007
0.176799016,5006
0.176802049,5005
0.176805927,5004
0.176808985,5003
0.17681275,5002
0.176817038,5001
0.176820059,5000
0.176823025,4999
0.176825869,4998
0.176829604,4997
0.176834323,4996
0.176838882,4995
0.176843416,4994
0.176847568,4993
0.176850827,4992
0.176855155,4991
0.176858251,4990
0.176862516,4989
0.176866757,4988
0.176871369,4987
0.176874938,4986
0.176878088,4985
0.176881067,4984
0.176885567,4983
0.17689177,4982
0.176896515,4981
0.176899532,4980
0.176904624,4979
0.176907597,4978
0.176912168,4977
0.176915315,4976
0.176918511,4975
0.1769227,4974
0.176926589,4973
0.176929505,4972
0.176932459,4971
0.176936746,4970
0.176939734,4969
0.176942828,4968
0.176946172,4967
0.176951096,4966
0.176956446,4965
0.176964563,4964
0.176967733,4963
0.176973025,4962
0.176978509,4961
0.176987346,4960
0.17699068,4959
0.176993925,4958
0.176997944,4957
0.177002655,4956
0.177006106,4955
0.177009576,4954
0.177012853,4953
0.177017585,4952
0.177023591,4951
0.17702676,4950
0.1770303,4949
0.177033951,4948
0.177042753,4947
0.177049752,4946
0.177053159,4945
0.177056489,4944
0.177059606,4943
0.177064812,4942
0.177069214,4941
0.177072875,4940
0.177112907,4939
0.17711687,4938
0.177123946,4937
0.1771275,4936
0.177130884,4935
0.177134213,4934
0.177137916,4933
0.177141074,4932
0.177144233,4931
0.177148586,4930
0.177154157,4929
0.177159231,4928
0.177164555,4927
0.177172515,4926
0.177177162,4925
0.177180926,4924
0.177183878,4923
0.177189213,4922
0.177193809,4921
0.177196549,4920
0.177200287,4919
0.177203057,4918
0.177206532,4917
0.177209969,4916
0.177213317,4915
0.177216797,4914
0.17721995,4913
0.177223024,4912
0.177227914,4911
0.177231346,4910
0.177234268,4909
0.177240601,4908
0.177244514,4907
0.17724838,4906
0.177253307,4905
0.177257225,4904
0.177260707,4903
0.177265125,4902
0.177268164,4901
0.177271245,4900
0.177276956,4899
0.177282516,4898
0.177285541,4897
0.177288583,4896
0.177292028,4895
0.177295108,4894
0.177298353,4893
0.177301267,4892
0.177307858,4891
0.177310747,4890
0.177315526,4889
0.177319524,4888
0.177323607,4887
0.17732864,4886
0.177333273,4885
0.177336851,4884
0.177340206,4883
0.17734432,4882
0.177348894,4881
0.177358976,4880
0.177365949,4879
0.177370321,4878
0.17737487,4877
0.177379216,4876
0.177383484,4875
0.17738741,4874
0.177393065,4873
0.177398445,4872
0.177411931,4871
0.177415687,4870
0.177447303,4869
0.177452885,4868
0.177459356,4867
0.177464451,4866
0.17746933,4865
0.177473216,4864
0.177476211,4863
0.177481475,4862
0.177490129,4861
0.177495642,4860
0.177521028,4859
0.177525167,4858
0.177528471,4857
0.177531343,4856
0.177535807,4855
0.177541492,4854
0.177544171,4853
0.177547031,4852
0.177549662,4851
0.177554684,4850
0.177558213,4849
0.177560775,4848
0.17756364,4847
0.177567105,4846
0.177569835,4845
0.177572469,4844
0.177581911,4843
0.177584745,4842
0.177588591,4841
0.177591477,4840
0.177594207,4839
0.17759803,4838
0.177603671,4837
0.177609221,4836
0.177612086,4835
0.177614995,4834
0.177622916,4833
0.177625523,4832
0.177628373,4831
0.177632286,4830
0.177637814,4829
0.177640678,4828
0.177643616,4827
0.177646176,4826
0.177650247,4825
0.177657857,4824
0.177663528,4823
0.17766704,4822
0.177671877,4821
0.177687467,4820
0.177691256,4819
0.177697205,4818
0.177700034,4817
0.177702995,4816
0.17771224,4815
0.177714948,4814
0.177718949,4813
0.177723132,4812
0.177726762,4811
0.177729487,4810
0.177738926,4809
0.177741482,4808
0.177744395,4807
0.177747481,4806
0.177750001,4805
0.177752765,4804
0.177755562,4803
0.177759563,4802
0.177762175,4801
0.177764931,4800
0.177768652,4799
0.177776831,4798
0.177783643,4797
0.177786207,4796
0.17779006,4795
0.177792779,4794
0.177795406,4793
0.177798045,4792
0.177800524,4791
0.177809289,4790
0.177811779,4789
0.17781909,4788
0.177823599,4787
0.177826164,4786
0.177831238,4785
0.177833805,4784
0.177837912,4783
0.177840466,4782
0.17784718,4781
0.177849711,4780
0.17785253,4779
0.177856791,4778
0.17785927,4777
0.17786193,4776
0.177864823,4775
0.177867364,4774
0.177869766,4773
0.177876145,4772
0.17787982,4771
0.177883463,4770
0.177887814,4769
0.177892942,4768
0.177896953,4767
0.177901084,4766
0.177905786,4765
0.177908462,4764
0.177911793,4763
0.177917813,4762
0.177953637,4761
0.177957407,4760
0.177959596,4759
0.177963193,4758
0.177966844,4757
0.177970419,4756
0.177976635,4755
0.177980923,4754
0.177984077,4753
0.177987782,4752
0.178010136,4751
0.178015228,4750
0.178023809,4749
0.178030599,4748
0.17803467,4747
0.178041347,4746
0.178045805,4745
0.178053483,4744
0.178059922,4743
0.178065139,4742
0.178069379,4741
0.178080026,4740
0.178084864,4739
0.178100154,4738
0.178104122,4737
0.178109385,4736
0.178115395,4735
0.178121153,4734
0.178127965,4733
0.178133102,4732
0.178136851,4731
0.17814059,4730
0.178148884,4729
0.178153339,4728
0.178159287,4727
0.178167026,4726
0.178173796,4725
0.178177527,4724
0.178182182,4723
0.178185597,4722
0.178189104,4721
0.178192682,4720
0.178202769,4719
0.178207694,4718
0.178212448,4717
0.17821736,4716
0.178221014,4715
0.178225457,4714
0.178229831,4713
0.178234234,4712
0.178236802,4711
0.178240526,4710
0.178243233,4709
0.178246992,4708
0.178251717,4707
0.178264402,4706
0.178278409,4705
0.178281412,4704
0.178284738,4703
0.178287874,4702
0.178291274,4701
0.178297016,4700
0.178310737,4699
0.178316004,4698
0.178319072,4697
0.178323245,4696
0.178327412,4695
0.178330561,4694
0.178333977,4693
0.178349033,4692
0.178356155,4691
0.178362612,4690
0.178369511,4689
0.178372873,4688
0.17837608,4687
0.178379347,4686
0.178382714,4685
0.178385793,4684
0.178390233,4683
0.178393386,4682
0.178403318,4681
0.178406956,4680
0.178412866,4679
0.178416388,4678
0.178419351,4677
0.178424005,4676
0.178427531,4675
0.178433655,4674
0.178436706,4673
0.178439901,4672
0.17844282,4671
0.17844622,4670
0.178448781,4669
0.178452354,4668
0.178454855,4667
0.17845721,4666
0.178460343,4665
0.178463894,4664
0.178469694,4663
0.17847796,4662
0.1784876,4661
0.178492959,4660
0.178501761,4659
0.178506427,4658
0.178510452,4657
0.178542359,4656
0.178547074,4655
0.178549798,4654
0.178555239,4653
0.178558315,4652
0.178561203,4651
0.178569679,4650
0.178576026,4649
0.178585131,4648
0.178588613,4647
0.178596088,4646
0.17859892,4645
0.178602404,4644
0.178605729,4643
0.178609075,4642
0.178613121,4641
0.178618254,4640
0.17862239,4639
0.178635194,4638
0.178639356,4637
0.178653296,4636
0.178657794,4635
0.178661398,4634
0.178664788,4633
0.178667991,4632
0.178671556,4631
0.178675451,4630
0.178682238,4629
0.178696494,4628
0.178699947,4627
0.178723454,4626
0.178726822,4625
0.178731377,4624
0.178737343,4623
0.178755795,4622
0.17877073,4621
0.17877595,4620
0.178779073,4619
0.178799018,4618
0.178840619,4617
0.178845655,4616
0.178879684,4615
0.17891569,4614
0.178920851,4613
0.179033394,4612
0.179201013,4611
0.179206118,4610
0.179373733,4609
0.179388064,4608
0.179427754,4607
0.179432329,4606
0.179447316,4605
0.179480934,4604
0.179486284,4603
0.179491134,4602
0.179497843,4601
0.179500885,4600
0.179503378,4599
0.179507491,4598
0.179512612,4597
0.179515859,4596
0.179520605,4595
0.17952821,4594
0.179534839,4593
0.17953985,4592
0.179584509,4591
0.179590292,4590
0.179597053,4589
0.179602073,4588
0.179641974,4587
0.179646167,4586
0.179669152,4585
0.179701582,4584
0.179704562,4583
0.17970821,4582
0.17971589,4581
0.179719753,4580
0.179723562,4579
0.179734948,4578
0.17973914,4577
0.179743135,4576
0.179748346,4575
0.179754576,4574
0.17975854,4573
0.179765346,4572
0.17977289,4571
0.179776457,4570
0.179796773,4569
0.179801637,4568
0.179805751,4567
0.179811619,4566
0.179816629,4565
0.179826309,4564
0.179829901,4563
0.179833066,4562
0.179838657,4561
0.179887606,4560
0.179892299,4559
0.17989497,4558
0.179900723,4557
0.179903705,4556
0.17990706,4555
0.179912448,4554
0.180456541,4553
0.180459458,4552
0.180462395,4551
0.180471336,4550
0.180474174,4549
0.180477223,4548
0.180482542,4547
0.180485564,4546
0.180492524,4545
0.18049572,4544
0.180501163,4543
0.180505491,4542
0.180508212,4541
0.180511029,4540
0.180514023,4539
0.180518228,4538
0.180521518,4537
0.180536374,4536
0.180701966,4535
0.180735473,4534
0.18074566,4533
0.180749657,4532
0.180753057,4531
0.180756705,4530
0.180759404,4529
0.180762466,4528
0.180765259,4527
0.180769017,4526
0.180771776,4525
0.180775537,4524
0.180781941,4523
0.18078493,4522
0.180791266,4521
0.180795167,4520
0.180799319,4519
0.180807137,4518
0.180811976,4517
0.18081552,4516
0.180820483,4515
0.18082673,4514
0.180829892,4513
0.180833853,4512
0.18084149,4511
0.180845148,4510
0.180849343,4509
0.180851836,4508
0.180856571,4507
0.180859383,4506
0.180862043,4505
0.180864582,4504
0.180868287,4503
0.180871453,4502
0.180873771,4501
0.180877775,4500
0.180881095,4499
0.18088424,4498
0.180888548,4497
0.180892301,4496
0.180895541,4495
0.180902248,4494
0.180909916,4493
0.180913102,4492
0.180915742,4491
0.180919128,4490
0.180921826,4489
0.180924456,4488
0.180926749,4487
0.180938009,4486
0.180952273,4485
0.180956166,4484
0.180974032,4483
0.180980373,4482
0.181010973,4481
0.18103841,4480
0.181086907,4479
0.181091117,4478
0.181095959,4477
0.181137086,4476
0.181168601,4475
0.181219098,4474
0.181246199,4473
0.181249939,4472
0.181255105,4471
0.18125929,4470
0.181264266,4469
0.181267644,4468
0.181273162,4467
0.18127891,4466
0.181281804,4465
0.181285346,4464
0.181287878,4463
0.1812926,4462
0.181297137,4461
0.181302861,4460
0.181306254,4459
0.181381149,4458
0.181399416,4457
0.181405582,4456
0.18140988,4455
0.181414136,4454
0.181418179,4453
0.181424829,4452
0.181430255,4451
0.181434204,4450
0.181437711,4449
0.181444504,4448
0.181448421,4447
0.181453393,4446
0.181460904,4445
0.18150011,4444
0.181503989,4443
0.181507707,4442
0.181513195,4441
0.181516188,4440
0.18151964,4439
0.181527069,4438
0.181532578,4437
0.181537674,4436
0.181544807,4435
0.181549639,4434
0.181615163,4433
0.181624805,4432
0.181869616,4431
0.181873772,4430
0.181879408,4429
0.181882812,4428
0.181889701,4427
0.181894588,4426
0.181900501,4425
0.18190686,4424
0.181912836,4423
0.181920346,4422
0.181925091,4421
0.181933045,4420
0.181937164,4419
0.181948177,4418
0.181953615,4417
0.181960464,4416
0.181964064,4415
0.181968129,4414
0.181971239,4413
0.181975549,4412
0.181981381,4411
0.181987363,4410
0.181991285,4409
0.181994379,4408
0.18199775,4407
0.182001712,4406
0.182009758,4405
0.182015251,4404
0.18202054,4403
0.182024485,4402
0.182031526,4401
0.182035116,4400
0.182072331,4399
0.182076347,4398
0.182087038,4397
0.182101676,4396
0.182105093,4395
0.182141039,4394
0.182145339,4393
0.182150869,4392
0.18215426,4391
0.182159119,4390
0.182161594,4389
0.182164528,4388
0.182168147,4387
0.182172981,4386
0.182177677,4385
0.182180743,4384
0.18218604,4383
0.182193073,4382
0.182205649,4381
0.182209609,4380
0.182212184,4379
0.182220494,4378
0.182222863,4377
0.18222806,4376
0.182231758,4375
0.182235966,4374
0.182238206,4373
0.182241422,4372
0.182246019,4371
0.182248984,4370
0.18225211,4369
0.182260402,4368
0.182266578,4367
0.182272839,4366
0.182281651,4365
0.1822844,4364
0.182287704,4363
0.182294426,4362
0.182297041,4361
0.182302338,4360
0.182308252,4359
0.182314024,4358
0.182320761,4357
0.182332343,4356
0.18237426,4355
0.182380673,4354
0.182389878,4353
0.182393494,4352
0.182400263,4351
0.182410703,4350
0.182417857,4349
0.182426164,4348
0.182429258,4347
0.182432471,4346
0.182459131,4345
0.182461714,4344
0.182466631,4343
0.182477955,4342
0.18248221,4341
0.182484656,4340
0.182487442,4339
0.18249001,4338
0.182492836,4337
0.182495527,4336
0.182498138,4335
0.182501519,4334
0.182503831,4333
0.182506488,4332
0.182514195,4331
0.18251876,4330
0.182521345,4329
0.182524798,4328
0.182528211,4327
0.182531702,4326
0.182534926,4325
0.182539218,4324
0.182546905,4323
0.1825509,4322
0.182556203,4321
0.182559493,4320
0.1825639,4319
0.182567111,4318
0.182573198,4317
0.182575764,4316
0.182578529,4315
0.182583887,4314
0.182591175,4313
0.182595301,4312
0.18260024,4311
0.182609226,4310
0.182612265,4309
0.182615619,4308
0.182618799,4307
0.182622172,4306
0.182625803,4305
0.182631074,4304
0.182635234,4303
0.182641956,4302
0.182651857,4301
0.182656042,4300
0.182663155,4299
0.182666192,4298
0.182669476,4297
0.182674151,4296
0.182677828,4295
0.182689418,4294
0.182692296,4293
0.182695605,4292
0.182698421,4291
0.182708594,4290
0.182738519,4289
0.182747807,4288
0.182752351,4287
0.182757472,4286
0.182761043,4285
0.18276386,4284
0.18276752,4283
0.182779762,4282
0.182783146,4281
0.182787466,4280
0.182792752,4279
0.182796611,4278
0.182799017,4277
0.182804044,4276
0.182811323,4275
0.182814226,4274
0.182819913,4273
0.182826067,4272
0.182830627,4271
0.182833676,4270
0.182836695,4269
0.18284499,4268
0.182848564,4267
0.18285822,4266
0.182860824,4265
0.182864013,4264
0.182867597,4263
0.182873291,4262
0.182877311,4261
0.182889856,4260
0.182894652,4259
0.182898959,4258
0.182902439,4257
0.182905602,4256
0.182914041,4255
0.182934578,4254
0.182941771,4253
0.182945653,4252
0.182972668,4251
0.182978673,4250
0.183017632,4249
0.183022654,4248
0.183028907,4247
0.183033589,4246
0.183045663,4245
0.18304846,4244
0.183052847,4243
0.183057537,4242
0.183060361,4241
0.18308324,4240
0.183085888,4239
0.183088519,4238
0.183095971,4237
0.183099336,4236
0.183102054,4235
0.183107706,4234
0.18311125,4233
0.183122734,4232
0.183128152,4231
0.183137088,4230
0.183141025,4229
0.183166438,4228
0.183214497,4227
0.183219855,4226
0.183225685,4225
0.183229605,4224
0.183235938,4223
0.183241296,4222
0.183245409,4221
0.183252231,4220
0.18326043,4219
0.183266651,4218
0.183270064,4217
0.183855724,4216
0.183866073,4215
0.183871052,4214
0.183874217,4213
0.183878632,4212
0.183884281,4211
0.183889926,4210
0.183894708,4209
0.183900409,4208
0.183906192,4207
0.183909368,4206
0.183914625,4205
0.183920205,4204
0.183924301,4203
0.183928383,4202
0.183960548,4201
0.183963814,4200
0.18397441,4199
0.183978841,4198
0.183981758,4197
0.183984703,4196
0.184026159,4195
0.184033184,4194
0.184037845,4193
0.184048132,4192
0.184058671,4191
0.184062791,4190
0.184068586,4189
0.184073283,4188
0.184079745,4187
0.184083495,4186
0.184093785,4185
0.184108901,4184
0.184112316,4183
0.184115567,4182
0.184123366,4181
0.184127581,4180
0.184132033,4179
0.184136149,4178
0.18414136,4177
0.184146348,4176
0.184151086,4175
0.184161707,4174
0.184164746,4173
0.184167687,4172
0.184175462,4171
0.184183709,4170
0.184191829,4169
0.184194907,4168
0.184197576,4167
0.184203783,4166
0.184211035,4165
0.184214801,4164
0.184218798,4163
0.184227399,4162
0.184232233,4161
0.184235879,4160
0.184238652,4159
0.184241616,4158
0.184244709,4157
0.184249,4156
0.184258259,4155
0.184261619,4154
0.184267917,4153
0.184277747,4152
0.184283966,4151
0.184291038,4150
0.184326127,4149
0.184377338,4148
0.184382228,4147
0.184387187,4146
0.184398687,4145
0.18440373,4144
0.184407228,4143
0.184416303,4142
0.184419954,4141
0.184434528,4140
0.184446241,4139
0.184449266,4138
0.184460705,4137
0.18446371,4136
0.184467605,4135
0.184473437,4134
0.184477715,4133
0.184484397,4132
0.184487662,4131
0.184496893,4130
0.184500067,4129
0.184506892,4128
0.184511883,4127
0.184516584,4126
0.184520782,4125
0.18452727,4124
0.184532915,4123
0.184536771,4122
0.184542268,4121
0.184568328,4120
0.184574282,4119
0.184578805,4118
0.184582824,4117
0.18458631,4116
0.184591838,4115
0.184599867,4114
0.184612083,4113
0.184788644,4112
0.184796802,4111
0.184810091,4110
0.184828496,4109
0.184840019,4108
0.184845058,4107
0.184884094,4106
0.18488701,4105
0.184891872,4104
0.184904792,4103
0.184909723,4102
0.184922728,4101
0.18492887,4100
0.184935918,4099
0.184941244,4098
0.184961143,4097
0.18497004,4096
0.184973082,4095
0.18497692,4094
0.184988304,4093
0.184992564,4092
0.18499566,4091
0.184998387,4090
0.185003929,4089
0.185007739,4088
0.185012681,4087
0.185020116,4086
0.185042503,4085
0.185049801,4084
0.18505271,4083
0.185064285,4082
0.185073811,4081
0.185081853,4080
0.18509044,4079
0.185094272,4078
0.185099898,4077
0.185107495,4076
0.185114591,4075
0.185972782,4074
0.185975573,4073
0.185984444,4072
0.186019444,4071
0.186022814,4070
0.186033592,4069
0.186050172,4068
0.186056943,4067
0.186059189,4066
0.186085352,4065
0.186092959,4064
0.186118974,4063
0.186141602,4062
0.186144909,4061
0.186172121,4060
0.186215306,4059
0.186238971,4058
0.186243833,4057
0.186266002,4056
0.18628966,4055
0.186343682,4054
0.186350587,4053
0.186358253,4052
0.186361598,4051
0.186369821,4050
0.186372484,4049
0.186377394,4048
0.186385786,4047
0.186388614,4046
0.1863935,4045
0.186400423,4044
0.186448523,4043
0.18647152,4042
0.186499701,4041
0.186504032,4040
0.186513027,4039
0.186522562,4038
0.186539302,4037
0.186553273,4036
0.186617189,4035
0.186629144,4034
0.186650431,4033
0.186688539,4032
0.187077115,4031
0.187090426,4030
0.187109683,4029
0.187128501,4028
0.187137016,4027
0.187147654,4026
0.187158451,4025
0.18716185,4024
0.187175361,4023
0.187180799,4022
0.187201734,4021
0.187222047,4020
0.187238224,4019
0.187255167,4018
0.187309675,4017
0.187353203,4016
0.187393582,4015
0.187409101,4014
0.187455883,4013
0.187459439,4012
0.187476819,4011
0.18753262,4010
0.18753549,4009
0.187569013,4008
0.187574647,4007
0.18759356,4006
0.187601972,4005
0.187626629,4004
0.187663845,4003
0.187668099,4002
0.188107406,4001
0.188132838,4000
0.188150293,3999
0.188169799,3998
0.18818352,3997
0.188227029,3996
0.188250465,3995
0.188292672,3994
0.188359216,3993
0.188442089,3992
0.188497679,3991
0.188501554,3990
0.188529975,3989
0.188601261,3988
0.188614215,3987
0.188868926,3986
0.18889538,3985
0.189043387,3984
0.18907143,3983
0.189289626,3982
0.189629355,3981
0.189817136,3980
0.189996243,3979
0.190754579,3978
0.190886579,3977
0.221116513,3976
0.235016023,3975
0.296643342,3974
0.390390036,3973
0.471666445,3972
0.508386303,3971
0.574514273,3970
0.666547322,3969
0.811888355,3968
0.832863119,3967
0.894498026,3966
0.952953696,3965
1.056000921,3964
1.077245497,3963
1.158484464,3962
1.226964745,3961
1.387265491,3960
1.419867142,3959
1.471545711,3958
1.501580311,3957
1.691798605,3956
1.741940963,3955
1.748651046,3954
2.033128458,3953
2.134764481,3952
2.311204874,3951
2.635985801,3950
2.994094859,3949
3.049158172,3948
3.243303921,3947
3.358076724,3946
3.421729669,3945
3.440798962,3944
3.56534116,3943
3.642670308,3942
3.679742025,3941
3.826270098,3940
4.100722857,3939
4.34671159,3938
4.639851754,3937
4.69815307,3936
5.629460719,3935
5.776856945,3934
5.927306916,3933
7.221383892,3932
