0.217291526,5837
0.217382717,5836
0.217435236,5835
0.217490634,5834
0.217563687,5833
0.217603941,5832
0.21763785,5831
0.217660225,5830
0.217678477,5829
0.217698226,5828
0.217712866,5827
0.217737354,5826
0.217757685,5825
0.217782924,5824
0.217801757,5823
0.217815528,5822
0.217854755,5821
0.217903453,5820
0.217915751,5819
0.217927511,5818
0.217941714,5817
0.217953505,5816
0.217997759,5815
0.218041815,5814
0.218085846,5813
0.218140324,5812
0.218151681,5811
0.21819505,5810
0.21823511,5809
0.218737978,5808
0.218753917,5807
0.218776998,5806
0.218800048,5805
0.218821992,5804
0.218844427,5803
0.218869471,5802
0.218914043,5801
0.218929693,5800
0.218948073,5799
0.218970293,5798
0.218989729,5797
0.219008393,5796
0.219023693,5795
0.219042579,5794
0.219057559,5793
0.219071115,5792
0.21909401,5791
0.219141228,5790
0.219171012,5789
0.219193221,5788
0.219205742,5787
0.219219342,5786
0.219230356,5785
0.219241997,5784
0.219269228,5783
0.2192901,5782
0.219308504,5781
0.219325713,5780
0.219347902,5779
0.219373407,5778
0.219417617,5777
0.219431939,5776
0.219444758,5775
0.219457739,5774
0.219478168,5773
0.219491735,5772
0.219505881,5771
0.219523929,5770
0.219536737,5769
0.219551743,5768
0.219588757,5767
0.219597873,5766
0.219644117,5765
0.219653602,5764
0.2196947,5763
0.219704939,5762
0.219714225,5761
0.219725377,5760
0.219737851,5759
0.219817695,5758
0.219835825,5757
0.219905695,5756
0.219929654,5755
0.219956285,5754
0.219977432,5753
0.219991704,5752
0.220011536,5751
0.220020045,5750
0.220033988,5749
0.220068822,5748
0.220082574,5747
0.220089706,5746
0.220097753,5745
0.220105152,5744
0.220112726,5743
0.220120284,5742
0.220128836,5741
0.220142694,5740
0.220150737,5739
0.220163006,5738
0.220172917,5737
0.220181319,5736
0.220188454,5735
0.220194718,5734
0.220201051,5733
0.220206833,5732
0.220215951,5731
0.220257395,5730
0.220263142,5729
0.22026913,5728
0.220275121,5727
0.220283476,5726
0.220290215,5725
0.220295882,5724
0.220301548,5723
0.220309776,5722
0.22032707,5721
0.220340579,5720
0.220351604,5719
0.220362093,5718
0.22037167,5717
0.220395016,5716
0.22043234,5715
0.220474873,5714
0.220493571,5713
0.220500981,5712
0.220515699,5711
0.220553771,5710
0.220563211,5709
0.220603996,5708
0.220611209,5707
0.220653521,5706
0.220689873,5705
0.220697855,5704
0.220706104,5703
0.220715344,5702
0.220749677,5701
0.220758898,5700
0.220766443,5699
0.220774069,5698
0.220782205,5697
0.220789999,5696
0.22079758,5695
0.220804388,5694
0.220812447,5693
0.22081945,5692
0.220826131,5691
0.220833004,5690
0.220841151,5689
0.220848776,5688
0.220855986,5687
0.220863653,5686
0.220870955,5685
0.220878156,5684
0.220901957,5683
0.220907312,5682
0.220912165,5681
0.22091695,5680
0.220921726,5679
0.220928159,5678
0.220933014,5677
0.220940399,5676
0.220947639,5675
0.22095295,5674
0.220957842,5673
0.220962947,5672
0.220968039,5671
0.22097374,5670
0.2209792,5669
0.22098876,5668
0.221007429,5667
0.221033608,5666
0.221039944,5665
0.221045257,5664
0.221050801,5663
0.221098706,5662
0.221143398,5661
0.221148382,5660
0.221153836,5659
0.221450329,5658
0.221486811,5657
0.2214916,5656
0.22149731,5655
0.221504313,5654
0.221509109,5653
0.221513862,5652
0.221519301,5651
0.221541243,5650
0.221561983,5649
0.221567711,5648
0.221574287,5647
0.221580431,5646
0.221592158,5645
0.225539964,5644
0.225578677,5643
0.225589659,5642
0.225603666,5641
0.225610184,5640
0.225614773,5639
0.225619412,5638
0.225623527,5637
0.225628604,5636
0.225632516,5635
0.225636932,5634
0.225642212,5633
0.225649202,5632
0.225656098,5631
0.225665277,5630
0.225670667,5629
0.225675554,5628
0.225680676,5627
0.225685413,5626
0.225690045,5625
0.225694794,5624
0.225700989,5623
0.225707042,5622
0.225712764,5621
0.225718875,5620
0.225724282,5619
0.225730254,5618
0.225735735,5617
0.225740835,5616
0.22574604,5615
0.225755032,5614
0.225763836,5613
0.225770982,5612
0.225776652,5611
0.225781999,5610
0.225787102,5609
0.225792191,5608
0.225797693,5607
0.225802014,5606
0.225807693,5605
0.225813234,5604
0.225817491,5603
0.225822333,5602
0.225825739,5601
0.225843332,5600
0.225849248,5599
0.225972133,5598
0.22597808,5597
0.225983851,5596
0.225993354,5595
0.226000154,5594
0.226004707,5593
0.226008674,5592
0.226012346,5591
0.226017336,5590
0.226031454,5589
0.22603866,5588
0.226043252,5587
0.22604749,5586
0.22605206,5585
0.226058812,5584
0.226063735,5583
0.226068232,5582
0.226073114,5581
0.226077517,5580
0.226081871,5579
0.226086763,5578
0.226091789,5577
0.226096974,5576
0.226103035,5575
0.22610926,5574
0.226113353,5573
0.226118027,5572
0.226122552,5571
0.226128344,5570
0.226132504,5569
0.22614091,5568
0.226145081,5567
0.226157983,5566
0.226163344,5565
0.22616793,5564
0.226172098,5563
0.226176561,5562
0.226191833,5561
0.226196033,5560
0.226200212,5559
0.226204431,5558
0.226209226,5557
0.226214774,5556
0.226219259,5555
0.226224415,5554
0.22623898,5553
0.226248648,5552
0.226258306,5551
0.226266632,5550
0.226277275,5549
0.226285376,5548
0.226291805,5547
0.226298173,5546
0.226304278,5545
0.226311598,5544
0.226316309,5543
0.226321659,5542
0.226327069,5541
0.226332452,5540
0.226337129,5539
0.226343394,5538
0.226354157,5537
0.226359726,5536
0.226372196,5535
0.226380363,5534
0.22641968,5533
0.22645952,5532
0.22649888,5531
0.226504634,5530
0.226515357,5529
0.226529645,5528
0.226541953,5527
0.226549511,5526
0.226555765,5525
0.226572559,5524
0.226578919,5523
0.226583985,5522
0.226590378,5521
0.226594312,5520
0.226602018,5519
0.22660678,5518
0.22661202,5517
0.226622202,5516
0.226632642,5515
0.226720106,5514
0.226734083,5513
0.226834437,5512
0.226848758,5511
0.22685569,5510
0.226896615,5509
0.226946955,5508
0.22699243,5507
0.227021187,5506
0.227037164,5505
0.227077025,5504
0.227087102,5503
0.227092593,5502
0.227097843,5501
0.227104352,5500
0.227111564,5499
0.22711896,5498
0.227124062,5497
0.227143112,5496
0.227154346,5495
0.227195492,5494
0.227242406,5493
0.227248793,5492
0.22726069,5491
0.227266821,5490
0.227273748,5489
0.227279166,5488
0.227284159,5487
0.227325806,5486
0.227367056,5485
0.227371735,5484
0.227377384,5483
0.227421246,5482
0.227463266,5481
0.227469538,5480
0.227481168,5479
0.227488135,5478
0.227492765,5477
0.227496967,5476
0.2275201,5475
0.227526,5474
0.227533722,5473
0.227539702,5472
0.227543965,5471
0.227551418,5470
0.227557178,5469
0.227561336,5468
0.227566163,5467
0.227570197,5466
0.227573626,5465
0.227577176,5464
0.227580944,5463
0.227585389,5462
0.227590006,5461
0.227604097,5460
0.227615087,5459
0.227619337,5458
0.227624908,5457
0.227634728,5456
0.227644379,5455
0.227651203,5454
0.227655221,5453
0.227659333,5452
0.227663394,5451
0.227667932,5450
0.227671911,5449
0.227675649,5448
0.227679316,5447
0.227682991,5446
0.227686848,5445
0.227690286,5444
0.227696533,5443
0.227699966,5442
0.2277038,5441
0.227706955,5440
0.227710066,5439
0.227713371,5438
0.227716723,5437
0.227720216,5436
0.22772517,5435
0.227731621,5434
0.227737743,5433
0.227740603,5432
0.227743877,5431
0.227747799,5430
0.227756562,5429
0.227759626,5428
0.227762715,5427
0.227770835,5426
0.227776111,5425
0.227785107,5424
0.227791571,5423
0.227796141,5422
0.227802832,5421
0.227807232,5420
0.227812543,5419
0.227817179,5418
0.227821507,5417
0.227826079,5416
0.227838719,5415
0.227843508,5414
0.227848557,5413
0.227853266,5412
0.227870036,5411
0.227873503,5410
0.227876824,5409
0.227880074,5408
0.227888071,5407
0.227894627,5406
0.227900954,5405
0.22792649,5404
0.227938325,5403
0.227952013,5402
0.227965837,5401
0.227987044,5400
0.228012988,5399
0.228020356,5398
0.228043696,5397
0.228055455,5396
0.22806445,5395
0.228094212,5394
0.228105524,5393
0.228133982,5392
0.228138278,5391
0.228142071,5390
0.228148476,5389
0.228153503,5388
0.228183369,5387
0.228186809,5386
0.228190696,5385
0.228224227,5384
0.228229839,5383
0.228238469,5382
0.228243598,5381
0.228252714,5380
0.228258496,5379
0.228371693,5378
0.228530287,5377
0.228537509,5376
0.228549187,5375
0.228560238,5374
0.228564453,5373
0.228568352,5372
0.228585098,5371
0.228591359,5370
0.228602737,5369
0.228606299,5368
0.228610733,5367
0.228624098,5366
0.228634761,5365
0.228643358,5364
0.228647369,5363
0.228651543,5362
0.228655301,5361
0.228658829,5360
0.228662704,5359
0.228667635,5358
0.228671891,5357
0.228677938,5356
0.22868165,5355
0.228685289,5354
0.228688984,5353
0.228693596,5352
0.228696547,5351
0.22870448,5350
0.228707018,5349
0.228709541,5348
0.228712523,5347
0.228717772,5346
0.228723648,5345
0.228726398,5344
0.228729226,5343
0.228731855,5342
0.228735273,5341
0.22874264,5340
0.228745575,5339
0.228748046,5338
0.228752773,5337
0.228755314,5336
0.228757815,5335
0.228762519,5334
0.228765095,5333
0.228768655,5332
0.228772086,5331
0.228775395,5330
0.228781778,5329
0.228786428,5328
0.228791013,5327
0.228798301,5326
0.228804791,5325
0.228862853,5324
0.228868399,5323
0.228875905,5322
0.228886938,5321
0.228894738,5320
0.228903544,5319
0.228910351,5318
0.228914312,5317
0.228918106,5316
0.228922587,5315
0.228926266,5314
0.228929731,5313
0.228935175,5312
0.228938226,5311
0.228941436,5310
0.228944251,5309
0.22894795,5308
0.228951692,5307
0.228969185,5306
0.22897281,5305
0.228975904,5304
0.228979744,5303
0.228982519,5302
0.228986576,5301
0.228989342,5300
0.228994821,5299
0.228998752,5298
0.229001827,5297
0.229017397,5296
0.229023269,5295
0.229027897,5294
0.229032732,5293
0.229038263,5292
0.229042097,5291
0.229046489,5290
0.229052098,5289
0.229056664,5288
0.229064195,5287
0.22906908,5286
0.229073734,5285
0.229079992,5284
0.229084099,5283
0.229088702,5282
0.229092852,5281
0.229105384,5280
0.229111066,5279
0.229114601,5278
0.229132403,5277
0.229138052,5276
0.229158507,5275
0.229224962,5274
0.229237635,5273
0.229243456,5272
0.229249645,5271
0.229256208,5270
0.229379555,5269
0.229383742,5268
0.229388476,5267
0.229393654,5266
0.229397433,5265
0.229401151,5264
0.229404672,5263
0.229409422,5262
0.229413167,5261
0.229418964,5260
0.229424011,5259
0.229427426,5258
0.229431091,5257
0.229476394,5256
0.229483194,5255
0.22948708,5254
0.22949187,5253
0.229495911,5252
0.229501012,5251
0.229506426,5250
0.229511021,5249
0.229531686,5248
0.229619856,5247
0.22962544,5246
0.229629839,5245
0.229634468,5244
0.229648823,5243
0.229655185,5242
0.229660306,5241
0.229663545,5240
0.229668287,5239
0.229680456,5238
0.229685402,5237
0.229688892,5236
0.229692522,5235
0.22970018,5234
0.229704319,5233
0.229708113,5232
0.229711552,5231
0.229717271,5230
0.229722275,5229
0.229727539,5228
0.229734369,5227
0.229739849,5226
0.229743492,5225
0.229747455,5224
0.229750952,5223
0.229754361,5222
0.229760314,5221
0.229763818,5220
0.229767111,5219
0.229770358,5218
0.229774984,5217
0.229778573,5216
0.229782901,5215
0.229834154,5214
0.229838721,5213
0.229843145,5212
0.229846295,5211
0.22985028,5210
0.229853256,5209
0.229857735,5208
0.229862567,5207
0.229866936,5206
0.229870089,5205
0.229875967,5204
0.229878972,5203
0.22988317,5202
0.2298906,5201
0.229894111,5200
0.229897509,5199
0.229902294,5198
0.229908336,5197
0.229911976,5196
0.229915861,5195
0.229921292,5194
0.229925038,5193
0.229966618,5192
0.229970317,5191
0.229975072,5190
0.229981177,5189
0.230020342,5188
0.230060247,5187
0.230067367,5186
0.23007558,5185
0.230080551,5184
0.230084447,5183
0.230094838,5182
0.230101863,5181
0.230107389,5180
0.23013167,5179
0.230142146,5178
0.230170192,5177
0.230195156,5176
0.230199441,5175
0.230202977,5174
0.230205673,5173
0.230208167,5172
0.230211318,5171
0.230213822,5170
0.230217534,5169
0.230222128,5168
0.230224477,5167
0.230226764,5166
0.23022892,5165
0.230231592,5164
0.230234936,5163
0.230238693,5162
0.230241787,5161
0.230244241,5160
0.230246342,5159
0.230250407,5158
0.230253204,5157
0.23025624,5156
0.230261129,5155
0.230265451,5154
0.230269368,5153
0.230272646,5152
0.230301094,5151
0.230306963,5150
0.23031978,5149
0.230326914,5148
0.230332194,5147
0.230338716,5146
0.23034245,5145
0.23035228,5144
0.230357522,5143
0.230361279,5142
0.230368255,5141
0.230374457,5140
0.23037983,5139
0.230422801,5138
0.230428837,5137
0.230434198,5136
0.230444006,5135
0.230449752,5134
0.230454493,5133
0.230459552,5132
0.230468012,5131
0.230473137,5130
0.230476644,5129
0.230480397,5128
0.230542171,5127
0.230552151,5126
0.230557904,5125
0.230564417,5124
0.230568578,5123
0.230592683,5122
0.230679863,5121
0.230684308,5120
0.230690104,5119
0.230694898,5118
0.230701838,5117
0.230705317,5116
0.23071267,5115
0.230716232,5114
0.230720824,5113
0.230724397,5112
0.230729818,5111
0.230733526,5110
0.230739598,5109
0.230747701,5108
0.230752758,5107
0.230756574,5106
0.230798175,5105
0.230805473,5104
0.230813579,5103
0.23081994,5102
0.230823588,5101
0.230827329,5100
0.230832301,5099
0.230836124,5098
0.230851833,5097
0.232069909,5096
0.232075113,5095
0.232125297,5094
0.232131226,5093
0.232135353,5092
0.232140351,5091
0.232145904,5090
0.232150887,5089
0.232156155,5088
0.232160594,5087
0.23216411,5086
0.232167567,5085
0.232170939,5084
0.232174458,5083
0.232181475,5082
0.232386915,5081
0.232392456,5080
0.232400154,5079
0.232410003,5078
0.232578797,5077
0.23258456,5076
0.232595532,5075
0.232601917,5074
0.232606342,5073
0.23261109,5072
0.232616144,5071
0.232622183,5070
0.232625926,5069
0.23265297,5068
0.232704266,5067
0.232707601,5066
0.232710623,5065
0.23271336,5064
0.232717006,5063
0.232720034,5062
0.23272467,5061
0.232728903,5060
0.232731932,5059
0.232736171,5058
0.232739284,5057
0.232744795,5056
0.232748728,5055
0.232752545,5054
0.232755252,5053
0.232758063,5052
0.232761719,5051
0.232766226,5050
0.232780056,5049
0.232788299,5048
0.232791557,5047
0.232794948,5046
0.232802355,5045
0.23282671,5044
0.232831179,5043
0.232834754,5042
0.232841015,5041
0.232844412,5040
0.232850697,5039
0.232855237,5038
0.232858909,5037
0.23286319,5036
0.232868412,5035
0.23287254,5034
0.232913234,5033
0.232918426,5032
0.232925973,5031
0.232929785,5030
0.232933498,5029
0.232937768,5028
0.232941766,5027
0.232945634,5026
0.232951676,5025
0.232955946,5024
0.232959286,5023
0.23296217,5022
0.232965669,5021
0.232968421,5020
0.232973521,5019
0.23297676,5018
0.232979978,5017
0.232982994,5016
0.232986316,5015
0.233001794,5014
0.233006896,5013
0.233010113,5012
0.233013146,5011
0.233017361,5010
0.233021191,5009
0.233025702,5008
0.233028868,5007
0.233032772,5006
0.233037868,5005
0.233044097,5004
0.23304775,5003
0.233050699,5002
0.233053966,5001
0.233057431,5000
0.233060888,4999
0.233064058,4998
0.233067168,4997
0.233071705,4996
0.233365577,4995
0.23337488,4994
0.233379765,4993
0.233384469,4992
0.233391357,4991
0.23341166,4990
0.233425384,4989
0.233432447,4988
0.233436566,4987
0.2334403,4986
0.233446029,4985
0.233449854,4984
0.233458849,4983
0.233463715,4982
0.233467526,4981
0.233471355,4980
0.233474976,4979
0.233479569,4978
0.233483324,4977
0.23348703,4976
0.233490523,4975
0.233496682,4974
0.233500383,4973
0.233504654,4972
0.233507943,4971
0.233512297,4970
0.233517536,4969
0.23352429,4968
0.233526829,4967
0.233531925,4966
0.23353632,4965
0.233538918,4964
0.233541951,4963
0.233545642,4962
0.233547972,4961
0.233550301,4960
0.233554581,4959
0.233559023,4958
0.233561702,4957
0.233565071,4956
0.233571286,4955
0.233574119,4954
0.23357702,4953
0.233580189,4952
0.23358311,4951
0.233586856,4950
0.2335919,4949
0.233594803,4948
0.233597404,4947
0.233602223,4946
0.233607261,4945
0.23361116,4944
0.233615963,4943
0.233622257,4942
0.233630383,4941
0.233633862,4940
0.233641638,4939
0.23364544,4938
0.233651445,4937
0.233655246,4936
0.233668062,4935
0.233673422,4934
0.233676898,4933
0.233681893,4932
0.233686573,4931
0.233692225,4930
0.233696086,4929
0.233700462,4928
0.233703117,4927
0.233707616,4926
0.233711127,4925
0.23371524,4924
0.233717839,4923
0.233723257,4922
0.233725926,4921
0.233729337,4920
0.233732991,4919
0.233738386,4918
0.23374168,4917
0.2337461,4916
0.233755759,4915
0.233759246,4914
0.233764918,4913
0.233770594,4912
0.233777284,4911
0.23378763,4910
0.233792285,4909
0.233797336,4908
0.233801687,4907
0.233807068,4906
0.233811186,4905
0.233815288,4904
0.233818428,4903
0.233821629,4902
0.233824845,4901
0.23382897,4900
0.233833121,4899
0.233837699,4898
0.233841333,4897
0.233844175,4896
0.23384923,4895
0.233852801,4894
0.233857288,4893
0.23386117,4892
0.233867187,4891
0.233870486,4890
0.233874681,4889
0.233878218,4888
0.233886516,4887
0.23389048,4886
0.233896671,4885
0.233901047,4884
0.233904675,4883
0.233908307,4882
0.233914004,4881
0.233917571,4880
0.233921145,4879
0.233924915,4878
0.233929567,4877
0.23393992,4876
0.233945482,4875
0.23394903,4874
0.233953225,4873
0.23395786,4872
0.233962309,4871
0.233965874,4870
0.233969122,4869
0.233972482,4868
0.233975735,4867
0.23397983,4866
0.2339908,4865
0.233995383,4864
0.233999582,4863
0.234007641,4862
0.234055222,4861
0.234061399,4860
0.234099399,4859
0.234111631,4858
0.234116613,4857
0.234123098,4856
0.234134893,4855
0.234138497,4854
0.23414326,4853
0.234181663,4852
0.234210915,4851
0.234225017,4850
0.234229896,4849
0.234277901,4848
0.23428157,4847
0.234285367,4846
0.234288854,4845
0.234292465,4844
0.234295573,4843
0.234300363,4842
0.234306404,4841
0.234309796,4840
0.234314657,4839
0.234319235,4838
0.234324977,4837
0.234328705,4836
0.234332942,4835
0.234336051,4834
0.234341685,4833
0.234347247,4832
0.234351118,4831
0.234355978,4830
0.234359353,4829
0.234363976,4828
0.234370375,4827
0.234378049,4826
0.234388508,4825
0.234393319,4824
0.234396928,4823
0.234403439,4822
0.234410636,4821
0.234414079,4820
0.234418956,4819
0.234422714,4818
0.234428546,4817
0.234431914,4816
0.234440243,4815
0.234444419,4814
0.234448624,4813
0.234454998,4812
0.234460649,4811
0.234466562,4810
0.234482036,4809
0.234497828,4808
0.23450153,4807
0.234508124,4806
0.23451287,4805
0.234521536,4804
0.234526193,4803
0.234529993,4802
0.234535816,4801
0.234538466,4800
0.234572356,4799
0.234575604,4798
0.234578664,4797
0.234583363,4796
0.234587536,4795
0.234590232,4794
0.234592811,4793
0.234596311,4792
0.234599802,4791
0.234602286,4790
0.234606899,4789
0.234612435,4788
0.234616573,4787
0.234620202,4786
0.23462284,4785
0.234626003,4784
0.234629547,4783
0.234632123,4782
0.234634546,4781
0.234637386,4780
0.234639845,4779
0.234643165,4778
0.234646052,4777
0.234648433,4776
0.23465105,4775
0.234653966,4774
0.234657525,4773
0.234666013,4772
0.2346687,4771
0.234677796,4770
0.234681379,4769
0.234685102,4768
0.234687733,4767
0.234710426,4766
0.234713317,4765
0.23471576,4764
0.234722715,4763
0.234726486,4762
0.234730176,4761
0.234732668,4760
0.234736746,4759
0.234740261,4758
0.234744374,4757
0.23475005,4756
0.234752908,4755
0.23475572,4754
0.234758271,4753
0.23476155,4752
0.234766535,4751
0.23477133,4750
0.234774991,4749
0.234777885,4748
0.23478135,4747
0.2347852,4746
0.234790545,4745
0.234794702,4744
0.234797716,4743
0.234801849,4742
0.234808022,4741
0.234813735,4740
0.234816099,4739
0.234818691,4738
0.234825671,4737
0.234830545,4736
0.234867114,4735
0.234870839,4734
0.23487472,4733
0.234881347,4732
0.234885063,4731
0.2348898,4730
0.234895757,4729
0.234899304,4728
0.234903215,4727
0.234909008,4726
0.234914371,4725
0.234919848,4724
0.234924002,4723
0.234931153,4722
0.234936437,4721
0.234939676,4720
0.234953823,4719
0.234959188,4718
0.234964517,4717
0.234968598,4716
0.234973068,4715
0.234981036,4714
0.234985279,4713
0.234989284,4712
0.234992369,4711
0.234996051,4710
0.235001275,4709
0.23500481,4708
0.235009022,4707
0.235012978,4706
0.235017013,4705
0.235022268,4704
0.23502942,4703
0.235034136,4702
0.235038639,4701
0.235042526,4700
0.235046946,4699
0.235052203,4698
0.235057986,4697
0.235095063,4696
0.235101183,4695
0.235146757,4694
0.235150737,4693
0.235154658,4692
0.235162596,4691
0.235166038,4690
0.235169556,4689
0.235172942,4688
0.235176211,4687
0.235180601,4686
0.235184777,4685
0.23518775,4684
0.235192442,4683
0.235197153,4682
0.235201615,4681
0.235204637,4680
0.235207473,4679
0.235210527,4678
0.235214769,4677
0.235222003,4676
0.235227447,4675
0.235231646,4674
0.235235893,4673
0.235238907,4672
0.235247153,4671
0.235252047,4670
0.235256155,4669
0.235259697,4668
0.235262129,4667
0.235266236,4666
0.235268782,4665
0.235272373,4664
0.235280084,4663
0.235283004,4662
0.235286405,4661
0.235290505,4660
0.235295122,4659
0.235297922,4658
0.235301946,4657
0.235311387,4656
0.235328027,4655
0.235335082,4654
0.235338877,4653
0.235343471,4652
0.235346696,4651
0.235350024,4650
0.235355046,4649
0.235358482,4648
0.235361455,4647
0.235368808,4646
0.235373686,4645
0.235381785,4644
0.235387324,4643
0.235392604,4642
0.235397258,4641
0.235400751,4640
0.235405825,4639
0.235411037,4638
0.235418636,4637
0.235423029,4636
0.235426423,4635
0.235429435,4634
0.235433983,4633
0.235441635,4632
0.235444949,4631
0.2354483,4630
0.2354527,4629
0.235456848,4628
0.23546029,4627
0.235466014,4626
0.235468529,4625
0.235472171,4624
0.235476796,4623
0.23548323,4622
0.235491581,4621
0.235499196,4620
0.235585132,4619
0.235588478,4618
0.235592991,4617
0.235601103,4616
0.235607178,4615
0.23561588,4614
0.2356265,4613
0.235632718,4612
0.235636274,4611
0.23563997,4610
0.23564481,4609
0.235648413,4608
0.235656517,4607
0.235660955,4606
0.2356667,4605
0.235674371,4604
0.235678554,4603
0.235683291,4602
0.2356892,4601
0.235694143,4600
0.235702079,4599
0.235705299,4598
0.235709939,4597
0.235713178,4596
0.235716776,4595
0.235725036,4594
0.235729923,4593
0.235738325,4592
0.235742352,4591
0.235747701,4590
0.235753173,4589
0.235759667,4588
0.235767283,4587
0.235776553,4586
0.235780143,4585
0.235807143,4584
0.235810769,4583
0.235818076,4582
0.235822477,4581
0.235831157,4580
0.235840845,4579
0.235844517,4578
0.235881517,4577
0.235888385,4576
0.235894534,4575
0.235901454,4574
0.23590934,4573
0.235926661,4572
0.235930747,4571
0.235940324,4570
0.235950173,4569
0.235954597,4568
0.235957507,4567
0.2359619,4566
0.235967253,4565
0.235971281,4564
0.23597636,4563
0.235979154,4562
0.235989358,4561
0.235995888,4560
0.235999327,4559
0.236002892,4558
0.236007108,4557
0.236010147,4556
0.236013111,4555
0.236016385,4554
0.236024484,4553
0.236566512,4552
0.236570342,4551
0.236583502,4550
0.236594372,4549
0.236598249,4548
0.236618114,4547
0.236621668,4546
0.236625908,4545
0.236631632,4544
0.236635976,4543
0.236643555,4542
0.23664762,4541
0.236655186,4540
0.236661784,4539
0.236665693,4538
0.236670981,4537
0.236674446,4536
0.236677758,4535
0.236680474,4534
0.236683187,4533
0.236687728,4532
0.236692237,4531
0.236699946,4530
0.236704225,4529
0.236709735,4528
0.236734747,4527
0.236740642,4526
0.236747884,4525
0.236751854,4524
0.236757742,4523
0.236764175,4522
0.236768251,4521
0.236773298,4520
0.236779217,4519
0.236786264,4518
0.23679022,4517
0.236793847,4516
0.236803334,4515
0.236806543,4514
0.236810217,4513
0.236814785,4512
0.236819404,4511
0.236823285,4510
0.236828679,4509
0.236833849,4508
0.236840688,4507
0.236846851,4506
0.2368509,4505
0.236854786,4504
0.236858825,4503
0.236866308,4502
0.236870893,4501
0.236875157,4500
0.23687863,4499
0.236882744,4498
0.236894858,4497
0.236901226,4496
0.236908894,4495
0.23691371,4494
0.236918046,4493
0.236922954,4492
0.236929989,4491
0.236933265,4490
0.236936812,4489
0.236941552,4488
0.236948709,4487
0.236953362,4486
0.236962235,4485
0.236975205,4484
0.23698151,4483
0.237034053,4482
0.237049123,4481
0.237062419,4480
0.237066387,4479
0.237172361,4478
0.237177449,4477
0.237181649,4476
0.237188785,4475
0.237193079,4474
0.237197092,4473
0.237203041,4472
0.237207846,4471
0.237215122,4470
0.237224539,4469
0.237319997,4468
0.237465336,4467
0.237477156,4466
0.237483882,4465
0.237489726,4464
0.237498273,4463
0.2375032,4462
0.237519384,4461
0.237653864,4460
0.237664343,4459
0.237670402,4458
0.237674949,4457
0.237679104,4456
0.23769312,4455
0.237712063,4454
0.238404437,4453
0.238417514,4452
0.23845007,4451
0.238454647,4450
0.238458977,4449
0.238471293,4448
0.238475171,4447
0.238481044,4446
0.238495281,4445
0.238511161,4444
0.238516152,4443
0.238551971,4442
0.238566053,4441
0.23857088,4440
0.238582988,4439
0.238593104,4438
0.238598227,4437
0.238601746,4436
0.238605554,4435
0.238609929,4434
0.238614715,4433
0.238619934,4432
0.238623031,4431
0.238626397,4430
0.238631746,4429
0.23863544,4428
0.238639632,4427
0.238644368,4426
0.238647212,4425
0.238651416,4424
0.238656386,4423
0.238666418,4422
0.2386709,4421
0.23868218,4420
0.238748998,4419
0.238759985,4418
0.238766077,4417
0.238772839,4416
0.238778145,4415
0.23878198,4414
0.238788823,4413
0.238793154,4412
0.238799832,4411
0.238804767,4410
0.238810968,4409
0.238817273,4408
0.238838375,4407
0.238841843,4406
0.238846759,4405
0.238850292,4404
0.238865584,4403
0.238874027,4402
0.238901505,4401
0.238906703,4400
0.238912786,4399
0.238918544,4398
0.238922145,4397
0.238941996,4396
0.238995238,4395
0.239000432,4394
0.239006165,4393
0.239056273,4392
0.23906158,4391
0.239085993,4390
0.239089401,4389
0.239093873,4388
0.239097779,4387
0.239103283,4386
0.239108522,4385
0.239153419,4384
0.239160899,4383
0.239165615,4382
0.239169792,4381
0.239175215,4380
0.239241742,4379
0.239245605,4378
0.239251981,4377
0.239255423,4376
0.239261149,4375
0.239273988,4374
0.239280087,4373
0.239287337,4372
0.239291288,4371
0.239295372,4370
0.239301494,4369
0.23930666,4368
0.239328505,4367
0.239334707,4366
0.239339449,4365
0.239375638,4364
0.239380534,4363
0.23938437,4362
0.239391273,4361
0.239397461,4360
0.239401836,4359
0.239405352,4358
0.239409201,4357
0.239446582,4356
0.239450668,4355
0.239474722,4354
0.239512157,4353
0.239515883,4352
0.239527758,4351
0.239547826,4350
0.239556765,4349
0.239564034,4348
0.239568454,4347
0.239578644,4346
0.239582055,4345
0.239585547,4344
0.239588588,4343
0.239591777,4342
0.239601716,4341
0.239604602,4340
0.23961442,4339
0.239618559,4338
0.239622218,4337
0.239625813,4336
0.239664184,4335
0.239671912,4334
0.239677577,4333
0.23968335,4332
0.239687456,4331
0.23969114,4330
0.239694623,4329
0.239700341,4328
0.239703449,4327
0.239708374,4326
0.239713357,4325
0.239716828,4324
0.239720509,4323
0.23972517,4322
0.239781464,4321
0.239793643,4320
0.239801382,4319
0.239805927,4318
0.239820138,4317
0.239884486,4316
0.23989022,4315
0.23989596,4314
0.239900915,4313
0.239906352,4312
0.239952633,4311
0.239956272,4310
0.239964488,4309
0.239973371,4308
0.239979574,4307
0.240008097,4306
0.240013989,4305
0.240069455,4304
0.240077161,4303
0.240081375,4302
0.240085657,4301
0.240093774,4300
0.240098894,4299
0.240105844,4298
0.240110481,4297
0.240120966,4296
0.240131706,4295
0.240198574,4294
0.240217332,4293
0.240231488,4292
0.240244589,4291
0.240248614,4290
0.240255694,4289
0.240260361,4288
0.240264361,4287
0.240272496,4286
0.2402788,4285
0.240284229,4284
0.240289789,4283
0.24029458,4282
0.240307059,4281
0.240313385,4280
0.240317835,4279
0.240321675,4278
0.240330011,4277
0.240334165,4276
0.240338152,4275
0.240344449,4274
0.240354313,4273
0.240358382,4272
0.240361005,4271
0.240364158,4270
0.240370646,4269
0.240380026,4268
0.240405424,4267
0.240412185,4266
0.240449958,4265
0.240455321,4264
0.240459106,4263
0.240474416,4262
0.240482913,4261
0.240489308,4260
0.240499983,4259
0.240505503,4258
0.240515408,4257
0.240520639,4256
0.240524613,4255
0.240531132,4254
0.240536933,4253
0.240541017,4252
0.240543939,4251
0.240546716,4250
0.240549887,4249
0.240552761,4248
0.240559168,4247
0.24056489,4246
0.24056947,4245
0.240577304,4244
0.240581604,4243
0.240591222,4242
0.24059616,4241
0.240607655,4240
0.240614222,4239
0.240619263,4238
0.240622321,4237
0.240626639,4236
0.240640036,4235
0.240645093,4234
0.240650827,4233
0.240655663,4232
0.240658428,4231
0.24066221,4230
0.24067008,4229
0.240687567,4228
0.240691831,4227
0.240701171,4226
0.240705905,4225
0.240710043,4224
0.240740389,4223
0.240746256,4222
0.240755871,4221
0.240781956,4220
0.240899406,4219
0.240902974,4218
0.240912341,4217
0.240921569,4216
0.24151692,4215
0.241525343,4214
0.241558327,4213
0.241564899,4212
0.241568578,4211
0.24158254,4210
0.241598525,4209
0.241614738,4208
0.241639855,4207
0.241643052,4206
0.241648078,4205
0.241652513,4204
0.24165823,4203
0.241663513,4202
0.241670334,4201
0.241676392,4200
0.24168519,4199
0.241689348,4198
0.241694624,4197
0.241700813,4196
0.241707055,4195
0.241713027,4194
0.241718831,4193
0.241757516,4192
0.24176689,4191
0.241774124,4190
0.241810946,4189
0.241814617,4188
0.241820861,4187
0.242329577,4186
0.242337951,4185
0.242343942,4184
0.242349439,4183
0.242382633,4182
0.24238897,4181
0.242393518,4180
0.242396978,4179
0.242412547,4178
0.24241591,4177
0.242424257,4176
0.242450035,4175
0.242453197,4174
0.24245719,4173
0.242462684,4172
0.242466658,4171
0.242470173,4170
0.242473037,4169
0.242475667,4168
0.242487247,4167
0.242490613,4166
0.242493848,4165
0.242497673,4164
0.242521399,4163
0.242525855,4162
0.24252847,4161
0.242537876,4160
0.242542754,4159
0.242545537,4158
0.242549423,4157
0.24255684,4156
0.24256134,4155
0.242565026,4154
0.24256761,4153
0.242572213,4152
0.242576571,4151
0.24257925,4150
0.242583168,4149
0.242588875,4148
0.242615797,4147
0.242618816,4146
0.242622647,4145
0.242631931,4144
0.242642555,4143
0.242645632,4142
0.242654737,4141
0.24266012,4140
0.242662689,4139
0.242665106,4138
0.242668867,4137
0.24267574,4136
0.242685344,4135
0.242697727,4134
0.242702614,4133
0.242710769,4132
0.242719626,4131
0.242722267,4130
0.242728358,4129
0.242730856,4128
0.242740216,4127
0.24274564,4126
0.242748998,4125
0.242753114,4124
0.242756366,4123
0.24276132,4122
0.242764198,4121
0.242767037,4120
0.242770468,4119
0.242776194,4118
0.242783542,4117
0.242790597,4116
0.242801105,4115
0.242813849,4114
0.242819235,4113
0.242824688,4112
0.24283934,4111
0.24286123,4110
0.242864944,4109
0.24287418,4108
0.242880231,4107
0.242886507,4106
0.24289709,4105
0.242905257,4104
0.24291951,4103
0.242923783,4102
0.242927,4101
0.242936448,4100
0.242940946,4099
0.242947994,4098
0.242951334,4097
0.242956618,4096
0.242961205,4095
0.242969848,4094
0.242995531,4093
0.243002244,4092
0.243006293,4091
0.243012373,4090
0.243023397,4089
0.243031879,4088
0.24303518,4087
0.243157723,4086
0.243236125,4085
0.243366618,4084
0.243377784,4083
0.243401922,4082
0.243416713,4081
0.243447983,4080
0.243513904,4079
0.243540569,4078
0.243545953,4077
0.243550452,4076
0.243560107,4075
0.244661267,4074
0.244669463,4073
0.244675235,4072
0.244688072,4071
0.244691572,4070
0.244703103,4069
0.244712076,4068
0.244819626,4067
0.244825955,4066
0.244878377,4065
0.244898884,4064
0.244914542,4063
0.244951957,4062
0.24496126,4061
0.24498255,4060
0.24499496,4059
0.245009994,4058
0.245032563,4057
0.245045827,4056
0.245097859,4055
0.245102139,4054
0.245138439,4053
0.245197722,4052
0.245239634,4051
0.245246041,4050
0.24525975,4049
0.245271133,4048
0.245277081,4047
0.245381611,4046
0.245395227,4045
0.245422469,4044
0.245431514,4043
0.245436871,4042
0.245459512,4041
0.245479598,4040
0.245485854,4039
0.245570135,4038
0.24558124,4037
0.245599814,4036
0.24561477,4035
0.245635073,4034
0.245647434,4033
0.246084619,4032
0.246099792,4031
0.246105594,4030
0.246111346,4029
0.246114519,4028
0.24612891,4027
0.246135885,4026
0.246153524,4025
0.246159778,4024
0.246165531,4023
0.246190646,4022
0.246194508,4021
0.24619866,4020
0.246207838,4019
0.246232714,4018
0.246253577,4017
0.246284138,4016
0.24630373,4015
0.246327112,4014
0.246335692,4013
0.246353571,4012
0.246372456,4011
0.24641291,4010
0.246440548,4009
0.246484062,4008
0.246514804,4007
0.24652496,4006
0.246528592,4005
0.246546669,4004
0.246553741,4003
0.246558068,4002
0.246796849,4001
0.246809529,4000
0.246816864,3999
0.246830382,3998
0.246833457,3997
0.246842161,3996
0.24685073,3995
0.246853807,3994
0.246871004,3993
0.246922644,3992
0.24693915,3991
0.246952965,3990
0.246961024,3989
0.246975157,3988
0.247024814,3987
0.247211702,3986
0.247218968,3985
0.247347737,3984
0.24735255,3983
0.247493656,3982
0.247683869,3981
0.247839732,3980
0.248003849,3979
0.248358406,3978
0.248409359,3977
