0.133718595,5837
0.133807026,5836
0.133855299,5835
0.133933674,5834
0.134331994,5833
0.134360854,5832
0.134883305,5831
0.134901101,5830
0.134948471,5829
0.134962271,5828
0.134973206,5827
0.13501394,5826
0.13505829,5825
0.135067686,5824
0.135075688,5823
0.13513795,5822
0.135147214,5821
0.135156737,5820
0.135193756,5819
0.135348893,5818
0.135363189,5817
0.135373873,5816
0.13543597,5815
0.135447165,5814
0.135489225,5813
0.135526804,5812
0.135536351,5811
0.13562465,5810
0.135635241,5809
0.135643697,5808
0.135652146,5807
0.135659976,5806
0.135668183,5805
0.135676615,5804
0.135684658,5803
0.13573979,5802
0.135803249,5801
0.13581611,5800
0.135824038,5799
0.135833275,5798
0.135841261,5797
0.135849609,5796
0.135857987,5795
0.135866534,5794
0.13588318,5793
0.135896111,5792
0.135908171,5791
0.135917477,5790
0.136173058,5789
0.13689251,5788
0.136904542,5787
0.136971715,5786
0.136985154,5785
0.137008102,5784
0.137026979,5783
0.137036375,5782
0.137041901,5781
0.137047149,5780
0.137070041,5779
0.137078053,5778
0.137097103,5777
0.137103327,5776
0.137142404,5775
0.137158949,5774
0.13716534,5773
0.13717466,5772
0.137184028,5771
0.137191308,5770
0.137200507,5769
0.137211688,5768
0.137220025,5767
0.137228529,5766
0.137236584,5765
0.137244065,5764
0.13725283,5763
0.137262876,5762
0.137281606,5761
0.137293493,5760
0.137307468,5759
0.137320561,5758
0.137331005,5757
0.13733958,5756
0.137347359,5755
0.137353303,5754
0.137360989,5753
0.137369165,5752
0.137377018,5751
0.137764647,5750
0.137794808,5749
0.137803229,5748
0.137813628,5747
0.137821541,5746
0.138023448,5745
0.13803216,5744
0.138046647,5743
0.138057666,5742
0.138066113,5741
0.138072214,5740
0.138077934,5739
0.138083396,5738
0.138088374,5737
0.138096747,5736
0.138104083,5735
0.138111474,5734
0.138119066,5733
0.138126339,5732
0.138137448,5731
0.138143984,5730
0.138150282,5729
0.138155992,5728
0.13816156,5727
0.138167015,5726
0.138173062,5725
0.138178522,5724
0.138183868,5723
0.138189173,5722
0.13819473,5721
0.138200385,5720
0.138218897,5719
0.13822688,5718
0.138235194,5717
0.13825936,5716
0.138268414,5715
0.138276382,5714
0.138284803,5713
0.138292787,5712
0.138300085,5711
0.138307979,5710
0.138315927,5709
0.140687838,5708
0.140708016,5707
0.140720456,5706
0.140728186,5705
0.140735688,5704
0.140748443,5703
0.140755196,5702
0.140763059,5701
0.140767772,5700
0.140772118,5699
0.140776512,5698
0.140780768,5697
0.140784833,5696
0.140791767,5695
0.140797109,5694
0.140809501,5693
0.140815097,5692
0.14082045,5691
0.140832752,5690
0.14083912,5689
0.140845569,5688
0.140852419,5687
0.140865166,5686
0.140879055,5685
0.140886292,5684
0.140902787,5683
0.140912402,5682
0.140919593,5681
0.140932019,5680
0.140938339,5679
0.1409561,5678
0.141009535,5677
0.141017278,5676
0.141023174,5675
0.14102834,5674
0.141033705,5673
0.14104464,5672
0.141056866,5671
0.14106888,5670
0.141074421,5669
0.141087854,5668
0.141099604,5667
0.141107493,5666
0.141115133,5665
0.141126533,5664
0.141132333,5663
0.141143656,5662
0.141155216,5661
0.141160935,5660
0.141166209,5659
0.141172361,5658
0.141184286,5657
0.141189055,5656
0.141193836,5655
0.141199428,5654
0.141203486,5653
0.141207698,5652
0.141211907,5651
0.141216605,5650
0.141264551,5649
0.141269044,5648
0.141273648,5647
0.141323,5646
0.141353115,5645
0.141406087,5644
0.141414097,5643
0.141419746,5642
0.141424884,5641
0.141429561,5640
0.141434044,5639
0.141439034,5638
0.141452306,5637
0.141458471,5636
0.141462759,5635
0.141467245,5634
0.141471672,5633
0.141475918,5632
0.141483901,5631
0.141492562,5630
0.141498554,5629
0.141503665,5628
0.141509288,5627
0.141515138,5626
0.141519298,5625
0.141522966,5624
0.141526808,5623
0.141530482,5622
0.141534736,5621
0.141538416,5620
0.14154197,5619
0.141545479,5618
0.141548871,5617
0.141552448,5616
0.141555998,5615
0.141559764,5614
0.141565586,5613
0.141569091,5612
0.141572484,5611
0.141576011,5610
0.14157983,5609
0.141583462,5608
0.141587164,5607
0.141591046,5606
0.141597591,5605
0.14160536,5604
0.141612291,5603
0.141649669,5602
0.141656223,5601
0.141719629,5600
0.14172542,5599
0.142096707,5598
0.142105766,5597
0.142113656,5596
0.142145396,5595
0.142149115,5594
0.142152636,5593
0.142156104,5592
0.142168226,5591
0.142173136,5590
0.14218352,5589
0.142187767,5588
0.142192494,5587
0.142196406,5586
0.142199845,5585
0.142205246,5584
0.142208719,5583
0.142212594,5582
0.14221666,5581
0.142220173,5580
0.142223592,5579
0.142227216,5578
0.142230692,5577
0.142234073,5576
0.142238858,5575
0.142244368,5574
0.142248026,5573
0.142251237,5572
0.142255033,5571
0.142260384,5570
0.142264241,5569
0.14226813,5568
0.142270712,5567
0.142273264,5566
0.142277058,5565
0.142281368,5564
0.1422853,5563
0.142289708,5562
0.142295296,5561
0.142299746,5560
0.142314047,5559
0.142317255,5558
0.142321421,5557
0.142325429,5556
0.142329344,5555
0.142334091,5554
0.142340616,5553
0.142347298,5552
0.142352408,5551
0.142359698,5550
0.142368166,5549
0.142408006,5548
0.142412957,5547
0.142417559,5546
0.142421446,5545
0.14242659,5544
0.142430342,5543
0.142435742,5542
0.142440815,5541
0.142447044,5540
0.142451706,5539
0.142456187,5538
0.142468777,5537
0.142507763,5536
0.14251307,5535
0.14251859,5534
0.142529599,5533
0.142536971,5532
0.142618523,5531
0.14263178,5530
0.142639601,5529
0.142646692,5528
0.142653137,5527
0.142682419,5526
0.142687243,5525
0.142691386,5524
0.14269523,5523
0.14269856,5522
0.142706278,5521
0.142711015,5520
0.142719574,5519
0.142724537,5518
0.142728874,5517
0.142733844,5516
0.14273788,5515
0.142831587,5514
0.142873586,5513
0.142885979,5512
0.142891232,5511
0.142894929,5510
0.142898533,5509
0.142903046,5508
0.142906901,5507
0.142911683,5506
0.142915189,5505
0.142919557,5504
0.142923086,5503
0.142926252,5502
0.142930143,5501
0.142934914,5500
0.142942541,5499
0.142948385,5498
0.142952495,5497
0.142957846,5496
0.142965864,5495
0.142970547,5494
0.14297751,5493
0.142985833,5492
0.142989385,5491
0.142993025,5490
0.143025619,5489
0.1430298,5488
0.143035605,5487
0.143039154,5486
0.143044162,5485
0.143047716,5484
0.143051268,5483
0.143054922,5482
0.143059101,5481
0.143063719,5480
0.143068053,5479
0.143072107,5478
0.143075834,5477
0.143079545,5476
0.14308361,5475
0.143127505,5474
0.143133475,5473
0.143140197,5472
0.143145457,5471
0.143151176,5470
0.143157409,5469
0.143161868,5468
0.143166808,5467
0.143199566,5466
0.143205566,5465
0.143211333,5464
0.1432172,5463
0.14322215,5462
0.14322585,5461
0.143230048,5460
0.143234135,5459
0.14323852,5458
0.143243503,5457
0.143246875,5456
0.143250468,5455
0.143257802,5454
0.143261495,5453
0.143265299,5452
0.143268846,5451
0.143272313,5450
0.143276329,5449
0.143279656,5448
0.143283076,5447
0.143286567,5446
0.143290246,5445
0.143293859,5444
0.143298729,5443
0.143302054,5442
0.143305561,5441
0.143309174,5440
0.143312906,5439
0.143319704,5438
0.143323534,5437
0.14332748,5436
0.143332543,5435
0.143403462,5434
0.143441322,5433
0.143444861,5432
0.143447823,5431
0.143452326,5430
0.143458316,5429
0.14346301,5428
0.143467173,5427
0.143472241,5426
0.143475916,5425
0.143479884,5424
0.143484864,5423
0.143488382,5422
0.143492846,5421
0.143496116,5420
0.143499401,5419
0.143502886,5418
0.143506358,5417
0.14350972,5416
0.143522583,5415
0.143526285,5414
0.143529944,5413
0.143533087,5412
0.143536095,5411
0.143539116,5410
0.143542228,5409
0.143545299,5408
0.143550075,5407
0.143554191,5406
0.143557477,5405
0.143560939,5404
0.143564465,5403
0.143569162,5402
0.143573263,5401
0.143576524,5400
0.143580146,5399
0.143583292,5398
0.143586702,5397
0.14359015,5396
0.143597469,5395
0.143600775,5394
0.143604004,5393
0.143609225,5392
0.143612123,5391
0.143614927,5390
0.143617904,5389
0.143621031,5388
0.143625735,5387
0.143628329,5386
0.143631065,5385
0.143633488,5384
0.143637266,5383
0.143642663,5382
0.143646297,5381
0.143661419,5380
0.143664177,5379
0.143667621,5378
0.143671264,5377
0.143674041,5376
0.143676776,5375
0.143679414,5374
0.143682278,5373
0.143685111,5372
0.143688819,5371
0.143692296,5370
0.143695616,5369
0.143697972,5368
0.143700245,5367
0.143703545,5366
0.143707024,5365
0.143932776,5364
0.143943191,5363
0.143947602,5362
0.143950448,5361
0.143953159,5360
0.143956964,5359
0.143959613,5358
0.143962112,5357
0.143966514,5356
0.143969142,5355
0.143972018,5354
0.143974385,5353
0.143976924,5352
0.143979809,5351
0.143984119,5350
0.143986686,5349
0.143989305,5348
0.143991773,5347
0.143996761,5346
0.143999248,5345
0.144001641,5344
0.144003997,5343
0.144006365,5342
0.144009864,5341
0.144013675,5340
0.144016046,5339
0.144018562,5338
0.144022489,5337
0.144024839,5336
0.144027422,5335
0.144031592,5334
0.144036139,5333
0.144039669,5332
0.144045108,5331
0.144049755,5330
0.144054791,5329
0.144059143,5328
0.144064405,5327
0.144068954,5326
0.144078478,5325
0.144097202,5324
0.144100697,5323
0.144105676,5322
0.144109417,5321
0.144113699,5320
0.144116593,5319
0.144120105,5318
0.144123252,5317
0.144125831,5316
0.144129184,5315
0.14413212,5314
0.144134539,5313
0.144138772,5312
0.144141832,5311
0.14414443,5310
0.144147375,5309
0.144150012,5308
0.144152787,5307
0.144175051,5306
0.144177827,5305
0.14418141,5304
0.144185782,5303
0.144189187,5302
0.144193718,5301
0.144196968,5300
0.1442025,5299
0.144206515,5298
0.144215252,5297
0.144222089,5296
0.144225881,5295
0.144228853,5294
0.144231056,5293
0.144234826,5292
0.144237329,5291
0.144239663,5290
0.144243109,5289
0.144246288,5288
0.144250439,5287
0.144252577,5286
0.144255373,5285
0.144258831,5284
0.144261151,5283
0.14426339,5282
0.144265872,5281
0.144268844,5280
0.144272267,5279
0.144274546,5278
0.144277815,5277
0.144280572,5276
0.144283959,5275
0.144286407,5274
0.144289341,5273
0.144292091,5272
0.144295583,5271
0.144308489,5270
0.144313179,5269
0.144317477,5268
0.144321015,5267
0.144324208,5266
0.144326359,5265
0.144328443,5264
0.144330749,5263
0.144336505,5262
0.144339111,5261
0.144342212,5260
0.144345972,5259
0.144349548,5258
0.144353198,5257
0.144357252,5256
0.144364307,5255
0.144367221,5254
0.14437026,5253
0.1443731,5252
0.144376053,5251
0.144379243,5250
0.144381682,5249
0.144383898,5248
0.144386052,5247
0.144388517,5246
0.144392984,5245
0.144395923,5244
0.144399026,5243
0.144401784,5242
0.144405164,5241
0.144407325,5240
0.144410124,5239
0.144413952,5238
0.144416761,5237
0.144419896,5236
0.144422783,5235
0.144429988,5234
0.144433881,5233
0.144436525,5232
0.144438548,5231
0.144442745,5230
0.144446034,5229
0.144448112,5228
0.144451799,5227
0.144454276,5226
0.14445635,5225
0.144458582,5224
0.144460689,5223
0.144462737,5222
0.144466269,5221
0.144468309,5220
0.144470413,5219
0.144472395,5218
0.144475327,5217
0.144477564,5216
0.144480522,5215
0.144487282,5214
0.144492934,5213
0.144496309,5212
0.144499075,5211
0.144501288,5210
0.144503566,5209
0.144506672,5208
0.144510331,5207
0.144513113,5206
0.144515371,5205
0.144520459,5204
0.144522866,5203
0.144525713,5202
0.144530071,5201
0.144532196,5200
0.144541277,5199
0.14454647,5198
0.144554528,5197
0.144559324,5196
0.144564079,5195
0.144569177,5194
0.144573072,5193
0.144579582,5192
0.144583402,5191
0.14458879,5190
0.144594578,5189
0.144599103,5188
0.1446029,5187
0.144606331,5186
0.144611108,5185
0.14461548,5184
0.144619182,5183
0.144624351,5182
0.144663666,5181
0.144667775,5180
0.144670552,5179
0.144673225,5178
0.144676467,5177
0.144679888,5176
0.144683727,5175
0.144687056,5174
0.144689594,5173
0.144692409,5172
0.144696179,5171
0.144698856,5170
0.144702626,5169
0.144706959,5168
0.144709527,5167
0.144712059,5166
0.144714645,5165
0.144717779,5164
0.144720041,5163
0.144723394,5162
0.144726793,5161
0.144728973,5160
0.144731328,5159
0.144735414,5158
0.144738271,5157
0.144741285,5156
0.144744837,5155
0.14474779,5154
0.144750207,5153
0.14475236,5152
0.144755402,5151
0.144759797,5150
0.144765404,5149
0.144769018,5148
0.144771789,5147
0.144789437,5146
0.144792855,5145
0.144798837,5144
0.144803477,5143
0.144806571,5142
0.144812624,5141
0.144816699,5140
0.144820435,5139
0.144826286,5138
0.144829425,5137
0.144833133,5136
0.144846317,5135
0.144850373,5134
0.144853975,5133
0.144857476,5132
0.144864277,5131
0.144867699,5130
0.144870556,5129
0.144873199,5128
0.144877446,5127
0.144883988,5126
0.144890208,5125
0.144894037,5124
0.144896998,5123
0.144900762,5122
0.144904713,5121
0.144907062,5120
0.144910203,5119
0.14491302,5118
0.14491742,5117
0.144919828,5116
0.144924356,5115
0.144926406,5114
0.144929292,5113
0.14493125,5112
0.14493419,5111
0.144936737,5110
0.144941292,5109
0.144944534,5108
0.144947199,5107
0.144950169,5106
0.144970542,5105
0.144975965,5104
0.144981245,5103
0.144985744,5102
0.14498897,5101
0.144991375,5100
0.144995061,5099
0.144998536,5098
0.145004622,5097
0.146441641,5096
0.146448814,5095
0.146453862,5094
0.146460453,5093
0.146464421,5092
0.146468465,5091
0.146473622,5090
0.146477207,5089
0.146482023,5088
0.146486444,5087
0.146489646,5086
0.146492831,5085
0.146497041,5084
0.146502109,5083
0.146505706,5082
0.146510501,5081
0.146513875,5080
0.146520524,5079
0.146524347,5078
0.146527817,5077
0.146532006,5076
0.1465446,5075
0.146548653,5074
0.146552503,5073
0.146555422,5072
0.14655938,5071
0.146563581,5070
0.146566671,5069
0.146569856,5068
0.146574308,5067
0.146577802,5066
0.146581084,5065
0.146584585,5064
0.146588068,5063
0.146591316,5062
0.146596934,5061
0.146601714,5060
0.146605627,5059
0.146609114,5058
0.146612882,5057
0.146616022,5056
0.146619601,5055
0.146623275,5054
0.146626317,5053
0.146629608,5052
0.146633886,5051
0.14663669,5050
0.146642501,5049
0.146647703,5048
0.146650527,5047
0.146653311,5046
0.146658458,5045
0.146671792,5044
0.146675773,5043
0.146678756,5042
0.146683417,5041
0.146686147,5040
0.146695237,5039
0.14669911,5038
0.146702587,5037
0.146705325,5036
0.146709357,5035
0.146712443,5034
0.146718774,5033
0.146722579,5032
0.14672842,5031
0.146731293,5030
0.146733894,5029
0.146736934,5028
0.146739854,5027
0.146743184,5026
0.146746304,5025
0.146749735,5024
0.146755035,5023
0.146759971,5022
0.146763647,5021
0.146767105,5020
0.146801535,5019
0.146805116,5018
0.146809079,5017
0.146812735,5016
0.146816642,5015
0.146824898,5014
0.146829633,5013
0.146832428,5012
0.146835705,5011
0.146840048,5010
0.146882156,5009
0.146888874,5008
0.14689316,5007
0.146901849,5006
0.146908371,5005
0.146915246,5004
0.146919268,5003
0.146922893,5002
0.146926155,5001
0.146929258,5000
0.14693242,4999
0.146935684,4998
0.146938633,4997
0.146942973,4996
0.146949188,4995
0.146953275,4994
0.146956837,4993
0.146961669,4992
0.146965174,4991
0.146972202,4990
0.146975157,4989
0.146979016,4988
0.146981848,4987
0.146985068,4986
0.146989698,4985
0.146993324,4984
0.146999995,4983
0.147003433,4982
0.147005777,4981
0.147008128,4980
0.147012177,4979
0.147016424,4978
0.147019478,4977
0.147022443,4976
0.147025581,4975
0.147030468,4974
0.147033699,4973
0.14703751,4972
0.147040487,4971
0.147044219,4970
0.14704922,4969
0.147054215,4968
0.147057325,4967
0.147063984,4966
0.147067696,4965
0.147074526,4964
0.1470792,4963
0.147091873,4962
0.147094659,4961
0.14709767,4960
0.147100704,4959
0.147104636,4958
0.147107331,4957
0.147111758,4956
0.147118232,4955
0.147122204,4954
0.147125218,4953
0.147127806,4952
0.147131057,4951
0.147135061,4950
0.14714003,4949
0.147143398,4948
0.147147303,4947
0.147151649,4946
0.147154547,4945
0.147158697,4944
0.147162983,4943
0.147169195,4942
0.147179565,4941
0.147183443,4940
0.147188877,4939
0.147191785,4938
0.147195708,4937
0.147198472,4936
0.147201042,4935
0.147205646,4934
0.147209464,4933
0.147215636,4932
0.147220766,4931
0.147228931,4930
0.147233879,4929
0.147239643,4928
0.147242476,4927
0.147245854,4926
0.14724849,4925
0.147252253,4924
0.147254859,4923
0.147259466,4922
0.147262238,4921
0.147265623,4920
0.14726925,4919
0.147272484,4918
0.147275012,4917
0.147278168,4916
0.147289917,4915
0.147294281,4914
0.147301134,4913
0.147305529,4912
0.147310525,4911
0.147318832,4910
0.147322579,4909
0.147326656,4908
0.147329911,4907
0.147334016,4906
0.14733743,4905
0.147340521,4904
0.147343032,4903
0.147345361,4902
0.14734788,4901
0.147352137,4900
0.147355093,4899
0.14736092,4898
0.147363432,4897
0.1473663,4896
0.147370765,4895
0.147374247,4894
0.14737726,4893
0.147381078,4892
0.147387261,4891
0.147390852,4890
0.147396832,4889
0.147400104,4888
0.147406526,4887
0.147410167,4886
0.147415289,4885
0.147419051,4884
0.147422281,4883
0.147425421,4882
0.147429994,4881
0.147432614,4880
0.147435198,4879
0.147437474,4878
0.147441101,4877
0.14744489,4876
0.147449303,4875
0.147453394,4874
0.147464327,4873
0.147467881,4872
0.147471729,4871
0.147475296,4870
0.147479139,4869
0.147482638,4868
0.147485646,4867
0.147498536,4866
0.147503729,4865
0.14750761,4864
0.147510625,4863
0.14751766,4862
0.147524457,4861
0.147526981,4860
0.147532431,4859
0.147536358,4858
0.147540461,4857
0.147544528,4856
0.14754951,4855
0.147553516,4854
0.147558011,4853
0.147561836,4852
0.147565402,4851
0.147568196,4850
0.147571177,4849
0.147577448,4848
0.14758032,4847
0.147584228,4846
0.147587568,4845
0.147593035,4844
0.147596178,4843
0.147671705,4842
0.147678029,4841
0.147682148,4840
0.147705702,4839
0.147710133,4838
0.147715587,4837
0.147719658,4836
0.147723718,4835
0.147726658,4834
0.14773191,4833
0.147736768,4832
0.147740585,4831
0.147745653,4830
0.14775041,4829
0.147753953,4828
0.147757385,4827
0.147769725,4826
0.147775402,4825
0.147779793,4824
0.147783025,4823
0.147788483,4822
0.147792398,4821
0.147795185,4820
0.147798,4819
0.147800964,4818
0.147806621,4817
0.147809446,4816
0.147813385,4815
0.147817651,4814
0.147821385,4813
0.147827852,4812
0.147833084,4811
0.147838059,4810
0.147843211,4809
0.147854076,4808
0.147856923,4807
0.147864621,4806
0.14787027,4805
0.147876943,4804
0.147880832,4803
0.147884369,4802
0.147889322,4801
0.147891591,4800
0.147896403,4799
0.147898958,4798
0.147906316,4797
0.14790993,4796
0.14791608,4795
0.147919245,4794
0.147921977,4793
0.147925573,4792
0.147929527,4791
0.14793217,4790
0.147936903,4789
0.147943164,4788
0.14794863,4787
0.14795324,4786
0.14795711,4785
0.147961177,4784
0.147965539,4783
0.147968637,4782
0.147971697,4781
0.147974538,4780
0.147977322,4779
0.147996944,4778
0.148000005,4777
0.148003252,4776
0.14800709,4775
0.148009926,4774
0.148014988,4773
0.148019833,4772
0.148024064,4771
0.14803423,4770
0.148038952,4769
0.148042612,4768
0.148045964,4767
0.148050442,4766
0.148053777,4765
0.148057595,4764
0.148062767,4763
0.148066831,4762
0.148069891,4761
0.148073964,4760
0.148079044,4759
0.14808401,4758
0.148088637,4757
0.148092727,4756
0.148095569,4755
0.148099569,4754
0.148102598,4753
0.148107434,4752
0.148114068,4751
0.148121442,4750
0.14812643,4749
0.148129645,4748
0.148133576,4747
0.148137108,4746
0.148142879,4745
0.148148214,4744
0.148152091,4743
0.148155801,4742
0.148172195,4741
0.148178644,4740
0.148182782,4739
0.148185887,4738
0.148189593,4737
0.148192373,4736
0.148196592,4735
0.148203687,4734
0.148207234,4733
0.148213317,4732
0.148218145,4731
0.148222162,4730
0.148226339,4729
0.148229275,4728
0.14823214,4727
0.148236042,4726
0.148239483,4725
0.148243133,4724
0.148246068,4723
0.148250611,4722
0.148254374,4721
0.148257202,4720
0.148260465,4719
0.14826618,4718
0.14826882,4717
0.148271242,4716
0.148273596,4715
0.148277102,4714
0.148279566,4713
0.148283246,4712
0.14828576,4711
0.148288222,4710
0.148291921,4709
0.148295598,4708
0.148298615,4707
0.148302119,4706
0.148305616,4705
0.148309002,4704
0.148313497,4703
0.14831659,4702
0.148320642,4701
0.14832337,4700
0.148327646,4699
0.148331312,4698
0.148333915,4697
0.148339113,4696
0.14834282,4695
0.148346205,4694
0.148348996,4693
0.148351624,4692
0.148359236,4691
0.148362423,4690
0.148365814,4689
0.148368919,4688
0.14837262,4687
0.148376582,4686
0.148380256,4685
0.148383273,4684
0.148388181,4683
0.148392693,4682
0.14839755,4681
0.148400817,4680
0.148403779,4679
0.14840859,4678
0.148413214,4677
0.148420117,4676
0.14842524,4675
0.148430975,4674
0.148436024,4673
0.148440018,4672
0.148446938,4671
0.148453706,4670
0.148458543,4669
0.148462964,4668
0.148466076,4667
0.148471251,4666
0.148475255,4665
0.148478794,4664
0.148493908,4663
0.148497204,4662
0.148501294,4661
0.148505794,4660
0.148511499,4659
0.148514372,4658
0.148518691,4657
0.148525729,4656
0.148534634,4655
0.148541391,4654
0.148544248,4653
0.148549214,4652
0.148553259,4651
0.14855696,4650
0.148561288,4649
0.148564656,4648
0.148567716,4647
0.148573472,4646
0.148579747,4645
0.148588953,4644
0.14859477,4643
0.148600226,4642
0.148605383,4641
0.148609456,4640
0.148615773,4639
0.148619531,4638
0.148624808,4637
0.148629801,4636
0.148633446,4635
0.148637436,4634
0.148641252,4633
0.148649968,4632
0.148653193,4631
0.148656211,4630
0.148660951,4629
0.148664712,4628
0.148670089,4627
0.14867869,4626
0.148682084,4625
0.148685461,4624
0.14868958,4623
0.14869509,4622
0.148703139,4621
0.14870987,4620
0.148726019,4619
0.148729298,4618
0.148733341,4617
0.148740003,4616
0.148745084,4615
0.148751845,4614
0.14876134,4613
0.148766003,4612
0.148768961,4611
0.148771904,4610
0.148775587,4609
0.148778084,4608
0.148784226,4607
0.148787335,4606
0.14879166,4605
0.148799997,4604
0.148804182,4603
0.148809426,4602
0.148813299,4601
0.148817816,4600
0.148825509,4599
0.148828799,4598
0.148833127,4597
0.148836672,4596
0.148839638,4595
0.14884732,4594
0.148852749,4593
0.148858543,4592
0.148863286,4591
0.148874789,4590
0.148880205,4589
0.148893074,4588
0.148898949,4587
0.148909578,4586
0.148913256,4585
0.148919124,4584
0.148922253,4583
0.148928348,4582
0.148932302,4581
0.148939681,4580
0.148947987,4579
0.148951264,4578
0.148956824,4577
0.14896302,4576
0.148968361,4575
0.148973889,4574
0.14897695,4573
0.148990556,4572
0.148993471,4571
0.148999596,4570
0.149004445,4569
0.149008325,4568
0.149011785,4567
0.149038755,4566
0.149046013,4565
0.149050886,4564
0.149058326,4563
0.14906227,4562
0.149077121,4561
0.149116386,4560
0.149122182,4559
0.149126326,4558
0.149133027,4557
0.149137078,4556
0.149140358,4555
0.149143346,4554
0.149153314,4553
0.149943763,4552
0.149956003,4551
0.149958928,4550
0.149962159,4549
0.149965262,4548
0.149970423,4547
0.149973921,4546
0.149977579,4545
0.149982306,4544
0.149985346,4543
0.14999079,4542
0.149993577,4541
0.150000755,4540
0.150004664,4539
0.150007608,4538
0.150011088,4537
0.150014044,4536
0.150016671,4535
0.150019805,4534
0.150022716,4533
0.15002767,4532
0.150032561,4531
0.150037847,4530
0.150040766,4529
0.150044585,4528
0.150047603,4527
0.150051912,4526
0.150067439,4525
0.150070038,4524
0.150074713,4523
0.150079361,4522
0.150081939,4521
0.15008676,4520
0.1500923,4519
0.150099322,4518
0.150103156,4517
0.150107481,4516
0.150112585,4515
0.150121596,4514
0.150125133,4513
0.150130547,4512
0.150135212,4511
0.150139347,4510
0.150145265,4509
0.150150571,4508
0.150155529,4507
0.150160777,4506
0.150164957,4505
0.150168524,4504
0.150172396,4503
0.150180009,4502
0.150184263,4501
0.15018756,4500
0.150191534,4499
0.150197951,4498
0.150201677,4497
0.150207543,4496
0.150212689,4495
0.1502168,4494
0.150221314,4493
0.150225691,4492
0.150231794,4491
0.150235037,4490
0.150238958,4489
0.15024246,4488
0.15024903,4487
0.15025762,4486
0.150266079,4485
0.150270695,4484
0.150275398,4483
0.150278566,4482
0.150281604,4481
0.150286771,4480
0.150290083,4479
0.150295025,4478
0.150299747,4477
0.150302827,4476
0.150307627,4475
0.150310584,4474
0.150313291,4473
0.150317304,4472
0.15032037,4471
0.150325755,4470
0.150329831,4469
0.150332728,4468
0.15033676,4467
0.150339404,4466
0.150343521,4465
0.150347303,4464
0.150352684,4463
0.150355443,4462
0.150361926,4461
0.150367537,4460
0.150373169,4459
0.150377404,4458
0.150380623,4457
0.15038391,4456
0.150388195,4455
0.150392939,4454
0.150398201,4453
0.15040411,4452
0.150412914,4451
0.150448879,4450
0.150452729,4449
0.150456899,4448
0.15046115,4447
0.150467477,4446
0.150472861,4445
0.150515476,4444
0.150545761,4443
0.15055567,4442
0.150561313,4441
0.150564659,4440
0.150568248,4439
0.150605501,4438
0.150609372,4437
0.150613243,4436
0.15061824,4435
0.150623527,4434
0.15063012,4433
0.15063598,4432
0.150639476,4431
0.150642988,4430
0.150649516,4429
0.15065313,4428
0.150656862,4427
0.150663687,4426
0.150668619,4425
0.150722135,4424
0.150764325,4423
0.150770173,4422
0.150774311,4421
0.150783581,4420
0.15082386,4419
0.150828959,4418
0.150833906,4417
0.150870417,4416
0.150876081,4415
0.150879883,4414
0.150885982,4413
0.150889227,4412
0.150908457,4411
0.150915332,4410
0.150926147,4409
0.150996247,4408
0.151003517,4407
0.151007756,4406
0.151013426,4405
0.151017276,4404
0.151020643,4403
0.151059696,4402
0.151077192,4401
0.151083932,4400
0.151089606,4399
0.151094658,4398
0.151100012,4397
0.151103692,4396
0.151109493,4395
0.151114539,4394
0.151119798,4393
0.151123028,4392
0.151126351,4391
0.151134852,4390
0.151137613,4389
0.151140093,4388
0.151142882,4387
0.151147513,4386
0.151151531,4385
0.15115442,4384
0.151159507,4383
0.151162437,4382
0.151165827,4381
0.151170668,4380
0.151179509,4379
0.151183985,4378
0.151190124,4377
0.15119381,4376
0.151199674,4375
0.151212282,4374
0.151217763,4373
0.151225223,4372
0.15122895,4371
0.151232894,4370
0.15124705,4369
0.151250992,4368
0.151261605,4367
0.151295839,4366
0.151300346,4365
0.15130924,4364
0.151313535,4363
0.151316882,4362
0.151323787,4361
0.151329545,4360
0.151356333,4359
0.151360598,4358
0.151364116,4357
0.151373566,4356
0.151377375,4355
0.151412705,4354
0.151420096,4353
0.151438828,4352
0.151450058,4351
0.151460108,4350
0.151465803,4349
0.15147161,4348
0.151475596,4347
0.15147999,4346
0.151482576,4345
0.151484979,4344
0.151487351,4343
0.151490205,4342
0.151497396,4341
0.151499691,4340
0.151507438,4339
0.151510433,4338
0.151512737,4337
0.151515885,4336
0.151520232,4335
0.151526217,4334
0.151530194,4333
0.151535401,4332
0.151538593,4331
0.151541802,4330
0.15154654,4329
0.151551932,4328
0.151555144,4327
0.151559256,4326
0.151563889,4325
0.151566733,4324
0.151572973,4323
0.151577413,4322
0.151914435,4321
0.152155568,4320
0.152193316,4319
0.152198625,4318
0.152208951,4317
0.15222592,4316
0.152232391,4315
0.152238855,4314
0.152245005,4313
0.152252852,4312
0.152420191,4311
0.152425219,4310
0.152434939,4309
0.152461996,4308
0.152467496,4307
0.152470906,4306
0.15247465,4305
0.152484972,4304
0.152491608,4303
0.152495292,4302
0.152498762,4301
0.15250213,4300
0.152506112,4299
0.15251199,4298
0.15251505,4297
0.152523287,4296
0.152529273,4295
0.152533799,4294
0.152536834,4293
0.152541841,4292
0.152583105,4291
0.152586471,4290
0.152593004,4289
0.152596075,4288
0.152598826,4287
0.152606613,4286
0.152612141,4285
0.152615569,4284
0.152652032,4283
0.152656432,4282
0.152665144,4281
0.152669617,4280
0.152672911,4279
0.152677552,4278
0.152685476,4277
0.152688609,4276
0.152691557,4275
0.15269645,4274
0.152706303,4273
0.152710953,4272
0.15271396,4271
0.152716913,4270
0.152722309,4269
0.152727612,4268
0.152735179,4267
0.152740921,4266
0.152764439,4265
0.152767587,4264
0.152770202,4263
0.15278054,4262
0.152786611,4261
0.152793366,4260
0.152802773,4259
0.15280675,4258
0.152815865,4257
0.152820124,4256
0.152823077,4255
0.152828633,4254
0.152834183,4253
0.152838527,4252
0.152841508,4251
0.152845023,4250
0.152848247,4249
0.15285097,4248
0.152856467,4247
0.152863505,4246
0.152867724,4245
0.152874376,4244
0.152879015,4243
0.152894543,4242
0.152898322,4241
0.152909208,4240
0.152956411,4239
0.152960026,4238
0.152964341,4237
0.15296919,4236
0.152985304,4235
0.152991,4234
0.152997893,4233
0.153004033,4232
0.15300722,4231
0.153011667,4230
0.153021227,4229
0.153027503,4228
0.153032721,4227
0.153045113,4226
0.153052195,4225
0.153056721,4224
0.153105813,4223
0.153111206,4222
0.153124128,4221
0.153139733,4220
0.15315097,4219
0.153154857,4218
0.153165039,4217
0.153171704,4216
0.15374725,4215
0.153751342,4214
0.153758201,4213
0.153761549,4212
0.153764048,4211
0.153773184,4210
0.153776758,4209
0.15378241,4208
0.153820963,4207
0.153824525,4206
0.153830201,4205
0.153834632,4204
0.153839409,4203
0.153844209,4202
0.153850305,4201
0.153855248,4200
0.153885341,4199
0.153888657,4198
0.153893557,4197
0.15389689,4196
0.153901646,4195
0.153906576,4194
0.153911666,4193
0.153946104,4192
0.153951422,4191
0.153956954,4190
0.153967318,4189
0.153970457,4188
0.153975892,4187
0.153983331,4186
0.153987886,4185
0.15399477,4184
0.154000845,4183
0.154007511,4182
0.154012553,4181
0.154162756,4180
0.154176955,4179
0.154182592,4178
0.154216471,4177
0.154228239,4176
0.154268894,4175
0.154304757,4174
0.154310764,4173
0.154317262,4172
0.15432161,4171
0.154325198,4170
0.154327857,4169
0.154330737,4168
0.154343707,4167
0.154346534,4166
0.154349389,4165
0.154353456,4164
0.154393009,4163
0.154396801,4162
0.1544002,4161
0.154409474,4160
0.154413445,4159
0.154416175,4158
0.154420683,4157
0.154428381,4156
0.154433275,4155
0.154438026,4154
0.154440956,4153
0.154446219,4152
0.154450601,4151
0.154453374,4150
0.154457786,4149
0.154462237,4148
0.154466083,4147
0.154469785,4146
0.154474221,4145
0.154484269,4144
0.154491337,4143
0.154493931,4142
0.154504605,4141
0.15451043,4140
0.15451311,4139
0.154515625,4138
0.154518167,4137
0.154524025,4136
0.154532305,4135
0.154542555,4134
0.154546938,4133
0.154554821,4132
0.15456328,4131
0.154566109,4130
0.154572284,4129
0.154574897,4128
0.154584818,4127
0.154590871,4126
0.154594628,4125
0.154601056,4124
0.154605524,4123
0.15461029,4122
0.154612616,4121
0.154615053,4120
0.154619119,4119
0.154624644,4118
0.154632966,4117
0.154639922,4116
0.154651374,4115
0.154664637,4114
0.154669842,4113
0.154675653,4112
0.154695154,4111
0.154715874,4110
0.154719506,4109
0.154728553,4108
0.154733223,4107
0.154740151,4106
0.154754153,4105
0.15476437,4104
0.154781573,4103
0.15479928,4102
0.154803543,4101
0.154811278,4100
0.154814404,4099
0.154820158,4098
0.154823487,4097
0.154829444,4096
0.154834081,4095
0.154842168,4094
0.154853453,4093
0.154861048,4092
0.1548654,4091
0.15487207,4090
0.15488454,4089
0.154895414,4088
0.154899496,4087
0.154921226,4086
0.154936529,4085
0.154951501,4084
0.154955581,4083
0.154967024,4082
0.154970291,4081
0.15497579,4080
0.154980185,4079
0.154991855,4078
0.15499676,4077
0.154999692,4076
0.155003415,4075
0.155613843,4074
0.155617972,4073
0.155622539,4072
0.15563182,4071
0.155634781,4070
0.155642508,4069
0.15564841,4068
0.155653246,4067
0.155656703,4066
0.155700911,4065
0.155727995,4064
0.155736295,4063
0.155741964,4062
0.155748325,4061
0.155768426,4060
0.15577756,4059
0.155785181,4058
0.155829422,4057
0.155843808,4056
0.155851475,4055
0.155854353,4054
0.155876965,4053
0.155915423,4052
0.15592149,4051
0.155925677,4050
0.15593252,4049
0.155940907,4048
0.155945281,4047
0.155959057,4046
0.155966768,4045
0.156021259,4044
0.1560271,4043
0.156030695,4042
0.156046311,4041
0.156060604,4040
0.156065289,4039
0.156087449,4038
0.156094466,4037
0.156125862,4036
0.156136739,4035
0.156166962,4034
0.156174627,4033
0.156559816,4032
0.156570759,4031
0.156576136,4030
0.156582089,4029
0.15658519,4028
0.156600616,4027
0.156605879,4026
0.156619494,4025
0.156624778,4024
0.156630153,4023
0.156653044,4022
0.156656833,4021
0.156661893,4020
0.156670984,4019
0.156686145,4018
0.156696445,4017
0.15672109,4016
0.156732181,4015
0.156747367,4014
0.156753566,4013
0.156762647,4012
0.15677487,4011
0.156790961,4010
0.156805929,4009
0.156830081,4008
0.156847541,4007
0.156858436,4006
0.156861255,4005
0.156879352,4004
0.156886874,4003
0.156893812,4002
0.157200664,4001
0.157229957,4000
0.157237948,3999
0.157255361,3998
0.157259577,3997
0.157270042,3996
0.157278042,3995
0.157282128,3994
0.157303322,3993
0.157370149,3992
0.157391219,3991
0.157409739,3990
0.157419377,3989
0.157505231,3988
0.15753355,3987
0.157764631,3986
0.157776125,3985
0.157876679,3984
0.157882145,3983
0.158037808,3982
0.158270699,3981
0.158508634,3980
0.158735218,3979
0.159387177,3978
0.159466532,3977
0.212319432,3976
0.245298849,3975
0.282237663,3974
0.314689506,3973
0.334513087,3972
0.342700041,3971
0.393264094,3970
0.427413569,3969
0.566989601,3968
0.686818454,3967
0.694760048,3966
0.80855795,3965
0.929502897,3964
0.957650539,3963
1.01268208,3962
1.151546997,3961
1.268557625,3960
1.308664752,3959
1.508108818,3958
1.65732179,3957
1.750165276,3956
1.918391694,3955
2.10046825,3954
2.267825545,3953
2.40942747,3952
2.469968779,3951
2.489939967,3950
2.511165905,3949
2.600107169,3948
3.024385256,3947
3.472380458,3946
3.624490036,3945
3.772452699,3944
3.883410259,3943
3.902552724,3942
4.276775332,3941
4.320597757,3940
4.365724605,3939
4.409047764,3938
5.160227396,3937
5.196076528,3936
5.285731674,3935
6.161384557,3934
6.208074559,3933
7.11025875,3932
7.314541785,3931
