0.10774187,5837
0.107909284,5836
0.107967263,5835
0.108011743,5834
0.108075676,5833
0.108096604,5832
0.108119067,5831
0.108128642,5830
0.108135617,5829
0.108142156,5828
0.108150565,5827
0.10815818,5826
0.108164234,5825
0.108173849,5824
0.108184349,5823
0.108197009,5822
0.108206791,5821
0.108224724,5820
0.108233092,5819
0.108240198,5818
0.108246433,5817
0.108252809,5816
0.108258983,5815
0.108275834,5814
0.108307757,5813
0.108317934,5812
0.108330415,5811
0.108339768,5810
0.108348419,5809
0.108365163,5808
0.108378064,5807
0.108385682,5806
0.108393402,5805
0.108401925,5804
0.108414556,5803
0.108426216,5802
0.108436743,5801
0.108444236,5800
0.108451892,5799
0.10846049,5798
0.108469221,5797
0.108476767,5796
0.108484105,5795
0.1084926,5794
0.108500301,5793
0.108508452,5792
0.108515672,5791
0.108522404,5790
0.108529359,5789
0.108537139,5788
0.108558388,5787
0.108575377,5786
0.108591586,5785
0.108600158,5784
0.108608579,5783
0.108627727,5782
0.108639771,5781
0.108649901,5780
0.108658408,5779
0.108666199,5778
0.108674366,5777
0.108682867,5776
0.10869179,5775
0.108724153,5774
0.108731819,5773
0.10874547,5772
0.108755977,5771
0.108767054,5770
0.108776034,5769
0.108784713,5768
0.108792262,5767
0.108799521,5766
0.108812789,5765
0.10882056,5764
0.108828658,5763
0.108835915,5762
0.108856986,5761
0.108865218,5760
0.108872615,5759
0.108880453,5758
0.10888782,5757
0.108896797,5756
0.10890542,5755
0.108913325,5754
0.108923579,5753
0.10893108,5752
0.108938708,5751
0.108946297,5750
0.108954336,5749
0.108961856,5748
0.108970077,5747
0.108978015,5746
0.108985872,5745
0.108993328,5744
0.109000748,5743
0.109008737,5742
0.109023594,5741
0.109034,5740
0.10904079,5739
0.10904639,5738
0.109055552,5737
0.10906135,5736
0.109066214,5735
0.109071393,5734
0.109096162,5733
0.109102428,5732
0.109118197,5731
0.109136557,5730
0.109143157,5729
0.109206293,5728
0.109213748,5727
0.109232574,5726
0.109248497,5725
0.109273126,5724
0.109289128,5723
0.109296292,5722
0.109334075,5721
0.109340258,5720
0.109348407,5719
0.109385007,5718
0.109407646,5717
0.109442182,5716
0.110589846,5715
0.110657188,5714
0.110695324,5713
0.110729386,5712
0.110765548,5711
0.110779977,5710
0.110788876,5709
0.11082447,5708
0.110832057,5707
0.110839407,5706
0.110846552,5705
0.110854673,5704
0.110893725,5703
0.110933314,5702
0.11101713,5701
0.111021061,5700
0.111024678,5699
0.111028314,5698
0.111032204,5697
0.111036259,5696
0.111040179,5695
0.111045359,5694
0.11106309,5693
0.111067009,5692
0.111070956,5691
0.111074561,5690
0.111080526,5689
0.111083678,5688
0.111086836,5687
0.111091655,5686
0.111095005,5685
0.111098198,5684
0.11110222,5683
0.111105689,5682
0.111109079,5681
0.111112916,5680
0.111117663,5679
0.111122143,5678
0.111125339,5677
0.111128863,5676
0.111134293,5675
0.111139823,5674
0.111143488,5673
0.111147135,5672
0.111150871,5671
0.111156775,5670
0.111163868,5669
0.111168497,5668
0.111231003,5667
0.111240267,5666
0.11124495,5665
0.111248862,5664
0.111252868,5663
0.111258321,5662
0.111262054,5661
0.111267534,5660
0.111271394,5659
0.111278544,5658
0.111282919,5657
0.111286881,5656
0.11129123,5655
0.111296952,5654
0.111300969,5653
0.111305409,5652
0.111309741,5651
0.111314169,5650
0.111319474,5649
0.111323466,5648
0.111327611,5647
0.111332064,5646
0.111361947,5645
0.113771816,5644
0.113781919,5643
0.113788674,5642
0.113794306,5641
0.113800067,5640
0.113807295,5639
0.113812968,5638
0.113819456,5637
0.113824457,5636
0.11382904,5635
0.113833309,5634
0.113837664,5633
0.113841833,5632
0.113846041,5631
0.113849759,5630
0.113853328,5629
0.113856825,5628
0.113861665,5627
0.11386517,5626
0.113869135,5625
0.113872595,5624
0.113876074,5623
0.113882595,5622
0.113886485,5621
0.113890233,5620
0.113897232,5619
0.113901627,5618
0.113905365,5617
0.113947121,5616
0.113951553,5615
0.113955991,5614
0.113960585,5613
0.114016792,5612
0.114020436,5611
0.114024783,5610
0.114045922,5609
0.114052112,5608
0.11405757,5607
0.114062658,5606
0.114143806,5605
0.114193173,5604
0.114221289,5603
0.114275838,5602
0.11428073,5601
0.114285761,5600
0.114291933,5599
0.114297607,5598
0.114354723,5597
0.114359896,5596
0.114365045,5595
0.114388611,5594
0.114393003,5593
0.114401549,5592
0.114407748,5591
0.114413201,5590
0.114418002,5589
0.114422505,5588
0.114427846,5587
0.114432315,5586
0.114436966,5585
0.114442432,5584
0.114446577,5583
0.114451171,5582
0.114455484,5581
0.11445982,5580
0.114463876,5579
0.114467913,5578
0.114472165,5577
0.1144766,5576
0.114481382,5575
0.114486413,5574
0.114490494,5573
0.114494412,5572
0.114498571,5571
0.114541167,5570
0.11454717,5569
0.114556141,5568
0.114561316,5567
0.114600223,5566
0.114637965,5565
0.114646569,5564
0.114655954,5563
0.114661579,5562
0.114667188,5561
0.114672685,5560
0.114677146,5559
0.114681463,5558
0.114685662,5557
0.114690887,5556
0.114696008,5555
0.114700114,5554
0.11470564,5553
0.114716581,5552
0.114800302,5551
0.114806856,5550
0.114812776,5549
0.11481863,5548
0.114824178,5547
0.114830233,5546
0.114836479,5545
0.114869225,5544
0.114874855,5543
0.114880565,5542
0.114887101,5541
0.114892943,5540
0.114898836,5539
0.114904538,5538
0.114910517,5537
0.11491616,5536
0.114922008,5535
0.114928948,5534
0.114957276,5533
0.114962993,5532
0.114969269,5531
0.114975614,5530
0.115005775,5529
0.115011566,5528
0.115017049,5527
0.115022345,5526
0.11502785,5525
0.115032962,5524
0.115038228,5523
0.115043213,5522
0.115048764,5521
0.1150542,5520
0.115060297,5519
0.115065174,5518
0.115070731,5517
0.115076931,5516
0.115082654,5515
0.11508882,5514
0.115094021,5513
0.115099559,5512
0.115106292,5511
0.115111973,5510
0.115117341,5509
0.115123344,5508
0.115129215,5507
0.115136655,5506
0.115159365,5505
0.115162794,5504
0.115167657,5503
0.115171056,5502
0.115174613,5501
0.11517787,5500
0.115181549,5499
0.115184785,5498
0.115188036,5497
0.115191904,5496
0.115201878,5495
0.115205005,5494
0.115208317,5493
0.115212658,5492
0.115216361,5491
0.115224664,5490
0.115227985,5489
0.11523132,5488
0.115234761,5487
0.115237782,5486
0.115241093,5485
0.115244538,5484
0.115247423,5483
0.115253084,5482
0.115255622,5481
0.115261655,5480
0.115264375,5479
0.115266936,5478
0.115269382,5477
0.115271724,5476
0.115275205,5475
0.115277631,5474
0.115280071,5473
0.115282351,5472
0.115284778,5471
0.115287079,5470
0.115290372,5469
0.115292865,5468
0.115295262,5467
0.115297402,5466
0.115299616,5465
0.115301951,5464
0.115305128,5463
0.115309663,5462
0.115313314,5461
0.115318041,5460
0.115350608,5459
0.115354212,5458
0.115358839,5457
0.115362095,5456
0.115365751,5455
0.115369328,5454
0.115374758,5453
0.115379398,5452
0.115384463,5451
0.115389142,5450
0.115394303,5449
0.115399025,5448
0.115402727,5447
0.115406165,5446
0.115414853,5445
0.115418342,5444
0.115422331,5443
0.115425786,5442
0.115436215,5441
0.115443333,5440
0.115447432,5439
0.115450736,5438
0.115454531,5437
0.115458572,5436
0.11546453,5435
0.115469254,5434
0.115473368,5433
0.115477247,5432
0.115481005,5431
0.115484686,5430
0.115491604,5429
0.115495061,5428
0.115498045,5427
0.115501767,5426
0.115505284,5425
0.115508897,5424
0.115512789,5423
0.11551613,5422
0.11551961,5421
0.115523807,5420
0.115527115,5419
0.115530398,5418
0.115533727,5417
0.115537606,5416
0.11554248,5415
0.115546465,5414
0.115548892,5413
0.115552117,5412
0.115555667,5411
0.115558651,5410
0.115561221,5409
0.115563809,5408
0.115567221,5407
0.115575029,5406
0.115577525,5405
0.115580759,5404
0.115583501,5403
0.115586166,5402
0.115588598,5401
0.115591841,5400
0.115594546,5399
0.115597315,5398
0.115600486,5397
0.115607124,5396
0.115610509,5395
0.115613873,5394
0.115617825,5393
0.115620535,5392
0.115623454,5391
0.115626211,5390
0.115629014,5389
0.115631992,5388
0.115636932,5387
0.115641188,5386
0.115643909,5385
0.115647079,5384
0.115651552,5383
0.115654885,5382
0.115657668,5381
0.115662341,5380
0.115665871,5379
0.115668249,5378
0.115672431,5377
0.115676165,5376
0.115678585,5375
0.115681682,5374
0.115684434,5373
0.115686976,5372
0.115689328,5371
0.115693504,5370
0.115699572,5369
0.115702822,5368
0.115706008,5367
0.115710166,5366
0.115715882,5365
0.115718846,5364
0.115721302,5363
0.115724071,5362
0.115726972,5361
0.115729301,5360
0.115734544,5359
0.115738032,5358
0.115741003,5357
0.115743383,5356
0.115745994,5355
0.115750051,5354
0.115753719,5353
0.115757782,5352
0.115761613,5351
0.115766418,5350
0.115773085,5349
0.115776465,5348
0.115778819,5347
0.115783263,5346
0.115785653,5345
0.115787942,5344
0.115791223,5343
0.115799126,5342
0.115801605,5341
0.115804759,5340
0.115809091,5339
0.115813789,5338
0.115816288,5337
0.115819538,5336
0.11582374,5335
0.115827029,5334
0.115829719,5333
0.115833548,5332
0.115836665,5331
0.115840033,5330
0.115842883,5329
0.115846461,5328
0.115849221,5327
0.115852222,5326
0.115855143,5325
0.11585839,5324
0.115862814,5323
0.115865408,5322
0.115869144,5321
0.115871867,5320
0.115874532,5319
0.115878626,5318
0.115884076,5317
0.115887808,5316
0.11589052,5315
0.115892874,5314
0.115896582,5313
0.115901831,5312
0.115904641,5311
0.115907845,5310
0.115913071,5309
0.11591725,5308
0.1159254,5307
0.115928029,5306
0.115930598,5305
0.11593403,5304
0.115936196,5303
0.1159423,5302
0.115945597,5301
0.115947845,5300
0.115950146,5299
0.115953412,5298
0.115955615,5297
0.115960148,5296
0.115966047,5295
0.11596955,5294
0.115972889,5293
0.115975529,5292
0.11597808,5291
0.11598357,5290
0.115986088,5289
0.115988528,5288
0.115990994,5287
0.115993199,5286
0.115995497,5285
0.115997877,5284
0.116005252,5283
0.116009379,5282
0.116014004,5281
0.116018274,5280
0.116021199,5279
0.116023902,5278
0.116026611,5277
0.116029888,5276
0.116034279,5275
0.116039629,5274
0.116042473,5273
0.116044902,5272
0.116047328,5271
0.116049708,5270
0.116054207,5269
0.116058046,5268
0.116060499,5267
0.116063878,5266
0.116066149,5265
0.116069098,5264
0.116072235,5263
0.116075022,5262
0.116077652,5261
0.116081022,5260
0.11608346,5259
0.116085803,5258
0.116088466,5257
0.116091623,5256
0.116095853,5255
0.116098643,5254
0.116101384,5253
0.116107584,5252
0.116110705,5251
0.11611286,5250
0.116115775,5249
0.116119603,5248
0.116121826,5247
0.11612438,5246
0.116127414,5245
0.116130511,5244
0.116132895,5243
0.116135265,5242
0.116138221,5241
0.116141257,5240
0.116145299,5239
0.116147812,5238
0.116150349,5237
0.116153612,5236
0.116157472,5235
0.116160069,5234
0.116162185,5233
0.116165624,5232
0.116167773,5231
0.116169921,5230
0.116172201,5229
0.11617431,5228
0.116176391,5227
0.116180567,5226
0.116184142,5225
0.116187338,5224
0.116189829,5223
0.116191987,5222
0.116194214,5221
0.116197197,5220
0.116199297,5219
0.116201206,5218
0.116203998,5217
0.116206368,5216
0.116209304,5215
0.1162134,5214
0.11621636,5213
0.116218593,5212
0.116223796,5211
0.116226491,5210
0.116228702,5209
0.116230901,5208
0.116233859,5207
0.116236227,5206
0.116239629,5205
0.116242204,5204
0.116245352,5203
0.116247611,5202
0.116251581,5201
0.116254965,5200
0.116257182,5199
0.116260102,5198
0.116262333,5197
0.116264742,5196
0.116268451,5195
0.116274955,5194
0.116278346,5193
0.116281435,5192
0.11628554,5191
0.116289471,5190
0.116293928,5189
0.116297434,5188
0.11630031,5187
0.116302716,5186
0.116309095,5185
0.116313556,5184
0.116316041,5183
0.116318346,5182
0.116321224,5181
0.116323931,5180
0.116327405,5179
0.116333204,5178
0.116337354,5177
0.116344341,5176
0.11634912,5175
0.116351354,5174
0.11635383,5173
0.116358495,5172
0.116361738,5171
0.116365767,5170
0.116369167,5169
0.116371443,5168
0.116373626,5167
0.116375641,5166
0.11637909,5165
0.116383478,5164
0.116388417,5163
0.116391368,5162
0.116394855,5161
0.116398446,5160
0.11640207,5159
0.116405427,5158
0.116408268,5157
0.116418327,5156
0.116421046,5155
0.116424178,5154
0.116428006,5153
0.116431455,5152
0.116435817,5151
0.116439981,5150
0.116447695,5149
0.116450511,5148
0.116454889,5147
0.116457796,5146
0.11646709,5145
0.11647169,5144
0.116475109,5143
0.11647834,5142
0.116482552,5141
0.11648643,5140
0.116489589,5139
0.116492578,5138
0.11649578,5137
0.116498959,5136
0.116502157,5135
0.116505499,5134
0.116512841,5133
0.116515013,5132
0.116519277,5131
0.116524324,5130
0.116527065,5129
0.116531729,5128
0.116535019,5127
0.11654129,5126
0.116546187,5125
0.116549872,5124
0.116555218,5123
0.116562444,5122
0.116567137,5121
0.116570236,5120
0.116572906,5119
0.116578909,5118
0.116582902,5117
0.116590565,5116
0.116595679,5115
0.11659939,5114
0.116602756,5113
0.116605837,5112
0.116612358,5111
0.116617157,5110
0.116621044,5109
0.116624428,5108
0.116627974,5107
0.116633747,5106
0.116637649,5105
0.11664025,5104
0.1166446,5103
0.116646941,5102
0.116649713,5101
0.116652564,5100
0.11665636,5099
0.11665956,5098
0.116663935,5097
0.117415432,5096
0.117418185,5095
0.117422449,5094
0.117425932,5093
0.11742897,5092
0.117432375,5091
0.117435983,5090
0.117441576,5089
0.117445751,5088
0.117448761,5087
0.117454474,5086
0.117457626,5085
0.117460839,5084
0.117464205,5083
0.11746791,5082
0.117473091,5081
0.11747774,5080
0.117481273,5079
0.117483825,5078
0.117487951,5077
0.117491787,5076
0.117494882,5075
0.117497816,5074
0.117500387,5073
0.117502793,5072
0.117506524,5071
0.117508854,5070
0.117512949,5069
0.117516354,5068
0.117519441,5067
0.117522552,5066
0.117527441,5065
0.117530728,5064
0.11753383,5063
0.117537489,5062
0.117540949,5061
0.117543451,5060
0.117548658,5059
0.117552047,5058
0.117555925,5057
0.117558454,5056
0.117560874,5055
0.11756338,5054
0.117567651,5053
0.117570701,5052
0.11757345,5051
0.117576625,5050
0.117580984,5049
0.117585647,5048
0.117588998,5047
0.117592242,5046
0.117602952,5045
0.117606188,5044
0.117609061,5043
0.117613057,5042
0.117616178,5041
0.11762032,5040
0.117624257,5039
0.117627411,5038
0.117630475,5037
0.117633349,5036
0.117636089,5035
0.117642253,5034
0.117645808,5033
0.11764957,5032
0.11765563,5031
0.117664332,5030
0.11766732,5029
0.117672445,5028
0.11767682,5027
0.117680748,5026
0.117684124,5025
0.117688116,5024
0.117691003,5023
0.117694133,5022
0.117702839,5021
0.117707014,5020
0.117710884,5019
0.1177226,5018
0.117726125,5017
0.117729358,5016
0.117732156,5015
0.117734945,5014
0.117737565,5013
0.117740729,5012
0.117744668,5011
0.117748543,5010
0.117751808,5009
0.117754803,5008
0.117757336,5007
0.117761122,5006
0.11776432,5005
0.117769776,5004
0.117772609,5003
0.117775618,5002
0.117778425,5001
0.117781306,5000
0.117785452,4999
0.117788299,4998
0.117791342,4997
0.117796435,4996
0.117799674,4995
0.117802554,4994
0.117807502,4993
0.117811371,4992
0.117816036,4991
0.117823399,4990
0.11782723,4989
0.117832105,4988
0.117834305,4987
0.117838957,4986
0.117842799,4985
0.117846963,4984
0.117849719,4983
0.117854519,4982
0.117858176,4981
0.117860984,4980
0.117864605,4979
0.117867123,4978
0.117869805,4977
0.117873985,4976
0.117880253,4975
0.117884297,4974
0.117888365,4973
0.11789235,4972
0.117895552,4971
0.117898312,4970
0.117902471,4969
0.117905469,4968
0.117908304,4967
0.117911817,4966
0.117915583,4965
0.117917873,4964
0.117976625,4963
0.117978906,4962
0.117984351,4961
0.117987011,4960
0.118000556,4959
0.118003675,4958
0.118008779,4957
0.118012221,4956
0.1180161,4955
0.118019773,4954
0.118023739,4953
0.11802765,4952
0.11803108,4951
0.118035549,4950
0.118039422,4949
0.118042226,4948
0.118044797,4947
0.118047542,4946
0.118051037,4945
0.11806174,4944
0.118064746,4943
0.118068036,4942
0.118071319,4941
0.118076551,4940
0.118082022,4939
0.118097875,4938
0.118102303,4937
0.11810663,4936
0.118110584,4935
0.118114157,4934
0.118117654,4933
0.118121318,4932
0.118124118,4931
0.118129093,4930
0.118131736,4929
0.11813684,4928
0.11814028,4927
0.118143932,4926
0.118149116,4925
0.11815243,4924
0.118157096,4923
0.11816078,4922
0.118167357,4921
0.118170319,4920
0.118173002,4919
0.11817593,4918
0.118181972,4917
0.118184686,4916
0.118190953,4915
0.118194328,4914
0.118200771,4913
0.118203886,4912
0.118209302,4911
0.118213347,4910
0.118216314,4909
0.118219389,4908
0.118224919,4907
0.118229808,4906
0.11823414,4905
0.11823883,4904
0.11824316,4903
0.118246568,4902
0.118254722,4901
0.118261602,4900
0.118264252,4899
0.118267624,4898
0.118271068,4897
0.118273588,4896
0.11827617,4895
0.118279595,4894
0.118282556,4893
0.118288061,4892
0.118291566,4891
0.118295551,4890
0.118299187,4889
0.118304313,4888
0.11830932,4887
0.118312725,4886
0.118315434,4885
0.118320377,4884
0.118325257,4883
0.118330399,4882
0.118337253,4881
0.118340105,4880
0.118344588,4879
0.118349294,4878
0.118352264,4877
0.118355349,4876
0.118363663,4875
0.118366648,4874
0.11837237,4873
0.118377849,4872
0.118383426,4871
0.11838711,4870
0.118390671,4869
0.118395155,4868
0.118400048,4867
0.118404864,4866
0.11840965,4865
0.118412696,4864
0.118417703,4863
0.118423332,4862
0.118428506,4861
0.118432386,4860
0.118434967,4859
0.118439199,4858
0.118442416,4857
0.11847377,4856
0.11847856,4855
0.118481754,4854
0.118485526,4853
0.118492889,4852
0.118495905,4851
0.118502188,4850
0.118505203,4849
0.118507734,4848
0.118512908,4847
0.118516304,4846
0.118521045,4845
0.118525633,4844
0.118527902,4843
0.118530443,4842
0.118539238,4841
0.118545272,4840
0.118548343,4839
0.118553296,4838
0.118556608,4837
0.118561673,4836
0.118564603,4835
0.118567981,4834
0.118570968,4833
0.118574387,4832
0.118579903,4831
0.118583945,4830
0.118586384,4829
0.118590453,4828
0.118592917,4827
0.118595339,4826
0.118599299,4825
0.118602008,4824
0.118606302,4823
0.118610864,4822
0.118613993,4821
0.118616563,4820
0.118619084,4819
0.118621401,4818
0.118623692,4817
0.118626725,4816
0.118637953,4815
0.118640884,4814
0.11864734,4813
0.118656002,4812
0.118660085,4811
0.118667433,4810
0.118671376,4809
0.118676585,4808
0.118679862,4807
0.118685976,4806
0.118689697,4805
0.118693363,4804
0.118699879,4803
0.118705184,4802
0.118708374,4801
0.118713979,4800
0.11871759,4799
0.118721203,4798
0.118726974,4797
0.118731235,4796
0.118734138,4795
0.118736456,4794
0.118739254,4793
0.118742664,4792
0.11874527,4791
0.118748791,4790
0.118751306,4789
0.11875369,4788
0.118757726,4787
0.118762817,4786
0.118766566,4785
0.118769043,4784
0.118772239,4783
0.118778241,4782
0.118780466,4781
0.118785532,4780
0.118789707,4779
0.118793701,4778
0.118796914,4777
0.118799937,4776
0.118805774,4775
0.118808857,4774
0.118814966,4773
0.118818004,4772
0.118823502,4771
0.118826447,4770
0.11883095,4769
0.118833539,4768
0.11883731,4767
0.118840908,4766
0.118843624,4765
0.118846678,4764
0.118849293,4763
0.118851807,4762
0.118855481,4761
0.118857883,4760
0.118860451,4759
0.118863248,4758
0.118869423,4757
0.118872105,4756
0.118875594,4755
0.118879118,4754
0.118881707,4753
0.11888439,4752
0.118886943,4751
0.118890261,4750
0.118894651,4749
0.118900306,4748
0.118904146,4747
0.118908889,4746
0.118943133,4745
0.118947111,4744
0.118950832,4743
0.118953833,4742
0.118956618,4741
0.118959867,4740
0.118963815,4739
0.118968021,4738
0.118979489,4737
0.118983192,4736
0.118987397,4735
0.118993004,4734
0.118998779,4733
0.119013672,4732
0.11901708,4731
0.119022195,4730
0.119025466,4729
0.11903117,4728
0.11903694,4727
0.119040212,4726
0.119043753,4725
0.119047419,4724
0.119050928,4723
0.119056647,4722
0.11906926,4721
0.119075112,4720
0.119094735,4719
0.119099092,4718
0.119104094,4717
0.119108938,4716
0.119120869,4715
0.119125827,4714
0.119129235,4713
0.11913354,4712
0.119138018,4711
0.119141001,4710
0.119143865,4709
0.119147449,4708
0.119151391,4707
0.119154299,4706
0.119157675,4705
0.119160659,4704
0.119163467,4703
0.119169145,4702
0.119171912,4701
0.119174412,4700
0.119177263,4699
0.119181392,4698
0.119185715,4697
0.119190834,4696
0.119195158,4695
0.119200173,4694
0.119203585,4693
0.119206509,4692
0.119210374,4691
0.119215041,4690
0.11921879,4689
0.119222286,4688
0.119228728,4687
0.119232033,4686
0.11923457,4685
0.119239805,4684
0.119244515,4683
0.119247082,4682
0.119250949,4681
0.119254883,4680
0.119259599,4679
0.119263437,4678
0.119266956,4677
0.119271373,4676
0.11927985,4675
0.119285378,4674
0.119289534,4673
0.119293149,4672
0.119298073,4671
0.11930162,4670
0.119306681,4669
0.119310158,4668
0.119316794,4667
0.119320184,4666
0.119324543,4665
0.119329404,4664
0.119335849,4663
0.119339848,4662
0.119343476,4661
0.119347302,4660
0.119351279,4659
0.11935649,4658
0.119362976,4657
0.119370071,4656
0.119374522,4655
0.119380163,4654
0.119384342,4653
0.119387654,4652
0.119390885,4651
0.119393913,4650
0.119400742,4649
0.119404528,4648
0.11941281,4647
0.119418184,4646
0.119466867,4645
0.119471893,4644
0.119475386,4643
0.119497563,4642
0.119501413,4641
0.119504851,4640
0.119511143,4639
0.119518692,4638
0.119524502,4637
0.119529583,4636
0.119536735,4635
0.119539706,4634
0.119543059,4633
0.119545564,4632
0.11954806,4631
0.119556015,4630
0.119559588,4629
0.11956198,4628
0.119567304,4627
0.119570421,4626
0.119575573,4625
0.119581843,4624
0.119584744,4623
0.119587413,4622
0.119591052,4621
0.119594481,4620
0.119597166,4619
0.119599723,4618
0.119604447,4617
0.119611087,4616
0.119615844,4615
0.119620816,4614
0.119624689,4613
0.119632166,4612
0.119636664,4611
0.119649586,4610
0.119652423,4609
0.11965714,4608
0.119661266,4607
0.119664074,4606
0.119670381,4605
0.11967639,4604
0.119679333,4603
0.119682567,4602
0.119688087,4601
0.119691184,4600
0.119695913,4599
0.119701589,4598
0.119704871,4597
0.119712103,4596
0.119714733,4595
0.119718687,4594
0.119722069,4593
0.119726109,4592
0.119731483,4591
0.119734805,4590
0.119740201,4589
0.119744558,4588
0.119765966,4587
0.119816504,4586
0.11982058,4585
0.119873681,4584
0.119880357,4583
0.119886723,4582
0.119891221,4581
0.119896841,4580
0.119907666,4579
0.11991157,4578
0.119937534,4577
0.119940888,4576
0.119944834,4575
0.119952862,4574
0.119958829,4573
0.119970666,4572
0.119974523,4571
0.119980648,4570
0.120008312,4569
0.120035729,4568
0.12003985,4567
0.120045822,4566
0.1200551,4565
0.120085662,4564
0.12011213,4563
0.12011798,4562
0.120185286,4561
0.120189687,4560
0.120196414,4559
0.120201237,4558
0.120205173,4557
0.120210785,4556
0.120221213,4555
0.120232182,4554
0.120239387,4553
0.121100108,4552
0.121103872,4551
0.12110941,4550
0.12111586,4549
0.12112043,4548
0.121133233,4547
0.121169504,4546
0.121178874,4545
0.12118306,4544
0.121187101,4543
0.121191219,4542
0.121194172,4541
0.121197879,4540
0.121201756,4539
0.121205508,4538
0.121208642,4537
0.121212994,4536
0.121216805,4535
0.121220594,4534
0.121229285,4533
0.121233883,4532
0.121237324,4531
0.121240835,4530
0.121245585,4529
0.121249523,4528
0.121342139,4527
0.121353543,4526
0.121357623,4525
0.121361707,4524
0.121373862,4523
0.121402159,4522
0.121415633,4521
0.121418438,4520
0.121421637,4519
0.121428401,4518
0.121432039,4517
0.121440904,4516
0.121447781,4515
0.121451762,4514
0.121454963,4513
0.121488124,4512
0.121502396,4511
0.121507587,4510
0.121512021,4509
0.121517714,4508
0.121723074,4507
0.121726825,4506
0.121730778,4505
0.121734653,4504
0.121737543,4503
0.121743304,4502
0.121746295,4501
0.121749695,4500
0.121752447,4499
0.121756356,4498
0.121759078,4497
0.121762876,4496
0.121765689,4495
0.121770105,4494
0.121772813,4493
0.121778223,4492
0.121782086,4491
0.121785618,4490
0.121792757,4489
0.121798535,4488
0.121801941,4487
0.121804561,4486
0.121809751,4485
0.121812519,4484
0.121817697,4483
0.121823218,4482
0.121829545,4481
0.121834325,4480
0.121843163,4479
0.121865431,4478
0.121872974,4477
0.121876048,4476
0.121884086,4475
0.121888528,4474
0.121891652,4473
0.121897468,4472
0.121900328,4471
0.121905834,4470
0.121911171,4469
0.121914693,4468
0.121917269,4467
0.121920669,4466
0.121923487,4465
0.121926191,4464
0.121928784,4463
0.121937078,4462
0.121940874,4461
0.121948122,4460
0.121953587,4459
0.121957857,4458
0.121963332,4457
0.121967204,4456
0.121972452,4455
0.121980568,4454
0.121991266,4453
0.122000188,4452
0.122008368,4451
0.122011423,4450
0.122014108,4449
0.122018858,4448
0.122022688,4447
0.122062418,4446
0.122065439,4445
0.122073341,4444
0.122087838,4443
0.122091173,4442
0.12209452,4441
0.122100023,4440
0.122102944,4439
0.122107377,4438
0.12211176,4437
0.122114965,4436
0.122118338,4435
0.122123998,4434
0.122128011,4433
0.122133842,4432
0.12214032,4431
0.122143439,4430
0.122146694,4429
0.122155079,4428
0.122159465,4427
0.122163934,4426
0.122168801,4425
0.122177709,4424
0.122183759,4423
0.122193585,4422
0.12219963,4421
0.122205152,4420
0.122208944,4419
0.122212586,4418
0.122216119,4417
0.122221267,4416
0.122225174,4415
0.122228898,4414
0.122232781,4413
0.122236375,4412
0.122240472,4411
0.122245335,4410
0.122251085,4409
0.12225502,4408
0.122266482,4407
0.122271956,4406
0.122275838,4405
0.122279439,4404
0.122286226,4403
0.122289666,4402
0.122295412,4401
0.122302027,4400
0.122306426,4399
0.122316406,4398
0.122320631,4397
0.122324408,4396
0.122330377,4395
0.122338209,4394
0.122345723,4393
0.122349974,4392
0.122354374,4391
0.122359899,4390
0.122366605,4389
0.122370683,4388
0.122377612,4387
0.122381526,4386
0.122385004,4385
0.123673055,4384
0.123682054,4383
0.123689014,4382
0.123702913,4381
0.123707155,4380
0.123737668,4379
0.12376125,4378
0.123765209,4377
0.123770215,4376
0.123775887,4375
0.12378341,4374
0.12378661,4373
0.123790577,4372
0.12379535,4371
0.123800863,4370
0.123810689,4369
0.123815638,4368
0.123822397,4367
0.123839369,4366
0.123870651,4365
0.123883319,4364
0.123887267,4363
0.123892647,4362
0.123932644,4361
0.123938645,4360
0.123944737,4359
0.123951282,4358
0.124030535,4357
0.124066081,4356
0.12407395,4355
0.124111197,4354
0.124115951,4353
0.124120869,4352
0.124124439,4351
0.124128422,4350
0.124136559,4349
0.124172244,4348
0.124177319,4347
0.124210421,4346
0.124213895,4345
0.124225755,4344
0.124248156,4343
0.124254432,4342
0.124259785,4341
0.124265216,4340
0.124268061,4339
0.124271336,4338
0.124278812,4337
0.124282463,4336
0.124290286,4335
0.124310443,4334
0.124315374,4333
0.124318611,4332
0.124321555,4331
0.124324168,4330
0.124330219,4329
0.12433321,4328
0.124337659,4327
0.124341771,4326
0.124345749,4325
0.124349648,4324
0.124354758,4323
0.124358986,4322
0.124364934,4321
0.124367831,4320
0.124370649,4319
0.124375342,4318
0.124382691,4317
0.124385712,4316
0.124408775,4315
0.124430593,4314
0.124438264,4313
0.124441258,4312
0.12444394,4311
0.124451882,4310
0.124473415,4309
0.124477708,4308
0.124481584,4307
0.124487573,4306
0.124490936,4305
0.124499509,4304
0.124502578,4303
0.124505583,4302
0.124510008,4301
0.124515342,4300
0.124521281,4299
0.124525215,4298
0.124528105,4297
0.124534826,4296
0.124540171,4295
0.124546749,4294
0.12455139,4293
0.124573981,4292
0.124577417,4291
0.124583064,4290
0.12458579,4289
0.124588669,4288
0.124591468,4287
0.124597928,4286
0.124601783,4285
0.124609301,4284
0.124613046,4283
0.124616331,4282
0.124620052,4281
0.12463082,4280
0.124633624,4279
0.124636752,4278
0.124641074,4277
0.124646739,4276
0.124684145,4275
0.124688996,4274
0.124700322,4273
0.124704019,4272
0.12470785,4271
0.124713628,4270
0.124724548,4269
0.124728676,4268
0.124732383,4267
0.124739183,4266
0.124744829,4265
0.124751337,4264
0.124760955,4263
0.124764017,4262
0.124768366,4261
0.124771067,4260
0.124776775,4259
0.1247816,4258
0.124792501,4257
0.124799986,4256
0.124827461,4255
0.124833469,4254
0.124838,4253
0.1248627,4252
0.124865826,4251
0.124871266,4250
0.124878112,4249
0.124884567,4248
0.124889649,4247
0.12489262,4246
0.12489844,4245
0.124907165,4244
0.124939307,4243
0.124982178,4242
0.1249867,4241
0.124990724,4240
0.124998531,4239
0.125006856,4238
0.125013155,4237
0.125029717,4236
0.125036387,4235
0.125088242,4234
0.125097387,4233
0.125104746,4232
0.125108985,4231
0.125124703,4230
0.125128267,4229
0.125133246,4228
0.12514275,4227
0.125145994,4226
0.125149031,4225
0.12518077,4224
0.12518365,4223
0.125191793,4222
0.125195451,4221
0.125257077,4220
0.125260968,4219
0.125266888,4218
0.125296039,4217
0.125300152,4216
0.125888555,4215
0.125894218,4214
0.125900744,4213
0.125904029,4212
0.125909086,4211
0.125912219,4210
0.125917195,4209
0.12593042,4208
0.125934967,4207
0.125937789,4206
0.125941282,4205
0.125944708,4204
0.125950009,4203
0.12595945,4202
0.125998613,4201
0.12600248,4200
0.126012163,4199
0.126019782,4198
0.126024669,4197
0.126033422,4196
0.12603914,4195
0.126086629,4194
0.126093029,4193
0.126096514,4192
0.126101588,4191
0.126108468,4190
0.126115467,4189
0.126122635,4188
0.126128505,4187
0.126132871,4186
0.126137369,4185
0.126145346,4184
0.126159541,4183
0.126195733,4182
0.126205197,4181
0.126211886,4180
0.126245884,4179
0.126249798,4178
0.12625366,4177
0.126261034,4176
0.126295059,4175
0.126301662,4174
0.126309709,4173
0.126313673,4172
0.126317443,4171
0.12632303,4170
0.126329038,4169
0.126333339,4168
0.126339459,4167
0.126342731,4166
0.126348332,4165
0.126351335,4164
0.126354332,4163
0.12636427,4162
0.126370112,4161
0.126374355,4160
0.126377529,4159
0.126386351,4158
0.126391695,4157
0.126396283,4156
0.126401151,4155
0.126468637,4154
0.126480957,4153
0.12648465,4152
0.126495967,4151
0.126507471,4150
0.126518338,4149
0.12652809,4148
0.126531589,4147
0.12654483,4146
0.126547332,4145
0.12655622,4144
0.126579667,4143
0.126584173,4142
0.126587721,4141
0.126592525,4140
0.126602639,4139
0.12660788,4138
0.126614462,4137
0.126618046,4136
0.12662323,4135
0.126629617,4134
0.126633722,4133
0.126639426,4132
0.126645938,4131
0.12665244,4130
0.12665779,4129
0.126660691,4128
0.126668584,4127
0.126709711,4126
0.126713783,4125
0.12671673,4124
0.1267232,4123
0.126731818,4122
0.126770778,4121
0.126774748,4120
0.126780767,4119
0.126786444,4118
0.126825802,4117
0.126828652,4116
0.126832825,4115
0.126835913,4114
0.12683826,4113
0.126840798,4112
0.126847556,4111
0.126853296,4110
0.126860348,4109
0.126912725,4108
0.126920422,4107
0.126926423,4106
0.126929774,4105
0.126935362,4104
0.126944354,4103
0.126953863,4102
0.126958613,4101
0.126965086,4100
0.126968482,4099
0.126971093,4098
0.126976048,4097
0.126980066,4096
0.126987228,4095
0.126996034,4094
0.12700277,4093
0.127013178,4092
0.127020943,4091
0.127026354,4090
0.127035982,4089
0.127041837,4088
0.127048576,4087
0.127051639,4086
0.127063585,4085
0.127070783,4084
0.127107406,4083
0.127120562,4082
0.127128321,4081
0.127135943,4080
0.127163875,4079
0.127167193,4078
0.127169966,4077
0.127172944,4076
0.127176443,4075
0.127855292,4074
0.127903925,4073
0.127927645,4072
0.127931053,4071
0.127933617,4070
0.127936816,4069
0.127945455,4068
0.127949084,4067
0.127966115,4066
0.127972406,4065
0.12797681,4064
0.128001619,4063
0.1280093,4062
0.128015241,4061
0.128041458,4060
0.128081795,4059
0.128088511,4058
0.128091703,4057
0.128095775,4056
0.128102555,4055
0.128129077,4054
0.128158704,4053
0.1281615,4052
0.128189638,4051
0.128198316,4050
0.128205511,4049
0.128215917,4048
0.128222842,4047
0.128225557,4046
0.128240329,4045
0.128245232,4044
0.128252846,4043
0.128268801,4042
0.128307371,4041
0.128311128,4040
0.128325528,4039
0.12837148,4038
0.128375808,4037
0.128382696,4036
0.128392999,4035
0.128402341,4034
0.12842222,4033
0.128737804,4032
0.128788305,4031
0.128797305,4030
0.128803914,4029
0.128812348,4028
0.128815183,4027
0.128852729,4026
0.128857251,4025
0.128895999,4024
0.128900254,4023
0.128903339,4022
0.128907097,4021
0.128952646,4020
0.128980185,4019
0.129034751,4018
0.129037924,4017
0.129045943,4016
0.129061583,4015
0.129065301,4014
0.129069882,4013
0.129076504,4012
0.129082052,4011
0.129093842,4010
0.129128669,4009
0.129133124,4008
0.129143032,4007
0.12915394,4006
0.129190951,4005
0.129202767,4004
0.129262287,4003
0.129485741,4002
0.129491522,4001
0.129535417,4000
0.129540737,3999
0.129556863,3998
0.129564463,3997
0.129578158,3996
0.129700852,3995
0.129728842,3994
0.129755704,3993
0.129762416,3992
0.129768369,3991
0.129773249,3990
0.129795767,3989
0.129804872,3988
0.129814923,3987
0.130049544,3986
0.130060506,3985
0.13007935,3984
0.130234193,3983
0.130616419,3982
0.130851583,3981
0.1311443,3980
0.131756726,3979
0.136383596,3978
0.136499042,3977
