0.128672585,5837
0.128724923,5836
0.128776628,5835
0.128818109,5834
0.128867521,5833
0.128882408,5832
0.128904484,5831
0.128911262,5830
0.128918207,5829
0.128926031,5828
0.128941889,5827
0.128949051,5826
0.12895728,5825
0.12896877,5824
0.129011379,5823
0.129021832,5822
0.129033192,5821
0.129108628,5820
0.129154312,5819
0.129166313,5818
0.129177224,5817
0.129190466,5816
0.129204406,5815
0.129216952,5814
0.12923136,5813
0.129284948,5812
0.129299825,5811
0.129721784,5810
0.129735867,5809
0.129785635,5808
0.129797297,5807
0.129809853,5806
0.129818797,5805
0.129826869,5804
0.129835207,5803
0.129841866,5802
0.129850651,5801
0.129890643,5800
0.129906838,5799
0.129915724,5798
0.129923162,5797
0.129929742,5796
0.129939189,5795
0.129959014,5794
0.129975917,5793
0.129983576,5792
0.129995557,5791
0.130001615,5790
0.130011598,5789
0.130020141,5788
0.130027987,5787
0.130034982,5786
0.130044405,5785
0.130055932,5784
0.130075913,5783
0.130086745,5782
0.130100618,5781
0.13011069,5780
0.130121861,5779
0.13013231,5778
0.130143262,5777
0.13015578,5776
0.130166726,5775
0.130175762,5774
0.130187287,5773
0.133233224,5772
0.133265897,5771
0.133277022,5770
0.133285719,5769
0.13329763,5768
0.133323735,5767
0.13333833,5766
0.133350597,5765
0.13335874,5764
0.133368242,5763
0.133378095,5762
0.133403078,5761
0.133412764,5760
0.13342357,5759
0.133435003,5758
0.133444578,5757
0.133454685,5756
0.133464133,5755
0.133472975,5754
0.133481812,5753
0.133490402,5752
0.133510944,5751
0.133519462,5750
0.133541019,5749
0.133550055,5748
0.133558541,5747
0.133566563,5746
0.133578374,5745
0.133586131,5744
0.133593734,5743
0.133601603,5742
0.133609008,5741
0.133627677,5740
0.133648318,5739
0.133666139,5738
0.133681461,5737
0.133689796,5736
0.133696995,5735
0.133711401,5734
0.133725981,5733
0.133733094,5732
0.133746769,5731
0.13375447,5730
0.133768795,5729
0.133776511,5728
0.133795568,5727
0.133809893,5726
0.13381719,5725
0.133824999,5724
0.13383241,5723
0.133846912,5722
0.133853987,5721
0.133863197,5720
0.133887835,5719
0.133893342,5718
0.133899804,5717
0.133905411,5716
0.133911343,5715
0.13391748,5714
0.133935444,5713
0.133941093,5712
0.133947262,5711
0.133952888,5710
0.133960361,5709
0.133966538,5708
0.133972477,5707
0.133977835,5706
0.133983282,5705
0.133988539,5704
0.133993849,5703
0.133999588,5702
0.134004996,5701
0.134010672,5700
0.134015971,5699
0.134021436,5698
0.134026695,5697
0.134046141,5696
0.134051245,5695
0.134056425,5694
0.1340622,5693
0.134072031,5692
0.134077334,5691
0.134083157,5690
0.134089943,5689
0.134095468,5688
0.134101434,5687
0.134107527,5686
0.134115386,5685
0.134121506,5684
0.13412848,5683
0.134135019,5682
0.134141154,5681
0.134148546,5680
0.134153419,5679
0.13415922,5678
0.134163287,5677
0.134167301,5676
0.134173428,5675
0.134179637,5674
0.134185483,5673
0.134191868,5672
0.134199656,5671
0.13420609,5670
0.134212414,5669
0.134218686,5668
0.134224651,5667
0.134231435,5666
0.134237812,5665
0.134244663,5664
0.13425302,5663
0.134259459,5662
0.13426674,5661
0.134273745,5660
0.134280491,5659
0.134287535,5658
0.134295305,5657
0.134301934,5656
0.134308639,5655
0.134315271,5654
0.134321741,5653
0.13432806,5652
0.13433409,5651
0.134340494,5650
0.13434916,5649
0.134355451,5648
0.134362594,5647
0.134368738,5646
0.134375239,5645
0.134382405,5644
0.134388949,5643
0.134396987,5642
0.134403075,5641
0.134408998,5640
0.134414902,5639
0.134425485,5638
0.13443191,5637
0.134438488,5636
0.134444863,5635
0.134451356,5634
0.13446144,5633
0.134467493,5632
0.134474085,5631
0.134480346,5630
0.134487571,5629
0.1344931,5628
0.134497984,5627
0.134504351,5626
0.134509231,5625
0.134514653,5624
0.134521569,5623
0.134526276,5622
0.134531292,5621
0.134536244,5620
0.134541306,5619
0.134550134,5618
0.134556505,5617
0.134568178,5616
0.134585472,5615
0.13459164,5614
0.134603191,5613
0.134625646,5612
0.134637119,5611
0.134648815,5610
0.134682958,5609
0.134694175,5608
0.134708309,5607
0.134719863,5606
0.134725061,5605
0.134730194,5604
0.134734559,5603
0.134744918,5602
0.134751704,5601
0.134762627,5600
0.134768639,5599
0.13477591,5598
0.134782796,5597
0.134799812,5596
0.13480928,5595
0.134817352,5594
0.13482429,5593
0.134830528,5592
0.134836682,5591
0.134846837,5590
0.134853959,5589
0.134861115,5588
0.134867788,5587
0.134880028,5586
0.134890856,5585
0.13490396,5584
0.134917939,5583
0.134925307,5582
0.134940435,5581
0.134949088,5580
0.134957394,5579
0.134964429,5578
0.134970554,5577
0.134976926,5576
0.134982416,5575
0.134987503,5574
0.134993237,5573
0.134999357,5572
0.135004437,5571
0.135009391,5570
0.135016648,5569
0.135022846,5568
0.135097787,5567
0.135116397,5566
0.135124897,5565
0.135132379,5564
0.135167235,5563
0.135184016,5562
0.135193486,5561
0.135200728,5560
0.135206016,5559
0.135211748,5558
0.135249604,5557
0.135255857,5556
0.137164567,5555
0.137173657,5554
0.137185926,5553
0.137198856,5552
0.137210987,5551
0.137216103,5550
0.137221187,5549
0.137236962,5548
0.137241297,5547
0.137246129,5546
0.137251665,5545
0.137263536,5544
0.137269069,5543
0.137273912,5542
0.137286075,5541
0.137291417,5540
0.137295864,5539
0.137307075,5538
0.13731434,5537
0.137412975,5536
0.137420048,5535
0.137426859,5534
0.137439701,5533
0.137445994,5532
0.137450557,5531
0.137455673,5530
0.137466367,5529
0.137477377,5528
0.137481888,5527
0.137488808,5526
0.13749376,5525
0.137497914,5524
0.137502241,5523
0.13750667,5522
0.137511339,5521
0.137515257,5520
0.137526915,5519
0.137531409,5518
0.137536051,5517
0.13754765,5516
0.137558936,5515
0.137571278,5514
0.137575567,5513
0.137581826,5512
0.137586565,5511
0.137591703,5510
0.137596035,5509
0.137601966,5508
0.137606563,5507
0.137612218,5506
0.137616292,5505
0.137620377,5504
0.13762626,5503
0.137630419,5502
0.137634687,5501
0.137638996,5500
0.137643123,5499
0.137647588,5498
0.137670688,5497
0.137674953,5496
0.137680612,5495
0.137684938,5494
0.137690714,5493
0.137694841,5492
0.137700675,5491
0.137705074,5490
0.137770575,5489
0.137781747,5488
0.137789664,5487
0.137795607,5486
0.137801045,5485
0.137805792,5484
0.137812182,5483
0.137819373,5482
0.13782374,5481
0.137828623,5480
0.13783259,5479
0.137836295,5478
0.137840931,5477
0.137845558,5476
0.137850031,5475
0.137855995,5474
0.137861904,5473
0.137865929,5472
0.137872108,5471
0.137875598,5470
0.13787947,5469
0.137883548,5468
0.13788736,5467
0.137891,5466
0.137894531,5465
0.137898279,5464
0.137904095,5463
0.137907789,5462
0.137911613,5461
0.137915114,5460
0.13791859,5459
0.137922632,5458
0.137925754,5457
0.13792923,5456
0.137933745,5455
0.137938234,5454
0.13794121,5453
0.137950393,5452
0.13795798,5451
0.137965257,5450
0.137997936,5449
0.138012507,5448
0.138016079,5447
0.138019365,5446
0.138022445,5445
0.138026255,5444
0.138029701,5443
0.13804,5442
0.138043986,5441
0.13804734,5440
0.138052341,5439
0.138055835,5438
0.138060451,5437
0.138064549,5436
0.138073788,5435
0.138085849,5434
0.138089189,5433
0.138093161,5432
0.138097057,5431
0.138101428,5430
0.138106226,5429
0.13811073,5428
0.138114713,5427
0.138119994,5426
0.13812323,5425
0.13812639,5424
0.138129926,5423
0.138134316,5422
0.138137502,5421
0.13814089,5420
0.138145015,5419
0.138148711,5418
0.13815185,5417
0.138155138,5416
0.138159363,5415
0.138164804,5414
0.138170283,5413
0.138174838,5412
0.138178523,5411
0.138182525,5410
0.13818772,5409
0.13819136,5408
0.138194903,5407
0.138203921,5406
0.138208403,5405
0.138211344,5404
0.13821415,5403
0.138217736,5402
0.138221559,5401
0.138225392,5400
0.138229559,5399
0.138236671,5398
0.138240283,5397
0.13825156,5396
0.138256155,5395
0.138260118,5394
0.138265319,5393
0.138272811,5392
0.138276215,5391
0.138279635,5390
0.138282827,5389
0.138286171,5388
0.138289181,5387
0.138296746,5386
0.138300076,5385
0.138307218,5384
0.138310401,5383
0.138313329,5382
0.138316543,5381
0.138322088,5380
0.138328714,5379
0.13833538,5378
0.138338768,5377
0.138344445,5376
0.138347881,5375
0.138358927,5374
0.138362422,5373
0.138367294,5372
0.138373755,5371
0.138378257,5370
0.138386902,5369
0.138390688,5368
0.138394322,5367
0.138398296,5366
0.138402713,5365
0.138406572,5364
0.138410633,5363
0.138416811,5362
0.138422748,5361
0.138426179,5360
0.138429704,5359
0.138439185,5358
0.138443198,5357
0.13844658,5356
0.138451999,5355
0.138455884,5354
0.138459325,5353
0.138465622,5352
0.13847063,5351
0.138475195,5350
0.138479159,5349
0.138482625,5348
0.138486151,5347
0.138492708,5346
0.138496809,5345
0.138500238,5344
0.138504113,5343
0.138512169,5342
0.138516915,5341
0.138522939,5340
0.138528039,5339
0.138531386,5338
0.138534751,5337
0.138537956,5336
0.138541366,5335
0.138544803,5334
0.138552442,5333
0.13855693,5332
0.138561932,5331
0.138565611,5330
0.138571862,5329
0.138575924,5328
0.138580212,5327
0.138584254,5326
0.138589691,5325
0.138594078,5324
0.138597812,5323
0.13860306,5322
0.138606724,5321
0.138613391,5320
0.138618721,5319
0.138623898,5318
0.138629109,5317
0.138632601,5316
0.138635985,5315
0.138639499,5314
0.138645926,5313
0.138649401,5312
0.138654151,5311
0.138657559,5310
0.138662049,5309
0.138665401,5308
0.138670871,5307
0.138679463,5306
0.138683005,5305
0.138687704,5304
0.138691744,5303
0.138695745,5302
0.138700605,5301
0.138705444,5300
0.138709298,5299
0.138716714,5298
0.138724067,5297
0.138728469,5296
0.138733537,5295
0.138737316,5294
0.138741142,5293
0.138745805,5292
0.138755941,5291
0.138765361,5290
0.138768426,5289
0.138772608,5288
0.13877746,5287
0.138782364,5286
0.138787675,5285
0.13879032,5284
0.138795452,5283
0.138798366,5282
0.13880128,5281
0.138804754,5280
0.138813968,5279
0.138817512,5278
0.138820712,5277
0.138825529,5276
0.138828675,5275
0.138832443,5274
0.138835404,5273
0.138838763,5272
0.138841918,5271
0.138848637,5270
0.138853091,5269
0.1388571,5268
0.138860472,5267
0.138863854,5266
0.138868803,5265
0.138873395,5264
0.138877369,5263
0.138882041,5262
0.138885584,5261
0.138897583,5260
0.138903147,5259
0.138909912,5258
0.13891308,5257
0.138916642,5256
0.138920496,5255
0.138924326,5254
0.138929059,5253
0.13893276,5252
0.138938284,5251
0.138942759,5250
0.138946498,5249
0.138950091,5248
0.138953636,5247
0.138957046,5246
0.138961238,5245
0.138964927,5244
0.138968383,5243
0.13897655,5242
0.138981204,5241
0.138985722,5240
0.138989256,5239
0.138993183,5238
0.13899562,5237
0.138998712,5236
0.139002838,5235
0.139005935,5234
0.139008854,5233
0.139011857,5232
0.139015327,5231
0.139018454,5230
0.139021407,5229
0.139024426,5228
0.139029041,5227
0.139034689,5226
0.139037614,5225
0.139040489,5224
0.139043231,5223
0.139047368,5222
0.139051143,5221
0.139054318,5220
0.13905737,5219
0.139061642,5218
0.139064625,5217
0.139072168,5216
0.139075159,5215
0.139078724,5214
0.139082791,5213
0.139086408,5212
0.13909205,5211
0.139095849,5210
0.139099337,5209
0.139102305,5208
0.139108049,5207
0.139164714,5206
0.139167249,5205
0.139169689,5204
0.139172885,5203
0.139176831,5202
0.139180062,5201
0.139185475,5200
0.139195179,5199
0.139203911,5198
0.13920797,5197
0.139211445,5196
0.139215587,5195
0.139218575,5194
0.139221197,5193
0.139224265,5192
0.139228876,5191
0.139234343,5190
0.139238349,5189
0.139242604,5188
0.139245255,5187
0.139249023,5186
0.139253327,5185
0.139256242,5184
0.139260924,5183
0.1392644,5182
0.139276007,5181
0.139279342,5180
0.139282895,5179
0.139286238,5178
0.139289658,5177
0.139297319,5176
0.139301336,5175
0.139305993,5174
0.139310703,5173
0.13931686,5172
0.139322869,5171
0.139325595,5170
0.139327882,5169
0.139333358,5168
0.139336079,5167
0.139339175,5166
0.139341974,5165
0.139344241,5164
0.139346569,5163
0.139349501,5162
0.139352231,5161
0.139354498,5160
0.139362422,5159
0.139365935,5158
0.139370938,5157
0.139374444,5156
0.139383142,5155
0.13938638,5154
0.13939138,5153
0.139394857,5152
0.139403828,5151
0.139411083,5150
0.13941418,5149
0.139417576,5148
0.139421636,5147
0.139427803,5146
0.139434624,5145
0.139438703,5144
0.139442255,5143
0.139446062,5142
0.139449542,5141
0.139452766,5140
0.139456162,5139
0.139461751,5138
0.139465905,5137
0.139470424,5136
0.139472848,5135
0.139475171,5134
0.139478159,5133
0.139480865,5132
0.139482871,5131
0.139487054,5130
0.139490832,5129
0.139493265,5128
0.139495481,5127
0.13949887,5126
0.139501347,5125
0.139503923,5124
0.139505984,5123
0.139508191,5122
0.139510406,5121
0.139513725,5120
0.139516947,5119
0.139520491,5118
0.139524027,5117
0.139531499,5116
0.139534867,5115
0.139540111,5114
0.139543464,5113
0.139548956,5112
0.139552883,5111
0.139557133,5110
0.139560713,5109
0.139563981,5108
0.139568397,5107
0.139573785,5106
0.139576829,5105
0.139580389,5104
0.139583892,5103
0.139588321,5102
0.139593146,5101
0.139598982,5100
0.139609084,5099
0.139614547,5098
0.139620913,5097
0.140511883,5096
0.140514585,5095
0.140519503,5094
0.140523286,5093
0.14052633,5092
0.14052885,5091
0.140531406,5090
0.140535165,5089
0.140537659,5088
0.140540183,5087
0.140543789,5086
0.140548368,5085
0.140556412,5084
0.140560333,5083
0.140563326,5082
0.140569925,5081
0.140576659,5080
0.140579564,5079
0.140582336,5078
0.140588337,5077
0.140600129,5076
0.140604182,5075
0.140609956,5074
0.140612237,5073
0.140614362,5072
0.140616959,5071
0.140620952,5070
0.140627711,5069
0.140631345,5068
0.140636633,5067
0.140639899,5066
0.140643953,5065
0.140648748,5064
0.140651982,5063
0.140657183,5062
0.140661678,5061
0.140665453,5060
0.140668746,5059
0.1406732,5058
0.140676776,5057
0.14068161,5056
0.140685753,5055
0.140689337,5054
0.140693168,5053
0.140696321,5052
0.140701719,5051
0.140705365,5050
0.140710973,5049
0.140716502,5048
0.140729774,5047
0.140732654,5046
0.140735593,5045
0.140739771,5044
0.140742848,5043
0.140746571,5042
0.140749631,5041
0.140752689,5040
0.140757424,5039
0.140761086,5038
0.140764354,5037
0.14076707,5036
0.140772357,5035
0.140775524,5034
0.140778483,5033
0.140781569,5032
0.140784371,5031
0.140788989,5030
0.140794521,5029
0.140800366,5028
0.14080686,5027
0.140811812,5026
0.140814746,5025
0.14081748,5024
0.140820164,5023
0.140822771,5022
0.140825777,5021
0.140828821,5020
0.140833197,5019
0.140836745,5018
0.140839624,5017
0.140842819,5016
0.140848226,5015
0.140851246,5014
0.140855809,5013
0.140859069,5012
0.14086219,5011
0.140866687,5010
0.14087214,5009
0.140876298,5008
0.140880363,5007
0.140883849,5006
0.140887231,5005
0.140891674,5004
0.140895181,5003
0.140898693,5002
0.140905528,5001
0.140910531,5000
0.140915098,4999
0.140929338,4998
0.140938015,4997
0.140944118,4996
0.140948873,4995
0.140953872,4994
0.140958682,4993
0.140962399,4992
0.140965998,4991
0.140970652,4990
0.140975481,4989
0.140980414,4988
0.140985648,4987
0.140989391,4986
0.140992973,4985
0.140996621,4984
0.141001481,4983
0.141007917,4982
0.141013067,4981
0.141016731,4980
0.141022365,4979
0.141026251,4978
0.14103008,4977
0.141036502,4976
0.141039589,4975
0.141043554,4974
0.141047978,4973
0.141051236,4972
0.14105446,4971
0.14105885,4970
0.141062085,4969
0.141065344,4968
0.141068262,4967
0.141072465,4966
0.141077806,4965
0.141082142,4964
0.141084963,4963
0.141089251,4962
0.141094592,4961
0.141102397,4960
0.141105313,4959
0.141112239,4958
0.141115879,4957
0.141119874,4956
0.141122654,4955
0.14112561,4954
0.14112882,4953
0.141133403,4952
0.14113702,4951
0.141139534,4950
0.141141676,4949
0.141144478,4948
0.141151182,4947
0.141156436,4946
0.141158802,4945
0.141161685,4944
0.141164386,4943
0.141168281,4942
0.141173087,4941
0.141176753,4940
0.141181614,4939
0.141185322,4938
0.141193078,4937
0.141291833,4936
0.141295836,4935
0.141323766,4934
0.14132945,4933
0.141334957,4932
0.141369487,4931
0.141413569,4930
0.141436945,4929
0.141443833,4928
0.141449067,4927
0.141462091,4926
0.141466537,4925
0.141470562,4924
0.141473653,4923
0.141478421,4922
0.141483285,4921
0.141487613,4920
0.141492745,4919
0.141496944,4918
0.141501024,4917
0.141504779,4916
0.141508338,4915
0.141511813,4914
0.141515314,4913
0.141544324,4912
0.141549464,4911
0.141552957,4910
0.141555959,4909
0.141561188,4908
0.141565298,4907
0.141570412,4906
0.141582541,4905
0.141592875,4904
0.141595876,4903
0.141600118,4902
0.141602907,4901
0.141605833,4900
0.141610838,4899
0.141614806,4898
0.141617269,4897
0.141620507,4896
0.141623456,4895
0.14162638,4894
0.14162903,4893
0.141633419,4892
0.141648151,4891
0.141651664,4890
0.141655464,4889
0.141658227,4888
0.141661047,4887
0.141665303,4886
0.141668715,4885
0.141671197,4884
0.141673801,4883
0.141676515,4882
0.141679131,4881
0.141682331,4880
0.141689372,4879
0.141691937,4878
0.141694508,4877
0.141696891,4876
0.14169945,4875
0.141701772,4874
0.141705049,4873
0.141708683,4872
0.14171361,4871
0.141716134,4870
0.141719156,4869
0.141722345,4868
0.141725505,4867
0.141731122,4866
0.141736181,4865
0.141739868,4864
0.141742532,4863
0.141746812,4862
0.14174958,4861
0.141753032,4860
0.141756559,4859
0.141759771,4858
0.141762734,4857
0.141765169,4856
0.141768456,4855
0.141803682,4854
0.141806847,4853
0.141810217,4852
0.141814562,4851
0.141820865,4850
0.141827111,4849
0.141830301,4848
0.141834068,4847
0.141839028,4846
0.141843053,4845
0.141846764,4844
0.141860012,4843
0.141864498,4842
0.141869428,4841
0.141873057,4840
0.141876521,4839
0.141881292,4838
0.141886928,4837
0.141893713,4836
0.141899133,4835
0.14193033,4834
0.141941389,4833
0.1419442,4832
0.141948879,4831
0.141953369,4830
0.141958324,4829
0.141960781,4828
0.141963936,4827
0.141966681,4826
0.141971027,4825
0.141977002,4824
0.141981119,4823
0.141983663,4822
0.141989135,4821
0.14199827,4820
0.142001252,4819
0.142016599,4818
0.142019679,4817
0.142022557,4816
0.142043525,4815
0.142046077,4814
0.14204937,4813
0.142053086,4812
0.142056287,4811
0.142059062,4810
0.142070943,4809
0.142073733,4808
0.142076638,4807
0.142079595,4806
0.142082156,4805
0.142084648,4804
0.142087043,4803
0.142091496,4802
0.142094323,4801
0.142097004,4800
0.142100504,4799
0.142110467,4798
0.14211658,4797
0.142119732,4796
0.142123459,4795
0.142127153,4794
0.142130919,4793
0.142133844,4792
0.142137301,4791
0.142145876,4790
0.142149642,4789
0.142172678,4788
0.142177501,4787
0.142180343,4786
0.142185595,4785
0.142189304,4784
0.142194838,4783
0.142198006,4782
0.142206677,4781
0.14222687,4780
0.142230394,4779
0.142235545,4778
0.14223879,4777
0.142242136,4776
0.142245289,4775
0.142248139,4774
0.142252,4773
0.142256313,4772
0.142261054,4771
0.142264716,4770
0.142269636,4769
0.142276104,4768
0.14228122,4767
0.142286117,4766
0.1422889,4765
0.142291898,4764
0.142300512,4763
0.142306972,4762
0.142310598,4761
0.142314437,4760
0.142317017,4759
0.142319904,4758
0.142324864,4757
0.142328695,4756
0.142335088,4755
0.142339189,4754
0.142351141,4753
0.142356783,4752
0.142362192,4751
0.142367133,4750
0.142373415,4749
0.14237819,4748
0.142381224,4747
0.142386284,4746
0.142391888,4745
0.142398324,4744
0.142404674,4743
0.142409401,4742
0.142413911,4741
0.142416833,4740
0.142420263,4739
0.142426736,4738
0.142454143,4737
0.142458829,4736
0.142463644,4735
0.142468216,4734
0.142473028,4733
0.142476347,4732
0.142479838,4731
0.142482904,4730
0.142489517,4729
0.142493675,4728
0.142498513,4727
0.142505331,4726
0.142510317,4725
0.142512977,4724
0.14251623,4723
0.142518834,4722
0.142521225,4721
0.142523514,4720
0.142526831,4719
0.142529711,4718
0.142532764,4717
0.142535923,4716
0.142538751,4715
0.142542329,4714
0.142544656,4713
0.142547707,4712
0.142550235,4711
0.142553731,4710
0.142556039,4709
0.142559281,4708
0.142562966,4707
0.142566612,4706
0.142571849,4705
0.142574227,4704
0.142576823,4703
0.142579223,4702
0.142581452,4701
0.142585474,4700
0.142592905,4699
0.142597145,4698
0.142599905,4697
0.142603204,4696
0.142606346,4695
0.142634564,4694
0.142637158,4693
0.142644125,4692
0.142649594,4691
0.142654419,4690
0.142660197,4689
0.142662695,4688
0.142665222,4687
0.142667797,4686
0.142671324,4685
0.142712823,4684
0.14271659,4683
0.142720442,4682
0.142729,4681
0.142732528,4680
0.142736739,4679
0.142740107,4678
0.142743183,4677
0.142747655,4676
0.142751095,4675
0.142756886,4674
0.142761107,4673
0.142764543,4672
0.142767813,4671
0.142772652,4670
0.142775852,4669
0.142780124,4668
0.142783183,4667
0.142786618,4666
0.142790634,4665
0.142794575,4664
0.142800662,4663
0.142806957,4662
0.142820794,4661
0.142824139,4660
0.14283096,4659
0.142834009,4658
0.142837062,4657
0.142841241,4656
0.142844892,4655
0.142848361,4654
0.142853205,4653
0.142856666,4652
0.142860194,4651
0.142874994,4650
0.142882539,4649
0.142898259,4648
0.142901563,4647
0.14290966,4646
0.142912772,4645
0.142916722,4644
0.142920491,4643
0.142923425,4642
0.142926423,4641
0.142930608,4640
0.142934543,4639
0.142940065,4638
0.14294366,4637
0.142950984,4636
0.142955198,4635
0.142958521,4634
0.142961105,4633
0.142963789,4632
0.142966372,4631
0.142977769,4630
0.142984196,4629
0.142990277,4628
0.142992328,4627
0.14300051,4626
0.143003558,4625
0.143007255,4624
0.143011297,4623
0.143024576,4622
0.143033471,4621
0.143038397,4620
0.143041252,4619
0.143051132,4618
0.143058197,4617
0.143062728,4616
0.143067739,4615
0.14316079,4614
0.143166368,4613
0.143233441,4612
0.143238525,4611
0.143241741,4610
0.143278051,4609
0.143282496,4608
0.143286727,4607
0.143289917,4606
0.143325559,4605
0.143330216,4604
0.143333675,4603
0.143337032,4602
0.143344546,4601
0.143347938,4600
0.143351309,4599
0.143356968,4598
0.143362962,4597
0.143366978,4596
0.143370075,4595
0.143377121,4594
0.143383813,4593
0.143388746,4592
0.143393047,4591
0.143397444,4590
0.143403023,4589
0.143407431,4588
0.143420102,4587
0.143423742,4586
0.143427014,4585
0.143430268,4584
0.143433279,4583
0.143436756,4582
0.143445014,4581
0.14344905,4580
0.143453002,4579
0.143461684,4578
0.143464597,4577
0.143467933,4576
0.143473134,4575
0.143478745,4574
0.143481955,4573
0.14348847,4572
0.143519047,4571
0.143521984,4570
0.143535268,4569
0.143540307,4568
0.143544007,4567
0.143549126,4566
0.143553854,4565
0.143563504,4564
0.143566348,4563
0.143569414,4562
0.143575756,4561
0.143599853,4560
0.143605819,4559
0.143608795,4558
0.14362159,4557
0.143624977,4556
0.143628955,4555
0.14363495,4554
0.144157309,4553
0.144160184,4552
0.144163754,4551
0.144173283,4550
0.144177652,4549
0.144182065,4548
0.14418911,4547
0.144193053,4546
0.144234111,4545
0.144238046,4544
0.144243263,4543
0.144249041,4542
0.144252241,4541
0.144255051,4540
0.144257942,4539
0.144262546,4538
0.144265719,4537
0.144268442,4536
0.144271885,4535
0.144274414,4534
0.144281946,4533
0.144284639,4532
0.144287566,4531
0.144290751,4530
0.14429319,4529
0.144297001,4528
0.144299826,4527
0.144303486,4526
0.14430612,4525
0.144309473,4524
0.144315001,4523
0.144317364,4522
0.144323166,4521
0.144326863,4520
0.144330385,4519
0.144334175,4518
0.144337421,4517
0.144339748,4516
0.144344514,4515
0.14435142,4514
0.144354534,4513
0.144358057,4512
0.144364551,4511
0.144367226,4510
0.144370616,4509
0.144373025,4508
0.144379571,4507
0.144395855,4506
0.14439942,4505
0.144403053,4504
0.144407468,4503
0.144411758,4502
0.144420298,4501
0.144425907,4500
0.144429459,4499
0.144433697,4498
0.14443806,4497
0.144441842,4496
0.144444793,4495
0.144451633,4494
0.144455555,4493
0.144459166,4492
0.144461626,4491
0.144464872,4490
0.144467545,4489
0.144469861,4488
0.14447231,4487
0.144482151,4486
0.144485788,4485
0.144488898,4484
0.144491369,4483
0.144494296,4482
0.144498144,4481
0.144501372,4480
0.144506778,4479
0.144510971,4478
0.144515805,4477
0.14451944,4476
0.144529113,4475
0.144533746,4474
0.144540511,4473
0.144545469,4472
0.144552071,4471
0.144557921,4470
0.144562868,4469
0.144567198,4468
0.144575352,4467
0.144589679,4466
0.144595268,4465
0.144600948,4464
0.144605206,4463
0.14461247,4462
0.144627564,4461
0.144671121,4460
0.14467494,4459
0.144680009,4458
0.144684872,4457
0.14469184,4456
0.144724257,4455
0.144728538,4454
0.144740929,4453
0.144750829,4452
0.144758449,4451
0.144762042,4450
0.144766808,4449
0.144773778,4448
0.144777658,4447
0.144782979,4446
0.144789353,4445
0.14479576,4444
0.144799092,4443
0.144802285,4442
0.144819032,4441
0.144821748,4440
0.144824503,4439
0.144829914,4438
0.144834822,4437
0.144840229,4436
0.144846447,4435
0.144850269,4434
0.144854559,4433
0.144863981,4432
0.144868709,4431
0.1448723,4430
0.144878,4429
0.144881902,4428
0.144889013,4427
0.14489438,4426
0.144900432,4425
0.14490734,4424
0.144913319,4423
0.144921574,4422
0.144926268,4421
0.144935039,4420
0.144939796,4419
0.144944977,4418
0.144952197,4417
0.144957224,4416
0.144960981,4415
0.144965718,4414
0.144969886,4413
0.144974838,4412
0.144981082,4411
0.144987776,4410
0.144992807,4409
0.149078331,4408
0.149088366,4407
0.149094569,4406
0.14912218,4405
0.149131473,4404
0.149137173,4403
0.14914163,4402
0.149146892,4401
0.149150802,4400
0.149158746,4399
0.149163073,4398
0.149172973,4397
0.149237415,4396
0.149285122,4395
0.149340891,4394
0.149347257,4393
0.149425595,4392
0.149432082,4391
0.14950581,4390
0.149509727,4389
0.149570331,4388
0.149575004,4387
0.149580691,4386
0.149598679,4385
0.149603894,4384
0.149610929,4383
0.149618396,4382
0.149630756,4381
0.149634914,4380
0.14963785,4379
0.149645984,4378
0.149648499,4377
0.149653628,4376
0.149657188,4375
0.149663693,4374
0.149666375,4373
0.149669656,4372
0.14967494,4371
0.149678425,4370
0.149704919,4369
0.149718438,4368
0.149726475,4367
0.149735276,4366
0.149774933,4365
0.149778715,4364
0.149783185,4363
0.149802165,4362
0.149806494,4361
0.149816538,4360
0.149829468,4359
0.149842867,4358
0.149855572,4357
0.149878386,4356
0.149895902,4355
0.149902155,4354
0.149918319,4353
0.149922657,4352
0.149936686,4351
0.150273816,4350
0.150282627,4349
0.150294262,4348
0.150297432,4347
0.150302688,4346
0.150314396,4345
0.150321433,4344
0.150330629,4343
0.150385215,4342
0.150390545,4341
0.150394223,4340
0.150397311,4339
0.150401723,4338
0.150405204,4337
0.150417399,4336
0.150421294,4335
0.150426119,4334
0.150429883,4333
0.150433373,4332
0.150439537,4331
0.150445333,4330
0.150447895,4329
0.150452757,4328
0.150457339,4327
0.150461128,4326
0.150464849,4325
0.150470637,4324
0.150481927,4323
0.150487078,4322
0.150495798,4321
0.150498944,4320
0.150504003,4319
0.150507017,4318
0.150512856,4317
0.150515476,4316
0.150518752,4315
0.150524306,4314
0.150532964,4313
0.150538367,4312
0.150543998,4311
0.150558372,4310
0.150562867,4309
0.150566583,4308
0.150570197,4307
0.150574234,4306
0.150579491,4305
0.150584493,4304
0.150587129,4303
0.1505925,4302
0.150600923,4301
0.150604883,4300
0.150611701,4299
0.150615311,4298
0.150618523,4297
0.150622585,4296
0.150627363,4295
0.150637858,4294
0.150640866,4293
0.150643774,4292
0.150647192,4291
0.150656555,4290
0.150729795,4289
0.15073959,4288
0.150744055,4287
0.150749408,4286
0.150778935,4285
0.150783495,4284
0.150787919,4283
0.150835303,4282
0.1508396,4281
0.150844281,4280
0.150848468,4279
0.150852337,4278
0.150855087,4277
0.150859354,4276
0.150866206,4275
0.150869027,4274
0.150874104,4273
0.150879664,4272
0.150883441,4271
0.150885841,4270
0.150889307,4269
0.150896513,4268
0.150900262,4267
0.15090928,4266
0.150911631,4265
0.150914116,4264
0.150918019,4263
0.150923736,4262
0.150928304,4261
0.150938454,4260
0.150942231,4259
0.150947642,4258
0.150952737,4257
0.150955996,4256
0.150964823,4255
0.151013868,4254
0.151022715,4253
0.151025822,4252
0.151053196,4251
0.151058999,4250
0.151103014,4249
0.151108144,4248
0.151114901,4247
0.151120229,4246
0.151162827,4245
0.151165766,4244
0.151170761,4243
0.151175304,4242
0.151178155,4241
0.151224945,4240
0.151228125,4239
0.151234676,4238
0.151292739,4237
0.151298157,4236
0.151302429,4235
0.151308528,4234
0.151312607,4233
0.151325857,4232
0.15133183,4231
0.151342521,4230
0.151347461,4229
0.151382194,4228
0.151386772,4227
0.15141861,4226
0.151425002,4225
0.151430332,4224
0.15143444,4223
0.15144023,4222
0.151444545,4221
0.151465267,4220
0.151482447,4219
0.151555454,4218
0.15155922,4217
0.151952697,4216
0.151960647,4215
0.151964796,4214
0.151969534,4213
0.15197456,4212
0.151979241,4211
0.151985231,4210
0.151990027,4209
0.151995351,4208
0.152000304,4207
0.152003579,4206
0.152008742,4205
0.152014534,4204
0.152019589,4203
0.15202357,4202
0.152027477,4201
0.152030995,4200
0.152042508,4199
0.152078635,4198
0.152083655,4197
0.152087208,4196
0.15212058,4195
0.152127965,4194
0.152133171,4193
0.152143931,4192
0.152154637,4191
0.152159069,4190
0.152164541,4189
0.152169884,4188
0.15220308,4187
0.152207159,4186
0.152224086,4185
0.152240759,4184
0.152244078,4183
0.152247271,4182
0.152255072,4181
0.152259419,4180
0.152264253,4179
0.152268225,4178
0.152273334,4177
0.152278505,4176
0.152283621,4175
0.152299303,4174
0.152302762,4173
0.152305873,4172
0.152313818,4171
0.152322315,4170
0.152330051,4169
0.152333649,4168
0.152336872,4167
0.152344479,4166
0.152352667,4165
0.152357053,4164
0.152361442,4163
0.152372766,4162
0.15240689,4161
0.152413692,4160
0.152419805,4159
0.152424399,4158
0.152428137,4157
0.15243286,4156
0.152440624,4155
0.152444015,4154
0.15244989,4153
0.152459831,4152
0.152466268,4151
0.152472759,4150
0.152481876,4149
0.152486083,4148
0.152491466,4147
0.152496841,4146
0.152514446,4145
0.152518981,4144
0.152521784,4143
0.15255837,4142
0.152561628,4141
0.15258183,4140
0.15259411,4139
0.152597181,4138
0.152609789,4137
0.152612765,4136
0.152616824,4135
0.152623104,4134
0.152627142,4133
0.152633173,4132
0.152636655,4131
0.152644286,4130
0.152647188,4129
0.152652877,4128
0.152656916,4127
0.152660914,4126
0.15266466,4125
0.152670254,4124
0.152675617,4123
0.152678737,4122
0.152685293,4121
0.152706034,4120
0.152739068,4119
0.152745004,4118
0.152772838,4117
0.152863028,4116
0.152915028,4115
0.152931303,4114
0.15298381,4113
0.152991659,4112
0.152995823,4111
0.153007336,4110
0.153196403,4109
0.153246335,4108
0.153294786,4107
0.153363628,4106
0.153367307,4105
0.153381944,4104
0.153394141,4103
0.153398848,4102
0.153410061,4101
0.15341523,4100
0.153417693,4099
0.153422072,4098
0.153464399,4097
0.153471683,4096
0.153475289,4095
0.153478788,4094
0.153489175,4093
0.153494347,4092
0.153497044,4091
0.153511,4090
0.153516866,4089
0.153521818,4088
0.153546666,4087
0.153691588,4086
0.153730963,4085
0.153757687,4084
0.153760768,4083
0.153770608,4082
0.153778413,4081
0.153785267,4080
0.153794333,4079
0.153797332,4078
0.153803983,4077
0.15381006,4076
0.15381648,4075
0.154367739,4074
0.154370182,4073
0.154380794,4072
0.154401122,4071
0.154406274,4070
0.154417862,4069
0.154426621,4068
0.154432819,4067
0.154435487,4066
0.154445214,4065
0.154452062,4064
0.154459016,4063
0.15446804,4062
0.154471072,4061
0.154523595,4060
0.154543034,4059
0.1545649,4058
0.154571102,4057
0.154597986,4056
0.15461918,4055
0.15464902,4054
0.154656284,4053
0.154664831,4052
0.154680239,4051
0.154687828,4050
0.154690485,4049
0.154697405,4048
0.154705014,4047
0.154708491,4046
0.154713545,4045
0.154719984,4044
0.154736376,4043
0.154773289,4042
0.154799116,4041
0.154803079,4040
0.154813218,4039
0.154820999,4038
0.15483047,4037
0.154837285,4036
0.15484291,4035
0.154859406,4034
0.154886606,4033
0.154915741,4032
0.155169466,4031
0.155178755,4030
0.155198207,4029
0.155213538,4028
0.155221283,4027
0.155228925,4026
0.155237427,4025
0.155242295,4024
0.155252391,4023
0.155256327,4022
0.155271677,4021
0.155283318,4020
0.155292675,4019
0.155301884,4018
0.155319376,4017
0.155332215,4016
0.155350259,4015
0.155367676,4014
0.155396752,4013
0.155400334,4012
0.155414765,4011
0.155460128,4010
0.15547346,4009
0.15549787,4008
0.155502948,4007
0.155533437,4006
0.155539206,4005
0.155547421,4004
0.15560187,4003
0.155604391,4002
0.155859022,4001
0.155909606,4000
0.155921911,3999
0.155937031,3998
0.155947687,3997
0.155981237,3996
0.15599142,3995
0.156006163,3994
0.156089753,3993
0.156162988,3992
0.156234676,3991
0.156250348,3990
0.156286891,3989
0.156352782,3988
0.156357988,3987
0.156532516,3986
0.156544001,3985
0.156674205,3984
0.15670383,3983
0.15687284,3982
0.157108983,3981
0.15725236,3980
0.157366213,3979
0.15779135,3978
0.157867573,3977
