0.172677592,5837
0.172747543,5836
0.172791739,5835
0.172833499,5834
0.172890376,5833
0.172913209,5832
0.172935478,5831
0.172944664,5830
0.173005327,5829
0.173057795,5828
0.173069757,5827
0.173079252,5826
0.173118084,5825
0.173126341,5824
0.173145048,5823
0.173161536,5822
0.173174515,5821
0.17318837,5820
0.173231202,5819
0.1732434,5818
0.173312399,5817
0.173355436,5816
0.173389863,5815
0.173417079,5814
0.173465653,5813
0.173522849,5812
0.174439825,5811
0.174452944,5810
0.174467378,5809
0.174491915,5808
0.174500026,5807
0.174508061,5806
0.174516916,5805
0.174525596,5804
0.174615034,5803
0.174708471,5802
0.174717256,5801
0.174765443,5800
0.17477507,5799
0.174824934,5798
0.174835023,5797
0.174843931,5796
0.174852497,5795
0.174904394,5794
0.174912489,5793
0.174956227,5792
0.174965492,5791
0.174972745,5790
0.174980905,5789
0.174997225,5788
0.176001325,5787
0.176013492,5786
0.176022623,5785
0.176032702,5784
0.176040379,5783
0.176045999,5782
0.176053266,5781
0.176061278,5780
0.176068705,5779
0.176074849,5778
0.176081685,5777
0.176088509,5776
0.176094242,5775
0.17610871,5774
0.176123595,5773
0.176778226,5772
0.176793349,5771
0.176801546,5770
0.176814457,5769
0.176822227,5768
0.176841943,5767
0.176847443,5766
0.176902881,5765
0.176924143,5764
0.176952607,5763
0.176976815,5762
0.176986834,5761
0.177022693,5760
0.177059129,5759
0.177093173,5758
0.177119261,5757
0.177141414,5756
0.177206445,5755
0.17728213,5754
0.177318969,5753
0.177346848,5752
0.177355998,5751
0.177364791,5750
0.177378737,5749
0.177412306,5748
0.177447277,5747
0.177453441,5746
0.177468007,5745
0.177481492,5744
0.177492215,5743
0.177509444,5742
0.177520166,5741
0.179521059,5740
0.179561482,5739
0.179574988,5738
0.17958409,5737
0.179593111,5736
0.179609982,5735
0.179619767,5734
0.179630439,5733
0.179641417,5732
0.17965221,5731
0.17966003,5730
0.179676461,5729
0.179684382,5728
0.17970985,5727
0.179720581,5726
0.17974272,5725
0.179771074,5724
0.179783605,5723
0.17981256,5722
0.179858207,5721
0.179876939,5720
0.179893015,5719
0.179908105,5718
0.179917481,5717
0.179926913,5716
0.179937201,5715
0.179964233,5714
0.180011662,5713
0.180021595,5712
0.180028941,5711
0.180038059,5710
0.180050632,5709
0.180198112,5708
0.180224938,5707
0.180294712,5706
0.180305354,5705
0.180330885,5704
0.18040931,5703
0.180416977,5702
0.180439791,5701
0.180446753,5700
0.18045321,5699
0.180459765,5698
0.18048981,5697
0.180502752,5696
0.180508293,5695
0.180648985,5694
0.180656975,5693
0.180663111,5692
0.180688141,5691
0.180698479,5690
0.180704723,5689
0.180713537,5688
0.180719865,5687
0.180727973,5686
0.180760117,5685
0.180797884,5684
0.180808775,5683
0.180826864,5682
0.180840214,5681
0.180852486,5680
0.180860135,5679
0.180867368,5678
0.180874466,5677
0.180882699,5676
0.180899538,5675
0.180929119,5674
0.180942962,5673
0.180995065,5672
0.181035985,5671
0.181068925,5670
0.181086436,5669
0.181094829,5668
0.181101099,5667
0.181109219,5666
0.181129264,5665
0.181145451,5664
0.181159461,5663
0.181203133,5662
0.181241361,5661
0.181250775,5660
0.18125857,5659
0.181271338,5658
0.181279136,5657
0.181286252,5656
0.181336052,5655
0.181351337,5654
0.181424284,5653
0.181438882,5652
0.181453858,5651
0.181485403,5650
0.18149271,5649
0.181535172,5648
0.181552586,5647
0.181573454,5646
0.181598763,5645
0.181612331,5644
0.181620549,5643
0.181628265,5642
0.181635889,5641
0.181643574,5640
0.181650542,5639
0.181656687,5638
0.18166136,5637
0.181666446,5636
0.181671906,5635
0.18167914,5634
0.181683991,5633
0.18168933,5632
0.181693904,5631
0.181699682,5630
0.181705022,5629
0.181709777,5628
0.181714619,5627
0.181719272,5626
0.181724084,5625
0.181728942,5624
0.181733184,5623
0.181740027,5622
0.181745427,5621
0.181751981,5620
0.181757393,5619
0.181762436,5618
0.18176836,5617
0.181776283,5616
0.181798926,5615
0.181816096,5614
0.181822663,5613
0.181835162,5612
0.181873247,5611
0.18191666,5610
0.181921543,5609
0.181928177,5608
0.181935113,5607
0.181952065,5606
0.18196053,5605
0.181970162,5604
0.181980959,5603
0.18199336,5602
0.181998519,5601
0.182481419,5600
0.182489671,5599
0.182537135,5598
0.182541919,5597
0.18254613,5596
0.182551217,5595
0.18385923,5594
0.183867391,5593
0.183876173,5592
0.183882943,5591
0.183887907,5590
0.183896375,5589
0.18390132,5588
0.183907726,5587
0.183912034,5586
0.183917687,5585
0.183941719,5584
0.183953113,5583
0.183958094,5582
0.18396295,5581
0.184616882,5580
0.184625764,5579
0.184630684,5578
0.184634925,5577
0.18470214,5576
0.184706914,5575
0.184711691,5574
0.184716167,5573
0.184725742,5572
0.184731531,5571
0.184737196,5570
0.184741764,5569
0.184747011,5568
0.184751721,5567
0.184756773,5566
0.184761801,5565
0.18476798,5564
0.184771738,5563
0.184775281,5562
0.184778757,5561
0.184782891,5560
0.184786821,5559
0.184793573,5558
0.184798098,5557
0.184804909,5556
0.184814157,5555
0.184820132,5554
0.184826038,5553
0.18483017,5552
0.184834136,5551
0.184839313,5550
0.184856026,5549
0.184862579,5548
0.184913574,5547
0.184918207,5546
0.184923593,5545
0.184930034,5544
0.184934667,5543
0.184944266,5542
0.184949905,5541
0.184955403,5540
0.184958398,5539
0.184962515,5538
0.184965464,5537
0.184968338,5536
0.184971157,5535
0.184974055,5534
0.184978213,5533
0.18498791,5532
0.184992304,5531
0.185019893,5530
0.185024582,5529
0.185028768,5528
0.185034756,5527
0.185046307,5526
0.185050931,5525
0.185063863,5524
0.185071858,5523
0.185076075,5522
0.18508043,5521
0.185086405,5520
0.185090475,5519
0.185094862,5518
0.185099105,5517
0.185103595,5516
0.185135601,5515
0.185143723,5514
0.185154591,5513
0.185160289,5512
0.185164891,5511
0.185174147,5510
0.185183264,5509
0.185189157,5508
0.185198914,5507
0.185202718,5506
0.185207202,5505
0.185210758,5504
0.18521357,5503
0.185217225,5502
0.185222157,5501
0.185225931,5500
0.185229719,5499
0.185255789,5498
0.185261845,5497
0.185304122,5496
0.185309462,5495
0.185315946,5494
0.185321785,5493
0.185325813,5492
0.185333153,5491
0.185392914,5490
0.185397898,5489
0.185401278,5488
0.185405592,5487
0.185410226,5486
0.185414514,5485
0.185418844,5484
0.185434485,5483
0.185438714,5482
0.185442195,5481
0.185445659,5480
0.185449288,5479
0.185452695,5478
0.185457404,5477
0.185462355,5476
0.18546549,5475
0.185469516,5474
0.185473493,5473
0.185477122,5472
0.185480962,5471
0.185485237,5470
0.185491424,5469
0.185496002,5468
0.185499669,5467
0.185502886,5466
0.185509044,5465
0.185551944,5464
0.18566605,5463
0.185670431,5462
0.18571261,5461
0.185724657,5460
0.18573075,5459
0.185740473,5458
0.185750277,5457
0.185756697,5456
0.185813926,5455
0.18581991,5454
0.185824836,5453
0.185832115,5452
0.185836991,5451
0.18584175,5450
0.185846699,5449
0.185851255,5448
0.185857411,5447
0.185862243,5446
0.185865958,5445
0.185870085,5444
0.185873555,5443
0.18587684,5442
0.185880753,5441
0.185885446,5440
0.185888944,5439
0.185893965,5438
0.18589822,5437
0.185901683,5436
0.185908666,5435
0.185913626,5434
0.18591832,5433
0.185921413,5432
0.185924338,5431
0.185927617,5430
0.185930599,5429
0.185933622,5428
0.185936399,5427
0.185939228,5426
0.185942739,5425
0.185946094,5424
0.185949551,5423
0.185952657,5422
0.186011441,5421
0.18601508,5420
0.186018825,5419
0.186022634,5418
0.186026702,5417
0.18603092,5416
0.186039165,5415
0.18604384,5414
0.186047333,5413
0.18605077,5412
0.186054595,5411
0.186058002,5410
0.18606121,5409
0.186064501,5408
0.186067427,5407
0.186071886,5406
0.18607575,5405
0.186079009,5404
0.186082488,5403
0.186088004,5402
0.186092663,5401
0.186096144,5400
0.186099465,5399
0.186104166,5398
0.186107469,5397
0.186111092,5396
0.186114907,5395
0.186156033,5394
0.186160838,5393
0.186166807,5392
0.186209291,5391
0.187137632,5390
0.187143631,5389
0.187286115,5388
0.187289862,5387
0.187299638,5386
0.187351393,5385
0.18735636,5384
0.187362159,5383
0.18736714,5382
0.187370414,5381
0.187374166,5380
0.187417358,5379
0.187420743,5378
0.187424376,5377
0.187427777,5376
0.187433202,5375
0.187436796,5374
0.187441771,5373
0.187445432,5372
0.187449293,5371
0.187454099,5370
0.187457553,5369
0.18746134,5368
0.187464603,5367
0.187469008,5366
0.187472506,5365
0.18747572,5364
0.187478838,5363
0.187483368,5362
0.187487407,5361
0.187493818,5360
0.187540831,5359
0.18758326,5358
0.187587349,5357
0.187591043,5356
0.187595843,5355
0.18760855,5354
0.187651787,5353
0.187655566,5352
0.187658906,5351
0.187661436,5350
0.187664947,5349
0.187667512,5348
0.187671347,5347
0.187675456,5346
0.187678634,5345
0.187681161,5344
0.187685466,5343
0.187689976,5342
0.187694818,5341
0.187698222,5340
0.187701477,5339
0.187704548,5338
0.187713873,5337
0.1877619,5336
0.187765507,5335
0.187769386,5334
0.187772882,5333
0.187776416,5332
0.187780012,5331
0.187783978,5330
0.187788088,5329
0.187828922,5328
0.187833868,5327
0.188312404,5326
0.188322011,5325
0.188325898,5324
0.188332552,5323
0.18834028,5322
0.188345,5321
0.18834836,5320
0.188351417,5319
0.18835411,5318
0.188356911,5317
0.188359704,5316
0.188362935,5315
0.188367232,5314
0.188371103,5313
0.188374074,5312
0.188378403,5311
0.188381492,5310
0.1883851,5309
0.188387845,5308
0.188393208,5307
0.188405265,5306
0.188410764,5305
0.188414715,5304
0.188424238,5303
0.18842747,5302
0.18843285,5301
0.188437703,5300
0.188441544,5299
0.188445433,5298
0.188450332,5297
0.188454736,5296
0.188460572,5295
0.188465203,5294
0.188470236,5293
0.188473462,5292
0.188478047,5291
0.188522963,5290
0.188526754,5289
0.18852994,5288
0.18853224,5287
0.188534722,5286
0.18854111,5285
0.188544498,5284
0.188547286,5283
0.188550138,5282
0.18855326,5281
0.188555937,5280
0.188558733,5279
0.188561536,5278
0.188565624,5277
0.188570102,5276
0.188572672,5275
0.188577911,5274
0.188580347,5273
0.188583052,5272
0.188588887,5271
0.188592924,5270
0.18859616,5269
0.188600086,5268
0.188603256,5267
0.188606232,5266
0.188609131,5265
0.188612048,5264
0.188616168,5263
0.188625065,5262
0.188628454,5261
0.188634694,5260
0.188637574,5259
0.188643364,5258
0.188646356,5257
0.1886514,5256
0.188654573,5255
0.188661637,5254
0.188665711,5253
0.188670537,5252
0.188674233,5251
0.188681339,5250
0.188686049,5249
0.188689451,5248
0.188727884,5247
0.188731388,5246
0.188738748,5245
0.188741461,5244
0.188744089,5243
0.188746409,5242
0.18874887,5241
0.188751227,5240
0.18875991,5239
0.188763903,5238
0.188769194,5237
0.188772776,5236
0.188776577,5235
0.188779554,5234
0.188783334,5233
0.188786144,5232
0.188789706,5231
0.188795176,5230
0.188800574,5229
0.188817444,5228
0.188823273,5227
0.188827024,5226
0.188830726,5225
0.188833549,5224
0.188837594,5223
0.188840449,5222
0.188844584,5221
0.188847348,5220
0.188852503,5219
0.188855946,5218
0.18885993,5217
0.188866701,5216
0.188871259,5215
0.188874381,5214
0.188877391,5213
0.188880301,5212
0.188884465,5211
0.188887938,5210
0.188890371,5209
0.18889306,5208
0.188897623,5207
0.188899843,5206
0.18890343,5205
0.18890695,5204
0.188911309,5203
0.188914799,5202
0.188919237,5201
0.188921736,5200
0.188924859,5199
0.188928758,5198
0.18893189,5197
0.189872748,5196
0.191382441,5195
0.191459698,5194
0.191501764,5193
0.191511749,5192
0.191518033,5191
0.191523255,5190
0.191526645,5189
0.191530073,5188
0.191533146,5187
0.191564996,5186
0.191568426,5185
0.191583664,5184
0.191587167,5183
0.191590636,5182
0.191594611,5181
0.19160218,5180
0.191605033,5179
0.191608101,5178
0.191612387,5177
0.191615056,5176
0.191619297,5175
0.191632927,5174
0.191637246,5173
0.191643755,5172
0.191657274,5171
0.19166108,5170
0.191667911,5169
0.19167182,5168
0.191674453,5167
0.191676752,5166
0.191681258,5165
0.191683751,5164
0.191686326,5163
0.191689069,5162
0.191692181,5161
0.19169859,5160
0.191702037,5159
0.191704683,5158
0.191709362,5157
0.191712318,5156
0.191717071,5155
0.191721973,5154
0.191725562,5153
0.191729085,5152
0.191732101,5151
0.191736952,5150
0.191739884,5149
0.191742797,5148
0.191747646,5147
0.191751156,5146
0.191754396,5145
0.19175797,5144
0.191764303,5143
0.191767213,5142
0.191771862,5141
0.191775695,5140
0.191781195,5139
0.191788501,5138
0.191799725,5137
0.191805687,5136
0.191812058,5135
0.191818716,5134
0.191822548,5133
0.191825818,5132
0.19182922,5131
0.191832838,5130
0.191839012,5129
0.191842399,5128
0.191849762,5127
0.191854135,5126
0.191859484,5125
0.191863495,5124
0.191866012,5123
0.191868274,5122
0.191870585,5121
0.191872884,5120
0.191878349,5119
0.191881912,5118
0.191885309,5117
0.191894174,5116
0.191899532,5115
0.191902483,5114
0.191906174,5113
0.191908812,5112
0.191911056,5111
0.191915088,5110
0.191917652,5109
0.191927104,5108
0.191933079,5107
0.191936904,5106
0.191940911,5105
0.191945989,5104
0.191952929,5103
0.191960328,5102
0.191965017,5101
0.19196926,5100
0.191973399,5099
0.191982524,5098
0.191985218,5097
0.193319978,5096
0.193333372,5095
0.193342905,5094
0.193380145,5093
0.193395728,5092
0.193402991,5091
0.19340833,5090
0.19341214,5089
0.193415878,5088
0.193419626,5087
0.193424452,5086
0.193430416,5085
0.193439593,5084
0.193443376,5083
0.19344729,5082
0.193452581,5081
0.193457519,5080
0.193462119,5079
0.193465685,5078
0.193472927,5077
0.193476009,5076
0.193482537,5075
0.193485827,5074
0.19349983,5073
0.193505268,5072
0.193509208,5071
0.193512661,5070
0.193516101,5069
0.193555966,5068
0.193564472,5067
0.193576398,5066
0.193580758,5065
0.193612552,5064
0.193618602,5063
0.193623402,5062
0.193627349,5061
0.19363253,5060
0.193640086,5059
0.193643697,5058
0.193650045,5057
0.193653306,5056
0.193658626,5055
0.193662329,5054
0.193665993,5053
0.193671154,5052
0.193676256,5051
0.193679697,5050
0.193682901,5049
0.193685933,5048
0.193689182,5047
0.193703401,5046
0.193707651,5045
0.193710603,5044
0.193715283,5043
0.193722881,5042
0.193726799,5041
0.193730051,5040
0.193740071,5039
0.193743964,5038
0.193750989,5037
0.193754175,5036
0.193757586,5035
0.193762474,5034
0.193766458,5033
0.19377057,5032
0.193775318,5031
0.193781169,5030
0.193784707,5029
0.193788261,5028
0.193791878,5027
0.193795501,5026
0.193800271,5025
0.193804537,5024
0.193807275,5023
0.193811754,5022
0.193814613,5021
0.193817736,5020
0.193820425,5019
0.193822822,5018
0.193825296,5017
0.193830421,5016
0.193836333,5015
0.193840315,5014
0.193842764,5013
0.193845669,5012
0.193849153,5011
0.193851956,5010
0.193855159,5009
0.193861206,5008
0.193867627,5007
0.19387098,5006
0.193874525,5005
0.193877901,5004
0.193883302,5003
0.193886556,5002
0.193891037,5001
0.193895572,5000
0.193900244,4999
0.193903449,4998
0.193906871,4997
0.193910282,4996
0.193913339,4995
0.193916444,4994
0.193920287,4993
0.193923509,4992
0.193929535,4991
0.193932595,4990
0.193937084,4989
0.193941143,4988
0.193946657,4987
0.193949933,4986
0.193954199,4985
0.193957386,4984
0.193963388,4983
0.193966832,4982
0.193971263,4981
0.193975166,4980
0.193979031,4979
0.193981652,4978
0.19398407,4977
0.193987533,4976
0.193990606,4975
0.193995461,4974
0.193998363,4973
0.194002556,4972
0.194006361,4971
0.194014531,4970
0.19401881,4969
0.194023963,4968
0.194031399,4967
0.194036537,4966
0.194039727,4965
0.194043162,4964
0.194046586,4963
0.194050328,4962
0.194055049,4961
0.194058155,4960
0.194062157,4959
0.194066529,4958
0.194072088,4957
0.194077845,4956
0.194084944,4955
0.194088727,4954
0.194092471,4953
0.194095362,4952
0.19409882,4951
0.194104117,4950
0.194107197,4949
0.19411053,4948
0.194113679,4947
0.194117097,4946
0.194121103,4945
0.19415857,4944
0.194161455,4943
0.194164852,4942
0.194168382,4941
0.194230727,4940
0.194234967,4939
0.194239569,4938
0.194243267,4937
0.194247057,4936
0.194251486,4935
0.194255536,4934
0.194260941,4933
0.194264749,4932
0.194268298,4931
0.194272386,4930
0.194275624,4929
0.194279302,4928
0.194284137,4927
0.194287549,4926
0.194292225,4925
0.194301711,4924
0.194305218,4923
0.194308676,4922
0.194315915,4921
0.194322569,4920
0.194328462,4919
0.194335479,4918
0.194340282,4917
0.194345167,4916
0.194348824,4915
0.194352346,4914
0.194355871,4913
0.19435949,4912
0.194364465,4911
0.19436828,4910
0.194374259,4909
0.194379354,4908
0.194383989,4907
0.194386376,4906
0.194389752,4905
0.194393805,4904
0.194396257,4903
0.194399798,4902
0.194403423,4901
0.194406877,4900
0.194410121,4899
0.194415967,4898
0.194425526,4897
0.194434177,4896
0.194437427,4895
0.194444533,4894
0.194448775,4893
0.194452038,4892
0.194456739,4891
0.194460191,4890
0.194464755,4889
0.194468376,4888
0.194471592,4887
0.194474923,4886
0.194478192,4885
0.194481464,4884
0.194487204,4883
0.194490221,4882
0.194493439,4881
0.194497237,4880
0.194500197,4879
0.194507266,4878
0.194510382,4877
0.194517811,4876
0.194521049,4875
0.19452415,4874
0.194527216,4873
0.194532409,4872
0.194536037,4871
0.194540742,4870
0.19454431,4869
0.194548,4868
0.194553016,4867
0.19455648,4866
0.194559174,4865
0.194564224,4864
0.194567004,4863
0.194569758,4862
0.194574415,4861
0.194578906,4860
0.19458299,4859
0.19458615,4858
0.194589851,4857
0.194593957,4856
0.19459801,4855
0.19460255,4854
0.194605482,4853
0.194610103,4852
0.194612697,4851
0.19461674,4850
0.1946203,4849
0.194623657,4848
0.194627342,4847
0.194630795,4846
0.194635191,4845
0.194640587,4844
0.19464346,4843
0.194650677,4842
0.19465335,4841
0.194658271,4840
0.194662388,4839
0.194668811,4838
0.194672851,4837
0.194679541,4836
0.194683767,4835
0.194686983,4834
0.194689582,4833
0.194692655,4832
0.194696059,4831
0.194700356,4830
0.194703365,4829
0.19470756,4828
0.194710901,4827
0.19471593,4826
0.194729834,4825
0.194742416,4824
0.194747707,4823
0.194753252,4822
0.19476041,4821
0.194763616,4820
0.194769358,4819
0.194778484,4818
0.194781346,4817
0.19478472,4816
0.19478983,4815
0.19479498,4814
0.194797512,4813
0.194800731,4812
0.194803328,4811
0.194919161,4810
0.194928601,4809
0.194932129,4808
0.194936068,4807
0.194945118,4806
0.194949438,4805
0.194952691,4804
0.194956749,4803
0.194960985,4802
0.194965143,4801
0.194969168,4800
0.194974959,4799
0.194979437,4798
0.194983484,4797
0.194987819,4796
0.194991683,4795
0.194999563,4794
0.195006117,4793
0.195041782,4792
0.195049149,4791
0.195055781,4790
0.195059018,4789
0.195062638,4788
0.195065518,4787
0.195071065,4786
0.195074049,4785
0.195078767,4784
0.195082316,4783
0.19508703,4782
0.195090245,4781
0.195093354,4780
0.195097892,4779
0.195103428,4778
0.195108704,4777
0.195116519,4776
0.195137012,4775
0.195152584,4774
0.195517234,4773
0.195531438,4772
0.195565421,4771
0.195570836,4770
0.195609905,4769
0.195613604,4768
0.19561725,4767
0.195620853,4766
0.195625824,4765
0.195629144,4764
0.195632797,4763
0.195636382,4762
0.195639649,4761
0.195644602,4760
0.195648926,4759
0.195679662,4758
0.195683518,4757
0.195686978,4756
0.195690628,4755
0.195697796,4754
0.195701769,4753
0.195710488,4752
0.195717409,4751
0.195722522,4750
0.195808456,4749
0.195814337,4748
0.195817661,4747
0.195824058,4746
0.195827179,4745
0.195830808,4744
0.19583409,4743
0.195837578,4742
0.195840406,4741
0.195848279,4740
0.195851133,4739
0.195856106,4738
0.195861617,4737
0.195866579,4736
0.195871127,4735
0.195873995,4734
0.195877316,4733
0.195880427,4732
0.195889621,4731
0.195892638,4730
0.195897299,4729
0.195900171,4728
0.19590649,4727
0.195911312,4726
0.195917468,4725
0.195920809,4724
0.1959235,4723
0.19592597,4722
0.195928452,4721
0.195933344,4720
0.195937821,4719
0.19594034,4718
0.195945031,4717
0.195948754,4716
0.195953776,4715
0.195958904,4714
0.195974791,4713
0.195978182,4712
0.195980564,4711
0.195993487,4710
0.195997852,4709
0.196000736,4708
0.196003707,4707
0.196006521,4706
0.196009329,4705
0.196012786,4704
0.196016627,4703
0.196020444,4702
0.196022747,4701
0.196030617,4700
0.196032966,4699
0.196036302,4698
0.196042192,4697
0.196044876,4696
0.196047436,4695
0.196054227,4694
0.196061308,4693
0.196065149,4692
0.196069288,4691
0.196072758,4690
0.196077325,4689
0.196081421,4688
0.196086937,4687
0.196091887,4686
0.196095175,4685
0.196098749,4684
0.196113529,4683
0.196119841,4682
0.196128349,4681
0.196131596,4680
0.196135938,4679
0.19614441,4678
0.196150165,4677
0.196153481,4676
0.196156703,4675
0.196162343,4674
0.196169653,4673
0.196175993,4672
0.196183272,4671
0.196186408,4670
0.196190299,4669
0.196197723,4668
0.196203388,4667
0.19620678,4666
0.196213185,4665
0.196222731,4664
0.19622708,4663
0.196230261,4662
0.196234443,4661
0.196242443,4660
0.19624557,4659
0.196249687,4658
0.196253899,4657
0.196258124,4656
0.196262952,4655
0.196268341,4654
0.196273733,4653
0.196279544,4652
0.196289595,4651
0.196292967,4650
0.196302346,4649
0.19631032,4648
0.196314276,4647
0.196317932,4646
0.19632225,4645
0.196328631,4644
0.196332447,4643
0.196337268,4642
0.196340559,4641
0.196346572,4640
0.196350627,4639
0.196354938,4638
0.196368976,4637
0.1963726,4636
0.196376303,4635
0.196380518,4634
0.196385771,4633
0.196388557,4632
0.196391787,4631
0.196400097,4630
0.196404996,4629
0.19641111,4628
0.19641466,4627
0.196417601,4626
0.196422354,4625
0.196426208,4624
0.196428997,4623
0.19643601,4622
0.196439799,4621
0.196454887,4620
0.196460252,4619
0.196463474,4618
0.19646666,4617
0.196470009,4616
0.19647367,4615
0.196477989,4614
0.196481231,4613
0.196484247,4612
0.196487355,4611
0.196490447,4610
0.196579657,4609
0.196582874,4608
0.196590714,4607
0.196596599,4606
0.196599662,4605
0.196633322,4604
0.196637816,4603
0.196642179,4602
0.196646339,4601
0.196653765,4600
0.19668851,4599
0.196693382,4598
0.196698709,4597
0.196732874,4596
0.19673727,4595
0.19677224,4594
0.196779763,4593
0.196786248,4592
0.196824507,4591
0.196829724,4590
0.196833205,4589
0.196836531,4588
0.196841938,4587
0.196846378,4586
0.196850915,4585
0.196857974,4584
0.196862022,4583
0.196866779,4582
0.196870027,4581
0.196875991,4580
0.196883616,4579
0.196886718,4578
0.196891912,4577
0.196897482,4576
0.196900439,4575
0.196906156,4574
0.19690927,4573
0.196915527,4572
0.196918838,4571
0.196922476,4570
0.196959715,4569
0.196963745,4568
0.196967506,4567
0.196990411,4566
0.196994008,4565
0.196998842,4564
0.197014566,4563
0.197028348,4562
0.197044133,4561
0.1970493,4560
0.197052981,4559
0.197071071,4558
0.197076447,4557
0.197079887,4556
0.197083906,4555
0.197087292,4554
0.197090652,4553
0.19783712,4552
0.197840843,4551
0.197847911,4550
0.197855588,4549
0.197894516,4548
0.197900438,4547
0.197904992,4546
0.197938108,4545
0.197945144,4544
0.197949824,4543
0.197956174,4542
0.197960009,4541
0.197966446,4540
0.197972418,4539
0.197977112,4538
0.197981732,4537
0.19798448,4536
0.197987243,4535
0.197995878,4534
0.198004738,4533
0.198013454,4532
0.19802018,4531
0.198023816,4530
0.198029582,4529
0.198033319,4528
0.198036412,4527
0.198039323,4526
0.198042196,4525
0.198047578,4524
0.198051401,4523
0.198057853,4522
0.19806199,4521
0.198066184,4520
0.198070465,4519
0.198076806,4518
0.19808073,4517
0.19809007,4516
0.198093561,4515
0.19809742,4514
0.198102009,4513
0.198114378,4512
0.198118718,4511
0.198126442,4510
0.198130203,4509
0.198134477,4508
0.198137735,4507
0.198140994,4506
0.198144649,4505
0.198148146,4504
0.198151233,4503
0.198153966,4502
0.198157434,4501
0.198160861,4500
0.198163586,4499
0.198166271,4498
0.198168852,4497
0.198171651,4496
0.198174129,4495
0.198177131,4494
0.198180161,4493
0.19818401,4492
0.19818836,4491
0.19819284,4490
0.198198634,4489
0.198204043,4488
0.198210277,4487
0.198213723,4486
0.198218235,4485
0.198222484,4484
0.198226326,4483
0.198233018,4482
0.198239589,4481
0.198243893,4480
0.198248772,4479
0.198252553,4478
0.198256446,4477
0.198262278,4476
0.198267211,4475
0.198270985,4474
0.198274969,4473
0.19828973,4472
0.19829445,4471
0.198302473,4470
0.198306163,4469
0.198310727,4468
0.198316853,4467
0.198327939,4466
0.198334599,4465
0.198337757,4464
0.198341587,4463
0.198346194,4462
0.198349723,4461
0.198353913,4460
0.198356412,4459
0.198374714,4458
0.198378236,4457
0.19838333,4456
0.198386882,4455
0.198390588,4454
0.1983963,4453
0.198405308,4452
0.198415231,4451
0.198421316,4450
0.19842413,4449
0.198428276,4448
0.198437899,4447
0.198445011,4446
0.198448608,4445
0.198457778,4444
0.19846318,4443
0.1984665,4442
0.198472786,4441
0.198478913,4440
0.198483262,4439
0.198488276,4438
0.198492313,4437
0.1984956,4436
0.198501024,4435
0.19850898,4434
0.198515463,4433
0.198520164,4432
0.198528137,4431
0.198532498,4430
0.207938096,4429
0.207947431,4428
0.207951156,4427
0.207958496,4426
0.207965865,4425
0.207970449,4424
0.207973718,4423
0.207979615,4422
0.207982895,4421
0.2079892,4420
0.208001847,4419
0.208006577,4418
0.208010865,4417
0.208014507,4416
0.208019332,4415
0.208022967,4414
0.208027999,4413
0.208084586,4412
0.208089088,4411
0.208107973,4410
0.208112964,4409
0.208117822,4408
0.208123671,4407
0.208131799,4406
0.208135724,4405
0.208138119,4404
0.208150238,4403
0.208179647,4402
0.208187025,4401
0.20819121,4400
0.208196114,4399
0.208201442,4398
0.208259707,4397
0.208264929,4396
0.208271012,4395
0.208278858,4394
0.208282542,4393
0.208286511,4392
0.208292876,4391
0.208297786,4390
0.208302162,4389
0.208468324,4388
0.20850873,4387
0.208555496,4386
0.20856368,4385
0.208567586,4384
0.208636834,4383
0.208671533,4382
0.208679389,4381
0.208683642,4380
0.208692484,4379
0.208698026,4378
0.208708183,4377
0.208713476,4376
0.208717636,4375
0.208721489,4374
0.208737623,4373
0.208741631,4372
0.208746148,4371
0.208751416,4370
0.208756252,4369
0.20876085,4368
0.208764312,4367
0.20876758,4366
0.208771159,4365
0.208790655,4364
0.208794146,4363
0.208800921,4362
0.208817329,4361
0.208820888,4360
0.208826441,4359
0.208831801,4358
0.208835149,4357
0.208846653,4356
0.208850214,4355
0.208854084,4354
0.208857671,4353
0.208862655,4352
0.208880424,4351
0.208900128,4350
0.208904908,4349
0.208909955,4348
0.208925969,4347
0.208930941,4346
0.20893692,4345
0.208941802,4344
0.208948777,4343
0.208958767,4342
0.208963991,4341
0.208969227,4340
0.208975023,4339
0.208979281,4338
0.20898489,4337
0.208990108,4336
0.208995535,4335
0.2090059,4334
0.209010817,4333
0.209016773,4332
0.209021231,4331
0.209026636,4330
0.209031381,4329
0.209034763,4328
0.209037635,4327
0.209054671,4326
0.209057281,4325
0.209065707,4324
0.209069592,4323
0.209082888,4322
0.209086122,4321
0.209090424,4320
0.20909432,4319
0.209098296,4318
0.209104801,4317
0.209114635,4316
0.209126016,4315
0.209130296,4314
0.209139451,4313
0.20914433,4312
0.209149926,4311
0.209153028,4310
0.209156689,4309
0.209160025,4308
0.209165222,4307
0.209168788,4306
0.209176193,4305
0.209179671,4304
0.209182919,4303
0.209187867,4302
0.209191435,4301
0.209197074,4300
0.209202045,4299
0.209207361,4298
0.209212241,4297
0.209215992,4296
0.209219587,4295
0.209225189,4294
0.209232184,4293
0.209236952,4292
0.209241843,4291
0.209245765,4290
0.209254895,4289
0.209266712,4288
0.209270326,4287
0.209276566,4286
0.209279737,4285
0.209284176,4284
0.209287347,4283
0.209294485,4282
0.209303286,4281
0.20931505,4280
0.209321254,4279
0.209395049,4278
0.209404928,4277
0.209409626,4276
0.209414205,4275
0.209421208,4274
0.209424737,4273
0.209432278,4272
0.209442669,4271
0.209448115,4270
0.209463785,4269
0.209481533,4268
0.209488304,4267
0.209492213,4266
0.209495537,4265
0.209500946,4264
0.209508044,4263
0.209510782,4262
0.209528056,4261
0.209547208,4260
0.209553432,4259
0.209558728,4258
0.209564079,4257
0.209571692,4256
0.20957845,4255
0.20959108,4254
0.209598643,4253
0.209611023,4252
0.209619217,4251
0.209622075,4250
0.209625681,4249
0.209629022,4248
0.209633378,4247
0.209636663,4246
0.209644007,4245
0.209650221,4244
0.209657283,4243
0.209663575,4242
0.20967294,4241
0.209676098,4240
0.209682218,4239
0.209685081,4238
0.209697101,4237
0.209707585,4236
0.209729868,4235
0.209732623,4234
0.209739889,4233
0.209742648,4232
0.209745334,4231
0.209752448,4230
0.20975595,4229
0.209759733,4228
0.209762891,4227
0.20976897,4226
0.209822793,4225
0.209826011,4224
0.209830939,4223
0.20983637,4222
0.20984235,4221
0.209848009,4220
0.209857565,4219
0.209860791,4218
0.209864151,4217
0.20994469,4216
0.210443094,4215
0.210447117,4214
0.210452421,4213
0.210455498,4212
0.210458592,4211
0.210461874,4210
0.210466529,4209
0.210470567,4208
0.210475945,4207
0.210479376,4206
0.210485894,4205
0.210491138,4204
0.210498199,4203
0.210514119,4202
0.2105803,4201
0.210616771,4200
0.210626035,4199
0.210632948,4198
0.210654548,4197
0.210658535,4196
0.21066377,4195
0.210667976,4194
0.210678334,4193
0.210712402,4192
0.210752637,4191
0.210756318,4190
0.210760065,4189
0.210765363,4188
0.210771485,4187
0.210811969,4186
0.21081549,4185
0.210819089,4184
0.210826129,4183
0.210829828,4182
0.21083967,4181
0.210843068,4180
0.210877129,4179
0.210881799,4178
0.210885123,4177
0.210888603,4176
0.210895186,4175
0.21089839,4174
0.21090176,4173
0.210939783,4172
0.210943083,4171
0.21094868,4170
0.21099559,4169
0.210998665,4168
0.211001666,4167
0.21100822,4166
0.211015205,4165
0.211019376,4164
0.21105283,4163
0.211061949,4162
0.21106925,4161
0.211073202,4160
0.211075864,4159
0.211084262,4158
0.211091039,4157
0.211102702,4156
0.211106421,4155
0.211109967,4154
0.211117531,4153
0.211120124,4152
0.21112379,4151
0.211126829,4150
0.211129388,4149
0.211134523,4148
0.211137164,4147
0.211141405,4146
0.211143889,4145
0.211153152,4144
0.211162799,4143
0.211191769,4142
0.211196666,4141
0.211204499,4140
0.211212364,4139
0.211220069,4138
0.211227039,4137
0.211235309,4136
0.211248935,4135
0.211251955,4134
0.211256606,4133
0.211265436,4132
0.211269734,4131
0.211275323,4130
0.211284233,4129
0.211287841,4128
0.21129113,4127
0.211295543,4126
0.211303265,4125
0.211306582,4124
0.21131012,4123
0.211314543,4122
0.211322755,4121
0.211331113,4120
0.211338736,4119
0.211345696,4118
0.211351262,4117
0.211357551,4116
0.211381178,4115
0.211393251,4114
0.211398205,4113
0.211402702,4112
0.211410299,4111
0.211417684,4110
0.21146241,4109
0.211467426,4108
0.211474082,4107
0.211478934,4106
0.211500458,4105
0.211507917,4104
0.211516514,4103
0.211524197,4102
0.211552087,4101
0.211557159,4100
0.211568979,4099
0.211572705,4098
0.211576917,4097
0.211580609,4096
0.21158325,4095
0.211586721,4094
0.211593431,4093
0.211600078,4092
0.211606781,4091
0.211611001,4090
0.211628754,4089
0.211632723,4088
0.211654842,4087
0.211669864,4086
0.211685136,4085
0.211688072,4084
0.211691445,4083
0.211702821,4082
0.211709599,4081
0.211712585,4080
0.211719669,4079
0.211727649,4078
0.21173827,4077
0.211746203,4076
0.211751539,4075
0.211754693,4074
0.211758707,4073
0.226054451,4072
0.226064907,4071
0.226075829,4070
0.2260828,4069
0.226088152,4068
0.226120457,4067
0.226129018,4066
0.226158916,4065
0.226162362,4064
0.226175309,4063
0.226183046,4062
0.226191899,4061
0.226196405,4060
0.226224633,4059
0.226244776,4058
0.226254438,4057
0.226276123,4056
0.226289559,4055
0.22629759,4054
0.226306283,4053
0.226311896,4052
0.22632289,4051
0.226338137,4050
0.226350098,4049
0.226396368,4048
0.226414281,4047
0.226423295,4046
0.226438549,4045
0.226449096,4044
0.226457183,4043
0.226467033,4042
0.226483657,4041
0.226493666,4040
0.226504772,4039
0.226529289,4038
0.226535622,4037
0.226551857,4036
0.226565466,4035
0.226569092,4034
0.22658963,4033
0.226610102,4032
0.226634283,4031
0.227026714,4030
0.227036277,4029
0.227060745,4028
0.227097297,4027
0.227109348,4026
0.227147839,4025
0.227156448,4024
0.227214401,4023
0.227225033,4022
0.227228389,4021
0.22723896,4020
0.227272262,4019
0.227275777,4018
0.227282631,4017
0.227316514,4016
0.227352798,4015
0.228096767,4014
0.228175944,4013
0.228261261,4012
0.228304305,4011
0.228324229,4010
0.228330296,4009
0.228338569,4008
0.228343168,4007
0.228352797,4006
0.228361976,4005
0.228402023,4004
0.228407085,4003
0.228459477,4002
0.228476427,4001
0.228550469,4000
0.228926422,3999
0.228938207,3998
0.228978504,3997
0.229033414,3996
0.229051584,3995
0.229078101,3994
0.229100371,3993
0.229122961,3992
0.229137987,3991
0.229152278,3990
0.229163355,3989
0.229176552,3988
0.229183592,3987
0.229189265,3986
0.22921107,3985
0.22924889,3984
0.229585231,3983
0.229640085,3982
0.229709206,3981
0.229822894,3980
0.230247315,3979
0.230548919,3978
0.230991611,3977
0.231260118,3976
0.232067924,3975
0.232210558,3974
0.478609688,3973
0.628608429,3972
0.703892514,3971
0.787012136,3970
0.900645272,3969
0.951817101,3968
0.958441741,3967
0.984265719,3966
1.042438902,3965
1.083327368,3964
1.153296876,3963
1.167827897,3962
1.389378053,3961
1.785730335,3960
1.924307174,3959
1.976261498,3958
2.029501659,3957
2.049197976,3956
2.063238572,3955
2.14417265,3954
2.150887391,3953
2.211190339,3952
2.323547319,3951
2.377380465,3950
2.533112165,3949
2.656046219,3948
2.740912247,3947
2.89814127,3946
2.93191306,3945
3.355546002,3944
3.425289758,3943
3.646393806,3942
3.841519086,3941
3.860374321,3940
4.185194746,3939
4.644160787,3938
5.087847154,3937
5.289465784,3936
5.381587575,3935
6.509893485,3934
6.723623576,3933
6.838759299,3932
