0.128549614,5837
0.128596682,5836
0.128626087,5835
0.128631306,5834
0.128725198,5833
0.128802767,5832
0.128852405,5831
0.128881543,5830
0.128888556,5829
0.128894796,5828
0.1289009,5827
0.128908827,5826
0.128915686,5825
0.128921922,5824
0.128928095,5823
0.128940116,5822
0.128949466,5821
0.128958372,5820
0.128967354,5819
0.128975455,5818
0.128983261,5817
0.1289896,5816
0.1289992,5815
0.129009299,5814
0.129021257,5813
0.129600191,5812
0.129618738,5811
0.129639764,5810
0.129647903,5809
0.129656332,5808
0.129664326,5807
0.129673101,5806
0.129684421,5805
0.129692657,5804
0.129702192,5803
0.12971162,5802
0.129745211,5801
0.129756954,5800
0.129766328,5799
0.129775099,5798
0.12978248,5797
0.129789686,5796
0.129994198,5795
0.130012183,5794
0.130023221,5793
0.13003789,5792
0.130052536,5791
0.130059907,5790
0.130066972,5789
0.130075183,5788
0.130110703,5787
0.130127453,5786
0.130137119,5785
0.130149986,5784
0.130158546,5783
0.130165299,5782
0.130183507,5781
0.130189268,5780
0.1302149,5779
0.130244034,5778
0.130286162,5777
0.130304918,5776
0.130348632,5775
0.130364794,5774
0.130380988,5773
0.130432449,5772
0.130446788,5771
0.130455249,5770
0.13048891,5769
0.130525591,5768
0.130534333,5767
0.130578469,5766
0.130585843,5765
0.130593618,5764
0.130602222,5763
0.130609879,5762
0.130617239,5761
0.130639689,5760
0.130647328,5759
0.130654514,5758
0.13066254,5757
0.130669906,5756
0.130677432,5755
0.130686126,5754
0.13069359,5753
0.130701107,5752
0.130710503,5751
0.130732003,5750
0.130786301,5749
0.130799211,5748
0.13101421,5747
0.131028905,5746
0.131038271,5745
0.131046416,5744
0.131052933,5743
0.131060657,5742
0.131068206,5741
0.131076014,5740
0.131083274,5739
0.131090352,5738
0.131099842,5737
0.131106623,5736
0.131113558,5735
0.131120318,5734
0.131140308,5733
0.131146563,5732
0.131152001,5731
0.131157088,5730
0.131163203,5729
0.131168653,5728
0.131173804,5727
0.131184609,5726
0.131190091,5725
0.131197823,5724
0.13120288,5723
0.131208684,5722
0.131214451,5721
0.131219992,5720
0.131233622,5719
0.131257597,5718
0.13130051,5717
0.131339755,5716
0.131348239,5715
0.131357634,5714
0.131363216,5713
0.131389845,5712
0.131394381,5711
0.13139916,5710
0.131408384,5709
0.131417047,5708
0.131421958,5707
0.131432637,5706
0.131437873,5705
0.131443571,5704
0.131448794,5703
0.131454555,5702
0.131464797,5701
0.131473354,5700
0.131478505,5699
0.131482237,5698
0.13148559,5697
0.131490512,5696
0.131495892,5695
0.13150019,5694
0.131506009,5693
0.131511306,5692
0.13151466,5691
0.131519432,5690
0.131523015,5689
0.131526342,5688
0.131530056,5687
0.131534312,5686
0.131540361,5685
0.131545971,5684
0.13155162,5683
0.13155524,5682
0.131560824,5681
0.131566029,5680
0.131571336,5679
0.131578764,5678
0.131584401,5677
0.131589292,5676
0.131595537,5675
0.131600138,5674
0.131604121,5673
0.131607836,5672
0.131611458,5671
0.131615327,5670
0.131619244,5669
0.131624954,5668
0.131630043,5667
0.13163746,5666
0.131643152,5665
0.132562799,5664
0.132575483,5663
0.132613701,5662
0.132620478,5661
0.132628055,5660
0.132668896,5659
0.132676988,5658
0.132683971,5657
0.132714765,5656
0.132721285,5655
0.132741707,5654
0.132759732,5653
0.132780661,5652
0.132800675,5651
0.132806322,5650
0.132811545,5649
0.132816881,5648
0.132830121,5647
0.132835466,5646
0.132855031,5645
0.132864,5644
0.132869418,5643
0.132876151,5642
0.132887441,5641
0.132893492,5640
0.13289784,5639
0.132902427,5638
0.132906188,5637
0.13291005,5636
0.132916307,5635
0.132921553,5634
0.132926826,5633
0.13293711,5632
0.132948368,5631
0.132955401,5630
0.132962799,5629
0.132967212,5628
0.132971813,5627
0.132976038,5626
0.132981658,5625
0.132987303,5624
0.132993841,5623
0.132999235,5622
0.133004165,5621
0.133009983,5620
0.133015132,5619
0.13302202,5618
0.133027665,5617
0.13303303,5616
0.133039132,5615
0.133045273,5614
0.133058386,5613
0.133063657,5612
0.133070486,5611
0.133076392,5610
0.133081738,5609
0.133086991,5608
0.133092786,5607
0.133098036,5606
0.133105325,5605
0.133112045,5604
0.133142072,5603
0.133148728,5602
0.133781861,5601
0.133816523,5600
0.133819941,5599
0.133823663,5598
0.133827069,5597
0.133831332,5596
0.133845166,5595
0.133854008,5594
0.133860387,5593
0.133866426,5592
0.133942152,5591
0.133947978,5590
0.133954157,5589
0.133960007,5588
0.133965174,5587
0.133968795,5586
0.133972198,5585
0.133975645,5584
0.133979495,5583
0.134034956,5582
0.134039427,5581
0.134043916,5580
0.134048347,5579
0.134052313,5578
0.134056342,5577
0.134062523,5576
0.134066457,5575
0.134070375,5574
0.134109598,5573
0.134114442,5572
0.134126256,5571
0.134131372,5570
0.134135079,5569
0.134139932,5568
0.134147361,5567
0.134151145,5566
0.1341544,5565
0.134157951,5564
0.134161874,5563
0.134165352,5562
0.134169186,5561
0.134172855,5560
0.134177642,5559
0.134180364,5558
0.134183176,5557
0.13418584,5556
0.134188784,5555
0.134192386,5554
0.134196255,5553
0.134201163,5552
0.13420972,5551
0.134213147,5550
0.134216661,5549
0.134220322,5548
0.134224215,5547
0.134228116,5546
0.134233338,5545
0.134238355,5544
0.13424275,5543
0.134246581,5542
0.134249501,5541
0.134252333,5540
0.134255239,5539
0.134258218,5538
0.134264194,5537
0.134267174,5536
0.134271723,5535
0.134274732,5534
0.134277346,5533
0.134279911,5532
0.134282774,5531
0.134285667,5530
0.134289317,5529
0.134293201,5528
0.134296776,5527
0.134299511,5526
0.134302311,5525
0.134305157,5524
0.134308037,5523
0.134310614,5522
0.134315037,5521
0.134317998,5520
0.134321772,5519
0.134326016,5518
0.134328953,5517
0.134334025,5516
0.134340912,5515
0.134345481,5514
0.134350361,5513
0.134354838,5512
0.134358178,5511
0.134362005,5510
0.134370303,5509
0.134377034,5508
0.134415255,5507
0.134423521,5506
0.134427127,5505
0.134433564,5504
0.134436603,5503
0.134440512,5502
0.134443474,5501
0.134446664,5500
0.134449845,5499
0.134453058,5498
0.134455884,5497
0.134458714,5496
0.134461733,5495
0.134464918,5494
0.134477347,5493
0.134482799,5492
0.134486559,5491
0.134490174,5490
0.134493984,5489
0.134497873,5488
0.134501213,5487
0.134504583,5486
0.13450796,5485
0.134511389,5484
0.134515029,5483
0.134518722,5482
0.13452218,5481
0.1345261,5480
0.134529304,5479
0.134532252,5478
0.134535409,5477
0.134541337,5476
0.134545081,5475
0.134549627,5474
0.134552247,5473
0.134554804,5472
0.134561223,5471
0.134565199,5470
0.134568218,5469
0.134571137,5468
0.13457414,5467
0.134580702,5466
0.134583471,5465
0.134586351,5464
0.134589171,5463
0.134596155,5462
0.134600545,5461
0.134605015,5460
0.134613012,5459
0.134628672,5458
0.134634029,5457
0.134638628,5456
0.134643388,5455
0.134649161,5454
0.13465994,5453
0.134663813,5452
0.134667249,5451
0.134670545,5450
0.134675937,5449
0.134679769,5448
0.134682826,5447
0.134686695,5446
0.134690327,5445
0.13469359,5444
0.134697462,5443
0.13470073,5442
0.134704218,5441
0.134716564,5440
0.134720346,5439
0.134723576,5438
0.134727376,5437
0.134730821,5436
0.134734569,5435
0.134738044,5434
0.13474278,5433
0.134746224,5432
0.134749728,5431
0.134753551,5430
0.134756554,5429
0.134760569,5428
0.13476637,5427
0.134771642,5426
0.134775155,5425
0.134778781,5424
0.134786067,5423
0.134790753,5422
0.134793787,5421
0.134796728,5420
0.134799624,5419
0.134807837,5418
0.134810872,5417
0.134814216,5416
0.134817616,5415
0.134823194,5414
0.134829452,5413
0.1348331,5412
0.13483602,5411
0.134839911,5410
0.134842864,5409
0.134845395,5408
0.134848746,5407
0.134851355,5406
0.134853648,5405
0.134856302,5404
0.134860528,5403
0.134864633,5402
0.134866908,5401
0.134869459,5400
0.134872654,5399
0.134875544,5398
0.13487886,5397
0.134881092,5396
0.134883442,5395
0.134886469,5394
0.134888932,5393
0.134891466,5392
0.134893825,5391
0.134896327,5390
0.134899052,5389
0.134901892,5388
0.134906577,5387
0.134908842,5386
0.134911113,5385
0.134914195,5384
0.134917543,5383
0.134920139,5382
0.134924591,5381
0.134927061,5380
0.134932197,5379
0.134934995,5378
0.134938922,5377
0.13494169,5376
0.134944207,5375
0.134947688,5374
0.134950094,5373
0.134952389,5372
0.134955032,5371
0.134957404,5370
0.134959962,5369
0.134962513,5368
0.134967393,5367
0.134969915,5366
0.134973273,5365
0.134977286,5364
0.134980933,5363
0.13498363,5362
0.134986355,5361
0.134989673,5360
0.134992014,5359
0.134995145,5358
0.134997686,5357
0.135000027,5356
0.135003429,5355
0.13500699,5354
0.135010691,5353
0.135013791,5352
0.135019121,5351
0.135021809,5350
0.135024531,5349
0.13502684,5348
0.135029053,5347
0.135032088,5346
0.135043741,5345
0.135068267,5344
0.135093873,5343
0.135108073,5342
0.135116267,5341
0.13511983,5340
0.135123237,5339
0.13512574,5338
0.135128482,5337
0.135131851,5336
0.135134128,5335
0.135137088,5334
0.13513985,5333
0.135142976,5332
0.135153289,5331
0.135160248,5330
0.135164261,5329
0.135167733,5328
0.135171726,5327
0.135175802,5326
0.135181754,5325
0.135185235,5324
0.135188255,5323
0.135191628,5322
0.135199548,5321
0.135203257,5320
0.135206315,5319
0.135209792,5318
0.135213946,5317
0.135216968,5316
0.135221137,5315
0.135227029,5314
0.135231789,5313
0.135235014,5312
0.135238734,5311
0.135242116,5310
0.135246834,5309
0.135250632,5308
0.1352557,5307
0.135262123,5306
0.135265699,5305
0.135270477,5304
0.135274026,5303
0.13527759,5302
0.135280682,5301
0.135283944,5300
0.13528736,5299
0.135292541,5298
0.13529567,5297
0.135299009,5296
0.13530337,5295
0.135306719,5294
0.135310654,5293
0.135314266,5292
0.135318013,5291
0.13532417,5290
0.135327047,5289
0.135331218,5288
0.135335741,5287
0.135341417,5286
0.135343619,5285
0.135347275,5284
0.135349341,5283
0.13535199,5282
0.135354899,5281
0.135358674,5280
0.135361701,5279
0.135365253,5278
0.13536749,5277
0.13537083,5276
0.135374916,5275
0.135377302,5274
0.135379427,5273
0.135381791,5272
0.135385003,5271
0.135389157,5270
0.135391634,5269
0.135393792,5268
0.135395757,5267
0.135398085,5266
0.135400924,5265
0.135404664,5264
0.135409186,5263
0.135413944,5262
0.135417968,5261
0.135420334,5260
0.1354249,5259
0.13542748,5258
0.135430551,5257
0.135433316,5256
0.135437692,5255
0.135440768,5254
0.135444349,5253
0.135450745,5252
0.135454804,5251
0.135457225,5250
0.1354593,5249
0.135463758,5248
0.135468829,5247
0.135472374,5246
0.135477477,5245
0.135480684,5244
0.135482829,5243
0.135485025,5242
0.135488138,5241
0.135490804,5240
0.135492998,5239
0.135497473,5238
0.135501515,5237
0.135505467,5236
0.135507638,5235
0.135509941,5234
0.135512702,5233
0.135515219,5232
0.135519084,5231
0.135524374,5230
0.135528267,5229
0.13553113,5228
0.135533577,5227
0.135535817,5226
0.135538242,5225
0.13554065,5224
0.13554421,5223
0.135546225,5222
0.135550596,5221
0.135554117,5220
0.135557321,5219
0.135562282,5218
0.135566534,5217
0.135570242,5216
0.13557403,5215
0.135580381,5214
0.13558404,5213
0.135586426,5212
0.135588652,5211
0.135591663,5210
0.135593881,5209
0.135597452,5208
0.135600255,5207
0.135602929,5206
0.135605367,5205
0.135608105,5204
0.135612866,5203
0.135615775,5202
0.135619657,5201
0.135622415,5200
0.135625201,5199
0.135629013,5198
0.135632745,5197
0.135637794,5196
0.135641774,5195
0.135646041,5194
0.135652458,5193
0.135701726,5192
0.135706551,5191
0.135710911,5190
0.135713849,5189
0.135717755,5188
0.135722867,5187
0.135730071,5186
0.13573314,5185
0.13573604,5184
0.135740143,5183
0.13574305,5182
0.135746496,5181
0.135750196,5180
0.135754316,5179
0.135758235,5178
0.135761475,5177
0.13594224,5176
0.135947588,5175
0.135949762,5174
0.135952241,5173
0.135954544,5172
0.135959817,5171
0.135962635,5170
0.135965132,5169
0.135967336,5168
0.135973098,5167
0.135976762,5166
0.135978856,5165
0.135981124,5164
0.135984736,5163
0.135987768,5162
0.135990788,5161
0.13599599,5160
0.136010934,5159
0.136015466,5158
0.136020515,5157
0.136025926,5156
0.136029556,5155
0.136032433,5154
0.136036273,5153
0.136040091,5152
0.136043852,5151
0.136049604,5150
0.136052823,5149
0.136058277,5148
0.136061656,5147
0.136065136,5146
0.136071255,5145
0.136079528,5144
0.136084619,5143
0.136087086,5142
0.136091652,5141
0.136094211,5140
0.136096468,5139
0.136102511,5138
0.136105345,5137
0.13610794,5136
0.13611156,5135
0.136114278,5134
0.136118997,5133
0.136122115,5132
0.13612415,5131
0.13612673,5130
0.136131821,5129
0.136136636,5128
0.136142744,5127
0.136145352,5126
0.136150316,5125
0.136154551,5124
0.136156665,5123
0.136159898,5122
0.136163772,5121
0.136171023,5120
0.136174734,5119
0.136176848,5118
0.136179564,5117
0.136183236,5116
0.136185694,5115
0.136189701,5114
0.136193796,5113
0.136200245,5112
0.136206395,5111
0.136209891,5110
0.13621393,5109
0.136217527,5108
0.136220049,5107
0.136223315,5106
0.136226472,5105
0.136228851,5104
0.136231954,5103
0.136234349,5102
0.136237551,5101
0.136244402,5100
0.136248252,5099
0.136252305,5098
0.13625583,5097
0.137023797,5096
0.137027261,5095
0.13703135,5094
0.137036559,5093
0.137040849,5092
0.137043657,5091
0.137046371,5090
0.137049772,5089
0.137053009,5088
0.137058773,5087
0.137061339,5086
0.137063632,5085
0.137066167,5084
0.137069923,5083
0.137075399,5082
0.137079427,5081
0.137082786,5080
0.137085899,5079
0.137090984,5078
0.137094478,5077
0.137098639,5076
0.13710159,5075
0.137104609,5074
0.137118181,5073
0.13712246,5072
0.137125901,5071
0.13712912,5070
0.137134644,5069
0.137137637,5068
0.137140653,5067
0.137143942,5066
0.137148808,5065
0.137152872,5064
0.137156455,5063
0.137194467,5062
0.137199512,5061
0.137205614,5060
0.137210613,5059
0.13721722,5058
0.137222403,5057
0.137225644,5056
0.137228965,5055
0.137231926,5054
0.13723615,5053
0.137247303,5052
0.137250758,5051
0.137256115,5050
0.13725969,5049
0.137262699,5048
0.137265813,5047
0.137269035,5046
0.137277384,5045
0.137281006,5044
0.137284457,5043
0.137287579,5042
0.137290873,5041
0.137294843,5040
0.137299561,5039
0.137302875,5038
0.137310526,5037
0.137314436,5036
0.137319756,5035
0.137322442,5034
0.137328278,5033
0.137337597,5032
0.137341085,5031
0.137347747,5030
0.137350819,5029
0.137355079,5028
0.137357936,5027
0.13736266,5026
0.137367755,5025
0.137370841,5024
0.137373947,5023
0.137380849,5022
0.137384097,5021
0.137388738,5020
0.137393273,5019
0.137396523,5018
0.137402045,5017
0.137405273,5016
0.137410016,5015
0.137415091,5014
0.137419691,5013
0.137425045,5012
0.137428614,5011
0.137432472,5010
0.137437875,5009
0.137441101,5008
0.137445821,5007
0.137448975,5006
0.137452113,5005
0.137461239,5004
0.13746477,5003
0.13746844,5002
0.137474448,5001
0.137480247,5000
0.13748458,4999
0.137489425,4998
0.137494566,4997
0.137497626,4996
0.1375022,4995
0.137505783,4994
0.137509095,4993
0.137511892,4992
0.137515035,4991
0.137518292,4990
0.137525577,4989
0.137528841,4988
0.137535553,4987
0.137539004,4986
0.137542293,4985
0.137545282,4984
0.13754857,4983
0.137551778,4982
0.137555136,4981
0.137563441,4980
0.137568715,4979
0.137571979,4978
0.137575135,4977
0.137578855,4976
0.137581795,4975
0.137584607,4974
0.137589563,4973
0.137593034,4972
0.137639095,4971
0.137644446,4970
0.137647931,4969
0.13765325,4968
0.137659068,4967
0.137663351,4966
0.137669566,4965
0.137675106,4964
0.137678382,4963
0.137681213,4962
0.137684968,4961
0.137688598,4960
0.137692925,4959
0.137696425,4958
0.137701435,4957
0.137705308,4956
0.137709622,4955
0.137713285,4954
0.137716594,4953
0.137729697,4952
0.13773323,4951
0.137737804,4950
0.137740555,4949
0.137744285,4948
0.137747699,4947
0.137750351,4946
0.137755672,4945
0.137758793,4944
0.137762593,4943
0.137765496,4942
0.137768867,4941
0.137773254,4940
0.137782074,4939
0.137786429,4938
0.137789329,4937
0.137792856,4936
0.137796291,4935
0.137802357,4934
0.13781352,4933
0.13782413,4932
0.137827473,4931
0.137831052,4930
0.137833956,4929
0.137837951,4928
0.137841982,4927
0.137849423,4926
0.137852263,4925
0.137854705,4924
0.137858921,4923
0.137862633,4922
0.137866954,4921
0.13787089,4920
0.137874772,4919
0.137903764,4918
0.137907867,4917
0.137912498,4916
0.137915019,4915
0.137921409,4914
0.137924313,4913
0.137930954,4912
0.137934596,4911
0.137938325,4910
0.137941351,4909
0.137943725,4908
0.137948065,4907
0.137950391,4906
0.137953023,4905
0.137956462,4904
0.137959749,4903
0.13796213,4902
0.137964686,4901
0.137968141,4900
0.137971442,4899
0.137974762,4898
0.137979956,4897
0.137985773,4896
0.137990463,4895
0.137995844,4894
0.137999453,4893
0.138002106,4892
0.138005042,4891
0.138008482,4890
0.138011085,4889
0.138022198,4888
0.138026661,4887
0.138030868,4886
0.138034569,4885
0.138037844,4884
0.138041971,4883
0.138046925,4882
0.138049688,4881
0.138054712,4880
0.138063873,4879
0.138066533,4878
0.138069469,4877
0.138073109,4876
0.13807658,4875
0.138082371,4874
0.13808624,4873
0.138089136,4872
0.138093802,4871
0.138098356,4870
0.138105401,4869
0.138108896,4868
0.138111628,4867
0.138116232,4866
0.138119731,4865
0.13812561,4864
0.138131952,4863
0.138136068,4862
0.138139132,4861
0.138143194,4860
0.138146118,4859
0.138152013,4858
0.1381562,4857
0.138160334,4856
0.138163162,4855
0.138167362,4854
0.13817074,4853
0.138179065,4852
0.138182368,4851
0.138187988,4850
0.138190877,4849
0.138194429,4848
0.138197931,4847
0.138202277,4846
0.138208542,4845
0.138213759,4844
0.138216799,4843
0.138220431,4842
0.13822492,4841
0.13822784,4840
0.138230537,4839
0.138239725,4838
0.13824352,4837
0.138247342,4836
0.138251655,4835
0.138255764,4834
0.138260922,4833
0.138264191,4832
0.138268272,4831
0.138272662,4830
0.13827786,4829
0.138281382,4828
0.138286973,4827
0.138290111,4826
0.1382935,4825
0.138296912,4824
0.138299747,4823
0.138303777,4822
0.138307665,4821
0.138310473,4820
0.138314519,4819
0.138317781,4818
0.138320607,4817
0.138322937,4816
0.138326523,4815
0.138328953,4814
0.138331351,4813
0.138335567,4812
0.138338968,4811
0.138341362,4810
0.138343558,4809
0.138346469,4808
0.138350839,4807
0.138353755,4806
0.138356821,4805
0.138361699,4804
0.138363762,4803
0.13836758,4802
0.138369673,4801
0.138371559,4800
0.138376799,4799
0.138380287,4798
0.138382766,4797
0.138386025,4796
0.138391916,4795
0.138394385,4794
0.138397842,4793
0.138400592,4792
0.138403132,4791
0.138407045,4790
0.13841159,4789
0.138415119,4788
0.138417254,4787
0.138422046,4786
0.138424409,4785
0.138427059,4784
0.138430528,4783
0.138433407,4782
0.138436983,4781
0.138441361,4780
0.138446807,4779
0.138451172,4778
0.138454347,4777
0.13846179,4776
0.138466409,4775
0.138469348,4774
0.138473631,4773
0.138476548,4772
0.138482504,4771
0.13848523,4770
0.13848869,4769
0.138492562,4768
0.13850077,4767
0.13850358,4766
0.138508939,4765
0.138512427,4764
0.13851614,4763
0.138520697,4762
0.138523377,4761
0.138527217,4760
0.1385318,4759
0.138538834,4758
0.138542684,4757
0.138546071,4756
0.138550504,4755
0.138554142,4754
0.138558479,4753
0.138562673,4752
0.138569848,4751
0.138573569,4750
0.138578641,4749
0.138581306,4748
0.138585299,4747
0.138590875,4746
0.138603046,4745
0.138606916,4744
0.138610322,4743
0.138615023,4742
0.138620024,4741
0.138624743,4740
0.138628616,4739
0.138631656,4738
0.138636016,4737
0.138639152,4736
0.138641826,4735
0.138644778,4734
0.138647498,4733
0.13865175,4732
0.13865429,4731
0.138657907,4730
0.138660162,4729
0.138663459,4728
0.138666006,4727
0.138670995,4726
0.138677127,4725
0.138680035,4724
0.138685278,4723
0.138687978,4722
0.138690887,4721
0.138693927,4720
0.138696994,4719
0.138700344,4718
0.138703625,4717
0.138706511,4716
0.138710415,4715
0.138714739,4714
0.138720294,4713
0.13872283,4712
0.138726213,4711
0.138728585,4710
0.138730845,4709
0.138734945,4708
0.138737401,4707
0.138740318,4706
0.138743626,4705
0.138746657,4704
0.138752517,4703
0.138767157,4702
0.138770429,4701
0.138776742,4700
0.138780155,4699
0.138783867,4698
0.138790486,4697
0.138796544,4696
0.138800613,4695
0.138805008,4694
0.138809921,4693
0.13881299,4692
0.138816382,4691
0.138819396,4690
0.138822765,4689
0.138826687,4688
0.138830139,4687
0.138834564,4686
0.138839069,4685
0.138842032,4684
0.13885092,4683
0.138853799,4682
0.138858596,4681
0.138862538,4680
0.138865818,4679
0.13887148,4678
0.138879829,4677
0.138894572,4676
0.138898297,4675
0.138902217,4674
0.138908197,4673
0.138912997,4672
0.138915581,4671
0.138920108,4670
0.138923663,4669
0.138930322,4668
0.138936034,4667
0.138938317,4666
0.138943131,4665
0.13894666,4664
0.138949339,4663
0.138954017,4662
0.138957059,4661
0.138961326,4660
0.138966083,4659
0.138969971,4658
0.138975501,4657
0.138979623,4656
0.13898346,4655
0.138988045,4654
0.13899398,4653
0.138999587,4652
0.139003282,4651
0.139006424,4650
0.139012504,4649
0.139016805,4648
0.13902065,4647
0.139026647,4646
0.139030559,4645
0.139038799,4644
0.139041529,4643
0.13904636,4642
0.139051222,4641
0.139056982,4640
0.139062471,4639
0.139077296,4638
0.139082974,4637
0.139092495,4636
0.139095626,4635
0.13909858,4634
0.139105635,4633
0.139109225,4632
0.139118801,4631
0.139127126,4630
0.139133906,4629
0.139136993,4628
0.139142391,4627
0.139146259,4626
0.139153605,4625
0.139159038,4624
0.139164318,4623
0.139170438,4622
0.139174543,4621
0.139182571,4620
0.139187935,4619
0.139195174,4618
0.139200155,4617
0.139204115,4616
0.139207786,4615
0.139212613,4614
0.139223978,4613
0.139230444,4612
0.139237155,4611
0.139241051,4610
0.139244704,4609
0.139248538,4608
0.139252188,4607
0.139256456,4606
0.139260795,4605
0.139266951,4604
0.139269622,4603
0.139272182,4602
0.139276845,4601
0.139283495,4600
0.139287725,4599
0.139291063,4598
0.139377488,4597
0.13938309,4596
0.139390676,4595
0.139394931,4594
0.139400325,4593
0.13941167,4592
0.139416152,4591
0.139421073,4590
0.139427217,4589
0.139433472,4588
0.139438005,4587
0.139475527,4586
0.139482296,4585
0.139490114,4584
0.139495593,4583
0.13955493,4582
0.13957066,4581
0.139577115,4580
0.139580707,4579
0.139583385,4578
0.13958605,4577
0.139589893,4576
0.139594373,4575
0.139598955,4574
0.13960539,4573
0.139609382,4572
0.139621281,4571
0.139629,4570
0.13963203,4569
0.139638644,4568
0.13964356,4567
0.139648192,4566
0.139656567,4565
0.139660542,4564
0.139669108,4563
0.139703422,4562
0.139710909,4561
0.139753565,4560
0.13975674,4559
0.139759333,4558
0.139764361,4557
0.139769195,4556
0.139771816,4555
0.139777536,4554
0.140277321,4553
0.140280148,4552
0.140282965,4551
0.14028629,4550
0.140288919,4549
0.140292601,4548
0.140299119,4547
0.140304949,4546
0.14030872,4545
0.140312132,4544
0.1403315,4543
0.140336434,4542
0.140340766,4541
0.140344359,4540
0.140348772,4539
0.140352231,4538
0.140356437,4537
0.140360763,4536
0.140366349,4535
0.140370706,4534
0.140373523,4533
0.140376371,4532
0.140380954,4531
0.140385359,4530
0.140389001,4529
0.140396215,4528
0.140400449,4527
0.140404395,4526
0.140410718,4525
0.140413575,4524
0.14041964,4523
0.140431611,4522
0.140435948,4521
0.14043894,4520
0.140441745,4519
0.140444312,4518
0.140448945,4517
0.140452349,4516
0.140456493,4515
0.140526678,4514
0.140532429,4513
0.140535288,4512
0.14054034,4511
0.1405489,4510
0.140552275,4509
0.140555085,4508
0.140581151,4507
0.140585179,4506
0.140589003,4505
0.140595751,4504
0.140601243,4503
0.140605948,4502
0.140608707,4501
0.140612351,4500
0.140616086,4499
0.140623447,4498
0.140627,4497
0.140631031,4496
0.140635646,4495
0.140638496,4494
0.140642219,4493
0.140649606,4492
0.140652754,4491
0.140656835,4490
0.140661212,4489
0.140673309,4488
0.140679629,4487
0.140688141,4486
0.14069146,4485
0.140695665,4484
0.140699501,4483
0.140702589,4482
0.140705367,4481
0.140708591,4480
0.140711597,4479
0.140714498,4478
0.140718746,4477
0.140722124,4476
0.140725529,4475
0.14073126,4474
0.14075317,4473
0.14075641,4472
0.140759989,4471
0.140764201,4470
0.140768115,4469
0.140772343,4468
0.14077613,4467
0.14078007,4466
0.140782762,4465
0.140785747,4464
0.140791905,4463
0.140799259,4462
0.140802789,4461
0.1408064,4460
0.140810141,4459
0.140814747,4458
0.140849642,4457
0.140853174,4456
0.140857029,4455
0.140864447,4454
0.14086711,4453
0.14087056,4452
0.140873504,4451
0.14087842,4450
0.140881767,4449
0.140888345,4448
0.140893024,4447
0.140898742,4446
0.140903143,4445
0.140906626,4444
0.140909239,4443
0.140914036,4442
0.140917471,4441
0.140920834,4440
0.140924196,4439
0.140928388,4438
0.140933163,4437
0.140938444,4436
0.140946274,4435
0.140950499,4434
0.140956993,4433
0.140961876,4432
0.140965001,4431
0.140969018,4430
0.140971992,4429
0.140976559,4428
0.140985439,4427
0.140988171,4426
0.140992329,4425
0.14099781,4424
0.141000844,4423
0.141005191,4422
0.141011913,4421
0.141015985,4420
0.1410249,4419
0.141030713,4418
0.141033336,4417
0.141039312,4416
0.141043577,4415
0.141047513,4414
0.141056011,4413
0.141060261,4412
0.141070688,4411
0.141074531,4410
0.141079285,4409
0.141088315,4408
0.141095106,4407
0.141104246,4406
0.141109595,4405
0.141112375,4404
0.141138648,4403
0.141151634,4402
0.141164927,4401
0.141170027,4400
0.141173466,4399
0.141188849,4398
0.141192237,4397
0.141196189,4396
0.141200986,4395
0.141206306,4394
0.141209226,4393
0.141218006,4392
0.141234422,4391
0.141240184,4390
0.141245166,4389
0.141250728,4388
0.141256961,4387
0.141264636,4386
0.141269457,4385
0.141284737,4384
0.1412917,4383
0.141298156,4382
0.141302703,4381
0.14130741,4380
0.141311076,4379
0.141317136,4378
0.141324723,4377
0.141328736,4376
0.141335028,4375
0.141338629,4374
0.141362814,4373
0.141367123,4372
0.141422922,4371
0.141425704,4370
0.14142848,4369
0.141458296,4368
0.141465463,4367
0.141474168,4366
0.141477508,4365
0.141484244,4364
0.141487825,4363
0.141491945,4362
0.141495675,4361
0.141498916,4360
0.141502068,4359
0.141506818,4358
0.141509825,4357
0.141512462,4356
0.141518374,4355
0.141523744,4354
0.141527306,4353
0.141530385,4352
0.141533511,4351
0.141539722,4350
0.141542481,4349
0.141546257,4348
0.141551977,4347
0.141557744,4346
0.141561525,4345
0.141572807,4344
0.14157545,4343
0.141582455,4342
0.141585532,4341
0.141589572,4340
0.141595848,4339
0.141602203,4338
0.141608362,4337
0.141612652,4336
0.141616999,4335
0.141621304,4334
0.14162448,4333
0.141627236,4332
0.141630686,4331
0.141633447,4330
0.141643386,4329
0.141646409,4328
0.141649147,4327
0.141656452,4326
0.141664834,4325
0.141671551,4324
0.141674389,4323
0.141680066,4322
0.141689907,4321
0.141695327,4320
0.141698096,4319
0.14170045,4318
0.141707188,4317
0.141712401,4316
0.141715124,4315
0.141720433,4314
0.141726847,4313
0.141733695,4312
0.141740249,4311
0.141744092,4310
0.141748246,4309
0.141754367,4308
0.141763467,4307
0.141766793,4306
0.141773459,4305
0.14177955,4304
0.141787097,4303
0.141793981,4302
0.14180259,4301
0.14180531,4300
0.141817917,4299
0.141823638,4298
0.141878598,4297
0.141887086,4296
0.141937735,4295
0.14195158,4294
0.141954911,4293
0.141965591,4292
0.141971744,4291
0.141976721,4290
0.141980539,4289
0.141989393,4288
0.14199726,4287
0.141999661,4286
0.142002587,4285
0.142011905,4284
0.142016266,4283
0.142020901,4282
0.142025329,4281
0.14203057,4280
0.142039364,4279
0.142041841,4278
0.142051652,4277
0.142057253,4276
0.142063923,4275
0.142066949,4274
0.142069281,4273
0.142072289,4272
0.142080609,4271
0.14208293,4270
0.142087362,4269
0.142097128,4268
0.142101676,4267
0.142106307,4266
0.142111384,4265
0.14211625,4264
0.142120539,4263
0.142123379,4262
0.142128011,4261
0.142136284,4260
0.142145032,4259
0.142155317,4258
0.142158487,4257
0.142162679,4256
0.142167003,4255
0.142171003,4254
0.142178379,4253
0.14218301,4252
0.142187871,4251
0.142191562,4250
0.142194871,4249
0.14219759,4248
0.142203705,4247
0.142230791,4246
0.142236939,4245
0.142241207,4244
0.142245772,4243
0.142249268,4242
0.142252832,4241
0.142256321,4240
0.142259695,4239
0.142263918,4238
0.142270533,4237
0.142274262,4236
0.142278193,4235
0.142283529,4234
0.142286125,4233
0.142289745,4232
0.142292273,4231
0.142298505,4230
0.142305292,4229
0.142309709,4228
0.142315813,4227
0.142323733,4226
0.14233031,4225
0.142332565,4224
0.142340502,4223
0.142373811,4222
0.14237654,4221
0.142380295,4220
0.142383058,4219
0.142389953,4218
0.142396795,4217
0.142827329,4216
0.142831097,4215
0.142842637,4214
0.142847726,4213
0.142853031,4212
0.142856732,4211
0.142862816,4210
0.142869183,4209
0.142892948,4208
0.142910014,4207
0.142915066,4206
0.142918477,4205
0.142921861,4204
0.142929531,4203
0.14293487,4202
0.14299553,4201
0.143000702,4200
0.143006651,4199
0.143013109,4198
0.143017534,4197
0.143025938,4196
0.143030424,4195
0.143266892,4194
0.14327121,4193
0.143274282,4192
0.143280372,4191
0.143283515,4190
0.143288744,4189
0.14329383,4188
0.143296626,4187
0.143302497,4186
0.143306762,4185
0.143311389,4184
0.143329213,4183
0.143337509,4182
0.143343329,4181
0.143349204,4180
0.143358251,4179
0.143363793,4178
0.14336712,4177
0.143373778,4176
0.143379491,4175
0.143382131,4174
0.143385797,4173
0.143392583,4172
0.143397966,4171
0.143408412,4170
0.143422294,4169
0.143426518,4168
0.143431531,4167
0.143435706,4166
0.14344001,4165
0.143509517,4164
0.143516156,4163
0.143520512,4162
0.143525332,4161
0.143546443,4160
0.143550314,4159
0.143554771,4158
0.143562798,4157
0.143567976,4156
0.143571511,4155
0.14358118,4154
0.143586434,4153
0.14359264,4152
0.143595842,4151
0.143614184,4150
0.14362095,4149
0.143627112,4148
0.143630357,4147
0.143636064,4146
0.143638924,4145
0.143709501,4144
0.143715654,4143
0.143727478,4142
0.143739813,4141
0.143746584,4140
0.143749677,4139
0.143761004,4138
0.143764598,4137
0.143769172,4136
0.143779824,4135
0.143785665,4134
0.143789271,4133
0.143797465,4132
0.143804318,4131
0.143806964,4130
0.143809863,4129
0.143818111,4128
0.143829306,4127
0.143833196,4126
0.143836473,4125
0.143849445,4124
0.143852885,4123
0.14385616,4122
0.143860235,4121
0.143871352,4120
0.143875269,4119
0.143880605,4118
0.143885253,4117
0.143891928,4116
0.143899145,4115
0.143903214,4114
0.143906255,4113
0.143913555,4112
0.143920879,4111
0.143926258,4110
0.143935248,4109
0.143952388,4108
0.143955596,4107
0.143964273,4106
0.143970352,4105
0.143980179,4104
0.143986,4103
0.143990562,4102
0.143993583,4101
0.144002589,4100
0.14400953,4099
0.144013063,4098
0.144019338,4097
0.144023059,4096
0.144028056,4095
0.144033429,4094
0.14403715,4093
0.144043524,4092
0.144080736,4091
0.144085126,4090
0.144109343,4089
0.144119718,4088
0.144142422,4087
0.144146235,4086
0.144152836,4085
0.14415658,4084
0.144158939,4083
0.144162064,4082
0.144166129,4081
0.144171741,4080
0.144197364,4079
0.144203711,4078
0.144210644,4077
0.144216212,4076
0.14426773,4075
0.144970548,4074
0.144976125,4073
0.144981838,4072
0.144992207,4071
0.144994874,4070
0.145004336,4069
0.145014419,4068
0.145024838,4067
0.145031996,4066
0.145037457,4065
0.145047653,4064
0.14505846,4063
0.145109222,4062
0.145134519,4061
0.145149128,4060
0.14515562,4059
0.145181373,4058
0.145192382,4057
0.145198239,4056
0.145201692,4055
0.145218643,4054
0.145226335,4053
0.145234778,4052
0.145238057,4051
0.145264122,4050
0.145266982,4049
0.145278632,4048
0.145288861,4047
0.145294432,4046
0.145297951,4045
0.145321054,4044
0.145324999,4043
0.145335634,4042
0.145372898,4041
0.145382569,4040
0.145385376,4039
0.145392622,4038
0.145402333,4037
0.145408527,4036
0.145412846,4035
0.145424078,4034
0.145719588,4033
0.145725987,4032
0.145729188,4031
0.14575209,4030
0.145775803,4029
0.145785738,4028
0.145856332,4027
0.145913782,4026
0.145922722,4025
0.145975872,4024
0.145980117,4023
0.146017765,4022
0.146092222,4021
0.146143928,4020
0.146148814,4019
0.146152586,4018
0.146192483,4017
0.146200449,4016
0.146207556,4015
0.146211243,4014
0.146216239,4013
0.14623042,4012
0.146235833,4011
0.146249848,4010
0.14627593,4009
0.146290927,4008
0.146301944,4007
0.146308625,4006
0.146330931,4005
0.146360014,4004
0.146806873,4003
0.146842804,4002
0.146866967,4001
0.146913228,4000
0.146934468,3999
0.146960549,3998
0.146974305,3997
0.14703084,3996
0.147053672,3995
0.147076689,3994
0.147081518,3993
0.147098319,3992
0.147120098,3991
0.147139513,3990
0.147172436,3989
0.147212019,3988
0.147569598,3987
0.147581853,3986
0.147640943,3985
0.14765279,3984
0.147836068,3983
0.148071975,3982
0.148177796,3981
0.14836548,3980
0.14897927,3979
0.149104497,3978
0.239870997,3977
0.330281192,3976
0.381356966,3975
0.552713519,3974
0.570909563,3973
0.579699884,3972
0.722664089,3971
0.751225495,3970
0.773554465,3969
0.799298455,3968
0.859492947,3967
0.94858975,3966
0.999196349,3965
1.345494226,3964
1.695779973,3963
1.777375426,3962
1.81068603,3961
1.851995995,3960
1.899398036,3959
2.046032698,3958
2.109372778,3957
2.214634437,3956
2.317028837,3955
2.323568778,3954
2.352426638,3953
2.369593349,3952
2.399785182,3951
2.426926086,3950
2.452961429,3949
2.621458962,3948
2.656556255,3947
2.882685544,3946
3.049565914,3945
3.075521027,3944
3.172367117,3943
3.408693963,3942
3.710624574,3941
3.910375959,3940
4.218833904,3939
4.276529517,3938
4.291093776,3937
4.71735093,3936
5.008562363,3935
5.314763757,3934
6.48311959,3933
8.218463552,3932
9.087102599,3931
