0.264451161,5837
0.264528886,5836
0.264596559,5835
0.264697853,5834
0.264774478,5833
0.264832141,5832
0.264874625,5831
0.264886703,5830
0.2649832,5829
0.264999789,5828
0.265010662,5827
0.265020338,5826
0.265029934,5825
0.265041338,5824
0.26505205,5823
0.265067678,5822
0.265083151,5821
0.265097144,5820
0.265142223,5819
0.265156745,5818
0.265169435,5817
0.265185255,5816
0.265265457,5815
0.265279358,5814
0.266146287,5813
0.266163823,5812
0.267181448,5811
0.267236824,5810
0.267253483,5809
0.267657593,5808
0.267675899,5807
0.267690438,5806
0.267707577,5805
0.2677233,5804
0.267740059,5803
0.267780142,5802
0.267797002,5801
0.267840335,5800
0.267854254,5799
0.267865107,5798
0.267875087,5797
0.267883961,5796
0.267894462,5795
0.267905346,5794
0.267916708,5793
0.26793043,5792
0.267940583,5791
0.267953574,5790
0.267963618,5789
0.26797306,5788
0.267982905,5787
0.26810405,5786
0.268117571,5785
0.268132851,5784
0.268143768,5783
0.268218889,5782
0.26825475,5781
0.268266273,5780
0.26827496,5779
0.268299712,5778
0.268315939,5777
0.268326163,5776
0.268340596,5775
0.268353824,5774
0.268372884,5773
0.268394979,5772
0.268404962,5771
0.26841521,5770
0.268430539,5769
0.268471783,5768
0.268522662,5767
0.268566002,5766
0.269623522,5765
0.269657478,5764
0.269668186,5763
0.269752946,5762
0.269771043,5761
0.269802791,5760
0.269812477,5759
0.269820536,5758
0.269828666,5757
0.269837109,5756
0.269845932,5755
0.269857015,5754
0.269880143,5753
0.269899727,5752
0.269932859,5751
0.26995034,5750
0.269967314,5749
0.269981896,5748
0.269998559,5747
0.270015591,5746
0.270032337,5745
0.270047896,5744
0.270065003,5743
0.270085151,5742
0.270104742,5741
0.27011762,5740
0.27012799,5739
0.270150917,5738
0.270177678,5737
0.270192867,5736
0.270202361,5735
0.270217564,5734
0.270235431,5733
0.270243766,5732
0.270251419,5731
0.270263635,5730
0.27027132,5729
0.2702779,5728
0.270290145,5727
0.270297095,5726
0.270303695,5725
0.270311044,5724
0.270317619,5723
0.270325345,5722
0.270335185,5721
0.270344304,5720
0.270352601,5719
0.270363393,5718
0.270411836,5717
0.270427044,5716
0.270447031,5715
0.270462697,5714
0.27048466,5713
0.270492748,5712
0.270500341,5711
0.270507693,5710
0.270516198,5709
0.270525507,5708
0.27053671,5707
0.270543428,5706
0.270550272,5705
0.270557561,5704
0.27056401,5703
0.270751473,5702
0.270762107,5701
0.270771044,5700
0.270779375,5699
0.270800382,5698
0.270806574,5697
0.270812935,5696
0.270822234,5695
0.270828221,5694
0.270834001,5693
0.270868251,5692
0.27088588,5691
0.270893887,5690
0.270899473,5689
0.270921026,5688
0.270926693,5687
0.270931356,5686
0.27093567,5685
0.27093978,5684
0.270943995,5683
0.270948634,5682
0.270952727,5681
0.270957114,5680
0.270961166,5679
0.270965522,5678
0.270970845,5677
0.270975544,5676
0.270980526,5675
0.270989399,5674
0.27099467,5673
0.271004121,5672
0.271014865,5671
0.271026564,5670
0.271031979,5669
0.271037261,5668
0.271041473,5667
0.271046298,5666
0.27105167,5665
0.271057127,5664
0.271071084,5663
0.2710887,5662
0.271105229,5661
0.271116638,5660
0.271128816,5659
0.271139628,5658
0.271146673,5657
0.271153286,5656
0.271158893,5655
0.2711989,5654
0.271207088,5653
0.271214887,5652
0.271222941,5651
0.271230124,5650
0.271237774,5649
0.271245941,5648
0.271255482,5647
0.27126241,5646
0.271274747,5645
0.278929533,5644
0.278942382,5643
0.278954459,5642
0.278976894,5641
0.278987709,5640
0.27899583,5639
0.279009533,5638
0.279020825,5637
0.279032576,5636
0.279069181,5635
0.2791993,5634
0.279213101,5633
0.279298746,5632
0.279317739,5631
0.281607282,5630
0.281622944,5629
0.281634244,5628
0.281648335,5627
0.281660683,5626
0.281743145,5625
0.281785208,5624
0.281791295,5623
0.281887658,5622
0.281896954,5621
0.281904043,5620
0.281908571,5619
0.281913378,5618
0.281917436,5617
0.281921694,5616
0.281927911,5615
0.281934507,5614
0.281938868,5613
0.281943527,5612
0.28199352,5611
0.282000417,5610
0.282005376,5609
0.282010776,5608
0.284599848,5607
0.285131382,5606
0.28514612,5605
0.285168534,5604
0.285203031,5603
0.285210818,5602
0.285225104,5601
0.285624907,5600
0.286066923,5599
0.286076097,5598
0.286086196,5597
0.28609355,5596
0.286098446,5595
0.286108592,5594
0.286115693,5593
0.286155842,5592
0.28711132,5591
0.287123392,5590
0.287202646,5589
0.287282028,5588
0.287323617,5587
0.28736462,5586
0.287369757,5585
0.287378079,5584
0.287390255,5583
0.287398118,5582
0.287406356,5581
0.28741817,5580
0.287456667,5579
0.287467316,5578
0.287478466,5577
0.287486898,5576
0.287492165,5575
0.287527597,5574
0.28753204,5573
0.287535921,5572
0.287540105,5571
0.287543891,5570
0.28754845,5569
0.287553457,5568
0.287558319,5567
0.287562803,5566
0.287570502,5565
0.28759495,5564
0.28760611,5563
0.28761396,5562
0.287621664,5561
0.287631979,5560
0.287637241,5559
0.287649032,5558
0.287655324,5557
0.28765963,5556
0.287667986,5555
0.287673473,5554
0.287692546,5553
0.287699372,5552
0.287733747,5551
0.287772647,5550
0.287811082,5549
0.287849962,5548
0.28785734,5547
0.28786109,5546
0.287864876,5545
0.287870171,5544
0.287873762,5543
0.287877652,5542
0.287881214,5541
0.287886999,5540
0.287891288,5539
0.287896494,5538
0.287901133,5537
0.288163484,5536
0.288167689,5535
0.28817188,5534
0.288177664,5533
0.288185003,5532
0.288194807,5531
0.288201971,5530
0.288206845,5529
0.288211072,5528
0.288219942,5527
0.288225348,5526
0.28823009,5525
0.288236206,5524
0.288245687,5523
0.288249909,5522
0.288253992,5521
0.288259472,5520
0.288263918,5519
0.288268048,5518
0.288271868,5517
0.288631219,5516
0.288637903,5515
0.288672767,5514
0.288677922,5513
0.288696396,5512
0.288733579,5511
0.288739149,5510
0.288743599,5509
0.288748537,5508
0.288763942,5507
0.28877375,5506
0.288781875,5505
0.288789707,5504
0.288793967,5503
0.288797862,5502
0.28880383,5501
0.288807687,5500
0.28881146,5499
0.28881559,5498
0.288819451,5497
0.288823732,5496
0.288828174,5495
0.288833768,5494
0.288839415,5493
0.28884352,5492
0.288852669,5491
0.288863803,5490
0.288869575,5489
0.288873886,5488
0.288880296,5487
0.288885057,5486
0.288893944,5485
0.288903597,5484
0.288915473,5483
0.288920804,5482
0.288924718,5481
0.288931945,5480
0.288936233,5479
0.288941475,5478
0.28894693,5477
0.288952935,5476
0.288956372,5475
0.288960138,5474
0.288963617,5473
0.28896728,5472
0.288970643,5471
0.288974324,5470
0.288980251,5469
0.288985276,5468
0.288988788,5467
0.288992291,5466
0.28899783,5465
0.28900132,5464
0.289005222,5463
0.289010013,5462
0.289015857,5461
0.289021225,5460
0.289026571,5459
0.289031322,5458
0.289035987,5457
0.289042232,5456
0.289046466,5455
0.289052875,5454
0.289056926,5453
0.289105083,5452
0.289112747,5451
0.289118316,5450
0.289123504,5449
0.289127521,5448
0.289131352,5447
0.289141904,5446
0.289147592,5445
0.289152203,5444
0.289156277,5443
0.289160001,5442
0.289183412,5441
0.289188633,5440
0.289192387,5439
0.289198115,5438
0.289203619,5437
0.289207649,5436
0.289211665,5435
0.2892171,5434
0.289228176,5433
0.289234518,5432
0.289239544,5431
0.289243363,5430
0.289247695,5429
0.289251716,5428
0.289255565,5427
0.289259543,5426
0.289263924,5425
0.289268148,5424
0.289273382,5423
0.289277546,5422
0.289284494,5421
0.289290416,5420
0.289295925,5419
0.289299907,5418
0.289305256,5417
0.289311514,5416
0.289315801,5415
0.289322073,5414
0.289325968,5413
0.28933045,5412
0.289338667,5411
0.289344967,5410
0.289348745,5409
0.289352521,5408
0.289356635,5407
0.289362234,5406
0.289366386,5405
0.289369357,5404
0.289372582,5403
0.289379479,5402
0.289385799,5401
0.289390284,5400
0.289394503,5399
0.289400348,5398
0.289403741,5397
0.289408316,5396
0.289412191,5395
0.289415512,5394
0.289420291,5393
0.289426274,5392
0.289432037,5391
0.289447529,5390
0.289451118,5389
0.28945525,5388
0.28945925,5387
0.28946275,5386
0.289478436,5385
0.289482679,5384
0.289488136,5383
0.289492452,5382
0.289496296,5381
0.289501504,5380
0.289510096,5379
0.289517654,5378
0.289574641,5377
0.289606546,5376
0.289613703,5375
0.289623914,5374
0.289926865,5373
0.289932123,5372
0.289935496,5371
0.289940924,5370
0.289944615,5369
0.289948728,5368
0.289954573,5367
0.289959553,5366
0.295140022,5365
0.295149102,5364
0.295160113,5363
0.295170551,5362
0.295182382,5361
0.295216032,5360
0.295221312,5359
0.295257009,5358
0.29526554,5357
0.2955691,5356
0.29557746,5355
0.295583662,5354
0.295588173,5353
0.295593415,5352
0.29559689,5351
0.295600075,5350
0.295604768,5349
0.295607745,5348
0.295611605,5347
0.295618432,5346
0.295622388,5345
0.29562583,5344
0.295629717,5343
0.295634417,5342
0.295639137,5341
0.29564519,5340
0.295650114,5339
0.295654924,5338
0.295659332,5337
0.295664531,5336
0.295667907,5335
0.295714458,5334
0.29572261,5333
0.295734737,5332
0.295743386,5331
0.295755053,5330
0.295759381,5329
0.295765897,5328
0.295772703,5327
0.295788668,5326
0.295797405,5325
0.29580342,5324
0.295812586,5323
0.295818089,5322
0.295825728,5321
0.295832975,5320
0.295837549,5319
0.295847794,5318
0.29593321,5317
0.295940104,5316
0.295944785,5315
0.295951128,5314
0.29595862,5313
0.29596383,5312
0.295973786,5311
0.295980885,5310
0.295986815,5309
0.295991368,5308
0.29600172,5307
0.296006526,5306
0.296011491,5305
0.296015883,5304
0.296251083,5303
0.296257131,5302
0.296262188,5301
0.296266008,5300
0.296270582,5299
0.296275258,5298
0.296281126,5297
0.296287081,5296
0.296292559,5295
0.296297178,5294
0.296302469,5293
0.296306862,5292
0.296312537,5291
0.296317811,5290
0.296321707,5289
0.296325852,5288
0.296329369,5287
0.296333266,5286
0.296342907,5285
0.2963465,5284
0.296349922,5283
0.296353872,5282
0.296357673,5281
0.29636158,5280
0.296365684,5279
0.296368948,5278
0.296372726,5277
0.296377006,5276
0.296379296,5275
0.296384353,5274
0.296386979,5273
0.296389183,5272
0.296393906,5271
0.296397509,5270
0.29640018,5269
0.296406936,5268
0.296409483,5267
0.296412661,5266
0.296414793,5265
0.296418311,5264
0.296420944,5263
0.296425817,5262
0.296429146,5261
0.296436749,5260
0.296439909,5259
0.296445862,5258
0.296448642,5257
0.296452422,5256
0.296455061,5255
0.296459577,5254
0.296462918,5253
0.296465976,5252
0.296469434,5251
0.296476217,5250
0.296480009,5249
0.29648259,5248
0.296485423,5247
0.296488194,5246
0.296493789,5245
0.296496414,5244
0.296499579,5243
0.29650224,5242
0.296505222,5241
0.296507933,5240
0.2973718,5239
0.297419047,5238
0.297426243,5237
0.297698619,5236
0.297705149,5235
0.297708968,5234
0.297713926,5233
0.297717225,5232
0.297721595,5231
0.297726759,5230
0.297733743,5229
0.297740391,5228
0.297744685,5227
0.297747721,5226
0.297753611,5225
0.297757395,5224
0.297762678,5223
0.297766033,5222
0.297770538,5221
0.297773667,5220
0.297778045,5219
0.297781664,5218
0.297786297,5217
0.297789393,5216
0.29779284,5215
0.297797138,5214
0.297802296,5213
0.297807494,5212
0.297811365,5211
0.29784843,5210
0.297853547,5209
0.297856439,5208
0.297860447,5207
0.297862928,5206
0.297866139,5205
0.297870382,5204
0.297875894,5203
0.297879387,5202
0.29788577,5201
0.297888891,5200
0.297893086,5199
0.297897402,5198
0.297901391,5197
0.297935922,5196
0.297971072,5195
0.297975066,5194
0.297986409,5193
0.297990455,5192
0.297996245,5191
0.298001261,5190
0.298004663,5189
0.298008474,5188
0.298011776,5187
0.298016888,5186
0.298020031,5185
0.298027023,5184
0.298030407,5183
0.298033506,5182
0.298037997,5181
0.298046442,5180
0.298049302,5179
0.298052306,5178
0.298057559,5177
0.298060759,5176
0.298064754,5175
0.298071292,5174
0.298074695,5173
0.29813343,5172
0.298139642,5171
0.298143546,5170
0.298150709,5169
0.298154565,5168
0.298157551,5167
0.298160748,5166
0.298165845,5165
0.298170577,5164
0.298174993,5163
0.298178982,5162
0.298183237,5161
0.298249271,5160
0.298253327,5159
0.298256904,5158
0.298262983,5157
0.298266737,5156
0.298272223,5155
0.298277937,5154
0.298281062,5153
0.298284782,5152
0.298290256,5151
0.298338739,5150
0.298342523,5149
0.298345544,5148
0.298350451,5147
0.29835398,5146
0.298357347,5145
0.298360686,5144
0.298367118,5143
0.29837075,5142
0.298376123,5141
0.298379511,5140
0.298385555,5139
0.298393659,5138
0.298397875,5137
0.298404694,5136
0.298409735,5135
0.298415975,5134
0.298419344,5133
0.298422604,5132
0.298454458,5131
0.29845868,5130
0.298463647,5129
0.298467201,5128
0.298474016,5127
0.298476948,5126
0.29848142,5125
0.2984866,5124
0.298489699,5123
0.298492467,5122
0.298494986,5121
0.298498088,5120
0.298502328,5119
0.298505543,5118
0.2985086,5117
0.298518058,5116
0.298523652,5115
0.298527096,5114
0.29853119,5113
0.298534204,5112
0.298537025,5111
0.298561783,5110
0.298564805,5109
0.298570566,5108
0.298613406,5107
0.298638858,5106
0.29864532,5105
0.298650413,5104
0.298657687,5103
0.298666269,5102
0.298671949,5101
0.298676096,5100
0.298681417,5099
0.298692782,5098
0.298864423,5097
0.300216203,5096
0.300223052,5095
0.300228133,5094
0.300232763,5093
0.300242775,5092
0.300247481,5091
0.300254304,5090
0.300258314,5089
0.300262702,5088
0.300291811,5087
0.300297294,5086
0.300306844,5085
0.300320444,5084
0.300324008,5083
0.300332921,5082
0.300337179,5081
0.300341426,5080
0.300345029,5079
0.300348272,5078
0.300354654,5077
0.300357838,5076
0.300363599,5075
0.300366543,5074
0.300371371,5073
0.300376909,5072
0.30038041,5071
0.300383881,5070
0.300387294,5069
0.300390525,5068
0.30039722,5067
0.300404194,5066
0.300408181,5065
0.300412062,5064
0.300415816,5063
0.300419413,5062
0.300422276,5061
0.300427053,5060
0.300433191,5059
0.300437401,5058
0.300445145,5057
0.300448071,5056
0.300453018,5055
0.300456123,5054
0.300459583,5053
0.300470749,5052
0.300549214,5051
0.300553996,5050
0.300557542,5049
0.300561167,5048
0.30056526,5047
0.300605183,5046
0.300610091,5045
0.300613548,5044
0.300617307,5043
0.300621026,5042
0.300624258,5041
0.300628086,5040
0.300633493,5039
0.30063726,5038
0.300643692,5037
0.300647238,5036
0.30065073,5035
0.30065599,5034
0.300666913,5033
0.300670233,5032
0.300677044,5031
0.300681121,5030
0.300684678,5029
0.300689152,5028
0.300696827,5027
0.300700339,5026
0.300704954,5025
0.300710267,5024
0.300713732,5023
0.300717358,5022
0.300720776,5021
0.300724525,5020
0.30072854,5019
0.30073527,5018
0.300738775,5017
0.300742332,5016
0.300750198,5015
0.30075615,5014
0.300759438,5013
0.300762684,5012
0.300767871,5011
0.300771319,5010
0.300774361,5009
0.300789646,5008
0.300798025,5007
0.300801783,5006
0.300805349,5005
0.300809318,5004
0.300823676,5003
0.300827379,5002
0.300831628,5001
0.300836212,5000
0.300840628,4999
0.300844271,4998
0.300848082,4997
0.300852012,4996
0.300855237,4995
0.300858446,4994
0.300863779,4993
0.300867299,4992
0.300874579,4991
0.300878517,4990
0.300884165,4989
0.300888576,4988
0.300895152,4987
0.300898696,4986
0.300903119,4985
0.30090635,4984
0.300912026,4983
0.30091503,4982
0.300919397,4981
0.300923156,4980
0.300927565,4979
0.300930786,4978
0.300934343,4977
0.30093908,4976
0.300942569,4975
0.300947702,4974
0.300950768,4973
0.300963338,4972
0.300966517,4971
0.300970609,4970
0.300973595,4969
0.300979499,4968
0.300986165,4967
0.300990606,4966
0.300993574,4965
0.300998856,4964
0.301001743,4963
0.301004311,4962
0.301008665,4961
0.301011512,4960
0.301015552,4959
0.30102217,4958
0.301027952,4957
0.301034928,4956
0.301043384,4955
0.301048359,4954
0.301052166,4953
0.301055566,4952
0.301058785,4951
0.301064911,4950
0.301068353,4949
0.301072039,4948
0.301075554,4947
0.301207386,4946
0.301212881,4945
0.301216634,4944
0.301219411,4943
0.30122243,4942
0.301225155,4941
0.301239729,4940
0.301245913,4939
0.301251447,4938
0.301259177,4937
0.30126353,4936
0.301267846,4935
0.301271124,4934
0.301275578,4933
0.301279216,4932
0.301282401,4931
0.301285541,4930
0.301288656,4929
0.301291781,4928
0.301295789,4927
0.301299138,4926
0.301303631,4925
0.301311847,4924
0.301315081,4923
0.301318836,4922
0.301322026,4921
0.301328447,4920
0.301331752,4919
0.301335177,4918
0.30133863,4917
0.301343433,4916
0.301346834,4915
0.30135015,4914
0.301353364,4913
0.301356677,4912
0.301361475,4911
0.30136486,4910
0.301371081,4909
0.301377589,4908
0.301383746,4907
0.30138705,4906
0.301390984,4905
0.301396335,4904
0.301399298,4903
0.301404105,4902
0.301408844,4901
0.30141333,4900
0.301417088,4899
0.30142284,4898
0.301433745,4897
0.301438858,4896
0.301442246,4895
0.301448448,4894
0.30145225,4893
0.301454891,4892
0.301459467,4891
0.301462142,4890
0.30146624,4889
0.301469689,4888
0.301473173,4887
0.301476602,4886
0.301480229,4885
0.301483613,4884
0.301489674,4883
0.301492816,4882
0.301496046,4881
0.301500096,4880
0.30150359,4879
0.301511207,4878
0.30151552,4877
0.30152908,4876
0.301532732,4875
0.301536326,4874
0.301540753,4873
0.301547056,4872
0.301552564,4871
0.301557648,4870
0.30156135,4869
0.301565764,4868
0.301571239,4867
0.301575855,4866
0.301591264,4865
0.301604877,4864
0.301609037,4863
0.301613449,4862
0.301618072,4861
0.301621831,4860
0.301625557,4859
0.301629559,4858
0.301634807,4857
0.301640655,4856
0.301646251,4855
0.301658641,4854
0.301662482,4853
0.301668763,4852
0.301673271,4851
0.30168218,4850
0.301688403,4849
0.301693814,4848
0.301697744,4847
0.301701607,4846
0.301704913,4845
0.301711676,4844
0.301715118,4843
0.301730074,4842
0.301733256,4841
0.301738555,4840
0.301743395,4839
0.301749749,4838
0.301753695,4837
0.301757007,4836
0.301762276,4835
0.301766841,4834
0.301770023,4833
0.301773278,4832
0.3017772,4831
0.301783496,4830
0.301786981,4829
0.301793308,4828
0.301797007,4827
0.301809649,4826
0.301813492,4825
0.301819067,4824
0.301823705,4823
0.301828771,4822
0.301835584,4821
0.301839322,4820
0.301845991,4819
0.301851991,4818
0.301855708,4817
0.301859188,4816
0.301865221,4815
0.301872031,4814
0.301874967,4813
0.301878145,4812
0.301881306,4811
0.301886208,4810
0.301891036,4809
0.301894158,4808
0.301897123,4807
0.301911713,4806
0.301916132,4805
0.301919141,4804
0.301923616,4803
0.301928505,4802
0.301932505,4801
0.301937557,4800
0.301944509,4799
0.301949352,4798
0.301954258,4797
0.301959596,4796
0.301962986,4795
0.301968977,4794
0.301975018,4793
0.30197934,4792
0.301997367,4791
0.302004361,4790
0.302007569,4789
0.30201085,4788
0.30201483,4787
0.302021177,4786
0.302024528,4785
0.302030292,4784
0.302033463,4783
0.302038218,4782
0.302041462,4781
0.302044693,4780
0.302049416,4779
0.302053045,4778
0.302057507,4777
0.302065836,4776
0.302073122,4775
0.302078246,4774
0.302081071,4773
0.302086261,4772
0.302097983,4771
0.302103639,4770
0.302115674,4769
0.302119143,4768
0.30212231,4767
0.302125326,4766
0.302129882,4765
0.302132861,4764
0.302135903,4763
0.302138727,4762
0.302143702,4761
0.302147653,4760
0.302151611,4759
0.302158716,4758
0.302162922,4757
0.302166604,4756
0.30216971,4755
0.302177377,4754
0.302181125,4753
0.302185914,4752
0.302190233,4751
0.302195371,4750
0.302198461,4749
0.302203726,4748
0.302206968,4747
0.302211644,4746
0.302215349,4745
0.302218791,4744
0.302222558,4743
0.302226242,4742
0.302229506,4741
0.302238289,4740
0.302241524,4739
0.30224735,4738
0.302252957,4737
0.302257701,4736
0.302262665,4735
0.302265704,4734
0.302269078,4733
0.30227224,4732
0.302275559,4731
0.302279104,4730
0.302284506,4729
0.302288552,4728
0.302325249,4727
0.302601496,4726
0.302608517,4725
0.30261189,4724
0.302614829,4723
0.302617976,4722
0.302621502,4721
0.302628043,4720
0.302633462,4719
0.302636493,4718
0.302642366,4717
0.30264787,4716
0.302653368,4715
0.302680629,4714
0.302687025,4713
0.302690986,4712
0.302694282,4711
0.302698724,4710
0.302704965,4709
0.302708246,4708
0.30271281,4707
0.302716308,4706
0.302725667,4705
0.302731003,4704
0.302762413,4703
0.302767182,4702
0.302770874,4701
0.30277914,4700
0.302781993,4699
0.302786297,4698
0.302794567,4697
0.302797777,4696
0.302800803,4695
0.302809899,4694
0.302819609,4693
0.302822529,4692
0.302826402,4691
0.302829204,4690
0.302832416,4689
0.302835531,4688
0.302838774,4687
0.30284332,4686
0.302846573,4685
0.302849634,4684
0.302855543,4683
0.302861474,4682
0.302879072,4681
0.302882651,4680
0.302885692,4679
0.302893332,4678
0.302897176,4677
0.302899827,4676
0.302902336,4675
0.302907995,4674
0.302914762,4673
0.302918685,4672
0.302925473,4671
0.302929178,4670
0.302932829,4669
0.302941829,4668
0.302948508,4667
0.302951764,4666
0.302957954,4665
0.302967716,4664
0.302972788,4663
0.302976321,4662
0.302980368,4661
0.302987524,4660
0.302990619,4659
0.302994523,4658
0.302999919,4657
0.303004715,4656
0.30300965,4655
0.30301503,4654
0.303020111,4653
0.303025638,4652
0.303035325,4651
0.303038218,4650
0.303048267,4649
0.30305657,4648
0.303060144,4647
0.303063644,4646
0.303067848,4645
0.303074293,4644
0.303077591,4643
0.30308197,4642
0.303084785,4641
0.303089816,4640
0.303093588,4639
0.303096986,4638
0.3031164,4637
0.303126749,4636
0.303131598,4635
0.303136547,4634
0.303143198,4633
0.303146507,4632
0.303149972,4631
0.303157881,4630
0.30316386,4629
0.30317021,4628
0.303491702,4627
0.30351919,4626
0.303534777,4625
0.303539594,4624
0.303543115,4623
0.303550867,4622
0.303554699,4621
0.303590502,4620
0.303596151,4619
0.304363151,4618
0.304369376,4617
0.304373934,4616
0.304377399,4615
0.304382245,4614
0.30438592,4613
0.30438933,4612
0.304393155,4611
0.304396716,4610
0.304401335,4609
0.304405036,4608
0.3044123,4607
0.304419222,4606
0.304422384,4605
0.304458314,4604
0.304462792,4603
0.304467378,4602
0.304471506,4601
0.304479238,4600
0.30448502,4599
0.304489074,4598
0.304493387,4597
0.304501106,4596
0.304505378,4595
0.304513754,4594
0.304521808,4593
0.304529511,4592
0.30456456,4591
0.30457009,4590
0.304573034,4589
0.304576041,4588
0.304581186,4587
0.30458576,4586
0.30459034,4585
0.304597489,4584
0.304601238,4583
0.304605796,4582
0.30460893,4581
0.304614491,4580
0.304620844,4579
0.304623916,4578
0.304630044,4577
0.304636268,4576
0.30463976,4575
0.304645643,4574
0.304649445,4573
0.304655901,4572
0.304659372,4571
0.304662689,4570
0.304668134,4569
0.304672044,4568
0.304675339,4567
0.304698459,4566
0.304702068,4565
0.304707524,4564
0.304724154,4563
0.304743498,4562
0.304761314,4561
0.304766615,4560
0.304770187,4559
0.304789049,4558
0.304795582,4557
0.304799015,4556
0.304803584,4555
0.304807432,4554
0.304811243,4553
0.30576784,4552
0.305772922,4551
0.305778179,4550
0.305782515,4549
0.305786473,4548
0.305792293,4547
0.305796552,4546
0.305801686,4545
0.305808949,4544
0.305814803,4543
0.305849659,4542
0.305853113,4541
0.305859267,4540
0.305865402,4539
0.305870587,4538
0.305875348,4537
0.305879058,4536
0.305883976,4535
0.305893449,4534
0.305902182,4533
0.305912051,4532
0.305916969,4531
0.305920972,4530
0.3059269,4529
0.305930565,4528
0.305934227,4527
0.305937764,4526
0.305941586,4525
0.305945026,4524
0.305948507,4523
0.305955823,4522
0.305959572,4521
0.305963057,4520
0.305966725,4519
0.305972656,4518
0.305976178,4517
0.305990635,4516
0.305993961,4515
0.305997381,4514
0.306002865,4513
0.30600827,4512
0.306011896,4511
0.306018073,4510
0.30602276,4509
0.306026456,4508
0.306030103,4507
0.306033774,4506
0.306038834,4505
0.306043752,4504
0.306048056,4503
0.306051857,4502
0.306056163,4501
0.306061662,4500
0.306065342,4499
0.306070033,4498
0.3060739,4497
0.306083356,4496
0.30608792,4495
0.306095831,4494
0.306101359,4493
0.306106426,4492
0.306111159,4491
0.306116268,4490
0.306122351,4489
0.306130833,4488
0.306134349,4487
0.306137806,4486
0.306150581,4485
0.306155144,4484
0.306158835,4483
0.306165988,4482
0.306171928,4481
0.3061756,4480
0.306180505,4479
0.306184122,4478
0.306188032,4477
0.306194267,4476
0.306198848,4475
0.306202076,4474
0.306205992,4473
0.30621085,4472
0.306214423,4471
0.306224031,4470
0.306227323,4469
0.306233342,4468
0.30623792,4467
0.306256358,4466
0.306262312,4465
0.306266625,4464
0.306270266,4463
0.306276592,4462
0.306282449,4461
0.306288675,4460
0.306292617,4459
0.306311538,4458
0.30631536,4457
0.306320842,4456
0.306325106,4455
0.306337473,4454
0.306346327,4453
0.306353469,4452
0.306390569,4451
0.306397654,4450
0.306401843,4449
0.306408876,4448
0.306426842,4447
0.306444295,4446
0.306451482,4445
0.306492933,4444
0.306499416,4443
0.30650336,4442
0.306510036,4441
0.30651804,4440
0.306523128,4439
0.306528852,4438
0.306533598,4437
0.306537254,4436
0.306543338,4435
0.306547061,4434
0.306551532,4433
0.306554944,4432
0.306562145,4431
0.306565983,4430
0.306576085,4429
0.306583327,4428
0.30658746,4427
0.306596435,4426
0.30660433,4425
0.306609032,4424
0.306612538,4423
0.306619454,4422
0.306622876,4421
0.306631624,4420
0.306798291,4419
0.306805191,4418
0.306818157,4417
0.306822627,4416
0.306829161,4415
0.306833776,4414
0.306839639,4413
0.306852492,4412
0.30685711,4411
0.306874347,4410
0.306879927,4409
0.306885185,4408
0.306892404,4407
0.306907076,4406
0.306912854,4405
0.306917474,4404
0.306935954,4403
0.306943409,4402
0.306956809,4401
0.306961842,4400
0.30696761,4399
0.306973966,4398
0.306979859,4397
0.30698456,4396
0.306989478,4395
0.306993892,4394
0.306997307,4393
0.307001326,4392
0.307007719,4391
0.307012209,4390
0.307016432,4389
0.307024133,4388
0.307027654,4387
0.30703136,4386
0.307040431,4385
0.307044384,4384
0.307060214,4383
0.307065274,4382
0.30707215,4381
0.307075907,4380
0.307085839,4379
0.307091267,4378
0.307098819,4377
0.307102549,4376
0.307106461,4375
0.307109648,4374
0.307127894,4373
0.307132236,4372
0.307136798,4371
0.307142636,4370
0.307148014,4369
0.307153148,4368
0.307156852,4367
0.307160377,4366
0.307163942,4365
0.307184338,4364
0.307187661,4363
0.307194866,4362
0.307212056,4361
0.307215563,4360
0.307220529,4359
0.307225931,4358
0.307229504,4357
0.307236016,4356
0.307239719,4355
0.307249104,4354
0.307258341,4353
0.307273991,4352
0.307282208,4351
0.307299476,4350
0.307305834,4349
0.307311937,4348
0.307324193,4347
0.307329388,4346
0.307337931,4345
0.30734322,4344
0.307351575,4343
0.307361697,4342
0.307367249,4341
0.307371858,4340
0.307377388,4339
0.307382462,4338
0.307387035,4337
0.3073941,4336
0.307400118,4335
0.307434673,4334
0.307439186,4333
0.307444903,4332
0.307449021,4331
0.307455089,4330
0.307459791,4329
0.307463372,4328
0.307466856,4327
0.307474758,4326
0.307508123,4325
0.307511452,4324
0.307515967,4323
0.307556511,4322
0.307560499,4321
0.307566302,4320
0.307571352,4319
0.307576377,4318
0.307584406,4317
0.307620387,4316
0.307657636,4315
0.307661728,4314
0.307671962,4313
0.307676856,4312
0.307682772,4311
0.307685876,4310
0.307690093,4309
0.307693482,4308
0.307698377,4307
0.307703403,4306
0.307711951,4305
0.307715599,4304
0.307719206,4303
0.307724642,4302
0.307729167,4301
0.307735598,4300
0.307741389,4299
0.307747593,4298
0.307752292,4297
0.30775575,4296
0.307759104,4295
0.307765016,4294
0.30777247,4293
0.307777469,4292
0.307782252,4291
0.307786134,4290
0.307794989,4289
0.307804812,4288
0.307808241,4287
0.307814235,4286
0.307817946,4285
0.307822645,4284
0.307826256,4283
0.307834988,4282
0.307844587,4281
0.307858227,4280
0.307863449,4279
0.307867306,4278
0.307876404,4277
0.307881578,4276
0.307886473,4275
0.307893838,4274
0.307897783,4273
0.307906838,4272
0.307916676,4271
0.307921397,4270
0.307931334,4269
0.307943861,4268
0.30795066,4267
0.307955444,4266
0.307958923,4265
0.307965519,4264
0.307972914,4263
0.307976116,4262
0.307992212,4261
0.308011296,4260
0.308018091,4259
0.308023624,4258
0.308030787,4257
0.308039132,4256
0.308051669,4255
0.3080637,4254
0.3080735,4253
0.308087136,4252
0.308100741,4251
0.308104442,4250
0.308109883,4249
0.308115195,4248
0.308148828,4247
0.308152774,4246
0.30816268,4245
0.308212028,4244
0.308220998,4243
0.308255757,4242
0.308296328,4241
0.308300057,4240
0.308306722,4239
0.308310618,4238
0.308353997,4237
0.308366275,4236
0.308409074,4235
0.308413281,4234
0.308450089,4233
0.308453704,4232
0.308457433,4231
0.3084667,4230
0.308471001,4229
0.308475088,4228
0.308479297,4227
0.308486927,4226
0.309001526,4225
0.30900748,4224
0.312245584,4223
0.312254054,4222
0.31226107,4221
0.312268351,4220
0.312277802,4219
0.312281479,4218
0.3122846,4217
0.312300046,4216
0.315388035,4215
0.315427918,4214
0.315483255,4213
0.315490286,4212
0.31549572,4211
0.315500966,4210
0.315538145,4209
0.315543728,4208
0.315550591,4207
0.315554655,4206
0.315636134,4205
0.315672934,4204
0.31571756,4203
0.315723415,4202
0.315804014,4201
0.316413763,4200
0.31642475,4199
0.316433352,4198
0.316441161,4197
0.316446758,4196
0.316452955,4195
0.316457767,4194
0.3164928,4193
0.316501838,4192
0.31653856,4191
0.316542861,4190
0.316547451,4189
0.31655279,4188
0.316560024,4187
0.316575669,4186
0.316579408,4185
0.31658336,4184
0.316591271,4183
0.316594882,4182
0.316631971,4181
0.316635761,4180
0.316644995,4179
0.316650436,4178
0.316654673,4177
0.31665875,4176
0.316666452,4175
0.31667049,4174
0.31667429,4173
0.31672288,4172
0.316726568,4171
0.316733788,4170
0.316747893,4169
0.316751556,4168
0.316755363,4167
0.31683565,4166
0.316875571,4165
0.316880501,4164
0.316885268,4163
0.31693072,4162
0.316971997,4161
0.316977635,4160
0.316981496,4159
0.317015479,4158
0.317480956,4157
0.317497416,4156
0.317504414,4155
0.317512461,4154
0.317579446,4153
0.317605614,4152
0.317615721,4151
0.317619348,4150
0.317632644,4149
0.317645594,4148
0.317654459,4147
0.317660134,4146
0.317663681,4145
0.317675208,4144
0.317685222,4143
0.317700205,4142
0.317705132,4141
0.317712548,4140
0.317720493,4139
0.317727861,4138
0.317756656,4137
0.31776584,4136
0.317860091,4135
0.317863403,4134
0.31786733,4133
0.317874984,4132
0.317878999,4131
0.31788349,4130
0.317894251,4129
0.318026471,4128
0.318030721,4127
0.318048334,4126
0.318069409,4125
0.31808184,4124
0.318091981,4123
0.318101452,4122
0.318137426,4121
0.318146863,4120
0.318154919,4119
0.318162482,4118
0.318168783,4117
0.318175701,4116
0.318199694,4115
0.318204618,4114
0.318209996,4113
0.318215329,4112
0.318224469,4111
0.318233173,4110
0.318253653,4109
0.318259432,4108
0.318266569,4107
0.318271978,4106
0.318281324,4105
0.318288788,4104
0.318318748,4103
0.318339386,4102
0.318378675,4101
0.318393249,4100
0.318406489,4099
0.318412523,4098
0.318419263,4097
0.31842578,4096
0.318429347,4095
0.318434653,4094
0.318466582,4093
0.318473639,4092
0.318482558,4091
0.318514585,4090
0.318541541,4089
0.318546571,4088
0.31856536,4087
0.318576943,4086
0.318608209,4085
0.318613173,4084
0.318625956,4083
0.318640334,4082
0.318647856,4081
0.318663721,4080
0.318674087,4079
0.318684572,4078
0.31871298,4077
0.318727827,4076
0.318736781,4075
0.31874259,4074
0.318748489,4073
0.319743625,4072
0.31976852,4071
0.319784222,4070
0.319864009,4069
0.319871917,4068
0.319913569,4067
0.319923832,4066
0.319969092,4065
0.319972658,4064
0.319988223,4063
0.320005137,4062
0.320029497,4061
0.320042112,4060
0.320093012,4059
0.320138369,4058
0.320192539,4057
0.32029265,4056
0.320304634,4055
0.320323592,4054
0.320336251,4053
0.320348771,4052
0.320362315,4051
0.320378644,4050
0.320392654,4049
0.320442828,4048
0.320461712,4047
0.320471497,4046
0.320487499,4045
0.320502979,4044
0.320508128,4043
0.320544958,4042
0.320551822,4041
0.320561718,4040
0.32062842,4039
0.32069875,4038
0.320735013,4037
0.320768794,4036
0.320845762,4035
0.320850465,4034
0.320907588,4033
0.320919722,4032
0.320956713,4031
0.321394732,4030
0.321451216,4029
0.321469628,4028
0.321481513,4027
0.32149531,4026
0.321509682,4025
0.32151867,4024
0.321534364,4023
0.321589011,4022
0.321593125,4021
0.321628937,4020
0.321641681,4019
0.321645578,4018
0.321654683,4017
0.321669642,4016
0.321688349,4015
0.321719516,4014
0.321768987,4013
0.321852174,4012
0.32189429,4011
0.321939176,4010
0.321945787,4009
0.32211768,4008
0.322123447,4007
0.322134018,4006
0.322143745,4005
0.322158913,4004
0.322163944,4003
0.32219947,4002
0.322225012,4001
0.322278826,4000
0.322691183,3999
0.322904154,3998
0.323119399,3997
0.323585596,3996
0.323617322,3995
0.323669249,3994
0.323739185,3993
0.323765816,3992
0.323816253,3991
0.323941362,3990
0.323991008,3989
0.324058384,3988
0.324468488,3987
0.324486229,3986
0.324538622,3985
0.324647603,3984
0.325155565,3983
0.325437107,3982
0.325482595,3981
0.325599081,3980
0.326586203,3979
0.32683429,3978
0.327067373,3977
0.327293113,3976
0.330852695,3975
0.331104811,3974
