0.156914451,5837
0.157032158,5836
0.157083054,5835
0.157159956,5834
0.157238995,5833
0.157479023,5832
0.158207045,5831
0.158228694,5830
0.158240895,5829
0.15831357,5828
0.158383603,5827
0.158445653,5826
0.158466391,5825
0.158477341,5824
0.158486401,5823
0.15849542,5822
0.158505654,5821
0.158514408,5820
0.158523003,5819
0.158532471,5818
0.158541096,5817
0.158554394,5816
0.158570147,5815
0.158613313,5814
0.158653311,5813
0.158666494,5812
0.159036188,5811
0.15907179,5810
0.159082204,5809
0.159097253,5808
0.159135207,5807
0.159174278,5806
0.15918033,5805
0.159193093,5804
0.159205144,5803
0.159213736,5802
0.15925567,5801
0.159312129,5800
0.159321497,5799
0.159386527,5798
0.159395442,5797
0.159432103,5796
0.159488808,5795
0.159535267,5794
0.159571816,5793
0.159579574,5792
0.159593178,5791
0.159599482,5790
0.159613264,5789
0.159619669,5788
0.159626348,5787
0.159633082,5786
0.159639602,5785
0.159646026,5784
0.159653139,5783
0.159659674,5782
0.159666432,5781
0.159672665,5780
0.159686202,5779
0.159692636,5778
0.15969894,5777
0.159705426,5776
0.159711944,5775
0.159718425,5774
0.15973058,5773
0.1597442,5772
0.159758782,5771
0.159766576,5770
0.159782134,5769
0.159796218,5768
0.159802936,5767
0.159828684,5766
0.159835355,5765
0.159842732,5764
0.16028591,5763
0.160297728,5762
0.160780558,5761
0.161408719,5760
0.162126917,5759
0.162168227,5758
0.1621742,5757
0.162180177,5756
0.162186024,5755
0.162193201,5754
0.162200882,5753
0.162251617,5752
0.162258588,5751
0.162281841,5750
0.16228835,5749
0.162294828,5748
0.162301341,5747
0.162306498,5746
0.162311492,5745
0.162316001,5744
0.162322578,5743
0.16233013,5742
0.162335617,5741
0.162346075,5740
0.162357045,5739
0.162365798,5738
0.16237426,5737
0.162386182,5736
0.162393637,5735
0.162398385,5734
0.162405335,5733
0.162412374,5732
0.162418758,5731
0.162425458,5730
0.162448475,5729
0.162453575,5728
0.162458826,5727
0.162463312,5726
0.162469225,5725
0.162474852,5724
0.162480809,5723
0.162487197,5722
0.16249303,5721
0.162501301,5720
0.162511829,5719
0.162518181,5718
0.162526331,5717
0.162547266,5716
0.162554826,5715
0.162561802,5714
0.162598787,5713
0.162604593,5712
0.162609123,5711
0.162639603,5710
0.164597544,5709
0.164698362,5708
0.164707858,5707
0.164728025,5706
0.16473247,5705
0.164736685,5704
0.164740568,5703
0.164744808,5702
0.164748947,5701
0.164752868,5700
0.16475673,5699
0.16476069,5698
0.164766882,5697
0.164772257,5696
0.164778958,5695
0.164783763,5694
0.164788744,5693
0.164794954,5692
0.164800834,5691
0.164804515,5690
0.164809004,5689
0.164812936,5688
0.164817271,5687
0.164821819,5686
0.164825952,5685
0.164830765,5684
0.164838685,5683
0.164842984,5682
0.164847432,5681
0.164851555,5680
0.164856042,5679
0.164860355,5678
0.164864372,5677
0.164868883,5676
0.164874561,5675
0.164881201,5674
0.164885499,5673
0.164890572,5672
0.16489749,5671
0.164905001,5670
0.16494095,5669
0.164946266,5668
0.164951633,5667
0.164957772,5666
0.164963829,5665
0.16496956,5664
0.164974829,5663
0.164979986,5662
0.16498623,5661
0.164991949,5660
0.164997181,5659
0.165002657,5658
0.165012011,5657
0.165018071,5656
0.165028655,5655
0.165033676,5654
0.165073705,5653
0.165111468,5652
0.165126715,5651
0.165132736,5650
0.165140729,5649
0.16515425,5648
0.16520894,5647
0.165215303,5646
0.165236125,5645
0.165246993,5644
0.165286257,5643
0.165293953,5642
0.165334231,5641
0.165340513,5640
0.165356549,5639
0.165368518,5638
0.165374457,5637
0.165388342,5636
0.165394094,5635
0.165399599,5634
0.16541445,5633
0.165419251,5632
0.165424226,5631
0.165429683,5630
0.165434786,5629
0.165439963,5628
0.16544486,5627
0.165449613,5626
0.165454476,5625
0.165459451,5624
0.165464563,5623
0.165469586,5622
0.16547561,5621
0.165482313,5620
0.165489729,5619
0.165495081,5618
0.165500133,5617
0.165510799,5616
0.16551592,5615
0.165521013,5614
0.165525964,5613
0.165530707,5612
0.16553801,5611
0.165611276,5610
0.165622225,5609
0.165628063,5608
0.165632864,5607
0.165637972,5606
0.165643948,5605
0.16566266,5604
0.165669035,5603
0.165675022,5602
0.16571617,5601
0.165720998,5600
0.165724788,5599
0.16572974,5598
0.16573475,5597
0.165739569,5596
0.165744351,5595
0.165750241,5594
0.165759259,5593
0.165763697,5592
0.165768801,5591
0.165779182,5590
0.165786805,5589
0.165831723,5588
0.165838016,5587
0.165845864,5586
0.165851937,5585
0.165891967,5584
0.165946852,5583
0.165953365,5582
0.165967687,5581
0.165976966,5580
0.165986728,5579
0.16600252,5578
0.166007356,5577
0.166011075,5576
0.166017286,5575
0.166021884,5574
0.166028076,5573
0.166032908,5572
0.166037835,5571
0.166042725,5570
0.166047498,5569
0.166051987,5568
0.16605671,5567
0.166061181,5566
0.166065532,5565
0.166072125,5564
0.166077065,5563
0.166080801,5562
0.166084402,5561
0.166087593,5560
0.166090768,5559
0.166094756,5558
0.166101384,5557
0.166104888,5556
0.166108355,5555
0.166113045,5554
0.166117827,5553
0.166122391,5552
0.166126938,5551
0.166131799,5550
0.166138483,5549
0.166144128,5548
0.166149758,5547
0.166156903,5546
0.166161908,5545
0.166166242,5544
0.166170275,5543
0.166176334,5542
0.166180498,5541
0.166184767,5540
0.166189197,5539
0.166195437,5538
0.166199828,5537
0.166204757,5536
0.16621167,5535
0.166217652,5534
0.16622202,5533
0.166229101,5532
0.166233727,5531
0.166237762,5530
0.166241728,5529
0.166248346,5528
0.166256205,5527
0.166260055,5526
0.1662638,5525
0.166270287,5524
0.166274142,5523
0.166293968,5522
0.166300817,5521
0.166306814,5520
0.166311527,5519
0.166348341,5518
0.166352727,5517
0.166369623,5516
0.166406237,5515
0.166460769,5514
0.166498059,5513
0.166505117,5512
0.16653095,5511
0.16656706,5510
0.166572699,5509
0.166577441,5508
0.166581748,5507
0.166586845,5506
0.166591385,5505
0.166614521,5504
0.16661896,5503
0.166623615,5502
0.166652439,5501
0.166656295,5500
0.166659533,5499
0.166663672,5498
0.166666815,5497
0.166669732,5496
0.166686019,5495
0.166690722,5494
0.166694964,5493
0.166699971,5492
0.166705,5491
0.166709255,5490
0.166713846,5489
0.166717896,5488
0.166722945,5487
0.166726956,5486
0.166732548,5485
0.166738972,5484
0.166742247,5483
0.166745406,5482
0.166748538,5481
0.166751837,5480
0.16675634,5479
0.16676889,5478
0.166772746,5477
0.166776379,5476
0.166780743,5475
0.166784702,5474
0.166789861,5473
0.166793211,5472
0.166796405,5471
0.166799738,5470
0.166803882,5469
0.166808123,5468
0.166813663,5467
0.16681849,5466
0.166822808,5465
0.166827047,5464
0.166833395,5463
0.166838809,5462
0.166842511,5461
0.166846062,5460
0.166849996,5459
0.166854316,5458
0.166858382,5457
0.166862433,5456
0.166866472,5455
0.166871555,5454
0.166924884,5453
0.167336486,5452
0.167344012,5451
0.16738646,5450
0.167431013,5449
0.167468881,5448
0.167497752,5447
0.167511108,5446
0.167521142,5445
0.168129594,5444
0.168179291,5443
0.168183447,5442
0.168187203,5441
0.168196142,5440
0.16820209,5439
0.16820669,5438
0.168210353,5437
0.168213177,5436
0.168218021,5435
0.16822148,5434
0.168224124,5433
0.168227355,5432
0.168230333,5431
0.168233111,5430
0.168236627,5429
0.168239381,5428
0.168242246,5427
0.168245103,5426
0.168248257,5425
0.168250887,5424
0.168255448,5423
0.168258266,5422
0.168260809,5421
0.168264089,5420
0.168266788,5419
0.168269215,5418
0.168271954,5417
0.168275429,5416
0.168284223,5415
0.168287848,5414
0.168383248,5413
0.168388672,5412
0.168392807,5411
0.16839838,5410
0.168403289,5409
0.16840742,5408
0.168413511,5407
0.168418071,5406
0.168422808,5405
0.168427066,5404
0.168431839,5403
0.168438147,5402
0.168442109,5401
0.168445461,5400
0.168448407,5399
0.168451096,5398
0.168454645,5397
0.168458971,5396
0.16846165,5395
0.16846454,5394
0.168468314,5393
0.168476455,5392
0.168479204,5391
0.168482055,5390
0.168485933,5389
0.168489586,5388
0.168493328,5387
0.168499376,5386
0.168503194,5385
0.168506837,5384
0.168511745,5383
0.168517662,5382
0.168548235,5381
0.168554099,5380
0.16859023,5379
0.168593659,5378
0.168597438,5377
0.168600278,5376
0.168605873,5375
0.168610818,5374
0.16861562,5373
0.168620378,5372
0.168624887,5371
0.168669459,5370
0.168679328,5369
0.168692969,5368
0.168704934,5367
0.168720208,5366
0.168732062,5365
0.168744139,5364
0.168755168,5363
0.168759659,5362
0.168764127,5361
0.168774416,5360
0.168779905,5359
0.168785709,5358
0.168821519,5357
0.168827609,5356
0.16883329,5355
0.168841015,5354
0.168846109,5353
0.168852867,5352
0.168860515,5351
0.168867047,5350
0.168873364,5349
0.168885538,5348
0.168891003,5347
0.168896372,5346
0.168900242,5345
0.168905019,5344
0.168909955,5343
0.168913965,5342
0.168918872,5341
0.168922504,5340
0.168926088,5339
0.168929499,5338
0.168934617,5337
0.168939226,5336
0.168942985,5335
0.168946598,5334
0.16895091,5333
0.169329988,5332
0.169368201,5331
0.169372017,5330
0.169376497,5329
0.169379803,5328
0.169383509,5327
0.169387568,5326
0.169469382,5325
0.169719092,5324
0.169775563,5323
0.169780738,5322
0.169787241,5321
0.169877675,5320
0.169886665,5319
0.169893872,5318
0.169906434,5317
0.16991096,5316
0.169946151,5315
0.169950431,5314
0.169963593,5313
0.169973606,5312
0.16998287,5311
0.16998668,5310
0.169990226,5309
0.169994722,5308
0.169998909,5307
0.170012801,5306
0.170026885,5305
0.170038991,5304
0.170049816,5303
0.170054721,5302
0.170058668,5301
0.170061939,5300
0.170066921,5299
0.170072382,5298
0.170075288,5297
0.170078903,5296
0.170082987,5295
0.170087338,5294
0.170092131,5293
0.170094916,5292
0.170097914,5291
0.170102027,5290
0.170105182,5289
0.170108962,5288
0.170111662,5287
0.170115721,5286
0.170118504,5285
0.170121369,5284
0.170124743,5283
0.170129969,5282
0.170134799,5281
0.170138744,5280
0.170141525,5279
0.170144967,5278
0.170148578,5277
0.170151118,5276
0.170153364,5275
0.170157361,5274
0.17016077,5273
0.170163181,5272
0.170166629,5271
0.170169101,5270
0.170174985,5269
0.170181191,5268
0.170183595,5267
0.170186276,5266
0.170189652,5265
0.170192087,5264
0.170201734,5263
0.170205843,5262
0.170209302,5261
0.170212267,5260
0.170217311,5259
0.170220668,5258
0.170223609,5257
0.17022722,5256
0.170231974,5255
0.170235296,5254
0.170246018,5253
0.170251547,5252
0.170256512,5251
0.170260092,5250
0.17026557,5249
0.170270597,5248
0.170274226,5247
0.170288072,5246
0.170294896,5245
0.170300308,5244
0.1703089,5243
0.170315922,5242
0.170325514,5241
0.170329842,5240
0.170332882,5239
0.170337769,5238
0.17034252,5237
0.170345229,5236
0.170348163,5235
0.170350208,5234
0.170352361,5233
0.170359849,5232
0.170365562,5231
0.170367635,5230
0.170370203,5229
0.170372939,5228
0.170375088,5227
0.170378015,5226
0.170380132,5225
0.170384237,5224
0.170389101,5223
0.170393009,5222
0.170396014,5221
0.170398939,5220
0.170402691,5219
0.170405649,5218
0.17040851,5217
0.170415404,5216
0.170419341,5215
0.170422491,5214
0.170425536,5213
0.170430234,5212
0.170433103,5211
0.170437597,5210
0.170441986,5209
0.17044816,5208
0.170451377,5207
0.170453994,5206
0.170458348,5205
0.170461431,5204
0.170464131,5203
0.170469473,5202
0.17047441,5201
0.170476952,5200
0.170479637,5199
0.17048226,5198
0.170485354,5197
0.170493578,5196
0.170499029,5195
0.170502552,5194
0.170508673,5193
0.170513576,5192
0.170518998,5191
0.170523291,5190
0.170527699,5189
0.170530877,5188
0.170537914,5187
0.170543833,5186
0.170547043,5185
0.170550502,5184
0.170554462,5183
0.17055899,5182
0.170563459,5181
0.170566808,5180
0.170571059,5179
0.170575636,5178
0.170580104,5177
0.170584011,5176
0.170588532,5175
0.170592417,5174
0.170596555,5173
0.170601076,5172
0.170605557,5171
0.170609504,5170
0.170613583,5169
0.170617736,5168
0.170622004,5167
0.170625382,5166
0.170628111,5165
0.170631306,5164
0.170635344,5163
0.170638616,5162
0.170641713,5161
0.170645369,5160
0.17064849,5159
0.170652713,5158
0.170658004,5157
0.17066087,5156
0.170663421,5155
0.170666981,5154
0.170669266,5153
0.170671992,5152
0.170674047,5151
0.170677694,5150
0.170680564,5149
0.170682242,5148
0.17068489,5147
0.170687035,5146
0.170689976,5145
0.170692137,5144
0.170695911,5143
0.170699047,5142
0.170701199,5141
0.170703016,5140
0.170821951,5139
0.170832207,5138
0.170837151,5137
0.170840715,5136
0.170846686,5135
0.170849535,5134
0.170852613,5133
0.170858604,5132
0.170864575,5131
0.170868752,5130
0.170873167,5129
0.170879745,5128
0.170882495,5127
0.170885628,5126
0.170888529,5125
0.170891559,5124
0.170898418,5123
0.170903886,5122
0.170908848,5121
0.170920516,5120
0.170925512,5119
0.170931344,5118
0.170936228,5117
0.170942416,5116
0.170946114,5115
0.17095264,5114
0.17096037,5113
0.17096446,5112
0.170969294,5111
0.170973614,5110
0.170985934,5109
0.170991515,5108
0.171000505,5107
0.171004109,5106
0.171011536,5105
0.171020168,5104
0.171023457,5103
0.171028409,5102
0.171031729,5101
0.17103554,5100
0.171038798,5099
0.171042017,5098
0.171044821,5097
0.172205759,5096
0.172210187,5095
0.17221573,5094
0.172222103,5093
0.172225772,5092
0.17222893,5091
0.172232954,5090
0.17223614,5089
0.172240828,5088
0.172243742,5087
0.17224652,5086
0.172253099,5085
0.172256397,5084
0.172259454,5083
0.172263398,5082
0.172267237,5081
0.172270587,5080
0.172273779,5079
0.17227682,5078
0.172280378,5077
0.172284628,5076
0.172287836,5075
0.172290921,5074
0.17229426,5073
0.172299578,5072
0.172302849,5071
0.172307415,5070
0.172311447,5069
0.172315174,5068
0.172319095,5067
0.172327681,5066
0.172331625,5065
0.172336586,5064
0.172340001,5063
0.172343676,5062
0.172347573,5061
0.172351223,5060
0.172355836,5059
0.172362667,5058
0.172367871,5057
0.172371937,5056
0.172375536,5055
0.172378892,5054
0.172382897,5053
0.172387216,5052
0.172398744,5051
0.172434116,5050
0.172438578,5049
0.172442805,5048
0.172447246,5047
0.17245783,5046
0.172494182,5045
0.17249838,5044
0.172502124,5043
0.172505558,5042
0.172544763,5041
0.172567331,5040
0.172574014,5039
0.172577891,5038
0.172581957,5037
0.172585033,5036
0.172588479,5035
0.172594417,5034
0.172597976,5033
0.172601246,5032
0.1726084,5031
0.17261173,5030
0.172614975,5029
0.172619633,5028
0.172622584,5027
0.172626595,5026
0.172629605,5025
0.172632864,5024
0.17263699,5023
0.172640201,5022
0.172643001,5021
0.17264609,5020
0.172650623,5019
0.172654591,5018
0.17266005,5017
0.172665491,5016
0.172668531,5015
0.172671513,5014
0.172675579,5013
0.172679774,5012
0.17268398,5011
0.172690284,5010
0.172697363,5009
0.172702115,5008
0.172705602,5007
0.172715456,5006
0.172721593,5005
0.172727302,5004
0.172730257,5003
0.172734453,5002
0.172737219,5001
0.172742394,5000
0.172746257,4999
0.172751007,4998
0.172755386,4997
0.172760323,4996
0.17276379,4995
0.172768113,4994
0.17277322,4993
0.172778056,4992
0.172781417,4991
0.172785017,4990
0.172843792,4989
0.172848345,4988
0.172851818,4987
0.172855562,4986
0.172860541,4985
0.172865643,4984
0.172869007,4983
0.172873847,4982
0.172877715,4981
0.172883169,4980
0.172889884,4979
0.172894521,4978
0.172897657,4977
0.172900896,4976
0.172904015,4975
0.172908613,4974
0.172924272,4973
0.172931208,4972
0.172936201,4971
0.172945159,4970
0.172951036,4969
0.172960582,4968
0.17296546,4967
0.172968885,4966
0.172972157,4965
0.172976353,4964
0.17298402,4963
0.172988693,4962
0.172993836,4961
0.172998553,4960
0.17300221,4959
0.173008146,4958
0.173011299,4957
0.173016958,4956
0.173020629,4955
0.173023829,4954
0.173026514,4953
0.173029143,4952
0.173032629,4951
0.17303785,4950
0.173040226,4949
0.17304345,4948
0.17304625,4947
0.173060426,4946
0.173063301,4945
0.173068362,4944
0.173076133,4943
0.173079392,4942
0.173084952,4941
0.173088931,4940
0.173093651,4939
0.17310007,4938
0.173105183,4937
0.173108534,4936
0.173113185,4935
0.173118124,4934
0.173123906,4933
0.173131614,4932
0.17313489,4931
0.173138135,4930
0.173148106,4929
0.173152044,4928
0.173155053,4927
0.173159729,4926
0.173164388,4925
0.173169375,4924
0.173176618,4923
0.173180325,4922
0.173184485,4921
0.173189689,4920
0.173193717,4919
0.173197678,4918
0.173201343,4917
0.17321703,4916
0.173223332,4915
0.173230742,4914
0.17323566,4913
0.173312708,4912
0.173328479,4911
0.17333448,4910
0.173338529,4909
0.173341668,4908
0.173344565,4907
0.173347321,4906
0.173352617,4905
0.17335719,4904
0.173362396,4903
0.173365871,4902
0.173369223,4901
0.173372554,4900
0.17337648,4899
0.173379492,4898
0.173387926,4897
0.173394912,4896
0.173399139,4895
0.173404429,4894
0.173407841,4893
0.173410843,4892
0.173414503,4891
0.173420409,4890
0.173427398,4889
0.173431071,4888
0.173438652,4887
0.173444178,4886
0.173448639,4885
0.173452275,4884
0.173455563,4883
0.173458879,4882
0.173462614,4881
0.17346659,4880
0.173471249,4879
0.173479022,4878
0.173482428,4877
0.173488539,4876
0.173491681,4875
0.173495507,4874
0.173498596,4873
0.173501591,4872
0.173505005,4871
0.173521524,4870
0.173528247,4869
0.173534851,4868
0.173540346,4867
0.173544499,4866
0.173547754,4865
0.173550841,4864
0.17355446,4863
0.173560006,4862
0.173563518,4861
0.173566491,4860
0.173570633,4859
0.173573807,4858
0.173576978,4857
0.173581038,4856
0.173584488,4855
0.173588783,4854
0.173661022,4853
0.173665908,4852
0.173668638,4851
0.173675484,4850
0.173679794,4849
0.173682875,4848
0.173685835,4847
0.173688975,4846
0.173692397,4845
0.173696934,4844
0.173702525,4843
0.17370598,4842
0.173711571,4841
0.173715697,4840
0.173719343,4839
0.17372593,4838
0.17372901,4837
0.17373201,4836
0.173736356,4835
0.173740689,4834
0.1737438,4833
0.173746794,4832
0.173750037,4831
0.173753839,4830
0.173757543,4829
0.17376149,4828
0.173765684,4827
0.173772672,4826
0.173776682,4825
0.173781246,4824
0.173791122,4823
0.173796015,4822
0.173800146,4821
0.173804126,4820
0.173809865,4819
0.173813964,4818
0.173818568,4817
0.173823289,4816
0.173826698,4815
0.173830112,4814
0.173833478,4813
0.173837709,4812
0.173844524,4811
0.173849338,4810
0.173853167,4809
0.173859879,4808
0.173863341,4807
0.173867759,4806
0.173903433,4805
0.173908953,4804
0.173912512,4803
0.173916724,4802
0.173921054,4801
0.173926081,4800
0.17392922,4799
0.173936079,4798
0.173942729,4797
0.173946599,4796
0.173949527,4795
0.173952337,4794
0.173955977,4793
0.173959491,4792
0.17397135,4791
0.173977678,4790
0.173986195,4789
0.17399027,4788
0.173995569,4787
0.173998713,4786
0.17400538,4785
0.174008309,4784
0.174012191,4783
0.174015516,4782
0.174018627,4781
0.17402412,4780
0.174028401,4779
0.174050245,4778
0.174053384,4777
0.174057661,4776
0.174060807,4775
0.174064624,4774
0.174072518,4773
0.174076815,4772
0.174080521,4771
0.17408379,4770
0.174088618,4769
0.17409387,4768
0.174098408,4767
0.174101514,4766
0.174104678,4765
0.174108815,4764
0.174111594,4763
0.174121054,4762
0.174123844,4761
0.17412947,4760
0.174133795,4759
0.174139368,4758
0.174142468,4757
0.174145328,4756
0.174153612,4755
0.174185281,4754
0.174189519,4753
0.174192859,4752
0.174196338,4751
0.174199325,4750
0.174203409,4749
0.17420611,4748
0.17420888,4747
0.174213075,4746
0.174217879,4745
0.174221711,4744
0.17422698,4743
0.174229933,4742
0.174232539,4741
0.174237978,4740
0.174244171,4739
0.174252369,4738
0.174255866,4737
0.174259998,4736
0.174262974,4735
0.174268516,4734
0.174272288,4733
0.174275447,4732
0.174278306,4731
0.174282985,4730
0.17429014,4729
0.17429379,4728
0.174297556,4727
0.174300457,4726
0.174303402,4725
0.174306348,4724
0.174309721,4723
0.174313576,4722
0.174318785,4721
0.174323296,4720
0.174327136,4719
0.174330136,4718
0.174334196,4717
0.174340034,4716
0.174347351,4715
0.174354219,4714
0.174360648,4713
0.174372265,4712
0.174375539,4711
0.174379653,4710
0.174382804,4709
0.17438767,4708
0.174391255,4707
0.174394284,4706
0.174397833,4705
0.174401739,4704
0.174405827,4703
0.174410433,4702
0.174416168,4701
0.174421113,4700
0.174425213,4699
0.17442904,4698
0.174435791,4697
0.174438611,4696
0.17444351,4695
0.174447218,4694
0.174452484,4693
0.174459902,4692
0.174465149,4691
0.174468699,4690
0.174472843,4689
0.17447669,4688
0.174487309,4687
0.174490974,4686
0.174494055,4685
0.174500069,4684
0.174504904,4683
0.175014425,4682
0.175024911,4681
0.175030853,4680
0.175049997,4679
0.175086264,4678
0.175091729,4677
0.175098314,4676
0.175104368,4675
0.175107683,4674
0.175111365,4673
0.1751148,4672
0.1751186,4671
0.175121624,4670
0.175124895,4669
0.17513015,4668
0.175136233,4667
0.175141223,4666
0.175144563,4665
0.175147499,4664
0.175154131,4663
0.175161306,4662
0.17516591,4661
0.175175175,4660
0.175179917,4659
0.175182841,4658
0.175185797,4657
0.175193641,4656
0.175198024,4655
0.175201015,4654
0.175204492,4653
0.175211856,4652
0.175216471,4651
0.175221895,4650
0.175224487,4649
0.175228902,4648
0.17523197,4647
0.175235059,4646
0.175239592,4645
0.17524403,4644
0.175249082,4643
0.175252336,4642
0.175256628,4641
0.175261745,4640
0.175269095,4639
0.175272692,4638
0.175278227,4637
0.175281088,4636
0.17528516,4635
0.175290831,4634
0.175295723,4633
0.175302383,4632
0.175305213,4631
0.175308284,4630
0.175311302,4629
0.17531432,4628
0.175318089,4627
0.175324314,4626
0.175328479,4625
0.175331498,4624
0.175334754,4623
0.175337336,4622
0.175339661,4621
0.175348521,4620
0.175353715,4619
0.175363238,4618
0.175370205,4617
0.175376277,4616
0.175382948,4615
0.17539005,4614
0.175395422,4613
0.175403266,4612
0.175406186,4611
0.175408832,4610
0.175412855,4609
0.175416462,4608
0.175420237,4607
0.175423154,4606
0.175426236,4605
0.175436733,4604
0.175439557,4603
0.175443205,4602
0.175448661,4601
0.175452572,4600
0.175456611,4599
0.175460313,4598
0.175464343,4597
0.175468225,4596
0.175471478,4595
0.175478829,4594
0.175483554,4593
0.175487986,4592
0.175490953,4591
0.175493918,4590
0.17550279,4589
0.175508551,4588
0.175512688,4587
0.175541756,4586
0.175544931,4585
0.17554807,4584
0.175552454,4583
0.175561313,4582
0.175565342,4581
0.175571304,4580
0.175579191,4579
0.175584882,4578
0.175593019,4577
0.175604937,4576
0.17561398,4575
0.175619602,4574
0.17563173,4573
0.175641245,4572
0.175680934,4571
0.175684671,4570
0.175688005,4569
0.175697338,4568
0.175701385,4567
0.175708751,4566
0.175712968,4565
0.175717783,4564
0.17572255,4563
0.175729498,4562
0.175741033,4561
0.17574861,4560
0.175755978,4559
0.175759586,4558
0.175777806,4557
0.175784412,4556
0.175794303,4555
0.175801132,4554
0.176708454,4553
0.176711868,4552
0.1767176,4551
0.176723022,4550
0.17672692,4549
0.17673013,4548
0.17673309,4547
0.176738298,4546
0.176751405,4545
0.176754967,4544
0.176789188,4543
0.176792676,4542
0.176796259,4541
0.176811747,4540
0.176816899,4539
0.176823536,4538
0.176826476,4537
0.176829218,4536
0.176831996,4535
0.176863863,4534
0.176867342,4533
0.176872834,4532
0.176875937,4531
0.176880643,4530
0.176884009,4529
0.17688972,4528
0.176893276,4527
0.176896524,4526
0.176903024,4525
0.176906095,4524
0.176909376,4523
0.176912561,4522
0.176916553,4521
0.176920197,4520
0.176923615,4519
0.176926842,4518
0.176930095,4517
0.176935121,4516
0.176939796,4515
0.176943582,4514
0.176952261,4513
0.17695635,4512
0.176960467,4511
0.176966469,4510
0.17696974,4509
0.176974797,4508
0.176978789,4507
0.176984358,4506
0.176987287,4505
0.176995785,4504
0.176998825,4503
0.177001941,4502
0.177004845,4501
0.177009679,4500
0.177013017,4499
0.177019378,4498
0.177027339,4497
0.177030183,4496
0.177036475,4495
0.177041351,4494
0.177046521,4493
0.177052133,4492
0.17705588,4491
0.17705872,4490
0.177061717,4489
0.17706465,4488
0.177067852,4487
0.177071809,4486
0.177076296,4485
0.177085227,4484
0.177088778,4483
0.177094144,4482
0.177097083,4481
0.177107474,4480
0.177111513,4479
0.177117344,4478
0.177123994,4477
0.177129912,4476
0.177132853,4475
0.1771359,4474
0.177140013,4473
0.177147198,4472
0.177150787,4471
0.177154867,4470
0.177157899,4469
0.177161486,4468
0.177164445,4467
0.177168291,4466
0.177171181,4465
0.177174216,4464
0.177177458,4463
0.177181366,4462
0.177186199,4461
0.17719352,4460
0.177197196,4459
0.177201982,4458
0.177209986,4457
0.177216344,4456
0.177220374,4455
0.17722442,4454
0.177229675,4453
0.177246429,4452
0.177253522,4451
0.177261119,4450
0.177270905,4449
0.177277392,4448
0.177281666,4447
0.177285237,4446
0.17729208,4445
0.177297856,4444
0.177301531,4443
0.17730988,4442
0.177313744,4441
0.177318016,4440
0.177322033,4439
0.177326029,4438
0.17733115,4437
0.177334559,4436
0.177338406,4435
0.17734196,4434
0.177345197,4433
0.177348595,4432
0.177351837,4431
0.177392709,4430
0.177396172,4429
0.177399807,4428
0.177406124,4427
0.17741502,4426
0.177419097,4425
0.177424143,4424
0.177431006,4423
0.177436103,4422
0.177440507,4421
0.177445668,4420
0.177449213,4419
0.177453191,4418
0.177458199,4417
0.177463841,4416
0.177468922,4415
0.177507059,4414
0.177510374,4413
0.17751482,4412
0.177520002,4411
0.177526428,4410
0.177531152,4409
0.177535859,4408
0.177540176,4407
0.177543103,4406
0.177548132,4405
0.177551236,4404
0.177554934,4403
0.177558504,4402
0.177562023,4401
0.177565649,4400
0.177603956,4399
0.177609641,4398
0.177619774,4397
0.177625276,4396
0.17762854,4395
0.177632788,4394
0.177637775,4393
0.177640986,4392
0.177645997,4391
0.17765155,4390
0.177655698,4389
0.177659437,4388
0.177663686,4387
0.177666677,4386
0.177675138,4385
0.177679698,4384
0.177683551,4383
0.177690141,4382
0.177696911,4381
0.177708902,4380
0.177714553,4379
0.177718265,4378
0.177727361,4377
0.177731197,4376
0.177734887,4375
0.177741823,4374
0.177746622,4373
0.177755042,4372
0.177787552,4371
0.17779373,4370
0.17780079,4369
0.177812369,4368
0.177816236,4367
0.177820285,4366
0.177823368,4365
0.177831199,4364
0.177836931,4363
0.177840503,4362
0.177848528,4361
0.177891856,4360
0.17793032,4359
0.177934127,4358
0.177943965,4357
0.177950025,4356
0.177956343,4355
0.177962084,4354
0.177967667,4353
0.177971059,4352
0.177974624,4351
0.177979459,4350
0.177997502,4349
0.178003055,4348
0.178008092,4347
0.178011809,4346
0.178017267,4345
0.178020843,4344
0.178028081,4343
0.178033889,4342
0.178038586,4341
0.17804397,4340
0.178058221,4339
0.178074033,4338
0.178080779,4337
0.178087426,4336
0.178092814,4335
0.178099321,4334
0.178104712,4333
0.178109856,4332
0.178114776,4331
0.178121046,4330
0.178161068,4329
0.178165201,4328
0.178172693,4327
0.178214164,4326
0.178218067,4325
0.178255075,4324
0.178293746,4323
0.178305127,4322
0.178315586,4321
0.178323274,4320
0.178329472,4319
0.17836319,4318
0.178370047,4317
0.178378216,4316
0.178382181,4315
0.178392751,4314
0.178396587,4313
0.178403989,4312
0.178407753,4311
0.178411425,4310
0.178418321,4309
0.178459521,4308
0.178468523,4307
0.178521906,4306
0.178539895,4305
0.178543381,4304
0.178548575,4303
0.178553839,4302
0.178560938,4301
0.178568137,4300
0.17857967,4299
0.178591838,4298
0.17859893,4297
0.178603089,4296
0.17860734,4295
0.178612311,4294
0.178617244,4293
0.178621251,4292
0.178624354,4291
0.178628155,4290
0.178636582,4289
0.178705097,4288
0.178710553,4287
0.178714601,4286
0.178724154,4285
0.178729804,4284
0.178749716,4283
0.178753604,4282
0.178758118,4281
0.178831029,4280
0.178834708,4279
0.178843191,4278
0.178861132,4277
0.178864549,4276
0.178867685,4275
0.178872435,4274
0.178877937,4273
0.178895497,4272
0.17890025,4271
0.17890516,4270
0.178909644,4269
0.178919031,4268
0.178924166,4267
0.178927476,4266
0.178932053,4265
0.17893865,4264
0.17894746,4263
0.178955484,4262
0.178959546,4261
0.178963531,4260
0.178999576,4259
0.179011693,4258
0.179018863,4257
0.179023245,4256
0.179033005,4255
0.179040467,4254
0.179045019,4253
0.179054128,4252
0.179058672,4251
0.179061444,4250
0.17906603,4249
0.179071523,4248
0.179074983,4247
0.179082692,4246
0.179093406,4245
0.179098765,4244
0.179108251,4243
0.179111516,4242
0.179121375,4241
0.179127175,4240
0.179136265,4239
0.179141398,4238
0.179150435,4237
0.179158149,4236
0.179162697,4235
0.179167924,4234
0.179172994,4233
0.179180775,4232
0.1792005,4231
0.179215814,4230
0.179227608,4229
0.179232653,4228
0.17924068,4227
0.179246651,4226
0.179297683,4225
0.179302298,4224
0.179810589,4223
0.179864251,4222
0.179874218,4221
0.179938804,4220
0.179973984,4219
0.179981221,4218
0.179991718,4217
0.18185072,4216
0.181856955,4215
0.181863898,4214
0.181868307,4213
0.181879006,4212
0.181884992,4211
0.18188901,4210
0.181892501,4209
0.18189863,4208
0.181904915,4207
0.181909801,4206
0.181916659,4205
0.181920424,4204
0.18192863,4203
0.18193412,4202
0.181938048,4201
0.18199578,4200
0.181999603,4199
0.182004865,4198
0.182008419,4197
0.182013225,4196
0.182016788,4195
0.182025155,4194
0.182040097,4193
0.182045438,4192
0.18205057,4191
0.182062677,4190
0.182067348,4189
0.182073573,4188
0.182082807,4187
0.182092169,4186
0.182132697,4185
0.182140965,4184
0.182214614,4183
0.182218557,4182
0.182224647,4181
0.182232047,4180
0.182243633,4179
0.182253432,4178
0.182257541,4177
0.182261653,4176
0.182282535,4175
0.182293351,4174
0.182297121,4173
0.182301038,4172
0.182308906,4171
0.182317427,4170
0.182322279,4169
0.182330644,4168
0.182334735,4167
0.182338248,4166
0.182344349,4165
0.182348671,4164
0.182376143,4163
0.182389131,4162
0.182396148,4161
0.182403715,4160
0.18241235,4159
0.182416239,4158
0.18242009,4157
0.182431109,4156
0.18245046,4155
0.182455593,4154
0.182472112,4153
0.18247606,4152
0.182527181,4151
0.182534373,4150
0.18253949,4149
0.182552511,4148
0.182558818,4147
0.182568359,4146
0.182576776,4145
0.182580609,4144
0.18258771,4143
0.182593016,4142
0.182607946,4141
0.182612453,4140
0.182616421,4139
0.182631273,4138
0.182635884,4137
0.182640545,4136
0.18264586,4135
0.18266131,4134
0.182664994,4133
0.182681763,4132
0.182701619,4131
0.182714997,4130
0.18271947,4129
0.182723223,4128
0.182730008,4127
0.18274254,4126
0.182746649,4125
0.182751137,4124
0.182764438,4123
0.182783058,4122
0.1827966,4121
0.182812808,4120
0.182826184,4119
0.182831686,4118
0.182852814,4117
0.182862383,4116
0.182877729,4115
0.182890535,4114
0.182905862,4113
0.182909816,4112
0.182922073,4111
0.182925923,4110
0.182959211,4109
0.18300833,4108
0.18301558,4107
0.183019287,4106
0.183023173,4105
0.183027776,4104
0.183031723,4103
0.183036353,4102
0.183040263,4101
0.183059669,4100
0.183084561,4099
0.183090156,4098
0.18310996,4097
0.183146514,4096
0.183153282,4095
0.183158447,4094
0.183170972,4093
0.183175122,4092
0.183189897,4091
0.18319756,4090
0.183342818,4089
0.183347393,4088
0.183351175,4087
0.183359093,4086
0.18336277,4085
0.183366639,4084
0.183370105,4083
0.183394366,4082
0.18340284,4081
0.183427102,4080
0.183435912,4079
0.183462807,4078
0.183471131,4077
0.183480675,4076
0.184560296,4075
0.184788779,4074
0.184805933,4073
0.184811341,4072
0.184821411,4071
0.184830002,4070
0.184837679,4069
0.184843811,4068
0.184852205,4067
0.184874633,4066
0.18491364,4065
0.184929394,4064
0.184936264,4063
0.184942419,4062
0.184947346,4061
0.184956982,4060
0.184961903,4059
0.184968951,4058
0.185025639,4057
0.185057711,4056
0.185065717,4055
0.185100024,4054
0.185116733,4053
0.185138122,4052
0.185148185,4051
0.185151919,4050
0.185181245,4049
0.185186253,4048
0.18519242,4047
0.185216718,4046
0.185223839,4045
0.185228943,4044
0.185236232,4043
0.185241432,4042
0.18528887,4041
0.185291614,4040
0.185300242,4039
0.185306614,4038
0.185309295,4037
0.185315861,4036
0.185342026,4035
0.185626177,4034
0.18562995,4033
0.185658281,4032
0.185711423,4031
0.185756089,4030
0.18576061,4029
0.18577806,4028
0.185791901,4027
0.18581255,4026
0.185860597,4025
0.185932348,4024
0.185939823,4023
0.185957802,4022
0.185971508,4021
0.18597749,4020
0.18598546,4019
0.185995924,4018
0.186018787,4017
0.18604164,4016
0.186055439,4015
0.186061871,4014
0.186070396,4013
0.186076713,4012
0.186114336,4011
0.186123809,4010
0.18613835,4009
0.18617393,4008
0.1861879,4007
0.186196484,4006
0.186203197,4005
0.186706658,4004
0.186714352,4003
0.186818025,4002
0.186876919,4001
0.18690675,4000
0.186911398,3999
0.186950006,3998
0.18701403,3997
0.187047713,3996
0.187072879,3995
0.187091329,3994
0.187097071,3993
0.187152293,3992
0.187192334,3991
0.187214015,3990
0.187256692,3989
0.187598497,3988
0.187630498,3987
0.187669581,3986
0.187697077,3985
0.187930812,3984
0.188208143,3983
0.188490464,3982
0.188700232,3981
0.189310752,3980
0.189423585,3979
0.362581633,3978
0.392468784,3977
0.636383696,3976
0.715732322,3975
0.818425201,3974
1.042285364,3973
1.065883818,3972
1.101315296,3971
1.255292431,3970
1.266770487,3969
1.322483337,3968
1.411587124,3967
1.519674932,3966
1.564098699,3965
1.628043679,3964
1.706892128,3963
1.739658719,3962
1.821675764,3961
1.876087494,3960
1.952399513,3959
1.987418106,3958
2.03612673,3957
2.137867968,3956
2.187250944,3955
2.241501322,3954
2.279803024,3953
2.297767184,3952
2.343587476,3951
2.463937358,3950
2.487843871,3949
2.531582235,3948
2.819421076,3947
2.917794568,3946
3.23501782,3945
3.597390645,3944
3.654481625,3943
3.899862205,3942
4.0917798,3941
4.10635291,3940
4.247952955,3939
4.293049416,3938
4.909571666,3937
5.348671806,3936
6.793280365,3935
7.046435731,3934
8.310860436,3933
8.844035017,3932
10.918789634,3931
