0.107672321,5837
0.107795925,5836
0.107847965,5835
0.107869653,5834
0.107936095,5833
0.108013842,5832
0.108034882,5831
0.108061236,5830
0.108068148,5829
0.108074793,5828
0.108081686,5827
0.108094341,5826
0.108107213,5825
0.108122742,5824
0.108129304,5823
0.108139246,5822
0.108146742,5821
0.108153526,5820
0.108160423,5819
0.108167703,5818
0.108174557,5817
0.108181692,5816
0.10818851,5815
0.108193909,5814
0.108199496,5813
0.108204864,5812
0.108210026,5811
0.108218333,5810
0.108226335,5809
0.108247308,5808
0.108257581,5807
0.10826607,5806
0.108281296,5805
0.108292319,5804
0.10829909,5803
0.108305486,5802
0.108313682,5801
0.108322092,5800
0.108330127,5799
0.10833841,5798
0.108346666,5797
0.108354767,5796
0.10836386,5795
0.108372777,5794
0.108381209,5793
0.108389492,5792
0.108398377,5791
0.108407355,5790
0.108416078,5789
0.108424198,5788
0.108432105,5787
0.108439899,5786
0.108449102,5785
0.108457063,5784
0.108464946,5783
0.108473646,5782
0.108483237,5781
0.108492323,5780
0.10855183,5779
0.10859116,5778
0.108601718,5777
0.108609838,5776
0.10861996,5775
0.108628931,5774
0.108637762,5773
0.10864858,5772
0.108659361,5771
0.108666353,5770
0.108675079,5769
0.108686286,5768
0.108693922,5767
0.1087085,5766
0.108715525,5765
0.108722863,5764
0.108731347,5763
0.108738798,5762
0.108745958,5761
0.10876773,5760
0.108775544,5759
0.108782867,5758
0.108790081,5757
0.108797627,5756
0.108806029,5755
0.108813084,5754
0.108820891,5753
0.108829399,5752
0.108845961,5751
0.108852177,5750
0.108865936,5749
0.10888044,5748
0.108895168,5747
0.108910026,5746
0.108917725,5745
0.10893405,5744
0.108939885,5743
0.108957689,5742
0.108978454,5741
0.108986103,5740
0.108996229,5739
0.10901239,5738
0.109027239,5737
0.109042662,5736
0.109055396,5735
0.109068976,5734
0.109074917,5733
0.109087647,5732
0.109093692,5731
0.109100073,5730
0.110567642,5729
0.110581975,5728
0.11059264,5727
0.110606681,5726
0.110615188,5725
0.110630005,5724
0.110638214,5723
0.110646165,5722
0.110654527,5721
0.11066219,5720
0.110669778,5719
0.110694661,5718
0.110708449,5717
0.11076137,5716
0.110767424,5715
0.110773357,5714
0.110779798,5713
0.110829937,5712
0.110835815,5711
0.110868054,5710
0.110895919,5709
0.11090363,5708
0.110908221,5707
0.110918009,5706
0.110922711,5705
0.110927298,5704
0.110931772,5703
0.110937073,5702
0.110941436,5701
0.110946513,5700
0.11095137,5699
0.110956894,5698
0.110961955,5697
0.110968877,5696
0.110974165,5695
0.110988424,5694
0.110993993,5693
0.110999201,5692
0.111003748,5691
0.111017798,5690
0.111024451,5689
0.111030245,5688
0.111036081,5687
0.111041743,5686
0.111047149,5685
0.11105282,5684
0.111061213,5683
0.11107779,5682
0.111083346,5681
0.111089692,5680
0.111095463,5679
0.111100386,5678
0.111105788,5677
0.111109864,5676
0.111115703,5675
0.111119628,5674
0.111123398,5673
0.11112692,5672
0.111130416,5671
0.111134644,5670
0.111139849,5669
0.111144617,5668
0.111149632,5667
0.111153511,5666
0.111157557,5665
0.111161303,5664
0.111166668,5663
0.111169935,5662
0.111173603,5661
0.111177124,5660
0.111182261,5659
0.111187438,5658
0.111191943,5657
0.111196465,5656
0.111201019,5655
0.111206224,5654
0.111211245,5653
0.111216481,5652
0.111221605,5651
0.111226366,5650
0.111231937,5649
0.111237682,5648
0.111243206,5647
0.111248252,5646
0.111259846,5645
0.114312082,5644
0.114324158,5643
0.114335048,5642
0.114343978,5641
0.114350153,5640
0.11435581,5639
0.114360513,5638
0.114392151,5637
0.114396224,5636
0.11440021,5635
0.114403816,5634
0.1144073,5633
0.114412364,5632
0.11441626,5631
0.114420029,5630
0.11442516,5629
0.114429031,5628
0.114432491,5627
0.114436278,5626
0.114439935,5625
0.114443383,5624
0.114448163,5623
0.114453364,5622
0.114458382,5621
0.114463748,5620
0.11446875,5619
0.114484317,5618
0.11449376,5617
0.114503511,5616
0.114509771,5615
0.11451573,5614
0.114528133,5613
0.114533718,5612
0.114542664,5611
0.114548084,5610
0.114553406,5609
0.114559448,5608
0.114563762,5607
0.114567371,5606
0.114571444,5605
0.114575088,5604
0.114593216,5603
0.114596937,5602
0.1146044,5601
0.114683496,5600
0.114688329,5599
0.114693431,5598
0.114698589,5597
0.11470613,5596
0.114714881,5595
0.114719626,5594
0.114724739,5593
0.114730348,5592
0.114735475,5591
0.114740633,5590
0.114747086,5589
0.114753879,5588
0.114760719,5587
0.114765569,5586
0.11477064,5585
0.114775762,5584
0.1147804,5583
0.114785017,5582
0.114790445,5581
0.114796907,5580
0.114802794,5579
0.114810579,5578
0.11481583,5577
0.114825043,5576
0.114830843,5575
0.114836435,5574
0.114842806,5573
0.11484884,5572
0.114856464,5571
0.11486387,5570
0.114869875,5569
0.11487509,5568
0.1148807,5567
0.114885593,5566
0.114890782,5565
0.114895079,5564
0.11489999,5563
0.114904798,5562
0.114950238,5561
0.11498556,5560
0.11499366,5559
0.115029862,5558
0.115066241,5557
0.115072759,5556
0.115079914,5555
0.115086636,5554
0.115093917,5553
0.115104209,5552
0.115144108,5551
0.115149093,5550
0.115222723,5549
0.115300663,5548
0.11531599,5547
0.115367107,5546
0.115401333,5545
0.115433795,5544
0.115439378,5543
0.115444916,5542
0.115479798,5541
0.115514399,5540
0.115549018,5539
0.115555454,5538
0.115563464,5537
0.115569034,5536
0.115575213,5535
0.115580675,5534
0.115586394,5533
0.115593841,5532
0.115599491,5531
0.115612926,5530
0.115619165,5529
0.115625235,5528
0.115631122,5527
0.115635808,5526
0.115640191,5525
0.11564443,5524
0.115661023,5523
0.115666367,5522
0.115674256,5521
0.115679035,5520
0.115685527,5519
0.115692813,5518
0.11569731,5517
0.115701674,5516
0.115705793,5515
0.115710243,5514
0.115714722,5513
0.11575175,5512
0.115756623,5511
0.115761088,5510
0.115765791,5509
0.115770102,5508
0.115775746,5507
0.115779841,5506
0.115784176,5505
0.115850367,5504
0.115854303,5503
0.115892811,5502
0.115897007,5501
0.115901065,5500
0.115904631,5499
0.115908848,5498
0.115944547,5497
0.115948111,5496
0.115951847,5495
0.115962859,5494
0.115992617,5493
0.116001083,5492
0.116005726,5491
0.116010302,5490
0.1160159,5489
0.11602133,5488
0.116030598,5487
0.116040376,5486
0.116045972,5485
0.116051012,5484
0.116057004,5483
0.116063377,5482
0.11607314,5481
0.116079107,5480
0.116082145,5479
0.116085297,5478
0.116088355,5477
0.116091228,5476
0.11609529,5475
0.116100304,5474
0.116103133,5473
0.116106266,5472
0.116108792,5471
0.116112895,5470
0.116115475,5469
0.116118967,5468
0.116122185,5467
0.116127418,5466
0.1161324,5465
0.116135588,5464
0.116138319,5463
0.116144669,5462
0.116148394,5461
0.116152163,5460
0.116156576,5459
0.116160456,5458
0.116165096,5457
0.116168086,5456
0.11617236,5455
0.116175696,5454
0.116178845,5453
0.11618205,5452
0.116185106,5451
0.116188101,5450
0.116193243,5449
0.116195891,5448
0.116198755,5447
0.116201845,5446
0.116205052,5445
0.116208235,5444
0.116211855,5443
0.116214756,5442
0.116217722,5441
0.116220622,5440
0.116223524,5439
0.116226965,5438
0.116230092,5437
0.116235959,5436
0.116239274,5435
0.116242279,5434
0.116246731,5433
0.116250251,5432
0.116253913,5431
0.116877484,5430
0.116894352,5429
0.116930103,5428
0.116990816,5427
0.116995525,5426
0.116999905,5425
0.117005713,5424
0.117010314,5423
0.117020668,5422
0.117024695,5421
0.117028762,5420
0.117032953,5419
0.117039642,5418
0.117043736,5417
0.117047393,5416
0.117050791,5415
0.117056579,5414
0.117059664,5413
0.117062706,5412
0.117066291,5411
0.117069786,5410
0.117073052,5409
0.11707668,5408
0.117081141,5407
0.11708602,5406
0.11708994,5405
0.117093871,5404
0.11710012,5403
0.117105687,5402
0.117109,5401
0.117112101,5400
0.117115488,5399
0.117118501,5398
0.117122253,5397
0.117124815,5396
0.117127883,5395
0.117132136,5394
0.117135324,5393
0.117138736,5392
0.117141723,5391
0.11714456,5390
0.117171279,5389
0.11717489,5388
0.117178151,5387
0.117181844,5386
0.117191869,5385
0.11719672,5384
0.11720325,5383
0.117207427,5382
0.117212496,5381
0.117217764,5380
0.117221942,5379
0.117227401,5378
0.117232342,5377
0.117236049,5376
0.117239142,5375
0.117243115,5374
0.117246326,5373
0.117249309,5372
0.117252184,5371
0.117255011,5370
0.11725764,5369
0.117260072,5368
0.118073209,5367
0.11808033,5366
0.118084199,5365
0.118088082,5364
0.118091556,5363
0.118094197,5362
0.118096764,5361
0.118100133,5360
0.118102561,5359
0.11810506,5358
0.118107295,5357
0.118109765,5356
0.118113005,5355
0.118115356,5354
0.11811837,5353
0.118121305,5352
0.118124819,5351
0.118129586,5350
0.118131838,5349
0.118134067,5348
0.118136251,5347
0.118139482,5346
0.118144831,5345
0.118147161,5344
0.118150201,5343
0.118153566,5342
0.118157059,5341
0.118160392,5340
0.118164648,5339
0.11816824,5338
0.118171223,5337
0.118175326,5336
0.118178407,5335
0.118182554,5334
0.118185733,5333
0.118188837,5332
0.118196205,5331
0.11819954,5330
0.118202927,5329
0.118206011,5328
0.118209371,5327
0.118213146,5326
0.118227108,5325
0.118230919,5324
0.118234532,5323
0.118237892,5322
0.118246759,5321
0.118250073,5320
0.118253187,5319
0.118256478,5318
0.118260634,5317
0.118263745,5316
0.118268249,5315
0.118282393,5314
0.118286378,5313
0.11828937,5312
0.118292807,5311
0.118362225,5310
0.118367607,5309
0.118371594,5308
0.118378269,5307
0.118385267,5306
0.118390075,5305
0.11839495,5304
0.118402871,5303
0.11840648,5302
0.118410202,5301
0.118413583,5300
0.118417243,5299
0.118421901,5298
0.118425457,5297
0.118428792,5296
0.11843335,5295
0.118436675,5294
0.118439945,5293
0.118443074,5292
0.118446245,5291
0.118449805,5290
0.118453185,5289
0.118457583,5288
0.118462253,5287
0.118470343,5286
0.118473666,5285
0.118479108,5284
0.118482408,5283
0.1184869,5282
0.118490314,5281
0.118495999,5280
0.118500192,5279
0.118505646,5278
0.118508955,5277
0.118513317,5276
0.118524669,5275
0.118528896,5274
0.118532534,5273
0.118537176,5272
0.118541526,5271
0.118546401,5270
0.118549634,5269
0.11855272,5268
0.11855546,5267
0.118558233,5266
0.118561127,5265
0.118565056,5264
0.118569846,5263
0.118572885,5262
0.118576625,5261
0.118579207,5260
0.11858372,5259
0.118586573,5258
0.118589454,5257
0.11859269,5256
0.118597488,5255
0.118601135,5254
0.118604055,5253
0.118610057,5252
0.11861438,5251
0.118619222,5250
0.118623548,5249
0.118630772,5248
0.118637524,5247
0.118643528,5246
0.118650676,5245
0.118655232,5244
0.118658268,5243
0.118661557,5242
0.118665813,5241
0.118669465,5240
0.118672679,5239
0.118679328,5238
0.11868504,5237
0.118691138,5236
0.11869453,5235
0.118698271,5234
0.118702629,5233
0.118705924,5232
0.118712364,5231
0.118720539,5230
0.118724187,5229
0.118728736,5228
0.118732814,5227
0.118737106,5226
0.118740868,5225
0.1187444,5224
0.118750121,5223
0.118753637,5222
0.118759738,5221
0.11876371,5220
0.118767659,5219
0.118772648,5218
0.118777812,5217
0.118782307,5216
0.118794237,5215
0.118843567,5214
0.118851339,5213
0.118854897,5212
0.118857996,5211
0.118863168,5210
0.118868064,5209
0.118874067,5208
0.118877822,5207
0.118883093,5206
0.118886351,5205
0.118891138,5204
0.118896753,5203
0.118900027,5202
0.1189033,5201
0.118905997,5200
0.118937063,5199
0.118943077,5198
0.118947304,5197
0.118954231,5196
0.118958207,5195
0.11896262,5194
0.118967629,5193
0.118971517,5192
0.118991245,5191
0.118995153,5190
0.118998873,5189
0.119003026,5188
0.119008044,5187
0.119015754,5186
0.119019443,5185
0.119024598,5184
0.119030271,5183
0.119035639,5182
0.1190413,5181
0.119046139,5180
0.119049949,5179
0.119055534,5178
0.119058567,5177
0.11906498,5176
0.119069824,5175
0.119073633,5174
0.119077738,5173
0.119081733,5172
0.119088057,5171
0.119093141,5170
0.11909688,5169
0.119100571,5168
0.119108698,5167
0.119115408,5166
0.119119333,5165
0.119123114,5164
0.119126999,5163
0.119130476,5162
0.119134375,5161
0.119140059,5160
0.119145708,5159
0.119150218,5158
0.119155296,5157
0.119160251,5156
0.119163539,5155
0.119166702,5154
0.119171,5153
0.119174429,5152
0.119177747,5151
0.119182415,5150
0.119185061,5149
0.119190072,5148
0.119193484,5147
0.119196956,5146
0.119201464,5145
0.119211651,5144
0.119215167,5143
0.119217459,5142
0.119220706,5141
0.119224158,5140
0.119227182,5139
0.119232746,5138
0.11923507,5137
0.11923735,5136
0.11924104,5135
0.119243438,5134
0.119247394,5133
0.1192506,5132
0.11925257,5131
0.119255991,5130
0.119261376,5129
0.119266957,5128
0.119273587,5127
0.119277094,5126
0.119282578,5125
0.119287629,5124
0.119291168,5123
0.119295387,5122
0.119300248,5121
0.119309203,5120
0.119314221,5119
0.119318702,5118
0.119322625,5117
0.119329111,5116
0.119333973,5115
0.119379197,5114
0.119386991,5113
0.119392181,5112
0.119396583,5111
0.119399907,5110
0.119403163,5109
0.119407427,5108
0.119410509,5107
0.11941406,5106
0.119418356,5105
0.119422598,5104
0.119426641,5103
0.119430744,5102
0.11943461,5101
0.119443181,5100
0.119448104,5099
0.119452421,5098
0.119456534,5097
0.120792283,5096
0.120797378,5095
0.120803233,5094
0.120810681,5093
0.120814955,5092
0.120818449,5091
0.120822147,5090
0.120827898,5089
0.120832489,5088
0.120841311,5087
0.120844807,5086
0.120847825,5085
0.1208514,5084
0.120864115,5083
0.120883569,5082
0.12088936,5081
0.120924922,5080
0.120929188,5079
0.120935131,5078
0.120938854,5077
0.120943739,5076
0.120947093,5075
0.120950417,5074
0.120987478,5073
0.12099178,5072
0.120995242,5071
0.120998979,5070
0.121005644,5069
0.12101635,5068
0.121022524,5067
0.121028847,5066
0.121102048,5065
0.121108244,5064
0.121112615,5063
0.121120958,5062
0.121125254,5061
0.121131527,5060
0.121136389,5059
0.121142932,5058
0.121150349,5057
0.121154289,5056
0.12115782,5055
0.121161131,5054
0.121166204,5053
0.121181175,5052
0.121184573,5051
0.121191096,5050
0.121194535,5049
0.121198169,5048
0.121201581,5047
0.121204867,5046
0.12120951,5045
0.121213049,5044
0.121216531,5043
0.121220137,5042
0.121223635,5041
0.121230521,5040
0.121235006,5039
0.121237893,5038
0.121240955,5037
0.12124388,5036
0.121248722,5035
0.121251575,5034
0.121256255,5033
0.121261257,5032
0.12126496,5031
0.12127243,5030
0.121275659,5029
0.121279914,5028
0.121283242,5027
0.121288193,5026
0.121292314,5025
0.121295895,5024
0.121299375,5023
0.121304178,5022
0.121306981,5021
0.121309672,5020
0.121313879,5019
0.121316639,5018
0.121321619,5017
0.121324377,5016
0.121328384,5015
0.121331647,5014
0.121334311,5013
0.121337881,5012
0.121340567,5011
0.121343425,5010
0.121347771,5009
0.121350343,5008
0.121353697,5007
0.121357098,5006
0.121360437,5005
0.121374755,5004
0.12137812,5003
0.121381394,5002
0.121386776,5001
0.121392518,5000
0.121396774,4999
0.121401285,4998
0.121405808,4997
0.12140892,4996
0.121414604,4995
0.121418487,4994
0.121422307,4993
0.121426116,4992
0.121430351,4991
0.121433774,4990
0.121438442,4989
0.121441661,4988
0.121447973,4987
0.121454247,4986
0.121457462,4985
0.121460674,4984
0.121465048,4983
0.121467779,4982
0.121471285,4981
0.121479806,4980
0.121484948,4979
0.121487997,4978
0.121490758,4977
0.121494571,4976
0.121497224,4975
0.12149997,4974
0.121505624,4973
0.121510173,4972
0.121513774,4971
0.121520314,4970
0.121524125,4969
0.121527722,4968
0.121534387,4967
0.121538061,4966
0.121543617,4965
0.12154793,4964
0.121551654,4963
0.121555072,4962
0.121560011,4961
0.121563347,4960
0.121566964,4959
0.121571037,4958
0.121574449,4957
0.121578043,4956
0.121582739,4955
0.121588035,4954
0.121592126,4953
0.121608102,4952
0.121612997,4951
0.121618138,4950
0.121621901,4949
0.121626022,4948
0.121629643,4947
0.121633459,4946
0.121639282,4945
0.121643765,4944
0.12164742,4943
0.121651108,4942
0.121655265,4941
0.121660427,4940
0.121670369,4939
0.121675585,4938
0.121678918,4937
0.121682595,4936
0.121686531,4935
0.121690517,4934
0.121702515,4933
0.121710176,4932
0.121714987,4931
0.121719387,4930
0.121722834,4929
0.12172652,4928
0.121732052,4927
0.121741272,4926
0.121745044,4925
0.12174856,4924
0.121753577,4923
0.121757817,4922
0.121761862,4921
0.121766441,4920
0.121771615,4919
0.121774928,4918
0.121778357,4917
0.121783213,4916
0.121787242,4915
0.12182418,4914
0.121828204,4913
0.121837162,4912
0.12184182,4911
0.121847329,4910
0.121851727,4909
0.121855215,4908
0.121861412,4907
0.12186465,4906
0.121867955,4905
0.121872544,4904
0.12187658,4903
0.121879755,4902
0.121885876,4901
0.121890158,4900
0.121894269,4899
0.121926381,4898
0.121929403,4897
0.121933108,4896
0.121938486,4895
0.121944728,4894
0.121949095,4893
0.121952881,4892
0.121956184,4891
0.121960209,4890
0.121963678,4889
0.12196684,4888
0.12197111,4887
0.12197571,4886
0.121983758,4885
0.121988294,4884
0.121992836,4883
0.121997721,4882
0.122000551,4881
0.122005366,4880
0.12200787,4879
0.122010495,4878
0.122013249,4877
0.122016632,4876
0.122019781,4875
0.122024167,4874
0.122027044,4873
0.122029619,4872
0.122033294,4871
0.122036981,4870
0.122043758,4869
0.122046449,4868
0.1220489,4867
0.122051599,4866
0.122054075,4865
0.122058144,4864
0.122064253,4863
0.122066889,4862
0.122069404,4861
0.122071877,4860
0.122074046,4859
0.122080407,4858
0.122083351,4857
0.122086661,4856
0.122089287,4855
0.122091991,4854
0.12209444,4853
0.122099875,4852
0.122102174,4851
0.122105158,4850
0.122107725,4849
0.122110233,4848
0.122113423,4847
0.122115879,4846
0.122120374,4845
0.122126025,4844
0.122128576,4843
0.122130815,4842
0.122133131,4841
0.1221357,4840
0.122139059,4839
0.122190898,4838
0.122194095,4837
0.122198718,4836
0.122203543,4835
0.122208462,4834
0.12221238,4833
0.122215825,4832
0.122220527,4831
0.122227089,4830
0.1222376,4829
0.12224394,4828
0.122249072,4827
0.12225421,4826
0.122259444,4825
0.122263823,4824
0.122268674,4823
0.122275134,4822
0.122280601,4821
0.122284529,4820
0.122289316,4819
0.122293971,4818
0.122298502,4817
0.12230852,4816
0.122332611,4815
0.122343222,4814
0.122346854,4813
0.122353396,4812
0.122358371,4811
0.122362007,4810
0.122365653,4809
0.122370122,4808
0.122376815,4807
0.122380958,4806
0.122385278,4805
0.122404747,4804
0.122408189,4803
0.122414497,4802
0.122418323,4801
0.1224218,4800
0.122426458,4799
0.122430762,4798
0.122434382,4797
0.1224393,4796
0.122451959,4795
0.122466323,4794
0.122471677,4793
0.122475829,4792
0.12248002,4791
0.122491672,4790
0.122497499,4789
0.122502008,4788
0.122505829,4787
0.122572569,4786
0.122577103,4785
0.122581589,4784
0.122586214,4783
0.122591175,4782
0.122596765,4781
0.122601853,4780
0.122614711,4779
0.122619184,4778
0.122623524,4777
0.122638071,4776
0.122643997,4775
0.122647834,4774
0.122658453,4773
0.122662358,4772
0.122670303,4771
0.122674352,4770
0.122679477,4769
0.122685449,4768
0.122703455,4767
0.122707948,4766
0.122722273,4765
0.1227278,4764
0.122730933,4763
0.122733973,4762
0.122768095,4761
0.12277225,4760
0.122775658,4759
0.122782211,4758
0.12278656,4757
0.122788983,4756
0.122792879,4755
0.122795453,4754
0.122798655,4753
0.122802137,4752
0.122816442,4751
0.122821778,4750
0.122827964,4749
0.122832246,4748
0.122838125,4747
0.122844243,4746
0.122848861,4745
0.122856805,4744
0.12286787,4743
0.122913489,4742
0.12291936,4741
0.122925916,4740
0.122967387,4739
0.122970816,4738
0.122976363,4737
0.122980971,4736
0.123056904,4735
0.123076088,4734
0.124227917,4733
0.124238044,4732
0.124243322,4731
0.124249319,4730
0.124252658,4729
0.12425697,4728
0.124261425,4727
0.124268118,4726
0.124275987,4725
0.124280272,4724
0.124283815,4723
0.124286596,4722
0.124290601,4721
0.124294669,4720
0.124298952,4719
0.124303322,4718
0.124307644,4717
0.124310772,4716
0.124315878,4715
0.124320852,4714
0.124326117,4713
0.124330503,4712
0.124334563,4711
0.124337172,4710
0.124341069,4709
0.124347093,4708
0.124350994,4707
0.124355699,4706
0.124360068,4705
0.124364079,4704
0.124369903,4703
0.124411239,4702
0.124414548,4701
0.124420683,4700
0.124424208,4699
0.124428436,4698
0.124435167,4697
0.124442305,4696
0.124446852,4695
0.124451575,4694
0.124457316,4693
0.124461001,4692
0.124464732,4691
0.124468388,4690
0.124472012,4689
0.124476246,4688
0.12448068,4687
0.124485522,4686
0.124490213,4685
0.124493258,4684
0.124501276,4683
0.124507382,4682
0.124510673,4681
0.124513693,4680
0.124517145,4679
0.124521761,4678
0.124528697,4677
0.124535138,4676
0.124538214,4675
0.124541402,4674
0.124547378,4673
0.124552406,4672
0.124556401,4671
0.124559986,4670
0.124563542,4669
0.124569775,4668
0.124576951,4667
0.124580572,4666
0.124587857,4665
0.12459141,4664
0.124594754,4663
0.124601371,4662
0.124605124,4661
0.12461092,4660
0.12461557,4659
0.124618987,4658
0.124624603,4657
0.124630106,4656
0.124635109,4655
0.124639599,4654
0.12464719,4653
0.124653149,4652
0.124657209,4651
0.124661395,4650
0.12466765,4649
0.124673083,4648
0.124676416,4647
0.124683077,4646
0.124686284,4645
0.124693119,4644
0.124695955,4643
0.124699458,4642
0.124702796,4641
0.124707924,4640
0.124712772,4639
0.124720249,4638
0.124726244,4637
0.124735515,4636
0.124738564,4635
0.124741968,4634
0.124747915,4633
0.124751323,4632
0.124758898,4631
0.124779432,4630
0.124787352,4629
0.12479036,4628
0.124794763,4627
0.124797984,4626
0.124807279,4625
0.124811061,4624
0.124814666,4623
0.124819039,4622
0.124822548,4621
0.124829423,4620
0.12483388,4619
0.124840551,4618
0.12484516,4617
0.12484867,4616
0.124852223,4615
0.124857733,4614
0.124892034,4613
0.12491456,4612
0.124921508,4611
0.124928324,4610
0.124931296,4609
0.124933834,4608
0.124936643,4607
0.124939377,4606
0.124943312,4605
0.124948856,4604
0.124951487,4603
0.12495423,4602
0.124957258,4601
0.124962229,4600
0.124965563,4599
0.124968317,4598
0.124979309,4597
0.124984276,4596
0.124990455,4595
0.124993053,4594
0.124997215,4593
0.125005554,4592
0.125008937,4591
0.125013269,4590
0.125018111,4589
0.1250228,4588
0.12502645,4587
0.125032983,4586
0.125037913,4585
0.125043574,4584
0.125046443,4583
0.125050743,4582
0.125053686,4581
0.125059966,4580
0.125062844,4579
0.125065358,4578
0.125067726,4577
0.125070288,4576
0.125073556,4575
0.12507715,4574
0.125082067,4573
0.125085107,4572
0.125094067,4571
0.125099888,4570
0.125102378,4569
0.125107169,4568
0.125111376,4567
0.12511547,4566
0.125120086,4565
0.125123234,4564
0.125127733,4563
0.125130711,4562
0.125134855,4561
0.125143123,4560
0.125147222,4559
0.125149925,4558
0.125154057,4557
0.125158613,4556
0.12516194,4555
0.125168225,4554
0.1256727,4553
0.125675428,4552
0.125678313,4551
0.125682318,4550
0.125685351,4549
0.12568995,4548
0.125694002,4547
0.125698606,4546
0.125701602,4545
0.125748418,4544
0.125754777,4543
0.125758768,4542
0.125763311,4541
0.125766384,4540
0.125770025,4539
0.125772954,4538
0.125790035,4537
0.125805897,4536
0.125814202,4535
0.125817618,4534
0.125821406,4533
0.125825743,4532
0.125830731,4531
0.125835071,4530
0.125840491,4529
0.125849134,4528
0.125854922,4527
0.125858803,4526
0.125865439,4525
0.125869385,4524
0.125876384,4523
0.125888238,4522
0.125893056,4521
0.125897926,4520
0.125902453,4519
0.125907744,4518
0.125912666,4517
0.12591707,4516
0.125921696,4515
0.125925503,4514
0.12593288,4513
0.125936847,4512
0.125941924,4511
0.125951676,4510
0.125956622,4509
0.12596057,4508
0.125964868,4507
0.125969492,4506
0.125975085,4505
0.125983589,4504
0.125989961,4503
0.125995239,4502
0.125998233,4501
0.126001426,4500
0.126005067,4499
0.126012054,4498
0.126017376,4497
0.126020956,4496
0.126025849,4495
0.126028979,4494
0.126031921,4493
0.126039258,4492
0.126042175,4491
0.126045286,4490
0.126049129,4489
0.126058184,4488
0.126063133,4487
0.126072272,4486
0.126075763,4485
0.12608044,4484
0.126084401,4483
0.126087501,4482
0.126092708,4481
0.126097321,4480
0.12610218,4479
0.126106147,4478
0.126110051,4477
0.126113961,4476
0.126118265,4475
0.126125809,4474
0.126129206,4473
0.126132348,4472
0.126136414,4471
0.126140368,4470
0.126143236,4469
0.126146871,4468
0.12615011,4467
0.126152887,4466
0.12615535,4465
0.12615809,4464
0.12616281,4463
0.126171385,4462
0.126174736,4461
0.126178069,4460
0.126184269,4459
0.126188441,4458
0.12619449,4457
0.126198093,4456
0.126202067,4455
0.126211619,4454
0.126216063,4453
0.12622202,4452
0.126226064,4451
0.126232503,4450
0.126237753,4449
0.126242379,4448
0.126246092,4447
0.126292437,4446
0.126301696,4445
0.126307489,4444
0.126311027,4443
0.126346294,4442
0.126349912,4441
0.126353565,4440
0.12635729,4439
0.126361857,4438
0.126367521,4437
0.126371963,4436
0.126406643,4435
0.126411533,4434
0.126418821,4433
0.126423887,4432
0.126427585,4431
0.126432846,4430
0.126436795,4429
0.126442988,4428
0.126482033,4427
0.126538748,4426
0.126544586,4425
0.126579999,4424
0.126583922,4423
0.12658913,4422
0.126596917,4421
0.126601637,4420
0.126640099,4419
0.126648072,4418
0.126651617,4417
0.126713242,4416
0.126718394,4415
0.126722457,4414
0.126758317,4413
0.126762909,4412
0.1267765,4411
0.126783337,4410
0.126816767,4409
0.126837205,4408
0.126845596,4407
0.126877949,4406
0.12688408,4405
0.126918279,4404
0.126923993,4403
0.126959001,4402
0.126995084,4401
0.127000182,4400
0.127004342,4399
0.127042453,4398
0.12704647,4397
0.127050997,4396
0.127055881,4395
0.127070074,4394
0.127073528,4393
0.127082433,4392
0.127121155,4391
0.1271277,4390
0.127132458,4389
0.127184032,4388
0.127191605,4387
0.127198129,4386
0.127202357,4385
0.127210639,4384
0.127216424,4383
0.127281155,4382
0.127314431,4381
0.12731894,4380
0.127322034,4379
0.127327995,4378
0.127333738,4377
0.127338379,4376
0.127343575,4375
0.127346767,4374
0.127372735,4373
0.127376774,4372
0.127379563,4371
0.127382495,4370
0.127385375,4369
0.127388165,4368
0.127393902,4367
0.127399092,4366
0.127401723,4365
0.127407298,4364
0.12741035,4363
0.127413901,4362
0.127416837,4361
0.127419892,4360
0.127422914,4359
0.127426518,4358
0.127429079,4357
0.127431793,4356
0.127436068,4355
0.127440284,4354
0.1274431,4353
0.127446096,4352
0.127448724,4351
0.127453958,4350
0.127456645,4349
0.127461502,4348
0.12746705,4347
0.127469816,4346
0.127473243,4345
0.127483538,4344
0.127486404,4343
0.127493095,4342
0.127496184,4341
0.127500189,4340
0.127506995,4339
0.127536365,4338
0.127543087,4337
0.127547942,4336
0.127553576,4335
0.127558585,4334
0.127561688,4333
0.127565235,4332
0.12756805,4331
0.127572017,4330
0.127582435,4329
0.127585082,4328
0.127588714,4327
0.127613489,4326
0.127622739,4325
0.127631946,4324
0.127635571,4323
0.127648249,4322
0.127662892,4321
0.127669909,4320
0.127672883,4319
0.127676013,4318
0.127683818,4317
0.127695192,4316
0.127698501,4315
0.12770457,4314
0.127709988,4313
0.12771817,4312
0.127724565,4311
0.127730308,4310
0.127734169,4309
0.1277404,4308
0.127748538,4307
0.12775177,4306
0.127761238,4305
0.127766028,4304
0.127772172,4303
0.127778775,4302
0.127787198,4301
0.12779008,4300
0.127800955,4299
0.127831376,4298
0.127837845,4297
0.12785736,4296
0.127865205,4295
0.127892258,4294
0.127895815,4293
0.127906202,4292
0.127914632,4291
0.12791955,4290
0.127922678,4289
0.127932742,4288
0.12793974,4287
0.127942444,4286
0.127945489,4285
0.127955978,4284
0.127960725,4283
0.127963665,4282
0.127968312,4281
0.127973998,4280
0.127986272,4279
0.127989542,4278
0.127998049,4277
0.128004357,4276
0.128013335,4275
0.128016458,4274
0.128019107,4273
0.128022832,4272
0.128034809,4271
0.128038115,4270
0.128043504,4269
0.128050407,4268
0.128054846,4267
0.128059212,4266
0.128064234,4265
0.128069807,4264
0.128074426,4263
0.128078056,4262
0.12808294,4261
0.128092684,4260
0.128100448,4259
0.128110824,4258
0.128115344,4257
0.128140281,4256
0.128145288,4255
0.128153088,4254
0.128161005,4253
0.128166989,4252
0.128173467,4251
0.128179077,4250
0.128182806,4249
0.128186839,4248
0.128191404,4247
0.128198804,4246
0.128206698,4245
0.12821173,4244
0.128216762,4243
0.128221527,4242
0.128226412,4241
0.128230876,4240
0.128235442,4239
0.128241369,4238
0.128246194,4237
0.128251495,4236
0.128256169,4235
0.128263294,4234
0.128266628,4233
0.128270898,4232
0.128274514,4231
0.128310766,4230
0.128318755,4229
0.128323934,4228
0.128330079,4227
0.128339266,4226
0.128346685,4225
0.12834987,4224
0.128376384,4223
0.128412442,4222
0.12841647,4221
0.128420803,4220
0.128423815,4219
0.128429819,4218
0.128436441,4217
0.128820739,4216
0.12882356,4215
0.12882969,4214
0.128833399,4213
0.128836984,4212
0.128839827,4211
0.128844339,4210
0.128848716,4209
0.128867316,4208
0.128878962,4207
0.128884859,4206
0.128888111,4205
0.128891102,4204
0.128896971,4203
0.128902272,4202
0.128905163,4201
0.128908176,4200
0.128930575,4199
0.128934923,4198
0.12893912,4197
0.128945737,4196
0.12894944,4195
0.128953801,4194
0.128957786,4193
0.128961552,4192
0.128966969,4191
0.128970093,4190
0.128975845,4189
0.128982118,4188
0.128985474,4187
0.128990727,4186
0.129015146,4185
0.129020579,4184
0.129027015,4183
0.129036392,4182
0.129043755,4181
0.129049442,4180
0.12905866,4179
0.129065297,4178
0.129070245,4177
0.129078366,4176
0.129084844,4175
0.129087511,4174
0.129091657,4173
0.129098358,4172
0.129102168,4171
0.129105017,4170
0.129110093,4169
0.129112755,4168
0.129115432,4167
0.129117718,4166
0.129120982,4165
0.129124983,4164
0.129130598,4163
0.129135708,4162
0.129138944,4161
0.129157124,4160
0.129159891,4159
0.129164849,4158
0.129173136,4157
0.129178243,4156
0.129182507,4155
0.12919113,4154
0.129195608,4153
0.129200877,4152
0.129203567,4151
0.12921949,4150
0.129226753,4149
0.129231497,4148
0.129234661,4147
0.129238734,4146
0.129241363,4145
0.129250438,4144
0.129304838,4143
0.12931247,4142
0.129321921,4141
0.1293278,4140
0.129332042,4139
0.129342425,4138
0.12934609,4137
0.129350142,4136
0.129360026,4135
0.129365582,4134
0.129368374,4133
0.129414016,4132
0.129435275,4131
0.129442031,4130
0.129446689,4129
0.129493142,4128
0.129508896,4127
0.129512788,4126
0.129517045,4125
0.129528694,4124
0.129533109,4123
0.12953725,4122
0.129542468,4121
0.129555054,4120
0.129559539,4119
0.129565885,4118
0.129571368,4117
0.129584598,4116
0.129598459,4115
0.129602058,4114
0.129605968,4113
0.129619178,4112
0.129633308,4111
0.12964681,4110
0.12965082,4109
0.129703487,4108
0.129707884,4107
0.129720208,4106
0.12972821,4105
0.129739246,4104
0.129747519,4103
0.129755257,4102
0.129758746,4101
0.129773939,4100
0.129782098,4099
0.1297858,4098
0.129793502,4097
0.129827574,4096
0.129835773,4095
0.129843893,4094
0.129850195,4093
0.129860175,4092
0.129910535,4091
0.129916555,4090
0.129958917,4089
0.130029126,4088
0.130065782,4087
0.130069729,4086
0.130077317,4085
0.130084637,4084
0.130090376,4083
0.130097574,4082
0.130132693,4081
0.130139204,4080
0.130152471,4079
0.130160425,4078
0.130177115,4077
0.130183119,4076
0.130214141,4075
0.131171687,4074
0.131177729,4073
0.131183553,4072
0.131193693,4071
0.131196574,4070
0.131203275,4069
0.131212528,4068
0.131223096,4067
0.131230089,4066
0.131235119,4065
0.13124513,4064
0.131255071,4063
0.131302232,4062
0.131323934,4061
0.131338463,4060
0.131344136,4059
0.131368974,4058
0.131380392,4057
0.131387096,4056
0.131390367,4055
0.131405862,4054
0.131413553,4053
0.13142332,4052
0.131428235,4051
0.131456832,4050
0.131460286,4049
0.131469383,4048
0.13147777,4047
0.13148299,4046
0.131487535,4045
0.131508547,4044
0.131512892,4043
0.131523784,4042
0.131571887,4041
0.131584982,4040
0.131588299,4039
0.131594844,4038
0.131604648,4037
0.131611697,4036
0.131614959,4035
0.131626838,4034
0.131987858,4033
0.132010919,4032
0.132014404,4031
0.132017884,4030
0.132025779,4029
0.13203133,4028
0.13205592,4027
0.132074349,4026
0.132080779,4025
0.132100532,4024
0.132103879,4023
0.132113899,4022
0.132120993,4021
0.132145517,4020
0.132149875,4019
0.132152342,4018
0.132163581,4017
0.132170293,4016
0.132176498,4015
0.132179765,4014
0.132184444,4013
0.132191802,4012
0.132197066,4011
0.132211392,4010
0.132238209,4009
0.132250909,4008
0.132261205,4007
0.132274224,4006
0.132304131,4005
0.132321668,4004
0.132582177,4003
0.13258762,4002
0.132599687,4001
0.132611962,4000
0.132625928,3999
0.132646282,3998
0.132659747,3997
0.132692936,3996
0.132704257,3995
0.132715481,3994
0.13271901,3993
0.132727399,3992
0.132740505,3991
0.132752885,3990
0.132803827,3989
0.132850832,3988
0.13307562,3987
0.133079466,3986
0.133128553,3985
0.133136095,3984
0.133290012,3983
0.133525384,3982
0.133618815,3981
0.133793706,3980
0.134229965,3979
0.134297756,3978
