0.151662757,5837
0.151717669,5836
0.151756263,5835
0.151785068,5834
0.151832325,5833
0.151873083,5832
0.151889242,5831
0.15189541,5830
0.151901782,5829
0.151908365,5828
0.151930874,5827
0.151940654,5826
0.151947211,5825
0.151955515,5824
0.151964996,5823
0.151992235,5822
0.15203135,5821
0.152041707,5820
0.152052341,5819
0.152063072,5818
0.152070762,5817
0.152107983,5816
0.152118898,5815
0.152129756,5814
0.152165797,5813
0.15219984,5812
0.152216681,5811
0.152229796,5810
0.152267183,5809
0.152288132,5808
0.152332748,5807
0.152339759,5806
0.1523487,5805
0.152358919,5804
0.152367914,5803
0.152377132,5802
0.152386223,5801
0.152395311,5800
0.152404508,5799
0.152414026,5798
0.152422511,5797
0.152432481,5796
0.152488551,5795
0.15250209,5794
0.152549453,5793
0.152562463,5792
0.152588382,5791
0.15260284,5790
0.152848372,5789
0.152856742,5788
0.1528623,5787
0.152886778,5786
0.152895794,5785
0.152902922,5784
0.152911217,5783
0.152919542,5782
0.152927095,5781
0.152932587,5780
0.15297868,5779
0.152993166,5778
0.153008685,5777
0.153024097,5776
0.153038676,5775
0.153045572,5774
0.153051909,5773
0.155329548,5772
0.155347587,5771
0.1553528,5770
0.15536106,5769
0.155370085,5768
0.155381785,5767
0.155391656,5766
0.155448347,5765
0.155459157,5764
0.15547027,5763
0.155479257,5762
0.15548588,5761
0.1555297,5760
0.155591978,5759
0.155634852,5758
0.155644811,5757
0.15565169,5756
0.155658281,5755
0.155701494,5754
0.155735751,5753
0.155775037,5752
0.155784774,5751
0.155826346,5750
0.155889008,5749
0.155896109,5748
0.155920979,5747
0.155940646,5746
0.155947745,5745
0.155953642,5744
0.155959008,5743
0.155964607,5742
0.155971815,5741
0.155976825,5740
0.155981579,5739
0.155987299,5738
0.155992243,5737
0.155997408,5736
0.15600237,5735
0.156007598,5734
0.15601236,5733
0.156017054,5732
0.156023316,5731
0.156031037,5730
0.156040579,5729
0.156049669,5728
0.156071664,5727
0.156076924,5726
0.156084053,5725
0.156091438,5724
0.156097358,5723
0.156106909,5722
0.156115686,5721
0.156123014,5720
0.156158166,5719
0.156164164,5718
0.15616982,5717
0.156173756,5716
0.156177609,5715
0.156218587,5714
0.156257861,5713
0.156263926,5712
0.156302615,5711
0.156312791,5710
0.156320581,5709
0.156327135,5708
0.156333836,5707
0.156392756,5706
0.156397432,5705
0.156401733,5704
0.156405719,5703
0.156410892,5702
0.156414745,5701
0.156418338,5700
0.156421697,5699
0.15642642,5698
0.156429758,5697
0.156433123,5696
0.156436579,5695
0.156440525,5694
0.156445223,5693
0.156448966,5692
0.156452625,5691
0.156456245,5690
0.156460095,5689
0.156463863,5688
0.156467833,5687
0.156471936,5686
0.156475963,5685
0.156501853,5684
0.156506951,5683
0.156512482,5682
0.15651868,5681
0.156552136,5680
0.15655909,5679
0.156569354,5678
0.156574531,5677
0.15657959,5676
0.156583875,5675
0.156587558,5674
0.156590773,5673
0.156593977,5672
0.156597714,5671
0.156615774,5670
0.156624603,5669
0.156628055,5668
0.156631661,5667
0.156636321,5666
0.156640157,5665
0.156643989,5664
0.156647776,5663
0.156652059,5662
0.156656099,5661
0.156659593,5660
0.156663033,5659
0.156666555,5658
0.15670851,5657
0.156712491,5656
0.156716528,5655
0.15672043,5654
0.156724109,5653
0.15672793,5652
0.156731624,5651
0.156736175,5650
0.1567541,5649
0.156759069,5648
0.156764054,5647
0.156768295,5646
0.156778477,5645
0.156815598,5644
0.156822197,5643
0.156831286,5642
0.156837139,5641
0.156845001,5640
0.156850251,5639
0.15686358,5638
0.156868221,5637
0.156873075,5636
0.156876987,5635
0.15688066,5634
0.156884379,5633
0.156953529,5632
0.156984246,5631
0.157014199,5630
0.157024272,5629
0.157029544,5628
0.157036112,5627
0.157042058,5626
0.157046688,5625
0.157052736,5624
0.15705768,5623
0.157066265,5622
0.157076756,5621
0.157083882,5620
0.157096926,5619
0.157110672,5618
0.15712371,5617
0.157132579,5616
0.15717596,5615
0.157190572,5614
0.157199712,5613
0.157215802,5612
0.157239587,5611
0.157251111,5610
0.157263418,5609
0.157270013,5608
0.157276838,5607
0.157283643,5606
0.157290033,5605
0.157296645,5604
0.157303167,5603
0.157414731,5602
0.157421413,5601
0.157463838,5600
0.157495893,5599
0.157501426,5598
0.157506957,5597
0.157512187,5596
0.157520279,5595
0.157547263,5594
0.157556243,5593
0.157561355,5592
0.15756683,5591
0.15757186,5590
0.15757763,5589
0.157583436,5588
0.157587431,5587
0.157591417,5586
0.157595818,5585
0.157599698,5584
0.157603395,5583
0.157607115,5582
0.157611104,5581
0.1576148,5580
0.15761847,5579
0.15762343,5578
0.157627366,5577
0.157631025,5576
0.157635382,5575
0.157639098,5574
0.157642673,5573
0.157647163,5572
0.157650846,5571
0.157654657,5570
0.157660929,5569
0.157675474,5568
0.157683297,5567
0.157689287,5566
0.157695599,5565
0.157700558,5564
0.15770578,5563
0.157718888,5562
0.157748816,5561
0.157755971,5560
0.157760152,5559
0.157767041,5558
0.157773375,5557
0.157976695,5556
0.157987721,5555
0.157997639,5554
0.158011123,5553
0.158021152,5552
0.158031065,5551
0.158042043,5550
0.158051126,5549
0.158060761,5548
0.158069642,5547
0.158077987,5546
0.158087994,5545
0.158096858,5544
0.158109476,5543
0.15811659,5542
0.158123139,5541
0.158129603,5540
0.158135696,5539
0.158140001,5538
0.15814536,5537
0.158151685,5536
0.158159162,5535
0.158164773,5534
0.158184617,5533
0.158191864,5532
0.158197785,5531
0.158203187,5530
0.158209325,5529
0.158215041,5528
0.158252431,5527
0.158258489,5526
0.158264549,5525
0.158271599,5524
0.158277336,5523
0.158299276,5522
0.158316849,5521
0.158328672,5520
0.158334921,5519
0.158341123,5518
0.158346622,5517
0.158354078,5516
0.158365248,5515
0.158370191,5514
0.158417817,5513
0.158423385,5512
0.158427897,5511
0.15843224,5510
0.158438444,5509
0.158442238,5508
0.158446225,5507
0.158450423,5506
0.158454102,5505
0.158459493,5504
0.158463654,5503
0.158468102,5502
0.158472245,5501
0.158480181,5500
0.158484479,5499
0.158519382,5498
0.158523395,5497
0.15853489,5496
0.158549047,5495
0.158751847,5494
0.15882465,5493
0.158830499,5492
0.158843194,5491
0.158854375,5490
0.158864399,5489
0.158874336,5488
0.158881251,5487
0.158886422,5486
0.159500108,5485
0.159545593,5484
0.159552237,5483
0.159556739,5482
0.159563149,5481
0.159568289,5480
0.159574431,5479
0.159579408,5478
0.159587162,5477
0.159597395,5476
0.159607994,5475
0.159621292,5474
0.159963156,5473
0.159970464,5472
0.159975704,5471
0.159985105,5470
0.159994323,5469
0.159999559,5468
0.160010011,5467
0.160021566,5466
0.160032006,5465
0.160041469,5464
0.16004574,5463
0.160059265,5462
0.160067256,5461
0.160083806,5460
0.160088203,5459
0.160092687,5458
0.160107061,5457
0.16013958,5456
0.160149429,5455
0.160154826,5454
0.160161667,5453
0.160168157,5452
0.16017197,5451
0.160208441,5450
0.16021309,5449
0.16025609,5448
0.160264429,5447
0.160269686,5446
0.1602732,5445
0.160277536,5444
0.160280875,5443
0.160286676,5442
0.160291051,5441
0.160296727,5440
0.160301741,5439
0.160313826,5438
0.160328061,5437
0.160365827,5436
0.160369044,5435
0.160380829,5434
0.160386366,5433
0.160400371,5432
0.160405974,5431
0.160410117,5430
0.160416263,5429
0.16042064,5428
0.160435618,5427
0.160449947,5426
0.160456348,5425
0.160461971,5424
0.160465498,5423
0.160469595,5422
0.160484535,5421
0.160488903,5420
0.160501782,5419
0.160506117,5418
0.16051467,5417
0.160558442,5416
0.160591182,5415
0.160594977,5414
0.160607364,5413
0.160612828,5412
0.160621073,5411
0.160625707,5410
0.160629053,5409
0.160632793,5408
0.160643689,5407
0.160647208,5406
0.160651049,5405
0.160654025,5404
0.160659191,5403
0.160665672,5402
0.160670767,5401
0.160674225,5400
0.160687169,5399
0.160691398,5398
0.160696124,5397
0.1607049,5396
0.160709038,5395
0.16071265,5394
0.160717778,5393
0.160728843,5392
0.160733977,5391
0.160737698,5390
0.160771228,5389
0.16077633,5388
0.160950472,5387
0.160956883,5386
0.16096121,5385
0.160971779,5384
0.160976222,5383
0.160979224,5382
0.160990953,5381
0.160996533,5380
0.161000794,5379
0.161011542,5378
0.161017904,5377
0.161022987,5376
0.161030146,5375
0.161040413,5374
0.161050369,5373
0.161090987,5372
0.161097002,5371
0.161107343,5370
0.161118703,5369
0.16112477,5368
0.161129083,5367
0.16114183,5366
0.161146413,5365
0.161150414,5364
0.161154174,5363
0.161166029,5362
0.161171125,5361
0.161182231,5360
0.161185685,5359
0.161188894,5358
0.161195568,5357
0.161201812,5356
0.161206031,5355
0.161210256,5354
0.161214483,5353
0.161221248,5352
0.161224902,5351
0.161228079,5350
0.161232989,5349
0.161238158,5348
0.161242814,5347
0.161249795,5346
0.161260839,5345
0.16126828,5344
0.161274407,5343
0.161278086,5342
0.161290413,5341
0.161388677,5340
0.161392747,5339
0.16145063,5338
0.161485317,5337
0.161492307,5336
0.161497187,5335
0.161503648,5334
0.161517178,5333
0.161522429,5332
0.161533352,5331
0.161538874,5330
0.161623911,5329
0.161628832,5328
0.161635142,5327
0.161639957,5326
0.161645382,5325
0.161653595,5324
0.161658161,5323
0.1616638,5322
0.161667021,5321
0.161677946,5320
0.161682947,5319
0.161688662,5318
0.161693429,5317
0.161697064,5316
0.161702237,5315
0.161706861,5314
0.161709393,5313
0.161713423,5312
0.161716808,5311
0.161719847,5310
0.161724214,5309
0.161729451,5308
0.161736697,5307
0.161768337,5306
0.161775077,5305
0.161779128,5304
0.161784364,5303
0.161787795,5302
0.161791005,5301
0.161794332,5300
0.161799014,5299
0.161804957,5298
0.161809181,5297
0.16181327,5296
0.161817387,5295
0.161824362,5294
0.161829021,5293
0.161835408,5292
0.161839662,5291
0.161843734,5290
0.161848988,5289
0.161853108,5288
0.161858697,5287
0.16186407,5286
0.161878032,5285
0.16189003,5284
0.161893396,5283
0.161897939,5282
0.161903426,5281
0.161907672,5280
0.161920729,5279
0.161932653,5278
0.161945042,5277
0.161949928,5276
0.161954536,5275
0.161957781,5274
0.161960892,5273
0.161963707,5272
0.161966944,5271
0.16196959,5270
0.161973421,5269
0.161976669,5268
0.161979877,5267
0.16198272,5266
0.161985717,5265
0.161989103,5264
0.161993434,5263
0.162000619,5262
0.162038739,5261
0.162041818,5260
0.162044727,5259
0.162047636,5258
0.162051792,5257
0.16205569,5256
0.162060041,5255
0.162068554,5254
0.162071478,5253
0.162076201,5252
0.162081649,5251
0.162084469,5250
0.16208737,5249
0.162090192,5248
0.162093786,5247
0.162097139,5246
0.162100577,5245
0.162103159,5244
0.162105734,5243
0.162108125,5242
0.162110705,5241
0.162113536,5240
0.162116492,5239
0.16212064,5238
0.162123998,5237
0.16212813,5236
0.162133246,5235
0.162141094,5234
0.16214724,5233
0.162164197,5232
0.162168488,5231
0.162171586,5230
0.162177887,5229
0.162181103,5228
0.162184286,5227
0.162187298,5226
0.162191853,5225
0.162194897,5224
0.162198767,5223
0.162202851,5222
0.162206507,5221
0.162209821,5220
0.162213,5219
0.162216082,5218
0.162221586,5217
0.162317271,5216
0.162323704,5215
0.162328757,5214
0.162332656,5213
0.162337891,5212
0.162343296,5211
0.162346278,5210
0.162350591,5209
0.162353518,5208
0.162357672,5207
0.162362939,5206
0.162366271,5205
0.162369617,5204
0.162375779,5203
0.162382173,5202
0.162386755,5201
0.16239112,5200
0.162394215,5199
0.162397304,5198
0.162461457,5197
0.162468485,5196
0.162474246,5195
0.162478718,5194
0.162485635,5193
0.162488937,5192
0.162493397,5191
0.162528297,5190
0.162569261,5189
0.162573377,5188
0.162577895,5187
0.162584225,5186
0.162624509,5185
0.162665787,5184
0.162677446,5183
0.162719542,5182
0.16275489,5181
0.162767115,5180
0.16277181,5179
0.162776321,5178
0.16277988,5177
0.162783565,5176
0.162788739,5175
0.162802906,5174
0.162819335,5173
0.162823263,5172
0.162826793,5171
0.162841914,5170
0.162846508,5169
0.162849408,5168
0.162852603,5167
0.162857107,5166
0.162861442,5165
0.162864466,5164
0.162871668,5163
0.16287556,5162
0.162885854,5161
0.162889239,5160
0.162892591,5159
0.162896832,5158
0.162900793,5157
0.162903615,5156
0.162908174,5155
0.162912417,5154
0.162915416,5153
0.162920836,5152
0.16292366,5151
0.162929395,5150
0.162934011,5149
0.162938622,5148
0.16294162,5147
0.162945285,5146
0.162948199,5145
0.162950927,5144
0.162954612,5143
0.162958361,5142
0.162961216,5141
0.162963891,5140
0.162968246,5139
0.162970842,5138
0.162973942,5137
0.162976848,5136
0.162980254,5135
0.16298343,5134
0.162987061,5133
0.16299034,5132
0.162994651,5131
0.162999933,5130
0.163003188,5129
0.163009369,5128
0.163014349,5127
0.163018447,5126
0.163022278,5125
0.163025998,5124
0.163029335,5123
0.163036604,5122
0.163067494,5121
0.163070991,5120
0.163076182,5119
0.163078719,5118
0.163081097,5117
0.163083806,5116
0.163087242,5115
0.16309044,5114
0.163095367,5113
0.163098982,5112
0.16310147,5111
0.163103866,5110
0.163106652,5109
0.163111929,5108
0.163117418,5107
0.163120136,5106
0.163123209,5105
0.163126769,5104
0.163131146,5103
0.163137003,5102
0.1631396,5101
0.16314564,5100
0.163149248,5099
0.163154672,5098
0.163157371,5097
0.164285318,5096
0.164289484,5095
0.164327972,5094
0.164332395,5093
0.164335661,5092
0.164338736,5091
0.164341975,5090
0.164348896,5089
0.16435279,5088
0.16435567,5087
0.164360826,5086
0.164363439,5085
0.164366471,5084
0.164373311,5083
0.164383468,5082
0.16440888,5081
0.164413001,5080
0.164416626,5079
0.164449036,5078
0.164452558,5077
0.164456578,5076
0.164460372,5075
0.164467872,5074
0.164473017,5073
0.164476562,5072
0.16448182,5071
0.164487478,5070
0.164491653,5069
0.164503199,5068
0.164834478,5067
0.164843362,5066
0.164853146,5065
0.164897102,5064
0.164903918,5063
0.164916933,5062
0.164932153,5061
0.164939864,5060
0.164944519,5059
0.164948291,5058
0.164952666,5057
0.16496014,5056
0.164963903,5055
0.164967486,5054
0.164971566,5053
0.164974452,5052
0.164978043,5051
0.164981704,5050
0.164990307,5049
0.164993987,5048
0.164999845,5047
0.165037594,5046
0.165040967,5045
0.165046282,5044
0.16508309,5043
0.165087195,5042
0.165091675,5041
0.165097497,5040
0.165106377,5039
0.165115604,5038
0.165120153,5037
0.165126239,5036
0.165135946,5035
0.165143056,5034
0.165166295,5033
0.165174639,5032
0.165181288,5031
0.165188572,5030
0.16519491,5029
0.165199341,5028
0.165203098,5027
0.165214041,5026
0.1652454,5025
0.165277149,5024
0.165292669,5023
0.165370041,5022
0.165409197,5021
0.165413209,5020
0.165417843,5019
0.165421424,5018
0.165427014,5017
0.165430403,5016
0.165433786,5015
0.165437356,5014
0.165440571,5013
0.165445576,5012
0.16544881,5011
0.165453969,5010
0.165458009,5009
0.16546442,5008
0.165470666,5007
0.165476267,5006
0.165479782,5005
0.165484505,5004
0.165488169,5003
0.16549238,5002
0.165495833,5001
0.165499097,5000
0.165506089,4999
0.165509143,4998
0.165512361,4997
0.165515657,4996
0.165519898,4995
0.165523011,4994
0.165531318,4993
0.165536303,4992
0.165541105,4991
0.165546106,4990
0.165553586,4989
0.165557782,4988
0.165562707,4987
0.165581435,4986
0.165586196,4985
0.165589612,4984
0.165596439,4983
0.165600305,4982
0.165606773,4981
0.165610123,4980
0.16562455,4979
0.165629934,4978
0.165633912,4977
0.165640577,4976
0.165647608,4975
0.165651172,4974
0.165655779,4973
0.165662592,4972
0.16566594,4971
0.165669594,4970
0.1656754,4969
0.16567889,4968
0.165683141,4967
0.165686507,4966
0.165690954,4965
0.165697044,4964
0.165700699,4963
0.165706896,4962
0.165712782,4961
0.165719314,4960
0.165722948,4959
0.165728978,4958
0.165734482,4957
0.16573848,4956
0.16580551,4955
0.165809753,4954
0.165889553,4953
0.165894078,4952
0.165898321,4951
0.165902455,4950
0.165906598,4949
0.165912928,4948
0.165918984,4947
0.165927,4946
0.165932299,4945
0.165940694,4944
0.16597872,4943
0.165984976,4942
0.165999245,4941
0.166039435,4940
0.16605411,4939
0.166059625,4938
0.166063384,4937
0.166067233,4936
0.166070025,4935
0.166073937,4934
0.166086785,4933
0.16609233,4932
0.166096434,4931
0.166100504,4930
0.166107431,4929
0.16611172,4928
0.166116913,4927
0.166123039,4926
0.166127619,4925
0.166132935,4924
0.166136577,4923
0.166140134,4922
0.166145244,4921
0.166148738,4920
0.166152061,4919
0.166155898,4918
0.166160978,4917
0.166166363,4916
0.166171039,4915
0.166174739,4914
0.166178454,4913
0.166184172,4912
0.166187637,4911
0.166193067,4910
0.16619671,4909
0.166199956,4908
0.166203699,4907
0.166209453,4906
0.166213521,4905
0.166216939,4904
0.166222143,4903
0.16622833,4902
0.166232941,4901
0.166236613,4900
0.166240677,4899
0.166244317,4898
0.166250103,4897
0.166253826,4896
0.166257167,4895
0.166260748,4894
0.166264159,4893
0.166269147,4892
0.166275765,4891
0.166279833,4890
0.166283802,4889
0.166286986,4888
0.166290102,4887
0.166293589,4886
0.166299719,4885
0.166303885,4884
0.166308752,4883
0.166311832,4882
0.166314895,4881
0.166318699,4880
0.166322327,4879
0.166326365,4878
0.166329977,4877
0.166333473,4876
0.166339496,4875
0.166342609,4874
0.166345698,4873
0.166348894,4872
0.166353304,4871
0.166356828,4870
0.166360339,4869
0.166363751,4868
0.166369101,4867
0.166373376,4866
0.166378654,4865
0.166384929,4864
0.166388749,4863
0.166395344,4862
0.166399114,4861
0.166402642,4860
0.166409824,4859
0.166413423,4858
0.166416939,4857
0.166420126,4856
0.166424414,4855
0.166427753,4854
0.166434469,4853
0.166437856,4852
0.166442019,4851
0.166445124,4850
0.166450794,4849
0.166454059,4848
0.166457204,4847
0.166464253,4846
0.166468112,4845
0.166473573,4844
0.166477617,4843
0.166493678,4842
0.166510654,4841
0.166515284,4840
0.166522048,4839
0.166525722,4838
0.166531603,4837
0.166536263,4836
0.166541571,4835
0.166546011,4834
0.166549294,4833
0.166563227,4832
0.166566528,4831
0.166569927,4830
0.166573424,4829
0.166578476,4828
0.166582479,4827
0.166597807,4826
0.166626417,4825
0.166633717,4824
0.166653263,4823
0.166661138,4822
0.166667212,4821
0.166694306,4820
0.166720104,4819
0.166728243,4818
0.166732466,4817
0.166735917,4816
0.16673876,4815
0.166743852,4814
0.166754524,4813
0.166759481,4812
0.166762685,4811
0.166766852,4810
0.166770117,4809
0.166773512,4808
0.166780743,4807
0.166785665,4806
0.166788987,4805
0.166792908,4804
0.166798526,4803
0.166801623,4802
0.166810795,4801
0.166813622,4800
0.166820154,4799
0.166824233,4798
0.166829347,4797
0.166835341,4796
0.166838201,4795
0.166845357,4794
0.166850499,4793
0.166896184,4792
0.166900858,4791
0.166905381,4790
0.166908517,4789
0.166911544,4788
0.166914446,4787
0.166932643,4786
0.166937449,4785
0.166941479,4784
0.166946239,4783
0.166949666,4782
0.166953484,4781
0.166957321,4780
0.166961877,4779
0.166968594,4778
0.166973923,4777
0.166979519,4776
0.166983182,4775
0.166987792,4774
0.166992902,4773
0.166997249,4772
0.167001339,4771
0.167005568,4770
0.167010634,4769
0.167016307,4768
0.16703072,4767
0.167033708,4766
0.167036726,4765
0.167040506,4764
0.167045107,4763
0.167049067,4762
0.167053776,4761
0.167060124,4760
0.16706388,4759
0.167067916,4758
0.167071238,4757
0.167074006,4756
0.167079486,4755
0.16708245,4754
0.167085332,4753
0.167088184,4752
0.167090982,4751
0.167094274,4750
0.167100032,4749
0.167103962,4748
0.167120154,4747
0.167124862,4746
0.167517422,4745
0.167557789,4744
0.167563817,4743
0.167573887,4742
0.167581058,4741
0.167586553,4740
0.167590155,4739
0.167596332,4738
0.167601542,4737
0.167611458,4736
0.167615186,4735
0.167623252,4734
0.167654204,4733
0.167661328,4732
0.16766625,4731
0.167669571,4730
0.167673323,4729
0.167678085,4728
0.167684147,4727
0.167687514,4726
0.167721105,4725
0.167727664,4724
0.16773558,4723
0.167740165,4722
0.167744116,4721
0.167750963,4720
0.167759171,4719
0.167766919,4718
0.167771988,4717
0.167776875,4716
0.167782418,4715
0.167789068,4714
0.167796226,4713
0.167799214,4712
0.167802814,4711
0.167807248,4710
0.167810478,4709
0.167819176,4708
0.167823606,4707
0.167830513,4706
0.167834722,4705
0.167852445,4704
0.167861811,4703
0.167869679,4702
0.167876756,4701
0.16788056,4700
0.1678885,4699
0.16789518,4698
0.167898931,4697
0.167903823,4696
0.167909622,4695
0.16791466,4694
0.167921348,4693
0.167925246,4692
0.1679286,4691
0.167935716,4690
0.167940688,4689
0.167944138,4688
0.167948928,4687
0.167953193,4686
0.167957952,4685
0.167964478,4684
0.167973735,4683
0.167984256,4682
0.167987929,4681
0.167994458,4680
0.168003607,4679
0.168007337,4678
0.168017071,4677
0.168022195,4676
0.168028599,4675
0.168032533,4674
0.168036279,4673
0.168042059,4672
0.1680474,4671
0.168053145,4670
0.168057084,4669
0.168061479,4668
0.16806762,4667
0.168075531,4666
0.168082081,4665
0.168087309,4664
0.168091997,4663
0.168099501,4662
0.168105827,4661
0.168110925,4660
0.168117027,4659
0.168155831,4658
0.168162265,4657
0.168167061,4656
0.168170359,4655
0.168173794,4654
0.168177137,4653
0.168181973,4652
0.168188485,4651
0.168191664,4650
0.168196465,4649
0.168200077,4648
0.168204493,4647
0.168208859,4646
0.168214085,4645
0.168218236,4644
0.16822183,4643
0.168225807,4642
0.168231208,4641
0.168234728,4640
0.168242749,4639
0.168249979,4638
0.168253457,4637
0.168256697,4636
0.1682601,4635
0.168264568,4634
0.168269138,4633
0.168275628,4632
0.168280292,4631
0.168283385,4630
0.168287799,4629
0.16829277,4628
0.168301083,4627
0.168313595,4626
0.168374859,4625
0.168551299,4624
0.168666362,4623
0.169485208,4622
0.169546985,4621
0.169609339,4620
0.16964405,4619
0.169650851,4618
0.169661131,4617
0.169700694,4616
0.169711437,4615
0.169715143,4614
0.169718385,4613
0.169724729,4612
0.169727856,4611
0.169732328,4610
0.169735788,4609
0.169742315,4608
0.169780631,4607
0.169787756,4606
0.169793724,4605
0.169797702,4604
0.169836616,4603
0.169841773,4602
0.169846403,4601
0.169851405,4600
0.169856784,4599
0.169862162,4598
0.16986626,4597
0.169975977,4596
0.170015851,4595
0.17002069,4594
0.170024983,4593
0.170064918,4592
0.170142783,4591
0.170147265,4590
0.170175668,4589
0.170196135,4588
0.170199396,4587
0.170204837,4586
0.170208628,4585
0.170211267,4584
0.170214253,4583
0.170220868,4582
0.170227028,4581
0.170230618,4580
0.170234387,4579
0.170242378,4578
0.170250092,4577
0.170259281,4576
0.170269819,4575
0.170276999,4574
0.17027991,4573
0.170297252,4572
0.170302733,4571
0.170305608,4570
0.170308823,4569
0.170324273,4568
0.170329707,4567
0.170332703,4566
0.170335418,4565
0.170344505,4564
0.170352015,4563
0.17035528,4562
0.17035889,4561
0.170362913,4560
0.170367599,4559
0.170372684,4558
0.170382498,4557
0.170385832,4556
0.170389049,4555
0.170393009,4554
0.170400081,4553
0.17123597,4552
0.171241494,4551
0.17125535,4550
0.171260482,4549
0.171264154,4548
0.171267605,4547
0.171273949,4546
0.171283737,4545
0.171288669,4544
0.171296351,4543
0.171299412,4542
0.171308409,4541
0.171312363,4540
0.171315492,4539
0.171318996,4538
0.171323774,4537
0.171331996,4536
0.171336645,4535
0.171349562,4534
0.171353717,4533
0.17136051,4532
0.171365759,4531
0.171371933,4530
0.171378059,4529
0.171381155,4528
0.171385086,4527
0.171388524,4526
0.171394772,4525
0.171399663,4524
0.171403337,4523
0.171407481,4522
0.171413858,4521
0.171417939,4520
0.171421599,4519
0.171432268,4518
0.171441637,4517
0.171446517,4516
0.171453407,4515
0.171459159,4514
0.171462894,4513
0.171471528,4512
0.171479399,4511
0.171483384,4510
0.171487795,4509
0.171495361,4508
0.171500742,4507
0.171504991,4506
0.171510937,4505
0.171514402,4504
0.171522976,4503
0.171526869,4502
0.171530436,4501
0.171540552,4500
0.171545602,4499
0.171548812,4498
0.171553598,4497
0.171557556,4496
0.171561068,4495
0.171567814,4494
0.171571937,4493
0.171577988,4492
0.171582097,4491
0.171666118,4490
0.171681056,4489
0.171694237,4488
0.171700438,4487
0.171706042,4486
0.171710051,4485
0.171716602,4484
0.171722281,4483
0.171737237,4482
0.171781432,4481
0.171824151,4480
0.171840125,4479
0.171847074,4478
0.171851585,4477
0.171855909,4476
0.171862587,4475
0.171868507,4474
0.171911097,4473
0.171925145,4472
0.171933261,4471
0.171936732,4470
0.171942195,4469
0.171946559,4468
0.171983421,4467
0.171987659,4466
0.171992311,4465
0.171997063,4464
0.172002458,4463
0.172012017,4462
0.172020349,4461
0.172036894,4460
0.172041747,4459
0.17717027,4458
0.177181557,4457
0.177186753,4456
0.177193423,4455
0.177197384,4454
0.17720184,4453
0.177205917,4452
0.177209902,4451
0.17721437,4450
0.177219347,4449
0.177223352,4448
0.177228708,4447
0.177232341,4446
0.177235866,4445
0.177240482,4444
0.177269881,4443
0.177274201,4442
0.177277756,4441
0.177281526,4440
0.177285289,4439
0.177293639,4438
0.177298486,4437
0.177305711,4436
0.177309037,4435
0.177352763,4434
0.177357384,4433
0.177362501,4432
0.177366492,4431
0.177370462,4430
0.177374386,4429
0.177388611,4428
0.177395389,4427
0.177400044,4426
0.177410315,4425
0.177415289,4424
0.17741847,4423
0.177422771,4422
0.177437352,4421
0.177441449,4420
0.177445131,4419
0.177451352,4418
0.177455371,4417
0.177460442,4416
0.177476359,4415
0.177480093,4414
0.177485489,4413
0.177490555,4412
0.177494678,4411
0.177508214,4410
0.177521469,4409
0.177529493,4408
0.177533317,4407
0.177538679,4406
0.177542129,4405
0.177550971,4404
0.177556188,4403
0.177575091,4402
0.177578491,4401
0.17758499,4400
0.177588892,4399
0.177595379,4398
0.177607483,4397
0.177613537,4396
0.177619269,4395
0.177678402,4394
0.177681933,4393
0.177685856,4392
0.177693107,4391
0.177698215,4390
0.177701802,4389
0.17770577,4388
0.177710146,4387
0.177729608,4386
0.177735624,4385
0.177739144,4384
0.17778131,4383
0.177785009,4382
0.177788856,4381
0.177825694,4380
0.177829418,4379
0.177865578,4378
0.177869276,4377
0.177872442,4376
0.17788782,4375
0.177896283,4374
0.177942062,4373
0.177950362,4372
0.177956493,4371
0.17796164,4370
0.177979565,4369
0.177984611,4368
0.177991408,4367
0.177997646,4366
0.178001494,4365
0.178006761,4364
0.178015329,4363
0.178018992,4362
0.178054685,4361
0.178059121,4360
0.178062991,4359
0.178101217,4358
0.178122551,4357
0.178131084,4356
0.178136715,4355
0.17815344,4354
0.178157855,4353
0.178166469,4352
0.178170178,4351
0.178174207,4350
0.178181353,4349
0.178185982,4348
0.178200866,4347
0.178206516,4346
0.178211871,4345
0.178216677,4344
0.17822268,4343
0.178226706,4342
0.178231432,4341
0.178236616,4340
0.178250605,4339
0.178268595,4338
0.178277145,4337
0.178282238,4336
0.178287013,4335
0.178297086,4334
0.178301613,4333
0.178309292,4332
0.178325938,4331
0.178335463,4330
0.178340773,4329
0.178344797,4328
0.17835009,4327
0.178353332,4326
0.178360987,4325
0.178368953,4324
0.178387375,4323
0.178390713,4322
0.178432191,4321
0.17843879,4320
0.178472272,4319
0.178475919,4318
0.17847958,4317
0.17848468,4316
0.178488056,4315
0.178491954,4314
0.178496359,4313
0.178535929,4312
0.178540002,4311
0.178552606,4310
0.178563164,4309
0.178574527,4308
0.178580032,4307
0.178584149,4306
0.178588546,4305
0.178593477,4304
0.178605394,4303
0.178611357,4302
0.178614999,4301
0.178618139,4300
0.178621287,4299
0.178629777,4298
0.178637415,4297
0.178643227,4296
0.178648695,4295
0.178653616,4294
0.178683704,4293
0.17868769,4292
0.178693269,4291
0.178696784,4290
0.178703524,4289
0.178709801,4288
0.178715462,4287
0.178722742,4286
0.178727804,4285
0.178733337,4284
0.178740799,4283
0.178744392,4282
0.178748394,4281
0.178757402,4280
0.178766523,4279
0.178774207,4278
0.178781363,4277
0.178786835,4276
0.178791235,4275
0.178799816,4274
0.178811424,4273
0.178815885,4272
0.178835706,4271
0.178839748,4270
0.178844301,4269
0.178848614,4268
0.178860362,4267
0.178864401,4266
0.178868314,4265
0.178884517,4264
0.178889513,4263
0.178893128,4262
0.178896917,4261
0.178915126,4260
0.178920246,4259
0.178925778,4258
0.178940839,4257
0.178955563,4256
0.17895885,4255
0.17897509,4254
0.178981415,4253
0.178984944,4252
0.178990609,4251
0.178998105,4250
0.179022396,4249
0.179040246,4248
0.17904358,4247
0.179047137,4246
0.179051013,4245
0.179056429,4244
0.179059775,4243
0.179063321,4242
0.179068917,4241
0.179073813,4240
0.179082106,4239
0.179088618,4238
0.179092356,4237
0.17911853,4236
0.179124662,4235
0.179127868,4234
0.179136246,4233
0.179148289,4232
0.1791559,4231
0.179167487,4230
0.179171262,4229
0.17918886,4228
0.179196101,4227
0.179202017,4226
0.179210281,4225
0.179213862,4224
0.179219752,4223
0.179223646,4222
0.179263209,4221
0.179319883,4220
0.179324097,4219
0.179327186,4218
0.179331651,4217
0.179335053,4216
0.179912107,4215
0.179926868,4214
0.179931928,4213
0.179949081,4212
0.179952494,4211
0.179958385,4210
0.179967166,4209
0.17997571,4208
0.179981119,4207
0.17998426,4206
0.179987366,4205
0.179990507,4204
0.180031046,4203
0.180037299,4202
0.180040636,4201
0.180076621,4200
0.180086433,4199
0.18012181,4198
0.180127675,4197
0.180133263,4196
0.180140245,4195
0.180185394,4194
0.18018945,4193
0.18021889,4192
0.180230677,4191
0.180240418,4190
0.18026285,4189
0.180285752,4188
0.180290973,4187
0.180294223,4186
0.180376216,4185
0.180389817,4184
0.180395452,4183
0.180402504,4182
0.180413446,4181
0.180417202,4180
0.180420759,4179
0.180428962,4178
0.180436074,4177
0.180439602,4176
0.180445232,4175
0.180448725,4174
0.180458054,4173
0.180462135,4172
0.180468997,4171
0.180473288,4170
0.180476882,4169
0.180491501,4168
0.180507442,4167
0.180517931,4166
0.180529431,4165
0.180541555,4164
0.180553612,4163
0.180560407,4162
0.180565378,4161
0.180581954,4160
0.180591024,4159
0.180594255,4158
0.180601359,4157
0.180606193,4156
0.18060935,4155
0.180615556,4154
0.180618714,4153
0.180623342,4152
0.180628593,4151
0.180634197,4150
0.180639391,4149
0.180642822,4148
0.180660763,4147
0.180664308,4146
0.180667815,4145
0.180673851,4144
0.180677681,4143
0.180684927,4142
0.180689294,4141
0.180706065,4140
0.180712713,4139
0.180717636,4138
0.180724793,4137
0.180742097,4136
0.18074862,4135
0.180761016,4134
0.180768728,4133
0.180773311,4132
0.18077983,4131
0.180784331,4130
0.180788487,4129
0.180794594,4128
0.180798693,4127
0.180804333,4126
0.180807638,4125
0.180813069,4124
0.180822431,4123
0.18083029,4122
0.180836074,4121
0.180840373,4120
0.180844891,4119
0.180851347,4118
0.180866659,4117
0.180875823,4116
0.180879995,4115
0.180886985,4114
0.18090096,4113
0.180913877,4112
0.180924215,4111
0.180929986,4110
0.180939141,4109
0.180944593,4108
0.180952487,4107
0.180956019,4106
0.180966583,4105
0.180972489,4104
0.180975889,4103
0.180990406,4102
0.180993494,4101
0.180998209,4100
0.181006726,4099
0.181014314,4098
0.181019782,4097
0.181035293,4096
0.181040212,4095
0.181048442,4094
0.181054768,4093
0.181060268,4092
0.181083819,4091
0.181096536,4090
0.181099757,4089
0.181106403,4088
0.181111408,4087
0.181123324,4086
0.181127585,4085
0.181131404,4084
0.181138506,4083
0.181142329,4082
0.18114586,4081
0.181157474,4080
0.181178439,4079
0.181181963,4078
0.181203091,4077
0.181233865,4076
0.181239294,4075
0.18206129,4074
0.182073775,4073
0.182086372,4072
0.182122571,4071
0.182128404,4070
0.182144911,4069
0.182158321,4068
0.182204187,4067
0.182208677,4066
0.182222269,4065
0.182229853,4064
0.182236541,4063
0.182260237,4062
0.182268821,4061
0.182284756,4060
0.182340544,4059
0.182359959,4058
0.182371227,4057
0.182378678,4056
0.182384429,4055
0.182397629,4054
0.182401914,4053
0.182437377,4052
0.182449657,4051
0.182458944,4050
0.182501357,4049
0.182509917,4048
0.182527262,4047
0.182531952,4046
0.182544806,4045
0.182562932,4044
0.182577839,4043
0.182600148,4042
0.182606477,4041
0.182617076,4040
0.182626616,4039
0.18264522,4038
0.182649489,4037
0.182676644,4036
0.18268232,4035
0.182686574,4034
0.182701719,4033
0.182717302,4032
0.183125887,4031
0.183140415,4030
0.183152337,4029
0.183163169,4028
0.183196847,4027
0.183202879,4026
0.183208345,4025
0.183213936,4024
0.18323017,4023
0.183240739,4022
0.183257715,4021
0.183263244,4020
0.183272444,4019
0.183280733,4018
0.183297437,4017
0.183306187,4016
0.183329679,4015
0.183364539,4014
0.183370389,4013
0.183374227,4012
0.183385894,4011
0.183397102,4010
0.183415166,4009
0.183452829,4008
0.183470929,4007
0.183583454,4006
0.183596736,4005
0.183605401,4004
0.183624485,4003
0.183689397,4002
0.184035154,4001
0.18404328,4000
0.184083971,3999
0.184106961,3998
0.184177421,3997
0.184224288,3996
0.184244853,3995
0.184281488,3994
0.18428901,3993
0.18430302,3992
0.184307924,3991
0.184313132,3990
0.184319925,3989
0.184368741,3988
0.184394246,3987
0.184719341,3986
0.184725992,3985
0.187606085,3984
0.187686334,3983
0.188043151,3982
0.1884302,3981
0.188640617,3980
0.188829834,3979
0.193477292,3978
0.195484411,3977
