0.098516591,5837
0.098612517,5836
0.098683104,5835
0.098815574,5834
0.098896161,5833
0.098949099,5832
0.09899011,5831
0.099004025,5830
0.099018014,5829
0.099032854,5828
0.099044254,5827
0.099056781,5826
0.099069887,5825
0.099084053,5824
0.09909577,5823
0.099106909,5822
0.099118133,5821
0.099129213,5820
0.099140816,5819
0.099152942,5818
0.099164259,5817
0.099174764,5816
0.099185144,5815
0.099215178,5814
0.09922525,5813
0.099236967,5812
0.099245197,5811
0.099253517,5810
0.099261472,5809
0.09927188,5808
0.099280312,5807
0.099289182,5806
0.099297177,5805
0.099304915,5804
0.099313598,5803
0.099321345,5802
0.099334163,5801
0.099344914,5800
0.099353152,5799
0.099360892,5798
0.099369361,5797
0.099376909,5796
0.099387164,5795
0.099397281,5794
0.099407826,5793
0.099418207,5792
0.099426957,5791
0.099437901,5790
0.099447274,5789
0.099456619,5788
0.099467009,5787
0.099478656,5786
0.099491596,5785
0.099503178,5784
0.099515491,5783
0.099528184,5782
0.099537334,5781
0.099545748,5780
0.099554562,5779
0.099563535,5778
0.099572822,5777
0.099584736,5776
0.099599068,5775
0.099637497,5774
0.099678596,5773
0.099717606,5772
0.099726684,5771
0.099761227,5770
0.100055898,5769
0.100095688,5768
0.100141757,5767
0.100168512,5766
0.100176137,5765
0.100183264,5764
0.100222136,5763
0.100229215,5762
0.1002364,5761
0.100243823,5760
0.100251852,5759
0.100257886,5758
0.100263189,5757
0.100267693,5756
0.100275023,5755
0.100304285,5754
0.10031675,5753
0.100332302,5752
0.10034412,5751
0.100349408,5750
0.100360619,5749
0.100365749,5748
0.10037748,5747
0.100382151,5746
0.100387789,5745
0.100392761,5744
0.100396898,5743
0.10040075,5742
0.100404617,5741
0.10040828,5740
0.100414554,5739
0.100419914,5738
0.100424197,5737
0.100428589,5736
0.100432495,5735
0.100436565,5734
0.100441362,5733
0.100444879,5732
0.100448375,5731
0.100478046,5730
0.10048221,5729
0.100489104,5728
0.100492528,5727
0.100496487,5726
0.100501408,5725
0.100515831,5724
0.100522162,5723
0.1005275,5722
0.100532423,5721
0.100538703,5720
0.100547388,5719
0.100553832,5718
0.100557841,5717
0.100561582,5716
0.10056565,5715
0.100579926,5714
0.100583726,5713
0.100587902,5712
0.100591688,5711
0.100595587,5710
0.100600001,5709
0.10060527,5708
0.100608814,5707
0.100612772,5706
0.100617733,5705
0.100621371,5704
0.100624795,5703
0.100628779,5702
0.100632674,5701
0.100636431,5700
0.100640046,5699
0.100643707,5698
0.100647131,5697
0.100651192,5696
0.100662106,5695
0.100665584,5694
0.100671294,5693
0.100676244,5692
0.100679591,5691
0.1006829,5690
0.100686287,5689
0.100689823,5688
0.100693158,5687
0.100696501,5686
0.100699821,5685
0.100702981,5684
0.100706043,5683
0.100710742,5682
0.100714237,5681
0.100719835,5680
0.100723454,5679
0.100727056,5678
0.100730973,5677
0.100734775,5676
0.100741663,5675
0.100745316,5674
0.100750275,5673
0.100753959,5672
0.100758142,5671
0.10076275,5670
0.100767188,5669
0.100771006,5668
0.100774198,5667
0.100779371,5666
0.100783802,5665
0.100787806,5664
0.100791346,5663
0.100795169,5662
0.10079859,5661
0.100801992,5660
0.100806849,5659
0.100847068,5658
0.100859484,5657
0.100864706,5656
0.100869923,5655
0.100875022,5654
0.100880228,5653
0.100885444,5652
0.100890406,5651
0.100895523,5650
0.100900287,5649
0.100904124,5648
0.100907914,5647
0.100911274,5646
0.100925905,5645
0.103778121,5644
0.103805385,5643
0.103809725,5642
0.103813443,5641
0.103816877,5640
0.103820164,5639
0.10382357,5638
0.103826903,5637
0.10383064,5636
0.10383468,5635
0.103839713,5634
0.1038453,5633
0.103850395,5632
0.103854862,5631
0.103859204,5630
0.10386299,5629
0.103866413,5628
0.103869729,5627
0.103873201,5626
0.103877595,5625
0.103881252,5624
0.103885559,5623
0.103891783,5622
0.103895195,5621
0.103900306,5620
0.103905222,5619
0.10390937,5618
0.103912964,5617
0.103916324,5616
0.103921493,5615
0.103927032,5614
0.10393265,5613
0.103944851,5612
0.10394975,5611
0.103978792,5610
0.103984557,5609
0.104025606,5608
0.104029745,5607
0.104033413,5606
0.104037452,5605
0.104041702,5604
0.104045679,5603
0.104050094,5602
0.104053377,5601
0.104056526,5600
0.104061184,5599
0.104064424,5598
0.104071362,5597
0.104074332,5596
0.104077573,5595
0.104080791,5594
0.104084244,5593
0.104087604,5592
0.104091923,5591
0.104095592,5590
0.104099865,5589
0.104103311,5588
0.104109526,5587
0.104112974,5586
0.104116471,5585
0.104119948,5584
0.104123123,5583
0.104129029,5582
0.104136206,5581
0.104141403,5580
0.104145999,5579
0.104150715,5578
0.104155565,5577
0.104163679,5576
0.104169499,5575
0.104174484,5574
0.10418039,5573
0.104185782,5572
0.104189853,5571
0.104194936,5570
0.104198402,5569
0.104202837,5568
0.104206756,5567
0.104211147,5566
0.104215954,5565
0.104220433,5564
0.104226279,5563
0.104230934,5562
0.104235625,5561
0.104241964,5560
0.104247079,5559
0.104252232,5558
0.104260141,5557
0.104265232,5556
0.104269737,5555
0.104277691,5554
0.104283148,5553
0.104287458,5552
0.104292033,5551
0.104296831,5550
0.104301188,5549
0.1043052,5548
0.104309388,5547
0.104314671,5546
0.104321491,5545
0.104325889,5544
0.104331528,5543
0.104336432,5542
0.104341487,5541
0.104346464,5540
0.104351693,5539
0.104356552,5538
0.104361642,5537
0.104366044,5536
0.104370343,5535
0.104420512,5534
0.104424694,5533
0.104429989,5532
0.104436259,5531
0.104441068,5530
0.104445914,5529
0.104450838,5528
0.104455851,5527
0.104460504,5526
0.104465289,5525
0.104469962,5524
0.104476144,5523
0.104480155,5522
0.104484644,5521
0.104493314,5520
0.104497904,5519
0.104511975,5518
0.104522085,5517
0.104526031,5516
0.10453019,5515
0.104536119,5514
0.104544553,5513
0.104548893,5512
0.104552976,5511
0.104556816,5510
0.104560585,5509
0.104566001,5508
0.104569928,5507
0.104575265,5506
0.10457888,5505
0.104582621,5504
0.104587919,5503
0.104591734,5502
0.104595556,5501
0.104599306,5500
0.104602967,5499
0.104606679,5498
0.104610864,5497
0.104614526,5496
0.104618546,5495
0.104622373,5494
0.104626298,5493
0.10470982,5492
0.10471442,5491
0.104718832,5490
0.10472304,5489
0.104733926,5488
0.104737777,5487
0.10474588,5486
0.104760017,5485
0.104766794,5484
0.10477421,5483
0.104778349,5482
0.104786265,5481
0.104790927,5480
0.104798348,5479
0.104802821,5478
0.10480807,5477
0.104813279,5476
0.104818346,5475
0.10482445,5474
0.104831806,5473
0.104835837,5472
0.104839793,5471
0.104845697,5470
0.104849853,5469
0.104854085,5468
0.104859609,5467
0.104865411,5466
0.10486982,5465
0.104875077,5464
0.104881687,5463
0.104886101,5462
0.104891247,5461
0.104896169,5460
0.104900827,5459
0.104905823,5458
0.104910764,5457
0.104915567,5456
0.104919905,5455
0.104924846,5454
0.104929456,5453
0.104934033,5452
0.104939681,5451
0.104943574,5450
0.104949164,5449
0.104953704,5448
0.104958007,5447
0.104962195,5446
0.104966845,5445
0.104973887,5444
0.104978153,5443
0.104982317,5442
0.104986599,5441
0.104991309,5440
0.104999008,5439
0.105003358,5438
0.105007813,5437
0.105013103,5436
0.105017673,5435
0.105021707,5434
0.105026556,5433
0.105031173,5432
0.105037092,5431
0.105041267,5430
0.105048456,5429
0.10505274,5428
0.105059079,5427
0.105062761,5426
0.105066375,5425
0.105069752,5424
0.105073297,5423
0.105078865,5422
0.10508553,5421
0.105091549,5420
0.105099225,5419
0.105175659,5418
0.105180442,5417
0.105185988,5416
0.105189556,5415
0.105192966,5414
0.105196671,5413
0.105203285,5412
0.105209525,5411
0.105213053,5410
0.105216795,5409
0.105220281,5408
0.105223919,5407
0.105227551,5406
0.105233022,5405
0.105236917,5404
0.105240541,5403
0.105244209,5402
0.105249601,5401
0.105254486,5400
0.105258098,5399
0.105262079,5398
0.105266105,5397
0.105270003,5396
0.105274833,5395
0.10532165,5394
0.105326094,5393
0.105331614,5392
0.105372583,5391
0.105376464,5390
0.105382193,5389
0.105413138,5388
0.10541742,5387
0.105424668,5386
0.105428685,5385
0.105434518,5384
0.105438662,5383
0.105441466,5382
0.105444787,5381
0.10544738,5380
0.105449737,5379
0.105451902,5378
0.105454189,5377
0.105458989,5376
0.105461476,5375
0.105463894,5374
0.105466608,5373
0.105469049,5372
0.105471644,5371
0.105473821,5370
0.105478845,5369
0.105481337,5368
0.105483683,5367
0.105487047,5366
0.105489471,5365
0.105492601,5364
0.105496742,5363
0.105502193,5362
0.105504466,5361
0.105506591,5360
0.105509093,5359
0.105513139,5358
0.105516499,5357
0.105519866,5356
0.105523058,5355
0.105525448,5354
0.105527987,5353
0.105530755,5352
0.1055331,5351
0.105536346,5350
0.10553876,5349
0.105541186,5348
0.105546351,5347
0.105552677,5346
0.105558075,5345
0.105561378,5344
0.105564229,5343
0.10557068,5342
0.105573596,5341
0.105577591,5340
0.10558224,5339
0.105585246,5338
0.105587828,5337
0.10559023,5336
0.105592553,5335
0.105594922,5334
0.105598179,5333
0.105601799,5332
0.105605424,5331
0.105612185,5330
0.105626616,5329
0.105629841,5328
0.105633641,5327
0.105637634,5326
0.10564173,5325
0.105645882,5324
0.105649781,5323
0.105653462,5322
0.105657877,5321
0.105667344,5320
0.10567052,5319
0.105675561,5318
0.105678567,5317
0.105683834,5316
0.105688471,5315
0.105693719,5314
0.105696706,5313
0.105699946,5312
0.105703182,5311
0.105706403,5310
0.105710892,5309
0.105713988,5308
0.105717272,5307
0.105720337,5306
0.105723952,5305
0.105727168,5304
0.105731561,5303
0.105736013,5302
0.105739403,5301
0.105744406,5300
0.105747514,5299
0.105750398,5298
0.105755513,5297
0.105758149,5296
0.10576696,5295
0.105770257,5294
0.105773361,5293
0.1057764,5292
0.105778704,5291
0.105783892,5290
0.105786048,5289
0.1057883,5288
0.10579068,5287
0.105792971,5286
0.105795215,5285
0.10579751,5284
0.105799747,5283
0.105801728,5282
0.105804891,5281
0.105807289,5280
0.105810415,5279
0.10581262,5278
0.105815649,5277
0.105817748,5276
0.105820294,5275
0.105823854,5274
0.105826277,5273
0.105828495,5272
0.105830701,5271
0.105832839,5270
0.105834977,5269
0.105839302,5268
0.105842574,5267
0.105845661,5266
0.105849858,5265
0.105854276,5264
0.105857154,5263
0.105859951,5262
0.105864448,5261
0.105867202,5260
0.105869661,5259
0.105872087,5258
0.105877305,5257
0.105881376,5256
0.105883672,5255
0.105886583,5254
0.105889567,5253
0.105892102,5252
0.105894187,5251
0.105897417,5250
0.105901029,5249
0.105903187,5248
0.10590699,5247
0.105909829,5246
0.105912795,5245
0.105915182,5244
0.105918204,5243
0.105920703,5242
0.105923449,5241
0.105925778,5240
0.105928263,5239
0.105932058,5238
0.105934596,5237
0.105936989,5236
0.105939324,5235
0.105945781,5234
0.105948688,5233
0.105951884,5232
0.105956069,5231
0.105960307,5230
0.105963768,5229
0.105967953,5228
0.105970678,5227
0.105972718,5226
0.105974838,5225
0.105980709,5224
0.10598455,5223
0.10598827,5222
0.105991957,5221
0.105998964,5220
0.106002393,5219
0.106008241,5218
0.106011326,5217
0.106014608,5216
0.106017751,5215
0.106022127,5214
0.106025228,5213
0.106028204,5212
0.10603382,5211
0.106036849,5210
0.106041201,5209
0.106045043,5208
0.106048296,5207
0.106052755,5206
0.106058471,5205
0.106061564,5204
0.106064864,5203
0.106068004,5202
0.106075885,5201
0.106079082,5200
0.106085697,5199
0.106089535,5198
0.106092884,5197
0.106095859,5196
0.106098813,5195
0.1061031,5194
0.106106301,5193
0.106109466,5192
0.106112279,5191
0.106115496,5190
0.106118449,5189
0.106122248,5188
0.106127398,5187
0.1061367,5186
0.106140007,5185
0.106145176,5184
0.10614972,5183
0.106152916,5182
0.106156195,5181
0.106160181,5180
0.106163535,5179
0.106170053,5178
0.106176525,5177
0.106179682,5176
0.106183644,5175
0.106187954,5174
0.106191123,5173
0.106194949,5172
0.106197992,5171
0.106202258,5170
0.10620724,5169
0.106210599,5168
0.106213286,5167
0.106216638,5166
0.106219262,5165
0.106223853,5164
0.106226836,5163
0.106230033,5162
0.106234343,5161
0.1062395,5160
0.106242452,5159
0.106248526,5158
0.106251336,5157
0.106254354,5156
0.106258205,5155
0.106262495,5154
0.106267816,5153
0.106270687,5152
0.106273639,5151
0.106277221,5150
0.106281101,5149
0.106284022,5148
0.106286884,5147
0.1062935,5146
0.106297427,5145
0.106300683,5144
0.106305736,5143
0.106310373,5142
0.106314194,5141
0.106317536,5140
0.106320812,5139
0.106323734,5138
0.106326527,5137
0.106330856,5136
0.106333682,5135
0.106336351,5134
0.106339272,5133
0.106343083,5132
0.106345999,5131
0.106354007,5130
0.106358577,5129
0.106360769,5128
0.106363626,5127
0.106365623,5126
0.106368554,5125
0.106370681,5124
0.106372806,5123
0.106374594,5122
0.106376766,5121
0.1063787,5120
0.106381304,5119
0.106384017,5118
0.106388133,5117
0.106392374,5116
0.106396011,5115
0.106398102,5114
0.106400682,5113
0.106402723,5112
0.106406349,5111
0.106408932,5110
0.106419852,5109
0.106424213,5108
0.106428506,5107
0.106432029,5106
0.106435607,5105
0.106438376,5104
0.106440981,5103
0.106444229,5102
0.10644737,5101
0.106450527,5100
0.106452799,5099
0.106455605,5098
0.10645792,5097
0.108012947,5096
0.108016497,5095
0.10801919,5094
0.108021789,5093
0.108024251,5092
0.108026954,5091
0.108029498,5090
0.108031808,5089
0.108035052,5088
0.108038166,5087
0.108041324,5086
0.108045738,5085
0.108048926,5084
0.108052505,5083
0.108061161,5082
0.10806661,5081
0.108071945,5080
0.108077425,5079
0.108082664,5078
0.108085684,5077
0.108089619,5076
0.108092597,5075
0.108096301,5074
0.108099239,5073
0.108102007,5072
0.10810468,5071
0.108108571,5070
0.108113181,5069
0.108117777,5068
0.108122118,5067
0.108126339,5066
0.108130238,5065
0.108133585,5064
0.108136492,5063
0.10813973,5062
0.108142913,5061
0.108146099,5060
0.108149385,5059
0.10815278,5058
0.108159232,5057
0.108162629,5056
0.108167777,5055
0.108174421,5054
0.108177598,5053
0.108180599,5052
0.108183817,5051
0.10818831,5050
0.108192633,5049
0.108199363,5048
0.108202366,5047
0.108213312,5046
0.108221774,5045
0.108225938,5044
0.108230241,5043
0.108234669,5042
0.10823793,5041
0.108242498,5040
0.108246077,5039
0.108249315,5038
0.108254773,5037
0.10826132,5036
0.10826449,5035
0.108270238,5034
0.108273178,5033
0.108276802,5032
0.108284515,5031
0.108291211,5030
0.108294892,5029
0.108298898,5028
0.108302354,5027
0.10830819,5026
0.108312704,5025
0.108316931,5024
0.108325965,5023
0.108329195,5022
0.108334574,5021
0.108337383,5020
0.108342815,5019
0.108346659,5018
0.108350308,5017
0.108353783,5016
0.108356494,5015
0.108360678,5014
0.108364774,5013
0.108367757,5012
0.108370781,5011
0.108373815,5010
0.10837691,5009
0.108380644,5008
0.108385287,5007
0.108391032,5006
0.108395003,5005
0.10839866,5004
0.108402556,5003
0.108406972,5002
0.1084133,5001
0.108415997,5000
0.108419489,4999
0.108423866,4998
0.108426515,4997
0.108431368,4996
0.10843433,4995
0.108439177,4994
0.108442038,4993
0.108445106,4992
0.108457633,4991
0.108500138,4990
0.108538604,4989
0.108543787,4988
0.108547797,4987
0.108551481,4986
0.108555045,4985
0.10856206,4984
0.108566418,4983
0.10857014,4982
0.108575175,4981
0.108580175,4980
0.108585044,4979
0.108588519,4978
0.108594791,4977
0.10860082,4976
0.108604228,4975
0.108609161,4974
0.108614803,4973
0.108618408,4972
0.108621885,4971
0.108625165,4970
0.108630184,4969
0.108633695,4968
0.10863862,4967
0.108645939,4966
0.108650394,4965
0.108653649,4964
0.108657884,4963
0.108661123,4962
0.108666096,4961
0.108670864,4960
0.108673991,4959
0.108680475,4958
0.10868478,4957
0.10869178,4956
0.108695014,4955
0.108698316,4954
0.10870214,4953
0.10870993,4952
0.108754585,4951
0.108759028,4950
0.108763843,4949
0.108766706,4948
0.10876981,4947
0.108775651,4946
0.108780733,4945
0.108783633,4944
0.108790897,4943
0.108794002,4942
0.108799194,4941
0.108803789,4940
0.108807955,4939
0.108812664,4938
0.108815203,4937
0.108819464,4936
0.108822218,4935
0.10882545,4934
0.108828491,4933
0.108841129,4932
0.108845983,4931
0.108850687,4930
0.108861113,4929
0.108865192,4928
0.108868127,4927
0.10887124,4926
0.108875814,4925
0.108881008,4924
0.108885152,4923
0.10888851,4922
0.108893278,4921
0.108898083,4920
0.108901799,4919
0.108907802,4918
0.108914231,4917
0.108921424,4916
0.10892609,4915
0.10893456,4914
0.108938328,4913
0.108942448,4912
0.108948007,4911
0.108953373,4910
0.108957219,4909
0.108961132,4908
0.108965066,4907
0.108969058,4906
0.108972372,4905
0.108978216,4904
0.108981512,4903
0.10898515,4902
0.108990706,4901
0.108996144,4900
0.109001119,4899
0.109004613,4898
0.109009856,4897
0.1090196,4896
0.109028406,4895
0.109031805,4894
0.109039076,4893
0.109043096,4892
0.109047083,4891
0.10905233,4890
0.109057346,4889
0.109060841,4888
0.109064637,4887
0.109070625,4886
0.109076089,4885
0.109084342,4884
0.109088204,4883
0.109093156,4882
0.109096743,4881
0.109101542,4880
0.109105288,4879
0.109108643,4878
0.109112017,4877
0.109115346,4876
0.109120881,4875
0.109124165,4874
0.109131271,4873
0.109135966,4872
0.109139109,4871
0.109142131,4870
0.109145171,4869
0.109151269,4868
0.109156109,4867
0.109165953,4866
0.109170835,4865
0.109180716,4864
0.109216704,4863
0.109396478,4862
0.109403688,4861
0.109414343,4860
0.109420726,4859
0.10942511,4858
0.109430138,4857
0.109434113,4856
0.109439655,4855
0.109443578,4854
0.109456215,4853
0.109459349,4852
0.109463053,4851
0.109466938,4850
0.109475162,4849
0.10948729,4848
0.109490561,4847
0.109495624,4846
0.109498875,4845
0.109503711,4844
0.109508294,4843
0.109511578,4842
0.109514977,4841
0.109520719,4840
0.109525182,4839
0.109528281,4838
0.109532726,4837
0.109537576,4836
0.109542858,4835
0.109547251,4834
0.10955167,4833
0.109558039,4832
0.109562051,4831
0.109565197,4830
0.109571278,4829
0.109575798,4828
0.10957951,4827
0.109584362,4826
0.109588425,4825
0.109592472,4824
0.109595904,4823
0.109601121,4822
0.109604188,4821
0.109610622,4820
0.109614564,4819
0.109618262,4818
0.10962284,4817
0.109626189,4816
0.1096308,4815
0.109634082,4814
0.109637322,4813
0.109641221,4812
0.109648054,4811
0.109652494,4810
0.109657782,4809
0.10966366,4808
0.109667535,4807
0.109671661,4806
0.109675198,4805
0.109678526,4804
0.109685297,4803
0.109688773,4802
0.109693435,4801
0.109697221,4800
0.109701091,4799
0.109704613,4798
0.109708228,4797
0.109711928,4796
0.109717352,4795
0.109723835,4794
0.109729989,4793
0.109733532,4792
0.109737097,4791
0.109740835,4790
0.109744104,4789
0.109750328,4788
0.109753418,4787
0.109759344,4786
0.109763784,4785
0.109768854,4784
0.109772937,4783
0.109776657,4782
0.109781217,4781
0.109786807,4780
0.109793154,4779
0.109800217,4778
0.109804284,4777
0.109808344,4776
0.109812234,4775
0.109818301,4774
0.109822125,4773
0.109825766,4772
0.109830286,4771
0.10983995,4770
0.109843224,4769
0.109848408,4768
0.109855143,4767
0.109861577,4766
0.109865057,4765
0.109868787,4764
0.109874061,4763
0.109879671,4762
0.109884885,4761
0.109891423,4760
0.109895989,4759
0.109899249,4758
0.109905252,4757
0.109908093,4756
0.109915834,4755
0.109918928,4754
0.109922651,4753
0.109927478,4752
0.109931111,4751
0.109935332,4750
0.109940692,4749
0.109946056,4748
0.109949526,4747
0.109955977,4746
0.10995931,4745
0.109966309,4744
0.109972365,4743
0.110005937,4742
0.110009485,4741
0.110013532,4740
0.110017158,4739
0.110022082,4738
0.110025866,4737
0.110039909,4736
0.110043286,4735
0.110048503,4734
0.110054414,4733
0.110059364,4732
0.110065508,4731
0.110068843,4730
0.110075267,4729
0.110078648,4728
0.110083723,4727
0.110087468,4726
0.110090925,4725
0.110096588,4724
0.110099975,4723
0.110103384,4722
0.110107826,4721
0.110112808,4720
0.110116679,4719
0.110121492,4718
0.110128432,4717
0.110131768,4716
0.110135038,4715
0.110138765,4714
0.110144029,4713
0.110149567,4712
0.110155857,4711
0.110159398,4710
0.110167774,4709
0.110174398,4708
0.110188817,4707
0.110192925,4706
0.110197275,4705
0.110201426,4704
0.110215761,4703
0.110220112,4702
0.110225318,4701
0.110228601,4700
0.110233406,4699
0.110237112,4698
0.110240649,4697
0.110245913,4696
0.110249502,4695
0.110263,4694
0.110267865,4693
0.110271396,4692
0.110276133,4691
0.110279392,4690
0.110282724,4689
0.110289261,4688
0.110292458,4687
0.110309182,4686
0.110313955,4685
0.11031721,4684
0.110320166,4683
0.110326234,4682
0.110331801,4681
0.110341075,4680
0.110344345,4679
0.11034762,4678
0.11035084,4677
0.110354705,4676
0.110357731,4675
0.110372424,4674
0.110376768,4673
0.110385462,4672
0.110388448,4671
0.110396685,4670
0.110400261,4669
0.110404231,4668
0.110410407,4667
0.110415952,4666
0.110419456,4665
0.110423063,4664
0.110428243,4663
0.110431274,4662
0.110437408,4661
0.110440567,4660
0.110459334,4659
0.110464744,4658
0.110470027,4657
0.110474205,4656
0.110477476,4655
0.110482204,4654
0.110488814,4653
0.110491781,4652
0.110494664,4651
0.110497568,4650
0.110503415,4649
0.110532392,4648
0.110535723,4647
0.110541868,4646
0.110547297,4645
0.110578453,4644
0.110583147,4643
0.110586758,4642
0.110590186,4641
0.110593635,4640
0.110596401,4639
0.110599835,4638
0.110602863,4637
0.110606067,4636
0.110609395,4635
0.110614175,4634
0.110618114,4633
0.110625136,4632
0.110629422,4631
0.110632557,4630
0.110638239,4629
0.110643474,4628
0.110651612,4627
0.110656844,4626
0.110680255,4625
0.110685483,4624
0.110689245,4623
0.110701804,4622
0.110708163,4621
0.110710828,4620
0.11071335,4619
0.110717741,4618
0.110739495,4617
0.110755077,4616
0.110766394,4615
0.110771827,4614
0.110776525,4613
0.110781778,4612
0.110787251,4611
0.110798307,4610
0.110806305,4609
0.110809749,4608
0.110815789,4607
0.110819991,4606
0.110830315,4605
0.110834769,4604
0.110839328,4603
0.110842638,4602
0.11084568,4601
0.110848533,4600
0.110862691,4599
0.110867281,4598
0.110874245,4597
0.110878391,4596
0.110882371,4595
0.110891787,4594
0.110899765,4593
0.110905789,4592
0.110909486,4591
0.110913356,4590
0.110918622,4589
0.110923988,4588
0.110931097,4587
0.1109347,4586
0.110943614,4585
0.110946989,4584
0.11095013,4583
0.110955058,4582
0.110961703,4581
0.110967776,4580
0.110971976,4579
0.110975694,4578
0.110981866,4577
0.110988576,4576
0.111003706,4575
0.111008446,4574
0.111056607,4573
0.111062632,4572
0.111070572,4571
0.111079325,4570
0.111086445,4569
0.111091278,4568
0.111102758,4567
0.111107687,4566
0.111114948,4565
0.111127779,4564
0.111133884,4563
0.111138,4562
0.111141615,4561
0.1111508,4560
0.111154303,4559
0.111157769,4558
0.111163646,4557
0.111168625,4556
0.111173748,4555
0.111177693,4554
0.112014558,4553
0.112019789,4552
0.112024546,4551
0.11202996,4550
0.112038424,4549
0.112043198,4548
0.112046966,4547
0.112050179,4546
0.112058792,4545
0.112063876,4544
0.112068081,4543
0.112073845,4542
0.112078028,4541
0.112081486,4540
0.112085477,4539
0.112090598,4538
0.112094096,4537
0.112097488,4536
0.112134945,4535
0.11214225,4534
0.11214851,4533
0.112163776,4532
0.112167828,4531
0.112172067,4530
0.112175302,4529
0.112180384,4528
0.112184423,4527
0.112189005,4526
0.112192614,4525
0.11219927,4524
0.112205168,4523
0.112209916,4522
0.11221325,4521
0.112216998,4520
0.112224522,4519
0.112234032,4518
0.112249443,4517
0.112253333,4516
0.112257389,4515
0.112263108,4514
0.112268418,4513
0.112278531,4512
0.112283823,4511
0.112287158,4510
0.11229042,4509
0.112294714,4508
0.112298596,4507
0.112302463,4506
0.112309056,4505
0.112317166,4504
0.112322218,4503
0.112326812,4502
0.112332178,4501
0.112334896,4500
0.1123422,4499
0.112347594,4498
0.112353431,4497
0.112361204,4496
0.112367034,4495
0.112372084,4494
0.112376577,4493
0.112380953,4492
0.112387172,4491
0.112393766,4490
0.112396517,4489
0.112402635,4488
0.112410298,4487
0.112414292,4486
0.112417823,4485
0.112425759,4484
0.112428674,4483
0.112434019,4482
0.112437743,4481
0.112442302,4480
0.112446117,4479
0.112448322,4478
0.112452599,4477
0.112455747,4476
0.112463172,4475
0.11246617,4474
0.112469955,4473
0.112474726,4472
0.112480741,4471
0.112484647,4470
0.112487733,4469
0.112515218,4468
0.112520033,4467
0.112524485,4466
0.112544983,4465
0.112548517,4464
0.112553921,4463
0.112556288,4462
0.112559224,4461
0.112561952,4460
0.112567268,4459
0.112570086,4458
0.112573939,4457
0.112577403,4456
0.112580062,4455
0.112582659,4454
0.112588151,4453
0.112592704,4452
0.112597589,4451
0.112601195,4450
0.112611132,4449
0.112614764,4448
0.112619892,4447
0.112623335,4446
0.112626839,4445
0.112632279,4444
0.112643862,4443
0.112648724,4442
0.112665248,4441
0.112673311,4440
0.112676555,4439
0.112681777,4438
0.112685261,4437
0.112689848,4436
0.112693114,4435
0.112698449,4434
0.112703407,4433
0.11270716,4432
0.112714003,4431
0.112717908,4430
0.112723443,4429
0.112728548,4428
0.112731189,4427
0.112749305,4426
0.112757332,4425
0.112764599,4424
0.112771854,4423
0.112775613,4422
0.112785119,4421
0.112788734,4420
0.112791738,4419
0.112795325,4418
0.11280238,4417
0.112806207,4416
0.112809672,4415
0.11281469,4414
0.112818044,4413
0.112820871,4412
0.112823963,4411
0.112827021,4410
0.1128315,4409
0.112836674,4408
0.112840363,4407
0.112847552,4406
0.112856709,4405
0.11285945,4404
0.11286261,4403
0.112866033,4402
0.11286911,4401
0.112876108,4400
0.112881227,4399
0.112887948,4398
0.112891848,4397
0.112896016,4396
0.112900284,4395
0.112904724,4394
0.112912455,4393
0.112916625,4392
0.112920438,4391
0.112925957,4390
0.112934985,4389
0.112939256,4388
0.11297402,4387
0.1129793,4386
0.112986275,4385
0.112992933,4384
0.112997848,4383
0.113004819,4382
0.113020655,4381
0.11302523,4380
0.113031689,4379
0.113038034,4378
0.113042476,4377
0.113048305,4376
0.113058277,4375
0.113061714,4374
0.113065768,4373
0.113071222,4372
0.113075724,4371
0.113078411,4370
0.113083258,4369
0.113087652,4368
0.113092693,4367
0.11309773,4366
0.11310201,4365
0.113108213,4364
0.113111992,4363
0.113115859,4362
0.113118251,4361
0.113123535,4360
0.11312669,4359
0.113129246,4358
0.113132027,4357
0.113135531,4356
0.113140775,4355
0.113144517,4354
0.11316675,4353
0.113169295,4352
0.113172507,4351
0.113176598,4350
0.113182724,4349
0.113188713,4348
0.11319338,4347
0.113199579,4346
0.113202155,4345
0.113208275,4344
0.113212031,4343
0.113214681,4342
0.113217519,4341
0.113223064,4340
0.113228029,4339
0.113237342,4338
0.113242799,4337
0.113246993,4336
0.113256281,4335
0.113260177,4334
0.11326622,4333
0.113269608,4332
0.113274574,4331
0.113280104,4330
0.113282737,4329
0.11328845,4328
0.113291679,4327
0.113296065,4326
0.113299769,4325
0.113303156,4324
0.113306158,4323
0.113309678,4322
0.113315484,4321
0.113317937,4320
0.113320814,4319
0.113327132,4318
0.113330074,4317
0.11333404,4316
0.113337072,4315
0.113342172,4314
0.11334778,4313
0.113352028,4312
0.113355208,4311
0.113358241,4310
0.113362159,4309
0.113365921,4308
0.113373907,4307
0.113377622,4306
0.113380833,4305
0.113387485,4304
0.113392927,4303
0.113396489,4302
0.113398957,4301
0.113405256,4300
0.113408156,4299
0.113410976,4298
0.113416006,4297
0.113421379,4296
0.113424519,4295
0.11342875,4294
0.113433905,4293
0.113438614,4292
0.113441842,4291
0.113446437,4290
0.113449663,4289
0.11345467,4288
0.113466467,4287
0.113470332,4286
0.113473029,4285
0.11347681,4284
0.113480811,4283
0.113484055,4282
0.113487492,4281
0.113494463,4280
0.113499241,4279
0.113503994,4278
0.113506935,4277
0.11351022,4276
0.113515472,4275
0.113517851,4274
0.113520372,4273
0.113522934,4272
0.113527738,4271
0.113531186,4270
0.113537046,4269
0.113540123,4268
0.113543838,4267
0.113553692,4266
0.113559446,4265
0.113567593,4264
0.113570485,4263
0.113574652,4262
0.113581887,4261
0.113597438,4260
0.113603066,4259
0.113619992,4258
0.113622935,4257
0.113625657,4256
0.113629448,4255
0.113634838,4254
0.113641638,4253
0.113652124,4252
0.113655672,4251
0.113661571,4250
0.113665579,4249
0.113669994,4248
0.113678539,4247
0.113681728,4246
0.113697211,4245
0.11370454,4244
0.113718678,4243
0.11374124,4242
0.113745006,4241
0.113749812,4240
0.113770892,4239
0.113774801,4238
0.113807097,4237
0.113816784,4236
0.113821692,4235
0.113826582,4234
0.113830377,4233
0.113834266,4232
0.11384189,4231
0.113846149,4230
0.113865619,4229
0.113869381,4228
0.113873547,4227
0.113880422,4226
0.113884921,4225
0.113891606,4224
0.113898773,4223
0.113902306,4222
0.113970366,4221
0.113974741,4220
0.113978917,4219
0.1139836,4218
0.113989165,4217
0.114502251,4216
0.114510877,4215
0.114516237,4214
0.114519425,4213
0.114523519,4212
0.114526616,4211
0.114531069,4210
0.114549009,4209
0.114552054,4208
0.114558667,4207
0.114561898,4206
0.114577239,4205
0.11458173,4204
0.114585018,4203
0.114589138,4202
0.114599228,4201
0.114610407,4200
0.114614347,4199
0.114620276,4198
0.114644363,4197
0.114648885,4196
0.114652643,4195
0.11465724,4194
0.114662961,4193
0.114666015,4192
0.114670896,4191
0.114685014,4190
0.114690291,4189
0.114694091,4188
0.114698057,4187
0.114701848,4186
0.114704183,4185
0.114713638,4184
0.114717224,4183
0.114724253,4182
0.114728201,4181
0.114735158,4180
0.114738173,4179
0.114741518,4178
0.114747491,4177
0.114750084,4176
0.114755781,4175
0.114762198,4174
0.114768602,4173
0.114782787,4172
0.114785672,4171
0.114816364,4170
0.114819128,4169
0.114823043,4168
0.114837244,4167
0.114843998,4166
0.114850631,4165
0.114860769,4164
0.114869224,4163
0.114876408,4162
0.114880653,4161
0.114884594,4160
0.11489463,4159
0.114903055,4158
0.114920308,4157
0.114936019,4156
0.114979634,4155
0.114986659,4154
0.114995518,4153
0.115000775,4152
0.115005116,4151
0.115009056,4150
0.115013998,4149
0.115025362,4148
0.115028532,4147
0.115036478,4146
0.115040353,4145
0.115047079,4144
0.115053585,4143
0.115062196,4142
0.11508643,4141
0.115090951,4140
0.115094273,4139
0.115099433,4138
0.115105344,4137
0.11511157,4136
0.115120071,4135
0.115123882,4134
0.1151264,4133
0.115130438,4132
0.115137601,4131
0.115147263,4130
0.115151646,4129
0.115155,4128
0.11515991,4127
0.115165249,4126
0.115170772,4125
0.11518044,4124
0.115183882,4123
0.115192039,4122
0.115197516,4121
0.115200073,4120
0.115205481,4119
0.115212075,4118
0.115217635,4117
0.115221171,4116
0.115227502,4115
0.115239618,4114
0.115251797,4113
0.115257011,4112
0.115260524,4111
0.115265113,4110
0.115269195,4109
0.115273586,4108
0.115276307,4107
0.115281246,4106
0.115287886,4105
0.115292469,4104
0.115300715,4103
0.115303569,4102
0.115311006,4101
0.115314288,4100
0.115321395,4099
0.115325824,4098
0.115364711,4097
0.115371469,4096
0.115379988,4095
0.115384563,4094
0.115394343,4093
0.115401169,4092
0.115411309,4091
0.115424094,4090
0.115431817,4089
0.115459131,4088
0.115481331,4087
0.115497322,4086
0.11550147,4085
0.11550572,4084
0.115510186,4083
0.115517711,4082
0.115601691,4081
0.115655668,4080
0.115665879,4079
0.115675388,4078
0.115684912,4077
0.115692853,4076
0.115699056,4075
0.116145564,4074
0.116155632,4073
0.116159851,4072
0.116163401,4071
0.116171256,4070
0.116177253,4069
0.116199661,4068
0.116205894,4067
0.11620915,4066
0.116246976,4065
0.116250938,4064
0.116263407,4063
0.116268019,4062
0.116288709,4061
0.11630394,4060
0.116312395,4059
0.116318428,4058
0.116344578,4057
0.116357496,4056
0.116371356,4055
0.116376346,4054
0.116389673,4053
0.11640632,4052
0.116412175,4051
0.116425401,4050
0.116434264,4049
0.116439674,4048
0.116448396,4047
0.11645432,4046
0.116458598,4045
0.116463487,4044
0.116466823,4043
0.116476806,4042
0.116483807,4041
0.116522671,4040
0.116530813,4039
0.116536072,4038
0.116571832,4037
0.11658255,4036
0.116639888,4035
0.116662922,4034
0.116681715,4033
0.116937461,4032
0.116942385,4031
0.116955876,4030
0.116999619,4029
0.117003249,4028
0.117009617,4027
0.117044636,4026
0.117051091,4025
0.117079918,4024
0.117107469,4023
0.117134178,4022
0.117140751,4021
0.117144699,4020
0.117154449,4019
0.117186852,4018
0.117194118,4017
0.117221863,4016
0.117287302,4015
0.117300782,4014
0.117322458,4013
0.117360862,4012
0.117368876,4011
0.117373212,4010
0.117402207,4009
0.117431448,4008
0.117447383,4007
0.117455819,4006
0.117501211,4005
0.117518484,4004
0.117534354,4003
0.117560211,4002
0.117897955,4001
0.117916677,4000
0.117940453,3999
0.11800318,3998
0.118041196,3997
0.118064059,3996
0.118071939,3995
0.118097182,3994
0.118133244,3993
0.118166089,3992
0.118186964,3991
0.118206069,3990
0.118235024,3989
0.118238604,3988
0.11825553,3987
0.118270112,3986
0.11848339,3985
0.118537361,3984
0.118549322,3983
0.118594026,3982
0.118894365,3981
0.119104634,3980
0.119378212,3979
0.119577862,3978
0.120116104,3977
0.120186582,3976
