0.116455974,5837
0.11648488,5836
0.116498802,5835
0.116507485,5834
0.116518002,5833
0.116526564,5832
0.116556957,5831
0.116586492,5830
0.11659537,5829
0.116603483,5828
0.116611601,5827
0.116618253,5826
0.116623778,5825
0.207951071,5824
0.219258701,5823
0.219270218,5822
0.219293077,5821
0.219327662,5820
0.219334954,5819
0.219342346,5818
0.219349572,5817
0.219356286,5816
0.219362801,5815
0.219369932,5814
0.219376413,5813
0.219382827,5812
0.219388862,5811
0.219395508,5810
0.219401504,5809
0.219407831,5808
0.219414651,5807
0.219424878,5806
0.219431235,5805
0.219474659,5804
0.219514908,5803
0.219522579,5802
0.219557418,5801
0.219592009,5800
0.219598326,5799
0.219605825,5798
0.219663377,5797
0.219674696,5796
0.219681983,5795
0.21969012,5794
0.219698818,5793
0.219708314,5792
0.219728464,5791
0.219733845,5790
0.219738806,5789
0.219746966,5788
0.219753541,5787
0.219760781,5786
0.219768591,5785
0.219775954,5784
0.219785215,5783
0.219791554,5782
0.219801288,5781
0.219809383,5780
0.219818032,5779
0.219825714,5778
0.219832871,5777
0.219838944,5776
0.21984409,5775
0.219849235,5774
0.219887321,5773
0.219924263,5772
0.21993671,5771
0.219942535,5770
0.219949729,5769
0.219959077,5768
0.219977352,5767
0.219985131,5766
0.219991578,5765
0.219998559,5764
0.220018346,5763
0.220025677,5762
0.220032203,5761
0.220041329,5760
0.220047618,5759
0.220054369,5758
0.220060818,5757
0.220068349,5756
0.220074884,5755
0.220081564,5754
0.220088003,5753
0.220094702,5752
0.220101948,5751
0.220108824,5750
0.220116007,5749
0.220122426,5748
0.220128466,5747
0.220134713,5746
0.220141824,5745
0.220148199,5744
0.220158662,5743
0.220166602,5742
0.220175753,5741
0.220184198,5740
0.220191185,5739
0.22019804,5738
0.220205698,5737
0.220212657,5736
0.22021891,5735
0.220226592,5734
0.220231579,5733
0.220238024,5732
0.220242227,5731
0.220246803,5730
0.220267188,5729
0.220271545,5728
0.220277585,5727
0.220281759,5726
0.220286078,5725
0.220290399,5724
0.220294818,5723
0.220309323,5722
0.220315425,5721
0.220322071,5720
0.220330619,5719
0.220336242,5718
0.220341431,5717
0.220346997,5716
0.220415666,5715
0.220419716,5714
0.220424047,5713
0.22042824,5712
0.220432694,5711
0.220436687,5710
0.220441276,5709
0.220445749,5708
0.220449657,5707
0.220550657,5706
0.220557374,5705
0.22056166,5704
0.220565605,5703
0.220569569,5702
0.220573427,5701
0.220577304,5700
0.220580947,5699
0.220584379,5698
0.220588339,5697
0.220591876,5696
0.220609343,5695
0.220614263,5694
0.220622133,5693
0.220630469,5692
0.220635458,5691
0.220639227,5690
0.220645563,5689
0.220651691,5688
0.220656943,5687
0.220662033,5686
0.220668319,5685
0.220672811,5684
0.220677961,5683
0.2207039,5682
0.220716789,5681
0.220721384,5680
0.220726964,5679
0.220732713,5678
0.220737731,5677
0.22074313,5676
0.220751259,5675
0.220755914,5674
0.220761147,5673
0.220767057,5672
0.22077937,5671
0.220790574,5670
0.220796022,5669
0.220805607,5668
0.220817767,5667
0.220822853,5666
0.220829355,5665
0.220833706,5664
0.220837917,5663
0.220842396,5662
0.220846952,5661
0.220851282,5660
0.220855562,5659
0.220861523,5658
0.220866203,5657
0.22087077,5656
0.220875199,5655
0.220879858,5654
0.220884679,5653
0.22088896,5652
0.22089347,5651
0.220897781,5650
0.220902824,5649
0.220907606,5648
0.220912366,5647
0.220918954,5646
0.220939922,5645
0.220955053,5644
0.220961424,5643
0.220974598,5642
0.220980786,5641
0.220986659,5640
0.220992807,5639
0.22099892,5638
0.221054935,5637
0.221060759,5636
0.221067115,5635
0.221073828,5634
0.221078797,5633
0.221083522,5632
0.221090358,5631
0.221094205,5630
0.22109763,5629
0.221100982,5628
0.221105657,5627
0.22110895,5626
0.221113023,5625
0.221116573,5624
0.221122802,5623
0.221129091,5622
0.221134618,5621
0.221144883,5620
0.221149725,5619
0.221157906,5618
0.221162394,5617
0.221167425,5616
0.221185432,5615
0.221196821,5614
0.221202369,5613
0.221207276,5612
0.221216576,5611
0.22122348,5610
0.221227614,5609
0.221232155,5608
0.221250333,5607
0.22125509,5606
0.221333979,5605
0.22133867,5604
0.221390982,5603
0.221394453,5602
0.221398325,5601
0.221403296,5600
0.221406562,5599
0.22140984,5598
0.221418455,5597
0.221421721,5596
0.221428353,5595
0.221433382,5594
0.221437826,5593
0.221441022,5592
0.221444098,5591
0.221447468,5590
0.221450845,5589
0.22145441,5588
0.221458749,5587
0.221461874,5586
0.221464919,5585
0.221468261,5584
0.221471346,5583
0.221474457,5582
0.22162055,5581
0.221629988,5580
0.221634738,5579
0.221647782,5578
0.223253402,5577
0.223293833,5576
0.223297658,5575
0.223301523,5574
0.223305354,5573
0.223311133,5572
0.223314851,5571
0.22331883,5570
0.223322315,5569
0.223326353,5568
0.223336314,5567
0.223344135,5566
0.223348007,5565
0.223352098,5564
0.223356279,5563
0.223359225,5562
0.223362237,5561
0.223364978,5560
0.223367491,5559
0.223370149,5558
0.223372713,5557
0.223375364,5556
0.223377744,5555
0.223380232,5554
0.223385752,5553
0.223389821,5552
0.223394033,5551
0.223402022,5550
0.223437025,5549
0.223441537,5548
0.223445762,5547
0.223621464,5546
0.223626815,5545
0.223632417,5544
0.223638441,5543
0.223645406,5542
0.223652708,5541
0.223656673,5540
0.223660053,5539
0.223663652,5538
0.223667022,5537
0.223672752,5536
0.223676733,5535
0.223680919,5534
0.223684731,5533
0.223690066,5532
0.223693858,5531
0.223697326,5530
0.223700893,5529
0.223704579,5528
0.223710231,5527
0.223758597,5526
0.223762327,5525
0.223765706,5524
0.223769654,5523
0.223773499,5522
0.223778418,5521
0.22378613,5520
0.223795039,5519
0.223798769,5518
0.223802123,5517
0.223806887,5516
0.224572662,5515
0.224586391,5514
0.224592163,5513
0.22459552,5512
0.224599749,5511
0.224603044,5510
0.22460644,5509
0.224609612,5508
0.224613216,5507
0.224617185,5506
0.224620739,5505
0.224625201,5504
0.224628135,5503
0.224631397,5502
0.224634621,5501
0.224642766,5500
0.224656709,5499
0.224664692,5498
0.224670011,5497
0.224673905,5496
0.224678687,5495
0.224706471,5494
0.224729589,5493
0.22474953,5492
0.224781684,5491
0.224785789,5490
0.224789459,5489
0.224793128,5488
0.224800576,5487
0.224804118,5486
0.224807544,5485
0.224810929,5484
0.224814344,5483
0.224818354,5482
0.224823255,5481
0.224827103,5480
0.224832033,5479
0.224835151,5478
0.224838806,5477
0.224842051,5476
0.224845849,5475
0.224848965,5474
0.224852883,5473
0.224859774,5472
0.22486464,5471
0.224869112,5470
0.224874507,5469
0.224879641,5468
0.224883321,5467
0.2248866,5466
0.224889827,5465
0.224893247,5464
0.224896531,5463
0.22490861,5462
0.224913697,5461
0.224924068,5460
0.226420346,5459
0.226427323,5458
0.226432082,5457
0.226442832,5456
0.226453044,5455
0.226458168,5454
0.226462129,5453
0.226466249,5452
0.226471398,5451
0.226475718,5450
0.226479486,5449
0.226484048,5448
0.226487599,5447
0.226492219,5446
0.226498399,5445
0.226506787,5444
0.226524865,5443
0.226531107,5442
0.226534945,5441
0.226539908,5440
0.226543926,5439
0.226547324,5438
0.226551029,5437
0.226554313,5436
0.226557707,5435
0.226560688,5434
0.226565345,5433
0.226568525,5432
0.226573867,5431
0.226585567,5430
0.226589189,5429
0.226593465,5428
0.226596681,5427
0.226602256,5426
0.226607847,5425
0.226611384,5424
0.226615039,5423
0.226621003,5422
0.226624328,5421
0.22662768,5420
0.226630997,5419
0.226634227,5418
0.226637541,5417
0.226642271,5416
0.226647653,5415
0.226650927,5414
0.226654029,5413
0.226666551,5412
0.226669958,5411
0.226673181,5410
0.226677506,5409
0.226680952,5408
0.226685323,5407
0.226689005,5406
0.226693071,5405
0.226697859,5404
0.226701744,5403
0.226739404,5402
0.226743889,5401
0.226747998,5400
0.226753162,5399
0.226757332,5398
0.226765273,5397
0.226769631,5396
0.226773909,5395
0.226781341,5394
0.226789887,5393
0.226794177,5392
0.2267985,5391
0.226803713,5390
0.226810834,5389
0.226814068,5388
0.22681729,5387
0.226823011,5386
0.226826811,5385
0.226830134,5384
0.22683477,5383
0.226837898,5382
0.226842743,5381
0.226848593,5380
0.226852076,5379
0.226856328,5378
0.226862231,5377
0.226865718,5376
0.226869958,5375
0.226877698,5374
0.226880784,5373
0.22688527,5372
0.226888181,5371
0.226891297,5370
0.226896525,5369
0.226902629,5368
0.226905635,5367
0.226910761,5366
0.226916887,5365
0.226920175,5364
0.226923652,5363
0.226927309,5362
0.226930709,5361
0.226934181,5360
0.226937342,5359
0.226940462,5358
0.226944603,5357
0.226947185,5356
0.226949539,5355
0.226952871,5354
0.226955417,5353
0.226957918,5352
0.2269603,5351
0.226962852,5350
0.226965302,5349
0.226967784,5348
0.226971417,5347
0.226974265,5346
0.227033604,5345
0.227038709,5344
0.227078408,5343
0.227082471,5342
0.227086597,5341
0.227090817,5340
0.227097505,5339
0.227101057,5338
0.227104244,5337
0.227107208,5336
0.227110007,5335
0.22711388,5334
0.227116542,5333
0.227119162,5332
0.22712221,5331
0.227125075,5330
0.227127972,5329
0.227130682,5328
0.227140143,5327
0.22714369,5326
0.227150564,5325
0.227159713,5324
0.227162433,5323
0.22716586,5322
0.227169848,5321
0.227176757,5320
0.227180546,5319
0.22718363,5318
0.227186628,5317
0.227189676,5316
0.227193785,5315
0.227197746,5314
0.227202957,5313
0.227207303,5312
0.227210382,5311
0.227213114,5310
0.227217822,5309
0.227220982,5308
0.227224843,5307
0.227227993,5306
0.22723104,5305
0.227233982,5304
0.227240789,5303
0.227248871,5302
0.22725181,5301
0.227257479,5300
0.227261177,5299
0.227264004,5298
0.227268924,5297
0.227272681,5296
0.227279309,5295
0.227282011,5294
0.227285251,5293
0.227288308,5292
0.227293422,5291
0.227297157,5290
0.227299823,5289
0.227302758,5288
0.227306717,5287
0.227309352,5286
0.227312292,5285
0.227316452,5284
0.227319625,5283
0.227322604,5282
0.227325653,5281
0.227329603,5280
0.227333422,5279
0.227337175,5278
0.227341095,5277
0.227344918,5276
0.227347666,5275
0.227350443,5274
0.227353082,5273
0.227357166,5272
0.227359947,5271
0.227364876,5270
0.227367703,5269
0.227372079,5268
0.227375638,5267
0.227379015,5266
0.22738246,5265
0.227386128,5264
0.227389865,5263
0.227394614,5262
0.227397496,5261
0.227401384,5260
0.227406408,5259
0.227411803,5258
0.227415594,5257
0.227419112,5256
0.227423359,5255
0.227426799,5254
0.227430441,5253
0.227435877,5252
0.227440694,5251
0.227443944,5250
0.227447382,5249
0.227450988,5248
0.227453973,5247
0.22745726,5246
0.227461454,5245
0.227466414,5244
0.227472025,5243
0.227477351,5242
0.227480241,5241
0.227483373,5240
0.227486532,5239
0.227489442,5238
0.227494303,5237
0.227497901,5236
0.227500777,5235
0.227503535,5234
0.227506327,5233
0.227509116,5232
0.227512087,5231
0.227514893,5230
0.227518822,5229
0.227523042,5228
0.227529111,5227
0.227531766,5226
0.227536589,5225
0.227539328,5224
0.227541967,5223
0.227544576,5222
0.227547116,5221
0.227550896,5220
0.227557105,5219
0.227559653,5218
0.227563657,5217
0.227567286,5216
0.227570617,5215
0.227616165,5214
0.227618948,5213
0.227628708,5212
0.227663275,5211
0.227666281,5210
0.227669431,5209
0.22767384,5208
0.22767771,5207
0.227680607,5206
0.227685694,5205
0.227688363,5204
0.227691908,5203
0.227694892,5202
0.2276988,5201
0.227702902,5200
0.227706714,5199
0.227711886,5198
0.227716061,5197
0.227756105,5196
0.227760694,5195
0.227764123,5194
0.227767838,5193
0.227775188,5192
0.227778995,5191
0.227782378,5190
0.227785311,5189
0.227788638,5188
0.227792543,5187
0.227796637,5186
0.227799299,5185
0.227802203,5184
0.227805755,5183
0.227809997,5182
0.227822853,5181
0.227829585,5180
0.227834095,5179
0.227838092,5178
0.227843313,5177
0.227847804,5176
0.227851894,5175
0.22785498,5174
0.227859701,5173
0.227862979,5172
0.227865984,5171
0.227870056,5170
0.227874573,5169
0.227877836,5168
0.227880961,5167
0.227887035,5166
0.227890941,5165
0.227893747,5164
0.227897027,5163
0.22790064,5162
0.227906755,5161
0.227913615,5160
0.22791649,5159
0.227920831,5158
0.227924958,5157
0.227928087,5156
0.227934638,5155
0.227937373,5154
0.227944996,5153
0.227948206,5152
0.227951449,5151
0.227959804,5150
0.227964764,5149
0.227967741,5148
0.227970641,5147
0.22797341,5146
0.22797646,5145
0.227980256,5144
0.227982937,5143
0.227986129,5142
0.227991206,5141
0.227994829,5140
0.228000031,5139
0.22800283,5138
0.228006788,5137
0.228014349,5136
0.22803623,5135
0.228039417,5134
0.228043489,5133
0.228047019,5132
0.228049447,5131
0.228051955,5130
0.228054576,5129
0.228059814,5128
0.228063661,5127
0.228069206,5126
0.228072089,5125
0.228075087,5124
0.228078043,5123
0.228091528,5122
0.228094633,5121
0.228097345,5120
0.228100863,5119
0.228104024,5118
0.228109204,5117
0.228112425,5116
0.228115626,5115
0.228121969,5114
0.228124933,5113
0.228131894,5112
0.228137232,5111
0.228140699,5110
0.228143874,5109
0.228148701,5108
0.228152326,5107
0.228155126,5106
0.228159934,5105
0.228163542,5104
0.228169466,5103
0.228175291,5102
0.228178667,5101
0.228182191,5100
0.228186514,5099
0.228190237,5098
0.228199522,5097
0.231320773,5096
0.231325096,5095
0.231328906,5094
0.23133272,5093
0.231335552,5092
0.231347344,5091
0.231354247,5090
0.231359325,5089
0.231363163,5088
0.231366501,5087
0.231369894,5086
0.231378377,5085
0.231381616,5084
0.231385246,5083
0.231389047,5082
0.231392355,5081
0.231395581,5080
0.231400868,5079
0.231404413,5078
0.231408072,5077
0.231411682,5076
0.231415067,5075
0.231418366,5074
0.231422732,5073
0.231426416,5072
0.231430334,5071
0.231433857,5070
0.231437801,5069
0.231441485,5068
0.231444965,5067
0.231448683,5066
0.231453064,5065
0.231456266,5064
0.231460014,5063
0.231463372,5062
0.231470176,5061
0.23147561,5060
0.231480136,5059
0.231484624,5058
0.231488121,5057
0.231492147,5056
0.231496459,5055
0.231499907,5054
0.23150368,5053
0.231508469,5052
0.231511555,5051
0.23151489,5050
0.231518227,5049
0.231524537,5048
0.231528606,5047
0.231531634,5046
0.231534797,5045
0.231538271,5044
0.231545017,5043
0.231549109,5042
0.231552035,5041
0.231555886,5040
0.231559177,5039
0.231571593,5038
0.231578607,5037
0.231582481,5036
0.231588088,5035
0.231591964,5034
0.231598383,5033
0.231607946,5032
0.231643651,5031
0.231648768,5030
0.231654112,5029
0.231658297,5028
0.231661897,5027
0.231665385,5026
0.231668989,5025
0.231676936,5024
0.231682536,5023
0.231687654,5022
0.231691474,5021
0.231696071,5020
0.231733664,5019
0.231738365,5018
0.231741853,5017
0.231745708,5016
0.231754434,5015
0.231760325,5014
0.231767687,5013
0.231833447,5012
0.231867402,5011
0.231880433,5010
0.231885196,5009
0.231890255,5008
0.231896005,5007
0.231899896,5006
0.231903435,5005
0.231907031,5004
0.231910439,5003
0.231914106,5002
0.23192282,5001
0.231926578,5000
0.231931281,4999
0.231935322,4998
0.231939074,4997
0.231948046,4996
0.231953372,4995
0.231961738,4994
0.231965495,4993
0.23196865,4992
0.231976299,4991
0.231989077,4990
0.231993593,4989
0.232005431,4988
0.232009014,4987
0.23201371,4986
0.232017315,4985
0.232021852,4984
0.232025609,4983
0.232029462,4982
0.232034365,4981
0.232038259,4980
0.232045308,4979
0.232050467,4978
0.232055894,4977
0.232059135,4976
0.232062299,4975
0.232069021,4974
0.232072439,4973
0.232079733,4972
0.232082984,4971
0.232086402,4970
0.232089979,4969
0.232093212,4968
0.232100493,4967
0.232105828,4966
0.232116836,4965
0.232123376,4964
0.232126789,4963
0.232129708,4962
0.232133746,4961
0.2321376,4960
0.232153128,4959
0.232159263,4958
0.232165418,4957
0.23217162,4956
0.232175894,4955
0.232179791,4954
0.23218352,4953
0.232187285,4952
0.232193834,4951
0.232198245,4950
0.232205424,4949
0.232213728,4948
0.232217608,4947
0.232221278,4946
0.232225243,4945
0.232229173,4944
0.232244036,4943
0.232249309,4942
0.232252659,4941
0.232258435,4940
0.232261534,4939
0.232265977,4938
0.232270995,4937
0.232274599,4936
0.232280009,4935
0.232285876,4934
0.232289313,4933
0.232295853,4932
0.232301044,4931
0.232311889,4930
0.232316949,4929
0.232320176,4928
0.232323617,4927
0.232327391,4926
0.232330924,4925
0.232334761,4924
0.232341779,4923
0.232345498,4922
0.2323502,4921
0.232354906,4920
0.232359051,4919
0.232365737,4918
0.232369116,4917
0.23237254,4916
0.232376923,4915
0.232380933,4914
0.232385566,4913
0.23239075,4912
0.232394202,4911
0.23240017,4910
0.232404972,4909
0.232408907,4908
0.232414415,4907
0.232418057,4906
0.232422304,4905
0.232427193,4904
0.232441426,4903
0.232449071,4902
0.232455917,4901
0.232460061,4900
0.232464231,4899
0.232482336,4898
0.232486468,4897
0.232490387,4896
0.232494635,4895
0.232498198,4894
0.232502804,4893
0.232507164,4892
0.232510181,4891
0.232514117,4890
0.232517159,4889
0.232520173,4888
0.232523414,4887
0.232526087,4886
0.23252891,4885
0.232532207,4884
0.232535132,4883
0.232538813,4882
0.232542862,4881
0.232545738,4880
0.232549424,4879
0.232553519,4878
0.232557486,4877
0.232560345,4876
0.232563375,4875
0.232568182,4874
0.232571377,4873
0.232575059,4872
0.232580861,4871
0.232583469,4870
0.232586441,4869
0.232590181,4868
0.232596061,4867
0.232601648,4866
0.232610453,4865
0.232614042,4864
0.232618171,4863
0.232626418,4862
0.232630273,4861
0.232636532,4860
0.23263952,4859
0.232642433,4858
0.232645552,4857
0.232650669,4856
0.232656526,4855
0.232659656,4854
0.232664688,4853
0.232669143,4852
0.232672859,4851
0.232680229,4850
0.232683341,4849
0.232693752,4848
0.232696918,4847
0.232701118,4846
0.232704127,4845
0.232707392,4844
0.23271077,4843
0.232714816,4842
0.232718616,4841
0.232734968,4840
0.232739737,4839
0.232746188,4838
0.232749501,4837
0.232752755,4836
0.232756027,4835
0.232759026,4834
0.232761885,4833
0.232767413,4832
0.23277044,4831
0.232776786,4830
0.232780849,4829
0.232792248,4828
0.23280677,4827
0.232810794,4826
0.232814714,4825
0.23281927,4824
0.232823011,4823
0.232828176,4822
0.232834358,4821
0.232838452,4820
0.232842144,4819
0.23284637,4818
0.232851645,4817
0.232856736,4816
0.232864341,4815
0.232869282,4814
0.232872115,4813
0.232875502,4812
0.232879998,4811
0.232883712,4810
0.232888137,4809
0.23289167,4808
0.232899156,4807
0.232904292,4806
0.232914888,4805
0.232919561,4804
0.232922525,4803
0.23292537,4802
0.23292828,4801
0.232932831,4800
0.232937704,4799
0.232943021,4798
0.232946553,4797
0.232957014,4796
0.232960146,4795
0.23296508,4794
0.232968642,4793
0.232972327,4792
0.232975456,4791
0.232979166,4790
0.23298451,4789
0.232988654,4788
0.232992854,4787
0.23300272,4786
0.233010599,4785
0.233015684,4784
0.233022093,4783
0.233025863,4782
0.233030887,4781
0.23303594,4780
0.233039363,4779
0.233044085,4778
0.233048997,4777
0.233055012,4776
0.23307602,4775
0.233079592,4774
0.233085614,4773
0.233090361,4772
0.233096146,4771
0.233105488,4770
0.233108828,4769
0.233111956,4768
0.23311524,4767
0.233122898,4766
0.233127236,4765
0.233131853,4764
0.233139802,4763
0.233146818,4762
0.233153324,4761
0.233156391,4760
0.233160006,4759
0.233163108,4758
0.233166823,4757
0.233170621,4756
0.233174633,4755
0.233181352,4754
0.233185896,4753
0.233189921,4752
0.233195428,4751
0.233199753,4750
0.233203688,4749
0.233208419,4748
0.233244317,4747
0.233251551,4746
0.233256987,4745
0.233268312,4744
0.233273997,4743
0.233284498,4742
0.233288304,4741
0.233292542,4740
0.233309056,4739
0.233315881,4738
0.233320625,4737
0.233324193,4736
0.233328442,4735
0.233333902,4734
0.233341342,4733
0.233348394,4732
0.233352064,4731
0.233359032,4730
0.23336354,4729
0.233367928,4728
0.233372775,4727
0.233376077,4726
0.233382444,4725
0.233390231,4724
0.233398267,4723
0.233404236,4722
0.233409513,4721
0.233415445,4720
0.233424889,4719
0.23343036,4718
0.233434975,4717
0.233442076,4716
0.233446515,4715
0.233450346,4714
0.233454052,4713
0.233459093,4712
0.233462576,4711
0.233468197,4710
0.233475249,4709
0.233480677,4708
0.233485338,4707
0.233494978,4706
0.233499088,4705
0.233504935,4704
0.23350917,4703
0.233515027,4702
0.233519366,4701
0.233523401,4700
0.233527098,4699
0.23353346,4698
0.233537942,4697
0.233551865,4696
0.23355726,4695
0.233560844,4694
0.233567825,4693
0.23357821,4692
0.233581767,4691
0.233588196,4690
0.233593274,4689
0.233597234,4688
0.233602143,4687
0.233605539,4686
0.233615657,4685
0.233619262,4684
0.233630268,4683
0.233638468,4682
0.233643884,4681
0.233650149,4680
0.233656192,4679
0.233662337,4678
0.233672516,4677
0.233678698,4676
0.233682875,4675
0.23368784,4674
0.233696711,4673
0.233702725,4672
0.233706224,4671
0.233715402,4670
0.233718778,4669
0.233722031,4668
0.233725775,4667
0.233729244,4666
0.233732952,4665
0.233736285,4664
0.233739493,4663
0.233745426,4662
0.233756864,4661
0.233760219,4660
0.233763747,4659
0.233768106,4658
0.233784827,4657
0.233789034,4656
0.233793092,4655
0.233800431,4654
0.233804391,4653
0.233809921,4652
0.233843627,4651
0.233851576,4650
0.233857119,4649
0.233861172,4648
0.233893926,4647
0.233898583,4646
0.233904972,4645
0.23391062,4644
0.233965876,4643
0.233973571,4642
0.233983821,4641
0.233988984,4640
0.233993992,4639
0.234000093,4638
0.234004226,4637
0.234008617,4636
0.234013228,4635
0.234020033,4634
0.23402478,4633
0.234028492,4632
0.234033867,4631
0.23404125,4630
0.234045644,4629
0.234052806,4628
0.234057811,4627
0.234079356,4626
0.234085969,4625
0.234094853,4624
0.234099886,4623
0.234104646,4622
0.234111959,4621
0.234115818,4620
0.234124537,4619
0.234128819,4618
0.234133775,4617
0.234138544,4616
0.234202554,4615
0.234211267,4614
0.234216102,4613
0.234221284,4612
0.234225831,4611
0.234232679,4610
0.234236893,4609
0.234243826,4608
0.234250942,4607
0.234260602,4606
0.23426426,4605
0.236588823,4604
0.239813092,4603
0.239828048,4602
0.239841515,4601
0.239848569,4600
0.239878,4599
0.239882708,4598
0.239888365,4597
0.239892592,4596
0.239896826,4595
0.239935771,4594
0.239940915,4593
0.239944996,4592
0.239978043,4591
0.239981407,4590
0.239985701,4589
0.239988973,4588
0.239992784,4587
0.239996004,4586
0.240002866,4585
0.240006002,4584
0.240009197,4583
0.24001306,4582
0.240016328,4581
0.240020774,4580
0.240024166,4579
0.240032432,4578
0.240039254,4577
0.240048755,4576
0.240054736,4575
0.240058227,4574
0.240063719,4573
0.240070971,4572
0.240085502,4571
0.240088734,4570
0.240093091,4569
0.240099628,4568
0.240107038,4567
0.240110352,4566
0.240114565,4565
0.240119507,4564
0.240124104,4563
0.240130231,4562
0.240141446,4561
0.240146465,4560
0.240150532,4559
0.240157459,4558
0.240160393,4557
0.240165332,4556
0.240207386,4555
0.240216457,4554
0.240221749,4553
0.241036271,4552
0.241042184,4551
0.241047968,4550
0.24105298,4549
0.241059217,4548
0.24106508,4547
0.24106928,4546
0.241074797,4545
0.241109435,4544
0.241113378,4543
0.241119457,4542
0.241124709,4541
0.241129335,4540
0.2411336,4539
0.241168755,4538
0.241174392,4537
0.241179304,4536
0.241216953,4535
0.241220798,4534
0.241226811,4533
0.241231391,4532
0.241237555,4531
0.24124627,4530
0.241250497,4529
0.241256202,4528
0.241262781,4527
0.241268687,4526
0.241272501,4525
0.241279937,4524
0.241286994,4523
0.241300539,4522
0.241304453,4521
0.241308515,4520
0.241314773,4519
0.241321132,4518
0.241332355,4517
0.241340326,4516
0.241374759,4515
0.241378553,4514
0.241383992,4513
0.241388404,4512
0.241393606,4511
0.241436255,4510
0.241439438,4509
0.24145359,4508
0.241463129,4507
0.241468089,4506
0.241471279,4505
0.241476283,4504
0.24148473,4503
0.241491706,4502
0.241495508,4501
0.241498533,4500
0.241501988,4499
0.241506549,4498
0.241512838,4497
0.241521001,4496
0.241524271,4495
0.241528424,4494
0.24153358,4493
0.241536995,4492
0.241542374,4491
0.24155655,4490
0.241560375,4489
0.241566835,4488
0.241570243,4487
0.241576607,4486
0.241581106,4485
0.241589052,4484
0.24159512,4483
0.241599213,4482
0.24160315,4481
0.2416073,4480
0.241610765,4479
0.24161447,4478
0.241619553,4477
0.241626162,4476
0.241630158,4475
0.241635498,4474
0.241639731,4473
0.241643021,4472
0.241649521,4471
0.241657677,4470
0.241661543,4469
0.24166657,4468
0.241669984,4467
0.2416759,4466
0.24168093,4465
0.241684264,4464
0.241690088,4463
0.241694064,4462
0.241704144,4461
0.24171308,4460
0.241717367,4459
0.241726573,4458
0.241735544,4457
0.241739343,4456
0.241745295,4455
0.241810708,4454
0.241815809,4453
0.241820665,4452
0.241825484,4451
0.241829841,4450
0.241836892,4449
0.241840915,4448
0.241876119,4447
0.241879692,4446
0.241883429,4445
0.241890556,4444
0.241894551,4443
0.241899574,4442
0.241903526,4441
0.241909797,4440
0.241913663,4439
0.241920729,4438
0.24192793,4437
0.241932061,4436
0.241936893,4435
0.241943171,4434
0.241948723,4433
0.241952814,4432
0.241959385,4431
0.241965481,4430
0.241969573,4429
0.24197839,4428
0.241985156,4427
0.241990392,4426
0.241996119,4425
0.242000036,4424
0.242004088,4423
0.242008254,4422
0.242016244,4421
0.242020144,4420
0.242028498,4419
0.242031876,4418
0.24203705,4417
0.24204233,4416
0.24204865,4415
0.242053265,4414
0.242070829,4413
0.242079709,4412
0.242085717,4411
0.242102205,4410
0.242108389,4409
0.242183927,4408
0.242232135,4407
0.242238367,4406
0.242245562,4405
0.242251801,4404
0.242334561,4403
0.242339084,4402
0.242343658,4401
0.242347233,4400
0.242357748,4399
0.242363551,4398
0.242367824,4397
0.242371932,4396
0.242383304,4395
0.242387348,4394
0.242392847,4393
0.242398199,4392
0.242407267,4391
0.242411665,4390
0.242417271,4389
0.242421464,4388
0.242426158,4387
0.242439407,4386
0.242453534,4385
0.24245801,4384
0.242462385,4383
0.242465769,4382
0.242480153,4381
0.242490671,4380
0.24249438,4379
0.242497675,4378
0.242504729,4377
0.242512336,4376
0.242516722,4375
0.24252042,4374
0.242524299,4373
0.242529206,4372
0.242532724,4371
0.242538943,4370
0.242542743,4369
0.242560731,4368
0.242564446,4367
0.242568484,4366
0.24257616,4365
0.242590684,4364
0.242595503,4363
0.242600955,4362
0.242605251,4361
0.242645531,4360
0.242650459,4359
0.242654,4358
0.242657689,4357
0.242661133,4356
0.242664133,4355
0.242667654,4354
0.242673045,4353
0.242677105,4352
0.242681275,4351
0.242684801,4350
0.242703028,4349
0.242718751,4348
0.242725668,4347
0.242732755,4346
0.242736034,4345
0.242742415,4344
0.242750395,4343
0.24275782,4342
0.24276259,4341
0.242772263,4340
0.242776726,4339
0.242781368,4338
0.24278766,4337
0.242791369,4336
0.242794987,4335
0.242828028,4334
0.242834103,4333
0.242840364,4332
0.24284651,4331
0.242851584,4330
0.242861316,4329
0.242867298,4328
0.242874381,4327
0.242879021,4326
0.242884801,4325
0.242888945,4324
0.242894428,4323
0.242897906,4322
0.242905095,4321
0.242915862,4320
0.242923402,4319
0.242930612,4318
0.242937347,4317
0.242942321,4316
0.242954113,4315
0.242960812,4314
0.242965818,4313
0.242971905,4312
0.242981991,4311
0.242985558,4310
0.2429894,4309
0.242996205,4308
0.242999484,4307
0.243011545,4306
0.24301653,4305
0.243021869,4304
0.243025711,4303
0.243029204,4302
0.243033386,4301
0.243036688,4300
0.243040706,4299
0.243045292,4298
0.243050662,4297
0.243057397,4296
0.243079959,4295
0.243094218,4294
0.243108262,4293
0.243112222,4292
0.243116651,4291
0.243128599,4290
0.243133648,4289
0.243147844,4288
0.243154462,4287
0.243157956,4286
0.243165325,4285
0.243169163,4284
0.243177972,4283
0.243191001,4282
0.243194446,4281
0.243199831,4280
0.243203867,4279
0.24320955,4278
0.243212682,4277
0.243219453,4276
0.243223087,4275
0.243227327,4274
0.243230562,4273
0.243239487,4272
0.243249085,4271
0.243257,4270
0.243267222,4269
0.243270293,4268
0.243273375,4267
0.243278306,4266
0.243281881,4265
0.243294627,4264
0.243301053,4263
0.243304123,4262
0.243307006,4261
0.243312658,4260
0.243319002,4259
0.243323177,4258
0.24332924,4257
0.243335274,4256
0.243343299,4255
0.243346925,4254
0.243351107,4253
0.243355851,4252
0.243364135,4251
0.243369924,4250
0.243381612,4249
0.243390975,4248
0.243397725,4247
0.243401079,4246
0.243404401,4245
0.243408056,4244
0.243412429,4243
0.243419233,4242
0.243435419,4241
0.243443006,4240
0.243453314,4239
0.243461515,4238
0.243467732,4237
0.243471757,4236
0.243488846,4235
0.243507334,4234
0.243514347,4233
0.243534904,4232
0.243550901,4231
0.243557199,4230
0.243572363,4229
0.243587941,4228
0.243605515,4227
0.243608836,4226
0.243616201,4225
0.243638551,4224
0.243644554,4223
0.243684007,4222
0.243700479,4221
0.243705023,4220
0.243713231,4219
0.243716817,4218
0.243755451,4217
0.243762478,4216
0.244365629,4215
0.24441583,4214
0.244423158,4213
0.244428594,4212
0.244433073,4211
0.244442222,4210
0.244446311,4209
0.24448697,4208
0.244491914,4207
0.244495893,4206
0.244499442,4205
0.244506096,4204
0.244510206,4203
0.244544114,4202
0.244549201,4201
0.244585928,4200
0.24459093,4199
0.244595355,4198
0.244640433,4197
0.244679749,4196
0.244684092,4195
0.244721653,4194
0.244726088,4193
0.244730664,4192
0.244735123,4191
0.244740028,4190
0.244827386,4189
0.244864492,4188
0.244869629,4187
0.244910034,4186
0.244914668,4185
0.244974853,4184
0.244982491,4183
0.244987009,4182
0.244994514,4181
0.245000478,4180
0.245012871,4179
0.245017282,4178
0.245025129,4177
0.245029724,4176
0.245033861,4175
0.245038006,4174
0.245042039,4173
0.24504636,4172
0.245055445,4171
0.245068974,4170
0.245080221,4169
0.245093772,4168
0.245099444,4167
0.245107379,4166
0.245111969,4165
0.245119731,4164
0.245124192,4163
0.245127697,4162
0.245140524,4161
0.245147414,4160
0.245152311,4159
0.245165378,4158
0.245178579,4157
0.245189528,4156
0.24520838,4155
0.245212449,4154
0.245225924,4153
0.245231838,4152
0.245235856,4151
0.245242809,4150
0.245247926,4149
0.245255107,4148
0.245263627,4147
0.245274792,4146
0.245279066,4145
0.24528402,4144
0.245291902,4143
0.245304398,4142
0.245308491,4141
0.24531557,4140
0.245320615,4139
0.245324754,4138
0.245330917,4137
0.245336163,4136
0.245341471,4135
0.245352699,4134
0.245357908,4133
0.245373735,4132
0.245384704,4131
0.245388814,4130
0.245395342,4129
0.245399575,4128
0.245410693,4127
0.245415532,4126
0.245422978,4125
0.245429177,4124
0.245433074,4123
0.245439582,4122
0.245445517,4121
0.245456079,4120
0.245459429,4119
0.245463436,4118
0.245470553,4117
0.245482481,4116
0.245487569,4115
0.245505696,4114
0.245509598,4113
0.245518423,4112
0.245541108,4111
0.245558504,4110
0.245570573,4109
0.24558283,4108
0.245588245,4107
0.245596913,4106
0.245606818,4105
0.245617588,4104
0.24562285,4103
0.245630332,4102
0.245638143,4101
0.245650739,4100
0.245655233,4099
0.245665594,4098
0.245678764,4097
0.245682028,4096
0.245688197,4095
0.245704477,4094
0.245727386,4093
0.245733227,4092
0.245760829,4091
0.24576363,4090
0.245775865,4089
0.245781713,4088
0.24578812,4087
0.245791176,4086
0.245816295,4085
0.245990297,4084
0.24603064,4083
0.24610969,4082
0.246115511,4081
0.246120868,4080
0.246182344,4079
0.246189531,4078
0.246194955,4077
0.246201947,4076
0.246208987,4075
0.246224677,4074
0.247489573,4073
0.247498931,4072
0.247502634,4071
0.247506786,4070
0.247533674,4069
0.247568025,4068
0.247578367,4067
0.247583989,4066
0.247607803,4065
0.247622328,4064
0.247661101,4063
0.247670981,4062
0.24767801,4061
0.247687327,4060
0.247693132,4059
0.247712627,4058
0.247751747,4057
0.247756448,4056
0.247771481,4055
0.247779557,4054
0.24781596,4053
0.247829414,4052
0.247869092,4051
0.247878601,4050
0.247918858,4049
0.247929968,4048
0.247937129,4047
0.247946071,4046
0.247950589,4045
0.247982515,4044
0.248007126,4043
0.248014641,4042
0.248036953,4041
0.248066508,4040
0.248089898,4039
0.248129916,4038
0.248149066,4037
0.248158862,4036
0.24820279,4035
0.248230221,4034
0.248252466,4033
0.248642241,4032
0.24865869,4031
0.248665012,4030
0.24871331,4029
0.248717766,4028
0.248725372,4027
0.248732399,4026
0.248736337,4025
0.248749105,4024
0.248772202,4023
0.24884462,4022
0.248866865,4021
0.248883571,4020
0.248927258,4019
0.248931734,4018
0.24898805,4017
0.249005787,4016
0.24904944,4015
0.249061947,4014
0.249105045,4013
0.249116478,4012
0.249133476,4011
0.249149784,4010
0.249154212,4009
0.249158381,4008
0.249237539,4007
0.249259689,4006
0.249311678,4005
0.249326365,4004
0.249331467,4003
0.24934929,4002
0.249701902,4001
0.249717172,4000
0.24977216,3999
0.249803772,3998
0.249826309,3997
0.249852344,3996
0.249869594,3995
0.249897162,3994
0.249906439,3993
0.249997194,3992
0.250010467,3991
0.250036541,3990
0.25005686,3989
0.250091476,3988
0.250176705,3987
0.250509069,3986
0.250517154,3985
0.250622029,3984
0.250656348,3983
0.250874931,3982
0.251181782,3981
0.251407065,3980
0.251676883,3979
0.252275879,3978
0.252355914,3977
0.418647945,3976
0.633878309,3975
0.641642029,3974
0.662541671,3973
0.717529649,3972
0.81096216,3971
0.973202455,3970
1.080125405,3969
1.142494667,3968
1.245360908,3967
1.312265084,3966
1.318357073,3965
1.375158267,3964
1.454501251,3963
1.466354864,3962
1.557640123,3961
1.6488798,3960
1.691569325,3959
1.708336221,3958
1.816647805,3957
1.829835957,3956
1.887772551,3955
1.954064419,3954
1.963142921,3953
2.056812977,3952
2.161310878,3951
2.196192214,3950
2.207570935,3949
2.309749987,3948
2.321853865,3947
2.428130335,3946
2.437424516,3945
2.53392854,3944
2.979497484,3943
2.98923436,3942
3.000398543,3941
3.727312063,3940
4.213854453,3939
4.257103829,3938
4.48124648,3937
4.56833051,3936
4.876855275,3935
5.3386023,3934
5.444893965,3933
5.653054518,3932
