0.106593692,5837
0.106694827,5836
0.106753386,5835
0.106812086,5834
0.106871832,5833
0.106885706,5832
0.106894277,5831
0.106916648,5830
0.106925602,5829
0.106964463,5828
0.106972876,5827
0.106986941,5826
0.107001856,5825
0.10701796,5824
0.107026811,5823
0.107045449,5822
0.107061479,5821
0.107078838,5820
0.107095295,5819
0.107106755,5818
0.107116359,5817
0.107126174,5816
0.107137394,5815
0.107147967,5814
0.107158487,5813
0.107202157,5812
0.107212737,5811
0.107222349,5810
0.107256202,5809
0.107267059,5808
0.107277079,5807
0.107286767,5806
0.107298024,5805
0.107308535,5804
0.107320331,5803
0.107334436,5802
0.107347964,5801
0.107359732,5800
0.107370961,5799
0.107381193,5798
0.10739175,5797
0.107400461,5796
0.107408278,5795
0.107417551,5794
0.107427034,5793
0.107436642,5792
0.107446107,5791
0.107455358,5790
0.107467525,5789
0.107476406,5788
0.107524868,5787
0.107533798,5786
0.108006234,5785
0.108051567,5784
0.108059789,5783
0.108072058,5782
0.108080541,5781
0.10808818,5780
0.108096233,5779
0.108125527,5778
0.108132964,5777
0.108148849,5776
0.108158744,5775
0.108167184,5774
0.108177189,5773
0.108186191,5772
0.108193144,5771
0.108199491,5770
0.108219449,5769
0.108225999,5768
0.108232492,5767
0.10823811,5766
0.108256065,5765
0.108261924,5764
0.108268505,5763
0.108274798,5762
0.108281423,5761
0.108287914,5760
0.108295219,5759
0.108302331,5758
0.108308173,5757
0.108314431,5756
0.108367961,5755
0.108383457,5754
0.10839956,5753
0.108405719,5752
0.108418205,5751
0.108423656,5750
0.108436065,5749
0.108440976,5748
0.108453564,5747
0.108470404,5746
0.108475507,5745
0.108480658,5744
0.108485634,5743
0.10849082,5742
0.108495483,5741
0.108500538,5740
0.108506109,5739
0.108510439,5738
0.108515402,5737
0.108521105,5736
0.108528876,5735
0.108535727,5734
0.108541243,5733
0.108547679,5732
0.108576475,5731
0.108581533,5730
0.108601524,5729
0.108606721,5728
0.108611517,5727
0.10861667,5726
0.10863636,5725
0.108641936,5724
0.108648852,5723
0.108689322,5722
0.108724206,5721
0.108733015,5720
0.108742059,5719
0.108748547,5718
0.108755315,5717
0.108768738,5716
0.108774261,5715
0.108779796,5714
0.108785322,5713
0.108790798,5712
0.108796751,5711
0.108802406,5710
0.108808114,5709
0.108816345,5708
0.108822215,5707
0.108828235,5706
0.108834291,5705
0.108839497,5704
0.10884592,5703
0.10885209,5702
0.108858525,5701
0.108865131,5700
0.108869425,5699
0.10887342,5698
0.108877245,5697
0.108881134,5696
0.108886282,5695
0.108889847,5694
0.108893473,5693
0.108896951,5692
0.108900657,5691
0.108904176,5690
0.108909399,5689
0.108914837,5688
0.108921061,5687
0.108924957,5686
0.108928445,5685
0.108931607,5684
0.108934696,5683
0.108937999,5682
0.108941188,5681
0.108945469,5680
0.108949696,5679
0.108953061,5678
0.108956448,5677
0.108959719,5676
0.108963369,5675
0.108968435,5674
0.108971828,5673
0.108975269,5672
0.108978824,5671
0.108982678,5670
0.108987523,5669
0.108992582,5668
0.108997401,5667
0.109003009,5666
0.10900692,5665
0.10901087,5664
0.109015063,5663
0.109018864,5662
0.109022557,5661
0.109026243,5660
0.109029549,5659
0.109032835,5658
0.109036038,5657
0.109039275,5656
0.109044027,5655
0.109048857,5654
0.109055257,5653
0.109060042,5652
0.109065342,5651
0.109101141,5650
0.109109243,5649
0.109118601,5648
0.109124948,5647
0.109131001,5646
0.109557093,5645
0.112503778,5644
0.112516037,5643
0.112524574,5642
0.112535959,5641
0.112546222,5640
0.112552439,5639
0.112562139,5638
0.112567769,5637
0.112572741,5636
0.11257911,5635
0.112582428,5634
0.112588165,5633
0.112591352,5632
0.112595259,5631
0.112602494,5630
0.112606548,5629
0.112610264,5628
0.112613855,5627
0.112617669,5626
0.112621266,5625
0.112624808,5624
0.112628443,5623
0.112633276,5622
0.112638516,5621
0.112643016,5620
0.11264981,5619
0.112654126,5618
0.112658143,5617
0.112664775,5616
0.112669136,5615
0.112673464,5614
0.112677648,5613
0.11268182,5612
0.112687069,5611
0.112690631,5610
0.112696565,5609
0.112700174,5608
0.112707916,5607
0.112712284,5606
0.112716221,5605
0.112722206,5604
0.112725862,5603
0.112729265,5602
0.112732711,5601
0.112735989,5600
0.112739575,5599
0.112748221,5598
0.112761947,5597
0.112771606,5596
0.112780406,5595
0.112788577,5594
0.112796097,5593
0.112799829,5592
0.112804186,5591
0.112809517,5590
0.112816317,5589
0.11282246,5588
0.112828007,5587
0.112836025,5586
0.112841616,5585
0.112846901,5584
0.112851762,5583
0.112856424,5582
0.112861052,5581
0.112867274,5580
0.112871976,5579
0.11287692,5578
0.112881259,5577
0.112885541,5576
0.112891629,5575
0.112896288,5574
0.11290142,5573
0.112904833,5572
0.112908372,5571
0.112911492,5570
0.112915013,5569
0.112918248,5568
0.112921621,5567
0.112924763,5566
0.112927997,5565
0.112931262,5564
0.112934536,5563
0.112938157,5562
0.112941955,5561
0.112945287,5560
0.112948431,5559
0.112951636,5558
0.112960636,5557
0.112963619,5556
0.112972322,5555
0.11297938,5554
0.113014489,5553
0.113022447,5552
0.113031266,5551
0.113036247,5550
0.113042677,5549
0.113047328,5548
0.113051904,5547
0.113058684,5546
0.113068574,5545
0.113073363,5544
0.113078164,5543
0.113129364,5542
0.113136023,5541
0.113141784,5540
0.113151175,5539
0.11315786,5538
0.113162974,5537
0.113999322,5536
0.114012601,5535
0.114040069,5534
0.114052927,5533
0.114061337,5532
0.114069145,5531
0.114075856,5530
0.114081785,5529
0.114090306,5528
0.114099913,5527
0.114105525,5526
0.114111057,5525
0.114150403,5524
0.114155258,5523
0.114160149,5522
0.114167036,5521
0.114174074,5520
0.114182982,5519
0.114210466,5518
0.114221229,5517
0.11423747,5516
0.114261966,5515
0.114268894,5514
0.114340855,5513
0.114351983,5512
0.114357627,5511
0.114361731,5510
0.114365142,5509
0.114368573,5508
0.114372066,5507
0.114376184,5506
0.114380362,5505
0.114399423,5504
0.114403335,5503
0.114406603,5502
0.114460475,5501
0.114464971,5500
0.114495462,5499
0.114500122,5498
0.114527582,5497
0.114531094,5496
0.114534902,5495
0.114538096,5494
0.114542336,5493
0.114548136,5492
0.114552156,5491
0.114556737,5490
0.114560852,5489
0.11456467,5488
0.114573763,5487
0.11457765,5486
0.114583218,5485
0.114588784,5484
0.114592487,5483
0.114596389,5482
0.114600271,5481
0.114603757,5480
0.114607358,5479
0.114610004,5478
0.114612398,5477
0.114614873,5476
0.114617511,5475
0.114622549,5474
0.114626484,5473
0.114629448,5472
0.114632139,5471
0.11463485,5470
0.114637662,5469
0.114641157,5468
0.114644817,5467
0.114647228,5466
0.114649669,5465
0.114652395,5464
0.114701205,5463
0.11470651,5462
0.11471022,5461
0.114714016,5460
0.114717626,5459
0.114721815,5458
0.11472613,5457
0.114729988,5456
0.114733926,5455
0.114738494,5454
0.114794534,5453
0.114803672,5452
0.114809613,5451
0.114815144,5450
0.114821202,5449
0.114824962,5448
0.114827833,5447
0.114830634,5446
0.114833511,5445
0.114836077,5444
0.114840834,5443
0.114844566,5442
0.114848324,5441
0.114852408,5440
0.114857243,5439
0.114861445,5438
0.114865834,5437
0.114870534,5436
0.114877476,5435
0.114882637,5434
0.114890274,5433
0.114895598,5432
0.114899116,5431
0.11490223,5430
0.114906341,5429
0.114909609,5428
0.114913051,5427
0.114922867,5426
0.114928356,5425
0.114933949,5424
0.114975389,5423
0.114980815,5422
0.114985706,5421
0.114993199,5420
0.114996925,5419
0.115000452,5418
0.11500453,5417
0.115009641,5416
0.115016038,5415
0.115019465,5414
0.115023174,5413
0.115031328,5412
0.115035047,5411
0.115038656,5410
0.115041228,5409
0.115043649,5408
0.115051274,5407
0.115053708,5406
0.115057236,5405
0.115060417,5404
0.115063936,5403
0.115068667,5402
0.115072612,5401
0.115076273,5400
0.11507996,5399
0.115083768,5398
0.115088928,5397
0.115093055,5396
0.115095788,5395
0.115098994,5394
0.115103293,5393
0.115106877,5392
0.115110186,5391
0.115113737,5390
0.115117529,5389
0.115152863,5388
0.115157311,5387
0.115170442,5386
0.115175527,5385
0.115179765,5384
0.115195322,5383
0.115246028,5382
0.115253736,5381
0.11525899,5380
0.115261829,5379
0.11526553,5378
0.115269716,5377
0.115273624,5376
0.115277064,5375
0.115280663,5374
0.115284671,5373
0.115289602,5372
0.11531033,5371
0.115315515,5370
0.115320539,5369
0.11543971,5368
0.115443704,5367
0.115458825,5366
0.115464639,5365
0.115479251,5364
0.115501594,5363
0.115507572,5362
0.115512738,5361
0.115516046,5360
0.115520592,5359
0.11552588,5358
0.115570343,5357
0.115577832,5356
0.115590687,5355
0.115598288,5354
0.115604252,5353
0.115619293,5352
0.115622394,5351
0.115632093,5350
0.115636098,5349
0.115660892,5348
0.115665288,5347
0.115671083,5346
0.115674001,5345
0.115679012,5344
0.115682807,5343
0.11568588,5342
0.115689735,5341
0.115693723,5340
0.115697391,5339
0.115700492,5338
0.115738426,5337
0.115742061,5336
0.115745128,5335
0.115751918,5334
0.115835506,5333
0.115860044,5332
0.115865725,5331
0.115869448,5330
0.115874814,5329
0.115881097,5328
0.115890404,5327
0.115896647,5326
0.115919392,5325
0.115924804,5324
0.115928675,5323
0.115933023,5322
0.115938213,5321
0.115952284,5320
0.115963147,5319
0.115969261,5318
0.115973389,5317
0.115976466,5316
0.115980363,5315
0.115982712,5314
0.11598492,5313
0.115988139,5312
0.115991668,5311
0.115994465,5310
0.115997631,5309
0.116000258,5308
0.116002957,5307
0.11603842,5306
0.116054075,5305
0.116068299,5304
0.116073273,5303
0.116105301,5302
0.116110197,5301
0.116114666,5300
0.116121223,5299
0.116127542,5298
0.116163499,5297
0.116167637,5296
0.116171776,5295
0.116176888,5294
0.116182553,5293
0.116186418,5292
0.11619045,5291
0.116195263,5290
0.116199678,5289
0.116204442,5288
0.116207762,5287
0.116212919,5286
0.116216513,5285
0.11621966,5284
0.116222437,5283
0.116225649,5282
0.116229575,5281
0.116232826,5280
0.11623562,5279
0.116239626,5278
0.116251874,5277
0.116254236,5276
0.11625679,5275
0.116260799,5274
0.116265825,5273
0.116268303,5272
0.116272277,5271
0.116275467,5270
0.116282048,5269
0.116285846,5268
0.116288718,5267
0.116291356,5266
0.116400917,5265
0.116412924,5264
0.116416924,5263
0.116419989,5262
0.116423182,5261
0.116427851,5260
0.116432878,5259
0.116435768,5258
0.116438112,5257
0.116440596,5256
0.116444118,5255
0.116446675,5254
0.116453931,5253
0.116457843,5252
0.116462048,5251
0.116465462,5250
0.116469045,5249
0.116472138,5248
0.116474616,5247
0.116477345,5246
0.116480286,5245
0.116483273,5244
0.116486798,5243
0.116491513,5242
0.116495977,5241
0.116498887,5240
0.116501903,5239
0.116538195,5238
0.116543415,5237
0.116546042,5236
0.116549242,5235
0.116551698,5234
0.116554533,5233
0.116559505,5232
0.116564421,5231
0.116568707,5230
0.116572331,5229
0.116575477,5228
0.116578939,5227
0.116583886,5226
0.116587087,5225
0.116589989,5224
0.116594767,5223
0.11659867,5222
0.116601933,5221
0.116604904,5220
0.116609226,5219
0.116613754,5218
0.116632461,5217
0.116723687,5216
0.116730388,5215
0.116734597,5214
0.116737197,5213
0.116740532,5212
0.116743481,5211
0.11674739,5210
0.116759604,5209
0.116764463,5208
0.116767313,5207
0.116770505,5206
0.116775637,5205
0.116779277,5204
0.116782565,5203
0.116787928,5202
0.116793935,5201
0.116797011,5200
0.116800027,5199
0.116803543,5198
0.11681334,5197
0.116819326,5196
0.116858059,5195
0.11686213,5194
0.116866095,5193
0.11687027,5192
0.116873728,5191
0.11687757,5190
0.116880178,5189
0.11688281,5188
0.116888737,5187
0.116894111,5186
0.116896986,5185
0.1168994,5184
0.116902388,5183
0.116905578,5182
0.11690858,5181
0.116911016,5180
0.11691417,5179
0.116944006,5178
0.116970591,5177
0.116974002,5176
0.116978843,5175
0.117007381,5174
0.11701665,5173
0.117021494,5172
0.117030558,5171
0.117038648,5170
0.117043617,5169
0.117049247,5168
0.117054317,5167
0.117057524,5166
0.117060946,5165
0.117063476,5164
0.117067574,5163
0.117070521,5162
0.117072896,5161
0.117075293,5160
0.117078549,5159
0.117082758,5158
0.117087803,5157
0.11709099,5156
0.117094067,5155
0.117097725,5154
0.117100566,5153
0.117103596,5152
0.117106844,5151
0.117112396,5150
0.117116304,5149
0.117119383,5148
0.117124663,5147
0.117128159,5146
0.117133647,5145
0.117136291,5144
0.117140343,5143
0.117143892,5142
0.11714714,5141
0.117149817,5140
0.117159851,5139
0.117167201,5138
0.117170304,5137
0.117173336,5136
0.117178167,5135
0.117181182,5134
0.117183569,5133
0.117185829,5132
0.117190152,5131
0.117193982,5130
0.1171992,5129
0.117205629,5128
0.117208207,5127
0.117210413,5126
0.117213276,5125
0.117215797,5124
0.117218546,5123
0.117222811,5122
0.117226344,5121
0.117231346,5120
0.117234782,5119
0.117239787,5118
0.117242563,5117
0.11724704,5116
0.117249908,5115
0.117254709,5114
0.117260311,5113
0.117262917,5112
0.117265311,5111
0.117267798,5110
0.117277753,5109
0.117281043,5108
0.117287782,5107
0.117290543,5106
0.117293753,5105
0.117298605,5104
0.117301509,5103
0.117306118,5102
0.11730953,5101
0.117313321,5100
0.117317375,5099
0.117321715,5098
0.117324387,5097
0.11816455,5096
0.118166992,5095
0.118171432,5094
0.118176209,5093
0.118178753,5092
0.118181055,5091
0.118184025,5090
0.118186276,5089
0.118189946,5088
0.118192427,5087
0.11819467,5086
0.1181993,5085
0.118201505,5084
0.118203856,5083
0.118207116,5082
0.118210058,5081
0.118212335,5080
0.118214685,5079
0.118217217,5078
0.118219562,5077
0.118222752,5076
0.118225231,5075
0.118227798,5074
0.118229972,5073
0.118232393,5072
0.118234738,5071
0.118239097,5070
0.118241787,5069
0.118245549,5068
0.118248789,5067
0.118255363,5066
0.1182588,5065
0.118262992,5064
0.118266788,5063
0.118294983,5062
0.118298365,5061
0.118301855,5060
0.118305656,5059
0.118311262,5058
0.118314671,5057
0.118318112,5056
0.118321319,5055
0.118324785,5054
0.118328107,5053
0.118331866,5052
0.118335131,5051
0.118338376,5050
0.118342819,5049
0.118346865,5048
0.118354704,5047
0.118360251,5046
0.118363567,5045
0.11836607,5044
0.118368788,5043
0.118371656,5042
0.118389378,5041
0.1183923,5040
0.118396216,5039
0.118398446,5038
0.118400769,5037
0.118404652,5036
0.118408434,5035
0.118414236,5034
0.118418786,5033
0.118422929,5032
0.118429936,5031
0.118433674,5030
0.11843723,5029
0.118442178,5028
0.118445426,5027
0.118449274,5026
0.118452441,5025
0.118455697,5024
0.118459934,5023
0.11846359,5022
0.118467645,5021
0.118470939,5020
0.11847573,5019
0.118479903,5018
0.118485397,5017
0.118490477,5016
0.118493732,5015
0.118496879,5014
0.118501186,5013
0.11850576,5012
0.11850999,5011
0.118515693,5010
0.118524924,5009
0.118529991,5008
0.118533092,5007
0.118559477,5006
0.118566219,5005
0.118571551,5004
0.118575621,5003
0.118581012,5002
0.11858553,5001
0.118618647,5000
0.118622141,4999
0.118627414,4998
0.118633651,4997
0.118682356,4996
0.119158435,4995
0.119170914,4994
0.119176406,4993
0.119181632,4992
0.119185061,4991
0.119189147,4990
0.119196807,4989
0.119201217,4988
0.119204576,4987
0.119207988,4986
0.119214762,4985
0.119220304,4984
0.119223315,4983
0.119227064,4982
0.119230227,4981
0.119232766,4980
0.119236113,4979
0.119242269,4978
0.119244493,4977
0.11924726,4976
0.119249656,4975
0.119253213,4974
0.119255761,4973
0.119259702,4972
0.119262465,4971
0.119267392,4970
0.119271299,4969
0.119276446,4968
0.119279982,4967
0.119283177,4966
0.119285796,4965
0.119289395,4964
0.119295613,4963
0.119300117,4962
0.119305085,4961
0.119308233,4960
0.119310774,4959
0.119316507,4958
0.119320354,4957
0.119325515,4956
0.119328105,4955
0.119331597,4954
0.119334504,4953
0.119337134,4952
0.119349197,4951
0.119354579,4950
0.119357365,4949
0.119359773,4948
0.119362213,4947
0.119364784,4946
0.119367122,4945
0.119371584,4944
0.119378158,4943
0.119381175,4942
0.1193864,4941
0.11939121,4940
0.119394614,4939
0.119398717,4938
0.11940176,4937
0.119403979,4936
0.119408111,4935
0.119412175,4934
0.119416829,4933
0.119422622,4932
0.119425942,4931
0.119428567,4930
0.119431157,4929
0.119435,4928
0.119437857,4927
0.11944194,4926
0.119446801,4925
0.119469867,4924
0.119474425,4923
0.119477415,4922
0.119481884,4921
0.119486338,4920
0.119490497,4919
0.11949397,4918
0.1194972,4917
0.11953566,4916
0.119551298,4915
0.119566675,4914
0.119582277,4913
0.1195884,4912
0.119597643,4911
0.119606402,4910
0.119615972,4909
0.119622663,4908
0.119634018,4907
0.119642798,4906
0.119697243,4905
0.119709788,4904
0.119724574,4903
0.119727943,4902
0.119730676,4901
0.119733507,4900
0.119736299,4899
0.119740644,4898
0.119749522,4897
0.119754252,4896
0.119758353,4895
0.119762592,4894
0.119765842,4893
0.11976896,4892
0.119774037,4891
0.119779194,4890
0.119785222,4889
0.119788063,4888
0.119792404,4887
0.11983621,4886
0.11983894,4885
0.119841896,4884
0.119844573,4883
0.119847266,4882
0.119851258,4881
0.119854725,4880
0.119859105,4879
0.119867814,4878
0.119872094,4877
0.11987876,4876
0.119882707,4875
0.119887376,4874
0.119891342,4873
0.119894519,4872
0.11989757,4871
0.11990192,4870
0.119906983,4869
0.11991141,4868
0.11991664,4867
0.119920089,4866
0.119923118,4865
0.119926091,4864
0.119929756,4863
0.119933988,4862
0.120014255,4861
0.120017238,4860
0.120020757,4859
0.120024343,4858
0.120027729,4857
0.120031984,4856
0.120035005,4855
0.120039016,4854
0.120044181,4853
0.120047874,4852
0.120051039,4851
0.12005613,4850
0.120059273,4849
0.120061903,4848
0.12006521,4847
0.12006896,4846
0.120072197,4845
0.120075862,4844
0.12008166,4843
0.120084797,4842
0.120090693,4841
0.120095015,4840
0.120097911,4839
0.120104103,4838
0.120107143,4837
0.120109836,4836
0.12011495,4835
0.120119332,4834
0.120122013,4833
0.120125073,4832
0.120128721,4831
0.120131883,4830
0.120136813,4829
0.120140316,4828
0.120143544,4827
0.120148373,4826
0.120151376,4825
0.120154305,4824
0.120157521,4823
0.120160553,4822
0.120163504,4821
0.120166009,4820
0.120170004,4819
0.120172919,4818
0.120180169,4817
0.120185414,4816
0.12018852,4815
0.120191806,4814
0.120194678,4813
0.120198009,4812
0.12020301,4811
0.120206332,4810
0.120208952,4809
0.12021417,4808
0.120216817,4807
0.1202288,4806
0.120242894,4805
0.120258122,4804
0.120263628,4803
0.120267675,4802
0.120271066,4801
0.120275577,4800
0.120278724,4799
0.120285232,4798
0.120293841,4797
0.120297843,4796
0.120300442,4795
0.120303129,4794
0.120307011,4793
0.12031043,4792
0.120313122,4791
0.120320238,4790
0.120326622,4789
0.120328914,4788
0.120332287,4787
0.120334916,4786
0.120340795,4785
0.120343198,4784
0.120346676,4783
0.120349725,4782
0.120352312,4781
0.120355585,4780
0.120358732,4779
0.120366407,4778
0.120368821,4777
0.120371881,4776
0.120374271,4775
0.120376627,4774
0.12038724,4773
0.120391189,4772
0.120394008,4771
0.120396916,4770
0.120401884,4769
0.120406562,4768
0.120410781,4767
0.120413454,4766
0.120416153,4765
0.120419544,4764
0.120424008,4763
0.120431431,4762
0.120434206,4761
0.120443406,4760
0.120447097,4759
0.120452738,4758
0.120455182,4757
0.120457521,4756
0.120462684,4755
0.120466759,4754
0.120472615,4753
0.120475427,4752
0.120477772,4751
0.1204802,4750
0.12048331,4749
0.120487686,4748
0.120490646,4747
0.120494844,4746
0.120499596,4745
0.12050329,4744
0.120508454,4743
0.120511387,4742
0.120513897,4741
0.120518055,4740
0.120523015,4739
0.120529582,4738
0.120532071,4737
0.120535137,4736
0.120539178,4735
0.120546174,4734
0.120549579,4733
0.120553522,4732
0.120558042,4731
0.120562861,4730
0.120571214,4729
0.120575923,4728
0.120580668,4727
0.120585351,4726
0.120589796,4725
0.120593985,4724
0.120597432,4723
0.120601251,4722
0.120605668,4721
0.120611498,4720
0.120616534,4719
0.12062079,4718
0.120623862,4717
0.120626929,4716
0.120630296,4715
0.120633352,4714
0.120636763,4713
0.120643874,4712
0.120646563,4711
0.120650014,4710
0.120652612,4709
0.120655683,4708
0.120658377,4707
0.120660985,4706
0.120663345,4705
0.120667176,4704
0.120670934,4703
0.120674861,4702
0.120679237,4701
0.120683458,4700
0.120687067,4699
0.120689543,4698
0.120695038,4697
0.120697776,4696
0.120701555,4695
0.120704106,4694
0.120708371,4693
0.120731578,4692
0.120734723,4691
0.120737562,4690
0.120740159,4689
0.12074272,4688
0.120749921,4687
0.120753357,4686
0.12075632,4685
0.120761236,4684
0.120764483,4683
0.120768797,4682
0.120772428,4681
0.120776067,4680
0.120787048,4679
0.12079188,4678
0.120795421,4677
0.120801175,4676
0.120806313,4675
0.120809867,4674
0.120812866,4673
0.120815731,4672
0.120819046,4671
0.120822015,4670
0.120825186,4669
0.120829697,4668
0.120834373,4667
0.120838958,4666
0.120842299,4665
0.12084575,4664
0.120852609,4663
0.120859749,4662
0.120864956,4661
0.1208744,4660
0.120879226,4659
0.120882676,4658
0.120886225,4657
0.120894578,4656
0.120898835,4655
0.120901928,4654
0.120921807,4653
0.120929393,4652
0.120934485,4651
0.120939853,4650
0.120942593,4649
0.120946828,4648
0.120949724,4647
0.120952776,4646
0.120956223,4645
0.120960215,4644
0.120964338,4643
0.120967171,4642
0.120973544,4641
0.120997714,4640
0.121024057,4639
0.121049406,4638
0.121065602,4637
0.121069703,4636
0.121074423,4635
0.1210987,4634
0.121105502,4633
0.121112371,4632
0.121115337,4631
0.121118343,4630
0.121120832,4629
0.121123575,4628
0.121128297,4627
0.121133202,4626
0.121136809,4625
0.121139472,4624
0.121142121,4623
0.121144725,4622
0.121147428,4621
0.121152508,4620
0.121155724,4619
0.12116612,4618
0.121172863,4617
0.121177897,4616
0.121185017,4615
0.121191591,4614
0.121197629,4613
0.121206138,4612
0.121209015,4611
0.121212255,4610
0.121216802,4609
0.121220387,4608
0.121224297,4607
0.121227778,4606
0.121230471,4605
0.121241988,4604
0.121244719,4603
0.121249462,4602
0.12125545,4601
0.121259676,4600
0.121265082,4599
0.121269136,4598
0.121274478,4597
0.121278501,4596
0.121282886,4595
0.121289744,4594
0.121296965,4593
0.121301119,4592
0.121304607,4591
0.121307533,4590
0.12131701,4589
0.12132957,4588
0.121334628,4587
0.121347909,4586
0.121351847,4585
0.121355038,4584
0.121359116,4583
0.121365711,4582
0.121369109,4581
0.121372707,4580
0.121377397,4579
0.121382031,4578
0.12138628,4577
0.121392284,4576
0.121398049,4575
0.121400728,4574
0.121408186,4573
0.121413663,4572
0.12142616,4571
0.121429489,4570
0.121432367,4569
0.121441007,4568
0.121445004,4567
0.121451827,4566
0.121455284,4565
0.121457837,4564
0.121460557,4563
0.121464931,4562
0.121472623,4561
0.121477721,4560
0.121482588,4559
0.121484965,4558
0.121489802,4557
0.121492657,4556
0.121498886,4555
0.121503017,4554
0.122065318,4553
0.122068148,4552
0.122072153,4551
0.122077025,4550
0.122079835,4549
0.12208222,4548
0.122084859,4547
0.122088523,4546
0.122093564,4545
0.122098741,4544
0.122104815,4543
0.122108301,4542
0.12211125,4541
0.122114409,4540
0.122119241,4539
0.122127985,4538
0.122132576,4537
0.122136001,4536
0.12213956,4535
0.12214566,4534
0.12214943,4533
0.122158098,4532
0.122161785,4531
0.122167772,4530
0.122171176,4529
0.122177175,4528
0.122188263,4527
0.122192208,4526
0.122198242,4525
0.122200877,4524
0.12220382,4523
0.122207034,4522
0.122211105,4521
0.122214499,4520
0.122217334,4519
0.122219958,4518
0.122222423,4517
0.12222654,4516
0.122230318,4515
0.122233757,4514
0.122237293,4513
0.12224054,4512
0.122244282,4511
0.122249245,4510
0.122252375,4509
0.122257147,4508
0.122260904,4507
0.122265867,4506
0.122268295,4505
0.122276246,4504
0.122278661,4503
0.122281286,4502
0.122283889,4501
0.122288687,4500
0.122291675,4499
0.122297201,4498
0.122304085,4497
0.122309048,4496
0.122315654,4495
0.122320966,4494
0.122326391,4493
0.122331968,4492
0.122335877,4491
0.122338336,4490
0.122340828,4489
0.122343479,4488
0.122346302,4487
0.122373503,4486
0.122377541,4485
0.122385389,4484
0.122388392,4483
0.122392709,4482
0.122395266,4481
0.122404012,4480
0.122407326,4479
0.122411882,4478
0.122414635,4477
0.12242227,4476
0.122424568,4475
0.122427076,4474
0.122430567,4473
0.122435238,4472
0.12246091,4471
0.122464453,4470
0.122467101,4469
0.122469988,4468
0.122472571,4467
0.122476124,4466
0.122479177,4465
0.122481592,4464
0.122483912,4463
0.122490804,4462
0.122494452,4461
0.122501586,4460
0.122505098,4459
0.122509368,4458
0.122517144,4457
0.122523435,4456
0.122526907,4455
0.122530726,4454
0.122535571,4453
0.122540971,4452
0.122543806,4451
0.122548796,4450
0.122555837,4449
0.12256082,4448
0.122564943,4447
0.122570008,4446
0.122575219,4445
0.122581557,4444
0.122585374,4443
0.122592933,4442
0.122596075,4441
0.12260608,4440
0.122609867,4439
0.122613899,4438
0.12261975,4437
0.122623453,4436
0.122627481,4435
0.122631158,4434
0.122634238,4433
0.122637741,4432
0.122641032,4431
0.12267622,4430
0.122721954,4429
0.122737392,4428
0.122744332,4427
0.122753336,4426
0.122757081,4425
0.122761952,4424
0.122768802,4423
0.12277385,4422
0.122778178,4421
0.122783815,4420
0.122787254,4419
0.122791596,4418
0.122796914,4417
0.122803801,4416
0.122809756,4415
0.122820184,4414
0.122823091,4413
0.122827495,4412
0.122832699,4411
0.122839646,4410
0.122843264,4409
0.122846631,4408
0.122849483,4407
0.122852475,4406
0.122857401,4405
0.122860122,4404
0.122862836,4403
0.122865809,4402
0.122868442,4401
0.122870971,4400
0.122876689,4399
0.122881065,4398
0.122890545,4397
0.122895709,4396
0.122898489,4395
0.122901752,4394
0.122905422,4393
0.122907804,4392
0.122911389,4391
0.122916966,4390
0.122920492,4389
0.122923602,4388
0.122927053,4387
0.122929976,4386
0.122938535,4385
0.122943079,4384
0.122946569,4383
0.122952389,4382
0.12295779,4381
0.122966944,4380
0.122971269,4379
0.122974237,4378
0.122980485,4377
0.122983678,4376
0.122986159,4375
0.122989465,4374
0.122992317,4373
0.122997246,4372
0.123000054,4371
0.123003702,4370
0.123007672,4369
0.123016991,4368
0.123020624,4367
0.123025034,4366
0.123027982,4365
0.123033022,4364
0.123036621,4363
0.123039298,4362
0.123045384,4361
0.123052683,4360
0.123058309,4359
0.1230614,4358
0.12306859,4357
0.123074352,4356
0.123103994,4355
0.123111856,4354
0.123117859,4353
0.123121748,4352
0.123125565,4351
0.123130418,4350
0.123141946,4349
0.123148072,4348
0.123152959,4347
0.123156687,4346
0.123166693,4345
0.123170471,4344
0.123177045,4343
0.123182791,4342
0.123187556,4341
0.123193337,4340
0.123201672,4339
0.123210849,4338
0.123217356,4337
0.123222591,4336
0.123226837,4335
0.123232532,4334
0.123236961,4333
0.123241511,4332
0.123246155,4331
0.123251829,4330
0.123261493,4329
0.123264814,4328
0.123271594,4327
0.12327834,4326
0.123281931,4325
0.123286132,4324
0.123293174,4323
0.123302994,4322
0.123309124,4321
0.123315533,4320
0.123321042,4319
0.123330983,4318
0.123337071,4317
0.123343865,4316
0.123347113,4315
0.123356532,4314
0.12335988,4313
0.123366559,4312
0.123369923,4311
0.123372892,4310
0.123378297,4309
0.123391977,4308
0.123395692,4307
0.123401825,4306
0.123409392,4305
0.123412738,4304
0.123418388,4303
0.123423467,4302
0.123430251,4301
0.123438488,4300
0.123447936,4299
0.123453906,4298
0.12348176,4297
0.123485852,4296
0.123489621,4295
0.123495108,4294
0.123499474,4293
0.123504637,4292
0.123507104,4291
0.123511091,4290
0.123520538,4289
0.123523949,4288
0.123528705,4287
0.12359532,4286
0.1236089,4285
0.123614916,4284
0.123670845,4283
0.123673868,4282
0.123679175,4281
0.123691019,4280
0.123695256,4279
0.123701285,4278
0.123709975,4277
0.123712734,4276
0.123715253,4275
0.123718577,4274
0.123722075,4273
0.123733718,4272
0.123738059,4271
0.123742121,4270
0.123746022,4269
0.123753611,4268
0.123757448,4267
0.123760045,4266
0.123763752,4265
0.12376929,4264
0.123776739,4263
0.123784162,4262
0.123787568,4261
0.123791004,4260
0.123800029,4259
0.123810076,4258
0.123817145,4257
0.123821053,4256
0.123827677,4255
0.123860616,4254
0.123865354,4253
0.123874757,4252
0.123878766,4251
0.123882182,4250
0.123886281,4249
0.123890702,4248
0.123893772,4247
0.123899701,4246
0.123908924,4245
0.123913908,4244
0.123922863,4243
0.123925667,4242
0.123931775,4241
0.123935724,4240
0.123941914,4239
0.1239444,4238
0.123949913,4237
0.123954436,4236
0.123957035,4235
0.123960531,4234
0.12396348,4233
0.1239686,4232
0.123976583,4231
0.123984084,4230
0.12399084,4229
0.123994392,4228
0.1240016,4227
0.124006147,4226
0.124010002,4225
0.124012941,4224
0.124092023,4223
0.124096111,4222
0.12409992,4221
0.124103711,4220
0.124110559,4219
0.124116131,4218
0.124130218,4217
0.124704264,4216
0.124717284,4215
0.124723556,4214
0.124727094,4213
0.124742275,4212
0.124747204,4211
0.124752105,4210
0.124756609,4209
0.124763403,4208
0.12476916,4207
0.124773829,4206
0.124780101,4205
0.124783629,4204
0.12479097,4203
0.124796298,4202
0.124799849,4201
0.124806104,4200
0.124809783,4199
0.124813999,4198
0.124817416,4197
0.124822208,4196
0.124825732,4195
0.124831413,4194
0.12483742,4193
0.124866239,4192
0.124869052,4191
0.124872121,4190
0.124875253,4189
0.12487878,4188
0.124881289,4187
0.124886131,4186
0.124894079,4185
0.124898996,4184
0.12495231,4183
0.124954721,4182
0.12496927,4181
0.124976567,4180
0.125017725,4179
0.125050757,4178
0.125056328,4177
0.12506281,4176
0.125083024,4175
0.125094259,4174
0.125098097,4173
0.125101885,4172
0.125109972,4171
0.125146078,4170
0.125191399,4169
0.125228497,4168
0.125235185,4167
0.125239146,4166
0.125246007,4165
0.125249459,4164
0.125265889,4163
0.125268958,4162
0.125273805,4161
0.125281643,4160
0.125289565,4159
0.125293848,4158
0.125297585,4157
0.125307135,4156
0.125319351,4155
0.12532391,4154
0.125335055,4153
0.125338852,4152
0.12534565,4151
0.125352714,4150
0.125357467,4149
0.125390437,4148
0.125395481,4147
0.125405829,4146
0.12541216,4145
0.125415194,4144
0.12542075,4143
0.12542487,4142
0.125434592,4141
0.125437804,4140
0.125440841,4139
0.12545067,4138
0.125454978,4137
0.125457839,4136
0.125461526,4135
0.125468418,4134
0.125470775,4133
0.125478358,4132
0.125488699,4131
0.1254991,4130
0.125502323,4129
0.125505353,4128
0.125510051,4127
0.125515342,4126
0.125517837,4125
0.125520374,4124
0.125524717,4123
0.125533228,4122
0.125537792,4121
0.12554431,4120
0.125547846,4119
0.125551294,4118
0.125559413,4117
0.125565237,4116
0.125571436,4115
0.125575745,4114
0.125581896,4113
0.125584016,4112
0.125587859,4111
0.125590062,4110
0.125598224,4109
0.125617616,4108
0.125623021,4107
0.125626038,4106
0.125629178,4105
0.125633056,4104
0.125636607,4103
0.125639895,4102
0.12564316,4101
0.125656603,4100
0.125675474,4099
0.125680591,4098
0.125694266,4097
0.125708182,4096
0.125714634,4095
0.125719639,4094
0.125731933,4093
0.125736009,4092
0.125751029,4091
0.125758789,4090
0.125763049,4089
0.125766089,4088
0.125772934,4087
0.125780804,4086
0.12578354,4085
0.125786406,4084
0.125789743,4083
0.125816861,4082
0.125823292,4081
0.125834825,4080
0.125843672,4079
0.125852622,4078
0.125859473,4077
0.125868246,4076
0.126199479,4075
0.126213166,4074
0.12621885,4073
0.126224683,4072
0.126234296,4071
0.126241509,4070
0.126248247,4069
0.126251812,4068
0.12625614,4067
0.126280915,4066
0.126289522,4065
0.126316938,4064
0.126323181,4063
0.126328654,4062
0.126333963,4061
0.126347457,4060
0.126352143,4059
0.12639436,4058
0.126476399,4057
0.126493159,4056
0.126498147,4055
0.126505244,4054
0.126513348,4053
0.126529532,4052
0.126536901,4051
0.126540579,4050
0.12655696,4049
0.126561971,4048
0.126568802,4047
0.126614737,4046
0.126622992,4045
0.126629752,4044
0.126637885,4043
0.126643659,4042
0.12669607,4041
0.1266986,4040
0.126731067,4039
0.126738296,4038
0.126741909,4037
0.12677766,4036
0.126888049,4035
0.127301695,4034
0.127308439,4033
0.127327513,4032
0.127340527,4031
0.127351536,4030
0.127354668,4029
0.127374387,4028
0.12738082,4027
0.12739294,4026
0.12740741,4025
0.127427685,4024
0.127431831,4023
0.127445438,4022
0.127451845,4021
0.127456619,4020
0.127462874,4019
0.127472073,4018
0.12749163,4017
0.127509699,4016
0.127519869,4015
0.127525896,4014
0.12753414,4013
0.127539917,4012
0.127584292,4011
0.127594956,4010
0.127615112,4009
0.12767141,4008
0.127684768,4007
0.127694338,4006
0.127702114,4005
0.128110666,4004
0.128115496,4003
0.128145076,4002
0.128164975,4001
0.128178706,4000
0.128190567,3999
0.128239563,3998
0.128286579,3997
0.128317264,3996
0.128334581,3995
0.12835305,3994
0.12835647,3993
0.128371239,3992
0.128379678,3991
0.128385328,3990
0.12840145,3989
0.128566948,3988
0.128588654,3987
0.128619693,3986
0.128639913,3985
0.128784741,3984
0.128965105,3983
0.129177757,3982
0.129312159,3981
0.129724093,3980
0.129816058,3979
