0.116273404,5837
0.116331065,5836
0.116370074,5835
0.116403914,5834
0.116431765,5833
0.116438427,5832
0.116444408,5831
0.116452954,5830
0.11645958,5829
0.116466257,5828
0.116473085,5827
0.116479286,5826
0.116484698,5825
0.11649289,5824
0.116499957,5823
0.116506706,5822
0.116513084,5821
0.116519604,5820
0.116525703,5819
0.116531682,5818
0.116537526,5817
0.116560323,5816
0.116567746,5815
0.116574673,5814
0.116580702,5813
0.116586503,5812
0.11659462,5811
0.116601391,5810
0.116608487,5809
0.116620239,5808
0.11663774,5807
0.116651891,5806
0.116665056,5805
0.116673864,5804
0.116687417,5803
0.116701531,5802
0.116715026,5801
0.116730126,5800
0.116737206,5799
0.116744104,5798
0.116750303,5797
0.116759021,5796
0.116768905,5795
0.11681466,5794
0.11682794,5793
0.116840014,5792
0.116850507,5791
0.116861536,5790
0.116906251,5789
0.116922106,5788
0.116942753,5787
0.116984552,5786
0.116995943,5785
0.117094943,5784
0.117107853,5783
0.117118026,5782
0.117129152,5781
0.117136493,5780
0.117150994,5779
0.117189547,5778
0.117199229,5777
0.117236647,5776
0.117246967,5775
0.117256559,5774
0.117294108,5773
0.117304743,5772
0.117314142,5771
0.117323239,5770
0.117331926,5769
0.117340376,5768
0.117481826,5767
0.117492308,5766
0.117564846,5765
0.117574965,5764
0.117585576,5763
0.117597522,5762
0.117650018,5761
0.117661333,5760
0.117675617,5759
0.117683991,5758
0.117694676,5757
0.117706258,5756
0.117713288,5755
0.117726377,5754
0.117737492,5753
0.117746059,5752
0.117754552,5751
0.117762913,5750
0.11776918,5749
0.117774177,5748
0.11778537,5747
0.117791205,5746
0.117798645,5745
0.117813062,5744
0.117819634,5743
0.11782489,5742
0.117829807,5741
0.117834971,5740
0.11784065,5739
0.117846335,5738
0.117851709,5737
0.117901027,5736
0.117905888,5735
0.11791257,5734
0.117918743,5733
0.117924577,5732
0.117934347,5731
0.117940214,5730
0.117944866,5729
0.118008199,5728
0.118026256,5727
0.118060824,5726
0.118067392,5725
0.118071449,5724
0.118077058,5723
0.118082877,5722
0.118132495,5721
0.118138746,5720
0.118145628,5719
0.118151798,5718
0.118167489,5717
0.118228002,5716
0.118233008,5715
0.118294781,5714
0.118299051,5713
0.118302901,5712
0.118306918,5711
0.118310922,5710
0.118314687,5709
0.118318278,5708
0.118321773,5707
0.118325641,5706
0.118329539,5705
0.118369409,5704
0.118373501,5703
0.118377508,5702
0.118409427,5701
0.118433784,5700
0.118460917,5699
0.118466655,5698
0.118471522,5697
0.11847631,5696
0.11848139,5695
0.118486486,5694
0.118491515,5693
0.118497205,5692
0.118502937,5691
0.118508185,5690
0.118513344,5689
0.118519817,5688
0.118525348,5687
0.118532203,5686
0.118537646,5685
0.118542958,5684
0.118548594,5683
0.118555898,5682
0.11856248,5681
0.118568178,5680
0.118585212,5679
0.118597488,5678
0.118602777,5677
0.118607643,5676
0.118612788,5675
0.118618978,5674
0.118623613,5673
0.118628251,5672
0.118632984,5671
0.118638949,5670
0.118645093,5669
0.118649895,5668
0.11868515,5667
0.118695279,5666
0.118700459,5665
0.1187051,5664
0.118709836,5663
0.118715761,5662
0.118721745,5661
0.118731065,5660
0.118738613,5659
0.118746273,5658
0.118757167,5657
0.118763743,5656
0.118769588,5655
0.118776318,5654
0.118781324,5653
0.118786654,5652
0.118791596,5651
0.118796622,5650
0.118802927,5649
0.118810368,5648
0.118818613,5647
0.118824421,5646
0.118842555,5645
0.118851939,5644
0.11886151,5643
0.118875026,5642
0.118880175,5641
0.118901531,5640
0.118908781,5639
0.118913928,5638
0.118920412,5637
0.118925389,5636
0.118930431,5635
0.118935544,5634
0.118940948,5633
0.118946179,5632
0.118951695,5631
0.118957416,5630
0.118962511,5629
0.118967257,5628
0.118976482,5627
0.118983663,5626
0.118990721,5625
0.11899644,5624
0.119071296,5623
0.119096769,5622
0.119112255,5621
0.11914844,5620
0.119158393,5619
0.119180769,5618
0.119187084,5617
0.119196773,5616
0.119202608,5615
0.119208807,5614
0.119214976,5613
0.119220703,5612
0.119226299,5611
0.119231817,5610
0.119237917,5609
0.11924378,5608
0.119249717,5607
0.119255214,5606
0.119491228,5605
0.119506431,5604
0.119515326,5603
0.119855617,5602
0.119994943,5601
0.120005427,5600
0.120014167,5599
0.120020806,5598
0.120027856,5597
0.120048824,5596
0.12005319,5595
0.120057487,5594
0.120061435,5593
0.120084583,5592
0.120090104,5591
0.120094817,5590
0.120099285,5589
0.120103811,5588
0.120108169,5587
0.120112093,5586
0.120116907,5585
0.120122056,5584
0.120126072,5583
0.12013043,5582
0.120137772,5581
0.1201425,5580
0.120146557,5579
0.120150421,5578
0.120154267,5577
0.12015817,5576
0.120161932,5575
0.120166855,5574
0.120170692,5573
0.12017451,5572
0.120178323,5571
0.120182342,5570
0.120186478,5569
0.120192317,5568
0.120196152,5567
0.120206074,5566
0.120212533,5565
0.120218202,5564
0.120223832,5563
0.120229233,5562
0.120234527,5561
0.12027808,5560
0.120291654,5559
0.120336442,5558
0.120342672,5557
0.120349516,5556
0.120356701,5555
0.120362884,5554
0.1203702,5553
0.120377558,5552
0.120383991,5551
0.120393312,5550
0.120401005,5549
0.120407692,5548
0.120417482,5547
0.120427141,5546
0.120434307,5545
0.120440054,5544
0.120442649,5543
0.120447907,5542
0.120451134,5541
0.120454071,5540
0.120457214,5539
0.120461105,5538
0.120495226,5537
0.120500347,5536
0.120505975,5535
0.12051199,5534
0.120515921,5533
0.12051953,5532
0.120524178,5531
0.120537344,5530
0.120541759,5529
0.120546459,5528
0.120552688,5527
0.120556448,5526
0.120559622,5525
0.120562794,5524
0.120566369,5523
0.120569326,5522
0.120575723,5521
0.120578635,5520
0.120609783,5519
0.120613689,5518
0.120617907,5517
0.120621142,5516
0.120624926,5515
0.12062872,5514
0.120631695,5513
0.120634543,5512
0.120638616,5511
0.120641042,5510
0.120643606,5509
0.120646449,5508
0.120650008,5507
0.12065464,5506
0.120657887,5505
0.120661283,5504
0.120666099,5503
0.120669734,5502
0.120672696,5501
0.120675211,5500
0.120677585,5499
0.120680062,5498
0.120683312,5497
0.120685983,5496
0.120695189,5495
0.120698512,5494
0.120701966,5493
0.120706633,5492
0.120709873,5491
0.120718219,5490
0.120721806,5489
0.120725509,5488
0.120729549,5487
0.120965598,5486
0.120975612,5485
0.120980841,5484
0.120986331,5483
0.121027781,5482
0.121031579,5481
0.121036539,5480
0.12104125,5479
0.121045674,5478
0.121050034,5477
0.121054239,5476
0.121059528,5475
0.121063146,5474
0.12106664,5473
0.12107117,5472
0.12107613,5471
0.121080467,5470
0.121090347,5469
0.121094352,5468
0.121098519,5467
0.121107055,5466
0.121110295,5465
0.121113018,5464
0.121116578,5463
0.12112057,5462
0.121123976,5461
0.121127842,5460
0.121130595,5459
0.121133331,5458
0.121136982,5457
0.121139808,5456
0.121142387,5455
0.121145143,5454
0.12114859,5453
0.121152984,5452
0.121157866,5451
0.121162342,5450
0.121166708,5449
0.121172383,5448
0.121175843,5447
0.121248219,5446
0.121253923,5445
0.121257578,5444
0.121260611,5443
0.121263842,5442
0.121268341,5441
0.121271891,5440
0.121275339,5439
0.121278709,5438
0.121281625,5437
0.121284912,5436
0.121290488,5435
0.121294657,5434
0.121302731,5433
0.121306607,5432
0.121310085,5431
0.121313636,5430
0.121320208,5429
0.121322514,5428
0.121324848,5427
0.121327505,5426
0.121330158,5425
0.121332945,5424
0.121335939,5423
0.1213386,5422
0.121341241,5421
0.121344521,5420
0.121347024,5419
0.121349601,5418
0.121352591,5417
0.121354991,5416
0.121361979,5415
0.121366304,5414
0.12136913,5413
0.121375563,5412
0.121378265,5411
0.121380667,5410
0.121382968,5409
0.121386231,5408
0.121389934,5407
0.121394887,5406
0.121398376,5405
0.121401218,5404
0.121403588,5403
0.121406045,5402
0.12141007,5401
0.121413447,5400
0.121416023,5399
0.121419755,5398
0.121422801,5397
0.12142968,5396
0.121432493,5395
0.121436053,5394
0.121441207,5393
0.121444107,5392
0.121449856,5391
0.121453535,5390
0.121456388,5389
0.121459056,5388
0.12146381,5387
0.121469681,5386
0.121474081,5385
0.121478457,5384
0.121484034,5383
0.121488261,5382
0.121491656,5381
0.121494813,5380
0.121499637,5379
0.121502439,5378
0.12150686,5377
0.121534857,5376
0.121537579,5375
0.121540384,5374
0.121543979,5373
0.121546861,5372
0.121549448,5371
0.121556953,5370
0.121560876,5369
0.121563986,5368
0.121567111,5367
0.121571544,5366
0.121579313,5365
0.121583084,5364
0.121587142,5363
0.121591487,5362
0.121595733,5361
0.121598838,5360
0.121602118,5359
0.121606072,5358
0.121611942,5357
0.121616528,5356
0.12162182,5355
0.121626014,5354
0.121630064,5353
0.121633661,5352
0.121636938,5351
0.121643985,5350
0.121648678,5349
0.121652474,5348
0.121655063,5347
0.12165947,5346
0.121662102,5345
0.121667335,5344
0.12167123,5343
0.121677462,5342
0.121680756,5341
0.121683403,5340
0.121687932,5339
0.12169466,5338
0.12169879,5337
0.121702628,5336
0.121711078,5335
0.121715213,5334
0.12171807,5333
0.121722921,5332
0.121726699,5331
0.121730653,5330
0.121735023,5329
0.121739089,5328
0.121744045,5327
0.121748419,5326
0.121751874,5325
0.121754863,5324
0.121759861,5323
0.121762928,5322
0.121768309,5321
0.121771829,5320
0.121774666,5319
0.121782377,5318
0.121784924,5317
0.121790746,5316
0.121794118,5315
0.121796915,5314
0.121803542,5313
0.121809201,5312
0.121814088,5311
0.121817755,5310
0.121830028,5309
0.121842208,5308
0.121848899,5307
0.121858179,5306
0.121861339,5305
0.121865508,5304
0.121868661,5303
0.12187282,5302
0.121876751,5301
0.121879578,5300
0.121882582,5299
0.121886126,5298
0.121888912,5297
0.121894485,5296
0.121900043,5295
0.121907703,5294
0.121910791,5293
0.121914143,5292
0.121917353,5291
0.121922393,5290
0.12192517,5289
0.121928392,5288
0.121931779,5287
0.121943333,5286
0.121947643,5285
0.121952046,5284
0.121955874,5283
0.121960885,5282
0.12196671,5281
0.121983684,5280
0.121987116,5279
0.12198995,5278
0.121992598,5277
0.121995438,5276
0.121998944,5275
0.122004674,5274
0.122007399,5273
0.12201015,5272
0.122012766,5271
0.1220154,5270
0.122020279,5269
0.122024398,5268
0.122027012,5267
0.122030286,5266
0.12203279,5265
0.1220463,5264
0.122050145,5263
0.122053849,5262
0.122057242,5261
0.122068738,5260
0.122072712,5259
0.122076754,5258
0.122080138,5257
0.122084855,5256
0.122090107,5255
0.122093595,5254
0.122096914,5253
0.122100976,5252
0.122103962,5251
0.122106338,5250
0.122108348,5249
0.122111937,5248
0.122114307,5247
0.122116294,5246
0.122118592,5245
0.122121068,5244
0.122123614,5243
0.122125756,5242
0.122128453,5241
0.122131324,5240
0.122137532,5239
0.122141415,5238
0.122144563,5237
0.122148405,5236
0.122152297,5235
0.122154694,5234
0.122157299,5233
0.122160697,5232
0.12216326,5231
0.122165883,5230
0.12216826,5229
0.122205572,5228
0.122209279,5227
0.122212957,5226
0.122218095,5225
0.122222862,5224
0.12222624,5223
0.12222938,5222
0.122232688,5221
0.122237201,5220
0.122240592,5219
0.122243691,5218
0.122247782,5217
0.122251005,5216
0.122255059,5215
0.12229276,5214
0.122298344,5213
0.122301906,5212
0.12230984,5211
0.122315042,5210
0.122318213,5209
0.122321681,5208
0.122325356,5207
0.122328747,5206
0.1223337,5205
0.122336955,5204
0.122341306,5203
0.122344808,5202
0.122350855,5201
0.122355347,5200
0.122358004,5199
0.122407392,5198
0.122416646,5197
0.122428715,5196
0.122432058,5195
0.122438652,5194
0.122442045,5193
0.122877739,5192
0.122884303,5191
0.122888088,5190
0.122892865,5189
0.122897468,5188
0.122900825,5187
0.122904364,5186
0.122912475,5185
0.122919725,5184
0.122923789,5183
0.122929775,5182
0.122934718,5181
0.122939434,5180
0.122945058,5179
0.122979399,5178
0.122986145,5177
0.122996263,5176
0.123002033,5175
0.123005841,5174
0.123009307,5173
0.123016502,5172
0.123020056,5171
0.123024277,5170
0.123028368,5169
0.123032,5168
0.123035747,5167
0.123039451,5166
0.123074558,5165
0.12308022,5164
0.123146964,5163
0.1231509,5162
0.123155072,5161
0.123185778,5160
0.123189639,5159
0.12319453,5158
0.123197993,5157
0.123201679,5156
0.123204244,5155
0.123206895,5154
0.123209842,5153
0.123212156,5152
0.123219034,5151
0.123222884,5150
0.123230543,5149
0.123233791,5148
0.123238807,5147
0.123241707,5146
0.123244635,5145
0.123249523,5144
0.123251898,5143
0.123255114,5142
0.123258713,5141
0.123261572,5140
0.123264605,5139
0.123267351,5138
0.123269855,5137
0.123272865,5136
0.123275374,5135
0.123277628,5134
0.123284216,5133
0.12328661,5132
0.123290396,5131
0.12329376,5130
0.123295975,5129
0.123298759,5128
0.123301148,5127
0.123307214,5126
0.123312478,5125
0.123315475,5124
0.12331931,5123
0.123326371,5122
0.123331901,5121
0.123335465,5120
0.123349531,5119
0.123353072,5118
0.123355848,5117
0.123360681,5116
0.123365843,5115
0.123369058,5114
0.123372165,5113
0.123375743,5112
0.123382216,5111
0.123388244,5110
0.12339214,5109
0.123396186,5108
0.123399826,5107
0.1234029,5106
0.123405225,5105
0.123407553,5104
0.123410473,5103
0.123412727,5102
0.123415144,5101
0.12341732,5100
0.123420133,5099
0.123423298,5098
0.123426165,5097
0.124198145,5096
0.124200599,5095
0.12420444,5094
0.124207691,5093
0.124210986,5092
0.124214953,5091
0.124221059,5090
0.124227313,5089
0.124233517,5088
0.124237507,5087
0.124245863,5086
0.124251059,5085
0.12425516,5084
0.12425862,5083
0.124261623,5082
0.124266407,5081
0.124271031,5080
0.124274261,5079
0.124277279,5078
0.124282297,5077
0.124286857,5076
0.12429131,5075
0.124295605,5074
0.124299166,5073
0.124302688,5072
0.12430988,5071
0.124313503,5070
0.124319999,5069
0.124623069,5068
0.124628665,5067
0.124636274,5066
0.12464188,5065
0.124645963,5064
0.124649719,5063
0.124654549,5062
0.124659251,5061
0.12466282,5060
0.124669865,5059
0.124673153,5058
0.124677897,5057
0.124681817,5056
0.124720831,5055
0.124724467,5054
0.124729215,5053
0.124733061,5052
0.124736501,5051
0.124739876,5050
0.124743283,5049
0.124748085,5048
0.124751246,5047
0.124755022,5046
0.124772738,5045
0.124775683,5044
0.124778453,5043
0.124783072,5042
0.12478595,5041
0.124790166,5040
0.124794018,5039
0.124797691,5038
0.124801497,5037
0.124805044,5036
0.124808601,5035
0.124860686,5034
0.124865085,5033
0.124869547,5032
0.12487597,5031
0.124880659,5030
0.124883445,5029
0.124888534,5028
0.124893923,5027
0.124898516,5026
0.124902677,5025
0.124911518,5024
0.124914575,5023
0.124918041,5022
0.124925061,5021
0.12492988,5020
0.124933187,5019
0.124939756,5018
0.124943209,5017
0.124948464,5016
0.124953306,5015
0.124956794,5014
0.124960894,5013
0.124965124,5012
0.12496934,5011
0.124973159,5010
0.124975959,5009
0.124986922,5008
0.124989518,5007
0.124992265,5006
0.124994703,5005
0.125000011,5004
0.125003364,5003
0.125006496,5002
0.125009939,5001
0.125013652,5000
0.125019161,4999
0.125022116,4998
0.1250258,4997
0.125030816,4996
0.125034119,4995
0.125037545,4994
0.125042404,4993
0.125045684,4992
0.125051367,4991
0.125060455,4990
0.12506617,4989
0.125073324,4988
0.125076709,4987
0.125081799,4986
0.125086548,4985
0.12509188,4984
0.125095063,4983
0.125100872,4982
0.12510567,4981
0.125108869,4980
0.125114364,4979
0.125122214,4978
0.125125951,4977
0.125130263,4976
0.125133644,4975
0.125139214,4974
0.125143653,4973
0.125148112,4972
0.125152047,4971
0.125155468,4970
0.125159532,4969
0.125163258,4968
0.125166837,4967
0.125171658,4966
0.125176995,4965
0.125180644,4964
0.125186062,4963
0.125189799,4962
0.125199091,4961
0.12520215,4960
0.125207984,4959
0.125210812,4958
0.125214588,4957
0.125217939,4956
0.125224549,4955
0.125231427,4954
0.125234863,4953
0.125238068,4952
0.125242539,4951
0.125245921,4950
0.125249754,4949
0.125252086,4948
0.125254928,4947
0.125257247,4946
0.125259741,4945
0.125263049,4944
0.125265451,4943
0.125267998,4942
0.125271696,4941
0.125274791,4940
0.125279895,4939
0.125285879,4938
0.12528956,4937
0.125292597,4936
0.125295312,4935
0.125297982,4934
0.125300638,4933
0.125304397,4932
0.125307371,4931
0.125311471,4930
0.125314066,4929
0.12531912,4928
0.125322712,4927
0.125325488,4926
0.125330076,4925
0.125333592,4924
0.125338829,4923
0.125343805,4922
0.125379851,4921
0.125383246,4920
0.125387191,4919
0.125742002,4918
0.125751423,4917
0.125754714,4916
0.125759273,4915
0.125762686,4914
0.125768991,4913
0.125783895,4912
0.125789648,4911
0.12579285,4910
0.125795227,4909
0.125798036,4908
0.125804715,4907
0.125808232,4906
0.125811817,4905
0.125817349,4904
0.125821923,4903
0.1258253,4902
0.125839465,4901
0.125844383,4900
0.125847542,4899
0.125851637,4898
0.125855979,4897
0.125859245,4896
0.125862402,4895
0.125865099,4894
0.125892829,4893
0.125897959,4892
0.125900811,4891
0.125904298,4890
0.125907663,4889
0.12591221,4888
0.125916524,4887
0.125919057,4886
0.125921739,4885
0.125925768,4884
0.125929001,4883
0.125933768,4882
0.125939689,4881
0.125942536,4880
0.125946645,4879
0.125949793,4878
0.125952283,4877
0.12595633,4876
0.125963021,4875
0.125965934,4874
0.125971145,4873
0.125977078,4872
0.125981058,4871
0.125984456,4870
0.125988105,4869
0.125992492,4868
0.125997651,4867
0.126002664,4866
0.126005079,4865
0.126007602,4864
0.126011717,4863
0.12602018,4862
0.12602432,4861
0.12602778,4860
0.126030408,4859
0.126034742,4858
0.126038708,4857
0.126042662,4856
0.126046637,4855
0.126050274,4854
0.126053977,4853
0.12606292,4852
0.126066389,4851
0.126072464,4850
0.126101433,4849
0.126115829,4848
0.126207856,4847
0.126223151,4846
0.126227811,4845
0.12623407,4844
0.126238107,4843
0.126241437,4842
0.126257103,4841
0.126260816,4840
0.126265345,4839
0.12627167,4838
0.12628114,4837
0.126286167,4836
0.126289863,4835
0.126294556,4834
0.12629915,4833
0.12630434,4832
0.126324433,4831
0.126341521,4830
0.126350318,4829
0.126361286,4828
0.126372306,4827
0.126384543,4826
0.126400177,4825
0.126415242,4824
0.126435122,4823
0.126458557,4822
0.126474492,4821
0.126478836,4820
0.12648185,4819
0.126484417,4818
0.126487159,4817
0.126491873,4816
0.126498226,4815
0.12650084,4814
0.126503567,4813
0.126511326,4812
0.12651484,4811
0.126517653,4810
0.126521698,4809
0.126527222,4808
0.126531202,4807
0.126535614,4806
0.126538933,4805
0.126542993,4804
0.126550912,4803
0.126557822,4802
0.126562631,4801
0.126569985,4800
0.126573715,4799
0.126577864,4798
0.126586742,4797
0.126590443,4796
0.126594145,4795
0.126597927,4794
0.12660145,4793
0.126604878,4792
0.126608218,4791
0.126611928,4790
0.126614756,4789
0.126618207,4788
0.126623407,4787
0.126626827,4786
0.126630542,4785
0.126633073,4784
0.126636284,4783
0.12664225,4782
0.126668088,4781
0.126674642,4780
0.126680046,4779
0.126683878,4778
0.126688195,4777
0.126691946,4776
0.126695485,4775
0.126698243,4774
0.126704752,4773
0.126708011,4772
0.126712057,4771
0.126714765,4770
0.126719155,4769
0.126723477,4768
0.126727955,4767
0.126731754,4766
0.12673487,4765
0.126737724,4764
0.12674022,4763
0.126742986,4762
0.126746734,4761
0.126749974,4760
0.126753736,4759
0.126756408,4758
0.126762167,4757
0.126764608,4756
0.126768023,4755
0.126771688,4754
0.126775288,4753
0.126778044,4752
0.126780444,4751
0.12678403,4750
0.126789318,4749
0.126797606,4748
0.126803432,4747
0.126807201,4746
0.126813134,4745
0.126819372,4744
0.126824535,4743
0.1268281,4742
0.126831513,4741
0.126835315,4740
0.126838236,4739
0.126841945,4738
0.126845885,4737
0.126850428,4736
0.126855972,4735
0.12686012,4734
0.126864455,4733
0.126871563,4732
0.126874546,4731
0.126880034,4730
0.126883118,4729
0.126891249,4728
0.126894429,4727
0.126898227,4726
0.126907166,4725
0.126910057,4724
0.126913642,4723
0.126918318,4722
0.126925291,4721
0.12693148,4720
0.126935223,4719
0.126938346,4718
0.126942582,4717
0.126946613,4716
0.126952292,4715
0.126956631,4714
0.126959803,4713
0.126965116,4712
0.12697024,4711
0.126973712,4710
0.126976922,4709
0.126980061,4708
0.126983381,4707
0.126986706,4706
0.126990196,4705
0.12699366,4704
0.126997067,4703
0.127003591,4702
0.127006774,4701
0.127009821,4700
0.127012917,4699
0.127018426,4698
0.127021201,4697
0.127025566,4696
0.127029454,4695
0.127035232,4694
0.127038474,4693
0.127041532,4692
0.127045425,4691
0.127050269,4690
0.127055016,4689
0.127059541,4688
0.127068249,4687
0.127072643,4686
0.127076096,4685
0.127082603,4684
0.127088456,4683
0.127091617,4682
0.127096349,4681
0.127101767,4680
0.127108868,4679
0.127114731,4678
0.127118476,4677
0.12712522,4676
0.128526188,4675
0.12854018,4674
0.128547755,4673
0.128552883,4672
0.128563616,4671
0.128569011,4670
0.128574366,4669
0.128578438,4668
0.128590155,4667
0.128594239,4666
0.128602709,4665
0.128609442,4664
0.128617546,4663
0.12862462,4662
0.128643184,4661
0.128648944,4660
0.128652905,4659
0.128658948,4658
0.128666278,4657
0.128700995,4656
0.128705911,4655
0.128712227,4654
0.128715826,4653
0.128721314,4652
0.128725087,4651
0.128729049,4650
0.12873279,4649
0.128736129,4648
0.128745566,4647
0.12875289,4646
0.128758135,4645
0.12876339,4644
0.128766545,4643
0.12877066,4642
0.128773151,4641
0.12877591,4640
0.128782459,4639
0.12878914,4638
0.128793972,4637
0.128798447,4636
0.128805133,4635
0.128807915,4634
0.12881099,4633
0.128813409,4632
0.128815618,4631
0.12882283,4630
0.128826068,4629
0.12882841,4628
0.128833592,4627
0.128837152,4626
0.128841665,4625
0.128847863,4624
0.128850235,4623
0.128853084,4622
0.12885626,4621
0.128859686,4620
0.128864166,4619
0.128867075,4618
0.12887049,4617
0.12897033,4616
0.1289762,4615
0.128980861,4614
0.128984102,4613
0.128999129,4612
0.129002932,4611
0.129031183,4610
0.129034662,4609
0.129039468,4608
0.129043224,4607
0.129046182,4606
0.129052485,4605
0.129055863,4604
0.129058494,4603
0.12906142,4602
0.129066209,4601
0.129068649,4600
0.129072687,4599
0.129075287,4598
0.129077795,4597
0.129083205,4596
0.129086422,4595
0.129096641,4594
0.129099869,4593
0.129103096,4592
0.129109008,4591
0.12911333,4590
0.12911661,4589
0.129120463,4588
0.129140513,4587
0.129145281,4586
0.129149513,4585
0.129154898,4584
0.129160927,4583
0.129167284,4582
0.129172531,4581
0.129180151,4580
0.129183511,4579
0.129188281,4578
0.129193,4577
0.129216158,4576
0.129225464,4575
0.12923201,4574
0.12923675,4573
0.12924908,4572
0.1292522,4571
0.129284505,4570
0.129288481,4569
0.129291883,4568
0.129294318,4567
0.129298308,4566
0.129304144,4565
0.129310876,4564
0.129315319,4563
0.129320915,4562
0.129327732,4561
0.129331487,4560
0.129336691,4559
0.129339526,4558
0.129341806,4557
0.129345077,4556
0.129350227,4555
0.129357585,4554
0.129361991,4553
0.129854608,4552
0.129857121,4551
0.129861768,4550
0.129866855,4549
0.129870161,4548
0.129875376,4547
0.129881313,4546
0.129897974,4545
0.129901866,4544
0.129906216,4543
0.129910851,4542
0.129923279,4541
0.12992769,4540
0.129932316,4539
0.129936924,4538
0.129939863,4537
0.129942854,4536
0.129945738,4535
0.129949103,4534
0.129958373,4533
0.129962332,4532
0.12996552,4531
0.12996816,4530
0.129971481,4529
0.129975437,4528
0.129979683,4527
0.129982676,4526
0.129986147,4525
0.129989867,4524
0.129993846,4523
0.129997096,4522
0.130000989,4521
0.130003754,4520
0.130006494,4519
0.130012154,4518
0.130015958,4517
0.130020241,4516
0.130028594,4515
0.130031453,4514
0.130034229,4513
0.130038026,4512
0.130041867,4511
0.130045805,4510
0.13004868,4509
0.130052175,4508
0.130056765,4507
0.130059647,4506
0.130062732,4505
0.130065758,4504
0.130068694,4503
0.130075299,4502
0.130078974,4501
0.130082442,4500
0.130085331,4499
0.130089133,4498
0.13009314,4497
0.13009716,4496
0.130100277,4495
0.130104789,4494
0.130107887,4493
0.130112076,4492
0.130118595,4491
0.130121479,4490
0.130124289,4489
0.130128684,4488
0.130131701,4487
0.130134262,4486
0.130139609,4485
0.13014325,4484
0.130147389,4483
0.130152239,4482
0.130155572,4481
0.130158483,4480
0.130161408,4479
0.13016631,4478
0.130173065,4477
0.13017596,4476
0.130183523,4475
0.13018678,4474
0.130189541,4473
0.130194666,4472
0.130197247,4471
0.13020289,4470
0.130207534,4469
0.130210828,4468
0.130213691,4467
0.130216394,4466
0.130218844,4465
0.13022199,4464
0.13022563,4463
0.130236397,4462
0.130239394,4461
0.130244903,4460
0.130249605,4459
0.130254261,4458
0.130259687,4457
0.130263315,4456
0.130268449,4455
0.130271929,4454
0.130282351,4453
0.130289379,4452
0.130298895,4451
0.130322966,4450
0.130326323,4449
0.130329935,4448
0.13033347,4447
0.130338807,4446
0.130342266,4445
0.130350497,4444
0.130360448,4443
0.130364531,4442
0.130368115,4441
0.130375059,4440
0.130380205,4439
0.13038764,4438
0.130393156,4437
0.130397372,4436
0.130401261,4435
0.130407786,4434
0.130412194,4433
0.130418971,4432
0.130426442,4431
0.130430155,4430
0.130434481,4429
0.130440721,4428
0.130445674,4427
0.13045045,4426
0.130455453,4425
0.130464507,4424
0.130470024,4423
0.130480075,4422
0.130485742,4421
0.130490977,4420
0.130494499,4419
0.130498026,4418
0.130501738,4417
0.130508247,4416
0.130512037,4415
0.13051636,4414
0.130520695,4413
0.130525202,4412
0.130530741,4411
0.130537241,4410
0.130544408,4409
0.130579847,4408
0.130592525,4407
0.130597263,4406
0.130602908,4405
0.130612598,4404
0.130618846,4403
0.130623685,4402
0.130630068,4401
0.130636435,4400
0.130640277,4399
0.130647768,4398
0.130651028,4397
0.130653881,4396
0.13065677,4395
0.130662246,4394
0.130667438,4393
0.130670444,4392
0.130673535,4391
0.130677055,4390
0.130681606,4389
0.130684395,4388
0.130689217,4387
0.130694219,4386
0.130698095,4385
0.130721678,4384
0.130726701,4383
0.13073252,4382
0.130749848,4381
0.130753296,4380
0.130757165,4379
0.130762063,4378
0.130766692,4377
0.130772705,4376
0.1307761,4375
0.130782831,4374
0.130786297,4373
0.130790798,4372
0.130795219,4371
0.130800327,4370
0.130809847,4369
0.130815523,4368
0.130854143,4367
0.130869394,4366
0.130873052,4365
0.130889067,4364
0.130892475,4363
0.130896667,4362
0.130915808,4361
0.130921264,4360
0.130927333,4359
0.130933692,4358
0.130983811,4357
0.130988283,4356
0.130994388,4355
0.131012515,4354
0.131016285,4353
0.131019521,4352
0.131021959,4351
0.131024504,4350
0.131030535,4349
0.131039217,4348
0.131043065,4347
0.131048954,4346
0.131065779,4345
0.131068641,4344
0.131072654,4343
0.131076106,4342
0.131079617,4341
0.131083764,4340
0.131085939,4339
0.131089001,4338
0.131095223,4337
0.131097872,4336
0.131104413,4335
0.131109765,4334
0.131113591,4333
0.13111652,4332
0.131119966,4331
0.131122553,4330
0.131127476,4329
0.131130903,4328
0.131136259,4327
0.131140834,4326
0.131145604,4325
0.131150376,4324
0.131155882,4323
0.131160615,4322
0.131167405,4321
0.13117064,4320
0.131173888,4319
0.131179012,4318
0.131186809,4317
0.131196847,4316
0.131204962,4315
0.131216675,4314
0.131226017,4313
0.131229907,4312
0.131232743,4311
0.131239703,4310
0.131259351,4309
0.13127045,4308
0.131275956,4307
0.131288741,4306
0.131291895,4305
0.131303138,4304
0.131306207,4303
0.131308917,4302
0.1313125,4301
0.131317448,4300
0.131322921,4299
0.131326033,4298
0.131329208,4297
0.131334973,4296
0.131339774,4295
0.131345436,4294
0.13134959,4293
0.131357952,4292
0.131360902,4291
0.131365934,4290
0.131368589,4289
0.131371673,4288
0.131374259,4287
0.131379476,4286
0.131383315,4285
0.131389058,4284
0.131392008,4283
0.131395283,4282
0.131398787,4281
0.131411671,4280
0.131415557,4279
0.1314191,4278
0.13142376,4277
0.13142825,4276
0.131436891,4275
0.13144186,4274
0.131453716,4273
0.131465734,4272
0.131470328,4271
0.131475758,4270
0.131486833,4269
0.131491148,4268
0.131497033,4267
0.131504903,4266
0.131510518,4265
0.131516405,4264
0.131524809,4263
0.13152788,4262
0.131533175,4261
0.131535982,4260
0.131544935,4259
0.131550998,4258
0.131562811,4257
0.131571098,4256
0.131614843,4255
0.131621311,4254
0.131625488,4253
0.131636271,4252
0.131639372,4251
0.131644887,4250
0.131649544,4249
0.131655449,4248
0.131659612,4247
0.131662128,4246
0.131666973,4245
0.131673476,4244
0.131678779,4243
0.131696686,4242
0.131700485,4241
0.131703529,4240
0.131709234,4239
0.131716877,4238
0.131719528,4237
0.131730305,4236
0.131748351,4235
0.131771966,4234
0.131779714,4233
0.131786107,4232
0.131789794,4231
0.131794761,4230
0.131797782,4229
0.131801587,4228
0.13180857,4227
0.131811746,4226
0.131814675,4225
0.131821559,4224
0.131823914,4223
0.13183074,4222
0.131835074,4221
0.13189333,4220
0.131897369,4219
0.131904097,4218
0.131925038,4217
0.13192884,4216
0.132469268,4215
0.132474367,4214
0.132480562,4213
0.132483699,4212
0.132488574,4211
0.132491922,4210
0.132496776,4209
0.132508757,4208
0.132512526,4207
0.132515674,4206
0.13251897,4205
0.132523397,4204
0.132529269,4203
0.132562625,4202
0.132566053,4201
0.132569162,4200
0.132578243,4199
0.132585061,4198
0.132589494,4197
0.132597168,4196
0.132602635,4195
0.13262773,4194
0.132634117,4193
0.132638258,4192
0.13264388,4191
0.13265058,4190
0.132657548,4189
0.132664783,4188
0.132670723,4187
0.132674879,4186
0.132679083,4185
0.132686877,4184
0.132692817,4183
0.132701041,4182
0.13270899,4181
0.132717609,4180
0.132723383,4179
0.132726605,4178
0.132730258,4177
0.132736941,4176
0.132745345,4175
0.132750042,4174
0.132758705,4173
0.132762239,4172
0.132766116,4171
0.132770847,4170
0.132775558,4169
0.132780285,4168
0.132786515,4167
0.132789914,4166
0.132795661,4165
0.132799038,4164
0.132802998,4163
0.132812925,4162
0.132819714,4161
0.132823792,4160
0.132939998,4159
0.132952605,4158
0.132959081,4157
0.132964329,4156
0.132969621,4155
0.132977097,4154
0.132992277,4153
0.132996488,4152
0.133009997,4151
0.133054327,4150
0.133064465,4149
0.133073902,4148
0.133077772,4147
0.133090624,4146
0.133093402,4145
0.133110017,4144
0.133126877,4143
0.133133641,4142
0.133144318,4141
0.13316129,4140
0.133228181,4139
0.13329516,4138
0.133369195,4137
0.133407866,4136
0.133461692,4135
0.133514177,4134
0.133569265,4133
0.133626005,4132
0.13365718,4131
0.133710044,4130
0.13372942,4129
0.13374617,4128
0.133754041,4127
0.133779208,4126
0.133792593,4125
0.133796218,4124
0.133804824,4123
0.133812335,4122
0.133831941,4121
0.13383551,4120
0.133840939,4119
0.133845884,4118
0.133871749,4117
0.133874071,4116
0.133879361,4115
0.133882028,4114
0.133884162,4113
0.133887132,4112
0.133893449,4111
0.133898915,4110
0.133905814,4109
0.133937898,4108
0.133944707,4107
0.133950596,4106
0.133954394,4105
0.133960453,4104
0.13396777,4103
0.133974309,4102
0.133978646,4101
0.133985328,4100
0.134033031,4099
0.134037276,4098
0.134043596,4097
0.134049016,4096
0.134063341,4095
0.134080599,4094
0.13409624,4093
0.134113464,4092
0.134123666,4091
0.134129243,4090
0.134140865,4089
0.134147946,4088
0.134155056,4087
0.134158681,4086
0.134179667,4085
0.134187743,4084
0.134192187,4083
0.134197669,4082
0.134206124,4081
0.134212059,4080
0.134224368,4079
0.134227869,4078
0.134232459,4077
0.134236185,4076
0.134254697,4075
0.13512207,4074
0.135142884,4073
0.135159107,4072
0.135162284,4071
0.135164734,4070
0.13516842,4069
0.135175901,4068
0.13517931,4067
0.135189837,4066
0.135194905,4065
0.13519805,4064
0.135215024,4063
0.135221292,4062
0.135226717,4061
0.135248737,4060
0.13528416,4059
0.135289836,4058
0.135292334,4057
0.135296065,4056
0.135304346,4055
0.135320798,4054
0.135339681,4053
0.135342881,4052
0.135366014,4051
0.135376349,4050
0.135383239,4049
0.135391051,4048
0.135399975,4047
0.13540322,4046
0.135419362,4045
0.135426158,4044
0.135436191,4043
0.135455011,4042
0.135483578,4041
0.135487593,4040
0.135503024,4039
0.135553414,4038
0.135557852,4037
0.135568692,4036
0.135614735,4035
0.13562567,4034
0.135670941,4033
0.135981901,4032
0.136027193,4031
0.136059023,4030
0.136065425,4029
0.136074243,4028
0.136077149,4027
0.136101009,4026
0.13610704,4025
0.136134731,4024
0.136140439,4023
0.136145535,4022
0.136152124,4021
0.136197964,4020
0.136208175,4019
0.136221767,4018
0.136224855,4017
0.1362323,4016
0.136250232,4015
0.136254291,4014
0.136258477,4013
0.136263134,4012
0.136267135,4011
0.136275404,4010
0.136297758,4009
0.136300909,4008
0.136320726,4007
0.136397275,4006
0.136440694,4005
0.13645337,4004
0.136511338,4003
0.136836773,4002
0.136842855,4001
0.136875762,4000
0.136881043,3999
0.136890843,3998
0.136895967,3997
0.13690669,3996
0.137024148,3995
0.137050535,3994
0.137086607,3993
0.137091692,3992
0.137096513,3991
0.137100917,3990
0.137125493,3989
0.137143475,3988
0.137189858,3987
0.137638659,3986
0.137704643,3985
0.137735052,3984
0.1378817,3983
0.138121919,3982
0.138385781,3981
0.138693346,3980
0.138878704,3979
0.139552151,3978
0.139877296,3977
0.320005808,3976
0.667730548,3975
0.704480254,3974
0.909905788,3973
0.963977884,3972
1.335280783,3971
1.359990545,3970
1.425844883,3969
1.493875285,3968
1.54436585,3967
1.650506947,3966
1.820553776,3965
1.963819178,3964
2.102214147,3963
2.113575378,3962
2.299647574,3961
2.411267283,3960
2.451745747,3959
2.456004005,3958
2.499987562,3957
2.597306696,3956
2.696605586,3955
2.883443984,3954
3.166532464,3953
3.217013914,3952
3.516866726,3951
3.622104246,3950
3.727750124,3949
3.807726735,3948
3.823945836,3947
4.18482823,3946
4.273113877,3945
4.295691027,3944
4.319137412,3943
4.79106699,3942
4.853590084,3941
5.242135019,3940
5.246126915,3939
5.370455941,3938
5.418798866,3937
6.837067933,3936
7.039275893,3935
7.25774711,3934
8.027886677,3933
8.56418521,3932
10.460899822,3931
10.507490702,3930
