0.399442321,5837
0.399511698,5836
0.399594688,5835
0.399673642,5834
0.400000858,5833
0.400158337,5832
0.400172888,5831
0.4002233,5830
0.400248953,5829
0.400282342,5828
0.400299915,5827
0.400418674,5826
0.400436063,5825
0.400449747,5824
0.400662233,5823
0.400678695,5822
0.403174571,5821
0.403475923,5820
0.403491987,5819
0.403502527,5818
0.403511057,5817
0.403520913,5816
0.403545068,5815
0.403563039,5814
0.403574952,5813
0.403583862,5812
0.403591473,5811
0.403607647,5810
0.403625084,5809
0.4036474,5808
0.403786312,5807
0.403800874,5806
0.403821543,5805
0.403891304,5804
0.405441362,5803
0.405455315,5802
0.405503938,5801
0.405517915,5800
0.405533059,5799
0.405573812,5798
0.405585037,5797
0.405592813,5796
0.405599475,5795
0.405605969,5794
0.405616792,5793
0.406404542,5792
0.406415983,5791
0.406423614,5790
0.406436162,5789
0.406448592,5788
0.406454673,5787
0.406466575,5786
0.406480413,5785
0.406493924,5784
0.406507339,5783
0.40653655,5782
0.406549196,5781
0.406561805,5780
0.406578483,5779
0.406588233,5778
0.406600678,5777
0.407312209,5776
0.407333718,5775
0.407480939,5774
0.407498237,5773
0.407505663,5772
0.407512044,5771
0.407516688,5770
0.407520636,5769
0.407525901,5768
0.407531429,5767
0.407543831,5766
0.407549558,5765
0.407592101,5764
0.407601002,5763
0.407629914,5762
0.40788261,5761
0.409274863,5760
0.409286918,5759
0.409298071,5758
0.409303854,5757
0.409315589,5756
0.409327388,5755
0.409334875,5754
0.409344585,5753
0.409350574,5752
0.409356139,5751
0.4093637,5750
0.409369906,5749
0.409375624,5748
0.409381373,5747
0.409386644,5746
0.40939206,5745
0.409397129,5744
0.409401958,5743
0.409407071,5742
0.409412266,5741
0.409422975,5740
0.409431255,5739
0.409469852,5738
0.409476155,5737
0.409509186,5736
0.409520036,5735
0.409534,5734
0.409546322,5733
0.409556533,5732
0.409562671,5731
0.409567066,5730
0.409571773,5729
0.40958337,5728
0.409587953,5727
0.409592874,5726
0.409599513,5725
0.409604617,5724
0.409609666,5723
0.410183561,5722
0.410194375,5721
0.410202543,5720
0.410209959,5719
0.410363744,5718
0.410373594,5717
0.410380504,5716
0.410393851,5715
0.410453755,5714
0.410489038,5713
0.410527954,5712
0.410580111,5711
0.410618251,5710
0.410638914,5709
0.410652451,5708
0.410662461,5707
0.410676488,5706
0.410692534,5705
0.410705245,5704
0.410719257,5703
0.410725141,5702
0.410742969,5701
0.41075765,5700
0.410764781,5699
0.410770665,5698
0.410776126,5697
0.410781349,5696
0.410810188,5695
0.410815678,5694
0.410821241,5693
0.410828871,5692
0.410835109,5691
0.410841629,5690
0.410849912,5689
0.410857818,5688
0.410913825,5687
0.410941164,5686
0.41098552,5685
0.411037951,5684
0.411081604,5683
0.411125582,5682
0.41114874,5681
0.411318088,5680
0.411330245,5679
0.411337675,5678
0.41134642,5677
0.411352024,5676
0.411357918,5675
0.411364304,5674
0.411372059,5673
0.41137931,5672
0.411384869,5671
0.411392306,5670
0.411398432,5669
0.411404434,5668
0.411409331,5667
0.411416083,5666
0.411422109,5665
0.411427778,5664
0.411433349,5663
0.411439762,5662
0.411445266,5661
0.411450905,5660
0.411457152,5659
0.41146399,5658
0.411469779,5657
0.411475079,5656
0.411484002,5655
0.411491394,5654
0.411497005,5653
0.411502497,5652
0.411508437,5651
0.411540558,5650
0.411599068,5649
0.411645547,5648
0.41165882,5647
0.411669594,5646
0.411684826,5645
0.411701601,5644
0.411708028,5643
0.411721815,5642
0.411726549,5641
0.41173229,5640
0.41173737,5639
0.411743229,5638
0.411749242,5637
0.411755773,5636
0.411761939,5635
0.411767108,5634
0.411772885,5633
0.411784577,5632
0.411791688,5631
0.411798042,5630
0.411810046,5629
0.411814479,5628
0.411819824,5627
0.41183258,5626
0.411846516,5625
0.411860523,5624
0.411875407,5623
0.41191192,5622
0.411922858,5621
0.411928879,5620
0.411935027,5619
0.411940767,5618
0.411948018,5617
0.411953644,5616
0.41195865,5615
0.41196423,5614
0.411969871,5613
0.411975567,5612
0.411981133,5611
0.412056179,5610
0.412063658,5609
0.412090274,5608
0.412098005,5607
0.412104186,5606
0.412111669,5605
0.412125222,5604
0.412138122,5603
0.412143584,5602
0.412149418,5601
0.41215515,5600
0.412199256,5599
0.412204023,5598
0.412248075,5597
0.412281151,5596
0.412323488,5595
0.412384203,5594
0.412429103,5593
0.412471965,5592
0.412514802,5591
0.413021584,5590
0.413070863,5589
0.413104558,5588
0.413128263,5587
0.413138261,5586
0.413146139,5585
0.413153646,5584
0.413160626,5583
0.414008515,5582
0.414016195,5581
0.416578002,5580
0.416591047,5579
0.416620514,5578
0.416636634,5577
0.416644498,5576
0.416648657,5575
0.416661818,5574
0.416670445,5573
0.416675028,5572
0.416679583,5571
0.416685702,5570
0.416691069,5569
0.416699906,5568
0.416706153,5567
0.416710421,5566
0.41671483,5565
0.416719294,5564
0.416730495,5563
0.416734808,5562
0.416747449,5561
0.41675907,5560
0.416763539,5559
0.416767822,5558
0.416772036,5557
0.416776313,5556
0.416779512,5555
0.416782773,5554
0.416827315,5553
0.416838755,5552
0.416874445,5551
0.416880185,5550
0.416885233,5549
0.416896692,5548
0.41693197,5547
0.416956113,5546
0.416993498,5545
0.417001295,5544
0.417005943,5543
0.417010003,5542
0.417015746,5541
0.417025241,5540
0.417029659,5539
0.418747508,5538
0.41875914,5537
0.418778758,5536
0.418795558,5535
0.420209944,5534
0.42022156,5533
0.42023264,5532
0.420239816,5531
0.420364829,5530
0.420370726,5529
0.420463782,5528
0.420472269,5527
0.420476436,5526
0.420480466,5525
0.421797754,5524
0.421811236,5523
0.421821824,5522
0.421827653,5521
0.421890664,5520
0.421926799,5519
0.421931957,5518
0.421945171,5517
0.421949329,5516
0.421953614,5515
0.421991133,5514
0.422007148,5513
0.4220143,5512
0.422055658,5511
0.422087537,5510
0.422128692,5509
0.422138066,5508
0.422142258,5507
0.422152914,5506
0.422165049,5505
0.42216982,5504
0.42217554,5503
0.422178969,5502
0.422183946,5501
0.422189071,5500
0.422193593,5499
0.422197444,5498
0.422201496,5497
0.422205453,5496
0.422209975,5495
0.422218295,5494
0.422223025,5493
0.422227259,5492
0.422232095,5491
0.422236485,5490
0.42224101,5489
0.422269565,5488
0.422274648,5487
0.422287543,5486
0.422294663,5485
0.422299713,5484
0.422311228,5483
0.422389664,5482
0.422395133,5481
0.422406655,5480
0.422414175,5479
0.422418875,5478
0.422428214,5477
0.422433423,5476
0.422437307,5475
0.422442464,5474
0.422448724,5473
0.422452336,5472
0.422456254,5471
0.422460215,5470
0.422463905,5469
0.422471355,5468
0.422476283,5467
0.422480519,5466
0.422484443,5465
0.422488082,5464
0.422493082,5463
0.422497083,5462
0.422500801,5461
0.422511715,5460
0.422520372,5459
0.422556341,5458
0.422597827,5457
0.422627953,5456
0.422683938,5455
0.422694728,5454
0.422700584,5453
0.422705874,5452
0.422711317,5451
0.422748274,5450
0.422754892,5449
0.422805857,5448
0.422852778,5447
0.422858177,5446
0.422862806,5445
0.422958119,5444
0.424296815,5443
0.424325751,5442
0.42436478,5441
0.424381701,5440
0.424406947,5439
0.424412025,5438
0.424420439,5437
0.424424678,5436
0.42442893,5435
0.42443309,5434
0.424438691,5433
0.424442982,5432
0.424448622,5431
0.424452384,5430
0.424461415,5429
0.430418482,5428
0.430464875,5427
0.430468766,5426
0.43047315,5425
0.43047751,5424
0.430481271,5423
0.430486198,5422
0.430490822,5421
0.430495594,5420
0.430502404,5419
0.430505546,5418
0.430509344,5417
0.430514123,5416
0.430517179,5415
0.430520326,5414
0.430524007,5413
0.430528295,5412
0.430579533,5411
0.430637812,5410
0.430681841,5409
0.430719287,5408
0.430731082,5407
0.430840056,5406
0.430858006,5405
0.430894273,5404
0.430945817,5403
0.430984706,5402
0.430990278,5401
0.431026517,5400
0.431030589,5399
0.431066161,5398
0.431101713,5397
0.433099707,5396
0.433202147,5395
0.43325409,5394
0.433257937,5393
0.433263771,5392
0.4333028,5391
0.433310767,5390
0.433325529,5389
0.433329584,5388
0.433334646,5387
0.433339716,5386
0.433368685,5385
0.433389379,5384
0.433415841,5383
0.433441873,5382
0.433470306,5381
0.433479236,5380
0.433511106,5379
0.433861681,5378
0.433896043,5377
0.43390144,5376
0.433909611,5375
0.433918836,5374
0.433950271,5373
0.433966075,5372
0.433986901,5371
0.434000426,5370
0.434018499,5369
0.434025669,5368
0.434035873,5367
0.434080283,5366
0.434111913,5365
0.434155824,5364
0.434185988,5363
0.434195608,5362
0.434211289,5361
0.434260075,5360
0.434266565,5359
0.434276043,5358
0.434286687,5357
0.434290823,5356
0.434293927,5355
0.43429623,5354
0.434298536,5353
0.434300863,5352
0.434303181,5351
0.43430632,5350
0.434308918,5349
0.434314658,5348
0.434353263,5347
0.434366564,5346
0.434372814,5345
0.434377494,5344
0.434399718,5343
0.43440581,5342
0.434408568,5341
0.434415795,5340
0.434420006,5339
0.434422363,5338
0.434424552,5337
0.434426893,5336
0.434429002,5335
0.434431393,5334
0.434434739,5333
0.434437875,5332
0.434440086,5331
0.434444621,5330
0.434447755,5329
0.43446188,5328
0.434478581,5327
0.434493051,5326
0.434502862,5325
0.434556451,5324
0.4345617,5323
0.434565948,5322
0.434572257,5321
0.434577486,5320
0.434580518,5319
0.434585578,5318
0.434588779,5317
0.434593788,5316
0.434598156,5315
0.434602978,5314
0.434605737,5313
0.434608954,5312
0.434612287,5311
0.434615388,5310
0.434624163,5309
0.434738365,5308
0.43474253,5307
0.434750325,5306
0.434763265,5305
0.434770653,5304
0.4348674,5303
0.434901301,5302
0.434919374,5301
0.434929765,5300
0.434933622,5299
0.43493728,5298
0.434942539,5297
0.434945472,5296
0.434951819,5295
0.434956033,5294
0.434960113,5293
0.43496423,5292
0.43496724,5291
0.434970517,5290
0.434973477,5289
0.434976248,5288
0.43497946,5287
0.434982686,5286
0.434985928,5285
0.434990216,5284
0.434993378,5283
0.434995879,5282
0.435002393,5281
0.435026345,5280
0.435030586,5279
0.435034394,5278
0.435038991,5277
0.435042511,5276
0.435046781,5275
0.435051556,5274
0.435055035,5273
0.435058229,5272
0.435061682,5271
0.435065097,5270
0.435068442,5269
0.435071701,5268
0.43507497,5267
0.43507826,5266
0.43508264,5265
0.435087117,5264
0.435090205,5263
0.435116411,5262
0.435120848,5261
0.435123461,5260
0.435126006,5259
0.435128309,5258
0.435134736,5257
0.435139935,5256
0.435142388,5255
0.435159078,5254
0.435168239,5253
0.435172753,5252
0.435176881,5251
0.435182722,5250
0.435188689,5249
0.435191966,5248
0.435197667,5247
0.435201701,5246
0.435205243,5245
0.435207789,5244
0.435211083,5243
0.435213775,5242
0.435216751,5241
0.435219441,5240
0.435222829,5239
0.435227522,5238
0.435231187,5237
0.435241734,5236
0.435246024,5235
0.435252549,5234
0.435255656,5233
0.435263463,5232
0.435291822,5231
0.435298811,5230
0.435322878,5229
0.435379786,5228
0.435435591,5227
0.43546901,5226
0.435509957,5225
0.435540229,5224
0.435563849,5223
0.435592053,5222
0.435609333,5221
0.435625709,5220
0.435684444,5219
0.435703873,5218
0.435714716,5217
0.435725954,5216
0.435740356,5215
0.435756559,5214
0.435773006,5213
0.435812201,5212
0.435859359,5211
0.435904928,5210
0.435928823,5209
0.435947663,5208
0.435972573,5207
0.435988369,5206
0.43600652,5205
0.43601937,5204
0.436056469,5203
0.436095888,5202
0.436164928,5201
0.43617911,5200
0.436184411,5199
0.436188742,5198
0.436197218,5197
0.436210923,5196
0.436259529,5195
0.436300172,5194
0.436303874,5193
0.4363071,5192
0.436309841,5191
0.436313449,5190
0.436316739,5189
0.436325593,5188
0.436331701,5187
0.436341594,5186
0.436422476,5185
0.436562501,5184
0.436578311,5183
0.436620228,5182
0.436660855,5181
0.436669874,5180
0.436678456,5179
0.436694884,5178
0.436707238,5177
0.436711268,5176
0.436716648,5175
0.436730746,5174
0.436734949,5173
0.436739251,5172
0.436743128,5171
0.436749966,5170
0.436757572,5169
0.436787078,5168
0.436812308,5167
0.436843121,5166
0.436848234,5165
0.436853966,5164
0.436858117,5163
0.436861755,5162
0.436868268,5161
0.436874275,5160
0.436878393,5159
0.436885602,5158
0.436888931,5157
0.436891899,5156
0.436895945,5155
0.436900614,5154
0.436907303,5153
0.436910611,5152
0.436913754,5151
0.436917711,5150
0.436929593,5149
0.436941442,5148
0.436946143,5147
0.436954093,5146
0.436958649,5145
0.436962162,5144
0.436968481,5143
0.436973794,5142
0.436978178,5141
0.436981681,5140
0.43698574,5139
0.436988791,5138
0.436991919,5137
0.436996741,5136
0.436999913,5135
0.437003093,5134
0.437006478,5133
0.437019877,5132
0.437023301,5131
0.437037022,5130
0.437040965,5129
0.437044361,5128
0.437085062,5127
0.437109596,5126
0.437202706,5125
0.437221617,5124
0.437261455,5123
0.4373735,5122
0.437413033,5121
0.437416227,5120
0.43742676,5119
0.43743088,5118
0.437436141,5117
0.437442291,5116
0.437447837,5115
0.4374688,5114
0.437479303,5113
0.437483507,5112
0.437488333,5111
0.437491458,5110
0.437501727,5109
0.437506206,5108
0.437510688,5107
0.437514535,5106
0.437519696,5105
0.437524988,5104
0.437529115,5103
0.437544285,5102
0.437568335,5101
0.437574176,5100
0.437577482,5099
0.437582134,5098
0.437585405,5097
0.438982324,5096
0.438995161,5095
0.439319591,5094
0.439333396,5093
0.439387236,5092
0.440736953,5091
0.440767501,5090
0.440784791,5089
0.440801296,5088
0.440936743,5087
0.440984747,5086
0.441031942,5085
0.441073272,5084
0.441104994,5083
0.441141481,5082
0.441165039,5081
0.441178558,5080
0.441200684,5079
0.441218454,5078
0.441256699,5077
0.441271421,5076
0.441275507,5075
0.441280853,5074
0.441285065,5073
0.441293114,5072
0.441297301,5071
0.441332053,5070
0.441338342,5069
0.441344161,5068
0.441349311,5067
0.441353242,5066
0.441357027,5065
0.441359793,5064
0.441362447,5063
0.441366554,5062
0.441369869,5061
0.4413726,5060
0.441375332,5059
0.441378015,5058
0.441382498,5057
0.441385116,5056
0.441388838,5055
0.441393313,5054
0.441395616,5053
0.441397802,5052
0.441400308,5051
0.441405435,5050
0.441409121,5049
0.441414453,5048
0.44141811,5047
0.441426585,5046
0.441430732,5045
0.441434232,5044
0.441439522,5043
0.441443402,5042
0.441446088,5041
0.44144916,5040
0.441451766,5039
0.441455073,5038
0.441459478,5037
0.441465122,5036
0.441467595,5035
0.44147257,5034
0.441475116,5033
0.441478763,5032
0.441482285,5031
0.441487929,5030
0.441491348,5029
0.441494511,5028
0.441498409,5027
0.441502741,5026
0.441506082,5025
0.44151101,5024
0.441515064,5023
0.441518081,5022
0.441522844,5021
0.441525411,5020
0.441528041,5019
0.44153151,5018
0.441535491,5017
0.441540336,5016
0.441543265,5015
0.441546881,5014
0.441550231,5013
0.441552726,5012
0.441556383,5011
0.441559964,5010
0.441563059,5009
0.44156756,5008
0.441603905,5007
0.441627236,5006
0.441632858,5005
0.441637409,5004
0.441642247,5003
0.44164701,5002
0.441654285,5001
0.441657999,5000
0.441662546,4999
0.441667897,4998
0.441774412,4997
0.441781714,4996
0.441786738,4995
0.441793682,4994
0.44179766,4993
0.441801719,4992
0.441806504,4991
0.441813268,4990
0.441818261,4989
0.441823097,4988
0.441831649,4987
0.441843834,4986
0.441848292,4985
0.441856014,4984
0.441859703,4983
0.441863337,4982
0.441869712,4981
0.441873206,4980
0.441877869,4979
0.441881044,4978
0.441886549,4977
0.441892152,4976
0.441895392,4975
0.441899509,4974
0.441904779,4973
0.4419084,4972
0.441912383,4971
0.441915041,4970
0.441919645,4969
0.441922406,4968
0.441926636,4967
0.441933026,4966
0.441937527,4965
0.44194115,4964
0.441945265,4963
0.441948192,4962
0.44195279,4961
0.441957298,4960
0.441960202,4959
0.441963458,4958
0.441966346,4957
0.441972642,4956
0.441975475,4955
0.441978975,4954
0.44198289,4953
0.441989272,4952
0.441992071,4951
0.441996296,4950
0.442001346,4949
0.442004649,4948
0.442009067,4947
0.442015356,4946
0.442022284,4945
0.442025926,4944
0.442042401,4943
0.442045665,4942
0.442051833,4941
0.442057318,4940
0.442065761,4939
0.442071467,4938
0.442080919,4937
0.442085907,4936
0.442089513,4935
0.442093066,4934
0.442098712,4933
0.442104789,4932
0.442109291,4931
0.442114009,4930
0.442124448,4929
0.442128518,4928
0.442131603,4927
0.442134912,4926
0.442138993,4925
0.442143639,4924
0.442146643,4923
0.442149543,4922
0.442153532,4921
0.442157531,4920
0.442160628,4919
0.442165603,4918
0.442170667,4917
0.442205604,4916
0.442209877,4915
0.44221667,4914
0.442220115,4913
0.442224306,4912
0.442229905,4911
0.44223426,4910
0.442237918,4909
0.442241199,4908
0.442244344,4907
0.442253578,4906
0.442257723,4905
0.442342006,4904
0.442371496,4903
0.44242177,4902
0.44243554,4901
0.442448462,4900
0.442470086,4899
0.442514045,4898
0.442532697,4897
0.442730695,4896
0.442744479,4895
0.442747374,4894
0.442767275,4893
0.442771281,4892
0.442774554,4891
0.442778964,4890
0.442783187,4889
0.442786198,4888
0.442789349,4887
0.442794098,4886
0.442798632,4885
0.442806084,4884
0.442824334,4883
0.442830241,4882
0.442859668,4881
0.442863303,4880
0.442866819,4879
0.442869669,4878
0.442872412,4877
0.442875682,4876
0.442884023,4875
0.442889084,4874
0.442895141,4873
0.442898881,4872
0.442901645,4871
0.442908281,4870
0.442911831,4869
0.442916644,4868
0.44292011,4867
0.442922974,4866
0.442925484,4865
0.442929731,4864
0.442933773,4863
0.442936987,4862
0.442939673,4861
0.442946256,4860
0.442949889,4859
0.44295244,4858
0.442956265,4857
0.442959931,4856
0.44296447,4855
0.442967425,4854
0.442978752,4853
0.442982228,4852
0.442985405,4851
0.442988919,4850
0.442995969,4849
0.443001721,4848
0.443005551,4847
0.443009472,4846
0.443013118,4845
0.443017685,4844
0.44302119,4843
0.443024623,4842
0.443027441,4841
0.443033622,4840
0.443037901,4839
0.443041353,4838
0.443044202,4837
0.443058652,4836
0.443063178,4835
0.443066298,4834
0.44306976,4833
0.443084082,4832
0.443086784,4831
0.443089598,4830
0.443095492,4829
0.443099136,4828
0.443101865,4827
0.443105553,4826
0.443108424,4825
0.443111312,4824
0.443114323,4823
0.443118506,4822
0.443121177,4821
0.443126352,4820
0.443129318,4819
0.443133469,4818
0.443137809,4817
0.44314093,4816
0.443145782,4815
0.443149656,4814
0.443153183,4813
0.443156844,4812
0.443163395,4811
0.443167524,4810
0.443171915,4809
0.443177941,4808
0.44318389,4807
0.443195294,4806
0.443198958,4805
0.443210069,4804
0.443215163,4803
0.443227836,4802
0.443230791,4801
0.443233513,4800
0.44323654,4799
0.443240298,4798
0.443247121,4797
0.443250088,4796
0.443254927,4795
0.443259244,4794
0.443264084,4793
0.443267182,4792
0.443270077,4791
0.443273062,4790
0.443288704,4789
0.443312028,4788
0.4433398,4787
0.443344793,4786
0.443348405,4785
0.443352287,4784
0.44335511,4783
0.443358461,4782
0.44336134,4781
0.443364997,4780
0.443368703,4779
0.443373761,4778
0.443377547,4777
0.443380797,4776
0.443383744,4775
0.4433887,4774
0.443391726,4773
0.443394614,4772
0.443399574,4771
0.443404538,4770
0.443411484,4769
0.443417969,4768
0.443423316,4767
0.443427772,4766
0.443431638,4765
0.443435145,4764
0.443439445,4763
0.44344455,4762
0.443449185,4761
0.443456182,4760
0.443460905,4759
0.443463963,4758
0.443469737,4757
0.443473075,4756
0.443480377,4755
0.443484542,4754
0.443487822,4753
0.443493623,4752
0.443497447,4751
0.443501529,4750
0.443506346,4749
0.443510978,4748
0.443514152,4747
0.443539425,4746
0.443551572,4745
0.443558215,4744
0.443564404,4743
0.443587536,4742
0.443590547,4741
0.443593367,4740
0.443597525,4739
0.443602098,4738
0.443609292,4737
0.443620536,4736
0.443623548,4735
0.443626194,4734
0.443630383,4733
0.443634646,4732
0.443640947,4731
0.443643876,4730
0.443649334,4729
0.443652318,4728
0.443656516,4727
0.443659881,4726
0.443662796,4725
0.443667576,4724
0.443670517,4723
0.443673195,4722
0.443676362,4721
0.443680142,4720
0.443683056,4719
0.443686867,4718
0.44369238,4717
0.443695138,4716
0.443697845,4715
0.443700205,4714
0.443704803,4713
0.443709085,4712
0.443714442,4711
0.443717365,4710
0.443722997,4709
0.443727476,4708
0.4437372,4707
0.443740444,4706
0.443744745,4705
0.443748361,4704
0.443754457,4703
0.443757827,4702
0.443761897,4701
0.443764248,4700
0.443767213,4699
0.443769533,4698
0.443772544,4697
0.443775812,4696
0.443778493,4695
0.443785464,4694
0.443788901,4693
0.443792364,4692
0.443796714,4691
0.443800328,4690
0.443803728,4689
0.44380879,4688
0.443811467,4687
0.443820804,4686
0.443825485,4685
0.44382917,4684
0.443833887,4683
0.443841053,4682
0.44384574,4681
0.443850443,4680
0.443853536,4679
0.443856521,4678
0.443859445,4677
0.44386223,4676
0.443865176,4675
0.4438724,4674
0.443876141,4673
0.443882287,4672
0.443885922,4671
0.443892469,4670
0.443895302,4669
0.443897995,4668
0.443919504,4667
0.443924112,4666
0.443927007,4665
0.443929689,4664
0.443934088,4663
0.443936645,4662
0.443941678,4661
0.443944254,4660
0.443958274,4659
0.443962957,4658
0.443967982,4657
0.443971541,4656
0.443974932,4655
0.443980234,4654
0.443987795,4653
0.44399102,4652
0.443994264,4651
0.443997004,4650
0.444004238,4649
0.444008843,4648
0.444013526,4647
0.444020039,4646
0.444026462,4645
0.444030981,4644
0.44403638,4643
0.444042602,4642
0.444047245,4641
0.444051605,4640
0.444055313,4639
0.444060762,4638
0.444064522,4637
0.444067918,4636
0.4440719,4635
0.44407728,4634
0.444082134,4633
0.444089521,4632
0.444094322,4631
0.444097832,4630
0.444103177,4629
0.444108208,4628
0.44411608,4627
0.444120294,4626
0.444124975,4625
0.444132166,4624
0.444138501,4623
0.444160569,4622
0.444168803,4621
0.444172167,4620
0.444175569,4619
0.44418139,4618
0.444202068,4617
0.444213481,4616
0.444223031,4615
0.44422843,4614
0.44423262,4613
0.444236548,4612
0.444239798,4611
0.44425616,4610
0.444264123,4609
0.444267133,4608
0.444271857,4607
0.44427543,4606
0.444289716,4605
0.444293148,4604
0.444296762,4603
0.444300387,4602
0.444304029,4601
0.44430742,4600
0.444310543,4599
0.444313566,4598
0.444318835,4597
0.444321596,4596
0.444324667,4595
0.444332199,4594
0.444338975,4593
0.444343851,4592
0.444346601,4591
0.444349377,4590
0.444353266,4589
0.444357295,4588
0.444363525,4587
0.444366329,4586
0.444379571,4585
0.444382533,4584
0.444385612,4583
0.444390455,4582
0.4443959,4581
0.444401588,4580
0.444405748,4579
0.444408715,4578
0.444413575,4577
0.44441947,4576
0.44443735,4575
0.444441153,4574
0.444452699,4573
0.444456666,4572
0.444462243,4571
0.444468279,4570
0.444473223,4569
0.444476774,4568
0.444481849,4567
0.444484647,4566
0.444490761,4565
0.444497476,4564
0.444502309,4563
0.444505185,4562
0.444508061,4561
0.444512011,4560
0.444514576,4559
0.444517372,4558
0.444522041,4557
0.444526168,4556
0.444529394,4555
0.444533757,4554
0.445272547,4553
0.445275914,4552
0.445278524,4551
0.445281928,4550
0.445288886,4549
0.445292164,4548
0.445295006,4547
0.445297264,4546
0.445303283,4545
0.445306879,4544
0.445310238,4543
0.445317418,4542
0.445321386,4541
0.445324447,4540
0.445329992,4539
0.445335376,4538
0.445339856,4537
0.445343021,4536
0.445346945,4535
0.445352165,4534
0.445356926,4533
0.445360705,4532
0.445367055,4531
0.445371325,4530
0.445374238,4529
0.445378857,4528
0.44538246,4527
0.445386447,4526
0.445389079,4525
0.445395844,4524
0.445401511,4523
0.44540535,4522
0.445408217,4521
0.445411806,4520
0.445417627,4519
0.445424344,4518
0.445427077,4517
0.445429854,4516
0.445432472,4515
0.445437558,4514
0.44544157,4513
0.445451374,4512
0.445456839,4511
0.445459582,4510
0.445463334,4509
0.445467487,4508
0.44547151,4507
0.445475415,4506
0.445481097,4505
0.445488144,4504
0.445493753,4503
0.445498507,4502
0.445503781,4501
0.445507151,4500
0.445510461,4499
0.445514953,4498
0.445518605,4497
0.445526322,4496
0.445530841,4495
0.445536596,4494
0.445540916,4493
0.445543834,4492
0.445548721,4491
0.445553584,4490
0.445606026,4489
0.445612093,4488
0.4456148,4487
0.445618683,4486
0.445622039,4485
0.445628551,4484
0.445631407,4483
0.445635987,4482
0.445639515,4481
0.445644204,4480
0.445647843,4479
0.445650322,4478
0.445653467,4477
0.44565624,4476
0.445662947,4475
0.445667634,4474
0.445670976,4473
0.445674197,4472
0.44568125,4471
0.445684644,4470
0.445687931,4469
0.445690668,4468
0.445695409,4467
0.445699605,4466
0.445707325,4465
0.445711611,4464
0.445719967,4463
0.445722647,4462
0.445725659,4461
0.445730334,4460
0.445738322,4459
0.445742474,4458
0.445749021,4457
0.445754629,4456
0.445758861,4455
0.445762693,4454
0.445770981,4453
0.445774665,4452
0.445781472,4451
0.445786255,4450
0.445797075,4449
0.445800956,4448
0.44580671,4447
0.445810078,4446
0.445813905,4445
0.445819897,4444
0.445828007,4443
0.445832997,4442
0.445849326,4441
0.445856804,4440
0.445860795,4439
0.445866969,4438
0.445870609,4437
0.445875292,4436
0.445878857,4435
0.445882558,4434
0.445887594,4433
0.445891418,4432
0.445910963,4431
0.445915042,4430
0.445920267,4429
0.445925862,4428
0.445929301,4427
0.445936198,4426
0.445940457,4425
0.445946937,4424
0.445976304,4423
0.445980227,4422
0.445988911,4421
0.445993867,4420
0.446012497,4419
0.446016664,4418
0.446024384,4417
0.446028638,4416
0.446032721,4415
0.446038302,4414
0.446041428,4413
0.446045711,4412
0.446049577,4411
0.446053138,4410
0.446058297,4409
0.446064566,4408
0.446068995,4407
0.446074039,4406
0.446085096,4405
0.446088205,4404
0.446091496,4403
0.446095184,4402
0.446098555,4401
0.446106445,4400
0.446111933,4399
0.446119396,4398
0.446123605,4397
0.446128566,4396
0.446133394,4395
0.446138362,4394
0.446146807,4393
0.446151981,4392
0.446155145,4391
0.446185055,4390
0.446191529,4389
0.446194085,4388
0.446201984,4387
0.446206038,4386
0.446210755,4385
0.446214389,4384
0.446218669,4383
0.446224954,4382
0.446276084,4381
0.446280257,4380
0.446328994,4379
0.446335765,4378
0.446341205,4377
0.446366904,4376
0.446382236,4375
0.446385093,4374
0.446388739,4373
0.446396339,4372
0.44640088,4371
0.446404061,4370
0.446409423,4369
0.446422284,4368
0.446427938,4367
0.446432723,4366
0.446437977,4365
0.446451019,4364
0.44645532,4363
0.446460421,4362
0.446463538,4361
0.446470306,4360
0.446474712,4359
0.446478072,4358
0.446481595,4357
0.446484987,4356
0.446490078,4355
0.446494816,4354
0.446517892,4353
0.446521127,4352
0.446525376,4351
0.446528438,4350
0.446533834,4349
0.44654034,4348
0.446545759,4347
0.44655291,4346
0.446556398,4345
0.446562467,4344
0.446567011,4343
0.446569961,4342
0.446573573,4341
0.446580103,4340
0.446586712,4339
0.446599136,4338
0.446605958,4337
0.446611228,4336
0.44662179,4335
0.446626429,4334
0.446687227,4333
0.446690824,4332
0.446696717,4331
0.44670236,4330
0.44670631,4329
0.446712716,4328
0.44671641,4327
0.446721742,4326
0.446726504,4325
0.44672945,4324
0.446732374,4323
0.446736851,4322
0.446742687,4321
0.446746378,4320
0.446749894,4319
0.44675564,4318
0.446759401,4317
0.446771485,4316
0.446775732,4315
0.446782083,4314
0.446788708,4313
0.446800383,4312
0.446804249,4311
0.446807064,4310
0.446809738,4309
0.446812465,4308
0.446819854,4307
0.446822891,4306
0.446825606,4305
0.446832888,4304
0.446838055,4303
0.446841375,4302
0.446844009,4301
0.446850908,4300
0.446853416,4299
0.446856104,4298
0.446896757,4297
0.446902651,4296
0.446921187,4295
0.446926031,4294
0.44693168,4293
0.446945759,4292
0.446948599,4291
0.446952473,4290
0.446956048,4289
0.446960951,4288
0.446972852,4287
0.446976284,4286
0.446978948,4285
0.446982145,4284
0.44698565,4283
0.446987978,4282
0.446993286,4281
0.447001368,4280
0.447006989,4279
0.447012073,4278
0.447014879,4277
0.44701851,4276
0.44702361,4275
0.447026325,4274
0.447029057,4273
0.447032111,4272
0.447036502,4271
0.447040128,4270
0.447046085,4269
0.447050021,4268
0.44705375,4267
0.447063068,4266
0.447068988,4265
0.447115499,4264
0.44711908,4263
0.447123867,4262
0.447132527,4261
0.447162162,4260
0.44716826,4259
0.447191231,4258
0.447195022,4257
0.447198158,4256
0.447202188,4255
0.447206881,4254
0.447213186,4253
0.447222921,4252
0.447226584,4251
0.447232344,4250
0.447235866,4249
0.447240194,4248
0.447248551,4247
0.447252781,4246
0.447282187,4245
0.447289262,4244
0.447307627,4243
0.447321531,4242
0.447324521,4241
0.447328441,4240
0.447342759,4239
0.447347054,4238
0.447361536,4237
0.447372185,4236
0.447376441,4235
0.447394076,4234
0.4474288,4233
0.447450746,4232
0.44749798,4231
0.447501511,4230
0.44751938,4229
0.447524437,4228
0.447527432,4227
0.447532971,4226
0.447536938,4225
0.447545198,4224
0.447553524,4223
0.447556334,4222
0.447610392,4221
0.447616684,4220
0.447620366,4219
0.447625095,4218
0.447630257,4217
0.448174677,4216
0.448181833,4215
0.448187953,4214
0.448192666,4213
0.448196518,4212
0.448200605,4211
0.448204835,4210
0.448214733,4209
0.448217881,4208
0.448223563,4207
0.448228642,4206
0.448239533,4205
0.448243896,4204
0.44824645,4203
0.448250885,4202
0.448256547,4201
0.448265516,4200
0.448269326,4199
0.448352216,4198
0.448355767,4197
0.448361514,4196
0.448364489,4195
0.448368496,4194
0.448374374,4193
0.448377078,4192
0.448382707,4191
0.448388495,4190
0.448393417,4189
0.448396416,4188
0.448400062,4187
0.448403614,4186
0.448407074,4185
0.448430501,4184
0.448436137,4183
0.448447004,4182
0.448450746,4181
0.448458767,4180
0.448462933,4179
0.448467894,4178
0.448476629,4177
0.448480116,4176
0.448487643,4175
0.448496754,4174
0.448505093,4173
0.448519225,4172
0.448521791,4171
0.448546835,4170
0.448550179,4169
0.448553789,4168
0.448558404,4167
0.448561966,4166
0.448567349,4165
0.44857547,4164
0.448581807,4163
0.448586567,4162
0.448589841,4161
0.44859293,4160
0.448601008,4159
0.448608421,4158
0.448615665,4157
0.448624915,4156
0.448628287,4155
0.44863538,4154
0.448643603,4153
0.448648918,4152
0.448654487,4151
0.448658202,4150
0.44866228,4149
0.448698041,4148
0.448700722,4147
0.448706812,4146
0.448710056,4145
0.4487156,4144
0.448720593,4143
0.448729198,4142
0.448865709,4141
0.448872134,4140
0.448877478,4139
0.448884676,4138
0.448892541,4137
0.448925848,4136
0.448937917,4135
0.448943116,4134
0.449058949,4133
0.449066954,4132
0.449076712,4131
0.449091128,4130
0.449097254,4129
0.449105349,4128
0.449121085,4127
0.449129559,4126
0.449137242,4125
0.449149198,4124
0.449153901,4123
0.449174109,4122
0.449180132,4121
0.449183191,4120
0.449190326,4119
0.449197726,4118
0.449241375,4117
0.44925526,4116
0.449264713,4115
0.449321501,4114
0.449343496,4113
0.449351375,4112
0.449393969,4111
0.449408621,4110
0.449425379,4109
0.449431793,4108
0.449434753,4107
0.449439322,4106
0.449445364,4105
0.449450171,4104
0.449462911,4103
0.449466752,4102
0.449476836,4101
0.449481457,4100
0.449487396,4099
0.449491309,4098
0.449527963,4097
0.449539515,4096
0.449547159,4095
0.44955004,4094
0.449555715,4093
0.449560837,4092
0.449569154,4091
0.449590426,4090
0.449596583,4089
0.449629127,4088
0.449635527,4087
0.449651844,4086
0.449655274,4085
0.449658348,4084
0.449662728,4083
0.449669539,4082
0.449680721,4081
0.449701645,4080
0.449711797,4079
0.44972249,4078
0.449731744,4077
0.449738728,4076
0.449745031,4075
0.450699066,4074
0.450708095,4073
0.450718796,4072
0.450723419,4071
0.450730516,4070
0.450739888,4069
0.450772059,4068
0.45078073,4067
0.450792458,4066
0.450854402,4065
0.450857178,4064
0.450862792,4063
0.450866125,4062
0.45089522,4061
0.45092095,4060
0.450927636,4059
0.450935417,4058
0.450962374,4057
0.451020455,4056
0.451114647,4055
0.45113611,4054
0.451213883,4053
0.451231255,4052
0.45123923,4051
0.451255811,4050
0.45126658,4049
0.451272085,4048
0.451283712,4047
0.451291236,4046
0.451296176,4045
0.451301496,4044
0.451305076,4043
0.451316187,4042
0.451369108,4041
0.45139756,4040
0.45142128,4039
0.45142638,4038
0.451454359,4037
0.451464394,4036
0.451517224,4035
0.451534224,4034
0.451581152,4033
0.452093609,4032
0.452100933,4031
0.45210801,4030
0.452123455,4029
0.452129128,4028
0.452135257,4027
0.452147992,4026
0.452154499,4025
0.452160795,4024
0.452179442,4023
0.452197431,4022
0.452204515,4021
0.452208769,4020
0.452218014,4019
0.452243081,4018
0.452249501,4017
0.452269695,4016
0.452294295,4015
0.452301563,4014
0.452391743,4013
0.452412579,4012
0.452449869,4011
0.452455843,4010
0.452518805,4009
0.453745054,4008
0.453828646,4007
0.453837432,4006
0.453918657,4005
0.453964402,4004
0.453981457,4003
0.454006933,4002
0.454334779,4001
0.454343583,4000
0.454387948,3999
0.454550863,3998
0.454663323,3997
0.454726379,3996
0.454778708,3995
0.454903864,3994
0.455017299,3993
0.455155769,3992
0.455201793,3991
0.455281448,3990
0.455348422,3989
0.455362586,3988
0.455396652,3987
0.455829149,3986
0.475330326,3985
0.475401511,3984
0.475413438,3983
0.475459593,3982
0.475752323,3981
0.475945733,3980
0.476342694,3979
0.476835509,3978
0.480861508,3977
0.480977324,3976
0.730482139,3975
0.80048002,3974
0.938964739,3973
1.03003459,3972
1.227349803,3971
1.314696107,3970
1.328603329,3969
1.445324132,3968
1.52580793,3967
1.649932797,3966
1.699674045,3965
1.907093557,3964
1.950514242,3963
1.965126658,3962
2.04532917,3961
2.219855459,3960
2.489043023,3959
2.498878076,3958
2.712598302,3957
2.785564823,3956
2.810143365,3955
3.084311814,3954
3.182053647,3953
3.203142996,3952
3.245361301,3951
3.312630216,3950
3.477582777,3949
3.490254413,3948
3.49853806,3947
3.663404296,3946
3.704419322,3945
4.091531088,3944
4.12115032,3943
4.284671642,3942
4.30574911,3941
5.016941016,3940
5.053318466,3939
5.316190185,3938
5.361543855,3937
5.659284548,3936
5.946762645,3935
6.037626167,3934
6.982412887,3933
7.730388654,3932
8.96291895,3931
10.56073888,3930
