0.126075371,5837
0.126144057,5836
0.126201754,5835
0.126254657,5834
0.126313778,5833
0.126321315,5832
0.126332439,5831
0.126343794,5830
0.126358124,5829
0.126370622,5828
0.126390757,5827
0.126409972,5826
0.126423282,5825
0.126433671,5824
0.126453402,5823
0.126473572,5822
0.126483162,5821
0.126492241,5820
0.126501672,5819
0.126510902,5818
0.126520437,5817
0.126529149,5816
0.126538066,5815
0.126545825,5814
0.126553834,5813
0.126566818,5812
0.126574618,5811
0.126584689,5810
0.126592516,5809
0.126603638,5808
0.126638217,5807
0.126674166,5806
0.126682232,5805
0.126690796,5804
0.126698934,5803
0.126706718,5802
0.126714574,5801
0.126722231,5800
0.126729786,5799
0.126737253,5798
0.126764537,5797
0.12677111,5796
0.126778373,5795
0.126823649,5794
0.127481694,5793
0.127492435,5792
0.127499322,5791
0.127506361,5790
0.127513716,5789
0.127521395,5788
0.127529644,5787
0.127538175,5786
0.127575186,5785
0.127583143,5784
0.127591098,5783
0.127599067,5782
0.127608224,5781
0.127616678,5780
0.127650865,5779
0.127686673,5778
0.127732856,5777
0.128188046,5776
0.128232927,5775
0.128253419,5774
0.128265297,5773
0.128275137,5772
0.128288451,5771
0.128303002,5770
0.12832041,5769
0.128330492,5768
0.128369973,5767
0.128413741,5766
0.128421738,5765
0.128561902,5764
0.128576409,5763
0.128604192,5762
0.128627709,5761
0.128634572,5760
0.128641789,5759
0.128648158,5758
0.128653791,5757
0.128659142,5756
0.128665263,5755
0.128671001,5754
0.128676407,5753
0.128681405,5752
0.128687319,5751
0.128692738,5750
0.128698144,5749
0.128703544,5748
0.128709241,5747
0.128714544,5746
0.128720859,5745
0.128726545,5744
0.128736108,5743
0.128743666,5742
0.128749607,5741
0.128755071,5740
0.128760713,5739
0.128768061,5738
0.128776142,5737
0.128782384,5736
0.128788202,5735
0.128801389,5734
0.128812488,5733
0.128818611,5732
0.128859978,5731
0.128865889,5730
0.128899545,5729
0.128936662,5728
0.128974933,5727
0.128987108,5726
0.128994388,5725
0.1290028,5724
0.12901103,5723
0.129019384,5722
0.129110578,5721
0.129118907,5720
0.129164116,5719
0.129173229,5718
0.129181249,5717
0.129199266,5716
0.129205668,5715
0.129215645,5714
0.129222034,5713
0.12922828,5712
0.129235121,5711
0.12924137,5710
0.129248304,5709
0.129256752,5708
0.129261028,5707
0.129265214,5706
0.129269322,5705
0.129273489,5704
0.129277874,5703
0.129281711,5702
0.12928737,5701
0.129291264,5700
0.129295201,5699
0.129299311,5698
0.129303271,5697
0.129307196,5696
0.129311258,5695
0.129318175,5694
0.12932357,5693
0.129328763,5692
0.12933454,5691
0.129340198,5690
0.129346039,5689
0.129351766,5688
0.129357243,5687
0.129412398,5686
0.12941911,5685
0.129424792,5684
0.129431014,5683
0.129437042,5682
0.129442,5681
0.129447974,5680
0.129451848,5679
0.129455952,5678
0.129460304,5677
0.129464168,5676
0.129469837,5675
0.129473608,5674
0.129477663,5673
0.129481691,5672
0.129488735,5671
0.129494126,5670
0.129498814,5669
0.129506801,5668
0.129513524,5667
0.129572677,5666
0.129580326,5665
0.129615997,5664
0.129623048,5663
0.129628672,5662
0.129634931,5661
0.129641315,5660
0.132517928,5659
0.132530415,5658
0.132543664,5657
0.132556091,5656
0.132563307,5655
0.132570462,5654
0.132594714,5653
0.132601802,5652
0.132606641,5651
0.132616789,5650
0.132640464,5649
0.132645489,5648
0.132651418,5647
0.132656399,5646
0.132675685,5645
0.132683363,5644
0.13269227,5643
0.132698317,5642
0.132703442,5641
0.1327131,5640
0.132719277,5639
0.132723547,5638
0.132733272,5637
0.132738855,5636
0.132743794,5635
0.132749115,5634
0.132754323,5633
0.132815645,5632
0.132830119,5631
0.132844221,5630
0.132849401,5629
0.132870699,5628
0.132876302,5627
0.132888734,5626
0.132903576,5625
0.132911197,5624
0.132918051,5623
0.132926303,5622
0.132933607,5621
0.13294233,5620
0.132948966,5619
0.132955758,5618
0.133210655,5617
0.134600893,5616
0.13461877,5615
0.134685351,5614
0.134728108,5613
0.134783648,5612
0.134812182,5611
0.135008232,5610
0.135073222,5609
0.135111259,5608
0.135117813,5607
0.135171725,5606
0.135178334,5605
0.13524511,5604
0.135251073,5603
0.135305039,5602
0.135309983,5601
0.135314796,5600
0.135322296,5599
0.135328924,5598
0.135333777,5597
0.135342844,5596
0.135397462,5595
0.135403012,5594
0.135410885,5593
0.135415824,5592
0.135434034,5591
0.135453124,5590
0.135466686,5589
0.13547654,5588
0.135488833,5587
0.135498312,5586
0.135545213,5585
0.135551369,5584
0.135556605,5583
0.135563595,5582
0.135576769,5581
0.135582366,5580
0.135587178,5579
0.135591998,5578
0.135598232,5577
0.13560284,5576
0.135607845,5575
0.135612691,5574
0.135616986,5573
0.13562253,5572
0.135627098,5571
0.135631363,5570
0.135636068,5569
0.135640618,5568
0.135645004,5567
0.135649356,5566
0.135654015,5565
0.135658234,5564
0.135662674,5563
0.135667043,5562
0.135671432,5561
0.135675574,5560
0.135679907,5559
0.135685233,5558
0.135689434,5557
0.135693773,5556
0.135698249,5555
0.135702967,5554
0.135707684,5553
0.135712237,5552
0.135716817,5551
0.135721077,5550
0.135725629,5549
0.135730385,5548
0.13573481,5547
0.135739233,5546
0.135743781,5545
0.135750602,5544
0.135786184,5543
0.135792642,5542
0.135798567,5541
0.135804143,5540
0.135808941,5539
0.135814769,5538
0.135820622,5537
0.135867239,5536
0.135872975,5535
0.135877917,5534
0.135884845,5533
0.135894168,5532
0.135898995,5531
0.135904253,5530
0.135909224,5529
0.135913842,5528
0.135919907,5527
0.13592431,5526
0.135960855,5525
0.135967187,5524
0.135972731,5523
0.13597789,5522
0.135983168,5521
0.135988289,5520
0.135993161,5519
0.135998029,5518
0.136002861,5517
0.136016581,5516
0.136022427,5515
0.136029084,5514
0.136034319,5513
0.136039568,5512
0.136045398,5511
0.136051461,5510
0.136059886,5509
0.136066491,5508
0.13607243,5507
0.136077887,5506
0.136082751,5505
0.136087426,5504
0.136092202,5503
0.136097002,5502
0.136102171,5501
0.136109111,5500
0.136114203,5499
0.136119308,5498
0.136126436,5497
0.136133067,5496
0.137510914,5495
0.137523857,5494
0.137528,5493
0.137530635,5492
0.137533243,5491
0.137536435,5490
0.137539824,5489
0.137542166,5488
0.137544537,5487
0.137547023,5486
0.137549665,5485
0.137552079,5484
0.137554664,5483
0.137561459,5482
0.137563781,5481
0.137566665,5480
0.137570077,5479
0.137573485,5478
0.137576916,5477
0.137579327,5476
0.137581678,5475
0.137583953,5474
0.137587322,5473
0.137590619,5472
0.137593884,5471
0.137599486,5470
0.137603504,5469
0.137607114,5468
0.137612539,5467
0.137651948,5466
0.137655918,5465
0.137661629,5464
0.13766512,5463
0.137668958,5462
0.137677379,5461
0.137698775,5460
0.137712079,5459
0.137717976,5458
0.137722212,5457
0.137725459,5456
0.137729171,5455
0.137733838,5454
0.137745233,5453
0.137748302,5452
0.137752338,5451
0.137755778,5450
0.137758723,5449
0.137761661,5448
0.13776669,5447
0.137769694,5446
0.137772688,5445
0.137775755,5444
0.137778854,5443
0.137783164,5442
0.137786344,5441
0.137789426,5440
0.137792445,5439
0.137795237,5438
0.137798324,5437
0.137801145,5436
0.137804325,5435
0.137810623,5434
0.137813107,5433
0.137815746,5432
0.137819742,5431
0.137822334,5430
0.137837782,5429
0.137841995,5428
0.137844414,5427
0.137848511,5426
0.137852249,5425
0.137856353,5424
0.137860135,5423
0.137863807,5422
0.13786835,5421
0.137872323,5420
0.137876145,5419
0.137879743,5418
0.137883391,5417
0.137888313,5416
0.137892991,5415
0.137897375,5414
0.137900818,5413
0.13790413,5412
0.137907717,5411
0.137912226,5410
0.137915071,5409
0.137918248,5408
0.137921243,5407
0.137925586,5406
0.137929872,5405
0.137933876,5404
0.137937478,5403
0.137941411,5402
0.137945269,5401
0.137948432,5400
0.137951677,5399
0.137958189,5398
0.13796101,5397
0.137965122,5396
0.137967962,5395
0.137977137,5394
0.137979905,5393
0.13798372,5392
0.137986785,5391
0.13798948,5390
0.137992313,5389
0.137996097,5388
0.138005806,5387
0.138010159,5386
0.138014044,5385
0.138017786,5384
0.138022577,5383
0.138025961,5382
0.13802933,5381
0.138032822,5380
0.138036203,5379
0.138039434,5378
0.13804179,5377
0.138045128,5376
0.138048019,5375
0.138051181,5374
0.13805457,5373
0.13805698,5372
0.138059801,5371
0.138063584,5370
0.138065655,5369
0.13806857,5368
0.138073132,5367
0.138076541,5366
0.13807991,5365
0.138083335,5364
0.138086837,5363
0.13809029,5362
0.138093773,5361
0.138097206,5360
0.13810061,5359
0.138103689,5358
0.13810713,5357
0.138110347,5356
0.138113534,5355
0.138116334,5354
0.138119946,5353
0.138123771,5352
0.138126431,5351
0.138129705,5350
0.138134268,5349
0.138137199,5348
0.138141166,5347
0.138144031,5346
0.138146975,5345
0.138151641,5344
0.138156517,5343
0.138161156,5342
0.138166325,5341
0.138169501,5340
0.138173263,5339
0.138177051,5338
0.138180917,5337
0.138187111,5336
0.138190593,5335
0.138195432,5334
0.138199576,5333
0.138204755,5332
0.13820827,5331
0.138212964,5330
0.138216413,5329
0.13822073,5328
0.138224981,5327
0.138282543,5326
0.138289226,5325
0.138340846,5324
0.138344916,5323
0.138348789,5322
0.13835371,5321
0.138360925,5320
0.13839644,5319
0.138401511,5318
0.138406072,5317
0.13841549,5316
0.138421455,5315
0.138430402,5314
0.138435047,5313
0.138438864,5312
0.138445742,5311
0.138452574,5310
0.138456871,5309
0.13846198,5308
0.138466041,5307
0.138471214,5306
0.138475185,5305
0.138480063,5304
0.138488949,5303
0.138492265,5302
0.138495818,5301
0.138499965,5300
0.138513696,5299
0.13851941,5298
0.138522703,5297
0.138535282,5296
0.138538645,5295
0.138542241,5294
0.138545991,5293
0.138549513,5292
0.138557368,5291
0.138561369,5290
0.138565546,5289
0.138570529,5288
0.138575177,5287
0.138580617,5286
0.138587007,5285
0.138590363,5284
0.13859609,5283
0.138599118,5282
0.138602793,5281
0.13860544,5280
0.138607783,5279
0.138610155,5278
0.138612493,5277
0.138614834,5276
0.138619261,5275
0.138622913,5274
0.138627222,5273
0.138630488,5272
0.138636439,5271
0.138640348,5270
0.138643332,5269
0.138647646,5268
0.13865187,5267
0.138689683,5266
0.138697531,5265
0.138770363,5264
0.138774063,5263
0.138779622,5262
0.138786019,5261
0.1387912,5260
0.138794772,5259
0.138803942,5258
0.138821475,5257
0.138826038,5256
0.138830482,5255
0.138835743,5254
0.138839593,5253
0.138842363,5252
0.138845591,5251
0.138848458,5250
0.138851242,5249
0.138854752,5248
0.138857514,5247
0.138861513,5246
0.138864504,5245
0.138868295,5244
0.138871368,5243
0.138880066,5242
0.138883277,5241
0.138887799,5240
0.138892459,5239
0.138953115,5238
0.138967283,5237
0.139002672,5236
0.139039092,5235
0.139044455,5234
0.139048914,5233
0.139053819,5232
0.13905807,5231
0.13906274,5230
0.139068364,5229
0.139103426,5228
0.139106482,5227
0.139110959,5226
0.139115769,5225
0.13911914,5224
0.13912234,5223
0.139127551,5222
0.139130509,5221
0.139136928,5220
0.139140568,5219
0.139144088,5218
0.1391486,5217
0.139151494,5216
0.139154527,5215
0.139157704,5214
0.139160822,5213
0.139166478,5212
0.139218355,5211
0.139221212,5210
0.139224669,5209
0.139228839,5208
0.13923235,5207
0.139236261,5206
0.139240321,5205
0.139244345,5204
0.139251144,5203
0.139256162,5202
0.139259045,5201
0.1392624,5200
0.139265373,5199
0.139269165,5198
0.139275164,5197
0.139313928,5196
0.139317834,5195
0.139322334,5194
0.139325508,5193
0.13932864,5192
0.139331763,5191
0.139335134,5190
0.139340769,5189
0.13934501,5188
0.139347647,5187
0.139356642,5186
0.139360914,5185
0.139365013,5184
0.139368975,5183
0.139372269,5182
0.139376097,5181
0.139380392,5180
0.139385787,5179
0.139390573,5178
0.139394681,5177
0.139401282,5176
0.13940462,5175
0.139410341,5174
0.139413291,5173
0.139417371,5172
0.139420447,5171
0.139425539,5170
0.139429282,5169
0.139432009,5168
0.139435636,5167
0.139442556,5166
0.139445976,5165
0.139450117,5164
0.139453654,5163
0.13945722,5162
0.139460937,5161
0.139464898,5160
0.139471097,5159
0.139476925,5158
0.139480467,5157
0.139486103,5156
0.139488795,5155
0.139491498,5154
0.13949797,5153
0.139500377,5152
0.139504907,5151
0.139509182,5150
0.139513515,5149
0.139517153,5148
0.139521082,5147
0.139525128,5146
0.139531117,5145
0.139534698,5144
0.139539144,5143
0.139542706,5142
0.139545892,5141
0.13954894,5140
0.139552012,5139
0.139556187,5138
0.139560509,5137
0.139564154,5136
0.139568671,5135
0.139571301,5134
0.139574868,5133
0.139578519,5132
0.139581951,5131
0.139586285,5130
0.139593848,5129
0.139597462,5128
0.139600735,5127
0.139603815,5126
0.13960793,5125
0.139611018,5124
0.139615649,5123
0.139619462,5122
0.139622671,5121
0.139628592,5120
0.139639051,5119
0.139642184,5118
0.139647316,5117
0.139651043,5116
0.139676266,5115
0.139683539,5114
0.139688588,5113
0.139691809,5112
0.139694985,5111
0.13969846,5110
0.139703757,5109
0.139708742,5108
0.139711488,5107
0.139714577,5106
0.139719293,5105
0.139721939,5104
0.139726051,5103
0.139729025,5102
0.139735082,5101
0.139740062,5100
0.13974396,5099
0.139748391,5098
0.139754031,5097
0.141211913,5096
0.141215924,5095
0.141219714,5094
0.141223285,5093
0.141226869,5092
0.141230131,5091
0.141233131,5090
0.141236368,5089
0.141239387,5088
0.141245244,5087
0.141250517,5086
0.141253701,5085
0.14125676,5084
0.141260207,5083
0.141266268,5082
0.141269399,5081
0.141272431,5080
0.141278347,5079
0.141281385,5078
0.141285525,5077
0.141289899,5076
0.141293061,5075
0.14129589,5074
0.141299014,5073
0.141303642,5072
0.141307246,5071
0.141316016,5070
0.141319261,5069
0.141325693,5068
0.141330473,5067
0.141334561,5066
0.141340445,5065
0.141344367,5064
0.141354817,5063
0.141360149,5062
0.141375539,5061
0.141412453,5060
0.141417068,5059
0.141421941,5058
0.141427133,5057
0.141431388,5056
0.141435882,5055
0.141440705,5054
0.141444363,5053
0.141448043,5052
0.141451504,5051
0.141455018,5050
0.141458683,5049
0.141465884,5048
0.141471417,5047
0.141475508,5046
0.141480633,5045
0.141485586,5044
0.141504801,5043
0.141509161,5042
0.141512639,5041
0.141517046,5040
0.1415225,5039
0.141526427,5038
0.141542188,5037
0.141546283,5036
0.141549805,5035
0.14155395,5034
0.141557511,5033
0.141561032,5032
0.141566344,5031
0.14157064,5030
0.141574482,5029
0.141579793,5028
0.141583467,5027
0.14158794,5026
0.141592559,5025
0.141596207,5024
0.141601357,5023
0.141606144,5022
0.141609979,5021
0.141614051,5020
0.141621811,5019
0.141631923,5018
0.141636938,5017
0.141640813,5016
0.141644754,5015
0.141649546,5014
0.141653772,5013
0.141657948,5012
0.141662212,5011
0.141671159,5010
0.141674696,5009
0.141678295,5008
0.141681668,5007
0.141685277,5006
0.141689359,5005
0.141696728,5004
0.141703216,5003
0.141707806,5002
0.141711083,5001
0.141714774,5000
0.141720143,4999
0.141724476,4998
0.141728209,4997
0.141734866,4996
0.141738368,4995
0.141744027,4994
0.141748878,4993
0.141752462,4992
0.141757546,4991
0.141760991,4990
0.141768251,4989
0.141771766,4988
0.141775218,4987
0.14178134,4986
0.141784969,4985
0.141789686,4984
0.141821073,4983
0.14182439,4982
0.141830928,4981
0.141834297,4980
0.141837388,4979
0.141840757,4978
0.14184483,4977
0.14184986,4976
0.141853595,4975
0.141858198,4974
0.141862523,4973
0.141866287,4972
0.141869665,4971
0.141880097,4970
0.141883342,4969
0.141886843,4968
0.141890138,4967
0.141893429,4966
0.141897856,4965
0.14190109,4964
0.141905774,4963
0.141910841,4962
0.14191421,4961
0.141917846,4960
0.14192083,4959
0.141925704,4958
0.141930584,4957
0.141933589,4956
0.141937185,4955
0.141940544,4954
0.141950734,4953
0.141954056,4952
0.141958497,4951
0.141964537,4950
0.141967976,4949
0.141973712,4948
0.141977558,4947
0.141980661,4946
0.141987021,4945
0.141990173,4944
0.14199308,4943
0.142001924,4942
0.142005645,4941
0.142013061,4940
0.142017826,4939
0.142021309,4938
0.142025519,4937
0.142029821,4936
0.142035201,4935
0.142038455,4934
0.14204172,4933
0.142045901,4932
0.142052597,4931
0.14205574,4930
0.142061151,4929
0.142066777,4928
0.142070423,4927
0.142074447,4926
0.142079351,4925
0.14208477,4924
0.142091424,4923
0.14209636,4922
0.142099399,4921
0.14211092,4920
0.142115056,4919
0.142122121,4918
0.142125668,4917
0.142130077,4916
0.142135572,4915
0.142140378,4914
0.142144248,4913
0.142147865,4912
0.142152897,4911
0.142157272,4910
0.142163372,4909
0.142177619,4908
0.142182521,4907
0.142188504,4906
0.142191353,4905
0.14219544,4904
0.142199366,4903
0.142202012,4902
0.142204621,4901
0.142210145,4900
0.142212593,4899
0.142217793,4898
0.142220146,4897
0.142224249,4896
0.142226656,4895
0.142232876,4894
0.142239488,4893
0.142243508,4892
0.142246679,4891
0.142251843,4890
0.142255218,4889
0.142258291,4888
0.142262447,4887
0.142267929,4886
0.142274393,4885
0.142277635,4884
0.142280364,4883
0.142283943,4882
0.142289718,4881
0.142294536,4880
0.142298961,4879
0.142306232,4878
0.142310542,4877
0.142315412,4876
0.142318854,4875
0.142323126,4874
0.142326738,4873
0.142330428,4872
0.142335197,4871
0.142338018,4870
0.142345261,4869
0.142348081,4868
0.142351704,4867
0.142356126,4866
0.142359508,4865
0.142362782,4864
0.142365314,4863
0.142368004,4862
0.14237132,4861
0.142374939,4860
0.142379215,4859
0.142381793,4858
0.142384682,4857
0.142387563,4856
0.142392055,4855
0.142426857,4854
0.142431335,4853
0.142433642,4852
0.142436847,4851
0.142439243,4850
0.142444522,4849
0.14244723,4848
0.142449693,4847
0.142454796,4846
0.142458732,4845
0.142461348,4844
0.142463822,4843
0.142467705,4842
0.142476198,4841
0.142479005,4840
0.142481337,4839
0.142485468,4838
0.142493428,4837
0.142496722,4836
0.142508748,4835
0.142513334,4834
0.142516726,4833
0.142519752,4832
0.142523669,4831
0.142528703,4830
0.14253227,4829
0.14253606,4828
0.142539856,4827
0.142555496,4826
0.14259943,4825
0.142603288,4824
0.142607324,4823
0.142613557,4822
0.142617637,4821
0.142622996,4820
0.142628737,4819
0.1426313,4818
0.142635127,4817
0.142637607,4816
0.142640173,4815
0.142643097,4814
0.142646848,4813
0.142653362,4812
0.142657145,4811
0.142662722,4810
0.142665431,4809
0.142668477,4808
0.142672456,4807
0.142676099,4806
0.142679514,4805
0.142683185,4804
0.142687376,4803
0.142690484,4802
0.14269321,4801
0.14269639,4800
0.142702608,4799
0.142708044,4798
0.14271312,4797
0.142717176,4796
0.142721299,4795
0.142734434,4794
0.142739546,4793
0.142743809,4792
0.142749268,4791
0.142754983,4790
0.142760118,4789
0.14276475,4788
0.142768584,4787
0.142774474,4786
0.14277785,4785
0.142783784,4784
0.142789019,4783
0.142793952,4782
0.14279818,4781
0.142801576,4780
0.142805256,4779
0.142810453,4778
0.142815426,4777
0.142829709,4776
0.142833347,4775
0.142836815,4774
0.142842748,4773
0.142847371,4772
0.142854172,4771
0.142859433,4770
0.1428671,4769
0.142873272,4768
0.142876692,4767
0.142879764,4766
0.142882778,4765
0.142887292,4764
0.142891309,4763
0.142896393,4762
0.1429014,4761
0.142905032,4760
0.14291199,4759
0.142915415,4758
0.1429197,4757
0.142923465,4756
0.142929417,4755
0.142935748,4754
0.142940662,4753
0.142944272,4752
0.142950788,4751
0.142957984,4750
0.142962877,4749
0.142968277,4748
0.143017238,4747
0.143056063,4746
0.143141158,4745
0.143153215,4744
0.143187701,4743
0.14319234,4742
0.143198866,4741
0.143211534,4740
0.143217025,4739
0.143222865,4738
0.143226191,4737
0.143230034,4736
0.143234776,4735
0.14324098,4734
0.143246138,4733
0.143251857,4732
0.14325534,4731
0.143278865,4730
0.143286703,4729
0.143290745,4728
0.143296276,4727
0.14330243,4726
0.143318386,4725
0.143323461,4724
0.143327117,4723
0.143335195,4722
0.143339242,4721
0.143346396,4720
0.143351945,4719
0.143400278,4718
0.143404886,4717
0.143409363,4716
0.143415385,4715
0.143418592,4714
0.143422152,4713
0.143427168,4712
0.143430636,4711
0.143435077,4710
0.143440749,4709
0.143449997,4708
0.143455753,4707
0.143462432,4706
0.143465991,4705
0.143470807,4704
0.143473803,4703
0.143477995,4702
0.143484322,4701
0.143489645,4700
0.143494373,4699
0.143500456,4698
0.143507193,4697
0.143513729,4696
0.143520578,4695
0.143526827,4694
0.143539116,4693
0.14354879,4692
0.143553401,4691
0.143557584,4690
0.143564164,4689
0.143569104,4688
0.143574993,4687
0.143580601,4686
0.14358435,4685
0.143588326,4684
0.143592341,4683
0.143597639,4682
0.143602564,4681
0.143607633,4680
0.14361159,4679
0.143626173,4678
0.143630938,4677
0.143635038,4676
0.143640031,4675
0.143644912,4674
0.143648893,4673
0.143657165,4672
0.143663338,4671
0.143666901,4670
0.143673823,4669
0.14368839,4668
0.143701989,4667
0.143715705,4666
0.143727344,4665
0.143733107,4664
0.143748367,4663
0.143752279,4662
0.143757691,4661
0.143761723,4660
0.143765186,4659
0.14376897,4658
0.143773184,4657
0.14377761,4656
0.143781109,4655
0.143786396,4654
0.143791083,4653
0.143794801,4652
0.143811831,4651
0.143826731,4650
0.143830163,4649
0.143835745,4648
0.143839845,4647
0.143847344,4646
0.143852069,4645
0.14385858,4644
0.14386706,4643
0.143870189,4642
0.143874139,4641
0.143881012,4640
0.14390222,4639
0.143909036,4638
0.143913135,4637
0.143918105,4636
0.143922009,4635
0.143936666,4634
0.143940392,4633
0.143946691,4632
0.143952369,4631
0.143966027,4630
0.143969934,4629
0.14397355,4628
0.143976846,4627
0.144069145,4626
0.144120965,4625
0.144125463,4624
0.144128696,4623
0.144132349,4622
0.144136562,4621
0.144141429,4620
0.144145663,4619
0.144149077,4618
0.144155766,4617
0.144160242,4616
0.14416432,4615
0.144169213,4614
0.14417458,4613
0.144178468,4612
0.144183828,4611
0.144189654,4610
0.144195137,4609
0.14420457,4608
0.144247598,4607
0.144263017,4606
0.144300677,4605
0.144303963,4604
0.144317797,4603
0.144321639,4602
0.144328417,4601
0.144339206,4600
0.144346261,4599
0.144351693,4598
0.14436042,4597
0.144365592,4596
0.144372744,4595
0.144391263,4594
0.144394925,4593
0.144400589,4592
0.144404466,4591
0.144407518,4590
0.144420949,4589
0.144425237,4588
0.144441766,4587
0.14444492,4586
0.144447999,4585
0.14445262,4584
0.144456807,4583
0.144459985,4582
0.144465747,4581
0.144469393,4580
0.144478866,4579
0.144487474,4578
0.144493665,4577
0.144498227,4576
0.144503504,4575
0.144506668,4574
0.144510662,4573
0.144535926,4572
0.144552931,4571
0.144556704,4570
0.144562025,4569
0.14456479,4568
0.144571087,4567
0.144575131,4566
0.144579332,4565
0.144586048,4564
0.144590274,4563
0.144594707,4562
0.144600852,4561
0.144610792,4560
0.144614005,4559
0.144616777,4558
0.144620802,4557
0.144624501,4556
0.144635369,4555
0.144640975,4554
0.144645224,4553
0.145435428,4552
0.145439614,4551
0.145445421,4550
0.145450752,4549
0.145456402,4548
0.145459958,4547
0.145463974,4546
0.14546755,4545
0.145470997,4544
0.145478997,4543
0.145483558,4542
0.145487407,4541
0.145493494,4540
0.145496854,4539
0.145502476,4538
0.145507905,4537
0.145514529,4536
0.145519766,4535
0.145525199,4534
0.145528254,4533
0.145535545,4532
0.145543819,4531
0.145548668,4530
0.145552013,4529
0.145554915,4528
0.14555865,4527
0.145561782,4526
0.145567647,4525
0.145570944,4524
0.145573819,4523
0.145577005,4522
0.145580387,4521
0.145592786,4520
0.145596018,4519
0.145599276,4518
0.145603974,4517
0.145608767,4516
0.145612301,4515
0.145616598,4514
0.145620316,4513
0.145625286,4512
0.145629624,4511
0.145635915,4510
0.145639774,4509
0.145644512,4508
0.145652567,4507
0.145673274,4506
0.145680307,4505
0.145697804,4504
0.14570192,4503
0.145705903,4502
0.145711492,4501
0.145716806,4500
0.14572009,4499
0.145743077,4498
0.1457468,4497
0.145755104,4496
0.145760054,4495
0.145764052,4494
0.145780897,4493
0.145795087,4492
0.145799295,4491
0.145802861,4490
0.145808271,4489
0.145814269,4488
0.145817913,4487
0.145826613,4486
0.145853323,4485
0.145860977,4484
0.145870769,4483
0.145877162,4482
0.145880177,4481
0.145883881,4480
0.145887692,4479
0.145891153,4478
0.145898356,4477
0.145901839,4476
0.145905134,4475
0.145909263,4474
0.145916377,4473
0.145925429,4472
0.145929909,4471
0.145935099,4470
0.145938476,4469
0.145942292,4468
0.145950688,4467
0.145954742,4466
0.145962582,4465
0.14596993,4464
0.145973263,4463
0.145976716,4462
0.145981563,4461
0.145984991,4460
0.145992787,4459
0.145999657,4458
0.146069853,4457
0.146076944,4456
0.14608062,4455
0.146089185,4454
0.146093015,4453
0.146098873,4452
0.146105316,4451
0.146112395,4450
0.146115764,4449
0.146123888,4448
0.146128984,4447
0.146133364,4446
0.146167568,4445
0.146171169,4444
0.146177174,4443
0.146180677,4442
0.146184329,4441
0.146188619,4440
0.146191533,4439
0.146198974,4438
0.146202617,4437
0.146205752,4436
0.146209224,4435
0.146212255,4434
0.146230635,4433
0.14623554,4432
0.146239116,4431
0.146245522,4430
0.14624917,4429
0.146283,4428
0.146287131,4427
0.146294859,4426
0.146298163,4425
0.146300952,4424
0.146328153,4423
0.146331279,4422
0.146335811,4421
0.146341618,4420
0.14634514,4419
0.146349931,4418
0.146353897,4417
0.146359506,4416
0.146364676,4415
0.146376561,4414
0.146384267,4413
0.146388494,4412
0.14644621,4411
0.146450818,4410
0.146458997,4409
0.146469637,4408
0.146475472,4407
0.146478988,4406
0.146486939,4405
0.146490379,4404
0.146493708,4403
0.146501836,4402
0.146507587,4401
0.146511297,4400
0.146515309,4399
0.14652106,4398
0.14652609,4397
0.146531728,4396
0.146534988,4395
0.146544626,4394
0.146550713,4393
0.146559606,4392
0.146563422,4391
0.146568556,4390
0.146574803,4389
0.146585408,4388
0.1472401,4387
0.147291872,4386
0.14729689,4385
0.147318406,4384
0.147328668,4383
0.147367261,4382
0.147387572,4381
0.147391035,4380
0.14739485,4379
0.147398019,4378
0.147401211,4377
0.147414592,4376
0.14741926,4375
0.147422806,4374
0.147427219,4373
0.147433017,4372
0.147440632,4371
0.147449131,4370
0.147454028,4369
0.147459286,4368
0.147466031,4367
0.14747029,4366
0.147473928,4365
0.147479225,4364
0.147482956,4363
0.147486841,4362
0.14750089,4361
0.147506649,4360
0.147522412,4359
0.147529522,4358
0.147534477,4357
0.147538117,4356
0.147554946,4355
0.147558606,4354
0.14756211,4353
0.147568843,4352
0.147572445,4351
0.147576106,4350
0.14757982,4349
0.147595817,4348
0.147599785,4347
0.147604102,4346
0.147609274,4345
0.147614807,4344
0.147628389,4343
0.14763208,4342
0.1476356,4341
0.14764013,4340
0.147644238,4339
0.14764965,4338
0.147655711,4337
0.147669006,4336
0.147676085,4335
0.147679593,4334
0.147682985,4333
0.147686844,4332
0.147694547,4331
0.147699826,4330
0.147707404,4329
0.147714937,4328
0.147722599,4327
0.147732429,4326
0.147736815,4325
0.147750589,4324
0.147758558,4323
0.147766285,4322
0.147774853,4321
0.147778603,4320
0.147786383,4319
0.147793145,4318
0.147797673,4317
0.147801397,4316
0.147805367,4315
0.147809222,4314
0.147826666,4313
0.147835329,4312
0.147838939,4311
0.147842681,4310
0.147849442,4309
0.147853656,4308
0.147861142,4307
0.14786676,4306
0.147875076,4305
0.147881133,4304
0.147886821,4303
0.147891394,4302
0.147896652,4301
0.147902095,4300
0.147905552,4299
0.147918177,4298
0.147926696,4297
0.147935807,4296
0.147944173,4295
0.147966718,4294
0.147982164,4293
0.148002513,4292
0.148007486,4291
0.148011188,4290
0.148024929,4289
0.148028699,4288
0.148034219,4287
0.148049744,4286
0.148074076,4285
0.148095831,4284
0.148101647,4283
0.148106925,4282
0.148121022,4281
0.148135279,4280
0.148140235,4279
0.148147117,4278
0.148161128,4277
0.148166923,4276
0.148183849,4275
0.148193979,4274
0.148200288,4273
0.148205682,4272
0.148212168,4271
0.148218734,4270
0.148223179,4269
0.148227129,4268
0.148232483,4267
0.148253401,4266
0.148270615,4265
0.148276783,4264
0.148296297,4263
0.148301333,4262
0.148309278,4261
0.148325313,4260
0.148333116,4259
0.148338536,4258
0.148357176,4257
0.14836056,4256
0.148364842,4255
0.148374263,4254
0.148378182,4253
0.148382975,4252
0.148387399,4251
0.14839161,4250
0.148395315,4249
0.148399037,4248
0.148410621,4247
0.148415026,4246
0.148417705,4245
0.148423015,4244
0.14842712,4243
0.148435796,4242
0.148441201,4241
0.148446299,4240
0.148451199,4239
0.148456755,4238
0.148460231,4237
0.148476008,4236
0.148481992,4235
0.148485156,4234
0.148490546,4233
0.148493744,4232
0.148501734,4231
0.148504615,4230
0.148510236,4229
0.148513307,4228
0.148518132,4227
0.148521275,4226
0.148525262,4225
0.148534093,4224
0.148537704,4223
0.148542529,4222
0.148549583,4221
0.148568283,4220
0.14858302,4219
0.148617446,4218
0.148641256,4217
0.148732284,4216
0.149568443,4215
0.149575833,4214
0.14958075,4213
0.149589199,4212
0.149593367,4211
0.149629427,4210
0.149635332,4209
0.149687718,4208
0.149701056,4207
0.149826149,4206
0.149857722,4205
0.149888213,4204
0.149902282,4203
0.149909468,4202
0.149944791,4201
0.149949407,4200
0.149955447,4199
0.150032326,4198
0.150036688,4197
0.150052167,4196
0.150055852,4195
0.150059537,4194
0.150067598,4193
0.150075753,4192
0.150079043,4191
0.150087558,4190
0.150098683,4189
0.150104386,4188
0.150110881,4187
0.150122078,4186
0.150126201,4185
0.150190691,4184
0.150200553,4183
0.150218008,4182
0.150228708,4181
0.150233822,4180
0.150239716,4179
0.150244853,4178
0.150250137,4177
0.150260137,4176
0.150264228,4175
0.150364868,4174
0.150398347,4173
0.150402311,4172
0.150408553,4171
0.150416721,4170
0.150420063,4169
0.150425023,4168
0.150430704,4167
0.150441219,4166
0.150444256,4165
0.150482497,4164
0.150488086,4163
0.150491916,4162
0.150495709,4161
0.150506665,4160
0.150511042,4159
0.15051561,4158
0.150524783,4157
0.150540511,4156
0.150544817,4155
0.150559723,4154
0.150563066,4153
0.150568934,4152
0.150577117,4151
0.150581673,4150
0.150587135,4149
0.150590583,4148
0.150594503,4147
0.150599204,4146
0.150602803,4145
0.150607589,4144
0.150616777,4143
0.150621592,4142
0.150627765,4141
0.150631159,4140
0.150637173,4139
0.150659598,4138
0.150663231,4137
0.150666521,4136
0.150679276,4135
0.150682581,4134
0.150688237,4133
0.150696301,4132
0.150699622,4131
0.150712863,4130
0.150715782,4129
0.150720502,4128
0.15072891,4127
0.150734045,4126
0.150737518,4125
0.150743837,4124
0.150750488,4123
0.150758512,4122
0.150774012,4121
0.150826636,4120
0.150885275,4119
0.150893538,4118
0.15089871,4117
0.150902654,4116
0.15091151,4115
0.150915408,4114
0.150994158,4113
0.151044181,4112
0.151108646,4111
0.151121216,4110
0.151194641,4109
0.151250971,4108
0.151273833,4107
0.151302905,4106
0.151319173,4105
0.151333954,4104
0.151348642,4103
0.15135385,4102
0.151378694,4101
0.151395942,4100
0.151402082,4099
0.1514066,4098
0.151413394,4097
0.151420549,4096
0.151431417,4095
0.151438849,4094
0.15145282,4093
0.151456202,4092
0.151469647,4091
0.151476151,4090
0.151487836,4089
0.15149662,4088
0.151509665,4087
0.151521105,4086
0.15152513,4085
0.151536896,4084
0.151546456,4083
0.151554155,4082
0.151557275,4081
0.151566732,4080
0.151570868,4079
0.151578138,4078
0.151624633,4077
0.151637201,4076
0.151641228,4075
0.151654945,4074
0.152818821,4073
0.1531011,4072
0.15311086,4071
0.15311572,4070
0.153137686,4069
0.153142515,4068
0.153150771,4067
0.153575719,4066
0.153582342,4065
0.153624872,4064
0.153673201,4063
0.153743659,4062
0.153787693,4061
0.153801545,4060
0.153862653,4059
0.153900082,4058
0.153937809,4057
0.154254819,4056
0.154264428,4055
0.154306694,4054
0.1543112,4053
0.154318788,4052
0.154324808,4051
0.154332097,4050
0.154335953,4049
0.154358612,4048
0.154371632,4047
0.154387923,4046
0.154399295,4045
0.154431344,4044
0.154446663,4043
0.154449884,4042
0.154459189,4041
0.154517071,4040
0.154540285,4039
0.154553153,4038
0.154556268,4037
0.15456213,4036
0.154580903,4035
0.154584458,4034
0.154596179,4033
0.154601029,4032
0.154982106,4031
0.154986266,4030
0.154992322,4029
0.155163642,4028
0.155178191,4027
0.155219809,4026
0.15524302,4025
0.155278155,4024
0.155316182,4023
0.155319759,4022
0.155335169,4021
0.155393678,4020
0.155446146,4019
0.15544901,4018
0.155466341,4017
0.15550426,4016
0.155507645,4015
0.155515865,4014
0.155523465,4013
0.155574606,4012
0.155589722,4011
0.155597613,4010
0.155604677,4009
0.155613245,4008
0.155632989,4007
0.155637804,4006
0.155649754,4005
0.155676952,4004
0.155699436,4003
0.155722996,4002
0.155727169,4001
0.156083901,4000
0.156101882,3999
0.156130563,3998
0.156162565,3997
0.156203485,3996
0.15623104,3995
0.156513366,3994
0.156526116,3993
0.156564286,3992
0.156578801,3991
0.156630734,3990
0.156690307,3989
0.156705549,3988
0.156715577,3987
0.156724564,3986
0.156731772,3985
0.157024498,3984
0.157150963,3983
0.157183375,3982
0.157187631,3981
0.157449976,3980
0.15781226,3979
0.158366146,3978
0.162758014,3977
0.163601648,3976
0.163690526,3975
0.284022585,3974
0.784813429,3973
0.848480166,3972
1.093183994,3971
1.24009003,3970
1.388786679,3969
1.414676552,3968
1.434549398,3967
1.46413862,3966
1.513525687,3965
1.527652623,3964
1.710389939,3963
1.876209244,3962
1.908872894,3961
1.995293233,3960
2.220791982,3959
2.245742784,3958
2.439675032,3957
2.446569515,3956
2.479219413,3955
2.538073445,3954
2.547108408,3953
2.832014164,3952
3.028679738,3951
3.0737317,3950
3.098992436,3949
3.548112087,3948
3.904884587,3947
4.006911328,3946
4.028725289,3945
4.039219989,3944
4.188889631,3943
4.230117288,3942
4.468281088,3941
4.590274677,3940
4.974357903,3939
5.975894212,3938
6.514995502,3937
7.268869266,3936
7.888944174,3935
9.064266842,3934
9.273264242,3933
11.686784303,3932
13.577921435,3931
