0.171289073,5837
0.17135933,5836
0.17139705,5835
0.171439058,5834
0.171495758,5833
0.171514855,5832
0.171550474,5831
0.171560994,5830
0.171604131,5829
0.171633995,5828
0.171661052,5827
0.171705128,5826
0.17171772,5825
0.171733512,5824
0.171741382,5823
0.171749502,5822
0.171757851,5821
0.171767727,5820
0.171783104,5819
0.171796365,5818
0.171807858,5817
0.171819384,5816
0.171868167,5815
0.171877881,5814
0.171887407,5813
0.171897101,5812
0.171909539,5811
0.171923003,5810
0.171971484,5809
0.171994132,5808
0.172010375,5807
0.172026347,5806
0.172044414,5805
0.172055161,5804
0.172065021,5803
0.172077253,5802
0.172087829,5801
0.172099391,5800
0.172124706,5799
0.17213137,5798
0.172168279,5797
0.172174916,5796
0.172185506,5795
0.172194132,5794
0.172200369,5793
0.172206957,5792
0.172212916,5791
0.172218965,5790
0.172224782,5789
0.172232351,5788
0.172238119,5787
0.172244157,5786
0.172250021,5785
0.172257575,5784
0.172301372,5783
0.17230915,5782
0.172317029,5781
0.17234143,5780
0.172347748,5779
0.172356028,5778
0.172363635,5777
0.172371303,5776
0.1723789,5775
0.172386409,5774
0.17239478,5773
0.172405298,5772
0.172413294,5771
0.172421099,5770
0.172429505,5769
0.172439012,5768
0.172451866,5767
0.172492427,5766
0.172500124,5765
0.172521561,5764
0.172529043,5763
0.172536863,5762
0.172545215,5761
0.1725991,5760
0.173742988,5759
0.173774636,5758
0.173788517,5757
0.173800556,5756
0.173811501,5755
0.173868715,5754
0.17388149,5753
0.173928341,5752
0.173936715,5751
0.173944346,5750
0.173952102,5749
0.173959726,5748
0.173966345,5747
0.173973855,5746
0.173981568,5745
0.173988123,5744
0.173995341,5743
0.174003325,5742
0.174033568,5741
0.174043008,5740
0.174052298,5739
0.174062544,5738
0.174071535,5737
0.174079863,5736
0.174088704,5735
0.174097704,5734
0.174106727,5733
0.174117933,5732
0.174126933,5731
0.174135673,5730
0.174151105,5729
0.174160026,5728
0.174170963,5727
0.174178513,5726
0.174186315,5725
0.174194155,5724
0.1742028,5723
0.174211799,5722
0.174220206,5721
0.174227901,5720
0.174239664,5719
0.174284219,5718
0.174293314,5717
0.174301925,5716
0.174319848,5715
0.17432821,5714
0.17433537,5713
0.174342435,5712
0.174350313,5711
0.174357533,5710
0.174369775,5709
0.174416546,5708
0.174475114,5707
0.1744857,5706
0.17557987,5705
0.175594907,5704
0.17560194,5703
0.175608274,5702
0.175614815,5701
0.175621243,5700
0.175627531,5699
0.175633727,5698
0.175639772,5697
0.1756456,5696
0.175696143,5695
0.175702449,5694
0.175708857,5693
0.175715226,5692
0.175722878,5691
0.175728981,5690
0.17573518,5689
0.17574579,5688
0.175783251,5687
0.175790771,5686
0.175826516,5685
0.17583831,5684
0.175877942,5683
0.175884655,5682
0.175892912,5681
0.175931695,5680
0.17593819,5679
0.175944273,5678
0.1759507,5677
0.175957579,5676
0.175971024,5675
0.175975983,5674
0.175981093,5673
0.175985555,5672
0.175990042,5671
0.175995873,5670
0.176001294,5669
0.176008679,5668
0.17601292,5667
0.176019188,5666
0.176027274,5665
0.176047287,5664
0.176053082,5663
0.176058299,5662
0.176062921,5661
0.176067688,5660
0.176072299,5659
0.176078541,5658
0.176084036,5657
0.176089629,5656
0.176094975,5655
0.176099927,5654
0.176105289,5653
0.176110225,5652
0.176115247,5651
0.176120253,5650
0.176125333,5649
0.176130112,5648
0.176134786,5647
0.176139451,5646
0.176155213,5645
0.179263935,5644
0.179283955,5643
0.179290379,5642
0.179296399,5641
0.179302631,5640
0.179308629,5639
0.179315066,5638
0.179471429,5637
0.179476731,5636
0.179622191,5635
0.179627895,5634
0.179633795,5633
0.179639798,5632
0.179647512,5631
0.179659978,5630
0.179672133,5629
0.179677353,5628
0.179691188,5627
0.179696298,5626
0.179702312,5625
0.179706952,5624
0.179713409,5623
0.179719674,5622
0.179724034,5621
0.179731635,5620
0.179739865,5619
0.179753388,5618
0.179804797,5617
0.17981158,5616
0.179819553,5615
0.180135439,5614
0.18025458,5613
0.180318881,5612
0.180367288,5611
0.180376858,5610
0.180385392,5609
0.180408353,5608
0.180455006,5607
0.180509236,5606
0.180546111,5605
0.180550651,5604
0.180555692,5603
0.180559619,5602
0.180563227,5601
0.18056815,5600
0.180573671,5599
0.180580944,5598
0.180592221,5597
0.180597402,5596
0.180602195,5595
0.180607288,5594
0.180611357,5593
0.18061567,5592
0.18062047,5591
0.180624705,5590
0.180628945,5589
0.180632843,5588
0.180640825,5587
0.180648097,5586
0.180654015,5585
0.180659219,5584
0.180669852,5583
0.180676268,5582
0.180679956,5581
0.180682854,5580
0.180685976,5579
0.180688709,5578
0.180709897,5577
0.180713214,5576
0.180716701,5575
0.180719314,5574
0.180722437,5573
0.18072947,5572
0.180734335,5571
0.180738607,5570
0.18074291,5569
0.180747253,5568
0.180793012,5567
0.180797326,5566
0.180801267,5565
0.180805043,5564
0.180808688,5563
0.180812048,5562
0.18082102,5561
0.180827563,5560
0.180831732,5559
0.180835932,5558
0.180847369,5557
0.180851626,5556
0.180862096,5555
0.180868548,5554
0.180873276,5553
0.180877328,5552
0.180880453,5551
0.180883201,5550
0.180886578,5549
0.180890459,5548
0.180894066,5547
0.180898568,5546
0.180901964,5545
0.180906852,5544
0.180912285,5543
0.180916388,5542
0.180919858,5541
0.180924269,5540
0.180931641,5539
0.18093511,5538
0.180938999,5537
0.18094402,5536
0.180947945,5535
0.18117691,5534
0.181181954,5533
0.18118722,5532
0.18119117,5531
0.181196996,5530
0.181202233,5529
0.18120839,5528
0.181215281,5527
0.181220237,5526
0.181225052,5525
0.181230019,5524
0.181234482,5523
0.181529941,5522
0.181544278,5521
0.181551138,5520
0.181606452,5519
0.181611472,5518
0.18161643,5517
0.181622296,5516
0.181626438,5515
0.181630297,5514
0.181639456,5513
0.181643598,5512
0.181648858,5511
0.181652778,5510
0.181656079,5509
0.181658826,5508
0.181661452,5507
0.181664568,5506
0.181667106,5505
0.18167027,5504
0.181672644,5503
0.181675344,5502
0.181677889,5501
0.181680264,5500
0.181682928,5499
0.181685263,5498
0.181688373,5497
0.181692445,5496
0.181695763,5495
0.181699091,5494
0.181702309,5493
0.181705396,5492
0.181708449,5491
0.181711958,5490
0.181715928,5489
0.181719545,5488
0.181726549,5487
0.181729694,5486
0.181732826,5485
0.18173604,5484
0.181739456,5483
0.181742541,5482
0.181750712,5481
0.181753938,5480
0.181758586,5479
0.181761812,5478
0.181764956,5477
0.181768244,5476
0.181771513,5475
0.181775293,5474
0.181778519,5473
0.181782141,5472
0.181785732,5471
0.181789036,5470
0.181794808,5469
0.181799417,5468
0.181803071,5467
0.181807289,5466
0.181811542,5465
0.181826732,5464
0.181832409,5463
0.181838305,5462
0.181842683,5461
0.181846815,5460
0.181851146,5459
0.181855867,5458
0.18186184,5457
0.181868803,5456
0.181873029,5455
0.18187606,5454
0.181879336,5453
0.18188226,5452
0.181887231,5451
0.181890232,5450
0.181893195,5449
0.181896367,5448
0.181899351,5447
0.181902431,5446
0.181905445,5445
0.18190845,5444
0.181922505,5443
0.181925544,5442
0.181928318,5441
0.181932155,5440
0.181934901,5439
0.181937836,5438
0.181943914,5437
0.181948411,5436
0.181952444,5435
0.181958779,5434
0.181963454,5433
0.181966705,5432
0.181970851,5431
0.181974168,5430
0.181977428,5429
0.18198061,5428
0.181983627,5427
0.181989516,5426
0.181994807,5425
0.181997815,5424
0.182000965,5423
0.182005871,5422
0.182008869,5421
0.182012086,5420
0.182015509,5419
0.182018501,5418
0.182022122,5417
0.182026393,5416
0.182031296,5415
0.182034586,5414
0.182037865,5413
0.182048266,5412
0.182052115,5411
0.182055687,5410
0.18206037,5409
0.182067118,5408
0.182072414,5407
0.182076973,5406
0.182081013,5405
0.182149843,5404
0.182154288,5403
0.182193641,5402
0.182197571,5401
0.182201661,5400
0.182207149,5399
0.182218064,5398
0.182255456,5397
0.182259834,5396
0.182264634,5395
0.182268605,5394
0.182276008,5393
0.18228017,5392
0.182285594,5391
0.182294575,5390
0.182393183,5389
0.182396528,5388
0.182463655,5387
0.182514968,5386
0.182519268,5385
0.18252247,5384
0.182527193,5383
0.182585629,5382
0.182593498,5381
0.182598258,5380
0.182608418,5379
0.182614746,5378
0.182648985,5377
0.182715665,5376
0.18276418,5375
0.182816312,5374
0.182841831,5373
0.182881052,5372
0.182897584,5371
0.18291199,5370
0.182941099,5369
0.182953356,5368
0.182956586,5367
0.182961367,5366
0.182967587,5365
0.182971951,5364
0.18297621,5363
0.182980249,5362
0.182984075,5361
0.18298811,5360
0.182991459,5359
0.182997842,5358
0.183047606,5357
0.1831734,5356
0.183177818,5355
0.183181185,5354
0.183183732,5353
0.183187035,5352
0.183191014,5351
0.183194209,5350
0.183199495,5349
0.183202126,5348
0.183205446,5347
0.183215541,5346
0.183218065,5345
0.183220592,5344
0.183223079,5343
0.183225491,5342
0.183228897,5341
0.183232436,5340
0.183235538,5339
0.183237819,5338
0.183240059,5337
0.183242277,5336
0.183244562,5335
0.183251272,5334
0.183254845,5333
0.183257879,5332
0.183260954,5331
0.183264022,5330
0.183267022,5329
0.183271142,5328
0.183275555,5327
0.18327918,5326
0.183286068,5325
0.183297078,5324
0.183301066,5323
0.183305459,5322
0.183310263,5321
0.183332855,5320
0.183337139,5319
0.183340589,5318
0.183343809,5317
0.183347057,5316
0.183351215,5315
0.183354989,5314
0.183360496,5313
0.183366511,5312
0.183369988,5311
0.183373229,5310
0.183379364,5309
0.183405951,5308
0.183410842,5307
0.183414085,5306
0.183418254,5305
0.183422244,5304
0.183432967,5303
0.183480452,5302
0.183599745,5301
0.183634515,5300
0.183638203,5299
0.183641736,5298
0.183646187,5297
0.183660601,5296
0.18367201,5295
0.183675692,5294
0.183682993,5293
0.183686731,5292
0.183715423,5291
0.183719658,5290
0.183722828,5289
0.183729069,5288
0.18373296,5287
0.183736142,5286
0.18373903,5285
0.18374413,5284
0.183750197,5283
0.18375289,5282
0.183756002,5281
0.183759692,5280
0.183763741,5279
0.183770963,5278
0.183802016,5277
0.183805649,5276
0.183808028,5275
0.183810306,5274
0.183815581,5273
0.183818811,5272
0.183821119,5271
0.183824888,5270
0.183826953,5269
0.183830539,5268
0.183833623,5267
0.183836603,5266
0.18383864,5265
0.183841773,5264
0.183845052,5263
0.183849655,5262
0.183852527,5261
0.183856134,5260
0.183859039,5259
0.183862865,5258
0.183865655,5257
0.183868797,5256
0.183872908,5255
0.183876093,5254
0.183879223,5253
0.183884081,5252
0.183888437,5251
0.183890962,5250
0.183893799,5249
0.183897599,5248
0.183900914,5247
0.183904898,5246
0.183909172,5245
0.183913877,5244
0.183916584,5243
0.183920993,5242
0.183923792,5241
0.183926114,5240
0.183929213,5239
0.183932066,5238
0.183936404,5237
0.183939822,5236
0.183942371,5235
0.183944802,5234
0.183947411,5233
0.183950064,5232
0.183953456,5231
0.18395636,5230
0.183960999,5229
0.183965633,5228
0.183978235,5227
0.183981114,5226
0.183986796,5225
0.183989918,5224
0.183992903,5223
0.183996311,5222
0.183999492,5221
0.18400382,5220
0.184063589,5219
0.184066792,5218
0.184070888,5217
0.184075109,5216
0.184078764,5215
0.184084067,5214
0.18408711,5213
0.184090081,5212
0.185547991,5211
0.185556646,5210
0.185560474,5209
0.185591612,5208
0.185596114,5207
0.185598896,5206
0.185603523,5205
0.185606454,5204
0.185609361,5203
0.185612122,5202
0.185616111,5201
0.185619978,5200
0.185623436,5199
0.185628379,5198
0.185633024,5197
0.185682672,5196
0.185717429,5195
0.185720931,5194
0.185723626,5193
0.185729842,5192
0.185732515,5191
0.185735542,5190
0.185740495,5189
0.185744238,5188
0.185748842,5187
0.185753482,5186
0.18575708,5185
0.185760094,5184
0.185763565,5183
0.185767784,5182
0.185770534,5181
0.185776056,5180
0.185779623,5179
0.18578275,5178
0.185787769,5177
0.185791772,5176
0.185796013,5175
0.185799154,5174
0.185803448,5173
0.185806418,5172
0.185809486,5171
0.185813739,5170
0.185819576,5169
0.185822533,5168
0.185825181,5167
0.185831091,5166
0.185834297,5165
0.18583678,5164
0.185839898,5163
0.185843771,5162
0.185849011,5161
0.185852242,5160
0.185854936,5159
0.185859315,5158
0.185862922,5157
0.185866116,5156
0.185872253,5155
0.185875452,5154
0.185887664,5153
0.185891964,5152
0.185896573,5151
0.185899929,5150
0.185904459,5149
0.185907791,5148
0.185911385,5147
0.185914852,5146
0.185918593,5145
0.185922946,5144
0.185926551,5143
0.185930088,5142
0.185934482,5141
0.185938256,5140
0.185943486,5139
0.185946896,5138
0.185951449,5137
0.185958533,5136
0.18596328,5135
0.1859668,5134
0.185971797,5133
0.185978674,5132
0.185986999,5131
0.185990854,5130
0.185994451,5129
0.185999665,5128
0.186003616,5127
0.186008806,5126
0.186011669,5125
0.186014791,5124
0.186017637,5123
0.186052793,5122
0.186055678,5121
0.186058422,5120
0.1860608,5119
0.186063225,5118
0.186066832,5117
0.18606914,5116
0.186072073,5115
0.18607927,5114
0.18608211,5113
0.186089182,5112
0.186094378,5111
0.186097738,5110
0.186100734,5109
0.186104793,5108
0.186107877,5107
0.18611012,5106
0.186113703,5105
0.186115905,5104
0.186120639,5103
0.186124672,5102
0.186127535,5101
0.186130828,5100
0.186134313,5099
0.186137539,5098
0.186140576,5097
0.186994963,5096
0.186997723,5095
0.18700174,5094
0.187005688,5093
0.18700937,5092
0.187017733,5091
0.187025047,5090
0.187030429,5089
0.187034399,5088
0.187038171,5087
0.187042255,5086
0.18705105,5085
0.187054725,5084
0.187058781,5083
0.187062207,5082
0.187065541,5081
0.187068668,5080
0.187073638,5079
0.187077085,5078
0.187081249,5077
0.187088398,5076
0.187092582,5075
0.18709634,5074
0.187101606,5073
0.187104818,5072
0.187108721,5071
0.187112231,5070
0.187115525,5069
0.187118946,5068
0.187122509,5067
0.187125581,5066
0.1871298,5065
0.187132511,5064
0.187135627,5063
0.187176229,5062
0.187183387,5061
0.187189624,5060
0.187195249,5059
0.18720033,5058
0.187204277,5057
0.187207827,5056
0.187211817,5055
0.187215795,5054
0.187219128,5053
0.187223585,5052
0.187226739,5051
0.187229547,5050
0.187241637,5049
0.187282521,5048
0.187316569,5047
0.187321807,5046
0.187326911,5045
0.187332119,5044
0.187340191,5043
0.18734527,5042
0.187349227,5041
0.187353584,5040
0.187359637,5039
0.187402942,5038
0.187409435,5037
0.187412871,5036
0.187416102,5035
0.187419599,5034
0.1874243,5033
0.187431806,5032
0.187435983,5031
0.187440493,5030
0.187445362,5029
0.187448646,5028
0.187451774,5027
0.187455003,5026
0.187458281,5025
0.187461414,5024
0.187477971,5023
0.187482921,5022
0.18748655,5021
0.187490819,5020
0.187505241,5019
0.187509238,5018
0.187512247,5017
0.187515234,5016
0.187524639,5015
0.18752933,5014
0.187534188,5013
0.187537823,5012
0.187541982,5011
0.187545161,5010
0.187549744,5009
0.187554546,5008
0.187564022,5007
0.18756901,5006
0.187572706,5005
0.187575876,5004
0.187578512,5003
0.187581383,5002
0.187587526,5001
0.187591519,5000
0.187595667,4999
0.187598877,4998
0.187601896,4997
0.187610443,4996
0.187615099,4995
0.187620616,4994
0.1876236,4993
0.187627345,4992
0.187633285,4991
0.187636933,4990
0.187640149,4989
0.187647023,4988
0.187651479,4987
0.187656753,4986
0.187660528,4985
0.187665273,4984
0.187668985,4983
0.187673346,4982
0.187678313,4981
0.187681783,4980
0.187688664,4979
0.187693107,4978
0.187698565,4977
0.187701932,4976
0.187705505,4975
0.187712901,4974
0.187716679,4973
0.187720669,4972
0.187724253,4971
0.187728115,4970
0.187731922,4969
0.187735095,4968
0.187740136,4967
0.187743915,4966
0.187757668,4965
0.187765068,4964
0.187769795,4963
0.187773487,4962
0.187778789,4961
0.187783723,4960
0.187791954,4959
0.187797945,4958
0.187802559,4957
0.187807621,4956
0.187810893,4955
0.187814512,4954
0.18781738,4953
0.187820111,4952
0.187823541,4951
0.187826242,4950
0.187830938,4949
0.187833612,4948
0.18783639,4947
0.187839232,4946
0.187842475,4945
0.187845666,4944
0.187850397,4943
0.187852967,4942
0.187855596,4941
0.187861035,4940
0.187864419,4939
0.187868727,4938
0.187873734,4937
0.187877505,4936
0.187882454,4935
0.18788904,4934
0.187928386,4933
0.187935724,4932
0.187941894,4931
0.187945618,4930
0.187950065,4929
0.187953165,4928
0.187956161,4927
0.187959092,4926
0.18796463,4925
0.187968491,4924
0.187976188,4923
0.187979463,4922
0.187984296,4921
0.187989043,4920
0.187993518,4919
0.188000343,4918
0.18800444,4917
0.188008118,4916
0.188012715,4915
0.188016481,4914
0.188021251,4913
0.188026731,4912
0.188030106,4911
0.188036407,4910
0.188041602,4909
0.188045354,4908
0.188050397,4907
0.18805464,4906
0.188058258,4905
0.188062728,4904
0.188070484,4903
0.188078012,4902
0.188084765,4901
0.188088515,4900
0.188092139,4899
0.188098294,4898
0.188102314,4897
0.188179394,4896
0.188190961,4895
0.188194633,4894
0.188198268,4893
0.188202544,4892
0.188207522,4891
0.188211761,4890
0.188214616,4889
0.188217336,4888
0.188220419,4887
0.188223,4886
0.188226029,4885
0.188228623,4884
0.188231618,4883
0.188234431,4882
0.188238168,4881
0.188240641,4880
0.188244301,4879
0.188247827,4878
0.188251343,4877
0.188253951,4876
0.188256765,4875
0.188260373,4874
0.188263113,4873
0.188266387,4872
0.188271739,4871
0.18827419,4870
0.188277967,4869
0.188281791,4868
0.18828659,4867
0.188290343,4866
0.188297334,4865
0.188300119,4864
0.18830416,4863
0.18830931,4862
0.188311949,4861
0.18833459,4860
0.188337407,4859
0.188340209,4858
0.188343197,4857
0.188347279,4856
0.188355964,4855
0.18835861,4854
0.188363295,4853
0.188366005,4852
0.188368899,4851
0.188374532,4850
0.188377165,4849
0.188385025,4848
0.188387762,4847
0.188391381,4846
0.18839424,4845
0.188397308,4844
0.188400145,4843
0.188403483,4842
0.188406834,4841
0.188410818,4840
0.18841434,4839
0.18841933,4838
0.188422,4837
0.188424549,4836
0.188426796,4835
0.188429506,4834
0.188432146,4833
0.188436811,4832
0.188439316,4831
0.188442732,4830
0.188445725,4829
0.188450163,4828
0.188456285,4827
0.188459146,4826
0.188462078,4825
0.188465708,4824
0.188470111,4823
0.188474905,4822
0.188480629,4821
0.188484,4820
0.188487693,4819
0.188490828,4818
0.188495535,4817
0.188500395,4816
0.188507446,4815
0.188511056,4814
0.188514027,4813
0.188517248,4812
0.188521314,4811
0.188524664,4810
0.188528923,4809
0.188532149,4808
0.18853839,4807
0.188541446,4806
0.188551703,4805
0.188556541,4804
0.188559421,4803
0.18856266,4802
0.188565328,4801
0.188568784,4800
0.188572176,4799
0.188577014,4798
0.188579533,4797
0.188587182,4796
0.188589693,4795
0.18859319,4794
0.188595874,4793
0.188600124,4792
0.188606419,4791
0.188611236,4790
0.18862378,4789
0.188630273,4788
0.188634737,4787
0.188646085,4786
0.188652792,4785
0.188657672,4784
0.188663087,4783
0.188667206,4782
0.188672496,4781
0.188677814,4780
0.188681051,4779
0.188683521,4778
0.1886889,4777
0.18869506,4776
0.188703596,4775
0.188706452,4774
0.188712034,4773
0.188714763,4772
0.188719324,4771
0.188728488,4770
0.188744443,4769
0.188747055,4768
0.188750025,4767
0.188755691,4766
0.188759619,4765
0.188763624,4764
0.188770542,4763
0.188776826,4762
0.188781951,4761
0.188784606,4760
0.188787396,4759
0.188789988,4758
0.188792823,4757
0.188795791,4756
0.188798453,4755
0.188802576,4754
0.188807489,4753
0.18881062,4752
0.188814252,4751
0.188816734,4750
0.188819416,4749
0.188822323,4748
0.188826779,4747
0.188829932,4746
0.188832827,4745
0.188840165,4744
0.188843619,4743
0.188851299,4742
0.188854061,4741
0.188857774,4740
0.188863168,4739
0.188867192,4738
0.188870666,4737
0.188874212,4736
0.188878151,4735
0.188882967,4734
0.188890283,4733
0.188898103,4732
0.188901623,4731
0.188908058,4730
0.18891249,4729
0.188915941,4728
0.188920798,4727
0.189073177,4726
0.189077219,4725
0.189083728,4724
0.189090967,4723
0.189095777,4722
0.189099346,4721
0.189105052,4720
0.189114071,4719
0.189119159,4718
0.189123103,4717
0.189130291,4716
0.189134294,4715
0.189138083,4714
0.189141403,4713
0.189146587,4712
0.189150002,4711
0.189155656,4710
0.189161589,4709
0.189166227,4708
0.189169549,4707
0.189178141,4706
0.189181166,4705
0.189186084,4704
0.189189225,4703
0.189197093,4702
0.189200389,4701
0.189203401,4700
0.18920639,4699
0.189211736,4698
0.189214605,4697
0.1892193,4696
0.189223255,4695
0.189226322,4694
0.189231359,4693
0.18924014,4692
0.189243527,4691
0.189248727,4690
0.189252857,4689
0.189255921,4688
0.189260838,4687
0.189264154,4686
0.189271793,4685
0.189274735,4684
0.189284259,4683
0.189290927,4682
0.189295509,4681
0.189300468,4680
0.18930591,4679
0.189311031,4678
0.189319706,4677
0.189324757,4676
0.189328009,4675
0.189331783,4674
0.189335453,4673
0.189340184,4672
0.1893431,4671
0.189351499,4670
0.189354909,4669
0.189358093,4668
0.189361366,4667
0.189363868,4666
0.189366385,4665
0.189368827,4664
0.189371296,4663
0.189376073,4662
0.189385268,4661
0.189387924,4660
0.189390358,4659
0.189393664,4658
0.18939961,4657
0.189402088,4656
0.189405117,4655
0.189410476,4654
0.189413009,4653
0.189417502,4652
0.189420112,4651
0.189425762,4650
0.189429573,4649
0.18943227,4648
0.18943866,4647
0.18944149,4646
0.189445935,4645
0.189449466,4644
0.189453025,4643
0.189457574,4642
0.189467511,4641
0.189471742,4640
0.18947528,4639
0.189480967,4638
0.189484054,4637
0.189487575,4636
0.189490713,4635
0.189496913,4634
0.189500973,4633
0.189504424,4632
0.18950822,4631
0.1895119,4630
0.189514753,4629
0.189519543,4628
0.189523374,4627
0.189541971,4626
0.189546912,4625
0.189554867,4624
0.189558771,4623
0.189562407,4622
0.189629878,4621
0.18963299,4620
0.189651373,4619
0.189658362,4618
0.189663385,4617
0.189667853,4616
0.189673581,4615
0.18968087,4614
0.189684892,4613
0.189688874,4612
0.189692197,4611
0.189698346,4610
0.189701711,4609
0.189708111,4608
0.189714235,4607
0.189725547,4606
0.189728695,4605
0.189731936,4604
0.189738736,4603
0.189742415,4602
0.189745997,4601
0.189751728,4600
0.189757553,4599
0.189760616,4598
0.189764733,4597
0.189768208,4596
0.189771111,4595
0.189775214,4594
0.189779818,4593
0.189782896,4592
0.189800438,4591
0.18980337,4590
0.189847621,4589
0.18985043,4588
0.189853943,4587
0.18985665,4586
0.18986298,4585
0.189865883,4584
0.189869067,4583
0.189872722,4582
0.189875541,4581
0.18987906,4580
0.189881594,4579
0.189888248,4578
0.189909628,4577
0.189917719,4576
0.18992296,4575
0.189925868,4574
0.189928651,4573
0.189934426,4572
0.18995914,4571
0.189961739,4570
0.189965208,4569
0.189970753,4568
0.189977456,4567
0.189980351,4566
0.189983503,4565
0.18998859,4564
0.189992334,4563
0.189997793,4562
0.19000339,4561
0.190007735,4560
0.190011306,4559
0.19001703,4558
0.190019559,4557
0.190023919,4556
0.190032532,4555
0.190038954,4554
0.19004237,4553
0.190597317,4552
0.190600549,4551
0.19060425,4550
0.19061086,4549
0.19061664,4548
0.190620836,4547
0.190623303,4546
0.190627163,4545
0.190632646,4544
0.190635466,4543
0.190639396,4542
0.190643926,4541
0.190647309,4540
0.190650084,4539
0.190652679,4538
0.190656106,4537
0.190659346,4536
0.190663774,4535
0.190666581,4534
0.190670542,4533
0.190673668,4532
0.190677259,4531
0.190684195,4530
0.190687619,4529
0.190690927,4528
0.19069522,4527
0.190698938,4526
0.190701796,4525
0.19070698,4524
0.19071182,4523
0.190722833,4522
0.190727469,4521
0.19073037,4520
0.190734754,4519
0.190739228,4518
0.190747115,4517
0.190750474,4516
0.19075393,4515
0.190756989,4514
0.190761088,4513
0.190764632,4512
0.190768644,4511
0.190787784,4510
0.190790408,4509
0.190793265,4508
0.190796018,4507
0.190799134,4506
0.19080189,4505
0.190805914,4504
0.190809596,4503
0.190814867,4502
0.190817294,4501
0.190820172,4500
0.190822842,4499
0.19082695,4498
0.190834409,4497
0.190840941,4496
0.190844412,4495
0.190848232,4494
0.19085236,4493
0.190855024,4492
0.190860819,4491
0.1908706,4490
0.190873025,4489
0.190878277,4488
0.190881178,4487
0.190884377,4486
0.190888239,4485
0.190893873,4484
0.190898035,4483
0.190901136,4482
0.190904243,4481
0.190907107,4480
0.190909942,4479
0.190912942,4478
0.190917628,4477
0.190923911,4476
0.190926993,4475
0.190931121,4474
0.190935088,4473
0.190938056,4472
0.190943872,4471
0.190951163,4470
0.19095441,4469
0.19095884,4468
0.190962016,4467
0.190966681,4466
0.1909711,4465
0.190978245,4464
0.190983564,4463
0.190987383,4462
0.190994349,4461
0.191772809,4460
0.191778457,4459
0.191795515,4458
0.191810347,4457
0.191813713,4456
0.191818555,4455
0.191826973,4454
0.191830858,4453
0.191834616,4452
0.191837758,4451
0.191840947,4450
0.191846746,4449
0.191852097,4448
0.191868307,4447
0.191871621,4446
0.191875421,4445
0.191883123,4444
0.191886723,4443
0.191891624,4442
0.191894993,4441
0.191900677,4440
0.191903841,4439
0.191908794,4438
0.191913985,4437
0.191916969,4436
0.19192088,4435
0.191925502,4434
0.191962405,4433
0.191965227,4432
0.19197044,4431
0.191974931,4430
0.191977986,4429
0.192027182,4428
0.192031459,4427
0.192044564,4426
0.192078059,4425
0.192081919,4424
0.192086043,4423
0.192091205,4422
0.192099886,4421
0.192104314,4420
0.192113222,4419
0.192116812,4418
0.192121761,4417
0.192127244,4416
0.192133747,4415
0.192138594,4414
0.192144707,4413
0.192149858,4412
0.192153567,4411
0.192159302,4410
0.192164616,4409
0.192171039,4408
0.192194416,4407
0.192210566,4406
0.192216887,4405
0.192221189,4404
0.192230448,4403
0.192234017,4402
0.19223729,4401
0.192240577,4400
0.192249755,4399
0.192254095,4398
0.192257471,4397
0.192283846,4396
0.192309451,4395
0.192313941,4394
0.192317772,4393
0.192321283,4392
0.19232643,4391
0.192329194,4390
0.192332661,4389
0.192335048,4388
0.192338469,4387
0.192355043,4386
0.192365255,4385
0.192368433,4384
0.192371298,4383
0.192373597,4382
0.19238399,4381
0.192391543,4380
0.192394081,4379
0.192396993,4378
0.192401802,4377
0.192406975,4376
0.192410705,4375
0.192414692,4374
0.19241825,4373
0.192421471,4372
0.192424855,4371
0.192431265,4370
0.192434931,4369
0.192451574,4368
0.192454816,4367
0.192459121,4366
0.192466438,4365
0.192472089,4364
0.192475868,4363
0.192480891,4362
0.192485034,4361
0.192490617,4360
0.192495556,4359
0.192511711,4358
0.19251547,4357
0.19251873,4356
0.192522088,4355
0.192525259,4354
0.192531072,4353
0.192535468,4352
0.192540416,4351
0.192544017,4350
0.192558729,4349
0.192569519,4348
0.19257709,4347
0.192586038,4346
0.192589978,4345
0.19259662,4344
0.192605198,4343
0.192613089,4342
0.192618552,4341
0.192625472,4340
0.19262899,4339
0.192633212,4338
0.192639555,4337
0.19264461,4336
0.192648584,4335
0.192658345,4334
0.192663994,4333
0.192670581,4332
0.192676032,4331
0.192679999,4330
0.192688739,4329
0.192694119,4328
0.192699532,4327
0.192721465,4326
0.192723843,4325
0.192726447,4324
0.192731747,4323
0.192735077,4322
0.192744344,4321
0.192747671,4320
0.192753995,4319
0.192760256,4318
0.192765486,4317
0.192769725,4316
0.192778902,4315
0.192784132,4314
0.192787896,4313
0.192792522,4312
0.192800641,4311
0.192803087,4310
0.192805809,4309
0.192811343,4308
0.192814315,4307
0.192823393,4306
0.192827735,4305
0.192832012,4304
0.192834685,4303
0.192837734,4302
0.192840509,4301
0.192843324,4300
0.192845938,4299
0.192849502,4298
0.192853458,4297
0.192858057,4296
0.192862722,4295
0.192868082,4294
0.192874097,4293
0.192876756,4292
0.192880319,4291
0.192891852,4290
0.192896887,4289
0.192917657,4288
0.192923427,4287
0.192926212,4286
0.192931375,4285
0.192934385,4284
0.192941344,4283
0.192951326,4282
0.192953827,4281
0.192957495,4280
0.192961015,4279
0.192965046,4278
0.192967455,4277
0.192972153,4276
0.192974701,4275
0.192977782,4274
0.192980677,4273
0.192988617,4272
0.192997103,4271
0.193002767,4270
0.193010882,4269
0.193013732,4268
0.193016097,4267
0.193020437,4266
0.193023236,4265
0.193036636,4264
0.193042888,4263
0.19304628,4262
0.193049306,4261
0.193055164,4260
0.193061067,4259
0.193065192,4258
0.193070202,4257
0.193075485,4256
0.193082415,4255
0.193085158,4254
0.193088782,4253
0.193092151,4252
0.193098267,4251
0.193102511,4250
0.193112315,4249
0.193124103,4248
0.193130819,4247
0.193134236,4246
0.193137361,4245
0.193140435,4244
0.193145122,4243
0.193151463,4242
0.193167928,4241
0.193175256,4240
0.193185964,4239
0.193194503,4238
0.193199635,4237
0.193203109,4236
0.193213908,4235
0.193227226,4234
0.193233838,4233
0.193247278,4232
0.19325641,4231
0.193261951,4230
0.193270895,4229
0.193280419,4228
0.19329254,4227
0.193295694,4226
0.193302809,4225
0.193318089,4224
0.193323989,4223
0.193363349,4222
0.193380072,4221
0.193383881,4220
0.193390661,4219
0.193394271,4218
0.193404732,4217
0.193410963,4216
0.193785804,4215
0.19379737,4214
0.193805209,4213
0.193809759,4212
0.19381367,4211
0.193824984,4210
0.193829065,4209
0.193870243,4208
0.193875856,4207
0.193880466,4206
0.193884576,4205
0.193892015,4204
0.193896039,4203
0.193899778,4202
0.193903278,4201
0.193993739,4200
0.194032321,4199
0.194036461,4198
0.194041458,4197
0.194051021,4196
0.19405465,4195
0.19405945,4194
0.194063651,4193
0.194067422,4192
0.194071362,4191
0.194117361,4190
0.19412222,4189
0.194130013,4188
0.194133435,4187
0.194146412,4186
0.194149725,4185
0.194152983,4184
0.194159104,4183
0.194163162,4182
0.19416997,4181
0.194174747,4180
0.19417911,4179
0.194182854,4178
0.194190267,4177
0.194194296,4176
0.194198673,4175
0.194202259,4174
0.194204832,4173
0.19420815,4172
0.194214442,4171
0.194224449,4170
0.194233723,4169
0.194318604,4168
0.194385241,4167
0.19439398,4166
0.194398344,4165
0.194404117,4164
0.194407479,4163
0.19441003,4162
0.194422488,4161
0.194428581,4160
0.194463753,4159
0.194475842,4158
0.19448574,4157
0.194494495,4156
0.194517364,4155
0.194519859,4154
0.194530161,4153
0.194533989,4152
0.194536225,4151
0.194540903,4150
0.194544006,4149
0.19454893,4148
0.194554985,4147
0.194563225,4146
0.194566102,4145
0.194569571,4144
0.194574422,4143
0.194583188,4142
0.194585977,4141
0.194591101,4140
0.194595099,4139
0.194598041,4138
0.194602208,4137
0.1946067,4136
0.194610664,4135
0.194618511,4134
0.194622195,4133
0.194638251,4132
0.194644426,4131
0.194647074,4130
0.19465152,4129
0.194654212,4128
0.19466331,4127
0.194666849,4126
0.194672089,4125
0.194677187,4124
0.194680241,4123
0.19468464,4122
0.19468805,4121
0.194695714,4120
0.194698183,4119
0.194702021,4118
0.194707295,4117
0.194717282,4116
0.194721492,4115
0.194735111,4114
0.194738498,4113
0.1947468,4112
0.194761704,4111
0.194770611,4110
0.19477491,4109
0.194781382,4108
0.194789789,4107
0.19479704,4106
0.194805329,4105
0.194812903,4104
0.194815372,4103
0.194820617,4102
0.194827001,4101
0.194834984,4100
0.194837768,4099
0.194844848,4098
0.19485496,4097
0.194857491,4096
0.194864259,4095
0.194885791,4094
0.194914703,4093
0.1949207,4092
0.194955537,4091
0.194958467,4090
0.194977493,4089
0.194983257,4088
0.194989446,4087
0.19499299,4086
0.19499613,4085
0.195003929,4084
0.195007194,4083
0.195033367,4082
0.195036853,4081
0.195039755,4080
0.1950529,4079
0.195057613,4078
0.195061626,4077
0.195066575,4076
0.195077019,4075
0.195093674,4074
0.196102086,4073
0.196150917,4072
0.19615421,4071
0.196157441,4070
0.196190382,4069
0.19625957,4068
0.196296467,4067
0.196301839,4066
0.196312878,4065
0.196319915,4064
0.196351775,4063
0.196359893,4062
0.196365969,4061
0.196373207,4060
0.196377283,4059
0.196395114,4058
0.196420743,4057
0.196424369,4056
0.196437911,4055
0.196445269,4054
0.196454857,4053
0.196466902,4052
0.196481514,4051
0.196489228,4050
0.196501355,4049
0.196510694,4048
0.196518334,4047
0.196526173,4046
0.196530006,4045
0.196577739,4044
0.196616694,4043
0.196621276,4042
0.196638709,4041
0.19665163,4040
0.196661362,4039
0.196671604,4038
0.196683432,4037
0.196688624,4036
0.196712437,4035
0.196726894,4034
0.196741241,4033
0.197162471,4032
0.197179974,4031
0.197184521,4030
0.197195304,4029
0.197199449,4028
0.197205641,4027
0.197210674,4026
0.197214063,4025
0.197220064,4024
0.19723411,4023
0.197270204,4022
0.197282626,4021
0.197289671,4020
0.197300355,4019
0.197304326,4018
0.197340702,4017
0.197363956,4016
0.197386199,4015
0.19740493,4014
0.197431971,4013
0.197448646,4012
0.197470125,4011
0.197490963,4010
0.197494892,4009
0.197498384,4008
0.197529269,4007
0.197552811,4006
0.197606928,4005
0.19762605,4004
0.197631276,4003
0.197654711,4002
0.198024019,4001
0.198096078,4000
0.198150398,3999
0.198155621,3998
0.198161889,3997
0.198183205,3996
0.198196462,3995
0.198222939,3994
0.19823441,3993
0.198346277,3992
0.198357143,3991
0.198387677,3990
0.198425654,3989
0.198461811,3988
0.19853701,3987
0.198753683,3986
0.198758098,3985
0.19885612,3984
0.198878882,3983
0.199083306,3982
0.199356946,3981
0.199558817,3980
0.199824589,3979
0.20034905,3978
0.200420942,3977
