0.023203085,1219
0.023317113,1218
0.023427433,1217
0.023476879,1216
0.023527533,1215
0.023595405,1214
0.023621683,1213
0.026602807,1212
0.026674133,1211
0.026697527,1210
0.026709087,1209
0.026717625,1208
0.026725873,1207
0.026734842,1206
0.026743052,1205
0.026752137,1204
0.026761502,1203
0.02677068,1202
0.026779724,1201
0.026788295,1200
0.026796323,1199
0.026851638,1198
0.026893401,1197
0.026905413,1196
0.026914688,1195
0.026925504,1194
0.026936959,1193
0.02694791,1192
0.026959036,1191
0.026970837,1190
0.026981061,1189
0.026991889,1188
0.027003533,1187
0.027013596,1186
0.027027323,1185
0.027036756,1184
0.027047564,1183
0.027057564,1182
0.02706905,1181
0.027079785,1180
0.027095876,1179
0.027106155,1178
0.027117365,1177
0.027126461,1176
0.027135792,1175
0.027145591,1174
0.027158418,1173
0.027168024,1172
0.027177303,1171
0.027188279,1170
0.027197278,1169
0.027207205,1168
0.027222379,1167
0.027231675,1166
0.027241079,1165
0.027250281,1164
0.027259478,1163
0.02726817,1162
0.027277247,1161
0.027288815,1160
0.027297105,1159
0.027306141,1158
0.027331693,1157
0.027340563,1156
0.027349359,1155
0.027389176,1154
0.02739784,1153
0.02740829,1152
0.027417844,1151
0.027426476,1150
0.02743562,1149
0.027444454,1148
0.027453361,1147
0.0274667,1146
0.027479687,1145
0.027488691,1144
0.036112759,1143
0.036126622,1142
0.036135651,1141
0.036538476,1140
0.036554029,1139
0.036562162,1138
0.036569565,1137
0.036581632,1136
0.036643686,1135
0.036650426,1134
0.037285988,1133
0.037304388,1132
0.037312937,1131
0.037348572,1130
0.037356701,1129
0.037362878,1128
0.0373695,1127
0.037377732,1126
0.037389531,1125
0.037397258,1124
0.037463952,1123
0.037470396,1122
0.037476166,1121
0.037514277,1120
0.037520523,1119
0.037529477,1118
0.03753585,1117
0.037542707,1116
0.037548806,1115
0.037555223,1114
0.037563688,1113
0.037569128,1112
0.037574625,1111
0.037580192,1110
0.037586537,1109
0.037719587,1108
0.037748999,1107
0.037758759,1106
0.037764454,1105
0.037769443,1104
0.037805145,1103
0.037810384,1102
0.037870859,1101
0.037889124,1100
0.037900978,1099
0.037914011,1098
0.037925843,1097
0.03794642,1096
0.037960705,1095
0.037977625,1094
0.037991285,1093
0.038005301,1092
0.038179076,1091
0.038187825,1090
0.038194804,1089
0.038202119,1088
0.038278036,1087
0.038285905,1086
0.038297615,1085
0.038336378,1084
0.038347437,1083
0.038352487,1082
0.038359034,1081
0.038364182,1080
0.038377325,1079
0.038425407,1078
0.038462243,1077
0.038470463,1076
0.038500579,1075
0.038508203,1074
0.041195038,1073
0.041204919,1072
0.041230543,1071
0.04123736,1070
0.041269714,1069
0.041309802,1068
0.041314792,1067
0.041357264,1066
0.04136265,1065
0.041732918,1064
0.04174592,1063
0.041750336,1062
0.041759052,1061
0.041762911,1060
0.041767374,1059
0.04177252,1058
0.041778873,1057
0.041785649,1056
0.041789819,1055
0.041797289,1054
0.041814761,1053
0.041819998,1052
0.041831084,1051
0.041836745,1050
0.041852155,1049
0.041873536,1048
0.041880381,1047
0.04188704,1046
0.041898404,1045
0.041902403,1044
0.041906136,1043
0.04191201,1042
0.041917087,1041
0.041927057,1040
0.041930794,1039
0.041936983,1038
0.041944985,1037
0.041955847,1036
0.041960456,1035
0.041967216,1034
0.041971199,1033
0.041977461,1032
0.041984956,1031
0.041989239,1030
0.042004845,1029
0.042021619,1028
0.042045069,1027
0.045179639,1026
0.045190212,1025
0.045201374,1024
0.045213349,1023
0.045230517,1022
0.04524032,1021
0.045254318,1020
0.045259547,1019
0.045278713,1018
0.045286767,1017
0.045302923,1016
0.04531,1015
0.045316322,1014
0.045320639,1013
0.045341941,1012
0.045348015,1011
0.045682795,1010
0.045689228,1009
0.04569351,1008
0.045698104,1007
0.045704001,1006
0.04570885,1005
0.045715391,1004
0.045719048,1003
0.045727846,1002
0.045740805,1001
0.0457471,1000
0.045756565,999
0.04583806,998
0.045878438,997
0.045886773,996
0.045921353,995
0.045967334,994
0.045972092,993
0.045980978,992
0.046032381,991
0.046044091,990
0.046056353,989
0.046061179,988
0.046065707,987
0.046133805,986
0.046139035,985
0.046142955,984
0.046148595,983
0.046153759,982
0.046157587,981
0.0461617,980
0.046165454,979
0.046170374,978
0.046176111,977
0.046180611,976
0.04618478,975
0.046191113,974
0.046205722,973
0.046211322,972
0.046222907,971
0.046248603,970
0.046252328,969
0.046256456,968
0.046260828,967
0.046268123,966
0.04628028,965
0.046284881,964
0.046290704,963
0.046435669,962
0.046479052,961
0.04652131,960
0.046531444,959
0.046545488,958
0.046548894,957
0.046583298,956
0.046592792,955
0.046631192,954
0.046785746,953
0.046789685,952
0.046793382,951
0.04680715,950
0.046814297,949
0.046829548,948
0.046835068,947
0.046839352,946
0.046843572,945
0.046872782,944
0.046878688,943
0.046887409,942
0.046924403,941
0.046927871,940
0.04698902,939
0.046994286,938
0.04700338,937
0.047008076,936
0.047012165,935
0.047023619,934
0.047043736,933
0.047060688,932
0.047079803,931
0.047129846,930
0.0471893,929
0.047383554,928
0.04738798,927
0.047397875,926
0.047403145,925
0.047410417,924
0.047424656,923
0.047429675,922
0.047434833,921
0.04744761,920
0.047464931,919
0.047473141,918
0.047485435,917
0.047493507,916
0.047505487,915
0.047555109,914
0.047577741,913
0.047583754,912
0.047728224,911
0.047860186,910
0.047897587,909
0.047903736,908
0.047910397,907
0.047914999,906
0.0479507,905
0.047988447,904
0.048212398,903
0.048222118,902
0.048236028,901
