0.0253488,1219
0.025359543,1218
0.025372582,1217
0.025378167,1216
0.025440529,1215
0.025486561,1214
0.025523742,1213
0.025552505,1212
0.02556898,1211
0.025586507,1210
0.025593899,1209
0.02559984,1208
0.025605211,1207
0.025611623,1206
0.025618174,1205
0.025627413,1204
0.025637931,1203
0.025645037,1202
0.025653925,1201
0.025661084,1200
0.025668154,1199
0.025681036,1198
0.025693014,1197
0.025701705,1196
0.025709674,1195
0.025716097,1194
0.025727771,1193
0.025734512,1192
0.025745126,1191
0.025759094,1190
0.025769176,1189
0.025779845,1188
0.025791128,1187
0.025803452,1186
0.025815291,1185
0.025826386,1184
0.025835718,1183
0.025847694,1182
0.025861461,1181
0.025878313,1180
0.025885261,1179
0.025892476,1178
0.025898389,1177
0.025913383,1176
0.025927864,1175
0.02594383,1174
0.025959806,1173
0.025974857,1172
0.025988719,1171
0.026007909,1170
0.026014238,1169
0.026030149,1168
0.02603978,1167
0.026057056,1166
0.026070965,1165
0.026085054,1164
0.026098799,1163
0.026114155,1162
0.026142469,1161
0.026150862,1160
0.026191014,1159
0.02619697,1158
0.026213219,1157
0.026227787,1156
0.026243284,1155
0.026297107,1154
0.026304309,1153
0.026340407,1152
0.026373607,1151
0.026400524,1150
0.026409103,1149
0.026414561,1148
0.026419751,1147
0.026426663,1146
0.026432394,1145
0.026437553,1144
0.026442557,1143
0.026447828,1142
0.026452938,1141
0.026457834,1140
0.026462877,1139
0.026469821,1138
0.026476762,1137
0.02651469,1136
0.026526969,1135
0.026539323,1134
0.026549473,1133
0.026559447,1132
0.026568533,1131
0.026600239,1130
0.026651854,1129
0.026771235,1128
0.026788033,1127
0.026800861,1126
0.026834011,1125
0.026849592,1124
0.026855247,1123
0.02686638,1122
0.026877468,1121
0.026905846,1120
0.026919136,1119
0.026926036,1118
0.026939364,1117
0.026988251,1116
0.027035101,1115
0.027041401,1114
0.027048668,1113
0.027054988,1112
0.027062667,1111
0.027123711,1110
0.027161228,1109
0.027170122,1108
0.027181366,1107
0.027223889,1106
0.027232755,1105
0.027240977,1104
0.027248496,1103
0.027256982,1102
0.02726388,1101
0.027273284,1100
0.02727964,1099
0.027286707,1098
0.027326043,1097
0.027333604,1096
0.027342975,1095
0.027350291,1094
0.027355519,1093
0.027360512,1092
0.027370204,1091
0.027388882,1090
0.027404899,1089
0.027423471,1088
0.027434113,1087
0.027449889,1086
0.027472522,1085
0.027481473,1084
0.027487342,1083
0.027491896,1082
0.027496456,1081
0.027499859,1080
0.027503414,1079
0.027507694,1078
0.027511084,1077
0.027519278,1076
0.027525276,1075
0.027558764,1074
0.028232091,1073
0.028236185,1072
0.028402343,1071
0.028406815,1070
0.02844023,1069
0.028477033,1068
0.028490753,1067
0.028495888,1066
0.028502727,1065
0.028507782,1064
0.028512835,1063
0.028516436,1062
0.028524277,1061
0.028528952,1060
0.028532738,1059
0.028537788,1058
0.028541542,1057
0.028546354,1056
0.02855217,1055
0.028556102,1054
0.028564238,1053
0.028569023,1052
0.028583901,1051
0.028588838,1050
0.028592322,1049
0.028600041,1048
0.028606916,1047
0.028620767,1046
0.02864123,1045
0.028677668,1044
0.028685813,1043
0.028694853,1042
0.028699839,1041
0.028717182,1040
0.028725828,1039
0.028735396,1038
0.028744732,1037
0.028809106,1036
0.028835579,1035
0.028858764,1034
0.028862112,1033
0.028871372,1032
0.028877642,1031
0.028885928,1030
0.028900051,1029
0.028903546,1028
0.028923215,1027
0.028933726,1026
0.028942246,1025
0.028951581,1024
0.028962487,1023
0.028967917,1022
0.028981423,1021
0.029007895,1020
0.029012853,1019
0.029039228,1018
0.029046631,1017
0.029053327,1016
0.029061572,1015
0.029065479,1014
0.029082135,1013
0.02908819,1012
0.029096817,1011
0.029311267,1010
0.029316899,1009
0.02932365,1008
0.029329392,1007
0.02933492,1006
0.029342531,1005
0.029372013,1004
0.02937759,1003
0.029424557,1002
0.029430644,1001
0.029435465,1000
0.029440162,999
0.029447104,998
0.029452598,997
0.029482268,996
0.029488837,995
0.029493073,994
0.029499039,993
0.029505872,992
0.029509383,991
0.029513042,990
0.029519404,989
0.029522702,988
0.029528202,987
0.029538731,986
0.02954353,985
0.029552051,984
0.029629163,983
0.029655987,982
0.029692842,981
0.029720212,980
0.029724618,979
0.029730349,978
0.029735951,977
0.029746032,976
0.029750152,975
0.029757571,974
0.02976565,973
0.029773734,972
0.0298073,971
0.029815373,970
0.029819631,969
0.029833704,968
0.029844718,967
0.029858124,966
0.029872113,965
0.029878417,964
0.029902319,963
0.029926804,962
0.029941064,961
0.030044402,960
0.030080594,959
0.030106201,958
0.030116908,957
0.030142437,956
0.030158907,955
0.030173895,954
0.030357068,953
0.030364625,952
0.03037421,951
0.030379223,950
0.030383418,949
0.030397706,948
0.03040479,947
0.03041366,946
0.030419473,945
0.030437949,944
0.030442419,943
0.030470709,942
0.03047694,941
0.030488243,940
0.030494482,939
0.030517068,938
0.030521044,937
0.030547936,936
0.030556684,935
0.030567186,934
0.030574295,933
0.030617568,932
0.030677128,931
0.031873233,930
0.031889163,929
0.03204372,928
0.032048083,927
0.032052008,926
0.032057483,925
0.032065898,924
0.032070305,923
0.032075743,922
0.032094244,921
0.032100192,920
0.03210588,919
0.032113412,918
0.03212015,917
0.032126268,916
0.032134917,915
0.032150044,914
0.032158442,913
0.032184473,912
0.032299494,911
0.032391494,910
0.032396303,909
0.032403176,908
0.032422026,907
0.032429695,906
0.032435331,905
0.032448828,904
0.032634756,903
0.032641621,902
0.032653606,901
0.216340684,900
0.236740133,899
