0.048538389,1219
0.04859637,1218
0.048716505,1217
0.048726275,1216
0.048734642,1215
0.048742696,1214
0.04875046,1213
0.048757886,1212
0.048767884,1211
0.048776604,1210
0.048784321,1209
0.048790932,1208
0.048797371,1207
0.048803485,1206
0.048810085,1205
0.048817841,1204
0.048824921,1203
0.048837933,1202
0.048847722,1201
0.048853252,1200
0.048859474,1199
0.048866693,1198
0.048874048,1197
0.048881766,1196
0.048888946,1195
0.048895205,1194
0.048954347,1193
0.048964852,1192
0.048974892,1191
0.04898233,1190
0.048989009,1189
0.048999777,1188
0.049010098,1187
0.049019508,1186
0.049029155,1185
0.049040179,1184
0.04904992,1183
0.049057506,1182
0.049064394,1181
0.049071166,1180
0.049077891,1179
0.049085756,1178
0.04923991,1177
0.049253985,1176
0.049263084,1175
0.04927174,1174
0.049279874,1173
0.04928858,1172
0.049299413,1171
0.04930751,1170
0.049315385,1169
0.049326579,1168
0.04933528,1167
0.049345404,1166
0.049356128,1165
0.049368167,1164
0.049375731,1163
0.049383779,1162
0.049402849,1161
0.04941736,1160
0.049423113,1159
0.049428398,1158
0.049433867,1157
0.049439282,1156
0.049448732,1155
0.049457411,1154
0.049462739,1153
0.049500475,1152
0.049512338,1151
0.049518672,1150
0.049523834,1149
0.049531109,1148
0.049538945,1147
0.049544577,1146
0.049551846,1145
0.049559267,1144
0.049564584,1143
0.049570507,1142
0.049579158,1141
0.049584653,1140
0.049590989,1139
0.049596991,1138
0.049603836,1137
0.04961492,1136
0.049664892,1135
0.04971591,1134
0.049724125,1133
0.049804429,1132
0.049815559,1131
0.049827491,1130
0.049842251,1129
0.049858761,1128
0.049875913,1127
0.049914875,1126
0.049921625,1125
0.049928642,1124
0.049935297,1123
0.049942058,1122
0.049950687,1121
0.049986336,1120
0.049996636,1119
0.050005525,1118
0.050016359,1117
0.050038496,1116
0.050045395,1115
0.0500544,1114
0.050062804,1113
0.05006996,1112
0.050080947,1111
0.05009305,1110
0.050101024,1109
0.05010929,1108
0.050143335,1107
0.050149054,1106
0.050155393,1105
0.050161127,1104
0.050173572,1103
0.050180691,1102
0.050187568,1101
0.05022468,1100
0.050231478,1099
0.050237741,1098
0.050244245,1097
0.050282018,1096
0.050303145,1095
0.050318774,1094
0.05033288,1093
0.05034698,1092
0.050361841,1091
0.050403004,1090
0.050446561,1089
0.050458854,1088
0.050467966,1087
0.050505941,1086
0.050517447,1085
0.050652124,1084
0.05067351,1083
0.050719242,1082
0.050787491,1081
0.051280513,1080
0.051298186,1079
0.051329498,1078
0.051338553,1077
0.051390924,1076
0.051454911,1075
0.051461794,1074
0.052618284,1073
0.053250954,1072
0.053274782,1071
0.053287589,1070
0.053300201,1069
0.053306616,1068
0.053313363,1067
0.053328876,1066
0.053349429,1065
0.053423717,1064
0.053478793,1063
0.053533244,1062
0.053569847,1061
0.053611187,1060
0.053649356,1059
0.053686206,1058
0.053696127,1057
0.053702711,1056
0.054040602,1055
0.054055586,1054
0.054102306,1053
0.054110366,1052
0.054144229,1051
0.054160363,1050
0.054190557,1049
0.054208996,1048
0.054215905,1047
0.054222679,1046
0.054228777,1045
0.05423563,1044
0.054242153,1043
0.054255035,1042
0.054262313,1041
0.054268618,1040
0.054276314,1039
0.054284507,1038
0.054306138,1037
0.054314829,1036
0.054322601,1035
0.054327838,1034
0.054336289,1033
0.054348232,1032
0.054363839,1031
0.054368222,1030
0.054376611,1029
0.054416903,1028
0.054515673,1027
0.057737161,1026
0.057749484,1025
0.05776039,1024
0.057789264,1023
0.057802061,1022
0.057809903,1021
0.057815487,1020
0.057823564,1019
0.057868312,1018
0.057907905,1017
0.057925633,1016
0.05795777,1015
0.057968391,1014
0.057979767,1013
0.058002015,1012
0.058009679,1011
0.058361693,1010
0.058365376,1009
0.058369251,1008
0.058372798,1007
0.058377378,1006
0.058382284,1005
0.05838579,1004
0.058390051,1003
0.058410096,1002
0.058414772,1001
0.058419924,1000
0.05842723,999
0.058431324,998
0.058435682,997
0.058440053,996
0.058445772,995
0.058449597,994
0.05845375,993
0.058457351,992
0.058467344,991
0.058474059,990
0.058477335,989
0.058484549,988
0.058488691,987
0.058495774,986
0.058500355,985
0.058505446,984
0.058516096,983
0.05851953,982
0.05852629,981
0.058562789,980
0.058570335,979
0.058576958,978
0.058582839,977
0.058595742,976
0.058612516,975
0.058677554,974
0.058687723,973
0.058862452,972
0.058874764,971
0.058895953,970
0.058915904,969
0.058922588,968
0.058944971,967
0.05895579,966
0.059011678,965
0.059028152,964
0.059107697,963
0.05927293,962
0.059367473,961
0.059377531,960
0.059384604,959
0.059392035,958
0.059421281,957
0.059435702,956
0.059450255,955
0.059468924,954
0.059658515,953
0.059782531,952
0.059871182,951
0.05987792,950
0.05993712,949
0.05994582,948
0.059953153,947
0.059959788,946
0.059986217,945
0.059991223,944
0.060001104,943
0.060012356,942
0.060019092,941
0.060023764,940
0.060031721,939
0.060048252,938
0.060053509,937
0.060064261,936
0.060097732,935
0.060137094,934
0.0601854,933
0.060276513,932
0.060319201,931
0.060324782,930
0.060331194,929
0.060511935,928
0.0605182,927
0.060522517,926
0.060528695,925
0.060566381,924
0.060572502,923
0.060615236,922
0.060631624,921
0.060642811,920
0.060648199,919
0.060654101,918
0.060664378,917
0.060669352,916
0.060711976,915
0.060721336,914
0.060795375,913
0.060831492,912
0.060936919,911
0.061097586,910
0.061103162,909
0.061112839,908
0.061150269,907
0.06115975,906
0.061164699,905
0.061201667,904
0.061442865,903
0.061448254,902
0.061453317,901
