0.017476835,1219
0.017542061,1218
0.017585271,1217
0.017616349,1216
0.017650932,1215
0.017710911,1214
0.017729943,1213
0.017745319,1212
0.017751498,1211
0.017757292,1210
0.017763211,1209
0.017769222,1208
0.017774842,1207
0.01778078,1206
0.017831131,1205
0.017838231,1204
0.017844263,1203
0.017850475,1202
0.017856804,1201
0.018648705,1200
0.018721786,1199
0.018736981,1198
0.018746603,1197
0.018755593,1196
0.018763315,1195
0.018799395,1194
0.018821587,1193
0.018870015,1192
0.018883833,1191
0.018896314,1190
0.018906727,1189
0.018955568,1188
0.018965782,1187
0.018979523,1186
0.018991016,1185
0.01899818,1184
0.019004801,1183
0.019011344,1182
0.019017638,1181
0.01902373,1180
0.019029429,1179
0.019042037,1178
0.019050406,1177
0.019088,1176
0.019100297,1175
0.019119624,1174
0.019136007,1173
0.019140775,1172
0.019201484,1171
0.019206552,1170
0.019215111,1169
0.019219471,1168
0.019224136,1167
0.019228741,1166
0.019235653,1165
0.019243532,1164
0.01924932,1163
0.019253448,1162
0.019260066,1161
0.019266561,1160
0.019305461,1159
0.019312637,1158
0.019355151,1157
0.019361436,1156
0.019367807,1155
0.019375608,1154
0.019423317,1153
0.019428653,1152
0.019434299,1151
0.019439871,1150
0.01944583,1149
0.019450797,1148
0.019455334,1147
0.019459288,1146
0.019464236,1145
0.019468278,1144
0.019472208,1143
0.019476143,1142
0.019482149,1141
0.019487649,1140
0.019494063,1139
0.019522945,1138
0.019571157,1137
0.019578857,1136
0.019711687,1135
0.019721019,1134
0.019729333,1133
0.019738535,1132
0.019781303,1131
0.019787344,1130
0.019797449,1129
0.019810989,1128
0.019816673,1127
0.019821112,1126
0.019829946,1125
0.019841864,1124
0.019848495,1123
0.019854065,1122
0.019859169,1121
0.019864388,1120
0.01986918,1119
0.019873421,1118
0.019878701,1117
0.019901061,1116
0.019905197,1115
0.019909186,1114
0.019914165,1113
0.01991742,1112
0.019921833,1111
0.01992659,1110
0.01992972,1109
0.019937468,1108
0.019941015,1107
0.019946031,1106
0.019949736,1105
0.019961163,1104
0.019966056,1103
0.019972879,1102
0.019979783,1101
0.019984897,1100
0.019991572,1099
0.020005334,1098
0.020011999,1097
0.020019086,1096
0.020027436,1095
0.02003181,1094
0.020038771,1093
0.020051713,1092
0.020055408,1091
0.020065391,1090
0.020071003,1089
0.02007563,1088
0.020081164,1087
0.020093522,1086
0.020097062,1085
0.020101447,1084
0.02010677,1083
0.020121568,1082
0.020125533,1081
0.020130236,1080
0.020133625,1079
0.020147744,1078
0.020155822,1077
0.020163524,1076
0.020167364,1075
0.020248065,1074
0.022380145,1073
0.022500071,1072
0.022565391,1071
0.022626553,1070
0.022631611,1069
0.022634936,1068
0.022638627,1067
0.022642434,1066
0.022648643,1065
0.022651657,1064
0.022655751,1063
0.022666358,1062
0.02267212,1061
0.022675113,1060
0.022679305,1059
0.022683199,1058
0.022686455,1057
0.022689233,1056
0.022692165,1055
0.022695233,1054
0.022698572,1053
0.022701189,1052
0.02270564,1051
0.022709488,1050
0.022713671,1049
0.022721361,1048
0.022726642,1047
0.022731411,1046
0.022739474,1045
0.022744687,1044
0.022749426,1043
0.022754314,1042
0.022792682,1041
0.022798794,1040
0.02281514,1039
0.02282124,1038
0.022824744,1037
0.022830315,1036
0.022859952,1035
0.022863504,1034
0.022867812,1033
0.022881159,1032
0.022885814,1031
0.022889959,1030
0.022925019,1029
0.0229304,1028
0.022937544,1027
0.025961381,1026
0.025973702,1025
0.025978499,1024
0.025984085,1023
0.025988486,1022
0.025994716,1021
0.026031652,1020
0.026034786,1019
0.026040107,1018
0.026049027,1017
0.026064689,1016
0.026069453,1015
0.026080909,1014
0.026083873,1013
0.026086719,1012
0.026132491,1011
0.026389041,1010
0.026391833,1009
0.026394594,1008
0.026397224,1007
0.026400246,1006
0.026404804,1005
0.026409725,1004
0.02641264,1003
0.026415779,1002
0.02641847,1001
0.026421602,1000
0.026424529,999
0.026428916,998
0.026432388,997
0.02643699,996
0.026444773,995
0.026447659,994
0.02645151,993
0.02645475,992
0.026466666,991
0.026469586,990
0.026472756,989
0.026478873,988
0.026484537,987
0.026489914,986
0.026493139,985
0.02649607,984
0.026505154,983
0.026510547,982
0.026514495,981
0.026517413,980
0.026521486,979
0.026524759,978
0.026528838,977
0.026531869,976
0.026545139,975
0.02655099,974
0.026555329,973
0.02655859,972
0.026562345,971
0.026567068,970
0.026573594,969
0.026578375,968
0.026585944,967
0.026591187,966
0.026603373,965
0.026644585,964
0.026684803,963
0.026726512,962
0.026731421,961
0.026739056,960
0.026752414,959
0.026766611,958
0.026778119,957
0.026802598,956
0.026810804,955
0.026864068,954
0.027060958,953
0.027071487,952
0.027076693,951
0.027080622,950
0.027086486,949
0.027091228,948
0.027105208,947
0.027109222,946
0.02711378,945
0.027118479,944
0.027131259,943
0.027134435,942
0.027138551,941
0.027142284,940
0.0271475,939
0.02722517,938
0.027230624,937
0.027239774,936
0.027254253,935
0.027259072,934
0.027277967,933
0.027315107,932
0.027328058,931
0.027343794,930
0.027362226,929
0.027464997,928
0.027468003,927
0.027471096,926
0.027476017,925
0.027478753,924
0.027492454,923
0.027496296,922
0.027504943,921
0.027516949,920
0.027525749,919
0.027542071,918
0.027548436,917
0.027555998,916
0.027560178,915
0.027565104,914
0.027582042,913
0.027626221,912
0.027739708,911
0.027885389,910
0.027893313,909
0.027898217,908
0.027906394,907
0.027913125,906
0.027919763,905
0.02797392,904
0.028169845,903
0.028204412,902
0.028215916,901
