0.02316336,1219
0.023223253,1218
0.023253072,1217
0.023285326,1216
0.023318077,1215
0.023341023,1214
0.023346535,1213
0.023351828,1212
0.02335688,1211
0.023361943,1210
0.023366906,1209
0.023371966,1208
0.023376721,1207
0.02338149,1206
0.023386961,1205
0.023393047,1204
0.023399824,1203
0.023405188,1202
0.023410445,1201
0.02341601,1200
0.023421091,1199
0.023429814,1198
0.023435046,1197
0.023440286,1196
0.023445272,1195
0.023449999,1194
0.023455225,1193
0.023462291,1192
0.023480381,1191
0.023490796,1190
0.023500672,1189
0.023512262,1188
0.023523979,1187
0.023534209,1186
0.02354341,1185
0.023553239,1184
0.023561857,1183
0.023570385,1182
0.023579403,1181
0.023586184,1180
0.023594566,1179
0.023604631,1178
0.023616392,1177
0.02362525,1176
0.023633971,1175
0.023643062,1174
0.023654106,1173
0.023661239,1172
0.023675737,1171
0.023683081,1170
0.023688923,1169
0.023694635,1168
0.023700282,1167
0.023705882,1166
0.023711555,1165
0.023719103,1164
0.023724372,1163
0.023731839,1162
0.02373952,1161
0.023747055,1160
0.023764864,1159
0.02379646,1158
0.023803901,1157
0.023813469,1156
0.023822917,1155
0.023830796,1154
0.023858817,1153
0.023864816,1152
0.023883569,1151
0.02388958,1150
0.023895515,1149
0.023906362,1148
0.023913022,1147
0.023920749,1146
0.023926348,1145
0.023933362,1144
0.023939461,1143
0.023948079,1142
0.023961528,1141
0.023969024,1140
0.023986178,1139
0.02399176,1138
0.024002909,1137
0.024007817,1136
0.024012568,1135
0.024023282,1134
0.024036387,1133
0.02404073,1132
0.024044655,1131
0.02405175,1130
0.024056044,1129
0.02405989,1128
0.024063436,1127
0.024067085,1126
0.024072889,1125
0.024107769,1124
0.024111725,1123
0.024117318,1122
0.024121109,1121
0.024163149,1120
0.024168109,1119
0.024173031,1118
0.024184911,1117
0.024203198,1116
0.024207825,1115
0.024212083,1114
0.024226152,1113
0.024231028,1112
0.02423698,1111
0.024240336,1110
0.024244901,1109
0.024248527,1108
0.024254735,1107
0.024261003,1106
0.024264631,1105
0.024269002,1104
0.024279722,1103
0.024291828,1102
0.02430664,1101
0.024315711,1100
0.024326372,1099
0.024339206,1098
0.024348134,1097
0.024354073,1096
0.024365117,1095
0.024370017,1094
0.024377119,1093
0.024383018,1092
0.024388905,1091
0.0243937,1090
0.024400016,1089
0.024408446,1088
0.024414127,1087
0.024419878,1086
0.024434427,1085
0.024440055,1084
0.024452175,1083
0.024467518,1082
0.024474173,1081
0.024482245,1080
0.024486446,1079
0.02449244,1078
0.024500041,1077
0.024505151,1076
0.024534011,1075
0.024539847,1074
0.024994072,1073
0.025014071,1072
0.025027505,1071
0.025044493,1070
0.025055571,1069
0.025060137,1068
0.025072576,1067
0.025076614,1066
0.025081029,1065
0.02508772,1064
0.02509218,1063
0.025095749,1062
0.025100688,1061
0.025110147,1060
0.025114879,1059
0.025118838,1058
0.025125399,1057
0.025129841,1056
0.025138426,1055
0.0251428,1054
0.025150108,1053
0.025153631,1052
0.025157063,1051
0.025163111,1050
0.025171135,1049
0.025178919,1048
0.025185472,1047
0.025191818,1046
0.025200124,1045
0.025211566,1044
0.025217728,1043
0.025223087,1042
0.025235053,1041
0.025242011,1040
0.025247085,1039
0.025266077,1038
0.02527597,1037
0.02528609,1036
0.025311883,1035
0.025321112,1034
0.025343777,1033
0.025360507,1032
0.025371387,1031
0.02538336,1030
0.025418991,1029
0.025466141,1028
0.02553642,1027
0.025552156,1026
0.025573826,1025
0.025584814,1024
0.025628677,1023
0.025676578,1022
0.025681972,1021
0.025702611,1020
0.02570662,1019
0.025713566,1018
0.025719309,1017
0.025725468,1016
0.025739535,1015
0.025742976,1014
0.025759232,1013
0.025775515,1012
0.025786194,1011
0.026081324,1010
0.026085553,1009
0.026097094,1008
0.026100184,1007
0.026104433,1006
0.026109188,1005
0.026114517,1004
0.026119513,1003
0.026125458,1002
0.026132269,1001
0.026139411,1000
0.026143537,999
0.026150156,998
0.026205808,997
0.026211008,996
0.026214101,995
0.026217645,994
0.026222264,993
0.026225659,992
0.026231499,991
0.026238146,990
0.026243207,989
0.02625406,988
0.026258095,987
0.026266177,986
0.026273209,985
0.026276628,984
0.026281591,983
0.026290443,982
0.02629428,981
0.026304124,980
0.026324275,979
0.02633159,978
0.026336722,977
0.026339594,976
0.02634418,975
0.026348708,974
0.026353166,973
0.026359293,972
0.026363111,971
0.026371331,970
0.026376035,969
0.026381072,968
0.026388064,967
0.026391467,966
0.026400809,965
0.02642444,964
0.026435854,963
0.026468411,962
0.026496684,961
0.026502397,960
0.026511715,959
0.026515978,958
0.02652416,957
0.026549143,956
0.026562343,955
0.02657228,954
0.026693118,953
0.026699044,952
0.026709021,951
0.026713379,950
0.02671846,949
0.026723854,948
0.026727157,947
0.026730837,946
0.026734067,945
0.026737991,944
0.02674401,943
0.026749616,942
0.026762642,941
0.026776048,940
0.026778975,939
0.026800036,938
0.026809746,937
0.026827238,936
0.026841322,935
0.026858889,934
0.026884459,933
0.026905745,932
0.026924357,931
0.026935281,930
0.026942578,929
0.027073667,928
0.027077836,927
0.027082284,926
0.027086715,925
0.027096728,924
0.027101607,923
0.027108893,922
0.027127691,921
0.027131958,920
0.027136427,919
0.027151971,918
0.027163659,917
0.027169508,916
0.027199247,915
0.027204952,914
0.027230726,913
0.02725684,912
0.027382129,911
0.027488988,910
0.027498032,909
0.02750306,908
0.027513466,907
0.027518244,906
0.027537934,905
0.027570839,904
0.027746184,903
0.027752801,902
0.027770489,901
0.157276805,900
0.255015997,899
