0.040440852,1219
0.040482615,1218
0.040492083,1217
0.040498851,1216
0.04051161,1215
0.040521824,1214
0.040532652,1213
0.04054354,1212
0.04055479,1211
0.040564979,1210
0.040581362,1209
0.040595777,1208
0.040602293,1207
0.040607958,1206
0.040614474,1205
0.040621077,1204
0.040627926,1203
0.04063338,1202
0.040648216,1201
0.040653559,1200
0.040658587,1199
0.040663226,1198
0.040668543,1197
0.040673356,1196
0.040678022,1195
0.040682851,1194
0.040689106,1193
0.040694219,1192
0.04070231,1191
0.040707383,1190
0.040712353,1189
0.040716805,1188
0.04072333,1187
0.040729331,1186
0.040735516,1185
0.040743324,1184
0.040749082,1183
0.040762388,1182
0.040777839,1181
0.040791402,1180
0.040798329,1179
0.040805186,1178
0.040810857,1177
0.040824027,1176
0.0408313,1175
0.040838416,1174
0.040845471,1173
0.040851656,1172
0.040864642,1171
0.040878419,1170
0.040883739,1169
0.040890882,1168
0.040896752,1167
0.040901497,1166
0.040906549,1165
0.040914357,1164
0.040918935,1163
0.040926418,1162
0.040931134,1161
0.041102134,1160
0.041107608,1159
0.041112717,1158
0.041119228,1157
0.041125683,1156
0.041169491,1155
0.041205077,1154
0.041212709,1153
0.041255941,1152
0.041262708,1151
0.04129899,1150
0.041312543,1149
0.041326118,1148
0.041332025,1147
0.041367173,1146
0.041404734,1145
0.041414465,1144
0.041452073,1143
0.041499669,1142
0.041512926,1141
0.041522809,1140
0.041530452,1139
0.041538275,1138
0.041732286,1137
0.041757675,1136
0.041770637,1135
0.041881608,1134
0.041888272,1133
0.041894938,1132
0.041901978,1131
0.041913078,1130
0.041920559,1129
0.041967405,1128
0.041979452,1127
0.042014321,1126
0.042020283,1125
0.042026562,1124
0.042032871,1123
0.042038118,1122
0.042079336,1121
0.042088677,1120
0.042095826,1119
0.042102034,1118
0.042110325,1117
0.042128644,1116
0.042134676,1115
0.042140616,1114
0.042146568,1113
0.042152303,1112
0.042163254,1111
0.04217469,1110
0.04218147,1109
0.042186815,1108
0.042192054,1107
0.042197162,1106
0.042202276,1105
0.042207833,1104
0.042214583,1103
0.042219827,1102
0.04222533,1101
0.042236378,1100
0.042245721,1099
0.042251291,1098
0.042267728,1097
0.042281797,1096
0.042315074,1095
0.04232293,1094
0.042326812,1093
0.042332463,1092
0.042338031,1091
0.042342082,1090
0.042384326,1089
0.042392566,1088
0.042397886,1087
0.042403991,1086
0.042407939,1085
0.042413205,1084
0.042420234,1083
0.042426767,1082
0.042435694,1081
0.042442943,1080
0.042518967,1079
0.042530505,1078
0.04254003,1077
0.042565055,1076
0.042587922,1075
0.042596636,1074
0.043821158,1073
0.043830549,1072
0.043848486,1071
0.043860167,1070
0.04387321,1069
0.043880263,1068
0.043887717,1067
0.043905131,1066
0.04393189,1065
0.043945566,1064
0.043966772,1063
0.044047325,1062
0.044085005,1061
0.044099072,1060
0.044107776,1059
0.044131597,1058
0.044142058,1057
0.044151706,1056
0.044159385,1055
0.044369205,1054
0.044388287,1053
0.044395729,1052
0.044449158,1051
0.044470362,1050
0.044481866,1049
0.044521011,1048
0.044530282,1047
0.044541171,1046
0.044576005,1045
0.044610247,1044
0.044618118,1043
0.044629155,1042
0.044636025,1041
0.044640971,1040
0.044648174,1039
0.044670817,1038
0.044675158,1037
0.044680552,1036
0.044686019,1035
0.044690138,1034
0.044706885,1033
0.044716928,1032
0.044757983,1031
0.044761438,1030
0.044765777,1029
0.044770164,1028
0.044790282,1027
0.044805884,1026
0.044839741,1025
0.044848344,1024
0.0448637,1023
0.044899988,1022
0.044904889,1021
0.044908566,1020
0.044997347,1019
0.045028128,1018
0.045063343,1017
0.045112917,1016
0.045165061,1015
0.045188413,1014
0.045229384,1013
0.045242831,1012
0.045254321,1011
0.04580499,1010
0.045811162,1009
0.045816606,1008
0.04582143,1007
0.04582618,1006
0.045835533,1005
0.045839062,1004
0.045842813,1003
0.045850013,1002
0.045854711,1001
0.045859659,1000
0.045863519,999
0.045867513,998
0.045871423,997
0.045875172,996
0.045886087,995
0.045890551,994
0.045894484,993
0.045898925,992
0.045912845,991
0.045921667,990
0.045926354,989
0.045932496,988
0.045936798,987
0.045944153,986
0.045949412,985
0.045955859,984
0.045968911,983
0.045973353,982
0.045979461,981
0.045987961,980
0.045995448,979
0.046352142,978
0.046430214,977
0.046445339,976
0.046456928,975
0.046465999,974
0.046473433,973
0.046513697,972
0.046519183,971
0.046529102,970
0.046548677,969
0.046552756,968
0.046573211,967
0.046578606,966
0.046614525,965
0.046634166,964
0.046650587,963
0.046657878,962
0.04668483,961
0.046692047,960
0.046696828,959
0.046701696,958
0.046764576,957
0.046779954,956
0.046791109,955
0.046803748,954
0.046966311,953
0.046970195,952
0.046991523,951
0.046998573,950
0.047021598,949
0.04702831,948
0.047041698,947
0.047045896,946
0.04706887,945
0.047072031,944
0.047080081,943
0.047086868,942
0.047091369,941
0.047094458,940
0.047099663,939
0.047115477,938
0.047124863,937
0.047132399,936
0.047162347,935
0.047181813,934
0.047231329,933
0.047283909,932
0.04729815,931
0.047302597,930
0.047306989,929
0.04744174,928
0.047448295,927
0.047452508,926
0.047458182,925
0.047564983,924
0.047572475,923
0.047608917,922
0.047625252,921
0.047636602,920
0.04764168,919
0.047645979,918
0.047654675,917
0.047658959,916
0.047669544,915
0.04768632,914
0.047739248,913
0.047756474,912
0.047830248,911
0.047954609,910
0.04797082,909
0.048016353,908
0.048055868,907
0.04806449,906
0.048068953,905
0.048107469,904
0.048316076,903
0.048321085,902
0.048325717,901
0.279398347,900
0.474783257,899
