0.022911175,1219
0.022934869,1218
0.022954842,1217
0.022970663,1216
0.022977182,1215
0.022989166,1214
0.023001173,1213
0.02300702,1212
0.023011667,1211
0.023015826,1210
0.023019794,1209
0.023023807,1208
0.023027854,1207
0.023032075,1206
0.023036766,1205
0.023041972,1204
0.023046744,1203
0.023051799,1202
0.023055937,1201
0.023060092,1200
0.023064407,1199
0.023068644,1198
0.023072691,1197
0.023081464,1196
0.02308975,1195
0.023096197,1194
0.023106932,1193
0.023114027,1192
0.023124401,1191
0.023130974,1190
0.023138736,1189
0.023153855,1188
0.023160087,1187
0.023166713,1186
0.023174135,1185
0.023180287,1184
0.023185898,1183
0.023191953,1182
0.023197391,1181
0.023204712,1180
0.02320951,1179
0.02321364,1178
0.023224871,1177
0.023229638,1176
0.023234167,1175
0.023239907,1174
0.023244376,1173
0.023498116,1172
0.023583311,1171
0.023597062,1170
0.0236351,1169
0.02369719,1168
0.023723443,1167
0.023729296,1166
0.023785521,1165
0.023797737,1164
0.023803977,1163
0.023808295,1162
0.02381445,1161
0.023820779,1160
0.023827625,1159
0.02383432,1158
0.023841174,1157
0.023856395,1156
0.023905114,1155
0.023942158,1154
0.023972525,1153
0.023978686,1152
0.023984649,1151
0.02399304,1150
0.024000443,1149
0.024006826,1148
0.024018773,1147
0.02402408,1146
0.024036906,1145
0.024043458,1144
0.024050192,1143
0.024055904,1142
0.024061516,1141
0.024066882,1140
0.02407219,1139
0.024077589,1138
0.024083609,1137
0.024089827,1136
0.024099016,1135
0.024107874,1134
0.02411377,1133
0.024120391,1132
0.024125282,1131
0.024130242,1130
0.024137552,1129
0.024144898,1128
0.024148848,1127
0.024155275,1126
0.024159253,1125
0.024163548,1124
0.024171101,1123
0.024174991,1122
0.024178935,1121
0.02418243,1120
0.02419879,1119
0.024209965,1118
0.024217454,1117
0.024225699,1116
0.024245961,1115
0.024252624,1114
0.024257804,1113
0.024262751,1112
0.024269666,1111
0.024275568,1110
0.024284606,1109
0.02430581,1108
0.024312443,1107
0.024324785,1106
0.0243363,1105
0.024350774,1104
0.024356133,1103
0.024364928,1102
0.024369877,1101
0.024405732,1100
0.024437323,1099
0.024475953,1098
0.024481615,1097
0.024486381,1096
0.024491352,1095
0.024506048,1094
0.024546245,1093
0.024553857,1092
0.024567986,1091
0.024578287,1090
0.024599899,1089
0.024618668,1088
0.024628549,1087
0.024679921,1086
0.024688153,1085
0.024729697,1084
0.024751986,1083
0.024784047,1082
0.024791414,1081
0.024798941,1080
0.024807378,1079
0.024812732,1078
0.024818393,1077
0.024872602,1076
0.024881379,1075
0.024886684,1074
0.025542804,1073
0.025612933,1072
0.025620177,1071
0.025628732,1070
0.025642252,1069
0.025652661,1068
0.025659225,1067
0.025664787,1066
0.025670124,1065
0.025680579,1064
0.025685544,1063
0.025689654,1062
0.025706517,1061
0.025710929,1060
0.025715864,1059
0.025720916,1058
0.025737668,1057
0.025744464,1056
0.025750668,1055
0.025771419,1054
0.025786267,1053
0.025842747,1052
0.025851739,1051
0.025924321,1050
0.025929065,1049
0.025941039,1048
0.025947734,1047
0.025964977,1046
0.025974562,1045
0.025982275,1044
0.025990619,1043
0.026003421,1042
0.026008405,1041
0.026014139,1040
0.026021739,1039
0.026054393,1038
0.026085175,1037
0.026089827,1036
0.026097636,1035
0.026110291,1034
0.026163066,1033
0.026171399,1032
0.0262457,1031
0.026254677,1030
0.02626068,1029
0.026285767,1028
0.026305568,1027
0.026316067,1026
0.026353096,1025
0.026368575,1024
0.026377489,1023
0.026385954,1022
0.026394753,1021
0.026399142,1020
0.026410157,1019
0.026417532,1018
0.026450645,1017
0.026454882,1016
0.026461765,1015
0.026471564,1014
0.026483504,1013
0.026499917,1012
0.026517694,1011
0.026924977,1010
0.026931096,1009
0.026942238,1008
0.026945405,1007
0.026948522,1006
0.026951707,1005
0.026984517,1004
0.02752975,1003
0.027546639,1002
0.027556017,1001
0.027560781,1000
0.02760101,999
0.027606597,998
0.027615056,997
0.027621725,996
0.027626675,995
0.027631429,994
0.027637522,993
0.027650274,992
0.027666379,991
0.02767214,990
0.027676716,989
0.02768058,988
0.02768491,987
0.02769139,986
0.02769551,985
0.027701192,984
0.027713663,983
0.027727184,982
0.027739077,981
0.027744809,980
0.027765805,979
0.027788038,978
0.027795679,977
0.027799644,976
0.02780482,975
0.027807538,974
0.027822323,973
0.027829938,972
0.027840939,971
0.02784841,970
0.027852287,969
0.027864159,968
0.027892307,967
0.027908304,966
0.027923974,965
0.027958922,964
0.027973158,963
0.027977277,962
0.027996598,961
0.028016776,960
0.028022328,959
0.028036913,958
0.028058377,957
0.028067335,956
0.028074401,955
0.028083616,954
0.02820299,953
0.028212779,952
0.028227709,951
0.028234711,950
0.028238887,949
0.028241923,948
0.028249949,947
0.028253136,946
0.028257357,945
0.02826075,944
0.028270182,943
0.028276865,942
0.0282871,941
0.02829663,940
0.028299794,939
0.028307684,938
0.028315877,937
0.028329962,936
0.028338788,935
0.028377013,934
0.02838151,933
0.028395925,932
0.02840287,931
0.028409965,930
0.028433991,929
0.028564548,928
0.02856884,927
0.028573161,926
0.028577241,925
0.028595725,924
0.028601003,923
0.028614948,922
0.028624269,921
0.028637842,920
0.02864658,919
0.028682942,918
0.028757617,917
0.02876654,916
0.028805998,915
0.028825265,914
0.028860766,913
0.028869098,912
0.029081288,911
0.029242914,910
0.029247782,909
0.029259141,908
0.029265188,907
0.029282854,906
0.029286867,905
0.029292886,904
0.029505469,903
0.029511942,902
0.029516741,901
0.070513474,900
0.155420264,899
