0.027704117,1219
0.027720332,1218
0.02772902,1217
0.027735393,1216
0.027743039,1215
0.027749747,1214
0.027756992,1213
0.027764179,1212
0.027772082,1211
0.02777821,1210
0.027789814,1209
0.027797363,1208
0.027804125,1207
0.027811843,1206
0.027820068,1205
0.027829115,1204
0.027837743,1203
0.027845312,1202
0.027855256,1201
0.027867367,1200
0.027877764,1199
0.027892868,1198
0.027903542,1197
0.027912698,1196
0.027923183,1195
0.0279377,1194
0.027954414,1193
0.027970554,1192
0.027991858,1191
0.02800595,1190
0.028018287,1189
0.028028687,1188
0.028037637,1187
0.028045344,1186
0.028052953,1185
0.028059717,1184
0.028066813,1183
0.028073667,1182
0.028080705,1181
0.028087882,1180
0.028094864,1179
0.028102142,1178
0.028112247,1177
0.028119793,1176
0.028127468,1175
0.028135566,1174
0.028146089,1173
0.028153195,1172
0.02817739,1171
0.028184188,1170
0.028193425,1169
0.028199988,1168
0.028206899,1167
0.028213392,1166
0.028252555,1165
0.028267676,1164
0.028281869,1163
0.028290875,1162
0.028297575,1161
0.028303973,1160
0.028312133,1159
0.028318401,1158
0.028331653,1157
0.02835466,1156
0.028395061,1155
0.028430366,1154
0.030043981,1153
0.030097189,1152
0.030135807,1151
0.030172679,1150
0.03021747,1149
0.030434219,1148
0.030451555,1147
0.030463865,1146
0.030469891,1145
0.030475259,1144
0.030481575,1143
0.030486832,1142
0.030492456,1141
0.030502455,1140
0.030507368,1139
0.030512119,1138
0.030522409,1137
0.03052927,1136
0.030536395,1135
0.030543111,1134
0.030549151,1133
0.030557318,1132
0.030571254,1131
0.030577853,1130
0.030589998,1129
0.030598655,1128
0.030607737,1127
0.030615658,1126
0.030623438,1125
0.030644224,1124
0.030658845,1123
0.030673475,1122
0.030685134,1121
0.030692887,1120
0.030698185,1119
0.030721424,1118
0.030728149,1117
0.030740324,1116
0.030745362,1115
0.030753097,1114
0.030792147,1113
0.030798573,1112
0.030806324,1111
0.030812027,1110
0.030817691,1109
0.03082538,1108
0.030853543,1107
0.030862054,1106
0.030876537,1105
0.030886672,1104
0.030893592,1103
0.030908598,1102
0.030918153,1101
0.030925445,1100
0.03093138,1099
0.030938413,1098
0.030944098,1097
0.030950771,1096
0.03095727,1095
0.030965128,1094
0.030973763,1093
0.030983527,1092
0.030991269,1091
0.031000489,1090
0.031026413,1089
0.031031053,1088
0.031038778,1087
0.031047468,1086
0.031056203,1085
0.031060742,1084
0.031067863,1083
0.031072577,1082
0.031080236,1081
0.031086325,1080
0.031094348,1079
0.031105486,1078
0.031113793,1077
0.031140547,1076
0.031146461,1075
0.031643468,1074
0.032282163,1073
0.032291974,1072
0.032304669,1071
0.03231842,1070
0.032324561,1069
0.032332352,1068
0.032370508,1067
0.032375584,1066
0.032380669,1065
0.032386181,1064
0.03242295,1063
0.032431464,1062
0.03243714,1061
0.032442538,1060
0.032449647,1059
0.032463893,1058
0.032471662,1057
0.032480837,1056
0.032491119,1055
0.03249751,1054
0.03250195,1053
0.03250625,1052
0.0325127,1051
0.032530374,1050
0.032537082,1049
0.032543618,1048
0.032556948,1047
0.032571585,1046
0.032606825,1045
0.032654199,1044
0.032664585,1043
0.0326714,1042
0.032679987,1041
0.03268942,1040
0.032724778,1039
0.03273785,1038
0.032743402,1037
0.032758114,1036
0.032763944,1035
0.032772951,1034
0.032781879,1033
0.032792731,1032
0.032797921,1031
0.032805361,1030
0.032825149,1029
0.032837717,1028
0.032854004,1027
0.032861575,1026
0.032874495,1025
0.032928771,1024
0.032976181,1023
0.033039522,1022
0.03304828,1021
0.033052944,1020
0.033097183,1019
0.033265479,1018
0.033304375,1017
0.033313261,1016
0.03332889,1015
0.033340336,1014
0.033379702,1013
0.033414829,1012
0.033419449,1011
0.033684705,1010
0.033688223,1009
0.033730808,1008
0.033735208,1007
0.033739962,1006
0.033743221,1005
0.033814332,1004
0.033818121,1003
0.033881193,1002
0.033884449,1001
0.033893527,1000
0.033896942,999
0.033900075,998
0.033903483,997
0.033907729,996
0.033913966,995
0.033920971,994
0.033937785,993
0.033943327,992
0.033948888,991
0.033954368,990
0.033963142,989
0.033967549,988
0.033974175,987
0.033979822,986
0.033989984,985
0.033993975,984
0.033997755,983
0.034003121,982
0.03400815,981
0.034011878,980
0.034017681,979
0.034023299,978
0.034027297,977
0.034034501,976
0.034039641,975
0.034044609,974
0.034048085,973
0.034053722,972
0.034062412,971
0.034072207,970
0.034085891,969
0.034093996,968
0.034111108,967
0.034115435,966
0.034154357,965
0.03415921,964
0.034178404,963
0.034193945,962
0.034296231,961
0.034311344,960
0.034371613,959
0.034395449,958
0.034405037,957
0.034410024,956
0.034496593,955
0.034521437,954
0.034739153,953
0.034753293,952
0.034778003,951
0.034785286,950
0.034808334,949
0.034829005,948
0.034834201,947
0.034838605,946
0.034843602,945
0.034849249,944
0.034853217,943
0.034857485,942
0.034861272,941
0.034865413,940
0.034876722,939
0.034880794,938
0.034884953,937
0.034892635,936
0.034909234,935
0.034926233,934
0.034965137,933
0.034972244,932
0.034975997,931
0.034990399,930
0.035026194,929
0.035189629,928
0.035205406,927
0.035211485,926
0.03521575,925
0.035254256,924
0.035258779,923
0.035264756,922
0.03527267,921
0.035277881,920
0.035283919,919
0.035321357,918
0.035328215,917
0.035363702,916
0.035417213,915
0.035470292,914
0.03552364,913
0.035530039,912
0.035623907,911
0.035809572,910
0.035820632,909
0.035825345,908
0.035830014,907
0.035835759,906
0.035840484,905
0.035845729,904
0.036073702,903
0.036089228,902
0.036126325,901
0.206619924,900
0.221618528,899
