0.021185096,1219
0.021234657,1218
0.021251949,1217
0.021259545,1216
0.021266935,1215
0.021273225,1214
0.02127937,1213
0.021285389,1212
0.021290847,1211
0.021298447,1210
0.021305224,1209
0.021309998,1208
0.021314669,1207
0.021319374,1206
0.02135991,1205
0.021369679,1204
0.02138083,1203
0.021392477,1202
0.021401397,1201
0.021408163,1200
0.021414659,1199
0.021424071,1198
0.021434262,1197
0.021439001,1196
0.021443391,1195
0.02144873,1194
0.021457269,1193
0.021465237,1192
0.021469914,1191
0.02147804,1190
0.021488265,1189
0.021493219,1188
0.02149847,1187
0.021506493,1186
0.021525463,1185
0.021535076,1184
0.021541878,1183
0.021549646,1182
0.02155795,1181
0.021594699,1180
0.021608236,1179
0.02161614,1178
0.021625032,1177
0.021670182,1176
0.021678577,1175
0.021686645,1174
0.021695616,1173
0.021704297,1172
0.021732742,1171
0.021894286,1170
0.021942481,1169
0.022001009,1168
0.02202118,1167
0.022032234,1166
0.022040521,1165
0.022049331,1164
0.022056703,1163
0.022063118,1162
0.022069985,1161
0.022077019,1160
0.022084234,1159
0.022092538,1158
0.022146961,1157
0.022157126,1156
0.022163779,1155
0.022191449,1154
0.022228867,1153
0.02226878,1152
0.022274434,1151
0.022309772,1150
0.022315379,1149
0.022321642,1148
0.022328423,1147
0.022367784,1146
0.02237703,1145
0.022382926,1144
0.022434316,1143
0.02248081,1142
0.022487588,1141
0.022495208,1140
0.022507044,1139
0.022524046,1138
0.022530775,1137
0.022544598,1136
0.02255302,1135
0.02256058,1134
0.02257289,1133
0.022584745,1132
0.022592695,1131
0.022601804,1130
0.022610358,1129
0.022618161,1128
0.022626303,1127
0.022634263,1126
0.022644342,1125
0.022652329,1124
0.022673153,1123
0.022679364,1122
0.022689283,1121
0.022701472,1120
0.022707664,1119
0.022718786,1118
0.022726401,1117
0.022733247,1116
0.022739054,1115
0.022745035,1114
0.022753895,1113
0.022758299,1112
0.02276235,1111
0.022766235,1110
0.022770051,1109
0.022777453,1108
0.022780968,1107
0.022786516,1106
0.022790478,1105
0.02279611,1104
0.022803601,1103
0.022811489,1102
0.022823077,1101
0.022834861,1100
0.022842148,1099
0.022854267,1098
0.022860371,1097
0.022869348,1096
0.022874652,1095
0.022883813,1094
0.022891643,1093
0.022898107,1092
0.022906484,1091
0.022912439,1090
0.0229192,1089
0.022925853,1088
0.022933562,1087
0.022938353,1086
0.022948521,1085
0.022966377,1084
0.022976381,1083
0.022984776,1082
0.022992739,1081
0.022997771,1080
0.02301192,1079
0.023020738,1078
0.023029551,1077
0.023037818,1076
0.023063649,1075
0.023071933,1074
0.026020531,1073
0.02603186,1072
0.026315212,1071
0.026353122,1070
0.026360152,1069
0.026495893,1068
0.026544154,1067
0.026551834,1066
0.026556744,1065
0.026560983,1064
0.026577048,1063
0.02658108,1062
0.026594238,1061
0.026598283,1060
0.026602169,1059
0.026607487,1058
0.026613295,1057
0.026626203,1056
0.026631076,1055
0.026636869,1054
0.026653117,1053
0.026659198,1052
0.026673924,1051
0.026680206,1050
0.026695369,1049
0.026747362,1048
0.02675362,1047
0.026759813,1046
0.02677018,1045
0.026774376,1044
0.026778765,1043
0.02678463,1042
0.02678943,1041
0.026798965,1040
0.026803851,1039
0.026817836,1038
0.026831118,1037
0.026842232,1036
0.026846816,1035
0.026852914,1034
0.026862634,1033
0.02686928,1032
0.026881716,1031
0.026887401,1030
0.026899724,1029
0.026912756,1028
0.026940973,1027
0.026959632,1026
0.026966848,1025
0.02697531,1024
0.026985242,1023
0.027025673,1022
0.027034111,1021
0.027072265,1020
0.02707754,1019
0.027118368,1018
0.02712449,1017
0.027134371,1016
0.027141343,1015
0.027146799,1014
0.027150589,1013
0.027170105,1012
0.027174973,1011
0.027427417,1010
0.0274315,1009
0.02743577,1008
0.027439663,1007
0.027447298,1006
0.027451669,1005
0.027458377,1004
0.027462296,1003
0.027466175,1002
0.027470067,1001
0.027475594,1000
0.027483036,999
0.027489304,998
0.027495108,997
0.027501562,996
0.027505863,995
0.027517316,994
0.027521193,993
0.027526252,992
0.027530756,991
0.02754116,990
0.027551083,989
0.027562153,988
0.027566246,987
0.027582101,986
0.027590609,985
0.027594757,984
0.027600603,983
0.027606757,982
0.02761167,981
0.027615484,980
0.027619432,979
0.02762489,978
0.027629947,977
0.027635541,976
0.027640018,975
0.027646163,974
0.027655231,973
0.027661013,972
0.02766744,971
0.02768407,970
0.027688405,969
0.027692966,968
0.027697396,967
0.027704589,966
0.027716858,965
0.027722568,964
0.027727714,963
0.027778585,962
0.027784923,961
0.027824412,960
0.027834323,959
0.02787037,958
0.027874505,957
0.02794349,956
0.027953293,955
0.028022801,954
0.028266572,953
0.028273494,952
0.028279412,951
0.028296642,950
0.028302965,949
0.028315035,948
0.028321759,947
0.028327481,946
0.028331742,945
0.028338084,944
0.028344608,943
0.028353336,942
0.028391442,941
0.02839624,940
0.028404119,939
0.028411066,938
0.02842791,937
0.028437518,936
0.028442363,935
0.028454628,934
0.028472667,933
0.02851807,932
0.028536464,931
0.028549967,930
0.028600291,929
0.028748079,928
0.028753029,927
0.028757185,926
0.028761858,925
0.028768048,924
0.028818085,923
0.028823691,922
0.028828629,921
0.028849144,920
0.028862939,919
0.028898842,918
0.028911949,917
0.028944991,916
0.0289581,915
0.029009241,914
0.029034363,913
0.029038736,912
0.029183557,911
0.029330472,910
0.02937062,909
0.029376211,908
0.029408208,907
0.029413585,906
0.029427168,905
0.029448755,904
0.029673743,903
0.029682709,902
0.029705833,901
0.322457534,900
0.474606879,899
