0.035765612,1219
0.035828886,1218
0.035835302,1217
0.035841214,1216
0.035847266,1215
0.035852635,1214
0.035858323,1213
0.035863703,1212
0.035869022,1211
0.035874793,1210
0.035880351,1209
0.0358926,1208
0.035904172,1207
0.036454803,1206
0.036469881,1205
0.036482361,1204
0.036496701,1203
0.036504789,1202
0.036513681,1201
0.036522144,1200
0.036531023,1199
0.036538744,1198
0.036546755,1197
0.036555246,1196
0.036563743,1195
0.036575955,1194
0.03659662,1193
0.036612736,1192
0.03661859,1191
0.036624293,1190
0.036631355,1189
0.036636545,1188
0.03664584,1187
0.036653115,1186
0.036660795,1185
0.036670137,1184
0.036712804,1183
0.03676969,1182
0.036811,1181
0.036818959,1180
0.036828629,1179
0.036835938,1178
0.036843797,1177
0.036851521,1176
0.036860113,1175
0.036867274,1174
0.036874061,1173
0.036880824,1172
0.036887354,1171
0.036894051,1170
0.036900651,1169
0.03690697,1168
0.036917193,1167
0.036924056,1166
0.036935311,1165
0.036943044,1164
0.036951473,1163
0.036962721,1162
0.037007907,1161
0.037027211,1160
0.037033239,1159
0.037038654,1158
0.037044187,1157
0.037055805,1156
0.037081055,1155
0.03712175,1154
0.037129713,1153
0.037137003,1152
0.03714618,1151
0.037155114,1150
0.037162966,1149
0.037173319,1148
0.037182025,1147
0.037191548,1146
0.037200686,1145
0.037209473,1144
0.037220532,1143
0.037272982,1142
0.037280508,1141
0.037293583,1140
0.037336607,1139
0.037342946,1138
0.037682374,1137
0.037728981,1136
0.038181765,1135
0.038193043,1134
0.038205537,1133
0.038261867,1132
0.038288587,1131
0.038297265,1130
0.038303704,1129
0.038319786,1128
0.038325083,1127
0.038383717,1126
0.038395636,1125
0.038444111,1124
0.04068508,1123
0.04069368,1122
0.04070136,1121
0.040707504,1120
0.040716353,1119
0.040745232,1118
0.0407559,1117
0.040760297,1116
0.040764839,1115
0.040775472,1114
0.040810135,1113
0.040816148,1112
0.040821325,1111
0.04082692,1110
0.04087047,1109
0.040906821,1108
0.040941612,1107
0.040981356,1106
0.041919481,1105
0.041928886,1104
0.041939437,1103
0.041946976,1102
0.041955907,1101
0.041993345,1100
0.0420032,1099
0.042043242,1098
0.042092512,1097
0.042100286,1096
0.042107621,1095
0.042148247,1094
0.042190668,1093
0.04223142,1092
0.042236663,1091
0.042241982,1090
0.042295192,1089
0.042305815,1088
0.042320896,1087
0.042330916,1086
0.042339646,1085
0.043600126,1084
0.043617507,1083
0.043632244,1082
0.043671211,1081
0.045351894,1080
0.04536223,1079
0.045366675,1078
0.045418817,1077
0.045460318,1076
0.045469404,1075
0.045473949,1074
0.046014629,1073
0.046019739,1072
0.046024899,1071
0.046072654,1070
0.046079407,1069
0.046126135,1068
0.04613511,1067
0.04614019,1066
0.04614636,1065
0.046155703,1064
0.046159905,1063
0.046165211,1062
0.04617173,1061
0.046181524,1060
0.046186164,1059
0.046199021,1058
0.046207487,1057
0.046212975,1056
0.046223626,1055
0.046228767,1054
0.046236578,1053
0.046242496,1052
0.046249416,1051
0.046253276,1050
0.046258487,1049
0.04626326,1048
0.046307593,1047
0.046315059,1046
0.046321243,1045
0.046327972,1044
0.046332483,1043
0.046337011,1042
0.046342397,1041
0.046348542,1040
0.04635337,1039
0.046397019,1038
0.046407876,1037
0.046427506,1036
0.046444134,1035
0.046449585,1034
0.046454337,1033
0.046462454,1032
0.046466767,1031
0.046475922,1030
0.046482799,1029
0.046487267,1028
0.046502488,1027
0.046514147,1026
0.046527327,1025
0.04654606,1024
0.046560102,1023
0.046580028,1022
0.046607687,1021
0.046612993,1020
0.046639191,1019
0.046907685,1018
0.046940123,1017
0.047028799,1016
0.047046575,1015
0.047089918,1014
0.047127183,1013
0.047168314,1012
0.047180462,1011
0.047683675,1010
0.047687928,1009
0.047727457,1008
0.047731683,1007
0.047737218,1006
0.047740737,1005
0.047781835,1004
0.047787843,1003
0.047793331,1002
0.047802064,1001
0.047809175,1000
0.047822211,999
0.047826939,998
0.047880111,997
0.047883673,996
0.048383137,995
0.048387176,994
0.048419938,993
0.048424659,992
0.04842938,991
0.048433499,990
0.048468626,989
0.048473992,988
0.048479695,987
0.048484858,986
0.048491554,985
0.048498985,984
0.048506785,983
0.048513426,982
0.048519475,981
0.048523601,980
0.048534667,979
0.048539318,978
0.048602281,977
0.048606873,976
0.048615996,975
0.048627834,974
0.04882418,973
0.048847317,972
0.048854602,971
0.048900818,970
0.048914738,969
0.048955815,968
0.04901094,967
0.04904546,966
0.049106379,965
0.049114765,964
0.04913107,963
0.049138675,962
0.049150942,961
0.04916866,960
0.049175276,959
0.049194894,958
0.049220471,957
0.049229981,956
0.049241595,955
0.04925841,954
0.049443049,953
0.049454448,952
0.049461205,951
0.049466035,950
0.049473727,949
0.0494779,948
0.049491611,947
0.049496135,946
0.049504253,945
0.049511149,944
0.049522936,943
0.049539723,942
0.049560614,941
0.049578646,940
0.049609562,939
0.049641936,938
0.050158129,937
0.050178054,936
0.050204374,935
0.050212075,934
0.050217178,933
0.05025072,932
0.05029999,931
0.050306331,930
0.050310868,929
0.050647098,928
0.050654321,927
0.050691602,926
0.050739616,925
0.050798989,924
0.051167614,923
0.051180352,922
0.051189251,921
0.051200068,920
0.053050686,919
0.053063614,918
0.053084344,917
0.053103445,916
0.053109853,915
0.053123902,914
0.053180889,913
0.053205509,912
0.053342092,911
0.053487027,910
0.053493757,909
0.053506139,908
0.053515781,907
0.053539726,906
0.053580311,905
0.053630312,904
0.054336392,903
0.054346494,902
0.054358982,901
0.204935511,900
0.231516031,899
