0.02719694,1219
0.028341002,1218
0.028365178,1217
0.028401707,1216
0.028409548,1215
0.028424695,1214
0.029000273,1213
0.029045997,1212
0.029117556,1211
0.029202316,1210
0.029280135,1209
0.029332036,1208
0.0293646,1207
0.029393069,1206
0.029423795,1205
0.029432858,1204
0.029440777,1203
0.029448068,1202
0.029456551,1201
0.029465192,1200
0.02947177,1199
0.029478272,1198
0.029485771,1197
0.02949159,1196
0.029497766,1195
0.029505344,1194
0.029519238,1193
0.029526188,1192
0.029541548,1191
0.029552748,1190
0.029574865,1189
0.029591503,1188
0.029634331,1187
0.029715647,1186
0.029724327,1185
0.029731542,1184
0.029738058,1183
0.029744652,1182
0.029750944,1181
0.029759164,1180
0.029765361,1179
0.029771252,1178
0.029779466,1177
0.029787243,1176
0.029797391,1175
0.02980487,1174
0.029811761,1173
0.02981905,1172
0.029828187,1171
0.029836174,1170
0.029844523,1169
0.029854716,1168
0.02986604,1167
0.029881247,1166
0.029891345,1165
0.029905442,1164
0.029916847,1163
0.029929357,1162
0.029945319,1161
0.029990037,1160
0.030025341,1159
0.030063829,1158
0.030084793,1157
0.030092628,1156
0.030125787,1155
0.030132789,1154
0.030169184,1153
0.030176102,1152
0.030187086,1151
0.030196413,1150
0.030207636,1149
0.030214801,1148
0.03022427,1147
0.030231659,1146
0.030238517,1145
0.030245618,1144
0.030363889,1143
0.030378676,1142
0.030389523,1141
0.0303981,1140
0.030407256,1139
0.030414084,1138
0.030420918,1137
0.030427468,1136
0.030434516,1135
0.030443998,1134
0.030455565,1133
0.03046295,1132
0.030469717,1131
0.030476715,1130
0.030483359,1129
0.030494062,1128
0.030502679,1127
0.030509584,1126
0.030516164,1125
0.030524699,1124
0.030533577,1123
0.030542168,1122
0.030552351,1121
0.030559,1120
0.03060992,1119
0.030615143,1118
0.030620404,1117
0.030628292,1116
0.03063361,1115
0.030638777,1114
0.030644945,1113
0.030652614,1112
0.030657927,1111
0.030663123,1110
0.030667927,1109
0.030673951,1108
0.030695331,1107
0.03070471,1106
0.030711738,1105
0.03071997,1104
0.03074498,1103
0.030813909,1102
0.030827888,1101
0.030857731,1100
0.030876118,1099
0.030884662,1098
0.030892334,1097
0.030906596,1096
0.030913994,1095
0.030921911,1094
0.030930403,1093
0.030941383,1092
0.030954295,1091
0.030966199,1090
0.030973127,1089
0.030981666,1088
0.030988053,1087
0.031039509,1086
0.031045641,1085
0.031051579,1084
0.031065472,1083
0.031124511,1082
0.031152062,1081
0.031160282,1080
0.031182452,1079
0.031226946,1078
0.031269834,1077
0.031308365,1076
0.031370714,1075
0.031432325,1074
0.032288818,1073
0.032298458,1072
0.03230582,1071
0.032361438,1070
0.032369503,1069
0.032409142,1068
0.032418185,1067
0.032439629,1066
0.032446379,1065
0.03245321,1064
0.03247154,1063
0.032480927,1062
0.032488275,1061
0.032501557,1060
0.032508217,1059
0.032522003,1058
0.032531418,1057
0.03254321,1056
0.032549158,1055
0.032558078,1054
0.032566294,1053
0.03257867,1052
0.032587843,1051
0.032598862,1050
0.032653713,1049
0.032699065,1048
0.032707641,1047
0.03274727,1046
0.03275163,1045
0.032756269,1044
0.032793422,1043
0.032797352,1042
0.032802268,1041
0.032838661,1040
0.032846235,1039
0.032857634,1038
0.032864276,1037
0.032874115,1036
0.032879555,1035
0.03289175,1034
0.032898869,1033
0.0329106,1032
0.03292707,1031
0.032935673,1030
0.032948376,1029
0.032958676,1028
0.032977683,1027
0.033036613,1026
0.033043496,1025
0.033051398,1024
0.033061172,1023
0.033073491,1022
0.033078511,1021
0.033092643,1020
0.033099829,1019
0.033103777,1018
0.033109013,1017
0.033113858,1016
0.033135022,1015
0.033176049,1014
0.033185141,1013
0.033188394,1012
0.033196434,1011
0.033519154,1010
0.033527914,1009
0.033533536,1008
0.033539217,1007
0.033544684,1006
0.033549962,1005
0.033568675,1004
0.03357398,1003
0.033579843,1002
0.033584039,1001
0.033587962,1000
0.033599895,999
0.033624748,998
0.033635239,997
0.033653987,996
0.033667913,995
0.033673378,994
0.033680372,993
0.033687644,992
0.033692339,991
0.033697669,990
0.0337195,989
0.033723276,988
0.033726826,987
0.033734121,986
0.033738869,985
0.033743602,984
0.033747214,983
0.033757629,982
0.033760998,981
0.033770852,980
0.033774089,979
0.033777892,978
0.03378899,977
0.033802293,976
0.033812171,975
0.033817171,974
0.033824925,973
0.033835519,972
0.033841441,971
0.033848413,970
0.033854076,969
0.033858823,968
0.033863182,967
0.033883944,966
0.033911244,965
0.033919223,964
0.033929991,963
0.033940125,962
0.034577059,961
0.034589066,960
0.034665084,959
0.03470335,958
0.03471163,957
0.03472322,956
0.03474276,955
0.034829734,954
0.035040288,953
0.035047967,952
0.035053164,951
0.035059064,950
0.035066404,949
0.03507246,948
0.035078824,947
0.0350855,946
0.035089753,945
0.035095215,944
0.035101896,943
0.035106017,942
0.035118135,941
0.035123329,940
0.035131586,939
0.035142477,938
0.035149173,937
0.03516515,936
0.03519286,935
0.035207629,934
0.03521201,933
0.035252207,932
0.03525583,931
0.035262117,930
0.035281333,929
0.035420143,928
0.035425069,927
0.035430193,926
0.035438406,925
0.035447609,924
0.035454786,923
0.035460023,922
0.035469912,921
0.035476096,920
0.035497411,919
0.03550739,918
0.035615812,917
0.035651788,916
0.035678886,915
0.035690496,914
0.035706312,913
0.035734338,912
0.035837766,911
0.03594839,910
0.035956527,909
0.035964019,908
0.035969765,907
0.035985184,906
0.035990567,905
0.036008538,904
0.036248972,903
0.036254085,902
0.03626147,901
0.121376143,900
0.191894725,899
