0.022935637,1219
0.022946245,1218
0.022953626,1217
0.022960252,1216
0.022967086,1215
0.022972365,1214
0.022977672,1213
0.022982792,1212
0.022987844,1211
0.022992696,1210
0.022997935,1209
0.023002683,1208
0.023007322,1207
0.023012095,1206
0.023017315,1205
0.023022631,1204
0.023027992,1203
0.023033226,1202
0.023039096,1201
0.023044852,1200
0.023059971,1199
0.023065391,1198
0.023072004,1197
0.023076772,1196
0.023081206,1195
0.023097539,1194
0.023112752,1193
0.023126602,1192
0.023140343,1191
0.023147627,1190
0.023159535,1189
0.023192132,1188
0.023227528,1187
0.023241183,1186
0.023246627,1185
0.023251248,1184
0.023255395,1183
0.023261003,1182
0.023265595,1181
0.02326988,1180
0.023274096,1179
0.023286053,1178
0.023290465,1177
0.023309178,1176
0.023315484,1175
0.023320392,1174
0.023325262,1173
0.023329992,1172
0.023334264,1171
0.023338547,1170
0.023344512,1169
0.023351719,1168
0.023356812,1167
0.023362084,1166
0.023368342,1165
0.023374869,1164
0.023380493,1163
0.023384993,1162
0.023393381,1161
0.023399337,1160
0.023407821,1159
0.023415217,1158
0.023431027,1157
0.023437853,1156
0.023444938,1155
0.0234511,1154
0.023470712,1153
0.023476666,1152
0.023483404,1151
0.023489583,1150
0.023496347,1149
0.023502711,1148
0.023508759,1147
0.023514611,1146
0.023521119,1145
0.02352781,1144
0.023535031,1143
0.02354723,1142
0.023553868,1141
0.023561237,1140
0.023568793,1139
0.023579724,1138
0.023588776,1137
0.023596134,1136
0.023604414,1135
0.023610875,1134
0.023617277,1133
0.02362393,1132
0.02363801,1131
0.023646408,1130
0.023653752,1129
0.023700729,1128
0.023743061,1127
0.023749107,1126
0.023754723,1125
0.023796997,1124
0.023803024,1123
0.02380833,1122
0.023813393,1121
0.023818721,1120
0.023823577,1119
0.023830095,1118
0.023836651,1117
0.023882034,1116
0.023887432,1115
0.023893216,1114
0.023901052,1113
0.023906952,1112
0.023914605,1111
0.023924136,1110
0.023930529,1109
0.023940251,1108
0.023945868,1107
0.023953537,1106
0.023963993,1105
0.02397509,1104
0.023981505,1103
0.023988147,1102
0.023994939,1101
0.024000339,1100
0.024007189,1099
0.024018175,1098
0.024027002,1097
0.024035359,1096
0.024043337,1095
0.024047801,1094
0.024054414,1093
0.024066774,1092
0.024072958,1091
0.024088041,1090
0.024112248,1089
0.024118971,1088
0.024131439,1087
0.024145091,1086
0.024149413,1085
0.024154199,1084
0.024159569,1083
0.024163365,1082
0.024167241,1081
0.024172087,1080
0.024176087,1079
0.024190294,1078
0.0241977,1077
0.024205778,1076
0.024209501,1075
0.024229579,1074
0.024819634,1073
0.02483536,1072
0.0248439,1071
0.02485455,1070
0.024863108,1069
0.024869016,1068
0.024875861,1067
0.024882268,1066
0.024890195,1065
0.024894259,1064
0.024900071,1063
0.024913904,1062
0.02492223,1061
0.024927793,1060
0.024935692,1059
0.024944305,1058
0.024950526,1057
0.024956542,1056
0.024962731,1055
0.024969624,1054
0.024975933,1053
0.024982052,1052
0.024991686,1051
0.024998361,1050
0.025005604,1049
0.025019815,1048
0.025027474,1047
0.025034693,1046
0.025042072,1045
0.025048069,1044
0.025054305,1043
0.025077466,1042
0.025123194,1041
0.025128577,1040
0.025144572,1039
0.025150857,1038
0.025155746,1037
0.025161044,1036
0.025176438,1035
0.025181763,1034
0.025185345,1033
0.025196263,1032
0.025201399,1031
0.025206049,1030
0.025224444,1029
0.025230686,1028
0.025266871,1027
0.025293581,1026
0.025307136,1025
0.025313902,1024
0.025321312,1023
0.02534144,1022
0.025345054,1021
0.025359977,1020
0.02536333,1019
0.025369333,1018
0.025375877,1017
0.025390668,1016
0.025394355,1015
0.025399934,1014
0.025405793,1013
0.025411078,1012
0.025438478,1011
0.025794986,1010
0.025799076,1009
0.025802579,1008
0.025815689,1007
0.025829717,1006
0.02583417,1005
0.025839867,1004
0.025843999,1003
0.025848509,1002
0.025852588,1001
0.025876983,1000
0.025881174,999
0.025884832,998
0.025888792,997
0.02589443,996
0.025903399,995
0.025906939,994
0.0259111,993
0.025914651,992
0.025934011,991
0.025938999,990
0.025943966,989
0.025952542,988
0.02596015,987
0.025966865,986
0.025970574,985
0.025973884,984
0.025981597,983
0.025987589,982
0.025992405,981
0.025995871,980
0.026004414,979
0.026007991,978
0.026012531,977
0.026015875,976
0.026029851,975
0.026033421,974
0.026037142,973
0.026041212,972
0.026045344,971
0.026050495,970
0.02605814,969
0.026063873,968
0.026071993,967
0.026077686,966
0.026083545,965
0.026090811,964
0.026102011,963
0.026112697,962
0.026117377,961
0.026127323,960
0.026144447,959
0.026156766,958
0.026205742,957
0.026238204,956
0.026271124,955
0.026299594,954
0.026423677,953
0.026433738,952
0.026438086,951
0.026440878,950
0.02644483,949
0.026449758,948
0.026456912,947
0.026460109,946
0.026463309,945
0.026466109,944
0.026486497,943
0.026490418,942
0.026495309,941
0.026500587,940
0.026514448,939
0.026535999,938
0.026541825,937
0.02655936,936
0.026571031,935
0.026584399,934
0.026595473,933
0.026616779,932
0.026645918,931
0.026685743,930
0.026717908,929
0.026860106,928
0.026863313,927
0.026867319,926
0.026877336,925
0.02688099,924
0.026895562,923
0.026902237,922
0.026913343,921
0.026924006,920
0.026933386,919
0.026951177,918
0.026957614,917
0.026966264,916
0.026970777,915
0.026975516,914
0.026990045,913
0.027024292,912
0.027166658,911
0.027339915,910
0.02738097,909
0.027386317,908
0.02742023,907
0.027436445,906
0.027450056,905
0.027491355,904
0.027687389,903
0.027695348,902
0.027707124,901
0.137715616,900
0.233532739,899
