0.021214355,1219
0.021240683,1218
0.021271105,1217
0.021285603,1216
0.021292743,1215
0.021300049,1214
0.021310178,1213
0.021317968,1212
0.021354928,1211
0.021362657,1210
0.021369982,1209
0.021376878,1208
0.021383885,1207
0.02139115,1206
0.021398711,1205
0.021405706,1204
0.021412763,1203
0.021426599,1202
0.021433606,1201
0.021440488,1200
0.02145033,1199
0.021457266,1198
0.021464482,1197
0.021471761,1196
0.021479478,1195
0.021486617,1194
0.021495164,1193
0.021502548,1192
0.02151297,1191
0.021521376,1190
0.021530251,1189
0.021538967,1188
0.021547489,1187
0.021555641,1186
0.021564193,1185
0.021572304,1184
0.021582504,1183
0.021590821,1182
0.021600073,1181
0.021607423,1180
0.021618167,1179
0.021625408,1178
0.021633553,1177
0.021642794,1176
0.021651106,1175
0.021659101,1174
0.021667491,1173
0.021678877,1172
0.021686562,1171
0.021711649,1170
0.021737682,1169
0.021751649,1168
0.021761612,1167
0.021770089,1166
0.021795031,1165
0.021817075,1164
0.021827206,1163
0.021834225,1162
0.021843668,1161
0.02185196,1160
0.021860705,1159
0.021869075,1158
0.021876693,1157
0.021883664,1156
0.021891879,1155
0.021909259,1154
0.021915914,1153
0.021926156,1152
0.021933837,1151
0.021942881,1150
0.021965406,1149
0.021974533,1148
0.021981553,1147
0.021988384,1146
0.021995108,1145
0.022006518,1144
0.022016556,1143
0.022056803,1142
0.022062742,1141
0.022069493,1140
0.022074866,1139
0.022079991,1138
0.022085487,1137
0.022125719,1136
0.022162686,1135
0.022200096,1134
0.022239891,1133
0.02224587,1132
0.022288148,1131
0.022293343,1130
0.022301264,1129
0.022308199,1128
0.022316534,1127
0.022323972,1126
0.022330819,1125
0.022337553,1124
0.022342355,1123
0.022348763,1122
0.022363693,1121
0.022370466,1120
0.022379919,1119
0.022385382,1118
0.022391993,1117
0.022399256,1116
0.022404832,1115
0.022410127,1114
0.022415653,1113
0.022422952,1112
0.022428048,1111
0.022438513,1110
0.02245534,1109
0.022461594,1108
0.022470052,1107
0.022474921,1106
0.022480096,1105
0.022487144,1104
0.022494624,1103
0.022501583,1102
0.022507237,1101
0.022512674,1100
0.02251801,1099
0.022526938,1098
0.022532922,1097
0.022538907,1096
0.022544777,1095
0.022550633,1094
0.022556463,1093
0.022566764,1092
0.022575457,1091
0.02259196,1090
0.022616743,1089
0.022622866,1088
0.022629256,1087
0.022658796,1086
0.022682721,1085
0.022696637,1084
0.022719885,1083
0.022723854,1082
0.022729924,1081
0.022735535,1080
0.022741351,1079
0.022745544,1078
0.022751519,1077
0.022757261,1076
0.022762079,1075
0.022789739,1074
0.023664476,1073
0.023669925,1072
0.023690803,1071
0.023695685,1070
0.023700797,1069
0.023709197,1068
0.023718906,1067
0.023733789,1066
0.02374638,1065
0.023752646,1064
0.023761908,1063
0.023765623,1062
0.023776666,1061
0.023781453,1060
0.023786956,1059
0.023811646,1058
0.023817533,1057
0.023827419,1056
0.023841852,1055
0.023849442,1054
0.023869672,1053
0.023889202,1052
0.023924387,1051
0.02396323,1050
0.024028079,1049
0.024070999,1048
0.02407632,1047
0.024085832,1046
0.024090784,1045
0.024096785,1044
0.024109784,1043
0.024138493,1042
0.024145557,1041
0.024149619,1040
0.024158223,1039
0.024162496,1038
0.024166706,1037
0.024170398,1036
0.024180931,1035
0.024184149,1034
0.02424063,1033
0.02424531,1032
0.024258223,1031
0.024262298,1030
0.024265671,1029
0.024274278,1028
0.024279431,1027
0.027017982,1026
0.02707626,1025
0.027082999,1024
0.02708753,1023
0.027111473,1022
0.027146385,1021
0.027154963,1020
0.027159971,1019
0.027167304,1018
0.027177612,1017
0.027194518,1016
0.027203926,1015
0.027211607,1014
0.027216502,1013
0.027222043,1012
0.027229707,1011
0.027480185,1010
0.02748568,1009
0.027489744,1008
0.027492867,1007
0.027496868,1006
0.027502587,1005
0.027505582,1004
0.027508585,1003
0.027511267,1002
0.027513883,1001
0.027516558,1000
0.027582231,999
0.027625927,998
0.027638111,997
0.027646074,996
0.027652644,995
0.027659953,994
0.027669358,993
0.027673573,992
0.027677789,991
0.02768336,990
0.027687562,989
0.027691274,988
0.027704786,987
0.027708848,986
0.027712756,985
0.027729003,984
0.027734632,983
0.027741476,982
0.027752608,981
0.027759794,980
0.027764808,979
0.027770685,978
0.027775097,977
0.02778181,976
0.027787052,975
0.027792317,974
0.027803993,973
0.027813887,972
0.027828484,971
0.027838788,970
0.027847081,969
0.027858412,968
0.027865892,967
0.027870229,966
0.027876041,965
0.027880357,964
0.027885168,963
0.027889331,962
0.027900367,961
0.027938049,960
0.027946602,959
0.027969024,958
0.027978338,957
0.027994999,956
0.028041089,955
0.028097596,954
0.028294257,953
0.028302607,952
0.028309586,951
0.028342978,950
0.028347827,949
0.028353242,948
0.028358204,947
0.028365213,946
0.028369172,945
0.028386362,944
0.028402622,943
0.028424233,942
0.028495216,941
0.028522305,940
0.028540784,939
0.028554932,938
0.028578826,937
0.028583193,936
0.028625367,935
0.028629672,934
0.028657483,933
0.028675544,932
0.02868306,931
0.028691811,930
0.028711392,929
0.028844278,928
0.0288481,927
0.028852381,926
0.028877622,925
0.02888346,924
0.028890703,923
0.02889458,922
0.028900817,921
0.028905549,920
0.028943556,919
0.028948387,918
0.028958396,917
0.029108125,916
0.029120693,915
0.029133526,914
0.029147456,913
0.029179364,912
0.029291409,911
0.02946161,910
0.029513267,909
0.029518167,908
0.029524631,907
0.029565225,906
0.029723046,905
0.029776594,904
0.029972148,903
0.030011817,902
0.030016767,901
