0.030193062,1219
0.030210303,1218
0.030217958,1217
0.030224813,1216
0.03024858,1215
0.030254656,1214
0.030259876,1213
0.030273426,1212
0.030285761,1211
0.030333665,1210
0.030344999,1209
0.030355204,1208
0.030361578,1207
0.030370616,1206
0.03038087,1205
0.0303944,1204
0.030411691,1203
0.03042355,1202
0.030444158,1201
0.030450412,1200
0.030459731,1199
0.03047171,1198
0.030481217,1197
0.030492187,1196
0.030499168,1195
0.030505134,1194
0.030528114,1193
0.030534184,1192
0.030542268,1191
0.030569105,1190
0.030577091,1189
0.030584773,1188
0.030591055,1187
0.030596435,1186
0.030601208,1185
0.030609645,1184
0.030617522,1183
0.030627511,1182
0.030639861,1181
0.030648495,1180
0.030671591,1179
0.030676691,1178
0.030684016,1177
0.03069315,1176
0.030700926,1175
0.030709787,1174
0.030718153,1173
0.030725359,1172
0.0307321,1171
0.030758312,1170
0.030763385,1169
0.030771344,1168
0.030777603,1167
0.030787754,1166
0.030797659,1165
0.030806485,1164
0.030811772,1163
0.030816742,1162
0.030826346,1161
0.03083425,1160
0.03084228,1159
0.030850402,1158
0.030859482,1157
0.030893338,1156
0.030905395,1155
0.030924716,1154
0.030973474,1153
0.030984939,1152
0.031004093,1151
0.031121941,1150
0.031193079,1149
0.031232826,1148
0.031241569,1147
0.031249972,1146
0.03129998,1145
0.031310337,1144
0.031326353,1143
0.031363251,1142
0.031370701,1141
0.031378523,1140
0.031386593,1139
0.031394413,1138
0.031404194,1137
0.031412631,1136
0.031420388,1135
0.03142957,1134
0.03144039,1133
0.03146379,1132
0.031508679,1131
0.03152132,1130
0.031575731,1129
0.031618166,1128
0.031632023,1127
0.03164396,1126
0.031720216,1125
0.031775827,1124
0.031789601,1123
0.031814546,1122
0.031855566,1121
0.032034923,1120
0.032043613,1119
0.032078415,1118
0.032091597,1117
0.03210309,1116
0.032115167,1115
0.032121879,1114
0.03214027,1113
0.032148853,1112
0.032160781,1111
0.032170827,1110
0.03217851,1109
0.032184587,1108
0.032189611,1107
0.032194997,1106
0.032203611,1105
0.032212428,1104
0.032218266,1103
0.032224828,1102
0.032232294,1101
0.032241494,1100
0.032320965,1099
0.032356,1098
0.032364274,1097
0.032373044,1096
0.032382973,1095
0.032390546,1094
0.032395295,1093
0.032407588,1092
0.032425898,1091
0.032593198,1090
0.032633345,1089
0.03264668,1088
0.032653004,1087
0.032661333,1086
0.032670219,1085
0.032677738,1084
0.032686378,1083
0.032692725,1082
0.032706251,1081
0.032744681,1080
0.032752955,1079
0.032775051,1078
0.032783286,1077
0.032794781,1076
0.03280198,1075
0.032855216,1074
0.038875724,1073
0.038882568,1072
0.038960139,1071
0.038964778,1070
0.03901938,1069
0.039023901,1068
0.039036774,1067
0.039040231,1066
0.039086776,1065
0.039092131,1064
0.039097505,1063
0.039101135,1062
0.039115208,1061
0.039119734,1060
0.039123221,1059
0.0391286,1058
0.039132495,1057
0.039137373,1056
0.039144563,1055
0.039148824,1054
0.039188431,1053
0.039193791,1052
0.039204258,1051
0.039218104,1050
0.039221604,1049
0.03923394,1048
0.03923898,1047
0.039250049,1046
0.039291628,1045
0.039334665,1044
0.039340595,1043
0.039350407,1042
0.039355466,1041
0.039397789,1040
0.039404218,1039
0.039411161,1038
0.039856966,1037
0.039870308,1036
0.039888948,1035
0.039900983,1034
0.039904981,1033
0.039914154,1032
0.039918445,1031
0.039926749,1030
0.039946026,1029
0.03995004,1028
0.040000108,1027
0.044533615,1026
0.044543183,1025
0.044578605,1024
0.044616585,1023
0.044620691,1022
0.044633219,1021
0.044682758,1020
0.044686355,1019
0.044701338,1018
0.044769811,1017
0.044775352,1016
0.044784032,1015
0.044788177,1014
0.044802109,1013
0.044849849,1012
0.044887719,1011
0.045078179,1010
0.045080877,1009
0.045085697,1008
0.045089522,1007
0.045093329,1006
0.045098928,1005
0.045102838,1004
0.045106709,1003
0.045111978,1002
0.04512132,1001
0.045125534,1000
0.045131165,999
0.045137756,998
0.045143566,997
0.045157034,996
0.045161386,995
0.045165404,994
0.045169463,993
0.045177716,992
0.045181867,991
0.045186041,990
0.045192719,989
0.045197539,988
0.045203298,987
0.045208199,986
0.045213461,985
0.045226477,984
0.045238585,983
0.045306578,982
0.045314871,981
0.045471655,980
0.04547933,979
0.045486665,978
0.045490452,977
0.045496414,976
0.045506552,975
0.045513966,974
0.045528057,973
0.045535914,972
0.045569412,971
0.045651087,970
0.045660544,969
0.045703021,968
0.045716823,967
0.045758102,966
0.045770632,965
0.045777537,964
0.04722882,963
0.047250559,962
0.047265398,961
0.047327149,960
0.047357969,959
0.047426962,958
0.047431508,957
0.04745503,956
0.04752394,955
0.047541859,954
0.048550545,953
0.048558315,952
0.048575432,951
0.048579722,950
0.048584059,949
0.048602842,948
0.048608809,947
0.048622355,946
0.048627522,945
0.048650349,944
0.048654341,943
0.048679484,942
0.048685683,941
0.048702196,940
0.048715726,939
0.048746723,938
0.048751676,937
0.048765641,936
0.048782068,935
0.04882046,934
0.04882667,933
0.048866855,932
0.048891739,931
0.04890781,930
0.048946695,929
0.049102481,928
0.049106834,927
0.049111055,926
0.049118495,925
0.049156647,924
0.049162526,923
0.049167936,922
0.049193138,921
0.049199981,920
0.049213687,919
0.049930394,918
0.050025958,917
0.050031988,916
0.050107615,915
0.050150879,914
0.050160052,913
0.050217049,912
0.050375337,911
0.052183777,910
0.052191726,909
0.05220312,908
0.052225354,907
0.052405454,906
0.052413132,905
0.0524523,904
0.052661688,903
0.052668515,902
0.052705896,901
