0.029533989,1219
0.029576081,1218
0.029581023,1217
0.029588656,1216
0.029600499,1215
0.029648666,1214
0.029664309,1213
0.029671394,1212
0.029675596,1211
0.029679714,1210
0.029683634,1209
0.029688082,1208
0.029692272,1207
0.029696355,1206
0.029703067,1205
0.029709998,1204
0.02971662,1203
0.02972338,1202
0.029730016,1201
0.029735265,1200
0.029739913,1199
0.029747075,1198
0.029752901,1197
0.029758034,1196
0.029764938,1195
0.02977218,1194
0.029812245,1193
0.029819093,1192
0.029826839,1191
0.029839017,1190
0.029850778,1189
0.029861271,1188
0.029873386,1187
0.029882946,1186
0.02989172,1185
0.029900551,1184
0.029909305,1183
0.029920025,1182
0.02992596,1181
0.029939527,1180
0.029945128,1179
0.029960808,1178
0.029976033,1177
0.029985246,1176
0.029995245,1175
0.030011642,1174
0.030038812,1173
0.030044857,1172
0.030050455,1171
0.030062411,1170
0.030102843,1169
0.0301115,1168
0.030120997,1167
0.03012799,1166
0.030134912,1165
0.030141147,1164
0.030146352,1163
0.030151455,1162
0.030160078,1161
0.030165237,1160
0.030176166,1159
0.030182591,1158
0.030192968,1157
0.030210158,1156
0.030217843,1155
0.030250505,1154
0.030262303,1153
0.030270221,1152
0.0302758,1151
0.030283006,1150
0.030289803,1149
0.030297002,1148
0.030308119,1147
0.030313856,1146
0.030319937,1145
0.030327382,1144
0.030334533,1143
0.030342211,1142
0.030348748,1141
0.03035454,1140
0.0303597,1139
0.030365098,1138
0.030370336,1137
0.030375828,1136
0.030429655,1135
0.030437992,1134
0.030443476,1133
0.030462612,1132
0.030472771,1131
0.030481464,1130
0.030487189,1129
0.030503468,1128
0.030512865,1127
0.030521911,1126
0.030527753,1125
0.030533902,1124
0.030578607,1123
0.030584657,1122
0.030597946,1121
0.030606315,1120
0.0306577,1119
0.030662427,1118
0.030667163,1117
0.030672462,1116
0.030728201,1115
0.030733617,1114
0.030737231,1113
0.030740819,1112
0.030745446,1111
0.030749795,1110
0.030756034,1109
0.03076048,1108
0.030766898,1107
0.030771649,1106
0.030776846,1105
0.030780651,1104
0.030797232,1103
0.030814314,1102
0.030826843,1101
0.030839787,1100
0.030880368,1099
0.030892326,1098
0.030896165,1097
0.030901809,1096
0.030906539,1095
0.030912603,1094
0.030922574,1093
0.030927517,1092
0.030937399,1091
0.030945987,1090
0.030968748,1089
0.03098356,1088
0.030987973,1087
0.03099566,1086
0.031000288,1085
0.031004792,1084
0.031021837,1083
0.031035436,1082
0.031043802,1081
0.031051655,1080
0.03105813,1079
0.031062617,1078
0.031067278,1077
0.031136929,1076
0.03118307,1075
0.03118733,1074
0.031948169,1073
0.032279759,1072
0.032310378,1071
0.032338081,1070
0.032344437,1069
0.032349881,1068
0.032609962,1067
0.03262054,1066
0.032625756,1065
0.032634299,1064
0.032639187,1063
0.033027226,1062
0.033080565,1061
0.033085885,1060
0.033108627,1059
0.033112049,1058
0.033123486,1057
0.033127741,1056
0.033133469,1055
0.033175583,1054
0.033183555,1053
0.033227907,1052
0.033234662,1051
0.03327074,1050
0.033274698,1049
0.033673388,1048
0.033728193,1047
0.033775182,1046
0.033782291,1045
0.033788586,1044
0.033794739,1043
0.033801195,1042
0.033805472,1041
0.03381064,1040
0.03381828,1039
0.033829262,1038
0.033855873,1037
0.033860123,1036
0.033866196,1035
0.033877287,1034
0.033883068,1033
0.033889499,1032
0.033894685,1031
0.0339022,1030
0.033908409,1029
0.03392378,1028
0.033937124,1027
0.03687505,1026
0.03693425,1025
0.036949295,1024
0.036962534,1023
0.036970173,1022
0.03701131,1021
0.037014899,1020
0.037023913,1019
0.037030121,1018
0.037036078,1017
0.037039557,1016
0.037045365,1015
0.037051295,1014
0.037060204,1013
0.03707315,1012
0.037088551,1011
0.037752139,1010
0.037758232,1009
0.037768851,1008
0.03777206,1007
0.037775383,1006
0.03777976,1005
0.037784873,1004
0.037788456,1003
0.037791817,1002
0.037804188,1001
0.037815458,1000
0.037826716,999
0.037832456,998
0.037837529,997
0.037841622,996
0.037882072,995
0.037921242,994
0.037926918,993
0.037932067,992
0.037937533,991
0.037976036,990
0.037979595,989
0.037982698,988
0.037985797,987
0.037991554,986
0.037994832,985
0.037999107,984
0.038005276,983
0.038011371,982
0.038015808,981
0.038025351,980
0.038043055,979
0.03806886,978
0.038074405,977
0.038078646,976
0.038084399,975
0.038088093,974
0.038102034,973
0.038110024,972
0.038121007,971
0.03812895,970
0.038132797,969
0.038144535,968
0.038168221,967
0.038190411,966
0.038198358,965
0.03824455,964
0.038248689,963
0.038251863,962
0.038256885,961
0.038266479,960
0.038273501,959
0.038280554,958
0.038326676,957
0.038333666,956
0.038341352,955
0.038352261,954
0.038458731,953
0.038468105,952
0.038482413,951
0.038489089,950
0.038492888,949
0.038495567,948
0.038503447,947
0.038506607,946
0.038510152,945
0.038513048,944
0.038520373,943
0.038528006,942
0.038534592,941
0.038542943,940
0.038545922,939
0.038551526,938
0.038558302,937
0.038603613,936
0.038610359,935
0.038640335,934
0.038643583,933
0.038653971,932
0.038657958,931
0.038662036,930
0.038689305,929
0.038823659,928
0.03882685,927
0.038830022,926
0.038833219,925
0.038850492,924
0.038854293,923
0.038870146,922
0.038875974,921
0.038885378,920
0.038889208,919
0.038923761,918
0.038929834,917
0.038939094,916
0.038952954,915
0.038971438,914
0.038981451,913
0.038988911,912
0.039074429,911
0.039477692,910
0.039484367,909
0.039528676,908
0.039535137,907
0.039554495,906
0.039559774,905
0.039565775,904
0.039777313,903
0.039831045,902
0.03983648,901
