0.018246113,1219
0.018321524,1218
0.018352179,1217
0.018402333,1216
0.018439383,1215
0.018518041,1214
0.018567286,1213
0.018587684,1212
0.01859351,1211
0.018599319,1210
0.018605078,1209
0.018610696,1208
0.018616363,1207
0.018622385,1206
0.01862825,1205
0.018634623,1204
0.018641959,1203
0.018648391,1202
0.018654386,1201
0.018660253,1200
0.018674831,1199
0.018686741,1198
0.018709266,1197
0.018723484,1196
0.018748443,1195
0.018757209,1194
0.01876678,1193
0.018775726,1192
0.018784283,1191
0.018793188,1190
0.018801989,1189
0.018811102,1188
0.018820334,1187
0.018829461,1186
0.018837964,1185
0.018847125,1184
0.018855325,1183
0.018863467,1182
0.018872618,1181
0.018879082,1180
0.018884814,1179
0.01889384,1178
0.018903678,1177
0.018913036,1176
0.01892173,1175
0.018930464,1174
0.018939107,1173
0.018945227,1172
0.018955523,1171
0.018961229,1170
0.018966974,1169
0.018975278,1168
0.018984319,1167
0.019002197,1166
0.019017626,1165
0.019040499,1164
0.019055202,1163
0.019063062,1162
0.01908036,1161
0.019122764,1160
0.019147549,1159
0.019169388,1158
0.019176613,1157
0.019183346,1156
0.019193232,1155
0.019204223,1154
0.01921441,1153
0.019226219,1152
0.019250686,1151
0.019259693,1150
0.019267416,1149
0.019281056,1148
0.019290516,1147
0.019302335,1146
0.019311308,1145
0.019323733,1144
0.019341711,1143
0.019353891,1142
0.019362011,1141
0.019367864,1140
0.019415219,1139
0.019421615,1138
0.019431812,1137
0.019437627,1136
0.019456714,1135
0.019462548,1134
0.019470286,1133
0.019481839,1132
0.019485876,1131
0.019493412,1130
0.019497375,1129
0.019503153,1128
0.019508625,1127
0.019513805,1126
0.019518916,1125
0.019528134,1124
0.019532993,1123
0.01953963,1122
0.019544381,1121
0.019565799,1120
0.019570948,1119
0.019579564,1118
0.019586924,1117
0.019594054,1116
0.019600384,1115
0.019605068,1114
0.019612334,1113
0.019615774,1112
0.019621295,1111
0.01962451,1110
0.019628616,1109
0.01963185,1108
0.019636031,1107
0.01964098,1106
0.019644245,1105
0.019647755,1104
0.019652234,1103
0.019658001,1102
0.01966281,1101
0.019666187,1100
0.019674748,1099
0.019684225,1098
0.019690526,1097
0.019694862,1096
0.019704463,1095
0.019708804,1094
0.019715152,1093
0.019719139,1092
0.019722704,1091
0.019728358,1090
0.019736667,1089
0.01974477,1088
0.019748571,1087
0.019755567,1086
0.01976463,1085
0.019768028,1084
0.019778861,1083
0.019783362,1082
0.019789562,1081
0.019796509,1080
0.019801198,1079
0.019807415,1078
0.019814422,1077
0.019819491,1076
0.019838302,1075
0.019843827,1074
0.020415155,1073
0.020428073,1072
0.020435195,1071
0.020453654,1070
0.020459632,1069
0.020466467,1068
0.020474209,1067
0.020480591,1066
0.020487679,1065
0.020495945,1064
0.020500808,1063
0.020504103,1062
0.020510209,1061
0.020516203,1060
0.02052218,1059
0.020525519,1058
0.020531695,1057
0.020538605,1056
0.020549477,1055
0.020556907,1054
0.020572098,1053
0.020577233,1052
0.02058252,1051
0.020589652,1050
0.020601138,1049
0.020608369,1048
0.020614745,1047
0.020621419,1046
0.020629609,1045
0.020642234,1044
0.02064972,1043
0.020656357,1042
0.020685249,1041
0.020692975,1040
0.020697679,1039
0.020721589,1038
0.020729401,1037
0.020738521,1036
0.020755695,1035
0.020766379,1034
0.020783038,1033
0.020793236,1032
0.020797595,1031
0.020802702,1030
0.020826153,1029
0.020855164,1028
0.020893123,1027
0.023408688,1026
0.023426499,1025
0.023429411,1024
0.023437291,1023
0.023442664,1022
0.023447866,1021
0.023477957,1020
0.023481247,1019
0.023487882,1018
0.023491845,1017
0.02349595,1016
0.023502936,1015
0.023506163,1014
0.023533937,1013
0.023540347,1012
0.023548442,1011
0.023834637,1010
0.023837946,1009
0.023841336,1008
0.023843935,1007
0.023847546,1006
0.023851394,1005
0.02385512,1004
0.023858689,1003
0.023862528,1002
0.023867269,1001
0.023871747,1000
0.023874402,999
0.023877874,998
0.023880356,997
0.023883668,996
0.023886242,995
0.023888963,994
0.023892028,993
0.023894836,992
0.023899288,991
0.023904945,990
0.023909717,989
0.023915612,988
0.023919157,987
0.023923616,986
0.023927678,985
0.023930408,984
0.023933948,983
0.023938919,982
0.023942643,981
0.023949044,980
0.023956144,979
0.023976062,978
0.023986893,977
0.023991216,976
0.023996135,975
0.023999982,974
0.024003165,973
0.024009457,972
0.024016327,971
0.024025892,970
0.024031907,969
0.024037818,968
0.024046578,967
0.024049621,966
0.024056731,965
0.024071747,964
0.024106805,963
0.024131627,962
0.024164835,961
0.024170023,960
0.024178729,959
0.024182562,958
0.024191331,957
0.024199342,956
0.024204816,955
0.024222911,954
0.024360443,953
0.024368215,952
0.024376921,951
0.024381201,950
0.024385832,949
0.02439089,948
0.024393865,947
0.024396836,946
0.024399653,945
0.024402772,944
0.0244112,943
0.024416524,942
0.024428213,941
0.024437573,940
0.02444037,939
0.024445334,938
0.024453422,937
0.024477892,936
0.024491923,935
0.024522347,934
0.02454605,933
0.024581921,932
0.024605385,931
0.024615895,930
0.024624373,929
0.024743172,928
0.024765101,927
0.024769102,926
0.024773489,925
0.024779473,924
0.024785536,923
0.024808888,922
0.024820848,921
0.024824495,920
0.024829115,919
0.024839088,918
0.024844757,917
0.024851026,916
0.024906686,915
0.024942319,914
0.025013907,913
0.02504302,912
0.02516323,911
0.025263071,910
0.025271912,909
0.025277586,908
0.025290419,907
0.025295849,906
0.025310824,905
0.025336816,904
0.025500289,903
0.025507166,902
0.025516119,901
