0.021522881,1219
0.021587444,1218
0.021644898,1217
0.021679355,1216
0.021747104,1215
0.021787604,1214
0.021801976,1213
0.02181642,1212
0.021822455,1211
0.021828209,1210
0.021847069,1209
0.021856573,1208
0.021864776,1207
0.021870172,1206
0.021879848,1205
0.021890222,1204
0.021896945,1203
0.021903827,1202
0.021910772,1201
0.021919653,1200
0.021928058,1199
0.021934734,1198
0.021940458,1197
0.021945854,1196
0.021964084,1195
0.021970924,1194
0.021978534,1193
0.021985047,1192
0.021992272,1191
0.022000287,1190
0.022019451,1189
0.022040521,1188
0.022058961,1187
0.022068204,1186
0.022083866,1185
0.022100344,1184
0.022113568,1183
0.022127751,1182
0.022141474,1181
0.022147469,1180
0.022154137,1179
0.02215915,1178
0.022166263,1177
0.022181291,1176
0.022193609,1175
0.022201353,1174
0.022210013,1173
0.022215352,1172
0.022220583,1171
0.022225773,1170
0.022230839,1169
0.02223772,1168
0.022246866,1167
0.022255088,1166
0.022262665,1165
0.022269764,1164
0.022275196,1163
0.022283974,1162
0.022291892,1161
0.022300037,1160
0.022327177,1159
0.022331844,1158
0.022336318,1157
0.0223495,1156
0.022356145,1155
0.022364337,1154
0.022370577,1153
0.022380848,1152
0.022387547,1151
0.022393939,1150
0.022399978,1149
0.02240713,1148
0.022412735,1147
0.02241992,1146
0.022438353,1145
0.022443663,1144
0.022450237,1143
0.022454973,1142
0.022460315,1141
0.022466605,1140
0.022472228,1139
0.022482896,1138
0.022489369,1137
0.022496067,1136
0.022502937,1135
0.022513736,1134
0.022521848,1133
0.022529565,1132
0.02254129,1131
0.022548182,1130
0.022556931,1129
0.022580023,1128
0.022590585,1127
0.022603514,1126
0.022609336,1125
0.022615647,1124
0.022624269,1123
0.022629662,1122
0.022636543,1121
0.02264284,1120
0.022651101,1119
0.022680546,1118
0.022687415,1117
0.022692431,1116
0.022696996,1115
0.022702025,1114
0.022707805,1113
0.022713112,1112
0.02271786,1111
0.022722961,1110
0.022736232,1109
0.022742784,1108
0.02274816,1107
0.022756844,1106
0.022762931,1105
0.022769321,1104
0.022776655,1103
0.022781375,1102
0.02278601,1101
0.022790591,1100
0.022796069,1099
0.022801217,1098
0.022806857,1097
0.022811533,1096
0.022815862,1095
0.022824312,1094
0.022829666,1093
0.022839906,1092
0.022845306,1091
0.022851912,1090
0.022859393,1089
0.022866436,1088
0.022872877,1087
0.02287996,1086
0.022887077,1085
0.02289403,1084
0.022904492,1083
0.022911688,1082
0.022947609,1081
0.022957532,1080
0.022964569,1079
0.02296939,1078
0.023000902,1077
0.023036757,1076
0.023051965,1075
0.023066843,1074
0.023478012,1073
0.023483237,1072
0.023489407,1071
0.023504847,1070
0.023512714,1069
0.023597079,1068
0.023602414,1067
0.023606489,1066
0.02361045,1065
0.023617185,1064
0.023620258,1063
0.023624006,1062
0.023628818,1061
0.023635504,1060
0.02363936,1059
0.023642117,1058
0.023647537,1057
0.02365045,1056
0.023673362,1055
0.023685575,1054
0.023693241,1053
0.023699434,1052
0.023706857,1051
0.023717811,1050
0.023730051,1049
0.023740288,1048
0.023753424,1047
0.023760033,1046
0.023765938,1045
0.023772245,1044
0.023778966,1043
0.023784304,1042
0.023788543,1041
0.023794879,1040
0.023800079,1039
0.023814749,1038
0.023823408,1037
0.023837433,1036
0.023848314,1035
0.02385142,1034
0.023854334,1033
0.02385956,1032
0.023862695,1031
0.023869251,1030
0.023875118,1029
0.023879385,1028
0.023883416,1027
0.026495326,1026
0.026514023,1025
0.026522434,1024
0.026526857,1023
0.026535645,1022
0.026605767,1021
0.026609948,1020
0.026621663,1019
0.026646182,1018
0.026694047,1017
0.0267073,1016
0.02671489,1015
0.026717784,1014
0.026720297,1013
0.026730723,1012
0.026737013,1011
0.02696365,1010
0.026966451,1009
0.026970441,1008
0.026973166,1007
0.026976636,1006
0.026979783,1005
0.026983557,1004
0.026988581,1003
0.026993337,1002
0.026997394,1001
0.027002658,1000
0.02700788,999
0.027010622,998
0.027014572,997
0.027017347,996
0.027021481,995
0.027024337,994
0.02702714,993
0.027030692,992
0.027037048,991
0.027040019,990
0.027044148,989
0.027047912,988
0.027051831,987
0.02705539,986
0.027059079,985
0.027063531,984
0.027068782,983
0.027073504,982
0.027077322,981
0.027080001,980
0.027087307,979
0.027090307,978
0.027096116,977
0.027098859,976
0.027104064,975
0.027108757,974
0.027114207,973
0.027125915,972
0.027128942,971
0.027134584,970
0.02714033,969
0.027143788,968
0.02714883,967
0.027152765,966
0.027164016,965
0.02716892,964
0.027177462,963
0.027181496,962
0.027189553,961
0.027200544,960
0.027206169,959
0.027217812,958
0.027233013,957
0.027238181,956
0.027244395,955
0.027254298,954
0.027363835,953
0.027372455,952
0.02737694,951
0.027379725,950
0.027384357,949
0.027387106,948
0.027429389,947
0.027434661,946
0.027440004,945
0.027444269,944
0.027447067,943
0.027455964,942
0.027466062,941
0.027474962,940
0.02749903,939
0.027512515,938
0.027536446,937
0.027542631,936
0.027554457,935
0.027559167,934
0.027562552,933
0.027584945,932
0.027600704,931
0.027604781,930
0.027607591,929
0.027719341,928
0.027722429,927
0.027725294,926
0.027732501,925
0.027741982,924
0.027745601,923
0.027748394,922
0.02775271,921
0.027756494,920
0.027775224,919
0.027790132,918
0.027807082,917
0.027823307,916
0.027828032,915
0.027840191,914
0.027887137,913
0.027901701,912
0.02800071,911
0.028124184,910
0.028136754,909
0.028154834,908
0.028163873,907
0.028182124,906
0.028186828,905
0.028203415,904
0.029433672,903
0.029441466,902
0.029455972,901
