0.02225213,1219
0.022273568,1218
0.022279946,1217
0.022285388,1216
0.022290926,1215
0.022297827,1214
0.022304079,1213
0.022310331,1212
0.022315392,1211
0.022320274,1210
0.022325234,1209
0.022330352,1208
0.022335582,1207
0.022351683,1206
0.022364031,1205
0.022373353,1204
0.022378801,1203
0.022384609,1202
0.022390779,1201
0.022396108,1200
0.022400938,1199
0.022408071,1198
0.022417044,1197
0.022424284,1196
0.022431117,1195
0.022438009,1194
0.02244546,1193
0.022453694,1192
0.022466026,1191
0.022475501,1190
0.022490379,1189
0.022502406,1188
0.022529198,1187
0.022546885,1186
0.022561141,1185
0.022576739,1184
0.022584619,1183
0.022590046,1182
0.022595923,1181
0.022601152,1180
0.022605644,1179
0.022610037,1178
0.022616759,1177
0.022626738,1176
0.02263381,1175
0.022641556,1174
0.022651548,1173
0.022661073,1172
0.022670106,1171
0.022675969,1170
0.022681059,1169
0.022688082,1168
0.022696177,1167
0.022703017,1166
0.022710262,1165
0.022716415,1164
0.022720999,1163
0.022728032,1162
0.022734707,1161
0.022741194,1160
0.022750595,1159
0.022758211,1158
0.022768409,1157
0.022784222,1156
0.022793254,1155
0.022801247,1154
0.022808477,1153
0.022815275,1152
0.022849916,1151
0.022858128,1150
0.022866442,1149
0.022872212,1148
0.022879705,1147
0.02288707,1146
0.022892937,1145
0.022898734,1144
0.022904605,1143
0.022911718,1142
0.022918313,1141
0.022929278,1140
0.022935558,1139
0.022943142,1138
0.022952885,1137
0.022960124,1136
0.022967214,1135
0.022974627,1134
0.022982408,1133
0.022996542,1132
0.023011298,1131
0.023018596,1130
0.023035234,1129
0.023043102,1128
0.023052295,1127
0.023059587,1126
0.02306799,1125
0.023086994,1124
0.023094487,1123
0.023104901,1122
0.02311153,1121
0.023118942,1120
0.023124256,1119
0.023132322,1118
0.023137056,1117
0.02314763,1116
0.023154055,1115
0.023164602,1114
0.023171796,1113
0.023177808,1112
0.023182122,1111
0.02318628,1110
0.023190283,1109
0.023196086,1108
0.023203148,1107
0.023207608,1106
0.023216363,1105
0.02322487,1104
0.023230379,1103
0.023237342,1102
0.023243167,1101
0.023249824,1100
0.023256765,1099
0.023302303,1098
0.023308074,1097
0.023316479,1096
0.023328936,1095
0.023347944,1094
0.023361994,1093
0.023371144,1092
0.02338038,1091
0.023392151,1090
0.023424515,1089
0.023429996,1088
0.023437832,1087
0.023446876,1086
0.023455902,1085
0.023461275,1084
0.023472748,1083
0.023481492,1082
0.023617748,1081
0.023627598,1080
0.023640293,1079
0.023684186,1078
0.023695667,1077
0.023748778,1076
0.023757145,1075
0.023769032,1074
0.024365282,1073
0.02437403,1072
0.024379816,1071
0.024390395,1070
0.024396109,1069
0.024403665,1068
0.024412463,1067
0.024418137,1066
0.024424215,1065
0.024429954,1064
0.024435625,1063
0.024446997,1062
0.024452471,1061
0.024458447,1060
0.024465842,1059
0.024483784,1058
0.024493565,1057
0.024503851,1056
0.024515685,1055
0.024523343,1054
0.024529449,1053
0.024555015,1052
0.024562175,1051
0.024584717,1050
0.024592807,1049
0.024601203,1048
0.024609894,1047
0.024626632,1046
0.024640462,1045
0.024651769,1044
0.02466314,1043
0.024670228,1042
0.024678269,1041
0.024687541,1040
0.024696501,1039
0.024705231,1038
0.024710042,1037
0.024725665,1036
0.02473044,1035
0.024738552,1034
0.024757832,1033
0.024806069,1032
0.024828252,1031
0.02486644,1030
0.024888384,1029
0.024909007,1028
0.024915279,1027
0.027683624,1026
0.027743574,1025
0.02775628,1024
0.027788322,1023
0.02779899,1022
0.027808528,1021
0.027846192,1020
0.027865273,1019
0.027880859,1018
0.027906685,1017
0.027911232,1016
0.027915048,1015
0.027919808,1014
0.027925252,1013
0.027933226,1012
0.02793684,1011
0.028338961,1010
0.028342503,1009
0.028348371,1008
0.028353071,1007
0.028357959,1006
0.028362608,1005
0.028368559,1004
0.028372836,1003
0.028377604,1002
0.0283829,1001
0.028389673,1000
0.028394308,999
0.028398741,998
0.028402799,997
0.028408603,996
0.028412669,995
0.028417634,994
0.028428877,993
0.028434966,992
0.028441399,991
0.028447272,990
0.028454915,989
0.028458194,988
0.028465729,987
0.028495196,986
0.028614877,985
0.028624297,984
0.028659061,983
0.028667315,982
0.028673593,981
0.028678129,980
0.028684568,979
0.028690604,978
0.028694774,977
0.028701189,976
0.028707572,975
0.028712535,974
0.028715712,973
0.028720546,972
0.028727748,971
0.028730466,970
0.028736964,969
0.028740883,968
0.028748553,967
0.02875179,966
0.028786667,965
0.028790202,964
0.028802055,963
0.028808008,962
0.029001557,961
0.029009836,960
0.029059837,959
0.029147592,958
0.029189484,957
0.029204963,956
0.029309234,955
0.029333833,954
0.029492371,953
0.029497674,952
0.029501166,951
0.02950615,950
0.029513614,949
0.029525854,948
0.029529964,947
0.029533436,946
0.029538036,945
0.029542981,944
0.029546621,943
0.029550966,942
0.029554385,941
0.029558023,940
0.029567351,939
0.029571282,938
0.029575216,937
0.029581287,936
0.029593309,935
0.029613558,934
0.029654493,933
0.029663417,932
0.029667986,931
0.029678388,930
0.029715488,929
0.029962622,928
0.030008358,927
0.03001923,926
0.030027295,925
0.030039736,924
0.030045631,923
0.030052665,922
0.030059938,921
0.030065794,920
0.030072301,919
0.030081138,918
0.030095224,917
0.030104205,916
0.030128666,915
0.030154005,914
0.03017538,913
0.030181386,912
0.030262388,911
0.03038676,910
0.03039483,909
0.03040019,908
0.030405744,907
0.030446299,906
0.030452241,905
0.030457939,904
0.030691518,903
0.03070491,902
0.030710366,901
