0.020996231,1219
0.021062109,1218
0.021087468,1217
0.021095629,1216
0.021102402,1215
0.021111796,1214
0.021118869,1213
0.021126384,1212
0.021132726,1211
0.021141238,1210
0.021171616,1209
0.021179076,1208
0.021185655,1207
0.021192554,1206
0.021199737,1205
0.0212073,1204
0.021214465,1203
0.021221548,1202
0.021228801,1201
0.021235942,1200
0.021243227,1199
0.021249967,1198
0.021257273,1197
0.021263861,1196
0.021278638,1195
0.021287144,1194
0.0212949,1193
0.021304029,1192
0.021338737,1191
0.021349798,1190
0.021358009,1189
0.021365688,1188
0.021373294,1187
0.021380805,1186
0.021388378,1185
0.021397082,1184
0.021405884,1183
0.021438908,1182
0.02144801,1181
0.021460939,1180
0.021470542,1179
0.021478338,1178
0.021486729,1177
0.021509481,1176
0.021519032,1175
0.021525234,1174
0.021531373,1173
0.021539417,1172
0.021546668,1171
0.021553509,1170
0.021558483,1169
0.021566282,1168
0.021573392,1167
0.021584484,1166
0.021591933,1165
0.021602419,1164
0.021609061,1163
0.021615831,1162
0.021625615,1161
0.021632657,1160
0.02164159,1159
0.021653825,1158
0.021661908,1157
0.021669143,1156
0.021677721,1155
0.021714856,1154
0.021729216,1153
0.02174082,1152
0.021747933,1151
0.021757837,1150
0.0217694,1149
0.021776531,1148
0.021785207,1147
0.021792322,1146
0.021799435,1145
0.021807437,1144
0.02181524,1143
0.021828015,1142
0.021873484,1141
0.021918354,1140
0.021970312,1139
0.021977219,1138
0.021988149,1137
0.02203789,1136
0.022043805,1135
0.022051479,1134
0.022058207,1133
0.022064268,1132
0.022070455,1131
0.022078933,1130
0.022086992,1129
0.022092655,1128
0.022101929,1127
0.022108161,1126
0.022113945,1125
0.022120703,1124
0.022126445,1123
0.022132098,1122
0.022141972,1121
0.022147669,1120
0.022182018,1119
0.022187242,1118
0.022196369,1117
0.022204173,1116
0.022208194,1115
0.022212192,1114
0.022218754,1113
0.022230902,1112
0.022237539,1111
0.02224312,1110
0.022248312,1109
0.022255494,1108
0.022263939,1107
0.022270238,1106
0.022276156,1105
0.02228223,1104
0.022292558,1103
0.022297772,1102
0.022303968,1101
0.022311685,1100
0.022323451,1099
0.022347529,1098
0.022353091,1097
0.022362033,1096
0.02236809,1095
0.022385674,1094
0.022434092,1093
0.022468574,1092
0.022614685,1091
0.025383423,1090
0.025397192,1089
0.025405199,1088
0.025411099,1087
0.025435492,1086
0.025442821,1085
0.025450241,1084
0.025476781,1083
0.02548184,1082
0.02549466,1081
0.025499076,1080
0.025507846,1079
0.025511175,1078
0.025520663,1077
0.025533674,1076
0.025598945,1075
0.025608009,1074
0.026560468,1073
0.026570571,1072
0.026576185,1071
0.026593119,1070
0.026597879,1069
0.026605021,1068
0.026610089,1067
0.026624899,1066
0.02662952,1065
0.026634391,1064
0.026645276,1063
0.026650246,1062
0.026654254,1061
0.026661127,1060
0.026664652,1059
0.026672397,1058
0.02667739,1057
0.026684748,1056
0.026688146,1055
0.026692872,1054
0.026697551,1053
0.026705552,1052
0.026710522,1051
0.026717038,1050
0.026739449,1049
0.026746522,1048
0.026755453,1047
0.026761059,1046
0.02676581,1045
0.026770792,1044
0.026795817,1043
0.026802608,1042
0.02681668,1041
0.026848003,1040
0.026857372,1039
0.026872947,1038
0.026888563,1037
0.026908248,1036
0.02691548,1035
0.026931641,1034
0.026937487,1033
0.026942414,1032
0.026957697,1031
0.026975462,1030
0.026980821,1029
0.026992305,1028
0.027005613,1027
0.027085634,1026
0.027098851,1025
0.02710526,1024
0.027115919,1023
0.027129747,1022
0.027134639,1021
0.027186889,1020
0.027195987,1019
0.027200889,1018
0.027207128,1017
0.027212817,1016
0.027237275,1015
0.027251272,1014
0.027265663,1013
0.027271495,1012
0.027283502,1011
0.027604654,1010
0.027613759,1009
0.02761913,1008
0.027624235,1007
0.027628424,1006
0.027632455,1005
0.027654237,1004
0.027660356,1003
0.027666145,1002
0.027671043,1001
0.027675485,1000
0.027681525,999
0.027691827,998
0.027701012,997
0.027706271,996
0.027719696,995
0.027724823,994
0.027731561,993
0.027737766,992
0.027742416,991
0.027749588,990
0.027754515,989
0.027758284,988
0.027762032,987
0.027768516,986
0.027772919,985
0.027777145,984
0.027780476,983
0.027789329,982
0.027792877,981
0.02780248,980
0.027807242,979
0.027811766,978
0.027821031,977
0.027834634,976
0.027845867,975
0.027849741,974
0.027856236,973
0.027867327,972
0.027874373,971
0.027882059,970
0.027888258,969
0.027893866,968
0.027898666,967
0.027923323,966
0.027949417,965
0.027957851,964
0.0279962,963
0.028002282,962
0.028025629,961
0.028032608,960
0.028069628,959
0.028075026,958
0.028080667,957
0.028087597,956
0.028106211,955
0.028127,954
0.028261638,953
0.028268136,952
0.028315441,951
0.028325649,950
0.028335168,949
0.028341887,948
0.028348767,947
0.02835642,946
0.028360522,945
0.028366104,944
0.028373009,943
0.028377613,942
0.028392406,941
0.028398292,940
0.028426297,939
0.028434417,938
0.028440348,937
0.028450065,936
0.028499931,935
0.02852119,934
0.028524848,933
0.028551808,932
0.028554888,931
0.028559782,930
0.028571886,929
0.028729802,928
0.028735575,927
0.028741,926
0.028749886,925
0.028758569,924
0.028766366,923
0.028772946,922
0.028784345,921
0.028791784,920
0.028801742,919
0.028806253,918
0.028814988,917
0.028822321,916
0.028851973,915
0.028862671,914
0.028878241,913
0.028909633,912
0.029011251,911
0.029116911,910
0.029124136,909
0.029132177,908
0.029137676,907
0.029155732,906
0.029160369,905
0.029176874,904
0.029372044,903
0.029377326,902
0.029382813,901
