0.021056537,1219
0.02111668,1218
0.02114584,1217
0.021172782,1216
0.021205463,1215
0.021224557,1214
0.021231893,1213
0.02123729,1212
0.021241985,1211
0.021246634,1210
0.021251668,1209
0.021256571,1208
0.021261206,1207
0.021266079,1206
0.021271246,1205
0.021276737,1204
0.021282064,1203
0.021289642,1202
0.021294617,1201
0.021299983,1200
0.021307181,1199
0.02131274,1198
0.021319465,1197
0.02133985,1196
0.021346185,1195
0.02136437,1194
0.021373173,1193
0.021380791,1192
0.021393424,1191
0.021400386,1190
0.021406447,1189
0.021417366,1188
0.021426569,1187
0.021434267,1186
0.021441619,1185
0.021466758,1184
0.02147473,1183
0.021483413,1182
0.022729103,1181
0.022741493,1180
0.022753474,1179
0.022762631,1178
0.022777844,1177
0.022787115,1176
0.022795816,1175
0.022807429,1174
0.022831979,1173
0.022838708,1172
0.022843691,1171
0.022848018,1170
0.022852202,1169
0.022860169,1168
0.022866286,1167
0.022872214,1166
0.022881054,1165
0.022890826,1164
0.022899124,1163
0.022905228,1162
0.022913376,1161
0.022921473,1160
0.022943558,1159
0.022950211,1158
0.022956885,1157
0.022963641,1156
0.022971876,1155
0.022984269,1154
0.023002468,1153
0.02301245,1152
0.023018811,1151
0.023024884,1150
0.023031362,1149
0.02303896,1148
0.023044982,1147
0.023050779,1146
0.023056595,1145
0.023066826,1144
0.023073403,1143
0.023082146,1142
0.023089397,1141
0.023098068,1140
0.023104389,1139
0.023116471,1138
0.023129903,1137
0.023140269,1136
0.023145611,1135
0.023150246,1134
0.023156242,1133
0.023160681,1132
0.023169758,1131
0.023173969,1130
0.023177884,1129
0.02318418,1128
0.023191632,1127
0.023202573,1126
0.023212299,1125
0.023221508,1124
0.023228497,1123
0.023236548,1122
0.023254235,1121
0.023262482,1120
0.02327304,1119
0.023279566,1118
0.023286598,1117
0.023302387,1116
0.023311724,1115
0.023320059,1114
0.02332784,1113
0.023338878,1112
0.023345279,1111
0.023354342,1110
0.023389204,1109
0.023395496,1108
0.023402629,1107
0.02340718,1106
0.023411818,1105
0.023417343,1104
0.023423036,1103
0.023428252,1102
0.023433451,1101
0.023438066,1100
0.023443984,1099
0.023451445,1098
0.023455891,1097
0.02347887,1096
0.023490702,1095
0.023496754,1094
0.023511821,1093
0.023521456,1092
0.023533961,1091
0.023539842,1090
0.023561003,1089
0.023567722,1088
0.023583982,1087
0.0235966,1086
0.023620301,1085
0.023627675,1084
0.023640438,1083
0.023652904,1082
0.023667343,1081
0.023684004,1080
0.023701261,1079
0.023716026,1078
0.023734242,1077
0.023739783,1076
0.023745699,1075
0.023775679,1074
0.024473393,1073
0.024480539,1072
0.024496723,1071
0.024505034,1070
0.024511705,1069
0.024521926,1068
0.024533428,1067
0.024540286,1066
0.024555402,1065
0.024563446,1064
0.024573501,1063
0.024579912,1062
0.024592385,1061
0.024596787,1060
0.024601075,1059
0.024618171,1058
0.024623278,1057
0.024649697,1056
0.024673771,1055
0.024713306,1054
0.024754291,1053
0.024807209,1052
0.024811656,1051
0.024835369,1050
0.024864067,1049
0.024896289,1048
0.024903561,1047
0.024937961,1046
0.024944251,1045
0.024948709,1044
0.024957873,1043
0.024962313,1042
0.024967994,1041
0.024971636,1040
0.024978453,1039
0.024982168,1038
0.024986187,1037
0.024990087,1036
0.025000327,1035
0.025003808,1034
0.025041944,1033
0.025048322,1032
0.025052946,1031
0.025056899,1030
0.025088141,1029
0.025101823,1028
0.02512219,1027
0.025139379,1026
0.025146636,1025
0.025152606,1024
0.025158305,1023
0.025180859,1022
0.025218127,1021
0.025224195,1020
0.025227493,1019
0.025232504,1018
0.025239038,1017
0.025247807,1016
0.025262125,1015
0.025267331,1014
0.025271018,1013
0.02527536,1012
0.025282794,1011
0.025516106,1010
0.025520334,1009
0.025523216,1008
0.025526017,1007
0.025530441,1006
0.025536275,1005
0.025539237,1004
0.025542166,1003
0.025545035,1002
0.025547902,1001
0.025550644,1000
0.02555752,999
0.025561844,998
0.02556539,997
0.025570795,996
0.025578623,995
0.025584253,994
0.02558988,993
0.02559337,992
0.025596956,991
0.025601593,990
0.025605413,989
0.025608713,988
0.025616571,987
0.025619863,986
0.025623898,985
0.025635932,984
0.025641428,983
0.025651946,982
0.025656238,981
0.025661535,980
0.02566737,979
0.025673344,978
0.025678509,977
0.025689613,976
0.025699109,975
0.025707936,974
0.025726598,973
0.025740626,972
0.025773366,971
0.025809067,970
0.025948282,969
0.025968066,968
0.025980367,967
0.025986165,966
0.025992986,965
0.02599734,964
0.026007296,963
0.02601443,962
0.026026948,961
0.02603612,960
0.026045059,959
0.02606397,958
0.026073364,957
0.026087836,956
0.026135021,955
0.026157353,954
0.026307977,953
0.026329913,952
0.026334796,951
0.026340059,950
0.026343297,949
0.026347102,948
0.026353595,947
0.026358743,946
0.026361557,945
0.026373373,944
0.026381603,943
0.02638912,942
0.026442441,941
0.02647107,940
0.026477408,939
0.026482383,938
0.026493177,937
0.026519682,936
0.026523903,935
0.026528877,934
0.026557577,933
0.026571692,932
0.026581877,931
0.02660123,930
0.026613363,929
0.026781344,928
0.026785851,927
0.026790234,926
0.026813336,925
0.026818327,924
0.026825801,923
0.026830042,922
0.02683617,921
0.026840425,920
0.026850803,919
0.026855031,918
0.026868758,917
0.026885704,916
0.026893253,915
0.026899976,914
0.026908441,913
0.026936578,912
0.027054187,911
0.027178553,910
0.027183705,909
0.027188328,908
0.027193765,907
0.027199943,906
0.02722088,905
0.027244683,904
0.027416444,903
0.027429233,902
0.02743454,901
0.183482923,900
0.355172601,899
