0.059981219,3669
0.060069212,3668
0.060145643,3667
0.06019623,3666
0.060258483,3665
0.060282707,3664
0.060307324,3663
0.060320407,3662
0.060327555,3661
0.060334824,3660
0.060351452,3659
0.060359363,3658
0.060369539,3657
0.06038302,3656
0.060396304,3655
0.060404121,3654
0.06041142,3653
0.060418558,3652
0.060425276,3651
0.060432281,3650
0.060439335,3649
0.060445947,3648
0.060452927,3647
0.060460199,3646
0.060467381,3645
0.060480262,3644
0.060492856,3643
0.060506265,3642
0.060513028,3641
0.060526278,3640
0.060533441,3639
0.060546432,3638
0.06055378,3637
0.060567882,3636
0.06058395,3635
0.060592356,3634
0.060606342,3633
0.060620254,3632
0.060633919,3631
0.060646709,3630
0.060653804,3629
0.060661118,3628
0.060668081,3627
0.060675301,3626
0.060689835,3625
0.060704051,3624
0.060718242,3623
0.0607321,3622
0.060746202,3621
0.060753304,3620
0.060767536,3619
0.060783611,3618
0.060792243,3617
0.060819695,3616
0.060842696,3615
0.060851541,3614
0.060890703,3613
0.060905564,3612
0.060915426,3611
0.060923409,3610
0.06093083,3609
0.060938064,3608
0.060945284,3607
0.060952348,3606
0.060959951,3605
0.060967163,3604
0.06097429,3603
0.060981292,3602
0.060988346,3601
0.060995907,3600
0.06100292,3599
0.061010059,3598
0.061018827,3597
0.061026179,3596
0.061033792,3595
0.061040966,3594
0.061048406,3593
0.061055159,3592
0.061062245,3591
0.061069825,3590
0.061076782,3589
0.061083982,3588
0.061090863,3587
0.06109735,3586
0.061105171,3585
0.061112575,3584
0.06112012,3583
0.061126737,3582
0.061134372,3581
0.061142832,3580
0.061155027,3579
0.061163626,3578
0.061180341,3577
0.061192605,3576
0.061208777,3575
0.061222822,3574
0.061258854,3573
0.061264766,3572
0.061269955,3571
0.061276181,3570
0.061280971,3569
0.061285579,3568
0.061331164,3567
0.061342586,3566
0.061348477,3565
0.061353227,3564
0.061358093,3563
0.061365655,3562
0.061370498,3561
0.061375741,3560
0.061380795,3559
0.06138559,3558
0.061394468,3557
0.061399524,3556
0.061406553,3555
0.061414522,3554
0.061420468,3553
0.061452878,3552
0.061690338,3551
0.061700023,3550
0.06186298,3549
0.062010925,3548
0.062026017,3547
0.062569461,3546
0.065641156,3545
0.065724402,3544
0.065734507,3543
0.0657489,3542
0.065758743,3541
0.065764077,3540
0.065768784,3539
0.065773479,3538
0.065777906,3537
0.065782488,3536
0.065790866,3535
0.065795983,3534
0.065802861,3533
0.065808324,3532
0.065813169,3531
0.065818643,3530
0.0658234,3529
0.065827978,3528
0.06583302,3527
0.065841661,3526
0.065846358,3525
0.065851177,3524
0.065855777,3523
0.065860764,3522
0.06586545,3521
0.065870022,3520
0.065874835,3519
0.065879448,3518
0.065884453,3517
0.065889815,3516
0.065894622,3515
0.065899781,3514
0.065911193,3513
0.065916147,3512
0.065920675,3511
0.065925276,3510
0.065931533,3509
0.065937495,3508
0.06594303,3507
0.065947679,3506
0.065953298,3505
0.065958504,3504
0.065969166,3503
0.065973704,3502
0.065978409,3501
0.065987889,3500
0.06654293,3499
0.066555473,3498
0.066561272,3497
0.066566544,3496
0.066571647,3495
0.06657627,3494
0.066581113,3493
0.066586399,3492
0.066591563,3491
0.066600303,3490
0.06660517,3489
0.066644267,3488
0.066649508,3487
0.06665439,3486
0.066715219,3485
0.066721067,3484
0.066726025,3483
0.066730725,3482
0.066735943,3481
0.066741001,3480
0.066746112,3479
0.066751418,3478
0.066772008,3477
0.06678753,3476
0.066796047,3475
0.066802334,3474
0.066817086,3473
0.06682938,3472
0.066864276,3471
0.066870625,3470
0.066919605,3469
0.066924174,3468
0.066928766,3467
0.066933369,3466
0.066938256,3465
0.066942788,3464
0.066959584,3463
0.066966468,3462
0.066974896,3461
0.066985701,3460
0.066995251,3459
0.067001653,3458
0.067008214,3457
0.067013625,3456
0.067018968,3455
0.067023584,3454
0.067027769,3453
0.067032185,3452
0.067036553,3451
0.067042314,3450
0.067051467,3449
0.067057739,3448
0.06706334,3447
0.06706921,3446
0.067139474,3445
0.06714814,3444
0.067156324,3443
0.067210279,3442
0.067216392,3441
0.067221412,3440
0.067225762,3439
0.067229366,3438
0.067232949,3437
0.067236355,3436
0.067239929,3435
0.067243463,3434
0.067246874,3433
0.067249928,3432
0.067253013,3431
0.06725641,3430
0.067261608,3429
0.067265286,3428
0.067268514,3427
0.067271961,3426
0.067278423,3425
0.067281563,3424
0.06728501,3423
0.067288257,3422
0.067291793,3421
0.06729515,3420
0.067298706,3419
0.067302031,3418
0.067305597,3417
0.067308702,3416
0.067311935,3415
0.067317268,3414
0.0673222,3413
0.067326326,3412
0.067330764,3411
0.06733475,3410
0.067339056,3409
0.067343921,3408
0.067348694,3407
0.067352238,3406
0.067355635,3405
0.067358871,3404
0.067362134,3403
0.067365255,3402
0.06736871,3401
0.067371899,3400
0.067375226,3399
0.067379665,3398
0.067384304,3397
0.067388496,3396
0.067392986,3395
0.067397051,3394
0.067400549,3393
0.067403549,3392
0.067406583,3391
0.067409471,3390
0.067412412,3389
0.067415281,3388
0.067418215,3387
0.067423295,3386
0.067426763,3385
0.067430103,3384
0.067433348,3383
0.06743663,3382
0.067439731,3381
0.067443823,3380
0.067449763,3379
0.067454548,3378
0.067459415,3377
0.067463888,3376
0.067471569,3375
0.067479882,3374
0.067484291,3373
0.067488483,3372
0.067492593,3371
0.067496923,3370
0.0675015,3369
0.067534406,3368
0.067539592,3367
0.067544067,3366
0.067548587,3365
0.06755277,3364
0.067557398,3363
0.067561867,3362
0.067565985,3361
0.067570599,3360
0.067574974,3359
0.067579649,3358
0.067583934,3357
0.067588369,3356
0.067593471,3355
0.067598416,3354
0.067603982,3353
0.067608856,3352
0.067613078,3351
0.067617245,3350
0.067621695,3349
0.067626122,3348
0.067630356,3347
0.067640548,3346
0.067645232,3345
0.067649647,3344
0.067653903,3343
0.067657992,3342
0.067662293,3341
0.067666988,3340
0.067671468,3339
0.067675526,3338
0.067679801,3337
0.067684274,3336
0.067688866,3335
0.067693451,3334
0.067697555,3333
0.06770197,3332
0.06770647,3331
0.067710466,3330
0.067715172,3329
0.067719175,3328
0.067723395,3327
0.067727535,3326
0.067731918,3325
0.067736279,3324
0.067740752,3323
0.067744999,3322
0.067749723,3321
0.067753777,3320
0.067761526,3319
0.067765571,3318
0.067770028,3317
0.067773854,3316
0.067782042,3315
0.067790528,3314
0.067798878,3313
0.067810587,3312
0.067817045,3311
0.067821727,3310
0.067825664,3309
0.067830074,3308
0.067834503,3307
0.067839158,3306
0.067843672,3305
0.067848782,3304
0.067853096,3303
0.067857872,3302
0.067880219,3301
0.067884665,3300
0.06788891,3299
0.067893146,3298
0.067897963,3297
0.067902562,3296
0.067924645,3295
0.067928988,3294
0.067937667,3293
0.067974521,3292
0.067980172,3291
0.067984616,3290
0.067989175,3289
0.068018261,3288
0.068022567,3287
0.068039578,3286
0.068045149,3285
0.068049964,3284
0.068054575,3283
0.06805988,3282
0.068065222,3281
0.068107348,3280
0.068112045,3279
0.068117121,3278
0.068122503,3277
0.068127904,3276
0.068139589,3275
0.068143822,3274
0.068147525,3273
0.068151321,3272
0.068165339,3271
0.068169319,3270
0.068214312,3269
0.068218082,3268
0.06822184,3267
0.068225081,3266
0.068228638,3265
0.068231836,3264
0.068235109,3263
0.068238106,3262
0.068241182,3261
0.06824434,3260
0.06824773,3259
0.068250912,3258
0.068254228,3257
0.068256975,3256
0.068259969,3255
0.068262924,3254
0.068266508,3253
0.068269849,3252
0.068273113,3251
0.068276186,3250
0.068279209,3249
0.068282173,3248
0.068285384,3247
0.068288677,3246
0.068292377,3245
0.0682958,3244
0.068299165,3243
0.068302789,3242
0.068306586,3241
0.068310226,3240
0.068319951,3239
0.068341938,3238
0.068345785,3237
0.068348867,3236
0.068352086,3235
0.068355187,3234
0.068358363,3233
0.068363119,3232
0.068366849,3231
0.068371426,3230
0.068375046,3229
0.06837839,3228
0.068381535,3227
0.068384654,3226
0.068387805,3225
0.068390482,3224
0.06839353,3223
0.068396099,3222
0.068399056,3221
0.068402053,3220
0.068404701,3219
0.068407671,3218
0.068410562,3217
0.068412988,3216
0.068415743,3215
0.068418425,3214
0.068420979,3213
0.068423521,3212
0.068426042,3211
0.068428656,3210
0.068431202,3209
0.068433919,3208
0.068436654,3207
0.06843918,3206
0.068441763,3205
0.068444343,3204
0.068447045,3203
0.068449713,3202
0.068452135,3201
0.068454713,3200
0.068457202,3199
0.068459786,3198
0.068462776,3197
0.068465354,3196
0.068468167,3195
0.068471023,3194
0.068476906,3193
0.068479517,3192
0.068482058,3191
0.068484468,3190
0.068487233,3189
0.06849077,3188
0.068494555,3187
0.068497504,3186
0.068500371,3185
0.068503127,3184
0.068506176,3183
0.068508911,3182
0.06851144,3181
0.068514276,3180
0.068517219,3179
0.068519793,3178
0.068522303,3177
0.068524936,3176
0.068527494,3175
0.068530296,3174
0.068532966,3173
0.068535552,3172
0.068538104,3171
0.068540756,3170
0.068543221,3169
0.068545667,3168
0.06855066,3167
0.06855308,3166
0.068555601,3165
0.068558151,3164
0.068560971,3163
0.068564052,3162
0.068567187,3161
0.068570088,3160
0.068572934,3159
0.068582302,3158
0.068589272,3157
0.068593891,3156
0.068598024,3155
0.068601592,3154
0.068605609,3153
0.068609276,3152
0.068613027,3151
0.068616846,3150
0.069900224,3149
0.069908982,3148
0.069914945,3147
0.069919271,3146
0.06992349,3145
0.069927495,3144
0.069931897,3143
0.069935801,3142
0.069940041,3141
0.069944173,3140
0.069949081,3139
0.069953824,3138
0.069957739,3137
0.069961208,3136
0.069968448,3135
0.06997131,3134
0.069981991,3133
0.06998754,3132
0.069991719,3131
0.069995885,3130
0.069999942,3129
0.070005332,3128
0.070010464,3127
0.070014522,3126
0.070021484,3125
0.070036801,3124
0.070041351,3123
0.070046676,3122
0.070052501,3121
0.070059459,3120
0.070063945,3119
0.070069466,3118
0.070081009,3117
0.070084384,3116
0.070087592,3115
0.070090518,3114
0.070093509,3113
0.070105724,3112
0.070109952,3111
0.070115048,3110
0.070119478,3109
0.070123824,3108
0.070133062,3107
0.070164865,3106
0.070169955,3105
0.070177065,3104
0.070222257,3103
0.070271034,3102
0.070275339,3101
0.070282861,3100
0.070288343,3099
0.070292618,3098
0.07029899,3097
0.070303239,3096
0.070309494,3095
0.070316333,3094
0.070329389,3093
0.070333235,3092
0.070337154,3091
0.070340744,3090
0.070344964,3089
0.070348963,3088
0.070352383,3087
0.070356616,3086
0.070360659,3085
0.070364397,3084
0.07036883,3083
0.070372949,3082
0.07038315,3081
0.070390072,3080
0.070394276,3079
0.070398175,3078
0.070404182,3077
0.07040916,3076
0.070413034,3075
0.070419276,3074
0.070424813,3073
0.070428921,3072
0.07043626,3071
0.070441651,3070
0.070446869,3069
0.070534731,3068
0.070591383,3067
0.070595721,3066
0.070599793,3065
0.07060337,3064
0.070607308,3063
0.070611242,3062
0.070621031,3061
0.070625273,3060
0.070629517,3059
0.07063341,3058
0.070639261,3057
0.07064238,3056
0.070645519,3055
0.07065175,3054
0.070654726,3053
0.070657681,3052
0.07066093,3051
0.070668859,3050
0.070672446,3049
0.070711583,3048
0.07071587,3047
0.070752661,3046
0.070759594,3045
0.070763629,3044
0.070865992,3043
0.070874569,3042
0.070878116,3041
0.071389355,3040
0.071397724,3039
0.07140197,3038
0.07140553,3037
0.071409574,3036
0.071415219,3035
0.071452179,3034
0.071456264,3033
0.071459809,3032
0.071463857,3031
0.07146841,3030
0.071478196,3029
0.071520913,3028
0.071543586,3027
0.071553794,3026
0.071557811,3025
0.07156423,3024
0.071581714,3023
0.071587867,3022
0.071592331,3021
0.071596175,3020
0.071599875,3019
0.071603731,3018
0.071607362,3017
0.07161207,3016
0.071616465,3015
0.071626216,3014
0.071633895,3013
0.07163909,3012
0.07164453,3011
0.07165279,3010
0.071656734,3009
0.071699617,3008
0.071703388,3007
0.071708393,3006
0.071713111,3005
0.071717566,3004
0.071722465,3003
0.071725713,3002
0.071728951,3001
0.071731456,3000
0.071735078,2999
0.071737926,2998
0.071751628,2997
0.071754632,2996
0.071760887,2995
0.071763129,2994
0.071766723,2993
0.071770311,2992
0.071772891,2991
0.071775783,2990
0.071778259,2989
0.071780643,2988
0.071785542,2987
0.071790699,2986
0.071794625,2985
0.071800564,2984
0.071803648,2983
0.071811558,2982
0.071814715,2981
0.071818837,2980
0.071821714,2979
0.071824287,2978
0.071834561,2977
0.071837444,2976
0.071843211,2975
0.071847413,2974
0.071852487,2973
0.071857582,2972
0.071864443,2971
0.071896171,2970
0.071899344,2969
0.071902086,2968
0.071904726,2967
0.071907431,2966
0.071910214,2965
0.071913042,2964
0.071918468,2963
0.071921508,2962
0.071924958,2961
0.071929004,2960
0.07193276,2959
0.071935376,2958
0.071937933,2957
0.071941278,2956
0.071944438,2955
0.071947251,2954
0.071951983,2953
0.071956519,2952
0.071959877,2951
0.071963199,2950
0.071968648,2949
0.071972228,2948
0.071974704,2947
0.071976938,2946
0.071979356,2945
0.071981809,2944
0.071984555,2943
0.071987037,2942
0.071990804,2941
0.071993279,2940
0.071996236,2939
0.071998782,2938
0.072001366,2937
0.072005249,2936
0.072008652,2935
0.072011179,2934
0.072014678,2933
0.072018145,2932
0.072020781,2931
0.072023097,2930
0.072026399,2929
0.072030381,2928
0.07204003,2927
0.072043228,2926
0.072045365,2925
0.072049404,2924
0.072054619,2923
0.072056856,2922
0.072059206,2921
0.072062389,2920
0.072064851,2919
0.072067502,2918
0.072070133,2917
0.072072591,2916
0.072076925,2915
0.072079227,2914
0.072085116,2913
0.072087433,2912
0.072089964,2911
0.072093483,2910
0.072095907,2909
0.072099667,2908
0.072106237,2907
0.072108725,2906
0.07211112,2905
0.072117934,2904
0.072120291,2903
0.072124071,2902
0.072129211,2901
0.072132367,2900
0.072148338,2899
0.072157226,2898
0.072160383,2897
0.072163481,2896
0.07216762,2895
0.072172213,2894
0.072208723,2893
0.072213333,2892
0.072217299,2891
0.072223979,2890
0.072237501,2889
0.07224345,2888
0.072248886,2887
0.072252429,2886
0.072257079,2885
0.072291572,2884
0.0722949,2883
0.07229876,2882
0.07230293,2881
0.072308378,2880
0.072313917,2879
0.072318613,2878
0.072325983,2877
0.072329613,2876
0.072333266,2875
0.07233697,2874
0.072340761,2873
0.072348833,2872
0.072359795,2871
0.072368556,2870
0.072373556,2869
0.072379743,2868
0.07239029,2867
0.072394125,2866
0.07239881,2865
0.072402466,2864
0.072407072,2863
0.072415212,2862
0.072421528,2861
0.072427627,2860
0.072431044,2859
0.072433775,2858
0.072437289,2857
0.07244099,2856
0.072445412,2855
0.072448732,2854
0.072452213,2853
0.072459015,2852
0.072462201,2851
0.072466968,2850
0.072471264,2849
0.072474391,2848
0.072480263,2847
0.072483602,2846
0.07254381,2845
0.072548228,2844
0.072551747,2843
0.072555387,2842
0.072559309,2841
0.072566773,2840
0.072570137,2839
0.072577125,2838
0.072581595,2837
0.072584684,2836
0.072587768,2835
0.072592153,2834
0.07259537,2833
0.072600387,2832
0.072605051,2831
0.072607691,2830
0.072610668,2829
0.072613322,2828
0.072618636,2827
0.072621703,2826
0.072626021,2825
0.072632762,2824
0.072635998,2823
0.072641111,2822
0.072644575,2821
0.072682779,2820
0.072688862,2819
0.072693774,2818
0.072698999,2817
0.072703737,2816
0.07271118,2815
0.07271424,2814
0.07271799,2813
0.072720974,2812
0.072728446,2811
0.072731912,2810
0.072743319,2809
0.072747039,2808
0.07275384,2807
0.072757149,2806
0.07276118,2805
0.072764999,2804
0.072767921,2803
0.072774059,2802
0.072777882,2801
0.072781371,2800
0.072784606,2799
0.072790834,2798
0.07282488,2797
0.072829421,2796
0.072833171,2795
0.072836579,2794
0.072839898,2793
0.072844475,2792
0.072849048,2791
0.072852827,2790
0.072859196,2789
0.072896103,2788
0.072901123,2787
0.072910405,2786
0.072918453,2785
0.072922109,2784
0.072927839,2783
0.072932852,2782
0.072939584,2781
0.072943377,2780
0.072948458,2779
0.072952177,2778
0.072956423,2777
0.072960253,2776
0.072965101,2775
0.072968009,2774
0.072972766,2773
0.072979729,2772
0.072983215,2771
0.072989883,2770
0.072993367,2769
0.072998683,2768
0.073001828,2767
0.07300582,2766
0.073008725,2765
0.073011756,2764
0.073015885,2763
0.073019073,2762
0.073022239,2761
0.073025137,2760
0.073031338,2759
0.073065368,2758
0.073068693,2757
0.073107083,2756
0.073110318,2755
0.073113437,2754
0.073117576,2753
0.073122562,2752
0.073125977,2751
0.073129476,2750
0.073132778,2749
0.073135683,2748
0.073170472,2747
0.073175532,2746
0.073179571,2745
0.073182798,2744
0.073189741,2743
0.073199662,2742
0.073203671,2741
0.073208466,2740
0.073212271,2739
0.073225635,2738
0.07323129,2737
0.07323409,2736
0.073240611,2735
0.073244857,2734
0.073249303,2733
0.073254705,2732
0.073267574,2731
0.07327156,2730
0.07327951,2729
0.073283309,2728
0.073287022,2727
0.073294524,2726
0.073298142,2725
0.07330289,2724
0.07330601,2723
0.073313275,2722
0.07331638,2721
0.07332255,2720
0.073326887,2719
0.073329864,2718
0.073332807,2717
0.073338098,2716
0.073341355,2715
0.073347049,2714
0.073349936,2713
0.07335257,2712
0.073355275,2711
0.073359272,2710
0.073362288,2709
0.073364998,2708
0.073369843,2707
0.073373369,2706
0.073381821,2705
0.073388589,2704
0.073395038,2703
0.073397681,2702
0.073400296,2701
0.073403004,2700
0.073407058,2699
0.073410298,2698
0.073415054,2697
0.073419183,2696
0.073421461,2695
0.073425545,2694
0.073429847,2693
0.073432971,2692
0.073436293,2691
0.073439672,2690
0.073444129,2689
0.073446816,2688
0.073451809,2687
0.07345424,2686
0.073457472,2685
0.073459794,2684
0.073466206,2683
0.073468721,2682
0.073471481,2681
0.073476981,2680
0.073479521,2679
0.073481917,2678
0.073485216,2677
0.073489468,2676
0.073493234,2675
0.07350348,2674
0.07350727,2673
0.073512029,2672
0.073514758,2671
0.073517589,2670
0.073521037,2669
0.073525443,2668
0.073531547,2667
0.073534422,2666
0.073537892,2665
0.073541425,2664
0.073543866,2663
0.07354762,2662
0.073550741,2661
0.073553814,2660
0.073560454,2659
0.073565302,2658
0.073568491,2657
0.073571372,2656
0.073574018,2655
0.073578449,2654
0.073582389,2653
0.073584925,2652
0.073590967,2651
0.073593259,2650
0.073599036,2649
0.073601205,2648
0.073606624,2647
0.073610202,2646
0.073612665,2645
0.073615945,2644
0.073619201,2643
0.073625042,2642
0.07363094,2641
0.073634096,2640
0.073640238,2639
0.073645439,2638
0.073648537,2637
0.073652269,2636
0.073655458,2635
0.073658261,2634
0.073664446,2633
0.073669513,2632
0.07367256,2631
0.07367519,2630
0.073679154,2629
0.073681612,2628
0.073685343,2627
0.073689162,2626
0.073692834,2625
0.073696583,2624
0.073698948,2623
0.073702041,2622
0.073705471,2621
0.073741465,2620
0.073745059,2619
0.073748299,2618
0.073752533,2617
0.073755488,2616
0.07375833,2615
0.073762207,2614
0.0737654,2613
0.073768571,2612
0.073774237,2611
0.073778526,2610
0.073793441,2609
0.07380722,2608
0.073823208,2607
0.073826572,2606
0.073843687,2605
0.073847907,2604
0.073854008,2603
0.073860042,2602
0.073863982,2601
0.073867573,2600
0.073884323,2599
0.073898907,2598
0.073914853,2597
0.07392572,2596
0.073929431,2595
0.073933131,2594
0.073974663,2593
0.073980703,2592
0.074036093,2591
0.074040469,2590
0.074044779,2589
0.074050785,2588
0.074055199,2587
0.074061188,2586
0.074065225,2585
0.07406897,2584
0.074072873,2583
0.074076391,2582
0.074081391,2581
0.07408448,2580
0.074088302,2579
0.074092567,2578
0.074096628,2577
0.074102515,2576
0.074109775,2575
0.074113632,2574
0.074118255,2573
0.074121358,2572
0.074135244,2571
0.074138089,2570
0.074141092,2569
0.074143933,2568
0.074149654,2567
0.07415288,2566
0.07415594,2565
0.07415892,2564
0.074165719,2563
0.074178153,2562
0.074185691,2561
0.074189639,2560
0.074195566,2559
0.074200496,2558
0.074204763,2557
0.074208236,2556
0.074213551,2555
0.0742245,2554
0.074230923,2553
0.074238458,2552
0.074245743,2551
0.074251407,2550
0.074255542,2549
0.074262435,2548
0.074266547,2547
0.074269585,2546
0.074272795,2545
0.074275668,2544
0.074279206,2543
0.074285461,2542
0.074288442,2541
0.074291344,2540
0.074298418,2539
0.074302926,2538
0.07430548,2537
0.074308564,2536
0.074311765,2535
0.07431479,2534
0.074318148,2533
0.074339694,2532
0.074342895,2531
0.074348077,2530
0.074351577,2529
0.074358677,2528
0.074363919,2527
0.074369796,2526
0.074374761,2525
0.074381064,2524
0.074384902,2523
0.074389096,2522
0.074392971,2521
0.074397586,2520
0.074400875,2519
0.074408529,2518
0.074413864,2517
0.074416797,2516
0.074424511,2515
0.074431485,2514
0.074434426,2513
0.07532731,2512
0.075331755,2511
0.07534506,2510
0.075348819,2509
0.07535203,2508
0.075356991,2507
0.075360677,2506
0.075380576,2505
0.075422894,2504
0.075426584,2503
0.075432984,2502
0.075449164,2501
0.075453984,2500
0.075460416,2499
0.075502267,2498
0.075520266,2497
0.075527072,2496
0.07553334,2495
0.075538767,2494
0.075551621,2493
0.075587921,2492
0.075593069,2491
0.075599179,2490
0.075606459,2489
0.075610403,2488
0.075641876,2487
0.075647229,2486
0.075650628,2485
0.075657901,2484
0.075667149,2483
0.07570754,2482
0.075714425,2481
0.07572341,2480
0.075731725,2479
0.075738,2478
0.075741168,2477
0.075745688,2476
0.075749363,2475
0.075752644,2474
0.075757447,2473
0.075760491,2472
0.075766552,2471
0.075776999,2470
0.075782887,2469
0.07578746,2468
0.075792657,2467
0.075798338,2466
0.075802571,2465
0.075817375,2464
0.075823105,2463
0.07583227,2462
0.075873123,2461
0.075878324,2460
0.075911197,2459
0.075949619,2458
0.075954123,2457
0.075957401,2456
0.075960884,2455
0.075967235,2454
0.075978221,2453
0.075991344,2452
0.07599608,2451
0.076000233,2450
0.076007548,2449
0.076012347,2448
0.076017827,2447
0.076020505,2446
0.076023927,2445
0.076043937,2444
0.076048961,2443
0.076113641,2442
0.076119101,2441
0.076126871,2440
0.076129799,2439
0.07613248,2438
0.076139837,2437
0.076145853,2436
0.076152367,2435
0.076156038,2434
0.076172453,2433
0.076181127,2432
0.076184148,2431
0.076187666,2430
0.076192614,2429
0.07620061,2428
0.076204729,2427
0.076210939,2426
0.076262232,2425
0.076269444,2424
0.076274958,2423
0.076290252,2422
0.076306512,2421
0.076319571,2420
0.076327373,2419
0.076338837,2418
0.076354984,2417
0.076359319,2416
0.076362577,2415
0.076369596,2414
0.076380836,2413
0.076388326,2412
0.076395074,2411
0.076400683,2410
0.076408083,2409
0.076425835,2408
0.076429061,2407
0.076449298,2406
0.076486919,2405
0.076495013,2404
0.076502689,2403
0.076508607,2402
0.076516362,2401
0.076525948,2400
0.076531187,2399
0.076534661,2398
0.076574092,2397
0.076584287,2396
0.076592057,2395
0.076604568,2394
0.076610828,2393
0.076636108,2392
0.076671752,2391
0.076685197,2390
0.076692233,2389
0.076700131,2388
0.07671939,2387
0.076727055,2386
0.076731673,2385
0.076736973,2384
0.076751312,2383
0.076762344,2382
0.076765502,2381
0.076775099,2380
0.076801667,2379
0.076811186,2378
0.076815523,2377
0.07682401,2376
0.07683243,2375
0.076837171,2374
0.076841241,2373
0.076846502,2372
0.076851857,2371
0.076857052,2370
0.076862392,2369
0.076869211,2368
0.076877387,2367
0.076882119,2366
0.076886199,2365
0.076893858,2364
0.076902519,2363
0.076908119,2362
0.076916017,2361
0.076951392,2360
0.076956302,2359
0.076958844,2358
0.076961393,2357
0.076964848,2356
0.076971613,2355
0.077006732,2354
0.077011062,2353
0.077018179,2352
0.077029896,2351
0.077034679,2350
0.077039632,2349
0.077042387,2348
0.077049399,2347
0.077052423,2346
0.077056784,2345
0.077060533,2344
0.077064228,2343
0.077075714,2342
0.077091377,2341
0.077104565,2340
0.077112172,2339
0.077117702,2338
0.077121832,2337
0.077126452,2336
0.077132335,2335
0.077138869,2334
0.077143434,2333
0.077368393,2332
0.077371915,2331
0.077378117,2330
0.077384789,2329
0.077391315,2328
0.077396221,2327
0.077399729,2326
0.077408931,2325
0.077422495,2324
0.077439184,2323
0.077441659,2322
0.077447791,2321
0.07746779,2320
0.077475283,2319
0.077484133,2318
0.077494952,2317
0.077501897,2316
0.077508234,2315
0.077519891,2314
0.077527457,2313
0.077531347,2312
0.07756809,2311
0.077575062,2310
0.077586807,2309
0.077607515,2308
0.077610705,2307
0.077648676,2306
0.077679377,2305
0.077820793,2304
0.077865673,2303
0.077874972,2302
0.077890666,2301
0.077926752,2300
0.077933922,2299
0.077948977,2298
0.077966038,2297
0.077994599,2296
0.07801878,2295
0.078193851,2294
0.078208137,2293
0.078257077,2292
0.078283429,2291
0.078395228,2290
0.078544154,2289
0.078621147,2288
0.101910017,2287
0.130630182,2286
0.137985691,2285
0.145548774,2284
0.172092662,2283
0.185677618,2282
0.191243391,2281
0.211723848,2280
0.221308655,2279
0.240697187,2278
0.264769682,2277
0.275536054,2276
0.283387125,2275
0.286627571,2274
0.299042889,2273
0.306679823,2272
0.318733901,2271
0.323326141,2270
0.329264104,2269
0.38067945,2268
0.586426061,2267
0.590829848,2266
0.607734258,2265
0.624604206,2264
0.633804017,2263
0.639557329,2262
0.653647947,2261
0.665399537,2260
0.677876172,2259
0.761581629,2258
0.765507275,2257
0.773735173,2256
0.813483631,2255
0.81626738,2254
0.819217253,2253
0.833920506,2252
0.858841045,2251
0.86507382,2250
0.912532556,2249
0.919226364,2248
0.925347643,2247
0.946006169,2246
0.964200435,2245
0.968330944,2244
0.973742965,2243
0.983292809,2242
0.991864369,2241
1.007691538,2240
1.016744757,2239
1.032856367,2238
1.037543908,2237
1.050595955,2236
1.071517622,2235
1.072542818,2234
1.097647348,2233
1.104726066,2232
1.124018944,2231
1.202079703,2230
1.279691129,2229
