0.135188679,3669
0.135454986,3668
0.135602561,3667
0.135702682,3666
0.136001289,3665
0.136063839,3664
0.136094172,3663
0.136111684,3662
0.136122973,3661
0.136134795,3660
0.136149536,3659
0.136177353,3658
0.136196194,3657
0.136211243,3656
0.136277307,3655
0.13634629,3654
0.136394147,3653
0.136461421,3652
0.136478674,3651
0.136490661,3650
0.136504914,3649
0.136574518,3648
0.136651595,3647
0.136769666,3646
0.136813368,3645
0.136892536,3644
0.136923673,3643
0.136940475,3642
0.136957662,3641
0.136975774,3640
0.136989232,3639
0.137000294,3638
0.137017808,3637
0.137033889,3636
0.137061469,3635
0.137070591,3634
0.137080256,3633
0.137090343,3632
0.137098462,3631
0.137112153,3630
0.13712118,3629
0.137131575,3628
0.137150055,3627
0.137171494,3626
0.137250237,3625
0.137273196,3624
0.137354112,3623
0.137366285,3622
0.137373557,3621
0.137381532,3620
0.137395932,3619
0.137403686,3618
0.137420855,3617
0.137446642,3616
0.137468093,3615
0.137505147,3614
0.137522829,3613
0.137534402,3612
0.137546164,3611
0.13755599,3610
0.137565822,3609
0.137574182,3608
0.13758095,3607
0.137588063,3606
0.137595961,3605
0.137604278,3604
0.137614659,3603
0.137624172,3602
0.139601387,3601
0.139615359,3600
0.139622623,3599
0.139633782,3598
0.139659302,3597
0.139703377,3596
0.139739029,3595
0.139780144,3594
0.139798749,3593
0.13983115,3592
0.139847069,3591
0.139862048,3590
0.139870006,3589
0.139878613,3588
0.139923112,3587
0.139960321,3586
0.139971878,3585
0.139983638,3584
0.139996891,3583
0.140007295,3582
0.140018775,3581
0.140029494,3580
0.140237566,3579
0.140255339,3578
0.14030168,3577
0.140314436,3576
0.140329304,3575
0.140349066,3574
0.140364256,3573
0.140377761,3572
0.140387526,3571
0.140405259,3570
0.140414061,3569
0.140429375,3568
0.14043933,3567
0.140468129,3566
0.140483006,3565
0.140523046,3564
0.140531623,3563
0.140558765,3562
0.140566221,3561
0.140611734,3560
0.140621863,3559
0.14063002,3558
0.140646095,3557
0.140655276,3556
0.140662486,3555
0.140670953,3554
0.140678318,3553
0.140685281,3552
0.140692524,3551
0.14070203,3550
0.140708909,3549
0.140725382,3548
0.140739628,3547
0.140747883,3546
0.140755198,3545
0.140762932,3544
0.140777388,3543
0.140807427,3542
0.140821068,3541
0.140828711,3540
0.140836594,3539
0.140843274,3538
0.140850505,3537
0.140857384,3536
0.140863634,3535
0.140871312,3534
0.1408782,3533
0.140885222,3532
0.140904622,3531
0.140909927,3530
0.140915661,3529
0.140921181,3528
0.140926138,3527
0.140931226,3526
0.140937031,3525
0.140942309,3524
0.140960266,3523
0.14096891,3522
0.140981219,3521
0.141016549,3520
0.141034167,3519
0.142763783,3518
0.142774555,3517
0.142811842,3516
0.142818042,3515
0.142825357,3514
0.142876405,3513
0.142918138,3512
0.142962893,3511
0.142978863,3510
0.143014118,3509
0.143028261,3508
0.143051507,3507
0.143068379,3506
0.143081909,3505
0.14313634,3504
0.143175147,3503
0.143234732,3502
0.143258851,3501
0.14329604,3500
0.143302856,3499
0.143313762,3498
0.143325091,3497
0.143335806,3496
0.143342025,3495
0.143355797,3494
0.143422556,3493
0.143427886,3492
0.143433007,3491
0.143437651,3490
0.14344242,3489
0.1434472,3488
0.14345157,3487
0.143456663,3486
0.143461221,3485
0.143465457,3484
0.143470136,3483
0.14347703,3482
0.143483847,3481
0.143491485,3480
0.143500608,3479
0.143506625,3478
0.143527546,3477
0.143554075,3476
0.143561117,3475
0.143567151,3474
0.143576076,3473
0.143582298,3472
0.143588712,3471
0.143595253,3470
0.143600665,3469
0.143605885,3468
0.143611085,3467
0.14361545,3466
0.143620205,3465
0.143624808,3464
0.143633021,3463
0.143639302,3462
0.143644128,3461
0.143649011,3460
0.143653883,3459
0.143658594,3458
0.14366315,3457
0.143667781,3456
0.143672719,3455
0.143678444,3454
0.143683779,3453
0.143693574,3452
0.143705595,3451
0.143710342,3450
0.143753006,3449
0.143758829,3448
0.143776917,3447
0.143790106,3446
0.143795782,3445
0.143807228,3444
0.143811772,3443
0.143816445,3442
0.143821122,3441
0.143826199,3440
0.144101794,3439
0.144146424,3438
0.144159651,3437
0.144165251,3436
0.144198087,3435
0.144204677,3434
0.144209846,3433
0.144214543,3432
0.144219215,3431
0.14422424,3430
0.144268485,3429
0.144273777,3428
0.144280399,3427
0.14430587,3426
0.144318042,3425
0.144322996,3424
0.14433574,3423
0.144343983,3422
0.144348698,3421
0.144356984,3420
0.144361431,3419
0.144366148,3418
0.144371685,3417
0.144377617,3416
0.144382185,3415
0.144427432,3414
0.144432171,3413
0.144486029,3412
0.144490873,3411
0.144495409,3410
0.144499396,3409
0.144504213,3408
0.144508287,3407
0.144512466,3406
0.144516507,3405
0.144520689,3404
0.14452456,3403
0.144535574,3402
0.144542779,3401
0.144546727,3400
0.144550125,3399
0.144554268,3398
0.144557792,3397
0.144561409,3396
0.144565106,3395
0.144571737,3394
0.144575911,3393
0.144579679,3392
0.144583169,3391
0.144587066,3390
0.144590551,3389
0.144594842,3388
0.144598956,3387
0.144602823,3386
0.144606518,3385
0.144615113,3384
0.14465171,3383
0.144687297,3382
0.144691568,3381
0.144695618,3380
0.144731631,3379
0.144735429,3378
0.144739598,3377
0.144743741,3376
0.144747754,3375
0.144752243,3374
0.144756663,3373
0.144761195,3372
0.144766622,3371
0.144771018,3370
0.144785537,3369
0.144794097,3368
0.144802783,3367
0.144807481,3366
0.144811967,3365
0.144816028,3364
0.144821133,3363
0.144826054,3362
0.144830501,3361
0.144840097,3360
0.144846976,3359
0.144893311,3358
0.144913109,3357
0.144926633,3356
0.144942258,3355
0.144964587,3354
0.145034774,3353
0.145077418,3352
0.145089587,3351
0.145094394,3350
0.145111796,3349
0.145152848,3348
0.145157374,3347
0.145161142,3346
0.145164928,3345
0.145168632,3344
0.145172664,3343
0.145176634,3342
0.145180601,3341
0.145184697,3340
0.145188498,3339
0.145192088,3338
0.145195705,3337
0.145198929,3336
0.145202315,3335
0.145219169,3334
0.145272199,3333
0.145287822,3332
0.145336555,3331
0.145366377,3330
0.145390733,3329
0.14541949,3328
0.145434021,3327
0.145441277,3326
0.145444876,3325
0.145448944,3324
0.145452155,3323
0.145455799,3322
0.145459731,3321
0.145462943,3320
0.145466096,3319
0.145469451,3318
0.145472919,3317
0.145476447,3316
0.145479814,3315
0.145482969,3314
0.145486681,3313
0.145490895,3312
0.145494306,3311
0.14549769,3310
0.145501313,3309
0.145506771,3308
0.145511209,3307
0.145550317,3306
0.145555887,3305
0.145560481,3304
0.1455652,3303
0.145568879,3302
0.145572175,3301
0.145576162,3300
0.145580125,3299
0.145583767,3298
0.145588937,3297
0.145593595,3296
0.145597656,3295
0.145601469,3294
0.145641613,3293
0.145646247,3292
0.146321051,3291
0.146332815,3290
0.146343117,3289
0.146348261,3288
0.146352677,3287
0.14635905,3286
0.14636339,3285
0.14636717,3284
0.146370836,3283
0.146375755,3282
0.146385342,3281
0.146390063,3280
0.146431564,3279
0.146435657,3278
0.146439686,3277
0.146443207,3276
0.146453695,3275
0.146457218,3274
0.146460662,3273
0.146463993,3272
0.146467315,3271
0.14647053,3270
0.146474104,3269
0.146477398,3268
0.146481263,3267
0.14648462,3266
0.146487787,3265
0.146490942,3264
0.146494423,3263
0.146497564,3262
0.146500616,3261
0.146503697,3260
0.146507046,3259
0.146510461,3258
0.146513924,3257
0.146518922,3256
0.14652288,3255
0.146526183,3254
0.1465297,3253
0.14653299,3252
0.146648115,3251
0.146662793,3250
0.146705897,3249
0.146711058,3248
0.147067783,3247
0.147438167,3246
0.147445234,3245
0.147449401,3244
0.147453094,3243
0.147457344,3242
0.147461056,3241
0.147496201,3240
0.147499729,3239
0.147503388,3238
0.147506639,3237
0.14751039,3236
0.147514446,3235
0.147518035,3234
0.147521527,3233
0.147525432,3232
0.147528989,3231
0.147532599,3230
0.147542266,3229
0.147546547,3228
0.147549924,3227
0.147553036,3226
0.147556398,3225
0.147559673,3224
0.14756316,3223
0.147566163,3222
0.147570235,3221
0.147575945,3220
0.147588449,3219
0.147593049,3218
0.147596889,3217
0.14760104,3216
0.147605014,3215
0.147608515,3214
0.147619264,3213
0.147623702,3212
0.147633328,3211
0.147677197,3210
0.147719554,3209
0.147735126,3208
0.1477743,3207
0.147779132,3206
0.147784231,3205
0.147789082,3204
0.147793752,3203
0.147798607,3202
0.147802924,3201
0.147807683,3200
0.147812605,3199
0.147832247,3198
0.147878372,3197
0.149141182,3196
0.149181657,3195
0.149192899,3194
0.149196948,3193
0.149200703,3192
0.149204475,3191
0.149207682,3190
0.149210925,3189
0.149214162,3188
0.149217682,3187
0.149221179,3186
0.149228915,3185
0.149233309,3184
0.149236979,3183
0.149241186,3182
0.149244785,3181
0.149248807,3180
0.149252619,3179
0.149256408,3178
0.149474605,3177
0.149513253,3176
0.149522994,3175
0.149530622,3174
0.14953601,3173
0.149540645,3172
0.149545011,3171
0.14955061,3170
0.149555086,3169
0.149559513,3168
0.149563599,3167
0.149567428,3166
0.149571608,3165
0.149575526,3164
0.149579513,3163
0.149583732,3162
0.149587546,3161
0.149591247,3160
0.149595069,3159
0.149644922,3158
0.149653159,3157
0.14968947,3156
0.149724645,3155
0.149729515,3154
0.149734278,3153
0.149798855,3152
0.149802656,3151
0.149806585,3150
0.155225065,3149
0.155241016,3148
0.155254334,3147
0.155260131,3146
0.155265833,3145
0.15526967,3144
0.155273593,3143
0.155375942,3142
0.155388032,3141
0.155393473,3140
0.155406688,3139
0.155412067,3138
0.155416329,3137
0.155426143,3136
0.155432947,3135
0.155437361,3134
0.155441933,3133
0.155445493,3132
0.155451131,3131
0.155456546,3130
0.155460447,3129
0.155463744,3128
0.155471785,3127
0.155476679,3126
0.155479836,3125
0.155483514,3124
0.155490361,3123
0.155494043,3122
0.155497031,3121
0.15550109,3120
0.155504609,3119
0.155509993,3118
0.155517463,3117
0.155522991,3116
0.155526707,3115
0.155532085,3114
0.155537417,3113
0.155544718,3112
0.155548651,3111
0.155553431,3110
0.155557993,3109
0.155575461,3108
0.155589467,3107
0.155603948,3106
0.155611528,3105
0.155627286,3104
0.15563287,3103
0.155638113,3102
0.155643201,3101
0.155646799,3100
0.155650522,3099
0.155654465,3098
0.155658393,3097
0.155661658,3096
0.155668516,3095
0.155676311,3094
0.155681058,3093
0.155684887,3092
0.155688904,3091
0.155693717,3090
0.155696975,3089
0.155700093,3088
0.155704346,3087
0.155707748,3086
0.155711294,3085
0.155716307,3084
0.155720632,3083
0.155723644,3082
0.155727022,3081
0.155733529,3080
0.155739904,3079
0.155750108,3078
0.155755958,3077
0.155759771,3076
0.155763493,3075
0.155770131,3074
0.155773518,3073
0.155776877,3072
0.155781749,3071
0.155784907,3070
0.15578874,3069
0.155793933,3068
0.155797493,3067
0.155801304,3066
0.155812734,3065
0.155817134,3064
0.15585257,3063
0.155884449,3062
0.155888796,3061
0.155892965,3060
0.155896434,3059
0.15590301,3058
0.155908861,3057
0.155944051,3056
0.155949159,3055
0.155954592,3054
0.155957907,3053
0.155961538,3052
0.155965266,3051
0.155968881,3050
0.155972669,3049
0.155978431,3048
0.155981974,3047
0.155985368,3046
0.155989491,3045
0.155997083,3044
0.15600066,3043
0.156009163,3042
0.156047694,3041
0.156052516,3040
0.156057315,3039
0.15606095,3038
0.15606486,3037
0.156069162,3036
0.15608266,3035
0.156116367,3034
0.156153417,3033
0.156160637,3032
0.156200902,3031
0.156207841,3030
0.156213408,3029
0.156221561,3028
0.156229422,3027
0.156234166,3026
0.156238577,3025
0.156242906,3024
0.156247218,3023
0.156285605,3022
0.156290813,3021
0.15633016,3020
0.156335496,3019
0.156340968,3018
0.156345127,3017
0.156351346,3016
0.156354918,3015
0.156360014,3014
0.156365434,3013
0.156369237,3012
0.156382359,3011
0.156388069,3010
0.156393337,3009
0.156397377,3008
0.156440231,3007
0.156447694,3006
0.156452706,3005
0.156489969,3004
0.156523601,3003
0.156766642,3002
0.156779987,3001
0.156801064,3000
0.156811951,2999
0.156850553,2998
0.156871662,2997
0.156882143,2996
0.156893764,2995
0.156903425,2994
0.15694395,2993
0.157031747,2992
0.157047278,2991
0.157070674,2990
0.157096575,2989
0.157119891,2988
0.157156555,2987
0.158023056,2986
0.158031513,2985
0.1580354,2984
0.158039552,2983
0.158043253,2982
0.158053811,2981
0.158057884,2980
0.158070865,2979
0.158077193,2978
0.158086837,2977
0.158097004,2976
0.158103733,2975
0.15810946,2974
0.158117805,2973
0.158121565,2972
0.158128547,2971
0.158133263,2970
0.158137518,2969
0.158141303,2968
0.158147102,2967
0.158154146,2966
0.158160106,2965
0.158164025,2964
0.158167937,2963
0.158171909,2962
0.158180601,2961
0.158184228,2960
0.158187798,2959
0.158196073,2958
0.158202269,2957
0.158205411,2956
0.158208702,2955
0.158213758,2954
0.158218139,2953
0.158222455,2952
0.158227915,2951
0.158240672,2950
0.158244467,2949
0.158284712,2948
0.158295032,2947
0.158299122,2946
0.158303219,2945
0.158307659,2944
0.158311424,2943
0.158321632,2942
0.158333331,2941
0.158342341,2940
0.158346854,2939
0.158351654,2938
0.158356717,2937
0.158367582,2936
0.158387793,2935
0.15839768,2934
0.15984941,2933
0.160116368,2932
0.1601701,2931
0.160178371,2930
0.160187224,2929
0.160196308,2928
0.160289654,2927
0.160786075,2926
0.160831297,2925
0.160837857,2924
0.160842341,2923
0.160849799,2922
0.160853733,2921
0.16085945,2920
0.160866669,2919
0.16088063,2918
0.1608841,2917
0.160888373,2916
0.160895311,2915
0.16089865,2914
0.160902025,2913
0.160906632,2912
0.160912492,2911
0.160917299,2910
0.160920708,2909
0.160926779,2908
0.160930062,2907
0.160933579,2906
0.160936592,2905
0.160940621,2904
0.160943595,2903
0.160946693,2902
0.160950492,2901
0.160955271,2900
0.160961292,2899
0.160965381,2898
0.160970005,2897
0.1609783,2896
0.160982787,2895
0.160986876,2894
0.160995987,2893
0.160999949,2892
0.161004347,2891
0.161834462,2890
0.161880015,2889
0.164135811,2888
0.164343166,2887
0.164375807,2886
0.165908925,2885
0.165922447,2884
0.165935553,2883
0.165957038,2882
0.16596565,2881
0.165971714,2880
0.165975781,2879
0.165981325,2878
0.165984997,2877
0.16599071,2876
0.165994763,2875
0.166001998,2874
0.166010871,2873
0.166017717,2872
0.166022541,2871
0.166027436,2870
0.166031081,2869
0.16603577,2868
0.166040808,2867
0.166044065,2866
0.166047437,2865
0.166053233,2864
0.16605792,2863
0.166068483,2862
0.166072515,2861
0.16607745,2860
0.166082211,2859
0.166087945,2858
0.166095753,2857
0.166100448,2856
0.166105676,2855
0.166111393,2854
0.166123333,2853
0.166219804,2852
0.166255026,2851
0.166298466,2850
0.166311973,2849
0.166317707,2848
0.166331764,2847
0.166339629,2846
0.166344477,2845
0.166348894,2844
0.166352623,2843
0.166362325,2842
0.16636719,2841
0.166371071,2840
0.166374715,2839
0.16638088,2838
0.166387124,2837
0.16639311,2836
0.166396182,2835
0.166400072,2834
0.166406289,2833
0.166413051,2832
0.166419964,2831
0.166424069,2830
0.166444768,2829
0.166448517,2828
0.166453575,2827
0.16645695,2826
0.166463371,2825
0.166468433,2824
0.166478148,2823
0.166481678,2822
0.1664851,2821
0.166492214,2820
0.166498142,2819
0.166501695,2818
0.166506666,2817
0.16651145,2816
0.166524374,2815
0.166531878,2814
0.166542144,2813
0.166548118,2812
0.166553407,2811
0.166558147,2810
0.166570113,2809
0.166606773,2808
0.166667001,2807
0.16672558,2806
0.166773888,2805
0.166824745,2804
0.166924987,2803
0.166936925,2802
0.166948988,2801
0.166952373,2800
0.166959271,2799
0.167026255,2798
0.167038205,2797
0.167526084,2796
0.167534827,2795
0.167539268,2794
0.167544139,2793
0.167552298,2792
0.167566043,2791
0.167580156,2790
0.167583613,2789
0.167586883,2788
0.167591947,2787
0.167594762,2786
0.1675982,2785
0.167601027,2784
0.167606,2783
0.167608781,2782
0.167611879,2781
0.167616672,2780
0.167619899,2779
0.167627724,2778
0.167630394,2777
0.167635348,2776
0.167638451,2775
0.167647146,2774
0.167655208,2773
0.167662869,2772
0.167667372,2771
0.167671307,2770
0.167676118,2769
0.167680393,2768
0.167683979,2767
0.167688381,2766
0.167691725,2765
0.167697109,2764
0.167700156,2763
0.167709315,2762
0.167712439,2761
0.167717377,2760
0.167723423,2759
0.167728917,2758
0.167735127,2757
0.16773885,2756
0.167742673,2755
0.167746374,2754
0.167750177,2753
0.167756581,2752
0.167760118,2751
0.167764862,2750
0.167768918,2749
0.167772292,2748
0.16778453,2747
0.167788875,2746
0.167793053,2745
0.167800426,2744
0.167805773,2743
0.167808525,2742
0.167813389,2741
0.167817036,2740
0.167820838,2739
0.167825291,2738
0.167829897,2737
0.167834977,2736
0.167838267,2735
0.167842011,2734
0.167846226,2733
0.167850208,2732
0.167855649,2731
0.167861222,2730
0.167865158,2729
0.167867936,2728
0.167870931,2727
0.167873542,2726
0.167876182,2725
0.167882816,2724
0.167885948,2723
0.167889972,2722
0.167893105,2721
0.167895872,2720
0.167900607,2719
0.167907196,2718
0.167923377,2717
0.167926605,2716
0.167929583,2715
0.167932464,2714
0.167936307,2713
0.167939912,2712
0.167943309,2711
0.16794655,2710
0.167949375,2709
0.167955215,2708
0.167959399,2707
0.167962828,2706
0.167968341,2705
0.16797157,2704
0.167974216,2703
0.167977282,2702
0.167980993,2701
0.167984059,2700
0.167987146,2699
0.167991486,2698
0.167994652,2697
0.16799923,2696
0.168007351,2695
0.168013864,2694
0.168017456,2693
0.168021357,2692
0.168026167,2691
0.16803065,2690
0.168040302,2689
0.168044577,2688
0.168048658,2687
0.168051559,2686
0.168056758,2685
0.16806019,2684
0.168064474,2683
0.168067427,2682
0.168070606,2681
0.168073804,2680
0.168077411,2679
0.168081072,2678
0.168084526,2677
0.168090463,2676
0.168095362,2675
0.168099056,2674
0.168102924,2673
0.16810653,2672
0.168110548,2671
0.168116424,2670
0.168119216,2669
0.168125765,2668
0.168130429,2667
0.168135413,2666
0.168138948,2665
0.168145655,2664
0.168149116,2663
0.16815313,2662
0.168155875,2661
0.16815926,2660
0.168164953,2659
0.168167883,2658
0.168172944,2657
0.168177623,2656
0.168184251,2655
0.168189727,2654
0.168195195,2653
0.168198724,2652
0.168203187,2651
0.168208519,2650
0.168212098,2649
0.168215808,2648
0.168220638,2647
0.168224295,2646
0.168229919,2645
0.168239946,2644
0.168243959,2643
0.168248207,2642
0.168255079,2641
0.168327947,2640
0.168347076,2639
0.168356894,2638
0.1683616,2637
0.168366507,2636
0.168369428,2635
0.168372335,2634
0.168375255,2633
0.168377879,2632
0.168380541,2631
0.168383431,2630
0.168387806,2629
0.168391475,2628
0.168395643,2627
0.168400184,2626
0.168402789,2625
0.168407731,2624
0.168410439,2623
0.168413094,2622
0.16841583,2621
0.168419908,2620
0.16842465,2619
0.168429326,2618
0.168432926,2617
0.168442915,2616
0.168447786,2615
0.168452076,2614
0.168455282,2613
0.168470039,2612
0.168475006,2611
0.168480973,2610
0.168487158,2609
0.168490614,2608
0.168497105,2607
0.168502656,2606
0.16851675,2605
0.16852342,2604
0.168531053,2603
0.168536996,2602
0.168539673,2601
0.168550326,2600
0.168559439,2599
0.16857078,2598
0.16857577,2597
0.168579953,2596
0.168583936,2595
0.168586786,2594
0.168591703,2593
0.168594766,2592
0.168599581,2591
0.168604764,2590
0.168607359,2589
0.168613046,2588
0.168616858,2587
0.168619703,2586
0.168623085,2585
0.168627278,2584
0.168630323,2583
0.168643901,2582
0.168648159,2581
0.168651141,2580
0.16865459,2579
0.16865827,2578
0.168740167,2577
0.168746497,2576
0.168749801,2575
0.168754389,2574
0.168760922,2573
0.168763904,2572
0.168768022,2571
0.168772136,2570
0.168780921,2569
0.168786078,2568
0.168789294,2567
0.168793043,2566
0.168797346,2565
0.168803066,2564
0.168811123,2563
0.168814474,2562
0.168819945,2561
0.1688244,2560
0.168828742,2559
0.168839478,2558
0.168842669,2557
0.168845686,2556
0.168855835,2555
0.168862358,2554
0.168868946,2553
0.16887376,2552
0.168878199,2551
0.168885193,2550
0.168892984,2549
0.168899571,2548
0.168902811,2547
0.168907301,2546
0.168910502,2545
0.168920486,2544
0.168925314,2543
0.168931164,2542
0.168937532,2541
0.168945629,2540
0.168953339,2539
0.168959531,2538
0.168963781,2537
0.168968478,2536
0.1689719,2535
0.168976469,2534
0.168980541,2533
0.168984513,2532
0.168989944,2531
0.168993367,2530
0.168996746,2529
0.169001086,2528
0.169006835,2527
0.169009899,2526
0.169013147,2525
0.169017097,2524
0.169028924,2523
0.169032188,2522
0.1690373,2521
0.16905077,2520
0.1690542,2519
0.169057449,2518
0.169062902,2517
0.169068133,2516
0.170010815,2515
0.170019228,2514
0.170024388,2513
0.170027931,2512
0.170031622,2511
0.170036524,2510
0.173022838,2509
0.173032487,2508
0.173043411,2507
0.173088622,2506
0.173103405,2505
0.173142339,2504
0.173150364,2503
0.173160795,2502
0.173165201,2501
0.173170413,2500
0.173174504,2499
0.173177343,2498
0.173182705,2497
0.173191442,2496
0.173225314,2495
0.173233374,2494
0.173237611,2493
0.173275844,2492
0.173281668,2491
0.173284927,2490
0.173289024,2489
0.173300458,2488
0.17330326,2487
0.17330816,2486
0.173313487,2485
0.173322855,2484
0.173355989,2483
0.173361531,2482
0.173370759,2481
0.173375139,2480
0.173379039,2479
0.173381909,2478
0.173389923,2477
0.173392651,2476
0.173397742,2475
0.173404165,2474
0.173408484,2473
0.173414643,2472
0.173419025,2471
0.173426012,2470
0.173436251,2469
0.173440943,2468
0.173446972,2467
0.173451125,2466
0.17346341,2465
0.173466474,2464
0.173475466,2463
0.173512776,2462
0.173563061,2461
0.173570427,2460
0.173583108,2459
0.173588893,2458
0.173592542,2457
0.17359583,2456
0.173604628,2455
0.173612223,2454
0.173615369,2453
0.173618598,2452
0.173621561,2451
0.173624641,2450
0.173630309,2449
0.173633449,2448
0.173638547,2447
0.173643643,2446
0.173648598,2445
0.173658763,2444
0.173663212,2443
0.173706177,2442
0.173710085,2441
0.173720358,2440
0.173724831,2439
0.17372889,2438
0.173733517,2437
0.173740298,2436
0.173745513,2435
0.173753489,2434
0.173757235,2433
0.173760176,2432
0.173769153,2431
0.173781324,2430
0.173930153,2429
0.173943203,2428
0.173946824,2427
0.173951139,2426
0.173968992,2425
0.17398327,2424
0.173986859,2423
0.173991319,2422
0.174006433,2421
0.174011688,2420
0.174014489,2419
0.174019986,2418
0.174023641,2417
0.174031847,2416
0.17405101,2415
0.174057563,2414
0.174065879,2413
0.174079189,2412
0.174083865,2411
0.174087965,2410
0.174090806,2409
0.174097166,2408
0.17410439,2407
0.174111904,2406
0.174115726,2405
0.174133444,2404
0.174139858,2403
0.174154946,2402
0.174163912,2401
0.174168672,2400
0.174183158,2399
0.174194576,2398
0.174241611,2397
0.174247026,2396
0.174252784,2395
0.174256185,2394
0.174269306,2393
0.174273639,2392
0.174278959,2391
0.17428356,2390
0.174287851,2389
0.174293265,2388
0.174301682,2387
0.174307333,2386
0.174312564,2385
0.174315924,2384
0.174341109,2383
0.174349363,2382
0.174364555,2381
0.174405488,2380
0.174410209,2379
0.174419475,2378
0.174609413,2377
0.174614986,2376
0.174620474,2375
0.174629104,2374
0.174635964,2373
0.174640605,2372
0.174651604,2371
0.174656871,2370
0.174660221,2369
0.174666294,2368
0.174675854,2367
0.174680231,2366
0.174684343,2365
0.174692613,2364
0.174705576,2363
0.174722211,2362
0.174738074,2361
0.174745478,2360
0.174754694,2359
0.174760294,2358
0.1747654,2357
0.17477265,2356
0.174782642,2355
0.174786608,2354
0.174805125,2353
0.174811951,2352
0.174867431,2351
0.174874504,2350
0.174890057,2349
0.174897625,2348
0.174904288,2347
0.174918245,2346
0.174924588,2345
0.174930589,2344
0.174936739,2343
0.174944886,2342
0.174952636,2341
0.174965956,2340
0.17497159,2339
0.174975362,2338
0.17497844,2337
0.174981727,2336
0.174992148,2335
0.175016871,2334
0.17502114,2333
0.175027914,2332
0.175383923,2331
0.175406503,2330
0.17542013,2329
0.175435845,2328
0.175502047,2327
0.175515968,2326
0.175519713,2325
0.175523277,2324
0.175569836,2323
0.175582327,2322
0.17559414,2321
0.175599685,2320
0.175624463,2319
0.175639334,2318
0.17566143,2317
0.17567664,2316
0.175687009,2315
0.175691751,2314
0.175698103,2313
0.175714271,2312
0.175737811,2311
0.175756828,2310
0.175763574,2309
0.175782274,2308
0.175848789,2307
0.175878899,2306
0.175884095,2305
0.175906083,2304
0.176150046,2303
0.176197452,2302
0.176204275,2301
0.176219689,2300
0.176223032,2299
0.176266449,2298
0.176316761,2297
0.176324267,2296
0.176365836,2295
0.176377661,2294
0.176604843,2293
0.176634846,2292
0.176645367,2291
0.176727146,2290
0.176897252,2289
0.176981859,2288
0.177109884,2287
0.261802914,2286
0.28451337,2285
0.291924424,2284
0.380056041,2283
0.38639765,2282
0.43821225,2281
0.441793086,2280
0.467081013,2279
0.563443263,2278
0.600303873,2277
0.609018186,2276
0.613212475,2275
0.648539319,2274
0.654514818,2273
0.723039515,2272
0.727354839,2271
0.738012347,2270
0.853584861,2269
0.922709261,2268
0.980893414,2267
0.98346382,2266
0.987533648,2265
0.999056492,2264
1.075388578,2263
1.090817557,2262
1.093994595,2261
1.14019762,2260
1.178981262,2259
1.213609299,2258
1.217870674,2257
1.255378608,2256
1.261586115,2255
1.331850214,2254
1.34181586,2253
1.461601398,2252
1.540065184,2251
1.583694618,2250
1.754284848,2249
1.829099426,2248
1.860879587,2247
1.885408415,2246
1.890656152,2245
1.901932991,2244
1.952864127,2243
1.964523117,2242
1.968964387,2241
1.976386455,2240
2.012005573,2239
2.016694587,2238
2.021835894,2237
2.111069935,2236
2.126010753,2235
2.236518147,2234
2.253636164,2233
2.348739855,2232
2.400073461,2231
