0.064917036,3669
0.064977139,3668
0.065063714,3667
0.065579832,3666
0.065644695,3665
0.065698037,3664
0.065745092,3663
0.065779589,3662
0.065790422,3661
0.065799229,3660
0.065806862,3659
0.06581524,3658
0.065823194,3657
0.065831956,3656
0.065846709,3655
0.067047661,3654
0.067093135,3653
0.067100826,3652
0.067116635,3651
0.067158238,3650
0.067167125,3649
0.067180616,3648
0.067212503,3647
0.067220759,3646
0.067228594,3645
0.067236021,3644
0.067244183,3643
0.067251971,3642
0.067308621,3641
0.067317926,3640
0.06733247,3639
0.067341468,3638
0.067354196,3637
0.067363966,3636
0.067373019,3635
0.067382058,3634
0.067390802,3633
0.067401146,3632
0.067408952,3631
0.067417658,3630
0.067426041,3629
0.067434217,3628
0.067442918,3627
0.06745187,3626
0.067459909,3625
0.067468324,3624
0.067476861,3623
0.067484861,3622
0.067492726,3621
0.067501731,3620
0.067510498,3619
0.067519918,3618
0.067529943,3617
0.067539589,3616
0.06754955,3615
0.067561464,3614
0.067571705,3613
0.067579881,3612
0.067588722,3611
0.067597023,3610
0.067605791,3609
0.06761499,3608
0.067623461,3607
0.067631722,3606
0.067641393,3605
0.06764892,3604
0.067657409,3603
0.067665711,3602
0.067686731,3601
0.068558524,3600
0.068602666,3599
0.068610495,3598
0.068626974,3597
0.068664295,3596
0.068683913,3595
0.068690836,3594
0.068725736,3593
0.068732013,3592
0.068737924,3591
0.068744812,3590
0.068751643,3589
0.068758444,3588
0.06879423,3587
0.068805329,3586
0.068812186,3585
0.068818369,3584
0.068823036,3583
0.06882797,3582
0.068833232,3581
0.068838612,3580
0.068843931,3579
0.068849589,3578
0.068854519,3577
0.068859785,3576
0.06891531,3575
0.068921692,3574
0.068928068,3573
0.068957137,3572
0.068967311,3571
0.068991364,3570
0.069042168,3569
0.069051901,3568
0.069058769,3567
0.069064903,3566
0.069069953,3565
0.069074965,3564
0.069079741,3563
0.069084538,3562
0.069089621,3561
0.06909552,3560
0.069102245,3559
0.069107464,3558
0.069118884,3557
0.069124246,3556
0.069129203,3555
0.069134069,3554
0.069139379,3553
0.069144035,3552
0.069148937,3551
0.069156419,3550
0.069164086,3549
0.069177011,3548
0.06918954,3547
0.069201026,3546
0.069206497,3545
0.069211717,3544
0.069222844,3543
0.069242669,3542
0.069256159,3541
0.069268712,3540
0.06927388,3539
0.069279223,3538
0.069284568,3537
0.06928992,3536
0.06929504,3535
0.069299968,3534
0.069312014,3533
0.069317299,3532
0.069328465,3531
0.069334375,3530
0.069346135,3529
0.06935184,3528
0.069356472,3527
0.069360777,3526
0.069367026,3525
0.06937283,3524
0.069377426,3523
0.069381656,3522
0.069386072,3521
0.069390685,3520
0.069395235,3519
0.069399305,3518
0.069403847,3517
0.06940841,3516
0.069413174,3515
0.069417614,3514
0.069431495,3513
0.069435751,3512
0.069440231,3511
0.069445404,3510
0.069449956,3509
0.069454705,3508
0.069459396,3507
0.06946447,3506
0.069468987,3505
0.069473811,3504
0.069478991,3503
0.069483989,3502
0.069489234,3501
0.069494357,3500
0.069499169,3499
0.069506234,3498
0.069517713,3497
0.070861684,3496
0.070909217,3495
0.070915071,3494
0.070926971,3493
0.070968051,3492
0.070974515,3491
0.070984396,3490
0.071040123,3489
0.071080207,3488
0.071119977,3487
0.07135573,3486
0.071366533,3485
0.071372206,3484
0.071377767,3483
0.071382602,3482
0.071387018,3481
0.071391423,3480
0.07139606,3479
0.071401164,3478
0.071440021,3477
0.07145145,3476
0.071458079,3475
0.071463676,3474
0.071469118,3473
0.071474501,3472
0.071479785,3471
0.071485573,3470
0.071490567,3469
0.071496042,3468
0.071501568,3467
0.071507725,3466
0.071513562,3465
0.071520512,3464
0.071526737,3463
0.07153203,3462
0.07153762,3461
0.071545279,3460
0.071549856,3459
0.071554823,3458
0.071559356,3457
0.071564886,3456
0.071570058,3455
0.07182423,3454
0.071836671,3453
0.071841944,3452
0.07184709,3451
0.071862101,3450
0.071868465,3449
0.071873846,3448
0.071880869,3447
0.071885679,3446
0.071890564,3445
0.071895054,3444
0.071899228,3443
0.071903409,3442
0.071907853,3441
0.071912234,3440
0.071917081,3439
0.071921399,3438
0.071925617,3437
0.071929545,3436
0.071933718,3435
0.071938193,3434
0.071942683,3433
0.071946909,3432
0.071951076,3431
0.071954993,3430
0.07196199,3429
0.071966226,3428
0.072009374,3427
0.072015129,3426
0.072026963,3425
0.072039195,3424
0.072177911,3423
0.072247618,3422
0.072298704,3421
0.072303874,3420
0.072309243,3419
0.072314419,3418
0.072320089,3417
0.072354026,3416
0.072360062,3415
0.073947857,3414
0.076147072,3413
0.076156342,3412
0.076161141,3411
0.076165739,3410
0.076169894,3409
0.076173936,3408
0.076178984,3407
0.07619159,3406
0.076196081,3405
0.076200292,3404
0.076206855,3403
0.07621165,3402
0.076215954,3401
0.076219976,3400
0.076224526,3399
0.076229043,3398
0.07623341,3397
0.076238356,3396
0.076242752,3395
0.076247142,3394
0.076251395,3393
0.076255105,3392
0.076258812,3391
0.076267213,3390
0.076271783,3389
0.076275761,3388
0.076279921,3387
0.076283863,3386
0.076288087,3385
0.07629315,3384
0.076297037,3383
0.076302076,3382
0.076306339,3381
0.076310506,3380
0.076321305,3379
0.076326292,3378
0.076330697,3377
0.076335573,3376
0.076339925,3375
0.076343712,3374
0.076347813,3373
0.076360718,3372
0.076395637,3371
0.076399691,3370
0.076403571,3369
0.076412633,3368
0.076417247,3367
0.076421167,3366
0.076424856,3365
0.076428471,3364
0.076432157,3363
0.076435779,3362
0.0764393,3361
0.076443202,3360
0.076446987,3359
0.076450797,3358
0.076454828,3357
0.076463139,3356
0.076467309,3355
0.076471307,3354
0.076475143,3353
0.076478745,3352
0.07648251,3351
0.076486654,3350
0.076490422,3349
0.076497232,3348
0.07650389,3347
0.076509305,3346
0.076513488,3345
0.076518087,3344
0.076523894,3343
0.076558702,3342
0.076563135,3341
0.076567467,3340
0.076577929,3339
0.076582235,3338
0.076585857,3337
0.07658984,3336
0.076593659,3335
0.076597221,3334
0.076603941,3333
0.076607621,3332
0.07661141,3331
0.076615313,3330
0.07661879,3329
0.076622043,3328
0.076625677,3327
0.076629571,3326
0.076633014,3325
0.076636905,3324
0.076641093,3323
0.076644886,3322
0.076648737,3321
0.076652455,3320
0.076656272,3319
0.076659647,3318
0.076663351,3317
0.076667243,3316
0.076671303,3315
0.076675277,3314
0.076678899,3313
0.076683165,3312
0.076687117,3311
0.076691198,3310
0.07669549,3309
0.076699717,3308
0.076703902,3307
0.076712473,3306
0.076716749,3305
0.076720299,3304
0.07672458,3303
0.076728678,3302
0.076732675,3301
0.076736964,3300
0.076740678,3299
0.076744831,3298
0.076748418,3297
0.076752208,3296
0.07675614,3295
0.076760196,3294
0.076763741,3293
0.076768054,3292
0.076778062,3291
0.076785138,3290
0.076798507,3289
0.076834622,3288
0.076839058,3287
0.076871343,3286
0.076875787,3285
0.076879828,3284
0.076887704,3283
0.076892797,3282
0.076897397,3281
0.077555921,3280
0.077596466,3279
0.0776009,3278
0.077605333,3277
0.077611162,3276
0.077615984,3275
0.077620249,3274
0.077624417,3273
0.07762898,3272
0.077632568,3271
0.077636193,3270
0.077643654,3269
0.077648589,3268
0.077652891,3267
0.077656898,3266
0.077661688,3265
0.077666263,3264
0.077670343,3263
0.077674668,3262
0.077679545,3261
0.077683979,3260
0.077688055,3259
0.077692063,3258
0.077695893,3257
0.077699925,3256
0.077703923,3255
0.077707994,3254
0.077711703,3253
0.077715995,3252
0.077719777,3251
0.07772378,3250
0.077727556,3249
0.077731207,3248
0.077735089,3247
0.077738773,3246
0.077742475,3245
0.077746183,3244
0.077749947,3243
0.07775383,3242
0.077757523,3241
0.077765671,3240
0.077776423,3239
0.077780005,3238
0.077783683,3237
0.077787419,3236
0.077791268,3235
0.077795103,3234
0.07779854,3233
0.077802251,3232
0.077805393,3231
0.077808793,3230
0.077812102,3229
0.077815113,3228
0.077820452,3227
0.07782397,3226
0.077827909,3225
0.077831886,3224
0.077835482,3223
0.077839444,3222
0.077843073,3221
0.077846569,3220
0.077850265,3219
0.077853532,3218
0.077857009,3217
0.07786067,3216
0.077864453,3215
0.077867874,3214
0.077871268,3213
0.077874667,3212
0.077878297,3211
0.077881713,3210
0.077885636,3209
0.077889303,3208
0.077893111,3207
0.077896887,3206
0.077900501,3205
0.077904011,3204
0.077907778,3203
0.077911284,3202
0.077914529,3201
0.077917852,3200
0.077921235,3199
0.077924849,3198
0.077930087,3197
0.077933952,3196
0.077938252,3195
0.077945247,3194
0.077949428,3193
0.077953108,3192
0.077956721,3191
0.077960447,3190
0.077963927,3189
0.077967533,3188
0.077970976,3187
0.077974412,3186
0.077978253,3185
0.0779818,3184
0.077985409,3183
0.077988845,3182
0.077992674,3181
0.078028664,3180
0.078033474,3179
0.078040073,3178
0.078046327,3177
0.078050491,3176
0.078054675,3175
0.078058189,3174
0.078062178,3173
0.078066053,3172
0.078069808,3171
0.078073456,3170
0.078076884,3169
0.078080349,3168
0.078084031,3167
0.07808751,3166
0.078091126,3165
0.078094555,3164
0.078098188,3163
0.078101533,3162
0.078106973,3161
0.078111299,3160
0.078142378,3159
0.078160956,3158
0.078214145,3157
0.0782185,3156
0.078223964,3155
0.078266818,3154
0.078680594,3153
0.078711609,3152
0.078747831,3151
0.078754571,3150
0.080080237,3149
0.080085455,3148
0.080092793,3147
0.080100007,3146
0.080103322,3145
0.080108476,3144
0.080111137,3143
0.080113793,3142
0.080117071,3141
0.080121386,3140
0.080124008,3139
0.080126662,3138
0.080129449,3137
0.080133091,3136
0.080137177,3135
0.080141013,3134
0.080144704,3133
0.08014694,3132
0.080150199,3131
0.080158456,3130
0.080161535,3129
0.080164182,3128
0.080168339,3127
0.080170731,3126
0.080173434,3125
0.080179254,3124
0.080183683,3123
0.080187062,3122
0.080190899,3121
0.08019468,3120
0.080201539,3119
0.080204701,3118
0.080208104,3117
0.080211193,3116
0.08021418,3115
0.080217656,3114
0.080222884,3113
0.080226022,3112
0.080233365,3111
0.080235916,3110
0.080238787,3109
0.080241507,3108
0.080244423,3107
0.080252552,3106
0.080255625,3105
0.080258974,3104
0.080262102,3103
0.080265219,3102
0.080268326,3101
0.080271585,3100
0.080278076,3099
0.080280914,3098
0.080286572,3097
0.080292819,3096
0.080297792,3095
0.080311482,3094
0.080323261,3093
0.08033504,3092
0.080350664,3091
0.080358837,3090
0.080363126,3089
0.08036727,3088
0.080380058,3087
0.080417389,3086
0.080421757,3085
0.080425523,3084
0.080429642,3083
0.080433695,3082
0.080437006,3081
0.080440669,3080
0.08044696,3079
0.080449821,3078
0.080454851,3077
0.080460723,3076
0.080464037,3075
0.080467538,3074
0.080471949,3073
0.080474809,3072
0.080477659,3071
0.080782057,3070
0.080792609,3069
0.080803018,3068
0.080808504,3067
0.080845367,3066
0.08084984,3065
0.080854643,3064
0.080858167,3063
0.080862147,3062
0.080865631,3061
0.080870205,3060
0.080873613,3059
0.080876998,3058
0.080884155,3057
0.080894702,3056
0.080899962,3055
0.080905005,3054
0.080909754,3053
0.080918422,3052
0.080921581,3051
0.080925983,3050
0.080930105,3049
0.080935191,3048
0.080940979,3047
0.080945114,3046
0.080949407,3045
0.080952658,3044
0.080956023,3043
0.080963913,3042
0.080967618,3041
0.080970684,3040
0.080974096,3039
0.080977216,3038
0.08098045,3037
0.080985472,3036
0.080990342,3035
0.080994284,3034
0.08099935,3033
0.081002799,3032
0.081006619,3031
0.081010206,3030
0.081022235,3029
0.081026015,3028
0.081031671,3027
0.081041235,3026
0.08104495,3025
0.081049274,3024
0.081052773,3023
0.08105657,3022
0.081060681,3021
0.081090793,3020
0.081095609,3019
0.081099854,3018
0.081104872,3017
0.081110182,3016
0.081115173,3015
0.08112576,3014
0.081179844,3013
0.081184159,3012
0.081219733,3011
0.081223855,3010
0.081229475,3009
0.0812335,3008
0.081239331,3007
0.081247413,3006
0.081256797,3005
0.081262737,3004
0.081271379,3003
0.081276768,3002
0.081281131,3001
0.081299605,3000
0.081304618,2999
0.081308663,2998
0.081316537,2997
0.081321226,2996
0.081326398,2995
0.081330864,2994
0.081337313,2993
0.08134076,2992
0.081352536,2991
0.081362084,2990
0.081369046,2989
0.081375634,2988
0.081380892,2987
0.081385729,2986
0.081391257,2985
0.081530717,2984
0.081536269,2983
0.081542229,2982
0.081545739,2981
0.081550857,2980
0.081554635,2979
0.081558453,2978
0.081562135,2977
0.081565742,2976
0.081569762,2975
0.081580898,2974
0.081584696,2973
0.081588006,2972
0.081592738,2971
0.081599227,2970
0.081607688,2969
0.081611157,2968
0.081616147,2967
0.081619284,2966
0.081623033,2965
0.081627543,2964
0.081632139,2963
0.081635265,2962
0.081638689,2961
0.081641811,2960
0.08164495,2959
0.081649119,2958
0.081654,2957
0.081657203,2956
0.08166489,2955
0.081668169,2954
0.081674457,2953
0.081678094,2952
0.081682752,2951
0.081685875,2950
0.081689478,2949
0.081696626,2948
0.081730609,2947
0.081736385,2946
0.08174062,2945
0.081744228,2944
0.081769486,2943
0.081774678,2942
0.081779133,2941
0.081783503,2940
0.081788644,2939
0.08179214,2938
0.081795492,2937
0.081801562,2936
0.081805401,2935
0.081812561,2934
0.081828089,2933
0.08183136,2932
0.081834954,2931
0.081838788,2930
0.081841781,2929
0.081845291,2928
0.081848715,2927
0.081851566,2926
0.081856706,2925
0.081859852,2924
0.081873928,2923
0.081878294,2922
0.081883417,2921
0.081887287,2920
0.081891259,2919
0.081895153,2918
0.081899469,2917
0.08190349,2916
0.081906995,2915
0.081910757,2914
0.081914178,2913
0.081917566,2912
0.081921722,2911
0.081925213,2910
0.081928691,2909
0.08193911,2908
0.081942167,2907
0.081952072,2906
0.081955433,2905
0.08195822,2904
0.08196166,2903
0.081964935,2902
0.08196839,2901
0.081971371,2900
0.081975753,2899
0.08201055,2898
0.082014765,2897
0.082018975,2896
0.082030861,2895
0.082035047,2894
0.08204175,2893
0.082045922,2892
0.082052254,2891
0.082056253,2890
0.082062096,2889
0.082100061,2888
0.082105431,2887
0.082109409,2886
0.08214689,2885
0.082185583,2884
0.082210984,2883
0.082220352,2882
0.082224492,2881
0.08225912,2880
0.082275149,2879
0.082281149,2878
0.082287031,2877
0.082291972,2876
0.08229731,2875
0.082303342,2874
0.082307104,2873
0.082314565,2872
0.082318864,2871
0.08232215,2870
0.082325169,2869
0.082329927,2868
0.082333268,2867
0.082341142,2866
0.08234721,2865
0.082352812,2864
0.082356844,2863
0.082360804,2862
0.082367708,2861
0.082371809,2860
0.082375345,2859
0.082380967,2858
0.082386541,2857
0.082390584,2856
0.082395198,2855
0.082402809,2854
0.082406505,2853
0.082409748,2852
0.082415626,2851
0.082421185,2850
0.082426281,2849
0.082429871,2848
0.082434762,2847
0.082438265,2846
0.082443228,2845
0.082447579,2844
0.082452098,2843
0.08245659,2842
0.082459788,2841
0.082463948,2840
0.082469428,2839
0.082472357,2838
0.082483546,2837
0.082486781,2836
0.08248959,2835
0.082492979,2834
0.082496098,2833
0.082499542,2832
0.082502382,2831
0.082506671,2830
0.082514809,2829
0.08252589,2828
0.08253441,2827
0.082540031,2826
0.082548738,2825
0.082551984,2824
0.082558484,2823
0.082563695,2822
0.082566605,2821
0.082571553,2820
0.08257578,2819
0.082581537,2818
0.082586242,2817
0.082589694,2816
0.082593193,2815
0.082596825,2814
0.08260328,2813
0.08261071,2812
0.082614349,2811
0.082619743,2810
0.082624292,2809
0.082627388,2808
0.082679494,2807
0.082682281,2806
0.082688217,2805
0.082692921,2804
0.082695928,2803
0.082701222,2802
0.082706691,2801
0.082714045,2800
0.08272038,2799
0.082724112,2798
0.082731157,2797
0.08273482,2796
0.082741645,2795
0.082749657,2794
0.082753729,2793
0.082757745,2792
0.082761499,2791
0.082765791,2790
0.082769625,2789
0.082775061,2788
0.082778873,2787
0.082785999,2786
0.082791213,2785
0.082796479,2784
0.082801625,2783
0.082809039,2782
0.082814059,2781
0.082817549,2780
0.082822507,2779
0.082825873,2778
0.082829806,2777
0.082833462,2776
0.082845346,2775
0.082848838,2774
0.082853954,2773
0.082857828,2772
0.082860777,2771
0.082865643,2770
0.082871056,2769
0.08287488,2768
0.082877667,2767
0.08288051,2766
0.082883687,2765
0.082887687,2764
0.082890934,2763
0.082904256,2762
0.082908761,2761
0.082913046,2760
0.082916494,2759
0.082920811,2758
0.082924099,2757
0.082927443,2756
0.082931595,2755
0.082936254,2754
0.082940512,2753
0.08294444,2752
0.082948946,2751
0.082952113,2750
0.082955222,2749
0.082959615,2748
0.082963266,2747
0.082967783,2746
0.083007435,2745
0.083010866,2744
0.083018331,2743
0.083024757,2742
0.083031799,2741
0.083035429,2740
0.083039134,2739
0.08304575,2738
0.083460365,2737
0.083465994,2736
0.083471976,2735
0.083475238,2734
0.083482309,2733
0.08348649,2732
0.083526598,2731
0.083530257,2730
0.083535807,2729
0.083539552,2728
0.083543041,2727
0.083547666,2726
0.083551124,2725
0.08355407,2724
0.083558694,2723
0.083566818,2722
0.083572255,2721
0.083575812,2720
0.083579486,2719
0.083586163,2718
0.083593268,2717
0.083596646,2716
0.083599838,2715
0.083606647,2714
0.083612269,2713
0.083615306,2712
0.083618882,2711
0.083624057,2710
0.083630625,2709
0.083635196,2708
0.083657027,2707
0.083662203,2706
0.083665798,2705
0.083671833,2704
0.083911459,2703
0.083948152,2702
0.08395449,2701
0.083957734,2700
0.083962571,2699
0.083968124,2698
0.083972636,2697
0.083979084,2696
0.083982681,2695
0.083986305,2694
0.083990413,2693
0.08399804,2692
0.084001072,2691
0.084004931,2690
0.084009169,2689
0.084012424,2688
0.084017707,2687
0.084023471,2686
0.084026695,2685
0.084031656,2684
0.084035687,2683
0.084043539,2682
0.084046844,2681
0.084050605,2680
0.084056499,2679
0.084062895,2678
0.084067641,2677
0.084071657,2676
0.084074239,2675
0.084079442,2674
0.084082501,2673
0.084090948,2672
0.084098297,2671
0.084102572,2670
0.084105534,2669
0.08411052,2668
0.084113457,2667
0.084119704,2666
0.084124116,2665
0.084128947,2664
0.084133017,2663
0.084139844,2662
0.084143312,2661
0.084146898,2660
0.084150211,2659
0.084160616,2658
0.08416345,2657
0.084167844,2656
0.084172114,2655
0.084174711,2654
0.084177628,2653
0.084187643,2652
0.084190156,2651
0.08419305,2650
0.084197978,2649
0.084201068,2648
0.084204016,2647
0.08420876,2646
0.084212919,2645
0.084219639,2644
0.084222641,2643
0.08422551,2642
0.08422845,2641
0.084232728,2640
0.084235627,2639
0.084238696,2638
0.084242974,2637
0.08424609,2636
0.084252649,2635
0.084255964,2634
0.084260759,2633
0.084266944,2632
0.08427201,2631
0.084274929,2630
0.084279196,2629
0.084287696,2628
0.084290313,2627
0.084293617,2626
0.08429647,2625
0.084300733,2624
0.084303644,2623
0.084306828,2622
0.084309917,2621
0.084313151,2620
0.084318515,2619
0.08432703,2618
0.084330034,2617
0.08433617,2616
0.084341512,2615
0.084346352,2614
0.084351978,2613
0.084357304,2612
0.084360784,2611
0.084364993,2610
0.084370371,2609
0.084375959,2608
0.084380242,2607
0.084384218,2606
0.084390852,2605
0.08439466,2604
0.084398123,2603
0.084401818,2602
0.084406554,2601
0.084409849,2600
0.084434083,2599
0.084436609,2598
0.084444374,2597
0.084448497,2596
0.084451486,2595
0.08445451,2594
0.084458036,2593
0.084466453,2592
0.084469434,2591
0.084479818,2590
0.084484307,2589
0.084488162,2588
0.084491429,2587
0.084494866,2586
0.084499934,2585
0.084502993,2584
0.084508383,2583
0.084513032,2582
0.084519352,2581
0.084524492,2580
0.084529779,2579
0.084534733,2578
0.08453948,2577
0.084543262,2576
0.084556016,2575
0.084563095,2574
0.084568941,2573
0.084572306,2572
0.084575407,2571
0.084579729,2570
0.084586557,2569
0.08459026,2568
0.084597974,2567
0.084649511,2566
0.08469393,2565
0.084697359,2564
0.084702059,2563
0.084706338,2562
0.084711256,2561
0.084718085,2560
0.084724541,2559
0.08472969,2558
0.084735665,2557
0.084742646,2556
0.084745573,2555
0.084748765,2554
0.084754498,2553
0.084758458,2552
0.084762515,2551
0.084778078,2550
0.084781348,2549
0.084787658,2548
0.084791583,2547
0.084795491,2546
0.084798831,2545
0.084804758,2544
0.084808493,2543
0.084816306,2542
0.084819234,2541
0.084825228,2540
0.084830245,2539
0.084833398,2538
0.084836477,2537
0.08484346,2536
0.084849501,2535
0.084853022,2534
0.084855514,2533
0.084859868,2532
0.084865288,2531
0.084869305,2530
0.084875106,2529
0.084886196,2528
0.084891013,2527
0.084895565,2526
0.084899822,2525
0.084904223,2524
0.084907997,2523
0.084911035,2522
0.084915118,2521
0.084938785,2520
0.084944009,2519
0.084950743,2518
0.085916724,2517
0.086051502,2516
0.086090797,2515
0.08609794,2514
0.086101849,2513
0.086106478,2512
0.08610972,2511
0.08612829,2510
0.086135066,2509
0.08614373,2508
0.086180219,2507
0.086186418,2506
0.086192341,2505
0.086206338,2504
0.086211005,2503
0.086219322,2502
0.086226939,2501
0.086230599,2500
0.086234755,2499
0.086240451,2498
0.086244213,2497
0.086251455,2496
0.086257289,2495
0.086271021,2494
0.086279986,2493
0.086290274,2492
0.086298139,2491
0.086302296,2490
0.086306593,2489
0.086317894,2488
0.086322552,2487
0.086329608,2486
0.086338228,2485
0.086355144,2484
0.086365543,2483
0.086376972,2482
0.08638838,2481
0.086391497,2480
0.08639459,2479
0.086406848,2478
0.086416602,2477
0.086421667,2476
0.086441634,2475
0.086452809,2474
0.086456227,2473
0.086459521,2472
0.086465361,2471
0.086480145,2470
0.086484522,2469
0.08648956,2468
0.086494743,2467
0.086503659,2466
0.086514799,2465
0.086524637,2464
0.086527685,2463
0.086533714,2462
0.086538794,2461
0.086568291,2460
0.086571621,2459
0.086575775,2458
0.086582023,2457
0.086597061,2456
0.086604876,2455
0.086614071,2454
0.086617282,2453
0.086624412,2452
0.086629761,2451
0.086636251,2450
0.086639265,2449
0.086648742,2448
0.086657151,2447
0.086661203,2446
0.086664171,2445
0.086670459,2444
0.086673419,2443
0.086679533,2442
0.086684237,2441
0.086688538,2440
0.086722558,2439
0.086725973,2438
0.086729363,2437
0.086753968,2436
0.086761589,2435
0.086764874,2434
0.086771458,2433
0.086777545,2432
0.086814793,2431
0.086819419,2430
0.086827677,2429
0.086832269,2428
0.08683696,2427
0.08684413,2426
0.086851785,2425
0.086858273,2424
0.086863327,2423
0.08687215,2422
0.08689079,2421
0.086895433,2420
0.086905199,2419
0.086908694,2418
0.086913852,2417
0.086918762,2416
0.086928571,2415
0.086932956,2414
0.08693617,2413
0.086948447,2412
0.086960642,2411
0.086964472,2410
0.08696775,2409
0.08697455,2408
0.086979408,2407
0.086983932,2406
0.086988403,2405
0.086993384,2404
0.087000385,2403
0.087007393,2402
0.087015317,2401
0.087019132,2400
0.08702231,2399
0.087035277,2398
0.087044256,2397
0.087047933,2396
0.087053858,2395
0.087061883,2394
0.087076897,2393
0.087080172,2392
0.087085602,2391
0.087095537,2390
0.08710161,2389
0.087109319,2388
0.087113916,2387
0.087116881,2386
0.087123809,2385
0.087135756,2384
0.087143702,2383
0.087147402,2382
0.087160769,2381
0.087170799,2380
0.087185458,2379
0.087188191,2378
0.087197536,2377
0.087200178,2376
0.087203977,2375
0.08720805,2374
0.087217864,2373
0.087225131,2372
0.087227698,2371
0.087232917,2370
0.087235281,2369
0.087252527,2368
0.087264322,2367
0.08728883,2366
0.087300646,2365
0.087305434,2364
0.087308901,2363
0.087313102,2362
0.087316285,2361
0.08734406,2360
0.087354681,2359
0.087364887,2358
0.087374932,2357
0.087377974,2356
0.087384931,2355
0.087414452,2354
0.087417274,2353
0.087421227,2352
0.087428605,2351
0.087438272,2350
0.087454791,2349
0.087462762,2348
0.087475927,2347
0.087500281,2346
0.087511121,2345
0.087523011,2344
0.087531017,2343
0.087570535,2342
0.087582729,2341
0.087593349,2340
0.087607209,2339
0.087610524,2338
0.08761667,2337
0.087671028,2336
0.08767419,2335
0.088044414,2334
0.088143775,2333
0.088181807,2332
0.088188844,2331
0.088192235,2330
0.088198865,2329
0.088203312,2328
0.088208455,2327
0.088246761,2326
0.088262188,2325
0.088306359,2324
0.088311856,2323
0.088317629,2322
0.088388668,2321
0.088427204,2320
0.08847005,2319
0.088479444,2318
0.088540298,2317
0.088578684,2316
0.088583167,2315
0.088625876,2314
0.088692417,2313
0.088699509,2312
0.088733811,2311
0.08874752,2310
0.088780138,2309
0.089639354,2308
0.090073052,2307
0.090473607,2306
0.090486677,2305
0.090511478,2304
0.090699705,2303
0.090770387,2302
0.090843799,2301
0.09087203,2300
0.090910334,2299
0.090912606,2298
0.090961651,2297
0.091013211,2296
0.091019008,2295
0.091028326,2294
0.093566804,2293
0.093572664,2292
0.093656742,2291
0.093660776,2290
0.093760234,2289
0.093886549,2288
0.093988277,2287
0.13345707,2286
0.195515417,2285
0.199995402,2284
0.21525289,2283
0.242067762,2282
0.250162083,2281
0.270669723,2280
0.291438286,2279
0.294000502,2278
0.30905013,2277
0.32709135,2276
0.329496647,2275
0.340587909,2274
0.345949187,2273
0.350454424,2272
0.376989308,2271
0.386354046,2270
0.397296228,2269
0.402551504,2268
0.407641939,2267
0.413804367,2266
0.418297022,2265
0.425132147,2264
0.438275737,2263
0.441528467,2262
0.462481095,2261
0.466308941,2260
0.47009434,2259
0.476996901,2258
0.49981888,2257
0.505000499,2256
0.509336221,2255
0.52975509,2254
0.537042146,2253
0.564678757,2252
0.568164357,2251
0.584460875,2250
0.605590648,2249
0.612726573,2248
0.617850084,2247
0.61967328,2246
0.624084539,2245
0.637255521,2244
0.651537302,2243
0.653349187,2242
0.656901535,2241
0.674008596,2240
0.675048854,2239
0.680201795,2238
0.687084528,2237
0.688586337,2236
0.706600646,2235
0.711041776,2234
0.721118552,2233
0.740264555,2232
0.75716026,2231
0.780071737,2230
0.786294577,2229
0.798073104,2228
0.802843798,2227
0.912223899,2226
