0.05814921,3669
0.058284829,3668
0.058345195,3667
0.058356696,3666
0.058430815,3665
0.058511121,3664
0.058549716,3663
0.058585015,3662
0.058595411,3661
0.058606137,3660
0.058619733,3659
0.058629568,3658
0.058641462,3657
0.058866881,3656
0.0588819,3655
0.05889628,3654
0.058909057,3653
0.058921202,3652
0.0589332,3651
0.058946029,3650
0.058964481,3649
0.058977297,3648
0.058990742,3647
0.059003873,3646
0.059013463,3645
0.059096453,3644
0.059107553,3643
0.059118773,3642
0.059130543,3641
0.059141716,3640
0.059151893,3639
0.059164175,3638
0.059178993,3637
0.059194737,3636
0.059206968,3635
0.059217572,3634
0.059226923,3633
0.059237152,3632
0.059247705,3631
0.059257181,3630
0.05926686,3629
0.059275302,3628
0.059284147,3627
0.059294483,3626
0.059305572,3625
0.05931645,3624
0.059325869,3623
0.059335204,3622
0.0593449,3621
0.059356698,3620
0.059374542,3619
0.05939178,3618
0.05965285,3617
0.059664345,3616
0.05967197,3615
0.059686783,3614
0.059695503,3613
0.059704492,3612
0.059725387,3611
0.059733757,3610
0.059742072,3609
0.059754527,3608
0.059763473,3607
0.059772262,3606
0.059782307,3605
0.059795018,3604
0.059805645,3603
0.059847014,3602
0.059891395,3601
0.059933829,3600
0.059944682,3599
0.059955449,3598
0.059984268,3597
0.05999471,3596
0.060063425,3595
0.060071346,3594
0.060101246,3593
0.060112289,3592
0.060151922,3591
0.060160755,3590
0.060193438,3589
0.060202755,3588
0.060212826,3587
0.060222816,3586
0.06023367,3585
0.060244241,3584
0.060254222,3583
0.060263753,3582
0.060272868,3581
0.060282358,3580
0.060293068,3579
0.060303654,3578
0.060315598,3577
0.060326092,3576
0.060369608,3575
0.060381603,3574
0.060393195,3573
0.060430831,3572
0.060467422,3571
0.06088571,3570
0.060980034,3569
0.061022995,3568
0.061049234,3567
0.061258288,3566
0.061281233,3565
0.061363118,3564
0.06137254,3563
0.061386738,3562
0.061393994,3561
0.061400679,3560
0.061406756,3559
0.061412898,3558
0.061451899,3557
0.061458843,3556
0.061465046,3555
0.061500064,3554
0.061536424,3553
0.061614563,3552
0.061625483,3551
0.061635117,3550
0.061666764,3549
0.061676698,3548
0.061686691,3547
0.061695658,3546
0.061704532,3545
0.061712831,3544
0.061720267,3543
0.061737236,3542
0.06174597,3541
0.061755564,3540
0.061762521,3539
0.061769782,3538
0.061777258,3537
0.061784138,3536
0.061791652,3535
0.061798154,3534
0.061805152,3533
0.061813166,3532
0.061821171,3531
0.061828824,3530
0.061836659,3529
0.061844527,3528
0.061852716,3527
0.061861169,3526
0.061869363,3525
0.061878265,3524
0.061886686,3523
0.06189721,3522
0.06190727,3521
0.061917562,3520
0.061927987,3519
0.061939074,3518
0.061947306,3517
0.061954888,3516
0.061963428,3515
0.061982092,3514
0.062050503,3513
0.062059242,3512
0.062066027,3511
0.062072185,3510
0.062078503,3509
0.062084002,3508
0.062119892,3507
0.062128442,3506
0.062161667,3505
0.062167589,3504
0.062173709,3503
0.062183799,3502
0.062188668,3501
0.062192795,3500
0.062197675,3499
0.062205925,3498
0.062211084,3497
0.062215222,3496
0.062218801,3495
0.062222453,3494
0.0622259,3493
0.062229375,3492
0.062232737,3491
0.062236764,3490
0.062240251,3489
0.062243883,3488
0.062253023,3487
0.062265227,3486
0.062270269,3485
0.062275116,3484
0.062279853,3483
0.062284271,3482
0.06228936,3481
0.062294145,3480
0.062299416,3479
0.062304237,3478
0.062315471,3477
0.06534383,3476
0.065355363,3475
0.065361251,3474
0.065365992,3473
0.065371035,3472
0.065382554,3471
0.065387387,3470
0.065391992,3469
0.06539675,3468
0.06540149,3467
0.065406126,3466
0.065410678,3465
0.065425143,3464
0.065429993,3463
0.065434553,3462
0.065440842,3461
0.065444385,3460
0.065447859,3459
0.0654513,3458
0.06545508,3457
0.065458507,3456
0.06546209,3455
0.06546633,3454
0.065470458,3453
0.065475043,3452
0.065479398,3451
0.065485119,3450
0.065490695,3449
0.065496111,3448
0.065500885,3447
0.065505745,3446
0.065511788,3445
0.065517092,3444
0.065522419,3443
0.065527149,3442
0.065532286,3441
0.065537342,3440
0.065542266,3439
0.065545962,3438
0.065552398,3437
0.06555583,3436
0.065559715,3435
0.06556365,3434
0.065567556,3433
0.065571543,3432
0.065576733,3431
0.065581651,3430
0.065598182,3429
0.065602741,3428
0.065607321,3427
0.065612109,3426
0.065615913,3425
0.065620039,3424
0.065623691,3423
0.065627598,3422
0.065631197,3421
0.065634598,3420
0.065637954,3419
0.065642059,3418
0.065646728,3417
0.065653405,3416
0.065663311,3415
0.065712649,3414
0.065819266,3413
0.065827033,3412
0.065837481,3411
0.065843955,3410
0.065850524,3409
0.065856466,3408
0.065863098,3407
0.065869691,3406
0.065875906,3405
0.065882226,3404
0.065887801,3403
0.065938985,3402
0.06594453,3401
0.065950272,3400
0.065955536,3399
0.065961763,3398
0.06596654,3397
0.065971357,3396
0.06597625,3395
0.065980947,3394
0.065985845,3393
0.065990672,3392
0.065995042,3391
0.065999912,3390
0.066005198,3389
0.066010622,3388
0.066016687,3387
0.066022507,3386
0.066027432,3385
0.066067824,3384
0.066074161,3383
0.066105451,3382
0.066113972,3381
0.066119556,3380
0.066125714,3379
0.066129588,3378
0.066133363,3377
0.066137224,3376
0.066141062,3375
0.066144863,3374
0.06614878,3373
0.066152666,3372
0.066156657,3371
0.066160609,3370
0.06616421,3369
0.066168089,3368
0.066172039,3367
0.066175963,3366
0.066179984,3365
0.066183696,3364
0.066187586,3363
0.066191438,3362
0.066200123,3361
0.066205456,3360
0.06621033,3359
0.06621447,3358
0.066218906,3357
0.066223009,3356
0.066227481,3355
0.066231936,3354
0.066235816,3353
0.066240121,3352
0.066245016,3351
0.066249476,3350
0.066254697,3349
0.066264978,3348
0.066269651,3347
0.066273994,3346
0.066278344,3345
0.066282749,3344
0.066288307,3343
0.066293703,3342
0.066298197,3341
0.066302504,3340
0.066306934,3339
0.066311746,3338
0.066316384,3337
0.06632096,3336
0.066325596,3335
0.06633028,3334
0.066334922,3333
0.066339624,3332
0.066343961,3331
0.066348599,3330
0.066352621,3329
0.066356691,3328
0.066360551,3327
0.06636488,3326
0.066369703,3325
0.066374193,3324
0.066378482,3323
0.066392746,3322
0.066401226,3321
0.066406072,3320
0.066410695,3319
0.066415147,3318
0.066420041,3317
0.066432895,3316
0.066445286,3315
0.066449789,3314
0.066453827,3313
0.06645798,3312
0.066462655,3311
0.066466905,3310
0.066470649,3309
0.066473612,3308
0.06647686,3307
0.066517936,3306
0.066521179,3305
0.066524491,3304
0.066527769,3303
0.066530451,3302
0.066533667,3301
0.066546978,3300
0.066551599,3299
0.06655615,3298
0.066560006,3297
0.066563912,3296
0.066567796,3295
0.066574345,3294
0.066578826,3293
0.066582888,3292
0.066587131,3291
0.066592109,3290
0.066596705,3289
0.066605124,3288
0.06660974,3287
0.066615899,3286
0.066620156,3285
0.066624781,3284
0.066629301,3283
0.06663365,3282
0.066637756,3281
0.06664428,3280
0.066649321,3279
0.066654184,3278
0.066667244,3277
0.066674474,3276
0.066678578,3275
0.066682873,3274
0.066687081,3273
0.066690841,3272
0.066694333,3271
0.066697896,3270
0.066701311,3269
0.066704795,3268
0.066708423,3267
0.06671242,3266
0.066716954,3265
0.066720703,3264
0.066724503,3263
0.066727569,3262
0.066730435,3261
0.066733435,3260
0.066736291,3259
0.066740239,3258
0.066746537,3257
0.066749654,3256
0.066752851,3255
0.066756028,3254
0.066759311,3253
0.066762819,3252
0.066765908,3251
0.066769235,3250
0.066772346,3249
0.066775547,3248
0.066779114,3247
0.066782318,3246
0.066785767,3245
0.066790345,3244
0.066795072,3243
0.066798491,3242
0.066801869,3241
0.066805287,3240
0.066809662,3239
0.066813761,3238
0.066817776,3237
0.066821297,3236
0.066824547,3235
0.066827408,3234
0.066830257,3233
0.066833127,3232
0.066836436,3231
0.066839575,3230
0.066842532,3229
0.066845354,3228
0.066848301,3227
0.066850994,3226
0.06685379,3225
0.066856893,3224
0.066859813,3223
0.066862683,3222
0.06686551,3221
0.066869173,3220
0.066873061,3219
0.066876948,3218
0.066880724,3217
0.066884619,3216
0.066887706,3215
0.06689275,3214
0.066904895,3213
0.066953715,3212
0.066963126,3211
0.06697095,3210
0.066976026,3209
0.066981369,3208
0.066987562,3207
0.066994212,3206
0.066999349,3205
0.067004299,3204
0.06700933,3203
0.06701483,3202
0.067020527,3201
0.067024793,3200
0.06702907,3199
0.067033345,3198
0.067037723,3197
0.067042716,3196
0.067047036,3195
0.067076775,3194
0.067616104,3193
0.067622652,3192
0.067627178,3191
0.067631723,3190
0.067635908,3189
0.067639823,3188
0.067644004,3187
0.067649188,3186
0.067653566,3185
0.067658638,3184
0.067684839,3183
0.06773207,3182
0.067774419,3181
0.067778854,3180
0.067782065,3179
0.067785286,3178
0.067789174,3177
0.067792292,3176
0.067795812,3175
0.067799385,3174
0.067803507,3173
0.067807425,3172
0.067810663,3171
0.067814598,3170
0.067818205,3169
0.067821771,3168
0.067825385,3167
0.067828396,3166
0.06783125,3165
0.067835446,3164
0.06783954,3163
0.0678834,3162
0.067891345,3161
0.067898715,3160
0.06791303,3159
0.067966428,3158
0.068019037,3157
0.068023206,3156
0.068033418,3155
0.068036974,3154
0.068040807,3153
0.068045512,3152
0.068049907,3151
0.068056019,3150
0.07366871,3149
0.073677363,3148
0.073685965,3147
0.073695969,3146
0.073701457,3145
0.073722032,3144
0.073727666,3143
0.07373622,3142
0.073745805,3141
0.073753694,3140
0.073760128,3139
0.073765641,3138
0.073770192,3137
0.073773402,3136
0.073778595,3135
0.07378634,3134
0.073791381,3133
0.073798361,3132
0.073802506,3131
0.073808786,3130
0.073817593,3129
0.073823009,3128
0.073829111,3127
0.073834857,3126
0.073841054,3125
0.073845595,3124
0.073851006,3123
0.073854732,3122
0.073857902,3121
0.073860621,3120
0.073863539,3119
0.073866458,3118
0.073885615,3117
0.073889155,3116
0.073894136,3115
0.073901129,3114
0.073904896,3113
0.073909685,3112
0.073922421,3111
0.073926428,3110
0.073932758,3109
0.073943333,3108
0.073948186,3107
0.073950994,3106
0.073963524,3105
0.073991067,3104
0.07399863,3103
0.074012611,3102
0.07401546,3101
0.074056619,3100
0.074059951,3099
0.074063947,3098
0.074085781,3097
0.074089726,3096
0.074096286,3095
0.074113156,3094
0.074120275,3093
0.074125162,3092
0.07414212,3091
0.074148656,3090
0.074153352,3089
0.074156925,3088
0.074161204,3087
0.074166685,3086
0.074172013,3085
0.074181123,3084
0.074186292,3083
0.074192186,3082
0.074198096,3081
0.074202863,3080
0.074217883,3079
0.074223137,3078
0.074233837,3077
0.074239699,3076
0.074243189,3075
0.074246362,3074
0.074249389,3073
0.074272168,3072
0.074278736,3071
0.074282641,3070
0.07428711,3069
0.074297325,3068
0.074301821,3067
0.074305997,3066
0.074309361,3065
0.074313282,3064
0.074317358,3063
0.074324105,3062
0.074342438,3061
0.0743485,3060
0.074353051,3059
0.074360965,3058
0.074364786,3057
0.074376466,3056
0.074381116,3055
0.07438473,3054
0.074389843,3053
0.074393554,3052
0.074397219,3051
0.074401997,3050
0.074405376,3049
0.074408694,3048
0.074412032,3047
0.074415465,3046
0.074418873,3045
0.07442595,3044
0.074429182,3043
0.074432322,3042
0.074435467,3041
0.074439963,3040
0.074446385,3039
0.074450397,3038
0.074454059,3037
0.074459003,3036
0.074467629,3035
0.07447325,3034
0.074478771,3033
0.074483495,3032
0.074490163,3031
0.074496093,3030
0.074502217,3029
0.074510582,3028
0.074516705,3027
0.074520422,3026
0.074523574,3025
0.07452735,3024
0.074530158,3023
0.074535495,3022
0.074539795,3021
0.074545524,3020
0.0745516,3019
0.074558673,3018
0.074567085,3017
0.074572506,3016
0.074577645,3015
0.074583119,3014
0.074598442,3013
0.074602742,3012
0.074607106,3011
0.074612784,3010
0.074625658,3009
0.074629309,3008
0.074633468,3007
0.074641054,3006
0.074696317,3005
0.074701038,3004
0.074709019,3003
0.074741717,3002
0.074770638,3001
0.074778423,3000
0.074787746,2999
0.074792213,2998
0.074798088,2997
0.074802308,2996
0.074807773,2995
0.074812334,2994
0.074817705,2993
0.074822561,2992
0.074853868,2991
0.074864745,2990
0.074868983,2989
0.074873596,2988
0.074879982,2987
0.074884611,2986
0.074888818,2985
0.074893813,2984
0.074898694,2983
0.07490547,2982
0.074910594,2981
0.074916988,2980
0.07492065,2979
0.074924981,2978
0.074928693,2977
0.074933589,2976
0.074936948,2975
0.074940568,2974
0.074948408,2973
0.074955525,2972
0.074962859,2971
0.074968998,2970
0.074973884,2969
0.07497903,2968
0.074984554,2967
0.074988094,2966
0.074992666,2965
0.07500058,2964
0.075004324,2963
0.075013287,2962
0.075017353,2961
0.075020845,2960
0.075023376,2959
0.075026742,2958
0.075030043,2957
0.075034468,2956
0.075039692,2955
0.075047126,2954
0.075051291,2953
0.075055003,2952
0.075058312,2951
0.07506391,2950
0.075067253,2949
0.075070754,2948
0.07507415,2947
0.075077579,2946
0.075092255,2945
0.075097137,2944
0.075100955,2943
0.075105865,2942
0.075109868,2941
0.075118409,2940
0.075126387,2939
0.075130139,2938
0.075135252,2937
0.075139167,2936
0.07514171,2935
0.075171346,2934
0.075177445,2933
0.075182521,2932
0.075185256,2931
0.075189076,2930
0.075200665,2929
0.075203461,2928
0.075206701,2927
0.075210185,2926
0.075220105,2925
0.075229127,2924
0.075233662,2923
0.07523707,2922
0.075242273,2921
0.075246369,2920
0.075249086,2919
0.075269402,2918
0.07527253,2917
0.075278541,2916
0.075281608,2915
0.075284358,2914
0.075287251,2913
0.07529401,2912
0.075297945,2911
0.075300643,2910
0.075306891,2909
0.075310681,2908
0.075313803,2907
0.075316436,2906
0.075322301,2905
0.075325958,2904
0.075328702,2903
0.075331476,2902
0.075340982,2901
0.075346932,2900
0.075354216,2899
0.075358376,2898
0.075368661,2897
0.075372057,2896
0.075375721,2895
0.075392136,2894
0.075398759,2893
0.075406544,2892
0.075410106,2891
0.075413636,2890
0.075417246,2889
0.075421204,2888
0.075426831,2887
0.075431006,2886
0.075434748,2885
0.075438533,2884
0.075442394,2883
0.075446212,2882
0.075454223,2881
0.075457852,2880
0.075462929,2879
0.075466652,2878
0.075471672,2877
0.075479966,2876
0.075484129,2875
0.075491585,2874
0.075501164,2873
0.075504987,2872
0.075508485,2871
0.075512754,2870
0.075517918,2869
0.075521893,2868
0.075528178,2867
0.075531446,2866
0.075575221,2865
0.075580768,2864
0.075588272,2863
0.075592545,2862
0.075601385,2861
0.07560746,2860
0.075612176,2859
0.07561602,2858
0.075622173,2857
0.075628193,2856
0.075631958,2855
0.075636047,2854
0.075638818,2853
0.075641916,2852
0.075645903,2851
0.075651022,2850
0.075857008,2849
0.075901463,2848
0.075907176,2847
0.075911893,2846
0.075914848,2845
0.075919503,2844
0.075922347,2843
0.075928275,2842
0.075932504,2841
0.075938822,2840
0.075942025,2839
0.075944832,2838
0.075953519,2837
0.075960879,2836
0.075967504,2835
0.075973569,2834
0.075978598,2833
0.075982387,2832
0.075987002,2831
0.075990058,2830
0.075993847,2829
0.075997627,2828
0.076001621,2827
0.076006062,2826
0.076010224,2825
0.076014995,2824
0.076020032,2823
0.076024585,2822
0.076029577,2821
0.076034699,2820
0.076108174,2819
0.076111592,2818
0.07611737,2817
0.076120563,2816
0.07612591,2815
0.076130505,2814
0.076133798,2813
0.076136562,2812
0.076139243,2811
0.076141927,2810
0.076146321,2809
0.076149897,2808
0.076152781,2807
0.076156298,2806
0.076163579,2805
0.076167107,2804
0.076175347,2803
0.076178496,2802
0.076183588,2801
0.076186474,2800
0.076201664,2799
0.076207841,2798
0.076212722,2797
0.076240796,2796
0.076404143,2795
0.076409513,2794
0.076443969,2793
0.076478183,2792
0.076483238,2791
0.076493958,2790
0.076509547,2789
0.076514592,2788
0.0765226,2787
0.076527603,2786
0.076538606,2785
0.076545305,2784
0.076550245,2783
0.076556643,2782
0.076573763,2781
0.076604599,2780
0.076610515,2779
0.076618701,2778
0.076623652,2777
0.076634103,2776
0.076638985,2775
0.076643609,2774
0.076656529,2773
0.076669348,2772
0.076719964,2771
0.076836569,2770
0.076845072,2769
0.076925097,2768
0.076932346,2767
0.076937512,2766
0.076943539,2765
0.076946926,2764
0.076956118,2763
0.076960349,2762
0.076965884,2761
0.076969797,2760
0.076973194,2759
0.076978029,2758
0.076981551,2757
0.076986231,2756
0.076991273,2755
0.077001889,2754
0.077005384,2753
0.077008577,2752
0.077013145,2751
0.077017685,2750
0.077021397,2749
0.077026573,2748
0.077030946,2747
0.077040114,2746
0.077098544,2745
0.077104899,2744
0.077111748,2743
0.077116307,2742
0.077121469,2741
0.077126008,2740
0.07713189,2739
0.077139141,2738
0.077161644,2737
0.077168335,2736
0.077172438,2735
0.077176078,2734
0.077179569,2733
0.077183534,2732
0.077188676,2731
0.077194962,2730
0.077198542,2729
0.07720225,2728
0.077207421,2727
0.077212178,2726
0.077216457,2725
0.077221047,2724
0.077224186,2723
0.077230424,2722
0.077233718,2721
0.077237343,2720
0.077240902,2719
0.077244535,2718
0.077248075,2717
0.077251655,2716
0.077256369,2715
0.077267192,2714
0.077271573,2713
0.07727489,2712
0.077755925,2711
0.077760829,2710
0.077764583,2709
0.077769459,2708
0.077780184,2707
0.07778537,2706
0.077789535,2705
0.07779374,2704
0.077798946,2703
0.077805567,2702
0.077810036,2701
0.077816397,2700
0.077830921,2699
0.077844052,2698
0.077854294,2697
0.077900413,2696
0.077910876,2695
0.077917388,2694
0.077921441,2693
0.077929091,2692
0.077932826,2691
0.077937376,2690
0.077958737,2689
0.077962835,2688
0.077967366,2687
0.077970848,2686
0.077975163,2685
0.078016531,2684
0.078023123,2683
0.078028884,2682
0.078032388,2681
0.07803573,2680
0.078040675,2679
0.078043794,2678
0.078047018,2677
0.078051006,2676
0.078054888,2675
0.078058835,2674
0.078062453,2673
0.078067754,2672
0.078076044,2671
0.078079237,2670
0.078087123,2669
0.078092123,2668
0.078096679,2667
0.078099915,2666
0.078103034,2665
0.078108504,2664
0.078111932,2663
0.078115945,2662
0.078119241,2661
0.078122531,2660
0.07813094,2659
0.078135838,2658
0.078143456,2657
0.078149969,2656
0.07815286,2655
0.078157047,2654
0.078164453,2653
0.07816751,2652
0.078174043,2651
0.078178609,2650
0.078183519,2649
0.078191711,2648
0.078195232,2647
0.078211802,2646
0.07821941,2645
0.07822742,2644
0.078230734,2643
0.078234678,2642
0.078240759,2641
0.07824459,2640
0.078249072,2639
0.078252858,2638
0.078256352,2637
0.078259696,2636
0.078264034,2635
0.078268625,2634
0.078271859,2633
0.07827947,2632
0.078301498,2631
0.078342774,2630
0.078349094,2629
0.078354441,2628
0.078360288,2627
0.078364639,2626
0.078368486,2625
0.078371692,2624
0.078375049,2623
0.078378248,2622
0.07838394,2621
0.078391245,2620
0.07839513,2619
0.078401732,2618
0.078410639,2617
0.078413902,2616
0.078417317,2615
0.078422165,2614
0.078425545,2613
0.078431138,2612
0.078436224,2611
0.078439949,2610
0.078444519,2609
0.078681463,2608
0.078690035,2607
0.078695649,2606
0.078747708,2605
0.078757618,2604
0.078761976,2603
0.078765478,2602
0.078771146,2601
0.078831706,2600
0.078837745,2599
0.078844856,2598
0.07885106,2597
0.078855859,2596
0.078860415,2595
0.078864825,2594
0.07887098,2593
0.078876348,2592
0.078883037,2591
0.078889053,2590
0.078893001,2589
0.078902951,2588
0.078908154,2587
0.078916804,2586
0.07892226,2585
0.078927415,2584
0.078931814,2583
0.07898073,2582
0.079038696,2581
0.07907754,2580
0.079081541,2579
0.079086975,2578
0.079092214,2577
0.079096399,2576
0.07911223,2575
0.079150466,2574
0.0791563,2573
0.079159693,2572
0.079168912,2571
0.079172568,2570
0.079176429,2569
0.079180239,2568
0.079183999,2567
0.079188798,2566
0.079193836,2565
0.079229935,2564
0.079233967,2563
0.079270105,2562
0.079273931,2561
0.079277886,2560
0.079282939,2559
0.079291869,2558
0.079297287,2557
0.079302094,2556
0.07930559,2555
0.079309137,2554
0.079314307,2553
0.079320509,2552
0.079357898,2551
0.079364076,2550
0.079369634,2549
0.079373327,2548
0.079378976,2547
0.079384514,2546
0.079388288,2545
0.079392985,2544
0.079396368,2543
0.079403527,2542
0.079407773,2541
0.079414598,2540
0.079419524,2539
0.079424719,2538
0.079428629,2537
0.079438783,2536
0.079442402,2535
0.079449217,2534
0.079454839,2533
0.079458452,2532
0.079465636,2531
0.079470608,2530
0.079474136,2529
0.079477611,2528
0.079537824,2527
0.07954363,2526
0.079549371,2525
0.079555764,2524
0.07956126,2523
0.079565046,2522
0.079570867,2521
0.079576106,2520
0.079580901,2519
0.079584506,2518
0.079589543,2517
0.07960516,2516
0.080621733,2515
0.080666427,2514
0.080672754,2513
0.080689247,2512
0.080735061,2511
0.080738693,2510
0.080745111,2509
0.080749771,2508
0.080757975,2507
0.08076221,2506
0.08077167,2505
0.080808397,2504
0.08081246,2503
0.080846241,2502
0.080850876,2501
0.080892064,2500
0.080900236,2499
0.080905006,2498
0.080913303,2497
0.080922525,2496
0.080929818,2495
0.080933679,2494
0.080991706,2493
0.080998914,2492
0.081008125,2491
0.081011871,2490
0.081020529,2489
0.081025067,2488
0.081028742,2487
0.081032631,2486
0.081036524,2485
0.081042193,2484
0.081046017,2483
0.081060791,2482
0.081064826,2481
0.081074432,2480
0.08108201,2479
0.081087408,2478
0.081094159,2477
0.081098786,2476
0.081135392,2475
0.0811388,2474
0.08114346,2473
0.081148696,2472
0.081185951,2471
0.081192233,2470
0.081248745,2469
0.081290288,2468
0.081293656,2467
0.081299126,2466
0.081321759,2465
0.081327067,2464
0.081333084,2463
0.081367093,2462
0.081386963,2461
0.081429533,2460
0.081498358,2459
0.081503003,2458
0.081510214,2457
0.08151939,2456
0.081527393,2455
0.081532693,2454
0.081537154,2453
0.081540882,2452
0.081549321,2451
0.081555386,2450
0.081603098,2449
0.081608927,2448
0.081612776,2447
0.081620112,2446
0.081633097,2445
0.081645293,2444
0.08165572,2443
0.081666269,2442
0.081670705,2441
0.081675026,2440
0.08168367,2439
0.081691651,2438
0.081697469,2437
0.08170857,2436
0.081713825,2435
0.081717545,2434
0.081722983,2433
0.081728852,2432
0.081735794,2431
0.081741417,2430
0.081757567,2429
0.081761988,2428
0.081780505,2427
0.081791694,2426
0.08180505,2425
0.081810818,2424
0.081821873,2423
0.081843578,2422
0.081848048,2421
0.0818534,2420
0.081856731,2419
0.081862558,2418
0.081869073,2417
0.081873104,2416
0.081881094,2415
0.081887574,2414
0.081892457,2413
0.081896323,2412
0.081907953,2411
0.081917654,2410
0.08192357,2409
0.0819426,2408
0.081950639,2407
0.08195432,2406
0.081958051,2405
0.081963686,2404
0.081973351,2403
0.081986718,2402
0.081991336,2401
0.081996351,2400
0.082001821,2399
0.082009854,2398
0.082017244,2397
0.082028129,2396
0.082033195,2395
0.082040833,2394
0.08204729,2393
0.082054952,2392
0.082060203,2391
0.08207332,2390
0.082076784,2389
0.082080329,2388
0.082083277,2387
0.082104683,2386
0.082109221,2385
0.082118144,2384
0.082122447,2383
0.08212572,2382
0.082130931,2381
0.082140446,2380
0.08215082,2379
0.082158554,2378
0.082163331,2377
0.082168485,2376
0.082182023,2375
0.082188889,2374
0.082193795,2373
0.082198985,2372
0.082204719,2371
0.082217985,2370
0.082222751,2369
0.082227935,2368
0.082239752,2367
0.082283304,2366
0.082288883,2365
0.082292731,2364
0.082297735,2363
0.08230314,2362
0.082308667,2361
0.082312023,2360
0.082328073,2359
0.08233688,2358
0.082388286,2357
0.082397558,2356
0.082406692,2355
0.082447002,2354
0.082499792,2353
0.082515063,2352
0.082521482,2351
0.08256315,2350
0.082568781,2349
0.082577968,2348
0.082582263,2347
0.0825872,2346
0.082608843,2345
0.082614093,2344
0.082695273,2343
0.082702136,2342
0.08270795,2341
0.08271544,2340
0.082767459,2339
0.082850746,2338
0.082857632,2337
0.082911324,2336
0.082918764,2335
0.082923936,2334
0.082932936,2333
0.082995201,2332
0.083007188,2331
0.083459899,2330
0.083464396,2329
0.083519292,2328
0.083574895,2327
0.083600036,2326
0.083644312,2325
0.08368882,2324
0.083701231,2323
0.083741932,2322
0.083757979,2321
0.083799415,2320
0.083815716,2319
0.083878272,2318
0.083911797,2317
0.083929617,2316
0.083933263,2315
0.083945925,2314
0.083972042,2313
0.083980053,2312
0.08398561,2311
0.084016085,2310
0.084020537,2309
0.084046858,2308
0.084052649,2307
0.084061446,2306
0.084071771,2305
0.084084886,2304
0.084130524,2303
0.084143496,2302
0.084162971,2301
0.08416906,2300
0.084395505,2299
0.084416094,2298
0.084488609,2297
0.084523304,2296
0.084628158,2295
0.084678395,2294
0.08570199,2293
0.085813645,2292
0.08582218,2291
0.090442049,2290
0.09049539,2289
0.090499692,2288
0.090592147,2287
0.09123552,2286
0.091344221,2285
0.091516934,2284
