0.061086287,3669
0.06122125,3668
0.061309259,3667
0.061324159,3666
0.061412622,3665
0.061541159,3664
0.061585019,3663
0.061603875,3662
0.061611266,3661
0.061621324,3660
0.061882153,3659
0.06189579,3658
0.061912645,3657
0.061926977,3656
0.061936447,3655
0.061946555,3654
0.061957192,3653
0.061983142,3652
0.061990562,3651
0.061997812,3650
0.062004587,3649
0.062011111,3648
0.062035445,3647
0.062042422,3646
0.062049135,3645
0.062055705,3644
0.062067147,3643
0.062074119,3642
0.062080749,3641
0.06208928,3640
0.062095763,3639
0.062119696,3638
0.062126737,3637
0.062133579,3636
0.062140368,3635
0.062146927,3634
0.062153162,3633
0.062164792,3632
0.062172558,3631
0.062179817,3630
0.062187177,3629
0.062193536,3628
0.062213113,3627
0.062224423,3626
0.06226838,3625
0.062277206,3624
0.062293558,3623
0.062316899,3622
0.062324614,3621
0.062331451,3620
0.062342828,3619
0.062353768,3618
0.062364788,3617
0.062375529,3616
0.06239791,3615
0.062555885,3614
0.062597802,3613
0.062852297,3612
0.06286338,3611
0.062871927,3610
0.062910423,3609
0.062923285,3608
0.062931163,3607
0.062938993,3606
0.062947948,3605
0.062956546,3604
0.062970824,3603
0.062982607,3602
0.062997721,3601
0.063036829,3600
0.063045371,3599
0.063053932,3598
0.063065382,3597
0.063078595,3596
0.063089375,3595
0.063098492,3594
0.063108182,3593
0.063146765,3592
0.063183401,3591
0.06319211,3590
0.063212279,3589
0.063247812,3588
0.063282907,3587
0.06329047,3586
0.063298634,3585
0.063305979,3584
0.063313303,3583
0.063320301,3582
0.063327188,3581
0.063334295,3580
0.063369258,3579
0.063376366,3578
0.063391471,3577
0.063400581,3576
0.063408166,3575
0.063451334,3574
0.063457886,3573
0.063509188,3572
0.063553492,3571
0.064555518,3570
0.064602558,3569
0.064609981,3568
0.064617292,3567
0.064623846,3566
0.064632355,3565
0.064639629,3564
0.064648211,3563
0.064655509,3562
0.064664429,3561
0.064670902,3560
0.064675432,3559
0.06468217,3558
0.064691759,3557
0.064695715,3556
0.064700603,3555
0.064704989,3554
0.06470891,3553
0.064712711,3552
0.064717117,3551
0.06472249,3550
0.064728225,3549
0.064740044,3548
0.064753616,3547
0.064759128,3546
0.064794933,3545
0.064800456,3544
0.064834076,3543
0.06488103,3542
0.064918895,3541
0.064924095,3540
0.064929354,3539
0.064934265,3538
0.064939175,3537
0.064943935,3536
0.064949712,3535
0.064955482,3534
0.06496689,3533
0.064972538,3532
0.064978111,3531
0.064982888,3530
0.064987885,3529
0.064993214,3528
0.064998257,3527
0.065003876,3526
0.065008405,3525
0.065012433,3524
0.065016226,3523
0.065020234,3522
0.065023953,3521
0.065027559,3520
0.065031232,3519
0.065035002,3518
0.065038695,3517
0.06504226,3516
0.065045914,3515
0.065049689,3514
0.065053271,3513
0.065056972,3512
0.065060434,3511
0.065079701,3510
0.065083821,3509
0.065087338,3508
0.065091093,3507
0.065095055,3506
0.065098727,3505
0.06510236,3504
0.065106018,3503
0.065109686,3502
0.06511392,3501
0.065117864,3500
0.065124208,3499
0.065132404,3498
0.065139738,3497
0.065153261,3496
0.065158438,3495
0.065162791,3494
0.065167356,3493
0.065171465,3492
0.06517552,3491
0.065179834,3490
0.065183955,3489
0.065188188,3488
0.065192661,3487
0.065196795,3486
0.065200916,3485
0.065205516,3484
0.065210154,3483
0.065214512,3482
0.065219882,3481
0.065225603,3480
0.065229746,3479
0.065233608,3478
0.065248164,3477
0.06535443,3476
0.065374738,3475
0.06537909,3474
0.065383233,3473
0.065387449,3472
0.065391335,3471
0.065395151,3470
0.065411509,3469
0.065415322,3468
0.06541956,3467
0.065423227,3466
0.065428968,3465
0.065445268,3464
0.06545087,3463
0.065463587,3462
0.065518353,3461
0.065521899,3460
0.065525484,3459
0.065528946,3458
0.065535746,3457
0.065541336,3456
0.065554824,3455
0.065560901,3454
0.065566408,3453
0.06557027,3452
0.06557396,3451
0.065577502,3450
0.065581138,3449
0.065584557,3448
0.065590996,3447
0.065594261,3446
0.065597932,3445
0.065601442,3444
0.065604847,3443
0.06560797,3442
0.065611248,3441
0.065614658,3440
0.065617954,3439
0.065621317,3438
0.065624674,3437
0.065628027,3436
0.065631261,3435
0.06563447,3434
0.0656377,3433
0.065640942,3432
0.065645367,3431
0.065650382,3430
0.065657932,3429
0.065662226,3428
0.065666455,3427
0.065672043,3426
0.065677984,3425
0.065683715,3424
0.065690835,3423
0.065697275,3422
0.065703241,3421
0.065714752,3420
0.065721278,3419
0.065729396,3418
0.065734557,3417
0.06574025,3416
0.065746442,3415
0.06576394,3414
0.065770822,3413
0.065776228,3412
0.065781519,3411
0.065786365,3410
0.065791014,3409
0.065794576,3408
0.065799054,3407
0.065819025,3406
0.065821982,3405
0.065824646,3404
0.0658281,3403
0.06583112,3402
0.065834138,3401
0.065837014,3400
0.065839806,3399
0.065842745,3398
0.065845412,3397
0.065848508,3396
0.065851818,3395
0.06585501,3394
0.065857827,3393
0.065860716,3392
0.065863665,3391
0.065866314,3390
0.065868867,3389
0.065871678,3388
0.065874137,3387
0.065876979,3386
0.065879602,3385
0.065882521,3384
0.065885644,3383
0.065888814,3382
0.06589166,3381
0.065894541,3380
0.065897484,3379
0.065900637,3378
0.065903553,3377
0.065906743,3376
0.065909509,3375
0.06591235,3374
0.065915131,3373
0.065918039,3372
0.065921823,3371
0.065925225,3370
0.065929712,3369
0.065933559,3368
0.0659376,3367
0.065944906,3366
0.065983844,3365
0.065988327,3364
0.065993052,3363
0.06603079,3362
0.066035669,3361
0.06604011,3360
0.066044879,3359
0.066049214,3358
0.066053151,3357
0.066057555,3356
0.066063667,3355
0.066070824,3354
0.066074622,3353
0.066078511,3352
0.066082213,3351
0.066086062,3350
0.066089741,3349
0.066093872,3348
0.066098138,3347
0.066102238,3346
0.066106664,3345
0.066110588,3344
0.066114505,3343
0.066118302,3342
0.06612233,3341
0.066126349,3340
0.066130125,3339
0.066133709,3338
0.066137354,3337
0.066140976,3336
0.066144796,3335
0.06614863,3334
0.066151852,3333
0.066155577,3332
0.066159124,3331
0.066162635,3330
0.066166617,3329
0.066170257,3328
0.066174338,3327
0.066178201,3326
0.066182335,3325
0.066186026,3324
0.066189884,3323
0.066193497,3322
0.066197641,3321
0.066201028,3320
0.066204705,3319
0.066208605,3318
0.066212318,3317
0.066215645,3316
0.066219446,3315
0.066223459,3314
0.066227038,3313
0.066231303,3312
0.066235031,3311
0.066239029,3310
0.066242546,3309
0.066246179,3308
0.066250064,3307
0.066253653,3306
0.066257558,3305
0.066260943,3304
0.066264459,3303
0.066268313,3302
0.066272071,3301
0.066275772,3300
0.066280478,3299
0.066285245,3298
0.066290039,3297
0.066294682,3296
0.066300322,3295
0.066303683,3294
0.066314888,3293
0.066319695,3292
0.066323309,3291
0.066327988,3290
0.06633236,3289
0.06633673,3288
0.066341064,3287
0.066347578,3286
0.066352354,3285
0.066356113,3284
0.066359968,3283
0.06636427,3282
0.066368684,3281
0.066373218,3280
0.066379174,3279
0.06638487,3278
0.066390648,3277
0.066394936,3276
0.066400377,3275
0.066405478,3274
0.06640938,3273
0.066413881,3272
0.066417531,3271
0.066421601,3270
0.066425681,3269
0.066429478,3268
0.066433084,3267
0.066442193,3266
0.066446909,3265
0.066451206,3264
0.066454886,3263
0.066458714,3262
0.066462717,3261
0.066466317,3260
0.066470309,3259
0.066474675,3258
0.066478244,3257
0.066481859,3256
0.066485763,3255
0.066489154,3254
0.066493022,3253
0.066496431,3252
0.066499911,3251
0.066503495,3250
0.06650689,3249
0.066510719,3248
0.066513918,3247
0.066516666,3246
0.066519185,3245
0.066521756,3244
0.066524415,3243
0.066527262,3242
0.06653024,3241
0.066536123,3240
0.066538922,3239
0.066541742,3238
0.066544271,3237
0.066546812,3236
0.066549726,3235
0.066552356,3234
0.066554791,3233
0.066557579,3232
0.066560517,3231
0.066563217,3230
0.066566036,3229
0.066572144,3228
0.06657771,3227
0.066582089,3226
0.066586513,3225
0.066591294,3224
0.066595589,3223
0.066598877,3222
0.066604026,3221
0.066608719,3220
0.066613388,3219
0.066617846,3218
0.066621034,3217
0.066624166,3216
0.066627432,3215
0.06663032,3214
0.06663321,3213
0.066636046,3212
0.066639085,3211
0.066641699,3210
0.066644353,3209
0.066647187,3208
0.066650141,3207
0.066653008,3206
0.066655766,3205
0.06665842,3204
0.066661973,3203
0.066665133,3202
0.066668105,3201
0.066671053,3200
0.066674351,3199
0.066677377,3198
0.066680226,3197
0.066682949,3196
0.066685611,3195
0.066688286,3194
0.066691254,3193
0.066693951,3192
0.066696697,3191
0.066699391,3190
0.066702567,3189
0.06670555,3188
0.066709343,3187
0.066712649,3186
0.066715831,3185
0.066718543,3184
0.066723296,3183
0.066726162,3182
0.066729202,3181
0.066731695,3180
0.066734209,3179
0.066737561,3178
0.066741221,3177
0.066744504,3176
0.066747081,3175
0.066749687,3174
0.066752348,3173
0.066755574,3172
0.066758467,3171
0.066760891,3170
0.066763463,3169
0.066766294,3168
0.066771469,3167
0.066773957,3166
0.066777461,3165
0.066780522,3164
0.066783438,3163
0.066786645,3162
0.066790168,3161
0.066793716,3160
0.066797015,3159
0.066855914,3158
0.066886145,3157
0.066889381,3156
0.066891869,3155
0.066894158,3154
0.06689652,3153
0.066899039,3152
0.066901393,3151
0.066904632,3150
0.069766157,3149
0.069771233,3148
0.069774402,3147
0.069777141,3146
0.069780119,3145
0.069782918,3144
0.06978882,3143
0.06979425,3142
0.069797174,3141
0.069799923,3140
0.06980384,3139
0.06980927,3138
0.069811934,3137
0.069814189,3136
0.069817699,3135
0.069820052,3134
0.069822837,3133
0.069825097,3132
0.069827382,3131
0.069832138,3130
0.069835749,3129
0.069839492,3128
0.069843611,3127
0.069846334,3126
0.069848914,3125
0.06985168,3124
0.069854446,3123
0.0698572,3122
0.06986,3121
0.069862592,3120
0.069865294,3119
0.069868128,3118
0.069871973,3117
0.069875845,3116
0.069879815,3115
0.0698837,3114
0.069886404,3113
0.069890499,3112
0.069894344,3111
0.069897278,3110
0.069900242,3109
0.069903952,3108
0.069907594,3107
0.069910129,3106
0.069913971,3105
0.069917478,3104
0.069920764,3103
0.069929502,3102
0.06993389,3101
0.069940228,3100
0.069942716,3099
0.069945252,3098
0.069947751,3097
0.069950171,3096
0.069954576,3095
0.069958345,3094
0.069960665,3093
0.069962948,3092
0.069965992,3091
0.069970383,3090
0.069974579,3089
0.069981252,3088
0.069995708,3087
0.069998788,3086
0.070001588,3085
0.070038393,3084
0.070041217,3083
0.070044957,3082
0.070047628,3081
0.070050733,3080
0.070054468,3079
0.070056897,3078
0.070059606,3077
0.070063255,3076
0.070065366,3075
0.070067927,3074
0.070069975,3073
0.070072589,3072
0.070076585,3071
0.070079403,3070
0.070081972,3069
0.07008553,3068
0.07008795,3067
0.070090111,3066
0.070094824,3065
0.07009868,3064
0.070101683,3063
0.070109311,3062
0.07011249,3061
0.070118361,3060
0.070122617,3059
0.070127831,3058
0.070133834,3057
0.070137488,3056
0.070140217,3055
0.070142862,3054
0.070146003,3053
0.070148356,3052
0.07015063,3051
0.070154244,3050
0.070156865,3049
0.070159123,3048
0.070161549,3047
0.070163922,3046
0.070166247,3045
0.070176147,3044
0.0701804,3043
0.070183236,3042
0.070186894,3041
0.070191652,3040
0.07020082,3039
0.07020449,3038
0.070208162,3037
0.070215159,3036
0.070218585,3035
0.070225705,3034
0.070229987,3033
0.070232844,3032
0.070237196,3031
0.070240884,3030
0.070245225,3029
0.070250461,3028
0.070256821,3027
0.070260632,3026
0.070272959,3025
0.070278982,3024
0.070283725,3023
0.070291653,3022
0.070295857,3021
0.070301784,3020
0.070306758,3019
0.070364587,3018
0.070412367,3017
0.070450257,3016
0.070457281,3015
0.070460119,3014
0.070470439,3013
0.070473189,3012
0.070476144,3011
0.070480138,3010
0.070484851,3009
0.070487436,3008
0.070490184,3007
0.070495014,3006
0.070499336,3005
0.070502626,3004
0.070506739,3003
0.070512085,3002
0.070516433,3001
0.070523374,3000
0.070528922,2999
0.070532428,2998
0.07054786,2997
0.070552358,2996
0.070558087,2995
0.070561479,2994
0.070564948,2993
0.070571758,2992
0.070574816,2991
0.07058157,2990
0.07058388,2989
0.070586455,2988
0.070592442,2987
0.070594619,2986
0.070596952,2985
0.070600456,2984
0.070603875,2983
0.070614524,2982
0.070618132,2981
0.070623172,2980
0.070628292,2979
0.070631468,2978
0.070634255,2977
0.070638027,2976
0.070640638,2975
0.070643135,2974
0.070648398,2973
0.070653002,2972
0.070657798,2971
0.070662291,2970
0.070667051,2969
0.070670902,2968
0.070675418,2967
0.070678222,2966
0.070681816,2965
0.070687663,2964
0.070691458,2963
0.070694318,2962
0.070697689,2961
0.070701232,2960
0.070704658,2959
0.070707361,2958
0.070710052,2957
0.070713969,2956
0.070717463,2955
0.070720978,2954
0.070724624,2953
0.070727488,2952
0.07072998,2951
0.07073457,2950
0.070737192,2949
0.070739792,2948
0.070741849,2947
0.070743923,2946
0.070750523,2945
0.070755511,2944
0.070831556,2943
0.070835852,2942
0.070838723,2941
0.070843363,2940
0.070851618,2939
0.07085507,2938
0.070860905,2937
0.070865078,2936
0.070868798,2935
0.070874389,2934
0.070880905,2933
0.070887054,2932
0.070889949,2931
0.070893692,2930
0.070901852,2929
0.070905441,2928
0.07090843,2927
0.070910962,2926
0.070916146,2925
0.070922289,2924
0.070925772,2923
0.070928859,2922
0.07093226,2921
0.07093549,2920
0.070937865,2919
0.070941317,2918
0.07094423,2917
0.070949445,2916
0.070951832,2915
0.070956641,2914
0.070959849,2913
0.070966618,2912
0.070969178,2911
0.07097164,2910
0.070977564,2909
0.070980738,2908
0.070983797,2907
0.070986233,2906
0.070992747,2905
0.070995494,2904
0.071001518,2903
0.071004145,2902
0.07101302,2901
0.071017447,2900
0.071023607,2899
0.071027768,2898
0.071032389,2897
0.071035246,2896
0.071039817,2895
0.071043479,2894
0.071047785,2893
0.071050438,2892
0.071053998,2891
0.071056717,2890
0.071059262,2889
0.0710617,2888
0.071064848,2887
0.071067808,2886
0.071070823,2885
0.071073395,2884
0.071082638,2883
0.071086539,2882
0.071091954,2881
0.0710966,2880
0.07110147,2879
0.071104923,2878
0.071108894,2877
0.071115213,2876
0.071118752,2875
0.071121807,2874
0.071132712,2873
0.071136658,2872
0.071139626,2871
0.071142699,2870
0.071146482,2869
0.071149085,2868
0.071157339,2867
0.071160112,2866
0.071163755,2865
0.071167751,2864
0.071170215,2863
0.071176152,2862
0.071180803,2861
0.071184249,2860
0.07119363,2859
0.07119952,2858
0.071205951,2857
0.071211783,2856
0.071216313,2855
0.071220015,2854
0.071222855,2853
0.071225504,2852
0.071229591,2851
0.071234579,2850
0.071239529,2849
0.07124324,2848
0.071246676,2847
0.071250652,2846
0.071253673,2845
0.071256655,2844
0.071259129,2843
0.071262712,2842
0.071266556,2841
0.071269805,2840
0.071273465,2839
0.071276496,2838
0.071279521,2837
0.071282441,2836
0.071287536,2835
0.071294205,2834
0.071299702,2833
0.071302935,2832
0.071307588,2831
0.071310589,2830
0.071314871,2829
0.071318225,2828
0.071321213,2827
0.071324203,2826
0.071327092,2825
0.071330566,2824
0.071333671,2823
0.071336523,2822
0.071340561,2821
0.071346735,2820
0.071378609,2819
0.071382995,2818
0.07138746,2817
0.071390695,2816
0.07143018,2815
0.071436602,2814
0.071442933,2813
0.071447073,2812
0.071451171,2811
0.071455068,2810
0.07146533,2809
0.071469799,2808
0.071473218,2807
0.0714775,2806
0.071483385,2805
0.071486642,2804
0.071493441,2803
0.071496548,2802
0.071500357,2801
0.071503606,2800
0.071507443,2799
0.071511103,2798
0.071514604,2797
0.071518206,2796
0.071521861,2795
0.071525969,2794
0.071530693,2793
0.071534078,2792
0.071538378,2791
0.071543096,2790
0.071551182,2789
0.071554933,2788
0.07156377,2787
0.071566999,2786
0.071574048,2785
0.071580088,2784
0.07158429,2783
0.071587957,2782
0.071591596,2781
0.071594926,2780
0.071599328,2779
0.0716049,2778
0.071608308,2777
0.07165947,2776
0.071663671,2775
0.071667722,2774
0.071686115,2773
0.0716913,2772
0.071701229,2771
0.071704909,2770
0.071709117,2769
0.071714516,2768
0.07172017,2767
0.071723655,2766
0.071728538,2765
0.071731805,2764
0.071738894,2763
0.071742241,2762
0.071745504,2761
0.071748096,2760
0.071750651,2759
0.071753965,2758
0.071756516,2757
0.071759722,2756
0.071763517,2755
0.071770531,2754
0.071773037,2753
0.071775774,2752
0.071779322,2751
0.071782612,2750
0.071786543,2749
0.071791455,2748
0.071794852,2747
0.071798171,2746
0.071832854,2745
0.071837245,2744
0.071842069,2743
0.071844497,2742
0.071848839,2741
0.071851572,2740
0.071855054,2739
0.071859423,2738
0.071865687,2737
0.071869639,2736
0.071871965,2735
0.071874242,2734
0.071876644,2733
0.071879137,2732
0.071882693,2731
0.071887058,2730
0.071889301,2729
0.07189159,2728
0.071894615,2727
0.071898004,2726
0.071901104,2725
0.071904352,2724
0.071906714,2723
0.071911536,2722
0.071913817,2721
0.071916163,2720
0.07191877,2719
0.071920999,2718
0.071923284,2717
0.071927616,2716
0.071932696,2715
0.071938767,2714
0.07194329,2713
0.071946695,2712
0.071952528,2711
0.071956289,2710
0.071958906,2709
0.071962468,2708
0.071970513,2707
0.071974069,2706
0.071976728,2705
0.071979156,2704
0.071982731,2703
0.071986176,2702
0.071988836,2701
0.07199342,2700
0.07199635,2699
0.071999803,2698
0.072003049,2697
0.072005503,2696
0.072009684,2695
0.072013398,2694
0.072016707,2693
0.072030099,2692
0.07203257,2691
0.072035634,2690
0.072038844,2689
0.072041381,2688
0.072043987,2687
0.072046851,2686
0.072049449,2685
0.072057454,2684
0.072063107,2683
0.072067606,2682
0.07207039,2681
0.072073299,2680
0.072077425,2679
0.072079965,2678
0.072082699,2677
0.0720858,2676
0.072088884,2675
0.07209147,2674
0.072094931,2673
0.072098957,2672
0.072106589,2671
0.072109484,2670
0.072117585,2669
0.072122679,2668
0.072127,2667
0.072130165,2666
0.072132971,2665
0.072138215,2664
0.072141236,2663
0.072144986,2662
0.072148456,2661
0.072152373,2660
0.072161756,2659
0.072164966,2658
0.072170552,2657
0.072175752,2656
0.072179184,2655
0.072184352,2654
0.072192686,2653
0.072195806,2652
0.07220017,2651
0.072204466,2650
0.072208049,2649
0.072214752,2648
0.072217625,2647
0.072226263,2646
0.072619056,2645
0.072650616,2644
0.072654764,2643
0.072658286,2642
0.072664611,2641
0.072668621,2640
0.072672054,2639
0.072675399,2638
0.072679951,2637
0.072683185,2636
0.072687129,2635
0.072690981,2634
0.072694179,2633
0.072700693,2632
0.072707485,2631
0.072711929,2630
0.072716937,2629
0.072721221,2628
0.072726192,2627
0.072731419,2626
0.07273465,2625
0.072909902,2624
0.072914153,2623
0.072916944,2622
0.072920824,2621
0.072925543,2620
0.072928263,2619
0.072933249,2618
0.072939648,2617
0.072942129,2616
0.072948611,2615
0.072952164,2614
0.072966607,2613
0.072971062,2612
0.072975004,2611
0.072977641,2610
0.072980807,2609
0.072984825,2608
0.072988242,2607
0.072990736,2606
0.072996863,2605
0.073003013,2604
0.07300561,2603
0.073008336,2602
0.073021516,2601
0.073025949,2600
0.073029424,2599
0.073034436,2598
0.073038344,2597
0.073041202,2596
0.073043733,2595
0.073046349,2594
0.073050268,2593
0.073054112,2592
0.073058323,2591
0.073061609,2590
0.073063966,2589
0.073070941,2588
0.073074684,2587
0.073080817,2586
0.073084217,2585
0.07308762,2584
0.073089913,2583
0.073093802,2582
0.073097815,2581
0.07310148,2580
0.073104748,2579
0.073107947,2578
0.073110951,2577
0.073114417,2576
0.073120777,2575
0.073130706,2574
0.073135397,2573
0.073139932,2572
0.073179984,2571
0.073183354,2570
0.073186898,2569
0.073190335,2568
0.073193572,2567
0.073197822,2566
0.073202168,2565
0.073205314,2564
0.073208254,2563
0.073214247,2562
0.073217456,2561
0.073221,2560
0.073225512,2559
0.073228421,2558
0.073233171,2557
0.0732451,2556
0.073249321,2555
0.073253071,2554
0.073258946,2553
0.073265961,2552
0.07327451,2551
0.073281055,2550
0.073286837,2549
0.073290225,2548
0.073295827,2547
0.073304813,2546
0.073308209,2545
0.073311768,2544
0.073315326,2543
0.073321659,2542
0.073324295,2541
0.073329316,2540
0.073333307,2539
0.073338522,2538
0.073341443,2537
0.073351044,2536
0.073354338,2535
0.073360609,2534
0.073365866,2533
0.07336878,2532
0.073375402,2531
0.073380476,2530
0.073383478,2529
0.073386723,2528
0.07339697,2527
0.073399575,2526
0.073403412,2525
0.073408192,2524
0.073411928,2523
0.073415076,2522
0.073420213,2521
0.073424807,2520
0.073428643,2519
0.073436534,2518
0.073442015,2517
0.073456872,2516
0.074391879,2515
0.074458062,2514
0.074463331,2513
0.074469922,2512
0.074485973,2511
0.074489442,2510
0.074495777,2509
0.074501858,2508
0.074508077,2507
0.074512816,2506
0.074521803,2505
0.074533314,2504
0.074536843,2503
0.074551734,2502
0.074556114,2501
0.07457165,2500
0.074603519,2499
0.074607975,2498
0.074615851,2497
0.074625689,2496
0.074632488,2495
0.074636032,2494
0.074648235,2493
0.07465493,2492
0.074664072,2491
0.074667496,2490
0.074675281,2489
0.074679716,2488
0.074683471,2487
0.0746866,2486
0.074690224,2485
0.074696046,2484
0.074699318,2483
0.074737453,2482
0.074741179,2481
0.074795263,2480
0.074802713,2479
0.074808127,2478
0.074814967,2477
0.074822358,2476
0.074829801,2475
0.074833463,2474
0.07483799,2473
0.074843939,2472
0.074878318,2471
0.074884752,2470
0.074892504,2469
0.074927273,2468
0.074930355,2467
0.074936965,2466
0.074969521,2465
0.074973182,2464
0.074977957,2463
0.074987431,2462
0.075006029,2461
0.075016506,2460
0.075057119,2459
0.075061309,2458
0.075067433,2457
0.075073909,2456
0.075079913,2455
0.075084459,2454
0.075089556,2453
0.075092884,2452
0.0751003,2451
0.075109478,2450
0.075202151,2449
0.075207805,2448
0.075211222,2447
0.075217562,2446
0.075227739,2445
0.075238847,2444
0.075248328,2443
0.075257719,2442
0.075261948,2441
0.075266082,2440
0.0752742,2439
0.075281747,2438
0.075287218,2437
0.075298224,2436
0.075303039,2435
0.075314556,2434
0.075320901,2433
0.075328564,2432
0.075335836,2431
0.075343463,2430
0.075359069,2429
0.075389652,2428
0.075407965,2427
0.075418108,2426
0.075430974,2425
0.075436222,2424
0.075445634,2423
0.075458396,2422
0.075461696,2421
0.075480283,2420
0.0754842,2419
0.075489485,2418
0.075496768,2417
0.075500592,2416
0.075506276,2415
0.07551186,2414
0.075515732,2413
0.07551848,2412
0.075526861,2411
0.075534003,2410
0.075538113,2409
0.075562127,2408
0.075569172,2407
0.075572168,2406
0.075575469,2405
0.075579339,2404
0.075586837,2403
0.075596746,2402
0.075600188,2401
0.075604634,2400
0.075608854,2399
0.075614943,2398
0.075620343,2397
0.075628733,2396
0.07563278,2395
0.075639877,2394
0.075646002,2393
0.075651049,2392
0.075654262,2391
0.075676092,2390
0.07568081,2389
0.07568441,2388
0.075687328,2387
0.075701948,2386
0.075705244,2385
0.075713072,2384
0.075716562,2383
0.075719461,2382
0.075722562,2381
0.07572887,2380
0.075737897,2379
0.075743143,2378
0.075747244,2377
0.075751227,2376
0.075757418,2375
0.075762475,2374
0.075766115,2373
0.075769926,2372
0.075773677,2371
0.075779977,2370
0.07578542,2369
0.075789372,2368
0.075797421,2367
0.075808279,2366
0.075812047,2365
0.075814974,2364
0.075818874,2363
0.075822798,2362
0.075826924,2361
0.075829578,2360
0.075837525,2359
0.075844203,2358
0.075870555,2357
0.075875351,2356
0.075880953,2355
0.075889521,2354
0.075906469,2353
0.075918099,2352
0.075921707,2351
0.075930856,2350
0.07593416,2349
0.075938928,2348
0.075941615,2347
0.075944668,2346
0.075959524,2345
0.07596305,2344
0.075971927,2343
0.075976438,2342
0.075979982,2341
0.075984385,2340
0.076031786,2339
0.076040136,2338
0.076042568,2337
0.076049749,2336
0.076054795,2335
0.0760578,2334
0.076065037,2333
0.076070102,2332
0.076103605,2331
0.076442865,2330
0.076446595,2329
0.076472251,2328
0.076501212,2327
0.0765317,2326
0.076539105,2325
0.076595837,2324
0.076603986,2323
0.07661048,2322
0.076622405,2321
0.076631148,2320
0.076646169,2319
0.076656656,2318
0.07666108,2317
0.076686464,2316
0.076689577,2315
0.076699684,2314
0.076738442,2313
0.076744807,2312
0.076749479,2311
0.07679186,2310
0.076795086,2309
0.076825045,2308
0.076829575,2307
0.076836164,2306
0.07684423,2305
0.076854018,2304
0.076905626,2303
0.076916974,2302
0.076936151,2301
0.076940822,2300
0.077136734,2299
0.077193551,2298
0.078966471,2297
0.079003117,2296
0.079085486,2295
0.079102471,2294
0.07911496,2293
0.079183036,2292
0.079190602,2291
0.079639351,2290
0.079704143,2289
0.07970987,2288
0.079770106,2287
0.079944145,2286
0.080030825,2285
0.080146718,2284
0.111850729,2283
0.135286479,2282
0.145204196,2281
0.16745178,2280
0.178130376,2279
0.195821007,2278
0.200104636,2277
0.20521749,2276
0.212413149,2275
0.217475201,2274
0.235076562,2273
0.239928494,2272
0.253747622,2271
0.262791499,2270
0.284381819,2269
0.300165411,2268
0.314679674,2267
0.34285502,2266
0.351070042,2265
0.36407965,2264
0.374357119,2263
0.389317041,2262
0.393399648,2261
0.398452672,2260
0.432357783,2259
0.444143213,2258
0.490837644,2257
0.495265566,2256
0.513946563,2255
0.516629834,2254
0.522455344,2253
0.524659651,2252
0.542901359,2251
0.548512466,2250
0.555646035,2249
0.570273213,2248
0.577073625,2247
0.579231918,2246
0.58575743,2245
0.59440829,2244
0.603671661,2243
0.618411794,2242
0.631160755,2241
0.634837626,2240
0.641541611,2239
0.658250751,2238
0.662162156,2237
0.664797648,2236
0.695877167,2235
0.71765935,2234
0.745026427,2233
0.79050264,2232
0.83623574,2231
0.838115381,2230
0.851458421,2229
0.941983627,2228
