0.052340984,3669
0.052388836,3668
0.05256556,3667
0.052737199,3666
0.052815463,3665
0.052844665,3664
0.052870247,3663
0.052881523,3662
0.052890685,3661
0.052902376,3660
0.052914578,3659
0.052924105,3658
0.05293207,3657
0.052942656,3656
0.052953265,3655
0.052964103,3654
0.052975523,3653
0.05298688,3652
0.053021325,3651
0.053071146,3650
0.053125159,3649
0.05316966,3648
0.053211959,3647
0.05327898,3646
0.053330668,3645
0.053360545,3644
0.053373019,3643
0.053380645,3642
0.053386984,3641
0.053394723,3640
0.053405642,3639
0.0534172,3638
0.05343044,3637
0.05344079,3636
0.053451319,3635
0.053459778,3634
0.05350628,3633
0.053523184,3632
0.05356402,3631
0.053612014,3630
0.053623634,3629
0.05363433,3628
0.05363983,3627
0.053645225,3626
0.053650499,3625
0.05365627,3624
0.053661735,3623
0.053666555,3622
0.053671175,3621
0.053675878,3620
0.053682278,3619
0.053689345,3618
0.053696391,3617
0.053719758,3616
0.053727103,3615
0.053733009,3614
0.053740425,3613
0.053748195,3612
0.053756323,3611
0.053764363,3610
0.05377156,3609
0.053793934,3608
0.053799382,3607
0.053805117,3606
0.05382647,3605
0.053831676,3604
0.053836865,3603
0.053841661,3602
0.053848903,3601
0.053856915,3600
0.053864706,3599
0.053872288,3598
0.053893241,3597
0.053901376,3596
0.053909303,3595
0.053917048,3594
0.053939129,3593
0.053949381,3592
0.053957612,3591
0.053965423,3590
0.053972784,3589
0.053979748,3588
0.053986742,3587
0.053993906,3586
0.054001211,3585
0.054009772,3584
0.054019682,3583
0.05403022,3582
0.054038177,3581
0.054045682,3580
0.054063914,3579
0.054072555,3578
0.054081391,3577
0.054089677,3576
0.054101763,3575
0.054109444,3574
0.05411688,3573
0.0541228,3572
0.054128917,3571
0.054135601,3570
0.054143014,3569
0.054178904,3568
0.054187465,3567
0.054196581,3566
0.054204996,3565
0.054214153,3564
0.054227068,3563
0.054334231,3562
0.054353094,3561
0.054376749,3560
0.054406364,3559
0.054438043,3558
0.054453172,3557
0.054467629,3556
0.054484117,3555
0.05449413,3554
0.054501403,3553
0.054513774,3552
0.054527647,3551
0.054534196,3550
0.05454713,3549
0.054553863,3548
0.054565851,3547
0.054580584,3546
0.054586302,3545
0.054591078,3544
0.054595897,3543
0.054609013,3542
0.05462282,3541
0.054628465,3540
0.054633657,3539
0.054638358,3538
0.054643156,3537
0.054648193,3536
0.054653303,3535
0.054658061,3534
0.054662766,3533
0.054667373,3532
0.054672053,3531
0.054676731,3530
0.054681354,3529
0.054685869,3528
0.054690913,3527
0.054699218,3526
0.054704561,3525
0.054710206,3524
0.054715142,3523
0.054720729,3522
0.054725826,3521
0.054738113,3520
0.054751532,3519
0.054760525,3518
0.054768305,3517
0.054776718,3516
0.054797005,3515
0.054804311,3514
0.054810972,3513
0.054819126,3512
0.054826888,3511
0.054834519,3510
0.054841382,3509
0.054886248,3508
0.054891764,3507
0.054897735,3506
0.054903654,3505
0.054908963,3504
0.054913001,3503
0.054916313,3502
0.054919719,3501
0.05492598,3500
0.054929319,3499
0.054933017,3498
0.054936548,3497
0.054939763,3496
0.054948782,3495
0.054955558,3494
0.054959655,3493
0.054963085,3492
0.054967156,3491
0.054970653,3490
0.054974537,3489
0.054978059,3488
0.054981402,3487
0.054984753,3486
0.054988176,3485
0.054992067,3484
0.054995559,3483
0.054999288,3482
0.055002475,3481
0.055006388,3480
0.055010007,3479
0.055013699,3478
0.055027864,3477
0.055035909,3476
0.055041354,3475
0.055046017,3474
0.055054116,3473
0.055057797,3472
0.055061424,3471
0.055066951,3470
0.055073089,3469
0.055079482,3468
0.055085045,3467
0.055090623,3466
0.055095626,3465
0.055101011,3464
0.055105829,3463
0.055111536,3462
0.055117814,3461
0.05512338,3460
0.05512913,3459
0.055174861,3458
0.055179873,3457
0.055184405,3456
0.055189343,3455
0.05519422,3454
0.055201865,3453
0.055207226,3452
0.055211341,3451
0.055215355,3450
0.055219269,3449
0.055222819,3448
0.055226277,3447
0.055229587,3446
0.055233377,3445
0.055237202,3444
0.055240641,3443
0.05524412,3442
0.055249722,3441
0.055253453,3440
0.055256822,3439
0.055260107,3438
0.055263484,3437
0.055266948,3436
0.055270181,3435
0.055273522,3434
0.055276708,3433
0.055280231,3432
0.055283753,3431
0.055287194,3430
0.055307063,3429
0.055310958,3428
0.055314826,3427
0.055348251,3426
0.055355545,3425
0.055359216,3424
0.055362579,3423
0.055365973,3422
0.055369218,3421
0.055372311,3420
0.055376293,3419
0.055379608,3418
0.055382897,3417
0.055386254,3416
0.055390652,3415
0.05539568,3414
0.055400052,3413
0.055411091,3412
0.055415278,3411
0.055419681,3410
0.055424231,3409
0.05542857,3408
0.055431727,3407
0.055435476,3406
0.055438459,3405
0.055441627,3404
0.055444778,3403
0.055447824,3402
0.055450615,3401
0.055453697,3400
0.05545661,3399
0.055459721,3398
0.055462803,3397
0.055465883,3396
0.055468921,3395
0.055472155,3394
0.055475299,3393
0.055478115,3392
0.055480936,3391
0.055483708,3390
0.05548662,3389
0.055489359,3388
0.055492678,3387
0.055495856,3386
0.055499038,3385
0.055501897,3384
0.055504841,3383
0.055510008,3382
0.055513981,3381
0.055518692,3380
0.055525411,3379
0.05553186,3378
0.055537771,3377
0.055541784,3376
0.055545689,3375
0.055549683,3374
0.055552842,3373
0.055556509,3372
0.055560576,3371
0.05556525,3370
0.05556993,3369
0.055574184,3368
0.05557986,3367
0.055584537,3366
0.055589013,3365
0.055593172,3364
0.055597519,3363
0.055601452,3362
0.055605677,3361
0.055609781,3360
0.055614255,3359
0.055618523,3358
0.055622774,3357
0.055627213,3356
0.055631494,3355
0.055635507,3354
0.05563946,3353
0.055643645,3352
0.055647825,3351
0.055651938,3350
0.055656023,3349
0.05566008,3348
0.055664051,3347
0.055671484,3346
0.055675389,3345
0.055679313,3344
0.055683175,3343
0.055687386,3342
0.055691047,3341
0.055694811,3340
0.055698635,3339
0.055702774,3338
0.055706638,3337
0.055710543,3336
0.055714966,3335
0.055719142,3334
0.055723353,3333
0.055726977,3332
0.055731134,3331
0.055735324,3330
0.055743875,3329
0.056235566,3328
0.056273971,3327
0.056279759,3326
0.056286675,3325
0.056328089,3324
0.056332825,3323
0.056336904,3322
0.056341219,3321
0.056345113,3320
0.056352305,3319
0.056356842,3318
0.056361746,3317
0.05636589,3316
0.056370563,3315
0.056374965,3314
0.056409747,3313
0.056414686,3312
0.056418626,3311
0.0564217,3310
0.056424933,3309
0.056428307,3308
0.056433331,3307
0.056437059,3306
0.056440768,3305
0.056445621,3304
0.056450437,3303
0.056455168,3302
0.056459616,3301
0.056473388,3300
0.056482282,3299
0.057021859,3298
0.05703159,3297
0.057037683,3296
0.057041301,3295
0.057044615,3294
0.057050066,3293
0.057054433,3292
0.057058939,3291
0.057063752,3290
0.057068325,3289
0.057072742,3288
0.057077721,3287
0.057088041,3286
0.057092482,3285
0.057097024,3284
0.057101484,3283
0.057142166,3282
0.057147301,3281
0.057151718,3280
0.057183309,3279
0.057187396,3278
0.057190971,3277
0.057195025,3276
0.057198664,3275
0.057203018,3274
0.057207348,3273
0.057211548,3272
0.057219546,3271
0.057223686,3270
0.057226773,3269
0.05723029,3268
0.057233415,3267
0.057274879,3266
0.057280928,3265
0.057285014,3264
0.057289456,3263
0.057292566,3262
0.057295376,3261
0.057298401,3260
0.057301437,3259
0.057304621,3258
0.057307752,3257
0.057310592,3256
0.057313691,3255
0.057316688,3254
0.057319508,3253
0.057322616,3252
0.057325991,3251
0.057328832,3250
0.057332066,3249
0.057335013,3248
0.05733821,3247
0.057342007,3246
0.057345157,3245
0.057348262,3244
0.05735135,3243
0.057354357,3242
0.057356961,3241
0.057359719,3240
0.057363195,3239
0.057366105,3238
0.05737122,3237
0.057374164,3236
0.057376945,3235
0.057380039,3234
0.057382801,3233
0.057385522,3232
0.05738809,3231
0.057391005,3230
0.057394597,3229
0.057397208,3228
0.057399768,3227
0.057402246,3226
0.057404997,3225
0.05740735,3224
0.057410693,3223
0.057420973,3222
0.057425494,3221
0.057430557,3220
0.057434816,3219
0.057438786,3218
0.057443431,3217
0.057448575,3216
0.057453317,3215
0.057458237,3214
0.057463934,3213
0.057469799,3212
0.057828857,3211
0.057834657,3210
0.057839118,3209
0.057843437,3208
0.057847788,3207
0.057851964,3206
0.057856521,3205
0.05786082,3204
0.057864699,3203
0.057868206,3202
0.057871293,3201
0.057874445,3200
0.057877849,3199
0.057880668,3198
0.057883885,3197
0.0578865,3196
0.057889077,3195
0.057891786,3194
0.057897212,3193
0.057899966,3192
0.057902476,3191
0.057904999,3190
0.057907379,3189
0.057909861,3188
0.057912294,3187
0.057914979,3186
0.057917567,3185
0.057920192,3184
0.057922824,3183
0.057925461,3182
0.05792797,3181
0.057930633,3180
0.057933257,3179
0.057936038,3178
0.057938573,3177
0.057941389,3176
0.057943896,3175
0.057946488,3174
0.057949214,3173
0.057951778,3172
0.057954346,3171
0.057957101,3170
0.0579639,3169
0.0579669,3168
0.057973079,3167
0.057975838,3166
0.057978423,3165
0.057980852,3164
0.057983675,3163
0.057988481,3162
0.057991361,3161
0.057995251,3160
0.057998405,3159
0.058006229,3158
0.05801148,3157
0.058020842,3156
0.058026322,3155
0.058030797,3154
0.058033718,3153
0.058036488,3152
0.058039214,3151
0.058041971,3150
0.05943664,3149
0.05944141,3148
0.059445074,3147
0.059448043,3146
0.059450696,3145
0.059453797,3144
0.059462281,3143
0.059465816,3142
0.059468547,3141
0.059471277,3140
0.05947472,3139
0.059479694,3138
0.059482241,3137
0.05948518,3136
0.059487762,3135
0.059491591,3134
0.059494286,3133
0.059498062,3132
0.05950052,3131
0.059506426,3130
0.059510457,3129
0.059518375,3128
0.059524632,3127
0.059528544,3126
0.059531822,3125
0.059537493,3124
0.059540819,3123
0.059544968,3122
0.059548078,3121
0.059551196,3120
0.059554361,3119
0.05955795,3118
0.059561431,3117
0.059564337,3116
0.059576557,3115
0.060381436,3114
0.060410678,3113
0.06042835,3112
0.06043345,3111
0.060437439,3110
0.060443958,3109
0.060468614,3108
0.060472931,3107
0.060477724,3106
0.060482273,3105
0.060553835,3104
0.060558472,3103
0.060561435,3102
0.060564992,3101
0.060567435,3100
0.060570228,3099
0.060574191,3098
0.060578821,3097
0.060581918,3096
0.060587251,3095
0.060591929,3094
0.060595909,3093
0.06060023,3092
0.060603438,3091
0.060607791,3090
0.060613921,3089
0.060619046,3088
0.060623551,3087
0.060626789,3086
0.060629971,3085
0.060639353,3084
0.060643892,3083
0.060648825,3082
0.060652901,3081
0.060655736,3080
0.060662312,3079
0.060665969,3078
0.060668814,3077
0.060671473,3076
0.060679562,3075
0.060684398,3074
0.060690135,3073
0.060692538,3072
0.06069543,3071
0.060713944,3070
0.06071944,3069
0.060722673,3068
0.060728066,3067
0.060731435,3066
0.060734595,3065
0.060738211,3064
0.060745757,3063
0.060760273,3062
0.060764776,3061
0.060767252,3060
0.060769891,3059
0.06077242,3058
0.060775174,3057
0.060777801,3056
0.060781532,3055
0.060785507,3054
0.060788809,3053
0.060819497,3052
0.06082202,3051
0.06082471,3050
0.060827387,3049
0.060832535,3048
0.060838813,3047
0.060867291,3046
0.060871674,3045
0.060873995,3044
0.060876107,3043
0.060878447,3042
0.060880826,3041
0.060884195,3040
0.060886838,3039
0.060890107,3038
0.060901695,3037
0.060905649,3036
0.060910163,3035
0.060917322,3034
0.060919923,3033
0.06092265,3032
0.060927082,3031
0.06093169,3030
0.06093963,3029
0.060943587,3028
0.060948646,3027
0.060955469,3026
0.060959872,3025
0.060962813,3024
0.060969584,3023
0.060972667,3022
0.060976711,3021
0.060980099,3020
0.060983915,3019
0.060986695,3018
0.060989518,3017
0.060992059,3016
0.060994909,3015
0.060997493,3014
0.061000761,3013
0.061004792,3012
0.061007359,3011
0.061009742,3010
0.061014388,3009
0.061018437,3008
0.061021692,3007
0.061025597,3006
0.061029778,3005
0.061032577,3004
0.061036888,3003
0.061039541,3002
0.061042309,3001
0.061044956,3000
0.061047262,2999
0.061051245,2998
0.061057992,2997
0.061060484,2996
0.061063067,2995
0.061067849,2994
0.06107055,2993
0.061073322,2992
0.061076003,2991
0.061079954,2990
0.06108743,2989
0.061089811,2988
0.061092861,2987
0.061095104,2986
0.061099242,2985
0.061103948,2984
0.061106887,2983
0.061110601,2982
0.061116125,2981
0.061118416,2980
0.061121459,2979
0.061124074,2978
0.061128,2977
0.061131464,2976
0.061136824,2975
0.061140412,2974
0.061144,2973
0.06115126,2972
0.061163398,2971
0.06116986,2970
0.061175229,2969
0.061179323,2968
0.06118527,2967
0.061201442,2966
0.061204371,2965
0.061207094,2964
0.061209761,2963
0.061212718,2962
0.061216224,2961
0.061220867,2960
0.061258586,2959
0.061263277,2958
0.061265981,2957
0.061268562,2956
0.061273707,2955
0.061277524,2954
0.061281029,2953
0.061286087,2952
0.061288851,2951
0.061291421,2950
0.061295548,2949
0.061298532,2948
0.061300923,2947
0.061307051,2946
0.061309585,2945
0.061313348,2944
0.061317705,2943
0.061320353,2942
0.061324321,2941
0.061327261,2940
0.06132964,2939
0.061333371,2938
0.061336159,2937
0.061338791,2936
0.061345781,2935
0.061348443,2934
0.061353374,2933
0.06135632,2932
0.061360628,2931
0.06136549,2930
0.06136907,2929
0.061372915,2928
0.061376774,2927
0.061379016,2926
0.061387469,2925
0.061391085,2924
0.061393303,2923
0.06139688,2922
0.061399355,2921
0.061402714,2920
0.061408686,2919
0.061411388,2918
0.061413698,2917
0.061417298,2916
0.061419893,2915
0.061423136,2914
0.061426971,2913
0.061429586,2912
0.06143299,2911
0.061437049,2910
0.061441432,2909
0.061444486,2908
0.061447266,2907
0.061451116,2906
0.061454428,2905
0.061459583,2904
0.061464312,2903
0.061469544,2902
0.061472985,2901
0.061480089,2900
0.061483303,2899
0.061489169,2898
0.061499568,2897
0.061502831,2896
0.061509951,2895
0.06151429,2894
0.061548463,2893
0.061553364,2892
0.061557916,2891
0.061560978,2890
0.06156411,2889
0.061570399,2888
0.061573562,2887
0.061581745,2886
0.061585394,2885
0.061589586,2884
0.061598357,2883
0.061601767,2882
0.061607107,2881
0.061610125,2880
0.061613482,2879
0.061617204,2878
0.061620101,2877
0.061624354,2876
0.061627736,2875
0.061630097,2874
0.061636126,2873
0.061644548,2872
0.061650026,2871
0.061656239,2870
0.061659973,2869
0.061664717,2868
0.061667079,2867
0.061671639,2866
0.061676652,2865
0.061679141,2864
0.061682282,2863
0.061685081,2862
0.061688621,2861
0.061692823,2860
0.061697144,2859
0.061699786,2858
0.061701905,2857
0.061706506,2856
0.061709913,2855
0.061712676,2854
0.0617166,2853
0.061719204,2852
0.061722011,2851
0.061725427,2850
0.061731972,2849
0.061734597,2848
0.061738022,2847
0.06175321,2846
0.061756116,2845
0.061762743,2844
0.061766158,2843
0.061770092,2842
0.061772662,2841
0.061775001,2840
0.061778596,2839
0.061781104,2838
0.061783481,2837
0.061785802,2836
0.061788049,2835
0.061791366,2834
0.061796006,2833
0.061798569,2832
0.061801209,2831
0.061804781,2830
0.061807074,2829
0.061809211,2828
0.061812523,2827
0.061814785,2826
0.061816641,2825
0.061819556,2824
0.061821517,2823
0.06182346,2822
0.061827452,2821
0.061834146,2820
0.061837242,2819
0.061840471,2818
0.06184264,2817
0.061847404,2816
0.061850858,2815
0.061853094,2814
0.061855734,2813
0.061858108,2812
0.061866218,2811
0.061870161,2810
0.061886721,2809
0.061894459,2808
0.061904735,2807
0.061914787,2806
0.061918363,2805
0.06192558,2804
0.061929518,2803
0.061932413,2802
0.061934733,2801
0.061936935,2800
0.061944734,2799
0.061947847,2798
0.061951313,2797
0.061954747,2796
0.061960854,2795
0.061964651,2794
0.061968641,2793
0.061972312,2792
0.061975308,2791
0.061978365,2790
0.061983364,2789
0.06198924,2788
0.06199206,2787
0.061994991,2786
0.061998711,2785
0.06200188,2784
0.06200633,2783
0.062009334,2782
0.062014351,2781
0.062017144,2780
0.062020288,2779
0.062023482,2778
0.062026375,2777
0.06203147,2776
0.062038486,2775
0.062041494,2774
0.062045274,2773
0.062048649,2772
0.062051191,2771
0.062055716,2770
0.062057866,2769
0.062060022,2768
0.062062059,2767
0.062065197,2766
0.062067895,2765
0.062070268,2764
0.062073415,2763
0.062076819,2762
0.062087338,2761
0.062089859,2760
0.062095622,2759
0.062097855,2758
0.062100136,2757
0.06210411,2756
0.062106765,2755
0.06210914,2754
0.062113736,2753
0.062116775,2752
0.062119359,2751
0.062121972,2750
0.062124292,2749
0.06212743,2748
0.062131347,2747
0.062134821,2746
0.062138528,2745
0.06214457,2744
0.06214803,2743
0.062150681,2742
0.062155904,2741
0.06215953,2740
0.062164567,2739
0.062167866,2738
0.062170557,2737
0.062173583,2736
0.062182073,2735
0.062185763,2734
0.062191768,2733
0.062194667,2732
0.062197291,2731
0.062203931,2730
0.06220974,2729
0.062213023,2728
0.062218913,2727
0.062223882,2726
0.062227226,2725
0.062231756,2724
0.062236996,2723
0.062242296,2722
0.062246228,2721
0.062249536,2720
0.062252347,2719
0.062256533,2718
0.062829482,2717
0.062838186,2716
0.062845316,2715
0.062852876,2714
0.062857856,2713
0.062871374,2712
0.062883303,2711
0.062895298,2710
0.06291684,2709
0.062919678,2708
0.062933903,2707
0.062942335,2706
0.062945153,2705
0.062950012,2704
0.062953785,2703
0.06295736,2702
0.062961318,2701
0.06296433,2700
0.062968064,2699
0.062971291,2698
0.06297557,2697
0.062979206,2696
0.062983323,2695
0.062986943,2694
0.062990589,2693
0.062995213,2692
0.062997849,2691
0.063004865,2690
0.063009718,2689
0.06301525,2688
0.063019224,2687
0.063022615,2686
0.063027497,2685
0.063030361,2684
0.063033984,2683
0.063038175,2682
0.063040687,2681
0.063044533,2680
0.063050068,2679
0.063054125,2678
0.063056982,2677
0.06306077,2676
0.063063882,2675
0.063080311,2674
0.063083348,2673
0.0630862,2672
0.063089221,2671
0.063092164,2670
0.063097301,2669
0.063100269,2668
0.063102996,2667
0.06310773,2666
0.063110299,2665
0.063113333,2664
0.063117704,2663
0.06312042,2662
0.063122867,2661
0.063125431,2660
0.063127994,2659
0.063131303,2658
0.063135513,2657
0.063141354,2656
0.063145532,2655
0.063192892,2654
0.063195337,2653
0.063203753,2652
0.063206711,2651
0.063212413,2650
0.063215586,2649
0.063218866,2648
0.06322275,2647
0.063226269,2646
0.063231142,2645
0.063236419,2644
0.063240344,2643
0.063245069,2642
0.063248504,2641
0.063252224,2640
0.06325624,2639
0.063259929,2638
0.063262628,2637
0.063265295,2636
0.063269394,2635
0.063272624,2634
0.063275176,2633
0.063293566,2632
0.063297236,2631
0.063300031,2630
0.063303387,2629
0.0633065,2628
0.063311402,2627
0.06331526,2626
0.063318333,2625
0.063330807,2624
0.063336512,2623
0.063339187,2622
0.063341889,2621
0.063346675,2620
0.063350574,2619
0.063354022,2618
0.063356351,2617
0.063360521,2616
0.063363894,2615
0.063367649,2614
0.063373926,2613
0.063377438,2612
0.063382694,2611
0.063385444,2610
0.063388961,2609
0.063396169,2608
0.063410751,2607
0.063414199,2606
0.06342317,2605
0.063427028,2604
0.063434631,2603
0.063437391,2602
0.063441809,2601
0.063445655,2600
0.063448505,2599
0.063451931,2598
0.063456631,2597
0.063461171,2596
0.063464971,2595
0.063469616,2594
0.063473267,2593
0.063476629,2592
0.063479538,2591
0.063482124,2590
0.063485577,2589
0.063488747,2588
0.063491153,2587
0.063493961,2586
0.063497359,2585
0.063500397,2584
0.063502983,2583
0.063507406,2582
0.063511174,2581
0.063517153,2580
0.063520896,2579
0.063532017,2578
0.063536211,2577
0.063539382,2576
0.063543622,2575
0.063546464,2574
0.063549972,2573
0.06355497,2572
0.063560275,2571
0.063574788,2570
0.063577849,2569
0.063580456,2568
0.063584953,2567
0.063587996,2566
0.06359053,2565
0.063593443,2564
0.063598353,2563
0.063607808,2562
0.063611043,2561
0.0636156,2560
0.063618557,2559
0.063623989,2558
0.063627182,2557
0.063630271,2556
0.063632992,2555
0.063636984,2554
0.063640202,2553
0.063644736,2552
0.063648745,2551
0.063653529,2550
0.063658678,2549
0.063662012,2548
0.063665205,2547
0.063676006,2546
0.063682906,2545
0.063694897,2544
0.063718633,2543
0.063725358,2542
0.063729778,2541
0.063734219,2540
0.063744504,2539
0.063747363,2538
0.06375022,2537
0.063760454,2536
0.063762674,2535
0.063765315,2534
0.063767595,2533
0.063769797,2532
0.063775705,2531
0.063777775,2530
0.063780337,2529
0.063783552,2528
0.063786452,2527
0.063789495,2526
0.063792431,2525
0.063795175,2524
0.063798139,2523
0.063800773,2522
0.063805138,2521
0.06380885,2520
0.063812875,2519
0.063817243,2518
0.063839046,2517
0.0638417,2516
0.063844181,2515
0.063847043,2514
0.063857126,2513
0.063862079,2512
0.063864799,2511
0.063866883,2510
0.064446441,2509
0.064450728,2508
0.064456245,2507
0.064458813,2506
0.064461889,2505
0.064472306,2504
0.064490356,2503
0.064504948,2502
0.064510169,2501
0.064516609,2500
0.064522155,2499
0.06453644,2498
0.064554771,2497
0.064571757,2496
0.064576647,2495
0.064590148,2494
0.0645953,2493
0.064598271,2492
0.064606239,2491
0.064610441,2490
0.064616466,2489
0.064622298,2488
0.06463256,2487
0.064644074,2486
0.064679828,2485
0.064684478,2484
0.06468979,2483
0.064695935,2482
0.064703569,2481
0.064710159,2480
0.064732004,2479
0.064736771,2478
0.064740927,2477
0.06475372,2476
0.06475767,2475
0.064769062,2474
0.064772582,2473
0.064779007,2472
0.064782396,2471
0.064785876,2470
0.064799453,2469
0.064814393,2468
0.064817558,2467
0.064821438,2466
0.064835331,2465
0.064840337,2464
0.064844289,2463
0.064848457,2462
0.064853122,2461
0.06486905,2460
0.064875559,2459
0.064883512,2458
0.064886835,2457
0.064902755,2456
0.064916499,2455
0.064923812,2454
0.064926858,2453
0.06493082,2452
0.064939181,2451
0.064954147,2450
0.064959548,2449
0.064972445,2448
0.064985095,2447
0.064989812,2446
0.065007254,2445
0.065011125,2444
0.065016209,2443
0.065021353,2442
0.065066043,2441
0.065078277,2440
0.065084278,2439
0.065087826,2438
0.065092491,2437
0.065098599,2436
0.0651015,2435
0.065122574,2434
0.065125303,2433
0.0651315,2432
0.065136953,2431
0.065141256,2430
0.065144651,2429
0.065153782,2428
0.065157093,2427
0.065165672,2426
0.065171031,2425
0.065176296,2424
0.065213629,2423
0.065216642,2422
0.06522531,2421
0.065237114,2420
0.06526584,2419
0.06527289,2418
0.06527683,2417
0.065282568,2416
0.065288822,2415
0.065296744,2414
0.065300649,2413
0.065305696,2412
0.065314555,2411
0.06532316,2410
0.065385308,2409
0.065432878,2408
0.065436091,2407
0.065443516,2406
0.065446927,2405
0.065454223,2404
0.065459431,2403
0.065477765,2402
0.065482905,2401
0.065486785,2400
0.065491706,2399
0.065495082,2398
0.065498855,2397
0.065503849,2396
0.065517692,2395
0.065521254,2394
0.065560839,2393
0.065568761,2392
0.065571744,2391
0.065601994,2390
0.065607002,2389
0.065609595,2388
0.065618318,2387
0.065620726,2386
0.065623919,2385
0.065628331,2384
0.065633912,2383
0.065639719,2382
0.065643834,2381
0.065653268,2380
0.065657905,2379
0.065663428,2378
0.06567372,2377
0.065708378,2376
0.065713049,2375
0.065751451,2374
0.06575953,2373
0.065762871,2372
0.065767923,2371
0.065787862,2370
0.065800823,2369
0.065829356,2368
0.065835475,2367
0.065839943,2366
0.065847632,2365
0.065849863,2364
0.065857605,2363
0.065903367,2362
0.065908489,2361
0.065920492,2360
0.065925176,2359
0.065933313,2358
0.065957999,2357
0.065960775,2356
0.065965755,2355
0.065969877,2354
0.06597423,2353
0.065983822,2352
0.06598965,2351
0.065993185,2350
0.065996935,2349
0.066000474,2348
0.066025706,2347
0.066031841,2346
0.066034514,2345
0.066046038,2344
0.066050156,2343
0.066061433,2342
0.066065539,2341
0.066069366,2340
0.066087059,2339
0.066091326,2338
0.066101095,2337
0.066108621,2336
0.066119075,2335
0.06613117,2334
0.066138504,2333
0.06614334,2332
0.066148987,2331
0.06616439,2330
0.066176688,2329
0.066180044,2328
0.066184816,2327
0.066410328,2326
0.066420471,2325
0.066432159,2324
0.066451322,2323
0.066455388,2322
0.066465482,2321
0.06649043,2320
0.066500501,2319
0.066514419,2318
0.066518591,2317
0.066535861,2316
0.066602749,2315
0.066608235,2314
0.066612543,2313
0.066616857,2312
0.066623892,2311
0.06662844,2310
0.066631442,2309
0.066641719,2308
0.066657289,2307
0.066660358,2306
0.066664943,2305
0.066675733,2304
0.066685619,2303
0.06668985,2302
0.066702587,2301
0.066728176,2300
0.066732159,2299
0.06678901,2298
0.066810391,2297
0.066991283,2296
0.06700613,2295
0.06701668,2294
0.067023524,2293
0.067044283,2292
0.067049766,2291
0.067055286,2290
0.067063708,2289
0.067133235,2288
0.067181703,2287
0.067206289,2286
0.067225424,2285
0.067486741,2284
0.067507867,2283
0.067541618,2282
0.067591039,2281
0.067682256,2280
0.067811766,2279
0.06792332,2278
0.081143917,2277
0.092876961,2276
0.097430882,2275
0.100802431,2274
0.116581968,2273
0.127604189,2272
0.130488416,2271
0.135359373,2270
0.140618208,2269
0.15075108,2268
0.157968033,2267
0.16102605,2266
0.165063232,2265
0.174813512,2264
0.183775975,2263
0.19257671,2262
0.212728867,2261
0.218631746,2260
0.220665794,2259
0.223226846,2258
0.226789681,2257
0.248945862,2256
0.252895036,2255
0.26147015,2254
0.269293298,2253
0.271805512,2252
0.277977623,2251
0.293430316,2250
0.300353168,2249
0.306032125,2248
0.312436442,2247
0.329391354,2246
0.353094076,2245
0.357582114,2244
0.379421096,2243
0.385277744,2242
0.390999188,2241
0.415709721,2240
0.426432165,2239
0.467309708,2238
0.490456728,2237
0.505464222,2236
0.527006056,2235
0.531424796,2234
0.535109982,2233
0.562984818,2232
0.579880378,2231
0.58520409,2230
0.608248936,2229
0.666160848,2228
0.699743137,2227
0.710403491,2226
0.730183405,2225
