0.055058796,3669
0.055151196,3668
0.055204823,3667
0.055280531,3666
0.055334671,3665
0.055360888,3664
0.055383046,3663
0.055391617,3662
0.055399157,3661
0.055407811,3660
0.055422932,3659
0.05543312,3658
0.055442798,3657
0.055451105,3656
0.055463519,3655
0.055472045,3654
0.055481565,3653
0.055493379,3652
0.055504782,3651
0.055517905,3650
0.055529429,3649
0.055541134,3648
0.055551682,3647
0.0555626,3646
0.055570839,3645
0.055580036,3644
0.055589357,3643
0.055597616,3642
0.055642416,3641
0.055654747,3640
0.055670964,3639
0.055682041,3638
0.055692605,3637
0.055700663,3636
0.055733822,3635
0.055742677,3634
0.055755337,3633
0.056029633,3632
0.056080535,3631
0.056111861,3630
0.056150966,3629
0.056183307,3628
0.056210243,3627
0.056220429,3626
0.056232892,3625
0.056248386,3624
0.057244726,3623
0.057296473,3622
0.0573073,3621
0.057317856,3620
0.057325621,3619
0.057374319,3618
0.05738122,3617
0.057394434,3616
0.05740556,3615
0.057418656,3614
0.05742484,3613
0.057432539,3612
0.057447309,3611
0.057511624,3610
0.057522966,3609
0.057573501,3608
0.057744683,3607
0.057761607,3606
0.057825796,3605
0.057839625,3604
0.057883771,3603
0.057894297,3602
0.057933723,3601
0.057949543,3600
0.057959158,3599
0.058014184,3598
0.058022676,3597
0.05803061,3596
0.058132061,3595
0.058151966,3594
0.058187227,3593
0.0582095,3592
0.058222858,3591
0.058228749,3590
0.058235299,3589
0.058241051,3588
0.058274178,3587
0.058305006,3586
0.058320847,3585
0.058335856,3584
0.058345022,3583
0.058426464,3582
0.058439649,3581
0.058448583,3580
0.058458509,3579
0.058473723,3578
0.058481523,3577
0.05848983,3576
0.058496641,3575
0.058502229,3574
0.058508257,3573
0.058514175,3572
0.058521237,3571
0.058528455,3570
0.058540071,3569
0.058546589,3568
0.058556976,3567
0.058594135,3566
0.058601121,3565
0.058608315,3564
0.058614923,3563
0.058622111,3562
0.058629985,3561
0.058636624,3560
0.058645126,3559
0.058652818,3558
0.058671698,3557
0.0586766,3556
0.058682623,3555
0.05871113,3554
0.058717511,3553
0.058722188,3552
0.058727034,3551
0.058731129,3550
0.058737568,3549
0.058774544,3548
0.058783579,3547
0.058797044,3546
0.058807853,3545
0.058815868,3544
0.058822672,3543
0.058847909,3542
0.05885693,3541
0.063028181,3540
0.063041453,3539
0.063076072,3538
0.063109884,3537
0.063118137,3536
0.063125772,3535
0.063132608,3534
0.063138851,3533
0.06314431,3532
0.063151173,3531
0.063155938,3530
0.063160929,3529
0.063165229,3528
0.063169519,3527
0.063173848,3526
0.063178625,3525
0.063183541,3524
0.063187604,3523
0.063191493,3522
0.063195844,3521
0.063200482,3520
0.063205161,3519
0.063219365,3518
0.063223975,3517
0.063229581,3516
0.063234399,3515
0.063275073,3514
0.063293585,3513
0.06329777,3512
0.063302086,3511
0.063307039,3510
0.063312056,3509
0.063316266,3508
0.0633218,3507
0.063325764,3506
0.063331449,3505
0.063335487,3504
0.063339447,3503
0.063346056,3502
0.063354015,3501
0.063359015,3500
0.063374555,3499
0.063382176,3498
0.063388604,3497
0.06339627,3496
0.063403285,3495
0.063409356,3494
0.063427882,3493
0.063440089,3492
0.063446282,3491
0.063485458,3490
0.063575872,3489
0.063583076,3488
0.063592064,3487
0.063600214,3486
0.06361415,3485
0.063620234,3484
0.063626187,3483
0.063632432,3482
0.06367265,3481
0.063686887,3480
0.063718735,3479
0.063724915,3478
0.063776508,3477
0.063821828,3476
0.063829776,3475
0.063836824,3474
0.063842288,3473
0.063847199,3472
0.063852877,3471
0.063858276,3470
0.063915537,3469
0.063929337,3468
0.063950435,3467
0.063976715,3466
0.063988398,3465
0.063997854,3464
0.064004773,3463
0.064010819,3462
0.064072585,3461
0.064090955,3460
0.064099502,3459
0.064107364,3458
0.064113613,3457
0.064120058,3456
0.064132234,3455
0.064138236,3454
0.064143,3453
0.064148767,3452
0.064153731,3451
0.064160115,3450
0.06416538,3449
0.06417053,3448
0.064176017,3447
0.064181358,3446
0.064192374,3445
0.064199031,3444
0.064204589,3443
0.064219675,3442
0.064228445,3441
0.064239624,3440
0.064248685,3439
0.064262947,3438
0.064281248,3437
0.06429412,3436
0.064300449,3435
0.0643149,3434
0.064319912,3433
0.064325796,3432
0.064332313,3431
0.064336878,3430
0.06434469,3429
0.064350297,3428
0.064355961,3427
0.064362495,3426
0.064368564,3425
0.064374755,3424
0.064380507,3423
0.064397637,3422
0.064405017,3421
0.064410402,3420
0.064423608,3419
0.064441219,3418
0.064501846,3417
0.06452522,3416
0.064531262,3415
0.064565218,3414
0.064608393,3413
0.064612475,3412
0.064619205,3411
0.06462386,3410
0.064628529,3409
0.064631809,3408
0.064635563,3407
0.064639005,3406
0.064649564,3405
0.064661088,3404
0.064666169,3403
0.064670266,3402
0.064676885,3401
0.064687272,3400
0.064691685,3399
0.064696859,3398
0.06470028,3397
0.064704739,3396
0.064709204,3395
0.064713184,3394
0.064716393,3393
0.064720032,3392
0.064725678,3391
0.064730137,3390
0.064739348,3389
0.064744363,3388
0.064749444,3387
0.064754142,3386
0.064759449,3385
0.064763507,3384
0.064767366,3383
0.064771954,3382
0.064778216,3381
0.064783687,3380
0.064788873,3379
0.064793815,3378
0.064798566,3377
0.064801978,3376
0.06480614,3375
0.064809461,3374
0.064813061,3373
0.064816982,3372
0.06482137,3371
0.0648258,3370
0.064870831,3369
0.064888337,3368
0.064899589,3367
0.064953943,3366
0.064960168,3365
0.064964882,3364
0.065024055,3363
0.065036249,3362
0.065041736,3361
0.06504673,3360
0.065055716,3359
0.065060939,3358
0.065066169,3357
0.065071441,3356
0.065082903,3355
0.065091339,3354
0.065126132,3353
0.065140985,3352
0.065148864,3351
0.065154839,3350
0.065159414,3349
0.06518693,3348
0.065223157,3347
0.065229421,3346
0.065241409,3345
0.065247127,3344
0.065252748,3343
0.065257606,3342
0.065262687,3341
0.065273567,3340
0.065278887,3339
0.065283913,3338
0.065288837,3337
0.065294126,3336
0.06529994,3335
0.065305163,3334
0.065322386,3333
0.065386923,3332
0.065405745,3331
0.065418798,3330
0.065423942,3329
0.065429351,3328
0.065486435,3327
0.065500327,3326
0.065536729,3325
0.065541171,3324
0.065545794,3323
0.065551121,3322
0.06555531,3321
0.065560061,3320
0.065564717,3319
0.065569578,3318
0.065573772,3317
0.065578377,3316
0.065635357,3315
0.06564151,3314
0.065646447,3313
0.065650767,3312
0.06565503,3311
0.065668815,3310
0.0656731,3309
0.065676967,3308
0.065681691,3307
0.065686249,3306
0.065690919,3305
0.065695282,3304
0.06570018,3303
0.065704653,3302
0.065729956,3301
0.065795159,3300
0.065799015,3299
0.065802303,3298
0.065806758,3297
0.065810375,3296
0.065814474,3295
0.06581889,3294
0.065827454,3293
0.06583279,3292
0.065879924,3291
0.065884436,3290
0.065890958,3289
0.065953667,3288
0.065974089,3287
0.06598702,3286
0.066028511,3285
0.066032912,3284
0.066074566,3283
0.066078798,3282
0.066083146,3281
0.066087409,3280
0.066091147,3279
0.066095071,3278
0.06609906,3277
0.066130464,3276
0.066134283,3275
0.066138322,3274
0.066143146,3273
0.066147309,3272
0.06615071,3271
0.066154259,3270
0.066158797,3269
0.06616282,3268
0.066167094,3267
0.066170445,3266
0.066180596,3265
0.066185234,3264
0.066190067,3263
0.066194045,3262
0.066197725,3261
0.066201583,3260
0.06620539,3259
0.066209544,3258
0.066216924,3257
0.066220521,3256
0.066224274,3255
0.066227551,3254
0.066231739,3253
0.066248711,3252
0.066254918,3251
0.066258839,3250
0.066262627,3249
0.06626613,3248
0.066269605,3247
0.066273197,3246
0.066276642,3245
0.066279927,3244
0.066283673,3243
0.066293873,3242
0.066298309,3241
0.066301568,3240
0.066304864,3239
0.066309075,3238
0.066312487,3237
0.06631573,3236
0.066318794,3235
0.066322219,3234
0.066332486,3233
0.066336242,3232
0.06634035,3231
0.066344561,3230
0.066358271,3229
0.066372352,3228
0.066375666,3227
0.066378696,3226
0.066381691,3225
0.066384625,3224
0.066387437,3223
0.066390404,3222
0.066393605,3221
0.066396777,3220
0.066399848,3219
0.066402795,3218
0.066406009,3217
0.066409562,3216
0.066413846,3215
0.06642259,3214
0.06642604,3213
0.066429983,3212
0.066433329,3211
0.066436763,3210
0.066440824,3209
0.066444391,3208
0.066448489,3207
0.066452312,3206
0.06645603,3205
0.066460865,3204
0.066464553,3203
0.066467473,3202
0.066470165,3201
0.06647303,3200
0.066476346,3199
0.066479838,3198
0.066483447,3197
0.066486677,3196
0.066489896,3195
0.066493025,3194
0.066496336,3193
0.066499581,3192
0.06650298,3191
0.066505924,3190
0.066509336,3189
0.066512115,3188
0.066515599,3187
0.066519425,3186
0.066523462,3185
0.066531925,3184
0.066535293,3183
0.0665383,3182
0.066541134,3181
0.066543773,3180
0.066546339,3179
0.066549654,3178
0.066551908,3177
0.066554592,3176
0.066559144,3175
0.066581959,3174
0.066584553,3173
0.066587159,3172
0.066589718,3171
0.066592311,3170
0.06659503,3169
0.066597769,3168
0.066600258,3167
0.066602748,3166
0.066605311,3165
0.066607696,3164
0.066609972,3163
0.066612257,3162
0.066614455,3161
0.066617039,3160
0.066619721,3159
0.066624918,3158
0.066627735,3157
0.06663103,3156
0.06663448,3155
0.06663772,3154
0.066640817,3153
0.066644244,3152
0.06664848,3151
0.066652215,3150
0.067970209,3149
0.067976836,3148
0.067980974,3147
0.067985373,3146
0.067989536,3145
0.067993454,3144
0.06800112,3143
0.068005094,3142
0.068009006,3141
0.068012659,3140
0.068016271,3139
0.068019805,3138
0.068022931,3137
0.068026081,3136
0.068033292,3135
0.068036411,3134
0.068041875,3133
0.06804624,3132
0.068049076,3131
0.068052279,3130
0.068055338,3129
0.068059295,3128
0.068063189,3127
0.068065955,3126
0.068070396,3125
0.068074731,3124
0.068077691,3123
0.068081153,3122
0.068085259,3121
0.068089615,3120
0.068094048,3119
0.068097867,3118
0.068103567,3117
0.068105847,3116
0.068108561,3115
0.068111137,3114
0.068113565,3113
0.06811813,3112
0.068120799,3111
0.06812334,3110
0.06812602,3109
0.068131345,3108
0.068133897,3107
0.068137361,3106
0.068140075,3105
0.068143889,3104
0.068147099,3103
0.068155142,3102
0.068157765,3101
0.068160995,3100
0.068164631,3099
0.068169936,3098
0.068174536,3097
0.068176925,3096
0.068183019,3095
0.068187647,3094
0.068191789,3093
0.068194506,3092
0.068197154,3091
0.06819946,3090
0.068201855,3089
0.068204373,3088
0.068209612,3087
0.068212109,3086
0.068214548,3085
0.068216751,3084
0.068219171,3083
0.06822153,3082
0.068225788,3081
0.0682302,3080
0.068232728,3079
0.068235142,3078
0.068239051,3077
0.068242616,3076
0.068245005,3075
0.068249393,3074
0.06825306,3073
0.068258564,3072
0.068262711,3071
0.06826714,3070
0.068271681,3069
0.068275561,3068
0.068281828,3067
0.068285306,3066
0.068288866,3065
0.068292298,3064
0.068295549,3063
0.06829904,3062
0.068314333,3061
0.068317701,3060
0.068321664,3059
0.068325531,3058
0.06833078,3057
0.068334566,3056
0.068338005,3055
0.068350667,3054
0.068354101,3053
0.06835799,3052
0.068361512,3051
0.068367142,3050
0.068371444,3049
0.068376445,3048
0.06838255,3047
0.06839314,3046
0.068401284,3045
0.068406126,3044
0.068411945,3043
0.068417337,3042
0.068421084,3041
0.068424688,3040
0.068428095,3039
0.068431875,3038
0.068435711,3037
0.068439429,3036
0.068446829,3035
0.06845804,3034
0.068461942,3033
0.068465653,3032
0.068469154,3031
0.068473299,3030
0.068605018,3029
0.068610127,3028
0.068615733,3027
0.068621929,3026
0.068642563,3025
0.068653456,3024
0.068775455,3023
0.068780473,3022
0.068790626,3021
0.068794897,3020
0.068798942,3019
0.068802905,3018
0.06880825,3017
0.068813903,3016
0.068817741,3015
0.068826221,3014
0.06882968,3013
0.068841549,3012
0.068850306,3011
0.068855446,3010
0.068861862,3009
0.068868563,3008
0.068872213,3007
0.068875724,3006
0.068879436,3005
0.068882177,3004
0.06888862,3003
0.068891416,3002
0.068894757,3001
0.068898077,3000
0.068901073,2999
0.068903668,2998
0.068906838,2997
0.068911175,2996
0.068919382,2995
0.068922211,2994
0.068925448,2993
0.068929329,2992
0.068932334,2991
0.06893509,2990
0.068937803,2989
0.068940511,2988
0.068943021,2987
0.068947576,2986
0.068950232,2985
0.068954523,2984
0.068957278,2983
0.068962718,2982
0.068966314,2981
0.068971342,2980
0.068975145,2979
0.068978953,2978
0.069021061,2977
0.06902434,2976
0.069031045,2975
0.069083034,2974
0.069089507,2973
0.069093141,2972
0.069097565,2971
0.069101422,2970
0.069106139,2969
0.069109607,2968
0.069112556,2967
0.069115415,2966
0.069118785,2965
0.069121676,2964
0.069127985,2963
0.069131577,2962
0.069134066,2961
0.069138832,2960
0.069144511,2959
0.069148662,2958
0.069151511,2957
0.069155366,2956
0.069159185,2955
0.069162153,2954
0.069166793,2953
0.069171051,2952
0.069174568,2951
0.069178038,2950
0.069185803,2949
0.069190179,2948
0.06919355,2947
0.069196988,2946
0.069200059,2945
0.069203281,2944
0.069244736,2943
0.069249278,2942
0.069255564,2941
0.06926122,2940
0.069266845,2939
0.069271467,2938
0.069276493,2937
0.069426474,2936
0.069437884,2935
0.069441699,2934
0.069447122,2933
0.0694518,2932
0.069492968,2931
0.069495932,2930
0.069502418,2929
0.069506979,2928
0.069526287,2927
0.069579059,2926
0.069582633,2925
0.069597498,2924
0.069603399,2923
0.069606548,2922
0.069609636,2921
0.069612457,2920
0.069615085,2919
0.069617699,2918
0.06962073,2917
0.069623307,2916
0.069628086,2915
0.069630696,2914
0.069636865,2913
0.069639509,2912
0.069642434,2911
0.069646321,2910
0.069648863,2909
0.069652536,2908
0.069659383,2907
0.069661688,2906
0.0696638,2905
0.069668006,2904
0.069670391,2903
0.069672683,2902
0.069676375,2901
0.06967884,2900
0.069692418,2899
0.069701385,2898
0.069705492,2897
0.069708788,2896
0.06971237,2895
0.069715213,2894
0.069719338,2893
0.0697223,2892
0.069725966,2891
0.069731579,2890
0.069734081,2889
0.06973738,2888
0.069742264,2887
0.069752807,2886
0.069757148,2885
0.069766146,2884
0.069768873,2883
0.069771463,2882
0.069774253,2881
0.06977685,2880
0.069780209,2879
0.069782708,2878
0.069788052,2877
0.069791701,2876
0.069794287,2875
0.069796872,2874
0.069799401,2873
0.0698018,2872
0.069805197,2871
0.069808588,2870
0.069811703,2869
0.069815423,2868
0.069818613,2867
0.069821402,2866
0.069825301,2865
0.069828552,2864
0.069834972,2863
0.069838341,2862
0.069843844,2861
0.069849344,2860
0.06985323,2859
0.069856138,2858
0.069859327,2857
0.069862515,2856
0.06986791,2855
0.069872597,2854
0.069889056,2853
0.069895206,2852
0.069899116,2851
0.0699041,2850
0.069910696,2849
0.069917734,2848
0.069963296,2847
0.069970246,2846
0.069976162,2845
0.069979967,2844
0.06998355,2843
0.06998707,2842
0.069991632,2841
0.070000333,2840
0.070004298,2839
0.07001738,2838
0.070023394,2837
0.070027304,2836
0.070031917,2835
0.070037349,2834
0.07004177,2833
0.070047475,2832
0.070053149,2831
0.070057082,2830
0.070061554,2829
0.070066035,2828
0.070077431,2827
0.070082225,2826
0.070088287,2825
0.070126768,2824
0.070131865,2823
0.07014069,2822
0.070145521,2821
0.070160016,2820
0.070165943,2819
0.070170785,2818
0.070176411,2817
0.070182616,2816
0.070216443,2815
0.070219978,2814
0.070223556,2813
0.070227064,2812
0.070238288,2811
0.070243384,2810
0.07024739,2809
0.070251407,2808
0.070282435,2807
0.070286427,2806
0.070472538,2805
0.07048161,2804
0.070485997,2803
0.070499316,2802
0.07050312,2801
0.070506822,2800
0.072426531,2799
0.072437324,2798
0.072444275,2797
0.072449018,2796
0.072452672,2795
0.072456373,2794
0.072459628,2793
0.072464612,2792
0.072469342,2791
0.07247286,2790
0.072479081,2789
0.072485679,2788
0.072489532,2787
0.072496885,2786
0.072504505,2785
0.072508759,2784
0.072514521,2783
0.072519122,2782
0.072525216,2781
0.072530346,2780
0.072535222,2779
0.072538644,2778
0.072542314,2777
0.072545431,2776
0.072550094,2775
0.072554096,2774
0.072558622,2773
0.072565509,2772
0.072569345,2771
0.072576192,2770
0.072580282,2769
0.072590522,2768
0.072594912,2767
0.072600122,2766
0.072603661,2765
0.072607169,2764
0.072616544,2763
0.07262023,2762
0.072623948,2761
0.072627248,2760
0.072633079,2759
0.072637469,2758
0.072639993,2757
0.072658089,2756
0.072661891,2755
0.072665499,2754
0.072670317,2753
0.072674815,2752
0.072677469,2751
0.072680266,2750
0.07268303,2749
0.072685793,2748
0.072688763,2747
0.072692348,2746
0.072694901,2745
0.072697381,2744
0.072700137,2743
0.072702543,2742
0.072705226,2741
0.072708958,2740
0.072712309,2739
0.072723717,2738
0.072727276,2737
0.072730763,2736
0.072734084,2735
0.072738911,2734
0.072743502,2733
0.072748117,2732
0.072753092,2731
0.072757,2730
0.072763456,2729
0.072766589,2728
0.072770736,2727
0.072776286,2726
0.072782013,2725
0.07281412,2724
0.072818431,2723
0.072825956,2722
0.072830257,2721
0.072836414,2720
0.072840286,2719
0.072843271,2718
0.072846632,2717
0.072851827,2716
0.072854842,2715
0.072858672,2714
0.072861431,2713
0.072863923,2712
0.072866395,2711
0.072869832,2710
0.072872704,2709
0.072876983,2708
0.072885542,2707
0.072888457,2706
0.072894975,2705
0.072900705,2704
0.07290623,2703
0.072909038,2702
0.07291147,2701
0.072914148,2700
0.07291779,2699
0.072922288,2698
0.07294452,2697
0.072948616,2696
0.072951296,2695
0.072954425,2694
0.072958308,2693
0.072961852,2692
0.072965465,2691
0.072968713,2690
0.072972366,2689
0.072976088,2688
0.072981553,2687
0.072984142,2686
0.072987445,2685
0.07299009,2684
0.072995786,2683
0.072998361,2682
0.073001037,2681
0.073006524,2680
0.073008983,2679
0.073011653,2678
0.073015152,2677
0.073019073,2676
0.073022146,2675
0.073025494,2674
0.073028362,2673
0.073032564,2672
0.07303668,2671
0.073039327,2670
0.073043508,2669
0.073048587,2668
0.073052535,2667
0.073056118,2666
0.073060355,2665
0.073063394,2664
0.073065779,2663
0.073069822,2662
0.073073151,2661
0.073075969,2660
0.073085019,2659
0.073092416,2658
0.073097482,2657
0.073102197,2656
0.073105211,2655
0.073115139,2654
0.073119956,2653
0.073122606,2652
0.073126674,2651
0.073130173,2650
0.073136443,2649
0.073139059,2648
0.073144952,2647
0.073149132,2646
0.073156252,2645
0.073160416,2644
0.073163877,2643
0.073169373,2642
0.073175146,2641
0.073177939,2640
0.073182352,2639
0.073186276,2638
0.073189275,2637
0.073192738,2636
0.073195598,2635
0.073198784,2634
0.073204274,2633
0.073208738,2632
0.073211473,2631
0.073214252,2630
0.073217766,2629
0.073220582,2628
0.073223648,2627
0.073229245,2626
0.073233825,2625
0.073239419,2624
0.073243437,2623
0.073246846,2622
0.073250639,2621
0.073255814,2620
0.073259386,2619
0.073263029,2618
0.073268692,2617
0.073272287,2616
0.073276122,2615
0.073279902,2614
0.07328626,2613
0.073288917,2612
0.073293725,2611
0.073306223,2610
0.073315428,2609
0.073321096,2608
0.073326641,2607
0.073339266,2606
0.073359325,2605
0.073361974,2604
0.073366101,2603
0.07337202,2602
0.073376225,2601
0.07337942,2600
0.07338994,2599
0.073398117,2598
0.073407513,2597
0.073414645,2596
0.073422655,2595
0.073426269,2594
0.073432427,2593
0.073439497,2592
0.073443266,2591
0.073447834,2590
0.073452167,2589
0.073458427,2588
0.073463122,2587
0.073467486,2586
0.073470822,2585
0.073474238,2584
0.073477607,2583
0.073481111,2582
0.07348594,2581
0.073489413,2580
0.073492888,2579
0.073497345,2578
0.073501222,2577
0.073505999,2576
0.073513279,2575
0.073516523,2574
0.073520633,2573
0.073523832,2572
0.073533149,2571
0.073536373,2570
0.073540028,2569
0.07354345,2568
0.073549572,2567
0.073552397,2566
0.073555302,2565
0.073558145,2564
0.073570611,2563
0.073575976,2562
0.073579907,2561
0.073584251,2560
0.073590289,2559
0.073596109,2558
0.073600334,2557
0.073606669,2556
0.073612547,2555
0.07362082,2554
0.073660808,2553
0.073668612,2552
0.073677109,2551
0.073683359,2550
0.07370266,2549
0.073708857,2548
0.073712808,2547
0.073716101,2546
0.073720123,2545
0.073723471,2544
0.073726752,2543
0.073733526,2542
0.073736661,2541
0.073739855,2540
0.073747878,2539
0.073752949,2538
0.073756672,2537
0.073760084,2536
0.073764036,2535
0.073772046,2534
0.073776244,2533
0.073812411,2532
0.073816842,2531
0.073822198,2530
0.07382466,2529
0.073829228,2528
0.073834946,2527
0.07384034,2526
0.073847254,2525
0.073852984,2524
0.073857706,2523
0.073862657,2522
0.073867184,2521
0.073871384,2520
0.073875334,2519
0.073884974,2518
0.073890206,2517
0.073894273,2516
0.073906207,2515
0.076193637,2514
0.0762033,2513
0.094218397,2512
0.094224683,2511
0.094268847,2510
0.09427366,2509
0.094277952,2508
0.094283498,2507
0.094286387,2506
0.09429184,2505
0.094304515,2504
0.094308161,2503
0.094314215,2502
0.094320381,2501
0.094324338,2500
0.094329661,2499
0.094345955,2498
0.094366735,2497
0.094372559,2496
0.09437807,2495
0.094385271,2494
0.094395407,2493
0.09440414,2492
0.094407936,2491
0.094414169,2490
0.094422007,2489
0.094426074,2488
0.094435649,2487
0.094472644,2486
0.094475924,2485
0.094481865,2484
0.094488949,2483
0.094499207,2482
0.094505122,2481
0.094513512,2480
0.094521529,2479
0.094527873,2478
0.094531402,2477
0.094536078,2476
0.094539582,2475
0.094543136,2474
0.094548139,2473
0.094551444,2472
0.094557666,2471
0.094567553,2470
0.09457326,2469
0.094578295,2468
0.094583911,2467
0.094590184,2466
0.094594424,2465
0.094604079,2464
0.09460957,2463
0.094618836,2462
0.094632253,2461
0.094638118,2460
0.094644542,2459
0.094656356,2458
0.09466099,2457
0.094663989,2456
0.09466803,2455
0.094697878,2454
0.094708718,2453
0.094719728,2452
0.094724648,2451
0.094728209,2450
0.09473287,2449
0.094737426,2448
0.094742967,2447
0.094746134,2446
0.094750039,2445
0.094783647,2444
0.094788528,2443
0.094798824,2442
0.094805418,2441
0.094820735,2440
0.094824325,2439
0.094827549,2438
0.09483371,2437
0.094839684,2436
0.094845908,2435
0.09484928,2434
0.094863909,2433
0.094879292,2432
0.094883305,2431
0.094888263,2430
0.094893946,2429
0.094954489,2428
0.094958806,2427
0.094965355,2426
0.095025357,2425
0.095031358,2424
0.09503576,2423
0.095042626,2422
0.095051173,2421
0.095057733,2420
0.095065013,2419
0.095089899,2418
0.095115983,2417
0.095119743,2416
0.095122481,2415
0.095127417,2414
0.09513191,2413
0.095138072,2412
0.095143725,2411
0.095148484,2410
0.095153799,2409
0.095177651,2408
0.095180117,2407
0.0952242,2406
0.095232872,2405
0.095240612,2404
0.095249687,2403
0.095256529,2402
0.095265439,2401
0.095307412,2400
0.095312792,2399
0.095316802,2398
0.095338935,2397
0.095394846,2396
0.095403425,2395
0.095415592,2394
0.095423508,2393
0.095427659,2392
0.095494657,2391
0.095503242,2390
0.095508387,2389
0.095514068,2388
0.095526245,2387
0.095531133,2386
0.095535079,2385
0.09553905,2384
0.095549676,2383
0.095557808,2382
0.0955604,2381
0.09561509,2380
0.095659844,2379
0.095668939,2378
0.095673065,2377
0.095681796,2376
0.095690647,2375
0.095695324,2374
0.095700139,2373
0.095705745,2372
0.095712722,2371
0.09571829,2370
0.095747797,2369
0.095753604,2368
0.095779758,2367
0.095785526,2366
0.095820063,2365
0.095826364,2364
0.095833478,2363
0.09583879,2362
0.095846106,2361
0.09586261,2360
0.095869433,2359
0.09587292,2358
0.095876063,2357
0.09588044,2356
0.095933331,2355
0.095946543,2354
0.095951937,2353
0.095961792,2352
0.096007338,2351
0.096013933,2350
0.096021137,2349
0.096024418,2348
0.096060451,2347
0.096064649,2346
0.096101953,2345
0.096108039,2344
0.09611514,2343
0.096132966,2342
0.096156995,2341
0.096173606,2340
0.096182371,2339
0.096188773,2338
0.096195158,2337
0.096200425,2336
0.096206564,2335
0.09621255,2334
0.096216965,2333
0.09645393,2332
0.096457943,2331
0.096465201,2330
0.096473283,2329
0.096484184,2328
0.09648834,2327
0.096492892,2326
0.096511447,2325
0.096535296,2324
0.096607176,2323
0.096609856,2322
0.096616007,2321
0.096665044,2320
0.096673183,2319
0.096684791,2318
0.096713765,2317
0.096721394,2316
0.096729469,2315
0.096759163,2314
0.09679169,2313
0.096796749,2312
0.096842956,2311
0.096852108,2310
0.096897404,2309
0.096915955,2308
0.096920372,2307
0.096985879,2306
0.097042292,2305
0.097201963,2304
0.097267262,2303
0.097277186,2302
0.097295324,2301
0.097334365,2300
0.097342854,2299
0.0974069,2298
0.097425919,2297
0.097483191,2296
0.097492892,2295
0.097727063,2294
0.097784953,2293
0.097868446,2292
0.097923229,2291
0.098102226,2290
0.098283028,2289
0.098433778,2288
