0.103963009,3669
0.104026535,3668
0.104075298,3667
0.1041153,3666
0.104153386,3665
0.104160372,3664
0.104167679,3663
0.104174624,3662
0.104181232,3661
0.104187483,3660
0.104197441,3659
0.104207603,3658
0.104219026,3657
0.104229779,3656
0.104241368,3655
0.104249789,3654
0.10425889,3653
0.104269306,3652
0.10427757,3651
0.104307115,3650
0.104328745,3649
0.104336463,3648
0.104345737,3647
0.104366995,3646
0.104379839,3645
0.104389767,3644
0.104400109,3643
0.104408877,3642
0.104443967,3641
0.10445417,3640
0.10447612,3639
0.104512185,3638
0.10452661,3637
0.10456497,3636
0.104602859,3635
0.104654813,3634
0.104690895,3633
0.10474437,3632
0.104779328,3631
0.104788183,3630
0.104797018,3629
0.104805014,3628
0.104841591,3627
0.104876924,3626
0.104886353,3625
0.104896593,3624
0.104905456,3623
0.104913578,3622
0.104921778,3621
0.104929666,3620
0.104963901,3619
0.104973282,3618
0.104980609,3617
0.104988779,3616
0.104997052,3615
0.10500549,3614
0.105013537,3613
0.105025659,3612
0.105032825,3611
0.105042151,3610
0.105048367,3609
0.105055624,3608
0.10507227,3607
0.105079025,3606
0.10512048,3605
0.1051321,3604
0.105139742,3603
0.10517797,3602
0.10521594,3601
0.105254423,3600
0.105293906,3599
0.105308274,3598
0.105320661,3597
0.107764285,3596
0.107847322,3595
0.107854155,3594
0.107867052,3593
0.107892036,3592
0.107899351,3591
0.10791317,3590
0.107924969,3589
0.107930093,3588
0.107935451,3587
0.107948465,3586
0.107960862,3585
0.107975216,3584
0.10799106,3583
0.107997118,3582
0.108010951,3581
0.108023906,3580
0.108029234,3579
0.108034961,3578
0.108051843,3577
0.108057884,3576
0.108064654,3575
0.108106642,3574
0.108113583,3573
0.108153874,3572
0.108169611,3571
0.108186322,3570
0.108194483,3569
0.10820235,3568
0.108223022,3567
0.108230438,3566
0.108245517,3565
0.108252591,3564
0.108270229,3563
0.108287695,3562
0.108302827,3561
0.108313747,3560
0.108328924,3559
0.108343618,3558
0.108363945,3557
0.108373556,3556
0.108387261,3555
0.108399814,3554
0.108406881,3553
0.108420681,3552
0.108435972,3551
0.108449456,3550
0.108465108,3549
0.108471724,3548
0.108477558,3547
0.108483276,3546
0.10849564,3545
0.108500826,3544
0.10851371,3543
0.108535704,3542
0.108549603,3541
0.108557417,3540
0.108562118,3539
0.108570701,3538
0.108575062,3537
0.108579508,3536
0.108584052,3535
0.108588626,3534
0.108593658,3533
0.108599269,3532
0.108603721,3531
0.108608808,3530
0.108613599,3529
0.108619116,3528
0.108624796,3527
0.108629662,3526
0.108634399,3525
0.108639431,3524
0.108644275,3523
0.108648817,3522
0.108653672,3521
0.108659074,3520
0.108664533,3519
0.108677468,3518
0.108683837,3517
0.1086888,3516
0.108701713,3515
0.108740605,3514
0.108775045,3513
0.108816005,3512
0.108821665,3511
0.108827069,3510
0.108832113,3509
0.108843368,3508
0.10908608,3507
0.109094335,3506
0.109099744,3505
0.109105875,3504
0.10912506,3503
0.10912989,3502
0.109133588,3501
0.10913739,3500
0.109140757,3499
0.109147076,3498
0.109154011,3497
0.109186271,3496
0.109192373,3495
0.109197992,3494
0.109203913,3493
0.109209895,3492
0.109215794,3491
0.109221641,3490
0.109227232,3489
0.109233148,3488
0.10923744,3487
0.109241575,3486
0.109250548,3485
0.10925572,3484
0.109262176,3483
0.109300877,3482
0.109363501,3481
0.109372492,3480
0.109381736,3479
0.109391035,3478
0.109401797,3477
0.111930132,3476
0.111939955,3475
0.111944014,3474
0.111947616,3473
0.111951538,3472
0.111955099,3471
0.111958834,3470
0.111962097,3469
0.11196586,3468
0.11196935,3467
0.111974904,3466
0.111981321,3465
0.111985217,3464
0.111989259,3463
0.111993903,3462
0.111999148,3461
0.112003235,3460
0.112007575,3459
0.112013562,3458
0.112018194,3457
0.112022684,3456
0.112026921,3455
0.112031278,3454
0.112035632,3453
0.112039944,3452
0.11204433,3451
0.112048787,3450
0.112053397,3449
0.112057754,3448
0.112062102,3447
0.112066367,3446
0.112070474,3445
0.112074639,3444
0.112078709,3443
0.11208251,3442
0.112086354,3441
0.112090022,3440
0.112093615,3439
0.112097195,3438
0.112100932,3437
0.112104558,3436
0.112108344,3435
0.112111881,3434
0.112115284,3433
0.112119819,3432
0.1121258,3431
0.112132264,3430
0.112148152,3429
0.112160237,3428
0.112172785,3427
0.112179765,3426
0.112187479,3425
0.112194426,3424
0.112212025,3423
0.112218543,3422
0.112225088,3421
0.112231329,3420
0.112238296,3419
0.112244609,3418
0.112251429,3417
0.112257182,3416
0.112262666,3415
0.112272462,3414
0.112330887,3413
0.112338237,3412
0.112343341,3411
0.112348429,3410
0.112352963,3409
0.112357629,3408
0.112362274,3407
0.112367767,3406
0.112372954,3405
0.112377473,3404
0.112383483,3403
0.112388669,3402
0.112394209,3401
0.112399917,3400
0.112405671,3399
0.112411145,3398
0.112416116,3397
0.112421123,3396
0.112426225,3395
0.112431645,3394
0.11244103,3393
0.112449073,3392
0.112459717,3391
0.112464479,3390
0.112468772,3389
0.112472889,3388
0.11247726,3387
0.112481391,3386
0.112486976,3385
0.112492503,3384
0.112497176,3383
0.112503516,3382
0.112509641,3381
0.112514424,3380
0.112522079,3379
0.112529366,3378
0.112543614,3377
0.112548802,3376
0.112553199,3375
0.112557436,3374
0.112561952,3373
0.112566972,3372
0.112572812,3371
0.112577692,3370
0.112583268,3369
0.112634363,3368
0.112668226,3367
0.112672966,3366
0.112677962,3365
0.112682477,3364
0.112687175,3363
0.112692011,3362
0.112697624,3361
0.113820186,3360
0.113860846,3359
0.113870191,3358
0.113875884,3357
0.113881229,3356
0.113886103,3355
0.113891367,3354
0.113898705,3353
0.113904084,3352
0.11390963,3351
0.113914969,3350
0.113921096,3349
0.113931863,3348
0.113936447,3347
0.113941327,3346
0.113946606,3345
0.113951265,3344
0.113956171,3343
0.113961115,3342
0.113965671,3341
0.113970031,3340
0.113974662,3339
0.113978941,3338
0.113983354,3337
0.113992063,3336
0.113997091,3335
0.114562384,3334
0.114571983,3333
0.114576949,3332
0.114590887,3331
0.114595153,3330
0.114599493,3329
0.114604101,3328
0.114608498,3327
0.114612664,3326
0.114616748,3325
0.114621162,3324
0.114626054,3323
0.114630569,3322
0.1146353,3321
0.114640295,3320
0.114644704,3319
0.114649069,3318
0.114653521,3317
0.11465828,3316
0.114662798,3315
0.114668311,3314
0.114673731,3313
0.114678627,3312
0.11468354,3311
0.114688691,3310
0.114693184,3309
0.114697946,3308
0.114703126,3307
0.114707585,3306
0.114721504,3305
0.114725476,3304
0.114730064,3303
0.114733897,3302
0.114754505,3301
0.114758366,3300
0.114762318,3299
0.114766538,3298
0.114770824,3297
0.114775104,3296
0.114805238,3295
0.11480993,3294
0.114822072,3293
0.114833808,3292
0.114846176,3291
0.114882752,3290
0.114888491,3289
0.11489366,3288
0.114902764,3287
0.114926835,3286
0.114931393,3285
0.114935946,3284
0.114940196,3283
0.114944843,3282
0.114990869,3281
0.114994423,3280
0.114998812,3279
0.115013135,3278
0.115016876,3277
0.115020396,3276
0.115023805,3275
0.115027202,3274
0.115030641,3273
0.115034247,3272
0.115037868,3271
0.115041213,3270
0.115045051,3269
0.115048953,3268
0.115053033,3267
0.115056778,3266
0.115060112,3265
0.115063694,3264
0.11506717,3263
0.115070216,3262
0.115073722,3261
0.115077075,3260
0.115081168,3259
0.115085253,3258
0.115088725,3257
0.115092428,3256
0.115096643,3255
0.115100681,3254
0.115104365,3253
0.115108418,3252
0.115112167,3251
0.11511608,3250
0.115119578,3249
0.115123231,3248
0.115127243,3247
0.115130879,3246
0.115134594,3245
0.115137787,3244
0.115141383,3243
0.115206626,3242
0.115210947,3241
0.115214707,3240
0.115218398,3239
0.115222056,3238
0.115224943,3237
0.115227408,3236
0.115229913,3235
0.115232423,3234
0.115234773,3233
0.11523709,3232
0.11523916,3231
0.115241333,3230
0.115243848,3229
0.115245974,3228
0.115248235,3227
0.115250778,3226
0.115253039,3225
0.115255303,3224
0.115257833,3223
0.1152602,3222
0.115262541,3221
0.115265698,3220
0.115268924,3219
0.115272049,3218
0.115275361,3217
0.115278702,3216
0.115282183,3215
0.115285721,3214
0.115288914,3213
0.115292494,3212
0.115295463,3211
0.115298032,3210
0.115302425,3209
0.115306128,3208
0.115309559,3207
0.115313053,3206
0.115320185,3205
0.115323293,3204
0.115326314,3203
0.11532929,3202
0.115332357,3201
0.11533567,3200
0.11533876,3199
0.11534199,3198
0.115345524,3197
0.11534901,3196
0.115352557,3195
0.115356229,3194
0.115360237,3193
0.11536489,3192
0.115368546,3191
0.115403718,3190
0.115440895,3189
0.115445579,3188
0.115449399,3187
0.11545326,3186
0.115456603,3185
0.115460143,3184
0.115463033,3183
0.115466055,3182
0.115469112,3181
0.11547236,3180
0.115479827,3179
0.115483249,3178
0.115486983,3177
0.115492759,3176
0.115498332,3175
0.115501613,3174
0.115505509,3173
0.115508477,3172
0.115511203,3171
0.115514123,3170
0.115517151,3169
0.115520894,3168
0.115523941,3167
0.115526844,3166
0.115529474,3165
0.115532292,3164
0.11557437,3163
0.115617836,3162
0.115657,3161
0.115684617,3160
0.115755839,3159
0.115791611,3158
0.115870158,3157
0.115876321,3156
0.115880008,3155
0.115883178,3154
0.115886652,3153
0.115889859,3152
0.115896305,3151
0.115900126,3150
0.117638818,3149
0.117647889,3148
0.117651684,3147
0.117657517,3146
0.117661765,3145
0.117696692,3144
0.117703655,3143
0.117710186,3142
0.117714395,3141
0.117750036,3140
0.117754366,3139
0.117758357,3138
0.117761876,3137
0.117765812,3136
0.117768322,3135
0.117773217,3134
0.117776326,3133
0.117781425,3132
0.117785295,3131
0.117788245,3130
0.117793945,3129
0.117797825,3128
0.117800777,3127
0.117803398,3126
0.117806254,3125
0.117812586,3124
0.117815309,3123
0.117821502,3122
0.117823796,3121
0.117826215,3120
0.117828446,3119
0.1178319,3118
0.117835739,3117
0.117838181,3116
0.117842326,3115
0.117844806,3114
0.11784742,3113
0.1178497,3112
0.117853702,3111
0.117859859,3110
0.117862934,3109
0.117865587,3108
0.11786838,3107
0.117874102,3106
0.11787901,3105
0.117881881,3104
0.117886202,3103
0.117890076,3102
0.117897523,3101
0.117900035,3100
0.117909758,3099
0.117916664,3098
0.117919012,3097
0.117921699,3096
0.117924046,3095
0.117929391,3094
0.117931829,3093
0.117934124,3092
0.117936662,3091
0.117939024,3090
0.117941443,3089
0.117944963,3088
0.117947624,3087
0.117950443,3086
0.117953184,3085
0.117956779,3084
0.117959569,3083
0.117962443,3082
0.117967516,3081
0.117971633,3080
0.11797588,3079
0.117981734,3078
0.117984613,3077
0.117989758,3076
0.117993882,3075
0.117996462,3074
0.117999464,3073
0.118002355,3072
0.118006237,3071
0.118011205,3070
0.118014934,3069
0.118018251,3068
0.118021687,3067
0.118025463,3066
0.118030415,3065
0.118034071,3064
0.118037779,3063
0.118042809,3062
0.118046357,3061
0.11804995,3060
0.11805363,3059
0.118057225,3058
0.118060695,3057
0.118071313,3056
0.118074718,3055
0.118079289,3054
0.118082811,3053
0.118087196,3052
0.118094127,3051
0.118097675,3050
0.118101037,3049
0.118104543,3048
0.11810804,3047
0.1181113,3046
0.118114779,3045
0.118123252,3044
0.118126508,3043
0.118130273,3042
0.118136696,3041
0.118141611,3040
0.118145791,3039
0.118149249,3038
0.118152543,3037
0.118157455,3036
0.118161773,3035
0.11816477,3034
0.118169123,3033
0.118178485,3032
0.118181615,3031
0.118184902,3030
0.118188281,3029
0.118191707,3028
0.118197471,3027
0.118201551,3026
0.118210255,3025
0.118214139,3024
0.118217471,3023
0.118220713,3022
0.118226631,3021
0.11823406,3020
0.11824085,3019
0.118244607,3018
0.118248276,3017
0.118259534,3016
0.118266794,3015
0.118270251,3014
0.118281683,3013
0.118284965,3012
0.118292987,3011
0.118298026,3010
0.118301514,3009
0.118308595,3008
0.118311979,3007
0.118315468,3006
0.118319027,3005
0.118324175,3004
0.118327249,3003
0.118330401,3002
0.118333492,3001
0.118336824,3000
0.118343293,2999
0.11834887,2998
0.118353433,2997
0.118357684,2996
0.118362318,2995
0.118364829,2994
0.118368612,2993
0.118372163,2992
0.1183745,2991
0.118377785,2990
0.118380328,2989
0.118383877,2988
0.11838617,2987
0.118389593,2986
0.118392283,2985
0.118395013,2984
0.1183977,2983
0.11840048,2982
0.118403433,2981
0.118405793,2980
0.118409245,2979
0.11841284,2978
0.118418219,2977
0.118421574,2976
0.118428951,2975
0.118432546,2974
0.118437039,2973
0.118440479,2972
0.118449972,2971
0.118453833,2970
0.118457258,2969
0.118460704,2968
0.118464104,2967
0.118466637,2966
0.11846937,2965
0.118471912,2964
0.118474184,2963
0.118476298,2962
0.118479721,2961
0.118481836,2960
0.118484262,2959
0.11848648,2958
0.118491193,2957
0.118493634,2956
0.118496217,2955
0.118509138,2954
0.118512323,2953
0.118519358,2952
0.118521846,2951
0.118526236,2950
0.118528823,2949
0.118531219,2948
0.118538195,2947
0.11854161,2946
0.118544428,2945
0.118548082,2944
0.11855033,2943
0.118556395,2942
0.118559068,2941
0.118565714,2940
0.118569122,2939
0.118572894,2938
0.118578375,2937
0.1185818,2936
0.11858512,2935
0.11858866,2934
0.118593332,2933
0.118598654,2932
0.118609417,2931
0.118613788,2930
0.118632332,2929
0.118635694,2928
0.118640095,2927
0.11864509,2926
0.118648634,2925
0.118653334,2924
0.118657249,2923
0.118660179,2922
0.118662863,2921
0.118670179,2920
0.118674459,2919
0.118679289,2918
0.118689284,2917
0.118694646,2916
0.118698421,2915
0.118702055,2914
0.118705858,2913
0.11871088,2912
0.118714782,2911
0.118721588,2910
0.118728675,2909
0.118732072,2908
0.118735849,2907
0.11873954,2906
0.118746673,2905
0.118754918,2904
0.118759978,2903
0.118763113,2902
0.118766645,2901
0.118769896,2900
0.118773703,2899
0.118781999,2898
0.11878584,2897
0.118789835,2896
0.118793714,2895
0.118800034,2894
0.118805893,2893
0.118810392,2892
0.118814562,2891
0.118818543,2890
0.118826131,2889
0.118834679,2888
0.11884005,2887
0.118845035,2886
0.118849266,2885
0.11885374,2884
0.118859236,2883
0.118866367,2882
0.118872133,2881
0.118879442,2880
0.118883393,2879
0.118887203,2878
0.118891035,2877
0.118906119,2876
0.118910523,2875
0.118914956,2874
0.118918942,2873
0.118924019,2872
0.118927792,2871
0.118933616,2870
0.118992608,2869
0.118995972,2868
0.11899967,2867
0.119003229,2866
0.119008027,2865
0.119016051,2864
0.119019677,2863
0.119033698,2862
0.119038444,2861
0.119042566,2860
0.119045866,2859
0.119050422,2858
0.119054139,2857
0.119061326,2856
0.119065183,2855
0.119069837,2854
0.119074184,2853
0.119077399,2852
0.119081018,2851
0.119084424,2850
0.119088487,2849
0.119092292,2848
0.119095831,2847
0.119102749,2846
0.119106681,2845
0.119110546,2844
0.119119784,2843
0.119123126,2842
0.119128558,2841
0.119132644,2840
0.119137445,2839
0.119144426,2838
0.119149381,2837
0.119154639,2836
0.119158458,2835
0.119161806,2834
0.119165124,2833
0.119169667,2832
0.119172878,2831
0.119176584,2830
0.119202952,2829
0.11920798,2828
0.119212421,2827
0.11921665,2826
0.119220327,2825
0.11922493,2824
0.119231205,2823
0.119239572,2822
0.119245411,2821
0.119249096,2820
0.11925454,2819
0.119259764,2818
0.11927475,2817
0.119278919,2816
0.119285499,2815
0.119294254,2814
0.119300905,2813
0.119305905,2812
0.119315633,2811
0.119325867,2810
0.119332426,2809
0.119350907,2808
0.119354814,2807
0.11936396,2806
0.119371331,2805
0.119403423,2804
0.119410165,2803
0.120154722,2802
0.120596233,2801
0.120603785,2800
0.120626401,2799
0.120633001,2798
0.120638223,2797
0.120642058,2796
0.120675805,2795
0.120679768,2794
0.120686423,2793
0.120690259,2792
0.120746993,2791
0.120751601,2790
0.120757706,2789
0.120763282,2788
0.120767833,2787
0.120772702,2786
0.120775349,2785
0.120779044,2784
0.120783667,2783
0.1207884,2782
0.12079374,2781
0.120800547,2780
0.120813148,2779
0.120816941,2778
0.120820522,2777
0.120825664,2776
0.120831253,2775
0.120835584,2774
0.12083896,2773
0.120864343,2772
0.120869775,2771
0.120873231,2770
0.120889123,2769
0.12089262,2768
0.120897735,2767
0.12090199,2766
0.120907285,2765
0.120910346,2764
0.120913594,2763
0.120918144,2762
0.120920971,2761
0.120923644,2760
0.120947642,2759
0.120975906,2758
0.120980923,2757
0.120983891,2756
0.120986475,2755
0.120989231,2754
0.120994357,2753
0.120997482,2752
0.121000101,2751
0.121004697,2750
0.121010755,2749
0.121048808,2748
0.121074738,2747
0.121080074,2746
0.121106185,2745
0.121110212,2744
0.121113787,2743
0.121118837,2742
0.121122974,2741
0.121126309,2740
0.12112944,2739
0.121133237,2738
0.121148211,2737
0.121152081,2736
0.121154682,2735
0.121158125,2734
0.121162783,2733
0.121166293,2732
0.121179915,2731
0.121186811,2730
0.121191957,2729
0.121195179,2728
0.121199855,2727
0.121204109,2726
0.121209772,2725
0.121214804,2724
0.121220069,2723
0.121280349,2722
0.121284396,2721
0.121288087,2720
0.121292347,2719
0.12129653,2718
0.121300213,2717
0.121303878,2716
0.121312203,2715
0.121316786,2714
0.121320714,2713
0.121324572,2712
0.121330126,2711
0.1213341,2710
0.121338291,2709
0.121342148,2708
0.121346823,2707
0.121350408,2706
0.121354366,2705
0.121358856,2704
0.121364514,2703
0.12136817,2702
0.121374134,2701
0.121378921,2700
0.121390064,2699
0.121396298,2698
0.121445554,2697
0.121451799,2696
0.121455563,2695
0.121458557,2694
0.121462561,2693
0.12146754,2692
0.121474252,2691
0.121481412,2690
0.121486123,2689
0.121489474,2688
0.121492722,2687
0.121495774,2686
0.121501709,2685
0.121511307,2684
0.121516789,2683
0.121520977,2682
0.121524948,2681
0.121529494,2680
0.121535977,2679
0.121538932,2678
0.121543365,2677
0.121548025,2676
0.121557383,2675
0.12156055,2674
0.121567888,2673
0.121576197,2672
0.121578881,2671
0.121582098,2670
0.121587106,2669
0.121590247,2668
0.121622094,2667
0.12163445,2666
0.121638877,2665
0.121642194,2664
0.121649048,2663
0.121652343,2662
0.12165583,2661
0.12166094,2660
0.121665385,2659
0.121668567,2658
0.121671726,2657
0.121678482,2656
0.121681561,2655
0.121684524,2654
0.121687977,2653
0.121693816,2652
0.121696769,2651
0.12170185,2650
0.121706648,2649
0.121710757,2648
0.121715845,2647
0.121719892,2646
0.121723198,2645
0.121743033,2644
0.121746793,2643
0.121750957,2642
0.121754967,2641
0.121760274,2640
0.121764504,2639
0.121775202,2638
0.121782948,2637
0.121786705,2636
0.121791129,2635
0.121802081,2634
0.121812929,2633
0.121817537,2632
0.12182729,2631
0.121831035,2630
0.12185048,2629
0.121879742,2628
0.121885324,2627
0.121921635,2626
0.121927369,2625
0.121940601,2624
0.121945021,2623
0.121958642,2622
0.121962218,2621
0.121966589,2620
0.121971718,2619
0.121983259,2618
0.121986927,2617
0.121993053,2616
0.12199677,2615
0.122010014,2614
0.12202204,2613
0.122025438,2612
0.122029749,2611
0.122036514,2610
0.122039703,2609
0.122044393,2608
0.122047439,2607
0.122052636,2606
0.122059528,2605
0.122062928,2604
0.122068017,2603
0.122072916,2602
0.122080725,2601
0.122084695,2600
0.122088293,2599
0.122091088,2598
0.122098621,2597
0.122101648,2596
0.122104278,2595
0.122108267,2594
0.122111699,2593
0.12212753,2592
0.122131241,2591
0.122134738,2590
0.122137503,2589
0.122140198,2588
0.12214263,2587
0.12215098,2586
0.122154703,2585
0.122158287,2584
0.122163027,2583
0.122169478,2582
0.122179231,2581
0.122181766,2580
0.122190431,2579
0.122193293,2578
0.122203187,2577
0.122209145,2576
0.122212739,2575
0.122216063,2574
0.122228106,2573
0.122231503,2572
0.122240246,2571
0.122278638,2570
0.122282034,2569
0.122284809,2568
0.122288097,2567
0.12229148,2566
0.122294795,2565
0.122298897,2564
0.122303177,2563
0.1223107,2562
0.122313926,2561
0.12231776,2560
0.122332438,2559
0.122349264,2558
0.122356228,2557
0.122389025,2556
0.122402219,2555
0.12241342,2554
0.1224875,2553
0.122493081,2552
0.122498148,2551
0.122502629,2550
0.122506628,2549
0.1225143,2548
0.122522208,2547
0.122536315,2546
0.12255227,2545
0.122558006,2544
0.122561619,2543
0.12256712,2542
0.122571839,2541
0.122577179,2540
0.122580748,2539
0.122598185,2538
0.122604156,2537
0.122608742,2536
0.122612098,2535
0.122617155,2534
0.122620404,2533
0.122642221,2532
0.122645701,2531
0.122649881,2530
0.122652644,2529
0.122656123,2528
0.122659631,2527
0.122664897,2526
0.122668552,2525
0.122671791,2524
0.122680588,2523
0.122683764,2522
0.122688441,2521
0.122706369,2520
0.122710588,2519
0.122713927,2518
0.122719488,2517
0.123540226,2516
0.123545827,2515
0.123552507,2514
0.12355818,2513
0.123561811,2512
0.123565875,2511
0.123583344,2510
0.123591224,2509
0.123594456,2508
0.123634479,2507
0.123641112,2506
0.123644513,2505
0.123648566,2504
0.123654887,2503
0.12365854,2502
0.12368682,2501
0.123710194,2500
0.123715564,2499
0.123720283,2498
0.123729243,2497
0.123734869,2496
0.123738465,2495
0.12374356,2494
0.123748784,2493
0.12375182,2492
0.123759822,2491
0.123770163,2490
0.123775428,2489
0.123783365,2488
0.123803609,2487
0.123810056,2486
0.123819455,2485
0.123824048,2484
0.123877124,2483
0.123884789,2482
0.12391392,2481
0.123919197,2480
0.123923947,2479
0.123928554,2478
0.123935215,2477
0.123941592,2476
0.123946311,2475
0.123956633,2474
0.12395912,2473
0.123965271,2472
0.123972032,2471
0.123975825,2470
0.123981754,2469
0.124056007,2468
0.124071386,2467
0.124107173,2466
0.124124243,2465
0.124127616,2464
0.124145021,2463
0.124150415,2462
0.124153682,2461
0.124161001,2460
0.124163686,2459
0.124166396,2458
0.124170352,2457
0.124173923,2456
0.124176508,2455
0.12417988,2454
0.124191806,2453
0.124195419,2452
0.12419835,2451
0.124201026,2450
0.124211173,2449
0.124232591,2448
0.12423867,2447
0.124244084,2446
0.124248091,2445
0.12425247,2444
0.124261971,2443
0.12426881,2442
0.124286522,2441
0.124295323,2440
0.124298348,2439
0.124303182,2438
0.124306147,2437
0.124309413,2436
0.124319351,2435
0.124401554,2434
0.124409435,2433
0.124443922,2432
0.124448814,2431
0.124483991,2430
0.124499994,2429
0.124513997,2428
0.124518626,2427
0.124527412,2426
0.124541533,2425
0.124582256,2424
0.124672846,2423
0.124720943,2422
0.124726167,2421
0.124730794,2420
0.124740271,2419
0.124761615,2418
0.12476468,2417
0.124767558,2416
0.124796155,2415
0.124801457,2414
0.124805785,2413
0.124811916,2412
0.124858489,2411
0.124861636,2410
0.124865798,2409
0.1249049,2408
0.12491527,2407
0.124923486,2406
0.124933265,2405
0.124946941,2404
0.124950835,2403
0.124959087,2402
0.124973805,2401
0.124980708,2400
0.124988328,2399
0.124991708,2398
0.124995215,2397
0.125001977,2396
0.125016933,2395
0.125024564,2394
0.125031073,2393
0.12503965,2392
0.125064097,2391
0.125070571,2390
0.125073093,2389
0.125080118,2388
0.125088279,2387
0.125099905,2386
0.125107677,2385
0.125124986,2384
0.125128812,2383
0.125134069,2382
0.125137534,2381
0.125146119,2380
0.125152429,2379
0.125157064,2378
0.125165087,2377
0.125171987,2376
0.1251765,2375
0.125180851,2374
0.125224405,2373
0.125227385,2372
0.125230169,2371
0.125244626,2370
0.125258449,2369
0.125262923,2368
0.125265969,2367
0.125268931,2366
0.125271998,2365
0.125275521,2364
0.125282807,2363
0.125287668,2362
0.125300101,2361
0.125309172,2360
0.125318679,2359
0.125330693,2358
0.125334749,2357
0.125340819,2356
0.125355133,2355
0.12535888,2354
0.125364095,2353
0.125367783,2352
0.125373823,2351
0.125473171,2350
0.125479947,2349
0.125501632,2348
0.127283308,2347
0.127293625,2346
0.127301457,2345
0.127326437,2344
0.127342179,2343
0.127355389,2342
0.127360515,2341
0.127366967,2340
0.127369917,2339
0.127374896,2338
0.127410352,2337
0.12745408,2336
0.127458804,2335
0.127465131,2334
0.127473266,2333
0.127521793,2332
0.127527365,2331
0.127557695,2330
0.127562652,2329
0.128148889,2328
0.128562334,2327
0.128584404,2326
0.1286015,2325
0.128636103,2324
0.128651555,2323
0.128654522,2322
0.128657623,2321
0.128696814,2320
0.128707634,2319
0.128719781,2318
0.128728717,2317
0.128736231,2316
0.128745184,2315
0.128750218,2314
0.128778688,2313
0.128823897,2312
0.12882918,2311
0.128849547,2310
0.128856128,2309
0.128876112,2308
0.128897851,2307
0.128911766,2306
0.128938254,2305
0.128945928,2304
0.128949232,2303
0.129011062,2302
0.129016185,2301
0.129059694,2300
0.129149358,2299
0.129491821,2298
0.129574487,2297
0.129622869,2296
0.129688707,2295
0.129795078,2294
0.129810404,2293
0.129907316,2292
0.129946579,2291
0.131342855,2290
0.131355528,2289
0.131703518,2288
0.131847159,2287
0.131853602,2286
0.131929394,2285
0.132187308,2284
0.132467701,2283
0.13266932,2282
