0.07301429,3669
0.073151005,3668
0.073206118,3667
0.073253771,3666
0.073356644,3665
0.073431468,3664
0.073502512,3663
0.073522046,3662
0.073568205,3661
0.074160368,3660
0.074645901,3659
0.074692421,3658
0.075228182,3657
0.075762638,3656
0.075788109,3655
0.075827131,3654
0.075873883,3653
0.075882757,3652
0.07589827,3651
0.075914977,3650
0.075924643,3649
0.076487588,3648
0.076528018,3647
0.076538308,3646
0.076576817,3645
0.076612281,3644
0.076845909,3643
0.076885572,3642
0.076892986,3641
0.076903391,3640
0.076918786,3639
0.076927726,3638
0.076995787,3637
0.077005252,3636
0.078352486,3635
0.078364064,3634
0.078372113,3633
0.078378851,3632
0.078386184,3631
0.07839369,3630
0.078399549,3629
0.078405334,3628
0.078412109,3627
0.078441168,3626
0.078451248,3625
0.078463159,3624
0.078468149,3623
0.078476136,3622
0.078481054,3621
0.078486072,3620
0.078493897,3619
0.078501383,3618
0.07850843,3617
0.078521748,3616
0.078785348,3615
0.078794573,3614
0.078802221,3613
0.07881141,3612
0.078824937,3611
0.078846369,3610
0.078859078,3609
0.078869279,3608
0.078877586,3607
0.078929597,3606
0.078958089,3605
0.078969779,3604
0.078979826,3603
0.078988785,3602
0.079001291,3601
0.079008974,3600
0.079016295,3599
0.07902383,3598
0.079039142,3597
0.079058202,3596
0.079067324,3595
0.079097628,3594
0.079105415,3593
0.079112539,3592
0.079126334,3591
0.079139305,3590
0.079145536,3589
0.079151189,3588
0.079157836,3587
0.079163945,3586
0.079177056,3585
0.079185946,3584
0.079202019,3583
0.079216123,3582
0.079229359,3581
0.079242941,3580
0.079255212,3579
0.079264252,3578
0.079274435,3577
0.07928393,3576
0.079291421,3575
0.079304615,3574
0.079343318,3573
0.079351817,3572
0.079379329,3571
0.0793859,3570
0.079393824,3569
0.079402901,3568
0.079409349,3567
0.079451188,3566
0.079464813,3565
0.079506051,3564
0.079515119,3563
0.079528589,3562
0.079534708,3561
0.079540351,3560
0.079543993,3559
0.079547794,3558
0.079555878,3557
0.079559237,3556
0.07956321,3555
0.079567352,3554
0.079571343,3553
0.079574804,3552
0.079582192,3551
0.079591707,3550
0.079599701,3549
0.079617496,3548
0.079632658,3547
0.079650309,3546
0.079658234,3545
0.079987426,3544
0.079998752,3543
0.080018354,3542
0.08006948,3541
0.080075149,3540
0.080128151,3539
0.080134798,3538
0.080147228,3537
0.080155458,3536
0.080161024,3535
0.080173891,3534
0.080212191,3533
0.080226232,3532
0.080231206,3531
0.080236557,3530
0.080242169,3529
0.080247748,3528
0.080259094,3527
0.080270348,3526
0.080295895,3525
0.080307923,3524
0.080313845,3523
0.08100229,3522
0.081056585,3521
0.081081406,3520
0.081100376,3519
0.081132468,3518
0.081148787,3517
0.081160076,3516
0.081203039,3515
0.081220329,3514
0.08123878,3513
0.081892578,3512
0.08190135,3511
0.081908091,3510
0.081915788,3509
0.081928611,3508
0.081967684,3507
0.081979184,3506
0.081992853,3505
0.081998349,3504
0.082004678,3503
0.082046514,3502
0.082081674,3501
0.082095532,3500
0.082109279,3499
0.082131647,3498
0.082142502,3497
0.082153736,3496
0.082179374,3495
0.082221527,3494
0.082241944,3493
0.082248897,3492
0.082255031,3491
0.082260726,3490
0.082306606,3489
0.082322781,3488
0.082328961,3487
0.082334685,3486
0.082347215,3485
0.082365079,3484
0.082401201,3483
0.08241106,3482
0.082425835,3481
0.082439159,3480
0.082445152,3479
0.082457379,3478
0.082478444,3477
0.082496321,3476
0.082511469,3475
0.082625351,3474
0.082653119,3473
0.082668115,3472
0.082675493,3471
0.08320443,3470
0.08324822,3469
0.083256596,3468
0.083264393,3467
0.083268985,3466
0.08327371,3465
0.08329085,3464
0.083298284,3463
0.083303466,3462
0.08330824,3461
0.083351345,3460
0.08335708,3459
0.08336183,3458
0.083366908,3457
0.083372154,3456
0.084835508,3455
0.084847681,3454
0.084854209,3453
0.084860747,3452
0.084868648,3451
0.084908916,3450
0.084916101,3449
0.086364723,3448
0.087625667,3447
0.087639464,3446
0.08766121,3445
0.087668139,3444
0.087676609,3443
0.087712896,3442
0.087746598,3441
0.087784877,3440
0.087793006,3439
0.087798826,3438
0.087803461,3437
0.087808129,3436
0.087813409,3435
0.087818514,3434
0.08782378,3433
0.087828934,3432
0.087836384,3431
0.087842836,3430
0.088093507,3429
0.088513951,3428
0.088686434,3427
0.088697061,3426
0.088703382,3425
0.089826641,3424
0.089871288,3423
0.089909629,3422
0.090302239,3421
0.090333333,3420
0.090351033,3419
0.090369553,3418
0.090421556,3417
0.090436531,3416
0.090447931,3415
0.090504709,3414
0.090552773,3413
0.090606301,3412
0.090612388,3411
0.090653299,3410
0.090678614,3409
0.090720345,3408
0.090770793,3407
0.090787618,3406
0.090799018,3405
0.090811639,3404
0.090842297,3403
0.09089874,3402
0.090954245,3401
0.090977339,3400
0.090982063,3399
0.090986733,3398
0.090990993,3397
0.09099538,3396
0.090999325,3395
0.091003422,3394
0.091008155,3393
0.091013298,3392
0.091017245,3391
0.091021608,3390
0.091025249,3389
0.09102907,3388
0.09103341,3387
0.091038862,3386
0.091049553,3385
0.091054599,3384
0.091277077,3383
0.091283553,3382
0.091288514,3381
0.09129326,3380
0.091297961,3379
0.091301982,3378
0.091306765,3377
0.09131168,3376
0.091316113,3375
0.091321906,3374
0.091327082,3373
0.091383118,3372
0.091426214,3371
0.091465313,3370
0.091519267,3369
0.093616318,3368
0.093631963,3367
0.093645172,3366
0.093649689,3365
0.093653944,3364
0.093658148,3363
0.093662398,3362
0.093666938,3361
0.09367368,3360
0.093678555,3359
0.093733767,3358
0.093790215,3357
0.094102469,3356
0.094128183,3355
0.094163713,3354
0.094178104,3353
0.094192791,3352
0.094200855,3351
0.09423192,3350
0.094254349,3349
0.094332105,3348
0.0943836,3347
0.094395119,3346
0.094401298,3345
0.094406178,3344
0.094410824,3343
0.094415054,3342
0.094419106,3341
0.09442307,3340
0.094427612,3339
0.094431956,3338
0.094435695,3337
0.094440001,3336
0.094444844,3335
0.094448649,3334
0.094452785,3333
0.094456802,3332
0.094461311,3331
0.094465936,3330
0.094469961,3329
0.09447335,3328
0.094478117,3327
0.094481817,3326
0.094491828,3325
0.094496794,3324
0.094501477,3323
0.094506151,3322
0.094511014,3321
0.094516231,3320
0.094526452,3319
0.094533913,3318
0.094543391,3317
0.094548735,3316
0.094554065,3315
0.094558921,3314
0.094566201,3313
0.094574994,3312
0.0945805,3311
0.094630245,3310
0.094645612,3309
0.094692686,3308
0.09473158,3307
0.094772509,3306
0.094826002,3305
0.094862769,3304
0.09489781,3303
0.094919315,3302
0.094926802,3301
0.094933282,3300
0.094940166,3299
0.094985283,3298
0.095007952,3297
0.095014923,3296
0.095020418,3295
0.09505424,3294
0.095059328,3293
0.095064273,3292
0.095657429,3291
0.095666704,3290
0.095673703,3289
0.095679443,3288
0.095689159,3287
0.095712142,3286
0.095723286,3285
0.095770219,3284
0.095784275,3283
0.095797073,3282
0.095801461,3281
0.095805522,3280
0.095809622,3279
0.095813778,3278
0.095857873,3277
0.095921272,3276
0.095982259,3275
0.096017729,3274
0.09602201,3273
0.096026424,3272
0.096037171,3271
0.096041673,3270
0.096046397,3269
0.096191192,3268
0.096210812,3267
0.096222227,3266
0.096227773,3265
0.096233872,3264
0.096237778,3263
0.096241432,3262
0.096244716,3261
0.09624834,3260
0.096251909,3259
0.096255695,3258
0.096259695,3257
0.096263448,3256
0.096267728,3255
0.096271916,3254
0.096275795,3253
0.096279303,3252
0.096283023,3251
0.096286568,3250
0.096292068,3249
0.0962963,3248
0.096299749,3247
0.096303496,3246
0.096307134,3245
0.096310832,3244
0.096315325,3243
0.096353064,3242
0.096392495,3241
0.096396908,3240
0.096401187,3239
0.096460071,3238
0.096483977,3237
0.096489062,3236
0.09650035,3235
0.096504712,3234
0.096510018,3233
0.096514889,3232
0.096519354,3231
0.096523644,3230
0.096528415,3229
0.096539484,3228
0.096577875,3227
0.096582188,3226
0.096586085,3225
0.09659043,3224
0.096594531,3223
0.096598604,3222
0.096602617,3221
0.096606453,3220
0.096644197,3219
0.096648674,3218
0.096652792,3217
0.096657491,3216
0.096661457,3215
0.096665598,3214
0.096669412,3213
0.096673358,3212
0.09667694,3211
0.096680971,3210
0.096684637,3209
0.09668773,3208
0.096691347,3207
0.096695134,3206
0.09669905,3205
0.096702983,3204
0.096706743,3203
0.096711514,3202
0.096715462,3201
0.096719398,3200
0.096723641,3199
0.096728003,3198
0.096732572,3197
0.096736708,3196
0.096745613,3195
0.096749893,3194
0.096754448,3193
0.096759108,3192
0.096764083,3191
0.096768468,3190
0.096772679,3189
0.09677709,3188
0.09678157,3187
0.096785965,3186
0.096790313,3185
0.096794356,3184
0.096797987,3183
0.096801599,3182
0.096805025,3181
0.096808422,3180
0.096811456,3179
0.09681494,3178
0.09681834,3177
0.096829174,3176
0.096833344,3175
0.096837053,3174
0.09684034,3173
0.096844513,3172
0.096848447,3171
0.096852099,3170
0.096865218,3169
0.096869087,3168
0.096872571,3167
0.096877092,3166
0.096881698,3165
0.096885787,3164
0.096889931,3163
0.096893906,3162
0.096898232,3161
0.096902006,3160
0.096905727,3159
0.096951568,3158
0.096957157,3157
0.0969957,3156
0.096998848,3155
0.097004379,3154
0.097008967,3153
0.097012915,3152
0.097017115,3151
0.097020937,3150
0.098390378,3149
0.09839917,3148
0.098404975,3147
0.099306364,3146
0.099347338,3145
0.099352375,3144
0.099356549,3143
0.099364907,3142
0.099369067,3141
0.099376818,3140
0.099407616,3139
0.099434798,3138
0.099442603,3137
0.099446329,3136
0.099450305,3135
0.099499475,3134
0.099507115,3133
0.099513246,3132
0.099520668,3131
0.099544632,3130
0.099755918,3129
0.099762128,3128
0.099768641,3127
0.099784922,3126
0.099790994,3125
0.099796227,3124
0.099800194,3123
0.099804407,3122
0.099810481,3121
0.099815982,3120
0.09981967,3119
0.099824256,3118
0.099830146,3117
0.099834032,3116
0.099838124,3115
0.099842498,3114
0.09984637,3113
0.099852642,3112
0.099856741,3111
0.09986329,3110
0.099866929,3109
0.099870926,3108
0.09987443,3107
0.099878322,3106
0.099881901,3105
0.099886382,3104
0.099889729,3103
0.09989335,3102
0.099896888,3101
0.099900502,3100
0.099905757,3099
0.099944422,3098
0.099949706,3097
0.09995319,3096
0.099960017,3095
0.099963775,3094
0.099971111,3093
0.099975301,3092
0.099980566,3091
0.099985801,3090
0.099990002,3089
0.100516506,3088
0.100524781,3087
0.100536933,3086
0.100549046,3085
0.100555061,3084
0.100559634,3083
0.100565362,3082
0.100573043,3081
0.100631723,3080
0.100636079,3079
0.100642859,3078
0.100649146,3077
0.100653045,3076
0.100659296,3075
0.100664208,3074
0.100669929,3073
0.10067424,3072
0.100690361,3071
0.10069364,3070
0.100697735,3069
0.100701188,3068
0.100708175,3067
0.100711968,3066
0.10071706,3065
0.100722488,3064
0.100726098,3063
0.100732717,3062
0.100736664,3061
0.100740287,3060
0.100746626,3059
0.100752043,3058
0.100755854,3057
0.100759399,3056
0.100763116,3055
0.100769601,3054
0.100773247,3053
0.100776923,3052
0.100782929,3051
0.100788182,3050
0.100791539,3049
0.100800318,3048
0.100807817,3047
0.100816688,3046
0.100821862,3045
0.100829967,3044
0.100887601,3043
0.100893829,3042
0.101197858,3041
0.1012068,3040
0.101210822,3039
0.101214749,3038
0.101218509,3037
0.101222091,3036
0.101225672,3035
0.101228955,3034
0.101238469,3033
0.101243251,3032
0.10124642,3031
0.101251876,3030
0.101256266,3029
0.101259384,3028
0.101262188,3027
0.101269285,3026
0.101275523,3025
0.101283872,3024
0.101287326,3023
0.101290668,3022
0.101297862,3021
0.101301649,3020
0.101307223,3019
0.101312239,3018
0.101315429,3017
0.101323315,3016
0.101329901,3015
0.101334069,3014
0.101347008,3013
0.101355974,3012
0.101360137,3011
0.101367285,3010
0.101370971,3009
0.101375985,3008
0.101380084,3007
0.101387027,3006
0.10140802,3005
0.101411721,3004
0.101418381,3003
0.101421954,3002
0.101424991,3001
0.101439027,3000
0.101442554,2999
0.101448392,2998
0.101451981,2997
0.101455422,2996
0.101464071,2995
0.101468491,2994
0.101472403,2993
0.101479126,2992
0.101482547,2991
0.101485778,2990
0.101489865,2989
0.101495122,2988
0.101499858,2987
0.101504301,2986
0.101508034,2985
0.101511904,2984
0.101535244,2983
0.101542346,2982
0.10154815,2981
0.101551651,2980
0.101555298,2979
0.101561024,2978
0.101563622,2977
0.101566471,2976
0.101569078,2975
0.101571968,2974
0.10158202,2973
0.101584891,2972
0.101587427,2971
0.101590024,2970
0.101592615,2969
0.10159554,2968
0.101601763,2967
0.101605431,2966
0.10160882,2965
0.101614339,2964
0.101618881,2963
0.101622452,2962
0.101626005,2961
0.101630942,2960
0.101636937,2959
0.101640557,2958
0.101648979,2957
0.101652837,2956
0.10165897,2955
0.101668335,2954
0.10167188,2953
0.101675201,2952
0.101678314,2951
0.101681847,2950
0.101685441,2949
0.101688817,2948
0.101691643,2947
0.101694933,2946
0.101699993,2945
0.101703563,2944
0.10170747,2943
0.101710727,2942
0.101716799,2941
0.101724332,2940
0.101730024,2939
0.101733004,2938
0.101736944,2937
0.101741128,2936
0.10174486,2935
0.101751424,2934
0.10175467,2933
0.101758188,2932
0.101761369,2931
0.101767359,2930
0.101771631,2929
0.101777216,2928
0.10179541,2927
0.101798704,2926
0.101803052,2925
0.101806298,2924
0.101810189,2923
0.101813495,2922
0.101821312,2921
0.101824336,2920
0.101827675,2919
0.101832042,2918
0.101835258,2917
0.101838434,2916
0.101844436,2915
0.101848844,2914
0.101857133,2913
0.101860605,2912
0.101868168,2911
0.101872552,2910
0.101875986,2909
0.101879134,2908
0.101884046,2907
0.101889613,2906
0.101892917,2905
0.101898029,2904
0.101901559,2903
0.101909543,2902
0.101913429,2901
0.101922661,2900
0.101926877,2899
0.101930172,2898
0.101938509,2897
0.101944678,2896
0.101948075,2895
0.101951605,2894
0.101954524,2893
0.101957437,2892
0.101961555,2891
0.10196764,2890
0.101975122,2889
0.101979302,2888
0.101983811,2887
0.101989125,2886
0.101993029,2885
0.101999995,2884
0.102004301,2883
0.102010031,2882
0.102014346,2881
0.102019317,2880
0.102023293,2879
0.102026835,2878
0.102030931,2877
0.102034569,2876
0.102045421,2875
0.102056196,2874
0.102060361,2873
0.102064628,2872
0.102069494,2871
0.10207416,2870
0.102077694,2869
0.102082182,2868
0.102088532,2867
0.102091921,2866
0.102095397,2865
0.10210436,2864
0.102110493,2863
0.102130683,2862
0.102134385,2861
0.102137847,2860
0.102141423,2859
0.102144726,2858
0.102148341,2857
0.102153917,2856
0.10215765,2855
0.10216156,2854
0.102165364,2853
0.102179872,2852
0.102183637,2851
0.102188632,2850
0.102192055,2849
0.102200033,2848
0.102207357,2847
0.102211534,2846
0.102225438,2845
0.102230696,2844
0.102234383,2843
0.102237687,2842
0.102243443,2841
0.102251123,2840
0.102256666,2839
0.102260076,2838
0.102265254,2837
0.102268539,2836
0.102272018,2835
0.102275502,2834
0.102282261,2833
0.102287107,2832
0.102290552,2831
0.102293821,2830
0.102297493,2829
0.102301019,2828
0.102306003,2827
0.102310997,2826
0.102314704,2825
0.102329964,2824
0.10233368,2823
0.102349039,2822
0.10235232,2821
0.102357922,2820
0.102363163,2819
0.102371579,2818
0.102374882,2817
0.102378466,2816
0.102383112,2815
0.102387121,2814
0.10239079,2813
0.102394024,2812
0.102397441,2811
0.102400801,2810
0.102410117,2809
0.102414768,2808
0.102418118,2807
0.102422184,2806
0.102425134,2805
0.102428138,2804
0.102433237,2803
0.102445896,2802
0.102449141,2801
0.102451902,2800
0.1024571,2799
0.102459985,2798
0.102463698,2797
0.102466612,2796
0.102469369,2795
0.102473552,2794
0.102479597,2793
0.102483665,2792
0.102486369,2791
0.1024979,2790
0.10250127,2789
0.102504513,2788
0.102507659,2787
0.102513082,2786
0.102516869,2785
0.102522063,2784
0.102526643,2783
0.102529254,2782
0.102533729,2781
0.102538345,2780
0.102541105,2779
0.102544538,2778
0.102547297,2777
0.102550182,2776
0.102553006,2775
0.102555763,2774
0.102567259,2773
0.102570803,2772
0.102574081,2771
0.102577015,2770
0.102579952,2769
0.102584279,2768
0.102588143,2767
0.10259111,2766
0.102593937,2765
0.102597576,2764
0.102600498,2763
0.102604856,2762
0.102607641,2761
0.102618041,2760
0.102621578,2759
0.102626743,2758
0.102630121,2757
0.102634631,2756
0.102639328,2755
0.102644068,2754
0.102648168,2753
0.102651021,2752
0.102660307,2751
0.102665839,2750
0.102669234,2749
0.102674913,2748
0.1026783,2747
0.102683426,2746
0.102689053,2745
0.102692485,2744
0.102695913,2743
0.102702736,2742
0.102708081,2741
0.102714883,2740
0.102721187,2739
0.102724402,2738
0.102727875,2737
0.102731163,2736
0.102737362,2735
0.102741387,2734
0.102745582,2733
0.102749136,2732
0.102753843,2731
0.102757381,2730
0.102768963,2729
0.102778883,2728
0.102787043,2727
0.102790336,2726
0.102805876,2725
0.10280851,2724
0.102811144,2723
0.102813748,2722
0.102817028,2721
0.102820365,2720
0.102822868,2719
0.102827765,2718
0.102835365,2717
0.102838198,2716
0.102845404,2715
0.10284956,2714
0.102852268,2713
0.102854869,2712
0.102858945,2711
0.102868368,2710
0.102872707,2709
0.102875874,2708
0.102879342,2707
0.102883373,2706
0.102886591,2705
0.10289053,2704
0.102893389,2703
0.102897184,2702
0.102901175,2701
0.10290423,2700
0.102906883,2699
0.102909543,2698
0.102912287,2697
0.102916978,2696
0.102920922,2695
0.102928455,2694
0.102931237,2693
0.102934012,2692
0.102937147,2691
0.102940088,2690
0.102944281,2689
0.102949108,2688
0.10295456,2687
0.102958283,2686
0.10296388,2685
0.102966904,2684
0.102975015,2683
0.102979163,2682
0.102982574,2681
0.102986221,2680
0.102989497,2679
0.102993797,2678
0.102997079,2677
0.103001052,2676
0.103003812,2675
0.103008216,2674
0.103014125,2673
0.103020903,2672
0.103025554,2671
0.103028807,2670
0.103031973,2669
0.103038126,2668
0.103041678,2667
0.103044708,2666
0.103050749,2665
0.1030537,2664
0.103056911,2663
0.103063981,2662
0.103071309,2661
0.103074265,2660
0.103079161,2659
0.103089302,2658
0.103092037,2657
0.103095297,2656
0.103098003,2655
0.103103442,2654
0.103106229,2653
0.103114445,2652
0.103119306,2651
0.103131546,2650
0.103134814,2649
0.103137795,2648
0.103141219,2647
0.103144326,2646
0.103147524,2645
0.103160042,2644
0.10317317,2643
0.103176945,2642
0.103181828,2641
0.103185397,2640
0.103191463,2639
0.103195527,2638
0.103201875,2637
0.103205349,2636
0.103209495,2635
0.103215687,2634
0.103220386,2633
0.103224158,2632
0.103230067,2631
0.103237674,2630
0.103241186,2629
0.103244939,2628
0.103250132,2627
0.103253434,2626
0.103258968,2625
0.10326343,2624
0.103268176,2623
0.103273705,2622
0.103279077,2621
0.103283021,2620
0.103286201,2619
0.103289074,2618
0.103291834,2617
0.103295438,2616
0.103298567,2615
0.103306511,2614
0.103311758,2613
0.103314834,2612
0.103321558,2611
0.103325758,2610
0.103328801,2609
0.103344292,2608
0.103347483,2607
0.103352028,2606
0.103356458,2605
0.103362528,2604
0.103366051,2603
0.103369928,2602
0.103374692,2601
0.103378337,2600
0.103383164,2599
0.103402807,2598
0.103407026,2597
0.103411448,2596
0.103415996,2595
0.103419422,2594
0.103424629,2593
0.103427471,2592
0.103435932,2591
0.103439636,2590
0.10344268,2589
0.103447582,2588
0.103454817,2587
0.10345807,2586
0.10346291,2585
0.10347128,2584
0.103475403,2583
0.10348035,2582
0.103486596,2581
0.103489956,2580
0.103494544,2579
0.103497412,2578
0.103501346,2577
0.103549334,2576
0.103565307,2575
0.103572186,2574
0.103576446,2573
0.103583871,2572
0.103590141,2571
0.103593678,2570
0.103598988,2569
0.103610704,2568
0.103614708,2567
0.103648347,2566
0.10365387,2565
0.103661915,2564
0.103672877,2563
0.1036755,2562
0.103682333,2561
0.103685167,2560
0.103689048,2559
0.103693018,2558
0.10369583,2557
0.103699806,2556
0.103703636,2555
0.103715075,2554
0.103721778,2553
0.103726572,2552
0.103732967,2551
0.103736944,2550
0.103740109,2549
0.103743356,2548
0.103746387,2547
0.1037494,2546
0.103752666,2545
0.103757911,2544
0.103760933,2543
0.103763823,2542
0.103768513,2541
0.103772721,2540
0.103780485,2539
0.103784525,2538
0.103804503,2537
0.103809456,2536
0.103812546,2535
0.103816423,2534
0.103822791,2533
0.103830337,2532
0.103837833,2531
0.103841742,2530
0.10384484,2529
0.103848028,2528
0.10385259,2527
0.103856405,2526
0.103859228,2525
0.103863011,2524
0.103867394,2523
0.103873779,2522
0.103878065,2521
0.103893951,2520
0.103898454,2519
0.10390867,2518
0.10391186,2517
0.10391663,2516
0.103920984,2515
0.105079621,2514
0.105098376,2513
0.105111583,2512
0.105115503,2511
0.10511996,2510
0.105124467,2509
0.105129418,2508
0.105135446,2507
0.105153058,2506
0.105157506,2505
0.105160844,2504
0.105164277,2503
0.105171048,2502
0.105175575,2501
0.105181038,2500
0.1051868,2499
0.105194201,2498
0.105198631,2497
0.105202499,2496
0.105208977,2495
0.105227668,2494
0.105236879,2493
0.105250741,2492
0.105256616,2491
0.105266984,2490
0.105278533,2489
0.105282081,2488
0.105286521,2487
0.105293298,2486
0.105300327,2485
0.105304114,2484
0.105307653,2483
0.105310887,2482
0.105314143,2481
0.10532576,2480
0.105335194,2479
0.10534115,2478
0.105368932,2477
0.105373304,2476
0.105379113,2475
0.1053858,2474
0.105390872,2473
0.105394244,2472
0.105403041,2471
0.105408015,2470
0.105419884,2469
0.10542435,2468
0.105428486,2467
0.105435628,2466
0.105439779,2465
0.105446246,2464
0.105459445,2463
0.105466154,2462
0.105472271,2461
0.105476785,2460
0.105480071,2459
0.105484427,2458
0.10548792,2457
0.105491514,2456
0.105506666,2455
0.105520548,2454
0.105523957,2453
0.105528277,2452
0.105542472,2451
0.105549424,2450
0.105554981,2449
0.105570666,2448
0.105575466,2447
0.105583552,2446
0.105588675,2445
0.105593678,2444
0.10560009,2443
0.105605909,2442
0.105609616,2441
0.105616565,2440
0.105628427,2439
0.10570654,2438
0.105718115,2437
0.105721534,2436
0.105728434,2435
0.105735173,2434
0.105741751,2433
0.105755336,2432
0.105761573,2431
0.10576975,2430
0.105780654,2429
0.105787344,2428
0.105793768,2427
0.105797127,2426
0.105800177,2425
0.105806347,2424
0.10581625,2423
0.105823149,2422
0.105828337,2421
0.105832009,2420
0.105846544,2419
0.105863178,2418
0.105869233,2417
0.105913263,2416
0.105947511,2415
0.105950348,2414
0.105990908,2413
0.105997786,2412
0.106004081,2411
0.10601451,2410
0.106018,2409
0.106022265,2408
0.106033592,2407
0.106050497,2406
0.106054099,2405
0.106060099,2404
0.106067761,2403
0.10607626,2402
0.106085126,2401
0.106092444,2400
0.106102397,2399
0.106109653,2398
0.106127588,2397
0.106131476,2396
0.106136732,2395
0.106142469,2394
0.106145852,2393
0.106149336,2392
0.106162528,2391
0.106171541,2390
0.106176373,2389
0.10619136,2388
0.106229828,2387
0.106233834,2386
0.106237642,2385
0.106242578,2384
0.106246844,2383
0.106251469,2382
0.106277363,2381
0.106281821,2380
0.106285544,2379
0.106290904,2378
0.106298147,2377
0.106302102,2376
0.106307747,2375
0.106311373,2374
0.106316275,2373
0.106321877,2372
0.106340734,2371
0.106345611,2370
0.106360044,2369
0.106366972,2368
0.106371424,2367
0.106396707,2366
0.10640046,2365
0.106404424,2364
0.106412736,2363
0.106420344,2362
0.106425818,2361
0.106432553,2360
0.106444073,2359
0.106447095,2358
0.106465842,2357
0.106471427,2356
0.106481357,2355
0.106491347,2354
0.106504303,2353
0.106520913,2352
0.106530282,2351
0.106533398,2350
0.106543412,2349
0.106555182,2348
0.106572797,2347
0.106578398,2346
0.10658176,2345
0.106590588,2344
0.10659949,2343
0.106612375,2342
0.106617898,2341
0.106621289,2340
0.106628876,2339
0.106643036,2338
0.106655781,2337
0.106665046,2336
0.106689989,2335
0.106695771,2334
0.106699331,2333
0.106753226,2332
0.106770673,2331
0.106783123,2330
0.10679949,2329
0.106805132,2328
0.106824624,2327
0.106830824,2326
0.10717109,2325
0.10717499,2324
0.107194578,2323
0.107198939,2322
0.107205099,2321
0.107239874,2320
0.107253542,2319
0.10725862,2318
0.10727577,2317
0.107280464,2316
0.107288723,2315
0.107312924,2314
0.10734243,2313
0.107356643,2312
0.107375598,2311
0.107385484,2310
0.107403796,2309
0.107449433,2308
0.10745585,2307
0.107461396,2306
0.107481182,2305
0.10749442,2304
0.107510836,2303
0.107520038,2302
0.107528766,2301
0.107536107,2300
0.107558926,2299
0.107597406,2298
0.107619238,2297
0.107881679,2296
0.107898572,2295
0.107923624,2294
0.107929202,2293
0.107940846,2292
0.107961912,2291
0.107977358,2290
0.10798772,2289
0.108035743,2288
0.108047745,2287
0.108057926,2286
0.108242735,2285
0.108293754,2284
0.108349897,2283
0.108357797,2282
0.108450816,2281
0.108583719,2280
0.108686962,2279
0.131770929,2278
0.151191223,2277
0.175101904,2276
0.182039074,2275
0.189392952,2274
0.195981676,2273
0.204211471,2272
0.231400183,2271
0.235520711,2270
0.255310389,2269
0.269820043,2268
0.458699501,2267
0.568042261,2266
0.582117641,2265
0.660312008,2264
0.692827656,2263
0.704549332,2262
0.728101739,2261
0.749938082,2260
0.758155045,2259
0.76984863,2258
0.773713192,2257
0.789865028,2256
0.837783321,2255
0.876831996,2254
0.883956285,2253
0.946371143,2252
0.948910442,2251
0.983718441,2250
1.042155485,2249
1.050167984,2248
1.053380878,2247
1.056867509,2246
1.061665534,2245
1.069276795,2244
1.112212387,2243
1.134649428,2242
1.136338793,2241
1.147543035,2240
1.170471084,2239
1.197689204,2238
1.21787157,2237
1.220637897,2236
1.226437392,2235
1.241741505,2234
1.244327663,2233
1.249835952,2232
1.254167865,2231
1.267442906,2230
1.283971054,2229
1.300348968,2228
1.32703621,2227
1.341575127,2226
1.36079357,2225
1.365929258,2224
1.393746183,2223
1.406488136,2222
1.462517775,2221
1.673997456,2220
