0.047896847,3669
0.047979519,3668
0.04801463,3667
0.048047893,3666
0.048097226,3665
0.048111048,3664
0.048125734,3663
0.048131622,3662
0.048137255,3661
0.048142952,3660
0.048148818,3659
0.048154869,3658
0.048160706,3657
0.048168029,3656
0.048174559,3655
0.048180977,3654
0.048187552,3653
0.048193445,3652
0.048199689,3651
0.048206938,3650
0.048215787,3649
0.048222375,3648
0.048228802,3647
0.048234804,3646
0.048241475,3645
0.048247683,3644
0.048254543,3643
0.048261069,3642
0.048268499,3641
0.048280768,3640
0.04828924,3639
0.048303703,3638
0.04831188,3637
0.048318211,3636
0.048324444,3635
0.048330377,3634
0.04833648,3633
0.048342486,3632
0.048348487,3631
0.048354321,3630
0.048360353,3629
0.04836609,3628
0.048375081,3627
0.048381285,3626
0.048387278,3625
0.048393215,3624
0.048399961,3623
0.048406239,3622
0.048412574,3621
0.048418796,3620
0.048431435,3619
0.048442199,3618
0.048452662,3617
0.048463459,3616
0.048477728,3615
0.048611678,3614
0.048636468,3613
0.048649075,3612
0.048659578,3611
0.048672792,3610
0.048681218,3609
0.048688697,3608
0.048696694,3607
0.048704687,3606
0.048715155,3605
0.048724398,3604
0.048733583,3603
0.048742128,3602
0.048749513,3601
0.048757387,3600
0.048764519,3599
0.048770249,3598
0.048786676,3597
0.048797842,3596
0.048830669,3595
0.048838432,3594
0.048845064,3593
0.048851018,3592
0.048856998,3591
0.048862438,3590
0.04886756,3589
0.048872743,3588
0.04887826,3587
0.048883383,3586
0.048888616,3585
0.048894392,3584
0.048899579,3583
0.048905272,3582
0.048910703,3581
0.048916578,3580
0.048925333,3579
0.048978108,3578
0.04899572,3577
0.049011409,3576
0.04902799,3575
0.049036312,3574
0.049052213,3573
0.049062902,3572
0.049076228,3571
0.049089337,3570
0.049096435,3569
0.049129795,3568
0.049144362,3567
0.049151665,3566
0.049159549,3565
0.049173605,3564
0.049181805,3563
0.049196759,3562
0.049204579,3561
0.049219005,3560
0.049232834,3559
0.049246291,3558
0.049270347,3557
0.04928103,3556
0.049289057,3555
0.049296734,3554
0.049304543,3553
0.049317166,3552
0.049325484,3551
0.049334224,3550
0.049341785,3549
0.049353993,3548
0.0493634,3547
0.049371003,3546
0.049378574,3545
0.049387493,3544
0.049395097,3543
0.049413843,3542
0.049424382,3541
0.049433661,3540
0.049443356,3539
0.049503841,3538
0.049517275,3537
0.049531944,3536
0.049542312,3535
0.049581603,3534
0.049587829,3533
0.049594004,3532
0.049607007,3531
0.049616826,3530
0.049652441,3529
0.049686405,3528
0.049691902,3527
0.049724904,3526
0.049730633,3525
0.049741155,3524
0.049796395,3523
0.049833139,3522
0.049841155,3521
0.049854875,3520
0.04986666,3519
0.049879098,3518
0.049885627,3517
0.049905263,3516
0.049909698,3515
0.049913497,3514
0.049917207,3513
0.049920716,3512
0.049924361,3511
0.04992844,3510
0.04993226,3509
0.049936558,3508
0.049941647,3507
0.049945667,3506
0.049949599,3505
0.049953652,3504
0.049957424,3503
0.049970515,3502
0.049978057,3501
0.049988014,3500
0.049993133,3499
0.050002736,3498
0.050009368,3497
0.050015766,3496
0.050022724,3495
0.050222548,3494
0.050230692,3493
0.05023579,3492
0.050240313,3491
0.050245492,3490
0.050249661,3489
0.050331886,3488
0.05034047,3487
0.050346442,3486
0.050350613,3485
0.050354301,3484
0.050358339,3483
0.050362388,3482
0.050366074,3481
0.050369954,3480
0.050374229,3479
0.050378675,3478
0.050401878,3477
0.050446984,3476
0.050451408,3475
0.050455699,3474
0.050462548,3473
0.050466096,3472
0.050469748,3471
0.050473738,3470
0.050477492,3469
0.050480771,3468
0.050484207,3467
0.050487806,3466
0.050491263,3465
0.050494663,3464
0.050498354,3463
0.050502187,3462
0.050506018,3461
0.050509865,3460
0.050513255,3459
0.050516711,3458
0.05052022,3457
0.050523678,3456
0.050527275,3455
0.050531023,3454
0.050534851,3453
0.050538793,3452
0.050542862,3451
0.050547069,3450
0.050551211,3449
0.050555248,3448
0.050568161,3447
0.050572136,3446
0.050575666,3445
0.05057916,3444
0.050583122,3443
0.050586581,3442
0.050590798,3441
0.050594245,3440
0.050597764,3439
0.050603612,3438
0.050608654,3437
0.050613607,3436
0.050617907,3435
0.050622218,3434
0.050625996,3433
0.050629876,3432
0.050633968,3431
0.050637386,3430
0.050659037,3429
0.050663966,3428
0.050669734,3427
0.050693575,3426
0.050701467,3425
0.050705274,3424
0.050708848,3423
0.050712468,3422
0.05071622,3421
0.05071964,3420
0.050724262,3419
0.050728837,3418
0.050733298,3417
0.050737827,3416
0.050742359,3415
0.050749577,3414
0.050761624,3413
0.050768427,3412
0.050773445,3411
0.050778131,3410
0.05078309,3409
0.05078777,3408
0.050792188,3407
0.050796679,3406
0.050801413,3405
0.050810332,3404
0.050833218,3403
0.050837767,3402
0.050843139,3401
0.050848251,3400
0.050854071,3399
0.050859409,3398
0.050870552,3397
0.050876471,3396
0.050882067,3395
0.050887127,3394
0.050892145,3393
0.050896804,3392
0.050900672,3391
0.050904112,3390
0.050907725,3389
0.050910841,3388
0.050914121,3387
0.050917577,3386
0.050923873,3385
0.050928744,3384
0.050933416,3383
0.05093774,3382
0.050942458,3381
0.050946838,3380
0.050950748,3379
0.050954222,3378
0.050957455,3377
0.050960697,3376
0.050963871,3375
0.050967664,3374
0.050971131,3373
0.05097779,3372
0.050982253,3371
0.050987541,3370
0.052660729,3369
0.052671828,3368
0.052680376,3367
0.052684839,3366
0.052688861,3365
0.052693244,3364
0.052697457,3363
0.052701479,3362
0.052705659,3361
0.052709725,3360
0.052714036,3359
0.052718225,3358
0.052723866,3357
0.052728675,3356
0.05273323,3355
0.052737536,3354
0.052742479,3353
0.052746948,3352
0.052751157,3351
0.052756181,3350
0.052760745,3349
0.052765457,3348
0.052770311,3347
0.052775108,3346
0.052779958,3345
0.052784232,3344
0.052789072,3343
0.052793015,3342
0.052797427,3341
0.052801774,3340
0.052805971,3339
0.052810298,3338
0.052815819,3337
0.052820459,3336
0.052825208,3335
0.052830351,3334
0.052834832,3333
0.052838365,3332
0.052841576,3331
0.052845006,3330
0.052848206,3329
0.052851376,3328
0.052854873,3327
0.052858043,3326
0.052861211,3325
0.052864433,3324
0.052867585,3323
0.052870897,3322
0.052874243,3321
0.052877368,3320
0.052883703,3319
0.052886862,3318
0.052890003,3317
0.052892985,3316
0.052896065,3315
0.052899045,3314
0.052902039,3313
0.05290496,3312
0.052908097,3311
0.052911544,3310
0.052914637,3309
0.052917923,3308
0.052920889,3307
0.052923769,3306
0.053053653,3305
0.053059088,3304
0.053065434,3303
0.05306952,3302
0.053072928,3301
0.053078055,3300
0.053081575,3299
0.053085784,3298
0.053090017,3297
0.053093414,3296
0.053096703,3295
0.053101019,3294
0.053314797,3293
0.053319986,3292
0.05332544,3291
0.053333903,3290
0.053339097,3289
0.053344105,3288
0.053349788,3287
0.05335734,3286
0.053362251,3285
0.053367993,3284
0.053396623,3283
0.053400904,3282
0.053405941,3281
0.053410233,3280
0.053414396,3279
0.053418047,3278
0.053423834,3277
0.053427615,3276
0.053432054,3275
0.053439084,3274
0.05345086,3273
0.053455342,3272
0.053460072,3271
0.053464246,3270
0.053468654,3269
0.053473455,3268
0.053476878,3267
0.053482602,3266
0.053485763,3265
0.053488699,3264
0.053491926,3263
0.053494885,3262
0.053497827,3261
0.053501397,3260
0.05350419,3259
0.053507048,3258
0.053509779,3257
0.053512295,3256
0.053514911,3255
0.053517492,3254
0.053520275,3253
0.053523086,3252
0.053525836,3251
0.053528603,3250
0.053531455,3249
0.053534255,3248
0.053537204,3247
0.05353999,3246
0.053544993,3245
0.053548452,3244
0.053553661,3243
0.053557902,3242
0.053561097,3241
0.053565084,3240
0.053568498,3239
0.053571436,3238
0.053575519,3237
0.05357872,3236
0.053581786,3235
0.053584617,3234
0.053587598,3233
0.053590317,3232
0.053593164,3231
0.05359611,3230
0.053600913,3229
0.053603649,3228
0.053606486,3227
0.053609135,3226
0.053612033,3225
0.053614817,3224
0.053617569,3223
0.053620368,3222
0.053623137,3221
0.053626157,3220
0.053629153,3219
0.053631736,3218
0.053634464,3217
0.053637567,3216
0.053640745,3215
0.053643464,3214
0.053646212,3213
0.053648792,3212
0.05365168,3211
0.053654475,3210
0.053657399,3209
0.05366023,3208
0.0536632,3207
0.053666204,3206
0.053669414,3205
0.053672358,3204
0.053675302,3203
0.053678207,3202
0.053681026,3201
0.053683858,3200
0.053686742,3199
0.053689571,3198
0.053692574,3197
0.053695481,3196
0.053701861,3195
0.05370688,3194
0.053714185,3193
0.053718465,3192
0.053722576,3191
0.053726633,3190
0.053734733,3189
0.05374056,3188
0.053757856,3187
0.053762421,3186
0.053791701,3185
0.053795561,3184
0.05379918,3183
0.053802881,3182
0.05380625,3181
0.053809546,3180
0.053813304,3179
0.053816889,3178
0.053819724,3177
0.053824114,3176
0.053827869,3175
0.053831525,3174
0.053834803,3173
0.053838269,3172
0.05384182,3171
0.053845154,3170
0.053848702,3169
0.053851985,3168
0.053860053,3167
0.053871952,3166
0.053875417,3165
0.053878444,3164
0.053881575,3163
0.053884771,3162
0.053888066,3161
0.053891085,3160
0.053894491,3159
0.05391599,3158
0.053947542,3157
0.053950718,3156
0.05395376,3155
0.053956766,3154
0.053959704,3153
0.053962474,3152
0.05396555,3151
0.0539887,3150
0.055248039,3149
0.055253024,3148
0.05525801,3147
0.055261535,3146
0.055264383,3145
0.055268499,3144
0.055271239,3143
0.0552744,3142
0.055279425,3141
0.055283764,3140
0.055287902,3139
0.055296436,3138
0.055302795,3137
0.055308834,3136
0.055313933,3135
0.05531912,3134
0.055323202,3133
0.055326905,3132
0.055332003,3131
0.055338359,3130
0.055344689,3129
0.055349863,3128
0.055352836,3127
0.055357259,3126
0.055362942,3125
0.0553659,3124
0.055369722,3123
0.055372659,3122
0.055375732,3121
0.055380855,3120
0.055383512,3119
0.055387035,3118
0.055392783,3117
0.055396231,3116
0.055401924,3115
0.055412263,3114
0.055415377,3113
0.055421031,3112
0.055423552,3111
0.055426556,3110
0.055429868,3109
0.05543281,3108
0.055435622,3107
0.05544014,3106
0.055443895,3105
0.055447197,3104
0.0554502,3103
0.055453199,3102
0.055458915,3101
0.055462377,3100
0.055465396,3099
0.055468166,3098
0.055473264,3097
0.055476237,3096
0.055479648,3095
0.055482095,3094
0.05548484,3093
0.055487477,3092
0.055490243,3091
0.055492769,3090
0.055495499,3089
0.055500486,3088
0.055646477,3087
0.055653138,3086
0.0556568,3085
0.055668766,3084
0.055672612,3083
0.055676001,3082
0.055679116,3081
0.055681891,3080
0.055684684,3079
0.055687683,3078
0.05569052,3077
0.055693516,3076
0.055696871,3075
0.055699733,3074
0.055701956,3073
0.055704407,3072
0.055709468,3071
0.055713084,3070
0.05571902,3069
0.055748148,3068
0.055906722,3067
0.055992969,3066
0.056002745,3065
0.056006985,3064
0.056010408,3063
0.056015033,3062
0.056019367,3061
0.056022519,3060
0.056025831,3059
0.056030508,3058
0.056033679,3057
0.056036298,3056
0.056040867,3055
0.056044255,3054
0.056051027,3053
0.056054892,3052
0.056058821,3051
0.056069604,3050
0.056075751,3049
0.056079832,3048
0.056087997,3047
0.056130397,3046
0.056139353,3045
0.056143344,3044
0.056149313,3043
0.05615363,3042
0.056157833,3041
0.05616256,3040
0.056167545,3039
0.056171872,3038
0.056194622,3037
0.056199809,3036
0.056204539,3035
0.056239482,3034
0.056243025,3033
0.056245896,3032
0.056248767,3031
0.056251922,3030
0.056256008,3029
0.056259668,3028
0.056263505,3027
0.056267209,3026
0.056271637,3025
0.056274579,3024
0.056278215,3023
0.056281173,3022
0.056284196,3021
0.056286979,3020
0.056289761,3019
0.056292402,3018
0.056295352,3017
0.056298494,3016
0.05630382,3015
0.056307424,3014
0.05631188,3013
0.056314677,3012
0.05631756,3011
0.056320201,3010
0.056322823,3009
0.056326257,3008
0.05632913,3007
0.056332703,3006
0.056339224,3005
0.056343899,3004
0.056391087,3003
0.056396778,3002
0.056400671,3001
0.056404444,3000
0.056411349,2999
0.056511441,2998
0.056552392,2997
0.056557321,2996
0.056561656,2995
0.056567803,2994
0.056573986,2993
0.056580358,2992
0.056586208,2991
0.056591058,2990
0.056596118,2989
0.056601189,2988
0.056606076,2987
0.056645735,2986
0.056650578,2985
0.056656258,2984
0.056661259,2983
0.056673917,2982
0.056679241,2981
0.056685064,2980
0.056689438,2979
0.056692899,2978
0.056696391,2977
0.056702556,2976
0.056706862,2975
0.056712048,2974
0.05671645,2973
0.056721778,2972
0.056725203,2971
0.056727761,2970
0.056734856,2969
0.056739168,2968
0.056743008,2967
0.056748334,2966
0.056751399,2965
0.056755326,2964
0.056758037,2963
0.056761925,2962
0.056764179,2961
0.056766813,2960
0.056770717,2959
0.056774021,2958
0.056777616,2957
0.056780757,2956
0.056784618,2955
0.056787105,2954
0.056791466,2953
0.056794354,2952
0.056796994,2951
0.056799729,2950
0.056803634,2949
0.056806151,2948
0.056812056,2947
0.056814547,2946
0.056817298,2945
0.056820648,2944
0.05682747,2943
0.056832352,2942
0.056835704,2941
0.056842943,2940
0.056853807,2939
0.056856748,2938
0.056861608,2937
0.056867318,2936
0.056872095,2935
0.05687484,2934
0.056879404,2933
0.056882052,2932
0.056885798,2931
0.056889307,2930
0.056896254,2929
0.056901252,2928
0.056904959,2927
0.056908189,2926
0.05691177,2925
0.056915366,2924
0.056918824,2923
0.056925153,2922
0.056935753,2921
0.056938444,2920
0.05694137,2919
0.056944277,2918
0.056950508,2917
0.056954295,2916
0.056958362,2915
0.056960925,2914
0.05696449,2913
0.056967779,2912
0.056972272,2911
0.056975503,2910
0.056978717,2909
0.056982047,2908
0.056984477,2907
0.056990131,2906
0.05699288,2905
0.056995439,2904
0.056997789,2903
0.057000066,2902
0.057005254,2901
0.057008679,2900
0.057012835,2899
0.057015335,2898
0.057017603,2897
0.057021315,2896
0.057026149,2895
0.057028661,2894
0.057031325,2893
0.057036487,2892
0.057042064,2891
0.057046792,2890
0.057054334,2889
0.05705852,2888
0.057065476,2887
0.057073603,2886
0.057076898,2885
0.057079862,2884
0.057082817,2883
0.05708772,2882
0.057090453,2881
0.057093441,2880
0.057097692,2879
0.057100851,2878
0.057104772,2877
0.057113042,2876
0.057117882,2875
0.057125055,2874
0.057129137,2873
0.057136757,2872
0.057141527,2871
0.057145789,2870
0.05714994,2869
0.057153428,2868
0.057158724,2867
0.057162665,2866
0.057168389,2865
0.05717214,2864
0.057175739,2863
0.057180019,2862
0.057184762,2861
0.057187732,2860
0.057198368,2859
0.057201923,2858
0.057212893,2857
0.057216478,2856
0.057219552,2855
0.057223599,2854
0.057227832,2853
0.057232937,2852
0.057235853,2851
0.057238691,2850
0.05724165,2849
0.057247129,2848
0.057256343,2847
0.057259629,2846
0.057262447,2845
0.057266208,2844
0.057309153,2843
0.057323941,2842
0.057328481,2841
0.057332241,2840
0.057335441,2839
0.05733955,2838
0.057343467,2837
0.05734878,2836
0.057352366,2835
0.057358359,2834
0.057367324,2833
0.057370557,2832
0.057374765,2831
0.057380628,2830
0.057388189,2829
0.057391187,2828
0.05739403,2827
0.057397816,2826
0.057402422,2825
0.057406567,2824
0.057411902,2823
0.057415252,2822
0.057418754,2821
0.057425565,2820
0.057428595,2819
0.057433196,2818
0.057437338,2817
0.057441981,2816
0.057444808,2815
0.057449833,2814
0.057453382,2813
0.057456238,2812
0.057462309,2811
0.0574729,2810
0.057487444,2809
0.057491326,2808
0.057494232,2807
0.057497506,2806
0.057501605,2805
0.057504756,2804
0.057509296,2803
0.057513145,2802
0.057516434,2801
0.057519438,2800
0.057526008,2799
0.057530122,2798
0.057535005,2797
0.057538804,2796
0.057543742,2795
0.057546957,2794
0.057559912,2793
0.05756445,2792
0.05759895,2791
0.057606688,2790
0.057611611,2789
0.057615014,2788
0.057620555,2787
0.057624363,2786
0.057627932,2785
0.057639439,2784
0.057643936,2783
0.05764948,2782
0.057655787,2781
0.057659189,2780
0.057670074,2779
0.057673801,2778
0.057677053,2777
0.057680567,2776
0.057686397,2775
0.057695192,2774
0.057698846,2773
0.057702612,2772
0.057706536,2771
0.057709388,2770
0.057713679,2769
0.057717778,2768
0.057720831,2767
0.057724908,2766
0.05772925,2765
0.057732215,2764
0.057735646,2763
0.057740058,2762
0.057743587,2761
0.057747678,2760
0.057751613,2759
0.057754481,2758
0.057758328,2757
0.057764059,2756
0.057767581,2755
0.057771872,2754
0.057775679,2753
0.057778755,2752
0.057783633,2751
0.05778969,2750
0.057793084,2749
0.057797007,2748
0.057801575,2747
0.05780569,2746
0.057809731,2745
0.05781447,2744
0.057818102,2743
0.057821624,2742
0.057825746,2741
0.057828574,2740
0.057832432,2739
0.057837175,2738
0.057841048,2737
0.057846496,2736
0.05785141,2735
0.057856643,2734
0.057862182,2733
0.057866568,2732
0.057871088,2731
0.057876354,2730
0.057881489,2729
0.057884843,2728
0.057890139,2727
0.057893201,2726
0.057900508,2725
0.057908912,2724
0.057915603,2723
0.057918834,2722
0.057925851,2721
0.057931976,2720
0.057935206,2719
0.057939843,2718
0.057943794,2717
0.057949791,2716
0.057952711,2715
0.057956415,2714
0.05795971,2713
0.057962784,2712
0.057965523,2711
0.05796907,2710
0.057972588,2709
0.05797873,2708
0.057981425,2707
0.057984772,2706
0.057988929,2705
0.057993622,2704
0.057997692,2703
0.05800121,2702
0.058004705,2701
0.058007701,2700
0.058011153,2699
0.058016843,2698
0.058020251,2697
0.058023006,2696
0.058029146,2695
0.05803252,2694
0.058035663,2693
0.058038656,2692
0.058041219,2691
0.058043953,2690
0.058046552,2689
0.058049357,2688
0.058052056,2687
0.058054768,2686
0.058061415,2685
0.058065755,2684
0.058071435,2683
0.058074731,2682
0.058077153,2681
0.058086302,2680
0.058093144,2679
0.058097152,2678
0.058101518,2677
0.058106332,2676
0.058110832,2675
0.058117383,2674
0.058124035,2673
0.058127444,2672
0.058130593,2671
0.058134382,2670
0.058137492,2669
0.058140316,2668
0.058144564,2667
0.058149745,2666
0.058158922,2665
0.058162034,2664
0.058165867,2663
0.058169716,2662
0.058173813,2661
0.058177027,2660
0.058184613,2659
0.05818898,2658
0.058193007,2657
0.058196242,2656
0.05820147,2655
0.058205344,2654
0.058210314,2653
0.058214314,2652
0.058217223,2651
0.05822111,2650
0.058225625,2649
0.058235572,2648
0.058238709,2647
0.058241289,2646
0.058246201,2645
0.058249701,2644
0.058252967,2643
0.058256305,2642
0.058260285,2641
0.058262908,2640
0.058269404,2639
0.058274201,2638
0.058277289,2637
0.058280824,2636
0.058284086,2635
0.058289307,2634
0.058292475,2633
0.058298116,2632
0.058300742,2631
0.058304287,2630
0.058314455,2629
0.058318423,2628
0.058321264,2627
0.058323871,2626
0.058326189,2625
0.058334437,2624
0.058337396,2623
0.058340156,2622
0.058347807,2621
0.058351758,2620
0.058354767,2619
0.058360558,2618
0.058367059,2617
0.058371321,2616
0.058374692,2615
0.058377551,2614
0.058381451,2613
0.058384164,2612
0.058386794,2611
0.058389706,2610
0.058392645,2609
0.058397489,2608
0.058401733,2607
0.058407016,2606
0.05841559,2605
0.058466589,2604
0.058470887,2603
0.058485906,2602
0.058491027,2601
0.058498292,2600
0.058501892,2599
0.058506972,2598
0.058509695,2597
0.058533621,2596
0.058542318,2595
0.058545747,2594
0.058550333,2593
0.058554449,2592
0.058559487,2591
0.058562745,2590
0.058577775,2589
0.058581499,2588
0.058585498,2587
0.058589948,2586
0.058593765,2585
0.058599182,2584
0.058602755,2583
0.058608365,2582
0.058613922,2581
0.058618225,2580
0.058621919,2579
0.058625906,2578
0.058629852,2577
0.058635709,2576
0.0586527,2575
0.058657381,2574
0.058663136,2573
0.058666708,2572
0.058672536,2571
0.058675547,2570
0.058678435,2569
0.058683301,2568
0.058687316,2567
0.058695955,2566
0.058698769,2565
0.058701415,2564
0.058704332,2563
0.058707274,2562
0.058710117,2561
0.058715503,2560
0.058720251,2559
0.058723547,2558
0.058726781,2557
0.058733216,2556
0.058736769,2555
0.058740167,2554
0.058743867,2553
0.058747289,2552
0.05875192,2551
0.058756682,2550
0.058762248,2549
0.058765382,2548
0.058768263,2547
0.058772837,2546
0.058776288,2545
0.058779011,2544
0.058820448,2543
0.058824399,2542
0.058830461,2541
0.058836815,2540
0.058844749,2539
0.058850728,2538
0.058852977,2537
0.058855353,2536
0.058860243,2535
0.058863915,2534
0.058866101,2533
0.058869013,2532
0.05887159,2531
0.058876347,2530
0.05888863,2529
0.058892108,2528
0.058897569,2527
0.058900202,2526
0.058903715,2525
0.058906289,2524
0.05890873,2523
0.058911497,2522
0.058914786,2521
0.058917,2520
0.058919281,2519
0.058921886,2518
0.058924707,2517
0.05892706,2516
0.058929411,2515
0.058933183,2514
0.058935247,2513
0.058944453,2512
0.058949052,2511
0.058952374,2510
0.059524755,2509
0.059533051,2508
0.05954291,2507
0.059553575,2506
0.059557071,2505
0.059563742,2504
0.059568525,2503
0.05957522,2502
0.059589595,2501
0.059600017,2500
0.059605473,2499
0.059610766,2498
0.059615785,2497
0.059655967,2496
0.059659623,2495
0.059662823,2494
0.0596712,2493
0.05967848,2492
0.05968473,2491
0.059690617,2490
0.059694852,2489
0.05969834,2488
0.05970953,2487
0.059719396,2486
0.059723339,2485
0.05973048,2484
0.059733701,2483
0.059742554,2482
0.059747065,2481
0.059757243,2480
0.059763631,2479
0.059771465,2478
0.059775875,2477
0.059779233,2476
0.059783417,2475
0.059798664,2474
0.059805264,2473
0.059810562,2472
0.059817069,2471
0.059833347,2470
0.059842249,2469
0.059846632,2468
0.059857969,2467
0.059865828,2466
0.059870126,2465
0.059874206,2464
0.059879961,2463
0.059897084,2462
0.059900661,2461
0.059904472,2460
0.059914999,2459
0.05992048,2458
0.059925139,2457
0.059928847,2456
0.059952551,2455
0.059958247,2454
0.059962512,2453
0.059968954,2452
0.059974806,2451
0.059983618,2450
0.059990262,2449
0.059999773,2448
0.060008353,2447
0.060013616,2446
0.060018936,2445
0.060029402,2444
0.060036963,2443
0.060044448,2442
0.06005008,2441
0.060056925,2440
0.06006793,2439
0.060076461,2438
0.06008423,2437
0.060090652,2436
0.060094602,2435
0.060103036,2434
0.060109397,2433
0.060112485,2432
0.060118327,2431
0.060126548,2430
0.060132131,2429
0.060135419,2428
0.060142876,2427
0.060146131,2426
0.060154394,2425
0.06016628,2424
0.060176825,2423
0.06018141,2422
0.060184021,2421
0.060192114,2420
0.060196298,2419
0.060209687,2418
0.060212654,2417
0.060215762,2416
0.060220093,2415
0.060225581,2414
0.060230178,2413
0.060234267,2412
0.060241395,2411
0.060249039,2410
0.060257197,2409
0.060261776,2408
0.060268896,2407
0.060279876,2406
0.060283249,2405
0.060286711,2404
0.060304423,2403
0.060307728,2402
0.060314367,2401
0.06031798,2400
0.06032619,2399
0.060339818,2398
0.060351421,2397
0.060355659,2396
0.060375734,2395
0.060385212,2394
0.060390814,2393
0.060393936,2392
0.060398129,2391
0.060404501,2390
0.060412497,2389
0.06042263,2388
0.060428271,2387
0.060438764,2386
0.060457542,2385
0.060470687,2384
0.060504813,2383
0.06054983,2382
0.060584835,2381
0.06059191,2380
0.060599486,2379
0.060605304,2378
0.060610346,2377
0.060618032,2376
0.060622316,2375
0.060630057,2374
0.060632804,2373
0.060636293,2372
0.06064329,2371
0.060657474,2370
0.060663396,2369
0.060671629,2368
0.060676229,2367
0.060693185,2366
0.06069812,2365
0.060701187,2364
0.060706783,2363
0.060714928,2362
0.060717625,2361
0.060720956,2360
0.06072639,2359
0.060730111,2358
0.060737699,2357
0.06074587,2356
0.060748606,2355
0.06083746,2354
0.060840617,2353
0.060855449,2352
0.0608985,2351
0.060902624,2350
0.06091389,2349
0.060920914,2348
0.060930969,2347
0.060941864,2346
0.060949478,2345
0.060997343,2344
0.061003681,2343
0.061010239,2342
0.061037827,2341
0.061053449,2340
0.061064999,2339
0.061073785,2338
0.061077344,2337
0.061080257,2336
0.061083629,2335
0.061091009,2334
0.061096916,2333
0.061105504,2332
0.061113689,2331
0.061117844,2330
0.061121268,2329
0.061123883,2328
0.061130522,2327
0.061140138,2326
0.06114381,2325
0.061147684,2324
0.061386618,2323
0.061390614,2322
0.06143329,2321
0.061459955,2320
0.061483702,2319
0.061490933,2318
0.061493858,2317
0.061508576,2316
0.061513503,2315
0.061545701,2314
0.061555486,2313
0.061566683,2312
0.061580484,2311
0.061604317,2310
0.061623046,2309
0.061639091,2308
0.061645008,2307
0.061662621,2306
0.061670022,2305
0.061674825,2304
0.061682833,2303
0.061688704,2302
0.061693946,2301
0.061724245,2300
0.061743123,2299
0.061780988,2298
0.061789718,2297
0.061794331,2296
0.06181127,2295
0.061814658,2294
0.062042802,2293
0.065345853,2292
0.065420237,2291
0.065498916,2290
0.065585732,2289
0.06559253,2288
0.065603973,2287
0.065611749,2286
0.065629232,2285
0.065794454,2284
0.065813245,2283
0.065854938,2282
0.066004069,2281
0.066112844,2280
0.066223964,2279
0.082443042,2278
0.094350047,2277
0.120846429,2276
0.130520166,2275
0.13708437,2274
0.161250614,2273
0.174086715,2272
0.179502781,2271
0.196865054,2270
0.218469114,2269
0.230551892,2268
0.24028629,2267
0.252959657,2266
0.287030935,2265
0.292870213,2264
0.304004641,2263
0.308132202,2262
0.311191783,2261
0.314720018,2260
0.320276799,2259
0.32912499,2258
0.392845755,2257
0.396152864,2256
0.44217657,2255
0.445592925,2254
0.467990943,2253
0.474390616,2252
0.503602935,2251
0.513726705,2250
0.525891775,2249
0.529612083,2248
0.54234092,2247
0.548640877,2246
0.58761082,2245
0.593754215,2244
0.614594539,2243
0.625033733,2242
0.695222803,2241
0.714752455,2240
0.731492858,2239
0.747203645,2238
0.756151195,2237
0.764900545,2236
0.819594906,2235
0.824671907,2234
0.833621268,2233
0.840247045,2232
0.888211097,2231
0.902869402,2230
0.916318723,2229
0.923823813,2228
0.940513505,2227
1.038223886,2226
1.059703805,2225
1.110397438,2224
1.117811384,2223
1.24078097,2222
