0.057284129,3669
0.057375451,3668
0.057433792,3667
0.057471834,3666
0.057533714,3665
0.057550111,3664
0.057574047,3663
0.057599345,3662
0.05761755,3661
0.05763535,3660
0.057651612,3659
0.057674849,3658
0.057682181,3657
0.057688739,3656
0.05769511,3655
0.057702709,3654
0.057713298,3653
0.05772441,3652
0.05773256,3651
0.057743148,3650
0.057751689,3649
0.057770399,3648
0.057779812,3647
0.057790257,3646
0.057803226,3645
0.057813163,3644
0.057823634,3643
0.057830927,3642
0.057841468,3641
0.057848165,3640
0.057854519,3639
0.057861445,3638
0.057868661,3637
0.057876176,3636
0.057884155,3635
0.057891819,3634
0.057898818,3633
0.057905862,3632
0.057915077,3631
0.057923119,3630
0.057929682,3629
0.057935944,3628
0.057946448,3627
0.057962813,3626
0.057976036,3625
0.057987615,3624
0.057999566,3623
0.058013087,3622
0.058020962,3621
0.058028564,3620
0.058050058,3619
0.058057809,3618
0.05806666,3617
0.058076455,3616
0.058083358,3615
0.058091319,3614
0.058107115,3613
0.058115615,3612
0.058123371,3611
0.058139975,3610
0.058152088,3609
0.05815881,3608
0.05816566,3607
0.058180651,3606
0.058207307,3605
0.05822351,3604
0.058234778,3603
0.058256172,3602
0.058264672,3601
0.058330959,3600
0.058368379,3599
0.058382734,3598
0.058411918,3597
0.058419532,3596
0.058447088,3595
0.058455815,3594
0.058465841,3593
0.058473231,3592
0.05847891,3591
0.058484804,3590
0.058489661,3589
0.058495328,3588
0.058501993,3587
0.058508373,3586
0.058514867,3585
0.058521605,3584
0.058528465,3583
0.058534763,3582
0.058541642,3581
0.058547767,3580
0.058555282,3579
0.058559692,3578
0.058563772,3577
0.058567853,3576
0.058573515,3575
0.058578248,3574
0.05858333,3573
0.058588644,3572
0.058594308,3571
0.05859974,3570
0.058605382,3569
0.058610867,3568
0.058616061,3567
0.05862174,3566
0.058627592,3565
0.058632925,3564
0.05863809,3563
0.058642924,3562
0.058647306,3561
0.058650821,3560
0.058654377,3559
0.058657984,3558
0.058666085,3557
0.058670035,3556
0.058674192,3555
0.058679781,3554
0.058685228,3553
0.058692853,3552
0.058700417,3551
0.058706296,3550
0.058714238,3549
0.058719833,3548
0.058725413,3547
0.058731358,3546
0.058736036,3545
0.058741041,3544
0.058755565,3543
0.058768697,3542
0.058774585,3541
0.058779106,3540
0.058784108,3539
0.058788998,3538
0.058793639,3537
0.058798389,3536
0.058803151,3535
0.058808159,3534
0.058817373,3533
0.058854002,3532
0.058890037,3531
0.058895029,3530
0.058899845,3529
0.058905287,3528
0.05894227,3527
0.058947337,3526
0.058967469,3525
0.05897951,3524
0.058984054,3523
0.058988662,3522
0.058993356,3521
0.058997139,3520
0.059003003,3519
0.059008038,3518
0.059013057,3517
0.059017683,3516
0.059022756,3515
0.059028104,3514
0.059032983,3513
0.059038756,3512
0.059044453,3511
0.059050206,3510
0.059055427,3509
0.059061053,3508
0.059066469,3507
0.059070535,3506
0.059074737,3505
0.059079082,3504
0.059083451,3503
0.059087864,3502
0.059092208,3501
0.059099573,3500
0.059103984,3499
0.059108728,3498
0.05911315,3497
0.059117942,3496
0.059122523,3495
0.05912694,3494
0.059132315,3493
0.059138621,3492
0.059151792,3491
0.059156641,3490
0.05916167,3489
0.059166888,3488
0.059171266,3487
0.059175704,3486
0.059179858,3485
0.059184034,3484
0.059188883,3483
0.059193249,3482
0.0592054,3481
0.05921082,3480
0.059223795,3479
0.059246143,3478
0.05926692,3477
0.059290378,3476
0.059299771,3475
0.059308026,3474
0.05931682,3473
0.059321161,3472
0.059325415,3471
0.059330556,3470
0.059334836,3469
0.059339257,3468
0.059343463,3467
0.059348189,3466
0.059352758,3465
0.059357399,3464
0.059364111,3463
0.059368489,3462
0.059373373,3461
0.05937781,3460
0.059381806,3459
0.059386133,3458
0.05939082,3457
0.059395294,3456
0.059401226,3455
0.059405991,3454
0.05941048,3453
0.059414671,3452
0.059418763,3451
0.059422811,3450
0.05942666,3449
0.059430621,3448
0.059437777,3447
0.059442182,3446
0.059446608,3445
0.059450686,3444
0.059454414,3443
0.059458872,3442
0.059462796,3441
0.05946687,3440
0.059471161,3439
0.059475948,3438
0.059480992,3437
0.059485037,3436
0.059489314,3435
0.059493444,3434
0.059497576,3433
0.059502209,3432
0.059506216,3431
0.059510736,3430
0.059519553,3429
0.059524032,3428
0.059528465,3427
0.059533039,3426
0.059540397,3425
0.059544631,3424
0.05954859,3423
0.05955276,3422
0.05955681,3421
0.059605009,3420
0.059610575,3419
0.059614824,3418
0.059626708,3417
0.059630673,3416
0.059634223,3415
0.059639079,3414
0.059649988,3413
0.059656389,3412
0.059661538,3411
0.059666128,3410
0.059671243,3409
0.059676532,3408
0.059681965,3407
0.059685947,3406
0.0596896,3405
0.059693513,3404
0.05969744,3403
0.059700982,3402
0.059704231,3401
0.059709913,3400
0.059743531,3399
0.059749037,3398
0.059754662,3397
0.059761847,3396
0.059767975,3395
0.059772875,3394
0.059777495,3393
0.059786911,3392
0.059791473,3391
0.059795395,3390
0.059799765,3389
0.059803923,3388
0.059809644,3387
0.059815116,3386
0.059820356,3385
0.059825265,3384
0.059830473,3383
0.059835466,3382
0.059840334,3381
0.059845437,3380
0.059850277,3379
0.059854903,3378
0.059859665,3377
0.059864155,3376
0.05986871,3375
0.059873305,3374
0.059877845,3373
0.059890452,3372
0.059904944,3371
0.05991099,3370
0.059915551,3369
0.059920093,3368
0.059924778,3367
0.059929274,3366
0.05993382,3365
0.059938312,3364
0.059942657,3363
0.059946891,3362
0.059952236,3361
0.05995718,3360
0.059962047,3359
0.059966833,3358
0.059971101,3357
0.059975621,3356
0.059979813,3355
0.059984218,3354
0.059988509,3353
0.059992985,3352
0.059998219,3351
0.060002628,3350
0.06000719,3349
0.060012335,3348
0.06001926,3347
0.060025002,3346
0.06003002,3345
0.060034999,3344
0.060040317,3343
0.060044833,3342
0.060049441,3341
0.060053841,3340
0.060058225,3339
0.060063023,3338
0.060067389,3337
0.060071761,3336
0.060075965,3335
0.060079916,3334
0.060084039,3333
0.060088136,3332
0.060091889,3331
0.06009638,3330
0.060100305,3329
0.060104705,3328
0.060112737,3327
0.06012432,3326
0.060161982,3325
0.060166953,3324
0.060180483,3323
0.060188767,3322
0.060197769,3321
0.060204595,3320
0.060210747,3319
0.060215785,3318
0.060220375,3317
0.060224557,3316
0.060228647,3315
0.060232684,3314
0.060236985,3313
0.060241311,3312
0.060245099,3311
0.060249298,3310
0.060252892,3309
0.060256721,3308
0.060260586,3307
0.060264281,3306
0.0602682,3305
0.060271911,3304
0.060275781,3303
0.060279983,3302
0.060305507,3301
0.060309991,3300
0.060314463,3299
0.060318738,3298
0.060342807,3297
0.060347106,3296
0.060371081,3295
0.06037543,3294
0.060383273,3293
0.060387093,3292
0.060391284,3291
0.06039585,3290
0.060400536,3289
0.060404157,3288
0.060407978,3287
0.060437396,3286
0.060520799,3285
0.060542327,3284
0.060547247,3283
0.060551142,3282
0.060555179,3281
0.060559263,3280
0.060564325,3279
0.060568719,3278
0.060572439,3277
0.060576402,3276
0.060580101,3275
0.060583991,3274
0.060588085,3273
0.060592961,3272
0.060598105,3271
0.060603254,3270
0.060607634,3269
0.060611316,3268
0.060615484,3267
0.060622667,3266
0.06062614,3265
0.060629673,3264
0.060633133,3263
0.060636559,3262
0.060639934,3261
0.060643211,3260
0.060646393,3259
0.060649736,3258
0.06065384,3257
0.060657228,3256
0.060660624,3255
0.060664468,3254
0.060668094,3253
0.060672023,3252
0.060675441,3251
0.060678817,3250
0.060681889,3249
0.060685154,3248
0.060689146,3247
0.06069418,3246
0.06070491,3245
0.060708938,3244
0.060713182,3243
0.060718331,3242
0.060723282,3241
0.060727321,3240
0.060730561,3239
0.060733917,3238
0.060737186,3237
0.060741614,3236
0.060745235,3235
0.060748674,3234
0.060751851,3233
0.06075542,3232
0.060760044,3231
0.060763644,3230
0.060767025,3229
0.060770464,3228
0.060774527,3227
0.060778229,3226
0.060781628,3225
0.060784888,3224
0.060788064,3223
0.06079147,3222
0.060795143,3221
0.060799042,3220
0.060802879,3219
0.0608059,3218
0.060809262,3217
0.060812523,3216
0.060815992,3215
0.060819918,3214
0.06082363,3213
0.060827102,3212
0.06083072,3211
0.060834131,3210
0.060837448,3209
0.060847685,3208
0.060851788,3207
0.060856698,3206
0.06085953,3205
0.060862467,3204
0.060865683,3203
0.060868667,3202
0.060871431,3201
0.06087407,3200
0.060877538,3199
0.060880866,3198
0.060884117,3197
0.060887025,3196
0.060889968,3195
0.060893101,3194
0.060896305,3193
0.060899732,3192
0.060902992,3191
0.060906176,3190
0.060909691,3189
0.06091291,3188
0.060915996,3187
0.060919619,3186
0.060922973,3185
0.060925979,3184
0.060929383,3183
0.060932791,3182
0.06093652,3181
0.060939784,3180
0.060942761,3179
0.060946077,3178
0.060949749,3177
0.060964983,3176
0.060979928,3175
0.060984001,3174
0.060987997,3173
0.060992005,3172
0.06099532,3171
0.06100001,3170
0.061003596,3169
0.061007082,3168
0.061013473,3167
0.061018317,3166
0.061023266,3165
0.061026276,3164
0.061028771,3163
0.061032741,3162
0.061038681,3161
0.061042571,3160
0.061046411,3159
0.061084756,3158
0.061090945,3157
0.061095056,3156
0.061098749,3155
0.06110217,3154
0.061105674,3153
0.061108814,3152
0.061112132,3151
0.061115148,3150
0.062631796,3149
0.06263978,3148
0.062644731,3147
0.062656177,3146
0.062660385,3145
0.062667804,3144
0.062673905,3143
0.062678503,3142
0.062681723,3141
0.062687193,3140
0.062690441,3139
0.062693745,3138
0.062697705,3137
0.062701414,3136
0.062704217,3135
0.062708144,3134
0.062710627,3133
0.062714382,3132
0.062717274,3131
0.06271975,3130
0.062725946,3129
0.062730869,3128
0.062735233,3127
0.062737893,3126
0.062740337,3125
0.06274379,3124
0.062746492,3123
0.062752855,3122
0.062755523,3121
0.062758052,3120
0.062760764,3119
0.062764386,3118
0.062768523,3117
0.062771075,3116
0.062775629,3115
0.06277962,3114
0.062784166,3113
0.062788439,3112
0.062794727,3111
0.06280144,3110
0.062804128,3109
0.062807723,3108
0.062811965,3107
0.062814974,3106
0.062839132,3105
0.062842128,3104
0.062846532,3103
0.062850577,3102
0.062858243,3101
0.062860991,3100
0.062867466,3099
0.062872003,3098
0.062874879,3097
0.062877806,3096
0.062880389,3095
0.062886315,3094
0.062888944,3093
0.062891786,3092
0.06289446,3091
0.062897313,3090
0.062899913,3089
0.062903759,3088
0.062906631,3087
0.062909836,3086
0.062912465,3085
0.062916483,3084
0.062919136,3083
0.062922193,3082
0.06292696,3081
0.062931366,3080
0.062937458,3079
0.062945848,3078
0.062949719,3077
0.062956652,3076
0.062961318,3075
0.062964563,3074
0.06296791,3073
0.062971423,3072
0.062977102,3071
0.062982759,3070
0.062986309,3069
0.062989662,3068
0.062993225,3067
0.062996577,3066
0.063005488,3065
0.063009633,3064
0.06301334,3063
0.063021094,3062
0.06302622,3061
0.063030337,3060
0.063033821,3059
0.063037544,3058
0.063041618,3057
0.063049136,3056
0.06305318,3055
0.063057598,3054
0.063060731,3053
0.063065039,3052
0.063072075,3051
0.063078714,3050
0.063081834,3049
0.063084646,3048
0.063087525,3047
0.06309025,3046
0.063093304,3045
0.063105805,3044
0.063109525,3043
0.063113551,3042
0.063119856,3041
0.063125503,3040
0.063130512,3039
0.063134532,3038
0.063140672,3037
0.063147041,3036
0.063152006,3035
0.063155626,3034
0.063161158,3033
0.063184018,3032
0.063187674,3031
0.063193286,3030
0.063198286,3029
0.063202174,3028
0.06320781,3027
0.063211698,3026
0.0632172,3025
0.063222345,3024
0.0632258,3023
0.063228914,3022
0.063233674,3021
0.063237499,3020
0.063245056,3019
0.063248162,3018
0.06325128,3017
0.063255323,3016
0.063260708,3015
0.063264551,3014
0.063274597,3013
0.063277491,3012
0.063284577,3011
0.063288804,3010
0.063292072,3009
0.063298684,3008
0.063301802,3007
0.063305054,3006
0.063308296,3005
0.063312776,3004
0.063316059,3003
0.063319211,3002
0.063322493,3001
0.063325927,3000
0.063332392,2999
0.063338131,2998
0.063342416,2997
0.063346427,2996
0.063351357,2995
0.063354512,2994
0.063359417,2993
0.063364363,2992
0.063367377,2991
0.063371611,2990
0.063375101,2989
0.063380398,2988
0.063383447,2987
0.063386509,2986
0.063389423,2985
0.063393196,2984
0.063396966,2983
0.063400373,2982
0.063403354,2981
0.06340628,2980
0.063410856,2979
0.063414083,2978
0.063418483,2977
0.063420948,2976
0.063428453,2975
0.063431367,2974
0.063435601,2973
0.063438886,2972
0.063447485,2971
0.063450684,2970
0.063453645,2969
0.063456858,2968
0.063459979,2967
0.063463411,2966
0.063466598,2965
0.063469953,2964
0.063473473,2963
0.063477117,2962
0.063481964,2961
0.063485243,2960
0.063488948,2959
0.063492055,2958
0.063496121,2957
0.06350068,2956
0.063504737,2955
0.063515347,2954
0.063521277,2953
0.063527625,2952
0.063531467,2951
0.063537935,2950
0.063541355,2949
0.063544943,2948
0.063550489,2947
0.063554959,2946
0.063558115,2945
0.063562732,2944
0.063566268,2943
0.063571392,2942
0.063574952,2941
0.063587524,2940
0.063592643,2939
0.063598707,2938
0.06360498,2937
0.063608396,2936
0.063611533,2935
0.063614481,2934
0.063618153,2933
0.063621712,2932
0.063628796,2931
0.063632303,2930
0.063642905,2929
0.063646405,2928
0.063649141,2927
0.063651885,2926
0.063654705,2925
0.063659068,2924
0.063662717,2923
0.063666897,2922
0.063669878,2921
0.063677805,2920
0.063680566,2919
0.063683922,2918
0.063686854,2917
0.063690674,2916
0.063693062,2915
0.063699351,2914
0.063701988,2913
0.063706015,2912
0.06370855,2911
0.063713767,2910
0.063718034,2909
0.063720598,2908
0.06372317,2907
0.063726005,2906
0.063731085,2905
0.063737204,2904
0.063740777,2903
0.06374336,2902
0.06374626,2901
0.063750703,2900
0.063754704,2899
0.063763529,2898
0.063766947,2897
0.063770737,2896
0.063774371,2895
0.063779393,2894
0.063787669,2893
0.063790893,2892
0.063794298,2891
0.063797438,2890
0.063803994,2889
0.063852058,2888
0.063857655,2887
0.063862415,2886
0.06386568,2885
0.063869027,2884
0.063873786,2883
0.06387716,2882
0.063881011,2881
0.063887051,2880
0.063890571,2879
0.06389433,2878
0.06390097,2877
0.063908914,2876
0.063913191,2875
0.06391752,2874
0.063922075,2873
0.063973338,2872
0.063977426,2871
0.063983246,2870
0.063987572,2869
0.063991329,2868
0.063998868,2867
0.064002527,2866
0.064006832,2865
0.064009999,2864
0.064013695,2863
0.064030746,2862
0.064035711,2861
0.064039127,2860
0.064042534,2859
0.064047439,2858
0.064054572,2857
0.064059867,2856
0.064063115,2855
0.064066538,2854
0.064069999,2853
0.064072704,2852
0.064076743,2851
0.064080115,2850
0.064091174,2849
0.064094215,2848
0.06409703,2847
0.064104507,2846
0.064107757,2845
0.064110851,2844
0.064114781,2843
0.064117889,2842
0.064120373,2841
0.064123376,2840
0.064127049,2839
0.064132344,2838
0.064135884,2837
0.064140056,2836
0.064142686,2835
0.064145615,2834
0.064148542,2833
0.064152445,2832
0.064157524,2831
0.064160091,2830
0.064162431,2829
0.064165472,2828
0.064168083,2827
0.064170999,2826
0.064173483,2825
0.064176211,2824
0.064179675,2823
0.064182555,2822
0.064189979,2821
0.064194141,2820
0.064198294,2819
0.064202914,2818
0.064205925,2817
0.064209445,2816
0.064218401,2815
0.064225416,2814
0.064229735,2813
0.064233817,2812
0.064244637,2811
0.064252504,2810
0.064261465,2809
0.064266912,2808
0.064270693,2807
0.064278935,2806
0.064285093,2805
0.064289516,2804
0.064294348,2803
0.064297513,2802
0.064300789,2801
0.064305655,2800
0.064309364,2799
0.064312931,2798
0.064316289,2797
0.064319552,2796
0.064324659,2795
0.064327977,2794
0.064332902,2793
0.064336475,2792
0.064341998,2791
0.064345276,2790
0.064349685,2789
0.064353884,2788
0.064357176,2787
0.064362947,2786
0.064366041,2785
0.06436992,2784
0.064374649,2783
0.064378088,2782
0.064446264,2781
0.064452856,2780
0.064459402,2779
0.064462654,2778
0.064466037,2777
0.064471269,2776
0.064476341,2775
0.064480641,2774
0.064484452,2773
0.06449221,2772
0.0644995,2771
0.064538805,2770
0.064542875,2769
0.064547122,2768
0.064554706,2767
0.064557325,2766
0.064561682,2765
0.064564293,2764
0.064567713,2763
0.06457413,2762
0.064577781,2761
0.064581478,2760
0.064590912,2759
0.064594895,2758
0.06459969,2757
0.064602818,2756
0.064605876,2755
0.064608781,2754
0.064614233,2753
0.064618207,2752
0.064621414,2751
0.064624777,2750
0.064629234,2749
0.0646336,2748
0.064636841,2747
0.064641346,2746
0.064646113,2745
0.06464924,2744
0.064652342,2743
0.064655883,2742
0.06465827,2741
0.06466164,2740
0.064665356,2739
0.064668771,2738
0.064672334,2737
0.064675485,2736
0.064677966,2735
0.064680675,2734
0.06468502,2733
0.064689355,2732
0.064693673,2731
0.064698692,2730
0.064702115,2729
0.064704819,2728
0.064708135,2727
0.064711578,2726
0.064715782,2725
0.064718774,2724
0.06472134,2723
0.06472555,2722
0.06472812,2721
0.064731167,2720
0.064735407,2719
0.06473821,2718
0.064740895,2717
0.064744034,2716
0.064749816,2715
0.064752299,2714
0.064757338,2713
0.064761154,2712
0.064765625,2711
0.064768099,2710
0.064772223,2709
0.064775757,2708
0.0647797,2707
0.064782514,2706
0.06478604,2705
0.064790703,2704
0.064796708,2703
0.064799924,2702
0.064808983,2701
0.064813023,2700
0.064817733,2699
0.064821802,2698
0.064833505,2697
0.064850904,2696
0.064856135,2695
0.064860717,2694
0.064873218,2693
0.064879721,2692
0.064887851,2691
0.064896203,2690
0.06490265,2689
0.064905958,2688
0.064909416,2687
0.064913014,2686
0.064919819,2685
0.064929798,2684
0.064936122,2683
0.064940993,2682
0.064945479,2681
0.064949824,2680
0.064956574,2679
0.064959961,2678
0.064964073,2677
0.064968585,2676
0.064976732,2675
0.064979532,2674
0.064986495,2673
0.06499474,2672
0.064998286,2671
0.065001649,2670
0.065006207,2669
0.065009476,2668
0.065016179,2667
0.065034734,2666
0.065038562,2665
0.065041103,2664
0.06504663,2663
0.065049211,2662
0.065051529,2661
0.065055953,2660
0.065063988,2659
0.065066379,2658
0.065068922,2657
0.065072673,2656
0.0650752,2655
0.06507808,2654
0.065080637,2653
0.065085804,2652
0.065088336,2651
0.065092859,2650
0.065100818,2649
0.06510674,2648
0.065113665,2647
0.065118991,2646
0.065123011,2645
0.065144015,2644
0.065147724,2643
0.065151449,2642
0.065154743,2641
0.065159372,2640
0.065162629,2639
0.065166333,2638
0.065172498,2637
0.065176093,2636
0.065178717,2635
0.065183302,2634
0.065187098,2633
0.065190498,2632
0.065193433,2631
0.065196171,2630
0.065198771,2629
0.065205052,2628
0.065207258,2627
0.065211579,2626
0.065213904,2625
0.065218133,2624
0.065220778,2623
0.065227725,2622
0.065231847,2621
0.065235149,2620
0.065240687,2619
0.065245738,2618
0.065249189,2617
0.065260832,2616
0.06526338,2615
0.065269473,2614
0.065287394,2613
0.065301518,2612
0.065305978,2611
0.065359884,2610
0.065365557,2609
0.065407785,2608
0.065455696,2607
0.065794192,2606
0.065819173,2605
0.065834116,2604
0.065906316,2603
0.065913296,2602
0.066055257,2601
0.066065681,2600
0.066071964,2599
0.066075104,2598
0.066078184,2597
0.066081041,2596
0.066083729,2595
0.066089976,2594
0.06609459,2593
0.066102971,2592
0.066117736,2591
0.066124203,2590
0.066128013,2589
0.06613141,2588
0.066134473,2587
0.06614156,2586
0.066144757,2585
0.06615073,2584
0.066168906,2583
0.066175698,2582
0.06619186,2581
0.066195214,2580
0.066203707,2579
0.06620691,2578
0.066211942,2577
0.066216406,2576
0.066221449,2575
0.066224745,2574
0.066240896,2573
0.066244535,2572
0.066250411,2571
0.066258678,2570
0.066262319,2569
0.066265864,2568
0.066270964,2567
0.066276076,2566
0.066279524,2565
0.066284924,2564
0.066289139,2563
0.06629627,2562
0.066299385,2561
0.066303469,2560
0.066307462,2559
0.066312033,2558
0.066316682,2557
0.066320727,2556
0.066413525,2555
0.066417871,2554
0.066422365,2553
0.066428583,2552
0.066432315,2551
0.066437095,2550
0.066441156,2549
0.06644947,2548
0.066458552,2547
0.066463562,2546
0.066473106,2545
0.066502792,2544
0.066508371,2543
0.066513691,2542
0.066518635,2541
0.066529587,2540
0.066533073,2539
0.06654887,2538
0.06655539,2537
0.066559376,2536
0.066562593,2535
0.066568244,2534
0.066571454,2533
0.066574508,2532
0.066577554,2531
0.066581228,2530
0.066583783,2529
0.0665883,2528
0.066591547,2527
0.066596578,2526
0.066600114,2525
0.066603009,2524
0.066611719,2523
0.066614833,2522
0.066618678,2521
0.066638186,2520
0.066640864,2519
0.066643466,2518
0.066649645,2517
0.067361619,2516
0.0673651,2515
0.067370315,2514
0.067374313,2513
0.067377314,2512
0.06738249,2511
0.067428909,2510
0.067438085,2509
0.067441056,2508
0.067448235,2507
0.067453389,2506
0.067456535,2505
0.067461338,2504
0.06746687,2503
0.06747002,2502
0.067486087,2501
0.067490293,2500
0.06749615,2499
0.067501972,2498
0.067509154,2497
0.067513981,2496
0.067517007,2495
0.067521328,2494
0.067525867,2493
0.067528728,2492
0.067535105,2491
0.067542368,2490
0.067546816,2489
0.067561164,2488
0.067588169,2487
0.067593774,2486
0.067602664,2485
0.067606865,2484
0.067637987,2483
0.067644406,2482
0.067650207,2481
0.067655199,2480
0.067658945,2479
0.067663405,2478
0.067669752,2477
0.067673451,2476
0.067678038,2475
0.067681132,2474
0.067683949,2473
0.067688414,2472
0.067693403,2471
0.067696411,2470
0.067701849,2469
0.067710169,2468
0.067749691,2467
0.067755626,2466
0.06776382,2465
0.06776716,2464
0.068913338,2463
0.068960668,2462
0.06896517,2461
0.06897443,2460
0.068977673,2459
0.068981166,2458
0.068986629,2457
0.069001763,2456
0.069005849,2455
0.069009049,2454
0.069022072,2453
0.069025564,2452
0.069029109,2451
0.069032571,2450
0.069045327,2449
0.069054085,2448
0.069058807,2447
0.069064422,2446
0.069067926,2445
0.069073931,2444
0.069084211,2443
0.069091414,2442
0.069108411,2441
0.069117193,2440
0.069120282,2439
0.06912442,2438
0.069128,2437
0.069131432,2436
0.06914115,2435
0.069159983,2434
0.069166942,2433
0.069177562,2432
0.069182616,2431
0.069191626,2430
0.069198919,2429
0.06920875,2428
0.069212877,2427
0.069220433,2426
0.069225505,2425
0.069234446,2424
0.069246293,2423
0.069251197,2422
0.069254874,2421
0.069259051,2420
0.069290351,2419
0.069311188,2418
0.069314258,2417
0.069317255,2416
0.06932834,2415
0.069332464,2414
0.069389925,2413
0.069396677,2412
0.069407241,2411
0.069410008,2410
0.069414072,2409
0.069427411,2408
0.069435136,2407
0.06944058,2406
0.069450431,2405
0.069496498,2404
0.069499255,2403
0.069508459,2402
0.069522067,2401
0.069528644,2400
0.069538208,2399
0.069541443,2398
0.069544804,2397
0.069550985,2396
0.06956004,2395
0.069568066,2394
0.069573316,2393
0.069582667,2392
0.069594529,2391
0.069603009,2390
0.069606136,2389
0.069614903,2388
0.069623441,2387
0.069636758,2386
0.069641904,2385
0.069661072,2384
0.06966561,2383
0.06967054,2382
0.069674642,2381
0.069684348,2380
0.06969044,2379
0.069694206,2378
0.069700989,2377
0.069708726,2376
0.069713118,2375
0.069717342,2374
0.069728336,2373
0.069731365,2372
0.069734758,2371
0.069743951,2370
0.069759883,2369
0.06976492,2368
0.069768336,2367
0.069771699,2366
0.069799653,2365
0.06981139,2364
0.069818797,2363
0.06982352,2362
0.069876916,2361
0.069906565,2360
0.06991535,2359
0.069922867,2358
0.069926142,2357
0.069932054,2356
0.069937489,2355
0.069940213,2354
0.069944548,2353
0.069947344,2352
0.069951753,2351
0.069956006,2350
0.069963864,2349
0.069977346,2348
0.069981688,2347
0.069987456,2346
0.069994932,2345
0.070011966,2344
0.07001665,2343
0.070029545,2342
0.070034294,2341
0.070047337,2340
0.070050072,2339
0.070054232,2338
0.070060273,2337
0.070075748,2336
0.070079215,2335
0.070084316,2334
0.070090407,2333
0.070096297,2332
0.070099683,2331
0.07010469,2330
0.070109618,2329
0.070386193,2328
0.070404383,2327
0.070411986,2326
0.070424507,2325
0.070429229,2324
0.07043922,2323
0.07044195,2322
0.070445565,2321
0.070482215,2320
0.070492353,2319
0.070503751,2318
0.070512312,2317
0.07051905,2316
0.070527796,2315
0.07053226,2314
0.070557032,2313
0.07065015,2312
0.070654793,2311
0.071023414,2310
0.0711274,2309
0.071146753,2308
0.071190804,2307
0.071203511,2306
0.071230071,2305
0.071236545,2304
0.071239785,2303
0.071318426,2302
0.071323475,2301
0.071331157,2300
0.071384498,2299
0.072574215,2298
0.072602409,2297
0.07264478,2296
0.072679519,2295
0.072714954,2294
0.072806858,2293
0.072858924,2292
0.072867033,2291
0.072933454,2290
0.072980913,2289
0.07317397,2288
0.073448281,2287
0.073486605,2286
0.073547954,2285
0.073761512,2284
0.073893183,2283
0.074006736,2282
0.095560947,2281
0.114429055,2280
0.126172644,2279
0.138230847,2278
0.140585164,2277
0.153519472,2276
0.155650619,2275
0.159164101,2274
0.169258792,2273
0.176444669,2272
0.179182084,2271
0.191497438,2270
0.201012887,2269
0.204975159,2268
0.219685638,2267
0.222095754,2266
0.22631749,2265
0.229741858,2264
0.236608363,2263
0.239146903,2262
0.258066777,2261
0.267502604,2260
0.284782985,2259
0.302783069,2258
0.304227479,2257
0.314925337,2256
0.361092292,2255
0.368553247,2254
0.383112671,2253
0.393658368,2252
0.405307293,2251
0.533856556,2250
0.540488433,2249
0.550814204,2248
0.552676859,2247
0.556006488,2246
0.565181901,2245
0.576024464,2244
0.579213954,2243
0.585210564,2242
0.597775474,2241
0.600936971,2240
0.617537595,2239
0.637984547,2238
0.663649149,2237
0.670252844,2236
0.6886409,2235
0.705001426,2234
0.766860055,2233
0.783663284,2232
0.885490237,2231
0.930300092,2230
0.96174375,2229
1.008517917,2228
