0.062605527,3669
0.06270999,3668
0.062766811,3667
0.062816667,3666
0.062884613,3665
0.062904235,3664
0.062933138,3663
0.062982044,3662
0.063016187,3661
0.063023784,3660
0.063030636,3659
0.063038314,3658
0.06307252,3657
0.063080236,3656
0.063095194,3655
0.063114535,3654
0.063131443,3653
0.063142407,3652
0.063153792,3651
0.063164534,3650
0.063176103,3649
0.063187204,3648
0.063203589,3647
0.063215271,3646
0.063226723,3645
0.06323664,3644
0.063249393,3643
0.063264377,3642
0.063287498,3641
0.063350397,3640
0.063362226,3639
0.063665001,3638
0.063905179,3637
0.063954149,3636
0.064000664,3635
0.064045965,3634
0.064063488,3633
0.064107186,3632
0.064122273,3631
0.064208973,3630
0.064224537,3629
0.064235516,3628
0.064246614,3627
0.064260635,3626
0.064635974,3625
0.064650714,3624
0.064698286,3623
0.064710995,3622
0.064730596,3621
0.064740344,3620
0.064750754,3619
0.064763491,3618
0.06477354,3617
0.064783074,3616
0.064828425,3615
0.064839938,3614
0.064849189,3613
0.064857684,3612
0.064872141,3611
0.064882929,3610
0.064922087,3609
0.064932403,3608
0.064944692,3607
0.064954687,3606
0.064965647,3605
0.064979601,3604
0.064990067,3603
0.065012543,3602
0.065022185,3601
0.065030467,3600
0.065038753,3599
0.065046135,3598
0.065056271,3597
0.065065031,3596
0.065092585,3595
0.06513562,3594
0.065224354,3593
0.065253793,3592
0.065324018,3591
0.065337898,3590
0.065348983,3589
0.065384143,3588
0.065395169,3587
0.065418444,3586
0.065430628,3585
0.065436376,3584
0.065440509,3583
0.065444652,3582
0.065448852,3581
0.065452975,3580
0.065459438,3579
0.065466101,3578
0.065472528,3577
0.065478255,3576
0.065483929,3575
0.065488855,3574
0.065505733,3573
0.065511925,3572
0.065517163,3571
0.065522044,3570
0.065526562,3569
0.065530876,3568
0.065534737,3567
0.065539534,3566
0.065547352,3565
0.06555169,3564
0.065558258,3563
0.065564035,3562
0.065569401,3561
0.065575331,3560
0.065580503,3559
0.065585088,3558
0.065595182,3557
0.06559962,3556
0.065603862,3555
0.065608862,3554
0.065613863,3553
0.065627445,3552
0.065632628,3551
0.065637587,3550
0.065642839,3549
0.06565082,3548
0.065658182,3547
0.0656639,3546
0.065669232,3545
0.065675542,3544
0.065681154,3543
0.065699226,3542
0.065706079,3541
0.065713916,3540
0.065719033,3539
0.065729198,3538
0.065734351,3537
0.065739879,3536
0.065772172,3535
0.065778059,3534
0.065783681,3533
0.065789946,3532
0.065794981,3531
0.065799275,3530
0.065804372,3529
0.065853653,3528
0.065861883,3527
0.065868748,3526
0.065880877,3525
0.065888876,3524
0.065893999,3523
0.065899222,3522
0.06590394,3521
0.065909468,3520
0.065914244,3519
0.065919287,3518
0.065924678,3517
0.065929048,3516
0.065933139,3515
0.065938425,3514
0.06594395,3513
0.065949267,3512
0.065953914,3511
0.065958184,3510
0.065962201,3509
0.065966161,3508
0.065974458,3507
0.065979953,3506
0.065984278,3505
0.065988263,3504
0.065992122,3503
0.065996228,3502
0.06600021,3501
0.066004669,3500
0.066009067,3499
0.066016131,3498
0.066023335,3497
0.066030635,3496
0.066036323,3495
0.066041684,3494
0.066046798,3493
0.066052605,3492
0.066056093,3491
0.066059473,3490
0.066065279,3489
0.066072524,3488
0.06610742,3487
0.066118506,3486
0.066157076,3485
0.066170649,3484
0.066182318,3483
0.066222338,3482
0.066268474,3481
0.066280731,3480
0.066290003,3479
0.066298252,3478
0.0663101,3477
0.073121305,3476
0.073132232,3475
0.073136581,3474
0.073140265,3473
0.073143638,3472
0.073148638,3471
0.07315456,3470
0.073159646,3469
0.073164134,3468
0.073170249,3467
0.073175167,3466
0.073179599,3465
0.073183157,3464
0.07318659,3463
0.073190029,3462
0.073193362,3461
0.073197031,3460
0.073200289,3459
0.073204027,3458
0.073207467,3457
0.073211034,3456
0.073226314,3455
0.073232168,3454
0.073236939,3453
0.073241625,3452
0.073246549,3451
0.073448603,3450
0.07345796,3449
0.073473996,3448
0.07348021,3447
0.073492834,3446
0.073506379,3445
0.073512461,3444
0.073522908,3443
0.07352888,3442
0.07353375,3441
0.073538657,3440
0.073542982,3439
0.073546297,3438
0.073549792,3437
0.073553029,3436
0.073556566,3435
0.073560003,3434
0.073563342,3433
0.073566814,3432
0.073570382,3431
0.073575103,3430
0.073595255,3429
0.073599884,3428
0.073605062,3427
0.073610533,3426
0.073617903,3425
0.073621945,3424
0.073625814,3423
0.073629199,3422
0.073632776,3421
0.073635932,3420
0.073640396,3419
0.0736452,3418
0.073649919,3417
0.073656863,3416
0.073675241,3415
0.073714788,3414
0.073719291,3413
0.073724317,3412
0.073732178,3411
0.073737235,3410
0.0737426,3409
0.073747534,3408
0.073752031,3407
0.073775364,3406
0.073780625,3405
0.073785086,3404
0.073789383,3403
0.073793828,3402
0.073797933,3401
0.073801734,3400
0.073805554,3399
0.073809122,3398
0.073813024,3397
0.073817082,3396
0.073820984,3395
0.07382469,3394
0.073828128,3393
0.073831465,3392
0.073835045,3391
0.073838891,3390
0.073842797,3389
0.073847034,3388
0.073851211,3387
0.073854976,3386
0.073859766,3385
0.073874066,3384
0.073878323,3383
0.073882844,3382
0.07388718,3381
0.073891362,3380
0.073895343,3379
0.073899831,3378
0.073904236,3377
0.073910645,3376
0.073916275,3375
0.073920624,3374
0.073924422,3373
0.073929179,3372
0.073938273,3371
0.07394267,3370
0.07394757,3369
0.073957503,3368
0.07396231,3367
0.073966956,3366
0.073971607,3365
0.073976279,3364
0.073980428,3363
0.073984988,3362
0.073988943,3361
0.073993728,3360
0.073997873,3359
0.074005345,3358
0.074009341,3357
0.074013533,3356
0.074017515,3355
0.074021675,3354
0.074025725,3353
0.074029739,3352
0.074033554,3351
0.074037197,3350
0.074041254,3349
0.074045959,3348
0.074050395,3347
0.074054414,3346
0.074058962,3345
0.074063895,3344
0.07406815,3343
0.074072671,3342
0.074076849,3341
0.074080984,3340
0.074085106,3339
0.0740895,3338
0.074093232,3337
0.074097537,3336
0.074101883,3335
0.07410633,3334
0.074110369,3333
0.074115134,3332
0.074118948,3331
0.074123232,3330
0.074127679,3329
0.074131862,3328
0.074135855,3327
0.074139746,3326
0.074143795,3325
0.074148196,3324
0.07415277,3323
0.074166942,3322
0.074173991,3321
0.074180244,3320
0.074185923,3319
0.074191135,3318
0.074198127,3317
0.074202905,3316
0.074207631,3315
0.074212582,3314
0.074217592,3313
0.074223807,3312
0.07423256,3311
0.074815604,3310
0.074845706,3309
0.074855247,3308
0.074863443,3307
0.074870331,3306
0.074875659,3305
0.074879165,3304
0.074882725,3303
0.074888074,3302
0.074893015,3301
0.074897471,3300
0.074902792,3299
0.074907987,3298
0.074913231,3297
0.07491897,3296
0.074923088,3295
0.074927768,3294
0.074932757,3293
0.074937526,3292
0.074942553,3291
0.0749484,3290
0.074953093,3289
0.074957844,3288
0.07496274,3287
0.074969616,3286
0.074978456,3285
0.074982965,3284
0.074988074,3283
0.074993001,3282
0.074998218,3281
0.075002522,3280
0.075010605,3279
0.075017369,3278
0.075022051,3277
0.075026852,3276
0.075031446,3275
0.07503657,3274
0.075040892,3273
0.075046133,3272
0.07505046,3271
0.075054675,3270
0.075059766,3269
0.075064102,3268
0.075067991,3267
0.075072113,3266
0.075076216,3265
0.075080093,3264
0.075084155,3263
0.075088034,3262
0.075091918,3261
0.075096398,3260
0.075100679,3259
0.07510453,3258
0.075108518,3257
0.07511217,3256
0.075115878,3255
0.075119693,3254
0.075123341,3253
0.075128169,3252
0.075132124,3251
0.075136274,3250
0.075140285,3249
0.075144913,3248
0.075149524,3247
0.075153495,3246
0.075157902,3245
0.075162719,3244
0.075704915,3243
0.075722798,3242
0.075727642,3241
0.075733734,3240
0.075738033,3239
0.075741187,3238
0.075744188,3237
0.075746814,3236
0.075753835,3235
0.075757303,3234
0.075761006,3233
0.075764067,3232
0.075767811,3231
0.075774012,3230
0.075777119,3229
0.075780269,3228
0.075783143,3227
0.075786253,3226
0.075789283,3225
0.075792676,3224
0.075795752,3223
0.075798884,3222
0.075802354,3221
0.075805644,3220
0.075825771,3219
0.075829349,3218
0.075832658,3217
0.075835966,3216
0.075839108,3215
0.075842663,3214
0.075846101,3213
0.075849181,3212
0.075851901,3211
0.075854812,3210
0.075859582,3209
0.075867185,3208
0.075870676,3207
0.075874521,3206
0.075877475,3205
0.075919161,3204
0.075923359,3203
0.075927589,3202
0.075931376,3201
0.075935221,3200
0.075939458,3199
0.075943255,3198
0.07594675,3197
0.075949869,3196
0.075953181,3195
0.075956365,3194
0.075959327,3193
0.075962399,3192
0.075965176,3191
0.075968265,3190
0.075971307,3189
0.075974612,3188
0.075977777,3187
0.075980778,3186
0.075984065,3185
0.075989168,3184
0.075992353,3183
0.075995293,3182
0.075998225,3181
0.076001602,3180
0.076004906,3179
0.076007786,3178
0.076010589,3177
0.076013371,3176
0.076016275,3175
0.076019049,3174
0.076021819,3173
0.076026551,3172
0.076030471,3171
0.076035021,3170
0.076038821,3169
0.076043305,3168
0.076047201,3167
0.076050836,3166
0.076054289,3165
0.076058282,3164
0.076065596,3163
0.076071102,3162
0.076076389,3161
0.076081163,3160
0.076085895,3159
0.076109853,3158
0.076129023,3157
0.076135453,3156
0.076142266,3155
0.076148682,3154
0.076154642,3153
0.076159201,3152
0.076166858,3151
0.076175556,3150
0.077451468,3149
0.077457967,3148
0.077465283,3147
0.077470212,3146
0.077474762,3145
0.077481283,3144
0.077485929,3143
0.077491817,3142
0.07749749,3141
0.077502972,3140
0.077507998,3139
0.077512396,3138
0.077518933,3137
0.077524864,3136
0.077529554,3135
0.077534253,3134
0.077538729,3133
0.077542579,3132
0.07754733,3131
0.077554345,3130
0.077560542,3129
0.07756668,3128
0.077571232,3127
0.077577016,3126
0.077585701,3125
0.07759023,3124
0.077594764,3123
0.077599847,3122
0.077604612,3121
0.077613786,3120
0.077618136,3119
0.077622761,3118
0.077627257,3117
0.077631962,3116
0.077642482,3115
0.077646893,3114
0.077651586,3113
0.077657768,3112
0.077662413,3111
0.077666846,3110
0.077671793,3109
0.077676229,3108
0.077683896,3107
0.077715966,3106
0.077720395,3105
0.077724882,3104
0.077729417,3103
0.077734385,3102
0.0777589,3101
0.077762454,3100
0.07776668,3099
0.077772388,3098
0.0777762,3097
0.07778001,3096
0.077785058,3095
0.077791108,3094
0.077794874,3093
0.0777989,3092
0.077802376,3091
0.077805842,3090
0.077810029,3089
0.077815675,3088
0.077819524,3087
0.077823756,3086
0.077827797,3085
0.077831478,3084
0.077835178,3083
0.077838585,3082
0.077841707,3081
0.077844512,3080
0.077847466,3079
0.07785072,3078
0.077853774,3077
0.077856966,3076
0.077861606,3075
0.077864947,3074
0.077870114,3073
0.077873575,3072
0.0778794,3071
0.07788498,3070
0.077888631,3069
0.077892388,3068
0.077897729,3067
0.077903227,3066
0.077906737,3065
0.077910273,3064
0.077913519,3063
0.077918034,3062
0.077922608,3061
0.077937987,3060
0.077942821,3059
0.077950104,3058
0.077955008,3057
0.077998929,3056
0.078002083,3055
0.078005218,3054
0.07801045,3053
0.078012807,3052
0.078015624,3051
0.078023886,3050
0.078028333,3049
0.078030713,3048
0.078035672,3047
0.078039407,3046
0.078043951,3045
0.07804659,3044
0.078050197,3043
0.078053177,3042
0.078057182,3041
0.078061331,3040
0.078065571,3039
0.078068697,3038
0.078074924,3037
0.078078582,3036
0.078081816,3035
0.078084183,3034
0.078086825,3033
0.078089014,3032
0.078098734,3031
0.078107631,3030
0.078114013,3029
0.078118448,3028
0.078123041,3027
0.078127253,3026
0.078133274,3025
0.078140869,3024
0.078146145,3023
0.078150289,3022
0.078154748,3021
0.078158878,3020
0.078162163,3019
0.078165566,3018
0.078168869,3017
0.078171948,3016
0.078175348,3015
0.078178675,3014
0.078183233,3013
0.078186308,3012
0.078190067,3011
0.07819378,3010
0.078197431,3009
0.078204895,3008
0.078208263,3007
0.078211361,3006
0.078214862,3005
0.078218449,3004
0.078226466,3003
0.078230843,3002
0.078234153,3001
0.078237476,3000
0.078243142,2999
0.078247281,2998
0.07825164,2997
0.078254768,2996
0.078257688,2995
0.078261873,2994
0.078266307,2993
0.078269541,2992
0.07827243,2991
0.078275875,2990
0.078278941,2989
0.078281897,2988
0.078284528,2987
0.07828846,2986
0.078291278,2985
0.078294849,2984
0.078298598,2983
0.078304475,2982
0.07830818,2981
0.078311759,2980
0.078316123,2979
0.078319185,2978
0.07832384,2977
0.078331139,2976
0.078337354,2975
0.078342378,2974
0.078346885,2973
0.078352608,2972
0.078355491,2971
0.078358642,2970
0.07837259,2969
0.078377409,2968
0.07838231,2967
0.078387568,2966
0.078390647,2965
0.07839626,2964
0.078399995,2963
0.078404329,2962
0.078406916,2961
0.078409561,2960
0.078413976,2959
0.078417655,2958
0.078422215,2957
0.078428873,2956
0.078433125,2955
0.078436768,2954
0.078443647,2953
0.078447676,2952
0.07845066,2951
0.078453562,2950
0.078457496,2949
0.078460079,2948
0.078465985,2947
0.078471355,2946
0.078473593,2945
0.078475964,2944
0.078480365,2943
0.078482523,2942
0.078485273,2941
0.078488945,2940
0.078497258,2939
0.078500912,2938
0.078505003,2937
0.078511971,2936
0.078517737,2935
0.078521578,2934
0.078535149,2933
0.078538296,2932
0.078542212,2931
0.078545753,2930
0.078551625,2929
0.078555933,2928
0.078558486,2927
0.078562036,2926
0.078567806,2925
0.078571873,2924
0.078576149,2923
0.078583379,2922
0.078596479,2921
0.078600659,2920
0.078605142,2919
0.078609281,2918
0.078617472,2917
0.078623587,2916
0.078629515,2915
0.078632488,2914
0.078635875,2913
0.07863851,2912
0.078643448,2911
0.078646101,2910
0.078649663,2909
0.078654264,2908
0.078657015,2907
0.078663726,2906
0.078666697,2905
0.078669049,2904
0.078671533,2903
0.078674686,2902
0.078683722,2901
0.078689046,2900
0.078695697,2899
0.078699073,2898
0.078703326,2897
0.078709303,2896
0.078715709,2895
0.078718899,2894
0.078722766,2893
0.078727339,2892
0.078730987,2891
0.078735113,2890
0.078741703,2889
0.078745796,2888
0.078750707,2887
0.078758152,2886
0.078761337,2885
0.078765125,2884
0.078768732,2883
0.078774483,2882
0.078778246,2881
0.078782521,2880
0.078789732,2879
0.078800022,2878
0.078805873,2877
0.078812425,2876
0.078816184,2875
0.07882314,2874
0.07882722,2873
0.078831054,2872
0.078834822,2871
0.07883937,2870
0.078843435,2869
0.078847076,2868
0.078851989,2867
0.078855735,2866
0.078862067,2865
0.078865921,2864
0.078869669,2863
0.078873391,2862
0.078879124,2861
0.07888269,2860
0.078885972,2859
0.078889485,2858
0.078902742,2857
0.078907768,2856
0.07891191,2855
0.078917553,2854
0.078923052,2853
0.078926476,2852
0.078930105,2851
0.078934296,2850
0.078937702,2849
0.078943155,2848
0.078983891,2847
0.079016732,2846
0.079021639,2845
0.079028291,2844
0.079035904,2843
0.079102339,2842
0.079108525,2841
0.079112387,2840
0.079116407,2839
0.07912178,2838
0.079125696,2837
0.079133017,2836
0.079137086,2835
0.079143685,2834
0.07914928,2833
0.079153061,2832
0.079158345,2831
0.07916568,2830
0.079175359,2829
0.07917918,2828
0.079182726,2827
0.079187364,2826
0.07919235,2825
0.079196224,2824
0.079200636,2823
0.079203997,2822
0.079207203,2821
0.079212149,2820
0.079220159,2819
0.079235688,2818
0.079241313,2817
0.079247523,2816
0.07925139,2815
0.079286979,2814
0.07929223,2813
0.079301602,2812
0.079313447,2811
0.079334243,2810
0.079343118,2809
0.079349809,2808
0.079361724,2807
0.079368031,2806
0.079371866,2805
0.079375927,2804
0.079381765,2803
0.079386496,2802
0.079390311,2801
0.079394362,2800
0.079406491,2799
0.079412832,2798
0.080331877,2797
0.080372327,2796
0.080377399,2795
0.080382229,2794
0.080391115,2793
0.080400643,2792
0.080441468,2791
0.080541256,2790
0.080547423,2789
0.080585982,2788
0.080631957,2787
0.080635398,2786
0.080639303,2785
0.080645457,2784
0.080650894,2783
0.080657129,2782
0.080666547,2781
0.080670929,2780
0.08067612,2779
0.080679185,2778
0.080681527,2777
0.080683832,2776
0.080688881,2775
0.080692615,2774
0.080695485,2773
0.080700123,2772
0.080705744,2771
0.080709531,2770
0.080713548,2769
0.080717546,2768
0.080720353,2767
0.080723636,2766
0.080726603,2765
0.080731766,2764
0.080742596,2763
0.080755822,2762
0.080759563,2761
0.080767771,2760
0.080771546,2759
0.080775753,2758
0.080779263,2757
0.080786568,2756
0.080790594,2755
0.08079386,2754
0.080798106,2753
0.080800712,2752
0.08080416,2751
0.080808618,2750
0.080811722,2749
0.080815638,2748
0.080820467,2747
0.080823299,2746
0.080831321,2745
0.080837212,2744
0.080841959,2743
0.080845666,2742
0.080848715,2741
0.080851562,2740
0.080854476,2739
0.080858311,2738
0.080861727,2737
0.080865685,2736
0.080870787,2735
0.080874765,2734
0.080880203,2733
0.080882884,2732
0.080886825,2731
0.080890264,2730
0.080892817,2729
0.080895282,2728
0.080899873,2727
0.080903908,2726
0.080908432,2725
0.080913573,2724
0.080917765,2723
0.080920327,2722
0.080924748,2721
0.080928156,2720
0.080930749,2719
0.080934619,2718
0.08093817,2717
0.080943203,2716
0.08094594,2715
0.080950358,2714
0.080952825,2713
0.080955089,2712
0.080957825,2711
0.080960277,2710
0.080962591,2709
0.080967644,2708
0.080970527,2707
0.080973277,2706
0.080976577,2705
0.080980131,2704
0.080983918,2703
0.08098661,2702
0.080989152,2701
0.080991648,2700
0.080995787,2699
0.081003986,2698
0.081008325,2697
0.081012926,2696
0.081019346,2695
0.081021989,2694
0.081024721,2693
0.081029,2692
0.081032301,2691
0.081035666,2690
0.081038715,2689
0.081042154,2688
0.081045984,2687
0.081049956,2686
0.081059356,2685
0.081065669,2684
0.081072492,2683
0.081077526,2682
0.081081057,2681
0.081088689,2680
0.081094087,2679
0.081097595,2678
0.081102638,2677
0.081108789,2676
0.081114297,2675
0.08112107,2674
0.081126612,2673
0.081130364,2672
0.081134118,2671
0.08113728,2670
0.081140496,2669
0.081143016,2668
0.081145594,2667
0.081150128,2666
0.081161253,2665
0.081165066,2664
0.08116961,2663
0.081174149,2662
0.081210515,2661
0.081251527,2660
0.081258335,2659
0.081264708,2658
0.081278093,2657
0.081285542,2656
0.081292627,2655
0.081312407,2654
0.081319732,2653
0.081323605,2652
0.081327524,2651
0.081332178,2650
0.081337712,2649
0.081353441,2648
0.081358999,2647
0.081363263,2646
0.081367599,2645
0.081371097,2644
0.081374891,2643
0.08137881,2642
0.081384597,2641
0.081390089,2640
0.08139898,2639
0.081403673,2638
0.081407363,2637
0.081411707,2636
0.081415412,2635
0.081422065,2634
0.081425733,2633
0.081432632,2632
0.081436355,2631
0.081439814,2630
0.081449308,2629
0.081454751,2628
0.081458718,2627
0.08146314,2626
0.081467946,2625
0.081477279,2624
0.081480775,2623
0.081486648,2622
0.081501301,2621
0.081506034,2620
0.081509107,2619
0.081515948,2618
0.08152436,2617
0.081529798,2616
0.081534318,2615
0.0815386,2614
0.081544459,2613
0.081548046,2612
0.081582181,2611
0.081587155,2610
0.081595119,2609
0.081601417,2608
0.081606687,2607
0.081613871,2606
0.081630199,2605
0.081636689,2604
0.081640254,2603
0.081658915,2602
0.081663183,2601
0.081671548,2600
0.081676364,2599
0.081683071,2598
0.081686238,2597
0.081690032,2596
0.081703691,2595
0.081708765,2594
0.081719566,2593
0.081725786,2592
0.081734081,2591
0.081738492,2590
0.081742,2589
0.081747197,2588
0.081753122,2587
0.081757167,2586
0.081760793,2585
0.081767201,2584
0.081770644,2583
0.081776665,2582
0.081783588,2581
0.081787984,2580
0.081791899,2579
0.081796123,2578
0.081801704,2577
0.081808586,2576
0.081821594,2575
0.081832038,2574
0.081836153,2573
0.081840375,2572
0.081850361,2571
0.081854057,2570
0.081857947,2569
0.08186259,2568
0.081867474,2567
0.081875199,2566
0.08187977,2565
0.08188451,2564
0.081889103,2563
0.081892518,2562
0.081896597,2561
0.081903345,2560
0.081913909,2559
0.081918136,2558
0.081921905,2557
0.081930851,2556
0.081935148,2555
0.08193912,2554
0.081943743,2553
0.081947442,2552
0.081953206,2551
0.081956138,2550
0.081970119,2549
0.081973864,2548
0.081977611,2547
0.081984496,2546
0.081988894,2545
0.081992464,2544
0.081997303,2543
0.082000339,2542
0.082013318,2541
0.082027293,2540
0.082043225,2539
0.082050916,2538
0.082054189,2537
0.082057797,2536
0.082064896,2535
0.082070248,2534
0.082073489,2533
0.082076724,2532
0.082080344,2531
0.082087013,2530
0.082089981,2529
0.082092862,2528
0.08210033,2527
0.082103806,2526
0.082109272,2525
0.082112721,2524
0.082116071,2523
0.082120761,2522
0.082125225,2521
0.082128554,2520
0.082132426,2519
0.082136247,2518
0.082139986,2517
0.082143623,2516
0.082147049,2515
0.082152352,2514
0.082155173,2513
0.082172297,2512
0.082179464,2511
0.082183863,2510
0.084485475,2509
0.084508528,2508
0.084523138,2507
0.084539055,2506
0.084541889,2505
0.084548509,2504
0.084552363,2503
0.084558458,2502
0.084562598,2501
0.084571595,2500
0.084576018,2499
0.084580298,2498
0.08458426,2497
0.084602476,2496
0.084605682,2495
0.084608702,2494
0.084616614,2493
0.084621465,2492
0.084626951,2491
0.084631995,2490
0.084635667,2489
0.0846388,2488
0.084649228,2487
0.084658303,2486
0.084661987,2485
0.084668999,2484
0.084671756,2483
0.084679657,2482
0.084683199,2481
0.084692809,2480
0.084698877,2479
0.084706015,2478
0.084710042,2477
0.084714346,2476
0.084718364,2475
0.084751017,2474
0.0847562,2473
0.084760773,2472
0.084765894,2471
0.084833975,2470
0.084879688,2469
0.084886843,2468
0.084896551,2467
0.084903246,2466
0.084906416,2465
0.084909875,2464
0.08495173,2463
0.084997871,2462
0.085007627,2461
0.085054782,2460
0.085112733,2459
0.085199339,2458
0.08520694,2457
0.085217839,2456
0.08527184,2455
0.08527734,2454
0.085282001,2453
0.085289189,2452
0.085296757,2451
0.085300872,2450
0.08530675,2449
0.085322798,2448
0.08533688,2447
0.085422096,2446
0.085467219,2445
0.085481809,2444
0.085490762,2443
0.085498756,2442
0.085504203,2441
0.085511845,2440
0.085524324,2439
0.085531808,2438
0.085539129,2437
0.085586347,2436
0.085589938,2435
0.085599237,2434
0.085605916,2433
0.085609607,2432
0.085615674,2431
0.085624666,2430
0.085630665,2429
0.085637887,2428
0.085648179,2427
0.085652399,2426
0.085663101,2425
0.085679198,2424
0.085687754,2423
0.085692177,2422
0.085694972,2421
0.085705774,2420
0.085710771,2419
0.085728543,2418
0.085731175,2417
0.085734566,2416
0.085746841,2415
0.085752614,2414
0.085756265,2413
0.085760193,2412
0.085766778,2411
0.085775484,2410
0.0857843,2409
0.085789158,2408
0.085794573,2407
0.085805006,2406
0.08580954,2405
0.085812382,2404
0.08583439,2403
0.085837119,2402
0.085842595,2401
0.085845221,2400
0.085851633,2399
0.085863069,2398
0.085871665,2397
0.08587499,2396
0.085898916,2395
0.08590742,2394
0.085911453,2393
0.085915295,2392
0.085920835,2391
0.085927187,2390
0.085933443,2389
0.08594081,2388
0.085943995,2387
0.085951398,2386
0.085953856,2385
0.085957597,2384
0.085960347,2383
0.085964287,2382
0.085995591,2381
0.086001391,2380
0.086007162,2379
0.086012042,2378
0.086016575,2377
0.086021924,2376
0.086025262,2375
0.086032889,2374
0.086035427,2373
0.086038333,2372
0.08604496,2371
0.086062832,2370
0.086067552,2369
0.086075373,2368
0.086080898,2367
0.086087197,2366
0.086091263,2365
0.086093931,2364
0.086097904,2363
0.086107905,2362
0.086110793,2361
0.086114795,2360
0.086120796,2359
0.08612506,2358
0.086132612,2357
0.086142048,2356
0.086144737,2355
0.086162172,2354
0.086164595,2353
0.086210497,2352
0.086264534,2351
0.086267851,2350
0.086280351,2349
0.086287069,2348
0.086295725,2347
0.086311492,2346
0.086318434,2345
0.086321972,2344
0.086379771,2343
0.086386094,2342
0.086417244,2341
0.08643351,2340
0.086449333,2339
0.086464659,2338
0.086468076,2337
0.08647115,2336
0.086474584,2335
0.086479724,2334
0.086487874,2333
0.086508567,2332
0.086524463,2331
0.086530527,2330
0.086535066,2329
0.086538391,2328
0.086548223,2327
0.086566403,2326
0.086570876,2325
0.086576295,2324
0.086936539,2323
0.086949373,2322
0.086986708,2321
0.087012856,2320
0.087039813,2319
0.087055286,2318
0.087058609,2317
0.087086385,2316
0.087093475,2315
0.087120274,2314
0.087137474,2313
0.087157143,2312
0.087179544,2311
0.08721723,2310
0.087240343,2309
0.087286374,2308
0.087292652,2307
0.087304425,2306
0.087310972,2305
0.087317009,2304
0.08732526,2303
0.087330078,2302
0.087335123,2301
0.087361118,2300
0.087367238,2299
0.087419714,2298
0.08743512,2297
0.087439771,2296
0.08746532,2295
0.0874693,2294
0.087668258,2293
0.087820395,2292
0.087887787,2291
0.087959475,2290
0.088025462,2289
0.088034317,2288
0.088083515,2287
0.088094714,2286
0.08810468,2285
0.08825692,2284
0.088277258,2283
0.088315705,2282
0.088457873,2281
0.088566576,2280
0.088669764,2279
