0.044505366,3669
0.044642354,3668
0.044746961,3667
0.044831185,3666
0.044949716,3665
0.044976797,3664
0.045037141,3663
0.045050963,3662
0.04506601,3661
0.045075513,3660
0.045107293,3659
0.04511695,3658
0.045124659,3657
0.045134211,3656
0.045144082,3655
0.0451539,3654
0.045164643,3653
0.045194646,3652
0.045203891,3651
0.045214331,3650
0.045224479,3649
0.045235985,3648
0.045245769,3647
0.045254705,3646
0.045261699,3645
0.045268725,3644
0.045275635,3643
0.045284395,3642
0.045295385,3641
0.045306586,3640
0.045316992,3639
0.04536648,3638
0.045376955,3637
0.0453846,3636
0.04539377,3635
0.045402342,3634
0.045439819,3633
0.045482616,3632
0.045521833,3631
0.045562411,3630
0.04559555,3629
0.045606193,3628
0.045625377,3627
0.045635373,3626
0.045644397,3625
0.045660304,3624
0.045666956,3623
0.045673286,3622
0.045683068,3621
0.045721928,3620
0.045765873,3619
0.045783935,3618
0.045795509,3617
0.045882106,3616
0.045945633,3615
0.045984134,3614
0.046008056,3613
0.046017095,3612
0.046031974,3611
0.046046104,3610
0.046053279,3609
0.046060698,3608
0.046067199,3607
0.046075414,3606
0.046334154,3605
0.046346951,3604
0.046362529,3603
0.046382168,3602
0.04642538,3601
0.046442336,3600
0.046452458,3599
0.046460833,3598
0.046480456,3597
0.046496118,3596
0.046504992,3595
0.046512326,3594
0.046518636,3593
0.04653324,3592
0.046541545,3591
0.046548709,3590
0.046556409,3589
0.046566004,3588
0.046572447,3587
0.046580497,3586
0.046597618,3585
0.046646243,3584
0.046655164,3583
0.046666685,3582
0.046674917,3581
0.046683992,3580
0.046703113,3579
0.046710333,3578
0.046719577,3577
0.046741343,3576
0.046745711,3575
0.046759162,3574
0.046767094,3573
0.046773987,3572
0.046781019,3571
0.046787402,3570
0.046793769,3569
0.046800157,3568
0.046806171,3567
0.046812217,3566
0.046818117,3565
0.046823641,3564
0.046828705,3563
0.046832961,3562
0.046836953,3561
0.04684093,3560
0.046844753,3559
0.046866421,3558
0.046873636,3557
0.046877338,3556
0.046881881,3555
0.046885781,3554
0.046937949,3553
0.046943816,3552
0.046949826,3551
0.046957316,3550
0.04696783,3549
0.046988175,3548
0.046998926,3547
0.047007555,3546
0.047023439,3545
0.047030253,3544
0.047037373,3543
0.047078464,3542
0.047084891,3541
0.04709042,3540
0.047095836,3539
0.047101608,3538
0.047107159,3537
0.047114559,3536
0.047118987,3535
0.047123119,3534
0.047126899,3533
0.047131097,3532
0.047134709,3531
0.047138811,3530
0.047143056,3529
0.047146669,3528
0.047150193,3527
0.047154047,3526
0.047157783,3525
0.047161168,3524
0.047164401,3523
0.047167782,3522
0.047171619,3521
0.047174891,3520
0.047181088,3519
0.047186097,3518
0.047190761,3517
0.04719486,3516
0.047198958,3515
0.047202761,3514
0.047206379,3513
0.047210036,3512
0.047213199,3511
0.047216651,3510
0.047219883,3509
0.047223516,3508
0.047232346,3507
0.047238228,3506
0.047242431,3505
0.047246637,3504
0.047250799,3503
0.047254801,3502
0.04725829,3501
0.047262129,3500
0.047265582,3499
0.047280613,3498
0.047285162,3497
0.047289364,3496
0.047293532,3495
0.047297429,3494
0.047301434,3493
0.047305211,3492
0.04730917,3491
0.047314646,3490
0.047319217,3489
0.047323038,3488
0.047326701,3487
0.047330548,3486
0.047335315,3485
0.047339401,3484
0.047343087,3483
0.047347009,3482
0.047352684,3481
0.04735806,3480
0.047363444,3479
0.047367579,3478
0.047386946,3477
0.047393435,3476
0.047399278,3475
0.047404832,3474
0.047409646,3473
0.047413675,3472
0.04741802,3471
0.047421847,3470
0.047425622,3469
0.04742931,3468
0.047443577,3467
0.047447138,3466
0.047450644,3465
0.047453952,3464
0.047457369,3463
0.047460783,3462
0.047464436,3461
0.047469103,3460
0.047472798,3459
0.047476549,3458
0.047480169,3457
0.047484278,3456
0.047494522,3455
0.047531591,3454
0.047566641,3453
0.047572,3452
0.047581953,3451
0.047591274,3450
0.047598005,3449
0.047603542,3448
0.047608715,3447
0.047614179,3446
0.047620218,3445
0.047625494,3444
0.04762921,3443
0.047632978,3442
0.047636477,3441
0.047640766,3440
0.047645053,3439
0.047649069,3438
0.047652792,3437
0.047656128,3436
0.047659277,3435
0.047662839,3434
0.047667864,3433
0.047671857,3432
0.047675947,3431
0.047679876,3430
0.047696126,3429
0.047700084,3428
0.04774931,3427
0.047753453,3426
0.047757398,3425
0.047761162,3424
0.047764578,3423
0.047767802,3422
0.04777139,3421
0.047776485,3420
0.047780335,3419
0.047785541,3418
0.047789214,3417
0.047793026,3416
0.047796608,3415
0.047804151,3414
0.047808083,3413
0.047811438,3412
0.047814956,3411
0.047818315,3410
0.047821625,3409
0.04782474,3408
0.047827931,3407
0.047831081,3406
0.047835001,3405
0.047838409,3404
0.047841256,3403
0.047844218,3402
0.047847182,3401
0.047850953,3400
0.047854568,3399
0.047858186,3398
0.047861417,3397
0.047864701,3396
0.047867945,3395
0.047871071,3394
0.047874312,3393
0.047877306,3392
0.047880518,3391
0.047884948,3390
0.047888259,3389
0.047891805,3388
0.047895533,3387
0.047899136,3386
0.047903084,3385
0.04790676,3384
0.047910295,3383
0.047913877,3382
0.047917778,3381
0.047921198,3380
0.047924243,3379
0.047927317,3378
0.047931037,3377
0.047934834,3376
0.0479382,3375
0.04794165,3374
0.047946717,3373
0.047954694,3372
0.047958984,3371
0.047963344,3370
0.047969462,3369
0.047975287,3368
0.047985668,3367
0.047990539,3366
0.047994832,3365
0.047999084,3364
0.048003481,3363
0.048007549,3362
0.048011904,3361
0.048016483,3360
0.048020664,3359
0.048024788,3358
0.048029579,3357
0.04803403,3356
0.048038304,3355
0.048042282,3354
0.048075945,3353
0.048477775,3352
0.048484474,3351
0.04848901,3350
0.048495438,3349
0.04850074,3348
0.048505605,3347
0.048543143,3346
0.048548929,3345
0.04855394,3344
0.048560406,3343
0.048565349,3342
0.048570155,3341
0.048573819,3340
0.048577452,3339
0.048581388,3338
0.048585084,3337
0.048588564,3336
0.048592218,3335
0.048596102,3334
0.048599819,3333
0.048603079,3332
0.048606171,3331
0.0486099,3330
0.048612988,3329
0.048616091,3328
0.048620435,3327
0.048623997,3326
0.048627167,3325
0.048630557,3324
0.04863385,3323
0.048636795,3322
0.04863984,3321
0.048642689,3320
0.04864824,3319
0.04865146,3318
0.048654785,3317
0.048660098,3316
0.048664853,3315
0.048669399,3314
0.048674187,3313
0.048679082,3312
0.048683343,3311
0.048687875,3310
0.048693065,3309
0.048697866,3308
0.048703212,3307
0.048709011,3306
0.048715438,3305
0.048721833,3304
0.048729267,3303
0.04873528,3302
0.048739492,3301
0.048743948,3300
0.048747846,3299
0.048752304,3298
0.048756394,3297
0.048760416,3296
0.048764377,3295
0.048769148,3294
0.048815549,3293
0.048893176,3292
0.048901589,3291
0.048906381,3290
0.048910487,3289
0.048914407,3288
0.048918749,3287
0.048925579,3286
0.048930724,3285
0.048935419,3284
0.048939935,3283
0.048943936,3282
0.048950579,3281
0.048955296,3280
0.048959616,3279
0.048964119,3278
0.048968227,3277
0.04897226,3276
0.048976206,3275
0.048979915,3274
0.048983728,3273
0.048987235,3272
0.048994895,3271
0.048999428,3270
0.049003983,3269
0.049010345,3268
0.049021621,3267
0.049025735,3266
0.049029507,3265
0.049033402,3264
0.04903749,3263
0.049041834,3262
0.04904577,3261
0.04904991,3260
0.049054753,3259
0.049058683,3258
0.049062394,3257
0.049066323,3256
0.04907006,3255
0.049073404,3254
0.049076903,3253
0.04907998,3252
0.049083286,3251
0.049087039,3250
0.049090372,3249
0.049093667,3248
0.049096958,3247
0.049099956,3246
0.049103611,3245
0.049106995,3244
0.049110389,3243
0.04911427,3242
0.04911748,3241
0.049120746,3240
0.049124209,3239
0.049127241,3238
0.049130117,3237
0.049133357,3236
0.049136215,3235
0.04913961,3234
0.04914265,3233
0.049145936,3232
0.049149048,3231
0.049152182,3230
0.04915526,3229
0.049158631,3228
0.049161645,3227
0.049164578,3226
0.0491676,3225
0.049170805,3224
0.049173747,3223
0.049176791,3222
0.049179905,3221
0.049183562,3220
0.049190018,3219
0.049193467,3218
0.049197027,3217
0.049200426,3216
0.049204031,3215
0.049208058,3214
0.049211688,3213
0.049215039,3212
0.049218827,3211
0.049231042,3210
0.049237192,3209
0.049242717,3208
0.04924782,3207
0.049252747,3206
0.049257693,3205
0.049262518,3204
0.049266632,3203
0.049271388,3202
0.049275294,3201
0.049281911,3200
0.049287648,3199
0.049293982,3198
0.049302394,3197
0.049308456,3196
0.04931432,3195
0.049320101,3194
0.049327189,3193
0.049330724,3192
0.049334105,3191
0.049337126,3190
0.049340785,3189
0.049343779,3188
0.049346885,3187
0.049350048,3186
0.049353626,3185
0.049356511,3184
0.049359548,3183
0.049362613,3182
0.049365525,3181
0.049368296,3180
0.049371751,3179
0.049374649,3178
0.049377977,3177
0.049381122,3176
0.049385381,3175
0.049388123,3174
0.049391287,3173
0.049394098,3172
0.049397094,3171
0.049399983,3170
0.049402651,3169
0.049405462,3168
0.049408393,3167
0.049411413,3166
0.049414148,3165
0.049417027,3164
0.049419916,3163
0.049422756,3162
0.049425708,3161
0.04942872,3160
0.049431641,3159
0.049494424,3158
0.049558413,3157
0.049587777,3156
0.049591823,3155
0.049595467,3154
0.049600019,3153
0.049604129,3152
0.049607334,3151
0.049610205,3150
0.050624425,3149
0.050630794,3148
0.050637412,3147
0.050642251,3146
0.050648176,3145
0.0506529,3144
0.05066156,3143
0.050668003,3142
0.050671938,3141
0.050676084,3140
0.050679504,3139
0.050688557,3138
0.050691896,3137
0.050695617,3136
0.050698811,3135
0.050703373,3134
0.050706542,3133
0.050709526,3132
0.050712423,3131
0.050716884,3130
0.050720594,3129
0.050724855,3128
0.050729827,3127
0.050733768,3126
0.050736821,3125
0.050739934,3124
0.050742461,3123
0.050747562,3122
0.05075172,3121
0.050757151,3120
0.050763228,3119
0.050767766,3118
0.050770747,3117
0.050773798,3116
0.050776989,3115
0.050781834,3114
0.050791639,3113
0.050799778,3112
0.050829974,3111
0.050899346,3110
0.050972154,3109
0.050976333,3108
0.050979485,3107
0.050982736,3106
0.050985707,3105
0.050988493,3104
0.050991318,3103
0.050994353,3102
0.051021648,3101
0.051024442,3100
0.051028505,3099
0.051031344,3098
0.051035554,3097
0.051041349,3096
0.051069838,3095
0.051087296,3094
0.051094198,3093
0.051103357,3092
0.051109886,3091
0.051135466,3090
0.051161613,3089
0.051170125,3088
0.051174867,3087
0.051188806,3086
0.051193291,3085
0.051196441,3084
0.051199656,3083
0.051204631,3082
0.051210748,3081
0.051213428,3080
0.051216031,3079
0.051218857,3078
0.051221988,3077
0.051226907,3076
0.051229642,3075
0.051233649,3074
0.051237504,3073
0.051241027,3072
0.05124506,3071
0.051249378,3070
0.051253547,3069
0.051257369,3068
0.051266323,3067
0.051273051,3066
0.051279166,3065
0.0512832,3064
0.051287236,3063
0.051292396,3062
0.051302046,3061
0.051313922,3060
0.051317951,3059
0.05132466,3058
0.051328765,3057
0.051332449,3056
0.051337283,3055
0.051340454,3054
0.051344073,3053
0.051347614,3052
0.051356822,3051
0.051361912,3050
0.051367034,3049
0.051370698,3048
0.051374639,3047
0.051379576,3046
0.051383541,3045
0.05138801,3044
0.05139201,3043
0.051395489,3042
0.051403602,3041
0.051408539,3040
0.051414776,3039
0.051419061,3038
0.051422897,3037
0.051426344,3036
0.051431331,3035
0.051436987,3034
0.051440199,3033
0.051443494,3032
0.05144794,3031
0.051451281,3030
0.051455734,3029
0.051460261,3028
0.051463311,3027
0.051470728,3026
0.051474103,3025
0.051477747,3024
0.051486012,3023
0.051489928,3022
0.051493706,3021
0.051497513,3020
0.051501593,3019
0.051505432,3018
0.051509729,3017
0.051514598,3016
0.051522706,3015
0.051530729,3014
0.05154621,3013
0.051551907,3012
0.051556772,3011
0.051561318,3010
0.05156574,3009
0.051605186,3008
0.051614523,3007
0.051619457,3006
0.051655637,3005
0.051692882,3004
0.051705658,3003
0.051711157,3002
0.051716031,3001
0.051723094,3000
0.051731949,2999
0.051736466,2998
0.051743529,2997
0.051751988,2996
0.05175801,2995
0.051763402,2994
0.051775223,2993
0.051784807,2992
0.051791549,2991
0.051796961,2990
0.051803895,2989
0.051809666,2988
0.051813034,2987
0.051816829,2986
0.051819699,2985
0.05182254,2984
0.05182606,2983
0.051830307,2982
0.051834322,2981
0.051841585,2980
0.051844143,2979
0.051846816,2978
0.051854182,2977
0.051857664,2976
0.051861101,2975
0.051864776,2974
0.051868323,2973
0.051872159,2972
0.051875968,2971
0.051882362,2970
0.051884992,2969
0.051889638,2968
0.051893557,2967
0.051896161,2966
0.051898841,2965
0.051902276,2964
0.051904756,2963
0.051910203,2962
0.051912991,2961
0.051915472,2960
0.051918777,2959
0.051923018,2958
0.05192534,2957
0.051931189,2956
0.051935163,2955
0.051938433,2954
0.051941684,2953
0.051948812,2952
0.051951656,2951
0.051954735,2950
0.05195789,2949
0.051963887,2948
0.051966968,2947
0.05197233,2946
0.051978151,2945
0.051982371,2944
0.051986127,2943
0.052024012,2942
0.052028402,2941
0.052032188,2940
0.052035797,2939
0.052042431,2938
0.052047026,2937
0.052050466,2936
0.052053939,2935
0.052057039,2934
0.05206021,2933
0.052063604,2932
0.052067487,2931
0.052070329,2930
0.052073141,2929
0.052075638,2928
0.052078171,2927
0.052083802,2926
0.052086484,2925
0.052089094,2924
0.052091897,2923
0.052094884,2922
0.052097081,2921
0.052099719,2920
0.052102099,2919
0.052104453,2918
0.052107266,2917
0.052111546,2916
0.052113971,2915
0.052116294,2914
0.052118607,2913
0.052120984,2912
0.052123136,2911
0.052125452,2910
0.052128763,2909
0.052130995,2908
0.05213326,2907
0.052138089,2906
0.052142273,2905
0.052144615,2904
0.052148952,2903
0.052151371,2902
0.052156804,2901
0.052159549,2900
0.052162322,2899
0.052165496,2898
0.052168391,2897
0.052174285,2896
0.052178748,2895
0.052182626,2894
0.052186842,2893
0.052191262,2892
0.052195134,2891
0.052199108,2890
0.052204967,2889
0.052208838,2888
0.052213773,2887
0.052217407,2886
0.052222665,2885
0.052225915,2884
0.052229237,2883
0.052233603,2882
0.052239123,2881
0.052245536,2880
0.052249633,2879
0.052252902,2878
0.052255931,2877
0.052260251,2876
0.052263074,2875
0.052265744,2874
0.052268835,2873
0.052271769,2872
0.052274544,2871
0.052279283,2870
0.052281747,2869
0.052284412,2868
0.052287324,2867
0.052292769,2866
0.052295598,2865
0.052297991,2864
0.052304031,2863
0.05230825,2862
0.052311353,2861
0.052317392,2860
0.052321823,2859
0.052324499,2858
0.05233016,2857
0.052334484,2856
0.05233797,2855
0.052340655,2854
0.05234397,2853
0.052348381,2852
0.052350784,2851
0.052354146,2850
0.052359895,2849
0.052363784,2848
0.052366563,2847
0.052368989,2846
0.05237138,2845
0.052375768,2844
0.052378958,2843
0.052383059,2842
0.052387668,2841
0.052390785,2840
0.052396682,2839
0.052400479,2838
0.052403495,2837
0.052406629,2836
0.052412219,2835
0.052414944,2834
0.05241792,2833
0.052420761,2832
0.052423384,2831
0.052427209,2830
0.052429914,2829
0.052432537,2828
0.052436549,2827
0.052448484,2826
0.052450839,2825
0.052453575,2824
0.052458912,2823
0.052462336,2822
0.052468583,2821
0.052507808,2820
0.052511762,2819
0.0525182,2818
0.05252346,2817
0.052530485,2816
0.052533941,2815
0.052536901,2814
0.052540183,2813
0.052543035,2812
0.052545801,2811
0.052548509,2810
0.052560006,2809
0.052567181,2808
0.052599604,2807
0.052628842,2806
0.05263262,2805
0.052639036,2804
0.052644788,2803
0.052654507,2802
0.052657795,2801
0.052661526,2800
0.052693714,2799
0.052700912,2798
0.052705277,2797
0.052708472,2796
0.052712117,2795
0.052766779,2794
0.052770236,2793
0.052774533,2792
0.052777392,2791
0.052787928,2790
0.052792108,2789
0.052794812,2788
0.052798413,2787
0.052801134,2786
0.052804938,2785
0.052808336,2784
0.052813328,2783
0.052816592,2782
0.052819521,2781
0.052822314,2780
0.052825517,2779
0.052829725,2778
0.052833708,2777
0.052838491,2776
0.052841462,2775
0.052845787,2774
0.052849447,2773
0.052855153,2772
0.052858955,2771
0.052863117,2770
0.052866875,2769
0.052870006,2768
0.052872889,2767
0.052876295,2766
0.052878795,2765
0.052882418,2764
0.052889549,2763
0.052892077,2762
0.052895476,2761
0.052900446,2760
0.052903677,2759
0.052908686,2758
0.05291156,2757
0.05291412,2756
0.052918648,2755
0.052921229,2754
0.052926136,2753
0.052929617,2752
0.052940327,2751
0.052944511,2750
0.052972277,2749
0.052978203,2748
0.052982314,2747
0.05298658,2746
0.053024846,2745
0.053029404,2744
0.0530418,2743
0.053046834,2742
0.053052691,2741
0.053056068,2740
0.053058871,2739
0.053123769,2738
0.053130893,2737
0.053136026,2736
0.053139648,2735
0.053145331,2734
0.053150653,2733
0.053154856,2732
0.053160369,2731
0.053166721,2730
0.053172647,2729
0.053175865,2728
0.053178646,2727
0.053181883,2726
0.053186817,2725
0.053190161,2724
0.053193069,2723
0.053195526,2722
0.053200134,2721
0.053205106,2720
0.053209485,2719
0.053214163,2718
0.053217449,2717
0.053222872,2716
0.053226997,2715
0.053230088,2714
0.053233573,2713
0.053236474,2712
0.053239868,2711
0.053243108,2710
0.053246835,2709
0.053250948,2708
0.053254011,2707
0.053260407,2706
0.05326452,2705
0.053269344,2704
0.053273161,2703
0.05327774,2702
0.053283391,2701
0.05328672,2700
0.053290041,2699
0.053294621,2698
0.053297981,2697
0.053301266,2696
0.053315555,2695
0.053318946,2694
0.053321892,2693
0.053325001,2692
0.053332805,2691
0.053335684,2690
0.053343854,2689
0.053348414,2688
0.05335232,2687
0.053357542,2686
0.053360203,2685
0.053362618,2684
0.053365055,2683
0.053369629,2682
0.053372799,2681
0.053376185,2680
0.053379512,2679
0.053382871,2678
0.053390796,2677
0.053393398,2676
0.053406673,2675
0.053410048,2674
0.053414728,2673
0.053417177,2672
0.053421008,2671
0.053424138,2670
0.053427417,2669
0.053436055,2668
0.05344035,2667
0.053446317,2666
0.053449993,2665
0.053452592,2664
0.053456933,2663
0.053460779,2662
0.053465716,2661
0.053471644,2660
0.053475148,2659
0.053478726,2658
0.053484579,2657
0.053488085,2656
0.053492391,2655
0.053495622,2654
0.053499821,2653
0.053505077,2652
0.053507971,2651
0.053513303,2650
0.053517211,2649
0.053521177,2648
0.053525439,2647
0.053529362,2646
0.053537453,2645
0.053541599,2644
0.053547274,2643
0.053552286,2642
0.053557925,2641
0.053620574,2640
0.053651331,2639
0.053656849,2638
0.053659672,2637
0.053663105,2636
0.05366727,2635
0.053670771,2634
0.053673606,2633
0.053676651,2632
0.05368169,2631
0.053684891,2630
0.053688226,2629
0.05369176,2628
0.05370218,2627
0.053706941,2626
0.053713336,2625
0.053716069,2624
0.053719884,2623
0.053724711,2622
0.05372956,2621
0.053733362,2620
0.053737817,2619
0.053747745,2618
0.053750659,2617
0.053758807,2616
0.053761396,2615
0.053764046,2614
0.053768487,2613
0.053771039,2612
0.053775841,2611
0.053778485,2610
0.053780946,2609
0.053783418,2608
0.053796026,2607
0.053800398,2606
0.053802967,2605
0.053806321,2604
0.053816408,2603
0.053830921,2602
0.053847018,2601
0.053851017,2600
0.053857226,2599
0.053861126,2598
0.053866683,2597
0.053881153,2596
0.053885294,2595
0.053889369,2594
0.053892738,2593
0.053900659,2592
0.053904401,2591
0.053907604,2590
0.053910424,2589
0.053912899,2588
0.053915867,2587
0.053918307,2586
0.053923639,2585
0.053927094,2584
0.053929552,2583
0.053932367,2582
0.053937161,2581
0.0539418,2580
0.053945911,2579
0.053948723,2578
0.053957245,2577
0.053960017,2576
0.053962803,2575
0.053965149,2574
0.053968713,2573
0.053972435,2572
0.053976757,2571
0.053979305,2570
0.053983919,2569
0.053986293,2568
0.053989143,2567
0.053992716,2566
0.053995035,2565
0.053997812,2564
0.05400094,2563
0.05400328,2562
0.054006435,2561
0.054009619,2560
0.054012686,2559
0.054016846,2558
0.054019481,2557
0.054023056,2556
0.054025602,2555
0.054038842,2554
0.054045933,2553
0.054048305,2552
0.054052701,2551
0.054059451,2550
0.054061889,2549
0.054065307,2548
0.054069265,2547
0.054072089,2546
0.054078088,2545
0.054082378,2544
0.05409034,2543
0.05412954,2542
0.054132865,2541
0.054138121,2540
0.054143295,2539
0.054146116,2538
0.05415106,2537
0.054154815,2536
0.054162708,2535
0.054170631,2534
0.05417991,2533
0.05418558,2532
0.054190437,2531
0.054193655,2530
0.054197192,2529
0.054200633,2528
0.054206882,2527
0.054210008,2526
0.054214565,2525
0.054218511,2524
0.054233373,2523
0.054236085,2522
0.054241,2521
0.054245354,2520
0.054248243,2519
0.055147531,2518
0.055159267,2517
0.055162718,2516
0.055167051,2515
0.055169832,2514
0.055176635,2513
0.055188683,2512
0.055193334,2511
0.055201252,2510
0.055210023,2509
0.055214785,2508
0.055224189,2507
0.055227643,2506
0.055231366,2505
0.055266898,2504
0.055320053,2503
0.055325233,2502
0.055393719,2501
0.055396448,2500
0.055404217,2499
0.055413999,2498
0.055426142,2497
0.05545091,2496
0.055453795,2495
0.055456637,2494
0.055464294,2493
0.055466729,2492
0.055474865,2491
0.055483337,2490
0.055486761,2489
0.055491047,2488
0.055502287,2487
0.055518405,2486
0.055521815,2485
0.055528408,2484
0.05553351,2483
0.055536796,2482
0.055539966,2481
0.055553415,2480
0.05555663,2479
0.055562955,2478
0.055570043,2477
0.055573596,2476
0.055584086,2475
0.055592377,2474
0.055595821,2473
0.055603018,2472
0.055611365,2471
0.055614876,2470
0.055622061,2469
0.055627818,2468
0.055634517,2467
0.055641725,2466
0.055695325,2465
0.05570178,2464
0.055717584,2463
0.05575486,2462
0.055764238,2461
0.055770037,2460
0.055807488,2459
0.055811586,2458
0.055832561,2457
0.055841041,2456
0.055894029,2455
0.055908323,2454
0.055912421,2453
0.05591632,2452
0.055926788,2451
0.05593523,2450
0.055942667,2449
0.055950091,2448
0.055957833,2447
0.055963109,2446
0.055969002,2445
0.055978636,2444
0.05598431,2443
0.055987381,2442
0.055991102,2441
0.056024224,2440
0.05602833,2439
0.056032149,2438
0.056037064,2437
0.056053074,2436
0.056058488,2435
0.056068061,2434
0.056072768,2433
0.056079722,2432
0.056103937,2431
0.056114247,2430
0.056123979,2429
0.056172079,2428
0.056177058,2427
0.056181529,2426
0.056188275,2425
0.056196207,2424
0.056199862,2423
0.056208721,2422
0.056215891,2421
0.056220651,2420
0.056226061,2419
0.0562314,2418
0.05623766,2417
0.056242509,2416
0.056246875,2415
0.056252416,2414
0.056260945,2413
0.056265267,2412
0.056268009,2411
0.056271414,2410
0.05630526,2409
0.056326622,2408
0.056335568,2407
0.056341114,2406
0.056372703,2405
0.056449134,2404
0.056464845,2403
0.056470038,2402
0.056475932,2401
0.056494011,2400
0.056509717,2399
0.056515318,2398
0.056538383,2397
0.056547197,2396
0.05655713,2395
0.056562896,2394
0.056569218,2393
0.056577283,2392
0.056586603,2391
0.056601817,2390
0.056625433,2389
0.056643896,2388
0.056649045,2387
0.05665364,2386
0.056657602,2385
0.056661224,2384
0.056663876,2383
0.056668943,2382
0.056672818,2381
0.056680823,2380
0.056712187,2379
0.056718115,2378
0.05672439,2377
0.056729104,2376
0.056732416,2375
0.056737453,2374
0.056746332,2373
0.05675186,2372
0.056800361,2371
0.056806826,2370
0.056814864,2369
0.056825505,2368
0.056831616,2367
0.056845029,2366
0.056854578,2365
0.056863335,2364
0.056871685,2363
0.056884802,2362
0.056957314,2361
0.056971015,2360
0.056975194,2359
0.056979244,2358
0.056984054,2357
0.05699016,2356
0.05699948,2355
0.057008835,2354
0.057030627,2353
0.057044017,2352
0.057061798,2351
0.057075967,2350
0.05708222,2349
0.0570945,2348
0.057102658,2347
0.057108884,2346
0.057112107,2345
0.057115667,2344
0.057119261,2343
0.057129139,2342
0.057143308,2341
0.057159259,2340
0.057184205,2339
0.057187739,2338
0.057193306,2337
0.057222397,2336
0.057229029,2335
0.057237621,2334
0.057471509,2333
0.057477187,2332
0.057482664,2331
0.057511578,2330
0.057536499,2329
0.057540839,2328
0.057549562,2327
0.057555098,2326
0.057558489,2325
0.057563502,2324
0.05757537,2323
0.057633214,2322
0.057645512,2321
0.057651443,2320
0.057659414,2319
0.057679183,2318
0.057685376,2317
0.057708799,2316
0.05771247,2315
0.057749675,2314
0.057759279,2313
0.057766191,2312
0.057772321,2311
0.057783334,2310
0.057829822,2309
0.057892492,2308
0.057939271,2307
0.057944596,2306
0.058175739,2305
0.058201647,2304
0.058221769,2303
0.058231639,2302
0.058247148,2301
0.058294666,2300
0.058301569,2299
0.058717786,2298
0.05876898,2297
0.058776302,2296
0.058802994,2295
0.058914681,2294
0.058950935,2293
0.058967241,2292
0.059178191,2291
0.059287605,2290
0.059479484,2289
0.078978992,2288
0.08588441,2287
0.113539498,2286
0.118078536,2285
0.123256872,2284
0.127434096,2283
0.131307351,2282
0.143035869,2281
0.157721885,2280
0.16251699,2279
0.169675813,2278
0.179942432,2277
0.185758827,2276
0.189680117,2275
0.192431845,2274
0.202257228,2273
0.211266048,2272
0.216944616,2271
0.234086093,2270
0.248333474,2269
0.26218717,2268
0.266428263,2267
0.275145686,2266
0.295918255,2265
0.298257231,2264
0.300999017,2263
0.304344731,2262
0.31568074,2261
0.32802029,2260
0.335867086,2259
0.340774124,2258
0.343829501,2257
0.361188499,2256
0.368847729,2255
0.378790148,2254
0.390901189,2253
0.394949014,2252
0.400191136,2251
0.401994884,2250
0.411584806,2249
0.433856181,2248
0.437054808,2247
0.469750305,2246
0.475206894,2245
0.481260162,2244
0.482449093,2243
0.484422441,2242
0.496567338,2241
0.520355615,2240
0.53504338,2239
0.537551678,2238
0.539980014,2237
0.551726576,2236
0.55606914,2235
0.593698031,2234
0.60431471,2233
0.608465808,2232
0.622142309,2231
0.623689133,2230
0.661214183,2229
0.662741413,2228
0.734312404,2227
0.848774218,2226
0.933662134,2225
1.00767571,2224
