0.083326396,3669
0.083419372,3668
0.083518338,3667
0.083559848,3666
0.083608848,3665
0.08362438,3664
0.083640029,3663
0.083646422,3662
0.083652277,3661
0.08366798,3660
0.083674063,3659
0.083680354,3658
0.08368625,3657
0.083692229,3656
0.083702101,3655
0.083713089,3654
0.083744637,3653
0.08376194,3652
0.083771011,3651
0.083800806,3650
0.083809004,3649
0.083818462,3648
0.083825483,3647
0.083831785,3646
0.08383785,3645
0.083843777,3644
0.08385192,3643
0.083930587,3642
0.083939135,3641
0.083951364,3640
0.083961276,3639
0.083972071,3638
0.083981825,3637
0.083989356,3636
0.083996455,3635
0.084002928,3634
0.084009297,3633
0.084015498,3632
0.084021723,3631
0.084028043,3630
0.084034255,3629
0.084040119,3628
0.084046398,3627
0.084052882,3626
0.084059037,3625
0.084067236,3624
0.084074844,3623
0.084081546,3622
0.084087918,3621
0.084094567,3620
0.084141169,3619
0.084190745,3618
0.084237037,3617
0.084247639,3616
0.084258055,3615
0.084267525,3614
0.084277101,3613
0.084286134,3612
0.084297282,3611
0.084304468,3610
0.084344119,3609
0.084381888,3608
0.084418873,3607
0.084440461,3606
0.084449882,3605
0.086717078,3604
0.086733273,3603
0.086742161,3602
0.086750598,3601
0.08681381,3600
0.086825201,3599
0.086833617,3598
0.086890952,3597
0.086898575,3596
0.086906091,3595
0.08691349,3594
0.086921265,3593
0.086929065,3592
0.086955174,3591
0.086972224,3590
0.086993524,3589
0.08703306,3588
0.08704752,3587
0.087059392,3586
0.087072737,3585
0.087597189,3584
0.087662831,3583
0.087673404,3582
0.087683516,3581
0.087738604,3580
0.08774743,3579
0.087756141,3578
0.087794156,3577
0.087803341,3576
0.087811298,3575
0.087819025,3574
0.087867066,3573
0.08787644,3572
0.087915081,3571
0.087954399,3570
0.087995595,3569
0.088037464,3568
0.088045807,3567
0.088088076,3566
0.088095715,3565
0.088103081,3564
0.088109753,3563
0.088115674,3562
0.088121321,3561
0.088126552,3560
0.088135874,3559
0.088144868,3558
0.088158422,3557
0.088165918,3556
0.088174162,3555
0.088186173,3554
0.088202439,3553
0.088251665,3552
0.088262519,3551
0.088275173,3550
0.088289846,3549
0.08833842,3548
0.0883488,3547
0.088365167,3546
0.088376829,3545
0.088387153,3544
0.088397235,3543
0.088422118,3542
0.088438437,3541
0.090547321,3540
0.099313907,3539
0.099346667,3538
0.099354862,3537
0.099367647,3536
0.099446752,3535
0.09948388,3534
0.099489681,3533
0.099494956,3532
0.099526067,3531
0.099536707,3530
0.099541737,3529
0.099546688,3528
0.099577484,3527
0.099588169,3526
0.09959371,3525
0.099604423,3524
0.099643486,3523
0.09964842,3522
0.099682261,3521
0.099721461,3520
0.099727171,3519
0.099765518,3518
0.099771443,3517
0.099777767,3516
0.099786714,3515
0.09979858,3514
0.099906686,3513
0.09991436,3512
0.099929792,3511
0.099935805,3510
0.099941766,3509
0.09994737,3508
0.099964269,3507
0.099980386,3506
0.099988097,3505
0.09999493,3504
0.100001006,3503
0.100006361,3502
0.10001111,3501
0.100014971,3500
0.100020553,3499
0.100090134,3498
0.100095764,3497
0.100131552,3496
0.100139804,3495
0.100157712,3494
0.100182797,3493
0.100233741,3492
0.100275221,3491
0.100281888,3490
0.10032131,3489
0.100327863,3488
0.100337164,3487
0.100343047,3486
0.100348367,3485
0.10035315,3484
0.100360509,3483
0.100365427,3482
0.100371722,3481
0.100377634,3480
0.100382847,3479
0.100388393,3478
0.10040016,3477
0.100408516,3476
0.100415504,3475
0.100422217,3474
0.100428798,3473
0.100434591,3472
0.100440409,3471
0.100446029,3470
0.100451436,3469
0.100457285,3468
0.100463084,3467
0.100487733,3466
0.100493875,3465
0.100499364,3464
0.100505435,3463
0.100510947,3462
0.100515088,3461
0.100519314,3460
0.10052524,3459
0.100530527,3458
0.100536089,3457
0.100540208,3456
0.100571928,3455
0.100577618,3454
0.100582577,3453
0.100587712,3452
0.100594568,3451
0.100759949,3450
0.100766373,3449
0.100770651,3448
0.100776126,3447
0.100780474,3446
0.100785929,3445
0.100791064,3444
0.100794825,3443
0.100798789,3442
0.100802589,3441
0.100808733,3440
0.10081445,3439
0.100818419,3438
0.10082533,3437
0.100828758,3436
0.100866719,3435
0.100872823,3434
0.100903074,3433
0.100910874,3432
0.100917901,3431
0.10092457,3430
0.100942608,3429
0.100979393,3428
0.101003428,3427
0.101007405,3426
0.101011097,3425
0.101014769,3424
0.101019394,3423
0.10102289,3422
0.101028023,3421
0.101031753,3420
0.101036149,3419
0.101039879,3418
0.101044337,3417
0.101047852,3416
0.101052204,3415
0.101066338,3414
0.101070607,3413
0.101075295,3412
0.101081915,3411
0.101113889,3410
0.101117192,3409
0.101120937,3408
0.101124498,3407
0.101128604,3406
0.101133402,3405
0.101137135,3404
0.101141784,3403
0.101156902,3402
0.101160548,3401
0.10116475,3400
0.101167692,3399
0.101171397,3398
0.101174182,3397
0.101189528,3396
0.10119401,3395
0.101198972,3394
0.101203367,3393
0.101230577,3392
0.101242216,3391
0.101245723,3390
0.101250248,3389
0.101254105,3388
0.101258537,3387
0.101263126,3386
0.10126733,3385
0.101280538,3384
0.10130672,3383
0.101310764,3382
0.101340571,3381
0.101344816,3380
0.101348811,3379
0.101377027,3378
0.10138113,3377
0.101408054,3376
0.101419091,3375
0.101429176,3374
0.101449031,3373
0.101454383,3372
0.101458544,3371
0.101464389,3370
0.101468991,3369
0.101489452,3368
0.101497775,3367
0.10150421,3366
0.101510857,3365
0.101516072,3364
0.101520882,3363
0.101524922,3362
0.101557797,3361
0.101566094,3360
0.101569839,3359
0.101574244,3358
0.101579458,3357
0.101583912,3356
0.101587814,3355
0.10162092,3354
0.101624631,3353
0.101629305,3352
0.101658935,3351
0.101686205,3350
0.101690092,3349
0.101700648,3348
0.101707939,3347
0.101721733,3346
0.101733586,3345
0.101738466,3344
0.101743348,3343
0.101757993,3342
0.10176484,3341
0.101770269,3340
0.101776409,3339
0.101792083,3338
0.101797571,3337
0.101802428,3336
0.101807054,3335
0.101865145,3334
0.101868519,3333
0.101879219,3332
0.101884219,3331
0.101888834,3330
0.10189284,3329
0.101898832,3328
0.101903502,3327
0.101910649,3326
0.101915264,3325
0.101920582,3324
0.101925244,3323
0.101929568,3322
0.101934298,3321
0.101939978,3320
0.101945592,3319
0.101951029,3318
0.101957204,3317
0.101971098,3316
0.10197739,3315
0.101983112,3314
0.101987594,3313
0.101991793,3312
0.101995815,3311
0.102000278,3310
0.102003748,3309
0.102007436,3308
0.102011154,3307
0.102014849,3306
0.102018958,3305
0.102022606,3304
0.102026924,3303
0.102030616,3302
0.102034053,3301
0.102037577,3300
0.102041139,3299
0.102044323,3298
0.102047419,3297
0.102050339,3296
0.10205336,3295
0.102056331,3294
0.102059195,3293
0.10206268,3292
0.102065646,3291
0.102068605,3290
0.102072234,3289
0.102075928,3288
0.102078852,3287
0.102083034,3286
0.102086195,3285
0.102090363,3284
0.102094182,3283
0.102097961,3282
0.102101986,3281
0.102105905,3280
0.102109732,3279
0.102113572,3278
0.102117271,3277
0.102121933,3276
0.102125717,3275
0.102129355,3274
0.102132695,3273
0.102136106,3272
0.10213982,3271
0.102143308,3270
0.102146625,3269
0.102149932,3268
0.102154438,3267
0.102159822,3266
0.102164439,3265
0.102168524,3264
0.102172283,3263
0.102176381,3262
0.102213217,3261
0.102217325,3260
0.103765418,3259
0.103772333,3258
0.103780643,3257
0.103788562,3256
0.103793125,3255
0.103797382,3254
0.103801275,3253
0.103804779,3252
0.103808488,3251
0.103812325,3250
0.103816073,3249
0.103819881,3248
0.103823455,3247
0.103827571,3246
0.103832379,3245
0.103836285,3244
0.103840692,3243
0.103844844,3242
0.103849086,3241
0.103853367,3240
0.103857857,3239
0.103861402,3238
0.103865206,3237
0.103869458,3236
0.103873453,3235
0.10387674,3234
0.103880435,3233
0.103883938,3232
0.103890881,3231
0.10389467,3230
0.103898144,3229
0.103901134,3228
0.103903836,3227
0.103906404,3226
0.10391003,3225
0.103912746,3224
0.103915551,3223
0.103919103,3222
0.103922719,3221
0.103926735,3220
0.103930224,3219
0.103933962,3218
0.10393675,3217
0.103939609,3216
0.103942347,3215
0.103945466,3214
0.103948178,3213
0.103951083,3212
0.103953773,3211
0.10395674,3210
0.103959579,3209
0.10396205,3208
0.103964663,3207
0.103967276,3206
0.103969857,3205
0.103972544,3204
0.103975027,3203
0.103977475,3202
0.103980391,3201
0.103982925,3200
0.103985961,3199
0.103989711,3198
0.103993574,3197
0.103997415,3196
0.104001475,3195
0.104005131,3194
0.104009018,3193
0.104012807,3192
0.104016402,3191
0.104019633,3190
0.104023369,3189
0.104026665,3188
0.104029911,3187
0.104034572,3186
0.104037965,3185
0.104041496,3184
0.104045335,3183
0.104050915,3182
0.104054722,3181
0.104057824,3180
0.104060724,3179
0.104064057,3178
0.104067139,3177
0.104070071,3176
0.104072949,3175
0.104076386,3174
0.104079541,3173
0.104082328,3172
0.10408519,3171
0.104087943,3170
0.104091403,3169
0.104094468,3168
0.104098437,3167
0.10410169,3166
0.104104655,3165
0.104107706,3164
0.104112619,3163
0.104117019,3162
0.104121074,3161
0.104125141,3160
0.104130084,3159
0.104193763,3158
0.104253838,3157
0.104258898,3156
0.104263812,3155
0.104268924,3154
0.104276338,3153
0.104282532,3152
0.104286404,3151
0.104289742,3150
0.105556636,3149
0.10556199,3148
0.105567367,3147
0.105571356,3146
0.105575314,3145
0.10557903,3144
0.105587542,3143
0.105593004,3142
0.105596709,3141
0.105599865,3140
0.105603261,3139
0.105606519,3138
0.105613109,3137
0.10561686,3136
0.10562025,3135
0.105627367,3134
0.105631714,3133
0.105636102,3132
0.105639343,3131
0.105648544,3130
0.105653188,3129
0.105656301,3128
0.105661654,3127
0.105664605,3126
0.105667831,3125
0.105673224,3124
0.105678861,3123
0.105683859,3122
0.105687262,3121
0.105690846,3120
0.105694714,3119
0.105698005,3118
0.105701014,3117
0.105704073,3116
0.105708416,3115
0.105711604,3114
0.10571717,3113
0.105720389,3112
0.105724062,3111
0.105727288,3110
0.10573305,3109
0.105753126,3108
0.10575623,3107
0.105760919,3106
0.105764043,3105
0.105767746,3104
0.105805306,3103
0.105808833,3102
0.105812441,3101
0.105815106,3100
0.10581802,3099
0.105821773,3098
0.105825739,3097
0.105828927,3096
0.105833413,3095
0.105837087,3094
0.105839922,3093
0.105843469,3092
0.105846309,3091
0.105850331,3090
0.105854774,3089
0.105859792,3088
0.105864226,3087
0.105867136,3086
0.105870093,3085
0.105878554,3084
0.105882109,3083
0.105887332,3082
0.105891078,3081
0.105893939,3080
0.105898483,3079
0.105901482,3078
0.105904209,3077
0.10590724,3076
0.105911329,3075
0.10591711,3074
0.10592344,3073
0.105925914,3072
0.105929394,3071
0.10593442,3070
0.105941114,3069
0.105945262,3068
0.105951785,3067
0.105954955,3066
0.105958677,3065
0.105961475,3064
0.105964235,3063
0.105967994,3062
0.105970949,3061
0.105974487,3060
0.105979789,3059
0.105983263,3058
0.105986228,3057
0.105989899,3056
0.105994496,3055
0.105999346,3054
0.106003158,3053
0.10600916,3052
0.10601153,3051
0.106014781,3050
0.106017733,3049
0.106020513,3048
0.106027875,3047
0.106030391,3046
0.106034475,3045
0.106037238,3044
0.106041409,3043
0.106044767,3042
0.106051996,3041
0.106056982,3040
0.106063747,3039
0.106068219,3038
0.106072351,3037
0.106078978,3036
0.106092681,3035
0.106097379,3034
0.106101139,3033
0.106104613,3032
0.106109579,3031
0.106123297,3030
0.106129275,3029
0.106180088,3028
0.10618756,3027
0.106202191,3026
0.106206289,3025
0.106210315,3024
0.106224362,3023
0.106228518,3022
0.106234256,3021
0.106238637,3020
0.106244429,3019
0.10624832,3018
0.106252562,3017
0.106256412,3016
0.106260023,3015
0.10626359,3014
0.106268191,3013
0.106273272,3012
0.106276827,3011
0.10628012,3010
0.106284611,3009
0.106288299,3008
0.106291808,3007
0.106296372,3006
0.106301562,3005
0.106305488,3004
0.10631041,3003
0.106314682,3002
0.106318346,3001
0.106322339,3000
0.106326456,2999
0.106331831,2998
0.106337544,2997
0.106341092,2996
0.106344666,2995
0.106359859,2994
0.106363599,2993
0.1063676,2992
0.106371395,2991
0.106376531,2990
0.106390714,2989
0.10639467,2988
0.106399649,2987
0.10640333,2986
0.1064094,2985
0.106423739,2984
0.106430968,2983
0.106437251,2982
0.106445922,2981
0.106450502,2980
0.106454226,2979
0.106457078,2978
0.106462024,2977
0.106464792,2976
0.106469822,2975
0.106473313,2974
0.106476252,2973
0.106481472,2972
0.106485583,2971
0.106492783,2970
0.10649653,2969
0.106499953,2968
0.106503797,2967
0.106507237,2966
0.106510771,2965
0.106513939,2964
0.106517304,2963
0.106521417,2962
0.106524162,2961
0.106543957,2960
0.106548144,2959
0.106554272,2958
0.106558357,2957
0.106562436,2956
0.106569877,2955
0.106575621,2954
0.106581731,2953
0.106585924,2952
0.106589718,2951
0.106592666,2950
0.106595827,2949
0.106602815,2948
0.106608257,2947
0.106613754,2946
0.106617069,2945
0.106620951,2944
0.106625328,2943
0.106628293,2942
0.106632493,2941
0.106635412,2940
0.10663831,2939
0.106642958,2938
0.106645953,2937
0.106649149,2936
0.106654669,2935
0.106657995,2934
0.106662914,2933
0.106665659,2932
0.106671023,2931
0.106675909,2930
0.106679585,2929
0.106683106,2928
0.106687539,2927
0.106690459,2926
0.106696319,2925
0.106699143,2924
0.106701963,2923
0.106706124,2922
0.106708662,2921
0.106711517,2920
0.10671459,2919
0.106718091,2918
0.106721182,2917
0.106724387,2916
0.106727045,2915
0.106730537,2914
0.106734355,2913
0.10673781,2912
0.106741343,2911
0.106748433,2910
0.106753718,2909
0.106756543,2908
0.106760057,2907
0.106765039,2906
0.106771053,2905
0.106776769,2904
0.106782105,2903
0.106786091,2902
0.106789751,2901
0.106797608,2900
0.106801261,2899
0.10680607,2898
0.10681414,2897
0.10681709,2896
0.106819653,2895
0.106822452,2894
0.106825641,2893
0.106828628,2892
0.106832289,2891
0.106835794,2890
0.106838695,2889
0.106842223,2888
0.106845332,2887
0.106853659,2886
0.106856793,2885
0.106860323,2884
0.106866023,2883
0.106868902,2882
0.106874253,2881
0.106878051,2880
0.106881777,2879
0.106886673,2878
0.106889563,2877
0.106894022,2876
0.106897817,2875
0.106900724,2874
0.106907745,2873
0.106915513,2872
0.106954287,2871
0.106964993,2870
0.106972995,2869
0.107015908,2868
0.107021207,2867
0.107054362,2866
0.107099283,2865
0.107114965,2864
0.107120652,2863
0.107125007,2862
0.10713142,2861
0.107137257,2860
0.107140809,2859
0.107145015,2858
0.107148477,2857
0.107155736,2856
0.107159638,2855
0.107163563,2854
0.107168847,2853
0.107172839,2852
0.107177413,2851
0.107180566,2850
0.107184515,2849
0.10719135,2848
0.10719587,2847
0.107199226,2846
0.10720169,2845
0.107206737,2844
0.107209984,2843
0.107213774,2842
0.107225094,2841
0.107228251,2840
0.107232324,2839
0.10723633,2838
0.107243893,2837
0.107249124,2836
0.107253536,2835
0.107259071,2834
0.107264667,2833
0.107268984,2832
0.107273793,2831
0.107280092,2830
0.107284496,2829
0.107289292,2828
0.107296526,2827
0.107301035,2826
0.107305613,2825
0.107310958,2824
0.107313968,2823
0.10731671,2822
0.107321539,2821
0.107327816,2820
0.107333546,2819
0.10733797,2818
0.107344318,2817
0.107348927,2816
0.107354832,2815
0.107359229,2814
0.107363311,2813
0.107367622,2812
0.107377289,2811
0.107383409,2810
0.107404651,2809
0.107428462,2808
0.107432565,2807
0.107443786,2806
0.107472131,2805
0.107512088,2804
0.107525415,2803
0.107531197,2802
0.10753579,2801
0.107540353,2800
0.107553296,2799
0.107557507,2798
0.107561662,2797
0.107565311,2796
0.107570787,2795
0.107576441,2794
0.10758119,2793
0.10758618,2792
0.107589554,2791
0.157894032,2790
0.157901317,2789
0.157914774,2788
0.157918076,2787
0.157921329,2786
0.15792898,2785
0.157932399,2784
0.1579375,2783
0.157940702,2782
0.157946263,2781
0.15795294,2780
0.157955886,2779
0.157958899,2778
0.157961725,2777
0.157966779,2776
0.157982153,2775
0.157984879,2774
0.157988484,2773
0.157997094,2772
0.158001039,2771
0.158411118,2770
0.15841666,2769
0.158421339,2768
0.158425716,2767
0.158430092,2766
0.158433766,2765
0.158438085,2764
0.158443649,2763
0.158447595,2762
0.158458932,2761
0.158462486,2760
0.158470319,2759
0.158473511,2758
0.158476476,2757
0.158481083,2756
0.158484259,2755
0.158487469,2754
0.158493775,2753
0.158498021,2752
0.158502283,2751
0.158505563,2750
0.158509446,2749
0.158518946,2748
0.158525673,2747
0.15856224,2746
0.15856619,2745
0.15857256,2744
0.15857671,2743
0.15858069,2742
0.158589035,2741
0.158594793,2740
0.158603376,2739
0.158607314,2738
0.158611321,2737
0.158614852,2736
0.158624776,2735
0.15862937,2734
0.158636476,2733
0.158639931,2732
0.158643635,2731
0.15864958,2730
0.158656698,2729
0.158660638,2728
0.15866633,2727
0.158671695,2726
0.158675159,2725
0.158679997,2724
0.158685392,2723
0.158691496,2722
0.158696717,2721
0.158700241,2720
0.158703357,2719
0.158707847,2718
0.158717338,2717
0.158720449,2716
0.158726337,2715
0.158730276,2714
0.158734242,2713
0.158738784,2712
0.158742826,2711
0.15874698,2710
0.158750029,2709
0.158752683,2708
0.158756485,2707
0.158767212,2706
0.158770727,2705
0.1587749,2704
0.158778828,2703
0.158782148,2702
0.158786534,2701
0.15878981,2700
0.158794274,2699
0.158798762,2698
0.158803939,2697
0.158807296,2696
0.158811937,2695
0.158814583,2694
0.158818706,2693
0.158823458,2692
0.158826721,2691
0.158834527,2690
0.158840225,2689
0.158846696,2688
0.158849894,2687
0.158858417,2686
0.158862632,2685
0.158865916,2684
0.158869161,2683
0.158876062,2682
0.158880417,2681
0.15888403,2680
0.158891553,2679
0.158969575,2678
0.158973442,2677
0.158978319,2676
0.158981924,2675
0.15898728,2674
0.158991241,2673
0.158995251,2672
0.15899853,2671
0.15900252,2670
0.159009235,2669
0.159012359,2668
0.159015061,2667
0.159020878,2666
0.159023649,2665
0.159027304,2664
0.159032923,2663
0.15903745,2662
0.159041333,2661
0.15904542,2660
0.159049443,2659
0.15905456,2658
0.15905916,2657
0.15906613,2656
0.159070754,2655
0.159074642,2654
0.159077298,2653
0.159084148,2652
0.159087506,2651
0.159092421,2650
0.159095624,2649
0.159098566,2648
0.159102637,2647
0.159106702,2646
0.159109838,2645
0.159119255,2644
0.159123695,2643
0.159129228,2642
0.15913333,2641
0.159137935,2640
0.15914272,2639
0.159146368,2638
0.159149737,2637
0.159153466,2636
0.15915911,2635
0.159163573,2634
0.159166862,2633
0.159172394,2632
0.159177473,2631
0.159181253,2630
0.159184458,2629
0.159187522,2628
0.159191796,2627
0.159194897,2626
0.159198102,2625
0.159205006,2624
0.159211089,2623
0.159214399,2622
0.159217673,2621
0.159223021,2620
0.159228053,2619
0.159231111,2618
0.159234367,2617
0.159240731,2616
0.159245946,2615
0.15925,2614
0.159256904,2613
0.159371263,2612
0.159418768,2611
0.159422952,2610
0.159426898,2609
0.159436344,2608
0.159444024,2607
0.159447705,2606
0.159456842,2605
0.159460614,2604
0.15946858,2603
0.159472267,2602
0.159477715,2601
0.159480602,2600
0.159483467,2599
0.159496193,2598
0.159501041,2597
0.159535694,2596
0.159578506,2595
0.159606704,2594
0.159618951,2593
0.159639684,2592
0.159642955,2591
0.159646322,2590
0.159650728,2589
0.159655182,2588
0.159658345,2587
0.159662148,2586
0.159665331,2585
0.159669881,2584
0.159673093,2583
0.159678856,2582
0.159681883,2581
0.159685833,2580
0.15968997,2579
0.159706139,2578
0.159715328,2577
0.159740264,2576
0.159756083,2575
0.159885115,2574
0.159891274,2573
0.160062236,2572
0.160078261,2571
0.160084998,2570
0.160088648,2569
0.160092172,2568
0.160098958,2567
0.160103791,2566
0.160107603,2565
0.160112134,2564
0.160117633,2563
0.160135068,2562
0.160139346,2561
0.160144582,2560
0.160148148,2559
0.160155851,2558
0.16015938,2557
0.160162769,2556
0.16016694,2555
0.160171686,2554
0.160175057,2553
0.160180761,2552
0.160186341,2551
0.160191352,2550
0.160195038,2549
0.160199481,2548
0.160203197,2547
0.160253447,2546
0.160257847,2545
0.160262827,2544
0.160269882,2543
0.160273072,2542
0.160278984,2541
0.160284657,2540
0.160374782,2539
0.160378508,2538
0.160382712,2537
0.160397039,2536
0.160405432,2535
0.160410692,2534
0.16041474,2533
0.160419532,2532
0.160428371,2531
0.160431799,2530
0.160434666,2529
0.160439409,2528
0.160444542,2527
0.160448283,2526
0.160453419,2525
0.160457876,2524
0.160462218,2523
0.16047072,2522
0.160479596,2521
0.160485649,2520
0.160491647,2519
0.160494836,2518
0.160500702,2517
0.160504118,2516
0.160520398,2515
0.160524854,2514
0.160539991,2513
0.160547558,2512
0.160552384,2511
0.160566128,2510
0.161569338,2509
0.161576815,2508
0.161585284,2507
0.161588899,2506
0.161593575,2505
0.161603882,2504
0.161639038,2503
0.161648981,2502
0.161654376,2501
0.161661174,2500
0.161667514,2499
0.161676875,2498
0.161725878,2497
0.161738586,2496
0.161744441,2495
0.161754404,2494
0.161761054,2493
0.161764816,2492
0.161772953,2491
0.161777926,2490
0.161784939,2489
0.161791747,2488
0.161842348,2487
0.161892761,2486
0.161904393,2485
0.161909139,2484
0.161916197,2483
0.161922967,2482
0.161930791,2481
0.16193813,2480
0.161983099,2479
0.16198809,2478
0.161993127,2477
0.162007875,2476
0.162012186,2475
0.162024631,2474
0.162028188,2473
0.162035237,2472
0.162045859,2471
0.162049783,2470
0.162057688,2469
0.162102077,2468
0.162105425,2467
0.162110077,2466
0.16211939,2465
0.162125161,2464
0.162130122,2463
0.162134921,2462
0.162183507,2461
0.162195964,2460
0.162202413,2459
0.162207574,2458
0.16221405,2457
0.162226076,2456
0.162269385,2455
0.16227792,2454
0.162281349,2453
0.162286211,2452
0.162293696,2451
0.162335636,2450
0.162340939,2449
0.162346004,2448
0.162349641,2447
0.162352915,2446
0.162358998,2445
0.162362297,2444
0.162368117,2443
0.162373098,2442
0.162379304,2441
0.162390318,2440
0.162396663,2439
0.162400075,2438
0.162404103,2437
0.162470459,2436
0.162474748,2435
0.162505932,2434
0.16250961,2433
0.162517385,2432
0.162522096,2431
0.162535697,2430
0.16253933,2429
0.162548904,2428
0.162552511,2427
0.162561619,2426
0.162567964,2425
0.162573607,2424
0.162581893,2423
0.162585131,2422
0.162592577,2421
0.162602332,2420
0.162608799,2419
0.162616267,2418
0.162619662,2417
0.162624275,2416
0.162628623,2415
0.162635383,2414
0.162638612,2413
0.162642853,2412
0.16265065,2411
0.162708047,2410
0.162754846,2409
0.162782136,2408
0.162786793,2407
0.162829304,2406
0.162833847,2405
0.162847902,2404
0.162853274,2403
0.162862432,2402
0.162867642,2401
0.162870876,2400
0.162875531,2399
0.162878837,2398
0.162883283,2397
0.162888902,2396
0.162897278,2395
0.162901407,2394
0.162908018,2393
0.162916834,2392
0.162919966,2391
0.162953218,2390
0.162958242,2389
0.162961746,2388
0.162974213,2387
0.162978316,2386
0.162981802,2385
0.162990886,2384
0.162996343,2383
0.163003986,2382
0.163009034,2381
0.163050047,2380
0.163054926,2379
0.163061663,2378
0.16309871,2377
0.16310897,2376
0.163115709,2375
0.163212222,2374
0.163294114,2373
0.163299209,2372
0.163305053,2371
0.163349566,2370
0.163393214,2369
0.163434653,2368
0.163442733,2367
0.163448496,2366
0.163458673,2365
0.163462057,2364
0.163472064,2363
0.16349596,2362
0.163501066,2361
0.163512979,2360
0.163517159,2359
0.163524747,2358
0.163539265,2357
0.163543009,2356
0.163548265,2355
0.163554575,2354
0.163558123,2353
0.163568694,2352
0.163575727,2351
0.163579756,2350
0.163583431,2349
0.163586979,2348
0.163985561,2347
0.164021569,2346
0.164025212,2345
0.164078339,2344
0.164083117,2343
0.164126998,2342
0.16413229,2341
0.164138214,2340
0.164190524,2339
0.164195616,2338
0.164214354,2337
0.164225044,2336
0.164268157,2335
0.164309201,2334
0.164316038,2333
0.164320063,2332
0.164328301,2331
0.164339612,2330
0.16435696,2329
0.164363564,2328
0.164368089,2327
0.164837813,2326
0.164857896,2325
0.164868322,2324
0.164917021,2323
0.164930269,2322
0.164949827,2321
0.164982919,2320
0.165002521,2319
0.165020199,2318
0.165026008,2317
0.165049258,2316
0.165076244,2315
0.16508382,2314
0.165089131,2313
0.165095106,2312
0.16510505,2311
0.165111112,2310
0.165114833,2309
0.165128928,2308
0.165150222,2307
0.165154859,2306
0.165161234,2305
0.165178235,2304
0.165192641,2303
0.165199562,2302
0.165247536,2301
0.165305584,2300
0.165310267,2299
0.165390697,2298
0.166537192,2297
0.168156388,2296
0.168204001,2295
0.168216978,2294
0.168232523,2293
0.168294885,2292
0.168302582,2291
0.168311372,2290
0.16835706,2289
0.16844043,2288
0.168480093,2287
0.168578832,2286
0.168639732,2285
0.168856659,2284
0.168860853,2283
0.168927192,2282
0.168979294,2281
0.169098572,2280
0.169575169,2279
0.169698275,2278
