0.076804202,3669
0.076894213,3668
0.076940169,3667
0.076988039,3666
0.077046957,3665
0.077072104,3664
0.077101044,3663
0.077109544,3662
0.077117461,3661
0.077125919,3660
0.077145452,3659
0.077155189,3658
0.077175555,3657
0.077190534,3656
0.077201119,3655
0.077213041,3654
0.077223016,3653
0.077231022,3652
0.077239225,3651
0.077249891,3650
0.077259861,3649
0.077267557,3648
0.077274865,3647
0.077283734,3646
0.077290962,3645
0.077297998,3644
0.077304721,3643
0.077311592,3642
0.077318459,3641
0.077325498,3640
0.07733194,3639
0.077339826,3638
0.077348027,3637
0.077355892,3636
0.077363779,3635
0.07737513,3634
0.07738272,3633
0.07739073,3632
0.077398398,3631
0.077407282,3630
0.077416913,3629
0.077423033,3628
0.077516338,3627
0.077554397,3626
0.077563359,3625
0.077570595,3624
0.077576122,3623
0.077581437,3622
0.077586279,3621
0.07759138,3620
0.077596333,3619
0.077618475,3618
0.077625191,3617
0.077631831,3616
0.07763818,3615
0.07764443,3614
0.077650778,3613
0.077657275,3612
0.07768644,3611
0.077692887,3610
0.077699164,3609
0.07770543,3608
0.07771184,3607
0.077718407,3606
0.077724767,3605
0.077732932,3604
0.077739173,3603
0.077745439,3602
0.077751734,3601
0.077758232,3600
0.077764239,3599
0.077771838,3598
0.077781608,3597
0.077802299,3596
0.077812685,3595
0.077829803,3594
0.077843482,3593
0.077856809,3592
0.077867448,3591
0.077881325,3590
0.077910994,3589
0.077925429,3588
0.077939333,3587
0.077946508,3586
0.077953584,3585
0.077979301,3584
0.077988416,3583
0.077996598,3582
0.078003851,3581
0.078011415,3580
0.078047173,3579
0.078054025,3578
0.078060774,3577
0.078068077,3576
0.078075437,3575
0.078101645,3574
0.078111966,3573
0.07811868,3572
0.07812673,3571
0.078133604,3570
0.078139348,3569
0.078145506,3568
0.078150692,3567
0.078155797,3566
0.078165317,3565
0.078170798,3564
0.078176297,3563
0.078180981,3562
0.078186426,3561
0.078191618,3560
0.078196567,3559
0.078201817,3558
0.07821048,3557
0.078215447,3556
0.078220268,3555
0.078226005,3554
0.078231156,3553
0.078236222,3552
0.078241328,3551
0.078246663,3550
0.078252343,3549
0.078257804,3548
0.078262519,3547
0.078267179,3546
0.078272326,3545
0.078277873,3544
0.078282768,3543
0.078304173,3542
0.0783102,3541
0.078319029,3540
0.078324951,3539
0.078330736,3538
0.078336104,3537
0.078342869,3536
0.078350854,3535
0.078364406,3534
0.078371048,3533
0.078377012,3532
0.078383105,3531
0.078388243,3530
0.078392831,3529
0.078398273,3528
0.078403002,3527
0.078407878,3526
0.078413188,3525
0.078417911,3524
0.078422409,3523
0.078427416,3522
0.07843206,3521
0.078436767,3520
0.078441352,3519
0.078446107,3518
0.078450947,3517
0.078455914,3516
0.078460557,3515
0.078465206,3514
0.078471504,3513
0.078476837,3512
0.078482048,3511
0.078487267,3510
0.078492948,3509
0.078498178,3508
0.078503872,3507
0.078509327,3506
0.07851441,3505
0.078519336,3504
0.078524441,3503
0.078529646,3502
0.078535012,3501
0.078540404,3500
0.078545571,3499
0.078551104,3498
0.078556609,3497
0.078561661,3496
0.078567053,3495
0.078571914,3494
0.078577097,3493
0.078581954,3492
0.078587065,3491
0.078592049,3490
0.078597155,3489
0.078602815,3488
0.078609075,3487
0.078616061,3486
0.078622268,3485
0.078627093,3484
0.078631702,3483
0.078636314,3482
0.078640908,3481
0.078645487,3480
0.078650946,3479
0.078656455,3478
0.07866842,3477
0.082182048,3476
0.082207724,3475
0.082216602,3474
0.082223966,3473
0.082240187,3472
0.082252544,3471
0.082259252,3470
0.082292812,3469
0.082298566,3468
0.082304393,3467
0.082309444,3466
0.082314117,3465
0.082322541,3464
0.082341236,3463
0.082345626,3462
0.082349946,3461
0.082354334,3460
0.08235802,3459
0.082362216,3458
0.082366577,3457
0.082370865,3456
0.082375017,3455
0.082379124,3454
0.082383677,3453
0.082388476,3452
0.082394074,3451
0.082399092,3450
0.082404319,3449
0.082409574,3448
0.082415617,3447
0.082423924,3446
0.082428941,3445
0.082433968,3444
0.082439367,3443
0.082478404,3442
0.082483861,3441
0.082487982,3440
0.082492173,3439
0.08249694,3438
0.082510486,3437
0.08251472,3436
0.082518999,3435
0.082523386,3434
0.082527759,3433
0.082532781,3432
0.082538616,3431
0.082544389,3430
0.082552755,3429
0.082586687,3428
0.082592995,3427
0.082599751,3426
0.082607019,3425
0.082612338,3424
0.082616686,3423
0.082629027,3422
0.082635276,3421
0.082640594,3420
0.082647546,3419
0.08265718,3418
0.08266629,3417
0.082672116,3416
0.082677294,3415
0.082684841,3414
0.082691041,3413
0.08269687,3412
0.082734336,3411
0.08274031,3410
0.082745815,3409
0.082751481,3408
0.08275681,3407
0.082761599,3406
0.082766973,3405
0.082771193,3404
0.082775542,3403
0.082781192,3402
0.082786357,3401
0.082791876,3400
0.082797113,3399
0.082801673,3398
0.082806068,3397
0.082810609,3396
0.082814727,3395
0.082819257,3394
0.082823617,3393
0.08282806,3392
0.08283268,3391
0.082837934,3390
0.082843224,3389
0.082850901,3388
0.082856023,3387
0.082860787,3386
0.082865367,3385
0.082875096,3384
0.082881103,3383
0.082886456,3382
0.082891734,3381
0.082896752,3380
0.082902127,3379
0.082906715,3378
0.082911641,3377
0.082917116,3376
0.082922406,3375
0.082927564,3374
0.082933641,3373
0.082938537,3372
0.082943294,3371
0.082948416,3370
0.082953552,3369
0.083035431,3368
0.083040991,3367
0.083046242,3366
0.08305065,3365
0.083055318,3364
0.083059923,3363
0.083065168,3362
0.083070107,3361
0.083074506,3360
0.083079477,3359
0.083084642,3358
0.083096011,3357
0.083103171,3356
0.08310846,3355
0.083113186,3354
0.083118248,3353
0.08312281,3352
0.083127669,3351
0.083132725,3350
0.083140081,3349
0.083148157,3348
0.083152762,3347
0.083157179,3346
0.083161931,3345
0.083166551,3344
0.083171439,3343
0.083176101,3342
0.083180911,3341
0.083185662,3340
0.083189886,3339
0.083194065,3338
0.083198367,3337
0.083202533,3336
0.083206762,3335
0.083211338,3334
0.083215549,3333
0.083219811,3332
0.083224083,3331
0.08322885,3330
0.083233759,3329
0.083238308,3328
0.083244671,3327
0.083249994,3326
0.083254681,3325
0.083258916,3324
0.083263725,3323
0.083268251,3322
0.083273277,3321
0.083277387,3320
0.083281385,3319
0.083285737,3318
0.083289659,3317
0.083294069,3316
0.083299179,3315
0.083303683,3314
0.083307641,3313
0.083311805,3312
0.08331674,3311
0.083321072,3310
0.083325473,3309
0.083366567,3308
0.083372295,3307
0.083378348,3306
0.083384597,3305
0.083389813,3304
0.083395117,3303
0.083400891,3302
0.083420215,3301
0.083424881,3300
0.083474546,3299
0.083479374,3298
0.083484462,3297
0.083488919,3296
0.083493387,3295
0.08349785,3294
0.083502305,3293
0.083506529,3292
0.083511355,3291
0.083517902,3290
0.083554573,3289
0.083559397,3288
0.083564157,3287
0.083602431,3286
0.083607294,3285
0.083674973,3284
0.083679672,3283
0.083684567,3282
0.08368862,3281
0.083692791,3280
0.083696908,3279
0.083701005,3278
0.083706133,3277
0.083710216,3276
0.083717452,3275
0.083721934,3274
0.083726056,3273
0.083730793,3272
0.083735358,3271
0.083739518,3270
0.083744075,3269
0.083747493,3268
0.083750315,3267
0.083753007,3266
0.083756828,3265
0.083760252,3264
0.083763582,3263
0.083798236,3262
0.083802759,3261
0.083806576,3260
0.083858942,3259
0.083862189,3258
0.083868717,3257
0.083872012,3256
0.08387509,3255
0.083878347,3254
0.083881528,3253
0.083884705,3252
0.083887995,3251
0.083891182,3250
0.08389411,3249
0.083897113,3248
0.08390023,3247
0.08390337,3246
0.083906481,3245
0.083910025,3244
0.083913587,3243
0.083917878,3242
0.083924443,3241
0.083931062,3240
0.083936613,3239
0.083940893,3238
0.08394455,3237
0.083948039,3236
0.083950892,3235
0.083953736,3234
0.083956457,3233
0.083959035,3232
0.083962217,3231
0.083964873,3230
0.083967968,3229
0.08397059,3228
0.083973454,3227
0.083976142,3226
0.083979082,3225
0.083981966,3224
0.08398481,3223
0.083987775,3222
0.083990806,3221
0.083995513,3220
0.083999531,3219
0.084003712,3218
0.084008101,3217
0.084012065,3216
0.084016002,3215
0.084019845,3214
0.084023216,3213
0.084027173,3212
0.084030731,3211
0.084034288,3210
0.084038159,3209
0.08404183,3208
0.084045503,3207
0.084048392,3206
0.084052593,3205
0.084056108,3204
0.084059684,3203
0.084063542,3202
0.084067635,3201
0.084071625,3200
0.084075482,3199
0.084079269,3198
0.084082902,3197
0.08408595,3196
0.084088777,3195
0.084091527,3194
0.084094306,3193
0.084097184,3192
0.084100029,3191
0.084102757,3190
0.084105424,3189
0.084108027,3188
0.084110697,3187
0.084113388,3186
0.084116029,3185
0.084118932,3184
0.084121602,3183
0.084124325,3182
0.084127032,3181
0.084129995,3180
0.084133013,3179
0.084135696,3178
0.084138217,3177
0.084140928,3176
0.084144805,3175
0.084148101,3174
0.084152943,3173
0.084157013,3172
0.084161582,3171
0.084165694,3170
0.084169954,3169
0.084174938,3168
0.084179514,3167
0.084183564,3166
0.084188187,3165
0.084191857,3164
0.084196259,3163
0.084199883,3162
0.084203513,3161
0.084206749,3160
0.084210407,3159
0.084231527,3158
0.084236445,3157
0.084267345,3156
0.084271541,3155
0.084275821,3154
0.084279928,3153
0.084283406,3152
0.084286819,3151
0.084290085,3150
0.086458788,3149
0.086605447,3148
0.086614345,3147
0.086650304,3146
0.086654993,3145
0.086657695,3144
0.086660554,3143
0.086666651,3142
0.086669224,3141
0.0866716,3140
0.086674264,3139
0.086676742,3138
0.086679193,3137
0.086682236,3136
0.08668622,3135
0.086691533,3134
0.086694175,3133
0.086696938,3132
0.086701839,3131
0.086705118,3130
0.086708444,3129
0.086711773,3128
0.08671918,3127
0.086723518,3126
0.086726971,3125
0.086733173,3124
0.086738769,3123
0.086741533,3122
0.086744063,3121
0.086746842,3120
0.086749606,3119
0.086752185,3118
0.086754664,3117
0.086758756,3116
0.086761439,3115
0.086765265,3114
0.086769035,3113
0.086771873,3112
0.086777354,3111
0.086783025,3110
0.086786709,3109
0.086789709,3108
0.086792737,3107
0.086795498,3106
0.086798315,3105
0.086801828,3104
0.086804965,3103
0.086809039,3102
0.086813136,3101
0.086815797,3100
0.086818422,3099
0.086820976,3098
0.086823747,3097
0.086826437,3096
0.086829787,3095
0.086832465,3094
0.086835766,3093
0.086838782,3092
0.086841591,3091
0.086845801,3090
0.086848461,3089
0.086851114,3088
0.086855119,3087
0.086858034,3086
0.08686106,3085
0.086864949,3084
0.086868945,3083
0.08687163,3082
0.086874342,3081
0.086880527,3080
0.086885479,3079
0.086889667,3078
0.086895769,3077
0.086898711,3076
0.086901347,3075
0.086906351,3074
0.086908703,3073
0.086911098,3072
0.086915112,3071
0.086917759,3070
0.086921106,3069
0.086925967,3068
0.086929489,3067
0.086932659,3066
0.086936142,3065
0.08694153,3064
0.086945189,3063
0.086948874,3062
0.086956909,3061
0.086960464,3060
0.086964434,3059
0.086971668,3058
0.086975433,3057
0.086979199,3056
0.086984324,3055
0.08699046,3054
0.086994906,3053
0.086998599,3052
0.087003399,3051
0.087007556,3050
0.08701108,3049
0.087016581,3048
0.087019717,3047
0.087022745,3046
0.087025491,3045
0.087029233,3044
0.087032844,3043
0.087035964,3042
0.087039525,3041
0.087043717,3040
0.087048516,3039
0.087051967,3038
0.0870548,3037
0.087057899,3036
0.087067358,3035
0.087070534,3034
0.087073849,3033
0.08707699,3032
0.087081005,3031
0.087091591,3030
0.087096773,3029
0.087104174,3028
0.087108888,3027
0.087112551,3026
0.087120118,3025
0.087124006,3024
0.087127661,3023
0.087133126,3022
0.08713654,3021
0.08715198,3020
0.087157488,3019
0.087162419,3018
0.087166119,3017
0.087171985,3016
0.087175705,3015
0.087180599,3014
0.087191345,3013
0.087194565,3012
0.087205856,3011
0.087210857,3010
0.087215803,3009
0.087219915,3008
0.087226695,3007
0.087230773,3006
0.087234216,3005
0.087238265,3004
0.087242272,3003
0.087247459,3002
0.087251031,3001
0.08725479,3000
0.087262433,2999
0.087268444,2998
0.087272396,2997
0.087276205,2996
0.087282166,2995
0.087286093,2994
0.087290075,2993
0.087294019,2992
0.087299479,2991
0.087303174,2990
0.087306726,2989
0.087310897,2988
0.087314696,2987
0.087318427,2986
0.087322358,2985
0.087326046,2984
0.087329805,2983
0.087333702,2982
0.087343115,2981
0.087346786,2980
0.087353877,2979
0.087367341,2978
0.087370635,2977
0.0873763,2976
0.08737958,2975
0.087384037,2974
0.087391534,2973
0.087394602,2972
0.087398984,2971
0.087402334,2970
0.087405352,2969
0.08740951,2968
0.087414393,2967
0.087417961,2966
0.08742326,2965
0.087426226,2964
0.087429844,2963
0.087438029,2962
0.08744381,2961
0.087449266,2960
0.08745326,2959
0.087464147,2958
0.087471614,2957
0.087476192,2956
0.087480232,2955
0.087484596,2954
0.087488868,2953
0.087492415,2952
0.087495212,2951
0.087499744,2950
0.087502217,2949
0.087504814,2948
0.087509517,2947
0.087512072,2946
0.087514982,2945
0.087517688,2944
0.087522015,2943
0.087530218,2942
0.087535628,2941
0.087539064,2940
0.087543286,2939
0.087548525,2938
0.087554011,2937
0.087593964,2936
0.087601612,2935
0.087611276,2934
0.087615662,2933
0.087621564,2932
0.087626202,2931
0.087638813,2930
0.087643414,2929
0.087650521,2928
0.08765449,2927
0.08766312,2926
0.087665957,2925
0.087670513,2924
0.087673326,2923
0.087677963,2922
0.087681279,2921
0.087686216,2920
0.087691698,2919
0.087695812,2918
0.087698443,2917
0.087700616,2916
0.08770456,2915
0.087707127,2914
0.087709708,2913
0.087714549,2912
0.087721546,2911
0.087727025,2910
0.087731013,2909
0.087736098,2908
0.087738902,2907
0.087741891,2906
0.087744677,2905
0.08774808,2904
0.087750487,2903
0.087752992,2902
0.08776067,2901
0.087771198,2900
0.087776757,2899
0.087780645,2898
0.087784565,2897
0.087795454,2896
0.087798692,2895
0.087802406,2894
0.08781022,2893
0.087821439,2892
0.087837922,2891
0.087849367,2890
0.087856786,2889
0.087863576,2888
0.087867997,2887
0.087874043,2886
0.087880224,2885
0.087884438,2884
0.087889351,2883
0.087896378,2882
0.087899413,2881
0.087918695,2880
0.0879221,2879
0.087927742,2878
0.087931317,2877
0.087936305,2876
0.087939302,2875
0.087945963,2874
0.087975836,2873
0.087982452,2872
0.087986848,2871
0.087990566,2870
0.087995345,2869
0.087999365,2868
0.088003247,2867
0.088006036,2866
0.088008461,2865
0.088012422,2864
0.088017384,2863
0.088024335,2862
0.088027138,2861
0.088030555,2860
0.08803418,2859
0.088039196,2858
0.088044082,2857
0.088047654,2856
0.08805118,2855
0.088056254,2854
0.0880604,2853
0.088067074,2852
0.088071877,2851
0.08807596,2850
0.088079385,2849
0.088084984,2848
0.088093767,2847
0.088102578,2846
0.088106517,2845
0.088110412,2844
0.088114927,2843
0.088118923,2842
0.088122973,2841
0.088127839,2840
0.088142282,2839
0.088164182,2838
0.088193683,2837
0.088209267,2836
0.088216447,2835
0.088234892,2834
0.088255398,2833
0.088276047,2832
0.088291939,2831
0.088302414,2830
0.088380778,2829
0.088384547,2828
0.088389801,2827
0.088392909,2826
0.088397549,2825
0.088401689,2824
0.088406578,2823
0.0884094,2822
0.088421392,2821
0.08842427,2820
0.088428563,2819
0.088431394,2818
0.088435967,2817
0.08843945,2816
0.088443584,2815
0.088450673,2814
0.088454323,2813
0.088459076,2812
0.088466832,2811
0.088470708,2810
0.088474207,2809
0.088482641,2808
0.088486106,2807
0.088495486,2806
0.088499213,2805
0.088503863,2804
0.088510045,2803
0.08851341,2802
0.088522947,2801
0.088526315,2800
0.088534772,2799
0.088540182,2798
0.088544265,2797
0.088548813,2796
0.088555168,2795
0.088558749,2794
0.088562061,2793
0.088569195,2792
0.088572576,2791
0.088582382,2790
0.088585613,2789
0.088588667,2788
0.088594479,2787
0.088597553,2786
0.088601251,2785
0.088604348,2784
0.088609155,2783
0.088612204,2782
0.088615333,2781
0.088618531,2780
0.088621744,2779
0.088629357,2778
0.088632202,2777
0.088637396,2776
0.088640353,2775
0.088646034,2774
0.088652133,2773
0.088658882,2772
0.088662629,2771
0.088666152,2770
0.088670617,2769
0.088674478,2768
0.088677951,2767
0.088681437,2766
0.088684956,2765
0.088689646,2764
0.088693149,2763
0.088702517,2762
0.088709451,2761
0.088713944,2760
0.088719222,2759
0.088724243,2758
0.088729496,2757
0.088733622,2756
0.08873663,2755
0.088740284,2754
0.088743509,2753
0.088749408,2752
0.088752807,2751
0.088757202,2750
0.088760586,2749
0.088763805,2748
0.088774566,2747
0.088778773,2746
0.088783259,2745
0.088788915,2744
0.088793447,2743
0.088797134,2742
0.088801937,2741
0.08880548,2740
0.088808763,2739
0.08881331,2738
0.088818467,2737
0.088822444,2736
0.088826941,2735
0.088830532,2734
0.088834388,2733
0.088838528,2732
0.088844388,2731
0.088851636,2730
0.088856729,2729
0.088860225,2728
0.088863798,2727
0.088867487,2726
0.088871426,2725
0.088878097,2724
0.088881541,2723
0.08888614,2722
0.088889487,2721
0.088892621,2720
0.088896912,2719
0.088903857,2718
0.088914142,2717
0.088917426,2716
0.088919628,2715
0.088923849,2714
0.088927729,2713
0.088930621,2712
0.088933721,2711
0.088936416,2710
0.088939162,2709
0.088944252,2708
0.088947791,2707
0.088950582,2706
0.088955671,2705
0.088958598,2704
0.088961255,2703
0.088964237,2702
0.088967695,2701
0.088970768,2700
0.088973465,2699
0.088977006,2698
0.088979762,2697
0.088984013,2696
0.088987151,2695
0.088993153,2694
0.088995813,2693
0.088999464,2692
0.089003263,2691
0.089006877,2690
0.089014109,2689
0.089017272,2688
0.089020681,2687
0.089023419,2686
0.089028015,2685
0.089030982,2684
0.089034792,2683
0.089037577,2682
0.089040554,2681
0.089043246,2680
0.089046963,2679
0.089049995,2678
0.089053275,2677
0.089058334,2676
0.089062275,2675
0.089065389,2674
0.089068964,2673
0.089072142,2672
0.089075882,2671
0.08908088,2670
0.089083483,2669
0.089089438,2668
0.089093181,2667
0.089097148,2666
0.089099955,2665
0.089104284,2664
0.089107077,2663
0.089110193,2662
0.089112815,2661
0.089115494,2660
0.089120067,2659
0.089122461,2658
0.089126453,2657
0.089130124,2656
0.089135617,2655
0.089138968,2654
0.089146968,2653
0.089149671,2652
0.089153057,2651
0.089157083,2650
0.089159309,2649
0.089162515,2648
0.089169916,2647
0.089172642,2646
0.08917687,2645
0.089183058,2644
0.089186427,2643
0.08919009,2642
0.089196098,2641
0.08920044,2640
0.089206051,2639
0.089210118,2638
0.089215051,2637
0.089219206,2636
0.089221818,2635
0.089224211,2634
0.089227423,2633
0.089230398,2632
0.089232831,2631
0.089235752,2630
0.089239982,2629
0.089243766,2628
0.089247605,2627
0.089252166,2626
0.089254818,2625
0.089259621,2624
0.089262421,2623
0.089264822,2622
0.089267569,2621
0.089273146,2620
0.089278454,2619
0.08928245,2618
0.089285843,2617
0.089294421,2616
0.089299393,2615
0.089303064,2614
0.08930757,2613
0.089315984,2612
0.08932111,2611
0.089325291,2610
0.089330549,2609
0.089332954,2608
0.089338012,2607
0.089342108,2606
0.089345126,2605
0.089348481,2604
0.089353607,2603
0.089358325,2602
0.089361052,2601
0.08936952,2600
0.089376535,2599
0.089379587,2598
0.089382879,2597
0.089386235,2596
0.08938905,2595
0.089391473,2594
0.089395088,2593
0.089397605,2592
0.089401512,2591
0.089405766,2590
0.08940842,2589
0.089413155,2588
0.089415941,2587
0.089419014,2586
0.089421988,2585
0.089424419,2584
0.089427726,2583
0.08943148,2582
0.089434739,2581
0.089437509,2580
0.089440515,2579
0.089443511,2578
0.089447192,2577
0.089451357,2576
0.089454206,2575
0.089457592,2574
0.089463039,2573
0.089465639,2572
0.089468516,2571
0.089471367,2570
0.089479707,2569
0.089484092,2568
0.089488114,2567
0.089491235,2566
0.089494241,2565
0.089499262,2564
0.089506622,2563
0.089509156,2562
0.089513876,2561
0.089516462,2560
0.08952058,2559
0.089528915,2558
0.089532003,2557
0.089534578,2556
0.08954005,2555
0.089545219,2554
0.089550097,2553
0.089554145,2552
0.089557421,2551
0.08956294,2550
0.089566574,2549
0.089571539,2548
0.08957414,2547
0.089577083,2546
0.089580382,2545
0.089589046,2544
0.089593269,2543
0.089597898,2542
0.08960247,2541
0.089608517,2540
0.089614644,2539
0.089618851,2538
0.089622445,2537
0.089625763,2536
0.089628674,2535
0.089632847,2534
0.089635963,2533
0.089639407,2532
0.089643221,2531
0.089645961,2530
0.089648644,2529
0.089652372,2528
0.089656756,2527
0.0896594,2526
0.089662071,2525
0.089666006,2524
0.089675077,2523
0.089677632,2522
0.089686306,2521
0.089765634,2520
0.089768129,2519
0.089770549,2518
0.089775009,2517
0.089779289,2516
0.090382965,2515
0.090387406,2514
0.090400632,2513
0.090404806,2512
0.090408663,2511
0.090412765,2510
0.09041739,2509
0.090422273,2508
0.090426321,2507
0.090444602,2506
0.090459459,2505
0.090475022,2504
0.090482577,2503
0.090492047,2502
0.090496527,2501
0.090502859,2500
0.090507626,2499
0.090510922,2498
0.090517764,2497
0.090528325,2496
0.090540855,2495
0.090549997,2494
0.090555226,2493
0.090572121,2492
0.090578135,2491
0.090581736,2490
0.090586132,2489
0.0905978,2488
0.090601325,2487
0.09060631,2486
0.090612462,2485
0.090622453,2484
0.090636072,2483
0.090641967,2482
0.090651677,2481
0.090656699,2480
0.090661082,2479
0.090665021,2478
0.090675119,2477
0.090678799,2476
0.090684768,2475
0.090693639,2474
0.090698559,2473
0.090705645,2472
0.090711287,2471
0.090719142,2470
0.090758849,2469
0.090763954,2468
0.09080556,2467
0.090810675,2466
0.090847044,2465
0.09085103,2464
0.090886321,2463
0.090931638,2462
0.090990327,2461
0.091036762,2460
0.09105298,2459
0.091059293,2458
0.091063668,2457
0.09106702,2456
0.091101705,2455
0.091133975,2454
0.091137301,2453
0.091140775,2452
0.091144149,2451
0.091147163,2450
0.091153222,2449
0.09115655,2448
0.091162382,2447
0.09116835,2446
0.091173895,2445
0.091209492,2444
0.091214722,2443
0.09126475,2442
0.09126883,2441
0.09130551,2440
0.091309986,2439
0.091314819,2438
0.091319863,2437
0.091326317,2436
0.091331611,2435
0.091366501,2434
0.091370865,2433
0.091374098,2432
0.09138374,2431
0.091422475,2430
0.091458465,2429
0.09146378,2428
0.091469223,2427
0.091473716,2426
0.091487227,2425
0.091497649,2424
0.091501179,2423
0.091505493,2422
0.091515603,2421
0.091521051,2420
0.091524185,2419
0.091529791,2418
0.091533465,2417
0.091541771,2416
0.091553473,2415
0.091558923,2414
0.091568965,2413
0.091582644,2412
0.091587789,2411
0.091592661,2410
0.091595854,2409
0.091602735,2408
0.091610224,2407
0.091618612,2406
0.091622622,2405
0.091628064,2404
0.09163122,2403
0.091640459,2402
0.091646802,2401
0.091650693,2400
0.091663152,2399
0.091673294,2398
0.091687734,2397
0.091692294,2396
0.091696805,2395
0.091700717,2394
0.091712777,2393
0.091717322,2392
0.09172259,2391
0.091726441,2390
0.091729754,2389
0.091734786,2388
0.091742164,2387
0.091747353,2386
0.091752524,2385
0.091755431,2384
0.09178468,2383
0.091792241,2382
0.091811325,2381
0.091831961,2380
0.091834298,2379
0.09186476,2378
0.091880961,2377
0.091885244,2376
0.091888989,2375
0.091895376,2374
0.091899803,2373
0.091903128,2372
0.091911515,2371
0.091915584,2370
0.091918375,2369
0.091923274,2368
0.091930713,2367
0.091933524,2366
0.09193643,2365
0.091942866,2364
0.091953511,2363
0.091964164,2362
0.091978338,2361
0.09198474,2360
0.091992618,2359
0.091997749,2358
0.092001857,2357
0.092007932,2356
0.09201562,2355
0.092018567,2354
0.092030426,2353
0.09203629,2352
0.092069406,2351
0.092075365,2350
0.092087855,2349
0.092094304,2348
0.092100364,2347
0.092112303,2346
0.092118466,2345
0.092122016,2344
0.092124732,2343
0.092130756,2342
0.092137071,2341
0.092147933,2340
0.092152428,2339
0.092156279,2338
0.092159561,2337
0.092182983,2336
0.092217856,2335
0.09223784,2334
0.092241374,2333
0.092246889,2332
0.09248157,2331
0.092499313,2330
0.092509639,2329
0.092522287,2328
0.092615552,2327
0.092629548,2326
0.092632371,2325
0.092635186,2324
0.092684413,2323
0.09269435,2322
0.092703643,2321
0.092707189,2320
0.092715619,2319
0.092726948,2318
0.09275071,2317
0.092761248,2316
0.092769509,2315
0.092772676,2314
0.092776759,2313
0.092781924,2312
0.092793098,2311
0.092806766,2310
0.092813144,2309
0.092826384,2308
0.092849056,2307
0.092900695,2306
0.092904895,2305
0.092917577,2304
0.09316319,2303
0.093257662,2302
0.093263852,2301
0.093273488,2300
0.093276288,2299
0.093312753,2298
0.093358069,2297
0.093367094,2296
0.093389608,2295
0.093399943,2294
0.093587826,2293
0.093614846,2292
0.093623133,2291
0.09368172,2290
0.093866354,2289
0.093939863,2288
0.094053892,2287
