0.05009738,3669
0.050187648,3668
0.050229737,3667
0.050271431,3666
0.050320027,3665
0.050367817,3664
0.050382801,3663
0.050388694,3662
0.050394389,3661
0.050400577,3660
0.050406096,3659
0.050411932,3658
0.050417336,3657
0.050424891,3656
0.050430902,3655
0.050468805,3654
0.050891087,3653
0.05090538,3652
0.050917109,3651
0.050934361,3650
0.050946767,3649
0.050960107,3648
0.050969276,3647
0.050993591,3646
0.051000782,3645
0.051007153,3644
0.05101298,3643
0.051019752,3642
0.051025749,3641
0.051063331,3640
0.051070552,3639
0.051093406,3638
0.051099563,3637
0.051106114,3636
0.051139289,3635
0.051145784,3634
0.051151845,3633
0.051168233,3632
0.051177085,3631
0.051183865,3630
0.051189902,3629
0.051195752,3628
0.051202964,3627
0.05120963,3626
0.051215754,3625
0.051222301,3624
0.051229002,3623
0.051234715,3622
0.051240069,3621
0.05124736,3620
0.051253945,3619
0.05126372,3618
0.051287579,3617
0.051296218,3616
0.051305098,3615
0.051314294,3614
0.051323159,3613
0.051331927,3612
0.051344432,3611
0.051354873,3610
0.051364307,3609
0.051372275,3608
0.051378978,3607
0.051388356,3606
0.051398403,3605
0.053699126,3604
0.053716296,3603
0.053729572,3602
0.055853935,3601
0.055870772,3600
0.055883583,3599
0.055925999,3598
0.055937923,3597
0.055945395,3596
0.055950009,3595
0.055983422,3594
0.055987425,3593
0.055994937,3592
0.056003153,3591
0.056007785,3590
0.056012052,3589
0.056016256,3588
0.056020276,3587
0.056024369,3586
0.056028361,3585
0.056032426,3584
0.056036449,3583
0.056040645,3582
0.056044595,3581
0.056048326,3580
0.056052352,3579
0.056056726,3578
0.056060894,3577
0.056064913,3576
0.05606955,3575
0.056073843,3574
0.056078126,3573
0.056082372,3572
0.056086764,3571
0.056090787,3570
0.056094739,3569
0.056099488,3568
0.056104283,3567
0.056108706,3566
0.056113098,3565
0.056116992,3564
0.056120975,3563
0.056125051,3562
0.056128603,3561
0.05613245,3560
0.056136144,3559
0.056139872,3558
0.056146503,3557
0.056150266,3556
0.056156596,3555
0.056161131,3554
0.0561659,3553
0.056170182,3552
0.056174522,3551
0.056180933,3550
0.056185173,3549
0.056189189,3548
0.056193287,3547
0.056197704,3546
0.056202005,3545
0.056205904,3544
0.056212648,3543
0.056239921,3542
0.056244399,3541
0.056248491,3540
0.05625241,3539
0.056256443,3538
0.056260428,3537
0.056264309,3536
0.05627183,3535
0.056276368,3534
0.056280405,3533
0.056284737,3532
0.056288864,3531
0.056292976,3530
0.056297201,3529
0.056301305,3528
0.056305271,3527
0.056311169,3526
0.056347251,3525
0.056388196,3524
0.056424943,3523
0.056431963,3522
0.056438449,3521
0.056443833,3520
0.056447955,3519
0.056452165,3518
0.05645624,3517
0.056460236,3516
0.056464253,3515
0.056467904,3514
0.056471733,3513
0.056475573,3512
0.056479211,3511
0.056482969,3510
0.056486742,3509
0.056490457,3508
0.056494417,3507
0.056498285,3506
0.056501985,3505
0.056505678,3504
0.056509397,3503
0.056514317,3502
0.056520969,3501
0.05652617,3500
0.056535,3499
0.056544282,3498
0.056551227,3497
0.056587044,3496
0.056625392,3495
0.056631374,3494
0.05667294,3493
0.056716079,3492
0.056771833,3491
0.056831082,3490
0.056999542,3489
0.057011348,3488
0.057044394,3487
0.057048749,3486
0.057052851,3485
0.05705682,3484
0.057060685,3483
0.057064628,3482
0.057069119,3481
0.057074018,3480
0.057078789,3479
0.057083406,3478
0.05709299,3477
0.057108528,3476
0.057122276,3475
0.057133772,3474
0.057138444,3473
0.057142995,3472
0.057147342,3471
0.057151948,3470
0.057169942,3469
0.057174095,3468
0.057178372,3467
0.05718224,3466
0.057189334,3465
0.057212787,3464
0.057218505,3463
0.057223896,3462
0.057229244,3461
0.057234963,3460
0.057240385,3459
0.057246602,3458
0.057252595,3457
0.057258256,3456
0.057269511,3455
0.057278406,3454
0.057344573,3453
0.057404777,3452
0.05741146,3451
0.057416634,3450
0.05742182,3449
0.057426683,3448
0.057431817,3447
0.057437235,3446
0.057443995,3445
0.057450213,3444
0.057471666,3443
0.057484056,3442
0.05749462,3441
0.057506665,3440
0.057516583,3439
0.057537515,3438
0.057555105,3437
0.057573588,3436
0.057578298,3435
0.057582474,3434
0.057586229,3433
0.057590152,3432
0.057593701,3431
0.057597493,3430
0.05761388,3429
0.057617782,3428
0.057666368,3427
0.057669831,3426
0.057673616,3425
0.057676949,3424
0.057682804,3423
0.057686442,3422
0.057689759,3421
0.057693174,3420
0.057696528,3419
0.057699706,3418
0.057702955,3417
0.057706303,3416
0.057709794,3415
0.057715138,3414
0.0577183,3413
0.057721736,3412
0.057727789,3411
0.057731133,3410
0.057734352,3409
0.057737557,3408
0.057740904,3407
0.057743683,3406
0.057746786,3405
0.057750269,3404
0.057753358,3403
0.057756837,3402
0.057759955,3401
0.057762987,3400
0.057765872,3399
0.057769174,3398
0.057772319,3397
0.057775295,3396
0.057778427,3395
0.057781433,3394
0.057784417,3393
0.05778736,3392
0.057790404,3391
0.057793342,3390
0.057796683,3389
0.057799698,3388
0.05780269,3387
0.057807115,3386
0.057810644,3385
0.057817424,3384
0.057822229,3383
0.057827266,3382
0.057832922,3381
0.057839105,3380
0.057845435,3379
0.057849674,3378
0.057854253,3377
0.05785811,3376
0.057861873,3375
0.057865167,3374
0.057868423,3373
0.057873562,3372
0.057878034,3371
0.057883296,3370
0.057887943,3369
0.057899876,3368
0.057904939,3367
0.057909535,3366
0.05791393,3365
0.057918177,3364
0.057922249,3363
0.057926215,3362
0.057930071,3361
0.057934085,3360
0.057938925,3359
0.057943124,3358
0.057947901,3357
0.05795237,3356
0.057959223,3355
0.057964467,3354
0.057968976,3353
0.057973223,3352
0.057976961,3351
0.057980812,3350
0.057985735,3349
0.057994851,3348
0.057999333,3347
0.058003246,3346
0.058007535,3345
0.058011742,3344
0.058015628,3343
0.058019548,3342
0.058023718,3341
0.058027796,3340
0.058031916,3339
0.05803576,3338
0.058039909,3337
0.05804395,3336
0.058047937,3335
0.058051741,3334
0.058055272,3333
0.058059577,3332
0.058064309,3331
0.058068502,3330
0.05807323,3329
0.058077973,3328
0.05808222,3327
0.058085547,3326
0.058088892,3325
0.058092273,3324
0.058096125,3323
0.058099466,3322
0.058103399,3321
0.058106723,3320
0.058110401,3319
0.058113559,3318
0.058116901,3317
0.058121345,3316
0.058125226,3315
0.058130723,3314
0.058135566,3313
0.058140688,3312
0.058145876,3311
0.058151163,3310
0.058155398,3309
0.05816066,3308
0.058164524,3307
0.058168331,3306
0.058171769,3305
0.058175218,3304
0.058178621,3303
0.058181956,3302
0.058185357,3301
0.058188739,3300
0.058192164,3299
0.058196381,3298
0.058200566,3297
0.058205275,3296
0.05820943,3295
0.058213951,3294
0.0582183,3293
0.058223332,3292
0.058227912,3291
0.058267411,3290
0.058273495,3289
0.058309113,3288
0.058344811,3287
0.05838221,3286
0.058387988,3285
0.058399438,3284
0.058822401,3283
0.058830007,3282
0.058844006,3281
0.058884225,3280
0.058891913,3279
0.058897211,3278
0.058901611,3277
0.058905022,3276
0.058912834,3275
0.058917773,3274
0.058922401,3273
0.058926552,3272
0.058930666,3271
0.058935698,3270
0.058940087,3269
0.058943955,3268
0.058948102,3267
0.058952133,3266
0.058955656,3265
0.058959289,3264
0.058962608,3263
0.058965735,3262
0.058969573,3261
0.058972864,3260
0.058976422,3259
0.058980129,3258
0.058987022,3257
0.058990106,3256
0.058992865,3255
0.058995889,3254
0.05899921,3253
0.059006937,3252
0.059011485,3251
0.059016533,3250
0.059021531,3249
0.059026364,3248
0.059032675,3247
0.059038584,3246
0.059046284,3245
0.059050218,3244
0.059053905,3243
0.059057541,3242
0.059060928,3241
0.059064216,3240
0.059067571,3239
0.059070639,3238
0.059073921,3237
0.059077089,3236
0.059080468,3235
0.059083354,3234
0.059086402,3233
0.059089891,3232
0.059093012,3231
0.059095906,3230
0.059098882,3229
0.059101676,3228
0.059105887,3227
0.059109066,3226
0.059112192,3225
0.059115003,3224
0.059118488,3223
0.059121583,3222
0.05912567,3221
0.059129987,3220
0.059133813,3219
0.059136982,3218
0.059140526,3217
0.059143592,3216
0.059146583,3215
0.059152044,3214
0.059155983,3213
0.059159559,3212
0.059163857,3211
0.059167249,3210
0.059170403,3209
0.059173446,3208
0.059176696,3207
0.059179855,3206
0.059183535,3205
0.059186595,3204
0.059189481,3203
0.059196555,3202
0.059199951,3201
0.059203018,3200
0.059206203,3199
0.059209088,3198
0.059211997,3197
0.059214906,3196
0.059219724,3195
0.05922392,3194
0.059227447,3193
0.059231106,3192
0.05923458,3191
0.059238269,3190
0.05924141,3189
0.059244605,3188
0.059247913,3187
0.059250966,3186
0.059254118,3185
0.059257225,3184
0.059260231,3183
0.059263118,3182
0.059265912,3181
0.059268747,3180
0.059272492,3179
0.059275802,3178
0.059278884,3177
0.059282172,3176
0.059285608,3175
0.059288539,3174
0.059291478,3173
0.05929438,3172
0.059297177,3171
0.059300233,3170
0.059303104,3169
0.059306067,3168
0.059309147,3167
0.059313057,3166
0.059316551,3165
0.059319676,3164
0.059322696,3163
0.059325608,3162
0.059328299,3161
0.059331105,3160
0.059333759,3159
0.059395006,3158
0.059398394,3157
0.059401852,3156
0.059441422,3155
0.05944485,3154
0.059447721,3153
0.059500306,3152
0.059502811,3151
0.059505175,3150
0.060327578,3149
0.060331392,3148
0.060373403,3147
0.060380375,3146
0.060388666,3145
0.060395821,3144
0.060406973,3143
0.060411863,3142
0.060423263,3141
0.060436864,3140
0.060448005,3139
0.060451063,3138
0.06045459,3137
0.060458996,3136
0.060464772,3135
0.060470333,3134
0.060474544,3133
0.060488261,3132
0.060493308,3131
0.060599633,3130
0.060617203,3129
0.060695225,3128
0.060702071,3127
0.060706256,3126
0.060708989,3125
0.060713608,3124
0.060717074,3123
0.060719806,3122
0.060722371,3121
0.060724805,3120
0.060730233,3119
0.060733472,3118
0.060736464,3117
0.060739386,3116
0.060742587,3115
0.060745257,3114
0.060749138,3113
0.060751557,3112
0.060759222,3111
0.060762057,3110
0.060828143,3109
0.06083148,3108
0.060834285,3107
0.060839525,3106
0.06084239,3105
0.060845066,3104
0.060847781,3103
0.060850446,3102
0.060853252,3101
0.060856693,3100
0.060859613,3099
0.060862636,3098
0.060867861,3097
0.06087662,3096
0.060880274,3095
0.060885359,3094
0.060888359,3093
0.060891828,3092
0.060897301,3091
0.060902544,3090
0.060906223,3089
0.060911185,3088
0.060916482,3087
0.060920096,3086
0.060922909,3085
0.060926528,3084
0.060940908,3083
0.06094405,3082
0.060947066,3081
0.060950029,3080
0.060954215,3079
0.060957797,3078
0.060961644,3077
0.060966889,3076
0.060969429,3075
0.060971768,3074
0.060975655,3073
0.060979241,3072
0.060982241,3071
0.060985398,3070
0.060988885,3069
0.060991533,3068
0.060994389,3067
0.060997117,3066
0.061001023,3065
0.061004536,3064
0.061007381,3063
0.061010316,3062
0.06101567,3061
0.061019033,3060
0.061021767,3059
0.061024606,3058
0.061027227,3057
0.061029837,3056
0.061032587,3055
0.061036165,3054
0.061038685,3053
0.061042238,3052
0.061044707,3051
0.061048208,3050
0.061051572,3049
0.061055219,3048
0.061057445,3047
0.061060576,3046
0.061064458,3045
0.061066816,3044
0.06106945,3043
0.061073241,3042
0.061076065,3041
0.061078553,3040
0.061081311,3039
0.061083935,3038
0.061086627,3037
0.061090191,3036
0.061095795,3035
0.061099148,3034
0.061103195,3033
0.061105784,3032
0.061108356,3031
0.061110498,3030
0.061113154,3029
0.061115857,3028
0.061119592,3027
0.061123526,3026
0.06112592,3025
0.061128193,3024
0.061131246,3023
0.061133901,3022
0.061136569,3021
0.061139129,3020
0.061143348,3019
0.061145745,3018
0.061149643,3017
0.061153313,3016
0.061157214,3015
0.061161245,3014
0.06116842,3013
0.061170972,3012
0.061175912,3011
0.061178479,3010
0.06118231,3009
0.061185076,3008
0.061188611,3007
0.061192058,3006
0.061194515,3005
0.061197186,3004
0.061201762,3003
0.061205295,3002
0.061208199,3001
0.061215829,3000
0.061218883,2999
0.061221731,2998
0.061226542,2997
0.061229165,2996
0.061234674,2995
0.061239303,2994
0.061245387,2993
0.061249041,2992
0.061254251,2991
0.061260266,2990
0.061263918,2989
0.061268692,2988
0.061272112,2987
0.061276015,2986
0.061278864,2985
0.061284259,2984
0.0612873,2983
0.061291661,2982
0.061294419,2981
0.06129747,2980
0.061300471,2979
0.061303722,2978
0.061306529,2977
0.061309471,2976
0.061312512,2975
0.061319087,2974
0.06132239,2973
0.06132574,2972
0.061330176,2971
0.061337389,2970
0.061344034,2969
0.061346595,2968
0.061350467,2967
0.061353436,2966
0.06135696,2965
0.061361202,2964
0.061365237,2963
0.061368293,2962
0.061372048,2961
0.061376058,2960
0.061379274,2959
0.061384133,2958
0.061393152,2957
0.06139658,2956
0.061405039,2955
0.061407996,2954
0.061412918,2953
0.061415726,2952
0.061420021,2951
0.061423366,2950
0.061426286,2949
0.061432419,2948
0.061435777,2947
0.061439176,2946
0.061441699,2945
0.06144463,2944
0.061459149,2943
0.061464227,2942
0.061467871,2941
0.0614713,2940
0.061475768,2939
0.061479361,2938
0.061482862,2937
0.061491565,2936
0.061494917,2935
0.061500971,2934
0.061510925,2933
0.061514177,2932
0.061517382,2931
0.061520834,2930
0.061523886,2929
0.061527285,2928
0.061530394,2927
0.061532752,2926
0.061535025,2925
0.061537622,2924
0.061541363,2923
0.061544003,2922
0.061547322,2921
0.061549936,2920
0.061553218,2919
0.061556109,2918
0.061559583,2917
0.061566673,2916
0.061569864,2915
0.061573704,2914
0.061622731,2913
0.061628566,2912
0.061639779,2911
0.061644356,2910
0.061647408,2909
0.061651681,2908
0.061681251,2907
0.061686354,2906
0.061688823,2905
0.061691622,2904
0.061694259,2903
0.061696892,2902
0.061699524,2901
0.061702176,2900
0.061707119,2899
0.061713725,2898
0.061717379,2897
0.061720835,2896
0.061725482,2895
0.061728143,2894
0.06173087,2893
0.061733432,2892
0.061737752,2891
0.061739953,2890
0.061744247,2889
0.061746732,2888
0.061749785,2887
0.061753123,2886
0.061755823,2885
0.061762245,2884
0.061764771,2883
0.061768919,2882
0.061771244,2881
0.061774503,2880
0.061780972,2879
0.061785642,2878
0.061788809,2877
0.061792263,2876
0.061796393,2875
0.06179901,2874
0.061801152,2873
0.061806326,2872
0.061809172,2871
0.061811552,2870
0.061815391,2869
0.061819312,2868
0.061821902,2867
0.061825903,2866
0.061829414,2865
0.061832593,2864
0.061837473,2863
0.061839691,2862
0.061844424,2861
0.061847214,2860
0.061849731,2859
0.061855982,2858
0.061859898,2857
0.061862937,2856
0.061866148,2855
0.061873228,2854
0.061876005,2853
0.061878826,2852
0.061881269,2851
0.061885204,2850
0.061888104,2849
0.06189276,2848
0.061897092,2847
0.061899961,2846
0.061904294,2845
0.061908219,2844
0.061912328,2843
0.061916328,2842
0.061919068,2841
0.061922698,2840
0.061928225,2839
0.061930698,2838
0.061941252,2837
0.06194418,2836
0.061946741,2835
0.061949235,2834
0.061952813,2833
0.061959009,2832
0.061961743,2831
0.06196538,2830
0.061972567,2829
0.061981191,2828
0.061987023,2827
0.061991193,2826
0.061998561,2825
0.06200504,2824
0.06201034,2823
0.062014448,2822
0.062017553,2821
0.062022199,2820
0.062031884,2819
0.062037391,2818
0.062060751,2817
0.062063996,2816
0.062068063,2815
0.062071197,2814
0.062076582,2813
0.062082468,2812
0.062085261,2811
0.062089309,2810
0.062092545,2809
0.06209481,2808
0.062100622,2807
0.062103043,2806
0.06210723,2805
0.062110498,2804
0.062112841,2803
0.062116196,2802
0.062120087,2801
0.062125983,2800
0.062138214,2799
0.062141663,2798
0.062147958,2797
0.062150974,2796
0.062156381,2795
0.062161186,2794
0.062205804,2793
0.062209257,2792
0.062213174,2791
0.062216512,2790
0.062219888,2789
0.062225894,2788
0.062229541,2787
0.062236275,2786
0.062241062,2785
0.062244562,2784
0.062248818,2783
0.062288057,2782
0.062292403,2781
0.062295986,2780
0.062299974,2779
0.062303243,2778
0.062306515,2777
0.062309816,2776
0.062315766,2775
0.062319237,2774
0.062324455,2773
0.06232855,2772
0.062331701,2771
0.06233686,2770
0.062348078,2769
0.063252498,2768
0.063257648,2767
0.063261916,2766
0.063266002,2765
0.063271173,2764
0.063278081,2763
0.063285009,2762
0.063288131,2761
0.063291484,2760
0.063294113,2759
0.06329759,2758
0.063300179,2757
0.063302643,2756
0.063305868,2755
0.063309455,2754
0.063312417,2753
0.063315381,2752
0.063318693,2751
0.063321332,2750
0.063324723,2749
0.06332963,2748
0.063362654,2747
0.063366858,2746
0.0633738,2745
0.063377366,2744
0.063385308,2743
0.063389621,2742
0.063395883,2741
0.06340112,2740
0.063404555,2739
0.063409782,2738
0.063415802,2737
0.063419419,2736
0.063423833,2735
0.06342657,2734
0.06343134,2733
0.063434771,2732
0.063439564,2731
0.063442027,2730
0.063445719,2729
0.063448002,2728
0.063451432,2727
0.063455475,2726
0.063458467,2725
0.063461401,2724
0.063465321,2723
0.063471247,2722
0.063475524,2721
0.063478074,2720
0.063480407,2719
0.063484579,2718
0.063489232,2717
0.063491886,2716
0.063494172,2715
0.063498199,2714
0.063502629,2713
0.063505018,2712
0.063507652,2711
0.063511044,2710
0.063515069,2709
0.063518095,2708
0.063524127,2707
0.063526487,2706
0.063528813,2705
0.063533057,2704
0.06353689,2703
0.063543021,2702
0.063547552,2701
0.063549975,2700
0.063553383,2699
0.06355678,2698
0.06355905,2697
0.063564432,2696
0.063567664,2695
0.063570376,2694
0.063574208,2693
0.063583369,2692
0.063586892,2691
0.063590974,2690
0.063595287,2689
0.063598018,2688
0.063602625,2687
0.063607907,2686
0.063610857,2685
0.063614316,2684
0.063617219,2683
0.063622652,2682
0.063625634,2681
0.063628133,2680
0.063631959,2679
0.063636271,2678
0.063640519,2677
0.063644592,2676
0.063647077,2675
0.063650657,2674
0.063653476,2673
0.063661029,2672
0.063666948,2671
0.063670959,2670
0.063674167,2669
0.063679461,2668
0.063683358,2667
0.063689916,2666
0.063714999,2665
0.063719496,2664
0.06372322,2663
0.063729666,2662
0.063733615,2661
0.063737286,2660
0.063741332,2659
0.063923293,2658
0.063927118,2657
0.06394929,2656
0.063957697,2655
0.063962023,2654
0.063966804,2653
0.063972116,2652
0.063996909,2651
0.064002191,2650
0.064007652,2649
0.06401162,2648
0.064024179,2647
0.064056369,2646
0.064061641,2645
0.064082936,2644
0.064095216,2643
0.064099118,2642
0.064103209,2641
0.064108391,2640
0.06411211,2639
0.064116204,2638
0.064121665,2637
0.064128215,2636
0.064137416,2635
0.06414077,2634
0.064145136,2633
0.064150422,2632
0.064154896,2631
0.064157515,2630
0.064161238,2629
0.06416863,2628
0.06417119,2627
0.064173593,2626
0.064176115,2625
0.064179151,2624
0.064181553,2623
0.064184043,2622
0.064186287,2621
0.064188674,2620
0.064192344,2619
0.064195785,2618
0.064198522,2617
0.064200756,2616
0.064203969,2615
0.064207157,2614
0.064213945,2613
0.064218137,2612
0.064220574,2611
0.064223749,2610
0.064227049,2609
0.064230646,2608
0.064233103,2607
0.06423554,2606
0.064241425,2605
0.064244155,2604
0.064246914,2603
0.064250383,2602
0.064254051,2601
0.064257479,2600
0.064265825,2599
0.064268495,2598
0.064274,2597
0.064278818,2596
0.064281865,2595
0.064284312,2594
0.064287053,2593
0.064300091,2592
0.064304126,2591
0.064346966,2590
0.064351924,2589
0.064356758,2588
0.064360607,2587
0.064364122,2586
0.064368961,2585
0.06437282,2584
0.064377726,2583
0.064380696,2582
0.064384886,2581
0.064388189,2580
0.0643924,2579
0.06439983,2578
0.064405564,2577
0.064408654,2576
0.064411583,2575
0.064416025,2574
0.064422215,2573
0.064427343,2572
0.064431458,2571
0.064437151,2570
0.064483136,2569
0.064488919,2568
0.064501879,2567
0.064512099,2566
0.064527593,2565
0.064530368,2564
0.064534097,2563
0.064536711,2562
0.064539661,2561
0.064543456,2560
0.064549618,2559
0.064572654,2558
0.064584185,2557
0.064591734,2556
0.064595207,2555
0.064598645,2554
0.064602347,2553
0.064605074,2552
0.064608465,2551
0.064618813,2550
0.064621996,2549
0.064628637,2548
0.064632475,2547
0.064663754,2546
0.064667479,2545
0.064673665,2544
0.064676817,2543
0.06468478,2542
0.064688164,2541
0.064693437,2540
0.064698376,2539
0.064731297,2538
0.064734805,2537
0.06474194,2536
0.064750413,2535
0.06475428,2534
0.064757534,2533
0.064762907,2532
0.064767327,2531
0.064770595,2530
0.064777252,2529
0.0647889,2528
0.064792636,2527
0.06479596,2526
0.064800401,2525
0.064804334,2524
0.06480824,2523
0.06481095,2522
0.064815139,2521
0.064826328,2520
0.064830597,2519
0.064836893,2518
0.065632814,2517
0.065670916,2516
0.065675559,2515
0.065680748,2514
0.065683759,2513
0.065688116,2512
0.065690929,2511
0.065697905,2510
0.065703173,2509
0.06571206,2508
0.065741934,2507
0.065747794,2506
0.065752789,2505
0.065769372,2504
0.065774868,2503
0.065783205,2502
0.065789002,2501
0.065792358,2500
0.065796853,2499
0.065802486,2498
0.065806046,2497
0.065812447,2496
0.065817267,2495
0.065830032,2494
0.065838416,2493
0.065847566,2492
0.065855622,2491
0.065858925,2490
0.065863297,2489
0.065874453,2488
0.065878975,2487
0.065886823,2486
0.065895866,2485
0.065902668,2484
0.065911699,2483
0.065920573,2482
0.065930801,2481
0.065933874,2480
0.065936917,2479
0.065941242,2478
0.065949866,2477
0.065954479,2476
0.065997342,2475
0.066021666,2474
0.066025201,2473
0.066028525,2472
0.066033414,2471
0.066043395,2470
0.066048122,2469
0.06605135,2468
0.066055173,2467
0.06606243,2466
0.066075562,2465
0.066083863,2464
0.066086336,2463
0.066092555,2462
0.066097833,2461
0.066103732,2460
0.066106484,2459
0.066110298,2458
0.066115615,2457
0.066127393,2456
0.066196523,2455
0.066207016,2454
0.066210961,2453
0.066218346,2452
0.066225084,2451
0.066232217,2450
0.066236036,2449
0.066243475,2448
0.066252724,2447
0.066257545,2446
0.066261329,2445
0.066268848,2444
0.066272715,2443
0.066279699,2442
0.066284404,2441
0.066288665,2440
0.066297924,2439
0.066301618,2438
0.066305785,2437
0.066347716,2436
0.066355961,2435
0.066359732,2434
0.066366221,2433
0.066372218,2432
0.066434786,2431
0.066441332,2430
0.066479171,2429
0.066494644,2428
0.066538558,2427
0.066579258,2426
0.066638354,2425
0.066645161,2424
0.066651452,2423
0.06666029,2422
0.066697121,2421
0.066711867,2420
0.066718976,2419
0.066723135,2418
0.066727572,2417
0.066731418,2416
0.066740692,2415
0.066744598,2414
0.066747404,2413
0.066758067,2412
0.066768597,2411
0.06677231,2410
0.066776224,2409
0.06678259,2408
0.06678715,2407
0.066791433,2406
0.066795242,2405
0.066799713,2404
0.06680558,2403
0.06681105,2402
0.066817735,2401
0.066820428,2400
0.066823349,2399
0.066832819,2398
0.066839943,2397
0.066842883,2396
0.066847652,2395
0.066853659,2394
0.066876592,2393
0.066880536,2392
0.066885372,2391
0.06689332,2390
0.066898292,2389
0.066904416,2388
0.066908162,2387
0.066910773,2386
0.066916012,2385
0.066932266,2384
0.066938464,2383
0.066941379,2382
0.06696391,2381
0.066973873,2380
0.06701155,2379
0.067014667,2378
0.067029793,2377
0.06703248,2376
0.067036918,2375
0.067042143,2374
0.067053061,2373
0.067062163,2372
0.067065475,2371
0.067072581,2370
0.067076063,2369
0.067107584,2368
0.06712399,2367
0.06713868,2366
0.067149714,2365
0.067153928,2364
0.067157851,2363
0.067162639,2362
0.067166019,2361
0.067209473,2360
0.067232435,2359
0.067238646,2358
0.06724749,2357
0.067251461,2356
0.067272697,2355
0.067338597,2354
0.06734126,2353
0.067347199,2352
0.067370193,2351
0.067377196,2350
0.067404799,2349
0.067410847,2348
0.067438515,2347
0.067459861,2346
0.06747064,2345
0.067499575,2344
0.067509355,2343
0.067530224,2342
0.067553499,2341
0.067607734,2340
0.067698924,2339
0.067703985,2338
0.067736084,2337
0.067743167,2336
0.067745622,2335
0.068020478,2334
0.068094657,2333
0.068102152,2332
0.068128507,2331
0.06813153,2330
0.068137404,2329
0.068141721,2328
0.068147103,2327
0.068156109,2326
0.068202637,2325
0.068218145,2324
0.068223989,2323
0.06822826,2322
0.068272243,2321
0.068286511,2320
0.068301949,2319
0.068310064,2318
0.068321438,2317
0.068331986,2316
0.068336138,2315
0.068354903,2314
0.068386346,2313
0.068392977,2312
0.068400354,2311
0.068447474,2310
0.068454054,2309
0.068463275,2308
0.068468747,2307
0.06848252,2306
0.068491033,2305
0.068507172,2304
0.068652897,2303
0.06872034,2302
0.06873934,2301
0.068789423,2300
0.068812246,2299
0.068815242,2298
0.068878409,2297
0.068920118,2296
0.068928208,2295
0.068959936,2294
0.069105311,2293
0.069110815,2292
0.06919731,2291
0.069268901,2290
0.069363267,2289
0.069454521,2288
0.069540864,2287
