0.090769152,3669
0.091543286,3668
0.091595123,3667
0.091673022,3666
0.091811094,3665
0.091881246,3664
0.091939262,3663
0.091980963,3662
0.091991068,3661
0.092000631,3660
0.092164598,3659
0.092174863,3658
0.092184289,3657
0.092192528,3656
0.092208942,3655
0.092340722,3654
0.092355624,3653
0.092365995,3652
0.092389728,3651
0.092403173,3650
0.092421121,3649
0.092444082,3648
0.092495988,3647
0.092509877,3646
0.092555927,3645
0.092569781,3644
0.092598539,3643
0.092622033,3642
0.092684462,3641
0.092765345,3640
0.092807581,3639
0.092837222,3638
0.09285686,3637
0.092873886,3636
0.094229623,3635
0.094242206,3634
0.094250349,3633
0.094260754,3632
0.094271257,3631
0.094280325,3630
0.09428804,3629
0.094295739,3628
0.094341586,3627
0.09435208,3626
0.094362305,3625
0.094379547,3624
0.094387012,3623
0.094394031,3622
0.094401092,3621
0.094408781,3620
0.094417122,3619
0.094430382,3618
0.094887859,3617
0.09490294,3616
0.094911558,3615
0.094953174,3614
0.094960741,3613
0.094978672,3612
0.094990101,3611
0.09500043,3610
0.09501191,3609
0.095020702,3608
0.095028808,3607
0.095037967,3606
0.095054623,3605
0.095064527,3604
0.095088951,3603
0.095139213,3602
0.095152919,3601
0.095163364,3600
0.095177335,3599
0.095231794,3598
0.095258823,3597
0.095302352,3596
0.095351602,3595
0.095360962,3594
0.095385936,3593
0.095401961,3592
0.095412556,3591
0.095421758,3590
0.095431688,3589
0.095466481,3588
0.095475194,3587
0.095484796,3586
0.095491953,3585
0.095500347,3584
0.095509268,3583
0.095517129,3582
0.095526082,3581
0.095533993,3580
0.095561257,3579
0.095580466,3578
0.095589012,3577
0.09559772,3576
0.101689096,3575
0.101704298,3574
0.104019827,3573
0.104033917,3572
0.10404245,3571
0.104050074,3570
0.104058344,3569
0.104066333,3568
0.104073595,3567
0.104081424,3566
0.104117542,3565
0.104409417,3564
0.104423811,3563
0.104465121,3562
0.162571315,3561
0.162613055,3560
0.162646118,3559
0.162711492,3558
0.162739471,3557
0.162763678,3556
0.16279958,3555
0.162861533,3554
0.162934108,3553
0.163100029,3552
0.163163127,3551
0.163185564,3550
0.163287997,3549
0.163826342,3548
0.164099267,3547
0.164167234,3546
0.164213359,3545
0.164274186,3544
0.164327268,3543
0.164548565,3542
0.164561533,3541
0.164571902,3540
0.164586848,3539
0.165332526,3538
0.165344063,3537
0.165360369,3536
0.165366883,3535
0.165379328,3534
0.165416382,3533
0.165421973,3532
0.165427075,3531
0.165432319,3530
0.165437587,3529
0.165442585,3528
0.165448333,3527
0.165453648,3526
0.165458925,3525
0.165463909,3524
0.165468886,3523
0.165475246,3522
0.165480535,3521
0.165486378,3520
0.165491635,3519
0.165496688,3518
0.165501241,3517
0.165506866,3516
0.165511739,3515
0.165516574,3514
0.165521492,3513
0.165530184,3512
0.16553504,3511
0.165540036,3510
0.165545149,3509
0.165549796,3508
0.165554736,3507
0.165559365,3506
0.165564888,3505
0.165569851,3504
0.165574314,3503
0.165579386,3502
0.165584653,3501
0.165590128,3500
0.165596067,3499
0.165629363,3498
0.165635418,3497
0.165640765,3496
0.165646567,3495
0.165651474,3494
0.165656862,3493
0.165662471,3492
0.165667572,3491
0.165672549,3490
0.165684617,3489
0.165699514,3488
0.165707429,3487
0.165714107,3486
0.1657239,3485
0.165738421,3484
0.165744828,3483
0.165751139,3482
0.165809002,3481
0.165816792,3480
0.16582278,3479
0.165827894,3478
0.165839822,3477
0.174849653,3476
0.174863083,3475
0.174903048,3474
0.17491311,3473
0.174929797,3472
0.174944599,3471
0.174960267,3470
0.174968681,3469
0.17497809,3468
0.174989903,3467
0.174996742,3466
0.175001952,3465
0.175006415,3464
0.175011177,3463
0.175016263,3462
0.175021447,3461
0.175026306,3460
0.17503551,3459
0.175040331,3458
0.175045714,3457
0.175050231,3456
0.175054617,3455
0.175059239,3454
0.175064199,3453
0.175069442,3452
0.175074012,3451
0.175078887,3450
0.175083502,3449
0.175089073,3448
0.175101538,3447
0.175108318,3446
0.175139823,3445
0.175145624,3444
0.175151012,3443
0.175156326,3442
0.175161301,3441
0.175167498,3440
0.175173658,3439
0.1751802,3438
0.175186031,3437
0.175194663,3436
0.175240684,3435
0.175248216,3434
0.175254914,3433
0.175265924,3432
0.175271548,3431
0.175277669,3430
0.175323273,3429
0.175358001,3428
0.175376649,3427
0.175385234,3426
0.17542811,3425
0.175436532,3424
0.175442037,3423
0.175448184,3422
0.175456521,3421
0.175461724,3420
0.175495817,3419
0.17550098,3418
0.175506628,3417
0.175517083,3416
0.175549257,3415
0.175590347,3414
0.175602336,3413
0.175607148,3412
0.175612117,3411
0.175617119,3410
0.175621779,3409
0.175626383,3408
0.175638157,3407
0.175644039,3406
0.175649995,3405
0.175654883,3404
0.175659866,3403
0.175665838,3402
0.175670085,3401
0.175675187,3400
0.175680067,3399
0.175972473,3398
0.175983502,3397
0.175989468,3396
0.176001558,3395
0.176006345,3394
0.176011958,3393
0.176016868,3392
0.176021355,3391
0.176025652,3390
0.176030321,3389
0.176034874,3388
0.176040054,3387
0.17605071,3386
0.176058934,3385
0.176066264,3384
0.176071546,3383
0.176076894,3382
0.176081713,3381
0.176086285,3380
0.176091316,3379
0.176095827,3378
0.176099993,3377
0.176104215,3376
0.176109063,3375
0.176113036,3374
0.176117811,3373
0.176122255,3372
0.176127223,3371
0.176133481,3370
0.176149973,3369
0.176202499,3368
0.176209976,3367
0.176281525,3366
0.176330474,3365
0.176336339,3364
0.176343695,3363
0.176349884,3362
0.176421028,3361
0.176430067,3360
0.176439911,3359
0.176507122,3358
0.176513419,3357
0.176519076,3356
0.176524383,3355
0.176529683,3354
0.17655274,3353
0.176589026,3352
0.176593873,3351
0.176599431,3350
0.176605176,3349
0.176615568,3348
0.176620484,3347
0.176625807,3346
0.176631571,3345
0.176636346,3344
0.176641149,3343
0.17664914,3342
0.17665467,3341
0.176659444,3340
0.176663758,3339
0.176668299,3338
0.176672516,3337
0.176676084,3336
0.176680328,3335
0.176684265,3334
0.176688133,3333
0.176692525,3332
0.176700577,3331
0.176704778,3330
0.176708513,3329
0.176712547,3328
0.176716988,3327
0.176721535,3326
0.176725968,3325
0.17673071,3324
0.176735623,3323
0.176740168,3322
0.176744715,3321
0.176749363,3320
0.176753494,3319
0.176757899,3318
0.17676218,3317
0.176767494,3316
0.176772381,3315
0.176777386,3314
0.176789826,3313
0.1767949,3312
0.176799738,3311
0.17680489,3310
0.176811604,3309
0.176816516,3308
0.176821611,3307
0.176827576,3306
0.176837791,3305
0.176842739,3304
0.176847897,3303
0.176853124,3302
0.176858962,3301
0.176864198,3300
0.176870497,3299
0.176877067,3298
0.176885111,3297
0.176890429,3296
0.176894878,3295
0.176899418,3294
0.176904026,3293
0.176908265,3292
0.176912569,3291
0.17691704,3290
0.176921199,3289
0.176925675,3288
0.176936806,3287
0.17695639,3286
0.176996192,3285
0.177007695,3284
0.177043234,3283
0.177093155,3282
0.177096632,3281
0.177100013,3280
0.177103168,3279
0.177111007,3278
0.177153132,3277
0.177157531,3276
0.17716135,3275
0.17716496,3274
0.177169016,3273
0.177172946,3272
0.177176201,3271
0.177179904,3270
0.177182759,3269
0.177185892,3268
0.177189128,3267
0.177192365,3266
0.177195525,3265
0.177198872,3264
0.177205715,3263
0.177210443,3262
0.177214783,3261
0.177225526,3260
0.177235727,3259
0.177239666,3258
0.177243162,3257
0.177246829,3256
0.177250117,3255
0.177253849,3254
0.177258144,3253
0.177261952,3252
0.177266878,3251
0.177271681,3250
0.177278542,3249
0.177290341,3248
0.177294107,3247
0.177297644,3246
0.17730117,3245
0.177304545,3244
0.177308313,3243
0.177311812,3242
0.177314983,3241
0.17731902,3240
0.177331714,3239
0.177335873,3238
0.177339635,3237
0.1773434,3236
0.177347173,3235
0.177350628,3234
0.177354172,3233
0.17735807,3232
0.177361439,3231
0.177364381,3230
0.177367179,3229
0.177370269,3228
0.177373228,3227
0.177376356,3226
0.177379741,3225
0.177382983,3224
0.177386061,3223
0.177389111,3222
0.177392459,3221
0.177395743,3220
0.177399025,3219
0.177645721,3218
0.177649969,3217
0.177652884,3216
0.177656334,3215
0.177659521,3214
0.177663148,3213
0.177666301,3212
0.177669164,3211
0.177672442,3210
0.177675535,3209
0.177678553,3208
0.177681324,3207
0.177702445,3206
0.177710707,3205
0.177714533,3204
0.177718122,3203
0.177721442,3202
0.177730442,3201
0.177738006,3200
0.177750323,3199
0.177754045,3198
0.177757996,3197
0.177770508,3196
0.177777607,3195
0.177782979,3194
0.177825223,3193
0.177865072,3192
0.177904368,3191
0.177941349,3190
0.17829791,3189
0.17830276,3188
0.178307772,3187
0.178344067,3186
0.178348288,3185
0.178352346,3184
0.178356974,3183
0.178391633,3182
0.178395712,3181
0.178400349,3180
0.178437544,3179
0.178441006,3178
0.178444515,3177
0.17844853,3176
0.178460698,3175
0.178464195,3174
0.1784678,3173
0.178471311,3172
0.178475144,3171
0.178479086,3170
0.178482826,3169
0.178486639,3168
0.178490089,3167
0.17849352,3166
0.178497216,3165
0.178500913,3164
0.17850488,3163
0.178508554,3162
0.178511756,3161
0.178515377,3160
0.178518965,3159
0.17852231,3158
0.178575939,3157
0.179632403,3156
0.179718554,3155
0.179722105,3154
0.1797255,3153
0.1797295,3152
0.179732588,3151
0.17973607,3150
0.183161448,3149
0.183167687,3148
0.183174304,3147
0.183177833,3146
0.183183549,3145
0.18318902,3144
0.183193455,3143
0.183197766,3142
0.183201721,3141
0.183207898,3140
0.183212338,3139
0.183221681,3138
0.183225849,3137
0.183229968,3136
0.183233971,3135
0.183240064,3134
0.183244991,3133
0.183249762,3132
0.183253488,3131
0.183261173,3130
0.183265213,3129
0.183268988,3128
0.183275277,3127
0.183301059,3126
0.183305205,3125
0.183309707,3124
0.183314279,3123
0.183318009,3122
0.183322174,3121
0.183335519,3120
0.183344656,3119
0.18415031,3118
0.184158808,3117
0.184166542,3116
0.184172472,3115
0.184178291,3114
0.18418428,3113
0.184189724,3112
0.18420195,3111
0.18420981,3110
0.184213951,3109
0.184219857,3108
0.18422355,3107
0.184227821,3106
0.184258364,3105
0.184263521,3104
0.184274621,3103
0.184279311,3102
0.184283908,3101
0.184288212,3100
0.184294875,3099
0.184299556,3098
0.184306222,3097
0.184312498,3096
0.18431752,3095
0.18432226,3094
0.184327973,3093
0.184334523,3092
0.184339887,3091
0.184343482,3090
0.184348932,3089
0.184354495,3088
0.184358343,3087
0.184362086,3086
0.184367908,3085
0.184371495,3084
0.184375341,3083
0.184382209,3082
0.184386021,3081
0.184389456,3080
0.184393198,3079
0.184396657,3078
0.184400864,3077
0.184409164,3076
0.184413464,3075
0.184417874,3074
0.184422512,3073
0.184427127,3072
0.18443198,3071
0.1844362,3070
0.184443983,3069
0.18445038,3068
0.184489361,3067
0.184496244,3066
0.184527597,3065
0.184533453,3064
0.184538421,3063
0.184544624,3062
0.184578424,3061
0.184582721,3060
0.184587916,3059
0.184595143,3058
0.184599247,3057
0.184603523,3056
0.184609722,3055
0.184613695,3054
0.184617724,3053
0.184621883,3052
0.184638113,3051
0.184643818,3050
0.184648917,3049
0.184654065,3048
0.18466319,3047
0.18466882,3046
0.18467384,3045
0.184684085,3044
0.18494052,3043
0.184946203,3042
0.184955228,3041
0.184964107,3040
0.184969678,3039
0.184974924,3038
0.184979581,3037
0.18498555,3036
0.184993242,3035
0.185029175,3034
0.185040328,3033
0.185047105,3032
0.185052769,3031
0.185641307,3030
0.185652147,3029
0.185668323,3028
0.185672227,3027
0.185681796,3026
0.185686173,3025
0.185694144,3024
0.185706261,3023
0.185713873,3022
0.185718696,3021
0.185722817,3020
0.185728009,3019
0.185732377,3018
0.185737795,3017
0.185757199,3016
0.185775101,3015
0.185778945,3014
0.186031627,3013
0.18603656,3012
0.186040548,3011
0.18604516,3010
0.186054903,3009
0.186109215,3008
0.186118307,3007
0.186123236,3006
0.186135562,3005
0.18614698,3004
0.186153893,3003
0.186160915,3002
0.18616532,3001
0.186172038,3000
0.186179356,2999
0.186188535,2998
0.186193125,2997
0.186201598,2996
0.186206116,2995
0.186211315,2994
0.186222755,2993
0.186233186,2992
0.186245712,2991
0.186250916,2990
0.186255148,2989
0.186261775,2988
0.186265845,2987
0.186270168,2986
0.186274281,2985
0.186278333,2984
0.186282489,2983
0.186288162,2982
0.186293707,2981
0.186300749,2980
0.186304126,2979
0.186308049,2978
0.186316731,2977
0.186321222,2976
0.186325441,2975
0.186329203,2974
0.186333346,2973
0.186337216,2972
0.186340917,2971
0.18634907,2970
0.186352872,2969
0.186357959,2968
0.186363493,2967
0.186367577,2966
0.186371138,2965
0.186376763,2964
0.186380192,2963
0.186387464,2962
0.186390959,2961
0.186395264,2960
0.18639879,2959
0.186404952,2958
0.186447054,2957
0.186452386,2956
0.186455834,2955
0.186459816,2954
0.186464273,2953
0.186476408,2952
0.186479944,2951
0.186485014,2950
0.186489467,2949
0.186498368,2948
0.186506222,2947
0.186513819,2946
0.186518104,2945
0.186523413,2944
0.186527653,2943
0.186537818,2942
0.186541426,2941
0.186552862,2940
0.186558341,2939
0.186565159,2938
0.186570632,2937
0.186578956,2936
0.186586667,2935
0.186597711,2934
0.186601945,2933
0.186607942,2932
0.186613967,2931
0.186679648,2930
0.186685995,2929
0.186690727,2928
0.186695603,2927
0.186707531,2926
0.186713091,2925
0.186717298,2924
0.18672159,2923
0.186725188,2922
0.186729027,2921
0.186732967,2920
0.186737391,2919
0.186742,2918
0.186747629,2917
0.186756842,2916
0.18676103,2915
0.186767339,2914
0.186772152,2913
0.186777711,2912
0.186781536,2911
0.186785885,2910
0.186793227,2909
0.186804552,2908
0.186808677,2907
0.186815934,2906
0.186822989,2905
0.186827777,2904
0.186894564,2903
0.186900471,2902
0.186914814,2901
0.186919379,2900
0.186928579,2899
0.186933907,2898
0.186937917,2897
0.186952976,2896
0.186959832,2895
0.186964964,2894
0.18696982,2893
0.18697503,2892
0.186982009,2891
0.186991127,2890
0.187006359,2889
0.187010574,2888
0.187017759,2887
0.18702271,2886
0.187027837,2885
0.18703101,2884
0.187035282,2883
0.187039508,2882
0.187043671,2881
0.187048253,2880
0.187055202,2879
0.187058886,2878
0.187062263,2877
0.18706757,2876
0.187070861,2875
0.1870742,2874
0.187077351,2873
0.187081348,2872
0.187084875,2871
0.18709176,2870
0.187096528,2869
0.187100127,2868
0.187104732,2867
0.187123532,2866
0.187128074,2865
0.187132322,2864
0.187148974,2863
0.187155093,2862
0.18716109,2861
0.187172263,2860
0.187180385,2859
0.187184997,2858
0.18718974,2857
0.187195614,2856
0.187201233,2855
0.187205762,2854
0.187210858,2853
0.187217273,2852
0.187221506,2851
0.18722725,2850
0.187235662,2849
0.187309882,2848
0.187315125,2847
0.187319705,2846
0.18732467,2845
0.187330193,2844
0.187335425,2843
0.187340189,2842
0.187347558,2841
0.187360218,2840
0.187423543,2839
0.18742896,2838
0.187433135,2837
0.187437251,2836
0.187443389,2835
0.187447217,2834
0.187451392,2833
0.187454974,2832
0.187458625,2831
0.187464545,2830
0.187469085,2829
0.187473459,2828
0.187485548,2827
0.187500312,2826
0.187504167,2825
0.187509106,2824
0.187518388,2823
0.187523924,2822
0.187538743,2821
0.187545397,2820
0.187549605,2819
0.187556863,2818
0.187563308,2817
0.187571298,2816
0.187577679,2815
0.187582168,2814
0.187585706,2813
0.187590174,2812
0.187597815,2811
0.18761091,2810
0.187644469,2809
0.187656476,2808
0.187663226,2807
0.1876739,2806
0.187678748,2805
0.187686098,2804
0.187694475,2803
0.187703882,2802
0.187708123,2801
0.187713083,2800
0.187732247,2799
0.187738318,2798
0.187742659,2797
0.187746127,2796
0.187749787,2795
0.187753902,2794
0.187757161,2793
0.187761843,2792
0.187774825,2791
0.187784476,2790
0.187794369,2789
0.187797424,2788
0.187899447,2787
0.187930532,2786
0.187967221,2785
0.187971015,2784
0.18797983,2783
0.187984342,2782
0.187988562,2781
0.187992352,2780
0.187997589,2779
0.188004989,2778
0.188013201,2777
0.188019932,2776
0.188023109,2775
0.188028628,2774
0.188032837,2773
0.188038887,2772
0.188051362,2771
0.188064133,2770
0.188152839,2769
0.188158222,2768
0.188168038,2767
0.18817407,2766
0.188181794,2765
0.188187522,2764
0.188196368,2763
0.188209979,2762
0.188239601,2761
0.188328204,2760
0.188333003,2759
0.188337138,2758
0.188340614,2757
0.188343607,2756
0.188362913,2755
0.188366148,2754
0.188372245,2753
0.188375446,2752
0.188383811,2751
0.188388003,2750
0.188391575,2749
0.18839653,2748
0.188399795,2747
0.188403164,2746
0.18841346,2745
0.188416578,2744
0.188422223,2743
0.188426567,2742
0.188433467,2741
0.18844417,2740
0.188447445,2739
0.18845086,2738
0.188455219,2737
0.188459765,2736
0.18849696,2735
0.188502235,2734
0.188506841,2733
0.188512474,2732
0.188517941,2731
0.188524022,2730
0.188528353,2729
0.188531286,2728
0.188543289,2727
0.188548507,2726
0.188555505,2725
0.188561109,2724
0.188565481,2723
0.188569568,2722
0.188584262,2721
0.188589703,2720
0.188594544,2719
0.188598939,2718
0.188602564,2717
0.188609353,2716
0.188621528,2715
0.188627066,2714
0.188631207,2713
0.188634887,2712
0.188644664,2711
0.188934869,2710
0.188942498,2709
0.188974724,2708
0.188982604,2707
0.188990452,2706
0.188996185,2705
0.189001845,2704
0.189006742,2703
0.189011712,2702
0.189015827,2701
0.189019864,2700
0.189028283,2699
0.189040333,2698
0.189045302,2697
0.189053312,2696
0.189058608,2695
0.189062103,2694
0.189065221,2693
0.189068545,2692
0.1890798,2691
0.189084412,2690
0.189093467,2689
0.189099107,2688
0.18910444,2687
0.189111653,2686
0.189116165,2685
0.189120322,2684
0.189123897,2683
0.189130098,2682
0.189133561,2681
0.189137536,2680
0.18914202,2679
0.18914573,2678
0.189156291,2677
0.189159577,2676
0.189165551,2675
0.189169076,2674
0.189173188,2673
0.189177087,2672
0.189182888,2671
0.18918676,2670
0.18919028,2669
0.189200605,2668
0.189204587,2667
0.189211262,2666
0.189215247,2665
0.189219015,2664
0.189224674,2663
0.189229285,2662
0.189234324,2661
0.189240596,2660
0.189243884,2659
0.189246763,2658
0.189253428,2657
0.189256336,2656
0.189267207,2655
0.189272284,2654
0.189276827,2653
0.18928189,2652
0.18928539,2651
0.189290331,2650
0.189306759,2649
0.189310507,2648
0.189313901,2647
0.189318302,2646
0.189336154,2645
0.189343743,2644
0.189350485,2643
0.189355242,2642
0.189360639,2641
0.189366925,2640
0.189385124,2639
0.189391183,2638
0.189394853,2637
0.189398229,2636
0.189402995,2635
0.189406472,2634
0.189410531,2633
0.189413999,2632
0.189419609,2631
0.189424182,2630
0.189429484,2629
0.189440785,2628
0.189453083,2627
0.18945676,2626
0.18946272,2625
0.189465325,2624
0.189467858,2623
0.189474658,2622
0.189487389,2621
0.189491836,2620
0.18949723,2619
0.189510077,2618
0.189513552,2617
0.189533178,2616
0.18953645,2615
0.189539691,2614
0.189545329,2613
0.189548699,2612
0.189561657,2611
0.189565137,2610
0.189568619,2609
0.189572823,2608
0.189579075,2607
0.189591104,2606
0.189595313,2605
0.189600178,2604
0.189616419,2603
0.189631672,2602
0.189648448,2601
0.189653801,2600
0.189661932,2599
0.189674545,2598
0.189689672,2597
0.189708616,2596
0.189735201,2595
0.189747307,2594
0.189753762,2593
0.19850391,2592
0.198520859,2591
0.198526391,2590
0.198530202,2589
0.198533827,2588
0.198537531,2587
0.198541075,2586
0.198548962,2585
0.19855297,2584
0.198556404,2583
0.198559781,2582
0.198565898,2581
0.19870453,2580
0.198810753,2579
0.198815102,2578
0.19882453,2577
0.198837821,2576
0.198843851,2575
0.198847927,2574
0.198852886,2573
0.198861223,2572
0.198864832,2571
0.198868152,2570
0.198878291,2569
0.198881302,2568
0.198884678,2567
0.198892159,2566
0.198896425,2565
0.19890124,2564
0.198906606,2563
0.198909899,2562
0.198914612,2561
0.198918943,2560
0.198921939,2559
0.198927353,2558
0.198930339,2557
0.198935741,2556
0.198939959,2555
0.198944137,2554
0.198962932,2553
0.198966604,2552
0.198972977,2551
0.198982908,2550
0.19898643,2549
0.198991631,2548
0.198997873,2547
0.199002005,2546
0.199007586,2545
0.199011032,2544
0.19901863,2543
0.199028538,2542
0.199031509,2541
0.199035662,2540
0.199041609,2539
0.199044668,2538
0.199048712,2537
0.199051505,2536
0.199058299,2535
0.19906502,2534
0.199072993,2533
0.199077359,2532
0.199081321,2531
0.199128464,2530
0.199131741,2529
0.199142717,2528
0.19914929,2527
0.199153123,2526
0.199157144,2525
0.199161464,2524
0.199184992,2523
0.199188109,2522
0.199193482,2521
0.199198348,2520
0.199201657,2519
0.202235151,2518
0.202320606,2517
0.202328347,2516
0.202333858,2515
0.202337483,2514
0.202346978,2513
0.202354046,2512
0.202359163,2511
0.202366643,2510
0.202381666,2509
0.202385962,2508
0.202395169,2507
0.202398325,2506
0.202401805,2505
0.202416202,2504
0.20242064,2503
0.202425468,2502
0.202441223,2501
0.202444547,2500
0.20245483,2499
0.20246713,2498
0.202509192,2497
0.202524889,2496
0.20253801,2495
0.202543428,2494
0.202554577,2493
0.202557791,2492
0.202569495,2491
0.202578585,2490
0.202583675,2489
0.202590111,2488
0.202606025,2487
0.202613113,2486
0.202617637,2485
0.202626453,2484
0.202633073,2483
0.202636637,2482
0.20264002,2481
0.202653902,2480
0.20265767,2479
0.202663878,2478
0.202671496,2477
0.202674878,2476
0.202684112,2475
0.202693509,2474
0.202696855,2473
0.202709248,2472
0.202720424,2471
0.202724267,2470
0.202732986,2469
0.202755156,2468
0.202769928,2467
0.20279178,2466
0.202943041,2465
0.2029769,2464
0.202992019,2463
0.203033917,2462
0.203042638,2461
0.203048319,2460
0.203198406,2459
0.203203622,2458
0.203226468,2457
0.203235628,2456
0.203241577,2455
0.203256421,2454
0.20325998,2453
0.203263578,2452
0.203344249,2451
0.203352671,2450
0.203360255,2449
0.203367285,2448
0.203374672,2447
0.203380225,2446
0.203387416,2445
0.203399729,2444
0.20340726,2443
0.20341087,2442
0.203415207,2441
0.203434015,2440
0.20343975,2439
0.203444657,2438
0.203457279,2437
0.203480792,2436
0.203488641,2435
0.203503461,2434
0.203510152,2433
0.203516863,2432
0.203531489,2431
0.203545261,2430
0.203549973,2429
0.20356994,2428
0.203574219,2427
0.203577657,2426
0.203583513,2425
0.203622711,2424
0.203633829,2423
0.203649237,2422
0.20366228,2421
0.203667627,2420
0.203673886,2419
0.203680789,2418
0.203689208,2417
0.203696354,2416
0.203702737,2415
0.203717392,2414
0.203736427,2413
0.203742663,2412
0.203746338,2411
0.203751066,2410
0.20378117,2409
0.203797569,2408
0.20381181,2407
0.203818467,2406
0.203843762,2405
0.203859173,2404
0.203863911,2403
0.203868084,2402
0.203874761,2401
0.203910445,2400
0.203921648,2399
0.203927047,2398
0.203936024,2397
0.20394379,2396
0.203948269,2395
0.203952441,2394
0.203955838,2393
0.203963611,2392
0.203973818,2391
0.203987523,2390
0.203999882,2389
0.20401737,2388
0.204027056,2387
0.204032944,2386
0.204038098,2385
0.204043142,2384
0.204047266,2383
0.204053761,2382
0.204059558,2381
0.204071121,2380
0.204094195,2379
0.204113497,2378
0.204123122,2377
0.204129501,2376
0.204132882,2375
0.204141139,2374
0.20414999,2373
0.204154703,2372
0.204163562,2371
0.204170349,2370
0.204175442,2369
0.204192106,2368
0.204198919,2367
0.204204827,2366
0.204209634,2365
0.204214066,2364
0.204218231,2363
0.20423313,2362
0.204258241,2361
0.204272627,2360
0.20427599,2359
0.204285173,2358
0.204289046,2357
0.204294842,2356
0.204303629,2355
0.204310318,2354
0.204329468,2353
0.204417446,2352
0.204428817,2351
0.204436823,2350
0.204442319,2349
0.204454304,2348
0.204462545,2347
0.204469854,2346
0.204479742,2345
0.204483851,2344
0.204487415,2343
0.204497014,2342
0.204500123,2341
0.204507347,2340
0.204529274,2339
0.204532365,2338
0.204537646,2337
0.204554153,2336
0.20456314,2335
0.204573672,2334
0.20491073,2333
0.204918275,2332
0.204925863,2331
0.204942034,2330
0.204960844,2329
0.204967341,2328
0.204979968,2327
0.204988648,2326
0.204993463,2325
0.205000781,2324
0.205018133,2323
0.205045675,2322
0.205063556,2321
0.205070579,2320
0.205091769,2319
0.205122412,2318
0.205132662,2317
0.205156877,2316
0.205160961,2315
0.205237861,2314
0.205278743,2313
0.205294413,2312
0.205335207,2311
0.205356007,2310
0.205413369,2309
0.205482412,2308
0.205531172,2307
0.20553565,2306
0.205753494,2305
0.205781104,2304
0.205803684,2303
0.205813858,2302
0.205831452,2301
0.205907226,2300
0.205913515,2299
0.205961614,2298
0.206004578,2297
0.206009911,2296
0.206014592,2295
0.206157905,2294
0.206215328,2293
0.206230975,2292
0.206422427,2291
0.206512194,2290
0.206603181,2289
