0.045313008,3669
0.045388969,3668
0.045429116,3667
0.045473868,3666
0.045532611,3665
0.045574296,3664
0.045582973,3663
0.045590692,3662
0.04559693,3661
0.04560278,3660
0.045608572,3659
0.045614507,3658
0.045621362,3657
0.045627744,3656
0.045634324,3655
0.0456406,3654
0.045646681,3653
0.045652584,3652
0.045658712,3651
0.045664762,3650
0.045670667,3649
0.045679187,3648
0.045686305,3647
0.045696196,3646
0.045703618,3645
0.045710446,3644
0.045718771,3643
0.04572506,3642
0.045731003,3641
0.045737053,3640
0.045743034,3639
0.04574916,3638
0.045755141,3637
0.045761386,3636
0.045826261,3635
0.045832911,3634
0.045866329,3633
0.045874414,3632
0.045883307,3631
0.045919151,3630
0.045925792,3629
0.045932213,3628
0.045941514,3627
0.045950796,3626
0.045959985,3625
0.045993746,3624
0.046001188,3623
0.046007377,3622
0.046013666,3621
0.046019455,3620
0.046027878,3619
0.046067414,3618
0.046075957,3617
0.046113139,3616
0.046121746,3615
0.046135605,3614
0.046168557,3613
0.046182839,3612
0.046198728,3611
0.046213487,3610
0.046228349,3609
0.046241978,3608
0.046249733,3607
0.046264174,3606
0.046273131,3605
0.049780039,3604
0.049807938,3603
0.049817521,3602
0.04982951,3601
0.049838182,3600
0.049845438,3599
0.049851501,3598
0.049865288,3597
0.049872815,3596
0.049880423,3595
0.049888216,3594
0.049905837,3593
0.04991235,3592
0.049922578,3591
0.049928556,3590
0.049941071,3589
0.049948262,3588
0.049958327,3587
0.049964419,3586
0.049971001,3585
0.04998757,3584
0.04999342,3583
0.050000729,3582
0.050005124,3581
0.050010186,3580
0.050014916,3579
0.050019671,3578
0.050024502,3577
0.05002936,3576
0.050033848,3575
0.050039033,3574
0.050045415,3573
0.050050583,3572
0.050055912,3571
0.050061655,3570
0.050066176,3569
0.050070832,3568
0.050076002,3567
0.050085238,3566
0.050090933,3565
0.050095664,3564
0.050099711,3563
0.050103568,3562
0.05010709,3561
0.050110923,3560
0.050114389,3559
0.050117756,3558
0.050124993,3557
0.050128559,3556
0.050132291,3555
0.050136185,3554
0.050139773,3553
0.050143454,3552
0.050148952,3551
0.050153394,3550
0.050157293,3549
0.050161367,3548
0.050166455,3547
0.050171802,3546
0.050177129,3545
0.050183534,3544
0.050188615,3543
0.050231138,3542
0.050236441,3541
0.050241416,3540
0.050246344,3539
0.05025146,3538
0.050256357,3537
0.050261379,3536
0.050266247,3535
0.05027127,3534
0.050276328,3533
0.050281582,3532
0.050286429,3531
0.05029099,3530
0.050295765,3529
0.050300599,3528
0.050305297,3527
0.050309955,3526
0.0503152,3525
0.05031938,3524
0.050323358,3523
0.050326904,3522
0.050330902,3521
0.05033476,3520
0.050338842,3519
0.050342342,3518
0.050347357,3517
0.050351971,3516
0.05035569,3515
0.050359754,3514
0.050363634,3513
0.050367847,3512
0.050371258,3511
0.050374716,3510
0.050378106,3509
0.050381338,3508
0.05038517,3507
0.05038855,3506
0.050392078,3505
0.050395404,3504
0.050398874,3503
0.050402002,3502
0.050405505,3501
0.050408611,3500
0.050412042,3499
0.050417076,3498
0.050421176,3497
0.050424709,3496
0.05042827,3495
0.050432403,3494
0.050436265,3493
0.050439679,3492
0.050443375,3491
0.050447606,3490
0.050513442,3489
0.050517468,3488
0.050521252,3487
0.050524773,3486
0.050528598,3485
0.05053231,3484
0.050535681,3483
0.050539001,3482
0.050547315,3481
0.050560565,3480
0.050564082,3479
0.050568386,3478
0.05057219,3477
0.050575692,3476
0.050579133,3475
0.050582594,3474
0.050587074,3473
0.050590591,3472
0.050594036,3471
0.050597454,3470
0.050600814,3469
0.050604243,3468
0.050607671,3467
0.0506111,3466
0.050614398,3465
0.050621141,3464
0.050624526,3463
0.050627704,3462
0.050630956,3461
0.050634546,3460
0.050638302,3459
0.050641575,3458
0.050644981,3457
0.050648224,3456
0.050652899,3455
0.050656631,3454
0.050662942,3453
0.050667339,3452
0.050671341,3451
0.050675028,3450
0.050678907,3449
0.05068246,3448
0.050685918,3447
0.050689899,3446
0.050693863,3445
0.050697409,3444
0.050700871,3443
0.050704852,3442
0.050708987,3441
0.0507129,3440
0.050716286,3439
0.050719628,3438
0.050725752,3437
0.050728934,3436
0.050732825,3435
0.050736305,3434
0.050739754,3433
0.050743499,3432
0.050747174,3431
0.050750572,3430
0.050756022,3429
0.050759465,3428
0.050762828,3427
0.0507665,3426
0.050770269,3425
0.050773469,3424
0.050778182,3423
0.050781667,3422
0.050785102,3421
0.050788851,3420
0.050792497,3419
0.050796341,3418
0.050799999,3417
0.050803784,3416
0.05080863,3415
0.050814381,3414
0.050820295,3413
0.050824241,3412
0.050830594,3411
0.050833907,3410
0.050837305,3409
0.050840647,3408
0.050843842,3407
0.050847076,3406
0.050850327,3405
0.050853497,3404
0.050885852,3403
0.050891271,3402
0.050896748,3401
0.050901077,3400
0.050904958,3399
0.050908799,3398
0.050912793,3397
0.05091674,3396
0.05092042,3395
0.050924398,3394
0.050928199,3393
0.05093231,3392
0.05093588,3391
0.05093939,3390
0.050945672,3389
0.050949085,3388
0.050952483,3387
0.050955744,3386
0.050959283,3385
0.050965575,3384
0.050968852,3383
0.050972052,3382
0.050975416,3381
0.050980049,3380
0.050984478,3379
0.050988748,3378
0.0509935,3377
0.050998117,3376
0.051002174,3375
0.05100627,3374
0.051010599,3373
0.051014715,3372
0.051019096,3371
0.051024018,3370
0.051028879,3369
0.051033451,3368
0.051037726,3367
0.05104221,3366
0.051046827,3365
0.051051859,3364
0.051056137,3363
0.051060713,3362
0.051065082,3361
0.051069705,3360
0.051074083,3359
0.051085314,3358
0.05109037,3357
0.051095281,3356
0.051099616,3355
0.05110414,3354
0.051108397,3353
0.051112504,3352
0.051116561,3351
0.051120787,3350
0.051125075,3349
0.051139075,3348
0.051146664,3347
0.051152079,3346
0.051188183,3345
0.051193835,3344
0.0511996,3343
0.051204888,3342
0.051210312,3341
0.051215823,3340
0.051222346,3339
0.051229095,3338
0.051237755,3337
0.051246873,3336
0.051262886,3335
0.051268702,3334
0.051274384,3333
0.051279549,3332
0.051284012,3331
0.051288567,3330
0.051292495,3329
0.051296076,3328
0.051299382,3327
0.051304225,3326
0.051314508,3325
0.051351616,3324
0.051359056,3323
0.051366059,3322
0.051372176,3321
0.051378174,3320
0.051384445,3319
0.051390036,3318
0.051396601,3317
0.051403099,3316
0.051409043,3315
0.051416037,3314
0.051422396,3313
0.05142895,3312
0.051437712,3311
0.051443857,3310
0.051449094,3309
0.051454553,3308
0.051459519,3307
0.051464989,3306
0.051469812,3305
0.051474686,3304
0.051479378,3303
0.051483642,3302
0.051992183,3301
0.052059407,3300
0.052065082,3299
0.052070808,3298
0.052077038,3297
0.052084561,3296
0.052090165,3295
0.052096476,3294
0.052102531,3293
0.052109346,3292
0.052116294,3291
0.052122077,3290
0.052134669,3289
0.052148589,3288
0.052155454,3287
0.052162687,3286
0.052167488,3285
0.052171675,3284
0.052176419,3283
0.052181744,3282
0.052186448,3281
0.052191133,3280
0.052196635,3279
0.052202132,3278
0.052207627,3277
0.05221315,3276
0.052218465,3275
0.052223595,3274
0.052228484,3273
0.052232866,3272
0.052236859,3271
0.052240991,3270
0.052245033,3269
0.052248591,3268
0.052252595,3267
0.052255662,3266
0.052258739,3265
0.052262107,3264
0.052265131,3263
0.052268232,3262
0.052271313,3261
0.052274624,3260
0.052277646,3259
0.052280855,3258
0.052286954,3257
0.052290275,3256
0.052296468,3255
0.052301357,3254
0.052306047,3253
0.052310399,3252
0.052314932,3251
0.052319177,3250
0.052323415,3249
0.052327895,3248
0.052332421,3247
0.052337141,3246
0.052341717,3245
0.052346095,3244
0.052350547,3243
0.052354655,3242
0.052359003,3241
0.05236348,3240
0.052367588,3239
0.052372308,3238
0.052376333,3237
0.05238118,3236
0.052385753,3235
0.052390441,3234
0.052394561,3233
0.052398774,3232
0.052407318,3231
0.052411762,3230
0.052415688,3229
0.052419819,3228
0.052423985,3227
0.052428145,3226
0.0524405,3225
0.052446751,3224
0.052451586,3223
0.052456228,3222
0.052486048,3221
0.052490616,3220
0.052495357,3219
0.052499219,3218
0.052502128,3217
0.052505163,3216
0.052508624,3215
0.052511719,3214
0.052514701,3213
0.052517564,3212
0.052520542,3211
0.052523514,3210
0.052526308,3209
0.052529116,3208
0.052532091,3207
0.052535098,3206
0.052538251,3205
0.052541303,3204
0.052544475,3203
0.05254794,3202
0.052551114,3201
0.052554105,3200
0.052557444,3199
0.052562093,3198
0.052565805,3197
0.052569875,3196
0.052573809,3195
0.052577354,3194
0.052580706,3193
0.05258375,3192
0.052587587,3191
0.052590632,3190
0.052593676,3189
0.052596474,3188
0.052599294,3187
0.052602026,3186
0.052604964,3185
0.052608094,3184
0.052611029,3183
0.052613906,3182
0.052616661,3181
0.052619282,3180
0.052622133,3179
0.052624876,3178
0.052628061,3177
0.052630705,3176
0.052633488,3175
0.052636606,3174
0.052639243,3173
0.052642037,3172
0.052644592,3171
0.052647398,3170
0.052650237,3169
0.052652961,3168
0.052655862,3167
0.052658775,3166
0.052661806,3165
0.052664377,3164
0.052667061,3163
0.052669897,3162
0.052672509,3161
0.052675218,3160
0.052677885,3159
0.052704529,3158
0.052708157,3157
0.052711661,3156
0.052715284,3155
0.052718612,3154
0.052769864,3153
0.052772863,3152
0.052775558,3151
0.052820231,3150
0.053736524,3149
0.053740469,3148
0.053743697,3147
0.053747588,3146
0.05375119,3145
0.053754317,3144
0.053757081,3143
0.053763389,3142
0.053766225,3141
0.053769068,3140
0.053771699,3139
0.053775939,3138
0.053780745,3137
0.053783552,3136
0.05378665,3135
0.053790483,3134
0.053793204,3133
0.053796767,3132
0.053799626,3131
0.053802149,3130
0.053804941,3129
0.05380728,3128
0.053810686,3127
0.053815933,3126
0.053819609,3125
0.053822372,3124
0.053824945,3123
0.053827612,3122
0.053831286,3121
0.053833771,3120
0.053836189,3119
0.053838597,3118
0.053842266,3117
0.053844777,3116
0.053847054,3115
0.053852632,3114
0.053856857,3113
0.053861229,3112
0.053864113,3111
0.053867118,3110
0.053869651,3109
0.053876002,3108
0.053879005,3107
0.053881675,3106
0.053884492,3105
0.053888147,3104
0.053891096,3103
0.053893802,3102
0.053896556,3101
0.05389939,3100
0.053902158,3099
0.053905533,3098
0.053909304,3097
0.053912987,3096
0.053921004,3095
0.053923852,3094
0.053929098,3093
0.053931617,3092
0.053935974,3091
0.053939778,3090
0.053942564,3089
0.053945971,3088
0.053948375,3087
0.053952303,3086
0.05395435,3085
0.053957811,3084
0.053960126,3083
0.053963562,3082
0.053969302,3081
0.053976593,3080
0.053979255,3079
0.053981737,3078
0.05398538,3077
0.053989522,3076
0.053993091,3075
0.053995442,3074
0.053998904,3073
0.054004661,3072
0.054010453,3071
0.054014329,3070
0.054018152,3069
0.054022023,3068
0.054026891,3067
0.054029729,3066
0.0540335,3065
0.054037257,3064
0.054039832,3063
0.054044602,3062
0.054046958,3061
0.054049639,3060
0.054052375,3059
0.054055771,3058
0.054058482,3057
0.05406404,3056
0.054066457,3055
0.054072561,3054
0.054076153,3053
0.054080536,3052
0.0540906,3051
0.054096218,3050
0.054099144,3049
0.054106495,3048
0.05411237,3047
0.054117295,3046
0.054120253,3045
0.054124478,3044
0.054130436,3043
0.05413295,3042
0.054135483,3041
0.05413786,3040
0.054139921,3039
0.054142628,3038
0.05414502,3037
0.054147506,3036
0.054152817,3035
0.05415523,3034
0.054161268,3033
0.054165209,3032
0.054167751,3031
0.05417169,3030
0.054175028,3029
0.054180835,3028
0.054185342,3027
0.054190157,3026
0.054200382,3025
0.054210166,3024
0.054214308,3023
0.054218533,3022
0.054225972,3021
0.054230213,3020
0.054236295,3019
0.054241358,3018
0.054244709,3017
0.054248243,3016
0.054253738,3015
0.054257089,3014
0.054260783,3013
0.05426694,3012
0.054270723,3011
0.054274156,3010
0.05428209,3009
0.054287051,3008
0.054291467,3007
0.054295093,3006
0.054302009,3005
0.054309909,3004
0.054317248,3003
0.054321176,3002
0.054325268,3001
0.054330529,3000
0.054338097,2999
0.054344647,2998
0.054357857,2997
0.054367681,2996
0.05437701,2995
0.054384289,2994
0.054390754,2993
0.054397501,2992
0.054400871,2991
0.054403501,2990
0.054407693,2989
0.054414529,2988
0.054419873,2987
0.054424996,2986
0.054428276,2985
0.054431443,2984
0.054440386,2983
0.0544478,2982
0.054453917,2981
0.054457552,2980
0.054461526,2979
0.054467277,2978
0.054471168,2977
0.054474446,2976
0.054477772,2975
0.054481404,2974
0.054491165,2973
0.054495165,2972
0.054498514,2971
0.054502247,2970
0.054505071,2969
0.054508071,2968
0.054514205,2967
0.054517206,2966
0.0545197,2965
0.054524823,2964
0.054528389,2963
0.054531221,2962
0.054534021,2961
0.054537239,2960
0.054541462,2959
0.054544016,2958
0.054546541,2957
0.054551226,2956
0.054555545,2955
0.05456155,2954
0.054564112,2953
0.054566576,2952
0.054569081,2951
0.054571394,2950
0.05457395,2949
0.054583639,2948
0.054588757,2947
0.054591953,2946
0.054596149,2945
0.054598898,2944
0.054601676,2943
0.054607197,2942
0.054610024,2941
0.054615464,2940
0.054619628,2939
0.054621783,2938
0.054624723,2937
0.054631518,2936
0.054634571,2935
0.054639913,2934
0.05464347,2933
0.054647106,2932
0.054649835,2931
0.054654331,2930
0.054658014,2929
0.054662324,2928
0.054678371,2927
0.054680947,2926
0.054684159,2925
0.054686346,2924
0.054689469,2923
0.054691749,2922
0.054694952,2921
0.054697255,2920
0.054700196,2919
0.054703023,2918
0.054705313,2917
0.054707491,2916
0.054711864,2915
0.054715336,2914
0.054730214,2913
0.05473332,2912
0.054737542,2911
0.054742411,2910
0.054745127,2909
0.054747636,2908
0.054750999,2907
0.0547554,2906
0.054757689,2905
0.054761701,2904
0.054764476,2903
0.054771988,2902
0.054777008,2901
0.05478734,2900
0.054792986,2899
0.054796169,2898
0.054808723,2897
0.05481569,2896
0.054818499,2895
0.054821041,2894
0.054823868,2893
0.054829146,2892
0.054831742,2891
0.054835952,2890
0.054840703,2889
0.054842932,2888
0.054845588,2887
0.054848472,2886
0.054850949,2885
0.054858311,2884
0.054861234,2883
0.054864755,2882
0.054867256,2881
0.054870707,2880
0.054875762,2879
0.05487812,2878
0.054880688,2877
0.054883038,2876
0.054887397,2875
0.054889651,2874
0.054892311,2873
0.054894737,2872
0.054897766,2871
0.054900926,2870
0.054903083,2869
0.054906652,2868
0.054911051,2867
0.054913265,2866
0.054915389,2865
0.05491863,2864
0.054920851,2863
0.05493054,2862
0.054933152,2861
0.054935548,2860
0.05493795,2859
0.0549407,2858
0.05494341,2857
0.054946673,2856
0.054948993,2855
0.054951195,2854
0.05495382,2853
0.054959839,2852
0.054962612,2851
0.054966131,2850
0.054968688,2849
0.054971035,2848
0.054975624,2847
0.05497822,2846
0.054983796,2845
0.054989515,2844
0.054992571,2843
0.054996227,2842
0.055001475,2841
0.055012611,2840
0.055017083,2839
0.055020683,2838
0.055027639,2837
0.055030484,2836
0.055033143,2835
0.055036602,2834
0.055042409,2833
0.055047193,2832
0.055050827,2831
0.055054866,2830
0.055058297,2829
0.05506203,2828
0.055069477,2827
0.055074171,2826
0.055077603,2825
0.055084614,2824
0.055088412,2823
0.055104967,2822
0.055108215,2821
0.055115345,2820
0.055119968,2819
0.055127499,2818
0.055130679,2817
0.055133902,2816
0.055139394,2815
0.05514328,2814
0.055146508,2813
0.055149517,2812
0.055152634,2811
0.055155433,2810
0.055158771,2809
0.055161585,2808
0.055164314,2807
0.055168263,2806
0.055172601,2805
0.055176713,2804
0.055182643,2803
0.055185482,2802
0.055188525,2801
0.0551913,2800
0.055202303,2799
0.055208244,2798
0.055214013,2797
0.055218454,2796
0.055222738,2795
0.055228145,2794
0.055235345,2793
0.055241145,2792
0.055244488,2791
0.055248425,2790
0.055252122,2789
0.055255827,2788
0.055259597,2787
0.055265437,2786
0.055270331,2785
0.055276144,2784
0.055280967,2783
0.055284316,2782
0.055289407,2781
0.055294291,2780
0.055297274,2779
0.055301007,2778
0.055304413,2777
0.055343032,2776
0.055346495,2775
0.05534939,2774
0.055410926,2773
0.055415016,2772
0.055418521,2771
0.055421358,2770
0.055425057,2769
0.055431838,2768
0.055435146,2767
0.05544015,2766
0.055446308,2765
0.055450985,2764
0.055454107,2763
0.05545901,2762
0.055462582,2761
0.055466421,2760
0.055469236,2759
0.055473153,2758
0.055476616,2757
0.055480162,2756
0.055484263,2755
0.055488494,2754
0.055491852,2753
0.055495019,2752
0.055499425,2751
0.05550346,2750
0.055506664,2749
0.055511653,2748
0.0555146,2747
0.055518757,2746
0.0555233,2745
0.055527673,2744
0.055531107,2743
0.055537556,2742
0.055540285,2741
0.055544285,2740
0.055549679,2739
0.055552478,2738
0.055554941,2737
0.05555825,2736
0.055564123,2735
0.055576898,2734
0.055581898,2733
0.05558506,2732
0.055588636,2731
0.055591477,2730
0.055596162,2729
0.055605486,2728
0.055610765,2727
0.055614384,2726
0.055619536,2725
0.055622305,2724
0.055624829,2723
0.055627177,2722
0.055630563,2721
0.055635708,2720
0.055638843,2719
0.055641628,2718
0.055649111,2717
0.055658194,2716
0.055666737,2715
0.055670695,2714
0.055674108,2713
0.055716894,2712
0.055720518,2711
0.055727191,2710
0.055730352,2709
0.055733104,2708
0.055736382,2707
0.055740598,2706
0.055743253,2705
0.055746678,2704
0.055749025,2703
0.055752132,2702
0.055756558,2701
0.055760062,2700
0.055762834,2699
0.055765728,2698
0.055768928,2697
0.055773452,2696
0.055777628,2695
0.055783428,2694
0.055786191,2693
0.055789752,2692
0.055792376,2691
0.055795816,2690
0.055799803,2689
0.055803661,2688
0.055808117,2687
0.055811772,2686
0.055817029,2685
0.055819563,2684
0.055825193,2683
0.05583,2682
0.055832763,2681
0.055835293,2680
0.05583787,2679
0.055841349,2678
0.055843855,2677
0.055847075,2676
0.055857869,2675
0.055861455,2674
0.055866729,2673
0.055872524,2672
0.055876667,2671
0.055881384,2670
0.055884318,2669
0.055890295,2668
0.055892747,2667
0.055895651,2666
0.055900747,2665
0.055903309,2664
0.055905888,2663
0.055915192,2662
0.055921343,2661
0.055923934,2660
0.055927331,2659
0.055932688,2658
0.055935205,2657
0.05593821,2656
0.055940802,2655
0.055946136,2654
0.055948571,2653
0.055954037,2652
0.055956923,2651
0.055963558,2650
0.055965894,2649
0.055969968,2648
0.055972838,2647
0.055975274,2646
0.055978035,2645
0.055981185,2644
0.055986265,2643
0.055988806,2642
0.055991359,2641
0.055993204,2640
0.055997031,2639
0.055999567,2638
0.056003491,2637
0.056005988,2636
0.05600845,2635
0.05601252,2634
0.056017771,2633
0.056021352,2632
0.05602544,2631
0.056030051,2630
0.056032205,2629
0.056043393,2628
0.056046545,2627
0.056049011,2626
0.056054895,2625
0.056059995,2624
0.056064001,2623
0.056066847,2622
0.056070402,2621
0.05607652,2620
0.05608031,2619
0.056083293,2618
0.056085776,2617
0.056089322,2616
0.056092477,2615
0.056097588,2614
0.056103378,2613
0.056108173,2612
0.056114051,2611
0.056117489,2610
0.056120926,2609
0.056124652,2608
0.056127022,2607
0.056129998,2606
0.056132788,2605
0.056137436,2604
0.056139989,2603
0.056142762,2602
0.056146089,2601
0.056148983,2600
0.056152623,2599
0.056181558,2598
0.056184979,2597
0.056188278,2596
0.056191573,2595
0.056194484,2594
0.056198698,2593
0.056201203,2592
0.056207064,2591
0.056210491,2590
0.056212877,2589
0.05621646,2588
0.056221132,2587
0.056223302,2586
0.05622705,2585
0.05623278,2584
0.0562381,2583
0.056242572,2582
0.056247727,2581
0.056250293,2580
0.0562538,2579
0.056256668,2578
0.05625957,2577
0.056265031,2576
0.056268611,2575
0.056273886,2574
0.056278012,2573
0.056286826,2572
0.056292495,2571
0.056295913,2570
0.056300865,2569
0.056307383,2568
0.056311805,2567
0.056317681,2566
0.056322725,2565
0.056330547,2564
0.056340457,2563
0.056343797,2562
0.056348089,2561
0.056350961,2560
0.056355225,2559
0.056358511,2558
0.0563612,2557
0.05636434,2556
0.05636882,2555
0.056377551,2554
0.056383549,2553
0.056387046,2552
0.056391861,2551
0.056395065,2550
0.056397589,2549
0.056400216,2548
0.056402779,2547
0.056405291,2546
0.056407818,2545
0.056412343,2544
0.056414805,2543
0.056417885,2542
0.056422613,2541
0.056427063,2540
0.056431213,2539
0.05643529,2538
0.056466693,2537
0.056470639,2536
0.056473734,2535
0.056477221,2534
0.056482276,2533
0.056491298,2532
0.056498469,2531
0.056502781,2530
0.056505308,2529
0.05650818,2528
0.056512304,2527
0.056516528,2526
0.056519284,2525
0.056522684,2524
0.056526864,2523
0.05653144,2522
0.056535308,2521
0.056539479,2520
0.056547269,2519
0.056556402,2518
0.056559106,2517
0.05656362,2516
0.056566863,2515
0.057209511,2514
0.057219177,2513
0.057223975,2512
0.057226545,2511
0.05723087,2510
0.057234654,2509
0.057239329,2508
0.057244493,2507
0.057255781,2506
0.057260202,2505
0.057263512,2504
0.057266815,2503
0.057273502,2502
0.057277348,2501
0.057282069,2500
0.057287085,2499
0.057300049,2498
0.057304977,2497
0.057308974,2496
0.057313555,2495
0.05732808,2494
0.057333953,2493
0.057343509,2492
0.057350461,2491
0.057360925,2490
0.057373255,2489
0.057376783,2488
0.057381316,2487
0.057387871,2486
0.057394311,2485
0.057397138,2484
0.057399924,2483
0.057403291,2482
0.057406155,2481
0.05741503,2480
0.057421017,2479
0.057425569,2478
0.057473658,2477
0.057477008,2476
0.057481292,2475
0.057485315,2474
0.057488016,2473
0.057490356,2472
0.057496126,2471
0.057499648,2470
0.057508103,2469
0.057512252,2468
0.057517054,2467
0.057523119,2466
0.05752659,2465
0.057531568,2464
0.057541201,2463
0.057546113,2462
0.057550239,2461
0.057553429,2460
0.057557312,2459
0.057561752,2458
0.057565386,2457
0.057568599,2456
0.057580497,2455
0.057592875,2454
0.05759578,2453
0.057599457,2452
0.057611224,2451
0.057617384,2450
0.057621957,2449
0.057644242,2448
0.057648976,2447
0.057655737,2446
0.05765965,2445
0.057663432,2444
0.057668907,2443
0.057673472,2442
0.057676774,2441
0.05768221,2440
0.057690592,2439
0.057696226,2438
0.057700496,2437
0.057703086,2436
0.05770821,2435
0.057713231,2434
0.057718098,2433
0.057727222,2432
0.0577317,2431
0.057737331,2430
0.057745008,2429
0.057749736,2428
0.057754188,2427
0.057756768,2426
0.057759191,2425
0.057764335,2424
0.057767388,2423
0.057772019,2422
0.057775698,2421
0.057778265,2420
0.057782618,2419
0.057789802,2418
0.057793897,2417
0.057796599,2416
0.057799758,2415
0.057802646,2414
0.057820122,2413
0.057826643,2412
0.057832362,2411
0.05784092,2410
0.057844376,2409
0.057848183,2408
0.057857623,2407
0.05787306,2406
0.057876887,2405
0.057882182,2404
0.05788902,2403
0.057894689,2402
0.057901161,2401
0.057906132,2400
0.0579127,2399
0.057917696,2398
0.057929562,2397
0.057932024,2396
0.05793574,2395
0.057939678,2394
0.057943141,2393
0.057946896,2392
0.057956396,2391
0.057964632,2390
0.057969327,2389
0.057978676,2388
0.05798834,2387
0.057991968,2386
0.057995463,2385
0.057998294,2384
0.058001996,2383
0.05800557,2382
0.058024942,2381
0.058029538,2380
0.058032965,2379
0.058036929,2378
0.058042327,2377
0.058046684,2376
0.058050634,2375
0.058054061,2374
0.058059405,2373
0.058064487,2372
0.058089471,2371
0.058094481,2370
0.058126637,2369
0.058132021,2368
0.058135651,2367
0.058166125,2366
0.058169843,2365
0.058173378,2364
0.058180101,2363
0.058186276,2362
0.05819,2361
0.058194758,2360
0.058203307,2359
0.058214304,2358
0.058223049,2357
0.05822661,2356
0.058229796,2355
0.058237319,2354
0.058245965,2353
0.05825718,2352
0.058263278,2351
0.058265714,2350
0.058272165,2349
0.058280129,2348
0.058294194,2347
0.058298449,2346
0.058301091,2345
0.058309431,2344
0.05831593,2343
0.058325776,2342
0.058329584,2341
0.058332116,2340
0.058338273,2339
0.058365059,2338
0.058375754,2337
0.058381338,2336
0.058397891,2335
0.058402624,2334
0.058405755,2333
0.058413901,2332
0.058417319,2331
0.058429091,2330
0.058449452,2329
0.05847612,2328
0.058493224,2327
0.058497556,2326
0.058725356,2325
0.058728038,2324
0.058741625,2323
0.058746157,2322
0.058751573,2321
0.058809271,2320
0.058819725,2319
0.058824075,2318
0.058835767,2317
0.058840462,2316
0.058846987,2315
0.058870036,2314
0.058891394,2313
0.058901417,2312
0.058921078,2311
0.058929267,2310
0.058941903,2309
0.058976761,2308
0.058981448,2307
0.058985866,2306
0.059000715,2305
0.059010531,2304
0.05902462,2303
0.059032078,2302
0.059083942,2301
0.059090019,2300
0.059141624,2299
0.059204772,2298
0.059225169,2297
0.059503417,2296
0.059519379,2295
0.059542968,2294
0.059549736,2293
0.059563567,2292
0.059585881,2291
0.059602118,2290
0.059612584,2289
0.059661462,2288
0.059673616,2287
0.059679857,2286
0.05987467,2285
0.059898792,2284
0.059951285,2283
0.059956143,2282
0.060071489,2281
0.060314048,2280
0.060426214,2279
