0.051308488,3669
0.051364892,3668
0.051399649,3667
0.051467939,3666
0.051509145,3665
0.051516848,3664
0.05152458,3663
0.051531206,3662
0.051537411,3661
0.051543735,3660
0.051554034,3659
0.0515625,3658
0.05156925,3657
0.051578348,3656
0.051600503,3655
0.051608157,3654
0.051615001,3653
0.051621789,3652
0.051628264,3651
0.051634936,3650
0.051641194,3649
0.051649464,3648
0.051656095,3647
0.051662494,3646
0.051668347,3645
0.051687938,3644
0.05195628,3643
0.051974706,3642
0.051984249,3641
0.051993372,3640
0.052001489,3639
0.052040055,3638
0.052079622,3637
0.052097413,3636
0.052106012,3635
0.05214479,3634
0.052194524,3633
0.052203654,3632
0.052242787,3631
0.052281502,3630
0.052291445,3629
0.052307485,3628
0.052346702,3627
0.052387076,3626
0.05240442,3625
0.05241623,3624
0.052440771,3623
0.052459324,3622
0.052468557,3621
0.05247711,3620
0.05251716,3619
0.052554411,3618
0.05259355,3617
0.052633906,3616
0.052643694,3615
0.052653187,3614
0.052663218,3613
0.052672659,3612
0.052720162,3611
0.052729188,3610
0.052740121,3609
0.052747747,3608
0.052754952,3607
0.052762404,3606
0.052771856,3605
0.05278443,3604
0.052792572,3603
0.052800127,3602
0.052808875,3601
0.052816578,3600
0.05282412,3599
0.052831275,3598
0.052870908,3597
0.052878475,3596
0.052885962,3595
0.052910351,3594
0.052917029,3593
0.052923884,3592
0.052930221,3591
0.052936774,3590
0.052943538,3589
0.052949956,3588
0.052957224,3587
0.052963044,3586
0.052968617,3585
0.052978585,3584
0.052986905,3583
0.052993373,3582
0.052999102,3581
0.05300482,3580
0.053010876,3579
0.053016606,3578
0.053023268,3577
0.053031904,3576
0.053038602,3575
0.05304386,3574
0.053050206,3573
0.05305561,3572
0.053061396,3571
0.053066281,3570
0.053071851,3569
0.053077615,3568
0.053083806,3567
0.053089785,3566
0.053095888,3565
0.053102299,3564
0.053108743,3563
0.053128128,3562
0.053134837,3561
0.053142774,3560
0.053146715,3559
0.053151785,3558
0.053161412,3557
0.053165809,3556
0.053170603,3555
0.053176069,3554
0.053181151,3553
0.053185904,3552
0.05319101,3551
0.053195404,3550
0.053200403,3549
0.053204936,3548
0.053210284,3547
0.053220773,3546
0.053259797,3545
0.05326506,3544
0.053271309,3543
0.053312446,3542
0.053317546,3541
0.053779132,3540
0.053790546,3539
0.053834037,3538
0.053846684,3537
0.053858876,3536
0.053871824,3535
0.053877591,3534
0.0538898,3533
0.053895965,3532
0.053903909,3531
0.053910817,3530
0.053917008,3529
0.053921805,3528
0.053927149,3527
0.05393335,3526
0.053940462,3525
0.053946313,3524
0.053974608,3523
0.053980237,3522
0.053985749,3521
0.053989919,3520
0.053993775,3519
0.053997464,3518
0.054001084,3517
0.054004697,3516
0.054008301,3515
0.054013824,3514
0.054018851,3513
0.054023709,3512
0.054028341,3511
0.054032928,3510
0.054038007,3509
0.054043711,3508
0.054050047,3507
0.054055251,3506
0.054066926,3505
0.054072747,3504
0.054113536,3503
0.054128584,3502
0.054163087,3501
0.054169386,3500
0.054176244,3499
0.054204647,3498
0.054209027,3497
0.05421282,3496
0.05421899,3495
0.054222321,3494
0.054225523,3493
0.054228762,3492
0.054231988,3491
0.054237586,3490
0.054243035,3489
0.054247778,3488
0.054252612,3487
0.054258151,3486
0.054262788,3485
0.054266599,3484
0.054270043,3483
0.054273384,3482
0.054276845,3481
0.05428159,3480
0.054286906,3479
0.054292736,3478
0.05429877,3477
0.056833763,3476
0.05684216,3475
0.056845798,3474
0.056849523,3473
0.056853012,3472
0.056857575,3471
0.056861396,3470
0.056865184,3469
0.056868641,3468
0.056872539,3467
0.056876065,3466
0.056879375,3465
0.056882651,3464
0.056885894,3463
0.056889238,3462
0.056892734,3461
0.056896434,3460
0.056899689,3459
0.056904952,3458
0.056908555,3457
0.056911793,3456
0.056915318,3455
0.056918922,3454
0.05692257,3453
0.056926105,3452
0.056931014,3451
0.056935628,3450
0.056939489,3449
0.056943212,3448
0.056946669,3447
0.056950418,3446
0.056954578,3445
0.056958654,3444
0.056962629,3443
0.05696948,3442
0.056972782,3441
0.056976749,3440
0.056980247,3439
0.056983815,3438
0.056987146,3437
0.056993158,3436
0.056997198,3435
0.057006558,3434
0.057091088,3433
0.057133261,3432
0.057148677,3431
0.057155577,3430
0.057182968,3429
0.05718885,3428
0.057209441,3427
0.057215112,3426
0.057218602,3425
0.057221778,3424
0.057225064,3423
0.057228357,3422
0.057231913,3421
0.057235214,3420
0.057238496,3419
0.057242711,3418
0.057246596,3417
0.057251602,3416
0.057260053,3415
0.057269453,3414
0.057304439,3413
0.057311488,3412
0.057315191,3411
0.057318333,3410
0.057321438,3409
0.057324545,3408
0.057327739,3407
0.057330845,3406
0.057333983,3405
0.057337244,3404
0.057340331,3403
0.057343498,3402
0.057346562,3401
0.057349901,3400
0.057353013,3399
0.057355934,3398
0.057358891,3397
0.057362222,3396
0.057365658,3395
0.057368795,3394
0.057372162,3393
0.057378411,3392
0.057381761,3391
0.057384616,3390
0.057387625,3389
0.057390677,3388
0.057393406,3387
0.05739646,3386
0.057399627,3385
0.057402863,3384
0.057406657,3383
0.057410652,3382
0.057414272,3381
0.057417937,3380
0.057421628,3379
0.057425014,3378
0.05742839,3377
0.057431723,3376
0.057434873,3375
0.057438084,3374
0.057441749,3373
0.057444986,3372
0.057450233,3371
0.057454606,3370
0.05745911,3369
0.057463699,3368
0.057468059,3367
0.057472056,3366
0.057476476,3365
0.057480657,3364
0.05748869,3363
0.057493956,3362
0.057498485,3361
0.057503015,3360
0.057507273,3359
0.057512586,3358
0.057517346,3357
0.05752201,3356
0.057526266,3355
0.057530291,3354
0.057534513,3353
0.057538701,3352
0.057543464,3351
0.057547658,3350
0.05755739,3349
0.057562353,3348
0.057570457,3347
0.057605153,3346
0.057609576,3345
0.057613601,3344
0.05761788,3343
0.057622171,3342
0.057626598,3341
0.05763114,3340
0.057635906,3339
0.057640074,3338
0.057644071,3337
0.057680027,3336
0.057684099,3335
0.057688403,3334
0.05769258,3333
0.05769717,3332
0.057702128,3331
0.05773857,3330
0.05774361,3329
0.057748251,3328
0.057752934,3327
0.057757529,3326
0.057761528,3325
0.057767511,3324
0.057772336,3323
0.057776222,3322
0.057780417,3321
0.057784177,3320
0.057788073,3319
0.057791957,3318
0.05779597,3317
0.057800248,3316
0.057804392,3315
0.057808348,3314
0.057812779,3313
0.057816724,3312
0.05782051,3311
0.057823828,3310
0.0578268,3309
0.057829905,3308
0.057832676,3307
0.057835251,3306
0.05783836,3305
0.057841654,3304
0.0578446,3303
0.057847749,3302
0.057850637,3301
0.057853579,3300
0.057856653,3299
0.05785965,3298
0.057863117,3297
0.057865954,3296
0.057869147,3295
0.057873899,3294
0.057878027,3293
0.05788219,3292
0.057886283,3291
0.057889464,3290
0.05789352,3289
0.057900082,3288
0.057903011,3287
0.057911177,3286
0.057916465,3285
0.057921099,3284
0.057925377,3283
0.057929368,3282
0.057933645,3281
0.057937548,3280
0.05794119,3279
0.057944513,3278
0.057948156,3277
0.057951529,3276
0.057954773,3275
0.057958465,3274
0.057962773,3273
0.057966245,3272
0.057969328,3271
0.057974079,3270
0.057977294,3269
0.057981581,3268
0.057985284,3267
0.057988468,3266
0.057991603,3265
0.057995918,3264
0.058000297,3263
0.058004805,3262
0.058009126,3261
0.058013236,3260
0.058017204,3259
0.05802136,3258
0.058025954,3257
0.058029838,3256
0.058033647,3255
0.058037504,3254
0.058041551,3253
0.058045414,3252
0.058049056,3251
0.058052621,3250
0.058056171,3249
0.058059163,3248
0.058062412,3247
0.058065445,3246
0.058068352,3245
0.058071007,3244
0.058073809,3243
0.05807697,3242
0.058080355,3241
0.058083321,3240
0.0580863,3239
0.058089284,3238
0.058092122,3237
0.058097813,3236
0.058100521,3235
0.058103445,3234
0.05810619,3233
0.058108843,3232
0.058111555,3231
0.058114492,3230
0.058117244,3229
0.058119846,3228
0.058122645,3227
0.058125343,3226
0.058127997,3225
0.058131207,3224
0.058134122,3223
0.058137012,3222
0.058139782,3221
0.058142378,3220
0.058146401,3219
0.058163561,3218
0.058166934,3217
0.058169936,3216
0.05817377,3215
0.058176821,3214
0.058179668,3213
0.058182529,3212
0.058185456,3211
0.05819187,3210
0.058194526,3209
0.058197458,3208
0.058200317,3207
0.058202951,3206
0.058205624,3205
0.058208426,3204
0.058210981,3203
0.058213866,3202
0.058216617,3201
0.058219315,3200
0.058222074,3199
0.058226477,3198
0.058229853,3197
0.058233241,3196
0.058236319,3195
0.058239832,3194
0.058242999,3193
0.05824606,3192
0.058248971,3191
0.058251866,3190
0.058254814,3189
0.058258696,3188
0.058261635,3187
0.058265162,3186
0.05826828,3185
0.058271402,3184
0.058274244,3183
0.058277093,3182
0.058280705,3181
0.058283783,3180
0.058286782,3179
0.058289435,3178
0.05829227,3177
0.05829501,3176
0.058297766,3175
0.058301693,3174
0.058304912,3173
0.058308044,3172
0.058310943,3171
0.058314122,3170
0.058317369,3169
0.058320571,3168
0.058323975,3167
0.058326848,3166
0.058330086,3165
0.058333007,3164
0.05833661,3163
0.058343285,3162
0.05834822,3161
0.058352819,3160
0.058358048,3159
0.058395918,3158
0.058400267,3157
0.058456424,3156
0.058459716,3155
0.058463289,3154
0.058466495,3153
0.05846941,3152
0.058472067,3151
0.05847467,3150
0.059362965,3149
0.059366645,3148
0.059402482,3147
0.059406732,3146
0.059411024,3145
0.059415614,3144
0.059418673,3143
0.059423556,3142
0.059426466,3141
0.059429281,3140
0.059433882,3139
0.059437401,3138
0.059440576,3137
0.059447071,3136
0.059449586,3135
0.059454381,3134
0.059458289,3133
0.059461318,3132
0.059464958,3131
0.059469846,3130
0.059473029,3129
0.059477268,3128
0.059479811,3127
0.059482691,3126
0.059485279,3125
0.05948773,3124
0.059493703,3123
0.059496484,3122
0.059499022,3121
0.059502484,3120
0.059505363,3119
0.059509589,3118
0.059513405,3117
0.059517044,3116
0.059522321,3115
0.059524666,3114
0.059529872,3113
0.059532269,3112
0.059534639,3111
0.059538333,3110
0.059540836,3109
0.059543326,3108
0.059549919,3107
0.059563106,3106
0.059566782,3105
0.0595701,3104
0.059572494,3103
0.059578767,3102
0.059581034,3101
0.059583446,3100
0.059585553,3099
0.059590504,3098
0.059592821,3097
0.059595084,3096
0.059597356,3095
0.059603241,3094
0.059608404,3093
0.059610925,3092
0.059613244,3091
0.059615602,3090
0.059618083,3089
0.059621197,3088
0.059626068,3087
0.059628544,3086
0.059633194,3085
0.059635577,3084
0.059638731,3083
0.059644429,3082
0.059646624,3081
0.059648601,3080
0.059650887,3079
0.059653658,3078
0.059656027,3077
0.05965985,3076
0.059662238,3075
0.059667053,3074
0.059670115,3073
0.059672313,3072
0.059674743,3071
0.059677799,3070
0.059681247,3069
0.059686515,3068
0.059690452,3067
0.05969401,3066
0.05969762,3065
0.059700785,3064
0.059705653,3063
0.059708315,3062
0.059711109,3061
0.059715562,3060
0.059718067,3059
0.059722011,3058
0.059726037,3057
0.059728582,3056
0.05974082,3055
0.059744672,3054
0.059747311,3053
0.059750068,3052
0.059755387,3051
0.059758386,3050
0.059762032,3049
0.05976471,3048
0.059770692,3047
0.059776362,3046
0.059780144,3045
0.059782665,3044
0.05979046,3043
0.059793563,3042
0.05979653,3041
0.059800362,3040
0.059803705,3039
0.059808584,3038
0.059818308,3037
0.059821073,3036
0.059823829,3035
0.059826367,3034
0.05982878,3033
0.059832191,3032
0.059835228,3031
0.059838563,3030
0.059854812,3029
0.059859951,3028
0.059864248,3027
0.059869628,3026
0.059873775,3025
0.059879715,3024
0.059882951,3023
0.059887062,3022
0.059889732,3021
0.059893553,3020
0.059896337,3019
0.059900563,3018
0.059903478,3017
0.059906006,3016
0.05990846,3015
0.059911132,3014
0.05991682,3013
0.059921738,3012
0.059925413,3011
0.059929165,3010
0.059940534,3009
0.059944938,3008
0.059950419,3007
0.059954285,3006
0.059958376,3005
0.05996861,3004
0.059972286,3003
0.05997675,3002
0.059981116,3001
0.059985365,3000
0.059989154,2999
0.059993144,2998
0.059997098,2997
0.060000552,2996
0.060007762,2995
0.060011423,2994
0.060016471,2993
0.060020497,2992
0.060024037,2991
0.060028,2990
0.060032014,2989
0.060035881,2988
0.060041234,2987
0.060044116,2986
0.060064272,2985
0.06007255,2984
0.060078417,2983
0.060080923,2982
0.060085921,2981
0.06008838,2980
0.060092547,2979
0.060098216,2978
0.060100903,2977
0.060105266,2976
0.060108173,2975
0.060111647,2974
0.060119374,2973
0.060123777,2972
0.06013002,2971
0.060132708,2970
0.060136792,2969
0.060138978,2968
0.060143674,2967
0.060148906,2966
0.060151507,2965
0.060156063,2964
0.060161527,2963
0.060169615,2962
0.060178476,2961
0.060182289,2960
0.060187865,2959
0.060200195,2958
0.0602069,2957
0.060211262,2956
0.060215655,2955
0.060224328,2954
0.060229178,2953
0.060238695,2952
0.060241574,2951
0.060248249,2950
0.060252948,2949
0.060258532,2948
0.060263163,2947
0.060267007,2946
0.060269418,2945
0.060272967,2944
0.060275607,2943
0.060278459,2942
0.06028206,2941
0.060285924,2940
0.06029012,2939
0.06029437,2938
0.060297656,2937
0.060301125,2936
0.060304961,2935
0.06030812,2934
0.060312334,2933
0.060315761,2932
0.060318492,2931
0.060323015,2930
0.060328098,2929
0.060331424,2928
0.060337306,2927
0.060344712,2926
0.060347539,2925
0.060350283,2924
0.060354637,2923
0.060357411,2922
0.060360032,2921
0.060364574,2920
0.060368295,2919
0.060372424,2918
0.060377547,2917
0.060380389,2916
0.060386245,2915
0.060389169,2914
0.06039398,2913
0.060397376,2912
0.060401252,2911
0.060405646,2910
0.060408787,2909
0.06041145,2908
0.06041653,2907
0.060420344,2906
0.060424821,2905
0.060427351,2904
0.060431226,2903
0.060436589,2902
0.060442801,2901
0.060448035,2900
0.060451486,2899
0.060454974,2898
0.060460226,2897
0.060463953,2896
0.060467449,2895
0.060474711,2894
0.060481749,2893
0.060485473,2892
0.060489181,2891
0.06049711,2890
0.060501052,2889
0.060506742,2888
0.060512052,2887
0.060515851,2886
0.060519844,2885
0.060532234,2884
0.060537187,2883
0.060541451,2882
0.060546266,2881
0.060551232,2880
0.06056188,2879
0.060565171,2878
0.060568746,2877
0.060572741,2876
0.060575159,2875
0.060581951,2874
0.06058697,2873
0.060589687,2872
0.060593074,2871
0.06059575,2870
0.060601968,2869
0.060609406,2868
0.060614393,2867
0.06061775,2866
0.060620552,2865
0.060623973,2864
0.060627755,2863
0.060658886,2862
0.060661648,2861
0.060664283,2860
0.06066725,2859
0.060671125,2858
0.06067415,2857
0.060678776,2856
0.060683515,2855
0.060686029,2854
0.060688801,2853
0.060745654,2852
0.060748542,2851
0.060762123,2850
0.060790619,2849
0.06108842,2848
0.061095527,2847
0.061098663,2846
0.061102749,2845
0.061105707,2844
0.061113491,2843
0.06111608,2842
0.061118915,2841
0.061122485,2840
0.061126764,2839
0.061132184,2838
0.061138363,2837
0.061142006,2836
0.061145453,2835
0.061151541,2834
0.061156136,2833
0.061159062,2832
0.061161508,2831
0.061164849,2830
0.061167619,2829
0.061171928,2828
0.061175336,2827
0.061178692,2826
0.061181718,2825
0.06118638,2824
0.061190421,2823
0.061192761,2822
0.061196007,2821
0.061200558,2820
0.061203624,2819
0.061206259,2818
0.061209443,2817
0.061216051,2816
0.061219909,2815
0.061225374,2814
0.061231197,2813
0.061235523,2812
0.06124171,2811
0.061245266,2810
0.061248184,2809
0.061252286,2808
0.061256528,2807
0.061260306,2806
0.061265446,2805
0.061270639,2804
0.061273833,2803
0.061277086,2802
0.061281151,2801
0.061284041,2800
0.061292455,2799
0.061633007,2798
0.061656894,2797
0.061660237,2796
0.061664423,2795
0.061670087,2794
0.061674512,2793
0.061677452,2792
0.06168051,2791
0.061684104,2790
0.061687045,2789
0.061692119,2788
0.061695327,2787
0.06170067,2786
0.061704588,2785
0.061708332,2784
0.061710592,2783
0.061717254,2782
0.06171933,2781
0.061723852,2780
0.061728476,2779
0.061731805,2778
0.061735081,2777
0.061742796,2776
0.061746445,2775
0.061752737,2774
0.061756504,2773
0.061760203,2772
0.061769139,2771
0.061772905,2770
0.061778965,2769
0.061786752,2768
0.061790949,2767
0.061794429,2766
0.06179787,2765
0.061800312,2764
0.061806534,2763
0.061810067,2762
0.06181224,2761
0.061814255,2760
0.061816164,2759
0.061818899,2758
0.061823968,2757
0.061827408,2756
0.061831955,2755
0.061835174,2754
0.061841425,2753
0.061844792,2752
0.061848244,2751
0.061852831,2750
0.061857171,2749
0.061860826,2748
0.06186639,2747
0.061872508,2746
0.061881934,2745
0.061886626,2744
0.061889667,2743
0.061893514,2742
0.061896687,2741
0.061899979,2740
0.061903065,2739
0.06190813,2738
0.061911723,2737
0.061914358,2736
0.061917624,2735
0.061920721,2734
0.061924113,2733
0.061926912,2732
0.061929163,2731
0.061932803,2730
0.061937831,2729
0.06194135,2728
0.061944047,2727
0.061948177,2726
0.061952118,2725
0.061955118,2724
0.061957514,2723
0.061960764,2722
0.061966,2721
0.061970416,2720
0.061977105,2719
0.061982093,2718
0.061984658,2717
0.061987235,2716
0.061989881,2715
0.061992523,2714
0.061998452,2713
0.062001279,2712
0.062005887,2711
0.0620084,2710
0.062013911,2709
0.062016433,2708
0.062020578,2707
0.062024494,2706
0.062032378,2705
0.062038862,2704
0.062043833,2703
0.062048309,2702
0.062051389,2701
0.062055319,2700
0.062058378,2699
0.062061298,2698
0.062066299,2697
0.062071242,2696
0.062074216,2695
0.062083559,2694
0.062089433,2693
0.062092081,2692
0.062094881,2691
0.062100298,2690
0.062103041,2689
0.062107649,2688
0.06211138,2687
0.062113673,2686
0.062117096,2685
0.062121874,2684
0.062125145,2683
0.062128504,2682
0.062132121,2681
0.062134423,2680
0.062137431,2679
0.062139925,2678
0.062147569,2677
0.062150066,2676
0.062153292,2675
0.062156175,2674
0.062161992,2673
0.062164452,2672
0.062170448,2671
0.062175793,2670
0.062181189,2669
0.062185284,2668
0.062187644,2667
0.062190514,2666
0.062194978,2665
0.062197113,2664
0.062199253,2663
0.06220336,2662
0.062206387,2661
0.062208457,2660
0.062210596,2659
0.06221391,2658
0.062218111,2657
0.062222732,2656
0.062225355,2655
0.062230964,2654
0.062235853,2653
0.062237944,2652
0.062241083,2651
0.062246106,2650
0.062248025,2649
0.0622512,2648
0.062253936,2647
0.06225778,2646
0.062259797,2645
0.062262369,2644
0.062270544,2643
0.062274044,2642
0.062277537,2641
0.062280289,2640
0.062282673,2639
0.062284941,2638
0.062287781,2637
0.062290068,2636
0.062291972,2635
0.062293957,2634
0.062297775,2633
0.062308233,2632
0.062312881,2631
0.062315846,2630
0.062318238,2629
0.062322753,2628
0.062326552,2627
0.062329761,2626
0.062332704,2625
0.062344289,2624
0.062350222,2623
0.062356083,2622
0.062365624,2621
0.062369476,2620
0.062374665,2619
0.062377439,2618
0.062392885,2617
0.062397577,2616
0.062400079,2615
0.062402542,2614
0.062405732,2613
0.062408352,2612
0.062411664,2611
0.062415991,2610
0.06241923,2609
0.062423148,2608
0.06242657,2607
0.062431076,2606
0.062442621,2605
0.062448384,2604
0.062456826,2603
0.06245921,2602
0.06246569,2601
0.062468649,2600
0.062471095,2599
0.062474654,2598
0.062480035,2597
0.062487188,2596
0.062490976,2595
0.062493392,2594
0.062497902,2593
0.062500834,2592
0.06250431,2591
0.062509611,2590
0.062512559,2589
0.062516157,2588
0.06251901,2587
0.06252319,2586
0.062526839,2585
0.062529398,2584
0.062532747,2583
0.062559376,2582
0.062563232,2581
0.062567135,2580
0.0625714,2579
0.062573979,2578
0.062576822,2577
0.062585779,2576
0.062603565,2575
0.062610687,2574
0.062616083,2573
0.062623713,2572
0.062626178,2571
0.062628513,2570
0.062631967,2569
0.062638379,2568
0.06264245,2567
0.062645079,2566
0.062649796,2565
0.062652729,2564
0.062655205,2563
0.062658333,2562
0.062662246,2561
0.062667022,2560
0.062669653,2559
0.062672036,2558
0.062674448,2557
0.062677846,2556
0.062680263,2555
0.0626827,2554
0.062685749,2553
0.06269099,2552
0.062694336,2551
0.062697045,2550
0.062699594,2549
0.062703359,2548
0.062705629,2547
0.062708166,2546
0.062711653,2545
0.062715371,2544
0.062718449,2543
0.062721005,2542
0.06272466,2541
0.062726922,2540
0.06272992,2539
0.062736855,2538
0.062741186,2537
0.062743638,2536
0.062746918,2535
0.062751375,2534
0.062754546,2533
0.062757525,2532
0.062761234,2531
0.062763842,2530
0.062767216,2529
0.062770276,2528
0.062774659,2527
0.062780322,2526
0.062785602,2525
0.062789122,2524
0.062791584,2523
0.062795891,2522
0.062799689,2521
0.062802801,2520
0.062805632,2519
0.062811118,2518
0.062817947,2517
0.062821756,2516
0.062832275,2515
0.06283572,2514
0.062839312,2513
0.062842732,2512
0.063446734,2511
0.063449775,2510
0.063453976,2509
0.063459302,2508
0.063466842,2507
0.063472005,2506
0.0634756,2505
0.06348083,2504
0.063484843,2503
0.063492505,2502
0.063495184,2501
0.06349874,2500
0.063501277,2499
0.063504663,2498
0.063508807,2497
0.063530342,2496
0.063536107,2495
0.063539056,2494
0.063544678,2493
0.063551084,2492
0.063555027,2491
0.063559329,2490
0.063564895,2489
0.063570096,2488
0.063574672,2487
0.063579117,2486
0.063586958,2485
0.063595931,2484
0.063602076,2483
0.06362582,2482
0.063632947,2481
0.063655255,2480
0.063660996,2479
0.063668649,2478
0.063672241,2477
0.063676136,2476
0.06367945,2475
0.063684936,2474
0.063687314,2473
0.063693767,2472
0.063696405,2471
0.063702091,2470
0.063706568,2469
0.063715254,2468
0.063722421,2467
0.063726696,2466
0.063736578,2465
0.063754478,2464
0.063758021,2463
0.063764272,2462
0.063767862,2461
0.063771473,2460
0.063780283,2459
0.06379111,2458
0.063794463,2457
0.063804779,2456
0.063816754,2455
0.063825306,2454
0.063828707,2453
0.06384038,2452
0.063867037,2451
0.063906969,2450
0.063920782,2449
0.063924121,2448
0.063927915,2447
0.06393728,2446
0.063943326,2445
0.063948195,2444
0.063966531,2443
0.063973686,2442
0.063991607,2441
0.063995873,2440
0.063999925,2439
0.064007275,2438
0.06401027,2437
0.064018538,2436
0.064029684,2435
0.064034387,2434
0.064037227,2433
0.064040192,2432
0.064043486,2431
0.064051639,2430
0.064054117,2429
0.064057587,2428
0.064063187,2427
0.06406935,2426
0.064074639,2425
0.064081168,2424
0.0640923,2423
0.064097306,2422
0.064112215,2421
0.064134837,2420
0.064139363,2419
0.064142101,2418
0.064146808,2417
0.064150524,2416
0.064154354,2415
0.064161922,2414
0.064164483,2413
0.06416925,2412
0.064179534,2411
0.06421486,2410
0.064220072,2409
0.064258806,2408
0.064262899,2407
0.064267969,2406
0.064272236,2405
0.064286485,2404
0.064316592,2403
0.064343054,2402
0.064350023,2401
0.064356203,2400
0.064364511,2399
0.064367247,2398
0.06437307,2397
0.064382492,2396
0.064385973,2395
0.064391421,2394
0.064413498,2393
0.064417661,2392
0.064422543,2391
0.064427424,2390
0.064432984,2389
0.064469685,2388
0.064472806,2387
0.064475679,2386
0.064484917,2385
0.064494342,2384
0.064524125,2383
0.064527855,2382
0.064531206,2381
0.064537815,2380
0.064540514,2379
0.064547071,2378
0.064554547,2377
0.064559987,2376
0.064570088,2375
0.064573963,2374
0.064580808,2373
0.064583814,2372
0.064589247,2371
0.064593789,2370
0.064599702,2369
0.064628299,2368
0.064637358,2367
0.064642835,2366
0.064652956,2365
0.064661781,2364
0.06467027,2363
0.064678035,2362
0.064681411,2361
0.064687749,2360
0.064693269,2359
0.064700923,2358
0.064706144,2357
0.064711544,2356
0.064715296,2355
0.064723915,2354
0.064728321,2353
0.064736773,2352
0.064741301,2351
0.064744719,2350
0.06474732,2349
0.06475864,2348
0.064763217,2347
0.064768562,2346
0.064774097,2345
0.064778766,2344
0.064786356,2343
0.064793925,2342
0.064797589,2341
0.06480688,2340
0.064822548,2339
0.064828567,2338
0.064842762,2337
0.064845808,2336
0.064849497,2335
0.064855427,2334
0.064857975,2333
0.064862984,2332
0.064868092,2331
0.064871345,2330
0.064875245,2329
0.065112521,2328
0.065121315,2327
0.065129075,2326
0.065131785,2325
0.06513507,2324
0.065138133,2323
0.065148902,2322
0.065157722,2321
0.065165947,2320
0.065190137,2319
0.065199262,2318
0.06520596,2317
0.065209514,2316
0.065216036,2315
0.065253702,2314
0.065270091,2313
0.065280807,2312
0.065283905,2311
0.065298875,2310
0.065301716,2309
0.065320148,2308
0.065332295,2307
0.065363587,2306
0.065370337,2305
0.065377796,2304
0.065382619,2303
0.065388965,2302
0.065401644,2301
0.065405315,2300
0.065412205,2299
0.065594969,2298
0.065597733,2297
0.065609465,2296
0.065676636,2295
0.065715589,2294
0.065736564,2293
0.06578941,2292
0.06579865,2291
0.065823615,2290
0.065844196,2289
0.065970862,2288
0.06598639,2287
0.066041081,2286
0.066213271,2285
0.066301558,2284
0.066397652,2283
