0.048127345,3669
0.048193897,3668
0.048246817,3667
0.048287384,3666
0.048356148,3665
0.04838797,3664
0.048403803,3663
0.048414851,3662
0.048430205,3661
0.048441999,3660
0.048450896,3659
0.048460315,3658
0.048469136,3657
0.048477396,3656
0.04865537,3655
0.048667371,3654
0.048677697,3653
0.048687129,3652
0.048696407,3651
0.048705911,3650
0.048715885,3649
0.048738894,3648
0.048758507,3647
0.048798666,3646
0.048807108,3645
0.048815911,3644
0.04882382,3643
0.048834131,3642
0.048842742,3641
0.048850659,3640
0.048868396,3639
0.048877072,3638
0.048884995,3637
0.049341196,3636
0.049355051,3635
0.049390892,3634
0.049399622,3633
0.049436261,3632
0.049470704,3631
0.049480079,3630
0.049515813,3629
0.049524086,3628
0.049558132,3627
0.04956728,3626
0.04960492,3625
0.049627796,3624
0.049662084,3623
0.049671971,3622
0.049679164,3621
0.049694856,3620
0.049708427,3619
0.049715516,3618
0.049751017,3617
0.049789131,3616
0.049827486,3615
0.049835049,3614
0.04984909,3613
0.049861539,3612
0.049911951,3611
0.049918077,3610
0.049927562,3609
0.049938148,3608
0.049944576,3607
0.049950293,3606
0.050015193,3605
0.050022549,3604
0.050088298,3603
0.050109609,3602
0.050123227,3601
0.050131506,3600
0.050140811,3599
0.050146848,3598
0.050167099,3597
0.050172676,3596
0.050177965,3595
0.050183451,3594
0.050204838,3593
0.050210126,3592
0.050214661,3591
0.050219136,3590
0.050224322,3589
0.05022913,3588
0.050233973,3587
0.050238578,3586
0.050243655,3585
0.050248692,3584
0.050254045,3583
0.050257665,3582
0.050261578,3581
0.050265107,3580
0.050272161,3579
0.050276939,3578
0.050282663,3577
0.050287828,3576
0.050292772,3575
0.050296716,3574
0.050302063,3573
0.050307503,3572
0.050312437,3571
0.050317241,3570
0.050322337,3569
0.050327094,3568
0.05033245,3567
0.050337379,3566
0.050342901,3565
0.050347586,3564
0.050352693,3563
0.050357409,3562
0.05036121,3561
0.050364832,3560
0.050368495,3559
0.05037194,3558
0.050379386,3557
0.050383844,3556
0.050389389,3555
0.050394791,3554
0.050400531,3553
0.050409463,3552
0.050415078,3551
0.050420632,3550
0.050426202,3549
0.050431819,3548
0.050454075,3547
0.050461741,3546
0.050466489,3545
0.050471352,3544
0.050509039,3543
0.050530603,3542
0.0505472,3541
0.050559691,3540
0.050568099,3539
0.05057421,3538
0.050578859,3537
0.050583113,3536
0.050587264,3535
0.050591765,3534
0.050596049,3533
0.050600697,3532
0.050604854,3531
0.050608924,3530
0.050613525,3529
0.050618039,3528
0.050622491,3527
0.050632614,3526
0.050637463,3525
0.050641894,3524
0.050645976,3523
0.050650333,3522
0.050654924,3521
0.050659213,3520
0.050663194,3519
0.050667073,3518
0.050671157,3517
0.050675222,3516
0.050679406,3515
0.050683422,3514
0.050687715,3513
0.050691835,3512
0.050696057,3511
0.050700563,3510
0.050704958,3509
0.050708709,3508
0.050714227,3507
0.050719183,3506
0.050724324,3505
0.05072929,3504
0.050736353,3503
0.05074734,3502
0.050751645,3501
0.050759634,3500
0.050763843,3499
0.050768779,3498
0.050773328,3497
0.050777872,3496
0.050782604,3495
0.050788047,3494
0.050793184,3493
0.050797752,3492
0.050802607,3491
0.050807401,3490
0.050812364,3489
0.05081716,3488
0.050822249,3487
0.050826619,3486
0.050831527,3485
0.050837033,3484
0.05084445,3483
0.050849902,3482
0.050855421,3481
0.050861125,3480
0.050866277,3479
0.05087885,3478
0.050895822,3477
0.050901448,3476
0.050905838,3475
0.050910037,3474
0.050918034,3473
0.050922166,3472
0.050926387,3471
0.050930761,3470
0.050935001,3469
0.050939006,3468
0.050943374,3467
0.050947715,3466
0.050951827,3465
0.050956152,3464
0.050959903,3463
0.050963411,3462
0.050966839,3461
0.050970313,3460
0.050973602,3459
0.050978344,3458
0.050983196,3457
0.050986985,3456
0.050990921,3455
0.050995632,3454
0.050999934,3453
0.051004783,3452
0.051009359,3451
0.051014256,3450
0.051019066,3449
0.051023525,3448
0.051034705,3447
0.051040388,3446
0.051044136,3445
0.051047608,3444
0.051051185,3443
0.051054662,3442
0.05105826,3441
0.051061812,3440
0.051065179,3439
0.051071642,3438
0.05107579,3437
0.05108113,3436
0.051084809,3435
0.051088182,3434
0.051091679,3433
0.051095086,3432
0.051098952,3431
0.051102308,3430
0.051141705,3429
0.051177425,3428
0.051182946,3427
0.051188367,3426
0.051199581,3425
0.051205037,3424
0.051209585,3423
0.051214556,3422
0.051224121,3421
0.051229053,3420
0.051233038,3419
0.051237329,3418
0.051241105,3417
0.051245621,3416
0.051357986,3415
0.051365516,3414
0.0513698,3413
0.051373496,3412
0.051377197,3411
0.051382237,3410
0.051413248,3409
0.051419137,3408
0.051424448,3407
0.051429219,3406
0.051433772,3405
0.051438357,3404
0.051442479,3403
0.051446707,3402
0.051449986,3401
0.05145318,3400
0.051456616,3399
0.051459686,3398
0.051463025,3397
0.05146637,3396
0.05146954,3395
0.051472465,3394
0.051475616,3393
0.051478703,3392
0.051481699,3391
0.051484988,3390
0.051487891,3389
0.051491134,3388
0.051494231,3387
0.051497267,3386
0.051502603,3385
0.051506801,3384
0.051511989,3383
0.05151651,3382
0.051520056,3381
0.051523128,3380
0.051526041,3379
0.051529168,3378
0.05153212,3377
0.05153513,3376
0.051538481,3375
0.051542564,3374
0.051546689,3373
0.051550975,3372
0.051555156,3371
0.05155943,3370
0.051564221,3369
0.053144754,3368
0.05317109,3367
0.053219358,3366
0.053224193,3365
0.053228852,3364
0.053233284,3363
0.053237991,3362
0.053242254,3361
0.053281554,3360
0.053285585,3359
0.053289824,3358
0.053294251,3357
0.05329858,3356
0.053302689,3355
0.053307273,3354
0.053311824,3353
0.053315906,3352
0.053319863,3351
0.053323973,3350
0.053328139,3349
0.053332114,3348
0.053335987,3347
0.05335044,3346
0.053355953,3345
0.053360311,3344
0.053364827,3343
0.053370032,3342
0.053374722,3341
0.053379078,3340
0.053388651,3339
0.053398126,3338
0.053411249,3337
0.053416573,3336
0.053421943,3335
0.053427023,3334
0.053432343,3333
0.053436075,3332
0.053439801,3331
0.053443767,3330
0.053447061,3329
0.053450634,3328
0.053456378,3327
0.053464199,3326
0.05346934,3325
0.053473809,3324
0.053478139,3323
0.053481586,3322
0.053485423,3321
0.053489202,3320
0.053496216,3319
0.053499906,3318
0.053503635,3317
0.053507219,3316
0.053510846,3315
0.053514577,3314
0.053518649,3313
0.053522978,3312
0.053527185,3311
0.053531145,3310
0.053534902,3309
0.05353857,3308
0.053542457,3307
0.053546038,3306
0.053549833,3305
0.053553534,3304
0.053557934,3303
0.053562028,3302
0.05356558,3301
0.0535692,3300
0.053573156,3299
0.053576784,3298
0.053580593,3297
0.053586162,3296
0.053590537,3295
0.053594787,3294
0.053603124,3293
0.053607212,3292
0.053611613,3291
0.053621405,3290
0.053627197,3289
0.053671125,3288
0.053715857,3287
0.053722621,3286
0.053727358,3285
0.053732079,3284
0.053739262,3283
0.05374467,3282
0.053749253,3281
0.053753579,3280
0.053761686,3279
0.053798731,3278
0.053804066,3277
0.053848161,3276
0.053855404,3275
0.053859767,3274
0.053863722,3273
0.053867907,3272
0.053874797,3271
0.053886046,3270
0.053890663,3269
0.053894767,3268
0.053899041,3267
0.053903095,3266
0.053906921,3265
0.05391065,3264
0.053914628,3263
0.053918892,3262
0.053923193,3261
0.053927325,3260
0.053931664,3259
0.053935982,3258
0.053939972,3257
0.053944481,3256
0.053948387,3255
0.053952917,3254
0.053956997,3253
0.053961461,3252
0.053965606,3251
0.053969628,3250
0.053973608,3249
0.053981347,3248
0.053985632,3247
0.053990423,3246
0.05399431,3245
0.053998101,3244
0.054001759,3243
0.054005865,3242
0.054009772,3241
0.05401461,3240
0.054019021,3239
0.054023022,3238
0.054027327,3237
0.054030541,3236
0.054033789,3235
0.054036716,3234
0.054039608,3233
0.054042335,3232
0.054045356,3231
0.054049673,3230
0.054053133,3229
0.054056462,3228
0.054059748,3227
0.054062991,3226
0.054065736,3225
0.054068481,3224
0.054071431,3223
0.054074248,3222
0.054078565,3221
0.054082601,3220
0.054086385,3219
0.054089816,3218
0.054093452,3217
0.054097184,3216
0.054100865,3215
0.054104445,3214
0.054108106,3213
0.054111936,3212
0.054115736,3211
0.054119383,3210
0.054123222,3209
0.054126756,3208
0.05413017,3207
0.054133655,3206
0.054137053,3205
0.054140478,3204
0.054144639,3203
0.054148114,3202
0.054152375,3201
0.054155634,3200
0.054158996,3199
0.054162233,3198
0.054165241,3197
0.054202645,3196
0.054211808,3195
0.054219157,3194
0.054249458,3193
0.054261702,3192
0.054273603,3191
0.054278542,3190
0.054283059,3189
0.054288211,3188
0.054292721,3187
0.054296663,3186
0.054300619,3185
0.054304723,3184
0.054309268,3183
0.054313265,3182
0.054317752,3181
0.054334831,3180
0.054346882,3179
0.054351102,3178
0.054355778,3177
0.054359687,3176
0.054390761,3175
0.054394811,3174
0.054398614,3173
0.054402492,3172
0.054406131,3171
0.054410182,3170
0.054414365,3169
0.054423311,3168
0.054434439,3167
0.054447013,3166
0.054451363,3165
0.054456173,3164
0.054461049,3163
0.054465723,3162
0.054470397,3161
0.054474661,3160
0.054479527,3159
0.054589128,3158
0.054633531,3157
0.05463947,3156
0.054644363,3155
0.054649087,3154
0.054686528,3153
0.054690409,3152
0.054694241,3151
0.05469818,3150
0.056506379,3149
0.056541805,3148
0.0565456,3147
0.056549653,3146
0.056554521,3145
0.056559576,3144
0.056562863,3143
0.056568867,3142
0.056572268,3141
0.056575541,3140
0.056584265,3139
0.056589178,3138
0.056593742,3137
0.056601925,3136
0.056606011,3135
0.056613248,3134
0.056617499,3133
0.056621216,3132
0.056625695,3131
0.056631603,3130
0.056635323,3129
0.056640342,3128
0.056643812,3127
0.056647104,3126
0.056650346,3125
0.056653285,3124
0.056659899,3123
0.056662943,3122
0.056666163,3121
0.056669185,3120
0.056672225,3119
0.056675346,3118
0.0566797,3117
0.056684235,3116
0.056689199,3115
0.056691949,3114
0.056694548,3113
0.056697181,3112
0.056699681,3111
0.056703712,3110
0.056706181,3109
0.056708553,3108
0.056717306,3107
0.056719722,3106
0.056723201,3105
0.056726369,3104
0.056728784,3103
0.056735918,3102
0.056738417,3101
0.056740821,3100
0.056745371,3099
0.056748857,3098
0.056752577,3097
0.056758342,3096
0.056763518,3095
0.056773269,3094
0.056778163,3093
0.056781716,3092
0.056785268,3091
0.056789057,3090
0.056792484,3089
0.056797454,3088
0.056800789,3087
0.056806781,3086
0.05681305,3085
0.056816243,3084
0.056820782,3083
0.056825723,3082
0.056830404,3081
0.056833942,3080
0.05683699,3079
0.056840468,3078
0.056843499,3077
0.056850753,3076
0.056853584,3075
0.056858135,3074
0.056861807,3073
0.056864081,3072
0.056866856,3071
0.056869702,3070
0.056875583,3069
0.056883405,3068
0.056886341,3067
0.056889001,3066
0.0568947,3065
0.056897151,3064
0.056930772,3063
0.056934679,3062
0.056938207,3061
0.056948103,3060
0.056951619,3059
0.056957129,3058
0.056962246,3057
0.056965526,3056
0.05697046,3055
0.056974723,3054
0.056978384,3053
0.056982476,3052
0.056986119,3051
0.056990178,3050
0.056995531,3049
0.056999192,3048
0.057007409,3047
0.057016558,3046
0.057021527,3045
0.057025206,3044
0.057031944,3043
0.05703519,3042
0.057039323,3041
0.057092662,3040
0.057100622,3039
0.057106997,3038
0.057119077,3037
0.057122123,3036
0.057125292,3035
0.057128868,3034
0.05713243,3033
0.05713594,3032
0.05713904,3031
0.05714319,3030
0.057191468,3029
0.057195199,3028
0.057201698,3027
0.057437802,3026
0.05744293,3025
0.057452205,3024
0.057456432,3023
0.0574687,3022
0.057473075,3021
0.057478534,3020
0.057481931,3019
0.057495968,3018
0.057499653,3017
0.057503322,3016
0.057506886,3015
0.057513551,3014
0.057518801,3013
0.0575237,3012
0.057527578,3011
0.057532268,3010
0.057569085,3009
0.057608414,3008
0.057614447,3007
0.057621386,3006
0.057625615,3005
0.057630925,3004
0.05763438,3003
0.057637694,3002
0.057651392,3001
0.057687781,3000
0.057709402,2999
0.057718331,2998
0.057726655,2997
0.057730527,2996
0.057745852,2995
0.057749583,2994
0.057754847,2993
0.05775813,2992
0.057761544,2991
0.057765075,2990
0.057768467,2989
0.057771633,2988
0.057781536,2987
0.057784908,2986
0.057787945,2985
0.057794272,2984
0.057797606,2983
0.057802179,2982
0.057809801,2981
0.057813204,2980
0.057816372,2979
0.057819802,2978
0.057823628,2977
0.057828433,2976
0.057832085,2975
0.057836284,2974
0.057843835,2973
0.057847946,2972
0.057853729,2971
0.057857071,2970
0.057863234,2969
0.057865993,2968
0.057868834,2967
0.057874641,2966
0.057877575,2965
0.057881091,2964
0.057885506,2963
0.057888818,2962
0.057897111,2961
0.057900233,2960
0.057904889,2959
0.057912779,2958
0.057918342,2957
0.057921433,2956
0.057924638,2955
0.057930443,2954
0.057934104,2953
0.057942279,2952
0.057945604,2951
0.057952982,2950
0.057958159,2949
0.05796316,2948
0.057968765,2947
0.057974708,2946
0.05800653,2945
0.058056856,2944
0.058068693,2943
0.058072644,2942
0.058076062,2941
0.058080976,2940
0.058085633,2939
0.058089621,2938
0.058093124,2937
0.058097345,2936
0.058101127,2935
0.058104866,2934
0.058109199,2933
0.058116716,2932
0.058120664,2931
0.05812569,2930
0.058131469,2929
0.058135684,2928
0.058142943,2927
0.058146422,2926
0.058149659,2925
0.058154618,2924
0.058159978,2923
0.058164141,2922
0.058168118,2921
0.058173227,2920
0.058182541,2919
0.058187915,2918
0.05819309,2917
0.058197043,2916
0.058200916,2915
0.058204243,2914
0.058207658,2913
0.058211253,2912
0.058225492,2911
0.058232505,2910
0.05825076,2909
0.058262663,2908
0.058286645,2907
0.058325611,2906
0.058383697,2905
0.060570611,2904
0.060602142,2903
0.060685262,2902
0.060762052,2901
0.060821721,2900
0.106167654,2899
0.106182212,2898
0.106190062,2897
0.106194504,2896
0.106198487,2895
0.10620597,2894
0.106213769,2893
0.106217832,2892
0.106221592,2891
0.106225123,2890
0.106229537,2889
0.106235241,2888
0.106241192,2887
0.106245073,2886
0.106248988,2885
0.106256633,2884
0.106261869,2883
0.106265875,2882
0.106270109,2881
0.106273909,2880
0.106350934,2879
0.106356079,2878
0.106363342,2877
0.106370659,2876
0.10637592,2875
0.106382,2874
0.106388711,2873
0.106397256,2872
0.106403285,2871
0.106407919,2870
0.106413563,2869
0.107145738,2868
0.107162927,2867
0.107169222,2866
0.107174107,2865
0.107178417,2864
0.107182535,2863
0.107188638,2862
0.107192509,2861
0.107196474,2860
0.107201357,2859
0.107265129,2858
0.107271208,2857
0.10727673,2856
0.107282558,2855
0.10728727,2854
0.107291375,2853
0.107302513,2852
0.107306507,2851
0.10731044,2850
0.107321747,2849
0.107327494,2848
0.107332794,2847
0.107353456,2846
0.107394408,2845
0.107901428,2844
0.108000351,2843
0.108019753,2842
0.108050125,2841
0.108080572,2840
0.108104982,2839
0.108135616,2838
0.108185051,2837
0.108194019,2836
0.108198308,2835
0.108205817,2834
0.108211726,2833
0.108216444,2832
0.108220034,2831
0.108223908,2830
0.10822732,2829
0.108232401,2828
0.108236601,2827
0.108239615,2826
0.108243164,2825
0.10824868,2824
0.108254298,2823
0.108258114,2822
0.108262377,2821
0.10827068,2820
0.108274874,2819
0.108278527,2818
0.108281659,2817
0.108289554,2816
0.10829764,2815
0.108320361,2814
0.108325856,2813
0.108330427,2812
0.108335043,2811
0.108450134,2810
0.108462345,2809
0.108476509,2808
0.108489995,2807
0.108495538,2806
0.108500137,2805
0.108505828,2804
0.10850893,2803
0.10851219,2802
0.108516974,2801
0.108520173,2800
0.108523734,2799
0.108527202,2798
0.108530258,2797
0.108533055,2796
0.108537151,2795
0.108542311,2794
0.108546003,2793
0.108560254,2792
0.108564947,2791
0.108569292,2790
0.108572582,2789
0.108585374,2788
0.10858961,2787
0.108596603,2786
0.108602388,2785
0.108606319,2784
0.108609885,2783
0.108619691,2782
0.108622877,2781
0.108625881,2780
0.108635852,2779
0.108639525,2778
0.108642728,2777
0.108650005,2776
0.108654297,2775
0.108660064,2774
0.108663283,2773
0.108676803,2772
0.108686313,2771
0.10872295,2770
0.108729119,2769
0.10873363,2768
0.108738204,2767
0.108741818,2766
0.108755335,2765
0.108759627,2764
0.108763993,2763
0.108768415,2762
0.108771868,2761
0.108774647,2760
0.108781107,2759
0.108786082,2758
0.108789806,2757
0.108792851,2756
0.108796787,2755
0.10880195,2754
0.108808333,2753
0.108811554,2752
0.108815449,2751
0.108819888,2750
0.110676936,2749
0.110698581,2748
0.110702579,2747
0.110706414,2746
0.110743546,2745
0.110757843,2744
0.110761483,2743
0.110765757,2742
0.110769146,2741
0.110772494,2740
0.110775551,2739
0.110781816,2738
0.110786056,2737
0.110789206,2736
0.110793478,2735
0.110797232,2734
0.110802158,2733
0.11080584,2732
0.110809477,2731
0.110812702,2730
0.110817436,2729
0.110820639,2728
0.110823784,2727
0.110837396,2726
0.110841883,2725
0.110845793,2724
0.110849254,2723
0.110852208,2722
0.110858914,2721
0.110863525,2720
0.110867654,2719
0.110875673,2718
0.110879443,2717
0.114878183,2716
0.114883986,2715
0.114887869,2714
0.114901494,2713
0.114904512,2712
0.114909,2711
0.114913137,2710
0.114918616,2709
0.114921699,2708
0.114924599,2707
0.11492907,2706
0.114937136,2705
0.1149509,2704
0.114954798,2703
0.114959591,2702
0.114963226,2701
0.114968399,2700
0.114972411,2699
0.114976857,2698
0.11498363,2697
0.114989405,2696
0.114993111,2695
0.115010273,2694
0.115017133,2693
0.115020483,2692
0.115024227,2691
0.115037961,2690
0.115041359,2689
0.115047788,2688
0.115052707,2687
0.11505617,2686
0.11506072,2685
0.115073805,2684
0.115078243,2683
0.115082916,2682
0.115088019,2681
0.115091531,2680
0.115096024,2679
0.115099394,2678
0.115114624,2677
0.115118204,2676
0.115122409,2675
0.11512685,2674
0.115130172,2673
0.115133743,2672
0.115148704,2671
0.115162489,2670
0.11519988,2669
0.11520668,2668
0.115210242,2667
0.115215246,2666
0.115222776,2665
0.11522659,2664
0.115230561,2663
0.115234279,2662
0.11523812,2661
0.115242218,2660
0.115245955,2659
0.115251566,2658
0.115258345,2657
0.11526562,2656
0.115269622,2655
0.115278613,2654
0.115285962,2653
0.115289219,2652
0.115298882,2651
0.115303246,2650
0.115306576,2649
0.115310506,2648
0.115317881,2647
0.115328491,2646
0.115336491,2645
0.115391628,2644
0.115459916,2643
0.115520848,2642
0.115576531,2641
0.115593257,2640
0.11561325,2639
0.115635376,2638
0.115646528,2637
0.115657534,2636
0.115667564,2635
0.115674313,2634
0.115687002,2633
0.11570369,2632
0.115719404,2631
0.115729765,2630
0.115768948,2629
0.115810834,2628
0.115824603,2627
0.115840232,2626
0.115857709,2625
0.115860769,2624
0.115867968,2623
0.115873374,2622
0.115890183,2621
0.115894893,2620
0.115899515,2619
0.115902421,2618
0.115929533,2617
0.115935393,2616
0.115943908,2615
0.115948005,2614
0.115952012,2613
0.115999745,2612
0.116039429,2611
0.116081811,2610
0.11612526,2609
0.116138448,2608
0.116144609,2607
0.116150177,2606
0.116296667,2605
0.116310701,2604
0.116459773,2603
0.116869692,2602
0.116888118,2601
0.116899169,2600
0.117083528,2599
0.117130763,2598
0.117146362,2597
0.11715583,2596
0.117161186,2595
0.117164864,2594
0.1171702,2593
0.117173909,2592
0.117178644,2591
0.117186238,2590
0.117189611,2589
0.117194252,2588
0.117215955,2587
0.117231442,2586
0.117252357,2585
0.117273581,2584
0.11729813,2583
0.117403198,2582
0.117428661,2581
0.117456533,2580
0.117593102,2579
0.117605812,2578
0.117610139,2577
0.117728503,2576
0.117738913,2575
0.117748106,2574
0.117809844,2573
0.117819892,2572
0.117831726,2571
0.117843801,2570
0.117863413,2569
0.117869595,2568
0.117883875,2567
0.117889103,2566
0.117905113,2565
0.117909193,2564
0.117996596,2563
0.1180204,2562
0.118027599,2561
0.118034744,2560
0.118038025,2559
0.118041339,2558
0.118044706,2557
0.118048836,2556
0.118051893,2555
0.118054607,2554
0.118058682,2553
0.118064496,2552
0.118073904,2551
0.118077447,2550
0.118081088,2549
0.118087107,2548
0.118090577,2547
0.11818773,2546
0.118255515,2545
0.118304089,2544
0.118352786,2543
0.118402782,2542
0.118489966,2541
0.119173291,2540
0.119206148,2539
0.119238348,2538
0.119250669,2537
0.119263549,2536
0.119278357,2535
0.119310366,2534
0.119333112,2533
0.119384029,2532
0.11939873,2531
0.119447691,2530
0.119506365,2529
0.119556091,2528
0.119639845,2527
0.119667266,2526
0.119696385,2525
0.119711322,2524
0.119727636,2523
0.119853782,2522
0.119921835,2521
0.119935812,2520
0.119940055,2519
0.119947095,2518
0.119994264,2517
0.119999792,2516
0.120019937,2515
0.12002275,2514
0.12002671,2513
0.120029797,2512
0.127847576,2511
0.127888607,2510
0.127894208,2509
0.127900828,2508
0.127910704,2507
0.127944084,2506
0.127949217,2505
0.127957148,2504
0.127962573,2503
0.127972859,2502
0.12798129,2501
0.127987578,2500
0.127992398,2499
0.127996353,2498
0.128075658,2497
0.128124482,2496
0.128130731,2495
0.128134666,2494
0.128141877,2493
0.128149851,2492
0.128155509,2491
0.12816147,2490
0.128168369,2489
0.12817347,2488
0.128178442,2487
0.12818412,2486
0.12822309,2485
0.12823561,2484
0.128242684,2483
0.128257558,2482
0.128291979,2481
0.128332843,2480
0.128340485,2479
0.128375089,2478
0.128379333,2477
0.128383865,2476
0.128388808,2475
0.128395931,2474
0.128399141,2473
0.128408357,2472
0.128449631,2471
0.12847176,2470
0.128495324,2469
0.128511374,2468
0.128520222,2467
0.128525225,2466
0.128536859,2465
0.128556887,2464
0.128560697,2463
0.128567325,2462
0.12857155,2461
0.128575436,2460
0.128585256,2459
0.12859564,2458
0.128604292,2457
0.128611947,2456
0.128623776,2455
0.12863296,2454
0.128636983,2453
0.128649168,2452
0.128678717,2451
0.128685829,2450
0.128701613,2449
0.128705208,2448
0.128710252,2447
0.128721085,2446
0.12872576,2445
0.128732962,2444
0.128749203,2443
0.128758061,2442
0.128777591,2441
0.128782905,2440
0.128787721,2439
0.128801998,2438
0.128806147,2437
0.128812277,2436
0.128830202,2435
0.128835138,2434
0.128839351,2433
0.128843203,2432
0.128848251,2431
0.12886638,2430
0.128870078,2429
0.1288757,2428
0.128882726,2427
0.128896927,2426
0.128904116,2425
0.128919218,2424
0.128940702,2423
0.128948091,2422
0.128973998,2421
0.128998199,2420
0.129002535,2419
0.129006026,2418
0.129012473,2417
0.129017468,2416
0.129023266,2415
0.129038103,2414
0.12904166,2413
0.129047545,2412
0.129063366,2411
0.129078131,2410
0.129082956,2409
0.129102537,2408
0.12910657,2407
0.12911134,2406
0.129115277,2405
0.129140467,2404
0.129159906,2403
0.129194852,2402
0.129204233,2401
0.129213026,2400
0.129226208,2399
0.129229902,2398
0.129238105,2397
0.129257897,2396
0.129261659,2395
0.129268539,2394
0.129287412,2393
0.129293831,2392
0.129299876,2391
0.12930519,2390
0.129312836,2389
0.129344608,2388
0.129347973,2387
0.129351457,2386
0.129368325,2385
0.129385819,2384
0.129410619,2383
0.12941563,2382
0.129420446,2381
0.129429452,2380
0.129433164,2379
0.129444018,2378
0.129455002,2377
0.129463387,2376
0.129478536,2375
0.129483769,2374
0.129492211,2373
0.129495389,2372
0.129503555,2371
0.12951,2370
0.129519095,2369
0.129530549,2368
0.129548162,2367
0.129554443,2366
0.129573206,2365
0.129586015,2364
0.129597485,2363
0.129605765,2362
0.129608822,2361
0.129616767,2360
0.129622852,2359
0.129630825,2358
0.129714368,2357
0.129720181,2356
0.129723476,2355
0.129732887,2354
0.129739045,2353
0.129752213,2352
0.12975797,2351
0.129763148,2350
0.129767062,2349
0.129795146,2348
0.129801937,2347
0.129857782,2346
0.130020462,2345
0.130048149,2344
0.130102501,2343
0.130115398,2342
0.130231044,2341
0.130243639,2340
0.130278021,2339
0.130284859,2338
0.130396346,2337
0.130408113,2336
0.13042276,2335
0.130431945,2334
0.130437398,2333
0.130444083,2332
0.130467528,2331
0.130472223,2330
0.130479205,2329
0.130843064,2328
0.130864284,2327
0.130876574,2326
0.130881193,2325
0.130897535,2324
0.130903827,2323
0.130923061,2322
0.130938015,2321
0.130951929,2320
0.130991951,2319
0.131007115,2318
0.131017328,2317
0.131022923,2316
0.131033426,2315
0.131094698,2314
0.131118968,2313
0.131134691,2312
0.131138993,2311
0.131202271,2310
0.131206596,2309
0.131237336,2308
0.131267387,2307
0.131319873,2306
0.131331554,2305
0.131372393,2304
0.13138196,2303
0.131388189,2302
0.131409973,2301
0.13141579,2300
0.131430885,2299
0.131687888,2298
0.131692263,2297
0.131711426,2296
0.131740299,2295
0.131772515,2294
0.132236282,2293
0.132334483,2292
0.132581727,2291
0.132640069,2290
0.133493349,2289
0.13607819,2288
0.136107928,2287
0.136207214,2286
0.136413625,2285
0.136583585,2284
0.136691101,2283
0.174166561,2282
0.24243862,2281
0.254811265,2280
0.26068458,2279
0.274798919,2278
0.297066782,2277
0.311425664,2276
0.324965344,2275
0.329015467,2274
0.335433215,2273
0.342278925,2272
0.345741845,2271
0.357954274,2270
0.382788869,2269
0.384928598,2268
0.387928135,2267
0.40306454,2266
0.415365121,2265
0.418486739,2264
0.430355209,2263
0.446015003,2262
0.460100548,2261
0.480252337,2260
0.48454776,2259
0.519800285,2258
0.542702496,2257
0.550077719,2256
0.564937959,2255
0.568511462,2254
0.577360903,2253
0.609941519,2252
0.624105844,2251
0.627011958,2250
0.630010197,2249
0.642533532,2248
0.646510679,2247
0.657054301,2246
0.70420188,2245
0.715612236,2244
0.720802582,2243
0.731301466,2242
0.732074814,2241
0.739445881,2240
0.744574882,2239
0.751504295,2238
0.758344391,2237
0.764878191,2236
0.76938806,2235
0.773770547,2234
0.825978442,2233
0.832980984,2232
0.849124497,2231
0.854274775,2230
0.89589269,2229
0.936535178,2228
0.950957514,2227
0.969860627,2226
1.009324409,2225
1.031412551,2224
1.146542943,2223
