0.195302037,6823
0.19540426,6822
0.195438388,6821
0.195492121,6820
0.195555928,6819
0.195595758,6818
0.195610125,6817
0.195615473,6816
0.195620658,6815
0.195626133,6814
0.195635109,6813
0.195643948,6812
0.195652648,6811
0.19566229,6810
0.195710735,6809
0.19571987,6808
0.195726038,6807
0.196212585,6806
0.196218919,6805
0.196225738,6804
0.196231126,6803
0.196239114,6802
0.196249336,6801
0.196255529,6800
0.196261198,6799
0.196266653,6798
0.196282084,6797
0.196305717,6796
0.196312283,6795
0.19633138,6794
0.196346275,6793
0.196364515,6792
0.196375,6791
0.196390363,6790
0.196410937,6789
0.196418313,6788
0.19642486,6787
0.196431748,6786
0.196437738,6785
0.196443646,6784
0.196460211,6783
0.196466912,6782
0.196473072,6781
0.196479845,6780
0.196487331,6779
0.196493141,6778
0.196498717,6777
0.196504333,6776
0.196509707,6775
0.196516299,6774
0.196523793,6773
0.196529947,6772
0.196549812,6771
0.196556799,6770
0.196562489,6769
0.19658443,6768
0.196590628,6767
0.196596289,6766
0.19660251,6765
0.196608218,6764
0.196614223,6763
0.196622026,6762
0.196629493,6761
0.196638793,6760
0.196647066,6759
0.196654394,6758
0.196660453,6757
0.196666577,6756
0.196672853,6755
0.196678843,6754
0.196686975,6753
0.196692239,6752
0.196700203,6751
0.196706975,6750
0.196717103,6749
0.19672352,6748
0.196732147,6747
0.19674108,6746
0.19674796,6745
0.196754407,6744
0.196760514,6743
0.196766318,6742
0.196773827,6741
0.196779698,6740
0.196787558,6739
0.196795136,6738
0.196802669,6737
0.196810143,6736
0.196833748,6735
0.196891691,6734
0.196900302,6733
0.196908522,6732
0.196916352,6731
0.1969248,6730
0.196933778,6729
0.196969817,6728
0.196980244,6727
0.196989617,6726
0.196998766,6725
0.197008466,6724
0.19702791,6723
0.197044749,6722
0.197059061,6721
0.197077494,6720
0.197092392,6719
0.197132781,6718
0.197163083,6717
0.197172159,6716
0.197181025,6715
0.197196861,6714
0.197221018,6713
0.197228499,6712
0.197236101,6711
0.197245058,6710
0.197251668,6709
0.197259162,6708
0.197266165,6707
0.197305814,6706
0.197345003,6705
0.197382891,6704
0.197433864,6703
0.197472703,6702
0.197480607,6701
0.197488375,6700
0.197502384,6699
0.197509485,6698
0.197516799,6697
0.197525777,6696
0.197534125,6695
0.197544369,6694
0.197552256,6693
0.197743777,6692
0.197781043,6691
0.197822312,6690
0.197896429,6689
0.197907078,6688
0.197914977,6687
0.19792057,6686
0.197924674,6685
0.197928259,6684
0.197932116,6683
0.197947081,6682
0.197953679,6681
0.197957325,6680
0.197960827,6679
0.197964551,6678
0.197968154,6677
0.197972307,6676
0.197976069,6675
0.197979736,6674
0.197983018,6673
0.197987582,6672
0.19799114,6671
0.197996153,6670
0.198000582,6669
0.198005185,6668
0.198009788,6667
0.198014884,6666
0.198018535,6665
0.198022948,6664
0.198026897,6663
0.19803282,6662
0.198040154,6661
0.19805256,6660
0.19805718,6659
0.19806154,6658
0.198078183,6657
0.198092017,6656
0.198106558,6655
0.198128742,6654
0.198142058,6653
0.198158566,6652
0.198172299,6651
0.198182746,6650
0.198186438,6649
0.198189921,6648
0.198194643,6647
0.198198792,6646
0.198203456,6645
0.19820781,6644
0.198211495,6643
0.198215078,6642
0.199128237,6641
0.199135567,6640
0.199140979,6639
0.199145481,6638
0.199149596,6637
0.199153406,6636
0.1991575,6635
0.199166485,6634
0.199172298,6633
0.199175946,6632
0.199179567,6631
0.201637942,6630
0.201664416,6629
0.201668564,6628
0.201672068,6627
0.201676741,6626
0.201680118,6625
0.201683777,6624
0.201687188,6623
0.201690656,6622
0.201712015,6621
0.201715541,6620
0.201719027,6619
0.201722279,6618
0.201726385,6617
0.201730004,6616
0.201733782,6615
0.201737788,6614
0.201741293,6613
0.201744966,6612
0.201748413,6611
0.201754145,6610
0.201757784,6609
0.201761965,6608
0.201766255,6607
0.20177062,6606
0.201774076,6605
0.201778077,6604
0.201782391,6603
0.201788567,6602
0.201793104,6601
0.201797132,6600
0.201801309,6599
0.201805191,6598
0.201809083,6597
0.201814391,6596
0.20181878,6595
0.20182339,6594
0.201844699,6593
0.201852674,6592
0.201856639,6591
0.201860158,6590
0.201863577,6589
0.201866735,6588
0.201881056,6587
0.201884988,6586
0.201916608,6585
0.201929564,6584
0.201935364,6583
0.201939305,6582
0.201942929,6581
0.201948001,6580
0.201951709,6579
0.201954629,6578
0.201958743,6577
0.201962833,6576
0.201966234,6575
0.201969336,6574
0.201973228,6573
0.201976528,6572
0.20198023,6571
0.201983069,6570
0.201986606,6569
0.201989475,6568
0.201995618,6567
0.201999225,6566
0.202002459,6565
0.20200566,6564
0.202008521,6563
0.202011901,6562
0.202014789,6561
0.20201796,6560
0.20202143,6559
0.202025314,6558
0.202028396,6557
0.202031995,6556
0.202034913,6555
0.202037841,6554
0.202040774,6553
0.202043498,6552
0.20204625,6551
0.202048885,6550
0.202051652,6549
0.202055115,6548
0.202057974,6547
0.202060723,6546
0.202065955,6545
0.202070945,6544
0.202074903,6543
0.202078371,6542
0.202081723,6541
0.202087005,6540
0.202093245,6539
0.202097388,6538
0.202100557,6537
0.202104486,6536
0.202107976,6535
0.202111446,6534
0.202114576,6533
0.202118849,6532
0.202376297,6531
0.202382469,6530
0.202387034,6529
0.202391055,6528
0.202394983,6527
0.20239982,6526
0.20243949,6525
0.202445258,6524
0.202482046,6523
0.202486793,6522
0.202525363,6521
0.20253143,6520
0.202661453,6519
0.202700315,6518
0.202706069,6517
0.202711932,6516
0.202749885,6515
0.202762429,6514
0.202769597,6513
0.202774445,6512
0.202778738,6511
0.202784669,6510
0.20278884,6509
0.202795765,6508
0.20279965,6507
0.202803646,6506
0.202807778,6505
0.202813755,6504
0.202818009,6503
0.20282258,6502
0.2028269,6501
0.202830755,6500
0.202834832,6499
0.202839507,6498
0.202843121,6497
0.202846853,6496
0.202850903,6495
0.202854913,6494
0.20285855,6493
0.202862128,6492
0.20286664,6491
0.2028705,6490
0.202874597,6489
0.202878514,6488
0.202882661,6487
0.202886599,6486
0.202890495,6485
0.202894639,6484
0.202898509,6483
0.202902344,6482
0.202905968,6481
0.202909212,6480
0.202913288,6479
0.202916868,6478
0.202924081,6477
0.202928233,6476
0.202932433,6475
0.20293632,6474
0.202939888,6473
0.202943523,6472
0.202946764,6471
0.202950079,6470
0.202954045,6469
0.20295795,6468
0.202961893,6467
0.202967255,6466
0.202971908,6465
0.202976153,6464
0.202980432,6463
0.202984999,6462
0.202988963,6461
0.202993024,6460
0.202996918,6459
0.203000835,6458
0.203004476,6457
0.203008169,6456
0.203011782,6455
0.203015732,6454
0.203021125,6453
0.203024771,6452
0.203028527,6451
0.203032265,6450
0.203035887,6449
0.203039384,6448
0.203043284,6447
0.203047844,6446
0.203051234,6445
0.203055131,6444
0.203059336,6443
0.203062847,6442
0.203066837,6441
0.203070924,6440
0.203075095,6439
0.203079268,6438
0.203083684,6437
0.203088022,6436
0.203092013,6435
0.20309577,6434
0.203099644,6433
0.203103749,6432
0.203107907,6431
0.203112174,6430
0.203116406,6429
0.20312037,6428
0.203125228,6427
0.203131821,6426
0.203137273,6425
0.203141326,6424
0.203195822,6423
0.203199939,6422
0.203203982,6421
0.203208695,6420
0.203212967,6419
0.20321693,6418
0.20322097,6417
0.203226472,6416
0.203230489,6415
0.203234749,6414
0.203238156,6413
0.203241096,6412
0.203245861,6411
0.203251388,6410
0.203256169,6409
0.203259531,6408
0.203267785,6407
0.203270913,6406
0.203273667,6405
0.203276565,6404
0.203279223,6403
0.203282139,6402
0.203285712,6401
0.20329166,6400
0.203294318,6399
0.203297924,6398
0.203303123,6397
0.203306036,6396
0.203308485,6395
0.20331109,6394
0.203313882,6393
0.203316648,6392
0.203320622,6391
0.20332337,6390
0.20332596,6389
0.203328678,6388
0.203331212,6387
0.203334146,6386
0.203338355,6385
0.203341979,6384
0.20334568,6383
0.203349177,6382
0.203352816,6381
0.203356217,6380
0.203359918,6379
0.203363306,6378
0.203369618,6377
0.203374133,6376
0.20337722,6375
0.20338034,6374
0.203384081,6373
0.203387471,6372
0.203390617,6371
0.203394297,6370
0.203396892,6369
0.203399781,6368
0.203402852,6367
0.203405887,6366
0.203410045,6365
0.203413769,6364
0.20341673,6363
0.20342044,6362
0.203423404,6361
0.203427355,6360
0.203430572,6359
0.203808046,6358
0.203811403,6357
0.203814732,6356
0.203819269,6355
0.20384747,6354
0.203852694,6353
0.203858197,6352
0.20386398,6351
0.203869085,6350
0.20387389,6349
0.203890653,6348
0.203895586,6347
0.203899738,6346
0.20390366,6345
0.203907206,6344
0.203911072,6343
0.203914316,6342
0.203917481,6341
0.203921663,6340
0.203927239,6339
0.203932111,6338
0.203935583,6337
0.2039394,6336
0.203942827,6335
0.203948216,6334
0.203951027,6333
0.203953832,6332
0.203958712,6331
0.203963409,6330
0.203969721,6329
0.203973109,6328
0.203976388,6327
0.203981324,6326
0.2039851,6325
0.203988178,6324
0.203993572,6323
0.204000827,6322
0.204009294,6321
0.204014877,6320
0.204019742,6319
0.20402446,6318
0.204028564,6317
0.204034577,6316
0.204038237,6315
0.204042011,6314
0.204068482,6313
0.204075282,6312
0.204079074,6311
0.204082384,6310
0.204085459,6309
0.204089035,6308
0.20409448,6307
0.204101299,6306
0.204105185,6305
0.204109424,6304
0.204113532,6303
0.204116919,6302
0.204120835,6301
0.204125581,6300
0.204130615,6299
0.204134056,6298
0.204137322,6297
0.204140092,6296
0.204143056,6295
0.204146013,6294
0.204149303,6293
0.204152406,6292
0.204155349,6291
0.204158756,6290
0.204162027,6289
0.204166546,6288
0.204171562,6287
0.204175106,6286
0.204178114,6285
0.204181814,6284
0.204185211,6283
0.204188275,6282
0.204191547,6281
0.204194592,6280
0.204198079,6279
0.204201574,6278
0.204205401,6277
0.20420864,6276
0.204213788,6275
0.204218649,6274
0.204222003,6273
0.204226434,6272
0.20422951,6271
0.204234554,6270
0.204237892,6269
0.204241119,6268
0.204244916,6267
0.204250816,6266
0.204255842,6265
0.204259359,6264
0.204263485,6263
0.204266775,6262
0.20427119,6261
0.204275588,6260
0.204278723,6259
0.204281974,6258
0.204285324,6257
0.204289705,6256
0.204294988,6255
0.204300674,6254
0.204304125,6253
0.20430689,6252
0.204312248,6251
0.204315042,6250
0.204317847,6249
0.20432077,6248
0.204324638,6247
0.204327422,6246
0.204330163,6245
0.204335834,6244
0.204338669,6243
0.204349897,6242
0.20435388,6241
0.204356601,6240
0.204359784,6239
0.204364031,6238
0.204366429,6237
0.204400997,6236
0.204404014,6235
0.204407268,6234
0.204410354,6233
0.204414913,6232
0.20441763,6231
0.204420491,6230
0.204425051,6229
0.204428581,6228
0.204431658,6227
0.204434649,6226
0.204439558,6225
0.204444766,6224
0.204448045,6223
0.204451756,6222
0.204455044,6221
0.204461153,6220
0.20446432,6219
0.204467355,6218
0.204475013,6217
0.204480123,6216
0.204486735,6215
0.204491259,6214
0.20449527,6213
0.20449967,6212
0.204504099,6211
0.204539489,6210
0.20454411,6209
0.204548301,6208
0.204552996,6207
0.204557259,6206
0.204561504,6205
0.204566466,6204
0.204572137,6203
0.204576487,6202
0.204591013,6201
0.204597736,6200
0.204601923,6199
0.204606065,6198
0.204611592,6197
0.204615482,6196
0.204619359,6195
0.204623721,6194
0.204629482,6193
0.204639044,6192
0.20464325,6191
0.20465151,6190
0.204656906,6189
0.204663,6188
0.20466775,6187
0.204675174,6186
0.204679587,6185
0.204683568,6184
0.204688016,6183
0.204692455,6182
0.204696748,6181
0.204700879,6180
0.204706578,6179
0.204711078,6178
0.204714834,6177
0.204723152,6176
0.20472767,6175
0.204732631,6174
0.204736697,6173
0.204741328,6172
0.204748438,6171
0.204752866,6170
0.204757479,6169
0.204761779,6168
0.204765987,6167
0.204770244,6166
0.204776902,6165
0.20478188,6164
0.204791721,6163
0.204796811,6162
0.204801083,6161
0.204805759,6160
0.204810479,6159
0.204814979,6158
0.204819458,6157
0.204823403,6156
0.204827609,6155
0.204836744,6154
0.204841594,6153
0.204853798,6152
0.204860244,6151
0.204868492,6150
0.204876551,6149
0.204882159,6148
0.204888773,6147
0.204894437,6146
0.20490033,6145
0.204907283,6144
0.204911252,6143
0.204915429,6142
0.204920027,6141
0.204924881,6140
0.204929203,6139
0.204933182,6138
0.204938243,6137
0.204943229,6136
0.204947185,6135
0.204953197,6134
0.204956807,6133
0.204965515,6132
0.204970912,6131
0.204975795,6130
0.204980403,6129
0.204985271,6128
0.204989335,6127
0.204993248,6126
0.205001926,6125
0.205043275,6124
0.205048247,6123
0.205052431,6122
0.205057664,6121
0.205062478,6120
0.205067062,6119
0.205071327,6118
0.205077954,6117
0.205084273,6116
0.205088868,6115
0.205093418,6114
0.205100213,6113
0.205108617,6112
0.205113038,6111
0.205117818,6110
0.205123517,6109
0.20512752,6108
0.205131888,6107
0.205136538,6106
0.205142736,6105
0.205146927,6104
0.20515129,6103
0.205156841,6102
0.205161098,6101
0.205166069,6100
0.205179549,6099
0.205187339,6098
0.205198634,6097
0.205203303,6096
0.205207563,6095
0.205212016,6094
0.205218136,6093
0.205222804,6092
0.205227573,6091
0.205233265,6090
0.205238914,6089
0.205250912,6088
0.205254655,6087
0.205282835,6086
0.205289891,6085
0.205296546,6084
0.205301164,6083
0.205878576,6082
0.205882868,6081
0.205886567,6080
0.205890484,6079
0.205894024,6078
0.205897108,6077
0.20590133,6076
0.205907124,6075
0.205910141,6074
0.205913363,6073
0.205916638,6072
0.205919961,6071
0.205925152,6070
0.205928124,6069
0.205931175,6068
0.205935438,6067
0.205938552,6066
0.20594255,6065
0.205945792,6064
0.205949945,6063
0.205967272,6062
0.205972442,6061
0.205976682,6060
0.205980026,6059
0.205983384,6058
0.205987822,6057
0.205991764,6056
0.20599683,6055
0.206001023,6054
0.20600788,6053
0.206012238,6052
0.206018961,6051
0.206025069,6050
0.206029525,6049
0.206035155,6048
0.20604583,6047
0.206050332,6046
0.206054491,6045
0.206059557,6044
0.206063106,6043
0.206067117,6042
0.206074355,6041
0.206078682,6040
0.206082629,6039
0.206086677,6038
0.206093505,6037
0.206100857,6036
0.206105288,6035
0.206109429,6034
0.206114143,6033
0.206118694,6032
0.206124477,6031
0.206131014,6030
0.206134141,6029
0.206137102,6028
0.206140461,6027
0.206143565,6026
0.206146644,6025
0.206151718,6024
0.20615556,6023
0.206161213,6022
0.206164672,6021
0.206170003,6020
0.206173974,6019
0.20618,6018
0.206183639,6017
0.206187238,6016
0.206191372,6015
0.206195432,6014
0.206199526,6013
0.206204776,6012
0.206209341,6011
0.206214008,6010
0.206218822,6009
0.206227436,6008
0.206232592,6007
0.206237176,6006
0.206241415,6005
0.206245852,6004
0.20625074,6003
0.206255064,6002
0.206259643,6001
0.206265059,6000
0.20626973,5999
0.206273861,5998
0.206277781,5997
0.206281748,5996
0.206285583,5995
0.206291524,5994
0.206295632,5993
0.206299375,5992
0.206303492,5991
0.206308517,5990
0.206312645,5989
0.206316472,5988
0.206320607,5987
0.206324707,5986
0.206328469,5985
0.206333632,5984
0.206337393,5983
0.206341403,5982
0.206345674,5981
0.206349831,5980
0.206362181,5979
0.2063665,5978
0.206370605,5977
0.206374458,5976
0.206377976,5975
0.206383517,5974
0.206389723,5973
0.206406333,5972
0.206410621,5971
0.206415415,5970
0.206419754,5969
0.206449841,5968
0.20645624,5967
0.206460279,5966
0.206464836,5965
0.206470145,5964
0.206474416,5963
0.206478783,5962
0.20648282,5961
0.206486858,5960
0.206502526,5959
0.206506364,5958
0.206514139,5957
0.206531159,5956
0.20653516,5955
0.206538999,5954
0.206544218,5953
0.206549796,5952
0.206564441,5951
0.206568417,5950
0.20657286,5949
0.206580156,5948
0.206585178,5947
0.206589688,5946
0.206594128,5945
0.206602094,5944
0.206606905,5943
0.206614051,5942
0.206619989,5941
0.206624697,5940
0.206632145,5939
0.206636442,5938
0.206642253,5937
0.206680509,5936
0.206708899,5935
0.206722265,5934
0.206728461,5933
0.206735535,5932
0.206741602,5931
0.206745897,5930
0.206750128,5929
0.206754398,5928
0.206761034,5927
0.206765375,5926
0.206769892,5925
0.206776261,5924
0.206780496,5923
0.20678599,5922
0.206791924,5921
0.206798678,5920
0.206804347,5919
0.206808596,5918
0.206815889,5917
0.20681977,5916
0.206823847,5915
0.206832805,5914
0.206837264,5913
0.206841589,5912
0.206845812,5911
0.206849476,5910
0.206853339,5909
0.206859625,5908
0.206865583,5907
0.20686977,5906
0.20687374,5905
0.206879747,5904
0.206885493,5903
0.206891755,5902
0.20689543,5901
0.206900658,5900
0.206904753,5899
0.206908718,5898
0.206912813,5897
0.206916561,5896
0.206920368,5895
0.206923676,5894
0.206926723,5893
0.206931051,5892
0.206935896,5891
0.206940644,5890
0.206946461,5889
0.206950094,5888
0.206954737,5887
0.206963319,5886
0.206969538,5885
0.206975771,5884
0.206980123,5883
0.206984726,5882
0.206988099,5881
0.20699282,5880
0.206997674,5879
0.207002315,5878
0.207005867,5877
0.207010486,5876
0.207014606,5875
0.207018738,5874
0.207023995,5873
0.207028615,5872
0.20703187,5871
0.207036028,5870
0.207039264,5869
0.207044915,5868
0.207048158,5867
0.207054134,5866
0.207057807,5865
0.207061223,5864
0.207067005,5863
0.207071722,5862
0.207075505,5861
0.207080184,5860
0.20708555,5859
0.207089302,5858
0.20709313,5857
0.207096695,5856
0.207100251,5855
0.207104755,5854
0.20710832,5853
0.207113353,5852
0.207116763,5851
0.207120181,5850
0.207123703,5849
0.207126785,5848
0.207130058,5847
0.207133438,5846
0.207136814,5845
0.20714223,5844
0.207148275,5843
0.207153953,5842
0.207163011,5841
0.207167725,5840
0.207172916,5839
0.207190221,5838
0.207194974,5837
0.207199499,5836
0.207203444,5835
0.207213627,5834
0.207216869,5833
0.207219875,5832
0.207223005,5831
0.20723044,5830
0.207234415,5829
0.207237929,5828
0.207243211,5827
0.207246723,5826
0.207249994,5825
0.207255163,5824
0.207261507,5823
0.207266646,5822
0.207272657,5821
0.20727966,5820
0.207283288,5819
0.207288378,5818
0.207293703,5817
0.207298111,5816
0.207301711,5815
0.207306598,5814
0.207310924,5813
0.207314063,5812
0.207317348,5811
0.207321315,5810
0.207324755,5809
0.207330934,5808
0.207334241,5807
0.207339717,5806
0.207342778,5805
0.207348758,5804
0.207959985,5803
0.207964977,5802
0.207969966,5801
0.207974747,5800
0.207981199,5799
0.207985387,5798
0.208018378,5797
0.208023465,5796
0.208028621,5795
0.208034439,5794
0.208039317,5793
0.208052277,5792
0.208059565,5791
0.208066963,5790
0.208081238,5789
0.208087355,5788
0.208091783,5787
0.208096226,5786
0.208100689,5785
0.208109829,5784
0.208116604,5783
0.208121018,5782
0.208125583,5781
0.208130145,5780
0.208134091,5779
0.208144501,5778
0.208151006,5777
0.208155686,5776
0.208160101,5775
0.208164871,5774
0.208170761,5773
0.20817529,5772
0.20818249,5771
0.208188816,5770
0.208194813,5769
0.208200952,5768
0.208205172,5767
0.208210169,5766
0.208221139,5765
0.208225524,5764
0.208229918,5763
0.208239562,5762
0.208243863,5761
0.208252438,5760
0.208258429,5759
0.208262375,5758
0.208267425,5757
0.208271891,5756
0.208278628,5755
0.208283776,5754
0.208290536,5753
0.208295192,5752
0.208298765,5751
0.208310268,5750
0.208314628,5749
0.208320399,5748
0.208329666,5747
0.208333647,5746
0.208338044,5745
0.208342217,5744
0.208346218,5743
0.208351024,5742
0.20835679,5741
0.208362494,5740
0.208367194,5739
0.208371856,5738
0.208378965,5737
0.20838402,5736
0.20839764,5735
0.20840162,5734
0.208406748,5733
0.208417652,5732
0.20842226,5731
0.20842905,5730
0.208433455,5729
0.208447469,5728
0.208452792,5727
0.208456777,5726
0.208462231,5725
0.208466479,5724
0.208474443,5723
0.20847996,5722
0.208486631,5721
0.20849507,5720
0.208498928,5719
0.208514179,5718
0.208517981,5717
0.208522469,5716
0.208526517,5715
0.208531183,5714
0.208541328,5713
0.2085503,5712
0.208554522,5711
0.208560086,5710
0.208564885,5709
0.208571063,5708
0.208579262,5707
0.208611473,5706
0.208616273,5705
0.208623148,5704
0.208627093,5703
0.208633029,5702
0.208640549,5701
0.208646619,5700
0.208650637,5699
0.208655633,5698
0.208660257,5697
0.208668642,5696
0.208672417,5695
0.208678777,5694
0.208684248,5693
0.208691552,5692
0.208697124,5691
0.208710576,5690
0.208717355,5689
0.208724451,5688
0.208729141,5687
0.208733818,5686
0.208738732,5685
0.208745988,5684
0.208756254,5683
0.208762988,5682
0.208769613,5681
0.208782715,5680
0.208787182,5679
0.208798242,5678
0.208817667,5677
0.208824716,5676
0.208832646,5675
0.208837296,5674
0.208841834,5673
0.208846466,5672
0.208850803,5671
0.208856508,5670
0.20886101,5669
0.208865706,5668
0.208872794,5667
0.208877887,5666
0.208884947,5665
0.208889582,5664
0.20889385,5663
0.208898829,5662
0.208904854,5661
0.208909571,5660
0.208915468,5659
0.208920068,5658
0.208928189,5657
0.208959177,5656
0.208963417,5655
0.208970096,5654
0.208976407,5653
0.208982289,5652
0.208987912,5651
0.20899391,5650
0.208999665,5649
0.209006923,5648
0.209025428,5647
0.209033312,5646
0.209038511,5645
0.20904393,5644
0.209048166,5643
0.209052466,5642
0.20906167,5641
0.209067811,5640
0.209073979,5639
0.209078515,5638
0.209083923,5637
0.209092951,5636
0.209098043,5635
0.209107932,5634
0.209113056,5633
0.209116612,5632
0.209123973,5631
0.209127444,5630
0.209130863,5629
0.209136304,5628
0.209142694,5627
0.209148376,5626
0.209153453,5625
0.209168123,5624
0.20917494,5623
0.20917948,5622
0.20918806,5621
0.209199018,5620
0.209208331,5619
0.209212507,5618
0.209220232,5617
0.209225287,5616
0.209229423,5615
0.20923379,5614
0.20923948,5613
0.209247926,5612
0.209252442,5611
0.209258085,5610
0.209262297,5609
0.209268748,5608
0.209272968,5607
0.209278047,5606
0.209282098,5605
0.209286294,5604
0.209290748,5603
0.209298448,5602
0.209303294,5601
0.209307415,5600
0.209312745,5599
0.209320542,5598
0.209326358,5597
0.209331152,5596
0.209335399,5595
0.209344663,5594
0.209348931,5593
0.209354129,5592
0.209360097,5591
0.209363308,5590
0.209368754,5589
0.209372209,5588
0.209375344,5587
0.20938302,5586
0.209389634,5585
0.209392912,5584
0.209404644,5583
0.209407915,5582
0.209410965,5581
0.209414664,5580
0.209417782,5579
0.209424797,5578
0.209428842,5577
0.209468142,5576
0.209471087,5575
0.209474198,5574
0.209478243,5573
0.209485764,5572
0.20949718,5571
0.209501207,5570
0.209508215,5569
0.209512621,5568
0.209518884,5567
0.209525954,5566
0.209531765,5565
0.209536017,5564
0.209541899,5563
0.209853057,5562
0.20985674,5561
0.209862738,5560
0.209866996,5559
0.209872144,5558
0.209876333,5557
0.209879555,5556
0.209882485,5555
0.209888038,5554
0.209902256,5553
0.209907011,5552
0.209911089,5551
0.209977967,5550
0.20998111,5549
0.209986049,5548
0.209990997,5547
0.20999466,5546
0.21000218,5545
0.21000699,5544
0.210013021,5543
0.210020628,5542
0.210026657,5541
0.210030832,5540
0.210036014,5539
0.210041216,5538
0.210045541,5537
0.210053375,5536
0.210059006,5535
0.210068979,5534
0.210073472,5533
0.210077683,5532
0.210084049,5531
0.210093169,5530
0.210096595,5529
0.210099816,5528
0.210103736,5527
0.210107456,5526
0.210116026,5525
0.210121104,5524
0.210149782,5523
0.210154201,5522
0.210160115,5521
0.210167207,5520
0.210173692,5519
0.21017751,5518
0.210183282,5517
0.210188147,5516
0.210196866,5515
0.210204433,5514
0.210241408,5513
0.210250442,5512
0.210415767,5511
0.21051131,5510
0.210517077,5509
0.210558666,5508
0.210567771,5507
0.210578203,5506
0.210586036,5505
0.210594861,5504
0.210599651,5503
0.210612986,5502
0.210617553,5501
0.210622321,5500
0.210627699,5499
0.210632266,5498
0.210636627,5497
0.210641083,5496
0.21064557,5495
0.21069173,5494
0.210704804,5493
0.210708845,5492
0.210713564,5491
0.210719116,5490
0.210725664,5489
0.21073302,5488
0.210742276,5487
0.210748086,5486
0.210771959,5485
0.210778666,5484
0.210782464,5483
0.210790488,5482
0.210800333,5481
0.210814708,5480
0.210820649,5479
0.210825675,5478
0.21083482,5477
0.21084285,5476
0.210852365,5475
0.210861936,5474
0.210874383,5473
0.210922978,5472
0.21093009,5471
0.210943596,5470
0.210954212,5469
0.210959392,5468
0.210964955,5467
0.210972611,5466
0.210984584,5465
0.210989805,5464
0.210996555,5463
0.211000864,5462
0.211006859,5461
0.211014349,5460
0.211018978,5459
0.211027254,5458
0.21103198,5457
0.211042415,5456
0.211046574,5455
0.211055311,5454
0.211064349,5453
0.211068923,5452
0.211075307,5451
0.211086074,5450
0.21109168,5449
0.211097569,5448
0.211103448,5447
0.211107441,5446
0.211111478,5445
0.211115156,5444
0.211141646,5443
0.211158723,5442
0.211165436,5441
0.211170199,5440
0.211176102,5439
0.211185365,5438
0.211191809,5437
0.21119971,5436
0.21120348,5435
0.211209216,5434
0.211219451,5433
0.211224271,5432
0.211231853,5431
0.211240956,5430
0.211245507,5429
0.211248967,5428
0.211254327,5427
0.211269216,5426
0.211277056,5425
0.211283238,5424
0.211288013,5423
0.211293114,5422
0.211297524,5421
0.211301903,5420
0.211309047,5419
0.211318493,5418
0.211323452,5417
0.211332329,5416
0.211338466,5415
0.211342436,5414
0.21134762,5413
0.211355784,5412
0.211367603,5411
0.211372037,5410
0.211376181,5409
0.211379762,5408
0.211384127,5407
0.211388632,5406
0.211395925,5405
0.211403884,5404
0.211409299,5403
0.211418369,5402
0.211424882,5401
0.211429395,5400
0.211439649,5399
0.211450846,5398
0.211461099,5397
0.211465143,5396
0.211471865,5395
0.211477568,5394
0.211485682,5393
0.211525299,5392
0.211537601,5391
0.211545782,5390
0.211549164,5389
0.21155726,5388
0.211561083,5387
0.211566023,5386
0.21157059,5385
0.211601163,5384
0.211604783,5383
0.211611964,5382
0.211616316,5381
0.211620469,5380
0.211624648,5379
0.211631363,5378
0.211634429,5377
0.211637797,5376
0.211640921,5375
0.21164415,5374
0.211649753,5373
0.211986404,5372
0.211990016,5371
0.211994444,5370
0.211998215,5369
0.212001684,5368
0.212007498,5367
0.212011455,5366
0.212017264,5365
0.212022854,5364
0.212031806,5363
0.212036574,5362
0.212041949,5361
0.212046009,5360
0.212050942,5359
0.212057355,5358
0.212060733,5357
0.212068088,5356
0.212071445,5355
0.212076113,5354
0.212092768,5353
0.212097386,5352
0.212103363,5351
0.212116317,5350
0.212121429,5349
0.212125192,5348
0.212133828,5347
0.212153243,5346
0.212159256,5345
0.212165301,5344
0.21216983,5343
0.21226878,5342
0.212281449,5341
0.212288589,5340
0.212291812,5339
0.21229703,5338
0.212304302,5337
0.212309784,5336
0.21231979,5335
0.212337842,5334
0.212341233,5333
0.212344955,5332
0.212350836,5331
0.212353625,5330
0.212357188,5329
0.212367425,5328
0.212380243,5327
0.212384299,5326
0.212394166,5325
0.212398565,5324
0.212402224,5323
0.212409562,5322
0.21243316,5321
0.212440078,5320
0.212453113,5319
0.212456645,5318
0.212464894,5317
0.212471484,5316
0.212475968,5315
0.212481533,5314
0.212489557,5313
0.212495014,5312
0.212501973,5311
0.212510163,5310
0.212517866,5309
0.212522504,5308
0.212530149,5307
0.212537399,5306
0.212541207,5305
0.212549003,5304
0.212554235,5303
0.212564823,5302
0.212568703,5301
0.212577779,5300
0.212581774,5299
0.212586899,5298
0.212592431,5297
0.212631474,5296
0.212639662,5295
0.212645575,5294
0.212652108,5293
0.212658117,5292
0.213478076,5291
0.220023144,5290
0.220048452,5289
0.220056086,5288
0.220063114,5287
0.22007008,5286
0.220075891,5285
0.220089351,5284
0.22012372,5283
0.220131144,5282
0.220135757,5281
0.220140096,5280
0.220147942,5279
0.220152381,5278
0.220159919,5277
0.220165099,5276
0.220173638,5275
0.220179993,5274
0.220193449,5273
0.220224789,5272
0.220229916,5271
0.220238104,5270
0.220249683,5269
0.22025337,5268
0.220258134,5267
0.220270202,5266
0.220275882,5265
0.220292274,5264
0.220296975,5263
0.220303498,5262
0.220318587,5261
0.220323197,5260
0.22033201,5259
0.220338677,5258
0.220345355,5257
0.220365548,5256
0.220370726,5255
0.220411064,5254
0.220415948,5253
0.220438127,5252
0.22045751,5251
0.220461602,5250
0.220470105,5249
0.220475189,5248
0.22048001,5247
0.2204916,5246
0.220503488,5245
0.220524071,5244
0.220529112,5243
0.220535297,5242
0.220545442,5241
0.220549071,5240
0.220558833,5239
0.220565673,5238
0.220571693,5237
0.220577575,5236
0.220583844,5235
0.220588574,5234
0.220596511,5233
0.220607008,5232
0.220610476,5231
0.22061412,5230
0.22061814,5229
0.220939982,5228
0.220944052,5227
0.220948115,5226
0.220957746,5225
0.220961827,5224
0.220968358,5223
0.220981741,5222
0.220986181,5221
0.220992322,5220
0.221026959,5219
0.221034563,5218
0.221047196,5217
0.221051148,5216
0.2210618,5215
0.22106799,5214
0.22107229,5213
0.221085643,5212
0.221107604,5211
0.221113658,5210
0.221131706,5209
0.221137569,5208
0.221147642,5207
0.221156538,5206
0.22116606,5205
0.221174097,5204
0.221182796,5203
0.2211906,5202
0.221238857,5201
0.221253927,5200
0.221261221,5199
0.221271671,5198
0.221288426,5197
0.221305194,5196
0.221322335,5195
0.221326067,5194
0.221345162,5193
0.221351861,5192
0.221413002,5191
0.221457072,5190
0.221462389,5189
0.221512249,5188
0.221520431,5187
0.221567063,5186
0.221577932,5185
0.22160316,5184
0.221610765,5183
0.221672144,5182
0.221711955,5181
0.221717591,5180
0.221722814,5179
0.221728974,5178
0.221747488,5177
0.221755369,5176
0.221803471,5175
0.221808896,5174
0.221814324,5173
0.221824253,5172
0.221831456,5171
0.221843515,5170
0.221848983,5169
0.221891087,5168
0.221913387,5167
0.221922284,5166
0.221931183,5165
0.221953874,5164
0.221964903,5163
0.221973802,5162
0.221982155,5161
0.222002988,5160
0.222012822,5159
0.222018789,5158
0.222044967,5157
0.222050401,5156
0.222056337,5155
0.222062505,5154
0.222068511,5153
0.22207436,5152
0.222085517,5151
0.222110086,5150
0.222117438,5149
0.222122539,5148
0.222130421,5147
0.222135354,5146
0.222142018,5145
0.222153288,5144
0.222161139,5143
0.222190958,5142
0.222196967,5141
0.222203306,5140
0.222216398,5139
0.22222784,5138
0.222235845,5137
0.22225159,5136
0.222256136,5135
0.222264221,5134
0.222272991,5133
0.222278351,5132
0.222288706,5131
0.222297786,5130
0.222304703,5129
0.22231039,5128
0.222324283,5127
0.222330007,5126
0.222337664,5125
0.222344213,5124
0.222348676,5123
0.22235654,5122
0.22236074,5121
0.222365775,5120
0.222372333,5119
0.22237785,5118
0.222384968,5117
0.22239403,5116
0.222401508,5115
0.2224107,5114
0.222426733,5113
0.222435809,5112
0.222440781,5111
0.222446989,5110
0.222454679,5109
0.222459284,5108
0.222471048,5107
0.222490388,5106
0.222494117,5105
0.223012871,5104
0.223020488,5103
0.223028173,5102
0.223036581,5101
0.223048787,5100
0.22306165,5099
0.223068549,5098
0.223085042,5097
0.223091777,5096
0.22310462,5095
0.223114053,5094
0.22312754,5093
0.223136504,5092
0.223143569,5091
0.223148473,5090
0.223164009,5089
0.223170989,5088
0.2231794,5087
0.223189926,5086
0.223213802,5085
0.223219425,5084
0.223235097,5083
0.223245177,5082
0.223256724,5081
0.223275613,5080
0.223293309,5079
0.22330005,5078
0.223308169,5077
0.223313924,5076
0.223322196,5075
0.223332592,5074
0.223337608,5073
0.223398053,5072
0.223418422,5071
0.223438763,5070
0.223445269,5069
0.223459118,5068
0.223463774,5067
0.223474275,5066
0.223527916,5065
0.223577534,5064
0.223612716,5063
0.223616922,5062
0.223627141,5061
0.223634865,5060
0.223640163,5059
0.223652178,5058
0.223659497,5057
0.223671087,5056
0.223693027,5055
0.223698616,5054
0.223707409,5053
0.223717722,5052
0.223725304,5051
0.223735572,5050
0.223741765,5049
0.22374558,5048
0.223749904,5047
0.223768908,5046
0.223776188,5045
0.22377993,5044
0.223797424,5043
0.223807922,5042
0.223815094,5041
0.223817889,5040
0.223829369,5039
0.223837405,5038
0.223843289,5037
0.22385165,5036
0.223858227,5035
0.223867165,5034
0.223871009,5033
0.223876983,5032
0.223884058,5031
0.223894049,5030
0.223901176,5029
0.223905623,5028
0.223914614,5027
0.223929403,5026
0.223934382,5025
0.223940881,5024
0.22396998,5023
0.223979562,5022
0.223983584,5021
0.22400569,5020
0.224011071,5019
0.224029595,5018
0.224037125,5017
0.224042552,5016
0.224048729,5015
0.22405555,5014
0.224074095,5013
0.224078301,5012
0.224086123,5011
0.2240922,5010
0.224105753,5009
0.224110658,5008
0.22411729,5007
0.224130973,5006
0.224142571,5005
0.224147081,5004
0.224150384,5003
0.224175437,5002
0.22418114,5001
0.22419038,5000
0.224197348,4999
0.224203022,4998
0.224209092,4997
0.224213025,4996
0.224216513,4995
0.22422167,4994
0.224236694,4993
0.224242369,4992
0.224247111,4991
0.224251631,4990
0.224257317,4989
0.22427293,4988
0.22429307,4987
0.224602047,4986
0.224610418,4985
0.224614776,4984
0.224618769,4983
0.224625539,4982
0.224631154,4981
0.224650335,4980
0.22467196,4979
0.22473022,4978
0.224736709,4977
0.224741879,4976
0.22478128,4975
0.224794548,4974
0.224824347,4973
0.22482978,4972
0.224842588,4971
0.224855413,4970
0.224875312,4969
0.2249051,4968
0.22491118,4967
0.224915412,4966
0.224944157,4965
0.224959812,4964
0.224973162,4963
0.225009054,4962
0.22501946,4961
0.225045669,4960
0.2250569,4959
0.225063488,4958
0.22507146,4957
0.225077878,4956
0.225101784,4955
0.225116699,4954
0.225150362,4953
0.225165542,4952
0.225171136,4951
0.225175614,4950
0.225181934,4949
0.225189756,4948
0.225197278,4947
0.225205148,4946
0.225211592,4945
0.225228588,4944
0.225253712,4943
0.225275597,4942
0.225281349,4941
0.225311185,4940
0.225324421,4939
0.225349802,4938
0.225366842,4937
0.225373547,4936
0.225377916,4935
0.225401579,4934
0.225425944,4933
0.225430764,4932
0.225449443,4931
0.225464428,4930
0.225479137,4929
0.225484121,4928
0.225490439,4927
0.225504308,4926
0.225527839,4925
0.225547795,4924
0.22556574,4923
0.225623099,4922
0.225669859,4921
0.225676699,4920
0.225723786,4919
0.225736459,4918
0.225761898,4917
0.225802504,4916
0.225839046,4915
0.225842445,4914
0.226365964,4913
0.226371226,4912
0.226398772,4911
0.226426375,4910
0.22643313,4909
0.226462674,4908
0.226496219,4907
0.226510674,4906
0.226533014,4905
0.226543197,4904
0.22654864,4903
0.226559373,4902
0.226564823,4901
0.226582467,4900
0.226593397,4899
0.226597628,4898
0.226612659,4897
0.226617197,4896
0.226631245,4895
0.226639812,4894
0.226645847,4893
0.226660461,4892
0.226694953,4891
0.226711981,4890
0.226727536,4889
0.226740055,4888
0.226745316,4887
0.226772559,4886
0.22678233,4885
0.226794505,4884
0.226805178,4883
0.226815896,4882
0.226837761,4881
0.226849279,4880
0.226870817,4879
0.226887658,4878
0.226891953,4877
0.226910593,4876
0.226947949,4875
0.226978775,4874
0.226989103,4873
0.22700112,4872
0.2270701,4871
0.227082531,4870
0.227101073,4869
0.227120061,4868
0.227130301,4867
0.227140319,4866
0.227149074,4865
0.227154996,4864
0.227159325,4863
0.22717387,4862
0.22764881,4861
0.227654704,4860
0.227672644,4859
0.227717327,4858
0.227725634,4857
0.227752316,4856
0.227769746,4855
0.227776176,4854
0.227816756,4853
0.227842162,4852
0.227862129,4851
0.227873125,4850
0.227891285,4849
0.227906245,4848
0.227912909,4847
0.227919183,4846
0.227939936,4845
0.227969358,4844
0.22797609,4843
0.227982762,4842
0.227992791,4841
0.228002613,4840
0.228016676,4839
0.228023869,4838
0.228030749,4837
0.228041702,4836
0.228046406,4835
0.228074434,4834
0.228086113,4833
0.228109925,4832
0.228114254,4831
0.228124909,4830
0.228133158,4829
0.228139651,4828
0.228148572,4827
0.228155885,4826
0.228160007,4825
0.228165455,4824
0.228186878,4823
0.228190888,4822
0.228220446,4821
0.228385722,4820
0.228392944,4819
0.228720474,4818
0.228744699,4817
0.228753386,4816
0.22877799,4815
0.228782961,4814
0.228789375,4813
0.228797306,4812
0.228812938,4811
0.228821296,4810
0.228825464,4809
0.228870011,4808
0.228883148,4807
0.228909433,4806
0.228915742,4805
0.228922491,4804
0.228933136,4803
0.228995376,4802
0.229010484,4801
0.229025005,4800
0.229030218,4799
0.229035368,4798
0.229046778,4797
0.229075546,4796
0.229087955,4795
0.229134339,4794
0.229141286,4793
0.229424228,4792
0.229456697,4791
0.229492963,4790
0.229499535,4789
0.229534639,4788
0.229551011,4787
0.229574349,4786
0.229584238,4785
0.229593386,4784
0.229601483,4783
0.229610963,4782
0.229666227,4781
0.229701236,4780
0.229710539,4779
0.22972555,4778
0.229738009,4777
0.229749675,4776
0.22978031,4775
0.229794688,4774
0.229980544,4773
0.2299941,4772
0.230014581,4771
0.230039388,4770
0.230081644,4769
0.230107693,4768
0.230139856,4767
0.230149752,4766
0.23016573,4765
0.230189217,4764
0.230204088,4763
0.230214391,4762
0.230220745,4761
0.230391845,4760
0.230397555,4759
0.23049055,4758
0.23052443,4757
0.230568494,4756
0.230672946,4755
0.230757244,4754
0.230930968,4753
0.230982411,4752
0.231406293,4751
0.231413393,4750
0.231538368,4749
0.231580438,4748
0.23187884,4747
