0.382566159,10181
0.382700441,10180
0.382847656,10179
0.382976246,10178
0.383584886,10177
0.383651798,10176
0.383737406,10175
0.383761236,10174
0.383778441,10173
0.383793029,10172
0.383846258,10171
0.383853269,10170
0.383859206,10169
0.383874532,10168
0.38415087,10167
0.384169073,10166
0.384178659,10165
0.384188379,10164
0.384198382,10163
0.38420717,10162
0.384214774,10161
0.38422183,10160
0.384282194,10159
0.384289216,10158
0.384295818,10157
0.384302329,10156
0.38430884,10155
0.384322511,10154
0.384340939,10153
0.38435541,10152
0.384363179,10151
0.384375789,10150
0.38439031,10149
0.384405311,10148
0.384456798,10147
0.384473036,10146
0.384480029,10145
0.384487018,10144
0.384540397,10143
0.384547113,10142
0.384562957,10141
0.384571183,10140
0.384579444,10139
0.384588453,10138
0.38459714,10137
0.38460586,10136
0.384615035,10135
0.384624086,10134
0.384633169,10133
0.384642396,10132
0.384651751,10131
0.384661202,10130
0.384670431,10129
0.384679757,10128
0.384689436,10127
0.384699196,10126
0.384712145,10125
0.384748484,10124
0.384757893,10123
0.384773445,10122
0.384817065,10121
0.385019199,10120
0.385042088,10119
0.385054147,10118
0.385067081,10117
0.385083009,10116
0.385095782,10115
0.385107598,10114
0.385120276,10113
0.385131896,10112
0.385160153,10111
0.385171118,10110
0.385194186,10109
0.385203629,10108
0.385212103,10107
0.385220865,10106
0.385229368,10105
0.385253176,10104
0.385261149,10103
0.38526883,10102
0.385276611,10101
0.385283839,10100
0.385291327,10099
0.385298562,10098
0.385306226,10097
0.385314,10096
0.385320249,10095
0.38542857,10094
0.385452969,10093
0.385465929,10092
0.385504104,10091
0.385517114,10090
0.385523527,10089
0.385556058,10088
0.385567865,10087
0.385599033,10086
0.385605767,10085
0.385610991,10084
0.385616613,10083
0.385627569,10082
0.385632469,10081
0.385637684,10080
0.385643113,10079
0.385649901,10078
0.385656273,10077
0.385663266,10076
0.385672133,10075
0.385677868,10074
0.385683074,10073
0.385688788,10072
0.385693339,10071
0.385700104,10070
0.385711894,10069
0.385718383,10068
0.38572453,10067
0.385730851,10066
0.385737251,10065
0.385743372,10064
0.385790397,10063
0.385797926,10062
0.385805108,10061
0.385842089,10060
0.385849722,10059
0.385859763,10058
0.385876748,10057
0.385885618,10056
0.385893088,10055
0.385989804,10054
0.385999291,10053
0.386009562,10052
0.386017005,10051
0.386023937,10050
0.386031013,10049
0.386038445,10048
0.386044239,10047
0.386050871,10046
0.386057294,10045
0.38606372,10044
0.386070076,10043
0.386075918,10042
0.386082129,10041
0.386087812,10040
0.386094135,10039
0.386099996,10038
0.386105626,10037
0.386111657,10036
0.386117523,10035
0.386121836,10034
0.386126668,10033
0.386132896,10032
0.386136976,10031
0.386140822,10030
0.386144875,10029
0.386148929,10028
0.386152407,10027
0.386156336,10026
0.386159684,10025
0.386163175,10024
0.386166589,10023
0.386170161,10022
0.386173608,10021
0.386177138,10020
0.386185084,10019
0.386190023,10018
0.386194493,10017
0.386199066,10016
0.386203472,10015
0.386216295,10014
0.386221195,10013
0.386226961,10012
0.386232179,10011
0.386247789,10010
0.386253804,10009
0.386265835,10008
0.38627794,10007
0.386288926,10006
0.38630273,10005
0.386308228,10004
0.386313296,10003
0.386327146,10002
0.386334829,10001
0.38634246,10000
0.386349451,9999
0.38635653,9998
0.386364115,9997
0.386370549,9996
0.386377453,9995
0.386384186,9994
0.386390615,9993
0.386396666,9992
0.386402666,9991
0.38640807,9990
0.386420407,9989
0.389550163,9988
0.389561026,9987
0.389566097,9986
0.389571686,9985
0.389577003,9984
0.389581786,9983
0.389587122,9982
0.389592279,9981
0.38959725,9980
0.389601568,9979
0.389606881,9978
0.389611228,9977
0.389619193,9976
0.389624871,9975
0.389639296,9974
0.389650391,9973
0.389661854,9972
0.389673134,9971
0.389684087,9970
0.389688814,9969
0.389694118,9968
0.389699248,9967
0.38970526,9966
0.389711028,9965
0.38971616,9964
0.389721918,9963
0.389728154,9962
0.389733713,9961
0.389738788,9960
0.389743533,9959
0.389748617,9958
0.389753214,9957
0.389758503,9956
0.389764202,9955
0.389773069,9954
0.389781512,9953
0.389789348,9952
0.389795652,9951
0.389802526,9950
0.389809644,9949
0.389817182,9948
0.389823831,9947
0.389830648,9946
0.389835532,9945
0.3898771,9944
0.38988506,9943
0.389918709,9942
0.389935104,9941
0.390287884,9940
0.390300113,9939
0.390312628,9938
0.390318226,9937
0.390324833,9936
0.390329995,9935
0.39033511,9934
0.390339428,9933
0.390344456,9932
0.390348957,9931
0.390353871,9930
0.390358095,9929
0.390362723,9928
0.390367495,9927
0.390374347,9926
0.390379123,9925
0.390383758,9924
0.390388083,9923
0.390392098,9922
0.390395923,9921
0.390435742,9920
0.390470641,9919
0.390526889,9918
0.390531335,9917
0.390536899,9916
0.390541771,9915
0.39058201,9914
0.390640021,9913
0.390645362,9912
0.390650054,9911
0.390654768,9910
0.390660551,9909
0.390665538,9908
0.390692246,9907
0.390739887,9906
0.390745442,9905
0.390750347,9904
0.390755087,9903
0.390759436,9902
0.390764036,9901
0.390768428,9900
0.390772568,9899
0.39077697,9898
0.390781132,9897
0.390785481,9896
0.390790261,9895
0.390794623,9894
0.390799097,9893
0.390803629,9892
0.390807915,9891
0.390812577,9890
0.390819666,9889
0.390825357,9888
0.390830179,9887
0.390834485,9886
0.39083878,9885
0.390842819,9884
0.390846957,9883
0.390851196,9882
0.390855596,9881
0.390925074,9880
0.390929474,9879
0.390967738,9878
0.391001952,9877
0.391005831,9876
0.391009497,9875
0.391013454,9874
0.391017213,9873
0.391021124,9872
0.391202724,9871
0.391207447,9870
0.391212951,9869
0.39121766,9868
0.391222595,9867
0.391227386,9866
0.39123189,9865
0.391237358,9864
0.391242259,9863
0.391246915,9862
0.391251496,9861
0.391306962,9860
0.391346184,9859
0.391382057,9858
0.391387942,9857
0.39139431,9856
0.391459138,9855
0.391528615,9854
0.391540885,9853
0.391557416,9852
0.39156601,9851
0.391569564,9850
0.391597108,9849
0.391604122,9848
0.391610322,9847
0.391616135,9846
0.391621277,9845
0.391626381,9844
0.391631218,9843
0.391636812,9842
0.391641731,9841
0.391646386,9840
0.39165096,9839
0.391656056,9838
0.391660201,9837
0.391664295,9836
0.391675649,9835
0.391709553,9834
0.391713833,9833
0.391718267,9832
0.391722641,9831
0.391727139,9830
0.391731376,9829
0.39173545,9828
0.391739077,9827
0.391743205,9826
0.391746867,9825
0.391750872,9824
0.391754794,9823
0.391758969,9822
0.391762955,9821
0.391766609,9820
0.391770615,9819
0.39177454,9818
0.391778284,9817
0.391782038,9816
0.391786062,9815
0.39178996,9814
0.39179397,9813
0.391797873,9812
0.391801512,9811
0.391805524,9810
0.391809353,9809
0.391812984,9808
0.391816711,9807
0.39182341,9806
0.391828929,9805
0.391839675,9804
0.391850058,9803
0.391857638,9802
0.391863886,9801
0.39186902,9800
0.391879539,9799
0.39189643,9798
0.391906165,9797
0.391946893,9796
0.391950911,9795
0.391954496,9794
0.391957835,9793
0.391960882,9792
0.39198773,9791
0.391990371,9790
0.391993359,9789
0.39199582,9788
0.391998145,9787
0.392000286,9786
0.392002429,9785
0.39200467,9784
0.392007156,9783
0.3920093,9782
0.392011237,9781
0.392013468,9780
0.392015473,9779
0.392017796,9778
0.392019921,9777
0.392021959,9776
0.39202406,9775
0.392026124,9774
0.392028197,9773
0.392030419,9772
0.392032859,9771
0.3920351,9770
0.392037385,9769
0.392039428,9768
0.3920416,9767
0.392043705,9766
0.392046365,9765
0.392049476,9764
0.392052196,9763
0.392054913,9762
0.392057348,9761
0.392059837,9760
0.392062254,9759
0.392064872,9758
0.392067966,9757
0.392070688,9756
0.392073142,9755
0.392076289,9754
0.39207884,9753
0.392081874,9752
0.392084033,9751
0.392086345,9750
0.392088635,9749
0.392090821,9748
0.392093059,9747
0.392095273,9746
0.392097457,9745
0.392099649,9744
0.392101559,9743
0.39210351,9742
0.392105514,9741
0.392108184,9740
0.392110244,9739
0.392112305,9738
0.392114212,9737
0.392116192,9736
0.392118356,9735
0.392120496,9734
0.392123469,9733
0.392126161,9732
0.392128283,9731
0.39213067,9730
0.392133185,9729
0.392135585,9728
0.392140504,9727
0.3921438,9726
0.392146921,9725
0.3921504,9724
0.392153798,9723
0.392156776,9722
0.392159619,9721
0.392162214,9720
0.392164622,9719
0.392166972,9718
0.392169391,9717
0.39217159,9716
0.392183074,9715
0.39218734,9714
0.39218991,9713
0.392192398,9712
0.392194738,9711
0.39219718,9710
0.392199662,9709
0.392201853,9708
0.392204224,9707
0.392206627,9706
0.392209089,9705
0.392211838,9704
0.392214229,9703
0.392216779,9702
0.392219333,9701
0.392221614,9700
0.39222387,9699
0.392226173,9698
0.392228566,9697
0.392230679,9696
0.392233218,9695
0.392235164,9694
0.392237382,9693
0.392244902,9692
0.392289253,9691
0.392292539,9690
0.392296384,9689
0.392299438,9688
0.392302528,9687
0.39230541,9686
0.392308294,9685
0.392310959,9684
0.392313712,9683
0.392316409,9682
0.392319047,9681
0.392322369,9680
0.39232545,9679
0.392328257,9678
0.392331181,9677
0.392334103,9676
0.392336838,9675
0.392339748,9674
0.392343267,9673
0.392346335,9672
0.392349524,9671
0.392352399,9670
0.392357396,9669
0.392361598,9668
0.392366254,9667
0.392436853,9666
0.392443136,9665
0.39244759,9664
0.392451221,9663
0.392454869,9662
0.392458243,9661
0.392462068,9660
0.392466598,9659
0.392470342,9658
0.392474184,9657
0.392478,9656
0.392481394,9655
0.392484918,9654
0.392487999,9653
0.392491578,9652
0.392494692,9651
0.392498035,9650
0.392501299,9649
0.392504227,9648
0.39250708,9647
0.392510109,9646
0.392513153,9645
0.392516667,9644
0.392520133,9643
0.392523365,9642
0.392526574,9641
0.392529377,9640
0.392532014,9639
0.392535006,9638
0.392538901,9637
0.392542714,9636
0.392546499,9635
0.392550053,9634
0.392554061,9633
0.392558022,9632
0.392561284,9631
0.392564541,9630
0.392567944,9629
0.39257271,9628
0.392578986,9627
0.392584034,9626
0.392587042,9625
0.392590773,9624
0.39259382,9623
0.392596503,9622
0.392599412,9621
0.392603309,9620
0.392605674,9619
0.392608024,9618
0.39261022,9617
0.392613655,9616
0.392616657,9615
0.392619545,9614
0.392622079,9613
0.392624193,9612
0.3926264,9611
0.392628373,9610
0.392630379,9609
0.392632336,9608
0.39263432,9607
0.392636158,9606
0.392638204,9605
0.392641263,9604
0.392644028,9603
0.392646875,9602
0.392649803,9601
0.392652515,9600
0.392655248,9599
0.392657833,9598
0.392660986,9597
0.392663749,9596
0.392666706,9595
0.392669906,9594
0.392672891,9593
0.392675881,9592
0.392678969,9591
0.392682489,9590
0.392686006,9589
0.392689231,9588
0.392692273,9587
0.392695405,9586
0.392698884,9585
0.392702738,9584
0.392707123,9583
0.392718017,9582
0.392721657,9581
0.392724994,9580
0.392728891,9579
0.392732382,9578
0.392735814,9577
0.39273908,9576
0.392742624,9575
0.39274625,9574
0.392759343,9573
0.392762933,9572
0.39276704,9571
0.392769784,9570
0.392772743,9569
0.392775214,9568
0.392777458,9567
0.392779501,9566
0.392781588,9565
0.392784062,9564
0.392786373,9563
0.392788576,9562
0.392791067,9561
0.39279308,9560
0.392795139,9559
0.392797244,9558
0.39279938,9557
0.392801651,9556
0.392803953,9555
0.392805933,9554
0.392808253,9553
0.3928103,9552
0.392812261,9551
0.392814275,9550
0.392816433,9549
0.392818548,9548
0.392820604,9547
0.392822543,9546
0.392824397,9545
0.392826354,9544
0.392829474,9543
0.392832149,9542
0.392835614,9541
0.392838743,9540
0.392841739,9539
0.392844734,9538
0.392847779,9537
0.392850441,9536
0.392853062,9535
0.392855781,9534
0.392859108,9533
0.392861809,9532
0.392864281,9531
0.392866992,9530
0.392870152,9529
0.392873428,9528
0.392883783,9527
0.392888525,9526
0.392892656,9525
0.392896005,9524
0.392899716,9523
0.392903026,9522
0.392906416,9521
0.392910156,9520
0.392914414,9519
0.392918185,9518
0.392921966,9517
0.392925684,9516
0.392929721,9515
0.392933589,9514
0.392937121,9513
0.392940033,9512
0.39294393,9511
0.392947398,9510
0.392951343,9509
0.392954549,9508
0.392957641,9507
0.39296097,9506
0.392964051,9505
0.392967035,9504
0.392971249,9503
0.392974182,9502
0.39297671,9501
0.392979303,9500
0.392982197,9499
0.39298433,9498
0.39299115,9497
0.392994209,9496
0.392996395,9495
0.392998656,9494
0.393002046,9493
0.393004967,9492
0.393007645,9491
0.393010346,9490
0.393012983,9489
0.393015682,9488
0.393018117,9487
0.39302075,9486
0.393023516,9485
0.39302569,9484
0.393028251,9483
0.393030425,9482
0.393033278,9481
0.393035617,9480
0.393037941,9479
0.393039924,9478
0.393041887,9477
0.393044624,9476
0.393046856,9475
0.393050393,9474
0.39305293,9473
0.393055611,9472
0.39305825,9471
0.393060477,9470
0.393062975,9469
0.3930659,9468
0.393068379,9467
0.393071007,9466
0.393073718,9465
0.39307598,9464
0.393078259,9463
0.393080676,9462
0.393082919,9461
0.393085266,9460
0.393087459,9459
0.393089499,9458
0.393092569,9457
0.393095498,9456
0.393097753,9455
0.393100021,9454
0.393102045,9453
0.393104023,9452
0.393106073,9451
0.393108218,9450
0.393110307,9449
0.3931125,9448
0.393114654,9447
0.393116648,9446
0.393118827,9445
0.393121816,9444
0.393124341,9443
0.39312656,9442
0.393129112,9441
0.393131431,9440
0.393133443,9439
0.393135754,9438
0.393137774,9437
0.393140183,9436
0.393142524,9435
0.393144657,9434
0.393147365,9433
0.393149481,9432
0.393151704,9431
0.393153424,9430
0.393155519,9429
0.39315759,9428
0.393160196,9427
0.393163127,9426
0.393165227,9425
0.393167458,9424
0.39316965,9423
0.393171932,9422
0.393174472,9421
0.393176552,9420
0.393179637,9419
0.393182337,9418
0.39318461,9417
0.39318673,9416
0.393189524,9415
0.393192164,9414
0.393197452,9413
0.393200942,9412
0.393203982,9411
0.393206682,9410
0.393209959,9409
0.393212958,9408
0.393215639,9407
0.393218474,9406
0.393220821,9405
0.393223435,9404
0.393225498,9403
0.393227828,9402
0.393230009,9401
0.393232135,9400
0.393234331,9399
0.393236346,9398
0.393238601,9397
0.393241228,9396
0.39324345,9395
0.393245745,9394
0.393247945,9393
0.393250029,9392
0.393252115,9391
0.393254355,9390
0.393256479,9389
0.39325851,9388
0.393260651,9387
0.393262949,9386
0.393264972,9385
0.393267259,9384
0.393269461,9383
0.393271944,9382
0.393273958,9381
0.393276362,9380
0.393278822,9379
0.393281112,9378
0.393283328,9377
0.393285288,9376
0.393287415,9375
0.393289685,9374
0.393291532,9373
0.39329353,9372
0.393295568,9371
0.393297792,9370
0.39329992,9369
0.393302182,9368
0.393304202,9367
0.393306225,9366
0.393308338,9365
0.393310462,9364
0.393312519,9363
0.393314854,9362
0.393317047,9361
0.393319285,9360
0.393321341,9359
0.393323527,9358
0.393325839,9357
0.393328164,9356
0.39333257,9355
0.393336218,9354
0.393339775,9353
0.393342579,9352
0.393345418,9351
0.39334795,9350
0.39335048,9349
0.393353495,9348
0.393356677,9347
0.393360055,9346
0.393366002,9345
0.393369038,9344
0.393371788,9343
0.393374191,9342
0.393376603,9341
0.39337937,9340
0.393381661,9339
0.393383976,9338
0.393386627,9337
0.393389551,9336
0.393392747,9335
0.393394966,9334
0.393397519,9333
0.39340025,9332
0.393402921,9331
0.393405565,9330
0.393407892,9329
0.393410384,9328
0.393412589,9327
0.393414633,9326
0.39341708,9325
0.39341953,9324
0.393421899,9323
0.393424558,9322
0.393426809,9321
0.393429048,9320
0.393431387,9319
0.393433555,9318
0.393435901,9317
0.393438015,9316
0.393440635,9315
0.393443967,9314
0.393446814,9313
0.393449581,9312
0.393452196,9311
0.393454951,9310
0.393457728,9309
0.393460501,9308
0.393463472,9307
0.393467773,9306
0.393471896,9305
0.393474186,9304
0.393476527,9303
0.393479218,9302
0.393482518,9301
0.39348498,9300
0.39348737,9299
0.393489932,9298
0.393492185,9297
0.393494524,9296
0.393496664,9295
0.393499068,9294
0.39350108,9293
0.39350513,9292
0.393508364,9291
0.393511515,9290
0.393514729,9289
0.393517736,9288
0.393520546,9287
0.393523232,9286
0.393526195,9285
0.393529275,9284
0.393532545,9283
0.39353555,9282
0.39353838,9281
0.393541593,9280
0.393544374,9279
0.393546923,9278
0.39354954,9277
0.393552127,9276
0.393555091,9275
0.3935578,9274
0.393560665,9273
0.393563634,9272
0.393566162,9271
0.393569329,9270
0.393580066,9269
0.393584879,9268
0.393587991,9267
0.393591077,9266
0.393593928,9265
0.393596667,9264
0.393599384,9263
0.393601887,9262
0.393604431,9261
0.393607772,9260
0.39361084,9259
0.393614114,9258
0.393617106,9257
0.393619924,9256
0.393623164,9255
0.393626301,9254
0.39362915,9253
0.393631788,9252
0.393634663,9251
0.393637394,9250
0.393640236,9249
0.393643023,9248
0.393645635,9247
0.393647835,9246
0.393650155,9245
0.393652021,9244
0.393655667,9243
0.393658089,9242
0.393660392,9241
0.393662823,9240
0.393665067,9239
0.393667402,9238
0.393669724,9237
0.393671753,9236
0.393674273,9235
0.393677063,9234
0.393679769,9233
0.393681851,9232
0.393684386,9231
0.393686878,9230
0.393689605,9229
0.39369209,9228
0.393694298,9227
0.393696674,9226
0.393699318,9225
0.393702565,9224
0.39370491,9223
0.39370752,9222
0.393709933,9221
0.393712444,9220
0.393714726,9219
0.393717336,9218
0.393720475,9217
0.393723334,9216
0.393726363,9215
0.393729109,9214
0.393731976,9213
0.3937348,9212
0.3937377,9211
0.393740574,9210
0.393743436,9209
0.393746069,9208
0.393748864,9207
0.39375182,9206
0.393754294,9205
0.393757249,9204
0.393760117,9203
0.393762947,9202
0.393765627,9201
0.393768518,9200
0.393771261,9199
0.393774325,9198
0.39377695,9197
0.393779625,9196
0.393782383,9195
0.393784936,9194
0.393787775,9193
0.393801911,9192
0.393804739,9191
0.393807469,9190
0.393810116,9189
0.393812635,9188
0.393815196,9187
0.393818004,9186
0.393820577,9185
0.393824055,9184
0.393826348,9183
0.39382842,9182
0.393830765,9181
0.393833768,9180
0.393836138,9179
0.393838715,9178
0.393840824,9177
0.393843359,9176
0.393845826,9175
0.393848387,9174
0.393850764,9173
0.393853184,9172
0.393856504,9171
0.393859212,9170
0.393861942,9169
0.39386434,9168
0.39386678,9167
0.393869231,9166
0.39387208,9165
0.393874639,9164
0.393877178,9163
0.393880372,9162
0.393883358,9161
0.393886604,9160
0.393890549,9159
0.39389287,9158
0.393894911,9157
0.393897266,9156
0.393899658,9155
0.393902459,9154
0.393904781,9153
0.393907052,9152
0.39390943,9151
0.393911707,9150
0.393914312,9149
0.393916758,9148
0.393943187,9147
0.393960087,9146
0.393966694,9145
0.393982124,9144
0.393986827,9143
0.393990575,9142
0.393994175,9141
0.393998159,9140
0.394001349,9139
0.394004155,9138
0.39400668,9137
0.394010371,9136
0.394013395,9135
0.394017183,9134
0.394020492,9133
0.394023206,9132
0.394026239,9131
0.394028896,9130
0.39403164,9129
0.394035399,9128
0.394038829,9127
0.394042145,9126
0.394045104,9125
0.394048475,9124
0.394051623,9123
0.394054722,9122
0.39405794,9121
0.39406102,9120
0.394064537,9119
0.39406791,9118
0.394071213,9117
0.394074519,9116
0.394077604,9115
0.394080884,9114
0.394083762,9113
0.394086859,9112
0.39409962,9111
0.394106722,9110
0.394111177,9109
0.394115456,9108
0.394151166,9107
0.394154926,9106
0.394158443,9105
0.394162387,9104
0.39416639,9103
0.394171981,9102
0.394175347,9101
0.394179239,9100
0.394182233,9099
0.394185519,9098
0.394188105,9097
0.394191314,9096
0.394194253,9095
0.394196549,9094
0.394199012,9093
0.394201107,9092
0.394203704,9091
0.394206871,9090
0.394210153,9089
0.394213147,9088
0.394216601,9087
0.394219818,9086
0.394223837,9085
0.394227103,9084
0.394234899,9083
0.394238149,9082
0.394241101,9081
0.394244582,9080
0.394247509,9079
0.394259651,9078
0.3942639,9077
0.394268259,9076
0.394271889,9075
0.394275665,9074
0.39427956,9073
0.394283363,9072
0.394286954,9071
0.394290796,9070
0.394299359,9069
0.394312638,9068
0.394316631,9067
0.394319431,9066
0.394332202,9065
0.394334875,9064
0.394337788,9063
0.39434022,9062
0.394343583,9061
0.39434669,9060
0.39435315,9059
0.394356896,9058
0.394360395,9057
0.394364104,9056
0.394367206,9055
0.39437023,9054
0.394373681,9053
0.394376907,9052
0.39437972,9051
0.394382766,9050
0.394385613,9049
0.394388777,9048
0.394393665,9047
0.394396687,9046
0.394400929,9045
0.394404646,9044
0.394407674,9043
0.394411018,9042
0.394413819,9041
0.394419961,9040
0.394423372,9039
0.394427575,9038
0.394432559,9037
0.394435974,9036
0.39443935,9035
0.394442569,9034
0.394445845,9033
0.394448387,9032
0.394451319,9031
0.394454113,9030
0.394457357,9029
0.394460007,9028
0.39446236,9027
0.394464717,9026
0.394467355,9025
0.394469665,9024
0.394472095,9023
0.394474596,9022
0.394477433,9021
0.394479902,9020
0.394482478,9019
0.394484724,9018
0.394486792,9017
0.394489397,9016
0.394492015,9015
0.394494642,9014
0.394497111,9013
0.394499477,9012
0.394502242,9011
0.394504681,9010
0.394507321,9009
0.394509801,9008
0.394512004,9007
0.394514114,9006
0.39451671,9005
0.394519474,9004
0.394521988,9003
0.39452422,9002
0.394526846,9001
0.394529428,9000
0.39453173,8999
0.394534348,8998
0.394537623,8997
0.394540522,8996
0.394543815,8995
0.394546842,8994
0.394550105,8993
0.394553505,8992
0.39455677,8991
0.394559957,8990
0.394562998,8989
0.39456582,8988
0.394568866,8987
0.394571482,8986
0.394574411,8985
0.394577243,8984
0.394580137,8983
0.39458386,8982
0.39458672,8981
0.394589834,8980
0.394593167,8979
0.394595906,8978
0.394598855,8977
0.39460177,8976
0.394604728,8975
0.394607443,8974
0.394610116,8973
0.394617792,8972
0.394620697,8971
0.394623611,8970
0.394626229,8969
0.394629122,8968
0.394632457,8967
0.394635755,8966
0.394638607,8965
0.394641356,8964
0.394644174,8963
0.394646931,8962
0.39464982,8961
0.394652748,8960
0.394655621,8959
0.394658384,8958
0.394661258,8957
0.394664191,8956
0.394668613,8955
0.394925207,8954
0.394934855,8953
0.394946956,8952
0.394951184,8951
0.394954635,8950
0.394957339,8949
0.39495974,8948
0.394963571,8947
0.394967161,8946
0.394970176,8945
0.39497299,8944
0.394975914,8943
0.394978674,8942
0.394981296,8941
0.394984037,8940
0.39498671,8939
0.394989183,8938
0.394991793,8937
0.394994439,8936
0.394997156,8935
0.394999986,8934
0.395002685,8933
0.395005313,8932
0.395007678,8931
0.395010367,8930
0.395013024,8929
0.395016162,8928
0.395018777,8927
0.39502167,8926
0.395024998,8925
0.395027931,8924
0.39503007,8923
0.395032253,8922
0.395034921,8921
0.395037213,8920
0.395039666,8919
0.395041683,8918
0.395043888,8917
0.395046001,8916
0.395053607,8915
0.395056601,8914
0.39505914,8913
0.395061641,8912
0.395064783,8911
0.395067309,8910
0.395070735,8909
0.395073345,8908
0.395075742,8907
0.395078014,8906
0.395080391,8905
0.395083026,8904
0.395085283,8903
0.395088093,8902
0.395090667,8901
0.39509327,8900
0.39509589,8899
0.395098626,8898
0.395101179,8897
0.395103863,8896
0.395106622,8895
0.395108977,8894
0.395111432,8893
0.395114666,8892
0.395117212,8891
0.395119693,8890
0.395122102,8889
0.395124736,8888
0.395127508,8887
0.395130132,8886
0.395132607,8885
0.39513499,8884
0.395137707,8883
0.395139946,8882
0.395142058,8881
0.395144538,8880
0.395146741,8879
0.395149118,8878
0.39515146,8877
0.395154899,8876
0.395157421,8875
0.395160002,8874
0.395162756,8873
0.395165242,8872
0.395167888,8871
0.395170584,8870
0.395173448,8869
0.395175981,8868
0.395178711,8867
0.395181274,8866
0.395185806,8865
0.395188849,8864
0.39519201,8863
0.395195077,8862
0.395197508,8861
0.395199862,8860
0.395202218,8859
0.395204455,8858
0.395206548,8857
0.395209002,8856
0.395211234,8855
0.395213488,8854
0.395216183,8853
0.395218502,8852
0.395221081,8851
0.395223712,8850
0.395226275,8849
0.39522879,8848
0.395230757,8847
0.395233366,8846
0.395235608,8845
0.395238162,8844
0.395240759,8843
0.395243167,8842
0.395245781,8841
0.395248598,8840
0.395251201,8839
0.395253434,8838
0.395255494,8837
0.395257781,8836
0.395259943,8835
0.395263163,8834
0.395269046,8833
0.395271768,8832
0.395273822,8831
0.395277301,8830
0.395280627,8829
0.395283726,8828
0.395286817,8827
0.395290141,8826
0.395292836,8825
0.395295195,8824
0.395297257,8823
0.395300382,8822
0.395302987,8821
0.395305345,8820
0.395307723,8819
0.395310406,8818
0.395312771,8817
0.395315746,8816
0.395317952,8815
0.395320319,8814
0.395322749,8813
0.395325506,8812
0.395328185,8811
0.395330433,8810
0.395332823,8809
0.39533548,8808
0.39533773,8807
0.395340301,8806
0.395343359,8805
0.395346524,8804
0.395349571,8803
0.395353145,8802
0.395356659,8801
0.395360207,8800
0.395363586,8799
0.39536727,8798
0.395370762,8797
0.395374283,8796
0.395377192,8795
0.395380563,8794
0.395383699,8793
0.39538719,8792
0.39539059,8791
0.395394076,8790
0.395397517,8789
0.395400734,8788
0.395404152,8787
0.395407773,8786
0.395410824,8785
0.395413779,8784
0.395416574,8783
0.39541957,8782
0.395422641,8781
0.395426139,8780
0.395435668,8779
0.395739544,8778
0.395745378,8777
0.395749066,8776
0.395752979,8775
0.395758735,8774
0.395761803,8773
0.395764604,8772
0.39576771,8771
0.395772983,8770
0.395775548,8769
0.395778183,8768
0.395780635,8767
0.395783367,8766
0.395785827,8765
0.395788504,8764
0.395791079,8763
0.395793496,8762
0.395801976,8761
0.395805358,8760
0.395808343,8759
0.395811007,8758
0.395813749,8757
0.395816324,8756
0.395820038,8755
0.39582268,8754
0.395825338,8753
0.39582798,8752
0.395830575,8751
0.395852001,8750
0.395855411,8749
0.395858291,8748
0.395861009,8747
0.39586442,8746
0.395866991,8745
0.395869361,8744
0.395871507,8743
0.395873781,8742
0.395877174,8741
0.395879746,8740
0.395882455,8739
0.395884976,8738
0.395887288,8737
0.395889814,8736
0.395892322,8735
0.395894557,8734
0.395897107,8733
0.395899848,8732
0.395902374,8731
0.395905236,8730
0.396547707,8729
0.396552953,8728
0.396556072,8727
0.396559658,8726
0.396563573,8725
0.39656633,8724
0.396570084,8723
0.396572913,8722
0.39657585,8721
0.396578622,8720
0.396581185,8719
0.396584155,8718
0.396586967,8717
0.396590186,8716
0.39659349,8715
0.396773339,8714
0.396786049,8713
0.396792892,8712
0.39680002,8711
0.396804243,8710
0.396811517,8709
0.396815559,8708
0.396820933,8707
0.396825367,8706
0.396828666,8705
0.396833821,8704
0.396838194,8703
0.396842109,8702
0.396846833,8701
0.396851977,8700
0.396855162,8699
0.39685874,8698
0.396863585,8697
0.39686715,8696
0.396869932,8695
0.396876025,8694
0.396879421,8693
0.396883595,8692
0.396887226,8691
0.396892251,8690
0.396898348,8689
0.396901898,8688
0.396906564,8687
0.396910074,8686
0.396913581,8685
0.396917033,8684
0.396921158,8683
0.396924354,8682
0.396927809,8681
0.39693093,8680
0.39693418,8679
0.39693793,8678
0.396941925,8677
0.396945112,8676
0.396948591,8675
0.396951855,8674
0.396955322,8673
0.396969177,8672
0.396972917,8671
0.396976714,8670
0.396980472,8669
0.396982962,8668
0.39698549,8667
0.396988496,8666
0.396991266,8665
0.396993663,8664
0.396996024,8663
0.396998299,8662
0.397003101,8661
0.397006852,8660
0.397010531,8659
0.397013507,8658
0.397017892,8657
0.397030565,8656
0.397035594,8655
0.397038971,8654
0.397042281,8653
0.397045464,8652
0.397048063,8651
0.397058815,8650
0.397062414,8649
0.397065231,8648
0.397068854,8647
0.397073634,8646
0.397076805,8645
0.39708031,8644
0.397082917,8643
0.397085525,8642
0.397087885,8641
0.397090432,8640
0.397094343,8639
0.397098571,8638
0.397102351,8637
0.397106586,8636
0.397109553,8635
0.39711288,8634
0.397116717,8633
0.397120354,8632
0.397124924,8631
0.397128708,8630
0.397131365,8629
0.397135168,8628
0.397139637,8627
0.397143302,8626
0.397146822,8625
0.397151117,8624
0.397154732,8623
0.397157944,8622
0.397161172,8621
0.397165556,8620
0.397169104,8619
0.397172867,8618
0.397176011,8617
0.397179959,8616
0.397183523,8615
0.397187232,8614
0.397190942,8613
0.39719455,8612
0.397197915,8611
0.397201626,8610
0.397206215,8609
0.397209811,8608
0.397213091,8607
0.39721613,8606
0.397218567,8605
0.397222179,8604
0.397225256,8603
0.397228086,8602
0.397230635,8601
0.397233066,8600
0.397235464,8599
0.397238589,8598
0.397241192,8597
0.39724443,8596
0.397246831,8595
0.39724919,8594
0.397251277,8593
0.39725359,8592
0.397255954,8591
0.397258544,8590
0.397260919,8589
0.397263281,8588
0.397265723,8587
0.397267878,8586
0.397271277,8585
0.397273677,8584
0.397276888,8583
0.397279602,8582
0.397282393,8581
0.397285342,8580
0.397288054,8579
0.397291695,8578
0.397294677,8577
0.397297449,8576
0.397300334,8575
0.397303151,8574
0.397306119,8573
0.397309284,8572
0.397313152,8571
0.397315996,8570
0.397319795,8569
0.397322558,8568
0.397324813,8567
0.397327451,8566
0.397330069,8565
0.397332551,8564
0.397335616,8563
0.397339247,8562
0.397341949,8561
0.397344723,8560
0.397347604,8559
0.397350231,8558
0.397354211,8557
0.397356996,8556
0.397359587,8555
0.397362094,8554
0.397364828,8553
0.397367227,8552
0.397369627,8551
0.397371988,8550
0.397374709,8549
0.397377119,8548
0.397381145,8547
0.397383928,8546
0.397386983,8545
0.397389722,8544
0.397392641,8543
0.397395107,8542
0.397399072,8541
0.397401938,8540
0.397405007,8539
0.397407691,8538
0.397410537,8537
0.397413271,8536
0.397415966,8535
0.397419636,8534
0.397430348,8533
0.397434692,8532
0.397438345,8531
0.3974414,8530
0.397443925,8529
0.397446259,8528
0.397449604,8527
0.397454504,8526
0.397457551,8525
0.397460165,8524
0.397462945,8523
0.397466126,8522
0.397468461,8521
0.397471373,8520
0.397474261,8519
0.397476932,8518
0.397479517,8517
0.397482575,8516
0.397485314,8515
0.397488244,8514
0.397492242,8513
0.397495493,8512
0.397498223,8511
0.397501007,8510
0.397504098,8509
0.397507226,8508
0.397509981,8507
0.39751276,8506
0.397515597,8505
0.397518504,8504
0.397521212,8503
0.397524928,8502
0.397528442,8501
0.397531314,8500
0.397534186,8499
0.397537046,8498
0.397539756,8497
0.397542485,8496
0.397546339,8495
0.39754866,8494
0.397551132,8493
0.397553718,8492
0.397556029,8491
0.397558403,8490
0.397560982,8489
0.397563265,8488
0.397566111,8487
0.397569065,8486
0.39757155,8485
0.397574014,8484
0.397577609,8483
0.397580643,8482
0.397583187,8481
0.397587372,8480
0.397592028,8479
0.397594914,8478
0.39759777,8477
0.397600988,8476
0.397604742,8475
0.397607529,8474
0.397611245,8473
0.397614029,8472
0.397616857,8471
0.397620779,8470
0.397623529,8469
0.397626325,8468
0.397630024,8467
0.397632863,8466
0.397635783,8465
0.397638507,8464
0.397641267,8463
0.397643688,8462
0.39764642,8461
0.397648938,8460
0.397652231,8459
0.397654856,8458
0.397657237,8457
0.397659973,8456
0.397664713,8455
0.397669747,8454
0.397675032,8453
0.397679707,8452
0.397685689,8451
0.397689798,8450
0.397695144,8449
0.397698351,8448
0.397703471,8447
0.397708843,8446
0.397711905,8445
0.397716493,8444
0.397720896,8443
0.397724111,8442
0.397727271,8441
0.397730543,8440
0.397734771,8439
0.397739001,8438
0.397749639,8437
0.397752874,8436
0.397756684,8435
0.397759522,8434
0.397762528,8433
0.397765149,8432
0.397769014,8431
0.397771614,8430
0.397776302,8429
0.397779866,8428
0.397783321,8427
0.397786709,8426
0.397790014,8425
0.397793852,8424
0.397796872,8423
0.397799542,8422
0.39780385,8421
0.397807598,8420
0.39781032,8419
0.397812762,8418
0.397815467,8417
0.397818,8416
0.397821253,8415
0.397823865,8414
0.397826559,8413
0.397829232,8412
0.397831794,8411
0.39783391,8410
0.397836628,8409
0.397839265,8408
0.397841966,8407
0.397844902,8406
0.397847641,8405
0.397850717,8404
0.397853483,8403
0.397856342,8402
0.39785951,8401
0.397862188,8400
0.397865579,8399
0.397868519,8398
0.397871495,8397
0.397874414,8396
0.397877229,8395
0.397880348,8394
0.397884708,8393
0.397887614,8392
0.397890438,8391
0.397893137,8390
0.397895799,8389
0.397898634,8388
0.397901285,8387
0.397903695,8386
0.397906956,8385
0.397910369,8384
0.397913941,8383
0.39791754,8382
0.39792122,8381
0.397924981,8380
0.397929775,8379
0.397933621,8378
0.397937905,8377
0.397941081,8376
0.397944614,8375
0.397947766,8374
0.3979516,8373
0.397954362,8372
0.397957433,8371
0.397960193,8370
0.397963433,8369
0.397966879,8368
0.397969451,8367
0.397971832,8366
0.397974184,8365
0.397976515,8364
0.397980213,8363
0.397983144,8362
0.397985797,8361
0.397988289,8360
0.397991331,8359
0.397993744,8358
0.397996236,8357
0.397999313,8356
0.398001999,8355
0.398004789,8354
0.398008328,8353
0.39801286,8352
0.398015694,8351
0.398018536,8350
0.398021479,8349
0.398024527,8348
0.39802718,8347
0.398031191,8346
0.39803426,8345
0.39803901,8344
0.398042315,8343
0.398045678,8342
0.398048885,8341
0.39805313,8340
0.398056589,8339
0.398059886,8338
0.398063411,8337
0.398067021,8336
0.398070215,8335
0.398074671,8334
0.398077692,8333
0.398081172,8332
0.398086639,8331
0.398089901,8330
0.398094858,8329
0.398099428,8328
0.398102657,8327
0.398106183,8326
0.398109368,8325
0.398112402,8324
0.398116185,8323
0.398119914,8322
0.398124584,8321
0.398128344,8320
0.398131847,8319
0.398138163,8318
0.398140916,8317
0.398143635,8316
0.398146207,8315
0.398148688,8314
0.398154006,8313
0.398170784,8312
0.398175042,8311
0.398178057,8310
0.398181144,8309
0.398184603,8308
0.398187481,8307
0.398191032,8306
0.39819459,8305
0.398197913,8304
0.39820154,8303
0.398204947,8302
0.398207933,8301
0.398212403,8300
0.398215702,8299
0.398218743,8298
0.398223126,8297
0.398227471,8296
0.398512652,8295
0.398530543,8294
0.398543102,8293
0.398547879,8292
0.398552895,8291
0.398556791,8290
0.398562365,8289
0.39856921,8288
0.398579798,8287
0.398583184,8286
0.398588172,8285
0.398594449,8284
0.398598278,8283
0.398601273,8282
0.39860476,8281
0.398609625,8280
0.398617906,8279
0.398625303,8278
0.398630112,8277
0.398637019,8276
0.398643433,8275
0.39865029,8274
0.398654267,8273
0.398661372,8272
0.398665855,8271
0.398671027,8270
0.398678296,8269
0.398682844,8268
0.398691722,8267
0.398697731,8266
0.398715476,8265
0.398720628,8264
0.398724298,8263
0.398728987,8262
0.398734718,8261
0.398738241,8260
0.398750992,8259
0.398756609,8258
0.398761601,8257
0.398767574,8256
0.398773898,8255
0.398777415,8254
0.398781005,8253
0.398792624,8252
0.398797443,8251
0.398801079,8250
0.398806295,8249
0.398814249,8248
0.398818419,8247
0.398821827,8246
0.398825399,8245
0.398832291,8244
0.398836095,8243
0.398840154,8242
0.398847132,8241
0.398862075,8240
0.39887049,8239
0.398877407,8238
0.398889553,8237
0.398893268,8236
0.398896972,8235
0.398901821,8234
0.398906188,8233
0.398915216,8232
0.398919152,8231
0.398924933,8230
0.398954783,8229
0.398960167,8228
0.398964528,8227
0.399054326,8226
0.399061728,8225
0.399067171,8224
0.399072622,8223
0.399077516,8222
0.39908006,8221
0.399085151,8220
0.399124524,8219
0.399127354,8218
0.399133597,8217
0.399138791,8216
0.399143196,8215
0.399147492,8214
0.399387892,8213
0.399391117,8212
0.399394574,8211
0.399397421,8210
0.399403779,8209
0.399408845,8208
0.399411677,8207
0.399415095,8206
0.399417717,8205
0.399421928,8204
0.399424625,8203
0.399427409,8202
0.399429859,8201
0.399433004,8200
0.399435772,8199
0.399438241,8198
0.399444224,8197
0.399448337,8196
0.3994515,8195
0.399455238,8194
0.399458519,8193
0.399461832,8192
0.399465239,8191
0.399468163,8190
0.399471777,8189
0.399474149,8188
0.399480217,8187
0.399483714,8186
0.399487659,8185
0.39949026,8184
0.399493649,8183
0.399496315,8182
0.399503045,8181
0.399506724,8180
0.399515009,8179
0.39951908,8178
0.399521657,8177
0.399527878,8176
0.399530234,8175
0.399533995,8174
0.399536991,8173
0.399543812,8172
0.399550608,8171
0.399556661,8170
0.399561316,8169
0.399564248,8168
0.399577276,8167
0.39958404,8166
0.399587173,8165
0.399590497,8164
0.399593461,8163
0.399597564,8162
0.399606699,8161
0.399610278,8160
0.399620913,8159
0.399625233,8158
0.399637078,8157
0.399644655,8156
0.399649551,8155
0.399652713,8154
0.399661101,8153
0.39966693,8152
0.399670335,8151
0.399711263,8150
0.399745517,8149
0.399838245,8148
0.399847035,8147
0.399853494,8146
0.399866078,8145
0.399881827,8144
0.399888053,8143
0.399896543,8142
0.399902226,8141
0.39991623,8140
0.399919446,8139
0.399922642,8138
0.399933492,8137
0.399938454,8136
0.39994169,8135
0.399957751,8134
0.399965077,8133
0.399985711,8132
0.399988502,8131
0.399992633,8130
0.399996072,8129
0.400003977,8128
0.400008383,8127
0.400043386,8126
0.400046646,8125
0.400053712,8124
0.400058177,8123
0.400061596,8122
0.400072054,8121
0.400080518,8120
0.4001162,8119
0.40058956,8118
0.401449924,8117
0.401485917,8116
0.401521956,8115
0.401582687,8114
0.401827717,8113
0.401858104,8112
0.401867777,8111
0.401897791,8110
0.40191069,8109
0.402070088,8108
0.403272225,8107
0.403317457,8106
0.403321992,8105
0.403325882,8104
0.403330169,8103
0.403338103,8102
0.40334285,8101
0.40334911,8100
0.403353083,8099
0.403361339,8098
0.403437504,8097
0.403441751,8096
0.403450966,8095
0.403456926,8094
0.403460399,8093
0.403464623,8092
0.403469717,8091
0.403483304,8090
0.403490628,8089
0.403499852,8088
0.403516259,8087
0.403523775,8086
0.403528628,8085
0.403533208,8084
0.403537738,8083
0.403545418,8082
0.403549804,8081
0.403554904,8080
0.403560792,8079
0.403564656,8078
0.403578988,8077
0.403581864,8076
0.403588709,8075
0.403595947,8074
0.403603515,8073
0.403608424,8072
0.403616671,8071
0.403628198,8070
0.403634083,8069
0.403648114,8068
0.403658815,8067
0.403666421,8066
0.403669935,8065
0.403672971,8064
0.403684488,8063
0.403690424,8062
0.403703487,8061
0.403708771,8060
0.403713415,8059
0.40371646,8058
0.403720145,8057
0.403730234,8056
0.403735028,8055
0.403738738,8054
0.403772517,8053
0.403776326,8052
0.403780023,8051
0.403787724,8050
0.403791506,8049
0.403795617,8048
0.403809607,8047
0.4038158,8046
0.403829766,8045
0.403834552,8044
0.4038391,8043
0.403847258,8042
0.403852296,8041
0.403862921,8040
0.403870705,8039
0.403876469,8038
0.403883525,8037
0.403887034,8036
0.403890399,8035
0.403904427,8034
0.403910046,8033
0.403919425,8032
0.403942545,8031
0.403947379,8030
0.403957229,8029
0.403961521,8028
0.403968559,8027
0.403974613,8026
0.403983214,8025
0.403991979,8024
0.404004002,8023
0.404014478,8022
0.40402462,8021
0.404031546,8020
0.404040928,8019
0.404046137,8018
0.404055285,8017
0.40406306,8016
0.404066277,8015
0.404072524,8014
0.404089584,8013
0.404197165,8012
0.404208563,8011
0.404216021,8010
0.404225341,8009
0.404233708,8008
0.404252076,8007
0.40430168,8006
0.404311896,8005
0.404461364,8004
0.404495514,8003
0.404506523,8002
0.404516399,8001
0.404528656,8000
0.404556991,7999
0.404568579,7998
0.404575708,7997
0.40458488,7996
0.40459203,7995
0.404600303,7994
0.404607595,7993
0.404615576,7992
0.404627191,7991
0.404630382,7990
0.404663709,7989
0.404669308,7988
0.404688935,7987
0.404693083,7986
0.404709006,7985
0.40471737,7984
0.404740884,7983
0.404749352,7982
0.404755386,7981
0.404761338,7980
0.404764631,7979
0.404769016,7978
0.404775171,7977
0.404786266,7976
0.40481579,7975
0.404823172,7974
0.404851483,7973
0.404858401,7972
0.404875387,7971
0.404878364,7970
0.404891804,7969
0.404906827,7968
0.404931157,7967
0.404940363,7966
0.404947527,7965
0.404968559,7964
0.404986164,7963
0.404995363,7962
0.405008903,7961
0.405048127,7960
0.405051953,7959
0.405058775,7958
0.405065491,7957
0.405074238,7956
0.405108641,7955
0.405152259,7954
0.405168846,7953
0.40517372,7952
0.40520768,7951
0.405216104,7950
0.405261795,7949
0.405270178,7948
0.405311284,7947
0.405328315,7946
0.405363738,7945
0.405377495,7944
0.405380594,7943
0.40542911,7942
0.405447296,7941
0.40548844,7940
0.405500745,7939
0.40552622,7938
0.405539328,7937
0.405566165,7936
0.405569377,7935
0.40559693,7934
0.405641856,7933
0.405651403,7932
0.405700104,7931
0.405709856,7930
0.405718783,7929
0.405730443,7928
0.405734235,7927
0.40574993,7926
0.40576314,7925
0.405812814,7924
0.405818337,7923
0.405858392,7922
0.405880842,7921
0.40588555,7920
0.405908604,7919
0.405965285,7918
0.40597669,7917
0.405990338,7916
0.405999548,7915
0.406078294,7914
0.406091524,7913
0.406118739,7912
0.406131628,7911
0.406170528,7910
0.406239904,7909
0.40631901,7908
0.406322661,7907
0.406333461,7906
0.406341154,7905
0.406345435,7904
0.406385943,7903
0.406408378,7902
0.406519262,7901
0.406523427,7900
0.406528756,7899
0.406582814,7898
0.406639851,7897
0.406688574,7896
0.407119449,7895
0.407172575,7894
0.407208563,7893
0.407212527,7892
0.407218603,7891
0.407222728,7890
0.407229995,7889
0.407267385,7888
0.407272019,7887
0.407283508,7886
0.407319764,7885
0.407357021,7884
0.4073615,7883
0.40736761,7882
0.407373037,7881
0.407377175,7880
0.407419247,7879
0.407424534,7878
0.407429712,7877
0.407436796,7876
0.407448546,7875
0.40745395,7874
0.407460893,7873
0.407468686,7872
0.40747787,7871
0.407484904,7870
0.407489733,7869
0.407529618,7868
0.407578975,7867
0.407620845,7866
0.40762576,7865
0.40763112,7864
0.407666626,7863
0.407675486,7862
0.407723803,7861
0.407755121,7860
0.407767537,7859
0.407824758,7858
0.407829432,7857
0.407844301,7856
0.407861498,7855
0.407924998,7854
0.407939214,7853
0.407973762,7852
0.408023159,7851
0.408030316,7850
0.408075152,7849
0.408091727,7848
0.408103427,7847
0.408112151,7846
0.408115941,7845
0.408166642,7844
0.408174872,7843
0.40817987,7842
0.408184286,7841
0.408206728,7840
0.408214259,7839
0.408253437,7838
0.408268214,7837
0.408284029,7836
0.40832516,7835
0.408648895,7834
0.408822673,7833
0.408878549,7832
0.410052762,7831
0.410062559,7830
0.41007667,7829
0.410083118,7828
0.410092043,7827
0.410096067,7826
0.410102064,7825
0.410137137,7824
0.410141339,7823
0.410176983,7822
0.410183229,7821
0.410207575,7820
0.410528964,7819
0.410578279,7818
0.410585757,7817
0.41062536,7816
0.410632841,7815
0.410679293,7814
0.410722174,7813
0.410726719,7812
0.410760621,7811
0.410764545,7810
0.410798786,7809
0.410842627,7808
0.41084849,7807
0.410853896,7806
0.410877043,7805
0.41088189,7804
0.410889357,7803
0.410893418,7802
0.410898212,7801
0.410937414,7800
0.410941691,7799
0.410950636,7798
0.410988747,7797
0.410995293,7796
0.411032385,7795
0.411039174,7794
0.411045896,7793
0.411079927,7792
0.411087469,7791
0.411123727,7790
0.411171185,7789
0.411226074,7788
0.411232969,7787
0.411240322,7786
0.411278129,7785
0.411284629,7784
0.411645985,7783
0.411684297,7782
0.411691778,7781
0.41174355,7780
0.411784763,7779
0.411852013,7778
0.411860354,7777
0.411872754,7776
0.411913433,7775
0.411962018,7774
0.411982182,7773
0.412006071,7772
0.412012251,7771
0.412206801,7770
0.412215645,7769
0.412260282,7768
0.412264172,7767
0.412309199,7766
0.412323766,7765
0.412364811,7764
0.412371635,7763
0.412703006,7762
0.412731264,7761
0.412761474,7760
0.412787891,7759
0.412808268,7758
0.412839327,7757
0.412843279,7756
0.412846679,7755
0.412870856,7754
0.412874595,7753
0.412917253,7752
0.412982988,7751
0.412998652,7750
0.41300414,7749
0.413045581,7748
0.41306931,7747
0.413107452,7746
0.413130552,7745
0.413175722,7744
0.413228633,7743
0.413240583,7742
0.413260322,7741
0.413265944,7740
0.413279329,7739
0.413284456,7738
0.413302104,7737
0.413352862,7736
0.413355759,7735
0.41336922,7734
0.413373238,7733
0.413403652,7732
0.421333329,7731
0.421339569,7730
0.421372165,7729
0.421378598,7728
0.421383329,7727
0.421422522,7726
0.421426166,7725
0.421429809,7724
0.421434538,7723
0.421457936,7722
0.42146234,7721
0.421467018,7720
0.421472898,7719
0.421476693,7718
0.421480808,7717
0.421485018,7716
0.421505041,7715
0.421509685,7714
0.421516559,7713
0.421521313,7712
0.421526602,7711
0.421537692,7710
0.421547237,7709
0.421552185,7708
0.421557445,7707
0.421560826,7706
0.421564635,7705
0.42157432,7704
0.421576878,7703
0.421610857,7702
0.421614214,7701
0.421617732,7700
0.421654828,7699
0.421669259,7698
0.421711897,7697
0.421715252,7696
0.421721071,7695
0.421724915,7694
0.421759773,7693
0.421794836,7692
0.42179953,7691
0.421835448,7690
0.421848612,7689
0.421854677,7688
0.421858365,7687
0.421866149,7686
0.421871016,7685
0.421877256,7684
0.421880867,7683
0.421886419,7682
0.421895251,7681
0.421898886,7680
0.42190893,7679
0.421917323,7678
0.421965723,7677
0.421999739,7676
0.422037567,7675
0.422044603,7674
0.422050944,7673
0.422054716,7672
0.422085887,7671
0.422089305,7670
0.4220993,7669
0.422106248,7668
0.422111319,7667
0.422126752,7666
0.422134015,7665
0.422148411,7664
0.422320177,7663
0.422324582,7662
0.422328985,7661
0.422333354,7660
0.422339232,7659
0.42234568,7658
0.422382114,7657
0.422397351,7656
0.422403372,7655
0.42240678,7654
0.422411908,7653
0.422450754,7652
0.422491729,7651
0.422505413,7650
0.422543813,7649
0.422556823,7648
0.422565476,7647
0.422572267,7646
0.422597915,7645
0.422632243,7644
0.422638248,7643
0.422641782,7642
0.422645429,7641
0.422653638,7640
0.422698495,7639
0.4227313,7638
0.422735295,7637
0.422769613,7636
0.422773486,7635
0.422780495,7634
0.422813736,7633
0.422820517,7632
0.422826022,7631
0.422874715,7630
0.422910227,7629
0.42291723,7628
0.422928249,7627
0.422936643,7626
0.422947623,7625
0.422952721,7624
0.422990612,7623
0.423027217,7622
0.423060617,7621
0.423081667,7620
0.423112047,7619
0.423150715,7618
0.423182072,7617
0.423215185,7616
0.423221761,7615
0.423230821,7614
0.423236756,7613
0.423412452,7612
0.423423631,7611
0.423475176,7610
0.423481664,7609
0.423485318,7608
0.423523207,7607
0.423526983,7606
0.423530599,7605
0.423540305,7604
0.423575262,7603
0.423579082,7602
0.42361452,7601
0.423618041,7600
0.423660059,7599
0.423672184,7598
0.423678504,7597
0.423688481,7596
0.423728621,7595
0.423733768,7594
0.423781992,7593
0.423842008,7592
0.423847961,7591
0.423851516,7590
0.423903709,7589
0.423940025,7588
0.423959149,7587
0.423970993,7586
0.423981113,7585
0.424016863,7584
0.424021926,7583
0.424053151,7582
0.42408839,7581
0.42412535,7580
0.424132457,7579
0.424139816,7578
0.424146838,7577
0.4241577,7576
0.42416522,7575
0.424184542,7574
0.42420276,7573
0.424209974,7572
0.424221808,7571
0.424237455,7570
0.42424489,7569
0.424251432,7568
0.424267483,7567
0.424287784,7566
0.424296403,7565
0.424311219,7564
0.424326889,7563
0.42433129,7562
0.424339466,7561
0.424378309,7560
0.424391376,7559
0.424404487,7558
0.42443184,7557
0.424453777,7556
0.424458162,7555
0.424463919,7554
0.424472256,7553
0.424480697,7552
0.424492984,7551
0.42450413,7550
0.424515788,7549
0.424526828,7548
0.424583027,7547
0.425115471,7546
0.42512575,7545
0.425130597,7544
0.425199804,7543
0.425242304,7542
0.425311294,7541
0.425316727,7540
0.425331613,7539
0.425344622,7538
0.425355227,7537
0.425408195,7536
0.425416461,7535
0.42542423,7534
0.42543088,7533
0.425489407,7532
0.425496154,7531
0.425511103,7530
0.425551199,7529
0.425557848,7528
0.425572877,7527
0.425616537,7526
0.425676948,7525
0.425731035,7524
0.425741728,7523
0.425756055,7522
0.425774378,7521
0.425800772,7520
0.425825641,7519
0.425843905,7518
0.425899408,7517
0.425965951,7516
0.42612786,7515
0.42615362,7514
0.426196218,7513
0.426227943,7512
0.42627008,7511
0.426289903,7510
0.426307386,7509
0.426379783,7508
0.426451601,7507
0.426477419,7506
0.426534412,7505
0.426537958,7504
0.426564075,7503
0.426569819,7502
0.426577306,7501
0.426586813,7500
0.426646099,7499
0.426801313,7498
0.426817349,7497
0.426893906,7496
0.426956834,7495
0.427033267,7494
0.427080331,7493
0.427151171,7492
0.427218376,7491
0.42725768,7490
0.427286391,7489
0.427290924,7488
0.427297836,7487
0.427613075,7486
0.427665843,7485
0.427703763,7484
0.427708221,7483
0.427792743,7482
0.42783059,7481
0.427867694,7480
0.42789364,7479
0.427908727,7478
0.427923638,7477
0.427936305,7476
0.427940298,7475
0.427948979,7474
0.427952423,7473
0.427959539,7472
0.427969531,7471
0.427982337,7470
0.427989449,7469
0.428002474,7468
0.428010947,7467
0.428027688,7466
0.428047465,7465
0.428052463,7464
0.428069163,7463
0.42807669,7462
0.428084042,7461
0.428087254,7460
0.428094143,7459
0.428098347,7458
0.42810155,7457
0.428105024,7456
0.428118022,7455
0.428122278,7454
0.428131596,7453
0.428135531,7452
0.428142915,7451
0.428146542,7450
0.428150113,7449
0.428155998,7448
0.428172385,7447
0.428175941,7446
0.428422648,7445
0.428471154,7444
0.428508237,7443
0.428598303,7442
0.428619446,7441
0.428693462,7440
0.428701609,7439
0.428719993,7438
0.428724187,7437
0.428882635,7436
0.42889059,7435
0.428906737,7434
0.428923693,7433
0.428931215,7432
0.428948137,7431
0.428972989,7430
0.428996847,7429
0.429082259,7428
0.429139285,7427
0.429223246,7426
0.429655449,7425
0.430529483,7424
0.431320657,7423
0.43132572,7422
0.431348328,7421
0.431365274,7420
0.431376189,7419
0.431424099,7418
0.431532723,7417
