0.586994369,10181
0.587068063,10180
0.587135562,10179
0.587223675,10178
0.587742906,10177
0.587775143,10176
0.58779699,10175
0.587804699,10174
0.587838334,10173
0.588275345,10172
0.588290346,10171
0.588298147,10170
0.588305076,10169
0.588312291,10168
0.588336333,10167
0.588362685,10166
0.588373808,10165
0.588408404,10164
0.588417119,10163
0.588425553,10162
0.588437245,10161
0.588471058,10160
0.58850534,10159
0.588512262,10158
0.588520261,10157
0.588527287,10156
0.588535792,10155
0.588544365,10154
0.588552594,10153
0.58856136,10152
0.58857064,10151
0.588605722,10150
0.588616658,10149
0.588626867,10148
0.588683353,10147
0.588694026,10146
0.588702912,10145
0.588750307,10144
0.588758381,10143
0.588765944,10142
0.588775065,10141
0.588782143,10140
0.588789428,10139
0.588797393,10138
0.588805142,10137
0.588813621,10136
0.58882194,10135
0.588830001,10134
0.588837513,10133
0.588844292,10132
0.588851615,10131
0.588860398,10130
0.588867891,10129
0.588876298,10128
0.588884847,10127
0.58889244,10126
0.588899543,10125
0.588906596,10124
0.588931913,10123
0.5889518,10122
0.588960972,10121
0.58897815,10120
0.588990238,10119
0.589029757,10118
0.589054784,10117
0.589066475,10116
0.589077724,10115
0.589153503,10114
0.589161899,10113
0.589169169,10112
0.589175662,10111
0.589181526,10110
0.58919599,10109
0.589205254,10108
0.589211692,10107
0.589307755,10106
0.589329795,10105
0.5893423,10104
0.589382155,10103
0.589388487,10102
0.58939518,10101
0.589401431,10100
0.589407581,10099
0.589444406,10098
0.589451081,10097
0.590086571,10096
0.59093393,10095
0.590976331,10094
0.590982134,10093
0.59098853,10092
0.591004673,10091
0.591012259,10090
0.591018267,10089
0.5910233,10088
0.591028524,10087
0.591033406,10086
0.591038305,10085
0.591043881,10084
0.591049088,10083
0.59105375,10082
0.591058459,10081
0.591063366,10080
0.591068083,10079
0.591072803,10078
0.591077445,10077
0.591082629,10076
0.591088278,10075
0.591092691,10074
0.591097419,10073
0.591101772,10072
0.591106341,10071
0.591110577,10070
0.591119312,10069
0.591124535,10068
0.59112957,10067
0.591134727,10066
0.591639137,10065
0.591674736,10064
0.591679816,10063
0.591686402,10062
0.591731691,10061
0.591764742,10060
0.5917702,10059
0.591775425,10058
0.591780382,10057
0.591785014,10056
0.591790355,10055
0.591828403,10054
0.591863436,10053
0.591868713,10052
0.591873323,10051
0.591884299,10050
0.591889489,10049
0.591894105,10048
0.591898475,10047
0.591902715,10046
0.591907021,10045
0.591911492,10044
0.591916207,10043
0.591920311,10042
0.591924938,10041
0.591929352,10040
0.591951418,10039
0.591955837,10038
0.591960628,10037
0.591965024,10036
0.591969368,10035
0.591973522,10034
0.59199535,10033
0.592011988,10032
0.592016659,10031
0.592028524,10030
0.592035044,10029
0.592040181,10028
0.592045195,10027
0.59205013,10026
0.59205474,10025
0.592058844,10024
0.592063652,10023
0.592068172,10022
0.592072892,10021
0.592106032,10020
0.592111264,10019
0.592115707,10018
0.592119773,10017
0.592123509,10016
0.592127427,10015
0.592131538,10014
0.592136125,10013
0.59214057,10012
0.592145044,10011
0.592149323,10010
0.592153747,10009
0.59215799,10008
0.592162114,10007
0.592166112,10006
0.592170227,10005
0.592174468,10004
0.592178883,10003
0.592183324,10002
0.592188014,10001
0.59219253,10000
0.592196458,9999
0.592200783,9998
0.59220533,9997
0.592216939,9996
0.592222066,9995
0.592227576,9994
0.592232347,9993
0.592238445,9992
0.592248564,9991
0.592253586,9990
0.592265572,9989
0.592272645,9988
0.592278106,9987
0.592282856,9986
0.59228708,9985
0.592291262,9984
0.592295999,9983
0.592301383,9982
0.592306119,9981
0.592311426,9980
0.592316709,9979
0.592322157,9978
0.592326708,9977
0.592331337,9976
0.592336138,9975
0.592340699,9974
0.592345747,9973
0.592350485,9972
0.592354902,9971
0.593971603,9970
0.593981903,9969
0.593986701,9968
0.594039264,9967
0.594044483,9966
0.59404918,9965
0.594053577,9964
0.594057803,9963
0.59406253,9962
0.594067221,9961
0.594072331,9960
0.594077374,9959
0.594082557,9958
0.594088425,9957
0.59409314,9956
0.59409782,9955
0.594102277,9954
0.594106783,9953
0.59411157,9952
0.594116282,9951
0.594121737,9950
0.594128215,9949
0.594133421,9948
0.594137705,9947
0.594143022,9946
0.594148027,9945
0.594153294,9944
0.594158447,9943
0.594164008,9942
0.59421154,9941
0.594216797,9940
0.594222388,9939
0.594235639,9938
0.594245988,9937
0.594279286,9936
0.594284923,9935
0.594290345,9934
0.594295525,9933
0.594300674,9932
0.59430566,9931
0.594310461,9930
0.594315295,9929
0.594319336,9928
0.594323453,9927
0.594329027,9926
0.594334488,9925
0.594339313,9924
0.594350142,9923
0.594355941,9922
0.594361041,9921
0.594365554,9920
0.59438775,9919
0.594392774,9918
0.594397964,9917
0.594403037,9916
0.594407925,9915
0.594415693,9914
0.594420705,9913
0.594425486,9912
0.594430326,9911
0.59775015,9910
0.597809407,9909
0.597815894,9908
0.59782283,9907
0.597828905,9906
0.597835145,9905
0.597841251,9904
0.599039259,9903
0.599046809,9902
0.59905076,9901
0.599054039,9900
0.599057324,9899
0.599062695,9898
0.599067564,9897
0.599072541,9896
0.599077512,9895
0.599082949,9894
0.599088096,9893
0.599093205,9892
0.599098485,9891
0.59910302,9890
0.599108264,9889
0.599113318,9888
0.599117739,9887
0.599123222,9886
0.599128062,9885
0.599133506,9884
0.599138436,9883
0.599143509,9882
0.599154115,9881
0.599787435,9880
0.599802205,9879
0.599810321,9878
0.599814206,9877
0.599817826,9876
0.599823107,9875
0.599828064,9874
0.599832793,9873
0.599836406,9872
0.599841798,9871
0.59984673,9870
0.59985199,9869
0.59985819,9868
0.599863102,9867
0.599868069,9866
0.600047736,9865
0.600055463,9864
0.600060631,9863
0.600065068,9862
0.600120134,9861
0.600125697,9860
0.600131148,9859
0.600136963,9858
0.600147906,9857
0.600185359,9856
0.600189919,9855
0.600194904,9854
0.600200334,9853
0.600205054,9852
0.600209779,9851
0.600213818,9850
0.600218182,9849
0.600222332,9848
0.600226208,9847
0.600230454,9846
0.60023451,9845
0.600238331,9844
0.600242162,9843
0.600246625,9842
0.600250736,9841
0.600254601,9840
0.60025844,9839
0.600262688,9838
0.60026672,9837
0.600270958,9836
0.600275298,9835
0.600286968,9834
0.600291766,9833
0.600296453,9832
0.600300878,9831
0.600305247,9830
0.600309587,9829
0.600314379,9828
0.600318773,9827
0.600323078,9826
0.600327311,9825
0.60033115,9824
0.600335319,9823
0.600339451,9822
0.600349615,9821
0.600354289,9820
0.600358058,9819
0.60036132,9818
0.600364693,9817
0.600368098,9816
0.600371189,9815
0.600374407,9814
0.600400577,9813
0.600405577,9812
0.600410394,9811
0.600452516,9810
0.600457516,9809
0.600461998,9808
0.600466246,9807
0.600471245,9806
0.600475743,9805
0.600479833,9804
0.600488447,9803
0.600493281,9802
0.600502903,9801
0.600507339,9800
0.600511445,9799
0.600517038,9798
0.600521291,9797
0.600525105,9796
0.600529427,9795
0.600533601,9794
0.600537487,9793
0.600541369,9792
0.600545398,9791
0.600549267,9790
0.600554079,9789
0.600558565,9788
0.600562431,9787
0.6005669,9786
0.600570291,9785
0.600573698,9784
0.600577092,9783
0.600589548,9782
0.600595308,9781
0.600599058,9780
0.600603549,9779
0.600607313,9778
0.600612004,9777
0.6006216,9776
0.600626191,9775
0.600630479,9774
0.600635223,9773
0.600639823,9772
0.600644171,9771
0.600648521,9770
0.600653056,9769
0.600657108,9768
0.600661056,9767
0.600664802,9766
0.600668591,9765
0.600671907,9764
0.600675717,9763
0.600679527,9762
0.600683189,9761
0.600686733,9760
0.600690711,9759
0.600694594,9758
0.600698383,9757
0.600702096,9756
0.600705846,9755
0.600714988,9754
0.600720014,9753
0.600724565,9752
0.600728481,9751
0.600732347,9750
0.600772649,9749
0.600776482,9748
0.600780092,9747
0.600784208,9746
0.600787842,9745
0.600791435,9744
0.600795028,9743
0.600798443,9742
0.600801743,9741
0.600805019,9740
0.60080861,9739
0.600811779,9738
0.600814892,9737
0.600819067,9736
0.600856807,9735
0.600860794,9734
0.600864755,9733
0.60086872,9732
0.60087346,9731
0.600882526,9730
0.600886868,9729
0.600895315,9728
0.600899469,9727
0.60090323,9726
0.60090692,9725
0.600910779,9724
0.600917584,9723
0.60092172,9722
0.600925894,9721
0.600929414,9720
0.600932996,9719
0.600936413,9718
0.60093966,9717
0.600943451,9716
0.600946722,9715
0.600950267,9714
0.600953702,9713
0.600957425,9712
0.600960844,9711
0.600966118,9710
0.600981103,9709
0.601655385,9708
0.60170036,9707
0.601704698,9706
0.601708093,9705
0.601711195,9704
0.601714753,9703
0.601717544,9702
0.601720619,9701
0.601746338,9700
0.601750008,9699
0.601753988,9698
0.601758029,9697
0.601761239,9696
0.601764167,9695
0.601766864,9694
0.601769388,9693
0.601771905,9692
0.601774738,9691
0.601777373,9690
0.60178004,9689
0.601782565,9688
0.6017851,9687
0.601789361,9686
0.60179306,9685
0.601796467,9684
0.601800043,9683
0.601803416,9682
0.601807011,9681
0.601810186,9680
0.601813797,9679
0.601817214,9678
0.601820599,9677
0.601824588,9676
0.60182814,9675
0.601831929,9674
0.601835509,9673
0.601838749,9672
0.601842831,9671
0.601868308,9670
0.601929778,9669
0.601938923,9668
0.601971618,9667
0.601974847,9666
0.60197851,9665
0.601981959,9664
0.602008375,9663
0.602017657,9662
0.602056068,9661
0.60205935,9660
0.60206706,9659
0.602074693,9658
0.602078109,9657
0.602080722,9656
0.602083279,9655
0.602087037,9654
0.602090334,9653
0.60209383,9652
0.602097153,9651
0.602100074,9650
0.602102365,9649
0.602104609,9648
0.602106629,9647
0.602108741,9646
0.602110863,9645
0.602114471,9644
0.602117653,9643
0.602120176,9642
0.602122766,9641
0.602125075,9640
0.602127302,9639
0.602129577,9638
0.602132262,9637
0.602134834,9636
0.60213734,9635
0.602139921,9634
0.602142906,9633
0.602145516,9632
0.602148527,9631
0.602151256,9630
0.602154126,9629
0.602156381,9628
0.602159171,9627
0.602161772,9626
0.602164245,9625
0.602166612,9624
0.602169702,9623
0.60217225,9622
0.60217469,9621
0.602177178,9620
0.602179889,9619
0.602182619,9618
0.602185249,9617
0.602187327,9616
0.602189791,9615
0.602192109,9614
0.602194329,9613
0.6021968,9612
0.6021993,9611
0.602201867,9610
0.602204719,9609
0.602207188,9608
0.602209462,9607
0.602211977,9606
0.602214938,9605
0.602217436,9604
0.602219888,9603
0.602222647,9602
0.602225371,9601
0.602227678,9600
0.602229918,9599
0.60223219,9598
0.60223467,9597
0.602236961,9596
0.602239207,9595
0.602241761,9594
0.602244182,9593
0.602246844,9592
0.602249002,9591
0.602251236,9590
0.602253566,9589
0.602255811,9588
0.602258343,9587
0.602260965,9586
0.602264634,9585
0.602267843,9584
0.602270756,9583
0.602273474,9582
0.602278831,9581
0.602282555,9580
0.602285726,9579
0.602289361,9578
0.602292394,9577
0.602295514,9576
0.602298863,9575
0.602301984,9574
0.602305137,9573
0.602308853,9572
0.602311905,9571
0.602315422,9570
0.602318774,9569
0.602321682,9568
0.602324692,9567
0.602327615,9566
0.602330582,9565
0.602333485,9564
0.602336593,9563
0.60233945,9562
0.602345002,9561
0.602347987,9560
0.602350826,9559
0.602353465,9558
0.602356025,9557
0.602358697,9556
0.602361167,9555
0.602363602,9554
0.602366041,9553
0.602368597,9552
0.602371186,9551
0.602373762,9550
0.602414806,9549
0.602418115,9548
0.6024209,9547
0.602423534,9546
0.602426043,9545
0.602428798,9544
0.602431871,9543
0.602761401,9542
0.602807568,9541
0.602810458,9540
0.602813423,9539
0.602816071,9538
0.602818578,9537
0.602820941,9536
0.602823423,9535
0.602833092,9534
0.6028363,9533
0.602843044,9532
0.602846311,9531
0.602849343,9530
0.602852803,9529
0.602855368,9528
0.602863733,9527
0.602867053,9526
0.602869844,9525
0.602872601,9524
0.602875338,9523
0.60287822,9522
0.602880912,9521
0.602884143,9520
0.602888622,9519
0.602893284,9518
0.602896842,9517
0.602899854,9516
0.602902375,9515
0.602905319,9514
0.602908034,9513
0.602910661,9512
0.60291335,9511
0.602916642,9510
0.602919681,9509
0.602922427,9508
0.602925098,9507
0.602927856,9506
0.602930584,9505
0.602933026,9504
0.602936126,9503
0.602940297,9502
0.602943352,9501
0.602946325,9500
0.602949637,9499
0.602952629,9498
0.602955404,9497
0.602957928,9496
0.60296121,9495
0.602971039,9494
0.602973797,9493
0.602976406,9492
0.602978897,9491
0.602981397,9490
0.602984227,9489
0.602986469,9488
0.602988779,9487
0.602991469,9486
0.602993654,9485
0.602995617,9484
0.602998059,9483
0.603000988,9482
0.603003367,9481
0.603005513,9480
0.603008046,9479
0.603010534,9478
0.603012723,9477
0.603015097,9476
0.603017241,9475
0.60302,9474
0.603022522,9473
0.603027067,9472
0.603030337,9471
0.603033236,9470
0.603036179,9469
0.603040087,9468
0.603043382,9467
0.60304711,9466
0.603049901,9465
0.603052769,9464
0.603055809,9463
0.603059497,9462
0.6030629,9461
0.603066095,9460
0.603069493,9459
0.60307289,9458
0.603075889,9457
0.603078723,9456
0.603081319,9455
0.60308427,9454
0.603087096,9453
0.603097518,9452
0.603100669,9451
0.603103587,9450
0.603105991,9449
0.603108853,9448
0.603111309,9447
0.603117049,9446
0.603120352,9445
0.603123246,9444
0.603126467,9443
0.603129857,9442
0.603132916,9441
0.603135619,9440
0.603138287,9439
0.603142751,9438
0.603145869,9437
0.603149228,9436
0.603152289,9435
0.603155656,9434
0.603165322,9433
0.603168557,9432
0.603171573,9431
0.603174386,9430
0.603176965,9429
0.603179705,9428
0.603182639,9427
0.603195994,9426
0.603200328,9425
0.603203927,9424
0.60320697,9423
0.603209567,9422
0.603212465,9421
0.603225514,9420
0.603228747,9419
0.603232244,9418
0.603234972,9417
0.603237403,9416
0.603280165,9415
0.603285071,9414
0.603288124,9413
0.603291122,9412
0.60329662,9411
0.603302327,9410
0.603313848,9409
0.6033263,9408
0.603329641,9407
0.603332882,9406
0.603337781,9405
0.603342279,9404
0.60334573,9403
0.603349162,9402
0.60335215,9401
0.603355164,9400
0.603358249,9399
0.603361325,9398
0.603364277,9397
0.603368525,9396
0.603406249,9395
0.603409389,9394
0.603412366,9393
0.603415251,9392
0.603417783,9391
0.603420528,9390
0.603423403,9389
0.60342608,9388
0.603429013,9387
0.603432154,9386
0.603439102,9385
0.603441787,9384
0.603444463,9383
0.603448137,9382
0.603450958,9381
0.603453878,9380
0.603456439,9379
0.60345922,9378
0.603461699,9377
0.603464783,9376
0.603467213,9375
0.603470231,9374
0.603474068,9373
0.603477612,9372
0.603481041,9371
0.603483824,9370
0.603486946,9369
0.603489967,9368
0.603493776,9367
0.603496861,9366
0.603499943,9365
0.603503881,9364
0.603507382,9363
0.603510678,9362
0.603514114,9361
0.603517196,9360
0.603520695,9359
0.603524163,9358
0.603527473,9357
0.603530957,9356
0.603534758,9355
0.603538304,9354
0.603541788,9353
0.603545003,9352
0.603548789,9351
0.603552537,9350
0.603556628,9349
0.603561218,9348
0.603566473,9347
0.603570823,9346
0.603575,9345
0.603578325,9344
0.60358111,9343
0.603584012,9342
0.603586928,9341
0.603589292,9340
0.603591673,9339
0.603594733,9338
0.603597136,9337
0.603600513,9336
0.603603256,9335
0.603606385,9334
0.603608995,9333
0.603611528,9332
0.603614373,9331
0.603616939,9330
0.603619702,9329
0.603622023,9328
0.603624247,9327
0.603626483,9326
0.603628955,9325
0.6036317,9324
0.603634062,9323
0.60363615,9322
0.603638404,9321
0.603641155,9320
0.603643333,9319
0.603645552,9318
0.603648438,9317
0.603652478,9316
0.603655623,9315
0.603658563,9314
0.603661461,9313
0.603664664,9312
0.603667757,9311
0.60367037,9310
0.603672797,9309
0.603675242,9308
0.603677818,9307
0.603680704,9306
0.603683354,9305
0.603686399,9304
0.60368943,9303
0.603691736,9302
0.603694125,9301
0.603697136,9300
0.603700153,9299
0.603703121,9298
0.60370614,9297
0.603708827,9296
0.60371177,9295
0.603714424,9294
0.603717391,9293
0.603720091,9292
0.603723231,9291
0.603726386,9290
0.603729386,9289
0.603732873,9288
0.603735843,9287
0.603738916,9286
0.603742149,9285
0.60375312,9284
0.603756523,9283
0.60375947,9282
0.603762639,9281
0.603765447,9280
0.603768399,9279
0.60377198,9278
0.603774668,9277
0.603777193,9276
0.603779763,9275
0.603782483,9274
0.603793293,9273
0.60379686,9272
0.603801185,9271
0.603804572,9270
0.603807759,9269
0.603810743,9268
0.603819928,9267
0.603829535,9266
0.603832985,9265
0.603835815,9264
0.603848544,9263
0.603852307,9262
0.603855535,9261
0.60385851,9260
0.604126473,9259
0.604160054,9258
0.604167166,9257
0.60416964,9256
0.604171935,9255
0.604175845,9254
0.604178528,9253
0.604180918,9252
0.604183655,9251
0.604186196,9250
0.604188594,9249
0.604191224,9248
0.604193864,9247
0.604196301,9246
0.604198751,9245
0.60420085,9244
0.604203254,9243
0.604205479,9242
0.604207831,9241
0.604210631,9240
0.604213353,9239
0.604215654,9238
0.604220045,9237
0.604223694,9236
0.604227698,9235
0.604231432,9234
0.604234117,9233
0.604236548,9232
0.604239268,9231
0.604242145,9230
0.604244656,9229
0.604247283,9228
0.604249443,9227
0.604251653,9226
0.604255102,9225
0.604257804,9224
0.604260383,9223
0.604262805,9222
0.604265008,9221
0.60426763,9220
0.604270005,9219
0.604272897,9218
0.604275514,9217
0.60427819,9216
0.604281003,9215
0.604283431,9214
0.604285679,9213
0.604288434,9212
0.604291549,9211
0.604294414,9210
0.604297088,9209
0.604299987,9208
0.604302796,9207
0.60430636,9206
0.604309231,9205
0.604311646,9204
0.60431426,9203
0.60431678,9202
0.604319377,9201
0.604322974,9200
0.604325719,9199
0.604353019,9198
0.604357911,9197
0.604361957,9196
0.604372609,9195
0.604376432,9194
0.604379802,9193
0.604383126,9192
0.604386603,9191
0.604390088,9190
0.60439307,9189
0.604396066,9188
0.604399387,9187
0.604402535,9186
0.604405808,9185
0.604409211,9184
0.604412426,9183
0.604415875,9182
0.604418924,9181
0.604422579,9180
0.60442578,9179
0.60442921,9178
0.604432772,9177
0.604435785,9176
0.604438246,9175
0.604440574,9174
0.604443049,9173
0.604445442,9172
0.604447732,9171
0.604450637,9170
0.604453105,9169
0.604455362,9168
0.604458003,9167
0.604461783,9166
0.604464822,9165
0.604470046,9164
0.604475594,9163
0.604478976,9162
0.604483218,9161
0.604486609,9160
0.604489834,9159
0.604492459,9158
0.604495354,9157
0.604498367,9156
0.604501439,9155
0.604504386,9154
0.604507305,9153
0.604509778,9152
0.604512234,9151
0.604514824,9150
0.604518646,9149
0.60452145,9148
0.604524426,9147
0.604526925,9146
0.604529479,9145
0.604534191,9144
0.604537423,9143
0.604540656,9142
0.604544257,9141
0.604547387,9140
0.60455028,9139
0.604552997,9138
0.604555809,9137
0.60455897,9136
0.60456215,9135
0.604565587,9134
0.604569915,9133
0.604573201,9132
0.604577327,9131
0.60458131,9130
0.604595099,9129
0.604636313,9128
0.604659916,9127
0.604671747,9126
0.604715404,9125
0.604727451,9124
0.604732803,9123
0.604736715,9122
0.60474041,9121
0.604743685,9120
0.60474723,9119
0.604750901,9118
0.604754514,9117
0.604757782,9116
0.604761444,9115
0.60476519,9114
0.604768507,9113
0.604771736,9112
0.604774555,9111
0.604777391,9110
0.604780598,9109
0.604783579,9108
0.604786847,9107
0.604790007,9106
0.604792932,9105
0.604795575,9104
0.604797736,9103
0.604800188,9102
0.604803698,9101
0.60480754,9100
0.604810905,9099
0.604814025,9098
0.60481703,9097
0.604819662,9096
0.604822836,9095
0.604826156,9094
0.604829278,9093
0.60483228,9092
0.604835127,9091
0.604838224,9090
0.604841039,9089
0.604843667,9088
0.604846826,9087
0.604849864,9086
0.604859403,9085
0.604863195,9084
0.604866074,9083
0.604868845,9082
0.604871778,9081
0.604875024,9080
0.604878179,9079
0.604880771,9078
0.604883394,9077
0.604885919,9076
0.604889006,9075
0.604893652,9074
0.604897111,9073
0.604899466,9072
0.604901562,9071
0.604904503,9070
0.604907663,9069
0.604910418,9068
0.60491291,9067
0.604915589,9066
0.604918281,9065
0.60492075,9064
0.604923084,9063
0.604925272,9062
0.604927852,9061
0.604930424,9060
0.604932707,9059
0.604935218,9058
0.604937638,9057
0.604939983,9056
0.604942574,9055
0.604944777,9054
0.604947168,9053
0.604949474,9052
0.604951615,9051
0.604954461,9050
0.604957197,9049
0.604959813,9048
0.60496276,9047
0.604965662,9046
0.604968658,9045
0.604971407,9044
0.604975398,9043
0.604978399,9042
0.604981247,9041
0.604984397,9040
0.60498708,9039
0.604989487,9038
0.604992723,9037
0.604996277,9036
0.605000026,9035
0.605003463,9034
0.605006655,9033
0.605009639,9032
0.605012285,9031
0.605015135,9030
0.605017769,9029
0.605020548,9028
0.605023039,9027
0.605025568,9026
0.605028332,9025
0.605031096,9024
0.605033217,9023
0.605036312,9022
0.605039043,9021
0.60504136,9020
0.605043844,9019
0.605046485,9018
0.605049268,9017
0.60505801,9016
0.605063383,9015
0.605066399,9014
0.605069131,9013
0.605071632,9012
0.605074704,9011
0.605077598,9010
0.605081078,9009
0.605083941,9008
0.605086845,9007
0.605089754,9006
0.605092815,9005
0.605096005,9004
0.605099351,9003
0.605102553,9002
0.605105765,9001
0.605109787,9000
0.605112866,8999
0.605115698,8998
0.605119213,8997
0.605122201,8996
0.605124944,8995
0.605127782,8994
0.60513066,8993
0.60513358,8992
0.605136569,8991
0.605139901,8990
0.605142618,8989
0.605145078,8988
0.605147399,8987
0.605149936,8986
0.605153491,8985
0.605156594,8984
0.605159702,8983
0.605162871,8982
0.605165744,8981
0.60516885,8980
0.605171653,8979
0.605174282,8978
0.605177147,8977
0.605179839,8976
0.605182815,8975
0.605185647,8974
0.605188177,8973
0.605190654,8972
0.605193261,8971
0.605196409,8970
0.605199414,8969
0.605201983,8968
0.605204608,8967
0.605207397,8966
0.605209917,8965
0.605212945,8964
0.605216165,8963
0.605219131,8962
0.605222104,8961
0.605224985,8960
0.605227684,8959
0.605230684,8958
0.605233565,8957
0.60523657,8956
0.605239208,8955
0.605241766,8954
0.605244529,8953
0.605247134,8952
0.605249493,8951
0.605251759,8950
0.605254196,8949
0.605256799,8948
0.605259458,8947
0.605262254,8946
0.605265472,8945
0.605268728,8944
0.605275191,8943
0.605279658,8942
0.605283681,8941
0.605287757,8940
0.605291147,8939
0.605293966,8938
0.605296289,8937
0.605298597,8936
0.605302338,8935
0.605305922,8934
0.605308701,8933
0.605311536,8932
0.605314098,8931
0.605316589,8930
0.6053188,8929
0.60532098,8928
0.605323244,8927
0.605325548,8926
0.605329104,8925
0.605332429,8924
0.605335698,8923
0.605338826,8922
0.605341912,8921
0.605344199,8920
0.605347163,8919
0.605349866,8918
0.605352176,8917
0.605354625,8916
0.605357097,8915
0.605359551,8914
0.60536197,8913
0.60536454,8912
0.60536694,8911
0.605370217,8910
0.605372936,8909
0.605375425,8908
0.605378343,8907
0.60538081,8906
0.605383376,8905
0.605386011,8904
0.605388247,8903
0.605390941,8902
0.605393578,8901
0.605396109,8900
0.605398428,8899
0.605400985,8898
0.605403478,8897
0.605406218,8896
0.605409218,8895
0.605411787,8894
0.605414181,8893
0.605416757,8892
0.605419396,8891
0.605421662,8890
0.60542429,8889
0.605427243,8888
0.605430002,8887
0.605432643,8886
0.605435165,8885
0.605437503,8884
0.605439855,8883
0.605442488,8882
0.60544489,8881
0.605447512,8880
0.605449976,8879
0.605452312,8878
0.605457138,8877
0.605460875,8876
0.605464146,8875
0.605467415,8874
0.605470321,8873
0.605472894,8872
0.605475865,8871
0.605478538,8870
0.605481447,8869
0.60548499,8868
0.605487883,8867
0.605490661,8866
0.605492955,8865
0.605495636,8864
0.605498771,8863
0.605501573,8862
0.60550514,8861
0.605508153,8860
0.605510932,8859
0.605514801,8858
0.605517602,8857
0.605520418,8856
0.605522851,8855
0.605525436,8854
0.605527755,8853
0.605530881,8852
0.605533984,8851
0.605536748,8850
0.605539287,8849
0.605542028,8848
0.605544515,8847
0.605547396,8846
0.605549628,8845
0.605552237,8844
0.605554988,8843
0.605558688,8842
0.605561545,8841
0.605563772,8840
0.605566098,8839
0.605577099,8838
0.605579416,8837
0.605582749,8836
0.605586132,8835
0.605589922,8834
0.605593322,8833
0.605596654,8832
0.605600094,8831
0.60560327,8830
0.605606041,8829
0.605609598,8828
0.605612737,8827
0.605619502,8826
0.605622858,8825
0.605626121,8824
0.605629497,8823
0.605632817,8822
0.605636197,8821
0.605640204,8820
0.60564366,8819
0.605647089,8818
0.605650496,8817
0.605654015,8816
0.605657298,8815
0.605661405,8814
0.605665097,8813
0.605668674,8812
0.605673132,8811
0.605676732,8810
0.60568013,8809
0.605683003,8808
0.605685597,8807
0.605688298,8806
0.605691314,8805
0.605694256,8804
0.6056978,8803
0.605715701,8802
0.605719777,8801
0.605723524,8800
0.605727296,8799
0.605730574,8798
0.605733573,8797
0.605736535,8796
0.605739487,8795
0.60574253,8794
0.605745283,8793
0.605747873,8792
0.605750655,8791
0.605753154,8790
0.605756113,8789
0.605758968,8788
0.605761453,8787
0.605764033,8786
0.605766607,8785
0.605768977,8784
0.605771309,8783
0.605773987,8782
0.605776901,8781
0.605779609,8780
0.605782024,8779
0.605784585,8778
0.605788957,8777
0.605792311,8776
0.605795529,8775
0.605798504,8774
0.605801933,8773
0.605804368,8772
0.605806937,8771
0.605809157,8770
0.605811508,8769
0.605814152,8768
0.605816701,8767
0.605819684,8766
0.605822421,8765
0.605825338,8764
0.605828175,8763
0.605833301,8762
0.605837983,8761
0.605841442,8760
0.605845158,8759
0.60584805,8758
0.605851318,8757
0.605854187,8756
0.605856904,8755
0.605859509,8754
0.605861995,8753
0.605864641,8752
0.605867248,8751
0.605869591,8750
0.605872478,8749
0.605875062,8748
0.605877877,8747
0.605880457,8746
0.605883189,8745
0.605885772,8744
0.605888294,8743
0.605890737,8742
0.605893321,8741
0.605895706,8740
0.605897969,8739
0.605900358,8738
0.605902738,8737
0.605904859,8736
0.605907774,8735
0.605909903,8734
0.605912816,8733
0.605915362,8732
0.605918039,8731
0.60592105,8730
0.607268967,8729
0.607273856,8728
0.607283365,8727
0.607290077,8726
0.607294585,8725
0.60729823,8724
0.607301521,8723
0.607304588,8722
0.607308445,8721
0.607313465,8720
0.607317278,8719
0.607320225,8718
0.607323706,8717
0.607327825,8716
0.607330962,8715
0.607335751,8714
0.607339422,8713
0.607342586,8712
0.607348098,8711
0.607351105,8710
0.607356094,8709
0.607359736,8708
0.607364521,8707
0.607368814,8706
0.607372372,8705
0.607375679,8704
0.607379202,8703
0.607382548,8702
0.607385634,8701
0.607389987,8700
0.607393473,8699
0.607396856,8698
0.607400014,8697
0.607408154,8696
0.607411183,8695
0.607414531,8694
0.607417542,8693
0.607421743,8692
0.60742562,8691
0.607430181,8690
0.607436567,8689
0.607440012,8688
0.607444113,8687
0.607447493,8686
0.607450467,8685
0.607453375,8684
0.607457271,8683
0.60746094,8682
0.607464786,8681
0.607469536,8680
0.607473834,8679
0.607480598,8678
0.607484527,8677
0.607490217,8676
0.607494644,8675
0.607521461,8674
0.607525418,8673
0.607528078,8672
0.607531126,8671
0.607534173,8670
0.607538375,8669
0.607541774,8668
0.607544792,8667
0.607547959,8666
0.607550875,8665
0.607553835,8664
0.607561254,8663
0.6075639,8662
0.607566814,8661
0.607569409,8660
0.607572224,8659
0.607574858,8658
0.607578798,8657
0.607583177,8656
0.607586435,8655
0.60758949,8654
0.60759258,8653
0.607595495,8652
0.607598505,8651
0.607602266,8650
0.607606072,8649
0.607608657,8648
0.607612572,8647
0.607616047,8646
0.607618646,8645
0.607622753,8644
0.607625713,8643
0.607630208,8642
0.607634129,8641
0.607638301,8640
0.607641284,8639
0.607644189,8638
0.607646796,8637
0.607649881,8636
0.607652624,8635
0.607655665,8634
0.607658594,8633
0.607662841,8632
0.607666261,8631
0.607668901,8630
0.607672158,8629
0.607675008,8628
0.607678239,8627
0.607681402,8626
0.607684341,8625
0.607687619,8624
0.607691143,8623
0.607694128,8622
0.60769677,8621
0.607700306,8620
0.60770378,8619
0.607706718,8618
0.607710105,8617
0.607713267,8616
0.607716298,8615
0.607719257,8614
0.60772257,8613
0.607725625,8612
0.607728418,8611
0.607732166,8610
0.607736174,8609
0.607738771,8608
0.607741816,8607
0.607744642,8606
0.607747898,8605
0.607752574,8604
0.607756607,8603
0.607760524,8602
0.607763648,8601
0.6077665,8600
0.607769231,8599
0.607772118,8598
0.60777485,8597
0.607778571,8596
0.607781643,8595
0.607784402,8594
0.607787199,8593
0.607790915,8592
0.607795098,8591
0.607799406,8590
0.607803581,8589
0.607807338,8588
0.607811026,8587
0.607814271,8586
0.607819008,8585
0.607821965,8584
0.607824896,8583
0.60782805,8582
0.607830952,8581
0.60783388,8580
0.607837036,8579
0.607841897,8578
0.60784482,8577
0.607847908,8576
0.607851363,8575
0.607854573,8574
0.607857465,8573
0.607860675,8572
0.607865354,8571
0.607869795,8570
0.607874205,8569
0.607876976,8568
0.607880365,8567
0.607884287,8566
0.607887303,8565
0.607890131,8564
0.607893579,8563
0.607897413,8562
0.607899963,8561
0.607902585,8560
0.607905905,8559
0.607908748,8558
0.607912335,8557
0.607914789,8556
0.607917343,8555
0.60791962,8554
0.607922217,8553
0.607925288,8552
0.60792826,8551
0.607931967,8550
0.60793516,8549
0.607938084,8548
0.607940796,8547
0.607943183,8546
0.607946427,8545
0.607949945,8544
0.607953071,8543
0.60795708,8542
0.607961859,8541
0.607964187,8540
0.607970648,8539
0.607974644,8538
0.607978076,8537
0.607981487,8536
0.607985248,8535
0.607988479,8534
0.60799232,8533
0.607996029,8532
0.607999719,8531
0.608002858,8530
0.608006199,8529
0.608010017,8528
0.608020253,8527
0.608028146,8526
0.60803141,8525
0.608034126,8524
0.608036544,8523
0.608040561,8522
0.608043304,8521
0.60804619,8520
0.608049555,8519
0.60805314,8518
0.608055701,8517
0.608058271,8516
0.608061071,8515
0.608063572,8514
0.608067131,8513
0.608069727,8512
0.608072553,8511
0.608074942,8510
0.608077534,8509
0.608080972,8508
0.608083749,8507
0.60808666,8506
0.608089283,8505
0.608091848,8504
0.608095128,8503
0.608098644,8502
0.608102178,8501
0.608104844,8500
0.608107413,8499
0.608110208,8498
0.608113213,8497
0.60811615,8496
0.608119423,8495
0.608122054,8494
0.608124844,8493
0.608127754,8492
0.608130397,8491
0.608133258,8490
0.608135908,8489
0.608138465,8488
0.608141161,8487
0.608144367,8486
0.608147102,8485
0.608149791,8484
0.608152331,8483
0.608155158,8482
0.608157854,8481
0.6081619,8480
0.608166455,8479
0.608169166,8478
0.608171874,8477
0.608175259,8476
0.608178754,8475
0.608181212,8474
0.608185569,8473
0.608188257,8472
0.608191282,8471
0.608195172,8470
0.608197886,8469
0.608200951,8468
0.608205331,8467
0.608207948,8466
0.608210603,8465
0.608212846,8464
0.608215613,8463
0.608218759,8462
0.608221303,8461
0.608223822,8460
0.608227342,8459
0.608229955,8458
0.608232395,8457
0.608235045,8456
0.608239475,8455
0.60824366,8454
0.60825081,8453
0.60825602,8452
0.608262463,8451
0.60829369,8450
0.608298873,8449
0.608302115,8448
0.608315961,8447
0.608320529,8446
0.608326197,8445
0.608373317,8444
0.608378538,8443
0.608381804,8442
0.608385217,8441
0.60838883,8440
0.60839316,8439
0.608396571,8438
0.608399551,8437
0.608402797,8436
0.608407062,8435
0.608411473,8434
0.608414253,8433
0.608416876,8432
0.608421179,8431
0.608424143,8430
0.60842889,8429
0.608432817,8428
0.608435779,8427
0.608438629,8426
0.608442844,8425
0.608446254,8424
0.608449325,8423
0.608452332,8422
0.608458026,8421
0.608461356,8420
0.608464667,8419
0.608468231,8418
0.608471797,8417
0.608475187,8416
0.608479883,8415
0.60848347,8414
0.608486988,8413
0.60849022,8412
0.608493573,8411
0.608497202,8410
0.608500792,8409
0.608503829,8408
0.608507172,8407
0.608510669,8406
0.608513883,8405
0.608517329,8404
0.60852038,8403
0.608523044,8402
0.608525788,8401
0.608528562,8400
0.608531953,8399
0.60853628,8398
0.60854003,8397
0.608544059,8396
0.608572969,8395
0.608576131,8394
0.608580586,8393
0.608584756,8392
0.608588607,8391
0.60859154,8390
0.6085951,8389
0.608599374,8388
0.608603034,8387
0.60860734,8386
0.608611043,8385
0.608614771,8384
0.608618474,8383
0.608621747,8382
0.608625123,8381
0.608628455,8380
0.608633167,8379
0.608636508,8378
0.608640937,8377
0.608644893,8376
0.608648674,8375
0.608651913,8374
0.608656494,8373
0.608659771,8372
0.608663154,8371
0.60866622,8370
0.608669559,8369
0.608673095,8368
0.608676307,8367
0.60867998,8366
0.60868314,8365
0.608686408,8364
0.608689835,8363
0.608697583,8362
0.608702408,8361
0.608706185,8360
0.608708848,8359
0.608711976,8358
0.608714747,8357
0.608718981,8356
0.608722326,8355
0.608725793,8354
0.608730282,8353
0.608733837,8352
0.608736797,8351
0.6087398,8350
0.608743065,8349
0.608746455,8348
0.608749097,8347
0.608752423,8346
0.60875585,8345
0.60875993,8344
0.608762352,8343
0.608764697,8342
0.608767665,8341
0.608770961,8340
0.608774534,8339
0.608777638,8338
0.60878068,8337
0.608783938,8336
0.608787389,8335
0.608791669,8334
0.608794913,8333
0.608797887,8332
0.608803045,8331
0.608805706,8330
0.608810198,8329
0.608814138,8328
0.608820322,8327
0.608823274,8326
0.608826539,8325
0.608829638,8324
0.608832396,8323
0.608835166,8322
0.608839065,8321
0.608841801,8320
0.608844811,8319
0.608849393,8318
0.608852012,8317
0.608854618,8316
0.608857621,8315
0.608860424,8314
0.60886416,8313
0.608867799,8312
0.60887147,8311
0.608874305,8310
0.608876931,8309
0.608879547,8308
0.608882089,8307
0.6088846,8306
0.608887348,8305
0.608889688,8304
0.608893242,8303
0.608896449,8302
0.608899673,8301
0.608904349,8300
0.60890783,8299
0.60891124,8298
0.608916456,8297
0.608920924,8296
0.609602577,8295
0.609614529,8294
0.609653559,8293
0.609659422,8292
0.609664744,8291
0.60967011,8290
0.609677366,8289
0.609710657,8288
0.609757356,8287
0.6097614,8286
0.60976708,8285
0.609774438,8284
0.609778765,8283
0.609782768,8282
0.609786206,8281
0.609792117,8280
0.609806238,8279
0.609815917,8278
0.609821186,8277
0.609829596,8276
0.610585072,8275
0.610600782,8274
0.61060548,8273
0.610614627,8272
0.610619806,8271
0.610625702,8270
0.610633615,8269
0.610639021,8268
0.61067126,8267
0.610680872,8266
0.610718994,8265
0.610723469,8264
0.610727133,8263
0.61073201,8262
0.610737444,8261
0.610740543,8260
0.610774088,8259
0.610778242,8258
0.610816321,8257
0.610824071,8256
0.61083109,8255
0.610834897,8254
0.610838259,8253
0.610845105,8252
0.610849586,8251
0.610890659,8250
0.610896051,8249
0.610904882,8248
0.610909557,8247
0.610913256,8246
0.610968368,8245
0.611007442,8244
0.611010906,8243
0.611015132,8242
0.611022709,8241
0.611064635,8240
0.61107733,8239
0.611114497,8238
0.611127877,8237
0.611131812,8236
0.611135651,8235
0.611140114,8234
0.611145442,8233
0.611154654,8232
0.611158469,8231
0.611164457,8230
0.6111723,8229
0.611177608,8228
0.611181633,8227
0.611303241,8226
0.61131239,8225
0.611353312,8224
0.611362372,8223
0.61136779,8222
0.611370536,8221
0.611376729,8220
0.611396665,8219
0.611399405,8218
0.611415617,8217
0.611431294,8216
0.611437351,8215
0.611443322,8214
0.611769318,8213
0.611773423,8212
0.611776606,8211
0.611780285,8210
0.611788557,8209
0.611795328,8208
0.611799273,8207
0.611806851,8206
0.61181051,8205
0.61181565,8204
0.611818892,8203
0.611822283,8202
0.611825536,8201
0.6118304,8200
0.611833825,8199
0.611837155,8198
0.611845062,8197
0.61185047,8196
0.611854669,8195
0.611859685,8194
0.611864226,8193
0.611868754,8192
0.611872874,8191
0.611876097,8190
0.611881906,8189
0.611884873,8188
0.611889706,8187
0.611894203,8186
0.611898923,8185
0.611904065,8184
0.611911072,8183
0.611914818,8182
0.611917677,8181
0.611922428,8180
0.611932342,8179
0.611937364,8178
0.611939612,8177
0.611948352,8176
0.611951485,8175
0.611954423,8174
0.611957555,8173
0.611967468,8172
0.6119747,8171
0.611986338,8170
0.611991778,8169
0.611994906,8168
0.61201018,8167
0.61201764,8166
0.612021159,8165
0.612024867,8164
0.612028244,8163
0.612032855,8162
0.612037697,8161
0.612042196,8160
0.612058217,8159
0.612063657,8158
0.612078053,8157
0.61209055,8156
0.612097108,8155
0.612100701,8154
0.61210783,8153
0.612113665,8152
0.612116841,8151
0.612124242,8150
0.612135668,8149
0.61214529,8148
0.6121525,8147
0.612158307,8146
0.612167023,8145
0.612183411,8144
0.6121897,8143
0.612201518,8142
0.612204328,8141
0.61221212,8140
0.612215095,8139
0.612218423,8138
0.612226498,8137
0.612230913,8136
0.612233605,8135
0.612250711,8134
0.612259222,8133
0.612278318,8132
0.612280934,8131
0.6122843,8130
0.612286938,8129
0.612295172,8128
0.612301159,8127
0.612336091,8126
0.612339751,8125
0.612347366,8124
0.612351647,8123
0.612355021,8122
0.612370581,8121
0.61237583,8120
0.612417746,8119
0.612877082,8118
0.613883943,8117
0.616933601,8116
0.616973742,8115
0.617058414,8114
0.617318134,8113
0.617370099,8112
0.61737923,8111
0.617458697,8110
0.617470666,8109
0.617598059,8108
0.618841897,8107
0.618851215,8106
0.618855133,8105
0.618858507,8104
0.618861699,8103
0.618868642,8102
0.618872419,8101
0.618877018,8100
0.618880413,8099
0.618887772,8098
0.618903258,8097
0.618906735,8096
0.618914731,8095
0.618919345,8094
0.618922509,8093
0.61892566,8092
0.61892863,8091
0.618942221,8090
0.618944988,8089
0.618952441,8088
0.618969267,8087
0.618974711,8086
0.618979869,8085
0.618984005,8084
0.618987063,8083
0.618994898,8082
0.618999089,8081
0.619003995,8080
0.619008976,8079
0.619012412,8078
0.619023764,8077
0.619026636,8076
0.619032816,8075
0.619039246,8074
0.619045552,8073
0.619049717,8072
0.619057181,8071
0.619067438,8070
0.619072836,8069
0.619081919,8068
0.619091629,8067
0.619098132,8066
0.619101196,8065
0.619104074,8064
0.619115963,8063
0.619125813,8062
0.619139107,8061
0.619143801,8060
0.61914797,8059
0.619151113,8058
0.619154717,8057
0.61916535,8056
0.619169909,8055
0.619173254,8054
0.619206753,8053
0.619210372,8052
0.61921435,8051
0.619222369,8050
0.619226568,8049
0.619231516,8048
0.619249106,8047
0.619256686,8046
0.619268393,8045
0.619271934,8044
0.61927632,8043
0.619284927,8042
0.619314577,8041
0.619325056,8040
0.619331997,8039
0.619336583,8038
0.619342259,8037
0.619344894,8036
0.61934735,8035
0.61935764,8034
0.619363469,8033
0.619372987,8032
0.619399963,8031
0.619407509,8030
0.619416671,8029
0.619419519,8028
0.619425512,8027
0.619430804,8026
0.619437899,8025
0.619446773,8024
0.619457238,8023
0.619470487,8022
0.619480178,8021
0.619486582,8020
0.619498522,8019
0.619503232,8018
0.61950867,8017
0.619516075,8016
0.619518875,8015
0.619525734,8014
0.619544613,8013
0.619550866,8012
0.620960284,8011
0.621000782,8010
0.621007589,8009
0.621015932,8008
0.621024714,8007
0.621032823,8006
0.621041361,8005
0.621057378,8004
0.621068503,8003
0.621081444,8002
0.621091775,8001
0.621102759,8000
0.62111565,7999
0.621127102,7998
0.621134029,7997
0.621161171,7996
0.621164324,7995
0.621200304,7994
0.621213843,7993
0.621249266,7992
0.62126139,7991
0.621264621,7990
0.621325596,7989
0.621331318,7988
0.62135183,7987
0.621356287,7986
0.621400319,7985
0.621406918,7984
0.621453236,7983
0.621465528,7982
0.621472855,7981
0.621479444,7980
0.621482825,7979
0.621494202,7978
0.621502152,7977
0.62151516,7976
0.621543926,7975
0.621551564,7974
0.621585375,7973
0.621593103,7972
0.621610776,7971
0.621614129,7970
0.621627026,7969
0.621641682,7968
0.621661836,7967
0.62167409,7966
0.621681633,7965
0.621715513,7964
0.621737039,7963
0.621767313,7962
0.621786836,7961
0.621868306,7960
0.62187215,7959
0.621878509,7958
0.621885318,7957
0.621897348,7956
0.621908062,7955
0.621929228,7954
0.621943276,7953
0.621947788,7952
0.62195883,7951
0.621966172,7950
0.621984801,7949
0.621992651,7948
0.622011872,7947
0.622029713,7946
0.622044027,7945
0.622058048,7944
0.62206114,7943
0.622086746,7942
0.622099569,7941
0.622117357,7940
0.622126382,7939
0.62215412,7938
0.622163658,7937
0.622179676,7936
0.622182261,7935
0.622189632,7934
0.622212802,7933
0.622218496,7932
0.622227282,7931
0.622232306,7930
0.62223757,7929
0.622242318,7928
0.622244741,7927
0.622258438,7926
0.622266748,7925
0.622290788,7924
0.622294492,7923
0.622319627,7922
0.622330576,7921
0.622333163,7920
0.622359866,7919
0.622427887,7918
0.622435015,7917
0.622444189,7916
0.622448815,7915
0.6224989,7914
0.622511024,7913
0.622533038,7912
0.622542051,7911
0.622551236,7910
0.622592319,7909
0.622648878,7908
0.622651706,7907
0.62266015,7906
0.622665198,7905
0.622668134,7904
0.622690284,7903
0.622718579,7902
0.622746275,7901
0.622749334,7900
0.622753651,7899
0.622778279,7898
0.622806037,7897
0.622828557,7896
0.623345222,7895
0.62335108,7894
0.623355935,7893
0.623359479,7892
0.623363902,7891
0.623366913,7890
0.623371895,7889
0.62337834,7888
0.62338201,7887
0.623390841,7886
0.623398733,7885
0.623403088,7884
0.623408424,7883
0.623413263,7882
0.623417443,7881
0.623420582,7880
0.623432217,7879
0.623436597,7878
0.623440325,7877
0.623445354,7876
0.623450238,7875
0.623453,7874
0.623456894,7873
0.623462158,7872
0.623468232,7871
0.623473434,7870
0.623477504,7869
0.62348731,7868
0.623500341,7867
0.62351184,7866
0.623516685,7865
0.623521343,7864
0.62354155,7863
0.62354835,7862
0.623558755,7861
0.623577854,7860
0.623589396,7859
0.623618381,7858
0.623621305,7857
0.623633676,7856
0.623639964,7855
0.623647256,7854
0.623649516,7853
0.623652824,7852
0.623665087,7851
0.623670061,7850
0.623702771,7849
0.623722757,7848
0.623733693,7847
0.623742523,7846
0.623746118,7845
0.623816425,7844
0.623824632,7843
0.623830101,7842
0.623833724,7841
0.623853401,7840
0.623861604,7839
0.623875498,7838
0.623889524,7837
0.62390259,7836
0.623910306,7835
0.624151832,7834
0.624216265,7833
0.624240181,7832
0.624635051,7831
0.62464247,7830
0.624646957,7829
0.62465082,7828
0.624658156,7827
0.624662162,7826
0.624668332,7825
0.624676506,7824
0.62468076,7823
0.624689405,7822
0.624695734,7821
0.624714227,7820
0.624718369,7819
0.624724379,7818
0.624729801,7817
0.624738964,7816
0.624745754,7815
0.624767084,7814
0.624779644,7813
0.624783453,7812
0.624788285,7811
0.624795715,7810
0.62480162,7809
0.62481339,7808
0.62481769,7807
0.624822027,7806
0.624836041,7805
0.624839504,7804
0.624845354,7803
0.62484853,7802
0.624851488,7801
0.624857892,7800
0.624860664,7799
0.624870124,7798
0.624879141,7797
0.624884953,7796
0.624892286,7795
0.624898707,7794
0.624907767,7793
0.624913519,7792
0.624919969,7791
0.624926596,7790
0.624941528,7789
0.624961145,7788
0.62496686,7787
0.624973066,7786
0.624980114,7785
0.624986976,7784
0.625496173,7783
0.62550657,7782
0.625515723,7781
0.625627095,7780
0.625647268,7779
0.625716863,7778
0.625723941,7777
0.625733406,7776
0.625740111,7775
0.625791532,7774
0.625809635,7773
0.625847334,7772
0.625850913,7771
0.625883592,7770
0.62588924,7769
0.625930654,7768
0.625934135,7767
0.625972093,7766
0.626005194,7765
0.626022015,7764
0.626031035,7763
0.626051288,7762
0.62606554,7761
0.626071854,7760
0.626086856,7759
0.626109488,7758
0.626136255,7757
0.626140425,7756
0.626145802,7755
0.626178591,7754
0.62618278,7753
0.626201322,7752
0.626228642,7751
0.626249507,7750
0.626253953,7749
0.626284785,7748
0.626347197,7747
0.626412544,7746
0.626467066,7745
0.626515267,7744
0.626565004,7743
0.626569402,7742
0.627781909,7741
0.627788869,7740
0.627833209,7739
0.627841175,7738
0.627870134,7737
0.627898362,7736
0.627903045,7735
0.627917435,7734
0.6279206,7733
0.627927389,7732
0.62950372,7731
0.62950804,7730
0.629515455,7729
0.629526131,7728
0.629531598,7727
0.629545446,7726
0.629550004,7725
0.629554283,7724
0.6295586,7723
0.629571717,7722
0.629579137,7721
0.629584225,7720
0.629590684,7719
0.629594753,7718
0.629599014,7717
0.629602813,7716
0.629612692,7715
0.629616238,7714
0.629623889,7713
0.629629689,7712
0.629634946,7711
0.629647268,7710
0.629662083,7709
0.629667582,7708
0.62967309,7707
0.629676434,7706
0.629680648,7705
0.629692664,7704
0.629696173,7703
0.629704946,7702
0.629709463,7701
0.629714646,7700
0.629725598,7699
0.629741113,7698
0.62976031,7697
0.62976335,7696
0.629768107,7695
0.629771957,7694
0.629776991,7693
0.629786765,7692
0.629792774,7691
0.62981491,7690
0.629833234,7689
0.629839183,7688
0.629842918,7687
0.629850501,7686
0.629855065,7685
0.629871128,7684
0.629875006,7683
0.62988136,7682
0.629896171,7681
0.629900411,7680
0.629912019,7679
0.629927732,7678
0.629943974,7677
0.629951143,7676
0.629967838,7675
0.629981474,7674
0.629988047,7673
0.629991635,7672
0.630006591,7671
0.630010986,7670
0.630048105,7669
0.630058589,7668
0.63006843,7667
0.630114892,7666
0.630122064,7665
0.630164322,7664
0.630182704,7663
0.630186705,7662
0.630197665,7661
0.630202879,7660
0.630209304,7659
0.630220759,7658
0.630233432,7657
0.630244384,7656
0.630250755,7655
0.630255422,7654
0.630262327,7653
0.630273481,7652
0.630291921,7651
0.630307149,7650
0.630319589,7649
0.63033467,7648
0.63034451,7647
0.63035156,7646
0.630356089,7645
0.6303719,7644
0.6303777,7643
0.630380664,7642
0.630384199,7641
0.63039609,7640
0.630410162,7639
0.630418671,7638
0.630421871,7637
0.630437874,7636
0.630441639,7635
0.630447578,7634
0.630458956,7633
0.63046532,7632
0.630469601,7631
0.630503534,7630
0.630518207,7629
0.630524609,7628
0.630535138,7627
0.630542283,7626
0.630548667,7625
0.630552031,7624
0.630563719,7623
0.630573534,7622
0.630579777,7621
0.630594452,7620
0.630602798,7619
0.630627743,7618
0.630636135,7617
0.630645901,7616
0.630650759,7615
0.630657141,7614
0.630662939,7613
0.630673391,7612
0.630680203,7611
0.630698359,7610
0.630703433,7609
0.630706342,7608
0.630715742,7607
0.630718636,7606
0.630721589,7605
0.630728206,7604
0.630734765,7603
0.630737391,7602
0.63074603,7601
0.630748766,7600
0.630762815,7599
0.630772319,7598
0.630777235,7597
0.630785926,7596
0.630797747,7595
0.630801982,7594
0.630822586,7593
0.630851806,7592
0.630856438,7591
0.630859103,7590
0.630883471,7589
0.630920568,7588
0.630942884,7587
0.630945592,7586
0.630953713,7585
0.630961785,7584
0.630966123,7583
0.630995204,7582
0.631024984,7581
0.631038334,7580
0.631045327,7579
0.631051542,7578
0.631058925,7577
0.631072712,7576
0.631080841,7575
0.631131032,7574
0.63115879,7573
0.631164823,7572
0.631175359,7571
0.631185471,7570
0.63119169,7569
0.631196565,7568
0.631212154,7567
0.631229343,7566
0.631236462,7565
0.631250397,7564
0.631263819,7563
0.631266661,7562
0.631273072,7561
0.631310793,7560
0.63132284,7559
0.631335548,7558
0.631357727,7557
0.631378314,7556
0.631383077,7555
0.631389339,7554
0.631398,7553
0.63140606,7552
0.631416792,7551
0.631427533,7550
0.631460124,7549
0.63146863,7548
0.631502191,7547
0.631532784,7546
0.631540358,7545
0.631544625,7544
0.631611229,7543
0.631652099,7542
0.631718636,7541
0.631723412,7540
0.631762906,7539
0.631766382,7538
0.631772056,7537
0.631822935,7536
0.631826853,7535
0.631831338,7534
0.631836387,7533
0.631898257,7532
0.631901922,7531
0.631910367,7530
0.631936853,7529
0.631942964,7528
0.632038274,7527
0.632151067,7526
0.633214183,7525
0.633263366,7524
0.633301408,7523
0.633361255,7522
0.633371957,7521
0.6333917,7520
0.633405964,7519
0.633416584,7518
0.633461357,7517
0.633505651,7516
0.633605951,7515
0.633620586,7514
0.633649108,7513
0.633670771,7512
0.633725773,7511
0.633734969,7510
0.633741186,7509
0.633798905,7508
0.633854412,7507
0.633877194,7506
0.633903514,7505
0.633906777,7504
0.633915274,7503
0.633918944,7502
0.633923802,7501
0.63393235,7500
0.634004998,7499
0.634045398,7498
0.634049078,7497
0.634090138,7496
0.634110175,7495
0.63412921,7494
0.634196981,7493
0.634227416,7492
0.634254516,7491
0.634260383,7490
0.634279731,7489
0.634282595,7488
0.634286589,7487
0.634658089,7486
0.634673362,7485
0.634680714,7484
0.634683677,7483
0.634711852,7482
0.63471564,7481
0.634721661,7480
0.634740406,7479
0.634746619,7478
0.634753407,7477
0.63475888,7476
0.634761797,7475
0.634767795,7474
0.634770798,7473
0.634775533,7472
0.634783097,7471
0.634788718,7470
0.63479543,7469
0.634806471,7468
0.634814232,7467
0.634827104,7466
0.634872088,7465
0.634876548,7464
0.63489955,7463
0.63491193,7462
0.634916948,7461
0.634919614,7460
0.634923169,7459
0.63492592,7458
0.634928257,7457
0.634932281,7456
0.634948668,7455
0.634953019,7454
0.634960335,7453
0.634962984,7452
0.634968986,7451
0.634972245,7450
0.634975383,7449
0.634979986,7448
0.634987492,7447
0.634990888,7446
0.635309416,7445
0.635320415,7444
0.635335133,7443
0.635373841,7442
0.635380674,7441
0.635408018,7440
0.635411994,7439
0.635421838,7438
0.6354265,7437
0.635543222,7436
0.635551357,7435
0.635564898,7434
0.63558217,7433
0.635590447,7432
0.635609444,7431
0.635630624,7430
0.635645001,7429
0.635734017,7428
0.635749375,7427
0.635816311,7426
0.636165701,7425
0.636948274,7424
0.637575905,7423
0.637579515,7422
0.637584646,7421
0.637592498,7420
0.637597137,7419
0.637620086,7418
0.637654456,7417
0.774699413,7416
0.790719506,7415
0.817682871,7414
0.903933293,7413
0.920323113,7412
0.929523776,7411
0.978134891,7410
0.998108355,7409
1.020881763,7408
1.030549255,7407
1.047440904,7406
1.091123325,7405
1.106746952,7404
1.1165123,7403
1.141743836,7402
1.180810513,7401
1.297433954,7400
1.313938208,7399
1.378979992,7398
1.420536606,7397
1.444808278,7396
1.460673211,7395
1.483696238,7394
1.492297893,7393
1.582823918,7392
1.591892443,7391
1.598395465,7390
1.607852336,7389
1.631276314,7388
1.646074028,7387
1.654414791,7386
1.66320109,7385
1.683068515,7384
1.697971705,7383
1.724946443,7382
1.760234084,7381
1.768503735,7380
1.830994081,7379
1.838111701,7378
1.84828956,7377
1.861705801,7376
1.869130592,7375
1.878571449,7374
1.887232095,7373
1.921929344,7372
1.931879163,7371
1.96446522,7370
2.058698783,7369
2.078542283,7368
2.117954474,7367
2.13118372,7366
2.153296516,7365
2.163366875,7364
2.173676185,7363
2.229734952,7362
2.243991154,7361
2.252133578,7360
2.261683503,7359
2.301696704,7358
2.327272147,7357
2.341857328,7356
2.374650266,7355
2.453592328,7354
2.486173364,7353
2.494214204,7352
2.513883237,7351
2.519973984,7350
2.558777673,7349
2.572204148,7348
2.583645864,7347
2.597600039,7346
2.60553037,7345
2.636106641,7344
2.654297469,7343
2.671504643,7342
2.705542433,7341
2.906339737,7340
2.914502571,7339
2.930945652,7338
2.961026777,7337
2.973799767,7336
3.018258207,7335
3.03072828,7334
3.053786787,7333
3.063996293,7332
3.108112936,7331
3.146499816,7330
3.160083826,7329
3.167538447,7328
3.213455872,7327
3.222915978,7326
3.242654943,7325
3.251157311,7324
3.262103312,7323
3.268939398,7322
3.313089051,7321
3.322229822,7320
3.329946342,7319
3.342425045,7318
3.355676277,7317
3.374715862,7316
3.41821491,7315
3.43949434,7314
3.460646919,7313
3.476502119,7312
3.486941878,7311
3.505680584,7310
3.51995125,7309
3.538165165,7308
3.556545152,7307
3.570115659,7306
3.59726031,7305
3.625152454,7304
3.633184159,7303
3.658094565,7302
3.684095992,7301
3.703630873,7300
3.71838693,7299
3.73915675,7298
3.784998252,7297
3.810072853,7296
3.818226001,7295
3.904732493,7294
3.938569679,7293
3.951987588,7292
3.997316338,7291
4.012360986,7290
4.02891988,7289
4.040415078,7288
4.065120527,7287
4.105026669,7286
4.114103313,7285
4.12453119,7284
4.143657831,7283
4.157661586,7282
4.193561864,7281
4.246649072,7280
4.266330259,7279
4.308742848,7278
4.317537219,7277
4.395621468,7276
4.410747149,7275
4.435841828,7274
4.451227034,7273
4.462258304,7272
4.512404476,7271
4.527690178,7270
4.56624374,7269
4.619657857,7268
4.649209561,7267
4.679566696,7266
4.710642649,7265
4.723014976,7264
4.73063202,7263
4.748961377,7262
4.756257076,7261
4.794623347,7260
4.801761445,7259
4.828134083,7258
4.837426408,7257
4.854915859,7256
4.859467637,7255
4.872069118,7254
4.879679215,7253
4.899733758,7252
4.918596015,7251
4.940409717,7250
5.023447105,7249
5.046823031,7248
5.066687655,7247
5.097678072,7246
5.105882931,7245
5.130505569,7244
5.154015354,7243
5.2212989,7242
5.242975268,7241
5.253061974,7240
5.324620395,7239
5.360693139,7238
5.404196441,7237
5.418192672,7236
5.471058047,7235
5.475935013,7234
5.489213174,7233
5.506715682,7232
5.546730052,7231
5.580756459,7230
5.753714233,7229
5.799856159,7228
5.822131945,7227
5.876401418,7226
5.896964423,7225
5.921829637,7224
6.001254859,7223
6.060903178,7222
6.085974981,7221
6.098347551,7220
6.150761221,7219
6.185699539,7218
6.215063185,7217
6.228927177,7216
6.266450868,7215
6.288335981,7214
6.294908693,7213
6.311438464,7212
6.325821559,7211
6.331033136,7210
6.373253041,7209
6.381342564,7208
6.422824068,7207
6.432686959,7206
6.450970335,7205
6.464620717,7204
6.580860913,7203
6.592782563,7202
6.603160681,7201
6.611855052,7200
6.649572825,7199
6.722742477,7198
6.777778792,7197
6.814963199,7196
6.854045007,7195
6.869475161,7194
6.93805958,7193
7.026045852,7192
7.093596184,7191
7.111590022,7190
7.174303647,7189
7.244205746,7188
7.367539456,7187
7.437144323,7186
7.516291148,7185
7.802812177,7184
7.943748424,7183
