0.365688855,6823
0.365796848,6822
0.365867322,6821
0.365934704,6820
0.366183749,6819
0.366506766,6818
0.366538296,6817
0.366548927,6816
0.366556925,6815
0.366564819,6814
0.366572829,6813
0.366581295,6812
0.366697792,6811
0.366707312,6810
0.366757631,6809
0.366767806,6808
0.366779715,6807
0.367514753,6806
0.36752927,6805
0.367542615,6804
0.367552091,6803
0.367576269,6802
0.367591154,6801
0.367634173,6800
0.367673413,6799
0.367710658,6798
0.367808896,6797
0.367851539,6796
0.367868912,6795
0.36788455,6794
0.367895579,6793
0.367907604,6792
0.367968318,6791
0.367977981,6790
0.368033577,6789
0.370460781,6788
0.370480244,6787
0.370492493,6786
0.372401993,6785
0.372417743,6784
0.372428352,6783
0.372443454,6782
0.372461907,6781
0.372525621,6780
0.373188514,6779
0.373264902,6778
0.373273435,6777
0.373480869,6776
0.373532111,6775
0.373573752,6774
0.373583559,6773
0.37364068,6772
0.373654113,6771
0.373671941,6770
0.373688242,6769
0.373728107,6768
0.373735708,6767
0.373742483,6766
0.374078497,6765
0.374114361,6764
0.37412667,6763
0.374136721,6762
0.374179146,6761
0.374219597,6760
0.374231239,6759
0.374245104,6758
0.37425499,6757
0.374266055,6756
0.374276255,6755
0.374285601,6754
0.374298423,6753
0.374318867,6752
0.374327119,6751
0.374335277,6750
0.374355439,6749
0.374370942,6748
0.374385837,6747
0.374401872,6746
0.374411985,6745
0.374421194,6744
0.374431415,6743
0.374440537,6742
0.374487876,6741
0.374527373,6740
0.374568029,6739
0.374583238,6738
0.37461074,6737
0.374630459,6736
0.374638143,6735
0.374671601,6734
0.374679244,6733
0.374686038,6732
0.374700701,6731
0.374707262,6730
0.374713249,6729
0.374727214,6728
0.374735597,6727
0.374741664,6726
0.374747809,6725
0.374753934,6724
0.374760135,6723
0.374766289,6722
0.374772594,6721
0.374779075,6720
0.37478599,6719
0.374800785,6718
0.374806969,6717
0.374813608,6716
0.374821522,6715
0.374828627,6714
0.374835446,6713
0.374841761,6712
0.374863191,6711
0.374868893,6710
0.374874183,6709
0.374879531,6708
0.374886102,6707
0.374892205,6706
0.374898134,6705
0.374903681,6704
0.374910574,6703
0.374923807,6702
0.374929536,6701
0.374934643,6700
0.374941173,6699
0.374958974,6698
0.375022933,6697
0.375159216,6696
0.375169853,6695
0.375179531,6694
0.375186305,6693
0.37519492,6692
0.375200291,6691
0.375205898,6690
0.37524942,6689
0.375257409,6688
0.375262887,6687
0.375267837,6686
0.375273101,6685
0.37527813,6684
0.375282876,6683
0.375287966,6682
0.375297776,6681
0.375303198,6680
0.375308602,6679
0.375317943,6678
0.375323806,6677
0.37533,6676
0.37533624,6675
0.375341986,6674
0.375348008,6673
0.3753535,6672
0.375369965,6671
0.375379558,6670
0.375386046,6669
0.375394629,6668
0.375401237,6667
0.375407846,6666
0.375413327,6665
0.375418788,6664
0.375425046,6663
0.375429734,6662
0.375435109,6661
0.375440222,6660
0.375444621,6659
0.375449055,6658
0.375453597,6657
0.375460284,6656
0.37546483,6655
0.37546918,6654
0.375473638,6653
0.37547822,6652
0.375482899,6651
0.375487817,6650
0.375492491,6649
0.375496873,6648
0.375501745,6647
0.375508522,6646
0.375514747,6645
0.375520456,6644
0.375525138,6643
0.375529849,6642
0.376385563,6641
0.376392871,6640
0.376423888,6639
0.376439337,6638
0.376446017,6637
0.376453077,6636
0.376472849,6635
0.376477826,6634
0.376484055,6633
0.376489506,6632
0.376495285,6631
0.380062275,6630
0.380093763,6629
0.380099029,6628
0.380105361,6627
0.380109347,6626
0.380114387,6625
0.380119384,6624
0.380123917,6623
0.380128399,6622
0.380133863,6621
0.38013766,6620
0.380142087,6619
0.380148752,6618
0.380153248,6617
0.380158288,6616
0.380163178,6615
0.380168372,6614
0.380173297,6613
0.380179456,6612
0.380184397,6611
0.380189566,6610
0.38019475,6609
0.380199225,6608
0.380204152,6607
0.3802092,6606
0.38021451,6605
0.38022022,6604
0.380226781,6603
0.380233667,6602
0.380243943,6601
0.380249417,6600
0.380254237,6599
0.380260873,6598
0.380269061,6597
0.38027637,6596
0.380282405,6595
0.380288162,6594
0.38029448,6593
0.380299756,6592
0.380304128,6591
0.380308203,6590
0.380312848,6589
0.380317892,6588
0.38032477,6587
0.380356681,6586
0.380375797,6585
0.380385247,6584
0.380425517,6583
0.38042968,6582
0.380433812,6581
0.380441392,6580
0.380447196,6579
0.380452904,6578
0.380457874,6577
0.380462383,6576
0.380468175,6575
0.38047194,6574
0.380477368,6573
0.380483794,6572
0.380487837,6571
0.380491306,6570
0.380496684,6569
0.380500681,6568
0.380511734,6567
0.380518818,6566
0.380523738,6565
0.38052799,6564
0.38053228,6563
0.380536981,6562
0.380598771,6561
0.380607214,6560
0.380612127,6559
0.380620691,6558
0.380625084,6557
0.380629276,6556
0.380633417,6555
0.380637435,6554
0.380641274,6553
0.380645956,6552
0.380651525,6551
0.380655461,6550
0.380659982,6549
0.380664369,6548
0.38066961,6547
0.380673235,6546
0.380676667,6545
0.380681115,6544
0.380685459,6543
0.380689227,6542
0.380693064,6541
0.380697612,6540
0.380703081,6539
0.380707972,6538
0.380712461,6537
0.380717674,6536
0.380722291,6535
0.380727183,6534
0.380733893,6533
0.380738036,6532
0.380742375,6531
0.380746567,6530
0.380750836,6529
0.380755355,6528
0.380760223,6527
0.38079522,6526
0.380799563,6525
0.380804231,6524
0.380809756,6523
0.380819609,6522
0.380824064,6521
0.380828486,6520
0.380834132,6519
0.380838056,6518
0.380842021,6517
0.380846043,6516
0.380850623,6515
0.380855321,6514
0.380900685,6513
0.380904849,6512
0.380909166,6511
0.380918006,6510
0.380926904,6509
0.380945618,6508
0.380950286,6507
0.380954734,6506
0.380958753,6505
0.380962723,6504
0.380966568,6503
0.380970891,6502
0.380975441,6501
0.380982379,6500
0.380986498,6499
0.380991964,6498
0.380996184,6497
0.381000337,6496
0.381004097,6495
0.381008144,6494
0.381014155,6493
0.381018081,6492
0.38102337,6491
0.381027158,6490
0.38103099,6489
0.381035112,6488
0.381038801,6487
0.381042586,6486
0.381046198,6485
0.381050189,6484
0.381059137,6483
0.381065567,6482
0.381070487,6481
0.381083477,6480
0.381088669,6479
0.381100938,6478
0.381105597,6477
0.381110504,6476
0.381114362,6475
0.381118977,6474
0.381125156,6473
0.381130846,6472
0.381135043,6471
0.381139247,6470
0.381143569,6469
0.381148398,6468
0.381199306,6467
0.381210265,6466
0.381215605,6465
0.381220787,6464
0.381226389,6463
0.381229909,6462
0.38123355,6461
0.381237129,6460
0.381240662,6459
0.381244449,6458
0.381248172,6457
0.381251612,6456
0.38125525,6455
0.381258927,6454
0.381262794,6453
0.38126576,6452
0.38126894,6451
0.381271973,6450
0.381274638,6449
0.381279681,6448
0.381284721,6447
0.381301925,6446
0.381310135,6445
0.38131981,6444
0.381323766,6443
0.381327889,6442
0.381337618,6441
0.381341815,6440
0.381346245,6439
0.38135064,6438
0.381354704,6437
0.381358335,6436
0.381363294,6435
0.381366971,6434
0.381371629,6433
0.381382579,6432
0.38142507,6431
0.381430295,6430
0.381436261,6429
0.381440073,6428
0.381444055,6427
0.381447894,6426
0.381451662,6425
0.381455679,6424
0.381459722,6423
0.381464328,6422
0.38146845,6421
0.38147453,6420
0.381479381,6419
0.381483644,6418
0.381488434,6417
0.381494315,6416
0.38149905,6415
0.38150601,6414
0.381510506,6413
0.381514104,6412
0.381517724,6411
0.381523574,6410
0.381527018,6409
0.381530484,6408
0.381534169,6407
0.381537997,6406
0.381542543,6405
0.38154781,6404
0.381551986,6403
0.381556323,6402
0.381560351,6401
0.381564024,6400
0.381568161,6399
0.381572207,6398
0.381576303,6397
0.381580405,6396
0.381584846,6395
0.381588992,6394
0.381592593,6393
0.381596561,6392
0.381603224,6391
0.381607282,6390
0.381611392,6389
0.381615221,6388
0.381620219,6387
0.381623918,6386
0.38162763,6385
0.381631605,6384
0.381635725,6383
0.381639804,6382
0.381644385,6381
0.381650977,6380
0.38165518,6379
0.381659157,6378
0.381667902,6377
0.381671409,6376
0.38167716,6375
0.38168762,6374
0.381691983,6373
0.381696285,6372
0.381700578,6371
0.381704928,6370
0.381709602,6369
0.381713659,6368
0.381717965,6367
0.381721737,6366
0.38172742,6365
0.381731123,6364
0.381735236,6363
0.381739309,6362
0.381743821,6361
0.381747888,6360
0.381751834,6359
0.382380805,6358
0.382387238,6357
0.382391715,6356
0.382398909,6355
0.382403371,6354
0.382415221,6353
0.382420978,6352
0.382425354,6351
0.382429953,6350
0.38243635,6349
0.38244453,6348
0.382449129,6347
0.382453966,6346
0.382458272,6345
0.382462673,6344
0.382466766,6343
0.38247089,6342
0.38247577,6341
0.382482721,6340
0.382486643,6339
0.382489758,6338
0.382493796,6337
0.382497691,6336
0.382500646,6335
0.382505055,6334
0.382510054,6333
0.38251702,6332
0.382521801,6331
0.382526576,6330
0.382530007,6329
0.382533481,6328
0.382538262,6327
0.382541691,6326
0.382545048,6325
0.382549124,6324
0.38255342,6323
0.382557393,6322
0.382561112,6321
0.382565213,6320
0.382568945,6319
0.382573852,6318
0.382577493,6317
0.382585381,6316
0.382589319,6315
0.382593219,6314
0.382597413,6313
0.382601346,6312
0.382605354,6311
0.382643734,6310
0.382647934,6309
0.382652205,6308
0.382656741,6307
0.382663837,6306
0.382668882,6305
0.382672763,6304
0.382676468,6303
0.382681201,6302
0.382686536,6301
0.38269034,6300
0.382694194,6299
0.382697899,6298
0.382701503,6297
0.382705389,6296
0.382708973,6295
0.382712683,6294
0.382716302,6293
0.382719818,6292
0.382723588,6291
0.382726873,6290
0.38273059,6289
0.38273425,6288
0.382737879,6287
0.382741444,6286
0.382745468,6285
0.382750137,6284
0.382756747,6283
0.382761937,6282
0.382886756,6281
0.382893102,6280
0.382900208,6279
0.382907295,6278
0.382911808,6277
0.382915904,6276
0.38292043,6275
0.382924604,6274
0.382928365,6273
0.382933881,6272
0.382937851,6271
0.382945068,6270
0.382950516,6269
0.382957845,6268
0.382961888,6267
0.38297639,6266
0.382980359,6265
0.382986018,6264
0.382990482,6263
0.382994576,6262
0.382998887,6261
0.383002822,6260
0.383006628,6259
0.383010442,6258
0.383015463,6257
0.383019652,6256
0.383023791,6255
0.383027751,6254
0.383031868,6253
0.383038009,6252
0.383042266,6251
0.383046637,6250
0.383050932,6249
0.38305967,6248
0.383064809,6247
0.383251199,6246
0.383286405,6245
0.38329237,6244
0.383307502,6243
0.38331201,6242
0.383318799,6241
0.383322929,6240
0.383327055,6239
0.383331321,6238
0.383338177,6237
0.383342157,6236
0.383347644,6235
0.383352363,6234
0.383358613,6233
0.383362773,6232
0.383367142,6231
0.38337101,6230
0.383375511,6229
0.383389463,6228
0.383397967,6227
0.38341076,6226
0.383416111,6225
0.383491604,6224
0.383497082,6223
0.383504906,6222
0.383539936,6221
0.383685995,6220
0.38369678,6219
0.38371011,6218
0.383731496,6217
0.383790954,6216
0.383797062,6215
0.383801978,6214
0.383805827,6213
0.383809927,6212
0.383821113,6211
0.383826099,6210
0.383832204,6209
0.383838099,6208
0.383844815,6207
0.383850523,6206
0.383856015,6205
0.383860831,6204
0.383864723,6203
0.383867869,6202
0.383874544,6201
0.383877622,6200
0.383881209,6199
0.383886272,6198
0.383889385,6197
0.383892709,6196
0.38389594,6195
0.383901336,6194
0.383905528,6193
0.383910364,6192
0.383913854,6191
0.383917931,6190
0.383921363,6189
0.383926875,6188
0.383930142,6187
0.383934812,6186
0.383939354,6185
0.383944101,6184
0.383948151,6183
0.383951984,6182
0.383955708,6181
0.383959496,6180
0.383965135,6179
0.383969759,6178
0.383974061,6177
0.38397897,6176
0.383982539,6175
0.383988124,6174
0.383992443,6173
0.383996488,6172
0.384004113,6171
0.384008441,6170
0.384014785,6169
0.384018828,6168
0.384023337,6167
0.384029783,6166
0.384033755,6165
0.384038381,6164
0.384045283,6163
0.384049735,6162
0.384055128,6161
0.384059327,6160
0.384163666,6159
0.384168645,6158
0.384173136,6157
0.38418043,6156
0.384184621,6155
0.384190716,6154
0.384195231,6153
0.384200489,6152
0.38420545,6151
0.384216547,6150
0.384252606,6149
0.384257271,6148
0.384261433,6147
0.384265713,6146
0.384272484,6145
0.384279417,6144
0.384283376,6143
0.384287449,6142
0.38429152,6141
0.384295778,6140
0.384304767,6139
0.384309312,6138
0.384313927,6137
0.384318229,6136
0.384324264,6135
0.3843304,6134
0.384335097,6133
0.384339989,6132
0.384345113,6131
0.384350705,6130
0.384356817,6129
0.384361663,6128
0.384368866,6127
0.384373112,6126
0.384377532,6125
0.384381938,6124
0.384393482,6123
0.384397555,6122
0.384401692,6121
0.384413688,6120
0.384418948,6119
0.384422994,6118
0.384427999,6117
0.384433789,6116
0.384437616,6115
0.384441493,6114
0.384446121,6113
0.384450437,6112
0.384456758,6111
0.384463159,6110
0.384468056,6109
0.384473027,6108
0.384478109,6107
0.384482899,6106
0.384514293,6105
0.384546453,6104
0.384553831,6103
0.384562401,6102
0.384568959,6101
0.384575165,6100
0.384582137,6099
0.384592124,6098
0.384603443,6097
0.384610481,6096
0.384617131,6095
0.384624799,6094
0.384630557,6093
0.384640404,6092
0.384646236,6091
0.384651638,6090
0.38465653,6089
0.384661584,6088
0.384679915,6087
0.384716335,6086
0.384720824,6085
0.384727038,6084
0.384731388,6083
0.385310124,6082
0.385316825,6081
0.385321768,6080
0.38532768,6079
0.385331922,6078
0.385335558,6077
0.385339733,6076
0.385344152,6075
0.385350927,6074
0.385354779,6073
0.385359241,6072
0.385363673,6071
0.385367654,6070
0.385373386,6069
0.385377265,6068
0.385381266,6067
0.385385124,6066
0.38539043,6065
0.385393933,6064
0.385397805,6063
0.385401377,6062
0.385404981,6061
0.385409987,6060
0.38541369,6059
0.385417183,6058
0.385420978,6057
0.385426381,6056
0.385431817,6055
0.385447127,6054
0.38545283,6053
0.385458033,6052
0.385463141,6051
0.385467732,6050
0.385472235,6049
0.385476991,6048
0.385483548,6047
0.385488419,6046
0.385494437,6045
0.385498535,6044
0.3855044,6043
0.385508415,6042
0.385513393,6041
0.385523749,6040
0.385530756,6039
0.385536332,6038
0.385544603,6037
0.385552767,6036
0.385580915,6035
0.38558462,6034
0.385588046,6033
0.385591579,6032
0.385597365,6031
0.385601788,6030
0.385607739,6029
0.38561326,6028
0.38562085,6027
0.385625418,6026
0.385658956,6025
0.38566603,6024
0.385670381,6023
0.385677502,6022
0.385687774,6021
0.385692628,6020
0.385700289,6019
0.385706304,6018
0.385750166,6017
0.385802814,6016
0.38580842,6015
0.385813985,6014
0.385820751,6013
0.385825609,6012
0.385829924,6011
0.385834779,6010
0.385840586,6009
0.385845201,6008
0.385849785,6007
0.385853943,6006
0.385874456,6005
0.385886176,6004
0.385893564,6003
0.385908205,6002
0.385914936,6001
0.385921128,6000
0.385927271,5999
0.385933369,5998
0.385939853,5997
0.385944114,5996
0.385949625,5995
0.385956126,5994
0.385962266,5993
0.385967721,5992
0.385972511,5991
0.385977611,5990
0.385982289,5989
0.385989143,5988
0.385994276,5987
0.385998916,5986
0.386003631,5985
0.386009698,5984
0.386014484,5983
0.386019006,5982
0.386023166,5981
0.386041915,5980
0.386123565,5979
0.386131663,5978
0.386136374,5977
0.386156464,5976
0.386161619,5975
0.386167434,5974
0.386174743,5973
0.386222821,5972
0.386227938,5971
0.386233448,5970
0.38624869,5969
0.38625556,5968
0.386261571,5967
0.386267285,5966
0.386276928,5965
0.386286046,5964
0.38629108,5963
0.386297449,5962
0.386306442,5961
0.386312598,5960
0.386317572,5959
0.386322511,5958
0.386328836,5957
0.386333155,5956
0.386337985,5955
0.386346239,5954
0.38639089,5953
0.386409581,5952
0.386664747,5951
0.386683099,5950
0.386690467,5949
0.38669813,5948
0.386706607,5947
0.386713038,5946
0.38671941,5945
0.386724351,5944
0.386731253,5943
0.386737048,5942
0.386744003,5941
0.386752494,5940
0.386758491,5939
0.386772236,5938
0.386780088,5937
0.386787211,5936
0.386794352,5935
0.386861065,5934
0.386902427,5933
0.386908893,5932
0.386922095,5931
0.386931809,5930
0.386946648,5929
0.386966318,5928
0.387025288,5927
0.387043272,5926
0.387086166,5925
0.387128029,5924
0.387201466,5923
0.387236787,5922
0.38724341,5921
0.387275569,5920
0.387282266,5919
0.387288339,5918
0.387296765,5917
0.387302721,5916
0.387307917,5915
0.387312937,5914
0.387318351,5913
0.387325355,5912
0.387331014,5911
0.387338375,5910
0.387344601,5909
0.387350139,5908
0.387355498,5907
0.387361125,5906
0.387366558,5905
0.387373816,5904
0.387380073,5903
0.387396805,5902
0.387433428,5901
0.387438676,5900
0.387447022,5899
0.38748698,5898
0.38749282,5897
0.387497722,5896
0.387503356,5895
0.387507835,5894
0.387512265,5893
0.387517397,5892
0.387531128,5891
0.387536655,5890
0.387541725,5889
0.387547343,5888
0.387552839,5887
0.38756023,5886
0.38756512,5885
0.387570379,5884
0.387575924,5883
0.387580549,5882
0.387586388,5881
0.387590584,5880
0.387595516,5879
0.387601036,5878
0.38761748,5877
0.387624007,5876
0.387628902,5875
0.387636118,5874
0.387643104,5873
0.387647993,5872
0.387653603,5871
0.387659151,5870
0.387663645,5869
0.387670023,5868
0.387682048,5867
0.387686572,5866
0.387691857,5865
0.387696062,5864
0.387700734,5863
0.387705538,5862
0.387710851,5861
0.387715559,5860
0.3877204,5859
0.387724967,5858
0.387739892,5857
0.38774517,5856
0.387749671,5855
0.387754449,5854
0.387759691,5853
0.387764707,5852
0.387772054,5851
0.387776831,5850
0.387800033,5849
0.387805413,5848
0.387812,5847
0.38781653,5846
0.387821162,5845
0.387825875,5844
0.387834377,5843
0.387839155,5842
0.387845754,5841
0.387850002,5840
0.387858253,5839
0.387862047,5838
0.387867359,5837
0.387871097,5836
0.387878334,5835
0.387882478,5834
0.387889371,5833
0.387895754,5832
0.387901048,5831
0.387907512,5830
0.387913492,5829
0.38792512,5828
0.387929897,5827
0.387934127,5826
0.38793873,5825
0.387943728,5824
0.387950755,5823
0.387955067,5822
0.387959814,5821
0.387971448,5820
0.387976212,5819
0.387980728,5818
0.38799582,5817
0.387999898,5816
0.38800399,5815
0.388008609,5814
0.388015184,5813
0.388020934,5812
0.388025386,5811
0.388030145,5810
0.388037129,5809
0.388044401,5808
0.388048989,5807
0.388053304,5806
0.388059929,5805
0.388064071,5804
0.388717873,5803
0.388726188,5802
0.388731507,5801
0.388736649,5800
0.388786814,5799
0.38880768,5798
0.388813179,5797
0.38881832,5796
0.388823679,5795
0.388829969,5794
0.388835791,5793
0.388843865,5792
0.388854157,5791
0.388862726,5790
0.388867706,5789
0.388873651,5788
0.388881897,5787
0.388887695,5786
0.388931989,5785
0.388936646,5784
0.388947393,5783
0.388954812,5782
0.388995749,5781
0.389001033,5780
0.389006138,5779
0.389014258,5778
0.389020722,5777
0.389025673,5776
0.389036947,5775
0.389042206,5774
0.389050955,5773
0.389087755,5772
0.389094007,5771
0.389099153,5770
0.3891203,5769
0.389129175,5768
0.389136761,5767
0.389142441,5766
0.389183803,5765
0.389191308,5764
0.389196365,5763
0.38920173,5762
0.389209632,5761
0.389214361,5760
0.389219589,5759
0.389224839,5758
0.389232704,5757
0.389239312,5756
0.389244542,5755
0.38924916,5754
0.389285763,5753
0.389290544,5752
0.389299508,5751
0.389305939,5750
0.389310322,5749
0.389314655,5748
0.389318881,5747
0.389323618,5746
0.389342102,5745
0.389348871,5744
0.389356073,5743
0.389362038,5742
0.389398189,5741
0.391690487,5740
0.391701437,5739
0.391724843,5738
0.391760515,5737
0.39176973,5736
0.391776214,5735
0.391781966,5734
0.391789253,5733
0.391795594,5732
0.391807954,5731
0.391815977,5730
0.391825612,5729
0.391843348,5728
0.392123647,5727
0.392137748,5726
0.392180137,5725
0.392188011,5724
0.392202953,5723
0.392213232,5722
0.392218838,5721
0.392225844,5720
0.392926393,5719
0.393016333,5718
0.393071096,5717
0.393077705,5716
0.393157572,5715
0.393167553,5714
0.393174557,5713
0.393194479,5712
0.393204778,5711
0.393220255,5710
0.393233866,5709
0.393254839,5708
0.393343653,5707
0.3933495,5706
0.393448621,5705
0.393467564,5704
0.39351666,5703
0.393523516,5702
0.393531317,5701
0.393538674,5700
0.393544731,5699
0.393555056,5698
0.393598561,5697
0.393604713,5696
0.393643168,5695
0.393649339,5694
0.393663939,5693
0.393673408,5692
0.39367858,5691
0.393684255,5690
0.393700258,5689
0.393705944,5688
0.3937606,5687
0.393766523,5686
0.3937735,5685
0.393984077,5684
0.393999465,5683
0.394007307,5682
0.39401345,5681
0.39402009,5680
0.39402529,5679
0.394030809,5678
0.394036103,5677
0.394043608,5676
0.394049946,5675
0.394087726,5674
0.394092939,5673
0.394099544,5672
0.394177693,5671
0.394182453,5670
0.394190193,5669
0.394202955,5668
0.394211385,5667
0.394219894,5666
0.394227309,5665
0.394242714,5664
0.394252912,5663
0.394259443,5662
0.394267852,5661
0.394274473,5660
0.394295557,5659
0.394373402,5658
0.394378961,5657
0.394399381,5656
0.394407894,5655
0.394423139,5654
0.394475627,5653
0.394531818,5652
0.394561695,5651
0.394607369,5650
0.394612551,5649
0.394617744,5648
0.394661183,5647
0.394668499,5646
0.394681746,5645
0.394691267,5644
0.394696713,5643
0.394703761,5642
0.394709426,5641
0.394714802,5640
0.39472739,5639
0.394737329,5638
0.394744395,5637
0.394750488,5636
0.394756925,5635
0.394761241,5634
0.394766623,5633
0.394779626,5632
0.394785946,5631
0.394791381,5630
0.394833211,5629
0.394875474,5628
0.394882352,5627
0.39492451,5626
0.394930111,5625
0.394936305,5624
0.394994455,5623
0.395003134,5622
0.39502312,5621
0.395114803,5620
0.395120356,5619
0.3951561,5618
0.39529405,5617
0.395317005,5616
0.395322273,5615
0.395328845,5614
0.395334093,5613
0.395341191,5612
0.395347072,5611
0.395363214,5610
0.395371288,5609
0.395378655,5608
0.395383599,5607
0.395387739,5606
0.395392563,5605
0.395433972,5604
0.395438182,5603
0.395479277,5602
0.395484209,5601
0.395495449,5600
0.395503338,5599
0.39551365,5598
0.395522232,5597
0.395527158,5596
0.395532282,5595
0.395549202,5594
0.395590995,5593
0.39564337,5592
0.395893242,5591
0.395899948,5590
0.39590574,5589
0.395910754,5588
0.395917715,5587
0.395922519,5586
0.395927335,5585
0.395939248,5584
0.395944671,5583
0.39594894,5582
0.395954638,5581
0.395960746,5580
0.395966703,5579
0.395980609,5578
0.395985601,5577
0.395989956,5576
0.395995285,5575
0.396268276,5574
0.396325861,5573
0.396343458,5572
0.396350239,5571
0.396399426,5570
0.396444233,5569
0.396450103,5568
0.396458367,5567
0.396468036,5566
0.396473285,5565
0.396478283,5564
0.396982146,5563
0.396993693,5562
0.396999385,5561
0.397006491,5560
0.397011863,5559
0.397016705,5558
0.39702589,5557
0.397040436,5556
0.39706678,5555
0.397072599,5554
0.397085392,5553
0.397091615,5552
0.397103067,5551
0.39710972,5550
0.397160148,5549
0.397269782,5548
0.397280254,5547
0.397285787,5546
0.397320888,5545
0.397402666,5544
0.397416219,5543
0.397421056,5542
0.397427496,5541
0.397431785,5540
0.397436614,5539
0.39744468,5538
0.397450259,5537
0.39745685,5536
0.397461458,5535
0.397475443,5534
0.397481135,5533
0.397485616,5532
0.397491444,5531
0.397506658,5530
0.397511402,5529
0.397516937,5528
0.397523774,5527
0.397530253,5526
0.39753591,5525
0.397541308,5524
0.397548246,5523
0.397553996,5522
0.397572354,5521
0.397577838,5520
0.397583001,5519
0.397588498,5518
0.397593281,5517
0.397599173,5516
0.397604228,5515
0.39760907,5514
0.39761618,5513
0.39767541,5512
0.397684931,5511
0.397689589,5510
0.397694932,5509
0.39770284,5508
0.397707461,5507
0.397712214,5506
0.397717945,5505
0.397747224,5504
0.397753697,5503
0.397761204,5502
0.397774942,5501
0.397782745,5500
0.397787358,5499
0.397798937,5498
0.397803721,5497
0.397810085,5496
0.397817819,5495
0.397824284,5494
0.397833557,5493
0.397838346,5492
0.397854294,5491
0.397859004,5490
0.397870279,5489
0.397877091,5488
0.397883624,5487
0.397890216,5486
0.39790591,5485
0.397916668,5484
0.397923881,5483
0.397931905,5482
0.397949744,5481
0.397956375,5480
0.397962884,5479
0.397971948,5478
0.397982858,5477
0.397990588,5476
0.397999736,5475
0.398008287,5474
0.398015557,5473
0.398027053,5472
0.39803298,5471
0.398037345,5470
0.398041903,5469
0.39804744,5468
0.398053558,5467
0.398089194,5466
0.39809387,5465
0.39811259,5464
0.398168262,5463
0.398173159,5462
0.398183691,5461
0.398240645,5460
0.398245255,5459
0.398261364,5458
0.398305762,5457
0.39831129,5456
0.398316566,5455
0.39832236,5454
0.398335342,5453
0.398385414,5452
0.398390556,5451
0.398399229,5450
0.398426507,5449
0.398436406,5448
0.398441795,5447
0.398460023,5446
0.398472183,5445
0.398480501,5444
0.398567763,5443
0.398668943,5442
0.398717807,5441
0.398722791,5440
0.398728953,5439
0.39873545,5438
0.398749415,5437
0.398754581,5436
0.39878132,5435
0.398790314,5434
0.398833762,5433
0.398872242,5432
0.398881659,5431
0.398931189,5430
0.398936378,5429
0.398951634,5428
0.398959311,5427
0.398969882,5426
0.398976765,5425
0.399061702,5424
0.399069403,5423
0.399083058,5422
0.399090513,5421
0.399099558,5420
0.399107496,5419
0.399112979,5418
0.399117144,5417
0.399121151,5416
0.399127729,5415
0.399134862,5414
0.399143254,5413
0.399186486,5412
0.399198984,5411
0.399234435,5410
0.399239925,5409
0.399253523,5408
0.399259285,5407
0.399264445,5406
0.399281008,5405
0.399286385,5404
0.399295366,5403
0.399335042,5402
0.399371871,5401
0.399387639,5400
0.399401088,5399
0.399407833,5398
0.39941906,5397
0.39942446,5396
0.399436171,5395
0.399441755,5394
0.399447563,5393
0.399457682,5392
0.399468038,5391
0.399473447,5390
0.399513056,5389
0.399520976,5388
0.399526362,5387
0.399534803,5386
0.399543691,5385
0.399557327,5384
0.399564414,5383
0.399571515,5382
0.399578477,5381
0.399584563,5380
0.399590859,5379
0.399608307,5378
0.399618293,5377
0.399624035,5376
0.399637136,5375
0.399644715,5374
0.40069675,5373
0.400821605,5372
0.400943319,5371
0.40098914,5370
0.401010154,5369
0.401018008,5368
0.401032487,5367
0.401042689,5366
0.401048945,5365
0.401061437,5364
0.4010737,5363
0.401081324,5362
0.40109068,5361
0.401114742,5360
0.401123778,5359
0.401131858,5358
0.401149456,5357
0.40115812,5356
0.401176105,5355
0.401188633,5354
0.401200459,5353
0.401217143,5352
0.401227908,5351
0.401233025,5350
0.401242176,5349
0.401249225,5348
0.401267869,5347
0.401273213,5346
0.401283346,5345
0.401385767,5344
0.401465797,5343
0.401481091,5342
0.401823491,5341
0.401833059,5340
0.401849,5339
0.401890162,5338
0.401900979,5337
0.401908725,5336
0.401921364,5335
0.401939315,5334
0.401951988,5333
0.401960831,5332
0.401968447,5331
0.401974144,5330
0.402000234,5329
0.402030571,5328
0.402047207,5327
0.402078937,5326
0.402102619,5325
0.402110333,5324
0.402117128,5323
0.402124726,5322
0.402132024,5321
0.402136935,5320
0.402141422,5319
0.402147931,5318
0.402159698,5317
0.402196328,5316
0.402202279,5315
0.40221141,5314
0.402219903,5313
0.402225756,5312
0.402232011,5311
0.402242401,5310
0.402246981,5309
0.402253139,5308
0.402265463,5307
0.402271457,5306
0.402279493,5305
0.402283528,5304
0.402288044,5303
0.402319298,5302
0.402333917,5301
0.402339697,5300
0.402351008,5299
0.402370728,5298
0.40237632,5297
0.402383355,5296
0.402389854,5295
0.402397912,5294
0.402609203,5293
0.402617123,5292
0.402684524,5291
0.402694362,5290
0.402702601,5289
0.402783669,5288
0.402828211,5287
0.402840302,5286
0.402890118,5285
0.402927328,5284
0.402941215,5283
0.402948737,5282
0.402966288,5281
0.402991087,5280
0.403150567,5279
0.403399589,5278
0.403413478,5277
0.403459728,5276
0.403520513,5275
0.40356037,5274
0.403607947,5273
0.40361549,5272
0.403632493,5271
0.403646994,5270
0.403655423,5269
0.403662481,5268
0.403674627,5267
0.403682993,5266
0.403689203,5265
0.403695902,5264
0.403702131,5263
0.403706198,5262
0.403712008,5261
0.403715457,5260
0.40372174,5259
0.403725874,5258
0.403732555,5257
0.403787939,5256
0.403796589,5255
0.403799374,5254
0.403802423,5253
0.403806765,5252
0.403818181,5251
0.403823912,5250
0.40382779,5249
0.403836273,5248
0.403840388,5247
0.403854118,5246
0.403872119,5245
0.403878651,5244
0.40388235,5243
0.403889997,5242
0.403893337,5241
0.403897896,5240
0.403903141,5239
0.403907078,5238
0.403914851,5237
0.403924326,5236
0.403932011,5235
0.403939846,5234
0.403946857,5233
0.404308908,5232
0.404313336,5231
0.404325493,5230
0.404332759,5229
0.404351782,5228
0.404368138,5227
0.404390947,5226
0.404394629,5225
0.404402418,5224
0.404436341,5223
0.404441138,5222
0.404461148,5221
0.404467009,5220
0.404471054,5219
0.404476823,5218
0.404508327,5217
0.404516619,5216
0.404524522,5215
0.404559682,5214
0.404635102,5213
0.404649219,5212
0.404657594,5211
0.404667212,5210
0.40468173,5209
0.404688926,5208
0.404699258,5207
0.404867095,5206
0.40487913,5205
0.40488631,5204
0.404890543,5203
0.404907205,5202
0.404938556,5201
0.404944263,5200
0.404954624,5199
0.404960024,5198
0.404974864,5197
0.405032035,5196
0.405037002,5195
0.40504692,5194
0.405057492,5193
0.405063967,5192
0.405115999,5191
0.405150813,5190
0.405178209,5189
0.405188801,5188
0.405395399,5187
0.405500968,5186
0.40550571,5185
0.405514645,5184
0.405543261,5183
0.405548869,5182
0.405553516,5181
0.405561375,5180
0.40557218,5179
0.405577751,5178
0.405582296,5177
0.405589773,5176
0.405599941,5175
0.405604562,5174
0.4056113,5173
0.40568395,5172
0.405749917,5171
0.405755233,5170
0.405764837,5169
0.40576969,5168
0.405785839,5167
0.405791977,5166
0.405799217,5165
0.405803537,5164
0.405808477,5163
0.405813474,5162
0.405818421,5161
0.405825653,5160
0.405837942,5159
0.405863254,5158
0.405871989,5157
0.405876828,5156
0.405896465,5155
0.405903656,5154
0.405921169,5153
0.405926954,5152
0.409461656,5151
0.409556931,5150
0.409616812,5149
0.409668489,5148
0.409768053,5147
0.409773809,5146
0.409785769,5145
0.409799146,5144
0.409806151,5143
0.409810532,5142
0.409819948,5141
0.409825495,5140
0.409834581,5139
0.409845603,5138
0.409849036,5137
0.409852336,5136
0.409857124,5135
0.409879161,5134
0.409883931,5133
0.409900715,5132
0.409905265,5131
0.409925383,5130
0.40993186,5129
0.409949029,5128
0.41014374,5127
0.410155846,5126
0.410168337,5125
0.410175374,5124
0.410208996,5123
0.41021426,5122
0.410265721,5121
0.410330119,5120
0.410351093,5119
0.41036124,5118
0.410370906,5117
0.410376482,5116
0.410384587,5115
0.410428664,5114
0.410431852,5113
0.410438829,5112
0.410443037,5111
0.410449676,5110
0.410776939,5109
0.41078031,5108
0.410783958,5107
0.410789732,5106
0.41079312,5105
0.41080086,5104
0.410805449,5103
0.410808556,5102
0.410814156,5101
0.410819154,5100
0.410822435,5099
0.410826297,5098
0.410832008,5097
0.410843389,5096
0.410860905,5095
0.410866229,5094
0.410872786,5093
0.410888382,5092
0.410929497,5091
0.410934961,5090
0.410941574,5089
0.410970675,5088
0.410985467,5087
0.411033415,5086
0.411043839,5085
0.411078368,5084
0.411099435,5083
0.411168783,5082
0.411252691,5081
0.411289974,5080
0.411295451,5079
0.411304411,5078
0.411314613,5077
0.411336962,5076
0.411342124,5075
0.411347544,5074
0.411354199,5073
0.411369936,5072
0.411384914,5071
0.411393739,5070
0.411399151,5069
0.411404419,5068
0.411426692,5067
0.411440539,5066
0.411447269,5065
0.411455073,5064
0.411465412,5063
0.411474619,5062
0.411503844,5061
0.411539494,5060
0.411545072,5059
0.411551687,5058
0.411558214,5057
0.411563846,5056
0.41157698,5055
0.411612627,5054
0.411626615,5053
0.411656101,5052
0.411661583,5051
0.41167302,5050
0.41167751,5049
0.411683032,5048
0.411689449,5047
0.411694321,5046
0.411700179,5045
0.411720796,5044
0.411727314,5043
0.411733235,5042
0.411742335,5041
0.411781811,5040
0.411797954,5039
0.411806894,5038
0.411812424,5037
0.41181712,5036
0.41182385,5035
0.411841003,5034
0.411850948,5033
0.411854697,5032
0.411860102,5031
0.411867331,5030
0.411882326,5029
0.411888623,5028
0.411894809,5027
0.411903855,5026
0.411919378,5025
0.411926497,5024
0.411931511,5023
0.411941618,5022
0.411951916,5021
0.411960423,5020
0.411975732,5019
0.411980148,5018
0.411985647,5017
0.411993418,5016
0.412035606,5015
0.412100588,5014
0.41215966,5013
0.412204283,5012
0.412255317,5011
0.412260706,5010
0.412289733,5009
0.412301535,5008
0.412359406,5007
0.41236574,5006
0.412370391,5005
0.412427271,5004
0.412542555,5003
0.412560065,5002
0.412575121,5001
0.41258701,5000
0.412592761,4999
0.412599271,4998
0.412611364,4997
0.412656302,4996
0.412667988,4995
0.412737565,4994
0.412763112,4993
0.412777269,4992
0.412782417,4991
0.412792817,4990
0.413253055,4989
0.413258597,4988
0.41330313,4987
0.413362034,4986
0.413394413,4985
0.413399295,4984
0.413421235,4983
0.413438259,4982
0.413451675,4981
0.413459666,4980
0.413475944,4979
0.41349443,4978
0.413503925,4977
0.41350744,4976
0.413521951,4975
0.413547162,4974
0.413557544,4973
0.413582066,4972
0.413588086,4971
0.413600343,4970
0.413604165,4969
0.413609477,4968
0.413616389,4967
0.413627542,4966
0.413639175,4965
0.413645625,4964
0.413659542,4963
0.413664943,4962
0.413679786,4961
0.413698404,4960
0.413709505,4959
0.41374923,4958
0.413784861,4957
0.413795348,4956
0.413801343,4955
0.413850823,4954
0.413859993,4953
0.413866711,4952
0.413918974,4951
0.413922507,4950
0.413926759,4949
0.413945601,4948
0.413954758,4947
0.413959406,4946
0.413972198,4945
0.413995935,4944
0.414006524,4943
0.414015437,4942
0.414055382,4941
0.414065216,4940
0.414081554,4939
0.414086338,4938
0.414097313,4937
0.41410768,4936
0.414117176,4935
0.414193911,4934
0.414211375,4933
0.414223884,4932
0.414242126,4931
0.414257758,4930
0.414267357,4929
0.414275215,4928
0.414283867,4927
0.414289961,4926
0.414294522,4925
0.414314882,4924
0.414339205,4923
0.41435535,4922
0.41436312,4921
0.414367272,4920
0.414372015,4919
0.414392489,4918
0.414421447,4917
0.414903652,4916
0.414983951,4915
0.414996849,4914
0.415001839,4913
0.415030382,4912
0.415057285,4911
0.415075294,4910
0.415086346,4909
0.415090811,4908
0.415114593,4907
0.415121515,4906
0.415149307,4905
0.415170209,4904
0.415174676,4903
0.415201719,4902
0.415215234,4901
0.415228956,4900
0.41529798,4899
0.415306064,4898
0.415325257,4897
0.415333092,4896
0.415343631,4895
0.41535175,4894
0.415387235,4893
0.415399793,4892
0.415414485,4891
0.415482763,4890
0.415521561,4889
0.415531479,4888
0.415608421,4887
0.415635607,4886
0.415683815,4885
0.415696088,4884
0.415703449,4883
0.415730271,4882
0.415749373,4881
0.415763611,4880
0.415830273,4879
0.415839966,4878
0.415861421,4877
0.415870088,4876
0.415877516,4875
0.415885601,4874
0.41590649,4873
0.41591121,4872
0.416076026,4871
0.416133202,4870
0.416137878,4869
0.416160173,4868
0.416189403,4867
0.416213403,4866
0.416262093,4865
0.417100929,4864
0.417124735,4863
0.417137139,4862
0.41714255,4861
0.417163204,4860
0.417166016,4859
0.417205816,4858
0.417223766,4857
0.417235508,4856
0.417239519,4855
0.41724919,4854
0.41725945,4853
0.417265876,4852
0.417271765,4851
0.417280051,4850
0.417302469,4849
0.417329407,4848
0.417334156,4847
0.417343416,4846
0.417379581,4845
0.41741112,4844
0.417447436,4843
0.417458092,4842
0.417480931,4841
0.417485584,4840
0.417488571,4839
0.417501009,4838
0.4175156,4837
0.417518737,4836
0.417531379,4835
0.417539365,4834
0.417547295,4833
0.417551833,4832
0.417557073,4831
0.417562723,4830
0.417573072,4829
0.417577838,4828
0.417615684,4827
0.417619464,4826
0.417642601,4825
0.417678307,4824
0.417724792,4823
0.417742469,4822
0.417768339,4821
0.41798652,4820
0.418001379,4819
0.418024177,4818
0.418027937,4817
0.418035439,4816
0.418041313,4815
0.418050052,4814
0.418076462,4813
0.418079553,4812
0.418135296,4811
0.418142336,4810
0.418149606,4809
0.418178304,4808
0.418186887,4807
0.41819035,4806
0.418231941,4805
0.418239955,4804
0.418245804,4803
0.41828702,4802
0.418291696,4801
0.418295773,4800
0.418323324,4799
0.418327471,4798
0.418769103,4797
0.418776293,4796
0.418783345,4795
0.418830373,4794
0.418856306,4793
0.418861825,4792
0.418884613,4791
0.418929403,4790
0.418982592,4789
0.41898548,4788
0.418989044,4787
0.418996709,4786
0.419022243,4785
0.419034286,4784
0.41905466,4783
0.419058962,4782
0.419068658,4781
0.419095483,4780
0.419128651,4779
0.419394917,4778
0.419433155,4777
0.419464413,4776
0.419470387,4775
0.419473939,4774
0.419480636,4773
0.419524428,4772
0.419531229,4771
0.419536177,4770
0.419549885,4769
0.41964142,4768
0.419649412,4767
0.419675036,4766
0.419856304,4765
0.419862093,4764
0.419924638,4763
0.41993158,4762
0.419991416,4761
0.42009614,4760
0.420147844,4759
0.420298478,4758
0.420325856,4757
0.420652751,4756
0.420663184,4755
0.420746671,4754
0.420783545,4753
0.421060041,4752
