0.211510632,6823
0.211640008,6822
0.211727562,6821
0.211798733,6820
0.211865148,6819
0.211883083,6818
0.211899143,6817
0.211905685,6816
0.211911719,6815
0.211917696,6814
0.211926209,6813
0.211935252,6812
0.211985184,6811
0.211997963,6810
0.212008755,6809
0.212018065,6808
0.212027265,6807
0.212721744,6806
0.21272994,6805
0.212743155,6804
0.212749579,6803
0.212760965,6802
0.212767839,6801
0.212775244,6800
0.212783492,6799
0.212789481,6798
0.212810183,6797
0.212816355,6796
0.212822369,6795
0.212837651,6794
0.212846373,6793
0.212858813,6792
0.212893149,6791
0.212899818,6790
0.212905806,6789
0.21291296,6788
0.212919068,6787
0.212924687,6786
0.212930109,6785
0.212936031,6784
0.212941478,6783
0.212947547,6782
0.212953036,6781
0.212960766,6780
0.212966317,6779
0.212971694,6778
0.212977493,6777
0.212983482,6776
0.21298881,6775
0.212994223,6774
0.212999606,6773
0.213005327,6772
0.213010868,6771
0.213031547,6770
0.213087186,6769
0.213096953,6768
0.213130901,6767
0.213138785,6766
0.213181582,6765
0.21318993,6764
0.21319733,6763
0.213207849,6762
0.213224496,6761
0.213233249,6760
0.213242019,6759
0.213252377,6758
0.21325996,6757
0.213267837,6756
0.213275591,6755
0.213283003,6754
0.213293881,6753
0.21330573,6752
0.213320412,6751
0.213358059,6750
0.213392902,6749
0.213427528,6748
0.213437562,6747
0.213450273,6746
0.213484963,6745
0.213520031,6744
0.213527057,6743
0.213560584,6742
0.213601105,6741
0.213636265,6740
0.213647034,6739
0.213657273,6738
0.21370813,6737
0.213715005,6736
0.213752107,6735
0.213758557,6734
0.213805965,6733
0.213841128,6732
0.213876409,6731
0.213883527,6730
0.213889621,6729
0.2139046,6728
0.213911579,6727
0.213918244,6726
0.213926856,6725
0.213932995,6724
0.213958771,6723
0.213964696,6722
0.213985478,6721
0.213992678,6720
0.214062148,6719
0.214079427,6718
0.214087213,6717
0.214093694,6716
0.214099807,6715
0.214139094,6714
0.214143015,6713
0.214146762,6712
0.214150756,6711
0.214154481,6710
0.21415938,6709
0.21416436,6708
0.214170211,6707
0.214175224,6706
0.214180997,6705
0.214186354,6704
0.214191713,6703
0.21419779,6702
0.214210918,6701
0.214216651,6700
0.214221814,6699
0.214241636,6698
0.214246773,6697
0.214252812,6696
0.214260594,6695
0.214273906,6694
0.21428334,6693
0.214292943,6692
0.214304061,6691
0.214312764,6690
0.21438904,6689
0.21439585,6688
0.214419729,6687
0.21442509,6686
0.214430295,6685
0.214464989,6684
0.214472918,6683
0.214498741,6682
0.21452062,6681
0.21455794,6680
0.214563182,6679
0.214567496,6678
0.214571974,6677
0.21457829,6676
0.214583153,6675
0.214588543,6674
0.214593647,6673
0.214599109,6672
0.214605382,6671
0.214610455,6670
0.214662087,6669
0.214666796,6668
0.214674375,6667
0.214680121,6666
0.214684042,6665
0.214688483,6664
0.21469483,6663
0.214700823,6662
0.214709567,6661
0.214716973,6660
0.214723492,6659
0.214730492,6658
0.214737106,6657
0.214761386,6656
0.214767318,6655
0.214772093,6654
0.214776773,6653
0.214780846,6652
0.214786736,6651
0.214791867,6650
0.214796595,6649
0.214801398,6648
0.214806017,6647
0.21481,6646
0.21481386,6645
0.214817709,6644
0.21482269,6643
0.214827928,6642
0.215986416,6641
0.21599659,6640
0.216001891,6639
0.216006541,6638
0.216010767,6637
0.216014556,6636
0.216018552,6635
0.216032345,6634
0.21607062,6633
0.21607519,6632
0.216084154,6631
0.219522878,6630
0.21963473,6629
0.219642748,6628
0.219689352,6627
0.219695798,6626
0.219701411,6625
0.219713386,6624
0.219718387,6623
0.219724086,6622
0.219735731,6621
0.21974859,6620
0.219755875,6619
0.21976387,6618
0.219768086,6617
0.219772006,6616
0.219775851,6615
0.219780049,6614
0.219784723,6613
0.219788542,6612
0.219792009,6611
0.219795623,6610
0.219801219,6609
0.219806741,6608
0.21981209,6607
0.219817268,6606
0.219825026,6605
0.219829647,6604
0.21983515,6603
0.219842391,6602
0.219846425,6601
0.219850001,6600
0.219854821,6599
0.219861463,6598
0.219866861,6597
0.219871062,6596
0.219874519,6595
0.219878713,6594
0.219884836,6593
0.219890196,6592
0.219895124,6591
0.219900088,6590
0.219906352,6589
0.219909922,6588
0.219914424,6587
0.219922232,6586
0.219928498,6585
0.219933967,6584
0.219972791,6583
0.219990483,6582
0.219995175,6581
0.219999044,6580
0.220003058,6579
0.220007168,6578
0.220011499,6577
0.220015385,6576
0.220047891,6575
0.220052656,6574
0.220057824,6573
0.220099682,6572
0.220104753,6571
0.220110127,6570
0.220114111,6569
0.220117498,6568
0.220121412,6567
0.220126644,6566
0.220132641,6565
0.220136817,6564
0.220140827,6563
0.220144815,6562
0.220148809,6561
0.220153833,6560
0.220158495,6559
0.220162937,6558
0.220167348,6557
0.220171514,6556
0.220175655,6555
0.220179402,6554
0.220183962,6553
0.220188607,6552
0.220195772,6551
0.220205349,6550
0.220212867,6549
0.220216894,6548
0.220220493,6547
0.220224153,6546
0.220227843,6545
0.220231178,6544
0.220234501,6543
0.220239094,6542
0.220242512,6541
0.220247206,6540
0.220251152,6539
0.220254956,6538
0.220259082,6537
0.220263116,6536
0.220267238,6535
0.220271403,6534
0.220275096,6533
0.220280338,6532
0.220285035,6531
0.220288662,6530
0.220291993,6529
0.220295898,6528
0.220299797,6527
0.220305561,6526
0.22030903,6525
0.220312471,6524
0.220324122,6523
0.220328477,6522
0.220333257,6521
0.220336976,6520
0.220340564,6519
0.220344191,6518
0.220347859,6517
0.220351608,6516
0.220355728,6515
0.220361224,6514
0.220365398,6513
0.220369446,6512
0.220373224,6511
0.220377085,6510
0.220380652,6509
0.220385002,6508
0.220388898,6507
0.220393406,6506
0.220397389,6505
0.220401523,6504
0.220405072,6503
0.220408641,6502
0.22041217,6501
0.220415905,6500
0.220420237,6499
0.220423972,6498
0.220427769,6497
0.220432649,6496
0.22043666,6495
0.220441701,6494
0.223536537,6493
0.223546162,6492
0.223576243,6491
0.223585722,6490
0.223590591,6489
0.223594707,6488
0.223610146,6487
0.223622423,6486
0.223626725,6485
0.223632281,6484
0.223642992,6483
0.223647423,6482
0.22365269,6481
0.223690917,6480
0.223695399,6479
0.223699382,6478
0.223703748,6477
0.223707254,6476
0.223710098,6475
0.223712895,6474
0.223715645,6473
0.223719839,6472
0.223723341,6471
0.223728178,6470
0.223730921,6469
0.223733677,6468
0.223737447,6467
0.223740485,6466
0.223743711,6465
0.223746466,6464
0.223749526,6463
0.223753125,6462
0.223756232,6461
0.223763301,6460
0.223765987,6459
0.223769286,6458
0.223772228,6457
0.223775532,6456
0.223779064,6455
0.22378343,6454
0.223786296,6453
0.223789181,6452
0.223792119,6451
0.22379509,6450
0.223798055,6449
0.223802409,6448
0.223806336,6447
0.223810235,6446
0.223815311,6445
0.2238196,6444
0.22382358,6443
0.223827791,6442
0.2238314,6441
0.223835359,6440
0.223839072,6439
0.223843162,6438
0.223846743,6437
0.223850483,6436
0.223853778,6435
0.223857532,6434
0.223861317,6433
0.223865417,6432
0.223869447,6431
0.223872972,6430
0.223876726,6429
0.223880745,6428
0.223884609,6427
0.223888098,6426
0.223891816,6425
0.223896149,6424
0.223900378,6423
0.223903914,6422
0.223907179,6421
0.223910696,6420
0.223914535,6419
0.223918508,6418
0.223923149,6417
0.223926912,6416
0.223930805,6415
0.223934611,6414
0.223938445,6413
0.223941213,6412
0.22394391,6411
0.223946652,6410
0.223949332,6409
0.223952647,6408
0.223955529,6407
0.22395932,6406
0.223961897,6405
0.223964525,6404
0.223966962,6403
0.223969538,6402
0.223972112,6401
0.223974754,6400
0.223977371,6399
0.223979812,6398
0.223982526,6397
0.22398526,6396
0.22398815,6395
0.223991108,6394
0.223993583,6393
0.223998219,6392
0.224000963,6391
0.224004011,6390
0.224006634,6389
0.22401152,6388
0.224014448,6387
0.22401858,6386
0.224023305,6385
0.224026103,6384
0.224030295,6383
0.224033049,6382
0.224036541,6381
0.224039462,6380
0.22404272,6379
0.224046211,6378
0.22404922,6377
0.22405506,6376
0.224057724,6375
0.224061926,6374
0.224066422,6373
0.224069702,6372
0.22407291,6371
0.224075801,6370
0.224079077,6369
0.224082109,6368
0.224085107,6367
0.224087856,6366
0.224090962,6365
0.224093899,6364
0.224096642,6363
0.224099122,6362
0.224101785,6361
0.224105354,6360
0.224110235,6359
0.224473851,6358
0.224476908,6357
0.224481656,6356
0.224485772,6355
0.22449011,6354
0.224494411,6353
0.22449818,6352
0.224503957,6351
0.224507755,6350
0.224513264,6349
0.224517635,6348
0.224522105,6347
0.224526475,6346
0.224531635,6345
0.224536282,6344
0.224542139,6343
0.224548558,6342
0.224552974,6341
0.224556127,6340
0.224559377,6339
0.22456228,6338
0.22456632,6337
0.224569242,6336
0.224572136,6335
0.224574834,6334
0.22457814,6333
0.224583436,6332
0.224587435,6331
0.224591329,6330
0.224594166,6329
0.22459693,6328
0.224599584,6327
0.224603691,6326
0.224607067,6325
0.224610862,6324
0.224613687,6323
0.224616532,6322
0.22462103,6321
0.224624918,6320
0.224627812,6319
0.22463077,6318
0.224634706,6317
0.224637828,6316
0.224642927,6315
0.224649458,6314
0.224654493,6313
0.22465794,6312
0.224661533,6311
0.224664803,6310
0.224667522,6309
0.224670594,6308
0.224688725,6307
0.22469257,6306
0.224695925,6305
0.224699776,6304
0.224702781,6303
0.224705927,6302
0.224709103,6301
0.224712197,6300
0.224715346,6299
0.224718348,6298
0.224721184,6297
0.224723929,6296
0.224728202,6295
0.224731254,6294
0.224734098,6293
0.224736759,6292
0.224739707,6291
0.22474259,6290
0.224746093,6289
0.224749173,6288
0.224753089,6287
0.224791143,6286
0.224794017,6285
0.22479809,6284
0.224803105,6283
0.224807892,6282
0.224810692,6281
0.224814652,6280
0.224817907,6279
0.224821198,6278
0.224824107,6277
0.224828177,6276
0.22483153,6275
0.224837911,6274
0.224841842,6273
0.224845346,6272
0.224850546,6271
0.224855034,6270
0.224858313,6269
0.224861443,6268
0.224865346,6267
0.224870846,6266
0.224876468,6265
0.224879886,6264
0.224883457,6263
0.224887843,6262
0.224893299,6261
0.2248964,6260
0.224900076,6259
0.224903172,6258
0.224907175,6257
0.224912015,6256
0.224915608,6255
0.224919221,6254
0.22492233,6253
0.224925108,6252
0.224929221,6251
0.224933877,6250
0.224937545,6249
0.224941313,6248
0.224944695,6247
0.224947927,6246
0.22495368,6245
0.224960605,6244
0.224964296,6243
0.224969091,6242
0.224972404,6241
0.224975158,6240
0.224977915,6239
0.224980604,6238
0.224984143,6237
0.224987095,6236
0.224990133,6235
0.224993033,6234
0.224995942,6233
0.224998953,6232
0.22500172,6231
0.225005213,6230
0.225008088,6229
0.225010757,6228
0.225014588,6227
0.225017833,6226
0.225021009,6225
0.225024292,6224
0.225027171,6223
0.225034196,6222
0.225039371,6221
0.225045028,6220
0.225049417,6219
0.225054006,6218
0.225056827,6217
0.225060083,6216
0.225063131,6215
0.225066185,6214
0.225070599,6213
0.225073565,6212
0.225076225,6211
0.225078902,6210
0.225081701,6209
0.225086337,6208
0.22509012,6207
0.225093646,6206
0.225097554,6205
0.225101258,6204
0.225104829,6203
0.225110965,6202
0.225113896,6201
0.225117695,6200
0.225121591,6199
0.225125999,6198
0.225129725,6197
0.225133766,6196
0.225137823,6195
0.225141642,6194
0.225146793,6193
0.225150927,6192
0.225155719,6191
0.225158901,6190
0.225163907,6189
0.225169891,6188
0.225175049,6187
0.225178856,6186
0.225182774,6185
0.225187216,6184
0.225192676,6183
0.225197506,6182
0.22520181,6181
0.225208077,6180
0.225212219,6179
0.225216049,6178
0.225219989,6177
0.225223671,6176
0.225227271,6175
0.225231854,6174
0.225235481,6173
0.225239711,6172
0.22524491,6171
0.225248582,6170
0.225255379,6169
0.225260415,6168
0.225282676,6167
0.225287919,6166
0.22529205,6165
0.225296238,6164
0.225300058,6163
0.225302791,6162
0.22530593,6161
0.225308667,6160
0.225311576,6159
0.225315509,6158
0.225318313,6157
0.225321251,6156
0.225327608,6155
0.225331738,6154
0.225336218,6153
0.225340161,6152
0.225345565,6151
0.225348817,6150
0.225352227,6149
0.225357024,6148
0.225361224,6147
0.225364997,6146
0.225368148,6145
0.225370921,6144
0.225373836,6143
0.22537675,6142
0.225379665,6141
0.225382498,6140
0.225385859,6139
0.225392307,6138
0.225399234,6137
0.225409799,6136
0.225414504,6135
0.225418193,6134
0.225421425,6133
0.225427004,6132
0.225433716,6131
0.225437567,6130
0.225441173,6129
0.225444461,6128
0.225448455,6127
0.225453619,6126
0.225457458,6125
0.22546043,6124
0.225463131,6123
0.225466496,6122
0.225470407,6121
0.225473719,6120
0.22547867,6119
0.225481758,6118
0.225486601,6117
0.225491778,6116
0.225494991,6115
0.225498949,6114
0.225504809,6113
0.225508329,6112
0.225511404,6111
0.225515264,6110
0.225518528,6109
0.22552231,6108
0.22552563,6107
0.22553041,6106
0.22553457,6105
0.225541106,6104
0.22554858,6103
0.225553677,6102
0.225556807,6101
0.225561233,6100
0.225568401,6099
0.225573263,6098
0.225578983,6097
0.225583586,6096
0.225587086,6095
0.225590294,6094
0.225592991,6093
0.225595742,6092
0.22560104,6091
0.225604552,6090
0.225608721,6089
0.225613449,6088
0.225620095,6087
0.22562273,6086
0.225626599,6085
0.225630584,6084
0.225634542,6083
0.225637529,6082
0.226309059,6081
0.226314921,6080
0.226320058,6079
0.226325243,6078
0.226330764,6077
0.226336532,6076
0.226344131,6075
0.226354597,6074
0.226362698,6073
0.226368488,6072
0.226373607,6071
0.226377195,6070
0.226381936,6069
0.226386486,6068
0.226390596,6067
0.226394806,6066
0.226399167,6065
0.22640268,6064
0.226405753,6063
0.226409233,6062
0.226412581,6061
0.226416132,6060
0.226419548,6059
0.226422838,6058
0.226426088,6057
0.226433448,6056
0.226437391,6055
0.226440926,6054
0.22644437,6053
0.226447867,6052
0.226452307,6051
0.226457389,6050
0.226460887,6049
0.226463871,6048
0.226468323,6047
0.226474654,6046
0.226478818,6045
0.226483343,6044
0.226487857,6043
0.226491054,6042
0.226494499,6041
0.226500187,6040
0.226503089,6039
0.22651072,6038
0.226514562,6037
0.226517948,6036
0.226523168,6035
0.226527326,6034
0.226530305,6033
0.226533464,6032
0.22653777,6031
0.226541103,6030
0.226544411,6029
0.226548217,6028
0.226551924,6027
0.226556404,6026
0.226607103,6025
0.226612648,6024
0.226619963,6023
0.226627616,6022
0.22663239,6021
0.226660159,6020
0.22669452,6019
0.226699114,6018
0.226704558,6017
0.226716939,6016
0.22672173,6015
0.226726396,6014
0.226731865,6013
0.226739747,6012
0.226744438,6011
0.226750574,6010
0.226764221,6009
0.226769978,6008
0.226804991,6007
0.226809387,6006
0.226813199,6005
0.226818395,6004
0.226823068,6003
0.226827556,6002
0.226831205,6001
0.22683553,6000
0.226841356,5999
0.226847131,5998
0.226853579,5997
0.226858883,5996
0.226863468,5995
0.226867216,5994
0.226872937,5993
0.226879174,5992
0.226914722,5991
0.226920033,5990
0.226925313,5989
0.226930967,5988
0.226934787,5987
0.226939596,5986
0.22694391,5985
0.2269514,5984
0.226959346,5983
0.226968957,5982
0.226974205,5981
0.226983733,5980
0.226988033,5979
0.226993116,5978
0.226997371,5977
0.227001322,5976
0.227004563,5975
0.227008419,5974
0.227012668,5973
0.227018777,5972
0.227023573,5971
0.22702789,5970
0.227031286,5969
0.227035101,5968
0.227038736,5967
0.227043943,5966
0.227047163,5965
0.227051671,5964
0.227056326,5963
0.22705908,5962
0.227062077,5961
0.227064949,5960
0.227070328,5959
0.227076449,5958
0.227082679,5957
0.227087897,5956
0.227091064,5955
0.227095859,5954
0.22710274,5953
0.22710681,5952
0.22711007,5951
0.227113286,5950
0.227116497,5949
0.227119692,5948
0.227123051,5947
0.227126238,5946
0.227130429,5945
0.227134282,5944
0.227137692,5943
0.227141042,5942
0.22714404,5941
0.227146884,5940
0.227150286,5939
0.227156885,5938
0.227160674,5937
0.227166809,5936
0.227170038,5935
0.227172977,5934
0.227176952,5933
0.227180224,5932
0.227183088,5931
0.227186011,5930
0.227188878,5929
0.227194781,5928
0.22719789,5927
0.227200796,5926
0.22720364,5925
0.227207622,5924
0.227211894,5923
0.227214767,5922
0.227217628,5921
0.227222154,5920
0.227227464,5919
0.227230482,5918
0.227234719,5917
0.227240773,5916
0.227246635,5915
0.227253475,5914
0.227259258,5913
0.227263002,5912
0.227267172,5911
0.227273793,5910
0.227280315,5909
0.22728645,5908
0.227290758,5907
0.227297318,5906
0.227301593,5905
0.227307178,5904
0.227311425,5903
0.227316989,5902
0.227322434,5901
0.227328321,5900
0.227334273,5899
0.227341207,5898
0.227344796,5897
0.227348913,5896
0.227351955,5895
0.227354998,5894
0.22735889,5893
0.227361831,5892
0.227379907,5891
0.227383895,5890
0.22738754,5889
0.22739266,5888
0.227397311,5887
0.227402592,5886
0.227406349,5885
0.227410469,5884
0.227414864,5883
0.227421145,5882
0.227426363,5881
0.227430692,5880
0.227436166,5879
0.227440017,5878
0.227443832,5877
0.227450942,5876
0.227456633,5875
0.227464609,5874
0.227469119,5873
0.22747382,5872
0.227478159,5871
0.227483209,5870
0.227507736,5869
0.227512352,5868
0.227516132,5867
0.227519408,5866
0.227523184,5865
0.227529098,5864
0.227538256,5863
0.227542979,5862
0.227548304,5861
0.227552562,5860
0.227559559,5859
0.227563814,5858
0.227567055,5857
0.22757227,5856
0.227576593,5855
0.227581477,5854
0.227606882,5853
0.227610677,5852
0.227616202,5851
0.227621074,5850
0.227625459,5849
0.22763081,5848
0.227637014,5847
0.227643285,5846
0.227648536,5845
0.227658363,5844
0.227661916,5843
0.227666897,5842
0.227674367,5841
0.227678137,5840
0.227682016,5839
0.227685721,5838
0.227690283,5837
0.227694898,5836
0.227698656,5835
0.22770505,5834
0.227710152,5833
0.227714059,5832
0.227717245,5831
0.227725753,5830
0.227729792,5829
0.22773595,5828
0.227740471,5827
0.227746097,5826
0.227750349,5825
0.227754306,5824
0.227760227,5823
0.227766351,5822
0.227769924,5821
0.227773495,5820
0.227777224,5819
0.2277815,5818
0.227784989,5817
0.227815025,5816
0.227818576,5815
0.227821756,5814
0.227828084,5813
0.227831951,5812
0.227836358,5811
0.227841124,5810
0.227844819,5809
0.227850011,5808
0.227853537,5807
0.227858083,5806
0.22786427,5805
0.227868489,5804
0.227873062,5803
0.22831509,5802
0.228318917,5801
0.228328396,5800
0.228336986,5799
0.228340615,5798
0.228344418,5797
0.22834822,5796
0.228352821,5795
0.22835664,5794
0.228362399,5793
0.228366383,5792
0.228374351,5791
0.228379779,5790
0.228384475,5789
0.228414334,5788
0.228417749,5787
0.22842425,5786
0.228428813,5785
0.228433625,5784
0.228436686,5783
0.228440044,5782
0.228444373,5781
0.228448355,5780
0.228452088,5779
0.22845727,5778
0.228460537,5777
0.228466893,5776
0.22847144,5775
0.228475111,5774
0.228478414,5773
0.228483522,5772
0.228489746,5771
0.228493476,5770
0.228500037,5769
0.228547016,5768
0.22858134,5767
0.228627757,5766
0.228632708,5765
0.228639371,5764
0.22864492,5763
0.228650502,5762
0.22866225,5761
0.2286673,5760
0.228673741,5759
0.228680513,5758
0.228685497,5757
0.228692131,5756
0.228699158,5755
0.228705152,5754
0.228710465,5753
0.228715521,5752
0.228720291,5751
0.228725789,5750
0.228731268,5749
0.228738598,5748
0.228743608,5747
0.22877277,5746
0.228776334,5745
0.228781442,5744
0.228786796,5743
0.228790886,5742
0.228794199,5741
0.228797777,5740
0.228801139,5739
0.228805787,5738
0.228810545,5737
0.228814521,5736
0.228817939,5735
0.228822852,5734
0.228826822,5733
0.228848008,5732
0.228851694,5731
0.228854973,5730
0.228859226,5729
0.228863074,5728
0.228876678,5727
0.228882928,5726
0.228889339,5725
0.228904562,5724
0.228912538,5723
0.228916599,5722
0.228920778,5721
0.228925086,5720
0.228929645,5719
0.22896326,5718
0.228967501,5717
0.228972191,5716
0.228976511,5715
0.228980522,5714
0.228989635,5713
0.228996398,5712
0.2290007,5711
0.229020543,5710
0.229035307,5709
0.229038947,5708
0.229042816,5707
0.229046391,5706
0.229053413,5705
0.229070154,5704
0.22907378,5703
0.229077457,5702
0.229081094,5701
0.22908837,5700
0.229098337,5699
0.229101953,5698
0.229105551,5697
0.229109227,5696
0.229113228,5695
0.229117369,5694
0.229121364,5693
0.229125372,5692
0.229131948,5691
0.229138226,5690
0.229145062,5689
0.229149131,5688
0.229154778,5687
0.229168845,5686
0.229173776,5685
0.22917825,5684
0.229184415,5683
0.229188643,5682
0.229192681,5681
0.229207022,5680
0.229212861,5679
0.229219402,5678
0.229223529,5677
0.229229696,5676
0.22923372,5675
0.229237774,5674
0.229245446,5673
0.229249894,5672
0.229256719,5671
0.229260438,5670
0.229266468,5669
0.229270505,5668
0.229298304,5667
0.229302865,5666
0.229311267,5665
0.229315357,5664
0.229321736,5663
0.229325237,5662
0.229330994,5661
0.229334959,5660
0.229338766,5659
0.229341692,5658
0.229345767,5657
0.229348487,5656
0.229352377,5655
0.229356781,5654
0.229360427,5653
0.229364479,5652
0.229370685,5651
0.229374456,5650
0.229377452,5649
0.229381599,5648
0.22938523,5647
0.229392067,5646
0.229396539,5645
0.229401065,5644
0.229407521,5643
0.229413285,5642
0.229417647,5641
0.229424245,5640
0.229427773,5639
0.229432276,5638
0.229438748,5637
0.229442261,5636
0.229445958,5635
0.229449068,5634
0.229452465,5633
0.229455791,5632
0.229459616,5631
0.229463145,5630
0.229469126,5629
0.229472158,5628
0.229475047,5627
0.229480415,5626
0.229484249,5625
0.229487943,5624
0.229492831,5623
0.229509079,5622
0.229512564,5621
0.229515926,5620
0.229520474,5619
0.229523686,5618
0.229526871,5617
0.229534535,5616
0.229543641,5615
0.229555369,5614
0.229559178,5613
0.229563143,5612
0.229566014,5611
0.229569313,5610
0.229575528,5609
0.229578601,5608
0.229581454,5607
0.229584376,5606
0.229587526,5605
0.22962306,5604
0.229629099,5603
0.22963195,5602
0.22963652,5601
0.229639288,5600
0.229642158,5599
0.229646269,5598
0.229651287,5597
0.229654241,5596
0.229657355,5595
0.229662121,5594
0.229667322,5593
0.229669987,5592
0.229675343,5591
0.229681298,5590
0.229684018,5589
0.229688521,5588
0.229691703,5587
0.229694693,5586
0.229698056,5585
0.229701938,5584
0.229705089,5583
0.229709754,5582
0.229713693,5581
0.229717914,5580
0.229720997,5579
0.22974688,5578
0.229751866,5577
0.229759549,5576
0.229763969,5575
0.229767754,5574
0.229774247,5573
0.229795643,5572
0.229800775,5571
0.229804711,5570
0.229811009,5569
0.229814834,5568
0.229819359,5567
0.229824159,5566
0.229829447,5565
0.229834111,5564
0.229840486,5563
0.230171532,5562
0.230174596,5561
0.230183615,5560
0.230188242,5559
0.230192163,5558
0.230203812,5557
0.230207537,5556
0.230211206,5555
0.230214569,5554
0.230217637,5553
0.230223182,5552
0.230229754,5551
0.230233631,5550
0.230239059,5549
0.230243278,5548
0.230253727,5547
0.230260227,5546
0.230263756,5545
0.230268204,5544
0.230273409,5543
0.230278148,5542
0.230283607,5541
0.230287916,5540
0.230292165,5539
0.230295951,5538
0.23030109,5537
0.230311679,5536
0.23031869,5535
0.230322222,5534
0.230330288,5533
0.230333932,5532
0.23033706,5531
0.230342469,5530
0.230346462,5529
0.230349602,5528
0.230379182,5527
0.230383194,5526
0.230388984,5525
0.230393211,5524
0.230396267,5523
0.230403208,5522
0.230406365,5521
0.230409351,5520
0.230414215,5519
0.230417051,5518
0.230421089,5517
0.230424606,5516
0.23042707,5515
0.230431788,5514
0.230444066,5513
0.230451806,5512
0.230457061,5511
0.230461656,5510
0.230464415,5509
0.230494792,5508
0.230503826,5507
0.230554445,5506
0.230558798,5505
0.230565756,5504
0.230569815,5503
0.230575081,5502
0.230579851,5501
0.230583949,5500
0.230589706,5499
0.230593718,5498
0.230603435,5497
0.230610173,5496
0.230615831,5495
0.230646938,5494
0.23065303,5493
0.230656753,5492
0.230659798,5491
0.230664221,5490
0.230670228,5489
0.230675213,5488
0.230680152,5487
0.230683142,5486
0.230686324,5485
0.230693137,5484
0.230698014,5483
0.230701542,5482
0.230704617,5481
0.230709086,5480
0.230714273,5479
0.230719427,5478
0.230743609,5477
0.230748709,5476
0.230751557,5475
0.230756589,5474
0.23076283,5473
0.230766253,5472
0.230770557,5471
0.230776278,5470
0.23077932,5469
0.230782526,5468
0.230788879,5467
0.230794304,5466
0.230798744,5465
0.230801689,5464
0.230809114,5463
0.230811668,5462
0.230814411,5461
0.230817466,5460
0.230847367,5459
0.230859344,5458
0.230866488,5457
0.230870532,5456
0.23087549,5455
0.230879578,5454
0.230884736,5453
0.230894834,5452
0.230897649,5451
0.230900246,5450
0.230906214,5449
0.230914163,5448
0.230963245,5447
0.230967654,5446
0.23097363,5445
0.23097842,5444
0.230984661,5443
0.230988721,5442
0.230994915,5441
0.230999992,5440
0.231011543,5439
0.231016448,5438
0.231022239,5437
0.231025894,5436
0.231029784,5435
0.231039036,5434
0.231042606,5433
0.231049085,5432
0.231053201,5431
0.231057976,5430
0.231064022,5429
0.231068953,5428
0.231073688,5427
0.231083694,5426
0.231092658,5425
0.231096932,5424
0.231103818,5423
0.231109382,5422
0.231113381,5421
0.231121095,5420
0.231128663,5419
0.231141503,5418
0.231146123,5417
0.231153337,5416
0.23115707,5415
0.231161743,5414
0.231167965,5413
0.231173085,5412
0.231176392,5411
0.231179666,5410
0.23118409,5409
0.231191779,5408
0.231195055,5407
0.2311996,5406
0.231204118,5405
0.231207846,5404
0.231214943,5403
0.231224376,5402
0.231228302,5401
0.231232143,5400
0.231235884,5399
0.231243244,5398
0.231247298,5397
0.231255939,5396
0.231261684,5395
0.231269904,5394
0.23127642,5393
0.231283076,5392
0.231286781,5391
0.231290745,5390
0.231294449,5389
0.231298942,5388
0.231304146,5387
0.231307741,5386
0.231314901,5385
0.231321454,5384
0.231325243,5383
0.231333924,5382
0.231340076,5381
0.23134492,5380
0.231348116,5379
0.23135232,5378
0.231358023,5377
0.231361773,5376
0.23136536,5375
0.231369077,5374
0.231372904,5373
0.231767932,5372
0.231774513,5371
0.231783254,5370
0.23179922,5369
0.23180226,5368
0.231843777,5367
0.231846769,5366
0.231854084,5365
0.231857332,5364
0.231861632,5363
0.231865507,5362
0.23187087,5361
0.231873735,5360
0.231879253,5359
0.231883813,5358
0.231888123,5357
0.231890776,5356
0.231899493,5355
0.231911131,5354
0.231917324,5353
0.231926837,5352
0.231931588,5351
0.231934797,5350
0.231941895,5349
0.231946113,5348
0.231955537,5347
0.231957814,5346
0.231961206,5345
0.231967475,5344
0.231994071,5343
0.23199679,5342
0.232000137,5341
0.232010292,5340
0.232012715,5339
0.232016808,5338
0.232027216,5337
0.232036255,5336
0.232041468,5335
0.232047584,5334
0.232050664,5333
0.232053581,5332
0.232056386,5331
0.232060461,5330
0.232064462,5329
0.232070172,5328
0.232074902,5327
0.232083102,5326
0.232089421,5325
0.232093979,5324
0.23209865,5323
0.232104936,5322
0.232110161,5321
0.232116706,5320
0.232120182,5319
0.232123626,5318
0.232128857,5317
0.232139275,5316
0.232142691,5315
0.232148687,5314
0.232152612,5313
0.232158664,5312
0.232161909,5311
0.232165428,5310
0.232168185,5309
0.232175782,5308
0.232186432,5307
0.232197357,5306
0.23220312,5305
0.232209604,5304
0.232213462,5303
0.232223868,5302
0.232235022,5301
0.232253351,5300
0.232263251,5299
0.232274117,5298
0.232277518,5297
0.232285544,5296
0.23229109,5295
0.232295436,5294
0.232308572,5293
0.232313253,5292
0.23231662,5291
0.232324263,5290
0.232344065,5289
0.232346613,5288
0.232351413,5287
0.232354416,5286
0.232357272,5285
0.232360806,5284
0.232364813,5283
0.232367335,5282
0.232379886,5281
0.232385508,5280
0.232394088,5279
0.232396842,5278
0.232399525,5277
0.232406473,5276
0.232409485,5275
0.232414653,5274
0.232417109,5273
0.232425009,5272
0.232430856,5271
0.232433383,5270
0.232446923,5269
0.232451118,5268
0.232458152,5267
0.232466416,5266
0.232472078,5265
0.232474425,5264
0.232478306,5263
0.232480914,5262
0.232483532,5261
0.232490725,5260
0.232494152,5259
0.23250359,5258
0.232506808,5257
0.232512433,5256
0.232515826,5255
0.23251934,5254
0.232522632,5253
0.232539793,5252
0.232545266,5251
0.232552113,5250
0.232559732,5249
0.232565864,5248
0.232572862,5247
0.232577778,5246
0.232580592,5245
0.232584612,5244
0.232591964,5243
0.232595581,5242
0.232623815,5241
0.232629902,5240
0.232638989,5239
0.232644087,5238
0.232656188,5237
0.232661205,5236
0.232678876,5235
0.232681879,5234
0.232685734,5233
0.232689336,5232
0.232696345,5231
0.232702507,5230
0.233350964,5229
0.23343513,5228
0.233466857,5227
0.233474858,5226
0.233484189,5225
0.233488659,5224
0.233492014,5223
0.233498026,5222
0.23352704,5221
0.233532529,5220
0.233537969,5219
0.233542389,5218
0.233548009,5217
0.233557141,5216
0.233563348,5215
0.233573736,5214
0.233579316,5213
0.233582602,5212
0.233592742,5211
0.233623758,5210
0.233630794,5209
0.233635705,5208
0.233647527,5207
0.23365915,5206
0.233662968,5205
0.233685967,5204
0.23368947,5203
0.233694051,5202
0.233698751,5201
0.233710612,5200
0.233715719,5199
0.233718795,5198
0.233724346,5197
0.233728619,5196
0.23373385,5195
0.233741094,5194
0.233760803,5193
0.233768261,5192
0.233780211,5191
0.23378412,5190
0.233787326,5189
0.233805856,5188
0.233811712,5187
0.233819015,5186
0.233824588,5185
0.233829911,5184
0.233854457,5183
0.233859215,5182
0.233863501,5181
0.233874881,5180
0.233885665,5179
0.233895244,5178
0.233902227,5177
0.233906583,5176
0.233910252,5175
0.23392027,5174
0.233928451,5173
0.233934352,5172
0.233946304,5171
0.233949615,5170
0.233952564,5169
0.233956515,5168
0.23395979,5167
0.233964267,5166
0.233969948,5165
0.233977332,5164
0.233980668,5163
0.233984816,5162
0.233998782,5161
0.234002517,5160
0.234007486,5159
0.234016534,5158
0.234019585,5157
0.234026716,5156
0.234030495,5155
0.234034884,5154
0.234057972,5153
0.234061529,5152
0.234064984,5151
0.234072035,5150
0.234078567,5149
0.234082977,5148
0.234091882,5147
0.234095461,5146
0.234100954,5145
0.234112983,5144
0.234119218,5143
0.234134441,5142
0.234141748,5141
0.234173099,5140
0.2341848,5139
0.23419281,5138
0.234197918,5137
0.234204778,5136
0.23422795,5135
0.234231921,5134
0.23426651,5133
0.234271968,5132
0.234280771,5131
0.234286584,5130
0.234295738,5129
0.234304124,5128
0.23430769,5127
0.234318815,5126
0.23432653,5125
0.234329483,5124
0.234335306,5123
0.234339125,5122
0.234343811,5121
0.234348479,5120
0.234357319,5119
0.234368896,5118
0.234374038,5117
0.234389866,5116
0.234401642,5115
0.234412862,5114
0.234417586,5113
0.234421494,5112
0.23442799,5111
0.2344327,5110
0.234440111,5109
0.234443647,5108
0.234446755,5107
0.234453736,5106
0.23445761,5105
0.234779438,5104
0.234784954,5103
0.234798738,5102
0.234815066,5101
0.234821927,5100
0.234826394,5099
0.234829334,5098
0.234836905,5097
0.234840146,5096
0.234849535,5095
0.234852014,5094
0.234855741,5093
0.234859192,5092
0.234869469,5091
0.23487713,5090
0.234890958,5089
0.23489557,5088
0.234926532,5087
0.234931834,5086
0.234937268,5085
0.234955143,5084
0.234960591,5083
0.234996136,5082
0.235012182,5081
0.235021863,5080
0.235025371,5079
0.235030613,5078
0.235039568,5077
0.235042251,5076
0.235049233,5075
0.235056213,5074
0.235060906,5073
0.235074164,5072
0.235083027,5071
0.235087384,5070
0.235093122,5069
0.23510552,5068
0.235114705,5067
0.235122041,5066
0.235126656,5065
0.235129392,5064
0.235135118,5063
0.235140122,5062
0.23514412,5061
0.235148004,5060
0.235151732,5059
0.235156403,5058
0.235159748,5057
0.235163196,5056
0.235166567,5055
0.235170191,5054
0.235174227,5053
0.235177557,5052
0.235180178,5051
0.235198453,5050
0.235206289,5049
0.235214266,5048
0.235217608,5047
0.235236859,5046
0.2352436,5045
0.23524997,5044
0.235255976,5043
0.235258693,5042
0.235263246,5041
0.235269369,5040
0.235273527,5039
0.235282017,5038
0.235289031,5037
0.235295132,5036
0.235325485,5035
0.235329778,5034
0.235355939,5033
0.235389331,5032
0.235393632,5031
0.235400352,5030
0.235418231,5029
0.235437236,5028
0.235443454,5027
0.235448211,5026
0.235475607,5025
0.235479108,5024
0.235487117,5023
0.235493092,5022
0.235498161,5021
0.235502237,5020
0.235508901,5019
0.23551229,5018
0.235515913,5017
0.235519296,5016
0.235524825,5015
0.235611753,5014
0.235614711,5013
0.235617726,5012
0.235620396,5011
0.23562409,5010
0.235630252,5009
0.235635845,5008
0.235641991,5007
0.235647067,5006
0.235650041,5005
0.235661213,5004
0.235676419,5003
0.235680812,5002
0.235695886,5001
0.235717524,5000
0.235723254,4999
0.23573141,4998
0.23573687,4997
0.235744993,4996
0.235749747,4995
0.235766205,4994
0.235784074,4993
0.235793375,4992
0.235813087,4991
0.235833225,4990
0.235848499,4989
0.235852029,4988
0.235882939,4987
0.236173157,4986
0.236177622,4985
0.236208768,4984
0.236216248,4983
0.236223626,4982
0.236233872,4981
0.236241007,4980
0.236243632,4979
0.236249111,4978
0.236256373,4977
0.23626114,4976
0.23627688,4975
0.236279937,4974
0.236308764,4973
0.236311705,4972
0.236318884,4971
0.236364472,4970
0.236372269,4969
0.236377453,4968
0.236381481,4967
0.236388076,4966
0.236391695,4965
0.236406193,4964
0.236422491,4963
0.236429753,4962
0.236443607,4961
0.236448454,4960
0.236452358,4959
0.236458612,4958
0.23646962,4957
0.236488335,4956
0.236494693,4955
0.236498213,4954
0.236501827,4953
0.236508863,4952
0.236513234,4951
0.236518076,4950
0.236524433,4949
0.236529793,4948
0.236553331,4947
0.236559661,4946
0.236573634,4945
0.236585103,4944
0.236607575,4943
0.236611933,4942
0.236615388,4941
0.236641961,4940
0.236658738,4939
0.236671305,4938
0.236684891,4937
0.236710648,4936
0.236715988,4935
0.236737887,4934
0.236743988,4933
0.236755694,4932
0.236762392,4931
0.236768621,4930
0.236783293,4929
0.23685607,4928
0.23687178,4927
0.236888215,4926
0.236893976,4925
0.236915626,4924
0.236921619,4923
0.236960485,4922
0.23697523,4921
0.236989924,4920
0.237006528,4919
0.237013263,4918
0.23703211,4917
0.237048637,4916
0.237068498,4915
0.23707599,4914
0.237082479,4913
0.23814827,4912
0.238202762,4911
0.238205952,4910
0.238214583,4909
0.238230196,4908
0.238232828,4907
0.238238357,4906
0.238242428,4905
0.238246712,4904
0.238252122,4903
0.238255219,4902
0.238263176,4901
0.238269559,4900
0.238283943,4899
0.238286849,4898
0.23829263,4897
0.238295835,4896
0.238300641,4895
0.238306252,4894
0.238318692,4893
0.238323285,4892
0.238367059,4891
0.238378069,4890
0.238389478,4889
0.238407495,4888
0.238423997,4887
0.238429089,4886
0.238434183,4885
0.238440066,4884
0.23846234,4883
0.23846609,4882
0.238471227,4881
0.238503158,4880
0.238521247,4879
0.238526006,4878
0.23858528,4877
0.238591221,4876
0.238603319,4875
0.23862319,4874
0.238629725,4873
0.238648181,4872
0.238673145,4871
0.238702183,4870
0.238718772,4869
0.23875116,4868
0.238756359,4867
0.238769963,4866
0.238788606,4865
0.238803704,4864
0.238817422,4863
0.239313665,4862
0.239322893,4861
0.239332544,4860
0.239337751,4859
0.2393416,4858
0.23934508,4857
0.239356383,4856
0.239374958,4855
0.239394718,4854
0.239403202,4853
0.239428654,4852
0.239442775,4851
0.239449415,4850
0.239479296,4849
0.239501293,4848
0.239511017,4847
0.239528885,4846
0.239537787,4845
0.239546289,4844
0.239562209,4843
0.239567146,4842
0.239593384,4841
0.239600191,4840
0.239609103,4839
0.239613543,4838
0.23962317,4837
0.239632746,4836
0.239645466,4835
0.239652219,4834
0.23966508,4833
0.239699902,4832
0.239742902,4831
0.239761308,4830
0.239768031,4829
0.239772824,4828
0.239794166,4827
0.239798111,4826
0.239822401,4825
0.23982822,4824
0.239843828,4823
0.239857662,4822
0.239867118,4821
0.239882145,4820
0.239887576,4819
0.240548065,4818
0.240566506,4817
0.24060383,4816
0.240609927,4815
0.240618868,4814
0.240623984,4813
0.240636432,4812
0.240645761,4811
0.240658826,4810
0.240665943,4809
0.240669465,4808
0.240686658,4807
0.240693187,4806
0.240701428,4805
0.240723372,4804
0.240742886,4803
0.240747087,4802
0.240752497,4801
0.240772265,4800
0.240785277,4799
0.24080098,4798
0.240839779,4797
0.240851824,4796
0.240855444,4795
0.240868949,4794
0.241157706,4793
0.241169916,4792
0.241208217,4791
0.241251893,4790
0.241265552,4789
0.241288827,4788
0.24130551,4787
0.2413179,4786
0.241329514,4785
0.241346548,4784
0.241371998,4783
0.241378102,4782
0.241394069,4781
0.241424636,4780
0.241436359,4779
0.241456338,4778
0.241461788,4777
0.24148724,4776
0.241501991,4775
0.241684061,4774
0.241687582,4773
0.241707088,4772
0.241728554,4771
0.241739121,4770
0.241745852,4769
0.241753456,4768
0.241767154,4767
0.241772201,4766
0.24177806,4765
0.241838271,4764
0.241855292,4763
0.242017854,4762
0.242022433,4761
0.242029094,4760
0.242077241,4759
0.242094818,4758
0.242206332,4757
0.24223393,4756
0.242368065,4755
0.242376616,4754
0.242736564,4753
0.242776746,4752
0.24289527,4751
0.24290763,4750
0.243343858,4749
