0.341461392,10181
0.341558573,10180
0.341614047,10179
0.341700696,10178
0.341764779,10177
0.341792291,10176
0.341811425,10175
0.341818159,10174
0.341824916,10173
0.341831413,10172
0.341858593,10171
0.341871756,10170
0.341879016,10169
0.34188599,10168
0.34190295,10167
0.341930237,10166
0.341953557,10165
0.341961015,10164
0.341968466,10163
0.341975835,10162
0.341982666,10161
0.341988886,10160
0.341995702,10159
0.342002417,10158
0.342008758,10157
0.342015118,10156
0.342023599,10155
0.342031206,10154
0.342037857,10153
0.34204569,10152
0.342053033,10151
0.342060062,10150
0.342068571,10149
0.342075951,10148
0.342082969,10147
0.342089333,10146
0.342095755,10145
0.342102302,10144
0.342108799,10143
0.34211803,10142
0.342125169,10141
0.342130751,10140
0.342136598,10139
0.342147685,10138
0.342154829,10137
0.342161475,10136
0.342167318,10135
0.342172944,10134
0.342179084,10133
0.342184775,10132
0.342205757,10131
0.342218988,10130
0.342232133,10129
0.342242815,10128
0.342253733,10127
0.342263581,10126
0.342307721,10125
0.342317469,10124
0.34232683,10123
0.342336597,10122
0.34238538,10121
0.342411477,10120
0.342422381,10119
0.342532655,10118
0.342550352,10117
0.342568419,10116
0.342584291,10115
0.342593779,10114
0.34260275,10113
0.342610786,10112
0.342619364,10111
0.342628115,10110
0.342658181,10109
0.342735789,10108
0.342774749,10107
0.342810102,10106
0.342825825,10105
0.343111008,10104
0.343152274,10103
0.343164444,10102
0.343173717,10101
0.343182211,10100
0.343190764,10099
0.343200885,10098
0.343209382,10097
0.343217398,10096
0.343225568,10095
0.343233318,10094
0.343240783,10093
0.343250918,10092
0.343292239,10091
0.343299973,10090
0.34330716,10089
0.343315072,10088
0.343322767,10087
0.34333306,10086
0.343340568,10085
0.343352037,10084
0.34336686,10083
0.343405789,10082
0.343417794,10081
0.343431352,10080
0.343458772,10079
0.343463142,10078
0.343467216,10077
0.343471212,10076
0.343474747,10075
0.343478213,10074
0.343482123,10073
0.343485356,10072
0.343488666,10071
0.34349237,10070
0.343499273,10069
0.343503117,10068
0.343506774,10067
0.343511808,10066
0.343516505,10065
0.343521077,10064
0.343526234,10063
0.343531309,10062
0.343536489,10061
0.343541106,10060
0.343545895,10059
0.343550798,10058
0.343556098,10057
0.343560006,10056
0.34356416,10055
0.343581368,10054
0.343588671,10053
0.343594414,10052
0.343598185,10051
0.343602059,10050
0.343605924,10049
0.34360987,10048
0.343613944,10047
0.343617538,10046
0.34362107,10045
0.343624532,10044
0.343628001,10043
0.343632024,10042
0.343635743,10041
0.343639337,10040
0.343642438,10039
0.343645625,10038
0.343648805,10037
0.343651882,10036
0.343655067,10035
0.343658522,10034
0.343661738,10033
0.343664845,10032
0.343668694,10031
0.343671877,10030
0.343675634,10029
0.343679194,10028
0.343682478,10027
0.343698459,10026
0.343702076,10025
0.343706028,10024
0.343709317,10023
0.343713471,10022
0.343716771,10021
0.343720304,10020
0.343725258,10019
0.343728852,10018
0.343733517,10017
0.343737676,10016
0.343741389,10015
0.343745064,10014
0.343748584,10013
0.343752427,10012
0.343755875,10011
0.343759642,10010
0.343763102,10009
0.343767015,10008
0.343772251,10007
0.343776266,10006
0.343780066,10005
0.343783968,10004
0.343787764,10003
0.343791387,10002
0.343795139,10001
0.343798643,10000
0.34380204,9999
0.343805836,9998
0.343809468,9997
0.3438129,9996
0.343816697,9995
0.34382093,9994
0.343824922,9993
0.343828226,9992
0.343832956,9991
0.343838139,9990
0.343851655,9989
0.343855782,9988
0.343859934,9987
0.343863498,9986
0.343867092,9985
0.343871077,9984
0.343874876,9983
0.343878455,9982
0.343882411,9981
0.343886042,9980
0.343890204,9979
0.343894192,9978
0.34389802,9977
0.343902352,9976
0.343905924,9975
0.343909673,9974
0.343913937,9973
0.343917669,9972
0.343921289,9971
0.34392505,9970
0.343928767,9969
0.343933906,9968
0.343938656,9967
0.343942741,9966
0.343946715,9965
0.343950727,9964
0.343954719,9963
0.343959051,9962
0.343962698,9961
0.343966277,9960
0.343991221,9959
0.343995624,9958
0.344006596,9957
0.344010884,9956
0.344021698,9955
0.344031001,9954
0.344041497,9953
0.344045925,9952
0.344050114,9951
0.344054172,9950
0.344058612,9949
0.344063092,9948
0.344067489,9947
0.344072002,9946
0.344076189,9945
0.344080461,9944
0.344084662,9943
0.344088777,9942
0.344095432,9941
0.344099782,9940
0.344103648,9939
0.344107867,9938
0.344111888,9937
0.344116028,9936
0.344119889,9935
0.344123883,9934
0.344127684,9933
0.344131732,9932
0.344135629,9931
0.344139501,9930
0.344143434,9929
0.344147292,9928
0.344151146,9927
0.344157308,9926
0.344161824,9925
0.344165885,9924
0.344169828,9923
0.344173713,9922
0.344177695,9921
0.344181774,9920
0.344203427,9919
0.344208199,9918
0.344212624,9917
0.34421697,9916
0.344221212,9915
0.344238383,9914
0.344242855,9913
0.344247704,9912
0.344252281,9911
0.344258615,9910
0.344263689,9909
0.344268737,9908
0.34427369,9907
0.344278629,9906
0.344287117,9905
0.344293517,9904
0.344298271,9903
0.344303088,9902
0.344307324,9901
0.344311756,9900
0.34431592,9899
0.344320121,9898
0.344324222,9897
0.344328436,9896
0.34433236,9895
0.344336286,9894
0.344340043,9893
0.344344174,9892
0.344348133,9891
0.344352303,9890
0.344391408,9889
0.344417618,9888
0.344423495,9887
0.344429952,9886
0.344436517,9885
0.344443632,9884
0.344450474,9883
0.344456489,9882
0.344462178,9881
0.344473802,9880
0.344478398,9879
0.344482528,9878
0.344486888,9877
0.344491149,9876
0.344495122,9875
0.344499344,9874
0.344503453,9873
0.344507715,9872
0.34451206,9871
0.344516245,9870
0.344520224,9869
0.344524113,9868
0.344528335,9867
0.344532407,9866
0.344536961,9865
0.344541845,9864
0.344546888,9863
0.344551312,9862
0.344555556,9861
0.344559894,9860
0.344564353,9859
0.344568535,9858
0.344572813,9857
0.34457684,9856
0.34458098,9855
0.344585071,9854
0.344589392,9853
0.344593756,9852
0.344597955,9851
0.344602214,9850
0.344606577,9849
0.344610327,9848
0.344614355,9847
0.344618024,9846
0.344622412,9845
0.344626737,9844
0.344630755,9843
0.344634734,9842
0.344638972,9841
0.344643399,9840
0.344647488,9839
0.344651857,9838
0.34465615,9837
0.344660515,9836
0.344664465,9835
0.344668652,9834
0.344672604,9833
0.344676673,9832
0.344680895,9831
0.344684953,9830
0.344688894,9829
0.344693182,9828
0.344697504,9827
0.344701606,9826
0.344705662,9825
0.344709754,9824
0.344713802,9823
0.344718099,9822
0.344722264,9821
0.344726348,9820
0.344730807,9819
0.344735064,9818
0.344745065,9817
0.344751273,9816
0.344761305,9815
0.34479694,9814
0.344848752,9813
0.344857701,9812
0.344863181,9811
0.344915836,9810
0.344920122,9809
0.34492414,9808
0.344928079,9807
0.344931872,9806
0.344936375,9805
0.344940588,9804
0.344945014,9803
0.344949295,9802
0.344953703,9801
0.344957721,9800
0.344961476,9799
0.344967881,9798
0.34497219,9797
0.344976087,9796
0.344979898,9795
0.344984325,9794
0.344988253,9793
0.344992264,9792
0.344996689,9791
0.345000923,9790
0.345004552,9789
0.345008657,9788
0.345012681,9787
0.345016388,9786
0.345020369,9785
0.34502405,9784
0.345027885,9783
0.34503167,9782
0.345035685,9781
0.345039625,9780
0.345043408,9779
0.345046942,9778
0.345050857,9777
0.345054416,9776
0.345058095,9775
0.345061548,9774
0.345064885,9773
0.345068514,9772
0.34507223,9771
0.345075924,9770
0.345079658,9769
0.34508344,9768
0.345086822,9767
0.345090563,9766
0.345094358,9765
0.345097763,9764
0.345101537,9763
0.345104976,9762
0.345108492,9761
0.345116833,9760
0.345120534,9759
0.345124074,9758
0.345127727,9757
0.345131749,9756
0.345135509,9755
0.345138816,9754
0.345144798,9753
0.345149156,9752
0.345152863,9751
0.345156534,9750
0.345160648,9749
0.34516446,9748
0.34516814,9747
0.345171418,9746
0.345175046,9745
0.345178963,9744
0.345182689,9743
0.345186113,9742
0.345189648,9741
0.345193274,9740
0.345197011,9739
0.345200594,9738
0.345204424,9737
0.345208066,9736
0.345211476,9735
0.345214845,9734
0.345218579,9733
0.345222225,9732
0.345225639,9731
0.345229349,9730
0.345235466,9729
0.345276096,9728
0.345293045,9727
0.345300012,9726
0.345304747,9725
0.345308713,9724
0.345312668,9723
0.345316922,9722
0.345320763,9721
0.345324808,9720
0.345334832,9719
0.345339703,9718
0.34534383,9717
0.345347581,9716
0.345387311,9715
0.345394388,9714
0.345398836,9713
0.345402795,9712
0.345424067,9711
0.345428297,9710
0.345432667,9709
0.345436868,9708
0.345441827,9707
0.345446211,9706
0.345452119,9705
0.345456044,9704
0.345459954,9703
0.345464246,9702
0.345468237,9701
0.345471537,9700
0.345474705,9699
0.345477688,9698
0.345480712,9697
0.345483675,9696
0.345486514,9695
0.34548925,9694
0.345491966,9693
0.345494496,9692
0.345497056,9691
0.345500415,9690
0.34550306,9689
0.345506934,9688
0.345510515,9687
0.345514253,9686
0.345517122,9685
0.345520258,9684
0.345523036,9683
0.345526092,9682
0.345528802,9681
0.345531691,9680
0.345534441,9679
0.34553713,9678
0.345539853,9677
0.345542587,9676
0.345546478,9675
0.345550336,9674
0.345554338,9673
0.3455581,9672
0.345600661,9671
0.345662602,9670
0.345713957,9669
0.345727776,9668
0.345731613,9667
0.345735015,9666
0.345738195,9665
0.345741884,9664
0.345745007,9663
0.345748788,9662
0.345779936,9661
0.345782716,9660
0.345785617,9659
0.345788368,9658
0.345791484,9657
0.345794193,9656
0.345796933,9655
0.345799743,9654
0.345802636,9653
0.34580526,9652
0.345808247,9651
0.345811891,9650
0.345815671,9649
0.345818841,9648
0.34582247,9647
0.345826535,9646
0.345829353,9645
0.345833066,9644
0.345836181,9643
0.345839178,9642
0.345842255,9641
0.345845175,9640
0.34584813,9639
0.345850949,9638
0.345853308,9637
0.345855751,9636
0.345858114,9635
0.345860661,9634
0.3458633,9633
0.345865431,9632
0.345868399,9631
0.345871497,9630
0.345874558,9629
0.345877563,9628
0.345880341,9627
0.345883448,9626
0.345886236,9625
0.345889084,9624
0.345892082,9623
0.345895024,9622
0.345898051,9621
0.345924463,9620
0.345927259,9619
0.345930358,9618
0.345933573,9617
0.345936791,9616
0.345940098,9615
0.345942939,9614
0.345945816,9613
0.345948925,9612
0.345968617,9611
0.345980788,9610
0.345983282,9609
0.345985552,9608
0.345988175,9607
0.345990498,9606
0.34599265,9605
0.345994744,9604
0.345997079,9603
0.345999374,9602
0.34600173,9601
0.346004009,9600
0.346006201,9599
0.346008376,9598
0.346010513,9597
0.34601279,9596
0.346014967,9595
0.346017001,9594
0.346019086,9593
0.346021276,9592
0.346024514,9591
0.346027393,9590
0.346030131,9589
0.346032768,9588
0.34603516,9587
0.346037701,9586
0.346040231,9585
0.346042898,9584
0.346045667,9583
0.346048139,9582
0.346050685,9581
0.346053294,9580
0.346055727,9579
0.346058176,9578
0.346060552,9577
0.346062995,9576
0.346065376,9575
0.346067812,9574
0.346070147,9573
0.346072765,9572
0.346075247,9571
0.346077699,9570
0.346080489,9569
0.346083221,9568
0.346086334,9567
0.346088892,9566
0.346092921,9565
0.346098365,9564
0.346128952,9563
0.346132113,9562
0.346137366,9561
0.346140544,9560
0.34614361,9559
0.346146556,9558
0.346149685,9557
0.346152635,9556
0.346155769,9555
0.346158471,9554
0.346161235,9553
0.346163929,9552
0.346166563,9551
0.34616956,9550
0.346172402,9549
0.34617499,9548
0.346178065,9547
0.346182551,9546
0.34618532,9545
0.346188248,9544
0.346191235,9543
0.34623175,9542
0.346235314,9541
0.346239049,9540
0.34624247,9539
0.346245691,9538
0.346248986,9537
0.346252043,9536
0.346254976,9535
0.346257809,9534
0.346260744,9533
0.346263897,9532
0.346267779,9531
0.346270965,9530
0.346274344,9529
0.346277452,9528
0.346286153,9527
0.346288858,9526
0.346292296,9525
0.346295156,9524
0.346298271,9523
0.346301449,9522
0.346304862,9521
0.346308777,9520
0.346349478,9519
0.34635326,9518
0.346356613,9517
0.346359768,9516
0.346372101,9515
0.346378974,9514
0.346382322,9513
0.346385323,9512
0.346388422,9511
0.346391023,9510
0.346399105,9509
0.346402437,9508
0.346404931,9507
0.346407446,9506
0.346409793,9505
0.34641269,9504
0.346415312,9503
0.346418198,9502
0.346421508,9501
0.34642431,9500
0.34642709,9499
0.346430152,9498
0.346432592,9497
0.346435241,9496
0.346444054,9495
0.346447195,9494
0.346450082,9493
0.346452992,9492
0.346455575,9491
0.346458774,9490
0.346461279,9489
0.346463973,9488
0.346466725,9487
0.346469295,9486
0.346471938,9485
0.346474675,9484
0.346477465,9483
0.346480227,9482
0.34648243,9481
0.346485178,9480
0.346487948,9479
0.346490501,9478
0.346493125,9477
0.346495587,9476
0.346500263,9475
0.346503979,9474
0.346507266,9473
0.346510446,9472
0.346513436,9471
0.346516267,9470
0.346519558,9469
0.346522664,9468
0.346525615,9467
0.346528833,9466
0.346531925,9465
0.346534928,9464
0.34653782,9463
0.346540638,9462
0.346543457,9461
0.346546391,9460
0.346549053,9459
0.346584986,9458
0.346587979,9457
0.346591235,9456
0.346594381,9455
0.34659742,9454
0.34660089,9453
0.346608105,9452
0.346611656,9451
0.346615081,9450
0.346618266,9449
0.346651056,9448
0.346654534,9447
0.346658214,9446
0.346661574,9445
0.346664062,9444
0.346666269,9443
0.346668349,9442
0.346671042,9441
0.346673621,9440
0.346676353,9439
0.346679432,9438
0.346682613,9437
0.346684957,9436
0.346687056,9435
0.346690115,9434
0.346693042,9433
0.346695893,9432
0.346698928,9431
0.346701386,9430
0.346703524,9429
0.346705791,9428
0.346708371,9427
0.346711493,9426
0.346714682,9425
0.34671756,9424
0.34672052,9423
0.346723412,9422
0.346726396,9421
0.346729048,9420
0.346731661,9419
0.346734438,9418
0.346737471,9417
0.346740099,9416
0.346742912,9415
0.34674597,9414
0.346748609,9413
0.346751426,9412
0.346754787,9411
0.346757765,9410
0.34676486,9409
0.346768511,9408
0.346771504,9407
0.346774508,9406
0.34677725,9405
0.346780011,9404
0.346783188,9403
0.346785813,9402
0.346788584,9401
0.346791195,9400
0.346794108,9399
0.346796592,9398
0.34679917,9397
0.346801928,9396
0.346804572,9395
0.34680733,9394
0.346809825,9393
0.346813085,9392
0.346816138,9391
0.346819408,9390
0.346822428,9389
0.346825316,9388
0.346828355,9387
0.346831291,9386
0.346833838,9385
0.346836759,9384
0.346839594,9383
0.346842661,9382
0.346845649,9381
0.346848304,9380
0.346850686,9379
0.346853462,9378
0.346857568,9377
0.346860771,9376
0.346863723,9375
0.346866642,9374
0.346873474,9373
0.346876212,9372
0.346879189,9371
0.346882009,9370
0.346885062,9369
0.346888415,9368
0.346891588,9367
0.346894394,9366
0.346896688,9365
0.346899434,9364
0.346902153,9363
0.346906404,9362
0.346909673,9361
0.346912536,9360
0.346916473,9359
0.346920155,9358
0.346923376,9357
0.346926172,9356
0.346929161,9355
0.34693262,9354
0.346935607,9353
0.346938479,9352
0.34694163,9351
0.346944345,9350
0.346947038,9349
0.346949864,9348
0.346952304,9347
0.346955041,9346
0.346957712,9345
0.346960299,9344
0.346962986,9343
0.346965556,9342
0.34696839,9341
0.346973444,9340
0.346976633,9339
0.346979318,9338
0.34698308,9337
0.346985873,9336
0.346988734,9335
0.346991209,9334
0.346993713,9333
0.347003568,9332
0.347006011,9331
0.347008568,9330
0.347011185,9329
0.347014365,9328
0.34701666,9327
0.347019087,9326
0.347021207,9325
0.347024594,9324
0.347027072,9323
0.347029891,9322
0.347032845,9321
0.347035651,9320
0.347038355,9319
0.347040868,9318
0.347043448,9317
0.347046062,9316
0.347048424,9315
0.347050717,9314
0.347053125,9313
0.347055743,9312
0.34705832,9311
0.347060921,9310
0.34706372,9309
0.347066112,9308
0.347068703,9307
0.347071382,9306
0.34707407,9305
0.347076612,9304
0.347079448,9303
0.347082035,9302
0.347084618,9301
0.34708886,9300
0.347095682,9299
0.347104746,9298
0.34710822,9297
0.34711134,9296
0.347114585,9295
0.347120125,9294
0.347122956,9293
0.347126119,9292
0.347129106,9291
0.347131784,9290
0.347134429,9289
0.347137301,9288
0.34713966,9287
0.347142083,9286
0.347145057,9285
0.3471521,9284
0.347156801,9283
0.347161121,9282
0.347164692,9281
0.347169712,9280
0.347173717,9279
0.34717953,9278
0.347182995,9277
0.347189345,9276
0.34719249,9275
0.347195802,9274
0.347198745,9273
0.347201595,9272
0.347204618,9271
0.347207378,9270
0.347210379,9269
0.347213479,9268
0.347217218,9267
0.34722062,9266
0.347224087,9265
0.347226905,9264
0.347230568,9263
0.347319449,9262
0.347323005,9261
0.349808796,9260
0.349819913,9259
0.34982346,9258
0.349826788,9257
0.349829826,9256
0.349832502,9255
0.349835526,9254
0.349838647,9253
0.349841337,9252
0.349843936,9251
0.349847296,9250
0.349849831,9249
0.349852387,9248
0.349854986,9247
0.349857373,9246
0.3498599,9245
0.34986236,9244
0.349864488,9243
0.349866977,9242
0.349869521,9241
0.349872902,9240
0.349878888,9239
0.34988192,9238
0.349884794,9237
0.349887838,9236
0.349890427,9235
0.34989281,9234
0.349895572,9233
0.34989821,9232
0.349901122,9231
0.349903576,9230
0.349906203,9229
0.34990875,9228
0.349911421,9227
0.349913927,9226
0.349916416,9225
0.349919038,9224
0.349927154,9223
0.349930036,9222
0.349933067,9221
0.349936002,9220
0.349939769,9219
0.34994306,9218
0.349945674,9217
0.349948401,9216
0.349951206,9215
0.349954239,9214
0.349957231,9213
0.349960253,9212
0.349962942,9211
0.349965956,9210
0.349968332,9209
0.349971167,9208
0.349973598,9207
0.349976342,9206
0.349979027,9205
0.349981759,9204
0.349984371,9203
0.349987281,9202
0.350022759,9201
0.350027145,9200
0.350030976,9199
0.350034511,9198
0.350038082,9197
0.350041691,9196
0.35004531,9195
0.350048298,9194
0.3500514,9193
0.350054632,9192
0.35005754,9191
0.350060482,9190
0.350063357,9189
0.350066461,9188
0.350069581,9187
0.350072546,9186
0.350080666,9185
0.35008364,9184
0.350086874,9183
0.35008963,9182
0.350092327,9181
0.35009498,9180
0.350098898,9179
0.350101498,9178
0.350103987,9177
0.350115443,9176
0.350119124,9175
0.350122672,9174
0.350127198,9173
0.350130208,9172
0.350141247,9171
0.350144886,9170
0.350147827,9169
0.350150945,9168
0.350153891,9167
0.350165893,9166
0.350169559,9165
0.35017313,9164
0.35017648,9163
0.350179687,9162
0.35018292,9161
0.350186128,9160
0.350189217,9159
0.350192392,9158
0.350195324,9157
0.350198396,9156
0.350201531,9155
0.35020455,9154
0.350207515,9153
0.35021115,9152
0.350223056,9151
0.350226753,9150
0.35022971,9149
0.350232465,9148
0.350235184,9147
0.350237834,9146
0.35024072,9145
0.350243273,9144
0.350255713,9143
0.350263298,9142
0.350269568,9141
0.350273896,9140
0.350278178,9139
0.350281723,9138
0.350285156,9137
0.350288288,9136
0.350291616,9135
0.350295607,9134
0.350298826,9133
0.350302145,9132
0.35030496,9131
0.350307858,9130
0.350311176,9129
0.350314082,9128
0.350317101,9127
0.350320373,9126
0.350323873,9125
0.35032765,9124
0.350333644,9123
0.350337935,9122
0.350341961,9121
0.350345586,9120
0.350349299,9119
0.350352877,9118
0.350356816,9117
0.350360354,9116
0.350363741,9115
0.350367086,9114
0.350370794,9113
0.350374124,9112
0.350377465,9111
0.350381452,9110
0.350384768,9109
0.350388121,9108
0.350391596,9107
0.350394554,9106
0.350397781,9105
0.350400789,9104
0.350403708,9103
0.350406792,9102
0.350409684,9101
0.350413071,9100
0.350416332,9099
0.350419189,9098
0.350424246,9097
0.350428141,9096
0.350431339,9095
0.350434672,9094
0.350438121,9093
0.350441645,9092
0.350444384,9091
0.350447576,9090
0.350451238,9089
0.350454365,9088
0.350457364,9087
0.350460474,9086
0.350467349,9085
0.350470003,9084
0.350472933,9083
0.350475745,9082
0.35047846,9081
0.350481328,9080
0.350485433,9079
0.350489042,9078
0.350492022,9077
0.350495329,9076
0.350498601,9075
0.350501776,9074
0.350505174,9073
0.350508271,9072
0.350511823,9071
0.350514824,9070
0.35052324,9069
0.350528035,9068
0.350531772,9067
0.350535638,9066
0.350539607,9065
0.350542887,9064
0.350545646,9063
0.35054844,9062
0.350560301,9061
0.350567156,9060
0.350573527,9059
0.350579113,9058
0.350584006,9057
0.350588471,9056
0.350592979,9055
0.350597401,9054
0.350601345,9053
0.350605295,9052
0.350608514,9051
0.350612023,9050
0.350615433,9049
0.350619177,9048
0.350622668,9047
0.350625948,9046
0.350629292,9045
0.350633278,9044
0.350636553,9043
0.350639544,9042
0.350643088,9041
0.350646254,9040
0.350649559,9039
0.350652571,9038
0.350655733,9037
0.350658978,9036
0.350662778,9035
0.350666083,9034
0.35066989,9033
0.350673283,9032
0.350676421,9031
0.350679322,9030
0.350682019,9029
0.350685421,9028
0.350688724,9027
0.350693613,9026
0.350697847,9025
0.350701476,9024
0.350705035,9023
0.350708744,9022
0.350742078,9021
0.350746382,9020
0.350749906,9019
0.350821553,9018
0.350827673,9017
0.350839232,9016
0.350844885,9015
0.350850194,9014
0.350854856,9013
0.350859239,9012
0.350863519,9011
0.350867126,9010
0.350870928,9009
0.350875052,9008
0.350878756,9007
0.350882794,9006
0.350886278,9005
0.350889977,9004
0.350893418,9003
0.350896692,9002
0.350899997,9001
0.350903311,9000
0.350906141,8999
0.350909368,8998
0.350912459,8997
0.350915268,8996
0.350918116,8995
0.350920991,8994
0.350924292,8993
0.350933609,8992
0.350937342,8991
0.350940399,8990
0.350943109,8989
0.350946385,8988
0.350949875,8987
0.350952664,8986
0.350955283,8985
0.350957927,8984
0.350961703,8983
0.350965317,8982
0.350968209,8981
0.350972859,8980
0.350975897,8979
0.350978919,8978
0.350983146,8977
0.350986164,8976
0.350989584,8975
0.350993096,8974
0.350996749,8973
0.351000059,8972
0.351003364,8971
0.351006446,8970
0.351009259,8969
0.35101244,8968
0.351015746,8967
0.351019265,8966
0.351022706,8965
0.351025633,8964
0.351028621,8963
0.351031852,8962
0.351034786,8961
0.351038031,8960
0.351040522,8959
0.351043443,8958
0.351046383,8957
0.351048999,8956
0.351051774,8955
0.351054498,8954
0.351057276,8953
0.351060102,8952
0.35106316,8951
0.351066154,8950
0.351069144,8949
0.351072253,8948
0.351075672,8947
0.351078424,8946
0.351081942,8945
0.351085333,8944
0.351088149,8943
0.35109127,8942
0.351094547,8941
0.351097898,8940
0.351101241,8939
0.351104393,8938
0.351107574,8937
0.351110388,8936
0.351113222,8935
0.351115818,8934
0.351118537,8933
0.351121205,8932
0.351124682,8931
0.351127552,8930
0.35113092,8929
0.351133804,8928
0.351136701,8927
0.3511397,8926
0.351142794,8925
0.351146111,8924
0.35114942,8923
0.351152891,8922
0.35115634,8921
0.351159874,8920
0.351163524,8919
0.351167081,8918
0.351170458,8917
0.351173787,8916
0.351177063,8915
0.351180463,8914
0.351197376,8913
0.351200861,8912
0.351203695,8911
0.351206296,8910
0.351209093,8909
0.351212169,8908
0.351215267,8907
0.351218166,8906
0.35122109,8905
0.351223934,8904
0.351226774,8903
0.35123007,8902
0.351232944,8901
0.351235629,8900
0.351238738,8899
0.35124294,8898
0.351246398,8897
0.351249674,8896
0.351252875,8895
0.351255459,8894
0.351258641,8893
0.35126144,8892
0.351264798,8891
0.351267457,8890
0.351279164,8889
0.351285124,8888
0.351290374,8887
0.351295956,8886
0.351299997,8885
0.351304259,8884
0.351308654,8883
0.351312359,8882
0.351315535,8881
0.351319702,8880
0.351323117,8879
0.351326078,8878
0.351329633,8877
0.351333169,8876
0.351335991,8875
0.351338726,8874
0.351342174,8873
0.351345204,8872
0.351348391,8871
0.351351442,8870
0.351354642,8869
0.351357694,8868
0.351360819,8867
0.351364258,8866
0.351367119,8865
0.351370428,8864
0.351373702,8863
0.351376763,8862
0.351379939,8861
0.351383494,8860
0.351386963,8859
0.351390225,8858
0.351393219,8857
0.351395925,8856
0.351398828,8855
0.351402224,8854
0.351405553,8853
0.351408641,8852
0.351411501,8851
0.351414271,8850
0.351417189,8849
0.351420147,8848
0.351422985,8847
0.351426974,8846
0.351430184,8845
0.351433092,8844
0.351436084,8843
0.351439003,8842
0.351442178,8841
0.351445448,8840
0.351448679,8839
0.351451338,8838
0.351454511,8837
0.351457434,8836
0.351460274,8835
0.351463298,8834
0.351466403,8833
0.351469668,8832
0.3514726,8831
0.351475544,8830
0.351478497,8829
0.351481432,8828
0.351484311,8827
0.351487383,8826
0.351490313,8825
0.351493574,8824
0.351496751,8823
0.351500088,8822
0.351503064,8821
0.351505853,8820
0.351508887,8819
0.351519572,8818
0.351523043,8817
0.351525528,8816
0.351528241,8815
0.351530777,8814
0.351533357,8813
0.351535782,8812
0.351538252,8811
0.351540912,8810
0.351543488,8809
0.351546332,8808
0.351548914,8807
0.351551314,8806
0.351554248,8805
0.351556854,8804
0.351559794,8803
0.351562725,8802
0.351565807,8801
0.351568772,8800
0.351571766,8799
0.35157496,8798
0.351578039,8797
0.35158972,8796
0.35159586,8795
0.35160176,8794
0.351642659,8793
0.35164819,8792
0.351653858,8791
0.351658,8790
0.351661879,8789
0.35169762,8788
0.35174689,8787
0.35179546,8786
0.351831185,8785
0.351848225,8784
0.351884664,8783
0.351897337,8782
0.351901583,8781
0.351905402,8780
0.351908475,8779
0.351911833,8778
0.351915337,8777
0.351920542,8776
0.351924646,8775
0.351960639,8774
0.351964788,8773
0.351968869,8772
0.351980696,8771
0.351986462,8770
0.351989959,8769
0.351993292,8768
0.351996177,8767
0.351999217,8766
0.352001929,8765
0.352004567,8764
0.352007735,8763
0.352011137,8762
0.352013984,8761
0.352016566,8760
0.352019064,8759
0.352021807,8758
0.352024954,8757
0.352028566,8756
0.352031838,8755
0.352034783,8754
0.352037626,8753
0.352040344,8752
0.352042897,8751
0.352045915,8750
0.35204881,8749
0.352051923,8748
0.352055132,8747
0.35205786,8746
0.352060497,8745
0.352063061,8744
0.352065882,8743
0.352068836,8742
0.352071826,8741
0.35207454,8740
0.352077257,8739
0.352079865,8738
0.352087449,8737
0.352089938,8736
0.352092903,8735
0.352095947,8734
0.352098902,8733
0.352101802,8732
0.352104651,8731
0.352107483,8730
0.352741534,8729
0.35275636,8728
0.352759683,8727
0.35276293,8726
0.35276633,8725
0.35276972,8724
0.352773761,8723
0.352777418,8722
0.352780486,8721
0.352783934,8720
0.352787489,8719
0.352790537,8718
0.352793693,8717
0.352796728,8716
0.352799703,8715
0.352802919,8714
0.352805973,8713
0.352809127,8712
0.352812611,8711
0.352815736,8710
0.35282334,8709
0.352826272,8708
0.352829573,8707
0.352832567,8706
0.352835552,8705
0.352840131,8704
0.352843156,8703
0.352846279,8702
0.352849095,8701
0.352852055,8700
0.352856235,8699
0.352859552,8698
0.352862846,8697
0.352867348,8696
0.352870858,8695
0.352876567,8694
0.352880612,8693
0.352910346,8692
0.352916078,8691
0.352920027,8690
0.352923848,8689
0.352927216,8688
0.352932188,8687
0.352935458,8686
0.352938885,8685
0.352941835,8684
0.352945267,8683
0.352949046,8682
0.352952434,8681
0.352955824,8680
0.352960466,8679
0.352963859,8678
0.352966987,8677
0.35297049,8676
0.352974151,8675
0.352977429,8674
0.352980661,8673
0.352984636,8672
0.352987982,8671
0.352991346,8670
0.35299467,8669
0.352997917,8668
0.353001036,8667
0.353004115,8666
0.353007576,8665
0.353010891,8664
0.353014276,8663
0.353017705,8662
0.35302061,8661
0.353023817,8660
0.353028491,8659
0.353036618,8658
0.353039665,8657
0.353044076,8656
0.35304758,8655
0.353051508,8654
0.353054973,8653
0.353059135,8652
0.353063179,8651
0.353078208,8650
0.353085296,8649
0.353094528,8648
0.353099769,8647
0.353104739,8646
0.353109637,8645
0.353115282,8644
0.353119374,8643
0.353123766,8642
0.353127458,8641
0.3531324,8640
0.353136108,8639
0.353139983,8638
0.353143552,8637
0.353198818,8636
0.353207188,8635
0.353213132,8634
0.353246532,8633
0.353252289,8632
0.353257009,8631
0.353262984,8630
0.353267439,8629
0.353272101,8628
0.353276025,8627
0.353279566,8626
0.353283286,8625
0.353286758,8624
0.353290489,8623
0.353295308,8622
0.353298995,8621
0.353302728,8620
0.353305983,8619
0.353309327,8618
0.353314373,8617
0.353318132,8616
0.353321608,8615
0.353324905,8614
0.353329419,8613
0.353335552,8612
0.353339142,8611
0.35334276,8610
0.353348392,8609
0.353352113,8608
0.353362689,8607
0.353368866,8606
0.353373794,8605
0.353377986,8604
0.353381812,8603
0.353385328,8602
0.353390183,8601
0.353393237,8600
0.353397271,8599
0.353402952,8598
0.353406981,8597
0.353411582,8596
0.353415029,8595
0.353418795,8594
0.353422227,8593
0.353427084,8592
0.353431371,8591
0.353435281,8590
0.353438656,8589
0.353442058,8588
0.353446231,8587
0.353449327,8586
0.353452372,8585
0.353455878,8584
0.353459826,8583
0.353463218,8582
0.353467793,8581
0.3534712,8580
0.353477458,8579
0.353480987,8578
0.353484276,8577
0.353487811,8576
0.353491503,8575
0.353494709,8574
0.353498368,8573
0.353501935,8572
0.353505808,8571
0.353509065,8570
0.353512689,8569
0.353515927,8568
0.353519209,8567
0.353522859,8566
0.35352621,8565
0.353529577,8564
0.353532807,8563
0.353537052,8562
0.353540561,8561
0.353544467,8560
0.353548057,8559
0.353551729,8558
0.35355508,8557
0.353558718,8556
0.353562189,8555
0.353566029,8554
0.353569808,8553
0.353573545,8552
0.353578755,8551
0.353582389,8550
0.353585524,8549
0.353588786,8548
0.353592531,8547
0.353596092,8546
0.353599328,8545
0.353602336,8544
0.353605351,8543
0.353608711,8542
0.353612245,8541
0.353615891,8540
0.35362293,8539
0.353627399,8538
0.353631879,8537
0.353637805,8536
0.353643019,8535
0.353646763,8534
0.353650137,8533
0.353654264,8532
0.353657594,8531
0.353661175,8530
0.353665224,8529
0.353668591,8528
0.353671829,8527
0.353675336,8526
0.353678419,8525
0.353691744,8524
0.35369857,8523
0.35370382,8522
0.353708798,8521
0.353713961,8520
0.353720621,8519
0.353724796,8518
0.35372985,8517
0.353733713,8516
0.353738914,8515
0.353742735,8514
0.35374681,8513
0.353755893,8512
0.353760276,8511
0.353764953,8510
0.353768872,8509
0.3537726,8508
0.353776858,8507
0.353780492,8506
0.353784242,8505
0.353788284,8504
0.353791926,8503
0.353795376,8502
0.353799268,8501
0.353802739,8500
0.353806995,8499
0.353810576,8498
0.353814296,8497
0.353819551,8496
0.353823489,8495
0.353827262,8494
0.353830426,8493
0.35383434,8492
0.35384076,8491
0.353844822,8490
0.353848437,8489
0.353851525,8488
0.353870552,8487
0.35387395,8486
0.353876988,8485
0.353880388,8484
0.353883358,8483
0.353886412,8482
0.353889622,8481
0.353892971,8480
0.353896171,8479
0.353899461,8478
0.353904547,8477
0.353909359,8476
0.353912987,8475
0.35391601,8474
0.353919181,8473
0.353922439,8472
0.353926179,8471
0.353929341,8470
0.353932378,8469
0.353937608,8468
0.3539413,8467
0.353945219,8466
0.353949075,8465
0.353952702,8464
0.353956071,8463
0.353959419,8462
0.35396383,8461
0.35396723,8460
0.353970993,8459
0.353975118,8458
0.353978484,8457
0.353982122,8456
0.353985543,8455
0.353989378,8454
0.353992897,8453
0.35399637,8452
0.354000138,8451
0.354003633,8450
0.354006817,8449
0.354011318,8448
0.354014825,8447
0.354017963,8446
0.354021208,8445
0.354027246,8444
0.354031583,8443
0.354036541,8442
0.354041501,8441
0.354044971,8440
0.354052877,8439
0.354056659,8438
0.354061304,8437
0.354064564,8436
0.354069365,8435
0.354072518,8434
0.354085216,8433
0.354089156,8432
0.354092656,8431
0.354096222,8430
0.354100719,8429
0.354103941,8428
0.354106877,8427
0.354110179,8426
0.354113236,8425
0.354117357,8424
0.354120446,8423
0.354123268,8422
0.354126649,8421
0.354129553,8420
0.354132333,8419
0.3541353,8418
0.354138689,8417
0.35414196,8416
0.35414491,8415
0.354147904,8414
0.354151423,8413
0.354154946,8412
0.354158129,8411
0.354201937,8410
0.354212337,8409
0.354215874,8408
0.354219247,8407
0.354223492,8406
0.354226827,8405
0.354231267,8404
0.354247424,8403
0.354252723,8402
0.354263309,8401
0.354266409,8400
0.354270252,8399
0.354273642,8398
0.354277194,8397
0.35428161,8396
0.354284341,8395
0.354288279,8394
0.354291098,8393
0.354295691,8392
0.354298449,8391
0.354301577,8390
0.354304769,8389
0.354307724,8388
0.354336905,8387
0.354340861,8386
0.35434613,8385
0.354351986,8384
0.354355168,8383
0.354360231,8382
0.354363544,8381
0.354367655,8380
0.354371195,8379
0.35437468,8378
0.354378251,8377
0.354381427,8376
0.354386305,8375
0.354389696,8374
0.354393006,8373
0.354396507,8372
0.354403059,8371
0.354406697,8370
0.354411175,8369
0.354414895,8368
0.354418471,8367
0.354422883,8366
0.354426307,8365
0.354429786,8364
0.354433292,8363
0.354436664,8362
0.354440226,8361
0.354443404,8360
0.354447596,8359
0.354451154,8358
0.354454667,8357
0.354459208,8356
0.354464293,8355
0.354467749,8354
0.354471534,8353
0.354475492,8352
0.354478819,8351
0.354482902,8350
0.354486454,8349
0.354492595,8348
0.354497498,8347
0.354502708,8346
0.354506954,8345
0.354510498,8344
0.354513928,8343
0.367046704,8342
0.367056654,8341
0.3670602,8340
0.367063334,8339
0.367066537,8338
0.367069597,8337
0.367072597,8336
0.367075442,8335
0.367080834,8334
0.367084561,8333
0.367087453,8332
0.367090217,8331
0.367095882,8330
0.367098977,8329
0.367102026,8328
0.367104778,8327
0.367107626,8326
0.367110866,8325
0.367113519,8324
0.367116407,8323
0.36711935,8322
0.367122439,8321
0.367125262,8320
0.36712805,8319
0.367132941,8318
0.367135905,8317
0.367138841,8316
0.36714302,8315
0.367145852,8314
0.367148701,8313
0.367151703,8312
0.367154399,8311
0.367157318,8310
0.367161608,8309
0.367164876,8308
0.367168855,8307
0.367171628,8306
0.367174277,8305
0.367177084,8304
0.367180528,8303
0.367188547,8302
0.367192125,8301
0.367195264,8300
0.367198969,8299
0.367201978,8298
0.367204504,8297
0.367207325,8296
0.367482262,8295
0.367492761,8294
0.367498216,8293
0.367502414,8292
0.367506384,8291
0.367510442,8290
0.367514894,8289
0.367519468,8288
0.367526173,8287
0.367531682,8286
0.367537751,8285
0.367548701,8284
0.36755551,8283
0.367559829,8282
0.367564555,8281
0.367569068,8280
0.367573008,8279
0.367578285,8278
0.36758435,8277
0.367589745,8276
0.367594267,8275
0.367598838,8274
0.367603884,8273
0.367610005,8272
0.367614982,8271
0.367624033,8270
0.36763057,8269
0.367641437,8268
0.367647774,8267
0.367672372,8266
0.367676531,8265
0.367683012,8264
0.367686974,8263
0.367690721,8262
0.367696336,8261
0.367704718,8260
0.367710153,8259
0.367717607,8258
0.367722791,8257
0.367727627,8256
0.367733347,8255
0.36773682,8254
0.367750015,8253
0.36854187,8252
0.368551644,8251
0.368559524,8250
0.368572359,8249
0.368576409,8248
0.368581096,8247
0.368586489,8246
0.368590642,8245
0.368595742,8244
0.368601107,8243
0.368612193,8242
0.368617306,8241
0.368622458,8240
0.368630067,8239
0.368636469,8238
0.368640969,8237
0.368652879,8236
0.368660422,8235
0.368664496,8234
0.368679063,8233
0.368691174,8232
0.368695441,8231
0.368704504,8230
0.368710184,8229
0.368777379,8228
0.368798244,8227
0.3689217,8226
0.368964491,8225
0.368975399,8224
0.368981648,8223
0.368989872,8222
0.369029094,8221
0.369041744,8220
0.369045717,8219
0.369050872,8218
0.369082653,8217
0.369090367,8216
0.369108505,8215
0.369113039,8214
0.36943359,8213
0.369446388,8212
0.369449613,8211
0.369452664,8210
0.369455974,8209
0.36946065,8208
0.369463949,8207
0.369467461,8206
0.369472772,8205
0.369475707,8204
0.369482678,8203
0.369485587,8202
0.369488834,8201
0.369492594,8200
0.369496079,8199
0.369501393,8198
0.369504838,8197
0.369507851,8196
0.369511938,8195
0.369517024,8194
0.36952451,8193
0.369531363,8192
0.369536181,8191
0.369541378,8190
0.369546574,8189
0.36955981,8188
0.369565084,8187
0.369573297,8186
0.369576901,8185
0.36958158,8184
0.369584732,8183
0.369588325,8182
0.369593785,8181
0.369601055,8180
0.369606573,8179
0.369611446,8178
0.369618565,8177
0.369623492,8176
0.369626708,8175
0.369631437,8174
0.369636538,8173
0.369642081,8172
0.369646415,8171
0.36964965,8170
0.369668852,8169
0.369676011,8168
0.36970473,8167
0.369710043,8166
0.369717004,8165
0.36972029,8164
0.369729193,8163
0.36973375,8162
0.369741994,8161
0.369747086,8160
0.369750561,8159
0.369753705,8158
0.369756685,8157
0.369763572,8156
0.369771987,8155
0.369778985,8154
0.369786447,8153
0.369794936,8152
0.36979832,8151
0.369801459,8150
0.369811972,8149
0.36981592,8148
0.36981942,8147
0.369827837,8146
0.369835397,8145
0.369838809,8144
0.369847038,8143
0.369857283,8142
0.369861975,8141
0.369883667,8140
0.369891405,8139
0.369901502,8138
0.369912502,8137
0.369917112,8136
0.369921756,8135
0.369941805,8134
0.369964813,8133
0.369975943,8132
0.369983736,8131
0.369986861,8130
0.369998407,8129
0.370002567,8128
0.370009464,8127
0.370025428,8126
0.370035564,8125
0.370065898,8124
0.370072065,8123
0.370080956,8122
0.370085131,8121
0.370090164,8120
0.37012829,8119
0.370132516,8118
0.370830226,8117
0.371407534,8116
0.371489636,8115
0.371499304,8114
0.371507258,8113
0.371661899,8112
0.371696216,8111
0.371726631,8110
0.371737543,8109
0.371771395,8108
0.371939878,8107
0.37200055,8106
0.373383425,8105
0.373395911,8104
0.373401341,8103
0.373406566,8102
0.373488331,8101
0.373493492,8100
0.373499204,8099
0.373507008,8098
0.373510333,8097
0.373515284,8096
0.373518578,8095
0.373522007,8094
0.373528892,8093
0.373532609,8092
0.373537442,8091
0.373545466,8090
0.373551498,8089
0.373556332,8088
0.373561819,8087
0.373569072,8086
0.373578305,8085
0.373594407,8084
0.37359775,8083
0.373602812,8082
0.373606951,8081
0.373617747,8080
0.373621767,8079
0.373625301,8078
0.3736324,8077
0.373638476,8076
0.373648177,8075
0.373653524,8074
0.37366234,8073
0.373667646,8072
0.373670628,8071
0.373674444,8070
0.373679436,8069
0.373686328,8068
0.373703623,8067
0.373708254,8066
0.37371783,8065
0.37372311,8064
0.37373886,8063
0.373742424,8062
0.373749537,8061
0.373753029,8060
0.373757698,8059
0.373763753,8058
0.373767955,8057
0.373775017,8056
0.373778217,8055
0.373782024,8054
0.373785852,8053
0.373789291,8052
0.373792612,8051
0.373807389,8050
0.373816801,8049
0.373820937,8048
0.373827643,8047
0.373834146,8046
0.373837274,8045
0.373847304,8044
0.37385517,8043
0.373866331,8042
0.373870327,8041
0.373873736,8040
0.373880059,8039
0.373885279,8038
0.373896619,8037
0.373915843,8036
0.373930292,8035
0.373936434,8034
0.373949431,8033
0.373953372,8032
0.373973512,8031
0.373978141,8030
0.374001181,8029
0.374010867,8028
0.374024775,8027
0.374031045,8026
0.374066622,8025
0.374076842,8024
0.37408044,8023
0.374087185,8022
0.374096363,8021
0.374117587,8020
0.374124391,8019
0.374145407,8018
0.374151924,8017
0.374272001,8016
0.374277486,8015
0.374299736,8014
0.374316142,8013
0.374323922,8012
0.37435551,8011
0.374361947,8010
0.374394181,8009
0.374403683,8008
0.374408497,8007
0.374411795,8006
0.374417387,8005
0.374423443,8004
0.374431512,8003
0.374437115,8002
0.374442448,8001
0.374451644,8000
0.374456537,7999
0.374460457,7998
0.374467023,7997
0.374487645,7996
0.374497887,7995
0.374548247,7994
0.374553039,7993
0.374558226,7992
0.37456137,7991
0.374592103,7990
0.374621662,7989
0.374632895,7988
0.37463711,7987
0.374642605,7986
0.374651515,7985
0.374667479,7984
0.374674304,7983
0.374678216,7982
0.374684033,7981
0.374701756,7980
0.374705217,7979
0.374759019,7978
0.374762458,7977
0.37476974,7976
0.374782993,7975
0.37479108,7974
0.374797451,7973
0.374808415,7972
0.374829463,7971
0.374836153,7970
0.374865,7969
0.374868423,7968
0.374929999,7967
0.374941597,7966
0.37498102,7965
0.374993979,7964
0.375010029,7963
0.375015255,7962
0.375018528,7961
0.37508107,7960
0.375093506,7959
0.3751634,7958
0.375194248,7957
0.375230584,7956
0.375238262,7955
0.375283941,7954
0.375290497,7953
0.375301359,7952
0.375309288,7951
0.375360477,7950
0.375419608,7949
0.375433795,7948
0.375446026,7947
0.375486353,7946
0.37549533,7945
0.375555715,7944
0.375559439,7943
0.375564139,7942
0.375580502,7941
0.375625165,7940
0.37564696,7939
0.375650543,7938
0.375654162,7937
0.375694217,7936
0.375739543,7935
0.375778311,7934
0.375814583,7933
0.375848545,7932
0.375930921,7931
0.375949911,7930
0.376000138,7929
0.376005632,7928
0.376049964,7927
0.376142884,7926
0.376176232,7925
0.376181981,7924
0.376218087,7923
0.376229741,7922
0.376283251,7921
0.37628811,7920
0.376297369,7919
0.376318912,7918
0.376327915,7917
0.37633943,7916
0.376375991,7915
0.376381157,7914
0.37638892,7913
0.376395008,7912
0.376437289,7911
0.376507256,7910
0.376553662,7909
0.37664216,7908
0.376690678,7907
0.376711259,7906
0.376715197,7905
0.376726929,7904
0.376735089,7903
0.376741212,7902
0.376813552,7901
0.376836991,7900
0.37725998,7899
0.377267168,7898
0.377271897,7897
0.37727682,7896
0.377297758,7895
0.377306033,7894
0.377344223,7893
0.377348038,7892
0.377354972,7891
0.377358382,7890
0.377362208,7889
0.377366931,7888
0.377371197,7887
0.377375172,7886
0.377379053,7885
0.377386303,7884
0.377393719,7883
0.377433629,7882
0.377441565,7881
0.377448305,7880
0.37745248,7879
0.377458719,7878
0.377463897,7877
0.377467813,7876
0.377511835,7875
0.377515203,7874
0.37752425,7873
0.37752859,7872
0.377574106,7871
0.37758236,7870
0.377587972,7869
0.377595227,7868
0.377599111,7867
0.377605207,7866
0.37761129,7865
0.377618524,7864
0.377627775,7863
0.377649054,7862
0.377669711,7861
0.377677147,7860
0.37768029,7859
0.377683492,7858
0.377696117,7857
0.377700056,7856
0.377731796,7855
0.37774118,7854
0.377750171,7853
0.377774127,7852
0.377814859,7851
0.377822533,7850
0.377825302,7849
0.377833467,7848
0.377850487,7847
0.37785387,7846
0.377870568,7845
0.377886055,7844
0.377891192,7843
0.377926547,7842
0.377962731,7841
0.377981609,7840
0.378018437,7839
0.378333637,7838
0.378340834,7837
0.378427968,7836
0.379116803,7835
0.379404822,7834
0.379452106,7833
0.379456838,7832
0.379462339,7831
0.379466017,7830
0.37947682,7829
0.37948076,7828
0.379488851,7827
0.379493066,7826
0.37950556,7825
0.379519995,7824
0.379526255,7823
0.379571054,7822
0.37958299,7821
0.379590793,7820
0.379596637,7819
0.379667934,7818
0.379709596,7817
0.379713908,7816
0.379746546,7815
0.379752604,7814
0.379787203,7813
0.379794031,7812
0.37980064,7811
0.379816419,7810
0.379849372,7809
0.379854305,7808
0.379861459,7807
0.379897897,7806
0.379939684,7805
0.379944517,7804
0.379949039,7803
0.379955965,7802
0.379999311,7801
0.38001319,7800
0.380026272,7799
0.380054242,7798
0.380061027,7797
0.38009795,7796
0.380105541,7795
0.380110415,7794
0.380115523,7793
0.380120031,7792
0.380155225,7791
0.380171709,7790
0.380178508,7789
0.380221282,7788
0.380228163,7787
0.380596456,7786
0.380623299,7785
0.380640027,7784
0.380658961,7783
0.380663637,7782
0.380667855,7781
0.380672098,7780
0.380689982,7779
0.380819376,7778
0.380857418,7777
0.380869588,7776
0.380876047,7775
0.380895215,7774
0.380903003,7773
0.380913011,7772
0.380927091,7771
0.380968679,7770
0.380982404,7769
0.380989337,7768
0.380994332,7767
0.381041042,7766
0.381052594,7765
0.381059866,7764
0.381079529,7763
0.381101537,7762
0.381108913,7761
0.381113433,7760
0.381117755,7759
0.38112649,7758
0.38115274,7757
0.381200241,7756
0.381204152,7755
0.381241487,7754
0.381245108,7753
0.381249102,7752
0.381257213,7751
0.381261588,7750
0.381269859,7749
0.381275971,7748
0.381290436,7747
0.381294516,7746
0.381325281,7745
0.381330762,7744
0.381339905,7743
0.381343594,7742
0.381359916,7741
0.381375609,7740
0.381393065,7739
0.38142783,7738
0.381435191,7737
0.381442391,7736
0.381458262,7735
0.381482092,7734
0.381566421,7733
0.381572716,7732
0.381579514,7731
0.395716947,7730
0.395733673,7729
0.405196352,7728
0.40725814,7727
0.407267738,7726
0.40727683,7725
0.407280735,7724
0.407317525,7723
0.407321469,7722
0.407325676,7721
0.407329651,7720
0.407333349,7719
0.407344096,7718
0.407349906,7717
0.407356304,7716
0.407362886,7715
0.407410945,7714
0.407418884,7713
0.407422733,7712
0.407432676,7711
0.407436354,7710
0.407439669,7709
0.407442957,7708
0.407464172,7707
0.407499911,7706
0.407504717,7705
0.407508667,7704
0.407517443,7703
0.407524815,7702
0.407537199,7701
0.407571161,7700
0.407578806,7699
0.407585125,7698
0.407622843,7697
0.407627047,7696
0.407631998,7695
0.407636221,7694
0.407639993,7693
0.407644177,7692
0.407680126,7691
0.407684888,7690
0.407702158,7689
0.407708996,7688
0.407712592,7687
0.407729387,7686
0.407735774,7685
0.407739264,7684
0.407752873,7683
0.407782547,7682
0.407789358,7681
0.407797859,7680
0.407805006,7679
0.407810444,7678
0.407833239,7677
0.407836939,7676
0.407840766,7675
0.407846578,7674
0.407864096,7673
0.407867315,7672
0.407870994,7671
0.407877816,7670
0.407884083,7669
0.407888065,7668
0.407894059,7667
0.407898366,7666
0.407913229,7665
0.407917723,7664
0.407923394,7663
0.407938674,7662
0.407943679,7661
0.407951001,7660
0.407956339,7659
0.407961223,7658
0.407964782,7657
0.40797123,7656
0.407998705,7655
0.408769925,7654
0.408788704,7653
0.408801672,7652
0.408831884,7651
0.40888534,7650
0.408908942,7649
0.408913635,7648
0.408932965,7647
0.408946064,7646
0.40895479,7645
0.409000724,7644
0.409005799,7643
0.409016617,7642
0.40902506,7641
0.409052269,7640
0.40905869,7639
0.409062353,7638
0.409066117,7637
0.409071995,7636
0.409075462,7635
0.409102411,7634
0.409114327,7633
0.409126956,7632
0.409135798,7631
0.409141954,7630
0.409161732,7629
0.409169476,7628
0.409176318,7627
0.409180123,7626
0.409185031,7625
0.409190317,7624
0.409193809,7623
0.40919762,7622
0.409214144,7621
0.409244809,7620
0.409250805,7619
0.409255691,7618
0.409265985,7617
0.409297105,7616
0.409306895,7615
0.409333419,7614
0.409340145,7613
0.409346286,7612
0.409352678,7611
0.409371157,7610
0.409379904,7609
0.409382995,7608
0.409397486,7607
0.409403635,7606
0.409414859,7605
0.409431581,7604
0.409455813,7603
0.409464706,7602
0.409481078,7601
0.40949841,7600
0.409522083,7599
0.409528673,7598
0.409541243,7597
0.40955301,7596
0.409566521,7595
0.409586999,7594
0.409624962,7593
0.409631121,7592
0.40963775,7591
0.409644403,7590
0.409803619,7589
0.409864188,7588
0.409876041,7587
0.409883686,7586
0.409887456,7585
0.409930656,7584
0.409936209,7583
0.409947557,7582
0.40999122,7581
0.410012079,7580
0.410042596,7579
0.410060145,7578
0.41009816,7577
0.41011165,7576
0.410119835,7575
0.410126533,7574
0.410131302,7573
0.410155798,7572
0.410159293,7571
0.410188322,7570
0.410192244,7569
0.410215899,7568
0.410224794,7567
0.410250779,7566
0.410271761,7565
0.410292758,7564
0.410307967,7563
0.410312079,7562
0.410329722,7561
0.410345148,7560
0.410362357,7559
0.410366229,7558
0.410387841,7557
0.41039728,7556
0.410408681,7555
0.410424661,7554
0.410431949,7553
0.41044154,7552
0.410478712,7551
0.410489318,7550
0.410497563,7549
0.410532765,7548
0.4105386,7547
0.410558449,7546
0.410567647,7545
0.41058213,7544
0.410596999,7543
0.410602526,7542
0.410609916,7541
0.410620829,7540
0.410700161,7539
0.411112033,7538
0.411162989,7537
0.411204422,7536
0.411263646,7535
0.411276981,7534
0.411338251,7533
0.411392617,7532
0.411438858,7531
0.411458596,7530
0.41147236,7529
0.411479742,7528
0.411491643,7527
0.411524193,7526
0.411555768,7525
0.411565881,7524
0.411629769,7523
0.411696619,7522
0.411712849,7521
0.411761638,7520
0.411880285,7519
0.411886216,7518
0.411902739,7517
0.411943634,7516
0.411977197,7515
0.412018016,7514
0.412025798,7513
0.41208363,7512
0.412104625,7511
0.412113055,7510
0.412145258,7509
0.412181816,7508
0.412220449,7507
0.412295364,7506
0.412305125,7505
0.412314287,7504
0.412375319,7503
0.4123895,7502
0.413374438,7501
0.415297396,7500
0.415332461,7499
0.415369988,7498
0.415422862,7497
0.415497509,7496
0.415505008,7495
0.415510239,7494
0.415560419,7493
0.415674214,7492
0.415709676,7491
0.415778691,7490
0.415822432,7489
0.4158292,7488
0.415870053,7487
0.415945373,7486
0.415963452,7485
0.416001901,7484
0.416019798,7483
0.416042247,7482
0.416059145,7481
0.416066177,7480
0.416104697,7479
0.416149363,7478
0.416165625,7477
0.416173698,7476
0.416177411,7475
0.416210283,7474
0.416432174,7473
0.416448122,7472
0.416465147,7471
0.416470592,7470
0.416476146,7469
0.416482887,7468
0.416488158,7467
0.416492746,7466
0.416498488,7465
0.416501525,7464
0.416522064,7463
0.416541803,7462
0.416545132,7461
0.416548672,7460
0.416551539,7459
0.416574,7458
0.416579485,7457
0.41659602,7456
0.416599236,7455
0.416624005,7454
0.416627673,7453
0.416643718,7452
0.416647558,7451
0.416652612,7450
0.416673779,7449
0.416689388,7448
0.416692651,7447
0.416695689,7446
0.41670168,7445
0.416707563,7444
0.416714206,7443
0.416717939,7442
0.416730831,7441
0.416741951,7440
0.416749432,7439
0.416753297,7438
0.416756845,7437
0.416768216,7436
0.416792991,7435
0.416795744,7434
0.416798855,7433
0.417185678,7432
0.41723088,7431
0.417275134,7430
0.417283378,7429
0.417299415,7428
0.417308563,7427
0.417325224,7426
0.417339052,7425
0.417350428,7424
0.417393674,7423
0.417397643,7422
0.417451402,7421
0.417459689,7420
0.417466734,7419
0.417482987,7418
0.417504255,7417
0.417511609,7416
0.417575522,7415
0.417670824,7414
0.417675872,7413
0.417772496,7412
0.418138312,7411
0.419577999,7410
0.420069684,7409
0.420075467,7408
0.420086286,7407
0.420097646,7406
0.42012144,7405
0.420162785,7404
0.420211668,7403
0.646235631,7402
0.773514999,7401
0.800832825,7400
0.831729807,7399
0.856624175,7398
0.881979252,7397
0.897290172,7396
0.930055456,7395
0.952557402,7394
0.986925428,7393
0.999573434,7392
1.01019459,7391
1.032492887,7390
1.042111349,7389
1.055483123,7388
1.092808747,7387
1.1056937,7386
1.142714307,7385
1.154906299,7384
1.199740729,7383
1.206436115,7382
1.213653024,7381
1.226296433,7380
1.246570659,7379
1.285715671,7378
1.313882798,7377
1.362483145,7376
1.392319328,7375
1.402670534,7374
1.423573719,7373
1.463960542,7372
1.483310415,7371
1.499832503,7370
1.508588265,7369
1.533307835,7368
1.556360429,7367
1.562328693,7366
1.589420284,7365
1.598516119,7364
1.617023243,7363
1.634179841,7362
1.673030207,7361
1.694304834,7360
1.76145401,7359
1.772007325,7358
1.795865094,7357
1.847952674,7356
1.858245715,7355
1.881413385,7354
1.901692825,7353
1.945439241,7352
1.968727959,7351
2.001807835,7350
2.044238809,7349
2.054453787,7348
2.092881537,7347
2.128442709,7346
2.157120094,7345
2.190901131,7344
2.235212572,7343
2.274200228,7342
2.279575403,7341
2.287428508,7340
2.323314016,7339
2.33125288,7338
2.357051603,7337
2.362449472,7336
2.369045954,7335
2.389996569,7334
2.415169938,7333
2.419555561,7332
2.448329064,7331
2.455663467,7330
2.471476089,7329
2.483099939,7328
2.495606234,7327
2.517552035,7326
2.528682253,7325
2.538800449,7324
2.56263446,7323
2.572145642,7322
2.586519372,7321
2.598906486,7320
2.622305251,7319
2.646432627,7318
2.665700817,7317
2.671892892,7316
2.724337103,7315
2.744205052,7314
2.766011838,7313
2.781485383,7312
2.792309872,7311
2.817592579,7310
2.825932399,7309
2.848296311,7308
2.857267044,7307
2.864014618,7306
2.902115703,7305
2.925084002,7304
2.97432612,7303
3.000315475,7302
3.033068317,7301
3.163429973,7300
3.1763845,7299
3.274148996,7298
3.300072484,7297
3.314752534,7296
3.341445338,7295
3.373211055,7294
3.384730329,7293
3.4116249,7292
3.43293222,7291
3.460320142,7290
3.567947355,7289
3.577976419,7288
3.588169413,7287
3.605072826,7286
3.63584288,7285
3.6876581,7284
3.708535433,7283
3.718453075,7282
3.750202563,7281
3.759798017,7280
3.77190794,7279
3.7872803,7278
3.81328097,7277
3.834209133,7276
3.844513947,7275
3.865056136,7274
3.872205318,7273
3.879652868,7272
3.901972361,7271
3.926807393,7270
3.942673933,7269
3.971778177,7268
3.984366465,7267
3.995346957,7266
4.014677033,7265
4.063994,7264
4.083479597,7263
4.091889572,7262
4.100404099,7261
4.109367023,7260
4.120420117,7259
4.150017747,7258
4.162876803,7257
4.190841074,7256
4.219615025,7255
4.233938452,7254
4.276148955,7253
4.301418383,7252
4.358579498,7251
4.388780116,7250
4.394987136,7249
4.494320509,7248
4.53277988,7247
4.56990757,7246
4.583648271,7245
4.619176212,7244
4.631219384,7243
4.659985767,7242
4.671851435,7241
4.692459395,7240
4.703762253,7239
4.713856834,7238
4.729289709,7237
4.782554411,7236
4.787362281,7235
4.796013418,7234
4.806528503,7233
4.816638089,7232
4.857146824,7231
4.875714619,7230
4.900423917,7229
4.927174326,7228
4.936967754,7227
4.94587289,7226
4.969454557,7225
4.975102604,7224
4.996349004,7223
5.02317537,7222
5.051632998,7221
5.067541331,7220
5.130713543,7219
5.160361855,7218
5.198669566,7217
5.218070351,7216
5.268548155,7215
5.308987566,7214
5.334530881,7213
5.360379716,7212
5.36526543,7211
5.382624531,7210
5.395525692,7209
5.429606443,7208
5.497503834,7207
5.520481737,7206
5.545438594,7205
5.600895479,7204
5.644218114,7203
5.688223643,7202
5.718593838,7201
5.892008928,7200
5.929076284,7199
6.018736557,7198
6.080364813,7197
6.149550634,7196
6.226318606,7195
6.255605528,7194
6.40091043,7193
6.424272367,7192
6.480266151,7191
6.496002421,7190
6.573687759,7189
6.581913979,7188
6.66597828,7187
6.67937294,7186
6.688897355,7185
6.695116494,7184
6.899109272,7183
6.915229539,7182
6.957608886,7181
6.978326874,7180
7.039295405,7179
7.523558996,7178
7.53532498,7177
