0.260851118,6823
0.261070983,6822
0.261170646,6821
0.261287084,6820
0.261395423,6819
0.261435127,6818
0.261473925,6817
0.261487336,6816
0.261497745,6815
0.261526804,6814
0.261534944,6813
0.261580982,6812
0.261589379,6811
0.261596938,6810
0.26160455,6809
0.261611652,6808
0.261618821,6807
0.262254537,6806
0.262263323,6805
0.262275293,6804
0.262282118,6803
0.262291383,6802
0.262298912,6801
0.262306559,6800
0.262313483,6799
0.262321191,6798
0.262328796,6797
0.262335985,6796
0.262343085,6795
0.262380547,6794
0.262390575,6793
0.262397607,6792
0.26240416,6791
0.262410391,6790
0.262417281,6789
0.26242416,6788
0.262430445,6787
0.26243664,6786
0.262443141,6785
0.262449561,6784
0.262455836,6783
0.262462536,6782
0.26246896,6781
0.262475577,6780
0.262484165,6779
0.262492004,6778
0.262498934,6777
0.262505395,6776
0.262514548,6775
0.26252375,6774
0.262532072,6773
0.262540658,6772
0.26254984,6771
0.262579759,6770
0.262606132,6769
0.262619714,6768
0.262629681,6767
0.262641399,6766
0.262649567,6765
0.262657948,6764
0.26266628,6763
0.262713779,6762
0.262754917,6761
0.262779344,6760
0.262794639,6759
0.262803063,6758
0.262817736,6757
0.262827133,6756
0.262834926,6755
0.262842678,6754
0.262854658,6753
0.262861931,6752
0.262869337,6751
0.262877059,6750
0.262884275,6749
0.262892086,6748
0.262900083,6747
0.262937162,6746
0.262945951,6745
0.26295599,6744
0.262964587,6743
0.262972468,6742
0.262980599,6741
0.26298854,6740
0.262996456,6739
0.263004194,6738
0.263012256,6737
0.26302101,6736
0.263064625,6735
0.263075323,6734
0.263108736,6733
0.263115722,6732
0.263122413,6731
0.263128914,6730
0.263135833,6729
0.263142407,6728
0.263181284,6727
0.26318844,6726
0.263195434,6725
0.263201908,6724
0.263209763,6723
0.263217895,6722
0.263224707,6721
0.263230096,6720
0.263239184,6719
0.263245388,6718
0.263262862,6717
0.263268125,6716
0.263272908,6715
0.263277482,6714
0.263284189,6713
0.263289049,6712
0.263305032,6711
0.26331105,6710
0.263315133,6709
0.263345816,6708
0.26335134,6707
0.263356442,6706
0.263361576,6705
0.263366254,6704
0.263382494,6703
0.263386968,6702
0.263391688,6701
0.263395972,6700
0.263409941,6699
0.263415715,6698
0.263437918,6697
0.263444065,6696
0.263452355,6695
0.26346223,6694
0.263468951,6693
0.263493252,6692
0.263498274,6691
0.263503307,6690
0.263507394,6689
0.263529448,6688
0.26353377,6687
0.263547491,6686
0.263552138,6685
0.263556076,6684
0.263560194,6683
0.263563929,6682
0.263572697,6681
0.263576374,6680
0.263582527,6679
0.26358613,6678
0.263589989,6677
0.2635938,6676
0.263597401,6675
0.263602808,6674
0.263606894,6673
0.263612594,6672
0.263616699,6671
0.263620484,6670
0.263624194,6669
0.263627696,6668
0.263630963,6667
0.263634368,6666
0.263637773,6665
0.263641329,6664
0.263644989,6663
0.263652767,6662
0.263701931,6661
0.263708409,6660
0.263714909,6659
0.263720915,6658
0.263726567,6657
0.263731893,6656
0.263737625,6655
0.263743006,6654
0.263747821,6653
0.26375234,6652
0.26375899,6651
0.263764355,6650
0.263769877,6649
0.263773605,6648
0.263776938,6647
0.263780202,6646
0.263784754,6645
0.263789697,6644
0.263793174,6643
0.263796494,6642
0.264514212,6641
0.264520229,6640
0.264525506,6639
0.26453076,6638
0.264535812,6637
0.264540539,6636
0.264544859,6635
0.264549534,6634
0.264556861,6633
0.264561826,6632
0.264577498,6631
0.264589954,6630
0.264596733,6629
0.264600975,6628
0.264604934,6627
0.264609856,6626
0.264613744,6625
0.264617303,6624
0.264621055,6623
0.264625556,6622
0.264655884,6621
0.26469683,6620
0.264728283,6619
0.264761348,6618
0.264766173,6617
0.264771839,6616
0.264776111,6615
0.264780007,6614
0.264783748,6613
0.264787605,6612
0.264791459,6611
0.264797496,6610
0.264804432,6609
0.264843016,6608
0.264868582,6607
0.264903352,6606
0.26490937,6605
0.264916886,6604
0.264922453,6603
0.264928437,6602
0.26493392,6601
0.264941454,6600
0.264948868,6599
0.264954312,6598
0.264959616,6597
0.26496755,6596
0.2649726,6595
0.264977482,6594
0.264984587,6593
0.264990085,6592
0.264995531,6591
0.264999166,6590
0.265002759,6589
0.265006566,6588
0.265024859,6587
0.265030361,6586
0.265037075,6585
0.265078693,6584
0.265084936,6583
0.265089068,6582
0.265092764,6581
0.265096441,6580
0.265100525,6579
0.265105926,6578
0.265111744,6577
0.265117963,6576
0.265123825,6575
0.265128696,6574
0.265134112,6573
0.265139001,6572
0.265143886,6571
0.265148201,6570
0.26515249,6569
0.265157126,6568
0.265166509,6567
0.265171183,6566
0.265174774,6565
0.265178246,6564
0.265181558,6563
0.26518486,6562
0.265188212,6561
0.265192252,6560
0.265195897,6559
0.265199731,6558
0.265203142,6557
0.265206727,6556
0.265210318,6555
0.265214675,6554
0.265218601,6553
0.265222593,6552
0.265257961,6551
0.26526305,6550
0.265268696,6549
0.26527304,6548
0.265277571,6547
0.265281697,6546
0.265287016,6545
0.265290977,6544
0.265295051,6543
0.26529908,6542
0.265303163,6541
0.265306824,6540
0.265312601,6539
0.265318256,6538
0.265323686,6537
0.265328133,6536
0.265332539,6535
0.265336521,6534
0.265340629,6533
0.265347047,6532
0.265351913,6531
0.265356623,6530
0.265360798,6529
0.265365455,6528
0.265370294,6527
0.26537439,6526
0.265377751,6525
0.265381483,6524
0.265385225,6523
0.265390314,6522
0.265394362,6521
0.2654017,6520
0.265406017,6519
0.265409822,6518
0.265414045,6517
0.265419884,6516
0.265424343,6515
0.265429301,6514
0.265433271,6513
0.265437713,6512
0.265441927,6511
0.265446996,6510
0.265450743,6509
0.265457782,6508
0.265461509,6507
0.265465288,6506
0.265469187,6505
0.265473844,6504
0.265477481,6503
0.265482642,6502
0.265929424,6501
0.265936209,6500
0.265940662,6499
0.265949508,6498
0.265954904,6497
0.265959607,6496
0.265964339,6495
0.265971165,6494
0.26597538,6493
0.265979366,6492
0.265982928,6491
0.265986424,6490
0.265989896,6489
0.265993326,6488
0.265996666,6487
0.265999987,6486
0.266003563,6485
0.266007174,6484
0.266010696,6483
0.266014312,6482
0.266018427,6481
0.266022288,6480
0.26602591,6479
0.266029541,6478
0.266033083,6477
0.266036572,6476
0.266040491,6475
0.266044086,6474
0.266055925,6473
0.26606319,6472
0.266068173,6471
0.266073475,6470
0.26607935,6469
0.266083155,6468
0.266087225,6467
0.266090364,6466
0.266093695,6465
0.266096561,6464
0.266099034,6463
0.266101888,6462
0.266104708,6461
0.266107502,6460
0.266111409,6459
0.266114749,6458
0.266118127,6457
0.266121669,6456
0.266126795,6455
0.266131092,6454
0.266135478,6453
0.266138309,6452
0.266141067,6451
0.26614374,6450
0.266146707,6449
0.266150546,6448
0.266154734,6447
0.266158548,6446
0.266162571,6445
0.266166706,6444
0.266170522,6443
0.266174178,6442
0.266178057,6441
0.26618209,6440
0.266186397,6439
0.266190861,6438
0.266195324,6437
0.266199369,6436
0.266203555,6435
0.266207878,6434
0.266212113,6433
0.266215818,6432
0.266219687,6431
0.2662238,6430
0.266227503,6429
0.266230953,6428
0.266234793,6427
0.26624018,6426
0.266246019,6425
0.266250037,6424
0.266257608,6423
0.266261826,6422
0.266265508,6421
0.266269183,6420
0.266272904,6419
0.26657559,6418
0.266583517,6417
0.266589645,6416
0.26659506,6415
0.266599445,6414
0.266603336,6413
0.266607326,6412
0.266611866,6411
0.26661726,6410
0.266622403,6409
0.26662638,6408
0.26665925,6407
0.266663547,6406
0.266667448,6405
0.266671458,6404
0.266675409,6403
0.26667929,6402
0.266685053,6401
0.266693162,6400
0.266696248,6399
0.266700516,6398
0.266705683,6397
0.266708867,6396
0.266712201,6395
0.266716612,6394
0.26672035,6393
0.266723757,6392
0.266728515,6391
0.266748713,6390
0.266751981,6389
0.266755199,6388
0.266758138,6387
0.266760855,6386
0.266764729,6385
0.266767774,6384
0.266770997,6383
0.266774147,6382
0.266777282,6381
0.266779936,6380
0.26678278,6379
0.266786694,6378
0.266793532,6377
0.266797316,6376
0.266801168,6375
0.266804544,6374
0.266807722,6373
0.26681065,6372
0.26681376,6371
0.266816947,6370
0.266819917,6369
0.266822742,6368
0.266825351,6367
0.266828465,6366
0.266832985,6365
0.266836744,6364
0.266840546,6363
0.266843426,6362
0.266846291,6361
0.266851584,6360
0.266854446,6359
0.26735659,6358
0.26735985,6357
0.267363471,6356
0.267367493,6355
0.267370679,6354
0.267373677,6353
0.267377133,6352
0.267381743,6351
0.267385287,6350
0.267388483,6349
0.26739169,6348
0.267395489,6347
0.267398418,6346
0.267401296,6345
0.267404551,6344
0.26740759,6343
0.267413456,6342
0.26741621,6341
0.267419472,6340
0.267424041,6339
0.267428254,6338
0.267431065,6337
0.267433894,6336
0.267436775,6335
0.267441991,6334
0.267445051,6333
0.267447683,6332
0.267450254,6331
0.267453022,6330
0.267456995,6329
0.267459603,6328
0.267462387,6327
0.267466579,6326
0.267469499,6325
0.267472355,6324
0.267475159,6323
0.267479433,6322
0.267490946,6321
0.267497876,6320
0.267502702,6319
0.267508982,6318
0.267515778,6317
0.267530414,6316
0.26753666,6315
0.26754189,6314
0.267555073,6313
0.267567758,6312
0.267633374,6311
0.267669241,6310
0.267678879,6309
0.267686059,6308
0.267694005,6307
0.26770216,6306
0.267707425,6305
0.267712876,6304
0.267717236,6303
0.267721356,6302
0.267725574,6301
0.267729057,6300
0.267733369,6299
0.267737814,6298
0.267741312,6297
0.267744768,6296
0.267748324,6295
0.267753099,6294
0.267756459,6293
0.267760788,6292
0.267765059,6291
0.26776921,6290
0.267773638,6289
0.267778559,6288
0.267782778,6287
0.267785892,6286
0.267789198,6285
0.267792403,6284
0.26779547,6283
0.267798856,6282
0.267802453,6281
0.267805569,6280
0.267808714,6279
0.267812172,6278
0.267815088,6277
0.267818576,6276
0.267823362,6275
0.267826323,6274
0.267829796,6273
0.267832793,6272
0.267837129,6271
0.267842082,6270
0.267845446,6269
0.267849365,6268
0.26785258,6267
0.267858044,6266
0.267863041,6265
0.26786755,6264
0.267871681,6263
0.267875679,6262
0.267878881,6261
0.267884126,6260
0.267887669,6259
0.267890627,6258
0.267894082,6257
0.267899348,6256
0.267905519,6255
0.267912933,6254
0.267916644,6253
0.267920377,6252
0.267927197,6251
0.267930773,6250
0.267934005,6249
0.267937072,6248
0.267941303,6247
0.267944858,6246
0.267947803,6245
0.267956514,6244
0.267961584,6243
0.267964989,6242
0.267969336,6241
0.267972142,6240
0.267975251,6239
0.267979856,6238
0.26798285,6237
0.267985818,6236
0.267989019,6235
0.26799218,6234
0.267994931,6233
0.267999576,6232
0.268002777,6231
0.268005617,6230
0.268008623,6229
0.268011682,6228
0.268014659,6227
0.268017934,6226
0.268021329,6225
0.26802657,6224
0.268031441,6223
0.268038539,6222
0.268043237,6221
0.268050602,6220
0.268054021,6219
0.268057342,6218
0.268064775,6217
0.268069363,6216
0.268074703,6215
0.268079447,6214
0.268083441,6213
0.268087639,6212
0.268091044,6211
0.268094476,6210
0.268097732,6209
0.26810124,6208
0.268104435,6207
0.268107763,6206
0.268110728,6205
0.26811387,6204
0.268118619,6203
0.268122825,6202
0.268128584,6201
0.268134439,6200
0.268137977,6199
0.268141148,6198
0.268145388,6197
0.268148278,6196
0.268151272,6195
0.268155558,6194
0.268160469,6193
0.268170559,6192
0.268174602,6191
0.268178934,6190
0.268182308,6189
0.268188391,6188
0.268192678,6187
0.268199655,6186
0.268203773,6185
0.268207697,6184
0.26821312,6183
0.268218269,6182
0.268223423,6181
0.268228066,6180
0.268234547,6179
0.268238771,6178
0.268243664,6177
0.268250744,6176
0.268255507,6175
0.268259294,6174
0.26826275,6173
0.268266262,6172
0.268271299,6171
0.268275384,6170
0.26827909,6169
0.268283068,6168
0.268286828,6167
0.268290393,6166
0.268298677,6165
0.268303886,6164
0.268312898,6163
0.268324581,6162
0.268331302,6161
0.26835713,6160
0.268363671,6159
0.268367789,6158
0.268371526,6157
0.268375246,6156
0.268378815,6155
0.268382871,6154
0.268386106,6153
0.268389735,6152
0.268393155,6151
0.268396339,6150
0.268401136,6149
0.26840435,6148
0.268407663,6147
0.268410993,6146
0.268414118,6145
0.268418649,6144
0.268421689,6143
0.268424881,6142
0.268427846,6141
0.268431152,6140
0.268434321,6139
0.268439268,6138
0.268450985,6137
0.268457418,6136
0.268461581,6135
0.26846912,6134
0.268472798,6133
0.268476238,6132
0.268479875,6131
0.268483225,6130
0.268488035,6129
0.268492141,6128
0.268525239,6127
0.26853024,6126
0.268537007,6125
0.268541423,6124
0.268545327,6123
0.268549417,6122
0.268553498,6121
0.268557656,6120
0.268561128,6119
0.268565413,6118
0.268569753,6117
0.268573478,6116
0.268576984,6115
0.268579888,6114
0.268585552,6113
0.26859626,6112
0.268601788,6111
0.2686054,6110
0.268610379,6109
0.268613872,6108
0.268617934,6107
0.268621692,6106
0.268626404,6105
0.268629865,6104
0.268633238,6103
0.268637529,6102
0.268640994,6101
0.268644181,6100
0.268647894,6099
0.268652939,6098
0.268655938,6097
0.268659309,6096
0.268663705,6095
0.268668409,6094
0.268673955,6093
0.268678805,6092
0.268684721,6091
0.268690454,6090
0.268695122,6089
0.268699142,6088
0.268702407,6087
0.268706366,6086
0.268711462,6085
0.268718161,6084
0.268722334,6083
0.269082428,6082
0.269085955,6081
0.269090458,6080
0.269094421,6079
0.269098829,6078
0.269102558,6077
0.269107565,6076
0.269114276,6075
0.269117833,6074
0.269122076,6073
0.26912586,6072
0.269129439,6071
0.269135997,6070
0.269141742,6069
0.26914608,6068
0.269151248,6067
0.269155018,6066
0.26915915,6065
0.269162768,6064
0.269167128,6063
0.269174797,6062
0.269177955,6061
0.26918217,6060
0.2691864,6059
0.269190296,6058
0.269196789,6057
0.269202057,6056
0.269206537,6055
0.269210051,6054
0.26921565,6053
0.269219802,6052
0.269224861,6051
0.269229654,6050
0.269234597,6049
0.269239741,6048
0.269294713,6047
0.269342143,6046
0.269379741,6045
0.269409298,6044
0.269443775,6043
0.269489763,6042
0.269501229,6041
0.269506243,6040
0.269511496,6039
0.269515443,6038
0.269520886,6037
0.269528616,6036
0.269568378,6035
0.269574189,6034
0.26958773,6033
0.269593239,6032
0.269600545,6031
0.269610308,6030
0.269625422,6029
0.269632535,6028
0.269637932,6027
0.269643228,6026
0.269647624,6025
0.26965431,6024
0.269658885,6023
0.269665545,6022
0.269670085,6021
0.269676457,6020
0.26968088,6019
0.269715765,6018
0.269720429,6017
0.269726138,6016
0.269730549,6015
0.269735035,6014
0.269739194,6013
0.269743748,6012
0.269748124,6011
0.269753224,6010
0.269759822,6009
0.269769987,6008
0.269775495,6007
0.269779598,6006
0.269783339,6005
0.269787923,6004
0.269792526,6003
0.269798068,6002
0.269802573,6001
0.269809201,6000
0.2698264,5999
0.269830799,5998
0.269834482,5997
0.269838937,5996
0.269843769,5995
0.269849666,5994
0.269853496,5993
0.269857665,5992
0.269861307,5991
0.269866572,5990
0.269871302,5989
0.269874925,5988
0.269879519,5987
0.269884051,5986
0.269888364,5985
0.269893997,5984
0.26989779,5983
0.269901765,5982
0.269905825,5981
0.269909747,5980
0.269921792,5979
0.269925163,5978
0.269928934,5977
0.269932483,5976
0.269937597,5975
0.269967557,5974
0.269972564,5973
0.270016782,5972
0.27002075,5971
0.270028072,5970
0.27003159,5969
0.270037745,5968
0.270043998,5967
0.270048427,5966
0.270054435,5965
0.270059085,5964
0.270063645,5963
0.27006755,5962
0.270071837,5961
0.270076038,5960
0.270089255,5959
0.270093534,5958
0.270103632,5957
0.270116313,5956
0.270120937,5955
0.270309678,5954
0.270317367,5953
0.27032727,5952
0.270336627,5951
0.270341956,5950
0.270346516,5949
0.270352304,5948
0.27035675,5947
0.270361305,5946
0.270365392,5945
0.270372713,5944
0.270376762,5943
0.270383228,5942
0.270388986,5941
0.270393007,5940
0.270399729,5939
0.270403982,5938
0.270408325,5937
0.270412336,5936
0.270416135,5935
0.27042,5934
0.270424313,5933
0.270429854,5932
0.270435064,5931
0.270438585,5930
0.270491059,5929
0.270496693,5928
0.270502972,5927
0.270507321,5926
0.270511417,5925
0.270516941,5924
0.270521037,5923
0.270550534,5922
0.270556434,5921
0.270562516,5920
0.270568594,5919
0.27057304,5918
0.270579059,5917
0.27058348,5916
0.270587784,5915
0.270592015,5914
0.2705961,5913
0.27059984,5912
0.270606164,5911
0.270610205,5910
0.270614053,5909
0.270618333,5908
0.270624382,5907
0.270629093,5906
0.270633128,5905
0.270638509,5904
0.270646858,5903
0.270654691,5902
0.270659656,5901
0.270666641,5900
0.270671568,5899
0.270675501,5898
0.270680006,5897
0.270685447,5896
0.270689184,5895
0.270693242,5894
0.27069647,5893
0.270702017,5892
0.27070768,5891
0.270711574,5890
0.270718094,5889
0.27073087,5888
0.270736144,5887
0.270742264,5886
0.270747296,5885
0.270752499,5884
0.270757201,5883
0.270762421,5882
0.270765803,5881
0.270770525,5880
0.270776702,5879
0.270781919,5878
0.27078535,5877
0.270791288,5876
0.270796951,5875
0.270800868,5874
0.270807031,5873
0.270813146,5872
0.270818196,5871
0.270823303,5870
0.270826874,5869
0.270833018,5868
0.270836318,5867
0.270843495,5866
0.270856021,5865
0.270859553,5864
0.270864171,5863
0.27087068,5862
0.270874394,5861
0.270879021,5860
0.270884341,5859
0.270887553,5858
0.270891247,5857
0.27089449,5856
0.270897696,5855
0.270901526,5854
0.270904445,5853
0.270909422,5852
0.270912742,5851
0.270917821,5850
0.270921359,5849
0.270925909,5848
0.270929718,5847
0.270933175,5846
0.270936365,5845
0.270939898,5844
0.270944693,5843
0.270949888,5842
0.270955919,5841
0.270959336,5840
0.270963484,5839
0.270969671,5838
0.270972623,5837
0.270976098,5836
0.270979202,5835
0.270988413,5834
0.270993947,5833
0.270998033,5832
0.271001573,5831
0.271008973,5830
0.271012651,5829
0.271016568,5828
0.271021501,5827
0.27102462,5826
0.271027931,5825
0.271032284,5824
0.271040747,5823
0.271046244,5822
0.271052134,5821
0.271059088,5820
0.271062192,5819
0.271066825,5818
0.27107379,5817
0.271077834,5816
0.271081226,5815
0.271085638,5814
0.271089835,5813
0.271093251,5812
0.271096103,5811
0.271099383,5810
0.271102258,5809
0.271108379,5808
0.271112287,5807
0.27111797,5806
0.271121118,5805
0.27112656,5804
0.271752783,5803
0.271792233,5802
0.271797089,5801
0.271802858,5800
0.271810233,5799
0.272661154,5798
0.2726705,5797
0.272675655,5796
0.272680156,5795
0.272694888,5794
0.272700761,5793
0.272705652,5792
0.272712202,5791
0.272718234,5790
0.272726352,5789
0.27273106,5788
0.27273454,5787
0.272737879,5786
0.272743723,5785
0.272750708,5784
0.272755333,5783
0.272758638,5782
0.272762045,5781
0.27276562,5780
0.272768898,5779
0.272775878,5778
0.272780628,5777
0.272785221,5776
0.27278927,5775
0.272793633,5774
0.272798333,5773
0.272802354,5772
0.272808265,5771
0.272813278,5770
0.272818376,5769
0.272823552,5768
0.272827014,5767
0.272831529,5766
0.272840772,5765
0.272844534,5764
0.272848151,5763
0.272855342,5762
0.272858746,5761
0.272865323,5760
0.272870223,5759
0.272903116,5758
0.272909812,5757
0.27291417,5756
0.272919587,5755
0.272923223,5754
0.272929361,5753
0.272935115,5752
0.272939125,5751
0.272948735,5750
0.27295231,5749
0.272957285,5748
0.272964938,5747
0.272968508,5746
0.272971967,5745
0.272976636,5744
0.272980608,5743
0.272984561,5742
0.272988052,5741
0.272992754,5740
0.272996049,5739
0.272999359,5738
0.273004447,5737
0.273008246,5736
0.273016725,5735
0.273020531,5734
0.273024648,5733
0.273033609,5732
0.273036874,5731
0.273045057,5730
0.273050244,5729
0.27306579,5728
0.273071517,5727
0.27307562,5726
0.273080987,5725
0.27308508,5724
0.273089235,5723
0.273094803,5722
0.273100748,5721
0.273114324,5720
0.273118313,5719
0.273129719,5718
0.273133685,5717
0.273137991,5716
0.273142377,5715
0.273147304,5714
0.273155053,5713
0.273163898,5712
0.273168153,5711
0.273173048,5710
0.273176766,5709
0.273182439,5708
0.273189187,5707
0.273217049,5706
0.273222843,5705
0.273229704,5704
0.273234459,5703
0.273239537,5702
0.273245954,5701
0.273303572,5700
0.273308415,5699
0.273314333,5698
0.273318771,5697
0.273328532,5696
0.273332931,5695
0.273363247,5694
0.2733692,5693
0.273372925,5692
0.273376495,5691
0.273383354,5690
0.273388185,5689
0.273393028,5688
0.273396135,5687
0.273399195,5686
0.273403798,5685
0.273411831,5684
0.273418375,5683
0.273424905,5682
0.273431453,5681
0.273444966,5680
0.273506716,5679
0.273515796,5678
0.273543586,5677
0.273549135,5676
0.273554776,5675
0.273558475,5674
0.273561836,5673
0.273565381,5672
0.273573079,5671
0.273577737,5670
0.273581986,5669
0.273585771,5668
0.273591224,5667
0.273594772,5666
0.273600479,5665
0.273604525,5664
0.273607802,5663
0.273611495,5662
0.273615696,5661
0.273618937,5660
0.273623008,5659
0.273625982,5658
0.273631646,5657
0.273635196,5656
0.273638013,5655
0.273642782,5654
0.27364726,5653
0.273650195,5652
0.273653051,5651
0.273656898,5650
0.273661455,5649
0.273666079,5648
0.273675401,5647
0.27368165,5646
0.273685368,5645
0.273689199,5644
0.273692198,5643
0.273694847,5642
0.273703138,5641
0.273708435,5640
0.273716366,5639
0.273720848,5638
0.273724586,5637
0.273730845,5636
0.273748986,5635
0.273757924,5634
0.273763135,5633
0.273766849,5632
0.273774081,5631
0.273778134,5630
0.273782875,5629
0.273790257,5628
0.273795919,5627
0.273801295,5626
0.273809993,5625
0.273824633,5624
0.273830683,5623
0.273834663,5622
0.273842933,5621
0.27385029,5620
0.273858547,5619
0.273862281,5618
0.273869849,5617
0.273874299,5616
0.273878332,5615
0.273882574,5614
0.27388835,5613
0.273895237,5612
0.273898604,5611
0.273903149,5610
0.273906303,5609
0.27391077,5608
0.273913905,5607
0.273917722,5606
0.273920909,5605
0.273923875,5604
0.273926837,5603
0.273932663,5602
0.273936838,5601
0.273940325,5600
0.273944286,5599
0.273950109,5598
0.273954933,5597
0.273958424,5596
0.273963326,5595
0.273970945,5594
0.273974957,5593
0.273979932,5592
0.273987922,5591
0.273991672,5590
0.274003014,5589
0.274006575,5588
0.274009846,5587
0.274017387,5586
0.274021066,5585
0.274024379,5584
0.274029036,5583
0.274032788,5582
0.274037183,5581
0.274041541,5580
0.274045001,5579
0.274052025,5578
0.27405596,5577
0.274063275,5576
0.274066489,5575
0.274070823,5574
0.274077443,5573
0.274083319,5572
0.274092259,5571
0.274094992,5570
0.274099679,5569
0.274102512,5568
0.27410703,5567
0.274111474,5566
0.27412265,5565
0.274125341,5564
0.274128854,5563
0.274424363,5562
0.274427287,5561
0.274431816,5560
0.274435588,5559
0.274439943,5558
0.274443919,5557
0.274446777,5556
0.274449416,5555
0.274452467,5554
0.274458701,5553
0.274461478,5552
0.274464087,5551
0.274467307,5550
0.274470045,5549
0.274473347,5548
0.274477766,5547
0.274480699,5546
0.274484668,5545
0.274487259,5544
0.274491049,5543
0.274495625,5542
0.274499375,5541
0.274501983,5540
0.274506456,5539
0.274512558,5538
0.274516491,5537
0.274522662,5536
0.274527699,5535
0.274540023,5534
0.274545204,5533
0.27454928,5532
0.274554989,5531
0.274563849,5530
0.27456747,5529
0.274570728,5528
0.274573829,5527
0.274577447,5526
0.274585937,5525
0.274590341,5524
0.274606442,5523
0.274613731,5522
0.274692924,5521
0.274702224,5520
0.274709116,5519
0.274712753,5518
0.274719387,5517
0.274725047,5516
0.274730883,5515
0.274735875,5514
0.274746515,5513
0.274769076,5512
0.274775258,5511
0.274820824,5510
0.274824904,5509
0.274834226,5508
0.274839833,5507
0.274847099,5506
0.274850566,5505
0.27485554,5504
0.27485885,5503
0.274869479,5502
0.274873084,5501
0.274876533,5500
0.274879482,5499
0.274882552,5498
0.274886796,5497
0.274890964,5496
0.274896083,5495
0.274901247,5494
0.27490465,5493
0.27490825,5492
0.274912766,5491
0.274918061,5490
0.274926431,5489
0.274932815,5488
0.274939549,5487
0.274944371,5486
0.274965166,5485
0.274970611,5484
0.274988225,5483
0.274995168,5482
0.275003318,5481
0.275028132,5480
0.275033241,5479
0.275037909,5478
0.275042407,5477
0.275048699,5476
0.275056395,5475
0.275066642,5474
0.275075987,5473
0.275084755,5472
0.275089353,5471
0.275098139,5470
0.27510534,5469
0.275109318,5468
0.275113463,5467
0.275170939,5466
0.275179831,5465
0.275184479,5464
0.275189203,5463
0.275192166,5462
0.275196761,5461
0.275205935,5460
0.275210393,5459
0.275239438,5458
0.275243956,5457
0.275252132,5456
0.275255578,5455
0.275262166,5454
0.275269509,5453
0.275272676,5452
0.275277113,5451
0.275285398,5450
0.275289592,5449
0.275293896,5448
0.275300526,5447
0.275304689,5446
0.275308913,5445
0.275312912,5444
0.275316753,5443
0.275321348,5442
0.275328354,5441
0.275333046,5440
0.275339641,5439
0.275348337,5438
0.275355406,5437
0.275362593,5436
0.275366907,5435
0.275372033,5434
0.275381878,5433
0.275386788,5432
0.275394309,5431
0.275403346,5430
0.275407824,5429
0.275413038,5428
0.275417038,5427
0.275423217,5426
0.275427065,5425
0.275432025,5424
0.275436486,5423
0.275440808,5422
0.275445042,5421
0.275449326,5420
0.275456063,5419
0.27546605,5418
0.275471118,5417
0.275480182,5416
0.275485907,5415
0.275490298,5414
0.275496633,5413
0.275505719,5412
0.275517662,5411
0.275522265,5410
0.275525859,5409
0.275530066,5408
0.275535368,5407
0.275539588,5406
0.275545507,5405
0.275553774,5404
0.275559337,5403
0.275567143,5402
0.27557302,5401
0.275576614,5400
0.275586307,5399
0.275596392,5398
0.27560392,5397
0.275607435,5396
0.275614201,5395
0.275622755,5394
0.275630855,5393
0.275635553,5392
0.275646341,5391
0.275650949,5390
0.275655191,5389
0.275689871,5388
0.275694591,5387
0.275701221,5386
0.275706421,5385
0.275746243,5384
0.275750779,5383
0.275759926,5382
0.275768725,5381
0.275774662,5380
0.275818564,5379
0.275853993,5378
0.27585831,5377
0.275887219,5376
0.275902659,5375
0.275908242,5374
0.275915847,5373
0.276260788,5372
0.276264666,5371
0.27626963,5370
0.276273218,5369
0.2762769,5368
0.276282674,5367
0.276286044,5366
0.276291639,5365
0.276297118,5364
0.276302972,5363
0.276307715,5362
0.276315966,5361
0.276319817,5360
0.276324596,5359
0.276331126,5358
0.276334781,5357
0.276341178,5356
0.276346474,5355
0.276350927,5354
0.276378874,5353
0.276382746,5352
0.276387943,5351
0.276418784,5350
0.276423204,5349
0.276426406,5348
0.276451019,5347
0.276458457,5346
0.276464182,5345
0.276469543,5344
0.276474885,5343
0.276503833,5342
0.276517179,5341
0.276530992,5340
0.276535326,5339
0.276563219,5338
0.276575427,5337
0.276581807,5336
0.276589519,5335
0.276605766,5334
0.276612773,5333
0.276643557,5332
0.276651587,5331
0.276655704,5330
0.276659516,5329
0.276673479,5328
0.276682514,5327
0.276686594,5326
0.276695784,5325
0.276699578,5324
0.276702406,5323
0.276708563,5322
0.276721229,5321
0.276727975,5320
0.276771376,5319
0.276775646,5318
0.276807335,5317
0.276814179,5316
0.276818621,5315
0.276824121,5314
0.276830775,5313
0.276835414,5312
0.276841711,5311
0.27684889,5310
0.276858533,5309
0.276862895,5308
0.276870375,5307
0.276877256,5306
0.276880027,5305
0.276887434,5304
0.276892572,5303
0.276900681,5302
0.276903912,5301
0.276909036,5300
0.276911963,5299
0.276915866,5298
0.276920239,5297
0.276940016,5296
0.276946893,5295
0.276951868,5294
0.276954178,5293
0.276957033,5292
0.276966578,5291
0.276971914,5290
0.276985471,5289
0.276988537,5288
0.276991354,5287
0.276994165,5286
0.276996761,5285
0.277003548,5284
0.277015228,5283
0.277019529,5282
0.277022274,5281
0.277024706,5280
0.277029005,5279
0.277073188,5278
0.277080065,5277
0.277083428,5276
0.277089635,5275
0.277093743,5274
0.27710275,5273
0.277122905,5272
0.277126264,5271
0.27713199,5270
0.277139863,5269
0.277142873,5268
0.277149034,5267
0.277156654,5266
0.277160456,5265
0.277168961,5264
0.277171884,5263
0.277177347,5262
0.277190087,5261
0.277193514,5260
0.277200335,5259
0.277205819,5258
0.277212709,5257
0.277226166,5256
0.277235429,5255
0.277396194,5254
0.277459874,5253
0.277652169,5252
0.277698241,5251
0.277738281,5250
0.27774969,5249
0.277754208,5248
0.277758284,5247
0.277767234,5246
0.277778743,5245
0.277806211,5244
0.277811196,5243
0.277816826,5242
0.277827736,5241
0.277831509,5240
0.277839304,5239
0.277846307,5238
0.277852315,5237
0.27785793,5236
0.277862737,5235
0.277866313,5234
0.27787382,5233
0.277883698,5232
0.277968968,5231
0.277973148,5230
0.277977541,5229
0.278419376,5228
0.278423759,5227
0.278427491,5226
0.278435938,5225
0.278439645,5224
0.278446019,5223
0.278457999,5222
0.278462078,5221
0.278470423,5220
0.278504794,5219
0.278515216,5218
0.278540455,5217
0.278543805,5216
0.278554952,5215
0.278562087,5214
0.278567474,5213
0.278579061,5212
0.278602883,5211
0.278609726,5210
0.278631098,5209
0.27863461,5208
0.278641872,5207
0.278648458,5206
0.278654944,5205
0.278661033,5204
0.278664611,5203
0.278669101,5202
0.278695812,5201
0.278700887,5200
0.278705027,5199
0.278729388,5198
0.278737048,5197
0.278746405,5196
0.278754695,5195
0.27875731,5194
0.278767774,5193
0.27877244,5192
0.278785729,5191
0.27879537,5190
0.278799845,5189
0.278823556,5188
0.278828299,5187
0.278843268,5186
0.278851353,5185
0.278896778,5184
0.278902345,5183
0.278961579,5182
0.278973702,5181
0.278977022,5180
0.278980317,5179
0.278983729,5178
0.27901275,5177
0.27901769,5176
0.279031392,5175
0.279037395,5174
0.279040227,5173
0.279046422,5172
0.279050229,5171
0.279056762,5170
0.279061023,5169
0.279087839,5168
0.279100428,5167
0.279105265,5166
0.27911016,5165
0.27911896,5164
0.279135486,5163
0.279149178,5162
0.2791626,5161
0.279216293,5160
0.279222935,5159
0.279226578,5158
0.279271357,5157
0.279274575,5156
0.279278219,5155
0.279281424,5154
0.279285349,5153
0.279289487,5152
0.27929668,5151
0.279310153,5150
0.279315463,5149
0.279319124,5148
0.27932434,5147
0.279327886,5146
0.279332458,5145
0.279338849,5144
0.279343714,5143
0.279362254,5142
0.279367411,5141
0.279371769,5140
0.279380268,5139
0.279390663,5138
0.279397001,5137
0.279408339,5136
0.279412094,5135
0.27941743,5134
0.27942443,5133
0.279428753,5132
0.279436404,5131
0.279447843,5130
0.279451491,5129
0.279454571,5128
0.279460306,5127
0.279463914,5126
0.279480757,5125
0.279485997,5124
0.279489816,5123
0.279495662,5122
0.279498607,5121
0.27950209,5120
0.279506605,5119
0.279510642,5118
0.279516292,5117
0.279522947,5116
0.279527448,5115
0.279533685,5114
0.279543995,5113
0.279549787,5112
0.279552876,5111
0.279559714,5110
0.279563359,5109
0.279565926,5108
0.279572681,5107
0.279583221,5106
0.279586351,5105
0.279931479,5104
0.279935736,5103
0.279940533,5102
0.279945175,5101
0.279950036,5100
0.279957689,5099
0.27996194,5098
0.279973409,5097
0.279977864,5096
0.279985665,5095
0.279992478,5094
0.280003618,5093
0.280010704,5092
0.280015903,5091
0.280019791,5090
0.280027188,5089
0.280032287,5088
0.280037429,5087
0.280045227,5086
0.280062826,5085
0.280066403,5084
0.280078188,5083
0.280086323,5082
0.280094199,5081
0.280105189,5080
0.280118063,5079
0.280121641,5078
0.280153871,5077
0.280157037,5076
0.280163773,5075
0.280170761,5074
0.28017393,5073
0.280182587,5072
0.280204412,5071
0.280217748,5070
0.280222278,5069
0.280232616,5068
0.280235661,5067
0.280240143,5066
0.280246505,5065
0.280258571,5064
0.280262067,5063
0.280264604,5062
0.280270599,5061
0.280275344,5060
0.280278385,5059
0.280285307,5058
0.280289192,5057
0.280294934,5056
0.280298924,5055
0.28030218,5054
0.280308135,5053
0.280314432,5052
0.280320204,5051
0.280328234,5050
0.280333044,5049
0.280336324,5048
0.280339635,5047
0.280356907,5046
0.280362261,5045
0.280366414,5044
0.280385289,5043
0.280393327,5042
0.280399843,5041
0.280403636,5040
0.2804138,5039
0.280420035,5038
0.280424708,5037
0.280441215,5036
0.280447503,5035
0.280456003,5034
0.280458992,5033
0.280462812,5032
0.28046739,5031
0.280473822,5030
0.280478402,5029
0.280481557,5028
0.280491544,5027
0.280498932,5026
0.280502582,5025
0.28050705,5024
0.280525831,5023
0.280532133,5022
0.280535007,5021
0.280547602,5020
0.280551077,5019
0.280568313,5018
0.280573507,5017
0.280576976,5016
0.280581796,5015
0.280586565,5014
0.280625696,5013
0.280629317,5012
0.280635482,5011
0.280640104,5010
0.280662345,5009
0.28066694,5008
0.280672032,5007
0.280683369,5006
0.280707345,5005
0.280711993,5004
0.280715184,5003
0.280739902,5002
0.280745518,5001
0.280751479,5000
0.280757341,4999
0.280764917,4998
0.280769509,4997
0.280772808,4996
0.280775584,4995
0.280779578,4994
0.280826054,4993
0.280830303,4992
0.280834023,4991
0.280838229,4990
0.28084293,4989
0.280879379,4988
0.280899416,4987
0.281699638,4986
0.281708732,4985
0.281712946,4984
0.281716332,4983
0.281720694,4982
0.281724847,4981
0.281747091,4980
0.281766863,4979
0.281795741,4978
0.281802394,4977
0.281807273,4976
0.281829217,4975
0.28185104,4974
0.281868507,4973
0.281873139,4972
0.281878025,4971
0.281882444,4970
0.281919199,4969
0.281959032,4968
0.281963172,4967
0.281966106,4966
0.282005808,4965
0.282014395,4964
0.282019687,4963
0.282040125,4962
0.282049192,4961
0.282078197,4960
0.282085509,4959
0.28209263,4958
0.282097535,4957
0.282101833,4956
0.282125157,4955
0.282131605,4954
0.28214973,4953
0.282158696,4952
0.282162281,4951
0.282165266,4950
0.282169468,4949
0.2821743,4948
0.282179982,4947
0.282184886,4946
0.282190806,4945
0.282200922,4944
0.282218266,4943
0.282233034,4942
0.282238727,4941
0.282260292,4940
0.282273494,4939
0.28228729,4938
0.282298452,4937
0.282305011,4936
0.282308848,4935
0.282326288,4934
0.282343666,4933
0.282348642,4932
0.282360563,4931
0.282369592,4930
0.282378641,4929
0.282383216,4928
0.282389571,4927
0.282397748,4926
0.282416261,4925
0.282427352,4924
0.282437424,4923
0.282525129,4922
0.28256127,4921
0.28256846,4920
0.282611152,4919
0.28262399,4918
0.282643395,4917
0.282678492,4916
0.282705998,4915
0.282710096,4914
0.283249149,4913
0.283253911,4912
0.283276192,4911
0.283305077,4910
0.283311849,4909
0.283335337,4908
0.283361028,4907
0.28337611,4906
0.283402639,4905
0.283412024,4904
0.283416721,4903
0.2834263,4902
0.283430254,4901
0.283446689,4900
0.283456686,4899
0.283460494,4898
0.283474708,4897
0.283479307,4896
0.283492404,4895
0.283501054,4894
0.283506539,4893
0.283529197,4892
0.283581081,4891
0.283599024,4890
0.283613252,4889
0.283625684,4888
0.283630675,4887
0.283657951,4886
0.283666947,4885
0.28367748,4884
0.283689894,4883
0.283711482,4882
0.283735393,4881
0.283747186,4880
0.283768387,4879
0.283787221,4878
0.283791421,4877
0.283807953,4876
0.283843702,4875
0.283873641,4874
0.283883314,4873
0.283893782,4872
0.283952302,4871
0.283964493,4870
0.283985727,4869
0.28400185,4868
0.284011266,4867
0.284023368,4866
0.284028158,4865
0.284033645,4864
0.284037134,4863
0.284047935,4862
0.284377402,4861
0.284381356,4860
0.284396928,4859
0.284435218,4858
0.284441137,4857
0.284469867,4856
0.284484341,4855
0.284488703,4854
0.284526938,4853
0.284550724,4852
0.284666047,4851
0.284703723,4850
0.284739901,4849
0.284763248,4848
0.284768821,4847
0.284773576,4846
0.284792391,4845
0.284811861,4844
0.284816443,4843
0.284820541,4842
0.284825037,4841
0.284835461,4840
0.284853973,4839
0.284860054,4838
0.284866011,4837
0.284871694,4836
0.284875538,4835
0.284905738,4834
0.284922065,4833
0.284948603,4832
0.284952404,4831
0.284962435,4830
0.284967132,4829
0.284972546,4828
0.284979502,4827
0.284984912,4826
0.284988202,4825
0.284991785,4824
0.285008521,4823
0.285010955,4822
0.285031338,4821
0.285057971,4820
0.285062773,4819
0.285289793,4818
0.285308467,4817
0.285313631,4816
0.285328288,4815
0.285331466,4814
0.285335677,4813
0.285341034,4812
0.285352446,4811
0.285357451,4810
0.285360467,4809
0.285393255,4808
0.285405401,4807
0.285430164,4806
0.285435816,4805
0.285440571,4804
0.285445487,4803
0.285486959,4802
0.285498303,4801
0.285507495,4800
0.285510424,4799
0.285513423,4798
0.285524873,4797
0.285544226,4796
0.285552875,4795
0.285585388,4794
0.285590271,4793
0.285809842,4792
0.285833706,4791
0.285859199,4790
0.285880654,4789
0.285905692,4788
0.285914626,4787
0.285925421,4786
0.285930627,4785
0.285935315,4784
0.285939356,4783
0.285944649,4782
0.285960518,4781
0.285978756,4780
0.285982973,4779
0.285990462,4778
0.285997391,4777
0.28600384,4776
0.286019609,4775
0.286027096,4774
0.286216329,4773
0.2862274,4772
0.286242518,4771
0.286262284,4770
0.286296476,4769
0.286317454,4768
0.286341435,4767
0.286348393,4766
0.286361562,4765
0.286381509,4764
0.286390206,4763
0.286398476,4762
0.286403469,4761
0.28675472,4760
0.286759134,4759
0.286835862,4758
0.28685096,4757
0.286894724,4756
0.286987849,4755
0.287050305,4754
0.287134596,4753
0.28717754,4752
0.287437521,4751
0.287440759,4750
0.287536124,4749
0.287541723,4748
0.287720366,4747
0.394818853,4746
0.454394616,4745
0.471019505,4744
0.48167777,4743
0.504677947,4742
0.519908395,4741
0.533844108,4740
0.557301513,4739
0.569368152,4738
0.580783518,4737
0.597025874,4736
0.61301162,4735
0.631084128,4734
0.677279544,4733
0.693446537,4732
0.7243952,4731
0.748921057,4730
0.767055699,4729
0.779455338,4728
0.790187741,4727
0.799489051,4726
0.808869661,4725
0.834444084,4724
0.851544952,4723
0.873921065,4722
0.883533053,4721
0.899586914,4720
0.908952017,4719
0.958164398,4718
0.987265488,4717
1.015279007,4716
1.026681996,4715
1.042003183,4714
1.078500571,4713
1.102034725,4712
1.153442176,4711
1.186043919,4710
1.201737989,4709
1.240018545,4708
1.261173245,4707
1.279983649,4706
1.295332833,4705
1.316489792,4704
1.332008263,4703
1.346535982,4702
1.355725108,4701
1.381068763,4700
1.399416934,4699
1.406316428,4698
1.416626484,4697
1.431764979,4696
1.459453335,4695
1.475873707,4694
1.482997506,4693
1.497474807,4692
1.507312996,4691
1.529873657,4690
1.541854417,4689
1.550381535,4688
1.57165906,4687
1.580277885,4686
1.605471702,4685
1.614301534,4684
1.634881578,4683
1.666841646,4682
1.676712112,4681
1.697895986,4680
1.729522787,4679
1.739532995,4678
1.747264902,4677
1.760113795,4676
1.775046404,4675
1.817241582,4674
1.825735068,4673
1.835090857,4672
1.842815868,4671
1.871780669,4670
1.896534413,4669
1.908622443,4668
1.920197847,4667
2.024843557,4666
2.043202335,4665
2.06152992,4664
2.080457007,4663
2.102000439,4662
2.128676023,4661
2.139738701,4660
2.17125382,4659
2.209811353,4658
2.261018943,4657
2.33104298,4656
2.346731035,4655
2.362591763,4654
2.383557686,4653
2.509597427,4652
2.521156089,4651
2.535635713,4650
2.579409839,4649
2.619982757,4648
2.674888853,4647
2.707415756,4646
2.758797303,4645
2.773659433,4644
2.797684756,4643
2.83123216,4642
2.845275523,4641
2.892481814,4640
2.957100243,4639
2.970318924,4638
3.0195504,4637
3.033540096,4636
3.046178955,4635
3.053401153,4634
3.085524912,4633
3.102651124,4632
3.113494605,4631
3.12167954,4630
3.18217572,4629
3.213296562,4628
3.232182861,4627
3.310905871,4626
3.366571791,4625
3.40236113,4624
3.413803697,4623
3.429802519,4622
3.501029927,4621
3.612458654,4620
3.670234007,4619
3.683387655,4618
3.83549188,4617
3.967359212,4616
4.085716127,4615
4.203243207,4614
4.534026866,4613
