0.498570738,10181
0.498650779,10180
0.498687172,10179
0.498719108,10178
0.498803559,10177
0.498823707,10176
0.498839581,10175
0.498847291,10174
0.498853823,10173
0.498874436,10172
0.498880679,10171
0.498887359,10170
0.498894582,10169
0.498902402,10168
0.498909339,10167
0.498959057,10166
0.498967113,10165
0.498974784,10164
0.498981705,10163
0.499002137,10162
0.499165477,10161
0.499844332,10160
0.499861445,10159
0.499868546,10158
0.499889587,10157
0.49989983,10156
0.499911554,10155
0.499923831,10154
0.49993171,10153
0.499939603,10152
0.499946196,10151
0.499968226,10150
0.499974731,10149
0.499993571,10148
0.500001432,10147
0.500007795,10146
0.500030703,10145
0.500039747,10144
0.500046634,10143
0.50005398,10142
0.500060941,10141
0.500067659,10140
0.500074256,10139
0.500082446,10138
0.50010429,10137
0.500126094,10136
0.500151537,10135
0.50017692,10134
0.500183286,10133
0.500193039,10132
0.500201219,10131
0.500208589,10130
0.500214944,10129
0.500236398,10128
0.500243942,10127
0.500251647,10126
0.50025817,10125
0.500265379,10124
0.500271785,10123
0.500278099,10122
0.500304749,10121
0.500353292,10120
0.500363863,10119
0.500372586,10118
0.500889379,10117
0.500900206,10116
0.500989456,10115
0.501080132,10114
0.501162868,10113
0.501172363,10112
0.501179749,10111
0.501186489,10110
0.501283227,10109
0.501352533,10108
0.501436294,10107
0.50147577,10106
0.501491885,10105
0.501506365,10104
0.501516969,10103
0.501526849,10102
0.501537197,10101
0.501544311,10100
0.501620673,10099
0.501634886,10098
0.50164456,10097
0.501722557,10096
0.501731327,10095
0.501744952,10094
0.501753579,10093
0.501767239,10092
0.501775585,10091
0.501789272,10090
0.50189371,10089
0.501912762,10088
0.501918418,10087
0.501926115,10086
0.501932379,10085
0.5019374,10084
0.501942044,10083
0.501959946,10082
0.50196606,10081
0.501972561,10080
0.501977361,10079
0.501984228,10078
0.501989573,10077
0.501995617,10076
0.502002571,10075
0.502007298,10074
0.502012149,10073
0.502016796,10072
0.502031637,10071
0.502038239,10070
0.502047395,10069
0.50205414,10068
0.502060967,10067
0.50206827,10066
0.502080183,10065
0.502088276,10064
0.502097292,10063
0.502105904,10062
0.502114322,10061
0.502121888,10060
0.502128966,10059
0.502135434,10058
0.502142567,10057
0.502150593,10056
0.502159346,10055
0.502261778,10054
0.502273212,10053
0.502284416,10052
0.502299868,10051
0.502306526,10050
0.502312012,10049
0.502316521,10048
0.502321446,10047
0.502326073,10046
0.50236128,10045
0.502366048,10044
0.502370207,10043
0.502374323,10042
0.502378838,10041
0.50238304,10040
0.502386976,10039
0.50239053,10038
0.502395131,10037
0.502402051,10036
0.502407993,10035
0.502413305,10034
0.502419306,10033
0.502427199,10032
0.502434662,10031
0.502438972,10030
0.502444621,10029
0.502449167,10028
0.502455212,10027
0.502471887,10026
0.502476918,10025
0.502481314,10024
0.5024852,10023
0.502488973,10022
0.502492619,10021
0.502496375,10020
0.502501192,10019
0.502505198,10018
0.502526798,10017
0.502530968,10016
0.502535297,10015
0.502539552,10014
0.502544307,10013
0.502548295,10012
0.502552381,10011
0.502560145,10010
0.502564786,10009
0.502568362,10008
0.502572159,10007
0.502576061,10006
0.50257953,10005
0.502583396,10004
0.50258727,10003
0.502590963,10002
0.502607864,10001
0.502611753,10000
0.50261562,9999
0.502620862,9998
0.502624559,9997
0.502628851,9996
0.502638201,9995
0.502644345,9994
0.502661625,9993
0.502665494,9992
0.502670003,9991
0.502673699,9990
0.502689272,9989
0.502697385,9988
0.502702559,9987
0.502706869,9986
0.502711137,9985
0.502717271,9984
0.502736762,9983
0.502740511,9982
0.502743944,9981
0.502750093,9980
0.50275823,9979
0.502765227,9978
0.502814022,9977
0.502823351,9976
0.50283286,9975
0.502839269,9974
0.502844266,9973
0.502847952,9972
0.502852065,9971
0.502855323,9970
0.502858819,9969
0.502864149,9968
0.50287556,9967
0.502879697,9966
0.502883702,9965
0.502971101,9964
0.503040843,9963
0.503065588,9962
0.503069962,9961
0.503073463,9960
0.503077276,9959
0.503080683,9958
0.503097413,9957
0.503101327,9956
0.503105874,9955
0.503109702,9954
0.503113683,9953
0.503117964,9952
0.503122109,9951
0.503126647,9950
0.503130512,9949
0.503148241,9948
0.503152371,9947
0.503172161,9946
0.50317725,9945
0.50318238,9944
0.503188234,9943
0.50319253,9942
0.503207115,9941
0.503212117,9940
0.503272188,9939
0.50327526,9938
0.50327817,9937
0.503281607,9936
0.503285927,9935
0.503291487,9934
0.503296908,9933
0.503304748,9932
0.503308403,9931
0.503313404,9930
0.503317088,9929
0.503320664,9928
0.503325653,9927
0.503334873,9926
0.503339249,9925
0.503365947,9924
0.503372342,9923
0.503472314,9922
0.503482357,9921
0.503492353,9920
0.503496527,9919
0.503500607,9918
0.503505205,9917
0.503509462,9916
0.50351418,9915
0.503584614,9914
0.503592498,9913
0.50359592,9912
0.50359924,9911
0.503602808,9910
0.503648724,9909
0.503653192,9908
0.503658209,9907
0.503662558,9906
0.503666392,9905
0.503672619,9904
0.503719284,9903
0.503740409,9902
0.503745244,9901
0.503749597,9900
0.503754627,9899
0.503758959,9898
0.503763626,9897
0.503767889,9896
0.50377253,9895
0.503777958,9894
0.503782051,9893
0.503786182,9892
0.503805479,9891
0.503840601,9890
0.503844716,9889
0.503849026,9888
0.503853127,9887
0.503857679,9886
0.503862972,9885
0.503867198,9884
0.503871232,9883
0.503905081,9882
0.503923927,9881
0.503927829,9880
0.503932687,9879
0.503940987,9878
0.503974957,9877
0.503979261,9876
0.50398544,9875
0.503989284,9874
0.504024451,9873
0.504036866,9872
0.504046956,9871
0.504064008,9870
0.504067245,9869
0.504074707,9868
0.504080379,9867
0.504086767,9866
0.504095283,9865
0.50410064,9864
0.504105385,9863
0.504109033,9862
0.504113354,9861
0.504119694,9860
0.504124388,9859
0.504138441,9858
0.504147902,9857
0.504153504,9856
0.505335875,9855
0.505345506,9854
0.505356313,9853
0.505365143,9852
0.505369378,9851
0.505372774,9850
0.505375958,9849
0.505379803,9848
0.505382986,9847
0.505386696,9846
0.505390956,9845
0.50539443,9844
0.505398109,9843
0.505401676,9842
0.505419346,9841
0.505423831,9840
0.505433453,9839
0.505438184,9838
0.505447791,9837
0.50545601,9836
0.505462426,9835
0.505468854,9834
0.505484445,9833
0.505499048,9832
0.505505356,9831
0.505508755,9830
0.505512368,9829
0.505515852,9828
0.505519121,9827
0.505522044,9826
0.505528363,9825
0.505536035,9824
0.505542965,9823
0.505576506,9822
0.505583566,9821
0.505589592,9820
0.505600232,9819
0.505604788,9818
0.505609062,9817
0.505615651,9816
0.505620471,9815
0.505629493,9814
0.505633988,9813
0.505638745,9812
0.505644182,9811
0.505648575,9810
0.505652718,9809
0.505658141,9808
0.505666273,9807
0.505676103,9806
0.505682266,9805
0.505688196,9804
0.506345483,9803
0.506443957,9802
0.506483258,9801
0.506490267,9800
0.506504694,9799
0.506534741,9798
0.506600868,9797
0.506611755,9796
0.506618271,9795
0.506653112,9794
0.506660407,9793
0.506727969,9792
0.506732042,9791
0.506735789,9790
0.506738549,9789
0.506742613,9788
0.506745485,9787
0.506748626,9786
0.506751713,9785
0.506759136,9784
0.50677177,9783
0.506776213,9782
0.506779609,9781
0.506782916,9780
0.506786479,9779
0.506791977,9778
0.50681733,9777
0.506826823,9776
0.506835421,9775
0.506842199,9774
0.50686997,9773
0.506873431,9772
0.506876186,9771
0.506879206,9770
0.506882598,9769
0.506886124,9768
0.5068894,9767
0.506892019,9766
0.506898544,9765
0.506901883,9764
0.506905183,9763
0.506907954,9762
0.506910437,9761
0.506913714,9760
0.506916245,9759
0.506924114,9758
0.506927424,9757
0.506957127,9756
0.50695988,9755
0.506963142,9754
0.506966414,9753
0.506970596,9752
0.506973996,9751
0.506977115,9750
0.506982327,9749
0.507085774,9748
0.50709167,9747
0.507097239,9746
0.507100955,9745
0.50710448,9744
0.507108075,9743
0.507111498,9742
0.507115057,9741
0.507118469,9740
0.507122095,9739
0.507125106,9738
0.50712906,9737
0.50713226,9736
0.507135225,9735
0.507137934,9734
0.507140923,9733
0.50714426,9732
0.507149522,9731
0.507997213,9730
0.509691789,9729
0.509696929,9728
0.509708191,9727
0.509712236,9726
0.509715721,9725
0.509720418,9724
0.509724639,9723
0.50972921,9722
0.50973297,9721
0.50973665,9720
0.509742001,9719
0.509747209,9718
0.509751815,9717
0.509757083,9716
0.50976156,9715
0.509766602,9714
0.50979164,9713
0.509797046,9712
0.509807566,9711
0.509846858,9710
0.509854266,9709
0.50989726,9708
0.509938861,9707
0.509981561,9706
0.509992561,9705
0.509998882,9704
0.510008348,9703
0.510012962,9702
0.510021358,9701
0.510031345,9700
0.510037298,9699
0.510079066,9698
0.510112838,9697
0.510118332,9696
0.510121267,9695
0.510123422,9694
0.510126533,9693
0.510129556,9692
0.510132308,9691
0.510135817,9690
0.510138497,9689
0.510156007,9688
0.510159276,9687
0.510170222,9686
0.510174141,9685
0.510177268,9684
0.510179569,9683
0.510182909,9682
0.510185703,9681
0.510189307,9680
0.510192467,9679
0.510196663,9678
0.510202568,9677
0.510206438,9676
0.510211573,9675
0.510245153,9674
0.510630606,9673
0.510657386,9672
0.510666707,9671
0.510673161,9670
0.513601054,9669
0.513655734,9668
0.513675295,9667
0.513679301,9666
0.513682766,9665
0.513686139,9664
0.51368929,9663
0.513692897,9662
0.513697337,9661
0.513703356,9660
0.513712426,9659
0.513717373,9658
0.513722345,9657
0.513726887,9656
0.513730806,9655
0.513736352,9654
0.513741252,9653
0.513745253,9652
0.513768392,9651
0.513889013,9650
0.513894065,9649
0.513897799,9648
0.513901598,9647
0.513981733,9646
0.513986399,9645
0.513996356,9644
0.514000664,9643
0.514006237,9642
0.514010153,9641
0.514013831,9640
0.514017112,9639
0.51402168,9638
0.51403956,9637
0.514089237,9636
0.514113514,9635
0.514150475,9634
0.514166703,9633
0.514191614,9632
0.514228638,9631
0.514238044,9630
0.514248241,9629
0.514251619,9628
0.514255135,9627
0.514258337,9626
0.514263147,9625
0.514267363,9624
0.514270249,9623
0.514272684,9622
0.514276167,9621
0.514278489,9620
0.514281267,9619
0.51428388,9618
0.514286532,9617
0.51428938,9616
0.514292032,9615
0.514294687,9614
0.514297287,9613
0.5142999,9612
0.51430309,9611
0.514305916,9610
0.514309079,9609
0.51431159,9608
0.514314144,9607
0.51431626,9606
0.514318541,9605
0.514321534,9604
0.514324982,9603
0.514329378,9602
0.51433541,9601
0.514339059,9600
0.514343158,9599
0.514346942,9598
0.514375092,9597
0.514384444,9596
0.514421871,9595
0.514444465,9594
0.514466809,9593
0.514487525,9592
0.51468229,9591
0.514881486,9590
0.514895319,9589
0.514934372,9588
0.514980421,9587
0.515007054,9586
0.515012763,9585
0.515031919,9584
0.515046124,9583
0.515052279,9582
0.515208223,9581
0.515212435,9580
0.515223652,9579
0.515233972,9578
0.51524328,9577
0.515248063,9576
0.515252103,9575
0.51525516,9574
0.515257844,9573
0.515260639,9572
0.515263166,9571
0.515266293,9570
0.515269176,9569
0.515272276,9568
0.515275114,9567
0.515277823,9566
0.515280646,9565
0.51528339,9564
0.515286556,9563
0.515289698,9562
0.515292242,9561
0.515295611,9560
0.515308252,9559
0.51531228,9558
0.51532247,9557
0.515341512,9556
0.515367281,9555
0.515389971,9554
0.515402268,9553
0.515419485,9552
0.515434915,9551
0.515442845,9550
0.51545067,9549
0.515457212,9548
0.515460223,9547
0.515468904,9546
0.515476883,9545
0.515481758,9544
0.515484566,9543
0.515490475,9542
0.51550335,9541
0.515516669,9540
0.515522091,9539
0.515526997,9538
0.515619158,9537
0.515655845,9536
0.515662238,9535
0.515670603,9534
0.515674497,9533
0.515678241,9532
0.515695441,9531
0.515698509,9530
0.51570155,9529
0.515704902,9528
0.51571463,9527
0.515718935,9526
0.515723688,9525
0.515727743,9524
0.515731343,9523
0.515812597,9522
0.515816779,9521
0.515820594,9520
0.515913453,9519
0.515918383,9518
0.515922001,9517
0.515927369,9516
0.515930389,9515
0.515935461,9514
0.51593853,9513
0.515940742,9512
0.515943624,9511
0.515947192,9510
0.515951252,9509
0.515955232,9508
0.515958584,9507
0.515962674,9506
0.515968223,9505
0.515976999,9504
0.515982444,9503
0.515986689,9502
0.515991155,9501
0.515994797,9500
0.515998384,9499
0.51600164,9498
0.516005,9497
0.516016601,9496
0.516020108,9495
0.516120038,9494
0.516124608,9493
0.516156445,9492
0.516161395,9491
0.516165892,9490
0.516170359,9489
0.516173733,9488
0.516177926,9487
0.516189176,9486
0.516194828,9485
0.51619942,9484
0.516203007,9483
0.516207524,9482
0.516215194,9481
0.516219738,9480
0.516224388,9479
0.516228833,9478
0.516233491,9477
0.516237126,9476
0.516241219,9475
0.516244266,9474
0.516307419,9473
0.516310847,9472
0.516317458,9471
0.51632311,9470
0.5163289,9469
0.516332515,9468
0.516338079,9467
0.516470371,9466
0.516477261,9465
0.516481379,9464
0.516486141,9463
0.516490167,9462
0.516494153,9461
0.51649764,9460
0.516501865,9459
0.516505148,9458
0.516509804,9457
0.5165131,9456
0.516517026,9455
0.516520777,9454
0.516523765,9453
0.516526751,9452
0.516529657,9451
0.51653249,9450
0.516535276,9449
0.516537973,9448
0.516540573,9447
0.51654328,9446
0.516546044,9445
0.516553906,9444
0.516678258,9443
0.516684678,9442
0.516690139,9441
0.516693902,9440
0.516776936,9439
0.516781491,9438
0.516784989,9437
0.516788962,9436
0.516792603,9435
0.516797971,9434
0.516802169,9433
0.516812417,9432
0.516822522,9431
0.516828091,9430
0.51683369,9429
0.516839002,9428
0.516843131,9427
0.516852596,9426
0.516871481,9425
0.516957795,9424
0.516975446,9423
0.517037737,9422
0.517060073,9421
0.517088935,9420
0.517097576,9419
0.517119609,9418
0.517133804,9417
0.517145938,9416
0.517151056,9415
0.517157328,9414
0.517165222,9413
0.517189921,9412
0.517217938,9411
0.517242833,9410
0.517250937,9409
0.517254335,9408
0.517258209,9407
0.517261265,9406
0.517264247,9405
0.517267582,9404
0.517270668,9403
0.51727368,9402
0.517276307,9401
0.51727943,9400
0.517282374,9399
0.517285872,9398
0.517292056,9397
0.517296566,9396
0.517301252,9395
0.517309571,9394
0.517365174,9393
0.517370372,9392
0.517374782,9391
0.517379525,9390
0.517383862,9389
0.517387319,9388
0.517425873,9387
0.517429394,9386
0.517463653,9385
0.517485795,9384
0.517507968,9383
0.517525429,9382
0.517548793,9381
0.5175533,9380
0.517569704,9379
0.517591837,9378
0.517603937,9377
0.517615933,9376
0.517629687,9375
0.517654641,9374
0.517670341,9373
0.517681702,9372
0.517699066,9371
0.517880232,9370
0.517973871,9369
0.517987019,9368
0.517992825,9367
0.517996325,9366
0.518004796,9365
0.518008806,9364
0.518012795,9363
0.518017922,9362
0.518021989,9361
0.518026068,9360
0.518029655,9359
0.518033018,9358
0.518035929,9357
0.518039171,9356
0.518042059,9355
0.518045416,9354
0.518048436,9353
0.518051174,9352
0.518053836,9351
0.51805678,9350
0.518059452,9349
0.518062456,9348
0.518065205,9347
0.518067723,9346
0.51807171,9345
0.518074847,9344
0.518077857,9343
0.518088015,9342
0.518092499,9341
0.518097029,9340
0.518101392,9339
0.518105012,9338
0.518109222,9337
0.518114196,9336
0.518117692,9335
0.518121064,9334
0.518156663,9333
0.518161346,9332
0.518164472,9331
0.518167796,9330
0.518170766,9329
0.518176269,9328
0.518189204,9327
0.51827982,9326
0.518289118,9325
0.518409773,9324
0.518413289,9323
0.518417848,9322
0.518421971,9321
0.518427415,9320
0.51843101,9319
0.518435596,9318
0.518439031,9317
0.518442953,9316
0.518445942,9315
0.518450372,9314
0.518454342,9313
0.518458563,9312
0.518508083,9311
0.518548832,9310
0.518585166,9309
0.518613481,9308
0.518642534,9307
0.518672245,9306
0.518688503,9305
0.518717604,9304
0.518731296,9303
0.518756259,9302
0.51890202,9301
0.518916619,9300
0.51909854,9299
0.519120966,9298
0.519134149,9297
0.519141499,9296
0.519145819,9295
0.519151688,9294
0.519155459,9293
0.519203895,9292
0.519209834,9291
0.519218601,9290
0.519658363,9289
0.519685302,9288
0.519691145,9287
0.519695557,9286
0.519714532,9285
0.519717838,9284
0.519741849,9283
0.51975988,9282
0.519798626,9281
0.519803481,9280
0.519807353,9279
0.519810597,9278
0.51981628,9277
0.51982067,9276
0.519824125,9275
0.519828563,9274
0.519832117,9273
0.519835548,9272
0.519838589,9271
0.519841533,9270
0.519845149,9269
0.519848837,9268
0.519852179,9267
0.519855822,9266
0.519859031,9265
0.519862532,9264
0.519867151,9263
0.519871608,9262
0.519875579,9261
0.519879627,9260
0.519883901,9259
0.519888299,9258
0.51997042,9257
0.519975868,9256
0.519979173,9255
0.51998385,9254
0.519987485,9253
0.519993633,9252
0.520003831,9251
0.520007859,9250
0.520011817,9249
0.520015403,9248
0.520018748,9247
0.520021945,9246
0.520025358,9245
0.520029076,9244
0.520032525,9243
0.520037192,9242
0.520040987,9241
0.520044351,9240
0.520047807,9239
0.520051242,9238
0.520054602,9237
0.520057795,9236
0.52006118,9235
0.52006389,9234
0.520066512,9233
0.52007075,9232
0.520074292,9231
0.520077807,9230
0.520081028,9229
0.5200846,9228
0.520087566,9227
0.520090848,9226
0.520094339,9225
0.520097089,9224
0.52010034,9223
0.520108054,9222
0.520111141,9221
0.520114283,9220
0.520140845,9219
0.520144388,9218
0.520148521,9217
0.520151509,9216
0.520155701,9215
0.520158842,9214
0.520162539,9213
0.520166195,9212
0.520170953,9211
0.520175127,9210
0.520178836,9209
0.52018322,9208
0.520236353,9207
0.520239247,9206
0.520242443,9205
0.520248889,9204
0.520254298,9203
0.520257653,9202
0.520260606,9201
0.520264514,9200
0.520267925,9199
0.520271125,9198
0.520274071,9197
0.520277421,9196
0.520281978,9195
0.520286267,9194
0.520289685,9193
0.520293141,9192
0.520296641,9191
0.520299914,9190
0.52030326,9189
0.520307427,9188
0.520310739,9187
0.52031441,9186
0.520319358,9185
0.520329282,9184
0.520332347,9183
0.520335602,9182
0.520338983,9181
0.520342639,9180
0.520346408,9179
0.520349628,9178
0.520352551,9177
0.520355911,9176
0.520359122,9175
0.52036321,9174
0.520366806,9173
0.520370496,9172
0.520374117,9171
0.520376969,9170
0.520379897,9169
0.520382811,9168
0.52038601,9167
0.520388986,9166
0.520391874,9165
0.520395452,9164
0.520399743,9163
0.520403481,9162
0.520406769,9161
0.520409644,9160
0.520412657,9159
0.520416321,9158
0.520420365,9157
0.520424158,9156
0.520435058,9155
0.520443875,9154
0.520449758,9153
0.520455032,9152
0.520487265,9151
0.520561533,9150
0.520565496,9149
0.5205703,9148
0.520578056,9147
0.520594149,9146
0.520599625,9145
0.5206122,9144
0.520617423,9143
0.520639157,9142
0.520643727,9141
0.520648284,9140
0.520655333,9139
0.520659129,9138
0.520662619,9137
0.520667624,9136
0.520670938,9135
0.520674482,9134
0.520678009,9133
0.520681172,9132
0.520684572,9131
0.520687582,9130
0.520691293,9129
0.520695339,9128
0.520700012,9127
0.520703837,9126
0.520706983,9125
0.520710063,9124
0.52071336,9123
0.520716539,9122
0.520719616,9121
0.520722879,9120
0.520726962,9119
0.520731681,9118
0.520735521,9117
0.520738841,9116
0.520742114,9115
0.520745324,9114
0.520759781,9113
0.520789403,9112
0.520829754,9111
0.520867793,9110
0.520916952,9109
0.520978166,9108
0.521020433,9107
0.521069068,9106
0.521109587,9105
0.521134666,9104
0.521167312,9103
0.521207217,9102
0.521229815,9101
0.521243797,9100
0.521252079,9099
0.521264448,9098
0.521315247,9097
0.521324114,9096
0.521343159,9095
0.521348704,9094
0.521362911,9093
0.52139318,9092
0.52142958,9091
0.521494777,9090
0.521517415,9089
0.522323035,9088
0.52236916,9087
0.522382104,9086
0.522392626,9085
0.522438545,9084
0.522455806,9083
0.522470317,9082
0.522473964,9081
0.522479074,9080
0.522483129,9079
0.522487088,9078
0.522492243,9077
0.522534289,9076
0.522545375,9075
0.522549086,9074
0.522552898,9073
0.52255592,9072
0.522581608,9071
0.522585265,9070
0.522588287,9069
0.522591108,9068
0.52262921,9067
0.522642691,9066
0.522646815,9065
0.522650652,9064
0.522654524,9063
0.522657804,9062
0.522663345,9061
0.522667234,9060
0.522677691,9059
0.522714432,9058
0.522718938,9057
0.522724197,9056
0.523010875,9055
0.52301508,9054
0.523018238,9053
0.5230217,9052
0.523025664,9051
0.523029308,9050
0.523032277,9049
0.523035562,9048
0.523048034,9047
0.523053714,9046
0.523057539,9045
0.523061442,9044
0.523071001,9043
0.523074336,9042
0.523078367,9041
0.523086795,9040
0.523091338,9039
0.523192456,9038
0.52319618,9037
0.523200776,9036
0.523609606,9035
0.523617063,9034
0.523621008,9033
0.523633619,9032
0.523693708,9031
0.523729746,9030
0.524392317,9029
0.524439185,9028
0.52446431,9027
0.524538941,9026
0.524582701,9025
0.524636664,9024
0.524660123,9023
0.524677687,9022
0.524701157,9021
0.524738728,9020
0.524783185,9019
0.524796019,9018
0.52551726,9017
0.525524955,9016
0.525530408,9015
0.52553673,9014
0.5255717,9013
0.525574901,9012
0.525578186,9011
0.525581138,9010
0.525584784,9009
0.530945598,9008
0.530950559,9007
0.530954427,9006
0.530957725,9005
0.530961118,9004
0.530964653,9003
0.530968306,9002
0.530974136,9001
0.530977628,9000
0.530981191,8999
0.530984274,8998
0.530987718,8997
0.530990805,8996
0.530993734,8995
0.530997023,8994
0.531000205,8993
0.531003183,8992
0.531005933,8991
0.531009255,8990
0.53101224,8989
0.531015345,8988
0.53101858,8987
0.531021789,8986
0.53102538,8985
0.531028545,8984
0.531032076,8983
0.53103684,8982
0.531040296,8981
0.531043205,8980
0.531046341,8979
0.531050364,8978
0.53105396,8977
0.531057493,8976
0.531060745,8975
0.531064049,8974
0.531138195,8973
0.531166364,8972
0.531178759,8971
0.531219948,8970
0.531279615,8969
0.531290409,8968
0.531296198,8967
0.531299587,8966
0.531303124,8965
0.531306554,8964
0.531310168,8963
0.531313327,8962
0.531316338,8961
0.531319632,8960
0.531322546,8959
0.531326308,8958
0.531329518,8957
0.531332415,8956
0.531335099,8955
0.531337988,8954
0.531341064,8953
0.531345081,8952
0.531348132,8951
0.531351158,8950
0.531353813,8949
0.53135653,8948
0.531361599,8947
0.531365209,8946
0.531368734,8945
0.531371731,8944
0.531375095,8943
0.531379182,8942
0.531382314,8941
0.531386546,8940
0.531389884,8939
0.531394255,8938
0.531397947,8937
0.531401506,8936
0.531404626,8935
0.531409098,8934
0.531412657,8933
0.531416494,8932
0.531555748,8931
0.531563231,8930
0.531629447,8929
0.531641544,8928
0.531645556,8927
0.531650104,8926
0.531668966,8925
0.531750103,8924
0.531760572,8923
0.531867046,8922
0.531877486,8921
0.531885726,8920
0.531889594,8919
0.531892869,8918
0.531896229,8917
0.531901005,8916
0.53190525,8915
0.531908791,8914
0.531912558,8913
0.531915977,8912
0.53191914,8911
0.531922132,8910
0.531925458,8909
0.53192873,8908
0.531931642,8907
0.531934371,8906
0.531937205,8905
0.531940288,8904
0.531943372,8903
0.531946277,8902
0.531949422,8901
0.531961492,8900
0.531964765,8899
0.531967772,8898
0.531970692,8897
0.531974154,8896
0.531976669,8895
0.531979628,8894
0.531982016,8893
0.531985354,8892
0.531988381,8891
0.53199112,8890
0.531993652,8889
0.531996541,8888
0.531999579,8887
0.532003386,8886
0.532006618,8885
0.532009707,8884
0.532012669,8883
0.5320157,8882
0.532019014,8881
0.532022419,8880
0.532025589,8879
0.532028572,8878
0.532031404,8877
0.532034498,8876
0.532037639,8875
0.532041255,8874
0.532044147,8873
0.5320472,8872
0.532050485,8871
0.532053187,8870
0.532056198,8869
0.532059565,8868
0.532063207,8867
0.532067195,8866
0.532070505,8865
0.532073103,8864
0.532076058,8863
0.532079434,8862
0.532082788,8861
0.532085369,8860
0.532087843,8859
0.532089958,8858
0.532092277,8857
0.532094689,8856
0.532096918,8855
0.532100271,8854
0.532102866,8853
0.532105301,8852
0.532107722,8851
0.53210997,8850
0.532112266,8849
0.532114536,8848
0.532116893,8847
0.532119132,8846
0.532121019,8845
0.532124151,8844
0.532126821,8843
0.532129949,8842
0.532132537,8841
0.532135693,8840
0.53213805,8839
0.532140365,8838
0.532142514,8837
0.532144993,8836
0.532147278,8835
0.532149423,8834
0.532151708,8833
0.532153942,8832
0.532156433,8831
0.532158628,8830
0.532161022,8829
0.532177168,8828
0.532179267,8827
0.532183136,8826
0.532186282,8825
0.532189311,8824
0.532191631,8823
0.532194073,8822
0.532196477,8821
0.532198761,8820
0.532200843,8819
0.53220337,8818
0.532205545,8817
0.532207914,8816
0.532210142,8815
0.532212139,8814
0.532214286,8813
0.532216398,8812
0.532218382,8811
0.532220469,8810
0.532222589,8809
0.53222466,8808
0.532226743,8807
0.532228809,8806
0.532232744,8805
0.532236199,8804
0.532239209,8803
0.532242682,8802
0.532246004,8801
0.532249567,8800
0.532252875,8799
0.532256268,8798
0.532260054,8797
0.532263387,8796
0.532266662,8795
0.532269688,8794
0.532272609,8793
0.532275972,8792
0.532279077,8791
0.532547506,8790
0.532553914,8789
0.532557646,8788
0.532561028,8787
0.53256408,8786
0.532567358,8785
0.532570458,8784
0.532573402,8783
0.532576681,8782
0.532579354,8781
0.53258232,8780
0.532587096,8779
0.532590171,8778
0.53259346,8777
0.532596508,8776
0.532599343,8775
0.532604957,8774
0.532607537,8773
0.532610573,8772
0.532613074,8771
0.532616078,8770
0.532619606,8769
0.532622709,8768
0.532626041,8767
0.53262924,8766
0.532632402,8765
0.53263528,8764
0.532639397,8763
0.532642863,8762
0.532647785,8761
0.532652332,8760
0.532663024,8759
0.532666624,8758
0.532669842,8757
0.532672781,8756
0.532675408,8755
0.532677827,8754
0.532680447,8753
0.532683053,8752
0.532685395,8751
0.532688011,8750
0.532690928,8749
0.532693523,8748
0.532696905,8747
0.532701727,8746
0.532705092,8745
0.532708273,8744
0.532711259,8743
0.532714332,8742
0.532717422,8741
0.532720346,8740
0.532723391,8739
0.532726271,8738
0.532729057,8737
0.532732347,8736
0.53273528,8735
0.532738952,8734
0.532742529,8733
0.532745544,8732
0.532748804,8731
0.532751848,8730
0.53906815,8729
0.539098544,8728
0.539102509,8727
0.53910726,8726
0.539110772,8725
0.539114202,8724
0.539117242,8723
0.539121668,8722
0.539129819,8721
0.539133893,8720
0.539137063,8719
0.539142071,8718
0.53914627,8717
0.53915002,8716
0.539153842,8715
0.53915795,8714
0.539161472,8713
0.539164888,8712
0.539168798,8711
0.539173102,8710
0.539176963,8709
0.539181054,8708
0.539185004,8707
0.539188536,8706
0.539192086,8705
0.539195817,8704
0.539237236,8703
0.539243074,8702
0.539247804,8701
0.539261492,8700
0.539300077,8699
0.539303683,8698
0.539307779,8697
0.539311671,8696
0.539315114,8695
0.539319597,8694
0.539325492,8693
0.539329676,8692
0.539334539,8691
0.539338197,8690
0.539341219,8689
0.539343906,8688
0.539346672,8687
0.539349686,8686
0.539352486,8685
0.53935541,8684
0.539358026,8683
0.53936193,8682
0.539365206,8681
0.539368649,8680
0.539371699,8679
0.539374764,8678
0.539377785,8677
0.539380867,8676
0.539384301,8675
0.539387507,8674
0.53939048,8673
0.53939301,8672
0.539395839,8671
0.539398428,8670
0.539402042,8669
0.539404545,8668
0.539407291,8667
0.539410718,8666
0.539413157,8665
0.539416309,8664
0.53941851,8663
0.539420832,8662
0.53942316,8661
0.539425996,8660
0.539428882,8659
0.53943259,8658
0.539434766,8657
0.539437215,8656
0.539439639,8655
0.539441861,8654
0.539444152,8653
0.539446587,8652
0.539448918,8651
0.53945181,8650
0.539455491,8649
0.539458156,8648
0.539460676,8647
0.539463506,8646
0.539466993,8645
0.539469416,8644
0.539472045,8643
0.539474859,8642
0.539478382,8641
0.539481804,8640
0.539484874,8639
0.539487484,8638
0.539491405,8637
0.539494128,8636
0.539496727,8635
0.539499182,8634
0.539501771,8633
0.539504272,8632
0.539507437,8631
0.539509984,8630
0.539512367,8629
0.539515532,8628
0.53951848,8627
0.53952074,8626
0.539523006,8625
0.539525491,8624
0.539527859,8623
0.53952996,8622
0.539533059,8621
0.539535284,8620
0.539537432,8619
0.539539629,8618
0.5395432,8617
0.539547862,8616
0.539551551,8615
0.539555108,8614
0.53955752,8613
0.539560321,8612
0.539562912,8611
0.539566218,8610
0.539568543,8609
0.539571268,8608
0.539573767,8607
0.53957628,8606
0.539600732,8605
0.539604252,8604
0.539608379,8603
0.539610914,8602
0.539613689,8601
0.539616128,8600
0.539618561,8599
0.539620603,8598
0.539623993,8597
0.539627501,8596
0.539656669,8595
0.539660118,8594
0.539665029,8593
0.539670218,8592
0.539674434,8591
0.539679345,8590
0.539688597,8589
0.539693547,8588
0.539697968,8587
0.539702078,8586
0.539705994,8585
0.539710404,8584
0.539714284,8583
0.539718445,8582
0.539722538,8581
0.539726021,8580
0.539731068,8579
0.539734616,8578
0.539737983,8577
0.539743048,8576
0.539746307,8575
0.539749306,8574
0.539752617,8573
0.539756564,8572
0.539760817,8571
0.539764334,8570
0.53977626,8569
0.539780554,8568
0.539783214,8567
0.539785972,8566
0.539788281,8565
0.539790687,8564
0.539794682,8563
0.539797889,8562
0.539800517,8561
0.53980302,8560
0.539806728,8559
0.539809026,8558
0.539811842,8557
0.539815639,8556
0.539817838,8555
0.539820113,8554
0.539822712,8553
0.539825195,8552
0.539827464,8551
0.539830796,8550
0.539833493,8549
0.5398361,8548
0.539838655,8547
0.539843507,8546
0.539845958,8545
0.539848241,8544
0.539850914,8543
0.539853643,8542
0.539856062,8541
0.539858813,8540
0.539861351,8539
0.53986407,8538
0.5398665,8537
0.539869286,8536
0.539872893,8535
0.539875467,8534
0.539877888,8533
0.539880383,8532
0.539885744,8531
0.539888624,8530
0.539890951,8529
0.539894235,8528
0.539897756,8527
0.539901241,8526
0.5399039,8525
0.5399073,8524
0.539910848,8523
0.539914396,8522
0.539917141,8521
0.539922238,8520
0.539925428,8519
0.53992816,8518
0.539932042,8517
0.53993501,8516
0.53993929,8515
0.539943279,8514
0.53994647,8513
0.539960249,8512
0.539964599,8511
0.539968771,8510
0.539972202,8509
0.539977594,8508
0.539981423,8507
0.539985239,8506
0.539988769,8505
0.539992594,8504
0.539996466,8503
0.539999899,8502
0.540003044,8501
0.540006632,8500
0.540011312,8499
0.540015638,8498
0.540018848,8497
0.540022854,8496
0.540026276,8495
0.540031951,8494
0.540036282,8493
0.540039832,8492
0.540044233,8491
0.540073384,8490
0.540077307,8489
0.540079691,8488
0.540082862,8487
0.540086688,8486
0.540090153,8485
0.540092929,8484
0.540095954,8483
0.540099341,8482
0.540101924,8481
0.540104647,8480
0.540107836,8479
0.540110488,8478
0.540114183,8477
0.540116746,8476
0.540119311,8475
0.540121952,8474
0.540139899,8473
0.540142561,8472
0.540145264,8471
0.540148132,8470
0.540152511,8469
0.540191978,8468
0.540195879,8467
0.540199446,8466
0.540202332,8465
0.540205317,8464
0.540208335,8463
0.540211038,8462
0.540213808,8461
0.540218456,8460
0.540221428,8459
0.540224271,8458
0.540227216,8457
0.540229794,8456
0.540232694,8455
0.540235235,8454
0.540244264,8453
0.540255548,8452
0.540262954,8451
0.540270068,8450
0.540274792,8449
0.540277622,8448
0.540294351,8447
0.540304124,8446
0.540309811,8445
0.540314811,8444
0.540318412,8443
0.540322892,8442
0.540326199,8441
0.540330421,8440
0.540337712,8439
0.54034047,8438
0.540343733,8437
0.540346619,8436
0.540349181,8435
0.54035253,8434
0.540356026,8433
0.540359417,8432
0.540364322,8431
0.540369669,8430
0.540372505,8429
0.54037527,8428
0.54037956,8427
0.540382053,8426
0.540384745,8425
0.540387271,8424
0.540389931,8423
0.540394501,8422
0.54039788,8421
0.54040121,8420
0.540406566,8419
0.540409196,8418
0.540412681,8417
0.540416897,8416
0.540420752,8415
0.540424192,8414
0.540430337,8413
0.540434108,8412
0.540436806,8411
0.540440656,8410
0.540443902,8409
0.540446415,8408
0.540479429,8407
0.540482581,8406
0.540486425,8405
0.540489521,8404
0.540492396,8403
0.540495207,8402
0.540497994,8401
0.540501828,8400
0.540505114,8399
0.540508786,8398
0.540511284,8397
0.540514397,8396
0.540516874,8395
0.540519469,8394
0.540522583,8393
0.540525063,8392
0.540528219,8391
0.540530416,8390
0.540533502,8389
0.540537001,8388
0.540539493,8387
0.540542591,8386
0.540565982,8385
0.54060039,8384
0.540604071,8383
0.540606852,8382
0.540609298,8381
0.540614119,8380
0.540616528,8379
0.540618921,8378
0.540622441,8377
0.540626089,8376
0.540628648,8375
0.540631421,8374
0.540634995,8373
0.540637392,8372
0.540639867,8371
0.540642256,8370
0.540644303,8369
0.540646529,8368
0.540648902,8367
0.540650945,8366
0.540654017,8365
0.54065596,8364
0.540658046,8363
0.540661158,8362
0.540663129,8361
0.540665089,8360
0.540667042,8359
0.540669176,8358
0.54067111,8357
0.540673056,8356
0.540675387,8355
0.540677377,8354
0.540679554,8353
0.540681644,8352
0.540683714,8351
0.54068575,8350
0.540687865,8349
0.540690031,8348
0.540692076,8347
0.540694952,8346
0.540698117,8345
0.540700844,8344
0.540703263,8343
0.540706376,8342
0.540712814,8341
0.540716477,8340
0.540720065,8339
0.540723516,8338
0.540726825,8337
0.540730222,8336
0.540733521,8335
0.54073679,8334
0.540740137,8333
0.54074377,8332
0.540747402,8331
0.540751307,8330
0.540756602,8329
0.540760354,8328
0.540764129,8327
0.540767153,8326
0.540770326,8325
0.540773752,8324
0.540777353,8323
0.540780376,8322
0.540783112,8321
0.540785726,8320
0.540789064,8319
0.540791548,8318
0.540794112,8317
0.540796925,8316
0.540799231,8315
0.540801695,8314
0.540804381,8313
0.540806941,8312
0.540811403,8311
0.540857487,8310
0.540861324,8309
0.540866891,8308
0.54087207,8307
0.54087556,8306
0.540879472,8305
0.540882749,8304
0.540886466,8303
0.540891709,8302
0.540895123,8301
0.540898596,8300
0.540904679,8299
0.540908209,8298
0.540912466,8297
0.540924386,8296
0.54176789,8295
0.541775033,8294
0.541778703,8293
0.541802439,8292
0.541808238,8291
0.541812876,8290
0.541818306,8289
0.541827465,8288
0.54183739,8287
0.542328837,8286
0.542352121,8285
0.542424745,8284
0.542431898,8283
0.542490674,8282
0.542501269,8281
0.54252298,8280
0.542533806,8279
0.542537816,8278
0.542545815,8277
0.542548709,8276
0.542554419,8275
0.542559513,8274
0.542566417,8273
0.542573149,8272
0.542577262,8271
0.542581081,8270
0.542583944,8269
0.54258824,8268
0.542590789,8267
0.542593245,8266
0.542605968,8265
0.54264655,8264
0.542651104,8263
0.542661231,8262
0.542669509,8261
0.542679063,8260
0.542688996,8259
0.54270396,8258
0.542707693,8257
0.542711084,8256
0.542718001,8255
0.542724588,8254
0.542733045,8253
0.542737488,8252
0.542750518,8251
0.542757376,8250
0.542769796,8249
0.542773909,8248
0.542793397,8247
0.542812614,8246
0.542816627,8245
0.542834532,8244
0.542871158,8243
0.542876628,8242
0.542882042,8241
0.542886264,8240
0.542893041,8239
0.542913779,8238
0.542946486,8237
0.542954456,8236
0.542960583,8235
0.542969044,8234
0.543011052,8233
0.543017199,8232
0.543021355,8231
0.543026904,8230
0.543031946,8229
0.543035841,8228
0.543039343,8227
0.543188063,8226
0.543192465,8225
0.543202082,8224
0.543215234,8223
0.543220483,8222
0.543228858,8221
0.543238494,8220
0.543246344,8219
0.543256106,8218
0.543261092,8217
0.543269234,8216
0.543292048,8215
0.543298088,8214
0.543540725,8213
0.543543506,8212
0.543547146,8211
0.543549904,8210
0.543552723,8209
0.543555481,8208
0.5435589,8207
0.543561718,8206
0.543564618,8205
0.543567273,8204
0.543570595,8203
0.543576399,8202
0.543586072,8201
0.543597926,8200
0.543605988,8199
0.543609596,8198
0.543612489,8197
0.543622641,8196
0.543626191,8195
0.543629914,8194
0.543633257,8193
0.54363582,8192
0.543639532,8191
0.543643129,8190
0.543646571,8189
0.543649651,8188
0.543653112,8187
0.54365695,8186
0.543664513,8185
0.543667648,8184
0.543671866,8183
0.543677994,8182
0.543683175,8181
0.543686456,8180
0.543689507,8179
0.543694473,8178
0.543702551,8177
0.543706326,8176
0.543711813,8175
0.543716075,8174
0.543723561,8173
0.543727818,8172
0.543734088,8171
0.543743436,8170
0.543747085,8169
0.5437509,8168
0.543765108,8167
0.543768636,8166
0.543819813,8165
0.543824626,8164
0.543836653,8163
0.543840466,8162
0.543848268,8161
0.543852865,8160
0.543857649,8159
0.543860116,8158
0.543862743,8157
0.543869486,8156
0.543872214,8155
0.543878187,8154
0.543883166,8153
0.543886617,8152
0.543891777,8151
0.543894375,8150
0.543898922,8149
0.543901491,8148
0.543904946,8147
0.543916921,8146
0.543922939,8145
0.543927184,8144
0.54393918,8143
0.543951356,8142
0.543960512,8141
0.543965166,8140
0.543981068,8139
0.543992627,8138
0.543998159,8137
0.544005963,8136
0.544011344,8135
0.544015762,8134
0.54402131,8133
0.544037723,8132
0.544042742,8131
0.544046323,8130
0.544081211,8129
0.544086222,8128
0.544114056,8127
0.544123676,8126
0.544129116,8125
0.544194208,8124
0.544202783,8123
0.544207,8122
0.544212698,8121
0.544216088,8120
0.544219568,8119
0.544565772,8118
0.545602825,8117
0.545700044,8116
0.545722849,8115
0.545796935,8114
0.545871815,8113
0.545886717,8112
0.545931627,8111
0.545992267,8110
0.549596756,8109
0.549612856,8108
0.55344134,8107
0.55344736,8106
0.553452882,8105
0.55345871,8104
0.553465055,8103
0.553475337,8102
0.553480046,8101
0.553489601,8100
0.553492226,8099
0.553496429,8098
0.553501396,8097
0.553505839,8096
0.553510557,8095
0.553522771,8094
0.553527328,8093
0.553531282,8092
0.553535142,8091
0.553539101,8090
0.553545221,8089
0.553551331,8088
0.55355487,8087
0.553560092,8086
0.553568983,8085
0.553576013,8084
0.553585441,8083
0.553603533,8082
0.553610346,8081
0.553616155,8080
0.553620828,8079
0.553628381,8078
0.553641792,8077
0.553646971,8076
0.553650711,8075
0.553685195,8074
0.553693464,8073
0.553734222,8072
0.553738183,8071
0.553744988,8070
0.553754195,8069
0.553761575,8068
0.553767529,8067
0.553780828,8066
0.55379138,8065
0.553803974,8064
0.553809083,8063
0.553818117,8062
0.553822311,8061
0.553824926,8060
0.553827791,8059
0.55383573,8058
0.553844947,8057
0.553853123,8056
0.553856155,8055
0.553858908,8054
0.553862997,8053
0.553866783,8052
0.553871492,8051
0.55387421,8050
0.553880526,8049
0.553887573,8048
0.553891233,8047
0.553895795,8046
0.553898607,8045
0.553910753,8044
0.553919039,8043
0.553922148,8042
0.553928232,8041
0.553934433,8040
0.553946709,8039
0.553969875,8038
0.553978111,8037
0.553980738,8036
0.553985554,8035
0.553993577,8034
0.55400332,8033
0.5540064,8032
0.554019417,8031
0.554028584,8030
0.554037262,8029
0.55404148,8028
0.55404545,8027
0.554050459,8026
0.554064102,8025
0.554070995,8024
0.55409942,8023
0.554103118,8022
0.554106892,8021
0.55411032,8020
0.554114106,8019
0.554118124,8018
0.554120656,8017
0.55412335,8016
0.554126713,8015
0.554132517,8014
0.554140788,8013
0.554146453,8012
0.554156997,8011
0.5541824,8010
0.554188077,8009
0.554196935,8008
0.554221047,8007
0.554239485,8006
0.554242199,8005
0.554250448,8004
0.55425428,8003
0.554259676,8002
0.55426685,8001
0.554272329,8000
0.554275576,7999
0.554291139,7998
0.554295227,7997
0.554305227,7996
0.554312138,7995
0.554319708,7994
0.554327941,7993
0.554336075,7992
0.554345897,7991
0.554352283,7990
0.554360808,7989
0.554387293,7988
0.554390957,7987
0.55441772,7986
0.554420623,7985
0.554430291,7984
0.554433062,7983
0.554443614,7982
0.55444956,7981
0.554458269,7980
0.554462754,7979
0.554511851,7978
0.554530749,7977
0.554533445,7976
0.55454318,7975
0.554546994,7974
0.554565317,7973
0.554590817,7972
0.554593556,7971
0.554598982,7970
0.55462193,7969
0.554628995,7968
0.554636407,7967
0.554684696,7966
0.55468932,7965
0.554695144,7964
0.554702076,7963
0.554725235,7962
0.554737261,7961
0.554753143,7960
0.554756012,7959
0.554758623,7958
0.554769335,7957
0.554774662,7956
0.554780407,7955
0.554795696,7954
0.554801124,7953
0.554822212,7952
0.55483671,7951
0.55484076,7950
0.554879618,7949
0.554887152,7948
0.554938239,7947
0.554955993,7946
0.555016516,7945
0.555071444,7944
0.555109356,7943
0.555201285,7942
0.555212124,7941
0.555227654,7940
0.555246298,7939
0.555267628,7938
0.555872734,7937
0.555890089,7936
0.555908572,7935
0.555936171,7934
0.55598217,7933
0.555988888,7932
0.556003819,7931
0.556069676,7930
0.556368748,7929
0.556381012,7928
0.55639806,7927
0.556439392,7926
0.556446393,7925
0.55645219,7924
0.55647269,7923
0.556487894,7922
0.556514756,7921
0.556533797,7920
0.556560514,7919
0.556628459,7918
0.556647003,7917
0.556701713,7916
0.556722832,7915
0.556778283,7914
0.556782063,7913
0.556785317,7912
0.556895263,7911
0.556916393,7910
0.556944964,7909
0.556951046,7908
0.556967786,7907
0.557371683,7906
0.557376117,7905
0.557390251,7904
0.557398355,7903
0.557431499,7902
0.557435572,7901
0.557439263,7900
0.557446136,7899
0.557451423,7898
0.557459287,7897
0.557470002,7896
0.557473884,7895
0.557480117,7894
0.557484005,7893
0.557493694,7892
0.557500201,7891
0.557515416,7890
0.557523186,7889
0.557529566,7888
0.557543759,7887
0.557548198,7886
0.5575635,7885
0.557569052,7884
0.557574754,7883
0.557580731,7882
0.55758516,7881
0.557592082,7880
0.557600651,7879
0.557648956,7878
0.557687808,7877
0.557745761,7876
0.557786065,7875
0.557792863,7874
0.557800997,7873
0.557814497,7872
0.557827265,7871
0.557857138,7870
0.55786558,7869
0.557878943,7868
0.5578844,7867
0.557939391,7866
0.55796988,7865
0.557989143,7864
0.558023316,7863
0.558037844,7862
0.558055759,7861
0.558061462,7860
0.558073334,7859
0.558106638,7858
0.558129292,7857
0.55813486,7856
0.558151038,7855
0.55820018,7854
0.558212332,7853
0.558219413,7852
0.558239016,7851
0.558246317,7850
0.558267692,7849
0.558645817,7848
0.558730369,7847
0.558814585,7846
0.558991523,7845
0.558998262,7844
0.559003406,7843
0.559007858,7842
0.559017734,7841
0.559025772,7840
0.559037523,7839
0.559052461,7838
0.559058162,7837
0.559076423,7836
0.559083008,7835
0.559101007,7834
0.559108068,7833
0.559119371,7832
0.559124051,7831
0.559133492,7830
0.559138246,7829
0.559143947,7828
0.559159686,7827
0.559168027,7826
0.559172264,7825
0.559180512,7824
0.559185982,7823
0.559194621,7822
0.559202629,7821
0.559210178,7820
0.559226742,7819
0.559245984,7818
0.559249987,7817
0.559266652,7816
0.559273611,7815
0.559277523,7814
0.559316987,7813
0.559354277,7812
0.559359495,7811
0.559362732,7810
0.559374066,7809
0.559380983,7808
0.559385255,7807
0.55938814,7806
0.559393109,7805
0.559403609,7804
0.55940858,7803
0.559414313,7802
0.559420602,7801
0.559423723,7800
0.559429258,7799
0.559433831,7798
0.559672991,7797
0.559689077,7796
0.559697061,7795
0.559700147,7794
0.559705659,7793
0.559733915,7792
0.559750278,7791
0.559761349,7790
0.559767828,7789
0.559772469,7788
0.559791884,7787
0.559806198,7786
0.559813623,7785
0.559823764,7784
0.559839133,7783
0.55984331,7782
0.559850273,7781
0.559861272,7780
0.559867923,7779
0.55988412,7778
0.559890845,7777
0.559900533,7776
0.559917306,7775
0.559936063,7774
0.559940646,7773
0.559951444,7772
0.559969961,7771
0.559974364,7770
0.55997822,7769
0.560022776,7768
0.560026958,7767
0.560068462,7766
0.560072433,7765
0.56008291,7764
0.560094225,7763
0.560098568,7762
0.560119724,7761
0.560131245,7760
0.56015019,7759
0.560159253,7758
0.560164215,7757
0.560178276,7756
0.560221024,7755
0.560261341,7754
0.560297358,7753
0.560315066,7752
0.560345877,7751
0.560354434,7750
0.560374689,7749
0.56041583,7748
0.560427284,7747
0.560439589,7746
0.560534744,7745
0.562487271,7744
0.562498794,7743
0.562503613,7742
0.56251023,7741
0.562517887,7740
0.562523259,7739
0.562532098,7738
0.56255831,7737
0.562568787,7736
0.562574445,7735
0.56259715,7734
0.56263611,7733
0.562645547,7732
0.562657489,7731
0.562664751,7730
0.562670003,7729
0.562683225,7728
0.562705885,7727
0.56274125,7726
0.562745477,7725
0.562749699,7724
0.562754236,7723
0.562758378,7722
0.562763429,7721
0.562769091,7720
0.56278717,7719
0.562795704,7718
0.562800244,7717
0.562803818,7716
0.562812858,7715
0.5628178,7714
0.562821231,7713
0.562830648,7712
0.562866024,7711
0.562872657,7710
0.562889512,7709
0.56289362,7708
0.562911493,7707
0.56292533,7706
0.562930865,7705
0.562936232,7704
0.562941289,7703
0.562948076,7702
0.562950322,7701
0.562954658,7700
0.562960148,7699
0.562968017,7698
0.56297292,7697
0.562980194,7696
0.562986996,7695
0.563020009,7694
0.563029754,7693
0.563047952,7692
0.563051147,7691
0.563053712,7690
0.563060228,7689
0.563063144,7688
0.563068945,7687
0.563073507,7686
0.563080553,7685
0.563099295,7684
0.563138284,7683
0.563144197,7682
0.563148134,7681
0.563159914,7680
0.563165639,7679
0.563182802,7678
0.563188747,7677
0.563194932,7676
0.563204159,7675
0.563215619,7674
0.563219763,7673
0.563223449,7672
0.563242725,7671
0.563265001,7670
0.563276221,7669
0.563282354,7668
0.563288417,7667
0.563294015,7666
0.563299286,7665
0.563303239,7664
0.563327084,7663
0.563336253,7662
0.563346432,7661
0.563354307,7660
0.563358704,7659
0.563363797,7658
0.563369545,7657
0.563372464,7656
0.563377516,7655
0.56338135,7654
0.563387067,7653
0.563396142,7652
0.563403238,7651
0.563409644,7650
0.563415796,7649
0.563418377,7648
0.56342547,7647
0.563430356,7646
0.56343729,7645
0.563442754,7644
0.563452841,7643
0.563458313,7642
0.563463846,7641
0.563470165,7640
0.563474769,7639
0.563496777,7638
0.563501937,7637
0.56351454,7636
0.563517812,7635
0.563523473,7634
0.563526887,7633
0.563536397,7632
0.56354287,7631
0.563545395,7630
0.563549795,7629
0.563552841,7628
0.563575291,7627
0.563578088,7626
0.563587742,7625
0.56359211,7624
0.563598843,7623
0.563606364,7622
0.563612038,7621
0.563618182,7620
0.563622574,7619
0.563632063,7618
0.563638843,7617
0.563643712,7616
0.563648179,7615
0.563671071,7614
0.563676433,7613
0.56368077,7612
0.563684248,7611
0.563720515,7610
0.56372941,7609
0.563768131,7608
0.563772184,7607
0.563781642,7606
0.563791026,7605
0.563793092,7604
0.563800327,7603
0.563806771,7602
0.563812461,7601
0.563839143,7600
0.563892018,7599
0.56389844,7598
0.563904175,7597
0.563906277,7596
0.563911253,7595
0.563915193,7594
0.563925184,7593
0.563935953,7592
0.563939621,7591
0.563963096,7590
0.5639659,7589
0.56396834,7588
0.563976238,7587
0.563980758,7586
0.563987746,7585
0.563994547,7584
0.564020536,7583
0.564027007,7582
0.564029281,7581
0.564052374,7580
0.56407019,7579
0.564088912,7578
0.564102814,7577
0.564108551,7576
0.564121958,7575
0.564124575,7574
0.564134027,7573
0.564136338,7572
0.564182278,7571
0.564187445,7570
0.564233448,7569
0.564246211,7568
0.564273175,7567
0.564276328,7566
0.564356153,7565
0.564360183,7564
0.56437259,7563
0.564379072,7562
0.564398263,7561
0.564435002,7560
0.564438229,7559
0.564446963,7558
0.564478628,7557
0.564485018,7556
0.564506857,7555
0.564531532,7554
0.564536138,7553
0.564545981,7552
0.564588738,7551
0.564609176,7550
0.564613919,7549
0.564621433,7548
0.564652317,7547
0.564666193,7546
0.564695651,7545
0.564729514,7544
0.564748378,7543
0.564762922,7542
0.564785101,7541
0.564819345,7540
0.564825246,7539
0.564841092,7538
0.565527821,7537
0.565623839,7536
0.565630734,7535
0.565700968,7534
0.565743914,7533
0.565752944,7532
0.56575955,7531
0.565817566,7530
0.565880026,7529
0.565934229,7528
0.565971736,7527
0.565999929,7526
0.566004164,7525
0.566051418,7524
0.566081656,7523
0.566178623,7522
0.56624808,7521
0.566758617,7520
0.5667858,7519
0.5667893,7518
0.566796914,7517
0.566848727,7516
0.566876234,7515
0.56688946,7514
0.566892703,7513
0.566895782,7512
0.56690157,7511
0.566905194,7510
0.56693586,7509
0.566964512,7508
0.566970515,7507
0.566987446,7506
0.566990619,7505
0.567027529,7504
0.567033687,7503
0.567039018,7502
0.56704378,7501
0.567066712,7500
0.567102181,7499
0.567113486,7498
0.567147033,7497
0.567169282,7496
0.567219739,7495
0.567223285,7494
0.567238916,7493
0.567256839,7492
0.567285754,7491
0.567528016,7490
0.567533633,7489
0.567541604,7488
0.567547238,7487
0.567552097,7486
0.567558447,7485
0.567562361,7484
0.567565517,7483
0.567579453,7482
0.567583336,7481
0.56759831,7480
0.567602358,7479
0.567626444,7478
0.567639141,7477
0.567652529,7476
0.567659828,7475
0.567663318,7474
0.567678035,7473
0.567694926,7472
0.567708888,7471
0.567715597,7470
0.567718918,7469
0.567732612,7468
0.567741919,7467
0.567749277,7466
0.567753369,7465
0.567769121,7464
0.567783908,7463
0.567795218,7462
0.567812219,7461
0.567815206,7460
0.567833791,7459
0.567838037,7458
0.567843609,7457
0.567903759,7456
0.567912328,7455
0.567922781,7454
0.567930668,7453
0.567934788,7452
0.567939634,7451
0.567943813,7450
0.568310619,7449
0.568324891,7448
0.568333001,7447
0.568342528,7446
0.568370826,7445
0.568374405,7444
0.568384103,7443
0.568406069,7442
0.568429784,7441
0.568443426,7440
0.568457144,7439
0.568476108,7438
0.568493514,7437
0.568511269,7436
0.568519286,7435
0.568529601,7434
0.569028277,7433
0.56907675,7432
0.569148771,7431
0.569157959,7430
0.569240908,7429
0.569316608,7428
0.5693547,7427
0.56943739,7426
0.569738504,7425
0.57104636,7424
0.571753419,7423
0.571762828,7422
0.571779678,7421
0.571783964,7420
0.57179243,7419
0.57182142,7418
0.571853208,7417
0.761801943,7416
0.797788852,7415
0.834909747,7414
0.863866373,7413
0.880275251,7412
0.907741604,7411
1.078254493,7410
1.113014097,7409
1.136587162,7408
1.389738222,7407
1.404569226,7406
1.424333136,7405
1.531852086,7404
1.571362105,7403
1.828200929,7402
1.859801893,7401
1.871802289,7400
1.948072064,7399
1.962231147,7398
1.990142835,7397
2.008718818,7396
2.02463694,7395
2.033946197,7394
2.049947993,7393
2.067669669,7392
2.080526839,7391
2.119039105,7390
2.128102958,7389
2.158812448,7388
2.17167021,7387
2.179255205,7386
2.190930478,7385
2.21213726,7384
2.218263082,7383
2.25727528,7382
2.274689207,7381
2.305064404,7380
2.351752194,7379
2.409692674,7378
2.462918666,7377
2.495219422,7376
2.50763951,7375
2.521474062,7374
2.532678169,7373
2.554334628,7372
2.576598541,7371
2.589545155,7370
2.598733294,7369
2.644202082,7368
2.674608098,7367
2.691231289,7366
2.721199351,7365
2.749942489,7364
2.757137198,7363
2.770685995,7362
2.808175378,7361
2.818618243,7360
2.832304293,7359
2.84001422,7358
2.854780112,7357
2.88973846,7356
2.89674214,7355
2.950373967,7354
3.031715253,7353
3.122186154,7352
3.141459193,7351
3.160825406,7350
3.191415489,7349
3.216400076,7348
3.262349995,7347
3.385452119,7346
3.398705419,7345
3.423281106,7344
3.433420733,7343
3.456715099,7342
3.469354583,7341
3.486594835,7340
3.561742536,7339
3.580864847,7338
3.630733699,7337
3.658660747,7336
3.664509905,7335
3.679206002,7334
3.706115016,7333
3.719107818,7332
3.728943856,7331
3.738479245,7330
3.749626881,7329
3.784794336,7328
3.808945902,7327
3.824376697,7326
3.854881814,7325
3.898696054,7324
3.912139318,7323
3.931941502,7322
3.980818321,7321
4.013199402,7320
4.034882792,7319
4.117444399,7318
4.126102437,7317
4.179388595,7316
4.195379596,7315
4.204789724,7314
4.230673936,7313
4.239044476,7312
4.255937717,7311
4.265924723,7310
4.271016053,7309
4.278805823,7308
4.312994488,7307
4.320767378,7306
4.330812724,7305
4.337913382,7304
4.347844672,7303
4.356177536,7302
4.390043577,7301
4.415058026,7300
4.464034623,7299
4.48628469,7298
4.521622171,7297
4.544855176,7296
4.577467491,7295
4.589104927,7294
4.620867168,7293
4.670236549,7292
4.68481441,7291
4.702262766,7290
4.726440762,7289
4.751890952,7288
4.774518486,7287
4.784147323,7286
4.791207207,7285
4.813673273,7284
4.839255455,7283
4.879978818,7282
4.961103099,7281
4.972119939,7280
5.007036454,7279
5.024623209,7278
5.051230498,7277
5.125605532,7276
5.146528102,7275
5.198057981,7274
5.234721386,7273
5.315791736,7272
5.340027452,7271
5.393611862,7270
5.4384554,7269
5.484624845,7268
5.509098271,7267
5.520790844,7266
5.593500169,7265
5.641097991,7264
5.720026036,7263
5.751653642,7262
5.786709268,7261
5.821552208,7260
5.89793692,7259
5.982624909,7258
6.042361389,7257
6.094292894,7256
6.252331917,7255
6.285934812,7254
6.296425725,7253
6.320765627,7252
6.352358837,7251
6.414373643,7250
6.448581532,7249
6.464518285,7248
6.498133196,7247
6.556861604,7246
6.582374794,7245
6.606470099,7244
6.626014769,7243
6.637284957,7242
6.657880499,7241
6.677010762,7240
6.694433729,7239
6.708593988,7238
6.768026144,7237
6.796176399,7236
6.907607703,7235
6.947943074,7234
6.969015658,7233
6.986267544,7232
7.358816395,7231
7.386744601,7230
7.406144482,7229
7.535472831,7228
7.555882186,7227
7.57713968,7226
7.606403201,7225
7.616649763,7224
7.630232068,7223
7.665723572,7222
7.681648731,7221
7.74188822,7220
7.755303538,7219
7.760441143,7218
7.768098356,7217
7.788213373,7216
7.804857053,7215
7.845969019,7214
7.877666326,7213
7.883272394,7212
7.901899828,7211
7.942231769,7210
8.013722189,7209
8.021025072,7208
8.05731612,7207
8.121197503,7206
8.259916208,7205
8.298006934,7204
8.316499624,7203
8.349211985,7202
8.364002797,7201
8.37318623,7200
8.446459345,7199
8.473242714,7198
8.579294526,7197
8.633183694,7196
8.668590119,7195
8.723564327,7194
8.773236232,7193
8.788277964,7192
8.939118519,7191
9.058034918,7190
9.223889739,7189
9.612300763,7188
9.853696331,7187
10.216387346,7186
10.896188439,7185
11.449447045,7184
11.957583897,7183
