0.43266041,10181
0.432725743,10180
0.432778603,10179
0.432877688,10178
0.432975261,10177
0.432996552,10176
0.433014848,10175
0.433022932,10174
0.433029977,10173
0.433036216,10172
0.433042166,10171
0.433048369,10170
0.433054173,10169
0.433078164,10168
0.433084799,10167
0.433095079,10166
0.433105775,10165
0.433115184,10164
0.43312453,10163
0.433132035,10162
0.433144884,10161
0.433156699,10160
0.433169069,10159
0.433181238,10158
0.433193451,10157
0.433202658,10156
0.433213415,10155
0.433257952,10154
0.433268228,10153
0.433283316,10152
0.433292816,10151
0.433307943,10150
0.43331595,10149
0.433324358,10148
0.433332951,10147
0.433341713,10146
0.433351902,10145
0.433359434,10144
0.43337669,10143
0.433384016,10142
0.43339108,10141
0.433398501,10140
0.433405931,10139
0.433413819,10138
0.433421992,10137
0.433429949,10136
0.433436866,10135
0.433444178,10134
0.433451429,10133
0.433458182,10132
0.433465536,10131
0.433474218,10130
0.433482259,10129
0.433490068,10128
0.4334978,10127
0.433541139,10126
0.433554326,10125
0.433599816,10124
0.433641207,10123
0.433846141,10122
0.433858927,10121
0.433867559,10120
0.433885022,10119
0.433899601,10118
0.433908154,10117
0.433917904,10116
0.433928314,10115
0.43393801,10114
0.433947785,10113
0.43395907,10112
0.433969835,10111
0.4339796,10110
0.434028226,10109
0.434039466,10108
0.434047921,10107
0.434056551,10106
0.434112438,10105
0.434121313,10104
0.434130343,10103
0.434140295,10102
0.434147338,10101
0.434153881,10100
0.434160274,10099
0.434167332,10098
0.434173553,10097
0.434180651,10096
0.434187406,10095
0.434194256,10094
0.434202136,10093
0.434208985,10092
0.434216013,10091
0.434222743,10090
0.434230186,10089
0.434236845,10088
0.434244048,10087
0.434262415,10086
0.434268241,10085
0.434273269,10084
0.434277618,10083
0.434282243,10082
0.434292406,10081
0.43430041,10080
0.434305863,10079
0.434312354,10078
0.43431779,10077
0.434322572,10076
0.434327281,10075
0.434332359,10074
0.43433831,10073
0.434343178,10072
0.434347796,10071
0.434352632,10070
0.434363449,10069
0.434368344,10068
0.434372816,10067
0.434501654,10066
0.434515758,10065
0.434527535,10064
0.434532584,10063
0.434537645,10062
0.434542351,10061
0.434547253,10060
0.434553719,10059
0.43455883,10058
0.434562757,10057
0.434566661,10056
0.434570601,10055
0.434584886,10054
0.434598014,10053
0.434604177,10052
0.434608996,10051
0.434613549,10050
0.434618451,10049
0.434623086,10048
0.434627336,10047
0.434631821,10046
0.434636221,10045
0.434640171,10044
0.434644766,10043
0.434649274,10042
0.434654819,10041
0.434659781,10040
0.434663429,10039
0.434666795,10038
0.434670128,10037
0.434673504,10036
0.434676906,10035
0.43468016,10034
0.434683554,10033
0.434688511,10032
0.434694773,10031
0.434699634,10030
0.434704196,10029
0.434708606,10028
0.43471367,10027
0.434717415,10026
0.434721204,10025
0.434725034,10024
0.434728474,10023
0.434731833,10022
0.434735105,10021
0.434739713,10020
0.434743558,10019
0.434750854,10018
0.434755168,10017
0.434758929,10016
0.434762805,10015
0.434766733,10014
0.434770373,10013
0.434774063,10012
0.434777382,10011
0.434780881,10010
0.434784397,10009
0.43478845,10008
0.434792285,10007
0.434795961,10006
0.434799915,10005
0.434803314,10004
0.434807511,10003
0.434811571,10002
0.43481532,10001
0.434819087,10000
0.434822684,9999
0.434826453,9998
0.434830727,9997
0.434834845,9996
0.434838679,9995
0.434842461,9994
0.434846109,9993
0.434850593,9992
0.434856077,9991
0.434862283,9990
0.43487147,9989
0.434877652,9988
0.434881342,9987
0.434884979,9986
0.434888742,9985
0.434892205,9984
0.434895613,9983
0.434903233,9982
0.434908256,9981
0.434912672,9980
0.434917672,9979
0.434922639,9978
0.434927017,9977
0.434931493,9976
0.434935911,9975
0.434940101,9974
0.434944642,9973
0.434948984,9972
0.434953385,9971
0.434957755,9970
0.434962429,9969
0.434967204,9968
0.434972488,9967
0.434978035,9966
0.43498305,9965
0.434987484,9964
0.434992085,9963
0.434996133,9962
0.435001633,9961
0.435005649,9960
0.435009654,9959
0.435013675,9958
0.43501774,9957
0.435021637,9956
0.43502511,9955
0.435029394,9954
0.435033312,9953
0.435037619,9952
0.435041344,9951
0.435045338,9950
0.435049151,9949
0.435052732,9948
0.435056436,9947
0.435060469,9946
0.435064474,9945
0.435068472,9944
0.435072162,9943
0.43507662,9942
0.43508273,9941
0.435086622,9940
0.435089995,9939
0.435093251,9938
0.435096659,9937
0.435100092,9936
0.435104333,9935
0.435107938,9934
0.435111472,9933
0.435114993,9932
0.43511846,9931
0.43512172,9930
0.435125678,9929
0.435129192,9928
0.435133453,9927
0.435140076,9926
0.435144074,9925
0.437634047,9924
0.437660704,9923
0.437664764,9922
0.437668473,9921
0.437672117,9920
0.437675719,9919
0.437679291,9918
0.437683258,9917
0.437686873,9916
0.437690383,9915
0.43769448,9914
0.437698096,9913
0.437701818,9912
0.437705991,9911
0.437710166,9910
0.437713679,9909
0.437717198,9908
0.437721245,9907
0.437724726,9906
0.437728136,9905
0.437731643,9904
0.437735072,9903
0.437738387,9902
0.437743997,9901
0.437748767,9900
0.437752903,9899
0.437783553,9898
0.437787828,9897
0.437791222,9896
0.437794517,9895
0.437797837,9894
0.437800899,9893
0.437803932,9892
0.437807093,9891
0.437810136,9890
0.437813125,9889
0.43781609,9888
0.437819469,9887
0.437822775,9886
0.437826221,9885
0.437829515,9884
0.437832663,9883
0.437836755,9882
0.437841408,9881
0.437846246,9880
0.437850717,9879
0.437855283,9878
0.437859626,9877
0.437863074,9876
0.437866483,9875
0.437869825,9874
0.437873007,9873
0.437877641,9872
0.43791601,9871
0.437921312,9870
0.43792672,9869
0.437931432,9868
0.437936319,9867
0.437940595,9866
0.437946181,9865
0.43795138,9864
0.437956425,9863
0.437960791,9862
0.437965239,9861
0.437969885,9860
0.437974339,9859
0.437978689,9858
0.437983395,9857
0.437987678,9856
0.438026463,9855
0.438031102,9854
0.43803568,9853
0.43804008,9852
0.438044677,9851
0.438048985,9850
0.438053545,9849
0.43805804,9848
0.438066011,9847
0.438350773,9846
0.438356679,9845
0.438361356,9844
0.438365844,9843
0.438370347,9842
0.438374747,9841
0.4383792,9840
0.438383904,9839
0.438388967,9838
0.438393706,9837
0.438398931,9836
0.438403928,9835
0.438408694,9834
0.438413565,9833
0.438418124,9832
0.438422622,9831
0.438427262,9830
0.438432204,9829
0.438436797,9828
0.43844143,9827
0.43844659,9826
0.438451145,9825
0.438456348,9824
0.438461589,9823
0.438467344,9822
0.438472241,9821
0.438477308,9820
0.438482128,9819
0.438486558,9818
0.438490403,9817
0.438494114,9816
0.438497607,9815
0.438501082,9814
0.438517947,9813
0.438522684,9812
0.438569645,9811
0.438573105,9810
0.438577042,9809
0.438581526,9808
0.438586669,9807
0.438592987,9806
0.438629563,9805
0.438635534,9804
0.438640855,9803
0.438645369,9802
0.438650072,9801
0.438654527,9800
0.438658584,9799
0.438665,9798
0.438668511,9797
0.438671945,9796
0.43867867,9795
0.438682352,9794
0.438685497,9793
0.438688624,9792
0.438691636,9791
0.438694695,9790
0.438697585,9789
0.438700483,9788
0.438703201,9787
0.438705995,9786
0.438708837,9785
0.438711947,9784
0.43871485,9783
0.438717995,9782
0.438720722,9781
0.438723573,9780
0.438726317,9779
0.438729091,9778
0.438732023,9777
0.438734946,9776
0.438740225,9775
0.438744604,9774
0.438807448,9773
0.438811458,9772
0.438815455,9771
0.438855436,9770
0.438858707,9769
0.438861692,9768
0.438865004,9767
0.438868059,9766
0.438870876,9765
0.438873764,9764
0.438876724,9763
0.438879632,9762
0.438882381,9761
0.438885347,9760
0.438890982,9759
0.438893814,9758
0.438896647,9757
0.438899486,9756
0.438902644,9755
0.438905635,9754
0.438908427,9753
0.438911601,9752
0.438914645,9751
0.438917532,9750
0.438920454,9749
0.43892327,9748
0.438925994,9747
0.438928621,9746
0.438931421,9745
0.438934358,9744
0.438937219,9743
0.438940353,9742
0.438943461,9741
0.438948274,9740
0.438952535,9739
0.438956553,9738
0.438960495,9737
0.438964626,9736
0.438968435,9735
0.438972266,9734
0.43898146,9733
0.438985016,9732
0.438988185,9731
0.43899108,9730
0.438994302,9729
0.438997077,9728
0.438999922,9727
0.4390027,9726
0.439005625,9725
0.439010471,9724
0.439014584,9723
0.439018697,9722
0.439021321,9721
0.439025355,9720
0.439028916,9719
0.43903251,9718
0.439035575,9717
0.439038881,9716
0.439041798,9715
0.439044579,9714
0.439047286,9713
0.439050059,9712
0.439052775,9711
0.439055524,9710
0.439060257,9709
0.43906366,9708
0.439066559,9707
0.439069376,9706
0.439072248,9705
0.439075194,9704
0.439078383,9703
0.439081227,9702
0.439085326,9701
0.439090249,9700
0.439093753,9699
0.439096823,9698
0.43909971,9697
0.439103285,9696
0.439106215,9695
0.439109215,9694
0.439112955,9693
0.439115959,9692
0.439118461,9691
0.439122114,9690
0.439124963,9689
0.439128822,9688
0.439132239,9687
0.439136001,9686
0.439138934,9685
0.439141655,9684
0.439144693,9683
0.439148301,9682
0.439151507,9681
0.439154921,9680
0.439158101,9679
0.439161567,9678
0.439164724,9677
0.439167884,9676
0.439171179,9675
0.439174768,9674
0.439178002,9673
0.439180761,9672
0.439183726,9671
0.439269465,9670
0.439295531,9669
0.439298812,9668
0.4393016,9667
0.439304662,9666
0.439307676,9665
0.439311034,9664
0.439314137,9663
0.439316839,9662
0.439319673,9661
0.439322273,9660
0.439325106,9659
0.439377261,9658
0.439379855,9657
0.439384147,9656
0.43938754,9655
0.439390724,9654
0.439393365,9653
0.439396586,9652
0.439399225,9651
0.4394021,9650
0.4394047,9649
0.43940751,9648
0.439410033,9647
0.439412414,9646
0.439414641,9645
0.439416928,9644
0.439419089,9643
0.439442903,9642
0.439445547,9641
0.439447998,9640
0.439450316,9639
0.43945225,9638
0.439454071,9637
0.439456064,9636
0.439458064,9635
0.439460165,9634
0.439478254,9633
0.439490313,9632
0.439492401,9631
0.439494766,9630
0.439496727,9629
0.439498947,9628
0.439501417,9627
0.439503717,9626
0.439506019,9625
0.439507931,9624
0.439510033,9623
0.439512133,9622
0.439514113,9621
0.439516201,9620
0.439518222,9619
0.439520259,9618
0.439522196,9617
0.439524119,9616
0.439526082,9615
0.439528181,9614
0.439530337,9613
0.43953274,9612
0.43953498,9611
0.439536985,9610
0.439538928,9609
0.439541025,9608
0.439543099,9607
0.439545039,9606
0.439546848,9605
0.439548977,9604
0.439550893,9603
0.439552918,9602
0.439555008,9601
0.439556986,9600
0.439559129,9599
0.439561173,9598
0.439563242,9597
0.439565297,9596
0.439567297,9595
0.439569464,9594
0.439571771,9593
0.439574111,9592
0.439576072,9591
0.439578141,9590
0.43958041,9589
0.439582749,9588
0.439584739,9587
0.439586742,9586
0.439588848,9585
0.439590862,9584
0.439593184,9583
0.439595113,9582
0.439598015,9581
0.439600603,9580
0.439603201,9579
0.439606394,9578
0.439608635,9577
0.439610562,9576
0.439613028,9575
0.439615212,9574
0.439617307,9573
0.43961945,9572
0.439621451,9571
0.439623586,9570
0.439625604,9569
0.439627675,9568
0.439630805,9567
0.439633324,9566
0.439635787,9565
0.439638493,9564
0.439640502,9563
0.439643214,9562
0.439645977,9561
0.439648916,9560
0.439651735,9559
0.439654371,9558
0.439657311,9557
0.439660255,9556
0.439662724,9555
0.439665363,9554
0.439668237,9553
0.439671132,9552
0.43967594,9551
0.439680748,9550
0.439684374,9549
0.439687832,9548
0.439691067,9547
0.439695067,9546
0.439698676,9545
0.439702171,9544
0.439704706,9543
0.43970745,9542
0.439711243,9541
0.439714162,9540
0.439717028,9539
0.439719465,9538
0.439722245,9537
0.439724984,9536
0.439727518,9535
0.439729815,9534
0.439732218,9533
0.439734429,9532
0.439737148,9531
0.43974046,9530
0.439743506,9529
0.439746109,9528
0.439752328,9527
0.439754437,9526
0.43975696,9525
0.439759547,9524
0.439761985,9523
0.439764499,9522
0.439766806,9521
0.439770311,9520
0.439773501,9519
0.439776541,9518
0.439779736,9517
0.43978251,9516
0.4397851,9515
0.439788134,9514
0.439790727,9513
0.439797432,9512
0.439805675,9511
0.439812775,9510
0.43981643,9509
0.439819325,9508
0.439821765,9507
0.43982416,9506
0.439826542,9505
0.439828752,9504
0.439830719,9503
0.439832827,9502
0.439834891,9501
0.439837045,9500
0.439839203,9499
0.43984129,9498
0.439846263,9497
0.439849852,9496
0.439852785,9495
0.43985625,9494
0.439858966,9493
0.43986205,9492
0.439864609,9491
0.439867206,9490
0.439870508,9489
0.43987372,9488
0.439876363,9487
0.439879612,9486
0.439882812,9485
0.439885331,9484
0.439889885,9483
0.439892461,9482
0.43989486,9481
0.439898164,9480
0.439900513,9479
0.439903088,9478
0.439905175,9477
0.439908313,9476
0.439910783,9475
0.439912768,9474
0.439915006,9473
0.439918302,9472
0.439921314,9471
0.439923967,9470
0.439926338,9469
0.439928297,9468
0.439930275,9467
0.43993217,9466
0.439934206,9465
0.439936264,9464
0.439938311,9463
0.439940286,9462
0.439942191,9461
0.439944141,9460
0.439945928,9459
0.439948234,9458
0.439950241,9457
0.439952949,9456
0.439955143,9455
0.439958813,9454
0.439961058,9453
0.43996341,9452
0.439965573,9451
0.439967439,9450
0.439969149,9449
0.439971198,9448
0.439973522,9447
0.439975593,9446
0.4399776,9445
0.439980525,9444
0.439982835,9443
0.439984898,9442
0.43998712,9441
0.439989493,9440
0.439991518,9439
0.439993605,9438
0.439995761,9437
0.439997789,9436
0.440000002,9435
0.440002222,9434
0.44000422,9433
0.440006366,9432
0.440008696,9431
0.440011293,9430
0.440013741,9429
0.44001621,9428
0.440018954,9427
0.440021512,9426
0.4400241,9425
0.440026331,9424
0.440028694,9423
0.440031082,9422
0.440033105,9421
0.440035181,9420
0.440037117,9419
0.440039279,9418
0.440041439,9417
0.440052914,9416
0.440056155,9415
0.440059202,9414
0.440063142,9413
0.440066516,9412
0.440069487,9411
0.440072461,9410
0.440113294,9409
0.440116662,9408
0.440120467,9407
0.440123591,9406
0.44012661,9405
0.440129706,9404
0.4401323,9403
0.440134445,9402
0.440136695,9401
0.440140287,9400
0.440143468,9399
0.440146445,9398
0.440149453,9397
0.440152157,9396
0.440173051,9395
0.44017588,9394
0.440178522,9393
0.440181652,9392
0.440184635,9391
0.440187663,9390
0.440190539,9389
0.440193772,9388
0.440196875,9387
0.440199636,9386
0.440202757,9385
0.440205506,9384
0.440213895,9383
0.44022195,9382
0.440225945,9381
0.440229759,9380
0.440233141,9379
0.440236732,9378
0.440239258,9377
0.440242081,9376
0.440244684,9375
0.440247113,9374
0.440249498,9373
0.44025167,9372
0.44025412,9371
0.440256269,9370
0.440258528,9369
0.440260795,9368
0.440263012,9367
0.440265093,9366
0.440267442,9365
0.440269306,9364
0.440271222,9363
0.44027459,9362
0.440277292,9361
0.4402797,9360
0.440283092,9359
0.440286272,9358
0.440289186,9357
0.440292359,9356
0.44029528,9355
0.44029766,9354
0.440300061,9353
0.440302805,9352
0.440304953,9351
0.44030887,9350
0.440312174,9349
0.44031551,9348
0.440318083,9347
0.440320807,9346
0.44032306,9345
0.440325599,9344
0.44032756,9343
0.440330735,9342
0.440334063,9341
0.440338017,9340
0.440340974,9339
0.440343616,9338
0.440346226,9337
0.440348706,9336
0.440351306,9335
0.440353766,9334
0.440356057,9333
0.440358342,9332
0.440360487,9331
0.4403628,9330
0.440365139,9329
0.440367495,9328
0.440369656,9327
0.440373534,9326
0.440376016,9325
0.440378712,9324
0.440381583,9323
0.440384235,9322
0.440386824,9321
0.440389233,9320
0.440391398,9319
0.440393848,9318
0.440396766,9317
0.440399003,9316
0.440401341,9315
0.440403695,9314
0.440405951,9313
0.440408375,9312
0.440410696,9311
0.440413129,9310
0.440415333,9309
0.440417712,9308
0.440419947,9307
0.440422177,9306
0.440424263,9305
0.44042643,9304
0.440428567,9303
0.440430698,9302
0.440432925,9301
0.440435107,9300
0.440437497,9299
0.440440166,9298
0.440444082,9297
0.44044745,9296
0.440450822,9295
0.440453975,9294
0.440456899,9293
0.440459909,9292
0.440462686,9291
0.44046557,9290
0.440471594,9289
0.440475624,9288
0.440479312,9287
0.440482367,9286
0.440485927,9285
0.440489274,9284
0.440492503,9283
0.440495818,9282
0.440499145,9281
0.440502469,9280
0.440505784,9279
0.440508877,9278
0.440511758,9277
0.440515758,9276
0.44051925,9275
0.440522397,9274
0.440525461,9273
0.440528959,9272
0.440532208,9271
0.440535461,9270
0.440539238,9269
0.440542311,9268
0.440545256,9267
0.440548442,9266
0.440551514,9265
0.440554435,9264
0.440557168,9263
0.440559793,9262
0.44056324,9261
0.440566335,9260
0.440569695,9259
0.440573071,9258
0.440576867,9257
0.440579945,9256
0.44058344,9255
0.440586831,9254
0.440590035,9253
0.44059335,9252
0.440596236,9251
0.440599459,9250
0.440603176,9249
0.440606382,9248
0.440612714,9247
0.440616677,9246
0.440619683,9245
0.44062291,9244
0.440625786,9243
0.440639854,9242
0.440643057,9241
0.44064649,9240
0.440649775,9239
0.440652617,9238
0.440656199,9237
0.440659464,9236
0.440663168,9235
0.440665807,9234
0.440669398,9233
0.440671904,9232
0.44067506,9231
0.440678315,9230
0.440682323,9229
0.440685363,9228
0.440689063,9227
0.440692386,9226
0.440695108,9225
0.440698959,9224
0.440701862,9223
0.440705805,9222
0.440709589,9221
0.440712501,9220
0.440715143,9219
0.440718877,9218
0.440721578,9217
0.440725406,9216
0.440728816,9215
0.440731651,9214
0.440734348,9213
0.440736794,9212
0.440741175,9211
0.440744129,9210
0.440746798,9209
0.440750988,9208
0.440754575,9207
0.44075734,9206
0.440760151,9205
0.440762774,9204
0.440765241,9203
0.440767603,9202
0.440770244,9201
0.440772604,9200
0.440775109,9199
0.440778053,9198
0.440780416,9197
0.440782666,9196
0.440785918,9195
0.440788289,9194
0.440791489,9193
0.440794257,9192
0.440796599,9191
0.440799695,9190
0.440804481,9189
0.440815652,9188
0.440818239,9187
0.440833461,9186
0.440836428,9185
0.440839529,9184
0.440842449,9183
0.440846178,9182
0.440848942,9181
0.440852381,9180
0.440855329,9179
0.440858791,9178
0.440861293,9177
0.440864952,9176
0.440867691,9175
0.440870446,9174
0.440874032,9173
0.440877258,9172
0.440880847,9171
0.440884431,9170
0.440887773,9169
0.440890299,9168
0.440893717,9167
0.440896712,9166
0.440900306,9165
0.440903795,9164
0.44090649,9163
0.440909039,9162
0.440911685,9161
0.440914057,9160
0.440916283,9159
0.4409194,9158
0.440922257,9157
0.440924851,9156
0.440927864,9155
0.440930484,9154
0.440934384,9153
0.440938108,9152
0.440940684,9151
0.440943198,9150
0.440945818,9149
0.440948453,9148
0.440950628,9147
0.440952784,9146
0.440955197,9145
0.440957471,9144
0.440959744,9143
0.440962042,9142
0.440964286,9141
0.44096641,9140
0.440968628,9139
0.44097089,9138
0.44097324,9137
0.440979224,9136
0.440982537,9135
0.440987778,9134
0.440990588,9133
0.440993265,9132
0.440995735,9131
0.440998271,9130
0.44100069,9129
0.441003126,9128
0.441005757,9127
0.441008281,9126
0.441010723,9125
0.44101313,9124
0.44101575,9123
0.441018121,9122
0.441020603,9121
0.441022984,9120
0.441025584,9119
0.441028035,9118
0.44103025,9117
0.441032616,9116
0.441034873,9115
0.441038903,9114
0.441042876,9113
0.44104528,9112
0.441047607,9111
0.44104987,9110
0.44105236,9109
0.441054681,9108
0.441057321,9107
0.441061608,9106
0.441065098,9105
0.441067652,9104
0.441070376,9103
0.441072868,9102
0.441075558,9101
0.441078514,9100
0.441082941,9099
0.441085636,9098
0.44108811,9097
0.44109049,9096
0.441093241,9095
0.441097632,9094
0.441100383,9093
0.44110293,9092
0.441106441,9091
0.441109913,9090
0.441112912,9089
0.441115443,9088
0.441118138,9087
0.441120809,9086
0.441127688,9085
0.441131157,9084
0.44113654,9083
0.441139985,9082
0.441144446,9081
0.441148843,9080
0.441151961,9079
0.441154919,9078
0.441157677,9077
0.441160336,9076
0.441162949,9075
0.441166374,9074
0.441169175,9073
0.441172017,9072
0.441175476,9071
0.441178765,9070
0.441181484,9069
0.441184538,9068
0.441187948,9067
0.441191105,9066
0.441193906,9065
0.441197674,9064
0.441200727,9063
0.441204019,9062
0.441206842,9061
0.441209795,9060
0.441212273,9059
0.44121463,9058
0.44121741,9057
0.441221015,9056
0.441224352,9055
0.441228077,9054
0.441231057,9053
0.441234721,9052
0.441238589,9051
0.441241606,9050
0.441245419,9049
0.4412492,9048
0.4412523,9047
0.441254965,9046
0.441257564,9045
0.441260244,9044
0.441263177,9043
0.441267007,9042
0.441270057,9041
0.441288414,9040
0.441293098,9039
0.441298769,9038
0.441304579,9037
0.441309267,9036
0.441317818,9035
0.441321243,9034
0.441325727,9033
0.441330361,9032
0.44133441,9031
0.441338141,9030
0.441341417,9029
0.441344521,9028
0.441347888,9027
0.441351179,9026
0.441354305,9025
0.441357201,9024
0.441360197,9023
0.441363025,9022
0.441366227,9021
0.441369061,9020
0.441371541,9019
0.44137409,9018
0.441376533,9017
0.441378874,9016
0.441381399,9015
0.44138376,9014
0.441387036,9013
0.44139091,9012
0.441393373,9011
0.441395905,9010
0.441400086,9009
0.441402999,9008
0.441405403,9007
0.441407872,9006
0.441409932,9005
0.44141312,9004
0.44141594,9003
0.441418545,9002
0.441420844,9001
0.441423619,9000
0.441426052,8999
0.441428438,8998
0.441430891,8997
0.441433075,8996
0.441435761,8995
0.441438289,8994
0.441441665,8993
0.441444248,8992
0.441446659,8991
0.441449228,8990
0.441451805,8989
0.441454132,8988
0.441456471,8987
0.441459134,8986
0.441461191,8985
0.441463371,8984
0.441465789,8983
0.441468171,8982
0.441470489,8981
0.441472722,8980
0.441475112,8979
0.441477632,8978
0.441480112,8977
0.44148236,8976
0.44148485,8975
0.44148714,8974
0.441489278,8973
0.441493393,8972
0.441495596,8971
0.441499498,8970
0.441502485,8969
0.441506874,8968
0.441509693,8967
0.44151234,8966
0.441515028,8965
0.441517489,8964
0.441519972,8963
0.441522355,8962
0.44152581,8961
0.441528635,8960
0.441531669,8959
0.441536453,8958
0.441541126,8957
0.441544983,8956
0.441571723,8955
0.441576409,8954
0.441625837,8953
0.441717132,8952
0.441757826,8951
0.441766281,8950
0.441780057,8949
0.441783597,8948
0.441786547,8947
0.441789721,8946
0.441792259,8945
0.441795858,8944
0.441799938,8943
0.441803482,8942
0.441806846,8941
0.441809572,8940
0.44181203,8939
0.441814504,8938
0.441816847,8937
0.441820191,8936
0.44182284,8935
0.441826241,8934
0.441829295,8933
0.441832939,8932
0.44183658,8931
0.441839756,8930
0.441843766,8929
0.44184688,8928
0.441849504,8927
0.441853259,8926
0.441856143,8925
0.441860132,8924
0.441863021,8923
0.441866869,8922
0.441869863,8921
0.441873722,8920
0.441877662,8919
0.441880934,8918
0.441884644,8917
0.441888076,8916
0.441908169,8915
0.441911757,8914
0.441914796,8913
0.441918351,8912
0.441921535,8911
0.441924407,8910
0.441927122,8909
0.441929948,8908
0.441933747,8907
0.441936816,8906
0.441940901,8905
0.441943836,8904
0.441946458,8903
0.441948982,8902
0.44195605,8901
0.441958631,8900
0.441961107,8899
0.441964546,8898
0.441967001,8897
0.441970512,8896
0.441973632,8895
0.441976085,8894
0.44197839,8893
0.441980991,8892
0.44198341,8891
0.441985897,8890
0.44198811,8889
0.441990432,8888
0.441992797,8887
0.441995466,8886
0.441998289,8885
0.442000774,8884
0.442002999,8883
0.442005202,8882
0.4420074,8881
0.44200979,8880
0.442011963,8879
0.442014198,8878
0.442016316,8877
0.442019068,8876
0.442024851,8875
0.44202856,8874
0.442031432,8873
0.442033939,8872
0.442036586,8871
0.442039197,8870
0.442042883,8869
0.442045803,8868
0.442048486,8867
0.442051116,8866
0.442053792,8865
0.442056409,8864
0.442058915,8863
0.442061507,8862
0.442064207,8861
0.44206721,8860
0.442070233,8859
0.442073246,8858
0.442076018,8857
0.442079362,8856
0.442082106,8855
0.442084559,8854
0.442087292,8853
0.442089655,8852
0.442092315,8851
0.442094711,8850
0.442097985,8849
0.44210049,8848
0.442102795,8847
0.442105287,8846
0.44210761,8845
0.442110141,8844
0.442112455,8843
0.442115072,8842
0.442117565,8841
0.442120456,8840
0.442123048,8839
0.442125483,8838
0.442127986,8837
0.44213044,8836
0.442132744,8835
0.442135073,8834
0.442137694,8833
0.442140054,8832
0.442142457,8831
0.442149223,8830
0.442151756,8829
0.442153949,8828
0.442155965,8827
0.442158204,8826
0.442168183,8825
0.442208829,8824
0.442220032,8823
0.442225863,8822
0.442230282,8821
0.442232682,8820
0.442238229,8819
0.442245897,8818
0.44225098,8817
0.442256544,8816
0.442260426,8815
0.44226605,8814
0.442272128,8813
0.442277329,8812
0.442283058,8811
0.442288663,8810
0.442293531,8809
0.44229925,8808
0.442305192,8807
0.442312127,8806
0.442315568,8805
0.442320455,8804
0.44235993,8803
0.442365137,8802
0.442369329,8801
0.44237454,8800
0.442379369,8799
0.442383492,8798
0.442416565,8797
0.442420286,8796
0.442423826,8795
0.442427213,8794
0.44242986,8793
0.442433016,8792
0.442436355,8791
0.442439427,8790
0.4424422,8789
0.442445356,8788
0.442448247,8787
0.442450983,8786
0.44245371,8785
0.442457339,8784
0.442460148,8783
0.442463154,8782
0.442466008,8781
0.44246854,8780
0.442471309,8779
0.442474565,8778
0.442477132,8777
0.442479592,8776
0.442482164,8775
0.442497515,8774
0.442500499,8773
0.442503722,8772
0.44250678,8771
0.442509801,8770
0.442512666,8769
0.442515209,8768
0.442517845,8767
0.442521043,8766
0.442523886,8765
0.442526784,8764
0.44252947,8763
0.442532202,8762
0.442534795,8761
0.44253748,8760
0.442540185,8759
0.442542762,8758
0.442545605,8757
0.442548818,8756
0.442552002,8755
0.442556736,8754
0.442560758,8753
0.442565297,8752
0.442568917,8751
0.442572297,8750
0.442575491,8749
0.442578938,8748
0.442582839,8747
0.44258642,8746
0.442590274,8745
0.442593474,8744
0.442596341,8743
0.442599881,8742
0.442602726,8741
0.44260544,8740
0.442608236,8739
0.442611291,8738
0.44261441,8737
0.442617217,8736
0.442624783,8735
0.442627756,8734
0.442630689,8733
0.442633583,8732
0.442637104,8731
0.442640107,8730
0.443319677,8729
0.443322483,8728
0.443325027,8727
0.443328939,8726
0.443333652,8725
0.443337672,8724
0.443341254,8723
0.443345673,8722
0.443348853,8721
0.44335332,8720
0.4433564,8719
0.44336204,8718
0.443365173,8717
0.443368569,8716
0.443371809,8715
0.443374696,8714
0.443377683,8713
0.443380735,8712
0.443383736,8711
0.443386871,8710
0.443390176,8709
0.443393202,8708
0.443397795,8707
0.443401566,8706
0.443405356,8705
0.443408492,8704
0.443411211,8703
0.443414212,8702
0.443417438,8701
0.443420663,8700
0.443424506,8699
0.443427656,8698
0.443430872,8697
0.443434214,8696
0.443437424,8695
0.443441493,8694
0.443449217,8693
0.443452344,8692
0.443456551,8691
0.443459308,8690
0.44346242,8689
0.443465293,8688
0.443468098,8687
0.443470975,8686
0.443473671,8685
0.443476262,8684
0.443479195,8683
0.443482134,8682
0.443485063,8681
0.443487953,8680
0.443491073,8679
0.443494255,8678
0.443497183,8677
0.443500765,8676
0.443503555,8675
0.443506436,8674
0.443509832,8673
0.44351328,8672
0.443516737,8671
0.443519833,8670
0.44352457,8669
0.443528054,8668
0.443531047,8667
0.443535246,8666
0.443537884,8665
0.443543172,8664
0.443546385,8663
0.443549074,8662
0.443551656,8661
0.443555522,8660
0.443558344,8659
0.443566491,8658
0.44357003,8657
0.443573092,8656
0.443575724,8655
0.44357895,8654
0.443581744,8653
0.44358449,8652
0.443587653,8651
0.443591926,8650
0.443594882,8649
0.443597484,8648
0.44360036,8647
0.443603014,8646
0.443607136,8645
0.443611226,8644
0.443613891,8643
0.443616809,8642
0.443619338,8641
0.443621842,8640
0.44362454,8639
0.443627602,8638
0.443631427,8637
0.443634276,8636
0.443637126,8635
0.443639851,8634
0.443642716,8633
0.443645633,8632
0.443649203,8631
0.443651681,8630
0.44365452,8629
0.443658589,8628
0.443662208,8627
0.443664593,8626
0.443667795,8625
0.443671308,8624
0.443674659,8623
0.443677411,8622
0.443680905,8621
0.443683243,8620
0.443686916,8619
0.443690438,8618
0.443694537,8617
0.443698143,8616
0.443702241,8615
0.4437058,8614
0.443709492,8613
0.443712328,8612
0.44371503,8611
0.443718477,8610
0.443721124,8609
0.443724208,8608
0.443727054,8607
0.443731153,8606
0.443735208,8605
0.443740295,8604
0.443743352,8603
0.443746278,8602
0.443748851,8601
0.443751689,8600
0.443754531,8599
0.443757181,8598
0.44375985,8597
0.443762425,8596
0.443764857,8595
0.44376739,8594
0.443772391,8593
0.443776491,8592
0.443780421,8591
0.443783444,8590
0.443787932,8589
0.443790254,8588
0.443793336,8587
0.443796308,8586
0.44379899,8585
0.443801907,8584
0.443804379,8583
0.4438067,8582
0.443809098,8581
0.443811522,8580
0.443814518,8579
0.443816895,8578
0.443821823,8577
0.443825244,8576
0.443828447,8575
0.443831648,8574
0.443834757,8573
0.443838999,8572
0.443842027,8571
0.44384513,8570
0.443847929,8569
0.443850466,8568
0.443853726,8567
0.443856166,8566
0.443858646,8565
0.443861208,8564
0.443863944,8563
0.443866585,8562
0.443869404,8561
0.443872029,8560
0.443876507,8559
0.443878849,8558
0.443881283,8557
0.443885541,8556
0.44388826,8555
0.443890651,8554
0.443893039,8553
0.443895687,8552
0.443897944,8551
0.443900535,8550
0.443902702,8549
0.443905202,8548
0.443907733,8547
0.443912165,8546
0.443914641,8545
0.443917021,8544
0.443919335,8543
0.443921784,8542
0.443924204,8541
0.443926331,8540
0.443928449,8539
0.443930692,8538
0.443932636,8537
0.443934713,8536
0.443937306,8535
0.44393942,8534
0.443941679,8533
0.443943638,8532
0.443945729,8531
0.443947844,8530
0.44395016,8529
0.443952332,8528
0.443954592,8527
0.443957068,8526
0.443966452,8525
0.443969415,8524
0.443972601,8523
0.443976353,8522
0.443978919,8521
0.443981252,8520
0.443983455,8519
0.443985644,8518
0.443988122,8517
0.443990716,8516
0.44399383,8515
0.443996395,8514
0.44399913,8513
0.44400162,8512
0.444004169,8511
0.444006496,8510
0.444009354,8509
0.444026168,8508
0.444029319,8507
0.444033741,8506
0.44403744,8505
0.444040302,8504
0.444043757,8503
0.44404659,8502
0.444050102,8501
0.444053294,8500
0.444057517,8499
0.444061556,8498
0.44406442,8497
0.444067056,8496
0.444069447,8495
0.444072118,8494
0.444074754,8493
0.444077497,8492
0.444080847,8491
0.444083287,8490
0.444093629,8489
0.444097088,8488
0.444100744,8487
0.444104624,8486
0.444107543,8485
0.444110226,8484
0.444112747,8483
0.444116104,8482
0.444118506,8481
0.444120886,8480
0.444123263,8479
0.444126019,8478
0.444129084,8477
0.444131182,8476
0.444133312,8475
0.444135608,8474
0.444138618,8473
0.444140447,8472
0.444142854,8471
0.444145066,8470
0.444147374,8469
0.44414933,8468
0.444151553,8467
0.444153916,8466
0.444156235,8465
0.444158782,8464
0.444161015,8463
0.444163242,8462
0.444165468,8461
0.444169314,8460
0.444171643,8459
0.444173891,8458
0.444176569,8457
0.444178864,8456
0.444181597,8455
0.444183847,8454
0.444187033,8453
0.444192044,8452
0.444195795,8451
0.444199721,8450
0.444203519,8449
0.444207351,8448
0.444211828,8447
0.444215202,8446
0.444218349,8445
0.444221566,8444
0.444224678,8443
0.44422883,8442
0.444231651,8441
0.444234856,8440
0.444240482,8439
0.444242749,8438
0.444245799,8437
0.444248024,8436
0.444250835,8435
0.444254129,8434
0.444257625,8433
0.444260895,8432
0.444265535,8431
0.444269748,8430
0.444272528,8429
0.444275328,8428
0.444280192,8427
0.444283345,8426
0.44428611,8425
0.444289333,8424
0.444295663,8423
0.444299936,8422
0.444303336,8421
0.444306226,8420
0.444310556,8419
0.444324397,8418
0.444327417,8417
0.444331462,8416
0.444334231,8415
0.444338217,8414
0.444344254,8413
0.444347728,8412
0.444351822,8411
0.444355335,8410
0.444358073,8409
0.444362042,8408
0.444365445,8407
0.444368756,8406
0.444371979,8405
0.444375705,8404
0.444379937,8403
0.444384736,8402
0.444387947,8401
0.444394007,8400
0.444399101,8399
0.444404431,8398
0.444407317,8397
0.444412444,8396
0.444415306,8395
0.444419226,8394
0.444424002,8393
0.444427729,8392
0.444431568,8391
0.444434481,8390
0.444439272,8389
0.444442526,8388
0.444446165,8387
0.444449984,8386
0.444454249,8385
0.444458068,8384
0.444461262,8383
0.444465923,8382
0.444469613,8381
0.444477378,8380
0.444481258,8379
0.444484323,8378
0.444487233,8377
0.444491013,8376
0.444493701,8375
0.444496624,8374
0.444500797,8373
0.444503386,8372
0.444506943,8371
0.444509622,8370
0.444512538,8369
0.444516168,8368
0.444519229,8367
0.444522728,8366
0.444527229,8365
0.444530504,8364
0.444533349,8363
0.444538111,8362
0.444540708,8361
0.444544917,8360
0.444548904,8359
0.444552099,8358
0.444556466,8357
0.444560466,8356
0.444563651,8355
0.444566624,8354
0.444570584,8353
0.444574384,8352
0.44457773,8351
0.444582041,8350
0.444586446,8349
0.444589598,8348
0.444592221,8347
0.444595747,8346
0.444598564,8345
0.444601221,8344
0.444605469,8343
0.444609684,8342
0.444613489,8341
0.444616089,8340
0.444618611,8339
0.444621005,8338
0.444623757,8337
0.44462712,8336
0.444630541,8335
0.444633154,8334
0.444636273,8333
0.444639132,8332
0.444642107,8331
0.444644879,8330
0.444648074,8329
0.444650607,8328
0.444654054,8327
0.444656699,8326
0.444659346,8325
0.444662728,8324
0.444665894,8323
0.444668849,8322
0.444671793,8321
0.444674478,8320
0.444678537,8319
0.444682035,8318
0.444685207,8317
0.444687933,8316
0.444690906,8315
0.444693701,8314
0.444696551,8313
0.444699382,8312
0.444702532,8311
0.444707601,8310
0.444710631,8309
0.444714472,8308
0.444717539,8307
0.444720543,8306
0.444724333,8305
0.444730053,8304
0.444733722,8303
0.444738591,8302
0.444742067,8301
0.444745144,8300
0.444750982,8299
0.444754341,8298
0.444759831,8297
0.44476392,8296
0.445043291,8295
0.445056223,8294
0.445059991,8293
0.445079952,8292
0.445083881,8291
0.445087607,8290
0.44509217,8289
0.445097696,8288
0.445101087,8287
0.445106702,8286
0.445128112,8285
0.445132507,8284
0.445135835,8283
0.445142375,8282
0.445146084,8281
0.4451499,8280
0.445188365,8279
0.445192089,8278
0.445228341,8277
0.445232544,8276
0.445241087,8275
0.445251137,8274
0.445264514,8273
0.445308701,8272
0.44531661,8271
0.445322348,8270
0.445335002,8269
0.445340302,8268
0.445343659,8267
0.445346655,8266
0.445350679,8265
0.445353802,8264
0.445356912,8263
0.445363563,8262
0.445369436,8261
0.445379795,8260
0.445386794,8259
0.445394954,8258
0.445400588,8257
0.445403392,8256
0.445436988,8255
0.445442932,8254
0.445446686,8253
0.445450452,8252
0.4454535,8251
0.445456575,8250
0.445460595,8249
0.445463798,8248
0.445474151,8247
0.445481981,8246
0.445485549,8245
0.445497166,8244
0.445504108,8243
0.445508569,8242
0.445512442,8241
0.445515185,8240
0.44551953,8239
0.445529056,8238
0.445532932,8237
0.445538316,8236
0.445542418,8235
0.445545968,8234
0.445561223,8233
0.445565337,8232
0.445570723,8231
0.445574029,8230
0.445577197,8229
0.445581929,8228
0.445586193,8227
0.445726032,8226
0.445731507,8225
0.44574924,8224
0.445793927,8223
0.445813573,8222
0.44582204,8221
0.44582819,8220
0.445835251,8219
0.445842326,8218
0.445846408,8217
0.445853496,8216
0.445865502,8215
0.445869846,8214
0.446103201,8213
0.446105701,8212
0.446109418,8211
0.446112098,8210
0.446114923,8209
0.446117613,8208
0.446121187,8207
0.446123916,8206
0.446126675,8205
0.446129391,8204
0.446132203,8203
0.446136013,8202
0.446143219,8201
0.44614787,8200
0.446153103,8199
0.446156265,8198
0.446159975,8197
0.446171485,8196
0.446176448,8195
0.446181351,8194
0.446185096,8193
0.446188199,8192
0.446192272,8191
0.446196454,8190
0.446200255,8189
0.446203871,8188
0.446209211,8187
0.446214501,8186
0.446217713,8185
0.446221478,8184
0.446226617,8183
0.446233002,8182
0.446238787,8181
0.44624185,8180
0.44624434,8179
0.44624795,8178
0.446254355,8177
0.446257696,8176
0.446262164,8175
0.446265751,8174
0.446271569,8173
0.446274918,8172
0.446284061,8171
0.446292751,8170
0.446295641,8169
0.446298355,8168
0.446306201,8167
0.446309145,8166
0.446347523,8165
0.446351602,8164
0.446360646,8163
0.446363417,8162
0.446370741,8161
0.44637479,8160
0.446379362,8159
0.446382108,8158
0.446384771,8157
0.446391106,8156
0.446393606,8155
0.446399756,8154
0.446402512,8153
0.446405972,8152
0.446413909,8151
0.446417022,8150
0.446421504,8149
0.44642435,8148
0.446427426,8147
0.446439599,8146
0.446446028,8145
0.446450948,8144
0.446525782,8143
0.446541127,8142
0.446591599,8141
0.44661783,8140
0.446634263,8139
0.446644289,8138
0.446649629,8137
0.446684681,8136
0.446690621,8135
0.446694351,8134
0.446699137,8133
0.446707944,8132
0.446711993,8131
0.446717795,8130
0.446729135,8129
0.446732585,8128
0.446735463,8127
0.446741323,8126
0.446745085,8125
0.446772715,8124
0.446778086,8123
0.446782813,8122
0.446787969,8121
0.44679182,8120
0.446795561,8119
0.447103707,8118
0.448015817,8117
0.448222837,8116
0.448237708,8115
0.448328382,8114
0.448419653,8113
0.448487627,8112
0.448564061,8111
0.448610211,8110
0.448954147,8109
0.449002997,8108
0.451167419,8107
0.451170214,8106
0.451172932,8105
0.45117569,8104
0.451179634,8103
0.451183654,8102
0.451187805,8101
0.451196549,8100
0.451199325,8099
0.451202988,8098
0.451206115,8097
0.451209044,8096
0.45121202,8095
0.451215069,8094
0.451217986,8093
0.451220414,8092
0.451222936,8091
0.451225717,8090
0.451229585,8089
0.451234447,8088
0.451240009,8087
0.451265355,8086
0.451269995,8085
0.45127543,8084
0.451281185,8083
0.451292717,8082
0.45129889,8081
0.451303084,8080
0.451306191,8079
0.451311004,8078
0.451318333,8077
0.451322336,8076
0.451325143,8075
0.4513287,8074
0.45133471,8073
0.451341448,8072
0.451344251,8071
0.451348645,8070
0.451355931,8069
0.451360914,8068
0.451364679,8067
0.451374533,8066
0.451383947,8065
0.451393621,8064
0.4513974,8063
0.451404296,8062
0.45140817,8061
0.45141059,8060
0.451413411,8059
0.451424891,8058
0.451431277,8057
0.451438781,8056
0.451441672,8055
0.451444168,8054
0.451447757,8053
0.451451821,8052
0.451457096,8051
0.451459954,8050
0.451465869,8049
0.451469478,8048
0.451472771,8047
0.451491242,8046
0.45149428,8045
0.451523249,8044
0.451530735,8043
0.451533452,8042
0.451539362,8041
0.451546558,8040
0.451572125,8039
0.45160167,8038
0.451610227,8037
0.451613849,8036
0.451619061,8035
0.451629415,8034
0.451639853,8033
0.451642953,8032
0.451667611,8031
0.451673692,8030
0.451680597,8029
0.451683237,8028
0.451686481,8027
0.451689957,8026
0.451701046,8025
0.451706128,8024
0.451735826,8023
0.451738547,8022
0.451741993,8021
0.451745051,8020
0.45174878,8019
0.45175437,8018
0.451758264,8017
0.451763601,8016
0.451768779,8015
0.451783674,8014
0.451797803,8013
0.451804662,8012
0.451854048,8011
0.451898335,8010
0.451907307,8009
0.451916681,8008
0.451943017,8007
0.451982771,8006
0.451986063,8005
0.451994582,8004
0.451999141,8003
0.452004311,8002
0.452013561,8001
0.452019128,8000
0.452025142,7999
0.45203387,7998
0.452038793,7997
0.452049793,7996
0.452054164,7995
0.452062376,7994
0.452072322,7993
0.4520896,7992
0.452100231,7991
0.452106604,7990
0.452115601,7989
0.452126395,7988
0.452130094,7987
0.452144749,7986
0.452147684,7985
0.452156513,7984
0.452159442,7983
0.45217107,7982
0.452175511,7981
0.452184181,7980
0.452188539,7979
0.452206475,7978
0.452219422,7977
0.452221955,7976
0.452228485,7975
0.45223169,7974
0.45224278,7973
0.452254046,7972
0.45225692,7971
0.452262515,7970
0.45228897,7969
0.452296059,7968
0.452303319,7967
0.45234193,7966
0.452346386,7965
0.452352029,7964
0.452359763,7963
0.452375357,7962
0.452389999,7961
0.452414354,7960
0.452418035,7959
0.452421806,7958
0.45243972,7957
0.452446354,7956
0.452454819,7955
0.45247814,7954
0.452485822,7953
0.452506301,7952
0.452521043,7951
0.452524371,7950
0.452539798,7949
0.452546959,7948
0.452561656,7947
0.452570937,7946
0.452613761,7945
0.452620217,7944
0.452623408,7943
0.452664035,7942
0.452672443,7941
0.452712621,7940
0.452716877,7939
0.452761154,7938
0.452800929,7937
0.452839272,7936
0.452856098,7935
0.452879745,7934
0.452920796,7933
0.45292872,7932
0.45295179,7931
0.453018973,7930
0.453079513,7929
0.453089853,7928
0.453102954,7927
0.453128651,7926
0.453134669,7925
0.453140443,7924
0.453163213,7923
0.453170906,7922
0.453190726,7921
0.45320445,7920
0.453225733,7919
0.453501612,7918
0.453514276,7917
0.453604909,7916
0.453615517,7915
0.45368862,7914
0.453692665,7913
0.453696019,7912
0.453792673,7911
0.453816727,7910
0.453851238,7909
0.453857601,7908
0.453880179,7907
0.454288081,7906
0.454292544,7905
0.454327462,7904
0.454332323,7903
0.454336197,7902
0.454340265,7901
0.454343925,7900
0.454350974,7899
0.454354708,7898
0.45436299,7897
0.454373792,7896
0.454377421,7895
0.454382557,7894
0.454385771,7893
0.454401937,7892
0.454407809,7891
0.454424401,7890
0.454431661,7889
0.454436994,7888
0.454443629,7887
0.454447225,7886
0.454454318,7885
0.454458624,7884
0.45446291,7883
0.454466991,7882
0.454469989,7881
0.454475213,7880
0.454481751,7879
0.45449964,7878
0.454507508,7877
0.454536006,7876
0.454548256,7875
0.454553914,7874
0.454559231,7873
0.454564789,7872
0.454570364,7871
0.454575674,7870
0.454582208,7869
0.454590715,7868
0.45459603,7867
0.45461812,7866
0.454626222,7865
0.454671091,7864
0.45470074,7863
0.454738275,7862
0.454752032,7861
0.454757336,7860
0.454796199,7859
0.454852417,7858
0.454870788,7857
0.454876057,7856
0.454890746,7855
0.454961206,7854
0.455000246,7853
0.455010676,7852
0.455055343,7851
0.455061966,7850
0.455107983,7849
0.455503045,7848
0.455641057,7847
0.456164926,7846
0.456358064,7845
0.45636508,7844
0.456369896,7843
0.456374335,7842
0.456615598,7841
0.456655792,7840
0.456665019,7839
0.456706218,7838
0.456712444,7837
0.45672699,7836
0.45673323,7835
0.456772618,7834
0.456779241,7833
0.456788029,7832
0.45679199,7831
0.456800882,7830
0.456804354,7829
0.456809635,7828
0.456845908,7827
0.456853056,7826
0.456856679,7825
0.456866077,7824
0.456871341,7823
0.456879767,7822
0.456888181,7821
0.456895207,7820
0.456906602,7819
0.45694052,7818
0.456944933,7817
0.456955894,7816
0.456961869,7815
0.456965598,7814
0.456976633,7813
0.456989813,7812
0.456994006,7811
0.45699789,7810
0.457034294,7809
0.457044899,7808
0.457051046,7807
0.457054613,7806
0.457061049,7805
0.457099983,7804
0.457106125,7803
0.457114563,7802
0.457124358,7801
0.457129114,7800
0.457133802,7799
0.457140495,7798
0.457525254,7797
0.457548546,7796
0.457568661,7795
0.457573171,7794
0.457581607,7793
0.457625686,7792
0.457641438,7791
0.457651469,7790
0.457657147,7789
0.457661178,7788
0.457704966,7787
0.457723004,7786
0.457739894,7785
0.457779155,7784
0.457818484,7783
0.457826229,7782
0.457833902,7781
0.457868874,7780
0.45787649,7779
0.457890511,7778
0.457898119,7777
0.457932227,7776
0.457945248,7775
0.457989207,7774
0.457995149,7773
0.458007431,7772
0.458080925,7771
0.458087336,7770
0.458119298,7769
0.458196447,7768
0.458201621,7767
0.45827474,7766
0.458279305,7765
0.458318732,7764
0.458332117,7763
0.458336514,7762
0.458365753,7761
0.458402942,7760
0.458426502,7759
0.458431321,7758
0.458437273,7757
0.458476421,7756
0.458555752,7755
0.458565533,7754
0.458597732,7753
0.458613245,7752
0.458667878,7751
0.458675737,7750
0.458717595,7749
0.458741767,7748
0.458751854,7747
0.458766739,7746
0.458829511,7745
0.461152477,7744
0.461161389,7743
0.461165712,7742
0.461201002,7741
0.461207749,7740
0.461213033,7739
0.4612213,7738
0.461268222,7737
0.46127829,7736
0.461282116,7735
0.461317376,7734
0.461322547,7733
0.46134166,7732
0.461346685,7731
0.461352413,7730
0.461391108,7729
0.461395604,7728
0.461400724,7727
0.461405119,7726
0.461409483,7725
0.461414137,7724
0.461421531,7723
0.461425857,7722
0.461431176,7721
0.461436776,7720
0.461446038,7719
0.461455662,7718
0.461459921,7717
0.461463396,7716
0.461472313,7715
0.461478314,7714
0.461481691,7713
0.461486095,7712
0.461494978,7711
0.461502608,7710
0.461545938,7709
0.461550048,7708
0.461585495,7707
0.461623367,7706
0.461627374,7705
0.461633644,7704
0.461640332,7703
0.461675411,7702
0.461679203,7701
0.461685862,7700
0.461691595,7699
0.461729753,7698
0.461736858,7697
0.461773019,7696
0.461780773,7695
0.461788846,7694
0.461842886,7693
0.462294062,7692
0.462327747,7691
0.462330996,7690
0.46233792,7689
0.46234147,7688
0.462347643,7687
0.462352343,7686
0.462356877,7685
0.462406319,7684
0.462413391,7683
0.462417282,7682
0.462420786,7681
0.462453467,7680
0.462459087,7679
0.462497179,7678
0.462502124,7677
0.462506951,7676
0.462513393,7675
0.462523634,7674
0.462527284,7673
0.462531854,7672
0.462543186,7671
0.462580904,7670
0.463073794,7669
0.463080309,7668
0.46311512,7667
0.463120335,7666
0.463125631,7665
0.463129607,7664
0.463145707,7663
0.46315473,7662
0.463161496,7661
0.463167728,7660
0.463171562,7659
0.463175656,7658
0.463182022,7657
0.463185828,7656
0.463192275,7655
0.463196797,7654
0.463203898,7653
0.463212843,7652
0.463220678,7651
0.463226825,7650
0.463231314,7649
0.463234163,7648
0.463268695,7647
0.463274849,7646
0.463325978,7645
0.463331876,7644
0.463346748,7643
0.463353172,7642
0.463359507,7641
0.463370036,7640
0.463374954,7639
0.463397274,7638
0.463404859,7637
0.46344627,7636
0.463450072,7635
0.463457681,7634
0.463461796,7633
0.463496051,7632
0.463504968,7631
0.463508459,7630
0.46351516,7629
0.463518882,7628
0.463576515,7627
0.463582395,7626
0.463631208,7625
0.463638956,7624
0.463659591,7623
0.463706476,7622
0.463743037,7621
0.463750368,7620
0.463757512,7619
0.463798109,7618
0.463834149,7617
0.463840024,7616
0.463847066,7615
0.463866588,7614
0.46387411,7613
0.463879596,7612
0.463884905,7611
0.463907771,7610
0.463945343,7609
0.463997104,7608
0.464002335,7607
0.464041266,7606
0.464081261,7605
0.464084211,7604
0.464120479,7603
0.464130477,7602
0.464141426,7601
0.464163648,7600
0.464236822,7599
0.464246283,7598
0.464254107,7597
0.464257087,7596
0.464264793,7595
0.464270782,7594
0.464307796,7593
0.464345855,7592
0.464351306,7591
0.464388896,7590
0.464392793,7589
0.464399767,7588
0.464413045,7587
0.464419998,7586
0.464431213,7585
0.464442597,7584
0.464460854,7583
0.464471006,7582
0.464474299,7581
0.464491099,7580
0.464508581,7579
0.464528375,7578
0.464672243,7577
0.464705645,7576
0.464725054,7575
0.464728202,7574
0.464741842,7573
0.464745268,7572
0.464803763,7571
0.464811262,7570
0.464838463,7569
0.464860528,7568
0.464897674,7567
0.464902573,7566
0.464940321,7565
0.464945999,7564
0.464956631,7563
0.464963413,7562
0.465007858,7561
0.465067653,7560
0.465071218,7559
0.465080062,7558
0.465139476,7557
0.465146107,7556
0.465169977,7555
0.465191318,7554
0.465196132,7553
0.465205666,7552
0.465249417,7551
0.465271216,7550
0.465275387,7549
0.465285205,7548
0.465327692,7547
0.465339096,7546
0.465377119,7545
0.465412994,7544
0.465435602,7543
0.465450242,7542
0.46547319,7541
0.465505499,7540
0.465512272,7539
0.46553266,7538
0.46555431,7537
0.465639227,7536
0.465646174,7535
0.465713614,7534
0.465766514,7533
0.465806708,7532
0.465812806,7531
0.465874989,7530
0.46591031,7529
0.465932096,7528
0.465940328,7527
0.465962433,7526
0.465966422,7525
0.466008425,7524
0.466039794,7523
0.466112107,7522
0.466139651,7521
0.46619498,7520
0.466222193,7519
0.466224991,7518
0.466233323,7517
0.466306708,7516
0.466368909,7515
0.466390383,7514
0.466394703,7513
0.466398269,7512
0.466403088,7511
0.466405912,7510
0.46643279,7509
0.466451866,7508
0.466457273,7507
0.466496807,7506
0.466500026,7505
0.466553342,7504
0.466559309,7503
0.466564891,7502
0.466569065,7501
0.466616638,7500
0.466673434,7499
0.466685861,7498
0.466717491,7497
0.466757865,7496
0.466839048,7495
0.466843374,7494
0.466854023,7493
0.466864549,7492
0.466894871,7491
0.467286936,7490
0.467293349,7489
0.467301433,7488
0.467336681,7487
0.467342723,7486
0.467350717,7485
0.467354702,7484
0.46735905,7483
0.467368657,7482
0.467374479,7481
0.467384877,7480
0.467389427,7479
0.467434309,7478
0.46744436,7477
0.467451796,7476
0.467459259,7475
0.467462831,7474
0.467472252,7473
0.467481012,7472
0.467516072,7471
0.467522175,7470
0.467525509,7469
0.467559842,7468
0.467597429,7467
0.467605939,7466
0.467610922,7465
0.467645712,7464
0.467679823,7463
0.46771333,7462
0.467738619,7461
0.467742245,7460
0.467755464,7459
0.467759611,7458
0.467764674,7457
0.467783389,7456
0.467790085,7455
0.467799203,7454
0.467804942,7453
0.467807639,7452
0.467811854,7451
0.467814821,7450
0.468167271,7449
0.468182352,7448
0.468190506,7447
0.468201336,7446
0.468231313,7445
0.468234903,7444
0.468244502,7443
0.468267492,7442
0.468286598,7441
0.468304182,7440
0.468324052,7439
0.468344782,7438
0.468363982,7437
0.468382741,7436
0.468391767,7435
0.468400765,7434
0.46845849,7433
0.468473628,7432
0.468517832,7431
0.468526681,7430
0.468596397,7429
0.468682527,7428
0.468721574,7427
0.468802282,7426
0.469116354,7425
0.469927871,7424
0.470511755,7423
0.470555396,7422
0.470603594,7421
0.470607899,7420
0.470616131,7419
0.470673627,7418
0.470740773,7417
