0.634375491,6823
0.634458406,6822
0.634521864,6821
0.634565796,6820
0.634657647,6819
0.634679597,6818
0.634792622,6817
0.634802353,6816
0.634809297,6815
0.634816426,6814
0.634823297,6813
0.634829933,6812
0.634836731,6811
0.634844052,6810
0.634850767,6809
0.634868919,6808
0.63487714,6807
0.635550604,6806
0.635562168,6805
0.635573194,6804
0.63559242,6803
0.6356101,6802
0.635730325,6801
0.638589905,6800
0.638650517,6799
0.638665259,6798
0.638677919,6797
0.638690523,6796
0.638700955,6795
0.638710177,6794
0.638784334,6793
0.63881171,6792
0.638825364,6791
0.63883603,6790
0.638845624,6789
0.638855592,6788
0.638870567,6787
0.638878787,6786
0.638888468,6785
0.638908193,6784
0.638953369,6783
0.63896546,6782
0.638989663,6781
0.639007775,6780
0.639016404,6779
0.639025135,6778
0.639033579,6777
0.639057785,6776
0.639065655,6775
0.639074355,6774
0.639766684,6773
0.640157775,6772
0.640226408,6771
0.640239885,6770
0.640335337,6769
0.640360786,6768
0.640379989,6767
0.640421423,6766
0.640478091,6765
0.640514541,6764
0.640558293,6763
0.640582122,6762
0.640602641,6761
0.640653866,6760
0.64066351,6759
0.640678416,6758
0.640745925,6757
0.640818861,6756
0.640829991,6755
0.640848645,6754
0.640856999,6753
0.64086467,6752
0.640871255,6751
0.640877902,6750
0.640883926,6749
0.640889945,6748
0.640896252,6747
0.640902295,6746
0.640908807,6745
0.640916048,6744
0.640922125,6743
0.640927482,6742
0.640949583,6741
0.640993073,6740
0.641192339,6739
0.641203356,6738
0.641237426,6737
0.641252038,6736
0.64126688,6735
0.641280559,6734
0.641292386,6733
0.641298858,6732
0.641304515,6731
0.641309478,6730
0.641314637,6729
0.641319693,6728
0.641326387,6727
0.641341694,6726
0.641351695,6725
0.641358307,6724
0.641365158,6723
0.641371771,6722
0.641379465,6721
0.64139484,6720
0.641399739,6719
0.641405076,6718
0.641409067,6717
0.641415784,6716
0.641421958,6715
0.641428355,6714
0.641432671,6713
0.641436689,6712
0.641440557,6711
0.641445499,6710
0.641449711,6709
0.64145377,6708
0.641459666,6707
0.641465278,6706
0.641470746,6705
0.641484447,6704
0.641489721,6703
0.641495586,6702
0.641546614,6701
0.644635092,6700
0.644648954,6699
0.644768694,6698
0.644782838,6697
0.644792066,6696
0.64480924,6695
0.644820812,6694
0.644832695,6693
0.646007331,6692
0.646043457,6691
0.646049635,6690
0.646054645,6689
0.646058902,6688
0.646064044,6687
0.646086025,6686
0.646098193,6685
0.64610282,6684
0.646107826,6683
0.646113099,6682
0.646150594,6681
0.646157447,6680
0.646248494,6679
0.646254263,6678
0.646258984,6677
0.64626329,6676
0.646266983,6675
0.646272522,6674
0.646278496,6673
0.646283887,6672
0.646287487,6671
0.646292258,6670
0.646297159,6669
0.646306854,6668
0.646315868,6667
0.646319482,6666
0.646323091,6665
0.646328423,6664
0.646333507,6663
0.646337821,6662
0.646342886,6661
0.64634738,6660
0.646352305,6659
0.646357796,6658
0.646362513,6657
0.646366696,6656
0.64637126,6655
0.646374576,6654
0.646377783,6653
0.646383173,6652
0.64638791,6651
0.646395341,6650
0.646401409,6649
0.646408348,6648
0.646419513,6647
0.646459412,6646
0.646562631,6645
0.646601751,6644
0.646612561,6643
0.646619014,6642
0.65236035,6641
0.652388145,6640
0.652399243,6639
0.652405535,6638
0.652412956,6637
0.652417855,6636
0.652422996,6635
0.652428645,6634
0.652434028,6633
0.652439023,6632
0.652450395,6631
0.652457321,6630
0.659674562,6629
0.65968551,6628
0.659692779,6627
0.659700208,6626
0.659706855,6625
0.659747415,6624
0.659763208,6623
0.659770461,6622
0.659776111,6621
0.659785772,6620
0.659797392,6619
0.659811802,6618
0.659823578,6617
0.659828498,6616
0.659835792,6615
0.659843071,6614
0.659848964,6613
0.659859459,6612
0.659865169,6611
0.659877121,6610
0.659882444,6609
0.659916596,6608
0.659922101,6607
0.65992794,6606
0.659987568,6605
0.660002539,6604
0.660009046,6603
0.660013965,6602
0.660018806,6601
0.660023618,6600
0.660068036,6599
0.660078055,6598
0.660086484,6597
0.660090827,6596
0.660096413,6595
0.660101341,6594
0.660107351,6593
0.660111566,6592
0.660117323,6591
0.660140708,6590
0.660212178,6589
0.660223668,6588
0.660242064,6587
0.660252892,6586
0.66026469,6585
0.660269686,6584
0.660273887,6583
0.660279247,6582
0.660283563,6581
0.660288123,6580
0.660292467,6579
0.660296116,6578
0.660299882,6577
0.66030387,6576
0.660307419,6575
0.660311335,6574
0.660314788,6573
0.660325879,6572
0.660331335,6571
0.660338622,6570
0.660345851,6569
0.660356423,6568
0.660366429,6567
0.660371423,6566
0.660375944,6565
0.66038051,6564
0.660384661,6563
0.660392841,6562
0.660397719,6561
0.660402147,6560
0.660405744,6559
0.660409001,6558
0.660498407,6557
0.660504924,6556
0.660509566,6555
0.66051332,6554
0.660518464,6553
0.660522823,6552
0.660527662,6551
0.660531294,6550
0.660576971,6549
0.660585638,6548
0.660620691,6547
0.660625744,6546
0.660630117,6545
0.660634727,6544
0.660639331,6543
0.660651974,6542
0.660656063,6541
0.660661733,6540
0.660667234,6539
0.660671568,6538
0.660675549,6537
0.660679819,6536
0.66068564,6535
0.660690607,6534
0.660696225,6533
0.660700452,6532
0.660705088,6531
0.660710212,6530
0.660714485,6529
0.660718753,6528
0.660725248,6527
0.660728891,6526
0.660733054,6525
0.660737766,6524
0.660741669,6523
0.66074565,6522
0.660749397,6521
0.660752912,6520
0.660756811,6519
0.660760702,6518
0.660764677,6517
0.66076855,6516
0.660772715,6515
0.660776349,6514
0.660779909,6513
0.660783773,6512
0.660787872,6511
0.660792294,6510
0.66080224,6509
0.660879228,6508
0.660883426,6507
0.660887803,6506
0.660891863,6505
0.660895784,6504
0.660899577,6503
0.6609088,6502
0.660914259,6501
0.660919241,6500
0.660924824,6499
0.660929241,6498
0.660939157,6497
0.660952299,6496
0.660959978,6495
0.660966386,6494
0.661008132,6493
0.661016754,6492
0.661022382,6491
0.661031702,6490
0.661038016,6489
0.661042662,6488
0.661048887,6487
0.661052338,6486
0.661057481,6485
0.66106125,6484
0.661065205,6483
0.66106989,6482
0.661074258,6481
0.6610814,6480
0.661119065,6479
0.661123048,6478
0.66112681,6477
0.661130583,6476
0.661133978,6475
0.661143923,6474
0.661148447,6473
0.661158457,6472
0.661193057,6471
0.661198122,6470
0.661202556,6469
0.661205915,6468
0.661210586,6467
0.661215212,6466
0.661219087,6465
0.661224488,6464
0.66122911,6463
0.661246298,6462
0.66125201,6461
0.66126141,6460
0.66128498,6459
0.661290848,6458
0.661296596,6457
0.661301402,6456
0.661308136,6455
0.661335854,6454
0.661344681,6453
0.661380701,6452
0.661385351,6451
0.661390094,6450
0.661396453,6449
0.661408422,6448
0.661421939,6447
0.661427202,6446
0.66143676,6445
0.662934963,6444
0.664331061,6443
0.664338942,6442
0.664354217,6441
0.664361147,6440
0.664366155,6439
0.664370569,6438
0.664374976,6437
0.664378634,6436
0.664382899,6435
0.664386512,6434
0.664393312,6433
0.664398123,6432
0.664404835,6431
0.664409053,6430
0.664413097,6429
0.66441652,6428
0.664419844,6427
0.664423105,6426
0.664426994,6425
0.664438892,6424
0.664444739,6423
0.66448899,6422
0.664493714,6421
0.664497184,6420
0.664500328,6419
0.664505622,6418
0.664509645,6417
0.664514091,6416
0.664518566,6415
0.664528506,6414
0.664532379,6413
0.664536386,6412
0.664540658,6411
0.66454594,6410
0.664550602,6409
0.664554865,6408
0.66455987,6407
0.6645642,6406
0.66460836,6405
0.664613642,6404
0.664617735,6403
0.664621763,6402
0.664626359,6401
0.664633231,6400
0.664645904,6399
0.664669549,6398
0.664674389,6397
0.664682039,6396
0.664687119,6395
0.66469793,6394
0.664706013,6393
0.664711049,6392
0.664717199,6391
0.664721594,6390
0.664726543,6389
0.664730775,6388
0.664734839,6387
0.664738394,6386
0.664742156,6385
0.664745495,6384
0.664751991,6383
0.664755559,6382
0.664759499,6381
0.664762924,6380
0.664766937,6379
0.664770792,6378
0.664774202,6377
0.664780449,6376
0.664785468,6375
0.664789811,6374
0.664793936,6373
0.664798213,6372
0.664802645,6371
0.66480724,6370
0.66481126,6369
0.664818411,6368
0.664825738,6367
0.66483025,6366
0.664834178,6365
0.664883614,6364
0.664916249,6363
0.66492287,6362
0.664932167,6361
0.664944558,6360
0.664949114,6359
0.665485785,6358
0.665493183,6357
0.66550107,6356
0.66550638,6355
0.6655151,6354
0.665521032,6353
0.665550336,6352
0.665791216,6351
0.665801782,6350
0.665837399,6349
0.66584314,6348
0.665847606,6347
0.665851952,6346
0.665855965,6345
0.665870578,6344
0.665877784,6343
0.66588159,6342
0.665888927,6341
0.665962763,6340
0.665968608,6339
0.665971701,6338
0.665977893,6337
0.66599207,6336
0.666001589,6335
0.666008653,6334
0.666013662,6333
0.666018589,6332
0.666023325,6331
0.666030165,6330
0.666034265,6329
0.666039762,6328
0.666045901,6327
0.666052446,6326
0.666058024,6325
0.666063624,6324
0.666068896,6323
0.66607906,6322
0.666084271,6321
0.666122927,6320
0.666132717,6319
0.666136911,6318
0.666173478,6317
0.666180461,6316
0.666185795,6315
0.666196184,6314
0.666202017,6313
0.666207731,6312
0.666220649,6311
0.666257289,6310
0.666295093,6309
0.66630177,6308
0.666307411,6307
0.666312441,6306
0.666319031,6305
0.666324518,6304
0.666329447,6303
0.666336737,6302
0.666341347,6301
0.666347651,6300
0.666351993,6299
0.666356292,6298
0.666362194,6297
0.666402575,6296
0.666406979,6295
0.666414514,6294
0.666419829,6293
0.666423679,6292
0.666428168,6291
0.666431874,6290
0.666437273,6289
0.666443063,6288
0.666446346,6287
0.666454143,6286
0.666459209,6285
0.666464135,6284
0.666474855,6283
0.666505336,6282
0.666531538,6281
0.666537034,6280
0.666546053,6279
0.666550704,6278
0.66655519,6277
0.666559031,6276
0.66656862,6275
0.666572842,6274
0.666576479,6273
0.666581548,6272
0.666584587,6271
0.666590358,6270
0.666594782,6269
0.666637303,6268
0.666642481,6267
0.66665304,6266
0.66666587,6265
0.66667088,6264
0.666675147,6263
0.666681124,6262
0.666686287,6261
0.666689919,6260
0.666694972,6259
0.666698636,6258
0.666702103,6257
0.666706878,6256
0.666711057,6255
0.666715271,6254
0.6667201,6253
0.666724491,6252
0.666728604,6251
0.666732803,6250
0.666737019,6249
0.66674145,6248
0.666745899,6247
0.666782446,6246
0.666792486,6245
0.666826374,6244
0.666831974,6243
0.666845354,6242
0.666856722,6241
0.666863722,6240
0.666868066,6239
0.666873032,6238
0.666879547,6237
0.666883583,6236
0.666887557,6235
0.666891674,6234
0.666895618,6233
0.666900026,6232
0.666904252,6231
0.666909883,6230
0.666916363,6229
0.66692157,6228
0.666925562,6227
0.666929518,6226
0.666934929,6225
0.666939257,6224
0.6669433,6223
0.666947512,6222
0.666954044,6221
0.666959004,6220
0.666965379,6219
0.666970898,6218
0.666976054,6217
0.666981877,6216
0.66698656,6215
0.666991698,6214
0.666997203,6213
0.667002583,6212
0.667007707,6211
0.667014977,6210
0.667020008,6209
0.667024711,6208
0.667032591,6207
0.667037444,6206
0.667045337,6205
0.669295159,6204
0.66930214,6203
0.669306157,6202
0.670872159,6201
0.670883636,6200
0.670889247,6199
0.670899599,6198
0.670907088,6197
0.670939616,6196
0.670951857,6195
0.670964187,6194
0.670968545,6193
0.67097309,6192
0.670978343,6191
0.670982508,6190
0.671017511,6189
0.671023662,6188
0.671034483,6187
0.671039539,6186
0.671044903,6185
0.671050351,6184
0.678457161,6183
0.678478877,6182
0.678503652,6181
0.678553498,6180
0.678565965,6179
0.678602276,6178
0.678607016,6177
0.678613501,6176
0.679067979,6175
0.679081072,6174
0.679117212,6173
0.679121605,6172
0.679129517,6171
0.679133958,6170
0.679141133,6169
0.679146466,6168
0.679150573,6167
0.679155795,6166
0.679169448,6165
0.679174281,6164
0.679178922,6163
0.679186013,6162
0.6791908,6161
0.679195308,6160
0.67919941,6159
0.679203052,6158
0.679210679,6157
0.679214159,6156
0.679217173,6155
0.679219894,6154
0.679223403,6153
0.679231448,6152
0.679236514,6151
0.679242869,6150
0.679245671,6149
0.679248851,6148
0.67925318,6147
0.679255722,6146
0.67925878,6145
0.679261553,6144
0.679265912,6143
0.679270559,6142
0.679274768,6141
0.679279148,6140
0.679283898,6139
0.679289017,6138
0.679301324,6137
0.679313365,6136
0.679350076,6135
0.679355588,6134
0.679366437,6133
0.679398338,6132
0.679403612,6131
0.679407653,6130
0.679411851,6129
0.679415486,6128
0.679419137,6127
0.679422726,6126
0.679426399,6125
0.679465349,6124
0.679470331,6123
0.679475179,6122
0.679482865,6121
0.679487666,6120
0.679491731,6119
0.67949612,6118
0.679499982,6117
0.67950573,6116
0.679515318,6115
0.679521977,6114
0.67953043,6113
0.679535088,6112
0.67954112,6111
0.679591175,6110
0.679595964,6109
0.679602749,6108
0.679608116,6107
0.679613974,6106
0.679648671,6105
0.679684038,6104
0.679688375,6103
0.679693232,6102
0.679698735,6101
0.679703447,6100
0.679708019,6099
0.679712581,6098
0.679719083,6097
0.679725142,6096
0.679729914,6095
0.679736651,6094
0.679741212,6093
0.679745933,6092
0.679750313,6091
0.679754765,6090
0.679759121,6089
0.679766358,6088
0.679770512,6087
0.679774735,6086
0.679778899,6085
0.679783354,6084
0.679788461,6083
0.679803352,6082
0.680737526,6081
0.680742198,6080
0.680754632,6079
0.680759717,6078
0.680764865,6077
0.680769726,6076
0.680775351,6075
0.680782013,6074
0.680791797,6073
0.680796725,6072
0.6808324,6071
0.68083842,6070
0.680843474,6069
0.680847907,6068
0.680852508,6067
0.68085943,6066
0.680868456,6065
0.680874334,6064
0.680882545,6063
0.680886692,6062
0.680893492,6061
0.680907224,6060
0.680912632,6059
0.680979585,6058
0.680995182,6057
0.681008971,6056
0.681018106,6055
0.681023315,6054
0.681028839,6053
0.681036356,6052
0.681041409,6051
0.681046188,6050
0.681060638,6049
0.681139303,6048
0.681146297,6047
0.681169091,6046
0.681174955,6045
0.681210972,6044
0.681216582,6043
0.681251536,6042
0.681291191,6041
0.681302982,6040
0.68133035,6039
0.681346528,6038
0.681420243,6037
0.681454814,6036
0.681481197,6035
0.68155838,6034
0.681573951,6033
0.681591064,6032
0.681611339,6031
0.68161596,6030
0.681629489,6029
0.68163448,6028
0.6816489,6027
0.681653479,6026
0.681658269,6025
0.681723412,6024
0.681758999,6023
0.681764009,6022
0.681769142,6021
0.681782076,6020
0.681787005,6019
0.681791713,6018
0.681799157,6017
0.681852847,6016
0.681868243,6015
0.681877725,6014
0.681883456,6013
0.681889057,6012
0.681897807,6011
0.681902853,6010
0.681908602,6009
0.681915209,6008
0.681922564,6007
0.681931783,6006
0.681937812,6005
0.681942665,6004
0.68195077,6003
0.681956337,6002
0.681961631,6001
0.681995373,6000
0.682003385,5999
0.682012656,5998
0.682019017,5997
0.682025144,5996
0.682030144,5995
0.682035463,5994
0.682040443,5993
0.682045268,5992
0.682054967,5991
0.682060322,5990
0.682065648,5989
0.682070112,5988
0.682075785,5987
0.682081245,5986
0.682086657,5985
0.682096054,5984
0.682101344,5983
0.682106534,5982
0.682116138,5981
0.682123745,5980
0.682128187,5979
0.682132726,5978
0.682137594,5977
0.682152593,5976
0.682157208,5975
0.682168547,5974
0.68218013,5973
0.682188531,5972
0.682200411,5971
0.682208319,5970
0.682215184,5969
0.682227814,5968
0.682234776,5967
0.68224132,5966
0.682249791,5965
0.682253972,5964
0.682285207,5963
0.682291612,5962
0.682305445,5961
0.682351604,5960
0.682390706,5959
0.682419183,5958
0.682442148,5957
0.682463815,5956
0.682479194,5955
0.682582416,5954
0.682626774,5953
0.68265708,5952
0.682672476,5951
0.68271076,5950
0.682720729,5949
0.682726739,5948
0.682739443,5947
0.682754253,5946
0.682767831,5945
0.682797603,5944
0.682803737,5943
0.682809673,5942
0.682891,5941
0.682898458,5940
0.682905114,5939
0.682910802,5938
0.682915959,5937
0.68292247,5936
0.682927503,5935
0.682932326,5934
0.682962759,5933
0.682971392,5932
0.682976222,5931
0.68299044,5930
0.682997024,5929
0.683011604,5928
0.683021081,5927
0.683037554,5926
0.683048301,5925
0.683053581,5924
0.683058296,5923
0.683062908,5922
0.683067098,5921
0.683076585,5920
0.683085326,5919
0.683090436,5918
0.683096881,5917
0.683101624,5916
0.683107163,5915
0.683112967,5914
0.683118038,5913
0.683123937,5912
0.683130893,5911
0.683137382,5910
0.68314551,5909
0.683153832,5908
0.6831595,5907
0.683172701,5906
0.683179477,5905
0.68318412,5904
0.68323941,5903
0.68324857,5902
0.683635357,5901
0.685501906,5900
0.685526881,5899
0.685543292,5898
0.685557837,5897
0.685567515,5896
0.68558799,5895
0.685593535,5894
0.685598547,5893
0.685604645,5892
0.68561064,5891
0.685614727,5890
0.685622232,5889
0.685629273,5888
0.685633329,5887
0.685662735,5886
0.685667828,5885
0.685676491,5884
0.685681344,5883
0.68568954,5882
0.685695545,5881
0.685700876,5880
0.685706782,5879
0.685715634,5878
0.68572184,5877
0.685726198,5876
0.685731974,5875
0.685738304,5874
0.685744152,5873
0.68574969,5872
0.685755512,5871
0.685759753,5870
0.685766431,5869
0.685771309,5868
0.685776825,5867
0.68578159,5866
0.685787752,5865
0.685792549,5864
0.685796969,5863
0.68580398,5862
0.685808447,5861
0.685844925,5860
0.685849942,5859
0.685859292,5858
0.685866092,5857
0.685874523,5856
0.6858792,5855
0.685889906,5854
0.685894615,5853
0.685899388,5852
0.685904489,5851
0.685909912,5850
0.685915036,5849
0.685923333,5848
0.685929769,5847
0.685936558,5846
0.685941412,5845
0.68595561,5844
0.685969669,5843
0.686018178,5842
0.68602663,5841
0.686032873,5840
0.686037624,5839
0.686042533,5838
0.686055857,5837
0.686059709,5836
0.686067258,5835
0.6860743,5834
0.686078246,5833
0.686083101,5832
0.686092301,5831
0.68609592,5830
0.686099959,5829
0.686104731,5828
0.686108936,5827
0.686112899,5826
0.68611713,5825
0.686121204,5824
0.68631614,5823
0.686325733,5822
0.686330155,5821
0.686334569,5820
0.686338761,5819
0.686344539,5818
0.686348435,5817
0.686352342,5816
0.686361047,5815
0.686366852,5814
0.686370622,5813
0.686384039,5812
0.686389272,5811
0.68639452,5810
0.686399478,5809
0.68640366,5808
0.686408868,5807
0.686419227,5806
0.686426273,5805
0.68643084,5804
0.686447407,5803
0.687295672,5802
0.687328075,5801
0.687336253,5800
0.687341092,5799
0.687348419,5798
0.687353881,5797
0.687363071,5796
0.687403263,5795
0.687411433,5794
0.687457762,5793
0.687496092,5792
0.687537862,5791
0.687547778,5790
0.687552758,5789
0.687594507,5788
0.687602591,5787
0.687637497,5786
0.687643236,5785
0.687647643,5784
0.687651631,5783
0.687655724,5782
0.687659879,5781
0.687664132,5780
0.687668941,5779
0.687679321,5778
0.687718834,5777
0.687731806,5776
0.687741473,5775
0.687746189,5774
0.68775036,5773
0.687754768,5772
0.687761017,5771
0.687765307,5770
0.687769264,5769
0.687773504,5768
0.687780871,5767
0.687785123,5766
0.687789224,5765
0.687799843,5764
0.687804118,5763
0.687807921,5762
0.687814889,5761
0.687819636,5760
0.687823948,5759
0.687827282,5758
0.687834395,5757
0.68783923,5756
0.68784436,5755
0.687848751,5754
0.687852758,5753
0.68785687,5752
0.687867203,5751
0.687876781,5750
0.687880651,5749
0.687884627,5748
0.687890611,5747
0.687896624,5746
0.687902136,5745
0.687905903,5744
0.687910935,5743
0.687914806,5742
0.687921948,5741
0.687927268,5740
0.687939069,5739
0.687944915,5738
0.687949166,5737
0.68795281,5736
0.687956339,5735
0.687968561,5734
0.687972864,5733
0.68797666,5732
0.687980459,5731
0.687986727,5730
0.691577499,5729
0.691583705,5728
0.691599892,5727
0.691606139,5726
0.69161274,5725
0.69162471,5724
0.691659092,5723
0.691665436,5722
0.691675448,5721
0.691713908,5720
0.691718083,5719
0.691722562,5718
0.691726444,5717
0.691732151,5716
0.69173604,5715
0.691739957,5714
0.691747104,5713
0.691753473,5712
0.691760479,5711
0.691770126,5710
0.691777193,5709
0.691782665,5708
0.691835484,5707
0.691875225,5706
0.692133475,5705
0.692191735,5704
0.692503563,5703
0.692544433,5702
0.692551665,5701
0.692559985,5700
0.692629156,5699
0.692639867,5698
0.692653959,5697
0.692658572,5696
0.692663002,5695
0.692668814,5694
0.692674608,5693
0.692682636,5692
0.692978617,5691
0.693474524,5690
0.693482141,5689
0.693486629,5688
0.693490697,5687
0.693494961,5686
0.693503502,5685
0.693523178,5684
0.693527991,5683
0.693538178,5682
0.693542071,5681
0.693545703,5680
0.693551758,5679
0.693556265,5678
0.693562828,5677
0.693566835,5676
0.69357092,5675
0.693575079,5674
0.693578829,5673
0.693582762,5672
0.693592329,5671
0.693605347,5670
0.693610856,5669
0.693614796,5668
0.693618513,5667
0.693622743,5666
0.693627019,5665
0.693635333,5664
0.693639287,5663
0.693646225,5662
0.693649862,5661
0.693656071,5660
0.693660876,5659
0.693669026,5658
0.693674099,5657
0.69367865,5656
0.693681827,5655
0.693687156,5654
0.693692197,5653
0.693700735,5652
0.693703838,5651
0.693709642,5650
0.693712836,5649
0.69371779,5648
0.693724714,5647
0.693728475,5646
0.693731988,5645
0.69373543,5644
0.693739053,5643
0.693742641,5642
0.693746102,5641
0.693749585,5640
0.693754598,5639
0.69375921,5638
0.693765383,5637
0.693770972,5636
0.693774308,5635
0.693780187,5634
0.693783725,5633
0.693787076,5632
0.693790446,5631
0.693794335,5630
0.693797636,5629
0.693804537,5628
0.693812188,5627
0.693815576,5626
0.693819486,5625
0.693824216,5624
0.693829886,5623
0.693837033,5622
0.6938609,5621
0.693865947,5620
0.69387436,5619
0.693878749,5618
0.693883127,5617
0.69388865,5616
0.693899834,5615
0.693906092,5614
0.694001711,5613
0.694011254,5612
0.694023106,5611
0.694050404,5610
0.694064346,5609
0.694175429,5608
0.694181468,5607
0.694186096,5606
0.694189873,5605
0.694193729,5604
0.694200668,5603
0.694205868,5602
0.694209334,5601
0.69421282,5600
0.69421643,5599
0.694222599,5598
0.694228623,5597
0.694232794,5596
0.694241427,5595
0.694245316,5594
0.694253661,5593
0.694263286,5592
0.694270138,5591
0.694307162,5590
0.694311147,5589
0.694315887,5588
0.694326008,5587
0.694331698,5586
0.695172534,5585
0.695188067,5584
0.695197441,5583
0.695204381,5582
0.695212272,5581
0.695217748,5580
0.695223024,5579
0.695228043,5578
0.695234121,5577
0.695239676,5576
0.695254692,5575
0.695259776,5574
0.696172467,5573
0.69623837,5572
0.696272711,5571
0.696280635,5570
0.696288439,5569
0.696295286,5568
0.696310906,5567
0.696314764,5566
0.696321174,5565
0.696325929,5564
0.696329603,5563
0.696772356,5562
0.697162532,5561
0.697180227,5560
0.69722655,5559
0.697272912,5558
0.697309383,5557
0.697316127,5556
0.69732175,5555
0.69732653,5554
0.697336437,5553
0.697340931,5552
0.697356908,5551
0.697371071,5550
0.697376101,5549
0.697382745,5548
0.697387177,5547
0.697395044,5546
0.697401767,5545
0.697408041,5544
0.697413909,5543
0.697419039,5542
0.697425535,5541
0.697428788,5540
0.697439087,5539
0.697443616,5538
0.697448006,5537
0.697457191,5536
0.697465771,5535
0.697474316,5534
0.697480468,5533
0.697489911,5532
0.697541292,5531
0.697602685,5530
0.697909497,5529
0.698052043,5528
0.69805887,5527
0.698062614,5526
0.698068354,5525
0.698093541,5524
0.698153161,5523
0.698157918,5522
0.698190894,5521
0.698240828,5520
0.698249456,5519
0.698256947,5518
0.698262176,5517
0.698789891,5516
0.699287001,5515
0.699299487,5514
0.699310645,5513
0.699327194,5512
0.699333743,5511
0.69937434,5510
0.699380263,5509
0.699386316,5508
0.69939355,5507
0.699398737,5506
0.699404688,5505
0.699409997,5504
0.699413617,5503
0.699418108,5502
0.699426222,5501
0.699429473,5500
0.699433177,5499
0.699439653,5498
0.699443953,5497
0.699449604,5496
0.699455155,5495
0.699458286,5494
0.69946164,5493
0.699467139,5492
0.699475282,5491
0.699483731,5490
0.699488881,5489
0.699496509,5488
0.699501282,5487
0.69950602,5486
0.699509779,5485
0.699512909,5484
0.699524586,5483
0.69952776,5482
0.699532359,5481
0.699536836,5480
0.699540216,5479
0.699542837,5478
0.699545848,5477
0.699551215,5476
0.699558932,5475
0.699564676,5474
0.69956871,5473
0.699573241,5472
0.699578316,5471
0.699592427,5470
0.699596327,5469
0.699603174,5468
0.699645101,5467
0.699649462,5466
0.699658051,5465
0.699747601,5464
0.699753619,5463
0.699791047,5462
0.699795345,5461
0.699831532,5460
0.699835471,5459
0.699839313,5458
0.700380256,5457
0.700391976,5456
0.7003988,5455
0.700403679,5454
0.700408525,5453
0.7004155,5452
0.700420098,5451
0.700428492,5450
0.700434284,5449
0.700446527,5448
0.700456298,5447
0.700465722,5446
0.70048772,5445
0.700493789,5444
0.700500379,5443
0.700504328,5442
0.700509528,5441
0.70051317,5440
0.700520182,5439
0.700523977,5438
0.70052777,5437
0.700534328,5436
0.700537847,5435
0.700543734,5434
0.700548739,5433
0.700554852,5432
0.700558608,5431
0.70057144,5430
0.700598268,5429
0.700884785,5428
0.700890452,5427
0.700895796,5426
0.700934538,5425
0.700943236,5424
0.700949763,5423
0.700956111,5422
0.700959947,5421
0.700965204,5420
0.700971313,5419
0.700979711,5418
0.700984871,5417
0.700989848,5416
0.700995639,5415
0.701003304,5414
0.701012653,5413
0.701021467,5412
0.701026402,5411
0.70106683,5410
0.701080262,5409
0.701211239,5408
0.701224735,5407
0.701229445,5406
0.701232907,5405
0.701237841,5404
0.701243989,5403
0.701247448,5402
0.701251676,5401
0.701255116,5400
0.701258191,5399
0.70126171,5398
0.701269711,5397
0.701273655,5396
0.701281855,5395
0.701304958,5394
0.701312342,5393
0.701320627,5392
0.701334298,5391
0.701342675,5390
0.701396047,5389
0.701403188,5388
0.701518417,5387
0.70152405,5386
0.701563035,5385
0.701569355,5384
0.701576875,5383
0.701715599,5382
0.701726658,5381
0.70173611,5380
0.701745645,5379
0.701757564,5378
0.701762205,5377
0.701774718,5376
0.701780308,5375
0.701790955,5374
0.701801453,5373
0.702361142,5372
0.702369311,5371
0.702374984,5370
0.702399476,5369
0.70240534,5368
0.702420061,5367
0.702424258,5366
0.702428537,5365
0.702434076,5364
0.702441813,5363
0.702455852,5362
0.702461774,5361
0.702474884,5360
0.702483294,5359
0.702489661,5358
0.702499237,5357
0.702505069,5356
0.702511058,5355
0.702515085,5354
0.702523554,5353
0.702538877,5352
0.702543358,5351
0.702554163,5350
0.702558885,5349
0.70256445,5348
0.702567957,5347
0.702580249,5346
0.70258859,5345
0.702594467,5344
0.702599207,5343
0.702623089,5342
0.702629164,5341
0.702674694,5340
0.702683205,5339
0.702687511,5338
0.702701283,5337
0.702757872,5336
0.702771356,5335
0.702786568,5334
0.702844917,5333
0.702887437,5332
0.702896846,5331
0.702936072,5330
0.702976703,5329
0.702985362,5328
0.702989396,5327
0.70300445,5326
0.703008205,5325
0.70301261,5324
0.70301716,5323
0.70307078,5322
0.7030767,5321
0.703083825,5320
0.703089182,5319
0.703093758,5318
0.703102427,5317
0.703108749,5316
0.703117204,5315
0.703122469,5314
0.703130662,5313
0.703166364,5312
0.703175627,5311
0.703209752,5310
0.703216983,5309
0.703253069,5308
0.703265786,5307
0.703271227,5306
0.703309982,5305
0.70331632,5304
0.703326144,5303
0.703332869,5302
0.703343213,5301
0.703358962,5300
0.70336468,5299
0.703370103,5298
0.703374088,5297
0.703383436,5296
0.703400456,5295
0.703410287,5294
0.703417189,5293
0.703422485,5292
0.703433565,5291
0.703439294,5290
0.703445904,5289
0.703452931,5288
0.703466748,5287
0.703477691,5286
0.703482051,5285
0.703492111,5284
0.703498972,5283
0.703506029,5282
0.703509856,5281
0.703514948,5280
0.703518858,5279
0.703522906,5278
0.703527383,5277
0.703536871,5276
0.703551112,5275
0.703564087,5274
0.703573548,5273
0.703586798,5272
0.703603695,5271
0.703617956,5270
0.703631939,5269
0.703652734,5268
0.703666742,5267
0.703672866,5266
0.703717788,5265
0.703723835,5264
0.703729603,5263
0.703737709,5262
0.703745421,5261
0.703770623,5260
0.703785617,5259
0.703807274,5258
0.703811074,5257
0.703822913,5256
0.703826035,5255
0.703862565,5254
0.703866969,5253
0.703956004,5252
0.704020595,5251
0.704024332,5250
0.704028843,5249
0.704039791,5248
0.704078007,5247
0.704090234,5246
0.704095172,5245
0.704099638,5244
0.704116588,5243
0.704128129,5242
0.704141367,5241
0.704156423,5240
0.704173275,5239
0.704183966,5238
0.704200342,5237
0.704213659,5236
0.704226659,5235
0.704237189,5234
0.704255276,5233
0.704260935,5232
0.704772287,5231
0.704808328,5230
0.704828781,5229
0.704834132,5228
0.704850145,5227
0.704878911,5226
0.704893319,5225
0.704907514,5224
0.704923083,5223
0.704927786,5222
0.705074678,5221
0.705090885,5220
0.705097087,5219
0.705103042,5218
0.705108045,5217
0.705127852,5216
0.705134669,5215
0.705152167,5214
0.705166452,5213
0.705170804,5212
0.705174098,5211
0.705177746,5210
0.705188666,5209
0.70519545,5208
0.705208155,5207
0.705216308,5206
0.705225113,5205
0.705230354,5204
0.705235364,5203
0.705250714,5202
0.705299508,5201
0.70533658,5200
0.705343092,5199
0.705347925,5198
0.70535555,5197
0.70536187,5196
0.705367512,5195
0.705376456,5194
0.705382609,5193
0.705388796,5192
0.705401459,5191
0.705406784,5190
0.705412126,5189
0.705418554,5188
0.705425927,5187
0.705434734,5186
0.705441303,5185
0.7054755,5184
0.7054805,5183
0.705492303,5182
0.705497131,5181
0.7055134,5180
0.705520478,5179
0.705533122,5178
0.705552031,5177
0.705557506,5176
0.705566875,5175
0.705574648,5174
0.705581352,5173
0.705588701,5172
0.705603713,5171
0.705609684,5170
0.705613282,5169
0.705631408,5168
0.705641288,5167
0.705651208,5166
0.705657986,5165
0.705663916,5164
0.705669957,5163
0.705677901,5162
0.705685134,5161
0.705698533,5160
0.705740525,5159
0.705751293,5158
0.705755538,5157
0.705761941,5156
0.705770439,5155
0.705782612,5154
0.70579228,5153
0.705800614,5152
0.70580517,5151
0.705817706,5150
0.705821995,5149
0.70691041,5148
0.7069207,5147
0.706926075,5146
0.706932203,5145
0.706942325,5144
0.706965851,5143
0.70697115,5142
0.707070427,5141
0.707078756,5140
0.707086187,5139
0.707116467,5138
0.707134007,5137
0.707166863,5136
0.707172342,5135
0.707219855,5134
0.707224808,5133
0.707241031,5132
0.707251069,5131
0.707257447,5130
0.707267557,5129
0.707271757,5128
0.707277667,5127
0.707283048,5126
0.70729022,5125
0.707295746,5124
0.707300718,5123
0.707358773,5122
0.707389792,5121
0.707402295,5120
0.70741567,5119
0.707432493,5118
0.707439557,5117
0.707451914,5116
0.707457386,5115
0.707474247,5114
0.707484964,5113
0.7074945,5112
0.707504499,5111
0.707550199,5110
0.707561457,5109
0.707615164,5108
0.707626401,5107
0.708084128,5106
0.708133291,5105
0.710069836,5104
0.710078306,5103
0.710098795,5102
0.71010299,5101
0.710138547,5100
0.710182875,5099
0.710199006,5098
0.71024037,5097
0.710245928,5096
0.710257092,5095
0.710333275,5094
0.710369935,5093
0.710393486,5092
0.710397805,5091
0.710403985,5090
0.710419313,5089
0.710425475,5088
0.710440877,5087
0.710446695,5086
0.710454536,5085
0.710459572,5084
0.710463541,5083
0.710471533,5082
0.710478837,5081
0.710493389,5080
0.710507698,5079
0.710516551,5078
0.710534653,5077
0.710542967,5076
0.710585257,5075
0.710591741,5074
0.710598463,5073
0.710634307,5072
0.710639842,5071
0.710670778,5070
0.710679147,5069
0.710684721,5068
0.71069246,5067
0.710697415,5066
0.710704929,5065
0.710713343,5064
0.710721087,5063
0.710734268,5062
0.710741157,5061
0.710746437,5060
0.710753863,5059
0.710763352,5058
0.710769914,5057
0.710775265,5056
0.710781757,5055
0.710787457,5054
0.710795163,5053
0.710799877,5052
0.710805639,5051
0.710817512,5050
0.71082526,5049
0.710830034,5048
0.710855006,5047
0.710868316,5046
0.710872139,5045
0.710894553,5044
0.710904224,5043
0.710954191,5042
0.710961469,5041
0.710968974,5040
0.711000958,5039
0.711012588,5038
0.711020535,5037
0.71105667,5036
0.711065179,5035
0.711075797,5034
0.711082672,5033
0.711089831,5032
0.711097637,5031
0.711106598,5030
0.711112895,5029
0.711123786,5028
0.71112892,5027
0.711157315,5026
0.711452732,5025
0.711461731,5024
0.711467314,5023
0.711473094,5022
0.711479151,5021
0.711483339,5020
0.711491406,5019
0.711509062,5018
0.711525222,5017
0.711550445,5016
0.711557792,5015
0.711577049,5014
0.711599786,5013
0.711619278,5012
0.711626813,5011
0.711644498,5010
0.711649414,5009
0.711683348,5008
0.711690484,5007
0.711695209,5006
0.711700218,5005
0.711716302,5004
0.711730342,5003
0.711736344,5002
0.711749868,5001
0.711765838,5000
0.711779085,4999
0.711782924,4998
0.711788239,4997
0.711806157,4996
0.711822469,4995
0.71183775,4994
0.711852335,4993
0.711869568,4992
0.711881916,4991
0.711886757,4990
0.711917622,4989
0.712673246,4988
0.712724085,4987
0.712740975,4986
0.712745525,4985
0.712752457,4984
0.712769427,4983
0.712774735,4982
0.712788459,4981
0.712808022,4980
0.712826704,4979
0.712844061,4978
0.712888777,4977
0.712891525,4976
0.712901772,4975
0.71290962,4974
0.712915544,4973
0.712923157,4972
0.712933274,4971
0.712936815,4970
0.712952108,4969
0.71297097,4968
0.712997317,4967
0.7130031,4966
0.713050706,4965
0.713060199,4964
0.713069959,4963
0.713089621,4962
0.713095419,4961
0.713119278,4960
0.713125301,4959
0.713253053,4958
0.713280572,4957
0.71328781,4956
0.71331537,4955
0.713319081,4954
0.713327925,4953
0.713341096,4952
0.713367588,4951
0.713375554,4950
0.713385025,4949
0.713406546,4948
0.713411666,4947
0.713418942,4946
0.713434917,4945
0.713460837,4944
0.713504155,4943
0.713543873,4942
0.713551739,4941
0.713575693,4940
0.713614581,4939
0.713621084,4938
0.713655338,4937
0.71367272,4936
0.713732163,4935
0.713766356,4934
0.713771886,4933
0.713805973,4932
0.71381011,4931
0.713825867,4930
0.713867569,4929
0.713873848,4928
0.713885906,4927
0.714003815,4926
0.714015953,4925
0.714336541,4924
0.714385366,4923
0.714664337,4922
0.714676512,4921
0.7147138,4920
0.714721279,4919
0.714745332,4918
0.714751367,4917
0.714787072,4916
0.715316557,4915
0.718098738,4914
0.718110531,4913
0.718146562,4912
0.718163781,4911
0.718169662,4910
0.718206281,4909
0.71821473,4908
0.718223727,4907
0.718567496,4906
0.718581215,4905
0.718600198,4904
0.718692533,4903
0.718699778,4902
0.718737673,4901
0.718754614,4900
0.71879209,4899
0.718834612,4898
0.718852697,4897
0.718887012,4896
0.718922958,4895
0.718929079,4894
0.718986353,4893
0.719013062,4892
0.719018757,4891
0.719026786,4890
0.719039716,4889
0.719047013,4888
0.719053513,4887
0.719071915,4886
0.719075247,4885
0.719091743,4884
0.719097833,4883
0.719102291,4882
0.719114237,4881
0.719118957,4880
0.719125843,4879
0.719130107,4878
0.719136407,4877
0.719141609,4876
0.719177037,4875
0.719189884,4874
0.719209265,4873
0.719244165,4872
0.719253286,4871
0.719278035,4870
0.719291687,4869
0.719302314,4868
0.719350251,4867
0.719353821,4866
0.71965736,4865
0.719660361,4864
0.719665619,4863
0.719669513,4862
0.719685708,4861
0.719690655,4860
0.719707123,4859
0.719718195,4858
0.719724832,4857
0.71972849,4856
0.719735037,4855
0.719741923,4854
0.719755365,4853
0.719761918,4852
0.719776105,4851
0.719820422,4850
0.719832911,4849
0.719856493,4848
0.719875469,4847
0.719883295,4846
0.719901207,4845
0.719906791,4844
0.719929141,4843
0.719931512,4842
0.719947284,4841
0.719952364,4840
0.719964684,4839
0.719970368,4838
0.719973999,4837
0.71997847,4836
0.719984068,4835
0.72001214,4834
0.720015813,4833
0.720024049,4832
0.720029329,4831
0.720033298,4830
0.720062197,4829
0.720074582,4828
0.720096655,4827
0.720109086,4826
0.720119712,4825
0.720153163,4824
0.720195604,4823
0.720213572,4822
0.720220488,4821
0.720597305,4820
0.720605158,4819
0.720616526,4818
0.720635245,4817
0.720678831,4816
0.720690847,4815
0.720707351,4814
0.720746593,4813
0.72075461,4812
0.720772027,4811
0.720803111,4810
0.720816939,4809
0.720838893,4808
0.72085387,4807
0.720866775,4806
0.720898589,4805
0.720903472,4804
0.720912238,4803
0.720916939,4802
0.720932969,4801
0.720952823,4800
0.720965359,4799
0.720980537,4798
0.72098806,4797
0.721002702,4796
0.72132893,4795
0.721344454,4794
0.721379463,4793
0.721385466,4792
0.721389257,4791
0.721398459,4790
0.721404114,4789
0.72144241,4788
0.721481374,4787
0.721518202,4786
0.72156733,4785
0.721602755,4784
0.721607711,4783
0.721650692,4782
0.721695811,4781
0.721703063,4780
0.721711047,4779
0.72172909,4778
0.721747921,4777
0.72196868,4776
0.721973234,4775
0.721987367,4774
0.72199057,4773
0.722037503,4772
0.722044029,4771
0.722050695,4770
0.722061999,4769
0.72207017,4768
0.722077578,4767
0.722083964,4766
0.722091602,4765
0.722278204,4764
0.72230145,4763
0.722329849,4762
0.722335594,4761
0.722387132,4760
0.722527712,4759
0.722551761,4758
0.722658046,4757
0.722671619,4756
0.723009924,4755
0.723019213,4754
0.723113577,4753
0.723166177,4752
0.723710301,4751
0.99865681,4750
1.030655074,4749
1.048663674,4748
1.063499624,4747
1.087893569,4746
1.160596587,4745
1.177597905,4744
1.237040575,4743
1.260682585,4742
1.282698447,4741
1.330159677,4740
1.379620713,4739
1.450364187,4738
1.476856488,4737
1.513148921,4736
1.546975664,4735
1.591701724,4734
1.631338989,4733
1.64188268,4732
1.669371296,4731
1.683819102,4730
1.707651387,4729
1.72456125,4728
1.745428824,4727
1.767375439,4726
1.788391126,4725
1.81202444,4724
1.82443227,4723
1.840412263,4722
1.857995087,4721
1.869866033,4720
1.883300375,4719
1.946844468,4718
1.978121892,4717
2.023043688,4716
2.045577047,4715
2.10445565,4714
2.120796031,4713
2.153630467,4712
2.169900883,4711
2.179373405,4710
2.206688898,4709
2.226014918,4708
2.242872406,4707
2.26115399,4706
2.274108902,4705
2.296131698,4704
2.317636508,4703
2.337251,4702
2.357529117,4701
2.373699869,4700
2.395918059,4699
2.415386103,4698
2.447497393,4697
2.500597761,4696
2.534029808,4695
2.552832099,4694
2.603556568,4693
2.61963494,4692
2.638059328,4691
2.665026026,4690
2.682438662,4689
2.794098381,4688
2.807564199,4687
2.835626694,4686
2.987047687,4685
3.019292263,4684
3.158083444,4683
3.203751343,4682
3.320002655,4681
3.340657148,4680
3.363914081,4679
3.390574024,4678
3.450615641,4677
3.537353293,4676
3.573102303,4675
3.659333093,4674
3.780257415,4673
3.933986647,4672
3.957400399,4671
4.026160001,4670
4.069701257,4669
4.098688967,4668
4.11527137,4667
4.132564363,4666
4.166124417,4665
4.177451588,4664
4.188154688,4663
4.204679119,4662
4.227753762,4661
4.261400199,4660
4.291644619,4659
4.320859778,4658
4.353019543,4657
4.372651795,4656
4.402942948,4655
4.431672131,4654
4.467093451,4653
4.547035411,4652
4.57686115,4651
4.596790287,4650
4.700926353,4649
4.727161476,4648
4.751341292,4647
4.764509528,4646
4.781078494,4645
4.793447902,4644
4.886135858,4643
4.906168368,4642
5.024213064,4641
5.055609686,4640
5.177073742,4639
5.419022216,4638
5.448502803,4637
5.56253358,4636
5.664257275,4635
5.747328755,4634
5.918122346,4633
5.934525134,4632
5.979489583,4631
6.009343137,4630
6.027853221,4629
6.054392805,4628
6.209014787,4627
6.291740664,4626
6.415142668,4625
6.555110982,4624
6.594681694,4623
6.763097944,4622
6.79620897,4621
7.771528835,4620
8.239213352,4619
8.612525639,4618
8.622522208,4617
