0.362100474,10181
0.36219735,10180
0.362250962,10179
0.362301381,10178
0.362374453,10177
0.362400698,10176
0.362425468,10175
0.3624362,10174
0.362446708,10173
0.362457039,10172
0.362467505,10171
0.362477022,10170
0.36248501,10169
0.362492079,10168
0.36249925,10167
0.362506973,10166
0.362514145,10165
0.362533172,10164
0.362540421,10163
0.362547455,10162
0.362554331,10161
0.362561077,10160
0.362568091,10159
0.362575149,10158
0.362583597,10157
0.362592117,10156
0.362613259,10155
0.362631082,10154
0.362638845,10153
0.362648511,10152
0.36265833,10151
0.362668645,10150
0.362677113,10149
0.362686844,10148
0.362697298,10147
0.362711161,10146
0.362721685,10145
0.362739137,10144
0.362756007,10143
0.362774235,10142
0.362790905,10141
0.362806679,10140
0.362853299,10139
0.362872057,10138
0.362888535,10137
0.362898935,10136
0.362916923,10135
0.362933294,10134
0.3629492,10133
0.362963757,10132
0.362970461,10131
0.362979756,10130
0.362987792,10129
0.362995026,10128
0.363002931,10127
0.363009016,10126
0.363015183,10125
0.363020591,10124
0.363028281,10123
0.363035849,10122
0.363043525,10121
0.363049761,10120
0.363066195,10119
0.363072343,10118
0.363079962,10117
0.363126973,10116
0.36313445,10115
0.363142554,10114
0.363150618,10113
0.363158393,10112
0.363166898,10111
0.363174872,10110
0.363190342,10109
0.36321335,10108
0.363510561,10107
0.363525519,10106
0.363539773,10105
0.363549225,10104
0.363558739,10103
0.363566301,10102
0.363575116,10101
0.363580696,10100
0.363585233,10099
0.363589144,10098
0.363596276,10097
0.363602744,10096
0.363608426,10095
0.363614242,10094
0.363619562,10093
0.363624,10092
0.363628706,10091
0.363633164,10090
0.363639171,10089
0.363643896,10088
0.363647908,10087
0.363653113,10086
0.36365799,10085
0.363663971,10084
0.363668569,10083
0.363672669,10082
0.363676241,10081
0.363679986,10080
0.363683681,10079
0.363687121,10078
0.363690677,10077
0.363694729,10076
0.363698416,10075
0.363701956,10074
0.363705371,10073
0.363709005,10072
0.363712355,10071
0.36371955,10070
0.363727899,10069
0.363732494,10068
0.363736729,10067
0.363741362,10066
0.363745199,10065
0.363748796,10064
0.363752381,10063
0.363757455,10062
0.36376487,10061
0.363770551,10060
0.363776936,10059
0.363781843,10058
0.363786131,10057
0.363790014,10056
0.363794101,10055
0.363812068,10054
0.36382245,10053
0.363828186,10052
0.363833056,10051
0.363837941,10050
0.363842263,10049
0.363846216,10048
0.363849974,10047
0.363854199,10046
0.363858128,10045
0.363861723,10044
0.363865678,10043
0.363870382,10042
0.36387753,10041
0.363883496,10040
0.363888176,10039
0.363892136,10038
0.363896101,10037
0.363900249,10036
0.363903693,10035
0.363907113,10034
0.363910436,10033
0.363913793,10032
0.363917033,10031
0.363920244,10030
0.363923862,10029
0.363927036,10028
0.363930431,10027
0.36393367,10026
0.363937032,10025
0.363940399,10024
0.363943474,10023
0.363946849,10022
0.363950141,10021
0.363953182,10020
0.363957288,10019
0.363960622,10018
0.363963865,10017
0.363967052,10016
0.363971518,10015
0.363974946,10014
0.363978888,10013
0.363982557,10012
0.363985856,10011
0.363989824,10010
0.36399332,10009
0.363997109,10008
0.364000919,10007
0.364004642,10006
0.364008684,10005
0.36401222,10004
0.364015676,10003
0.364019309,10002
0.364022845,10001
0.364026719,10000
0.364030025,9999
0.364033722,9998
0.364037429,9997
0.364041618,9996
0.364045239,9995
0.36404899,9994
0.364053947,9993
0.364057681,9992
0.364061273,9991
0.364064577,9990
0.364080757,9989
0.364092245,9988
0.364097685,9987
0.364102481,9986
0.364106849,9985
0.364119118,9984
0.364123664,9983
0.364127402,9982
0.364131179,9981
0.364134581,9980
0.364138046,9979
0.36414143,9978
0.364144645,9977
0.364147847,9976
0.364151148,9975
0.364154234,9974
0.364157675,9973
0.364160833,9972
0.364164411,9971
0.364167661,9970
0.364170936,9969
0.364174821,9968
0.364185922,9967
0.364204465,9966
0.364216398,9965
0.364220388,9964
0.364238322,9963
0.364242364,9962
0.364245983,9961
0.364249777,9960
0.364253373,9959
0.364257102,9958
0.364260967,9957
0.364264407,9956
0.364267572,9955
0.364270955,9954
0.364274082,9953
0.3642773,9952
0.364280675,9951
0.364284053,9950
0.364287567,9949
0.364291075,9948
0.364294462,9947
0.36429781,9946
0.364301101,9945
0.36430477,9944
0.364308601,9943
0.36431204,9942
0.364317143,9941
0.364320911,9940
0.364325418,9939
0.364330159,9938
0.364334148,9937
0.364337434,9936
0.364340714,9935
0.364344154,9934
0.364348051,9933
0.364351663,9932
0.364355502,9931
0.364359418,9930
0.364364827,9929
0.364368283,9928
0.364372126,9927
0.364377278,9926
0.364381936,9925
0.364386218,9924
0.364390446,9923
0.364394901,9922
0.364399502,9921
0.36440363,9920
0.364445486,9919
0.364457052,9918
0.364461331,9917
0.36451213,9916
0.36451699,9915
0.364521661,9914
0.364526611,9913
0.364531271,9912
0.364535732,9911
0.364540903,9910
0.364545828,9909
0.364550286,9908
0.364554961,9907
0.364559992,9906
0.364586327,9905
0.364604577,9904
0.364608065,9903
0.36461226,9902
0.364615615,9901
0.364619329,9900
0.364625331,9899
0.364662246,9898
0.364667205,9897
0.364672227,9896
0.364676991,9895
0.3646815,9894
0.364686267,9893
0.364690746,9892
0.364695319,9891
0.364735096,9890
0.364740704,9889
0.364748963,9888
0.364756054,9887
0.364763613,9886
0.364769388,9885
0.364774658,9884
0.3647798,9883
0.364785223,9882
0.364790669,9881
0.364796529,9880
0.364803091,9879
0.364810479,9878
0.36481663,9877
0.364821985,9876
0.364827838,9875
0.364832719,9874
0.364836398,9873
0.364840874,9872
0.364845524,9871
0.364850395,9870
0.364854849,9869
0.364858394,9868
0.364861684,9867
0.364864868,9866
0.364867875,9865
0.364872222,9864
0.364876389,9863
0.364880718,9862
0.364887202,9861
0.36489233,9860
0.364897079,9859
0.364901863,9858
0.364907185,9857
0.364912005,9856
0.364916864,9855
0.364921722,9854
0.364926127,9853
0.364930735,9852
0.36493517,9851
0.364971472,9850
0.364976083,9849
0.3649808,9848
0.364985568,9847
0.364990233,9846
0.364995249,9845
0.364999912,9844
0.365004209,9843
0.365008668,9842
0.365013315,9841
0.3650183,9840
0.365022803,9839
0.36502766,9838
0.365032309,9837
0.365036651,9836
0.36504125,9835
0.365045709,9834
0.365050476,9833
0.365054676,9832
0.365058848,9831
0.36506278,9830
0.365067059,9829
0.365071423,9828
0.365075406,9827
0.365079584,9826
0.365083891,9825
0.365088299,9824
0.36509263,9823
0.365096979,9822
0.365104451,9821
0.3651087,9820
0.365112658,9819
0.365116674,9818
0.365120423,9817
0.365124619,9816
0.365128445,9815
0.365132146,9814
0.365148522,9813
0.365154658,9812
0.365184337,9811
0.365188666,9810
0.365192835,9809
0.365196711,9808
0.365201072,9807
0.365206424,9806
0.365242494,9805
0.365247178,9804
0.365251577,9803
0.365255397,9802
0.365258918,9801
0.365262584,9800
0.365268238,9799
0.365287185,9798
0.36529173,9797
0.365296039,9796
0.365300171,9795
0.365387595,9794
0.365393804,9793
0.365406964,9792
0.365412305,9791
0.365419075,9790
0.365423213,9789
0.365427306,9788
0.365431065,9787
0.365435125,9786
0.365438373,9785
0.365441697,9784
0.365445255,9783
0.36544907,9782
0.365452799,9781
0.365456454,9780
0.365459968,9779
0.365463649,9778
0.365467414,9777
0.365470856,9776
0.365474121,9775
0.365477397,9774
0.365480692,9773
0.365483756,9772
0.365487214,9771
0.365491384,9770
0.365494347,9769
0.365497985,9768
0.365501233,9767
0.365510828,9766
0.365523528,9765
0.365528235,9764
0.365532198,9763
0.365535641,9762
0.365539324,9761
0.365550457,9760
0.36555458,9759
0.365557637,9758
0.365561191,9757
0.36556456,9756
0.365567957,9755
0.365580616,9754
0.365585544,9753
0.365589235,9752
0.365593211,9751
0.365596615,9750
0.365600379,9749
0.365603918,9748
0.365607781,9747
0.365610963,9746
0.365614238,9745
0.365617728,9744
0.365621057,9743
0.365624278,9742
0.365627721,9741
0.365630932,9740
0.365634273,9739
0.365637493,9738
0.36564045,9737
0.365643649,9736
0.365647069,9735
0.365649727,9734
0.365652479,9733
0.365655719,9732
0.365658132,9731
0.365660728,9730
0.365663282,9729
0.365665846,9728
0.365668327,9727
0.365670652,9726
0.365673156,9725
0.365675617,9724
0.365677852,9723
0.36568006,9722
0.365682323,9721
0.365684918,9720
0.365687401,9719
0.365689817,9718
0.36569233,9717
0.365694753,9716
0.365697033,9715
0.365699447,9714
0.365701844,9713
0.365704889,9712
0.365708838,9711
0.365713163,9710
0.365717673,9709
0.365721956,9708
0.365725471,9707
0.365727798,9706
0.365730691,9705
0.365732947,9704
0.36573514,9703
0.365737414,9702
0.365740897,9701
0.365744618,9700
0.365748734,9699
0.365751917,9698
0.365755282,9697
0.365758882,9696
0.365762253,9695
0.365765463,9694
0.36576847,9693
0.365772614,9692
0.365775986,9691
0.365780576,9690
0.365785258,9689
0.36578942,9688
0.365793468,9687
0.365797768,9686
0.365814446,9685
0.365819442,9684
0.365823707,9683
0.365826599,9682
0.365829448,9681
0.365831968,9680
0.365834888,9679
0.365837753,9678
0.365840159,9677
0.365842796,9676
0.365846425,9675
0.365849754,9674
0.365854051,9673
0.365858137,9672
0.365862985,9671
0.365879881,9670
0.36588633,9669
0.365919424,9668
0.366127498,9667
0.366137373,9666
0.366141553,9665
0.366146441,9664
0.366150223,9663
0.366153705,9662
0.366156654,9661
0.366159579,9660
0.366162678,9659
0.366165384,9658
0.366167943,9657
0.366170574,9656
0.366173039,9655
0.366175456,9654
0.366177756,9653
0.366180059,9652
0.366182386,9651
0.36618481,9650
0.366187188,9649
0.366189303,9648
0.366191487,9647
0.366193612,9646
0.366196206,9645
0.366198533,9644
0.366200616,9643
0.366202896,9642
0.366205315,9641
0.366207483,9640
0.366209602,9639
0.366211925,9638
0.366214165,9637
0.366216733,9636
0.36621936,9635
0.366223068,9634
0.366226706,9633
0.36623006,9632
0.366232726,9631
0.366235268,9630
0.366237712,9629
0.366240749,9628
0.366243327,9627
0.366245642,9626
0.366248593,9625
0.366250944,9624
0.366254964,9623
0.366258433,9622
0.366262088,9621
0.366265422,9620
0.36626863,9619
0.366272011,9618
0.366274781,9617
0.366277428,9616
0.366280748,9615
0.366283317,9614
0.366286939,9613
0.366289892,9612
0.366292395,9611
0.36629504,9610
0.366297412,9609
0.366299959,9608
0.366302296,9607
0.366304644,9606
0.366307083,9605
0.366310667,9604
0.366314429,9603
0.366317261,9602
0.366319883,9601
0.366322079,9600
0.36632448,9599
0.366326615,9598
0.366328658,9597
0.366332069,9596
0.366335259,9595
0.366337595,9594
0.36633973,9593
0.366343706,9592
0.366346194,9591
0.366348783,9590
0.36635104,9589
0.366353402,9588
0.366356478,9587
0.366359309,9586
0.3663622,9585
0.366364743,9584
0.366368554,9583
0.36639745,9582
0.366408179,9581
0.366412164,9580
0.366416422,9579
0.366420278,9578
0.366424494,9577
0.366428388,9576
0.366432173,9575
0.366435853,9574
0.366471284,9573
0.366521244,9572
0.366524834,9571
0.366528432,9570
0.366531702,9569
0.366535571,9568
0.366539756,9567
0.366543152,9566
0.366546571,9565
0.366550113,9564
0.366559024,9563
0.366571649,9562
0.366581942,9561
0.366595277,9560
0.36660812,9559
0.366616202,9558
0.366625957,9557
0.366632969,9556
0.366642409,9555
0.366650378,9554
0.366658999,9553
0.366667674,9552
0.366700938,9551
0.366704218,9550
0.366706859,9549
0.366709428,9548
0.366711981,9547
0.366714577,9546
0.366716895,9545
0.366719138,9544
0.366721649,9543
0.366723677,9542
0.366727129,9541
0.366730269,9540
0.366733093,9539
0.366736106,9538
0.366738739,9537
0.366741627,9536
0.366744145,9535
0.366746686,9534
0.366749361,9533
0.366752293,9532
0.366754919,9531
0.366757586,9530
0.366760381,9529
0.366763382,9528
0.366777156,9527
0.366779975,9526
0.366782982,9525
0.366786301,9524
0.366789822,9523
0.366792665,9522
0.366795593,9521
0.366798332,9520
0.366800828,9519
0.366803662,9518
0.366807201,9517
0.366810744,9516
0.366814581,9515
0.36681844,9514
0.366821543,9513
0.36682447,9512
0.366828312,9511
0.366831486,9510
0.366834676,9509
0.366837513,9508
0.366840412,9507
0.366843551,9506
0.366846282,9505
0.366849359,9504
0.366851684,9503
0.366854001,9502
0.366856546,9501
0.366859083,9500
0.366861554,9499
0.366864283,9498
0.366866708,9497
0.36686925,9496
0.36687207,9495
0.366875336,9494
0.366879982,9493
0.366883903,9492
0.366887604,9491
0.366890874,9490
0.366894401,9489
0.366897679,9488
0.366900913,9487
0.366903918,9486
0.366906719,9485
0.366909621,9484
0.366913255,9483
0.36691621,9482
0.366919467,9481
0.366922855,9480
0.366925659,9479
0.366928793,9478
0.366931802,9477
0.366934803,9476
0.366937381,9475
0.366939767,9474
0.366943055,9473
0.366946322,9472
0.366949327,9471
0.366951716,9470
0.366954393,9469
0.36695668,9468
0.366958697,9467
0.366960853,9466
0.366963179,9465
0.366965431,9464
0.366967521,9463
0.366969715,9462
0.366972043,9461
0.366974112,9460
0.36697644,9459
0.366978532,9458
0.366980625,9457
0.366982648,9456
0.366984868,9455
0.366987008,9454
0.36698912,9453
0.366991464,9452
0.366993658,9451
0.366995918,9450
0.366998355,9449
0.367000757,9448
0.367002988,9447
0.367005092,9446
0.367007132,9445
0.36700966,9444
0.367011818,9443
0.367014077,9442
0.367016493,9441
0.367018773,9440
0.367020926,9439
0.367023139,9438
0.36702541,9437
0.367027436,9436
0.367029383,9435
0.367031517,9434
0.367033542,9433
0.367035844,9432
0.367039053,9431
0.367042716,9430
0.367045969,9429
0.367049571,9428
0.367052807,9427
0.367056208,9426
0.367059153,9425
0.367062043,9424
0.367065314,9423
0.367068199,9422
0.36707101,9421
0.367073773,9420
0.367076624,9419
0.367079977,9418
0.367082911,9417
0.367085436,9416
0.367088011,9415
0.36709088,9414
0.367093757,9413
0.367096984,9412
0.367100034,9411
0.367102982,9410
0.367106878,9409
0.367109768,9408
0.367113208,9407
0.367116302,9406
0.367119574,9405
0.367122322,9404
0.367125092,9403
0.367127801,9402
0.3671313,9401
0.367134247,9400
0.367137388,9399
0.36713997,9398
0.367143044,9397
0.367146257,9396
0.367149457,9395
0.367152198,9394
0.367155163,9393
0.367158296,9392
0.367161464,9391
0.367164394,9390
0.367167377,9389
0.367170428,9388
0.367172999,9387
0.367177255,9386
0.367180698,9385
0.367184372,9384
0.367188611,9383
0.367192375,9382
0.367195951,9381
0.367340852,9380
0.367345626,9379
0.367350748,9378
0.367355293,9377
0.367359271,9376
0.36736301,9375
0.367367193,9374
0.367371026,9373
0.367374067,9372
0.367377552,9371
0.367380825,9370
0.367383779,9369
0.36738725,9368
0.367390293,9367
0.367393078,9366
0.36739576,9365
0.367398791,9364
0.367401517,9363
0.367404401,9362
0.367407209,9361
0.367410049,9360
0.367412685,9359
0.3674156,9358
0.367418398,9357
0.367420871,9356
0.367423929,9355
0.367427157,9354
0.367430245,9353
0.367434268,9352
0.367437784,9351
0.367441315,9350
0.367444915,9349
0.36744961,9348
0.367453315,9347
0.367456676,9346
0.367468069,9345
0.367474887,9344
0.367481137,9343
0.367487062,9342
0.367494192,9341
0.367500197,9340
0.367505389,9339
0.367515245,9338
0.367521093,9337
0.367525503,9336
0.367529871,9335
0.367533649,9334
0.367537213,9333
0.367540767,9332
0.367544492,9331
0.367547405,9330
0.367550397,9329
0.367553714,9328
0.367557058,9327
0.367560278,9326
0.367563411,9325
0.36756779,9324
0.367571686,9323
0.367575369,9322
0.367578987,9321
0.367584209,9320
0.367587627,9319
0.367590949,9318
0.367593817,9317
0.367597013,9316
0.367599929,9315
0.367602993,9314
0.367606083,9313
0.36760878,9312
0.367611826,9311
0.367615203,9310
0.367618593,9309
0.367621747,9308
0.367624829,9307
0.367628084,9306
0.367631394,9305
0.367634395,9304
0.367637353,9303
0.367640615,9302
0.367643633,9301
0.367646247,9300
0.367649607,9299
0.367652807,9298
0.367656047,9297
0.367659191,9296
0.367662121,9295
0.367665391,9294
0.36766873,9293
0.367671963,9292
0.367675241,9291
0.367678446,9290
0.367681762,9289
0.367684913,9288
0.367687965,9287
0.367690852,9286
0.367693851,9285
0.367696758,9284
0.367699793,9283
0.367702829,9282
0.367705774,9281
0.367708626,9280
0.367711413,9279
0.367714573,9278
0.367717352,9277
0.367720326,9276
0.367723544,9275
0.367726474,9274
0.367735164,9273
0.367740016,9272
0.367745397,9271
0.367749218,9270
0.367752667,9269
0.36775586,9268
0.367759265,9267
0.367762244,9266
0.367765375,9265
0.367768795,9264
0.367771965,9263
0.367775001,9262
0.367777823,9261
0.367781089,9260
0.367784353,9259
0.367788515,9258
0.367793874,9257
0.367797486,9256
0.367800857,9255
0.367804178,9254
0.367807769,9253
0.36781122,9252
0.367814784,9251
0.367817832,9250
0.36782074,9249
0.367823796,9248
0.36782659,9247
0.367829566,9246
0.367832427,9245
0.367835631,9244
0.367838823,9243
0.367876415,9242
0.367881305,9241
0.367885109,9240
0.367888502,9239
0.367892391,9238
0.36789648,9237
0.367899781,9236
0.367902988,9235
0.367906076,9234
0.367909367,9233
0.367912748,9232
0.367916034,9231
0.367919762,9230
0.367923321,9229
0.367926527,9228
0.367930416,9227
0.367933764,9226
0.367936726,9225
0.367939645,9224
0.367942722,9223
0.367945758,9222
0.367948919,9221
0.367952384,9220
0.367955762,9219
0.367959035,9218
0.367962286,9217
0.367965892,9216
0.367969788,9215
0.36797288,9214
0.367975896,9213
0.367979365,9212
0.367982867,9211
0.367985713,9210
0.367988515,9209
0.367991528,9208
0.367994695,9207
0.36799815,9206
0.368001405,9205
0.368004341,9204
0.368007471,9203
0.368010872,9202
0.368013731,9201
0.368017082,9200
0.368020267,9199
0.368023588,9198
0.368027998,9197
0.368031458,9196
0.3680347,9195
0.36803836,9194
0.368041455,9193
0.36804457,9192
0.368047447,9191
0.368050615,9190
0.368054346,9189
0.368057383,9188
0.36806092,9187
0.368064372,9186
0.368067422,9185
0.36807081,9184
0.368073732,9183
0.368076945,9182
0.368079954,9181
0.36808396,9180
0.368087529,9179
0.368090729,9178
0.368093895,9177
0.368096983,9176
0.368099901,9175
0.368102908,9174
0.368105878,9173
0.368108538,9172
0.368111487,9171
0.368114453,9170
0.368117363,9169
0.368120298,9168
0.368123131,9167
0.3681259,9166
0.368128552,9165
0.368131121,9164
0.368133927,9163
0.368136636,9162
0.368139247,9161
0.368141904,9160
0.368144451,9159
0.368147612,9158
0.368149948,9157
0.368152569,9156
0.368154972,9155
0.368157567,9154
0.368160651,9153
0.36816357,9152
0.368166882,9151
0.368169605,9150
0.368172653,9149
0.368175398,9148
0.36817853,9147
0.368181118,9146
0.368183799,9145
0.368186502,9144
0.368189468,9143
0.368192003,9142
0.368194706,9141
0.368197299,9140
0.368200053,9139
0.368202873,9138
0.368205597,9137
0.368208376,9136
0.368211003,9135
0.368213544,9134
0.368216384,9133
0.368221876,9132
0.368226066,9131
0.368229787,9130
0.368233911,9129
0.36823774,9128
0.368241385,9127
0.368244641,9126
0.368247962,9125
0.368251201,9124
0.368254513,9123
0.368257039,9122
0.36825949,9121
0.368262272,9120
0.368265411,9119
0.368268239,9118
0.368270849,9117
0.368273226,9116
0.368275692,9115
0.368278057,9114
0.368280513,9113
0.368282733,9112
0.36828474,9111
0.368287213,9110
0.368289945,9109
0.368292451,9108
0.368294839,9107
0.368297358,9106
0.368300696,9105
0.368303113,9104
0.368305533,9103
0.368308059,9102
0.368310303,9101
0.368312463,9100
0.36831586,9099
0.368318486,9098
0.368320827,9097
0.368323353,9096
0.368326539,9095
0.368328973,9094
0.368331686,9093
0.368334046,9092
0.368336391,9091
0.368338875,9090
0.368341763,9089
0.368344887,9088
0.368347631,9087
0.368350414,9086
0.368356099,9085
0.368360414,9084
0.368363641,9083
0.36836677,9082
0.368370226,9081
0.36837366,9080
0.368377039,9079
0.368380457,9078
0.368383824,9077
0.368387075,9076
0.368390319,9075
0.368393455,9074
0.368396983,9073
0.36840037,9072
0.368403577,9071
0.368407568,9070
0.368411092,9069
0.368414335,9068
0.368417547,9067
0.368430312,9066
0.368436312,9065
0.368442548,9064
0.368447799,9063
0.368451965,9062
0.368455678,9061
0.368488203,9060
0.368492047,9059
0.368495543,9058
0.368498342,9057
0.36850124,9056
0.368503662,9055
0.368507406,9054
0.368510499,9053
0.368514465,9052
0.368594903,9051
0.368642014,9050
0.368750039,9049
0.368770282,9048
0.368919275,9047
0.368929752,9046
0.368943431,9045
0.368953814,9044
0.369185714,9043
0.369193406,9042
0.369198615,9041
0.369203464,9040
0.369208094,9039
0.369211887,9038
0.369215636,9037
0.369219364,9036
0.369222932,9035
0.369226618,9034
0.369229928,9033
0.369233585,9032
0.369236917,9031
0.369240341,9030
0.369243786,9029
0.369246951,9028
0.369250557,9027
0.369253701,9026
0.369257307,9025
0.369260419,9024
0.369263749,9023
0.36926716,9022
0.369270422,9021
0.369273841,9020
0.369277157,9019
0.369280926,9018
0.369284341,9017
0.369287878,9016
0.369291242,9015
0.369294773,9014
0.369298234,9013
0.369301611,9012
0.369305007,9011
0.369309001,9010
0.369312325,9009
0.369315586,9008
0.369318866,9007
0.369322269,9006
0.369325406,9005
0.369328821,9004
0.369331919,9003
0.369335192,9002
0.369338562,9001
0.36934205,9000
0.369344964,8999
0.369348492,8998
0.36935974,8997
0.369363203,8996
0.369366599,8995
0.369369326,8994
0.369372056,8993
0.369374751,8992
0.369377595,8991
0.369380537,8990
0.369383484,8989
0.369386572,8988
0.369389292,8987
0.36939208,8986
0.369395539,8985
0.369398758,8984
0.369402459,8983
0.369406306,8982
0.369409954,8981
0.369414106,8980
0.369417441,8979
0.369420725,8978
0.369423688,8977
0.36942662,8976
0.36942932,8975
0.369487753,8974
0.369501343,8973
0.369541701,8972
0.369563399,8971
0.369586718,8970
0.369644507,8969
0.369780471,8968
0.369785568,8967
0.369822888,8966
0.369830375,8965
0.369836336,8964
0.369841484,8963
0.369848704,8962
0.369852538,8961
0.369856084,8960
0.369859299,8959
0.369862966,8958
0.369875692,8957
0.369882362,8956
0.3698877,8955
0.369892059,8954
0.369896765,8953
0.369901135,8952
0.369905265,8951
0.369909519,8950
0.369912852,8949
0.369916259,8948
0.369919793,8947
0.369922928,8946
0.369930947,8945
0.369935801,8944
0.369939994,8943
0.369944354,8942
0.369947802,8941
0.369951381,8940
0.36995606,8939
0.369959921,8938
0.36996302,8937
0.369966202,8936
0.369968933,8935
0.369971686,8934
0.369974589,8933
0.369977454,8932
0.369980302,8931
0.369983125,8930
0.369995929,8929
0.370001849,8928
0.370006706,8927
0.37001024,8926
0.370013794,8925
0.370017384,8924
0.370020499,8923
0.370023657,8922
0.3700265,8921
0.370029919,8920
0.370033006,8919
0.370036321,8918
0.370039389,8917
0.370042467,8916
0.370052844,8915
0.370057958,8914
0.370062248,8913
0.370066983,8912
0.370071275,8911
0.37007475,8910
0.370078134,8909
0.370081789,8908
0.370085169,8907
0.370088266,8906
0.370091214,8905
0.37009405,8904
0.370097914,8903
0.370101354,8902
0.370104275,8901
0.370107458,8900
0.370112125,8899
0.370115187,8898
0.370118204,8897
0.370121234,8896
0.370124069,8895
0.370126867,8894
0.370129672,8893
0.370132676,8892
0.37013531,8891
0.370138249,8890
0.37014068,8889
0.370143472,8888
0.370146039,8887
0.370148482,8886
0.370151074,8885
0.370153593,8884
0.37015631,8883
0.370158897,8882
0.370161362,8881
0.370163956,8880
0.370166351,8879
0.370170101,8878
0.370172944,8877
0.37017556,8876
0.370178441,8875
0.370181166,8874
0.370183745,8873
0.370186377,8872
0.370189008,8871
0.370191602,8870
0.370194086,8869
0.37019666,8868
0.370200399,8867
0.370211971,8866
0.370215485,8865
0.37021928,8864
0.370223135,8863
0.370226759,8862
0.370230528,8861
0.370233994,8860
0.3702377,8859
0.370241216,8858
0.370244645,8857
0.370248051,8856
0.370250848,8855
0.370254347,8854
0.370257359,8853
0.370260551,8852
0.370263267,8851
0.370266478,8850
0.370269429,8849
0.370272454,8848
0.370275438,8847
0.370281305,8846
0.370285383,8845
0.370290399,8844
0.37029506,8843
0.370299223,8842
0.370303582,8841
0.3703067,8840
0.370310755,8839
0.370314,8838
0.370317627,8837
0.370321233,8836
0.370324571,8835
0.370327699,8834
0.370330755,8833
0.370333555,8832
0.370336165,8831
0.370338874,8830
0.370342196,8829
0.370345477,8828
0.370348436,8827
0.370351272,8826
0.370353862,8825
0.370356327,8824
0.370358886,8823
0.370362839,8822
0.370366146,8821
0.370369426,8820
0.370373283,8819
0.370376355,8818
0.370379742,8817
0.37038254,8816
0.370385653,8815
0.370388545,8814
0.370391581,8813
0.370394624,8812
0.370397605,8811
0.370400859,8810
0.370403697,8809
0.37040664,8808
0.370410053,8807
0.370413283,8806
0.370416472,8805
0.370419493,8804
0.370422728,8803
0.370426212,8802
0.370434552,8801
0.370439258,8800
0.37049218,8799
0.370495883,8798
0.370498697,8797
0.370501309,8796
0.370503954,8795
0.370506585,8794
0.370509245,8793
0.370511785,8792
0.370514443,8791
0.370517019,8790
0.370519458,8789
0.370522163,8788
0.370524661,8787
0.370527175,8786
0.370529732,8785
0.370532329,8784
0.370535207,8783
0.370538125,8782
0.370541211,8781
0.37054404,8780
0.370546802,8779
0.37054997,8778
0.370552938,8777
0.37055564,8776
0.370558771,8775
0.370561402,8774
0.370566951,8773
0.370569359,8772
0.370572204,8771
0.370574879,8770
0.370577896,8769
0.370580719,8768
0.370583566,8767
0.370586385,8766
0.370588801,8765
0.370591356,8764
0.370594258,8763
0.370597274,8762
0.370599929,8761
0.370602922,8760
0.370605789,8759
0.370608863,8758
0.370611961,8757
0.370614866,8756
0.370617847,8755
0.370621197,8754
0.370624459,8753
0.370627337,8752
0.370630328,8751
0.370633116,8750
0.370635907,8749
0.370638656,8748
0.370641181,8747
0.370643794,8746
0.370652697,8745
0.370658402,8744
0.370665312,8743
0.370669474,8742
0.370681058,8741
0.370684886,8740
0.370688066,8739
0.370690947,8738
0.370694027,8737
0.370697311,8736
0.370700142,8735
0.370703102,8734
0.370706195,8733
0.370708861,8732
0.370711763,8731
0.370714395,8730
0.371454342,8729
0.37145941,8728
0.371464872,8727
0.37146841,8726
0.37147171,8725
0.37149795,8724
0.371589421,8723
0.371633751,8722
0.371676836,8721
0.371721446,8720
0.371759411,8719
0.37179561,8718
0.371818269,8717
0.371852053,8716
0.37187302,8715
0.371885575,8714
0.37189035,8713
0.371894054,8712
0.371897976,8711
0.371901431,8710
0.371904478,8709
0.371907911,8708
0.37191171,8707
0.371915306,8706
0.371918867,8705
0.37192398,8704
0.371927161,8703
0.371930885,8702
0.37193445,8701
0.371938982,8700
0.371942228,8699
0.371945859,8698
0.371949049,8697
0.371952157,8696
0.371955518,8695
0.371959083,8694
0.371962157,8693
0.371965296,8692
0.371970569,8691
0.371973738,8690
0.37197721,8689
0.371980489,8688
0.371983534,8687
0.371987039,8686
0.371990983,8685
0.371994489,8684
0.371998152,8683
0.372001266,8682
0.372006642,8681
0.372009897,8680
0.372013184,8679
0.372018475,8678
0.372022155,8677
0.372025608,8676
0.372029172,8675
0.372032696,8674
0.372037906,8673
0.37204151,8672
0.37208665,8671
0.372091911,8670
0.372098528,8669
0.372101998,8668
0.372105503,8667
0.372109633,8666
0.372113297,8665
0.37211683,8664
0.372120509,8663
0.372125103,8662
0.37212891,8661
0.372133284,8660
0.372140109,8659
0.37214358,8658
0.372147479,8657
0.372151289,8656
0.372157896,8655
0.37216207,8654
0.372166984,8653
0.372170921,8652
0.372174492,8651
0.372178046,8650
0.37218158,8649
0.372185364,8648
0.372189588,8647
0.372194451,8646
0.372198394,8645
0.372202061,8644
0.372205356,8643
0.372208832,8642
0.372212204,8641
0.372215629,8640
0.372219187,8639
0.372222438,8638
0.372226199,8637
0.372233758,8636
0.372238459,8635
0.37224332,8634
0.37224874,8633
0.372252176,8632
0.372255629,8631
0.372260245,8630
0.372263984,8629
0.37226835,8628
0.372271941,8627
0.372276928,8626
0.372280185,8625
0.372284768,8624
0.372288341,8623
0.372300142,8622
0.372315706,8621
0.372319596,8620
0.372324267,8619
0.372327726,8618
0.372331172,8617
0.372334706,8616
0.372338716,8615
0.372342282,8614
0.372346086,8613
0.372350298,8612
0.372354389,8611
0.372358555,8610
0.372361906,8609
0.372365301,8608
0.37236982,8607
0.372373522,8606
0.372376565,8605
0.372380121,8604
0.372383348,8603
0.37238676,8602
0.372390685,8601
0.372393635,8600
0.372396446,8599
0.372402025,8598
0.37240569,8597
0.372409094,8596
0.372413372,8595
0.372416537,8594
0.372419739,8593
0.37243232,8592
0.372437329,8591
0.372440792,8590
0.372444333,8589
0.372447898,8588
0.372462098,8587
0.372466642,8586
0.372471437,8585
0.372474885,8584
0.37248197,8583
0.372485007,8582
0.372488389,8581
0.372491556,8580
0.372494413,8579
0.37250148,8578
0.372505511,8577
0.372511456,8576
0.372514944,8575
0.372519754,8574
0.372523487,8573
0.372528153,8572
0.372531665,8571
0.372535349,8570
0.3725389,8569
0.372542327,8568
0.372545986,8567
0.372549334,8566
0.372552563,8565
0.372555781,8564
0.372559118,8563
0.372563898,8562
0.37256745,8561
0.37257208,8560
0.372575487,8559
0.372579835,8558
0.37258314,8557
0.372586398,8556
0.372589988,8555
0.372593596,8554
0.372596943,8553
0.372603992,8552
0.372607342,8551
0.372610865,8550
0.372614119,8549
0.37261753,8548
0.372620984,8547
0.372624626,8546
0.372627943,8545
0.372631524,8544
0.372634916,8543
0.372638798,8542
0.372644066,8541
0.372647406,8540
0.37265171,8539
0.37265495,8538
0.372658084,8537
0.372661817,8536
0.372665318,8535
0.37266913,8534
0.372672791,8533
0.372676377,8532
0.372680831,8531
0.372685132,8530
0.372690442,8529
0.372693877,8528
0.372697246,8527
0.372702046,8526
0.3727053,8525
0.372710885,8524
0.372715498,8523
0.372718732,8522
0.372722182,8521
0.372725454,8520
0.37272881,8519
0.372732457,8518
0.372736382,8517
0.372739899,8516
0.372746869,8515
0.372750398,8514
0.372754517,8513
0.372757985,8512
0.372761543,8511
0.372765281,8510
0.372768601,8509
0.372771954,8508
0.372775414,8507
0.372780458,8506
0.372784045,8505
0.372797902,8504
0.372803478,8503
0.372807327,8502
0.372812297,8501
0.372815782,8500
0.372820172,8499
0.372824397,8498
0.372830106,8497
0.372833795,8496
0.372837681,8495
0.372841668,8494
0.372845266,8493
0.372848622,8492
0.372860279,8491
0.372864104,8490
0.372871556,8489
0.372919576,8488
0.37292364,8487
0.372928192,8486
0.372931583,8485
0.372934858,8484
0.372938993,8483
0.372942987,8482
0.37296606,8481
0.372976423,8480
0.372980065,8479
0.37298352,8478
0.372986515,8477
0.372989989,8476
0.372994837,8475
0.372997917,8474
0.373003111,8473
0.373006934,8472
0.373010201,8471
0.373013474,8470
0.373016788,8469
0.373020426,8468
0.373024499,8467
0.373034749,8466
0.373040556,8465
0.373044502,8464
0.373047979,8463
0.37305136,8462
0.373054817,8461
0.373058293,8460
0.373061741,8459
0.373064695,8458
0.373067565,8457
0.373071288,8456
0.373080922,8455
0.373084566,8454
0.373088861,8453
0.373093132,8452
0.373099895,8451
0.373103233,8450
0.373106335,8449
0.373109242,8448
0.373187641,8447
0.373191888,8446
0.373195175,8445
0.373198275,8444
0.37320123,8443
0.373204571,8442
0.373208582,8441
0.37321168,8440
0.373215197,8439
0.373218327,8438
0.3732219,8437
0.373225534,8436
0.373228593,8435
0.373233113,8434
0.373238073,8433
0.373241939,8432
0.37324568,8431
0.373248769,8430
0.373251965,8429
0.373255102,8428
0.373258447,8427
0.373263306,8426
0.373267318,8425
0.373272746,8424
0.373276488,8423
0.373280496,8422
0.373285319,8421
0.373289118,8420
0.373297365,8419
0.373301193,8418
0.373308174,8417
0.373311666,8416
0.373314864,8415
0.37332143,8414
0.373324929,8413
0.373328364,8412
0.37333187,8411
0.373334917,8410
0.373338218,8409
0.373342756,8408
0.373346059,8407
0.373349742,8406
0.373353981,8405
0.37335721,8404
0.373361873,8403
0.373365275,8402
0.373368313,8401
0.37337157,8400
0.373376393,8399
0.373381556,8398
0.373385082,8397
0.373388213,8396
0.373391483,8395
0.373394354,8394
0.373398542,8393
0.373402198,8392
0.373405318,8391
0.373409398,8390
0.373412787,8389
0.373415983,8388
0.373418937,8387
0.373422447,8386
0.373426451,8385
0.37342989,8384
0.37343385,8383
0.373436886,8382
0.373440035,8381
0.373443719,8380
0.37344677,8379
0.373449967,8378
0.373453643,8377
0.373458379,8376
0.373461412,8375
0.373464642,8374
0.373467918,8373
0.373471098,8372
0.373474409,8371
0.373478032,8370
0.373481593,8369
0.373485409,8368
0.373489831,8367
0.373492873,8366
0.373496119,8365
0.37350009,8364
0.373503535,8363
0.373506722,8362
0.3735097,8361
0.37351285,8360
0.373516043,8359
0.373519331,8358
0.373522821,8357
0.373526507,8356
0.373529883,8355
0.373534773,8354
0.373538631,8353
0.373545031,8352
0.373549142,8351
0.373553111,8350
0.373556815,8349
0.373560699,8348
0.373564936,8347
0.373568701,8346
0.373575283,8345
0.373579159,8344
0.373583507,8343
0.373587155,8342
0.373592181,8341
0.373596805,8340
0.373600451,8339
0.373603654,8338
0.373607048,8337
0.37361059,8336
0.373614118,8335
0.3736185,8334
0.373621873,8333
0.373624746,8332
0.373628022,8331
0.373631166,8330
0.373635286,8329
0.373639541,8328
0.373646078,8327
0.373649724,8326
0.373690782,8325
0.373695221,8324
0.373699207,8323
0.373702974,8322
0.373706944,8321
0.373710605,8320
0.373715565,8319
0.37371879,8318
0.373731829,8317
0.373736151,8316
0.373739997,8315
0.373743681,8314
0.373747242,8313
0.373750874,8312
0.373754468,8311
0.37375841,8310
0.373761789,8309
0.373777707,8308
0.374289857,8307
0.37429621,8306
0.374339931,8305
0.374345465,8304
0.374350926,8303
0.374366937,8302
0.374372051,8301
0.374375373,8300
0.37437862,8299
0.374382434,8298
0.374385939,8297
0.374391043,8296
0.374690945,8295
0.374695766,8294
0.374698871,8293
0.374704262,8292
0.374708297,8291
0.374711374,8290
0.374717102,8289
0.374720375,8288
0.374724639,8287
0.374731517,8286
0.374737935,8285
0.374741235,8284
0.374744298,8283
0.374747976,8282
0.374751006,8281
0.374756389,8280
0.374763632,8279
0.37479979,8278
0.374803775,8277
0.374810573,8276
0.374825127,8275
0.374839791,8274
0.374874564,8273
0.374882559,8272
0.374919865,8271
0.374923541,8270
0.374933442,8269
0.374937801,8268
0.37495645,8267
0.374961427,8266
0.374969204,8265
0.374980281,8264
0.3749862,8263
0.374991186,8262
0.375000642,8261
0.375004496,8260
0.375012982,8259
0.375016048,8258
0.375022383,8257
0.375027225,8256
0.375030426,8255
0.375036616,8254
0.375040458,8253
0.3750462,8252
0.375052346,8251
0.375056491,8250
0.375064569,8249
0.375070447,8248
0.375086926,8247
0.375090746,8246
0.375096746,8245
0.375100098,8244
0.375105335,8243
0.375112151,8242
0.375118217,8241
0.37512277,8240
0.375137639,8239
0.375141839,8238
0.37514899,8237
0.375153163,8236
0.375159131,8235
0.375162945,8234
0.375167953,8233
0.37517371,8232
0.375198294,8231
0.375201921,8230
0.375205783,8229
0.375208846,8228
0.375217175,8227
0.375323086,8226
0.375327972,8225
0.375356556,8224
0.375360528,8223
0.375366394,8222
0.375369605,8221
0.375379434,8220
0.37538564,8219
0.375394396,8218
0.375404725,8217
0.375451821,8216
0.375460583,8215
0.375465224,8214
0.375793241,8213
0.375796959,8212
0.375801111,8211
0.375809391,8210
0.375813009,8209
0.375816829,8208
0.375819999,8207
0.375825264,8206
0.375830063,8205
0.375845591,8204
0.37584883,8203
0.375852124,8202
0.375858464,8201
0.375861825,8200
0.375872329,8199
0.375877588,8198
0.375882203,8197
0.375889988,8196
0.3759033,8195
0.37594143,8194
0.375945433,8193
0.375949361,8192
0.375953256,8191
0.375957126,8190
0.375960745,8189
0.375964292,8188
0.37597382,8187
0.375981902,8186
0.375989384,8185
0.375996938,8184
0.376000309,8183
0.376003731,8182
0.376006955,8181
0.376044679,8180
0.376048756,8179
0.376086109,8178
0.376090262,8177
0.376095796,8176
0.376113891,8175
0.37612081,8174
0.376127678,8173
0.376132721,8172
0.376140276,8171
0.376156768,8170
0.376163906,8169
0.37616989,8168
0.376179461,8167
0.376184195,8166
0.376192996,8165
0.376198981,8164
0.376202741,8163
0.376207077,8162
0.376215512,8161
0.376222299,8160
0.376232424,8159
0.376236556,8158
0.376242411,8157
0.376282059,8156
0.376285999,8155
0.376291984,8154
0.376299797,8153
0.376308432,8152
0.37631287,8151
0.37631933,8150
0.376326603,8149
0.376363885,8148
0.376367603,8147
0.376372598,8146
0.37638384,8145
0.376421029,8144
0.376432397,8143
0.376438259,8142
0.376442978,8141
0.376449887,8140
0.376470426,8139
0.376475407,8138
0.376483856,8137
0.376522056,8136
0.376529401,8135
0.376532923,8134
0.37655066,8133
0.376554254,8132
0.376561521,8131
0.376572308,8130
0.376575655,8129
0.376581306,8128
0.376589513,8127
0.376599391,8126
0.376603025,8125
0.376616969,8124
0.376621475,8123
0.376635243,8122
0.376640469,8121
0.376645625,8120
0.37665636,8119
0.376663185,8118
0.376666786,8117
0.376679131,8116
0.377144802,8115
0.37809237,8114
0.378133063,8113
0.378200596,8112
0.378208828,8111
0.37827282,8110
0.378358025,8109
0.378494039,8108
0.37861169,8107
0.378712805,8106
0.378965756,8105
0.380600361,8104
0.380654448,8103
0.380727998,8102
0.380732268,8101
0.380736911,8100
0.380742471,8099
0.380748835,8098
0.380752036,8097
0.380755662,8096
0.380760609,8095
0.380766964,8094
0.380770338,8093
0.380804622,8092
0.380813929,8091
0.380819341,8090
0.38083182,8089
0.380838066,8088
0.380843346,8087
0.380882138,8086
0.380891433,8085
0.380896286,8084
0.380903705,8083
0.380908077,8082
0.380916531,8081
0.38092729,8080
0.380932979,8079
0.380938957,8078
0.380945585,8077
0.380954136,8076
0.380962109,8075
0.380969119,8074
0.380980524,8073
0.380999965,8072
0.381003525,8071
0.381007077,8070
0.381016103,8069
0.381059505,8068
0.381063488,8067
0.381067001,8066
0.381072105,8065
0.381108012,8064
0.381112801,8063
0.381170765,8062
0.381180408,8061
0.381189659,8060
0.381195114,8059
0.381211791,8058
0.381223451,8057
0.381277046,8056
0.381294524,8055
0.381306935,8054
0.381313661,8053
0.381321054,8052
0.381341293,8051
0.381349054,8050
0.381356042,8049
0.381362569,8048
0.381377414,8047
0.381387661,8046
0.381403826,8045
0.381413316,8044
0.381432971,8043
0.381442378,8042
0.381449525,8041
0.381456879,8040
0.381467552,8039
0.381477396,8038
0.381493354,8037
0.381517454,8036
0.381554432,8035
0.381566181,8034
0.381572939,8033
0.381578834,8032
0.381587321,8031
0.381596569,8030
0.381606042,8029
0.381610236,8028
0.381619046,8027
0.381625846,8026
0.381638051,8025
0.381649473,8024
0.381657048,8023
0.381678901,8022
0.381684918,8021
0.381689676,8020
0.381700414,8019
0.381710183,8018
0.381715609,8017
0.381719243,8016
0.381723944,8015
0.381727352,8014
0.381743946,8013
0.381747457,8012
0.381784557,8011
0.381793115,8010
0.381803173,8009
0.381816823,8008
0.381820768,8007
0.381825021,8006
0.381833124,8005
0.38184401,8004
0.381847021,8003
0.381933184,8002
0.381953931,8001
0.381971074,8000
0.381984802,7999
0.382015819,7998
0.382032477,7997
0.382036288,7996
0.382084262,7995
0.382124046,7994
0.382132026,7993
0.382169264,7992
0.382205444,7991
0.382218771,7990
0.382256099,7989
0.382268863,7988
0.382308641,7987
0.382325879,7986
0.382331353,7985
0.382335432,7984
0.382338854,7983
0.383300583,7982
0.383327316,7981
0.383366741,7980
0.383372157,7979
0.383379732,7978
0.383390809,7977
0.383412912,7976
0.383439697,7975
0.383471502,7974
0.383479561,7973
0.383494115,7972
0.383501524,7971
0.383506443,7970
0.383529185,7969
0.383534369,7968
0.383540085,7967
0.383585356,7966
0.383619981,7965
0.3836447,7964
0.383653853,7963
0.38365892,7962
0.383668278,7961
0.38370946,7960
0.383714285,7959
0.383718044,7958
0.383732236,7957
0.383777121,7956
0.383781575,7955
0.383785397,7954
0.383820682,7953
0.383890972,7952
0.383895329,7951
0.383898627,7950
0.383941012,7949
0.38394864,7948
0.383955062,7947
0.383993543,7946
0.38399864,7945
0.384033762,7944
0.384073245,7943
0.384081161,7942
0.384116791,7941
0.384125944,7940
0.384142163,7939
0.384185351,7938
0.384201952,7937
0.38420936,7936
0.384214415,7935
0.38426295,7934
0.384271055,7933
0.384291899,7932
0.384303503,7931
0.38431265,7930
0.384316386,7929
0.384321725,7928
0.384334044,7927
0.384339509,7926
0.384381033,7925
0.384392659,7924
0.384397766,7923
0.384404009,7922
0.384408043,7921
0.384457102,7920
0.384472044,7919
0.3845071,7918
0.384555487,7917
0.384607996,7916
0.384650028,7915
0.384704128,7914
0.384756082,7913
0.384763733,7912
0.384781545,7911
0.384837131,7910
0.384913974,7909
0.384972235,7908
0.384987337,7907
0.384991204,7906
0.385024558,7905
0.385120596,7904
0.385125458,7903
0.387712574,7902
0.387732785,7901
0.388059496,7900
0.388063124,7899
0.388066996,7898
0.38807145,7897
0.388078114,7896
0.388084212,7895
0.388090031,7894
0.388097599,7893
0.388100725,7892
0.388104622,7891
0.388112308,7890
0.38811854,7889
0.388126029,7888
0.388128959,7887
0.388132268,7886
0.38813592,7885
0.38814217,7884
0.388145298,7883
0.388148489,7882
0.388152277,7881
0.388156019,7880
0.388163291,7879
0.38817194,7878
0.388175086,7877
0.388178585,7876
0.388182352,7875
0.388196077,7874
0.388207116,7873
0.388211614,7872
0.388215003,7871
0.388221556,7870
0.388233538,7869
0.388246641,7868
0.388252392,7867
0.38825848,7866
0.388263515,7865
0.388298437,7864
0.388301925,7863
0.388308714,7862
0.388313637,7861
0.388328698,7860
0.388340433,7859
0.388365094,7858
0.388407121,7857
0.388423984,7856
0.388427433,7855
0.388430687,7854
0.3884356,7853
0.388442876,7852
0.388448457,7851
0.388453626,7850
0.388470323,7849
0.388512514,7848
0.388520103,7847
0.388523516,7846
0.388536716,7845
0.388562965,7844
0.388576606,7843
0.388596598,7842
0.388657086,7841
0.38910697,7840
0.389126286,7839
0.389167133,7838
0.389228122,7837
0.389596674,7836
0.389610409,7835
0.389615018,7834
0.389624485,7833
0.389632761,7832
0.389637063,7831
0.389649622,7830
0.389658595,7829
0.389664477,7828
0.389668459,7827
0.38968208,7826
0.389690921,7825
0.389700764,7824
0.389707301,7823
0.389731413,7822
0.389750847,7821
0.389757114,7820
0.389761381,7819
0.389766627,7818
0.389780829,7817
0.389785078,7816
0.389789198,7815
0.389793646,7814
0.389800572,7813
0.389804685,7812
0.38980851,7811
0.389814502,7810
0.389818544,7809
0.389826258,7808
0.389836282,7807
0.389842359,7806
0.38984627,7805
0.389856578,7804
0.389865366,7803
0.389873744,7802
0.389882228,7801
0.389895833,7800
0.389918983,7799
0.389923251,7798
0.389930461,7797
0.389940406,7796
0.389948712,7795
0.389959712,7794
0.389967298,7793
0.389985051,7792
0.389993355,7791
0.389996959,7790
0.390009831,7789
0.390352441,7788
0.390356838,7787
0.390360692,7786
0.390369195,7785
0.390372964,7784
0.390379024,7783
0.390389102,7782
0.390405267,7781
0.39041188,7780
0.390437761,7779
0.390475653,7778
0.390483608,7777
0.390492628,7776
0.390498979,7775
0.39050373,7774
0.390561985,7773
0.390566456,7772
0.390571024,7771
0.390595497,7770
0.390602772,7769
0.39062659,7768
0.390687869,7767
0.390698576,7766
0.390705893,7765
0.390717351,7764
0.390731379,7763
0.390744923,7762
0.39075049,7761
0.390765079,7760
0.390808734,7759
0.390832808,7758
0.390873385,7757
0.390892196,7756
0.390940284,7755
0.391050676,7754
0.391069673,7753
0.391086655,7752
0.391092755,7751
0.391104878,7750
0.391109937,7749
0.39111436,7748
0.39117535,7747
0.391183965,7746
0.391195395,7745
0.391200275,7744
0.391211783,7743
0.391221177,7742
0.391246353,7741
0.391275766,7740
0.391298129,7739
0.391309522,7738
0.391325307,7737
0.391337203,7736
0.39134798,7735
0.393232917,7734
0.393239021,7733
0.393249526,7732
0.393254872,7731
0.393262636,7730
0.393273652,7729
0.405645122,7728
0.405654702,7727
0.405660327,7726
0.405665963,7725
0.405671475,7724
0.405675633,7723
0.405681421,7722
0.405685593,7721
0.405689204,7720
0.405698131,7719
0.405703468,7718
0.405707449,7717
0.405715767,7716
0.40572006,7715
0.405728181,7714
0.405733956,7713
0.405740874,7712
0.405752872,7711
0.405756528,7710
0.405760188,7709
0.405764064,7708
0.405768032,7707
0.40577269,7706
0.40578099,7705
0.405785099,7704
0.405792884,7703
0.405799161,7702
0.405802595,7701
0.405813579,7700
0.405817256,7699
0.405820508,7698
0.405823699,7697
0.405828815,7696
0.405836262,7695
0.405842562,7694
0.405849479,7693
0.40585324,7692
0.405857504,7691
0.405868219,7690
0.405882069,7689
0.405897707,7688
0.40590448,7687
0.405912042,7686
0.405925862,7685
0.405932729,7684
0.405942631,7683
0.405953982,7682
0.405959363,7681
0.405969823,7680
0.405975392,7679
0.405978884,7678
0.405987409,7677
0.405994938,7676
0.405998708,7675
0.406009765,7674
0.406017886,7673
0.406027176,7672
0.406033976,7671
0.406041151,7670
0.406044186,7669
0.406049268,7668
0.406052945,7667
0.406062796,7666
0.406076278,7665
0.406087895,7664
0.406530488,7663
0.406538262,7662
0.406544953,7661
0.406562414,7660
0.406567008,7659
0.406571491,7658
0.406576269,7657
0.406597589,7656
0.406603908,7655
0.406630719,7654
0.406640765,7653
0.40665851,7652
0.406677396,7651
0.406693542,7650
0.406701621,7649
0.406704654,7648
0.406716235,7647
0.406729756,7646
0.406732823,7645
0.406752133,7644
0.40675658,7643
0.406759706,7642
0.406774243,7641
0.40677929,7640
0.406783384,7639
0.406787121,7638
0.406801469,7637
0.406822344,7636
0.406826159,7635
0.406833455,7634
0.406848676,7633
0.406872316,7632
0.406885031,7631
0.406888452,7630
0.406905667,7629
0.406919086,7628
0.406941933,7627
0.406958155,7626
0.406965253,7625
0.406983155,7624
0.406987435,7623
0.406993608,7622
0.406999546,7621
0.407014466,7620
0.407018161,7619
0.407022559,7618
0.407039965,7617
0.407046433,7616
0.407053433,7615
0.407059403,7614
0.407062904,7613
0.407091079,7612
0.407109476,7611
0.407115526,7610
0.407130736,7609
0.40713422,7608
0.407164684,7607
0.40718182,7606
0.407221099,7605
0.407226751,7604
0.407255919,7603
0.407286549,7602
0.407300202,7601
0.407304234,7600
0.407308146,7599
0.407338451,7598
0.407359762,7597
0.407363291,7596
0.407368381,7595
0.407403212,7594
0.407411094,7593
0.40741636,7592
0.407435183,7591
0.407485373,7590
0.407502323,7589
0.407528302,7588
0.4075646,7587
0.407568462,7586
0.407571934,7585
0.407588847,7584
0.411520992,7583
0.411536118,7582
0.411545232,7581
0.411967931,7580
0.411981736,7579
0.412023474,7578
0.412036583,7577
0.412059641,7576
0.412065588,7575
0.412155078,7574
0.412198025,7573
0.412235865,7572
0.412245199,7571
0.412276242,7570
0.412312708,7569
0.412317097,7568
0.412323432,7567
0.412361804,7566
0.41240319,7565
0.412413358,7564
0.412467668,7563
0.412509911,7562
0.412513987,7561
0.412547815,7560
0.413501187,7559
0.413513849,7558
0.413524432,7557
0.413571694,7556
0.413582008,7555
0.413592144,7554
0.413600407,7553
0.413606951,7552
0.413624736,7551
0.413631667,7550
0.413674244,7549
0.413695327,7548
0.413709644,7547
0.413722348,7546
0.413769913,7545
0.413776716,7544
0.41381462,7543
0.413854304,7542
0.413917577,7541
0.413921017,7540
0.413929166,7539
0.413963462,7538
0.414041796,7537
0.41405127,7536
0.414055868,7535
0.414065444,7534
0.414079555,7533
0.414102881,7532
0.414176873,7531
0.414212878,7530
0.414224045,7529
0.41425294,7528
0.414283608,7527
0.414338335,7526
0.414342258,7525
0.41435229,7524
0.414396715,7523
0.414405458,7522
0.414410758,7521
0.414432183,7520
0.414462465,7519
0.414478545,7518
0.414507564,7517
0.414515449,7516
0.414529085,7515
0.414582512,7514
0.414605199,7513
0.414616149,7512
0.414653056,7511
0.414670382,7510
0.414676424,7509
0.414720857,7508
0.414723999,7507
0.414780181,7506
0.414792675,7505
0.414820429,7504
0.414823728,7503
0.414836734,7502
0.414890938,7501
0.414908237,7500
0.414913129,7499
0.414949551,7498
0.415010032,7497
0.415018893,7496
0.415025088,7495
0.415045339,7494
0.415049083,7493
0.415052205,7492
0.415067632,7491
0.415072676,7490
0.415115128,7489
0.415135623,7488
0.415142405,7487
0.415155398,7486
0.415226609,7485
0.415480945,7484
0.41548698,7483
0.415522831,7482
0.415526536,7481
0.41553213,7480
0.415536044,7479
0.415543062,7478
0.415549754,7477
0.415563431,7476
0.415569965,7475
0.415574612,7474
0.415580677,7473
0.415588552,7472
0.415594082,7471
0.415603054,7470
0.415638084,7469
0.415677535,7468
0.41568166,7467
0.415732349,7466
0.415744199,7465
0.416242474,7464
0.416256059,7463
0.416283863,7462
0.416294789,7461
0.416303809,7460
0.416308219,7459
0.416312813,7458
0.416338322,7457
0.416342973,7456
0.416362621,7455
0.416371221,7454
0.416377959,7453
0.416383187,7452
0.416405415,7451
0.416443146,7450
0.416456641,7449
0.416466549,7448
0.416473496,7447
0.416485094,7446
0.416497575,7445
0.416502571,7444
0.41650834,7443
0.416883462,7442
0.416897213,7441
0.41693114,7440
0.416984175,7439
0.417067832,7438
0.417083919,7437
0.417128671,7436
0.417132518,7435
0.41716195,7434
0.41716876,7433
0.417181568,7432
0.417237475,7431
0.417245028,7430
0.41726588,7429
0.417289292,7428
0.417314584,7427
0.417325068,7426
0.417374794,7425
0.417563285,7424
0.417582172,7423
0.41764123,7422
0.417938283,7421
0.422706004,7420
0.423235404,7419
0.423245371,7418
0.42325278,7417
0.42326029,7416
0.423272475,7415
0.424808665,7414
0.42486511,7413
0.561883691,7412
0.604578235,7411
0.641742423,7410
0.670664865,7409
0.697164327,7408
0.710326827,7407
0.720103489,7406
0.764743735,7405
0.82026452,7404
0.873838208,7403
1.094975617,7402
1.141215898,7401
1.152630884,7400
1.177591261,7399
1.183453583,7398
1.22244312,7397
1.243379907,7396
1.284694682,7395
1.307935918,7394
1.315425717,7393
1.334860835,7392
1.352894645,7391
1.410262223,7390
1.427472274,7389
1.442497866,7388
1.465071184,7387
1.492029393,7386
1.507107454,7385
1.540700109,7384
1.581703723,7383
1.589230453,7382
1.601709061,7381
1.610257121,7380
1.617548363,7379
1.639559317,7378
1.651105641,7377
1.663577801,7376
1.678738254,7375
1.719856599,7374
1.741353383,7373
1.75920439,7372
1.771306778,7371
1.779342616,7370
1.838308097,7369
1.846878457,7368
1.855666604,7367
1.870077382,7366
1.881753052,7365
1.892190111,7364
1.911175208,7363
1.95089008,7362
1.96071755,7361
1.98210153,7360
1.995588715,7359
2.038376607,7358
2.047063926,7357
2.068902241,7356
2.08361423,7355
2.092031447,7354
2.103624053,7353
2.134176486,7352
2.153714449,7351
2.176742364,7350
2.226921761,7349
2.232478446,7348
2.248502963,7347
2.270199605,7346
2.342350916,7345
2.382689212,7344
2.410134379,7343
2.445014639,7342
2.458280185,7341
2.480542619,7340
2.497412046,7339
2.502746437,7338
2.508371281,7337
2.540590771,7336
2.562145658,7335
2.601399716,7334
2.610655495,7333
2.640706149,7332
2.69477941,7331
2.702663887,7330
2.772687907,7329
2.788595099,7328
2.813821142,7327
2.858293751,7326
2.863116475,7325
2.893816983,7324
2.899314976,7323
2.910479359,7322
3.026074552,7321
3.078090698,7320
3.096693356,7319
3.152335805,7318
3.159984411,7317
3.185442158,7316
3.235064604,7315
3.263520315,7314
3.34315897,7313
3.351728793,7312
3.369523791,7311
3.390241078,7310
3.399617507,7309
3.412417835,7308
3.434770501,7307
3.440843956,7306
3.468011959,7305
3.485370794,7304
3.522332993,7303
3.595363453,7302
3.619951739,7301
3.648693903,7300
3.699508708,7299
3.71325077,7298
3.735666078,7297
3.754838011,7296
3.776242641,7295
3.789483477,7294
3.804723245,7293
3.818738239,7292
3.886294257,7291
3.894883712,7290
3.916059961,7289
3.948296368,7288
3.970326393,7287
3.987202373,7286
3.999985683,7285
4.01465567,7284
4.029493329,7283
4.046689174,7282
4.058638384,7281
4.117345328,7280
4.132662233,7279
4.144671331,7278
4.170178684,7277
4.202444317,7276
4.242565187,7275
4.256122634,7274
4.276323637,7273
4.308972869,7272
4.321036513,7271
4.366782728,7270
4.391114319,7269
4.404449994,7268
4.419438761,7267
4.432192238,7266
4.475994648,7265
4.504470881,7264
4.532638827,7263
4.549023938,7262
4.589963149,7261
4.59728642,7260
4.613798512,7259
4.62802982,7258
4.663951022,7257
4.688322108,7256
4.745252319,7255
4.783017071,7254
4.798693118,7253
4.827388849,7252
4.83974874,7251
4.858689885,7250
4.891462073,7249
4.914557781,7248
4.935178194,7247
4.957039376,7246
5.007629725,7245
5.031908464,7244
5.045120543,7243
5.064235048,7242
5.125080072,7241
5.145619193,7240
5.163114087,7239
5.218168958,7238
5.225187595,7237
5.239587894,7236
5.253941198,7235
5.269582203,7234
5.291980081,7233
5.324180713,7232
5.329153827,7231
5.377065211,7230
5.403448801,7229
5.429076835,7228
5.440379967,7227
5.461502324,7226
5.516258051,7225
5.53268591,7224
5.570361742,7223
5.606759608,7222
5.657173367,7221
5.667118302,7220
5.692614657,7219
5.765270828,7218
5.85472031,7217
5.889311678,7216
5.969433421,7215
5.998407961,7214
6.054085554,7213
6.092818209,7212
6.101495191,7211
6.11918509,7210
6.229896208,7209
6.285120785,7208
6.300777436,7207
6.426317467,7206
6.440794943,7205
6.470197705,7204
6.483706737,7203
6.577165808,7202
6.651540583,7201
6.663813623,7200
6.677244757,7199
6.745426742,7198
6.775935832,7197
6.805371648,7196
6.883550553,7195
6.897165729,7194
6.90699834,7193
6.932132819,7192
6.952910255,7191
7.118129043,7190
7.219218906,7189
7.229091299,7188
7.280244971,7187
7.32044357,7186
7.420002583,7185
7.590673308,7184
7.666087786,7183
7.740987836,7182
7.863595371,7181
7.969092991,7180
8.053405788,7179
