0.297250556,6823
0.297355922,6822
0.297413312,6821
0.297511417,6820
0.297616803,6819
0.297637785,6818
0.297680856,6817
0.297688803,6816
0.29769608,6815
0.297705167,6814
0.297719208,6813
0.297763098,6812
0.297803384,6811
0.297842721,6810
0.297860563,6809
0.297874792,6808
0.297892281,6807
0.298700685,6806
0.298716091,6805
0.298732196,6804
0.298777513,6803
0.298790727,6802
0.298804692,6801
0.298821104,6800
0.298831301,6799
0.298843614,6798
0.298890495,6797
0.298899285,6796
0.299832431,6795
0.299858394,6794
0.299911318,6793
0.29992384,6792
0.299938735,6791
0.299976313,6790
0.301618688,6789
0.302100281,6788
0.302110165,6787
0.302175682,6786
0.302185526,6785
0.302193769,6784
0.30220201,6783
0.30222911,6782
0.302237963,6781
0.302258172,6780
0.303150613,6779
0.303164374,6778
0.303198977,6777
0.303246039,6776
0.303251774,6775
0.303256631,6774
0.303263109,6773
0.303268662,6772
0.303274263,6771
0.303279929,6770
0.303285564,6769
0.30329094,6768
0.303296344,6767
0.303301976,6766
0.303307704,6765
0.30331377,6764
0.303319324,6763
0.303325138,6762
0.303334308,6761
0.303339932,6760
0.303345265,6759
0.305799192,6758
0.305810775,6757
0.305815416,6756
0.305820608,6755
0.305831018,6754
0.305837962,6753
0.305843232,6752
0.305848452,6751
0.305853702,6750
0.305858533,6749
0.305863515,6748
0.305868674,6747
0.305873455,6746
0.305878305,6745
0.305884531,6744
0.305889128,6743
0.305893935,6742
0.305907025,6741
0.305919749,6740
0.305926047,6739
0.305938699,6738
0.305944719,6737
0.305983907,6736
0.306020912,6735
0.306025613,6734
0.30603125,6733
0.306036814,6732
0.306064605,6731
0.306069788,6730
0.306076446,6729
0.306082628,6728
0.306088188,6727
0.30609398,6726
0.306098728,6725
0.306103904,6724
0.30610876,6723
0.306114074,6722
0.306119521,6721
0.306592929,6720
0.306602555,6719
0.306637412,6718
0.306643517,6717
0.306648596,6716
0.306654825,6715
0.306660283,6714
0.306665912,6713
0.306671426,6712
0.306678302,6711
0.306683383,6710
0.306688661,6709
0.30670244,6708
0.306708175,6707
0.306713974,6706
0.306731276,6705
0.306737642,6704
0.306744747,6703
0.306752129,6702
0.306758887,6701
0.306809792,6700
0.306815004,6699
0.306820383,6698
0.306825938,6697
0.306832172,6696
0.306900711,6695
0.306906845,6694
0.306915433,6693
0.306920657,6692
0.306926076,6691
0.306931394,6690
0.306936386,6689
0.306941758,6688
0.306947776,6687
0.306953139,6686
0.306958866,6685
0.306982183,6684
0.306992223,6683
0.306998667,6682
0.307003084,6681
0.30700744,6680
0.307011474,6679
0.307016175,6678
0.307023404,6677
0.307067894,6676
0.307074059,6675
0.30707872,6674
0.307083171,6673
0.307087701,6672
0.307091878,6671
0.307096162,6670
0.307100596,6669
0.307104744,6668
0.307109408,6667
0.307113754,6666
0.307117831,6665
0.307122341,6664
0.307126685,6663
0.307133888,6662
0.307140368,6661
0.307145406,6660
0.307149966,6659
0.307154401,6658
0.307159433,6657
0.30716335,6656
0.307167625,6655
0.30717208,6654
0.307176337,6653
0.307182241,6652
0.307186736,6651
0.307191826,6650
0.307196314,6649
0.307200713,6648
0.307205873,6647
0.307210317,6646
0.307214527,6645
0.307219014,6644
0.30722323,6643
0.307227731,6642
0.308104324,6641
0.308112637,6640
0.308121108,6639
0.308127076,6638
0.308207081,6637
0.308212628,6636
0.308217542,6635
0.308222569,6634
0.308231989,6633
0.30830993,6632
0.308354407,6631
0.308365204,6630
0.308418759,6629
0.308430705,6628
0.308437193,6627
0.308442279,6626
0.308447749,6625
0.308453515,6624
0.30845882,6623
0.308464107,6622
0.308469255,6621
0.308474154,6620
0.308482053,6619
0.308487564,6618
0.308492552,6617
0.308497177,6616
0.308504657,6615
0.30850978,6614
0.308515508,6613
0.308521023,6612
0.308527642,6611
0.308533395,6610
0.308538842,6609
0.308551519,6608
0.30859145,6607
0.308596734,6606
0.308604816,6605
0.308610373,6604
0.308616461,6603
0.308621344,6602
0.308626186,6601
0.308631385,6600
0.308637861,6599
0.308690928,6598
0.308696017,6597
0.308700325,6596
0.308705974,6595
0.308715425,6594
0.308720145,6593
0.308724357,6592
0.308728706,6591
0.308755945,6590
0.308760683,6589
0.308765336,6588
0.308804136,6587
0.308808346,6586
0.308811745,6585
0.308814627,6584
0.30881742,6583
0.308821405,6582
0.308825687,6581
0.308831114,6580
0.308835885,6579
0.308840353,6578
0.308844442,6577
0.308849652,6576
0.308854681,6575
0.308859322,6574
0.308865513,6573
0.308870377,6572
0.308875328,6571
0.308880865,6570
0.30888602,6569
0.308890975,6568
0.308895217,6567
0.308899733,6566
0.30891871,6565
0.308924032,6564
0.308928438,6563
0.308933895,6562
0.308937877,6561
0.308942621,6560
0.308947303,6559
0.308951724,6558
0.308956076,6557
0.308960437,6556
0.308964928,6555
0.308969884,6554
0.308974258,6553
0.308978545,6552
0.308983224,6551
0.30898752,6550
0.308991713,6549
0.308996503,6548
0.30900079,6547
0.309004906,6546
0.309009089,6545
0.309015102,6544
0.30901884,6543
0.309025258,6542
0.309031456,6541
0.309035483,6540
0.309039288,6539
0.309043561,6538
0.309047808,6537
0.309052309,6536
0.309056709,6535
0.309061946,6534
0.309065948,6533
0.309070189,6532
0.309075341,6531
0.309079563,6530
0.309083659,6529
0.309087283,6528
0.309090868,6527
0.309094664,6526
0.309098531,6525
0.309102486,6524
0.309106448,6523
0.309110955,6522
0.309114938,6521
0.309118772,6520
0.309122393,6519
0.309126334,6518
0.309129894,6517
0.309134333,6516
0.309192553,6515
0.309200325,6514
0.30920484,6513
0.30920902,6512
0.309212898,6511
0.309216949,6510
0.309221023,6509
0.309224574,6508
0.309228594,6507
0.309232974,6506
0.309237154,6505
0.309241091,6504
0.309249734,6503
0.309254285,6502
0.309259228,6501
0.309264632,6500
0.309268697,6499
0.309272927,6498
0.309276875,6497
0.309315059,6496
0.309319844,6495
0.309324075,6494
0.309328999,6493
0.309333398,6492
0.309338325,6491
0.309342846,6490
0.309347474,6489
0.309351901,6488
0.309358416,6487
0.309371114,6486
0.309387559,6485
0.309394511,6484
0.309399041,6483
0.309402543,6482
0.309406335,6481
0.309410178,6480
0.309414045,6479
0.30941803,6478
0.309422198,6477
0.309428495,6476
0.309432728,6475
0.309436961,6474
0.309441498,6473
0.309446039,6472
0.309451354,6471
0.30945559,6470
0.309459671,6469
0.309463692,6468
0.309467915,6467
0.309471912,6466
0.309475887,6465
0.309480037,6464
0.309484077,6463
0.309489836,6462
0.309495032,6461
0.309499515,6460
0.309504343,6459
0.309508906,6458
0.30951416,6457
0.309518441,6456
0.309522402,6455
0.309526172,6454
0.309529804,6453
0.309534951,6452
0.309538554,6451
0.309542385,6450
0.309546243,6449
0.309550189,6448
0.309555832,6447
0.309559719,6446
0.309563605,6445
0.309567479,6444
0.309579947,6443
0.309591427,6442
0.311747598,6441
0.311758699,6440
0.31176607,6439
0.311771045,6438
0.311777512,6437
0.311781665,6436
0.31178564,6435
0.311789825,6434
0.311794065,6433
0.311799548,6432
0.311803354,6431
0.311807838,6430
0.311812046,6429
0.31181746,6428
0.311821315,6427
0.311825468,6426
0.311829287,6425
0.31183693,6424
0.311840897,6423
0.311851618,6422
0.311856797,6421
0.311861518,6420
0.311865415,6419
0.311870023,6418
0.311904555,6417
0.311908723,6416
0.3119127,6415
0.311916603,6414
0.311920395,6413
0.311923649,6412
0.311927109,6411
0.311930466,6410
0.311934014,6409
0.311937603,6408
0.311941045,6407
0.311944617,6406
0.311947918,6405
0.311951704,6404
0.311955223,6403
0.312047675,6402
0.312069403,6401
0.312073451,6400
0.312076654,6399
0.312079848,6398
0.312082796,6397
0.312085765,6396
0.312088389,6395
0.312092518,6394
0.312096722,6393
0.312100276,6392
0.312103138,6391
0.312107381,6390
0.31211041,6389
0.312113708,6388
0.312116918,6387
0.312120112,6386
0.312123359,6385
0.312126336,6384
0.312129215,6383
0.312132311,6382
0.312136944,6381
0.312139784,6380
0.312142927,6379
0.312145886,6378
0.312148888,6377
0.312152848,6376
0.31215548,6375
0.312158198,6374
0.312160891,6373
0.312163421,6372
0.312166791,6371
0.312169625,6370
0.31217246,6369
0.312175126,6368
0.312178075,6367
0.312180769,6366
0.312183429,6365
0.312186129,6364
0.312189043,6363
0.312195053,6362
0.312199758,6361
0.31220389,6360
0.312208153,6359
0.31295855,6358
0.313008448,6357
0.313015283,6356
0.313021267,6355
0.313038591,6354
0.313044021,6353
0.313060065,6352
0.31306608,6351
0.313074767,6350
0.313114269,6349
0.313119984,6348
0.313184703,6347
0.313194331,6346
0.313207247,6345
0.313212469,6344
0.313216258,6343
0.313246021,6342
0.313249913,6341
0.313256561,6340
0.313259785,6339
0.313263303,6338
0.313266723,6337
0.313270066,6336
0.313273431,6335
0.31327745,6334
0.313280544,6333
0.313285286,6332
0.313288513,6331
0.313296572,6330
0.313300032,6329
0.313305573,6328
0.3133089,6327
0.313311905,6326
0.313314991,6325
0.313317974,6324
0.313320928,6323
0.31332524,6322
0.313328361,6321
0.313331648,6320
0.313336451,6319
0.313339874,6318
0.313344677,6317
0.313348788,6316
0.313352679,6315
0.313356905,6314
0.313368593,6313
0.313372392,6312
0.313379478,6311
0.313384477,6310
0.313387762,6309
0.313391196,6308
0.313394512,6307
0.313397624,6306
0.313400614,6305
0.313404257,6304
0.313408048,6303
0.313410935,6302
0.313413977,6301
0.313419497,6300
0.313422462,6299
0.313425559,6298
0.313430131,6297
0.313433518,6296
0.313438269,6295
0.313441507,6294
0.313444348,6293
0.313447063,6292
0.313450329,6291
0.313453193,6290
0.313456133,6289
0.313460433,6288
0.313463736,6287
0.313466799,6286
0.313469846,6285
0.313481076,6284
0.313486508,6283
0.31349097,6282
0.313522639,6281
0.313529076,6280
0.313534771,6279
0.313538849,6278
0.313542648,6277
0.313547243,6276
0.313550387,6275
0.31355523,6274
0.313559213,6273
0.313562531,6272
0.313565725,6271
0.313568693,6270
0.31357212,6269
0.313575119,6268
0.31357907,6267
0.313582695,6266
0.31358608,6265
0.313589729,6264
0.313593203,6263
0.313597762,6262
0.313602463,6261
0.313606661,6260
0.313610503,6259
0.313614143,6258
0.313617965,6257
0.313621861,6256
0.313628451,6255
0.31363171,6254
0.31363516,6253
0.313638237,6252
0.313644405,6251
0.313649019,6250
0.313654516,6249
0.313657212,6248
0.313660372,6247
0.313664126,6246
0.313667126,6245
0.313670447,6244
0.31367392,6243
0.313677868,6242
0.31368532,6241
0.313691663,6240
0.313696601,6239
0.313700043,6238
0.313704697,6237
0.313707537,6236
0.3137106,6235
0.313713977,6234
0.313719039,6233
0.313722117,6232
0.313726115,6231
0.313729752,6230
0.313733082,6229
0.313736201,6228
0.313739141,6227
0.313742421,6226
0.313745608,6225
0.3137489,6224
0.313752259,6223
0.313755363,6222
0.313758686,6221
0.313761658,6220
0.313764843,6219
0.313768089,6218
0.313771446,6217
0.313775534,6216
0.313778439,6215
0.313781143,6214
0.313783987,6213
0.313788166,6212
0.313793262,6211
0.313798086,6210
0.313800964,6209
0.31380678,6208
0.313810893,6207
0.313814963,6206
0.313820684,6205
0.313824745,6204
0.313831094,6203
0.313835352,6202
0.313839538,6201
0.313842788,6200
0.313846023,6199
0.313849664,6198
0.313852427,6197
0.313855233,6196
0.313858014,6195
0.313861835,6194
0.313867256,6193
0.313870953,6192
0.313874752,6191
0.313877986,6190
0.313881863,6189
0.313885474,6188
0.31388933,6187
0.313893175,6186
0.313899314,6185
0.313904909,6184
0.314062004,6183
0.314101156,6182
0.314105844,6181
0.314110149,6180
0.314114574,6179
0.314119947,6178
0.314127909,6177
0.314131742,6176
0.314136592,6175
0.314141049,6174
0.314149542,6173
0.314154192,6172
0.314158005,6171
0.314161355,6170
0.314164759,6169
0.314168093,6168
0.314171212,6167
0.31417427,6166
0.314178528,6165
0.314182072,6164
0.314187257,6163
0.314190609,6162
0.314194011,6161
0.314196957,6160
0.314200072,6159
0.314203831,6158
0.314209238,6157
0.314212999,6156
0.314216187,6155
0.314221269,6154
0.314224589,6153
0.314230624,6152
0.31423774,6151
0.314242406,6150
0.314252875,6149
0.314258749,6148
0.314262983,6147
0.314266816,6146
0.314271191,6145
0.314275627,6144
0.314279679,6143
0.314284012,6142
0.314288678,6141
0.314292857,6140
0.314298885,6139
0.314305262,6138
0.314310837,6137
0.314315068,6136
0.31431874,6135
0.314323205,6134
0.314326431,6133
0.314330206,6132
0.314333689,6131
0.314340857,6130
0.314344589,6129
0.314348878,6128
0.314352749,6127
0.314357286,6126
0.314361649,6125
0.314365044,6124
0.314369215,6123
0.314373,6122
0.314376128,6121
0.314379774,6120
0.314385825,6119
0.31439167,6118
0.314395164,6117
0.314399813,6116
0.314403875,6115
0.314407222,6114
0.314410325,6113
0.314413206,6112
0.314415977,6111
0.31441884,6110
0.314421648,6109
0.314424927,6108
0.31442931,6107
0.314433352,6106
0.314436405,6105
0.314441011,6104
0.314446224,6103
0.314449271,6102
0.314453997,6101
0.314457004,6100
0.314462289,6099
0.314465124,6098
0.314469843,6097
0.314484805,6096
0.314489174,6095
0.314496643,6094
0.314499661,6093
0.314506836,6092
0.314514034,6091
0.314517482,6090
0.314520653,6089
0.314523805,6088
0.314526809,6087
0.314530065,6086
0.314535246,6085
0.314538976,6084
0.314541826,6083
0.314545427,6082
0.314932031,6081
0.314936744,6080
0.314940588,6079
0.3149441,6078
0.314948195,6077
0.314951499,6076
0.314955555,6075
0.314960151,6074
0.314964093,6073
0.31496755,6072
0.314971268,6071
0.314975408,6070
0.314978864,6069
0.314981803,6068
0.314985441,6067
0.314989048,6066
0.314992402,6065
0.314995441,6064
0.314999121,6063
0.315002205,6062
0.315005778,6061
0.315009867,6060
0.315013099,6059
0.315017048,6058
0.315020892,6057
0.315025026,6056
0.31503054,6055
0.31504415,6054
0.31504877,6053
0.315053122,6052
0.315059663,6051
0.315064527,6050
0.31506897,6049
0.315073748,6048
0.315078593,6047
0.315083396,6046
0.315095059,6045
0.315099495,6044
0.315112491,6043
0.315117817,6042
0.315122232,6041
0.315126954,6040
0.315131692,6039
0.315135731,6038
0.315139633,6037
0.315143561,6036
0.31514893,6035
0.315153253,6034
0.315159196,6033
0.315163677,6032
0.315169424,6031
0.315176296,6030
0.315191338,6029
0.315195968,6028
0.315201258,6027
0.315216817,6026
0.315221059,6025
0.31522655,6024
0.315230754,6023
0.315235432,6022
0.315239851,6021
0.315245661,6020
0.315259882,6019
0.315264717,6018
0.315269283,6017
0.315273585,6016
0.315278213,6015
0.315285752,6014
0.315290373,6013
0.315294882,6012
0.315299222,6011
0.315313521,6010
0.315318661,6009
0.315323149,6008
0.315326775,6007
0.315330053,6006
0.315333215,6005
0.315342024,6004
0.315354538,6003
0.315359447,6002
0.315364041,6001
0.315367592,6000
0.315374994,5999
0.315380342,5998
0.315387629,5997
0.315392748,5996
0.315396426,5995
0.315400727,5994
0.31540451,5993
0.315430543,5992
0.315434554,5991
0.315438261,5990
0.315441903,5989
0.315445633,5988
0.315449303,5987
0.315453543,5986
0.315458034,5985
0.31546246,5984
0.315468201,5983
0.315471775,5982
0.315497346,5981
0.315500859,5980
0.315504756,5979
0.315508666,5978
0.315512018,5977
0.315519799,5976
0.31552338,5975
0.315526608,5974
0.31553125,5973
0.315534986,5972
0.315538444,5971
0.315546763,5970
0.315552324,5969
0.315557459,5968
0.315562457,5967
0.315569418,5966
0.315574175,5965
0.315579063,5964
0.315587165,5963
0.315591643,5962
0.315595695,5961
0.315600132,5960
0.31560707,5959
0.315611529,5958
0.315615846,5957
0.315620083,5956
0.315623957,5955
0.315629631,5954
0.315635925,5953
0.315642984,5952
0.31564782,5951
0.315653048,5950
0.315657598,5949
0.315665359,5948
0.315671565,5947
0.315708187,5946
0.315715016,5945
0.315719342,5944
0.315726168,5943
0.315731959,5942
0.315736499,5941
0.315745365,5940
0.315749763,5939
0.315786776,5938
0.315791473,5937
0.315796644,5936
0.315802543,5935
0.315811058,5934
0.31581845,5933
0.315823028,5932
0.315827888,5931
0.315832619,5930
0.315839746,5929
0.315845396,5928
0.316495156,5927
0.316510926,5926
0.316538271,5925
0.316542876,5924
0.316547025,5923
0.316552446,5922
0.316558981,5921
0.3165744,5920
0.316582581,5919
0.316587837,5918
0.31659314,5917
0.316596707,5916
0.316600609,5915
0.31661124,5914
0.316619809,5913
0.316625947,5912
0.316631329,5911
0.316635355,5910
0.316640089,5909
0.316646474,5908
0.316649964,5907
0.316653787,5906
0.316658727,5905
0.316662152,5904
0.316665859,5903
0.316669454,5902
0.316675709,5901
0.316679612,5900
0.316682944,5899
0.316686085,5898
0.316689563,5897
0.316694298,5896
0.316698806,5895
0.316703803,5894
0.316707319,5893
0.316711259,5892
0.31671474,5891
0.316718703,5890
0.316722255,5889
0.31672632,5888
0.316730469,5887
0.316734003,5886
0.316737619,5885
0.316741202,5884
0.316744424,5883
0.316747913,5882
0.316752423,5881
0.316756269,5880
0.316759824,5879
0.316763307,5878
0.316767826,5877
0.316773941,5876
0.316778498,5875
0.316783718,5874
0.316789134,5873
0.31680331,5872
0.316808237,5871
0.316813255,5870
0.316817511,5869
0.316821515,5868
0.316826166,5867
0.316829729,5866
0.316832757,5865
0.316837105,5864
0.316842605,5863
0.31684583,5862
0.316850558,5861
0.316857943,5860
0.316861521,5859
0.316865027,5858
0.316868845,5857
0.316872202,5856
0.316876827,5855
0.316880186,5854
0.316885177,5853
0.316889441,5852
0.316894765,5851
0.3168989,5850
0.316903901,5849
0.316921212,5848
0.316924556,5847
0.316928287,5846
0.316932493,5845
0.316936212,5844
0.316939613,5843
0.316943049,5842
0.31694738,5841
0.316951809,5840
0.316955576,5839
0.316959377,5838
0.316964392,5837
0.316967719,5836
0.31697839,5835
0.316982068,5834
0.316988184,5833
0.316992023,5832
0.316997513,5831
0.31700257,5830
0.317006641,5829
0.317012665,5828
0.317017505,5827
0.317022671,5826
0.317027707,5825
0.317035651,5824
0.317069959,5823
0.317074764,5822
0.317082186,5821
0.317088073,5820
0.317091644,5819
0.317095258,5818
0.31709962,5817
0.317105382,5816
0.317109387,5815
0.317115099,5814
0.317120728,5813
0.317124381,5812
0.317128194,5811
0.317131905,5810
0.317136021,5809
0.317145493,5808
0.317149251,5807
0.317153692,5806
0.317159236,5805
0.317163278,5804
0.317166716,5803
0.317668054,5802
0.317672462,5801
0.317719971,5800
0.317734347,5799
0.317739786,5798
0.317744649,5797
0.31775484,5796
0.317761304,5795
0.317765659,5794
0.317775439,5793
0.317780161,5792
0.317791808,5791
0.31779691,5790
0.317800926,5789
0.317805267,5788
0.317811827,5787
0.317816687,5786
0.317821341,5785
0.317826149,5784
0.317830984,5783
0.317844616,5782
0.31784981,5781
0.317856605,5780
0.317861417,5779
0.317868447,5778
0.317872962,5777
0.317882523,5776
0.317891181,5775
0.317895756,5774
0.317900271,5773
0.317905093,5772
0.317911881,5771
0.317916591,5770
0.317921774,5769
0.317927692,5768
0.317932358,5767
0.317937226,5766
0.317952307,5765
0.317957778,5764
0.317962232,5763
0.317966515,5762
0.317973889,5761
0.317979169,5760
0.317983318,5759
0.31799016,5758
0.317994383,5757
0.317998979,5756
0.31800347,5755
0.318008198,5754
0.318013468,5753
0.318053589,5752
0.318058033,5751
0.318065711,5750
0.318098916,5749
0.318103887,5748
0.318108341,5747
0.318118884,5746
0.318126146,5745
0.318130434,5744
0.3181383,5743
0.318143484,5742
0.318148108,5741
0.318152675,5740
0.318157012,5739
0.318163947,5738
0.318168207,5737
0.318172706,5736
0.318179336,5735
0.318185071,5734
0.318189464,5733
0.318193449,5732
0.318198092,5731
0.31820219,5730
0.318206506,5729
0.318215651,5728
0.318225336,5727
0.31822989,5726
0.318234365,5725
0.318251352,5724
0.318259216,5723
0.318267529,5722
0.318272979,5721
0.318308362,5720
0.318313671,5719
0.318318347,5718
0.318330403,5717
0.318343075,5716
0.318348927,5715
0.3183538,5714
0.318357941,5713
0.318362719,5712
0.318367513,5711
0.318373532,5710
0.31837941,5709
0.318389315,5708
0.31839428,5707
0.318399673,5706
0.318406312,5705
0.318410761,5704
0.318415236,5703
0.318419472,5702
0.318424296,5701
0.318430591,5700
0.318436975,5699
0.318443072,5698
0.318447669,5697
0.318454714,5696
0.318462805,5695
0.318470187,5694
0.318505221,5693
0.318512028,5692
0.318522646,5691
0.318527681,5690
0.318533015,5689
0.318539177,5688
0.318544154,5687
0.318548935,5686
0.318556759,5685
0.318563467,5684
0.318572122,5683
0.318582384,5682
0.318587255,5681
0.318594556,5680
0.318599996,5679
0.31860725,5678
0.31862321,5677
0.318668531,5676
0.318715116,5675
0.318751353,5674
0.318757535,5673
0.318799734,5672
0.318835672,5671
0.318840159,5670
0.318844487,5669
0.318848459,5668
0.318853586,5667
0.318859979,5666
0.3188659,5665
0.318869945,5664
0.318873285,5663
0.318877979,5662
0.31888256,5661
0.318886501,5660
0.318897562,5659
0.31890862,5658
0.318922432,5657
0.318928169,5656
0.318938164,5655
0.318947318,5654
0.318954326,5653
0.318957909,5652
0.31896992,5651
0.318974633,5650
0.318978201,5649
0.318981591,5648
0.318988024,5647
0.318993367,5646
0.318997165,5645
0.319002182,5644
0.319005698,5643
0.319014982,5642
0.319020533,5641
0.319025413,5640
0.319034545,5639
0.319038042,5638
0.319042626,5637
0.319046365,5636
0.319050336,5635
0.319055003,5634
0.31906191,5633
0.319067181,5632
0.319072799,5631
0.319076184,5630
0.319082649,5629
0.319086373,5628
0.319093321,5627
0.319101366,5626
0.319105089,5625
0.319109327,5624
0.319113293,5623
0.319119545,5622
0.319125453,5621
0.319132569,5620
0.319139791,5619
0.319267043,5618
0.319328398,5617
0.319333646,5616
0.319353897,5615
0.319421169,5614
0.319468935,5613
0.319476597,5612
0.319484587,5611
0.319495109,5610
0.319500003,5609
0.319505557,5608
0.319511708,5607
0.319517248,5606
0.319522089,5605
0.319530674,5604
0.319534074,5603
0.319537455,5602
0.319543657,5601
0.319547738,5600
0.319551415,5599
0.319554766,5598
0.319558499,5597
0.319563679,5596
0.31956877,5595
0.319573957,5594
0.319578227,5593
0.319582012,5592
0.319587875,5591
0.319595804,5590
0.319603302,5589
0.319611069,5588
0.319615716,5587
0.319619118,5586
0.319622906,5585
0.319633615,5584
0.319638593,5583
0.319642471,5582
0.319657097,5581
0.319662806,5580
0.319669409,5579
0.319672687,5578
0.319711412,5577
0.319717249,5576
0.319724791,5575
0.319729175,5574
0.319735489,5573
0.319740144,5572
0.319744563,5571
0.319751784,5570
0.319756915,5569
0.319763434,5568
0.319769549,5567
0.31977635,5566
0.319781226,5565
0.319788604,5564
0.319794505,5563
0.320335804,5562
0.320341819,5561
0.320349345,5560
0.320354937,5559
0.320403004,5558
0.3204083,5557
0.320423987,5556
0.320449771,5555
0.320454363,5554
0.320459126,5553
0.320472804,5552
0.320484562,5551
0.320496291,5550
0.320501413,5549
0.320519841,5548
0.32053904,5547
0.320590752,5546
0.320604093,5545
0.320658757,5544
0.320668497,5543
0.320682854,5542
0.320699106,5541
0.320752699,5540
0.320771484,5539
0.320831803,5538
0.320837457,5537
0.320845073,5536
0.320849917,5535
0.320881004,5534
0.320886451,5533
0.320891402,5532
0.320897211,5531
0.320915811,5530
0.320919634,5529
0.320927786,5528
0.32093239,5527
0.320935662,5526
0.320939601,5525
0.320942788,5524
0.320953023,5523
0.320956388,5522
0.320961439,5521
0.320964345,5520
0.320967472,5519
0.320970898,5518
0.320974611,5517
0.32098024,5516
0.320984227,5515
0.320989128,5514
0.320992757,5513
0.320996324,5512
0.320999799,5511
0.321011591,5510
0.321017919,5509
0.321022404,5508
0.321025401,5507
0.321031441,5506
0.321035979,5505
0.32104383,5504
0.32104985,5503
0.321054148,5502
0.321063009,5501
0.321085536,5500
0.321092284,5499
0.321098657,5498
0.321103438,5497
0.321111676,5496
0.321115122,5495
0.321118503,5494
0.321123411,5493
0.321145953,5492
0.321150119,5491
0.321153376,5490
0.321157616,5489
0.321161305,5488
0.321164856,5487
0.321237153,5486
0.321240423,5485
0.321252135,5484
0.321255716,5483
0.321258786,5482
0.321263214,5481
0.321269914,5480
0.321276724,5479
0.321297464,5478
0.321308053,5477
0.321312148,5476
0.321317389,5475
0.321326206,5474
0.321332641,5473
0.321336712,5472
0.321341687,5471
0.321348318,5470
0.32135505,5469
0.321360883,5468
0.321412746,5467
0.321422246,5466
0.321430664,5465
0.321452431,5464
0.321466401,5463
0.321473355,5462
0.32147851,5461
0.321483842,5460
0.321488532,5459
0.321499576,5458
0.321515717,5457
0.321561508,5456
0.321595036,5455
0.321599771,5454
0.321638401,5453
0.323959506,5452
0.32397975,5451
0.323990694,5450
0.324026163,5449
0.324033166,5448
0.324060642,5447
0.324066431,5446
0.324071817,5445
0.324079224,5444
0.324087582,5443
0.324096922,5442
0.324108411,5441
0.324113026,5440
0.324119736,5439
0.324168544,5438
0.324174924,5437
0.324207726,5436
0.324233596,5435
0.324260582,5434
0.324264592,5433
0.324268247,5432
0.324271654,5431
0.324280076,5430
0.32428553,5429
0.324292751,5428
0.324299813,5427
0.324303634,5426
0.324308397,5425
0.324353816,5424
0.324359338,5423
0.324367531,5422
0.324374035,5421
0.324379487,5420
0.324384184,5419
0.324422207,5418
0.32442647,5417
0.324434293,5416
0.324442131,5415
0.32444707,5414
0.324453088,5413
0.324460874,5412
0.324467435,5411
0.324501308,5410
0.324506115,5409
0.324511225,5408
0.324516075,5407
0.324525208,5406
0.324558551,5405
0.324563204,5404
0.324568876,5403
0.324577068,5402
0.324588824,5401
0.324592487,5400
0.324595612,5399
0.324600248,5398
0.324605021,5397
0.324608382,5396
0.324611541,5395
0.324619577,5394
0.324627567,5393
0.324630522,5392
0.324635447,5391
0.324641479,5390
0.324646344,5389
0.324660498,5388
0.324670768,5387
0.324674312,5386
0.324678949,5385
0.324682549,5384
0.324686585,5383
0.324692201,5382
0.324697198,5381
0.324703412,5380
0.32470869,5379
0.324714827,5378
0.324723625,5377
0.324731077,5376
0.324737189,5375
0.324740784,5374
0.325058634,5373
0.325063311,5372
0.325067001,5371
0.325071477,5370
0.325077309,5369
0.325084182,5368
0.325088499,5367
0.325096956,5366
0.325101109,5365
0.325110092,5364
0.325131744,5363
0.325137637,5362
0.325141549,5361
0.325147881,5360
0.32515463,5359
0.325160517,5358
0.325167294,5357
0.325170625,5356
0.325176959,5355
0.325185047,5354
0.325190457,5353
0.325195559,5352
0.325204605,5351
0.325212777,5350
0.325219791,5349
0.32523548,5348
0.325242712,5347
0.325247736,5346
0.325264153,5345
0.325268183,5344
0.32527143,5343
0.325282544,5342
0.325292791,5341
0.325298168,5340
0.325307201,5339
0.325311052,5338
0.325320811,5337
0.325325935,5336
0.325330748,5335
0.325346924,5334
0.325362599,5333
0.325367253,5332
0.325371422,5331
0.32537651,5330
0.325381558,5329
0.325396374,5328
0.325402804,5327
0.325407111,5326
0.325412145,5325
0.325416884,5324
0.325420535,5323
0.325425182,5322
0.325429743,5321
0.325442128,5320
0.325457398,5319
0.325471278,5318
0.3254769,5317
0.325492335,5316
0.325497662,5315
0.325515282,5314
0.325525843,5313
0.325531337,5312
0.325545855,5311
0.325555833,5310
0.325567027,5309
0.325582098,5308
0.325600081,5307
0.325608599,5306
0.325614169,5305
0.325642311,5304
0.325646173,5303
0.325657473,5302
0.325667375,5301
0.325678555,5300
0.325684446,5299
0.325689357,5298
0.325692717,5297
0.325729738,5296
0.325733453,5295
0.32577023,5294
0.325778698,5293
0.325785699,5292
0.325790988,5291
0.325797312,5290
0.325804443,5289
0.325820492,5288
0.325824161,5287
0.325828798,5286
0.325833012,5285
0.325849314,5284
0.325854174,5283
0.32585884,5282
0.325862317,5281
0.32586554,5280
0.325872732,5279
0.325881194,5278
0.325886297,5277
0.325889589,5276
0.325898451,5275
0.325906193,5274
0.325910341,5273
0.325915475,5272
0.325918725,5271
0.325923172,5270
0.325934114,5269
0.32593922,5268
0.325948199,5267
0.325952085,5266
0.325959893,5265
0.325964939,5264
0.325970439,5263
0.325974649,5262
0.325981977,5261
0.325985758,5260
0.325989146,5259
0.325997718,5258
0.326000917,5257
0.326007707,5256
0.32601542,5255
0.32602038,5254
0.32605795,5253
0.326062404,5252
0.326066243,5251
0.326075247,5250
0.326085334,5249
0.326089244,5248
0.326115238,5247
0.326118631,5246
0.326123914,5245
0.326128722,5244
0.326134737,5243
0.326141879,5242
0.326145834,5241
0.326149662,5240
0.326158509,5239
0.326162744,5238
0.326169658,5237
0.32617596,5236
0.326179789,5235
0.326188432,5234
0.326223076,5233
0.326226971,5232
0.326603022,5231
0.326629769,5230
0.326633384,5229
0.32665937,5228
0.326663355,5227
0.326672264,5226
0.326699776,5225
0.326705262,5224
0.3267123,5223
0.326719765,5222
0.326727526,5221
0.326736982,5220
0.326745625,5219
0.326774109,5218
0.326777565,5217
0.326783965,5216
0.326792418,5215
0.326796635,5214
0.326859374,5213
0.326866646,5212
0.326870455,5211
0.326875152,5210
0.326883422,5209
0.326887382,5208
0.326893382,5207
0.326898784,5206
0.326901879,5205
0.326905603,5204
0.326912738,5203
0.326916082,5202
0.326921911,5201
0.326930038,5200
0.326934619,5199
0.32694106,5198
0.326948903,5197
0.326958188,5196
0.326962455,5195
0.326965626,5194
0.326976087,5193
0.326979571,5192
0.32698802,5191
0.326991932,5190
0.326995632,5189
0.327001536,5188
0.327024809,5187
0.327036869,5186
0.327041612,5185
0.327046458,5184
0.327063806,5183
0.327080176,5182
0.327088414,5181
0.32711917,5180
0.327125384,5179
0.327166712,5178
0.327211408,5177
0.327216809,5176
0.327224108,5175
0.327231473,5174
0.327238617,5173
0.327248618,5172
0.327253248,5171
0.327258935,5170
0.32730707,5169
0.327312583,5168
0.327319625,5167
0.327335667,5166
0.327342842,5165
0.327378928,5164
0.327392258,5163
0.327432761,5162
0.327453224,5161
0.327487753,5160
0.327521239,5159
0.327529639,5158
0.327537677,5157
0.327543847,5156
0.327551623,5155
0.327556312,5154
0.327562115,5153
0.327568805,5152
0.32758739,5151
0.327593259,5150
0.32760174,5149
0.32760614,5148
0.327645688,5147
0.327650148,5146
0.327656843,5145
0.327662556,5144
0.32767074,5143
0.327684874,5142
0.327689772,5141
0.327696459,5140
0.327700554,5139
0.327705062,5138
0.327739336,5137
0.327743444,5136
0.327779418,5135
0.327790486,5134
0.327795524,5133
0.327804501,5132
0.327818558,5131
0.327824053,5130
0.327846399,5129
0.327891963,5128
0.327896533,5127
0.327936359,5126
0.327940892,5125
0.327945479,5124
0.327952874,5123
0.327962269,5122
0.328038349,5121
0.328043029,5120
0.328059062,5119
0.328066074,5118
0.328074227,5117
0.328084626,5116
0.328102969,5115
0.328107491,5114
0.328122368,5113
0.328128474,5112
0.328136254,5111
0.328141952,5110
0.328155376,5109
0.32816157,5108
0.328170065,5107
0.328821033,5106
0.328838479,5105
0.328848211,5104
0.328866189,5103
0.328872362,5102
0.328884787,5101
0.328902605,5100
0.328924462,5099
0.328952662,5098
0.32897042,5097
0.328989541,5096
0.328998078,5095
0.329009741,5094
0.329031245,5093
0.329053422,5092
0.329067003,5091
0.329073981,5090
0.3290802,5089
0.329095529,5088
0.329112474,5087
0.329124896,5086
0.329138291,5085
0.329179255,5084
0.329187101,5083
0.329215541,5082
0.329220588,5081
0.329227058,5080
0.329231996,5079
0.329270449,5078
0.329280727,5077
0.329320995,5076
0.329334331,5075
0.329342438,5074
0.329351669,5073
0.329366589,5072
0.329376222,5071
0.329509133,5070
0.329515099,5069
0.329523777,5068
0.329528568,5067
0.329540346,5066
0.329544268,5065
0.32955343,5064
0.329560384,5063
0.329564708,5062
0.329569417,5061
0.329573494,5060
0.329590345,5059
0.329606373,5058
0.329617357,5057
0.329623853,5056
0.329628128,5055
0.329636729,5054
0.329642299,5053
0.329648805,5052
0.3296571,5051
0.329679013,5050
0.32968919,5049
0.329694162,5048
0.329927368,5047
0.329944266,5046
0.329967145,5045
0.329972671,5044
0.329979346,5043
0.329994295,5042
0.329999572,5041
0.330007518,5040
0.330012016,5039
0.330019159,5038
0.330026375,5037
0.330030945,5036
0.330045212,5035
0.330053423,5034
0.330070778,5033
0.330107449,5032
0.330123804,5031
0.330129657,5030
0.330137377,5029
0.330142336,5028
0.330146555,5027
0.330153833,5026
0.330173324,5025
0.330177811,5024
0.330182248,5023
0.330193864,5022
0.330210985,5021
0.330219378,5020
0.330227324,5019
0.330238477,5018
0.330243651,5017
0.330275312,5016
0.330278502,5015
0.33028811,5014
0.330292315,5013
0.330298714,5012
0.330313832,5011
0.330321764,5010
0.330330337,5009
0.330338737,5008
0.330361631,5007
0.330368376,5006
0.330384714,5005
0.330388871,5004
0.330394454,5003
0.330398513,5002
0.330406593,5001
0.330450906,5000
0.330468301,4999
0.330472721,4998
0.330476321,4997
0.33048106,4996
0.330484917,4995
0.330492353,4994
0.330516065,4993
0.330519621,4992
0.330527582,4991
0.330553728,4990
0.330557839,4989
0.330586011,4988
0.330941427,4987
0.331110619,4986
0.331124679,4985
0.33113849,4984
0.331147338,4983
0.331176573,4982
0.33118604,4981
0.331191243,4980
0.331205956,4979
0.331211155,4978
0.331230376,4977
0.331241539,4976
0.33124614,4975
0.331253158,4974
0.331271317,4973
0.33127952,4972
0.331293141,4971
0.331305634,4970
0.331339303,4969
0.331354033,4968
0.331359177,4967
0.331405028,4966
0.331441075,4965
0.331489625,4964
0.331547966,4963
0.331560344,4962
0.331614871,4961
0.331697815,4960
0.331712697,4959
0.331760161,4958
0.331808963,4957
0.331838321,4956
0.331847217,4955
0.33190665,4954
0.331926752,4953
0.331937565,4952
0.33194552,4951
0.331952543,4950
0.331956038,4949
0.331992254,4948
0.332005111,4947
0.332015427,4946
0.332019622,4945
0.332025948,4944
0.332031548,4943
0.33203717,4942
0.332044143,4941
0.332066214,4940
0.332072356,4939
0.332081693,4938
0.332089118,4937
0.332135384,4936
0.332139392,4935
0.33220214,4934
0.33224111,4933
0.332249746,4932
0.332298472,4931
0.332305059,4930
0.332358686,4929
0.332414786,4928
0.332420375,4927
0.332433056,4926
0.332441988,4925
0.332502382,4924
0.332549898,4923
0.332564167,4922
0.332568422,4921
0.33257529,4920
0.332581206,4919
0.332591494,4918
0.333173761,4917
0.333692539,4916
0.333698287,4915
0.333706303,4914
0.333713237,4913
0.333720661,4912
0.333742113,4911
0.333750126,4910
0.333768209,4909
0.333775734,4908
0.33378309,4907
0.333799661,4906
0.333812954,4905
0.333831705,4904
0.333835565,4903
0.333846484,4902
0.333878779,4901
0.333900737,4900
0.333911871,4899
0.333968712,4898
0.333974989,4897
0.33398144,4896
0.333992628,4895
0.334023267,4894
0.334055957,4893
0.334064894,4892
0.334080653,4891
0.334087162,4890
0.33409182,4889
0.334113768,4888
0.334150227,4887
0.334164491,4886
0.334177027,4885
0.334184255,4884
0.334192232,4883
0.334199444,4882
0.334209953,4881
0.334215302,4880
0.334225997,4879
0.3342424,4878
0.334277235,4877
0.334317058,4876
0.334375433,4875
0.334388775,4874
0.334394928,4873
0.334405289,4872
0.334428972,4871
0.334441765,4870
0.334483781,4869
0.334512848,4868
0.334520663,4867
0.335032388,4866
0.335058815,4865
0.335078815,4864
0.335093894,4863
0.335100614,4862
0.335110809,4861
0.335118958,4860
0.335128138,4859
0.335136284,4858
0.335152757,4857
0.335164834,4856
0.335171244,4855
0.335196432,4854
0.33520921,4853
0.335218329,4852
0.335238319,4851
0.335244184,4850
0.335259151,4849
0.335272142,4848
0.335289215,4847
0.335329012,4846
0.335341849,4845
0.335356174,4844
0.335376868,4843
0.33539346,4842
0.335399159,4841
0.335429836,4840
0.335447296,4839
0.335473854,4838
0.335485913,4837
0.335502175,4836
0.335523104,4835
0.335533531,4834
0.335542388,4833
0.335553569,4832
0.335558934,4831
0.335577174,4830
0.335589954,4829
0.335598151,4828
0.335608599,4827
0.335618643,4826
0.335639338,4825
0.335656827,4824
0.335662908,4823
0.335695546,4822
0.336076538,4821
0.336081841,4820
0.336093164,4819
0.336107383,4818
0.336119193,4817
0.336144511,4816
0.336162305,4815
0.336170956,4814
0.336183199,4813
0.336204938,4812
0.336225469,4811
0.336229643,4810
0.336234193,4809
0.336242868,4808
0.336253397,4807
0.33625838,4806
0.336265129,4805
0.336302506,4804
0.336323669,4803
0.336355209,4802
0.336370616,4801
0.336376014,4800
0.336407213,4799
0.336430708,4798
0.336774849,4797
0.336843358,4796
0.336849116,4795
0.336866065,4794
0.336887528,4793
0.336895762,4792
0.336921082,4791
0.336959868,4790
0.336971535,4789
0.336982678,4788
0.336999958,4787
0.337014934,4786
0.337049125,4785
0.337055915,4784
0.337069551,4783
0.337087989,4782
0.337097465,4781
0.337100945,4780
0.337107965,4779
0.337294348,4778
0.337314702,4777
0.337350479,4776
0.337373298,4775
0.3374112,4774
0.337425766,4773
0.337436944,4772
0.337450905,4771
0.337466636,4770
0.337517265,4769
0.337565839,4768
0.337570187,4767
0.337788793,4766
0.337801101,4765
0.33781089,4764
0.337818199,4763
0.337880327,4762
0.338043855,4761
0.338055739,4760
0.338214707,4759
0.33822286,4758
0.338665293,4757
0.3386892,4756
0.338865962,4755
0.338908467,4754
0.339199841,4753
