0.373019339,10181
0.373124666,10180
0.373192689,10179
0.373251068,10178
0.373337288,10177
0.373370028,10176
0.373398777,10175
0.373427024,10174
0.373439698,10173
0.37346491,10172
0.373512841,10171
0.373519601,10170
0.373528092,10169
0.373537367,10168
0.3735447,10167
0.373552444,10166
0.37355954,10165
0.373566495,10164
0.373576985,10163
0.373583862,10162
0.373594028,10161
0.373645007,10160
0.373657057,10159
0.373699762,10158
0.373723196,10157
0.37373013,10156
0.373737489,10155
0.373750512,10154
0.373762731,10153
0.373772282,10152
0.373783142,10151
0.373795397,10150
0.374092875,10149
0.374132362,10148
0.374190453,10147
0.374231685,10146
0.374274433,10145
0.374286805,10144
0.374333486,10143
0.3743411,10142
0.374347439,10141
0.374353498,10140
0.374359698,10139
0.374369178,10138
0.374377638,10137
0.374386706,10136
0.374395937,10135
0.37440317,10134
0.374418616,10133
0.3744237,10132
0.374428904,10131
0.374445209,10130
0.374451364,10129
0.374459131,10128
0.37446405,10127
0.374504355,10126
0.37450836,10125
0.374513394,10124
0.374519069,10123
0.374525497,10122
0.37453278,10121
0.37454028,10120
0.374546913,10119
0.374560416,10118
0.374569128,10117
0.374576844,10116
0.374582561,10115
0.374587823,10114
0.37473971,10113
0.374748368,10112
0.37475458,10111
0.37476009,10110
0.37477739,10109
0.374783571,10108
0.374789673,10107
0.374797109,10106
0.374820401,10105
0.374826324,10104
0.374866706,10103
0.374916092,10102
0.37495954,10101
0.374988048,10100
0.375001388,10099
0.375006865,10098
0.375011984,10097
0.375018797,10096
0.375025026,10095
0.375031618,10094
0.375036711,10093
0.375073144,10092
0.375098625,10091
0.375163644,10090
0.37517168,10089
0.375176328,10088
0.375188491,10087
0.37519357,10086
0.375198565,10085
0.375205552,10084
0.375234523,10083
0.375242622,10082
0.375248253,10081
0.37525361,10080
0.375259256,10079
0.37526454,10078
0.375269629,10077
0.375274183,10076
0.375278197,10075
0.375282278,10074
0.375286806,10073
0.375290458,10072
0.375294006,10071
0.375297396,10070
0.375304219,10069
0.375308958,10068
0.375313858,10067
0.375318698,10066
0.375323889,10065
0.375329893,10064
0.375335069,10063
0.375340441,10062
0.375345553,10061
0.375350793,10060
0.375358239,10059
0.375363089,10058
0.375373345,10057
0.375379486,10056
0.375386133,10055
0.375411118,10054
0.375419136,10053
0.375426519,10052
0.37543252,10051
0.375448945,10050
0.375459863,10049
0.375472703,10048
0.375485975,10047
0.375490643,10046
0.375495258,10045
0.375500035,10044
0.375504585,10043
0.375508625,10042
0.375511987,10041
0.375515137,10040
0.375520408,10039
0.375524998,10038
0.375528785,10037
0.375532336,10036
0.375535588,10035
0.375538929,10034
0.37554241,10033
0.375546427,10032
0.375551587,10031
0.375556534,10030
0.375560272,10029
0.375565107,10028
0.375568999,10027
0.375572365,10026
0.375575473,10025
0.375579239,10024
0.375582282,10023
0.375585513,10022
0.375588817,10021
0.375592347,10020
0.375598623,10019
0.375602448,10018
0.375605808,10017
0.375608792,10016
0.375612073,10015
0.375615381,10014
0.37561868,10013
0.375621836,10012
0.375625176,10011
0.375628657,10010
0.37563227,10009
0.375635954,10008
0.375639389,10007
0.37564289,10006
0.375646502,10005
0.375652552,10004
0.375657265,10003
0.375662397,10002
0.375668079,10001
0.375672414,10000
0.375676461,9999
0.375680267,9998
0.375684412,9997
0.37568847,9996
0.375692053,9995
0.375696223,9994
0.375700128,9993
0.375703824,9992
0.37570758,9991
0.375711113,9990
0.375725872,9989
0.378171115,9988
0.378183505,9987
0.378188427,9986
0.37819191,9985
0.378195259,9984
0.378198744,9983
0.378201935,9982
0.378205289,9981
0.378208507,9980
0.378211785,9979
0.378215014,9978
0.378218132,9977
0.378221293,9976
0.378224471,9975
0.378228111,9974
0.378231584,9973
0.378235137,9972
0.378238543,9971
0.378242104,9970
0.378245498,9969
0.378249138,9968
0.378253894,9967
0.378257878,9966
0.378261676,9965
0.378265261,9964
0.378268833,9963
0.378272893,9962
0.378277129,9961
0.378280757,9960
0.378284568,9959
0.378289407,9958
0.378294067,9957
0.378300103,9956
0.378306996,9955
0.378343146,9954
0.378347264,9953
0.378351182,9952
0.378355207,9951
0.378367864,9950
0.378371355,9949
0.378374841,9948
0.378378099,9947
0.37838142,9946
0.378384879,9945
0.378388103,9944
0.378395084,9943
0.378400249,9942
0.378406988,9941
0.37841154,9940
0.378417286,9939
0.378429718,9938
0.378437112,9937
0.378441649,9936
0.378447033,9935
0.378450789,9934
0.378454531,9933
0.378458147,9932
0.3784617,9931
0.378465695,9930
0.378469589,9929
0.378473548,9928
0.378477478,9927
0.378483063,9926
0.378486828,9925
0.378490565,9924
0.378493945,9923
0.378497457,9922
0.378500513,9921
0.378504343,9920
0.378507639,9919
0.378511008,9918
0.378514184,9917
0.378517335,9916
0.378520532,9915
0.378523987,9914
0.378527558,9913
0.37853053,9912
0.378533849,9911
0.378536936,9910
0.378540107,9909
0.378543555,9908
0.378546618,9907
0.378549723,9906
0.378553274,9905
0.378556564,9904
0.378560084,9903
0.378564283,9902
0.378567642,9901
0.378571098,9900
0.378574516,9899
0.378580626,9898
0.37858391,9897
0.378588518,9896
0.378593819,9895
0.378598447,9894
0.378603702,9893
0.378614295,9892
0.37861827,9891
0.3786222,9890
0.378625529,9889
0.378628927,9888
0.378632325,9887
0.378635577,9886
0.378639067,9885
0.378642499,9884
0.378645687,9883
0.378648851,9882
0.378653351,9881
0.378658207,9880
0.378663094,9879
0.378667383,9878
0.37867228,9877
0.37867687,9876
0.378681087,9875
0.378685355,9874
0.378736558,9873
0.379381348,9872
0.379952335,9871
0.379964778,9870
0.379977734,9869
0.379983133,9868
0.379987373,9867
0.379991087,9866
0.379995613,9865
0.380003587,9864
0.380008779,9863
0.380013858,9862
0.380030366,9861
0.380040154,9860
0.380299692,9859
0.380312326,9858
0.380318337,9857
0.380323654,9856
0.380329488,9855
0.380334103,9854
0.380339094,9853
0.380344638,9852
0.380349108,9851
0.380353812,9850
0.380358777,9849
0.380371668,9848
0.38037595,9847
0.380379822,9846
0.380384269,9845
0.380388989,9844
0.380393355,9843
0.380398227,9842
0.380402827,9841
0.380407095,9840
0.380419034,9839
0.380424575,9838
0.38042925,9837
0.380433563,9836
0.38043893,9835
0.380443905,9834
0.380448759,9833
0.380453525,9832
0.380458077,9831
0.380462375,9830
0.380466683,9829
0.380470855,9828
0.380475178,9827
0.380479488,9826
0.380483886,9825
0.380487896,9824
0.380493376,9823
0.380499701,9822
0.380511282,9821
0.380516664,9820
0.38052185,9819
0.380526785,9818
0.380531666,9817
0.380541573,9816
0.380579521,9815
0.380586348,9814
0.380615114,9813
0.38062157,9812
0.380627031,9811
0.380651633,9810
0.380654837,9809
0.380657603,9808
0.380660222,9807
0.380664037,9806
0.380668151,9805
0.380671777,9804
0.380680205,9803
0.380691735,9802
0.380696109,9801
0.380699805,9800
0.380703292,9799
0.380708946,9798
0.380711961,9797
0.380715247,9796
0.380718072,9795
0.380721212,9794
0.38072457,9793
0.380727779,9792
0.380731332,9791
0.380738377,9790
0.380745199,9789
0.380753563,9788
0.380758714,9787
0.380763138,9786
0.380767132,9785
0.380770996,9784
0.380774879,9783
0.380790107,9782
0.380793027,9781
0.380796161,9780
0.380799041,9779
0.380802018,9778
0.380804692,9777
0.380807469,9776
0.380810586,9775
0.38081338,9774
0.380816224,9773
0.380819139,9772
0.380822102,9771
0.38082493,9770
0.38082772,9769
0.380830497,9768
0.380833345,9767
0.38083625,9766
0.380839082,9765
0.380841961,9764
0.380845065,9763
0.380849097,9762
0.380852436,9761
0.380855423,9760
0.380858346,9759
0.380861531,9758
0.380864612,9757
0.380867462,9756
0.380870628,9755
0.380873606,9754
0.380876723,9753
0.380880027,9752
0.380882982,9751
0.380885983,9750
0.380889039,9749
0.380892136,9748
0.38089511,9747
0.380898014,9746
0.380900758,9745
0.380944808,9744
0.380949117,9743
0.380985922,9742
0.380989906,9741
0.380994136,9740
0.380998506,9739
0.381002771,9738
0.381006856,9737
0.381010768,9736
0.381014791,9735
0.38101892,9734
0.381023266,9733
0.381034802,9732
0.38104043,9731
0.381044379,9730
0.381048286,9729
0.381051919,9728
0.38105558,9727
0.381059537,9726
0.381063313,9725
0.381067875,9724
0.381072439,9723
0.381076556,9722
0.381080765,9721
0.381084776,9720
0.381089096,9719
0.381093103,9718
0.381097513,9717
0.381101601,9716
0.381105375,9715
0.381108919,9714
0.381112467,9713
0.381116601,9712
0.381120871,9711
0.381126377,9710
0.381132195,9709
0.3811379,9708
0.381157786,9707
0.381171482,9706
0.381187551,9705
0.381191056,9704
0.381195063,9703
0.381198495,9702
0.381201536,9701
0.38120439,9700
0.381207236,9699
0.381221215,9698
0.38122442,9697
0.381227932,9696
0.381231228,9695
0.381234344,9694
0.381237134,9693
0.381240096,9692
0.381243636,9691
0.381247137,9690
0.381250138,9689
0.381254303,9688
0.38125771,9687
0.381261402,9686
0.381265589,9685
0.381268778,9684
0.381271905,9683
0.381276261,9682
0.381279842,9681
0.381284559,9680
0.381288714,9679
0.381293267,9678
0.381296579,9677
0.381300006,9676
0.381303402,9675
0.381306326,9674
0.381309136,9673
0.381311884,9672
0.381315097,9671
0.381340182,9670
0.381376649,9669
0.381379777,9668
0.381382411,9667
0.381384854,9666
0.381387578,9665
0.381393439,9664
0.381397516,9663
0.381401867,9662
0.381404613,9661
0.38140714,9660
0.381410148,9659
0.381412663,9658
0.381437736,9657
0.381440283,9656
0.381442392,9655
0.381444285,9654
0.381446736,9653
0.381449233,9652
0.381451697,9651
0.38145407,9650
0.381456838,9649
0.381458967,9648
0.381461203,9647
0.381463481,9646
0.381465656,9645
0.381467694,9644
0.381470441,9643
0.381473035,9642
0.381475217,9641
0.381477379,9640
0.381480017,9639
0.381482271,9638
0.381484645,9637
0.381486717,9636
0.38148882,9635
0.381492309,9634
0.381494863,9633
0.381497273,9632
0.381499556,9631
0.381501914,9630
0.381505043,9629
0.381507494,9628
0.381509661,9627
0.38151174,9626
0.381514071,9625
0.381517172,9624
0.381520552,9623
0.38152346,9622
0.381527143,9621
0.381530043,9620
0.381532532,9619
0.381534962,9618
0.381539397,9617
0.381542997,9616
0.381546421,9615
0.381549618,9614
0.381552612,9613
0.38155524,9612
0.381557927,9611
0.381560243,9610
0.381562894,9609
0.381564824,9608
0.381567313,9607
0.381570292,9606
0.381572671,9605
0.381575722,9604
0.381600807,9603
0.381603942,9602
0.381606807,9601
0.381609355,9600
0.38161156,9599
0.381614028,9598
0.381635734,9597
0.381647414,9596
0.381650602,9595
0.381653096,9594
0.381656136,9593
0.381659272,9592
0.38166162,9591
0.381663916,9590
0.381666944,9589
0.381669321,9588
0.381671683,9587
0.381674703,9586
0.381677622,9585
0.381680054,9584
0.381684312,9583
0.381687129,9582
0.381689635,9581
0.381693021,9580
0.381697085,9579
0.381704233,9578
0.381707993,9577
0.381711584,9576
0.381714256,9575
0.381716403,9574
0.381718877,9573
0.381721395,9572
0.381723714,9571
0.381726182,9570
0.381728426,9569
0.381730801,9568
0.381733152,9567
0.3817351,9566
0.381737213,9565
0.381739354,9564
0.381741538,9563
0.381743502,9562
0.381745895,9561
0.381748058,9560
0.381750192,9559
0.381752409,9558
0.381754442,9557
0.381756833,9556
0.381758882,9555
0.381789221,9554
0.381791995,9553
0.381795079,9552
0.381798032,9551
0.381801151,9550
0.381824532,9549
0.381827758,9548
0.381831232,9547
0.381834418,9546
0.381838002,9545
0.382041297,9544
0.382044771,9543
0.382048805,9542
0.382052905,9541
0.38205605,9540
0.382058864,9539
0.382061037,9538
0.382063284,9537
0.382065392,9536
0.382067531,9535
0.382070891,9534
0.382073638,9533
0.382076273,9532
0.382078923,9531
0.382081892,9530
0.382084345,9529
0.382086574,9528
0.38209293,9527
0.382094975,9526
0.382097267,9525
0.382099459,9524
0.382101628,9523
0.382104032,9522
0.382106312,9521
0.382108632,9520
0.382115106,9519
0.382117992,9518
0.382120441,9517
0.382122608,9516
0.382125444,9515
0.382127659,9514
0.382129911,9513
0.382132105,9512
0.382135887,9511
0.382138629,9510
0.382141973,9509
0.382145312,9508
0.38214868,9507
0.382151769,9506
0.382154971,9505
0.382157909,9504
0.382160846,9503
0.382164003,9502
0.382166965,9501
0.382197856,9500
0.382203218,9499
0.382206231,9498
0.382245367,9497
0.382248182,9496
0.382252138,9495
0.382255903,9494
0.382259672,9493
0.38226275,9492
0.382265561,9491
0.382268402,9490
0.382271723,9489
0.38227441,9488
0.382276915,9487
0.382279319,9486
0.382281541,9485
0.38228407,9484
0.382286382,9483
0.382288437,9482
0.382290642,9481
0.382293499,9480
0.382295876,9479
0.382298154,9478
0.38230046,9477
0.38230267,9476
0.382304973,9475
0.382307158,9474
0.3823096,9473
0.382312629,9472
0.382315145,9471
0.382318377,9470
0.382321926,9469
0.382324388,9468
0.382326636,9467
0.382328656,9466
0.382330729,9465
0.382332986,9464
0.382335009,9463
0.38233749,9462
0.382339883,9461
0.38234193,9460
0.38234541,9459
0.382348001,9458
0.38235038,9457
0.382352754,9456
0.382355148,9455
0.382357561,9454
0.382359888,9453
0.382363937,9452
0.382366372,9451
0.382368852,9450
0.382371048,9449
0.382373285,9448
0.382394787,9447
0.382419697,9446
0.382592623,9445
0.382659451,9444
0.382671435,9443
0.382674777,9442
0.382677248,9441
0.382679522,9440
0.382681764,9439
0.38268383,9438
0.382686417,9437
0.382688525,9436
0.382692279,9435
0.382694787,9434
0.382696929,9433
0.382699414,9432
0.382701582,9431
0.382704285,9430
0.38270722,9429
0.382710202,9428
0.382712838,9427
0.382714962,9426
0.382717851,9425
0.3827206,9424
0.382722817,9423
0.382725867,9422
0.382728426,9421
0.382730844,9420
0.382733138,9419
0.382735436,9418
0.382737922,9417
0.382740686,9416
0.382743765,9415
0.382746354,9414
0.382749905,9413
0.382752634,9412
0.382756344,9411
0.382759208,9410
0.382761815,9409
0.382766425,9408
0.382769537,9407
0.382771991,9406
0.38277443,9405
0.382776579,9404
0.38277869,9403
0.382780899,9402
0.382782835,9401
0.382785234,9400
0.382787815,9399
0.382789875,9398
0.382791997,9397
0.382793951,9396
0.382795915,9395
0.38279911,9394
0.382801518,9393
0.38280403,9392
0.382806733,9391
0.382808945,9390
0.382811894,9389
0.382814268,9388
0.382816479,9387
0.382854327,9386
0.382858055,9385
0.382894665,9384
0.38289864,9383
0.382901806,9382
0.382934806,9381
0.382937321,9380
0.382940452,9379
0.38294388,9378
0.38294667,9377
0.382954784,9376
0.382958304,9375
0.382962745,9374
0.382966821,9373
0.382969445,9372
0.382972165,9371
0.382975649,9370
0.382978522,9369
0.382981311,9368
0.382995335,9367
0.38299748,9366
0.383000105,9365
0.383004294,9364
0.38300784,9363
0.383010771,9362
0.383014293,9361
0.383017559,9360
0.383020854,9359
0.383024394,9358
0.383027619,9357
0.383030916,9356
0.383033881,9355
0.383036564,9354
0.383039183,9353
0.38304248,9352
0.383045271,9351
0.38304811,9350
0.383051162,9349
0.383053597,9348
0.383056073,9347
0.383058628,9346
0.383081488,9345
0.383084187,9344
0.383086985,9343
0.383089504,9342
0.383091827,9341
0.383093945,9340
0.383096122,9339
0.383098452,9338
0.383101242,9337
0.383103425,9336
0.38310571,9335
0.383107949,9334
0.383110041,9333
0.383112771,9332
0.383115255,9331
0.383119449,9330
0.383122208,9329
0.383125235,9328
0.383130063,9327
0.383132451,9326
0.383144728,9325
0.383147906,9324
0.383151317,9323
0.383155517,9322
0.383158383,9321
0.383161934,9320
0.38316553,9319
0.383168856,9318
0.383172451,9317
0.383175513,9316
0.383178848,9315
0.383182251,9314
0.383184806,9313
0.383187603,9312
0.383190592,9311
0.383193212,9310
0.383197383,9309
0.383200004,9308
0.383202959,9307
0.38320526,9306
0.383208395,9305
0.38321083,9304
0.383214031,9303
0.383217192,9302
0.383219557,9301
0.383222928,9300
0.383227067,9299
0.383229671,9298
0.383232439,9297
0.383234877,9296
0.383237338,9295
0.383239858,9294
0.383242281,9293
0.383244702,9292
0.383249195,9291
0.38325451,9290
0.383258384,9289
0.383261185,9288
0.383265821,9287
0.383268333,9286
0.383271559,9285
0.3832778,9284
0.383281017,9283
0.383283525,9282
0.383286078,9281
0.383288352,9280
0.38329156,9279
0.383294162,9278
0.383296444,9277
0.383298919,9276
0.383301479,9275
0.383303977,9274
0.383307212,9273
0.383310061,9272
0.383312732,9271
0.383314988,9270
0.383318761,9269
0.383321287,9268
0.383323843,9267
0.383326467,9266
0.383328872,9265
0.383331484,9264
0.383333779,9263
0.383337173,9262
0.383340438,9261
0.383343271,9260
0.38334617,9259
0.383349309,9258
0.383352159,9257
0.383355164,9256
0.383357972,9255
0.383361073,9254
0.383363905,9253
0.383367285,9252
0.383370259,9251
0.383373556,9250
0.383376582,9249
0.383379481,9248
0.383382409,9247
0.383385285,9246
0.383388208,9245
0.383390817,9244
0.383394933,9243
0.383398146,9242
0.383401064,9241
0.383404098,9240
0.383406797,9239
0.383409262,9238
0.383411946,9237
0.383414641,9236
0.38341854,9235
0.383422322,9234
0.38342573,9233
0.383429209,9232
0.383433443,9231
0.383436487,9230
0.383439403,9229
0.383443014,9228
0.383445592,9227
0.383449212,9226
0.383452378,9225
0.383454843,9224
0.383458108,9223
0.383461311,9222
0.383463959,9221
0.383466585,9220
0.383469009,9219
0.383471364,9218
0.383474112,9217
0.383476485,9216
0.383478583,9215
0.383480766,9214
0.383483877,9213
0.383487028,9212
0.383489455,9211
0.383493651,9210
0.383496229,9209
0.383508156,9208
0.383518963,9207
0.383521375,9206
0.383523599,9205
0.383526043,9204
0.383529093,9203
0.383532333,9202
0.383535028,9201
0.383538448,9200
0.383541889,9199
0.383544418,9198
0.383546749,9197
0.383549094,9196
0.383551473,9195
0.38355396,9194
0.383556328,9193
0.383558747,9192
0.383561036,9191
0.383563362,9190
0.383568551,9189
0.383571545,9188
0.383585164,9187
0.383597164,9186
0.383612207,9185
0.383615104,9184
0.383619174,9183
0.383621854,9182
0.38362491,9181
0.38362766,9180
0.383631064,9179
0.383634539,9178
0.383637411,9177
0.383640799,9176
0.38364414,9175
0.3836472,9174
0.38364993,9173
0.383652564,9172
0.383655033,9171
0.383658177,9170
0.383661719,9169
0.383665077,9168
0.383668743,9167
0.383671493,9166
0.383674946,9165
0.383677824,9164
0.383680301,9163
0.383682709,9162
0.383685058,9161
0.3836873,9160
0.383689204,9159
0.383691357,9158
0.383693245,9157
0.383696577,9156
0.383699501,9155
0.38370216,9154
0.383704421,9153
0.383708551,9152
0.383711171,9151
0.383714333,9150
0.383716869,9149
0.383720023,9148
0.383722711,9147
0.383725152,9146
0.383727242,9145
0.383730654,9144
0.383733597,9143
0.383738746,9142
0.383741932,9141
0.383745668,9140
0.383749507,9139
0.383754107,9138
0.38375732,9137
0.383760332,9136
0.383764122,9135
0.383766737,9134
0.383769267,9133
0.383771502,9132
0.383773771,9131
0.3837765,9130
0.383778756,9129
0.383781385,9128
0.383785643,9127
0.383788484,9126
0.383790679,9125
0.383792775,9124
0.383794948,9123
0.383797209,9122
0.383801289,9121
0.383803842,9120
0.383806917,9119
0.383809728,9118
0.383812526,9117
0.383815331,9116
0.383818331,9115
0.383823037,9114
0.383825763,9113
0.383828403,9112
0.383831101,9111
0.383833576,9110
0.383836163,9109
0.383840297,9108
0.383842944,9107
0.383845669,9106
0.383847934,9105
0.383850193,9104
0.383852315,9103
0.383854535,9102
0.383856955,9101
0.383891148,9100
0.383893535,9099
0.383895952,9098
0.383899578,9097
0.38390249,9096
0.383905246,9095
0.383907537,9094
0.383910179,9093
0.383912569,9092
0.383915944,9091
0.383918593,9090
0.38392115,9089
0.383923562,9088
0.383925745,9087
0.383928189,9086
0.383933243,9085
0.383935583,9084
0.383937911,9083
0.383940415,9082
0.383943005,9081
0.383945428,9080
0.383947513,9079
0.38395001,9078
0.383952654,9077
0.383955052,9076
0.383957195,9075
0.383959261,9074
0.383961346,9073
0.38396336,9072
0.383965588,9071
0.383967771,9070
0.383969869,9069
0.38397214,9068
0.38397439,9067
0.383976634,9066
0.383978984,9065
0.38398088,9064
0.383982755,9063
0.38398448,9062
0.38398682,9061
0.383988736,9060
0.383990712,9059
0.383992937,9058
0.383994882,9057
0.383996482,9056
0.383999176,9055
0.384000956,9054
0.384002771,9053
0.38400485,9052
0.384007222,9051
0.384009093,9050
0.384011246,9049
0.384013596,9048
0.384015771,9047
0.384018347,9046
0.384020957,9045
0.384023165,9044
0.384025323,9043
0.384027534,9042
0.384029803,9041
0.384032235,9040
0.384035204,9039
0.384037744,9038
0.384040211,9037
0.384042719,9036
0.384045129,9035
0.384047303,9034
0.384049544,9033
0.384051712,9032
0.384053673,9031
0.384055612,9030
0.384057681,9029
0.38405993,9028
0.384062155,9027
0.384064372,9026
0.384066562,9025
0.38407066,9024
0.384074139,9023
0.384077658,9022
0.38408123,9021
0.384084531,9020
0.384088128,9019
0.384091401,9018
0.384095235,9017
0.384098731,9016
0.38410196,9015
0.384105443,9014
0.384108835,9013
0.384112115,9012
0.384115429,9011
0.38411798,9010
0.384120279,9009
0.384122677,9008
0.384124718,9007
0.384128314,9006
0.384131116,9005
0.384134027,9004
0.384136399,9003
0.384138665,9002
0.384141638,9001
0.384144688,9000
0.384147146,8999
0.384149906,8998
0.38415274,8997
0.384155652,8996
0.384158356,8995
0.384161433,8994
0.384163934,8993
0.384166306,8992
0.384168546,8991
0.384170889,8990
0.384174931,8989
0.384177799,8988
0.384182109,8987
0.384185551,8986
0.384188413,8985
0.384191094,8984
0.384193633,8983
0.384196229,8982
0.384199354,8981
0.384202199,8980
0.384204608,8979
0.384207413,8978
0.384209743,8977
0.384212137,8976
0.384214403,8975
0.384216923,8974
0.384219438,8973
0.384221784,8972
0.384224091,8971
0.384226742,8970
0.384229118,8969
0.384231098,8968
0.384233166,8967
0.384235039,8966
0.384238345,8965
0.384241014,8964
0.38424346,8963
0.384245815,8962
0.38424869,8961
0.384251345,8960
0.384253824,8959
0.384256425,8958
0.384258872,8957
0.384261207,8956
0.384263516,8955
0.38426581,8954
0.384269216,8953
0.384271911,8952
0.384274455,8951
0.384277345,8950
0.384280421,8949
0.384282864,8948
0.38428568,8947
0.384288545,8946
0.38429096,8945
0.384293917,8944
0.384296618,8943
0.384299302,8942
0.384301932,8941
0.384304737,8940
0.384307315,8939
0.384309822,8938
0.384311953,8937
0.384314278,8936
0.384317268,8935
0.384319849,8934
0.384322954,8933
0.384325949,8932
0.384329037,8931
0.384332114,8930
0.384335055,8929
0.384338149,8928
0.384340978,8927
0.384344305,8926
0.384347587,8925
0.384349985,8924
0.384353274,8923
0.384356767,8922
0.384359381,8921
0.384362751,8920
0.384366503,8919
0.384369272,8918
0.384373322,8917
0.38437697,8916
0.384380863,8915
0.384383804,8914
0.384386424,8913
0.384389918,8912
0.38439267,8911
0.384394914,8910
0.384397109,8909
0.384399126,8908
0.384401606,8907
0.384403592,8906
0.384406262,8905
0.384408915,8904
0.384410845,8903
0.384413768,8902
0.384416729,8901
0.384420918,8900
0.384423662,8899
0.384426019,8898
0.384428769,8897
0.384431073,8896
0.384435115,8895
0.38443763,8894
0.384440561,8893
0.384442735,8892
0.384445176,8891
0.384449158,8890
0.384451779,8889
0.384453988,8888
0.384456163,8887
0.384458599,8886
0.384460941,8885
0.384471458,8884
0.384474021,8883
0.384476357,8882
0.384478809,8881
0.384480988,8880
0.384483323,8879
0.384487583,8878
0.384490518,8877
0.384493277,8876
0.384495735,8875
0.384527033,8874
0.384530523,8873
0.384533986,8872
0.384537235,8871
0.384540542,8870
0.384543829,8869
0.384547385,8868
0.384550747,8867
0.384553678,8866
0.38455699,8865
0.384559814,8864
0.384562798,8863
0.384566036,8862
0.384582875,8861
0.384595294,8860
0.384597792,8859
0.384600017,8858
0.384602163,8857
0.384605467,8856
0.384608449,8855
0.384611137,8854
0.384613693,8853
0.384616227,8852
0.384619625,8851
0.384622629,8850
0.384625782,8849
0.384628909,8848
0.384631569,8847
0.384634216,8846
0.384636532,8845
0.384638851,8844
0.384641512,8843
0.384651682,8842
0.384654128,8841
0.384656599,8840
0.384658774,8839
0.384661328,8838
0.384664933,8837
0.384667945,8836
0.384670466,8835
0.384672658,8834
0.384674995,8833
0.384677412,8832
0.384679966,8831
0.384682843,8830
0.384685092,8829
0.384688399,8828
0.384691319,8827
0.38469405,8826
0.384696571,8825
0.384699532,8824
0.384702195,8823
0.384704882,8822
0.384708374,8821
0.384710882,8820
0.384714194,8819
0.384718402,8818
0.384721587,8817
0.384724214,8816
0.384728965,8815
0.384761159,8814
0.384788228,8813
0.384792645,8812
0.384796689,8811
0.384799285,8810
0.384802097,8809
0.384804815,8808
0.38480729,8807
0.38480983,8806
0.384813162,8805
0.384816282,8804
0.38481879,8803
0.384822178,8802
0.384825813,8801
0.384829337,8800
0.384833074,8799
0.384836885,8798
0.384848662,8797
0.384852674,8796
0.384858603,8795
0.384894831,8794
0.384898057,8793
0.384901328,8792
0.384904533,8791
0.384907926,8790
0.384912262,8789
0.384915962,8788
0.384919513,8787
0.384923192,8786
0.384927442,8785
0.3849309,8784
0.384935371,8783
0.384938531,8782
0.384941383,8781
0.384944392,8780
0.384947474,8779
0.384950358,8778
0.384953028,8777
0.38495631,8776
0.384959415,8775
0.384962536,8774
0.384965693,8773
0.384968692,8772
0.384975624,8771
0.384979288,8770
0.384985129,8769
0.384989412,8768
0.384992908,8767
0.384996413,8766
0.384999685,8765
0.385002905,8764
0.385006475,8763
0.385010063,8762
0.385014138,8761
0.385017918,8760
0.385021873,8759
0.385025462,8758
0.385028848,8757
0.385032125,8756
0.385035445,8755
0.385038648,8754
0.385042223,8753
0.38504535,8752
0.385048954,8751
0.385052483,8750
0.385055998,8749
0.385145393,8748
0.385177847,8747
0.385188849,8746
0.385192184,8745
0.385194818,8744
0.385197855,8743
0.385200805,8742
0.385203332,8741
0.385207858,8740
0.385211213,8739
0.385214542,8738
0.385217426,8737
0.385220643,8736
0.385223253,8735
0.385251525,8734
0.385254224,8733
0.385256788,8732
0.385260099,8731
0.385263176,8730
0.385884902,8729
0.385888536,8728
0.385893153,8727
0.385896418,8726
0.385899534,8725
0.385902838,8724
0.38590596,8723
0.385909149,8722
0.385912588,8721
0.385915577,8720
0.38591881,8719
0.385921937,8718
0.38592511,8717
0.385929068,8716
0.385932312,8715
0.385935412,8714
0.38593922,8713
0.385941976,8712
0.385944682,8711
0.385947711,8710
0.385950264,8709
0.385952944,8708
0.385955991,8707
0.385958998,8706
0.385962337,8705
0.385966477,8704
0.385969341,8703
0.385972084,8702
0.385975042,8701
0.385979159,8700
0.385981684,8699
0.38598464,8698
0.385987082,8697
0.385989698,8696
0.385992798,8695
0.385995744,8694
0.385998871,8693
0.386002022,8692
0.386007858,8691
0.386011547,8690
0.386015545,8689
0.3860199,8688
0.38602305,8687
0.386026512,8686
0.386031153,8685
0.386034199,8684
0.386037531,8683
0.386040486,8682
0.386044729,8681
0.386047542,8680
0.38605026,8679
0.386054642,8678
0.38605721,8677
0.386059792,8676
0.386062305,8675
0.386065498,8674
0.386069755,8673
0.386072806,8672
0.386075575,8671
0.386079295,8670
0.386085231,8669
0.386088227,8668
0.386091239,8667
0.38609478,8666
0.386098104,8665
0.386100698,8664
0.386103228,8663
0.386108519,8662
0.386112058,8661
0.386120975,8660
0.3861266,8659
0.386129796,8658
0.386132731,8657
0.386135695,8656
0.386140443,8655
0.386142968,8654
0.386145928,8653
0.386149195,8652
0.386152791,8651
0.386156257,8650
0.386158821,8649
0.386161458,8648
0.386163948,8647
0.386168336,8646
0.386172406,8645
0.386175665,8644
0.386178863,8643
0.386182048,8642
0.386184758,8641
0.386187213,8640
0.386191366,8639
0.386194699,8638
0.386198723,8637
0.38620301,8636
0.386206715,8635
0.386210429,8634
0.386215501,8633
0.386221133,8632
0.386224706,8631
0.386229605,8630
0.386233245,8629
0.386237479,8628
0.386240343,8627
0.386244126,8626
0.386248827,8625
0.386253261,8624
0.386256846,8623
0.386260136,8622
0.386263363,8621
0.386266266,8620
0.38627023,8619
0.386273552,8618
0.386277365,8617
0.386280651,8616
0.386283611,8615
0.386287257,8614
0.386290651,8613
0.38629474,8612
0.386297685,8611
0.386300744,8610
0.386304199,8609
0.386307239,8608
0.386311767,8607
0.386314715,8606
0.386317385,8605
0.386320484,8604
0.386323767,8603
0.386326547,8602
0.386330557,8601
0.386333031,8600
0.386335641,8599
0.386338014,8598
0.386340267,8597
0.386343092,8596
0.38634625,8595
0.386348797,8594
0.38635144,8593
0.386354101,8592
0.386357467,8591
0.386361017,8590
0.386363721,8589
0.38636643,8588
0.3863696,8587
0.386372019,8586
0.386375607,8585
0.386378236,8584
0.386384622,8583
0.386387189,8582
0.38638957,8581
0.386392255,8580
0.386394808,8579
0.386398807,8578
0.386401363,8577
0.386405319,8576
0.386407403,8575
0.386410267,8574
0.38641308,8573
0.386416332,8572
0.386418814,8571
0.38642098,8570
0.386424092,8569
0.38642671,8568
0.386429046,8567
0.386431589,8566
0.386434742,8565
0.386437349,8564
0.386440285,8563
0.386446018,8562
0.386449638,8561
0.386454637,8560
0.38645907,8559
0.386463405,8558
0.386466166,8557
0.386469502,8556
0.386472065,8555
0.386475724,8554
0.386478577,8553
0.386483087,8552
0.386486096,8551
0.386489348,8550
0.386500437,8549
0.386502824,8548
0.386505717,8547
0.386507889,8546
0.3865102,8545
0.386512757,8544
0.386515035,8543
0.386517558,8542
0.38652087,8541
0.386523262,8540
0.386526945,8539
0.386529701,8538
0.386533554,8537
0.386537422,8536
0.386540512,8535
0.386542976,8534
0.386545484,8533
0.386548586,8532
0.386551563,8531
0.386553931,8530
0.386557441,8529
0.386559842,8528
0.386562374,8527
0.38656614,8526
0.386568778,8525
0.386571309,8524
0.38657354,8523
0.38657594,8522
0.386578199,8521
0.386580944,8520
0.386583248,8519
0.386586308,8518
0.386588675,8517
0.38659094,8516
0.386595997,8515
0.386598312,8514
0.38660081,8513
0.386603323,8512
0.386605753,8511
0.3866078,8510
0.386611045,8509
0.386613648,8508
0.386616295,8507
0.386620075,8506
0.386622398,8505
0.386625089,8504
0.386628743,8503
0.386631434,8502
0.386634941,8501
0.386637377,8500
0.386639889,8499
0.386642413,8498
0.386647158,8497
0.386649717,8496
0.386651836,8495
0.386654658,8494
0.386657888,8493
0.386660551,8492
0.386664754,8491
0.386667295,8490
0.386672636,8489
0.386677589,8488
0.386680531,8487
0.386683901,8486
0.386686609,8485
0.386689021,8484
0.386693235,8483
0.386697414,8482
0.386702161,8481
0.386704757,8480
0.386707783,8479
0.386710415,8478
0.386713837,8477
0.386717403,8476
0.386721378,8475
0.386724954,8474
0.386729572,8473
0.386732931,8472
0.386735894,8471
0.386738874,8470
0.386741809,8469
0.386744579,8468
0.386747103,8467
0.386749641,8466
0.386753896,8465
0.386756945,8464
0.386761813,8463
0.386767212,8462
0.386771633,8461
0.386775095,8460
0.386778112,8459
0.386780873,8458
0.386785007,8457
0.38678806,8456
0.386790928,8455
0.386793832,8454
0.38679862,8453
0.386803909,8452
0.386811049,8451
0.386814929,8450
0.386819111,8449
0.386824175,8448
0.386830019,8447
0.3868363,8446
0.386840609,8445
0.386844785,8444
0.386848738,8443
0.386853129,8442
0.386865723,8441
0.386910629,8440
0.386916071,8439
0.386920781,8438
0.386963695,8437
0.386967985,8436
0.386971712,8435
0.386976253,8434
0.386980157,8433
0.386983074,8432
0.386985635,8431
0.386988088,8430
0.386990805,8429
0.386993579,8428
0.386996485,8427
0.387000096,8426
0.387002505,8425
0.38700761,8424
0.387010346,8423
0.387012761,8422
0.387016156,8421
0.387018594,8420
0.38702126,8419
0.387023975,8418
0.38702642,8417
0.387028704,8416
0.387030837,8415
0.387035443,8414
0.387037702,8413
0.38704006,8412
0.387042483,8411
0.387044936,8410
0.387047421,8409
0.38705113,8408
0.387053893,8407
0.387057674,8406
0.387061837,8405
0.387064831,8404
0.387069564,8403
0.387072422,8402
0.387075573,8401
0.387079533,8400
0.387083217,8399
0.387087884,8398
0.387091628,8397
0.387094799,8396
0.38709819,8395
0.387100853,8394
0.387104359,8393
0.387108145,8392
0.387111715,8391
0.387115475,8390
0.387119093,8389
0.38712253,8388
0.387126865,8387
0.38713059,8386
0.387134318,8385
0.38713864,8384
0.387143325,8383
0.387146895,8382
0.38714988,8381
0.387153263,8380
0.387155788,8379
0.387158418,8378
0.387160849,8377
0.387164783,8376
0.387167533,8375
0.387170024,8374
0.387173031,8373
0.387175803,8372
0.387182596,8371
0.387185686,8370
0.387188863,8369
0.3871918,8368
0.38719622,8367
0.387198899,8366
0.387202109,8365
0.387205528,8364
0.387208167,8363
0.387211566,8362
0.387214229,8361
0.387216751,8360
0.387220068,8359
0.38722286,8358
0.387225353,8357
0.387229116,8356
0.387243227,8355
0.387258009,8354
0.387263348,8353
0.387268645,8352
0.387271802,8351
0.387274845,8350
0.387279818,8349
0.387283618,8348
0.387287451,8347
0.387291601,8346
0.387296557,8345
0.387300257,8344
0.387304916,8343
0.387307885,8342
0.387313665,8341
0.387317674,8340
0.387320492,8339
0.387323215,8338
0.387325748,8337
0.387328829,8336
0.387332103,8335
0.387335506,8334
0.387338098,8333
0.387340871,8332
0.387343551,8331
0.387346086,8330
0.387348959,8329
0.387351423,8328
0.387354617,8327
0.387357024,8326
0.387359448,8325
0.387361776,8324
0.387364273,8323
0.387366588,8322
0.387370547,8321
0.387373695,8320
0.387378547,8319
0.387382855,8318
0.38738738,8317
0.387391381,8316
0.387394523,8315
0.387397052,8314
0.387399625,8313
0.387402178,8312
0.387407092,8311
0.38740977,8310
0.387412794,8309
0.387416065,8308
0.387419513,8307
0.387422018,8306
0.387425056,8305
0.387427584,8304
0.387430888,8303
0.387446013,8302
0.387451543,8301
0.387455258,8300
0.387460637,8299
0.387465053,8298
0.3874697,8297
0.387520975,8296
0.38781761,8295
0.387821642,8294
0.387824523,8293
0.387831788,8292
0.387835332,8291
0.387837787,8290
0.387842481,8289
0.387846191,8288
0.387852746,8287
0.387858265,8286
0.387863837,8285
0.38786657,8284
0.387868921,8283
0.387872219,8282
0.387876574,8281
0.387882743,8280
0.387890229,8279
0.387897018,8278
0.387901275,8277
0.387908609,8276
0.387929086,8275
0.387941283,8274
0.387947749,8273
0.38796083,8272
0.387975522,8271
0.387979097,8270
0.387983588,8269
0.387986909,8268
0.388004631,8267
0.388008515,8266
0.388016036,8265
0.388030891,8264
0.388035887,8263
0.388041336,8262
0.388051642,8261
0.388055042,8260
0.388069636,8259
0.388073523,8258
0.388081398,8257
0.388087262,8256
0.388090678,8255
0.388095428,8254
0.388099282,8253
0.388104565,8252
0.388110778,8251
0.38811447,8250
0.388121499,8249
0.388126934,8248
0.388144908,8247
0.388148747,8246
0.388154744,8245
0.388158201,8244
0.388162787,8243
0.388169358,8242
0.388174774,8241
0.388179268,8240
0.388185391,8239
0.388189847,8238
0.388196615,8237
0.388202637,8236
0.388213534,8235
0.388218105,8234
0.388223787,8233
0.38822914,8232
0.388253803,8231
0.388257128,8230
0.388261387,8229
0.388264557,8228
0.38827151,8227
0.388353367,8226
0.388357626,8225
0.38837877,8224
0.388382081,8223
0.388386676,8222
0.388389892,8221
0.38839687,8220
0.388402616,8219
0.38840999,8218
0.388435485,8217
0.388735328,8216
0.388748933,8215
0.388755338,8214
0.389233974,8213
0.389243481,8212
0.38924914,8211
0.389262234,8210
0.38926709,8209
0.389271998,8208
0.389276321,8207
0.389282641,8206
0.389289098,8205
0.389311813,8204
0.389315881,8203
0.389320001,8202
0.389327164,8201
0.389331488,8200
0.389338429,8199
0.38934389,8198
0.389349193,8197
0.389354757,8196
0.389358943,8195
0.389370752,8194
0.389375424,8193
0.38938034,8192
0.389384574,8191
0.389389106,8190
0.389393159,8189
0.389397304,8188
0.389407872,8187
0.38941299,8186
0.389421439,8185
0.389429473,8184
0.389433391,8183
0.389437071,8182
0.38944058,8181
0.389457939,8180
0.389462307,8179
0.38947687,8178
0.389480854,8177
0.389487867,8176
0.389494522,8175
0.389502231,8174
0.389510432,8173
0.389514341,8172
0.389525446,8171
0.389535732,8170
0.389541908,8169
0.389547858,8168
0.389556973,8167
0.389560657,8166
0.389569272,8165
0.389574912,8164
0.389578998,8163
0.389583098,8162
0.389589603,8161
0.389598669,8160
0.389609704,8159
0.389613053,8158
0.389617836,8157
0.389632272,8156
0.389635512,8155
0.389641105,8154
0.389647925,8153
0.389652518,8152
0.389666359,8151
0.389671347,8150
0.389676579,8149
0.389689598,8148
0.38969258,8147
0.389696997,8146
0.389706706,8145
0.38971911,8144
0.389751233,8143
0.389758113,8142
0.389763503,8141
0.389770394,8140
0.389795046,8139
0.38980308,8138
0.38981012,8137
0.389825174,8136
0.389835992,8135
0.38983982,8134
0.389856377,8133
0.389859658,8132
0.389866284,8131
0.389875742,8130
0.389879371,8129
0.389884614,8128
0.389895467,8127
0.389903661,8126
0.389907652,8125
0.389920322,8124
0.38992679,8123
0.389943252,8122
0.389948597,8121
0.389954539,8120
0.389962575,8119
0.389969747,8118
0.38997327,8117
0.389989885,8116
0.390477697,8115
0.391646381,8114
0.391685874,8113
0.391720927,8112
0.391727892,8111
0.391765506,8110
0.391820462,8109
0.392188843,8108
0.392261519,8107
0.392339307,8106
0.392581325,8105
0.394851848,8104
0.394861449,8103
0.394871752,8102
0.394875717,8101
0.39488095,8100
0.394888749,8099
0.394898612,8098
0.394903349,8097
0.394907591,8096
0.394915709,8095
0.394922937,8094
0.394926945,8093
0.394942616,8092
0.394949508,8091
0.394954823,8090
0.394968683,8089
0.394976241,8088
0.394981003,8087
0.39501352,8086
0.395024048,8085
0.39502948,8084
0.395037901,8083
0.395042384,8082
0.395052023,8081
0.395065018,8080
0.395071161,8079
0.395074769,8078
0.395081802,8077
0.395089466,8076
0.395097802,8075
0.395104969,8074
0.395117608,8073
0.39516419,8072
0.395168755,8071
0.395172887,8070
0.39520254,8069
0.395230276,8068
0.395233367,8067
0.395237382,8066
0.395245567,8065
0.395259845,8064
0.395265088,8063
0.395296152,8062
0.395306502,8061
0.395315356,8060
0.395319527,8059
0.395335714,8058
0.395346261,8057
0.395374187,8056
0.39539179,8055
0.395403819,8054
0.395409602,8053
0.395417876,8052
0.395437799,8051
0.395445652,8050
0.395451653,8049
0.395459683,8048
0.395471537,8047
0.39547897,8046
0.395493805,8045
0.395497721,8044
0.395514137,8043
0.395521095,8042
0.395527014,8041
0.395531754,8040
0.395539377,8039
0.395549769,8038
0.395567019,8037
0.395580086,8036
0.395607427,8035
0.395616069,8034
0.395621376,8033
0.395627381,8032
0.395634264,8031
0.395645992,8030
0.395655062,8029
0.395659295,8028
0.395669314,8027
0.39567665,8026
0.395689537,8025
0.395700734,8024
0.395709468,8023
0.395729966,8022
0.395735226,8021
0.395740453,8020
0.395754562,8019
0.395765645,8018
0.395771346,8017
0.395774439,8016
0.39577897,8015
0.395782996,8014
0.395798421,8013
0.395802748,8012
0.395834433,8011
0.395841634,8010
0.395855372,8009
0.395867197,8008
0.39587043,8007
0.395875749,8006
0.395885302,8005
0.395895066,8004
0.395897985,8003
0.395938767,8002
0.395969428,8001
0.395977218,8000
0.395991819,7999
0.396020297,7998
0.396084341,7997
0.396087181,7996
0.396100815,7995
0.396109349,7994
0.396115686,7993
0.396123076,7992
0.396131495,7991
0.396143304,7990
0.396150318,7989
0.3961602,7988
0.396171222,7987
0.396186889,7986
0.39619131,7985
0.396194511,7984
0.396198165,7983
0.396229195,7982
0.396235323,7981
0.396258801,7980
0.396262947,7979
0.396271119,7978
0.396276532,7977
0.396299519,7976
0.396351094,7975
0.396405032,7974
0.396443212,7973
0.396481856,7972
0.396490955,7971
0.396496821,7970
0.396536699,7969
0.396541051,7968
0.396570949,7967
0.396637788,7966
0.396757228,7965
0.397223581,7964
0.397293372,7963
0.398261703,7962
0.398277002,7961
0.399240481,7960
0.417031687,7959
0.417041723,7958
0.417061649,7957
0.418288317,7956
0.418304513,7955
0.418317006,7954
0.41834119,7953
0.418434065,7952
0.418442266,7951
0.418460388,7950
0.418492267,7949
0.418504793,7948
0.418517798,7947
0.418563754,7946
0.418570319,7945
0.418612763,7944
0.418628763,7943
0.418636371,7942
0.418657849,7941
0.41867509,7940
0.418694084,7939
0.418739244,7938
0.418784482,7937
0.418821128,7936
0.418827754,7935
0.418865352,7934
0.418922214,7933
0.418962853,7932
0.418970653,7931
0.418979325,7930
0.418982778,7929
0.418987758,7928
0.419032796,7927
0.41904001,7926
0.41908909,7925
0.419102981,7924
0.419134983,7923
0.419142785,7922
0.41914666,7921
0.419177708,7920
0.419193385,7919
0.419213341,7918
0.419238744,7917
0.419272786,7916
0.419317971,7915
0.419353274,7914
0.419377632,7913
0.419388986,7912
0.419417583,7911
0.419448507,7910
0.419522359,7909
0.419553466,7908
0.419582431,7907
0.419587044,7906
0.419666275,7905
0.419760426,7904
0.41976695,7903
0.419845592,7902
0.419887496,7901
0.420601432,7900
0.420617222,7899
0.420621776,7898
0.420654476,7897
0.420664241,7896
0.420671151,7895
0.420677949,7894
0.420687249,7893
0.420691632,7892
0.420698597,7891
0.420709985,7890
0.420720054,7889
0.42072927,7888
0.420733783,7887
0.420737835,7886
0.420743195,7885
0.420752666,7884
0.420757213,7883
0.420762102,7882
0.420766724,7881
0.420770711,7880
0.420779459,7879
0.420790648,7878
0.420795127,7877
0.420799526,7876
0.420803856,7875
0.420818223,7874
0.42082842,7873
0.420832759,7872
0.42083696,7871
0.420859274,7870
0.420873857,7869
0.420890471,7868
0.420897275,7867
0.420903787,7866
0.420920171,7865
0.420936293,7864
0.420943777,7863
0.420952763,7862
0.420958815,7861
0.420979839,7860
0.421011939,7859
0.421036777,7858
0.421084546,7857
0.421105216,7856
0.421108971,7855
0.421120669,7854
0.421130943,7853
0.421141726,7852
0.421148202,7851
0.421155209,7850
0.42117459,7849
0.421231036,7848
0.42124037,7847
0.421244593,7846
0.421256786,7845
0.421298958,7844
0.42131712,7843
0.421355255,7842
0.421392935,7841
0.421893798,7840
0.421915375,7839
0.422016418,7838
0.42205105,7837
0.422294592,7836
0.422308377,7835
0.422313141,7834
0.422323024,7833
0.422331106,7832
0.422335464,7831
0.42234692,7830
0.422354876,7829
0.422360393,7828
0.422364825,7827
0.422380143,7826
0.422389023,7825
0.422396419,7824
0.422403972,7823
0.422431159,7822
0.422446763,7821
0.422454336,7820
0.422459272,7819
0.422465687,7818
0.42248274,7817
0.422487772,7816
0.422492943,7815
0.422498982,7814
0.422507409,7813
0.422511601,7812
0.422515029,7811
0.422520033,7810
0.422523371,7809
0.422530009,7808
0.422540146,7807
0.422546277,7806
0.422552163,7805
0.422558997,7804
0.422564464,7803
0.422569355,7802
0.422575497,7801
0.422586895,7800
0.422624461,7799
0.422628148,7798
0.422633491,7797
0.422642195,7796
0.42265004,7795
0.422663716,7794
0.422671892,7793
0.422690545,7792
0.42269996,7791
0.42270444,7790
0.422719316,7789
0.423051588,7788
0.423056943,7787
0.423061677,7786
0.423070629,7785
0.423074619,7784
0.423079356,7783
0.423087494,7782
0.423103179,7781
0.423109802,7780
0.423137907,7779
0.423180849,7778
0.423189345,7777
0.423198659,7776
0.423205091,7775
0.423209875,7774
0.423273293,7773
0.423277743,7772
0.42328285,7771
0.42330116,7770
0.423308197,7769
0.423330179,7768
0.423358967,7767
0.423366594,7766
0.423373737,7765
0.423385264,7764
0.423403084,7763
0.423416333,7762
0.423422933,7761
0.42345279,7760
0.423510051,7759
0.423551816,7758
0.423568141,7757
0.423585695,7756
0.423595911,7755
0.423676341,7754
0.423694228,7753
0.423705038,7752
0.423710861,7751
0.423721079,7750
0.423725435,7749
0.423737419,7748
0.423811795,7747
0.423824841,7746
0.423839608,7745
0.423846561,7744
0.423863639,7743
0.423874544,7742
0.423903735,7741
0.423977242,7740
0.424003878,7739
0.424016962,7738
0.424032582,7737
0.424043841,7736
0.424054547,7735
0.426242477,7734
0.426248475,7733
0.426264272,7732
0.42626956,7731
0.426276903,7730
0.426287483,7729
0.426303382,7728
0.426312138,7727
0.426317248,7726
0.426323031,7725
0.426330227,7724
0.426342926,7723
0.426351101,7722
0.42635634,7721
0.426361441,7720
0.426371887,7719
0.426379867,7718
0.426384447,7717
0.426394083,7716
0.426398863,7715
0.426408274,7714
0.426415157,7713
0.426423393,7712
0.42643821,7711
0.42645193,7710
0.426456999,7709
0.426463413,7708
0.426467805,7707
0.426493093,7706
0.426503296,7705
0.426508133,7704
0.426516844,7703
0.426524667,7702
0.426528184,7701
0.426542596,7700
0.426546917,7699
0.4265511,7698
0.426554969,7697
0.426561803,7696
0.426569822,7695
0.426576884,7694
0.426584176,7693
0.426588539,7692
0.426593083,7691
0.426606879,7690
0.426624553,7689
0.42664894,7688
0.426663048,7687
0.426679945,7686
0.426702781,7685
0.426733089,7684
0.426750132,7683
0.426766179,7682
0.426772728,7681
0.426781822,7680
0.426787533,7679
0.42679085,7678
0.42679767,7677
0.426804681,7676
0.426810365,7675
0.426823295,7674
0.42683235,7673
0.42684787,7672
0.426863356,7671
0.426872646,7670
0.426877701,7669
0.426894272,7668
0.426900037,7667
0.426912555,7666
0.426929896,7665
0.426933469,7664
0.426951193,7663
0.426955263,7662
0.426960393,7661
0.426966938,7660
0.426969782,7659
0.426972581,7658
0.426976329,7657
0.426989146,7656
0.426994149,7655
0.427026166,7654
0.427037515,7653
0.427055,7652
0.427075289,7651
0.427090259,7650
0.427102256,7649
0.427107615,7648
0.427121144,7647
0.427130513,7646
0.42713344,7645
0.427156258,7644
0.427163906,7643
0.427167709,7642
0.427183464,7641
0.42718901,7640
0.4271926,7639
0.427195554,7638
0.427207926,7637
0.427224106,7636
0.427227844,7635
0.427235952,7634
0.427246072,7633
0.427297286,7632
0.427309495,7631
0.427312394,7630
0.427322958,7629
0.427332224,7628
0.427351085,7627
0.427361494,7626
0.427368818,7625
0.427378791,7624
0.427382803,7623
0.427423825,7622
0.427429425,7621
0.42744616,7620
0.427451951,7619
0.427456887,7618
0.427472623,7617
0.427482923,7616
0.427489803,7615
0.427496929,7614
0.427501531,7613
0.427526256,7612
0.427578941,7611
0.427584441,7610
0.427592601,7609
0.427595426,7608
0.427620245,7607
0.427629948,7606
0.427679429,7605
0.427693466,7604
0.427732896,7603
0.427774407,7602
0.42781002,7601
0.427843848,7600
0.427854731,7599
0.427885719,7598
0.427942985,7597
0.427947616,7596
0.42797748,7595
0.428034617,7594
0.428045414,7593
0.428052981,7592
0.428070505,7591
0.428116364,7590
0.428127612,7589
0.428157728,7588
0.42822815,7587
0.428232887,7586
0.428238654,7585
0.428248248,7584
0.42826511,7583
0.428268767,7582
0.428272696,7581
0.428302411,7580
0.428307146,7579
0.428312436,7578
0.428315268,7577
0.428321937,7576
0.428325832,7575
0.428399173,7574
0.428409359,7573
0.428418475,7572
0.428426279,7571
0.428450294,7570
0.428458532,7569
0.428462257,7568
0.428468264,7567
0.428482006,7566
0.428498309,7565
0.428506364,7564
0.428517845,7563
0.428527802,7562
0.428531331,7561
0.428541011,7560
0.428573211,7559
0.428581857,7558
0.428588966,7557
0.428603693,7556
0.428610844,7555
0.42861832,7554
0.428624754,7553
0.428629466,7552
0.428640138,7551
0.428646538,7550
0.428650278,7549
0.42866097,7548
0.42866864,7547
0.428678426,7546
0.42869019,7545
0.428698161,7544
0.428716701,7543
0.428731661,7542
0.428769174,7541
0.42877192,7540
0.428778322,7539
0.428786479,7538
0.428833984,7537
0.428840521,7536
0.428844078,7535
0.428850513,7534
0.428862533,7533
0.428884618,7532
0.428951395,7531
0.428980942,7530
0.428991564,7529
0.429018416,7528
0.429046736,7527
0.429094933,7526
0.429098904,7525
0.429109733,7524
0.42913921,7523
0.429147428,7522
0.429152625,7521
0.42917299,7520
0.429199884,7519
0.429214161,7518
0.429243284,7517
0.429250903,7516
0.429265009,7515
0.429318947,7514
0.429338973,7513
0.429349133,7512
0.429380746,7511
0.429400343,7510
0.429407582,7509
0.429453735,7508
0.429456984,7507
0.429513582,7506
0.429526565,7505
0.429556693,7504
0.429560185,7503
0.429573229,7502
0.429629413,7501
0.429647655,7500
0.429653514,7499
0.429688517,7498
0.429747692,7497
0.429756468,7496
0.429761855,7495
0.429779599,7494
0.429783396,7493
0.429786299,7492
0.429798799,7491
0.429802517,7490
0.429836194,7489
0.429851467,7488
0.429855998,7487
0.429861782,7486
0.429915322,7485
0.430126626,7484
0.430131645,7483
0.430138085,7482
0.430141299,7481
0.430146521,7480
0.430149754,7479
0.430155581,7478
0.430159648,7477
0.430170387,7476
0.430176027,7475
0.430183885,7474
0.430188652,7473
0.430195761,7472
0.430200128,7471
0.430207935,7470
0.430217351,7469
0.430228496,7468
0.430231571,7467
0.430253263,7466
0.430260976,7465
0.430269269,7464
0.430272278,7463
0.430303046,7462
0.430309256,7461
0.430315185,7460
0.430317874,7459
0.430321766,7458
0.430371476,7457
0.430375596,7456
0.430387684,7455
0.430392774,7454
0.430396396,7453
0.43040003,7452
0.430407393,7451
0.430411917,7450
0.430449317,7449
0.430455477,7448
0.430461149,7447
0.430469646,7446
0.430478776,7445
0.430483542,7444
0.430488889,7443
0.430778331,7442
0.430829287,7441
0.430866986,7440
0.430932438,7439
0.431012293,7438
0.431028283,7437
0.431070707,7436
0.431074775,7435
0.431131962,7434
0.431139633,7433
0.431152045,7432
0.431203747,7431
0.431211131,7430
0.431229697,7429
0.431257061,7428
0.431281827,7427
0.43129907,7426
0.431353885,7425
0.431430271,7424
0.431434502,7423
0.431490127,7422
0.431969885,7421
0.436312271,7420
0.436952476,7419
0.436961191,7418
0.436968625,7417
0.436975029,7416
0.436987087,7415
0.437033388,7414
0.437069569,7413
