0.201333576,6823
0.20143226,6822
0.201566272,6821
0.201688493,6820
0.201760208,6819
0.201792256,6818
0.201816789,6817
0.201825269,6816
0.201833525,6815
0.201839047,6814
0.201844424,6813
0.201850226,6812
0.201855833,6811
0.201861997,6810
0.201867475,6809
0.201873363,6808
0.201879156,6807
0.202523371,6806
0.202533446,6805
0.202549555,6804
0.202557547,6803
0.202566832,6802
0.202576141,6801
0.202584003,6800
0.202589987,6799
0.202596004,6798
0.202614203,6797
0.2026591,6796
0.202664864,6795
0.202674967,6794
0.202682338,6793
0.202690702,6792
0.202726467,6791
0.202741838,6790
0.202752198,6789
0.202800455,6788
0.202813551,6787
0.202857026,6786
0.202866322,6785
0.202874755,6784
0.202883703,6783
0.202903874,6782
0.202914914,6781
0.202926803,6780
0.202934475,6779
0.202942481,6778
0.202948954,6777
0.20295436,6776
0.20295976,6775
0.202965072,6774
0.202970456,6773
0.20297596,6772
0.202981755,6771
0.20298742,6770
0.202992974,6769
0.202998451,6768
0.203004263,6767
0.203009606,6766
0.203015284,6765
0.203021393,6764
0.203028952,6763
0.203037648,6762
0.203079836,6761
0.203118112,6760
0.203124916,6759
0.206016371,6758
0.206030286,6757
0.206064609,6756
0.206073016,6755
0.206078398,6754
0.206120871,6753
0.206127286,6752
0.206137287,6751
0.206147283,6750
0.206153773,6749
0.206159248,6748
0.206164749,6747
0.206170379,6746
0.206175585,6745
0.206180413,6744
0.206184995,6743
0.206189425,6742
0.206197563,6741
0.206202792,6740
0.206207689,6739
0.206336548,6738
0.206342267,6737
0.206347104,6736
0.206351824,6735
0.206356445,6734
0.206363696,6733
0.206371305,6732
0.20637939,6731
0.206386762,6730
0.206392439,6729
0.206397926,6728
0.206402736,6727
0.206407511,6726
0.206412227,6725
0.206417022,6724
0.206421787,6723
0.206426467,6722
0.206431451,6721
0.206436194,6720
0.206440819,6719
0.206455736,6718
0.206461085,6717
0.206465454,6716
0.206469903,6715
0.206520855,6714
0.206525301,6713
0.206529145,6712
0.206533487,6711
0.20653732,6710
0.206541224,6709
0.206546465,6708
0.206550856,6707
0.206555307,6706
0.206559459,6705
0.206563545,6704
0.206567508,6703
0.20657289,6702
0.206592095,6701
0.206595791,6700
0.206599737,6699
0.206605168,6698
0.206608752,6697
0.206612553,6696
0.206616554,6695
0.206620405,6694
0.206624274,6693
0.206628109,6692
0.20663371,6691
0.20663801,6690
0.20664177,6689
0.206645891,6688
0.20669127,6687
0.206702923,6686
0.206708633,6685
0.206713375,6684
0.206717471,6683
0.206721592,6682
0.206730866,6681
0.206734814,6680
0.206740177,6679
0.206746187,6678
0.206754382,6677
0.20675942,6676
0.20676438,6675
0.206770067,6674
0.206775219,6673
0.206781642,6672
0.206787628,6671
0.206794259,6670
0.206801034,6669
0.206815441,6668
0.206820763,6667
0.20682668,6666
0.206832515,6665
0.206838271,6664
0.206843606,6663
0.206849282,6662
0.206859419,6661
0.206868693,6660
0.206873633,6659
0.206878862,6658
0.206884997,6657
0.206892099,6656
0.206898144,6655
0.206903521,6654
0.206908297,6653
0.206923281,6652
0.206932427,6651
0.206938105,6650
0.206945015,6649
0.206951079,6648
0.20697522,6647
0.206980685,6646
0.206989263,6645
0.207006483,6644
0.207012152,6643
0.20701888,6642
0.207849818,6641
0.207858175,6640
0.207867237,6639
0.207871948,6638
0.207879512,6637
0.207884313,6636
0.207928118,6635
0.207934892,6634
0.20794064,6633
0.207946501,6632
0.207952706,6631
0.207959046,6630
0.207966403,6629
0.207972062,6628
0.207977927,6627
0.208036218,6626
0.208046277,6625
0.208059868,6624
0.208066799,6623
0.208072925,6622
0.208079661,6621
0.208084801,6620
0.20808986,6619
0.208094268,6618
0.208098714,6617
0.208102926,6616
0.208107179,6615
0.208112754,6614
0.208116736,6613
0.208122905,6612
0.208126824,6611
0.208131018,6610
0.208136124,6609
0.2081409,6608
0.208145792,6607
0.208150492,6606
0.208157341,6605
0.208164169,6604
0.208168709,6603
0.208173253,6602
0.208177635,6601
0.208182108,6600
0.208186071,6599
0.208190097,6598
0.208194202,6597
0.208220314,6596
0.208225862,6595
0.208232845,6594
0.208237473,6593
0.208241778,6592
0.208245746,6591
0.208252159,6590
0.208256179,6589
0.208289331,6588
0.20829479,6587
0.208302429,6586
0.20830817,6585
0.208353392,6584
0.208359464,6583
0.208426971,6582
0.208432805,6581
0.208437349,6580
0.208463083,6579
0.208467349,6578
0.208471884,6577
0.208476201,6576
0.208480121,6575
0.20848443,6574
0.208488205,6573
0.20849198,6572
0.208495833,6571
0.208500067,6570
0.208503807,6569
0.208507879,6568
0.208518129,6567
0.208526817,6566
0.208532384,6565
0.20853759,6564
0.20854174,6563
0.208547017,6562
0.208550763,6561
0.208557249,6560
0.208560723,6559
0.208564434,6558
0.208567837,6557
0.208571755,6556
0.208575373,6555
0.208578718,6554
0.208582609,6553
0.208585369,6552
0.208589333,6551
0.208593189,6550
0.208597256,6549
0.208611084,6548
0.208616556,6547
0.208628728,6546
0.20863369,6545
0.20863786,6544
0.20864139,6543
0.208645011,6542
0.208650042,6541
0.208653915,6540
0.208657946,6539
0.208661733,6538
0.20866556,6537
0.208669951,6536
0.208674075,6535
0.208679798,6534
0.208683736,6533
0.208688413,6532
0.208692319,6531
0.208696544,6530
0.208700389,6529
0.208704074,6528
0.208707567,6527
0.208711845,6526
0.208715587,6525
0.208718681,6524
0.208722022,6523
0.208726522,6522
0.208736014,6521
0.208741827,6520
0.20874728,6519
0.20875417,6518
0.208759341,6517
0.208764946,6516
0.208773534,6515
0.20877789,6514
0.208781685,6513
0.208786655,6512
0.208790609,6511
0.208794606,6510
0.208798636,6509
0.20880262,6508
0.208806527,6507
0.208815005,6506
0.208818918,6505
0.208825502,6504
0.20882906,6503
0.208832915,6502
0.208836481,6501
0.208841551,6500
0.208845921,6499
0.208849729,6498
0.208853625,6497
0.208857592,6496
0.208861843,6495
0.208866844,6494
0.208870944,6493
0.208874385,6492
0.208878249,6491
0.208882134,6490
0.208886021,6489
0.208890147,6488
0.208893868,6487
0.208897794,6486
0.208901458,6485
0.20890534,6484
0.208908773,6483
0.20891233,6482
0.208915967,6481
0.208919824,6480
0.208924675,6479
0.208928412,6478
0.208932135,6477
0.208936075,6476
0.208940088,6475
0.208944005,6474
0.208948018,6473
0.208955038,6472
0.208958643,6471
0.208962518,6470
0.208967704,6469
0.208971601,6468
0.208975504,6467
0.208979579,6466
0.208983404,6465
0.208986982,6464
0.208990817,6463
0.208994723,6462
0.208998579,6461
0.209002431,6460
0.209006702,6459
0.209010749,6458
0.20901479,6457
0.209019784,6456
0.209024385,6455
0.209028491,6454
0.209032537,6453
0.209040216,6452
0.209044933,6451
0.209049947,6450
0.209054314,6449
0.209060394,6448
0.209069979,6447
0.209075465,6446
0.209081453,6445
0.209087,6444
0.209091622,6443
0.20909611,6442
0.209100332,6441
0.209104462,6440
0.209108782,6439
0.20911269,6438
0.20911669,6437
0.209120892,6436
0.209125162,6435
0.209129759,6434
0.20913384,6433
0.209138001,6432
0.209142084,6431
0.209145749,6430
0.209149917,6429
0.209153625,6428
0.209157873,6427
0.209162128,6426
0.209166349,6425
0.209170836,6424
0.209175947,6423
0.209180108,6422
0.20918392,6421
0.209187716,6420
0.209191945,6419
0.209196216,6418
0.209200062,6417
0.209203753,6416
0.209209245,6415
0.209213379,6414
0.209217824,6413
0.209221111,6412
0.209224121,6411
0.209227313,6410
0.209231751,6409
0.20923722,6408
0.209240231,6407
0.20924347,6406
0.20924652,6405
0.20924988,6404
0.209252552,6403
0.209255541,6402
0.209258239,6401
0.209261321,6400
0.209264486,6399
0.20926719,6398
0.209270269,6397
0.209273223,6396
0.209276034,6395
0.20927913,6394
0.209281844,6393
0.209284872,6392
0.209288248,6391
0.20929278,6390
0.209297461,6389
0.209301187,6388
0.209304224,6387
0.209306932,6386
0.209309968,6385
0.20931297,6384
0.209315562,6383
0.209318502,6382
0.209322028,6381
0.209325396,6380
0.20932879,6379
0.209335368,6378
0.209340633,6377
0.209343825,6376
0.20934684,6375
0.209349907,6374
0.209353464,6373
0.209356907,6372
0.209359733,6371
0.20936291,6370
0.209366039,6369
0.209369167,6368
0.209372062,6367
0.209374735,6366
0.209377673,6365
0.209380628,6364
0.209383728,6363
0.209386214,6362
0.209389819,6361
0.209393825,6360
0.209410392,6359
0.209818146,6358
0.20982158,6357
0.209826068,6356
0.209830867,6355
0.209837026,6354
0.209842004,6353
0.209846104,6352
0.20985052,6351
0.209854024,6350
0.209857812,6349
0.209862642,6348
0.209866148,6347
0.209869169,6346
0.209872677,6345
0.209877424,6344
0.209880999,6343
0.209883718,6342
0.209886683,6341
0.209892583,6340
0.209895878,6339
0.209903653,6338
0.209907197,6337
0.20991076,6336
0.209914162,6335
0.209918015,6334
0.209921747,6333
0.209927248,6332
0.20993139,6331
0.20993788,6330
0.20994811,6329
0.209953383,6328
0.209956699,6327
0.209961043,6326
0.209964115,6325
0.20996731,6324
0.209973668,6323
0.209976804,6322
0.209980971,6321
0.209985418,6320
0.209988838,6319
0.209994707,6318
0.209998789,6317
0.210002414,6316
0.210005509,6315
0.210008521,6314
0.210011979,6313
0.210015733,6312
0.210022927,6311
0.210027438,6310
0.210032236,6309
0.210036641,6308
0.21004218,6307
0.210082355,6306
0.210088054,6305
0.210129938,6304
0.210136671,6303
0.210168821,6302
0.210207013,6301
0.210213085,6300
0.210252321,6299
0.210263214,6298
0.210284476,6297
0.210288745,6296
0.210292619,6295
0.210300179,6294
0.210304265,6293
0.21030886,6292
0.210312576,6291
0.210323624,6290
0.210328397,6289
0.210333304,6288
0.210338414,6287
0.210342238,6286
0.210345454,6285
0.210348479,6284
0.210351459,6283
0.21035464,6282
0.210357745,6281
0.210360788,6280
0.210363921,6279
0.210370045,6278
0.210373081,6277
0.210376705,6276
0.210382911,6275
0.210385521,6274
0.210391172,6273
0.210395377,6272
0.210398214,6271
0.210400898,6270
0.210405674,6269
0.210409122,6268
0.210411678,6267
0.210414386,6266
0.210417069,6265
0.210420039,6264
0.210422862,6263
0.210425986,6262
0.21042904,6261
0.21043198,6260
0.210435277,6259
0.210438241,6258
0.210441372,6257
0.21044625,6256
0.210448929,6255
0.210452684,6254
0.210455935,6253
0.210459897,6252
0.210464296,6251
0.210466903,6250
0.210469661,6249
0.210472521,6248
0.210475833,6247
0.210478646,6246
0.21048264,6245
0.21048544,6244
0.210488665,6243
0.210491494,6242
0.210495279,6241
0.210497882,6240
0.21050072,6239
0.210503379,6238
0.210507347,6237
0.210510093,6236
0.210514889,6235
0.210518944,6234
0.210521427,6233
0.210523912,6232
0.210528762,6231
0.210531535,6230
0.210536087,6229
0.210539018,6228
0.210541844,6227
0.210544636,6226
0.210581816,6225
0.21058647,6224
0.210590397,6223
0.210593629,6222
0.210597039,6221
0.210600193,6220
0.210605208,6219
0.21061325,6218
0.21061657,6217
0.210620943,6216
0.210625177,6215
0.210632532,6214
0.210635971,6213
0.210639222,6212
0.210642339,6211
0.210647261,6210
0.210651049,6209
0.210655058,6208
0.210659263,6207
0.210663634,6206
0.210668312,6205
0.210672064,6204
0.210676658,6203
0.210680869,6202
0.210685331,6201
0.210690279,6200
0.210696509,6199
0.210701209,6198
0.210705381,6197
0.210709734,6196
0.210729054,6195
0.210733542,6194
0.210737379,6193
0.210741197,6192
0.210759828,6191
0.210763999,6190
0.210768795,6189
0.210777264,6188
0.210780857,6187
0.210784629,6186
0.210787981,6185
0.210794242,6184
0.210798465,6183
0.21080277,6182
0.210806797,6181
0.210810937,6180
0.210817159,6179
0.210821178,6178
0.210826524,6177
0.210829904,6176
0.210845067,6175
0.210851217,6174
0.210856144,6173
0.210860121,6172
0.210869453,6171
0.2108737,6170
0.210878025,6169
0.210884263,6168
0.210888043,6167
0.210891906,6166
0.210898032,6165
0.210903032,6164
0.210907537,6163
0.210912,6162
0.210915838,6161
0.210926601,6160
0.210931159,6159
0.210936793,6158
0.210942058,6157
0.21094686,6156
0.210950837,6155
0.210954851,6154
0.210959077,6153
0.210963613,6152
0.210966829,6151
0.210969383,6150
0.210972988,6149
0.210976094,6148
0.21097909,6147
0.210982091,6146
0.210984967,6145
0.210987805,6144
0.210990443,6143
0.210993769,6142
0.210997998,6141
0.211001849,6140
0.211006441,6139
0.211010379,6138
0.211014181,6137
0.211018363,6136
0.211022429,6135
0.211027433,6134
0.211030828,6133
0.211067674,6132
0.211070587,6131
0.211074599,6130
0.211077753,6129
0.21108317,6128
0.211085857,6127
0.211089985,6126
0.211093403,6125
0.211097416,6124
0.211100849,6123
0.211104418,6122
0.211109585,6121
0.21111465,6120
0.211117352,6119
0.21112298,6118
0.211126522,6117
0.211132174,6116
0.211139096,6115
0.211142298,6114
0.211146939,6113
0.211153537,6112
0.21115972,6111
0.211163966,6110
0.211166999,6109
0.211170431,6108
0.211174333,6107
0.211177901,6106
0.211181745,6105
0.211186375,6104
0.211191431,6103
0.211196544,6102
0.211218516,6101
0.211222505,6100
0.211228305,6099
0.21123405,6098
0.21124005,6097
0.211245413,6096
0.211248865,6095
0.211253101,6094
0.211257581,6093
0.211298415,6092
0.211301602,6091
0.211306051,6090
0.21131138,6089
0.211314537,6088
0.211318432,6087
0.211321444,6086
0.21132673,6085
0.211330999,6084
0.211339046,6083
0.211342172,6082
0.211682034,6081
0.21168535,6080
0.211690832,6079
0.211694467,6078
0.211698173,6077
0.211702018,6076
0.211707836,6075
0.211712924,6074
0.211716019,6073
0.211720305,6072
0.211724839,6071
0.211731692,6070
0.211735689,6069
0.211738801,6068
0.211743174,6067
0.211745936,6066
0.211748808,6065
0.211753023,6064
0.211756259,6063
0.211759773,6062
0.211763014,6061
0.211766096,6060
0.211769288,6059
0.211772436,6058
0.211775826,6057
0.21177958,6056
0.211785796,6055
0.211789251,6054
0.211794096,6053
0.211797051,6052
0.211799759,6051
0.21180322,6050
0.211806742,6049
0.211811061,6048
0.211816642,6047
0.211820194,6046
0.211823664,6045
0.211827078,6044
0.21183014,6043
0.211833286,6042
0.211836259,6041
0.211840382,6040
0.211845573,6039
0.211850445,6038
0.21185352,6037
0.211856825,6036
0.211860257,6035
0.211867461,6034
0.211872109,6033
0.211880667,6032
0.211885031,6031
0.211889649,6030
0.211893655,6029
0.211900589,6028
0.211904845,6027
0.211908496,6026
0.211912071,6025
0.211915241,6024
0.211918523,6023
0.211923097,6022
0.211926236,6021
0.2119296,6020
0.211932821,6019
0.211938477,6018
0.211941684,6017
0.211946383,6016
0.211951197,6015
0.211954112,6014
0.211957782,6013
0.211962362,6012
0.211965954,6011
0.21197163,6010
0.211975552,6009
0.211980387,6008
0.211983626,6007
0.211986691,6006
0.211989987,6005
0.211992867,6004
0.21199624,6003
0.21200038,6002
0.212003294,6001
0.212006485,6000
0.212010765,5999
0.212015204,5998
0.212022996,5997
0.21202851,5996
0.212032518,5995
0.212037033,5994
0.212042818,5993
0.21204678,5992
0.21205237,5991
0.212055391,5990
0.212059456,5989
0.212063568,5988
0.212068809,5987
0.212071756,5986
0.212074983,5985
0.212088976,5984
0.21209277,5983
0.212099771,5982
0.21210381,5981
0.212109063,5980
0.212117073,5979
0.212123784,5978
0.212130531,5977
0.212134534,5976
0.212144508,5975
0.212151609,5974
0.212155295,5973
0.212159526,5972
0.212163791,5971
0.212173502,5970
0.212179037,5969
0.212185217,5968
0.21219011,5967
0.2121939,5966
0.21219765,5965
0.212200929,5964
0.212204222,5963
0.212207328,5962
0.212210412,5961
0.212213375,5960
0.212216685,5959
0.212221874,5958
0.212225018,5957
0.212228726,5956
0.212232043,5955
0.21223545,5954
0.21224214,5953
0.212246463,5952
0.212250651,5951
0.212255157,5950
0.212264155,5949
0.212267845,5948
0.21227216,5947
0.212277728,5946
0.212281695,5945
0.212285597,5944
0.21229146,5943
0.212295143,5942
0.212299696,5941
0.212305769,5940
0.212311954,5939
0.212319488,5938
0.212323195,5937
0.212328555,5936
0.212333569,5935
0.212338193,5934
0.21234199,5933
0.212345697,5932
0.212351031,5931
0.212357018,5930
0.212362326,5929
0.212367226,5928
0.212371738,5927
0.212377506,5926
0.212381645,5925
0.212386244,5924
0.212390714,5923
0.21239667,5922
0.212404066,5921
0.212408154,5920
0.212411827,5919
0.212415339,5918
0.212419479,5917
0.212423357,5916
0.212427212,5915
0.212432794,5914
0.212436848,5913
0.212441054,5912
0.212446719,5911
0.212450986,5910
0.212458878,5909
0.212463019,5908
0.212468593,5907
0.212472866,5906
0.212476803,5905
0.212492766,5904
0.212497781,5903
0.212535133,5902
0.212540943,5901
0.212546049,5900
0.212551106,5899
0.212555946,5898
0.212561999,5897
0.212567803,5896
0.21257531,5895
0.212585497,5894
0.212590977,5893
0.212595777,5892
0.212600663,5891
0.212607465,5890
0.212611591,5889
0.212614744,5888
0.212618294,5887
0.212621828,5886
0.212625897,5885
0.212631574,5884
0.212636211,5883
0.21264222,5882
0.212647057,5881
0.212650882,5880
0.212676473,5879
0.21268017,5878
0.212683262,5877
0.212690622,5876
0.212694049,5875
0.212697328,5874
0.21270178,5873
0.212707497,5872
0.212711221,5871
0.212717703,5870
0.21272166,5869
0.212729258,5868
0.212733174,5867
0.212740492,5866
0.212744206,5865
0.212747612,5864
0.212751877,5863
0.212756408,5862
0.212761494,5861
0.212767462,5860
0.212771717,5859
0.212775587,5858
0.212783987,5857
0.212787517,5856
0.212790886,5855
0.212794475,5854
0.212797946,5853
0.212804482,5852
0.212808052,5851
0.212812806,5850
0.212816061,5849
0.212819315,5848
0.21282286,5847
0.212826393,5846
0.212831254,5845
0.212834422,5844
0.212839092,5843
0.212842445,5842
0.212847607,5841
0.212850646,5840
0.212853508,5839
0.212859634,5838
0.212863221,5837
0.212866891,5836
0.212870697,5835
0.212874059,5834
0.212877488,5833
0.212880528,5832
0.212883729,5831
0.212888065,5830
0.212894248,5829
0.212897343,5828
0.212900866,5827
0.212905282,5826
0.212908957,5825
0.212912314,5824
0.212917646,5823
0.212922354,5822
0.212926459,5821
0.212929832,5820
0.212933404,5819
0.212942008,5818
0.212945546,5817
0.212948686,5816
0.212951886,5815
0.212957019,5814
0.212961797,5813
0.212964848,5812
0.212969062,5811
0.212983889,5810
0.212988188,5809
0.212991861,5808
0.212995657,5807
0.213002755,5806
0.213007298,5805
0.21301349,5804
0.21301716,5803
0.21348272,5802
0.213486478,5801
0.213490188,5800
0.213498433,5799
0.213507053,5798
0.213511644,5797
0.213515486,5796
0.213520201,5795
0.213525354,5794
0.213530268,5793
0.213536263,5792
0.213541249,5791
0.213545514,5790
0.213552163,5789
0.21355691,5788
0.213560343,5787
0.213570406,5786
0.213574871,5785
0.213578534,5784
0.213584146,5783
0.213588971,5782
0.213592564,5781
0.213596211,5780
0.213602562,5779
0.213608073,5778
0.213611139,5777
0.213616225,5776
0.213620833,5775
0.213624395,5774
0.213628541,5773
0.213633869,5772
0.213637101,5771
0.213641443,5770
0.213644676,5769
0.213648337,5768
0.21365541,5767
0.213658531,5766
0.213664177,5765
0.21366962,5764
0.213673251,5763
0.213677031,5762
0.213680548,5761
0.213689697,5760
0.21369325,5759
0.213697854,5758
0.213702433,5757
0.213706565,5756
0.213710954,5755
0.213715274,5754
0.213719558,5753
0.213724678,5752
0.213729086,5751
0.213732251,5750
0.213735517,5749
0.213738413,5748
0.213741876,5747
0.213744993,5746
0.213750529,5745
0.213753265,5744
0.213758556,5743
0.213764389,5742
0.213767837,5741
0.213771434,5740
0.213775626,5739
0.213778819,5738
0.213783077,5737
0.213788418,5736
0.213794156,5735
0.213797498,5734
0.21380193,5733
0.213809232,5732
0.213813552,5731
0.21382524,5730
0.213828898,5729
0.213833899,5728
0.213838691,5727
0.21384264,5726
0.213854029,5725
0.213858596,5724
0.213861915,5723
0.213870818,5722
0.213877774,5721
0.213882193,5720
0.21388915,5719
0.213895553,5718
0.213901703,5717
0.213905751,5716
0.213915316,5715
0.213923037,5714
0.213927053,5713
0.213934865,5712
0.213948913,5711
0.213953313,5710
0.21395919,5709
0.213964073,5708
0.213968248,5707
0.213974763,5706
0.214037164,5705
0.21404243,5704
0.214048789,5703
0.214056154,5702
0.214060618,5701
0.214065747,5700
0.214073728,5699
0.2140796,5698
0.21408389,5697
0.214089985,5696
0.214096865,5695
0.214101819,5694
0.21410753,5693
0.214113807,5692
0.214123931,5691
0.214128153,5690
0.21413273,5689
0.214136793,5688
0.214144059,5687
0.214170796,5686
0.214174096,5685
0.214178464,5684
0.214181591,5683
0.214208026,5682
0.214212274,5681
0.214216457,5680
0.214220386,5679
0.214232128,5678
0.214242016,5677
0.21425465,5676
0.214258748,5675
0.214262896,5674
0.214269318,5673
0.21427529,5672
0.214283112,5671
0.214291095,5670
0.214295975,5669
0.214300563,5668
0.214306388,5667
0.214314794,5666
0.214322158,5665
0.214329173,5664
0.214336428,5663
0.214340805,5662
0.214346258,5661
0.214355339,5660
0.21435966,5659
0.214364353,5658
0.214371947,5657
0.21441069,5656
0.214416659,5655
0.214420721,5654
0.214427657,5653
0.214431438,5652
0.214436776,5651
0.214440459,5650
0.214445317,5649
0.214448198,5648
0.214452756,5647
0.214457042,5646
0.21446044,5645
0.214463873,5644
0.214469936,5643
0.214506583,5642
0.214514147,5641
0.214523449,5640
0.214528561,5639
0.214534536,5638
0.214541067,5637
0.214545732,5636
0.214550353,5635
0.214554273,5634
0.214560076,5633
0.214564393,5632
0.214568302,5631
0.214572555,5630
0.214576847,5629
0.214581222,5628
0.214597083,5627
0.214603302,5626
0.214606022,5625
0.214611839,5624
0.214620897,5623
0.214625056,5622
0.214629822,5621
0.214634294,5620
0.214643899,5619
0.214647235,5618
0.214653023,5617
0.214656325,5616
0.214660893,5615
0.214665303,5614
0.214669176,5613
0.214674182,5612
0.214683219,5611
0.214691842,5610
0.21470001,5609
0.214703048,5608
0.214777012,5607
0.214790401,5606
0.214796464,5605
0.214799815,5604
0.21480347,5603
0.214808162,5602
0.21481232,5601
0.21481668,5600
0.214821795,5599
0.214825408,5598
0.214830002,5597
0.21483835,5596
0.2148442,5595
0.21485223,5594
0.214870572,5593
0.214873795,5592
0.214876871,5591
0.214879618,5590
0.214885599,5589
0.214890871,5588
0.214894323,5587
0.214899083,5586
0.214902196,5585
0.214905667,5584
0.214911452,5583
0.214915033,5582
0.214919273,5581
0.214922331,5580
0.214928502,5579
0.214933722,5578
0.214936833,5577
0.214939695,5576
0.214944285,5575
0.214946764,5574
0.214950024,5573
0.214952505,5572
0.214955747,5571
0.214959702,5570
0.21496253,5569
0.21496543,5568
0.21496835,5567
0.214971273,5566
0.214979002,5565
0.214981915,5564
0.214984815,5563
0.215311018,5562
0.21531472,5561
0.215324283,5560
0.215329018,5559
0.215334519,5558
0.215341032,5557
0.215343974,5556
0.215346715,5555
0.215350599,5554
0.215354418,5553
0.215360722,5552
0.215363436,5551
0.215369197,5550
0.215373088,5549
0.215376628,5548
0.215379419,5547
0.215382237,5546
0.215386072,5545
0.215390557,5544
0.21539797,5543
0.21540053,5542
0.21540999,5541
0.215420294,5540
0.215424534,5539
0.215434103,5538
0.215437397,5537
0.215440893,5536
0.215448952,5535
0.215452425,5534
0.215455664,5533
0.215458887,5532
0.215464375,5531
0.215487145,5530
0.215491719,5529
0.215500679,5528
0.215504349,5527
0.21550751,5526
0.215510982,5525
0.2155168,5524
0.215525275,5523
0.215540268,5522
0.215544111,5521
0.215547156,5520
0.215563816,5519
0.215566832,5518
0.215569573,5517
0.215577048,5516
0.215583395,5515
0.215588112,5514
0.215591369,5513
0.215594293,5512
0.215605245,5511
0.21560928,5510
0.215616526,5509
0.21561948,5508
0.215625057,5507
0.215628727,5506
0.215631245,5505
0.215634204,5504
0.215636886,5503
0.215639483,5502
0.215643625,5501
0.215646301,5500
0.215685791,5499
0.215688467,5498
0.215695949,5497
0.215699317,5496
0.215702762,5495
0.215713452,5494
0.215720498,5493
0.215724514,5492
0.215731532,5491
0.215734734,5490
0.215741246,5489
0.215745065,5488
0.215753323,5487
0.215756526,5486
0.215762399,5485
0.215765421,5484
0.215768688,5483
0.215773466,5482
0.215810673,5481
0.215816724,5480
0.215822963,5479
0.215826834,5478
0.215893337,5477
0.215896742,5476
0.215904777,5475
0.215911342,5474
0.21591614,5473
0.215940066,5472
0.215946406,5471
0.215953336,5470
0.215962419,5469
0.215971122,5468
0.215977862,5467
0.215992814,5466
0.215998215,5465
0.216005585,5464
0.216010996,5463
0.216017697,5462
0.216027817,5461
0.216034464,5460
0.216040452,5459
0.216056195,5458
0.216061995,5457
0.216073022,5456
0.216079143,5455
0.216083302,5454
0.216090118,5453
0.21609553,5452
0.216101685,5451
0.216135571,5450
0.216140297,5449
0.216151653,5448
0.216157636,5447
0.216167063,5446
0.216182524,5445
0.21619031,5444
0.216195862,5443
0.216203904,5442
0.216209539,5441
0.216213772,5440
0.216217953,5439
0.216222322,5438
0.216227227,5437
0.216231916,5436
0.216237655,5435
0.216246363,5434
0.216250165,5433
0.216255148,5432
0.216260216,5431
0.216268617,5430
0.21627419,5429
0.216278105,5428
0.216288169,5427
0.216293367,5426
0.21630049,5425
0.216307865,5424
0.216315284,5423
0.21634086,5422
0.216357707,5421
0.216361732,5420
0.216365296,5419
0.21636928,5418
0.216375617,5417
0.216380212,5416
0.216384549,5415
0.216387952,5414
0.216391467,5413
0.216397315,5412
0.216400415,5411
0.216407538,5410
0.21641267,5409
0.216417612,5408
0.216423924,5407
0.216428495,5406
0.216431481,5405
0.216434491,5404
0.216438622,5403
0.216441712,5402
0.216446961,5401
0.216453973,5400
0.21646141,5399
0.216466903,5398
0.216470312,5397
0.216474946,5396
0.216479073,5395
0.216481828,5394
0.216487053,5393
0.216497339,5392
0.216501884,5391
0.216514231,5390
0.216517752,5389
0.216524897,5388
0.216535926,5387
0.216544394,5386
0.216552609,5385
0.216556841,5384
0.21656336,5383
0.216567345,5382
0.216572585,5381
0.216576504,5380
0.216585023,5379
0.216589675,5378
0.216605493,5377
0.216643079,5376
0.216649574,5375
0.217159476,5374
0.217167839,5373
0.217181432,5372
0.217186656,5371
0.217191384,5370
0.217198113,5369
0.217203888,5368
0.217210352,5367
0.217219712,5366
0.217224622,5365
0.217234337,5364
0.217242159,5363
0.217300428,5362
0.21730723,5361
0.217319011,5360
0.217324727,5359
0.21732965,5358
0.217333938,5357
0.217481295,5356
0.21749918,5355
0.217504958,5354
0.217512287,5353
0.217563031,5352
0.217609771,5351
0.21761626,5350
0.217621169,5349
0.21763546,5348
0.21763933,5347
0.217642542,5346
0.21765181,5345
0.217671076,5344
0.217676524,5343
0.217681356,5342
0.217688107,5341
0.217691291,5340
0.217695289,5339
0.217698274,5338
0.217704489,5337
0.217713339,5336
0.217718168,5335
0.217727361,5334
0.217734114,5333
0.217757275,5332
0.217764066,5331
0.217768792,5330
0.217778845,5329
0.217788908,5328
0.217796734,5327
0.217829989,5326
0.217835712,5325
0.217888713,5324
0.217898525,5323
0.217909447,5322
0.217941506,5321
0.217947283,5320
0.217953096,5319
0.217958994,5318
0.217969312,5317
0.217980055,5316
0.218022627,5315
0.218033093,5314
0.218040915,5313
0.21804654,5312
0.218051978,5311
0.218064101,5310
0.218072188,5309
0.218077511,5308
0.218091281,5307
0.218105026,5306
0.218111648,5305
0.218149238,5304
0.218155726,5303
0.218160526,5302
0.218164793,5301
0.218174093,5300
0.218178871,5299
0.218184741,5298
0.218190152,5297
0.21819763,5296
0.218250491,5295
0.218291824,5294
0.218302759,5293
0.218311189,5292
0.218371296,5291
0.218375389,5290
0.218379572,5289
0.218388125,5288
0.218393037,5287
0.218400686,5286
0.218412033,5285
0.21842869,5284
0.218445267,5283
0.218452768,5282
0.218461478,5281
0.218467672,5280
0.218475087,5279
0.218490606,5278
0.218509622,5277
0.218516317,5276
0.218534809,5275
0.21854836,5274
0.218558133,5273
0.218564856,5272
0.218575908,5271
0.218581356,5270
0.21858863,5269
0.218595288,5268
0.218604599,5267
0.218642153,5266
0.218651845,5265
0.218661195,5264
0.218668963,5263
0.218675587,5262
0.218683449,5261
0.218692737,5260
0.218696636,5259
0.218699936,5258
0.218704092,5257
0.218739153,5256
0.218753144,5255
0.218758841,5254
0.21876856,5253
0.218772501,5252
0.218780981,5251
0.218793494,5250
0.218798644,5249
0.218804008,5248
0.21881807,5247
0.218837073,5246
0.218854463,5245
0.218859387,5244
0.218895124,5243
0.218901694,5242
0.218919738,5241
0.218926713,5240
0.218942448,5239
0.218952373,5238
0.218962304,5237
0.218971635,5236
0.218979042,5235
0.218995583,5234
0.219000448,5233
0.219005087,5232
0.219015866,5231
0.220741706,5230
0.220759163,5229
0.220854136,5228
0.220972175,5227
0.220981,5226
0.221018241,5225
0.221027887,5224
0.221033658,5223
0.221042075,5222
0.221048267,5221
0.221060263,5220
0.221072984,5219
0.221077506,5218
0.221082415,5217
0.221087331,5216
0.221123091,5215
0.221130572,5214
0.221137333,5213
0.221148375,5212
0.221189865,5211
0.221197136,5210
0.221204184,5209
0.221209872,5208
0.221251391,5207
0.221257177,5206
0.221264543,5205
0.221274038,5204
0.221278464,5203
0.221284294,5202
0.221289102,5201
0.221304566,5200
0.221318452,5199
0.221323438,5198
0.221326877,5197
0.221330076,5196
0.221333398,5195
0.221337259,5194
0.22134502,5193
0.221348245,5192
0.221352705,5191
0.221363984,5190
0.221380452,5189
0.221385034,5188
0.221408668,5187
0.221413087,5186
0.221419786,5185
0.221455216,5184
0.221461793,5183
0.221466043,5182
0.221471705,5181
0.221482881,5180
0.221498235,5179
0.221507414,5178
0.221524254,5177
0.221529033,5176
0.22153421,5175
0.221537422,5174
0.221544683,5173
0.221551492,5172
0.221555504,5171
0.221562324,5170
0.221566625,5169
0.221577119,5168
0.221582163,5167
0.221627166,5166
0.221645828,5165
0.221686747,5164
0.221694082,5163
0.221737173,5162
0.221741383,5161
0.221749689,5160
0.22177536,5159
0.22179078,5158
0.22181469,5157
0.221837189,5156
0.221854755,5155
0.221970741,5154
0.222007621,5153
0.222024025,5152
0.222072431,5151
0.222084434,5150
0.222096478,5149
0.222111719,5148
0.222118351,5147
0.222125648,5146
0.222147894,5145
0.22215702,5144
0.222160798,5143
0.222165451,5142
0.222168839,5141
0.222186434,5140
0.222191156,5139
0.222197083,5138
0.222216256,5137
0.222221456,5136
0.222232482,5135
0.222237452,5134
0.222262388,5133
0.222270766,5132
0.222280534,5131
0.22228762,5130
0.222317019,5129
0.222321226,5128
0.222350987,5127
0.2223584,5126
0.222407026,5125
0.222414727,5124
0.222420349,5123
0.222427664,5122
0.222480371,5121
0.222488728,5120
0.222492905,5119
0.222517584,5118
0.222527283,5117
0.222532083,5116
0.22253687,5115
0.222547132,5114
0.222550926,5113
0.222558673,5112
0.222563641,5111
0.222566836,5110
0.222579824,5109
0.222588564,5108
0.222592198,5107
0.222945766,5106
0.222949454,5105
0.222959443,5104
0.222963554,5103
0.222966698,5102
0.222977771,5101
0.222989178,5100
0.222992768,5099
0.222999565,5098
0.223023044,5097
0.223027373,5096
0.223036236,5095
0.223054167,5094
0.223072583,5093
0.22309059,5092
0.223099541,5091
0.223106038,5090
0.223157719,5089
0.223178636,5088
0.223182297,5087
0.223191487,5086
0.223288966,5085
0.223301475,5084
0.223310551,5083
0.22331718,5082
0.223343058,5081
0.223371156,5080
0.223377457,5079
0.223384121,5078
0.223390378,5077
0.223396457,5076
0.223401772,5075
0.22340733,5074
0.223411416,5073
0.223416742,5072
0.223424734,5071
0.223444395,5070
0.223447226,5069
0.223456782,5068
0.223460787,5067
0.223465723,5066
0.223470192,5065
0.223475607,5064
0.223478902,5063
0.223481736,5062
0.22350173,5061
0.223505208,5060
0.223523769,5059
0.223552415,5058
0.223561149,5057
0.223565933,5056
0.223571687,5055
0.223575583,5054
0.223585716,5053
0.223593464,5052
0.223600029,5051
0.223605607,5050
0.223613932,5049
0.223618052,5048
0.223627514,5047
0.223632728,5046
0.223642589,5045
0.223658466,5044
0.223664962,5043
0.223676779,5042
0.223681765,5041
0.223699032,5040
0.223755298,5039
0.223763048,5038
0.22379771,5037
0.223855363,5036
0.223885709,5035
0.223894748,5034
0.223936839,5033
0.223945308,5032
0.224012577,5031
0.224021791,5030
0.224062338,5029
0.224070076,5028
0.224079847,5027
0.224113133,5026
0.224160787,5025
0.224169024,5024
0.224246819,5023
0.224256898,5022
0.224277444,5021
0.224291855,5020
0.22430072,5019
0.224306712,5018
0.224334154,5017
0.22435025,5016
0.224360308,5015
0.224373985,5014
0.224392662,5013
0.224402315,5012
0.224407366,5011
0.224413189,5010
0.224421954,5009
0.224439826,5008
0.224447438,5007
0.224453465,5006
0.224458641,5005
0.224463628,5004
0.224483165,5003
0.224492618,5002
0.22449761,5001
0.224505366,5000
0.224515979,4999
0.224522796,4998
0.224532564,4997
0.224535646,4996
0.224554674,4995
0.224558492,4994
0.224563005,4993
0.22458089,4992
0.224586151,4991
0.224592165,4990
0.224597717,4989
0.22492176,4988
0.224933055,4987
0.224942439,4986
0.224966928,4985
0.224990613,4984
0.225041847,4983
0.225047684,4982
0.225067707,4981
0.225086416,4980
0.225103401,4979
0.22513356,4978
0.22513967,4977
0.22514672,4976
0.225156943,4975
0.22518834,4974
0.225244449,4973
0.225258938,4972
0.225273774,4971
0.22529161,4970
0.225298873,4969
0.225326881,4968
0.225342152,4967
0.225368576,4966
0.225384068,4965
0.225408527,4964
0.225432074,4963
0.225452728,4962
0.225481882,4961
0.225489287,4960
0.22549436,4959
0.225501363,4958
0.225520724,4957
0.225560014,4956
0.225566274,4955
0.225582374,4954
0.225589094,4953
0.225599695,4952
0.225605295,4951
0.225631826,4950
0.225642506,4949
0.225653234,4948
0.225667614,4947
0.225677117,4946
0.225686654,4945
0.22570529,4944
0.225738405,4943
0.225771337,4942
0.22582406,4941
0.225875367,4940
0.226108796,4939
0.226155158,4938
0.226178401,4937
0.226200107,4936
0.226280994,4935
0.226351265,4934
0.226428732,4933
0.226445041,4932
0.226450778,4931
0.226488459,4930
0.226495589,4929
0.226505004,4928
0.226518754,4927
0.226528704,4926
0.226564289,4925
0.226570532,4924
0.226582764,4923
0.226620602,4922
0.226680948,4921
0.22672126,4920
0.226726232,4919
0.22673239,4918
0.226737906,4917
0.226774393,4916
0.226805868,4915
0.227347187,4914
0.227363892,4913
0.227602107,4912
0.227645205,4911
0.227693384,4910
0.227731898,4909
0.227738706,4908
0.22777358,4907
0.22778321,4906
0.227825012,4905
0.227998286,4904
0.22801745,4903
0.228048755,4902
0.228059947,4901
0.228107832,4900
0.228165438,4899
0.228203658,4898
0.228210005,4897
0.228217476,4896
0.228222197,4895
0.228246355,4894
0.228290303,4893
0.228307723,4892
0.228418504,4891
0.22842818,4890
0.228462204,4889
0.228498496,4888
0.228504543,4887
0.228553661,4886
0.228559908,4885
0.228612991,4884
0.228687744,4883
0.228758673,4882
0.228768123,4881
0.228825473,4880
0.228871872,4879
0.228913737,4878
0.228989744,4877
0.229037855,4876
0.229043027,4875
0.22905293,4874
0.229063708,4873
0.22911272,4872
0.229157365,4871
0.229170828,4870
0.229230513,4869
0.229234683,4868
0.229272029,4867
0.229291512,4866
0.22934555,4865
0.229354639,4864
0.229666491,4863
0.229681474,4862
0.22970008,4861
0.229713153,4860
0.229716066,4859
0.229719028,4858
0.229726057,4857
0.229741286,4856
0.229749196,4855
0.229753604,4854
0.229761591,4853
0.229764601,4852
0.229776315,4851
0.229784421,4850
0.229790212,4849
0.229798581,4848
0.229802025,4847
0.229837232,4846
0.229844733,4845
0.229878472,4844
0.229882838,4843
0.22989275,4842
0.229900135,4841
0.229911127,4840
0.229927706,4839
0.229944524,4838
0.229963664,4837
0.229969993,4836
0.229979662,4835
0.229983952,4834
0.229995718,4833
0.230019756,4832
0.230033157,4831
0.230043056,4830
0.230065879,4829
0.230081108,4828
0.230089258,4827
0.230097579,4826
0.230103385,4825
0.230107932,4824
0.23011394,4823
0.230118642,4822
0.230152442,4821
0.230159272,4820
0.230489299,4819
0.230521498,4818
0.230536258,4817
0.230554242,4816
0.230579915,4815
0.2305832,4814
0.230587628,4813
0.230594574,4812
0.230619645,4811
0.230624071,4810
0.230641805,4809
0.230657535,4808
0.230660527,4807
0.230672859,4806
0.230676304,4805
0.230679683,4804
0.230706408,4803
0.230711979,4802
0.230735609,4801
0.230741046,4800
0.230773596,4799
0.23079932,4798
0.230822591,4797
0.230836906,4796
0.231165975,4795
0.231181239,4794
0.231206607,4793
0.231233474,4792
0.231286008,4791
0.231305015,4790
0.231309229,4789
0.231364905,4788
0.231395082,4787
0.231406233,4786
0.231421395,4785
0.231430289,4784
0.23144772,4783
0.231455872,4782
0.23146185,4781
0.231475773,4780
0.231479785,4779
0.231487468,4778
0.231495828,4777
0.231742323,4776
0.231752333,4775
0.231772927,4774
0.231778711,4773
0.23178449,4772
0.231789387,4771
0.231812714,4770
0.231821042,4769
0.231830714,4768
0.231846412,4767
0.23185665,4766
0.231867349,4765
0.231871349,4764
0.232030388,4763
0.232034213,4762
0.232086179,4761
0.232101057,4760
0.232137525,4759
0.232252164,4758
0.232268825,4757
0.23242693,4756
0.232439446,4755
0.232780504,4754
0.232791459,4753
0.232890893,4752
0.232895457,4751
0.233085898,4750
