0.433599168,10181
0.433725343,10180
0.433828739,10179
0.433925452,10178
0.434030337,10177
0.434083276,10176
0.434126666,10175
0.434143743,10174
0.434156897,10173
0.434167654,10172
0.434223177,10171
0.434254469,10170
0.434309541,10169
0.434386841,10168
0.434400639,10167
0.434410773,10166
0.434419612,10165
0.434431944,10164
0.434440097,10163
0.434447494,10162
0.434474197,10161
0.434484138,10160
0.434492497,10159
0.434500567,10158
0.434509178,10157
0.434518025,10156
0.434525397,10155
0.43453669,10154
0.434558175,10153
0.434566081,10152
0.434573677,10151
0.434581351,10150
0.434598221,10149
0.434615025,10148
0.434626606,10147
0.434635334,10146
0.434642467,10145
0.434649434,10144
0.434656544,10143
0.434663788,10142
0.43467077,10141
0.434679296,10140
0.434687692,10139
0.434727158,10138
0.434735379,10137
0.434743806,10136
0.434752994,10135
0.434759995,10134
0.434767043,10133
0.434773698,10132
0.434780415,10131
0.434788029,10130
0.434795899,10129
0.434803845,10128
0.434810955,10127
0.434818071,10126
0.434824903,10125
0.43483134,10124
0.434838063,10123
0.434876329,10122
0.434883668,10121
0.434903151,10120
0.434908241,10119
0.434913382,10118
0.434921649,10117
0.434929237,10116
0.434934551,10115
0.434940255,10114
0.434945749,10113
0.43495111,10112
0.434956638,10111
0.434961327,10110
0.434978798,10109
0.434984731,10108
0.434990196,10107
0.434995902,10106
0.435022622,10105
0.435029483,10104
0.435034443,10103
0.435038988,10102
0.435044218,10101
0.43504926,10100
0.435055102,10099
0.435080995,10098
0.435087579,10097
0.435094822,10096
0.435101616,10095
0.435107345,10094
0.435113261,10093
0.43511843,10092
0.435123609,10091
0.435129416,10090
0.435135079,10089
0.435140731,10088
0.435145709,10087
0.435150207,10086
0.435155942,10085
0.43516182,10084
0.435168029,10083
0.435173626,10082
0.435178473,10081
0.435183691,10080
0.435188944,10079
0.435194845,10078
0.43520114,10077
0.435206555,10076
0.43521263,10075
0.435218608,10074
0.435224032,10073
0.435229352,10072
0.435234159,10071
0.435243419,10070
0.435252905,10069
0.435256721,10068
0.435260112,10067
0.43526484,10066
0.435269342,10065
0.435274002,10064
0.435279384,10063
0.435284143,10062
0.43528899,10061
0.435293895,10060
0.435298809,10059
0.435302571,10058
0.435306006,10057
0.435309369,10056
0.435313246,10055
0.435327672,10054
0.435331824,10053
0.435337059,10052
0.435340768,10051
0.435344572,10050
0.435348374,10049
0.435351883,10048
0.435355425,10047
0.43535883,10046
0.43536261,10045
0.435365931,10044
0.435369383,10043
0.435388043,10042
0.435391835,10041
0.435395349,10040
0.435399446,10039
0.435403194,10038
0.435406544,10037
0.435409783,10036
0.435413279,10035
0.435416625,10034
0.435420099,10033
0.435423662,10032
0.435426842,10031
0.435430452,10030
0.43543346,10029
0.43543662,10028
0.435439726,10027
0.435443003,10026
0.435446217,10025
0.435449722,10024
0.435452886,10023
0.435456356,10022
0.435459452,10021
0.435462634,10020
0.435466255,10019
0.435469667,10018
0.43547283,10017
0.435476226,10016
0.435480429,10015
0.435483989,10014
0.435487485,10013
0.435491198,10012
0.435495188,10011
0.435499136,10010
0.435502743,10009
0.435506775,10008
0.435510009,10007
0.435513599,10006
0.435519648,10005
0.435524305,10004
0.435527865,10003
0.435531183,10002
0.435535128,10001
0.43553871,10000
0.435541936,9999
0.435545058,9998
0.435548717,9997
0.435551947,9996
0.43555519,9995
0.4355584,9994
0.435561994,9993
0.43556538,9992
0.435570322,9991
0.43557508,9990
0.435579604,9989
0.438736467,9988
0.438746484,9987
0.438750644,9986
0.438754745,9985
0.438758525,9984
0.438762345,9983
0.438768511,9982
0.438774291,9981
0.438778361,9980
0.438783497,9979
0.438787309,9978
0.43879118,9977
0.438795053,9976
0.438798604,9975
0.438802237,9974
0.43880564,9973
0.438808981,9972
0.438812361,9971
0.438815519,9970
0.438818985,9969
0.438822144,9968
0.438825386,9967
0.438828975,9966
0.438832673,9965
0.438836342,9964
0.438839691,9963
0.438842989,9962
0.438849444,9961
0.438853735,9960
0.438857434,9959
0.438860778,9958
0.438864311,9957
0.438867443,9956
0.438870722,9955
0.438874966,9954
0.438878618,9953
0.438882641,9952
0.438885925,9951
0.438889572,9950
0.438894305,9949
0.438898873,9948
0.438902504,9947
0.438906246,9946
0.438909878,9945
0.438913411,9944
0.438917436,9943
0.43892119,9942
0.438929842,9941
0.438943071,9940
0.43895073,9939
0.438956336,9938
0.438961178,9937
0.438965694,9936
0.43896939,9935
0.438974398,9934
0.438978947,9933
0.438983701,9932
0.438988372,9931
0.438992034,9930
0.438995777,9929
0.438999275,9928
0.439002717,9927
0.439007651,9926
0.439024013,9925
0.43902944,9924
0.439034053,9923
0.439038425,9922
0.43904272,9921
0.4390472,9920
0.439051672,9919
0.439056158,9918
0.439060274,9917
0.439064147,9916
0.439068285,9915
0.439072437,9914
0.439076624,9913
0.439080817,9912
0.439084828,9911
0.43908894,9910
0.439093193,9909
0.439103763,9908
0.439111146,9907
0.439117557,9906
0.439123117,9905
0.439127186,9904
0.439131646,9903
0.439136927,9902
0.439142047,9901
0.439146826,9900
0.439150525,9899
0.439155364,9898
0.439161302,9897
0.439166068,9896
0.439170494,9895
0.439174624,9894
0.439179115,9893
0.439183734,9892
0.439188381,9891
0.439192933,9890
0.439197743,9889
0.439202916,9888
0.43920759,9887
0.439211798,9886
0.439216112,9885
0.439220683,9884
0.439250556,9883
0.43925464,9882
0.439259177,9881
0.439263686,9880
0.43926799,9879
0.439272535,9878
0.439277049,9877
0.439281558,9876
0.439286368,9875
0.439291206,9874
0.439295711,9873
0.439300416,9872
0.439305223,9871
0.439309954,9870
0.439314956,9869
0.439319272,9868
0.439323804,9867
0.439327835,9866
0.439332838,9865
0.43933793,9864
0.439342227,9863
0.439346095,9862
0.439350091,9861
0.43935525,9860
0.439360332,9859
0.439365307,9858
0.439369767,9857
0.439374429,9856
0.439385093,9855
0.439389507,9854
0.439393914,9853
0.43939814,9852
0.439402088,9851
0.439406306,9850
0.439410794,9849
0.439415292,9848
0.439419795,9847
0.439424071,9846
0.439429148,9845
0.439433781,9844
0.43943835,9843
0.439442722,9842
0.439447116,9841
0.439451074,9840
0.439455232,9839
0.439459169,9838
0.439462977,9837
0.439466714,9836
0.439470939,9835
0.439475054,9834
0.439479138,9833
0.439483481,9832
0.439487376,9831
0.439491257,9830
0.43949506,9829
0.439498804,9828
0.439502883,9827
0.439507127,9826
0.439511604,9825
0.439515966,9824
0.439520474,9823
0.439525367,9822
0.439530351,9821
0.439537307,9820
0.439543001,9819
0.439548233,9818
0.439552432,9817
0.439556741,9816
0.439560713,9815
0.439564845,9814
0.439606664,9813
0.439611718,9812
0.439667133,9811
0.439670139,9810
0.43967358,9809
0.439677059,9808
0.439679907,9807
0.439683016,9806
0.439686208,9805
0.439689163,9804
0.439692208,9803
0.439695168,9802
0.439698285,9801
0.439701181,9800
0.439704137,9799
0.439708737,9798
0.439711683,9797
0.439714611,9796
0.439717497,9795
0.439720231,9794
0.439723048,9793
0.439725687,9792
0.439728647,9791
0.439731431,9790
0.439734654,9789
0.439737427,9788
0.439740383,9787
0.439743115,9786
0.439745715,9785
0.439754315,9784
0.439790252,9783
0.439794757,9782
0.439799182,9781
0.439810239,9780
0.439813949,9779
0.439817479,9778
0.439820357,9777
0.439823119,9776
0.43982583,9775
0.439828463,9774
0.439831202,9773
0.439833988,9772
0.439842086,9771
0.439846017,9770
0.439849741,9769
0.439869939,9768
0.439873852,9767
0.439877576,9766
0.439881852,9765
0.439885635,9764
0.439889349,9763
0.439892984,9762
0.439896927,9761
0.439915323,9760
0.439931607,9759
0.439935526,9758
0.439939788,9757
0.439944001,9756
0.439953823,9755
0.439979933,9754
0.439983261,9753
0.439986494,9752
0.439989454,9751
0.43999217,9750
0.439994839,9749
0.439997534,9748
0.440001748,9747
0.440004591,9746
0.440007517,9745
0.440010387,9744
0.440013116,9743
0.440015883,9742
0.440018418,9741
0.440020895,9740
0.440023328,9739
0.440025911,9738
0.440028609,9737
0.440031236,9736
0.440033761,9735
0.44003633,9734
0.440039041,9733
0.440041833,9732
0.440044388,9731
0.44004722,9730
0.440050007,9729
0.440055234,9728
0.440060293,9727
0.44006485,9726
0.440068073,9725
0.44007105,9724
0.440075312,9723
0.440078446,9722
0.440081668,9721
0.440084718,9720
0.440088252,9719
0.440091023,9718
0.44009455,9717
0.440097324,9716
0.440100213,9715
0.440103636,9714
0.440106388,9713
0.440109318,9712
0.440112178,9711
0.440115447,9710
0.440118352,9709
0.440121287,9708
0.440124028,9707
0.44012687,9706
0.440129606,9705
0.440132395,9704
0.440135002,9703
0.440137772,9702
0.440140428,9701
0.440143124,9700
0.440145711,9699
0.440148464,9698
0.440154185,9697
0.44015797,9696
0.440160953,9695
0.440164099,9694
0.44016668,9693
0.440169517,9692
0.440172185,9691
0.440175128,9690
0.440177669,9689
0.440180299,9688
0.440182921,9687
0.44018572,9686
0.440188287,9685
0.440191185,9684
0.440194005,9683
0.440196899,9682
0.440199584,9681
0.440202433,9680
0.440204923,9679
0.440207799,9678
0.440210212,9677
0.440212831,9676
0.440216717,9675
0.440220398,9674
0.440224268,9673
0.440227782,9672
0.440253604,9671
0.440291558,9670
0.44029569,9669
0.44029911,9668
0.440333356,9667
0.440336025,9666
0.440338806,9665
0.440341689,9664
0.440344094,9663
0.440346371,9662
0.440349226,9661
0.440351911,9660
0.44035448,9659
0.440357206,9658
0.440359924,9657
0.44036219,9656
0.440364327,9655
0.44036648,9654
0.440368865,9653
0.440371138,9652
0.440373428,9651
0.440396585,9650
0.44039891,9649
0.440401061,9648
0.440403262,9647
0.440405145,9646
0.440407169,9645
0.440409341,9644
0.440411481,9643
0.440413799,9642
0.440415858,9641
0.440417951,9640
0.44042002,9639
0.440422012,9638
0.440424007,9637
0.440425978,9636
0.440428142,9635
0.440430261,9634
0.440432451,9633
0.440434507,9632
0.44043686,9631
0.440438949,9630
0.440441842,9629
0.440444799,9628
0.440447588,9627
0.440450686,9626
0.440453545,9625
0.440456272,9624
0.44045874,9623
0.440461267,9622
0.440463501,9621
0.440465488,9620
0.440467638,9619
0.440469695,9618
0.440471842,9617
0.44047381,9616
0.440477572,9615
0.440479897,9614
0.440482374,9613
0.44048512,9612
0.440489251,9611
0.440491693,9610
0.440494025,9609
0.440496213,9608
0.440498535,9607
0.440500706,9606
0.440502781,9605
0.44050567,9604
0.440507926,9603
0.440509929,9602
0.440511931,9601
0.440514707,9600
0.440517031,9599
0.44051999,9598
0.440522429,9597
0.440525488,9596
0.44052768,9595
0.440530469,9594
0.44053257,9593
0.440534622,9592
0.440536628,9591
0.44054009,9590
0.44054266,9589
0.440545207,9588
0.440548268,9587
0.440551158,9586
0.440554295,9585
0.440556785,9584
0.440559001,9583
0.440561203,9582
0.440565113,9581
0.440568732,9580
0.440572306,9579
0.440575639,9578
0.440578118,9577
0.440580438,9576
0.440582877,9575
0.440585136,9574
0.440587524,9573
0.440589836,9572
0.440591982,9571
0.440594143,9570
0.440596248,9569
0.440598383,9568
0.44060082,9567
0.4406029,9566
0.440604992,9565
0.440607418,9564
0.440609535,9563
0.440611751,9562
0.440614008,9561
0.440616179,9560
0.440618488,9559
0.44062068,9558
0.44062272,9557
0.440624863,9556
0.440627037,9555
0.440629077,9554
0.440631077,9553
0.44063335,9552
0.440635451,9551
0.440637556,9550
0.44063949,9549
0.440641718,9548
0.440643737,9547
0.440645966,9546
0.440647957,9545
0.440649876,9544
0.440651725,9543
0.440653753,9542
0.440657029,9541
0.440659663,9540
0.440662228,9539
0.440664837,9538
0.440667455,9537
0.440670044,9536
0.44067306,9535
0.440676417,9534
0.440679332,9533
0.440682931,9532
0.440685617,9531
0.44068827,9530
0.440690872,9529
0.440693742,9528
0.440700926,9527
0.440704429,9526
0.440708042,9525
0.440710973,9524
0.440714233,9523
0.440717498,9522
0.440721163,9521
0.440724751,9520
0.440728265,9519
0.440736557,9518
0.440749107,9517
0.440752514,9516
0.440755351,9515
0.440757792,9514
0.440760173,9513
0.440762208,9512
0.440765825,9511
0.44077196,9510
0.440774853,9509
0.440777616,9508
0.440780142,9507
0.44078268,9506
0.440785009,9505
0.440787179,9504
0.440789173,9503
0.440791361,9502
0.440793355,9501
0.440795296,9500
0.440798202,9499
0.440800874,9498
0.440803988,9497
0.440806998,9496
0.44080978,9495
0.440812907,9494
0.440815663,9493
0.440818466,9492
0.440820918,9491
0.440823547,9490
0.440826385,9489
0.440828847,9488
0.440831127,9487
0.440833748,9486
0.440836496,9485
0.440838916,9484
0.44084155,9483
0.440845164,9482
0.440848006,9481
0.440850145,9480
0.440852901,9479
0.440855552,9478
0.440857882,9477
0.440860664,9476
0.44086303,9475
0.440865379,9474
0.440867723,9473
0.440870067,9472
0.440872579,9471
0.440874959,9470
0.440877032,9469
0.440879322,9468
0.4408815,9467
0.440883808,9466
0.440886139,9465
0.440888487,9464
0.440890853,9463
0.440893158,9462
0.440906306,9461
0.44091596,9460
0.440918226,9459
0.440921991,9458
0.440924214,9457
0.440927343,9456
0.440930323,9455
0.440932746,9454
0.440936323,9453
0.440939378,9452
0.440942652,9451
0.440945024,9450
0.440947875,9449
0.440951039,9448
0.440953579,9447
0.440956726,9446
0.4409593,9445
0.440962448,9444
0.440966063,9443
0.440968705,9442
0.44097124,9441
0.440973507,9440
0.440976441,9439
0.440979367,9438
0.440982684,9437
0.440985667,9436
0.440988217,9435
0.440991381,9434
0.440994361,9433
0.440997741,9432
0.441001308,9431
0.441003824,9430
0.4410065,9429
0.441008734,9428
0.441011048,9427
0.441013323,9426
0.441016651,9425
0.441019223,9424
0.441021857,9423
0.441024231,9422
0.441027386,9421
0.441030512,9420
0.441033288,9419
0.441035841,9418
0.441037903,9417
0.441040585,9416
0.441043082,9415
0.441045278,9414
0.441049813,9413
0.441052582,9412
0.441055411,9411
0.441058185,9410
0.44106078,9409
0.441063328,9408
0.441066078,9407
0.441068558,9406
0.441070467,9405
0.44107248,9404
0.441074598,9403
0.441076481,9402
0.441078495,9401
0.441080697,9400
0.441083609,9399
0.441085948,9398
0.441088112,9397
0.441090614,9396
0.441092869,9395
0.44109528,9394
0.441097362,9393
0.441099555,9392
0.441101578,9391
0.441103736,9390
0.441106189,9389
0.441108297,9388
0.441110378,9387
0.441112516,9386
0.441114472,9385
0.441116481,9384
0.44111837,9383
0.441120575,9382
0.44112246,9381
0.441124541,9380
0.441126815,9379
0.441128822,9378
0.441130898,9377
0.441133135,9376
0.44113533,9375
0.441137563,9374
0.441139527,9373
0.441141257,9372
0.441143228,9371
0.441145138,9370
0.44114704,9369
0.441149135,9368
0.441150975,9367
0.441153151,9366
0.441155063,9365
0.441157017,9364
0.441160181,9363
0.441162597,9362
0.441165813,9361
0.441168237,9360
0.441170575,9359
0.441173018,9358
0.441175922,9357
0.441178469,9356
0.441181969,9355
0.441185429,9354
0.441188004,9353
0.441193759,9352
0.441197091,9351
0.441200838,9350
0.441204437,9349
0.44120732,9348
0.441211314,9347
0.441214333,9346
0.441217981,9345
0.441220735,9344
0.441224151,9343
0.441227766,9342
0.441231196,9341
0.441234744,9340
0.441237413,9339
0.441241093,9338
0.441243731,9337
0.4412468,9336
0.441250174,9335
0.441254194,9334
0.441256759,9333
0.44125936,9332
0.441261946,9331
0.441265868,9330
0.441268957,9329
0.441272605,9328
0.441275265,9327
0.441278086,9326
0.441281033,9325
0.441283601,9324
0.441286051,9323
0.441288345,9322
0.44129094,9321
0.441293486,9320
0.441296011,9319
0.441299063,9318
0.44130174,9317
0.441304116,9316
0.441306862,9315
0.441309479,9314
0.441367588,9313
0.441390029,9312
0.441392704,9311
0.441395596,9310
0.441398298,9309
0.441401703,9308
0.441413237,9307
0.441415588,9306
0.441419108,9305
0.441421778,9304
0.441424181,9303
0.44142695,9302
0.441430195,9301
0.441432659,9300
0.441436084,9299
0.441438755,9298
0.441441271,9297
0.441443642,9296
0.441445919,9295
0.441448153,9294
0.441450362,9293
0.441452341,9292
0.441454742,9291
0.441456934,9290
0.441459377,9289
0.441461471,9288
0.441463536,9287
0.441465654,9286
0.441467827,9285
0.44147107,9284
0.441474046,9283
0.441476792,9282
0.441479777,9281
0.441482995,9280
0.441485649,9279
0.441488351,9278
0.441491576,9277
0.441494428,9276
0.441496971,9275
0.441499233,9274
0.441501513,9273
0.441503863,9272
0.441506141,9271
0.441509012,9270
0.441512252,9269
0.441515325,9268
0.441517824,9267
0.441520244,9266
0.441522576,9265
0.441525523,9264
0.441528093,9263
0.441530362,9262
0.44153456,9261
0.441537884,9260
0.441541659,9259
0.441544654,9258
0.441547454,9257
0.441550461,9256
0.44155336,9255
0.44155641,9254
0.441559285,9253
0.441562405,9252
0.441565705,9251
0.441568784,9250
0.441572361,9249
0.441575268,9248
0.441578684,9247
0.441581632,9246
0.441584506,9245
0.441587693,9244
0.441590675,9243
0.441593565,9242
0.441596704,9241
0.441599607,9240
0.441602361,9239
0.441605091,9238
0.441607949,9237
0.441610439,9236
0.441613087,9235
0.441617186,9234
0.441620122,9233
0.44162312,9232
0.441625908,9231
0.441629339,9230
0.441632154,9229
0.441634391,9228
0.441637528,9227
0.441640293,9226
0.441642759,9225
0.441645767,9224
0.441648412,9223
0.4416515,9222
0.441654279,9221
0.441668115,9220
0.441670546,9219
0.441691502,9218
0.44169582,9217
0.441698891,9216
0.441701628,9215
0.441705354,9214
0.441709088,9213
0.441711618,9212
0.441716148,9211
0.44171978,9210
0.441722619,9209
0.44172601,9208
0.441729288,9207
0.44173207,9206
0.441734914,9205
0.441737345,9204
0.441739502,9203
0.441743621,9202
0.441746436,9201
0.441749291,9200
0.441751781,9199
0.44175507,9198
0.44175832,9197
0.441761698,9196
0.44176464,9195
0.441780943,9194
0.441784166,9193
0.441786478,9192
0.441788681,9191
0.441791578,9190
0.441794007,9189
0.441796459,9188
0.441798742,9187
0.441801233,9186
0.441804189,9185
0.441806836,9184
0.441809201,9183
0.441811538,9182
0.441813737,9181
0.441816099,9180
0.441818275,9179
0.441820467,9178
0.441822767,9177
0.441824889,9176
0.441827195,9175
0.441829276,9174
0.441831609,9173
0.441833612,9172
0.441836031,9171
0.441838478,9170
0.441840501,9169
0.441843194,9168
0.441845289,9167
0.441847798,9166
0.441850014,9165
0.441852163,9164
0.441854283,9163
0.4418592,9162
0.441863217,9161
0.441868073,9160
0.441871713,9159
0.441875567,9158
0.441878262,9157
0.441882451,9156
0.441885767,9155
0.441889015,9154
0.441892394,9153
0.441895736,9152
0.441899129,9151
0.441902256,9150
0.441905184,9149
0.441909,9148
0.441912251,9147
0.441915688,9146
0.441919251,9145
0.441922253,9144
0.441925695,9143
0.441928919,9142
0.441932241,9141
0.441935284,9140
0.441938332,9139
0.441940773,9138
0.441943197,9137
0.441945666,9136
0.441948799,9135
0.441951451,9134
0.441954031,9133
0.441956433,9132
0.441958912,9131
0.441961216,9130
0.44196368,9129
0.441966152,9128
0.441968964,9127
0.441971564,9126
0.44197396,9125
0.441976471,9124
0.44197891,9123
0.441981307,9122
0.441984093,9121
0.441986256,9120
0.441988672,9119
0.441990995,9118
0.441993199,9117
0.441995433,9116
0.441997892,9115
0.441999948,9114
0.442002212,9113
0.442004453,9112
0.442006719,9111
0.44200913,9110
0.442011554,9109
0.442013704,9108
0.442015881,9107
0.442018257,9106
0.442020437,9105
0.442023889,9104
0.442026346,9103
0.442028423,9102
0.442031476,9101
0.442033965,9100
0.442036536,9099
0.442038928,9098
0.442041373,9097
0.442043971,9096
0.442046178,9095
0.44204862,9094
0.442051139,9093
0.442054089,9092
0.442056793,9091
0.442059317,9090
0.442061873,9089
0.44206421,9088
0.442066419,9087
0.442068712,9086
0.4420735,9085
0.442075901,9084
0.442078412,9083
0.442080612,9082
0.442082746,9081
0.442085097,9080
0.442087472,9079
0.442090061,9078
0.442092194,9077
0.442094544,9076
0.442096718,9075
0.442098708,9074
0.442101712,9073
0.442104686,9072
0.442107886,9071
0.442110433,9070
0.442112768,9069
0.442115803,9068
0.442118205,9067
0.442121577,9066
0.442123995,9065
0.442128782,9064
0.442132625,9063
0.442136334,9062
0.442139058,9061
0.442142264,9060
0.442145481,9059
0.442148921,9058
0.442152531,9057
0.442155079,9056
0.442158488,9055
0.442161105,9054
0.442164008,9053
0.442166235,9052
0.442169395,9051
0.442172912,9050
0.442175295,9049
0.442177987,9048
0.442181204,9047
0.442183857,9046
0.442186939,9045
0.442189989,9044
0.442193459,9043
0.442197057,9042
0.442201637,9041
0.442204747,9040
0.442208236,9039
0.44221146,9038
0.442214906,9037
0.442217711,9036
0.442220756,9035
0.442223197,9034
0.442225937,9033
0.442229138,9032
0.442231911,9031
0.442234987,9030
0.442238192,9029
0.44224113,9028
0.442244588,9027
0.442248129,9026
0.442251693,9025
0.442254441,9024
0.442257312,9023
0.442260778,9022
0.442263551,9021
0.442266386,9020
0.442269854,9019
0.442272205,9018
0.442274742,9017
0.4422778,9016
0.4422805,9015
0.442283157,9014
0.442285806,9013
0.44228844,9012
0.442290946,9011
0.442293495,9010
0.44229608,9009
0.442298997,9008
0.442301446,9007
0.442304174,9006
0.442306388,9005
0.442308708,9004
0.442310876,9003
0.442313051,9002
0.442315343,9001
0.442317785,9000
0.442319932,8999
0.44232439,8998
0.442326877,8997
0.442329217,8996
0.442331986,8995
0.442334727,8994
0.442337138,8993
0.442339518,8992
0.442341943,8991
0.442344334,8990
0.442346757,8989
0.442349206,8988
0.442351454,8987
0.442353868,8986
0.442356249,8985
0.442358253,8984
0.442360463,8983
0.442362675,8982
0.442365547,8981
0.442368258,8980
0.44237089,8979
0.442373801,8978
0.442376778,8977
0.442379871,8976
0.442383078,8975
0.442386168,8974
0.442389158,8973
0.442392088,8972
0.442395363,8971
0.442398262,8970
0.442401192,8969
0.442404352,8968
0.442408843,8967
0.44241222,8966
0.442415538,8965
0.442418056,8964
0.442420513,8963
0.442422739,8962
0.442425626,8961
0.442428347,8960
0.442431558,8959
0.44243416,8958
0.442437706,8957
0.44244131,8956
0.442444332,8955
0.442447731,8954
0.442451467,8953
0.442454601,8952
0.442457422,8951
0.442460713,8950
0.442464599,8949
0.442468149,8948
0.442484243,8947
0.442487421,8946
0.44249055,8945
0.442493405,8944
0.442496184,8943
0.442498892,8942
0.442501351,8941
0.442522577,8940
0.442525334,8939
0.442528299,8938
0.442530767,8937
0.442533616,8936
0.442536393,8935
0.442538856,8934
0.442541485,8933
0.442544143,8932
0.442546939,8931
0.44254924,8930
0.442552154,8929
0.442554962,8928
0.442557815,8927
0.442560913,8926
0.442563791,8925
0.442566406,8924
0.442569297,8923
0.442572127,8922
0.442574711,8921
0.442577682,8920
0.442580607,8919
0.44258329,8918
0.442585977,8917
0.442588714,8916
0.442591468,8915
0.442594515,8914
0.442596828,8913
0.442599229,8912
0.4426014,8911
0.442603613,8910
0.442606618,8909
0.442609507,8908
0.442612226,8907
0.442614787,8906
0.442617456,8905
0.442619956,8904
0.442622747,8903
0.442625865,8902
0.44262824,8901
0.442631193,8900
0.442633556,8899
0.442636706,8898
0.442639306,8897
0.442642834,8896
0.44264555,8895
0.44264883,8894
0.442651721,8893
0.442654364,8892
0.442657824,8891
0.442660473,8890
0.442663674,8889
0.442666612,8888
0.442670408,8887
0.442673695,8886
0.442677093,8885
0.442680624,8884
0.442683696,8883
0.442686534,8882
0.442689905,8881
0.442692609,8880
0.442696551,8879
0.442699312,8878
0.442702632,8877
0.442706253,8876
0.44270907,8875
0.442713011,8874
0.44271574,8873
0.442718095,8872
0.442734716,8871
0.442739194,8870
0.442742767,8869
0.442745287,8868
0.442749095,8867
0.442752314,8866
0.442755931,8865
0.442758783,8864
0.442760912,8863
0.442763747,8862
0.44276629,8861
0.442768878,8860
0.442771398,8859
0.442773734,8858
0.442776126,8857
0.442778476,8856
0.442781014,8855
0.442783638,8854
0.442786323,8853
0.442788819,8852
0.442791185,8851
0.442793553,8850
0.442804753,8849
0.44280711,8848
0.442809704,8847
0.44281287,8846
0.442816617,8845
0.442819697,8844
0.442822282,8843
0.442825718,8842
0.442828548,8841
0.442831664,8840
0.442834105,8839
0.442836767,8838
0.442839297,8837
0.442841879,8836
0.442844847,8835
0.442848078,8834
0.442850223,8833
0.442854005,8832
0.442856962,8831
0.442859866,8830
0.442863429,8829
0.442866401,8828
0.442869973,8827
0.442872641,8826
0.442874923,8825
0.442877523,8824
0.442880948,8823
0.442883746,8822
0.442886306,8821
0.44288872,8820
0.442891397,8819
0.442893884,8818
0.442896411,8817
0.442899125,8816
0.442903688,8815
0.44290645,8814
0.442909074,8813
0.442911517,8812
0.442914068,8811
0.442916679,8810
0.442919117,8809
0.442921912,8808
0.442924507,8807
0.442927073,8806
0.442929612,8805
0.442932078,8804
0.442934473,8803
0.442937059,8802
0.442939456,8801
0.442944606,8800
0.44294828,8799
0.442952074,8798
0.442955919,8797
0.442967451,8796
0.442970347,8795
0.442973227,8794
0.442975942,8793
0.44297857,8792
0.442981873,8791
0.44298477,8790
0.442987779,8789
0.442990665,8788
0.442993585,8787
0.442996614,8786
0.442999406,8785
0.44300264,8784
0.443005696,8783
0.443008257,8782
0.443010767,8781
0.443013288,8780
0.443016027,8779
0.443019024,8778
0.443022115,8777
0.443025235,8776
0.443028237,8775
0.443031257,8774
0.443033984,8773
0.443036684,8772
0.443039341,8771
0.443042183,8770
0.443044802,8769
0.44304939,8768
0.443053284,8767
0.443056799,8766
0.443060456,8765
0.443063536,8764
0.443066167,8763
0.443068806,8762
0.443071567,8761
0.443073749,8760
0.443076959,8759
0.443079665,8758
0.443083208,8757
0.443086237,8756
0.44308897,8755
0.443091675,8754
0.443094485,8753
0.443097302,8752
0.44310004,8751
0.443102446,8750
0.443104941,8749
0.443107589,8748
0.443110165,8747
0.443112684,8746
0.443115017,8745
0.443117656,8744
0.443120175,8743
0.443122221,8742
0.443124654,8741
0.443126979,8740
0.44312966,8739
0.44313214,8738
0.443134778,8737
0.443137337,8736
0.443139999,8735
0.443142619,8734
0.443145493,8733
0.443147939,8732
0.443151215,8731
0.443153659,8730
0.443867016,8729
0.443870278,8728
0.443873301,8727
0.443876946,8726
0.443879816,8725
0.443882462,8724
0.443885117,8723
0.443891509,8722
0.443894528,8721
0.443897047,8720
0.443899996,8719
0.443905019,8718
0.443908293,8717
0.443912272,8716
0.443915489,8715
0.443918409,8714
0.44392163,8713
0.443925757,8712
0.443928691,8711
0.443931882,8710
0.443934896,8709
0.443937808,8708
0.443941047,8707
0.44394405,8706
0.44394733,8705
0.443950665,8704
0.443954094,8703
0.44395745,8702
0.443961204,8701
0.443964401,8700
0.443967501,8699
0.44397058,8698
0.443975235,8697
0.443978219,8696
0.44398773,8695
0.443991113,8694
0.443995441,8693
0.443998408,8692
0.444001546,8691
0.444005151,8690
0.4440084,8689
0.44401184,8688
0.444014293,8687
0.444017089,8686
0.44401984,8685
0.444022857,8684
0.44402596,8683
0.444029453,8682
0.4440337,8681
0.444036708,8680
0.444039985,8679
0.444043417,8678
0.444046586,8677
0.444049409,8676
0.444051891,8675
0.444054304,8674
0.444058087,8673
0.444060981,8672
0.444063847,8671
0.444093481,8670
0.444098463,8669
0.444101307,8668
0.444104877,8667
0.444108077,8666
0.44411217,8665
0.444114966,8664
0.444117471,8663
0.444120167,8662
0.44416129,8661
0.444166777,8660
0.444173076,8659
0.44417742,8658
0.444184004,8657
0.444190844,8656
0.444196442,8655
0.444200652,8654
0.444204452,8653
0.44420908,8652
0.444213086,8651
0.444216677,8650
0.444219855,8649
0.444223395,8648
0.444227261,8647
0.444230211,8646
0.444234271,8645
0.444237237,8644
0.444240151,8643
0.444243106,8642
0.444246824,8641
0.444250251,8640
0.444253817,8639
0.444257378,8638
0.444260666,8637
0.444264251,8636
0.444267749,8635
0.444271337,8634
0.444274889,8633
0.444279014,8632
0.444283056,8631
0.44428701,8630
0.444291056,8629
0.444295066,8628
0.444301285,8627
0.444305113,8626
0.444308953,8625
0.444313074,8624
0.44431873,8623
0.444323212,8622
0.444327155,8621
0.444332556,8620
0.444337437,8619
0.444341596,8618
0.444345866,8617
0.444349764,8616
0.444355386,8615
0.444360879,8614
0.444365257,8613
0.444369126,8612
0.444374166,8611
0.444378195,8610
0.444382051,8609
0.444385712,8608
0.444390864,8607
0.444394735,8606
0.444398718,8605
0.444403019,8604
0.44440729,8603
0.444412612,8602
0.444416378,8601
0.444420029,8600
0.444424981,8599
0.444428958,8598
0.444432388,8597
0.444436367,8596
0.44446197,8595
0.44446597,8594
0.444468638,8593
0.44447132,8592
0.444474136,8591
0.444479092,8590
0.444482602,8589
0.444485368,8588
0.444488284,8587
0.444491735,8586
0.44449476,8585
0.444497769,8584
0.444500811,8583
0.444503806,8582
0.444506676,8581
0.444509488,8580
0.444511945,8579
0.444514446,8578
0.44451689,8577
0.444519493,8576
0.444522036,8575
0.444525756,8574
0.444528972,8573
0.444531431,8572
0.444535716,8571
0.444539028,8570
0.444542674,8569
0.444545773,8568
0.444548327,8567
0.444551037,8566
0.44455383,8565
0.444556398,8564
0.444559032,8563
0.444562266,8562
0.444565291,8561
0.444568522,8560
0.444571216,8559
0.444574974,8558
0.44457828,8557
0.444582059,8556
0.444585671,8555
0.44458865,8554
0.444591438,8553
0.444594352,8552
0.444597344,8551
0.444600738,8550
0.444604735,8549
0.444608265,8548
0.444612634,8547
0.444616834,8546
0.444620493,8545
0.444624366,8544
0.444629098,8543
0.444632427,8542
0.444636676,8541
0.444640123,8540
0.4446445,8539
0.44464798,8538
0.444651369,8537
0.444654388,8536
0.444657524,8535
0.444661412,8534
0.444664935,8533
0.444668004,8532
0.444670765,8531
0.444673307,8530
0.444675769,8529
0.444679033,8528
0.444681529,8527
0.44468406,8526
0.444687241,8525
0.444691856,8524
0.444694258,8523
0.44469671,8522
0.444699982,8521
0.444703553,8520
0.444705971,8519
0.444708403,8518
0.444711583,8517
0.444714319,8516
0.444716688,8515
0.444718964,8514
0.444721454,8513
0.444724908,8512
0.44472739,8511
0.444730883,8510
0.444733661,8509
0.444736361,8508
0.444738927,8507
0.444741298,8506
0.444743817,8505
0.444746136,8504
0.444748415,8503
0.444751077,8502
0.444755493,8501
0.444757861,8500
0.44476016,8499
0.444762801,8498
0.444765165,8497
0.444767422,8496
0.444770905,8495
0.444775076,8494
0.444777899,8493
0.44478058,8492
0.444785147,8491
0.444789071,8490
0.444793614,8489
0.444798832,8488
0.444802544,8487
0.444805915,8486
0.44480867,8485
0.44481329,8484
0.4448165,8483
0.444820871,8482
0.444826161,8481
0.44483292,8480
0.444836319,8479
0.444839674,8478
0.444842941,8477
0.444847255,8476
0.444851114,8475
0.444854331,8474
0.444857203,8473
0.444860653,8472
0.444864378,8471
0.444867329,8470
0.444870608,8469
0.444873347,8468
0.444878816,8467
0.444881798,8466
0.444885575,8465
0.4448884,8464
0.444891379,8463
0.444895506,8462
0.444898308,8461
0.444900754,8460
0.444903542,8459
0.444916466,8458
0.444919641,8457
0.444922768,8456
0.444925979,8455
0.444929236,8454
0.444932901,8453
0.444936442,8452
0.444939822,8451
0.444943196,8450
0.444946555,8449
0.444949679,8448
0.444952936,8447
0.444956041,8446
0.444959417,8445
0.444965423,8444
0.444968617,8443
0.444971671,8442
0.444977331,8441
0.444980125,8440
0.444983308,8439
0.444987753,8438
0.444990256,8437
0.444992865,8436
0.444996575,8435
0.444998889,8434
0.445003467,8433
0.445007738,8432
0.445011715,8431
0.445014284,8430
0.445017342,8429
0.445019982,8428
0.445023648,8427
0.445026896,8426
0.445030165,8425
0.445033301,8424
0.445036842,8423
0.445040272,8422
0.445043295,8421
0.445047268,8420
0.44504955,8419
0.445051618,8418
0.445054827,8417
0.445057592,8416
0.445060493,8415
0.445064309,8414
0.445067795,8413
0.445071379,8412
0.445076124,8411
0.445079495,8410
0.445082626,8409
0.445085616,8408
0.445089107,8407
0.445093313,8406
0.445097981,8405
0.445107061,8404
0.445121719,8403
0.445137179,8402
0.44514509,8401
0.445149179,8400
0.445153598,8399
0.445159051,8398
0.445163253,8397
0.445167163,8396
0.445171013,8395
0.445183543,8394
0.445188387,8393
0.445194074,8392
0.445198178,8391
0.445202328,8390
0.445206643,8389
0.445212009,8388
0.445215973,8387
0.445219761,8386
0.445223743,8385
0.445227915,8384
0.445231968,8383
0.445244461,8382
0.445248731,8381
0.445253501,8380
0.445260611,8379
0.445264911,8378
0.445272421,8377
0.445278024,8376
0.445283942,8375
0.445288006,8374
0.44529835,8373
0.445341885,8372
0.445345903,8371
0.445350242,8370
0.445354512,8369
0.445358991,8368
0.445401151,8367
0.44540834,8366
0.445413049,8365
0.445417389,8364
0.445422331,8363
0.445426383,8362
0.445431494,8361
0.44543493,8360
0.445439264,8359
0.445443275,8358
0.445446851,8357
0.445450282,8356
0.445454495,8355
0.445458541,8354
0.445486267,8353
0.445489686,8352
0.445494378,8351
0.445497953,8350
0.44550121,8349
0.445504625,8348
0.445508045,8347
0.445511758,8346
0.445515058,8345
0.44551812,8344
0.445522964,8343
0.445527637,8342
0.4455323,8341
0.445535895,8340
0.445540862,8339
0.445545302,8338
0.445548361,8337
0.445551473,8336
0.445556022,8335
0.445559502,8334
0.445563925,8333
0.445567799,8332
0.44557234,8331
0.445575985,8330
0.445579777,8329
0.445583612,8328
0.445587002,8327
0.445590358,8326
0.445595129,8325
0.44560001,8324
0.445603603,8323
0.445607626,8322
0.445610785,8321
0.4456141,8320
0.445617164,8319
0.445620296,8318
0.445623009,8317
0.4456262,8316
0.445629327,8315
0.445632216,8314
0.445635141,8313
0.44564202,8312
0.44564573,8311
0.44564857,8310
0.44565127,8309
0.445654311,8308
0.44565706,8307
0.445660035,8306
0.44566254,8305
0.445665124,8304
0.445668441,8303
0.445672073,8302
0.445675622,8301
0.445678996,8300
0.445683385,8299
0.445686694,8298
0.445690232,8297
0.445693857,8296
0.445983847,8295
0.445989368,8294
0.445995791,8293
0.446005468,8292
0.446014542,8291
0.446022424,8290
0.446029125,8289
0.44603852,8288
0.446043254,8287
0.44604822,8286
0.446052683,8285
0.44608921,8284
0.44614013,8283
0.446146941,8282
0.446151211,8281
0.446199143,8280
0.446206735,8279
0.446226239,8278
0.446233368,8277
0.446283833,8276
0.446291412,8275
0.446296691,8274
0.446340741,8273
0.446378344,8272
0.446383171,8271
0.44642256,8270
0.4464265,8269
0.446430796,8268
0.446436664,8267
0.446442824,8266
0.446447179,8265
0.446451486,8264
0.446456804,8263
0.446498195,8262
0.44650307,8261
0.446549829,8260
0.446556008,8259
0.446568083,8258
0.4465729,8257
0.446577928,8256
0.446585669,8255
0.446589543,8254
0.446598175,8253
0.446607979,8252
0.446615874,8251
0.446626205,8250
0.446638796,8249
0.446646361,8248
0.446845125,8247
0.446852794,8246
0.44686988,8245
0.446874115,8244
0.446887418,8243
0.446934141,8242
0.446947323,8241
0.446996424,8240
0.447047038,8239
0.447051026,8238
0.447099382,8237
0.447104289,8236
0.447112831,8235
0.447116094,8234
0.447119553,8233
0.44713042,8232
0.447134415,8231
0.447142207,8230
0.447147574,8229
0.447153896,8228
0.447162489,8227
0.447283666,8226
0.447312761,8225
0.447318866,8224
0.447333311,8223
0.447350385,8222
0.447354498,8221
0.447368019,8220
0.44738266,8219
0.447417198,8218
0.44742471,8217
0.447438895,8216
0.447442672,8215
0.447451596,8214
0.447774286,8213
0.44777761,8212
0.447780989,8211
0.447784563,8210
0.447787932,8209
0.447791125,8208
0.447796619,8207
0.447810467,8206
0.447813696,8205
0.447816624,8204
0.447820506,8203
0.447823809,8202
0.44782742,8201
0.447831016,8200
0.447836298,8199
0.447839745,8198
0.447845087,8197
0.447855592,8196
0.447859045,8195
0.447862495,8194
0.447868922,8193
0.447878291,8192
0.447882944,8191
0.447888007,8190
0.447892527,8189
0.447905321,8188
0.447912795,8187
0.447915898,8186
0.44792189,8185
0.447925055,8184
0.447929005,8183
0.447933259,8182
0.447937116,8181
0.44794254,8180
0.447948083,8179
0.447951523,8178
0.44795574,8177
0.447977818,8176
0.447984052,8175
0.447988414,8174
0.447992764,8173
0.44799679,8172
0.448004721,8171
0.448020876,8170
0.448028044,8169
0.448032556,8168
0.448041284,8167
0.448047249,8166
0.448052357,8165
0.448056258,8164
0.448062556,8163
0.448069202,8162
0.448079755,8161
0.448085984,8160
0.448089602,8159
0.448097927,8158
0.448108095,8157
0.448115924,8156
0.448123444,8155
0.44812966,8154
0.448137797,8153
0.448147575,8152
0.448155811,8151
0.448161277,8150
0.448164437,8149
0.448167357,8148
0.448173161,8147
0.448178578,8146
0.448182507,8145
0.448191076,8144
0.448207558,8143
0.448216354,8142
0.448219939,8141
0.448223254,8140
0.448226467,8139
0.448230842,8138
0.448238646,8137
0.448244538,8136
0.44825207,8135
0.448258998,8134
0.448269561,8133
0.448273936,8132
0.448281843,8131
0.448286364,8130
0.448292517,8129
0.448331859,8128
0.44834369,8127
0.44836132,8126
0.448365339,8125
0.448385132,8124
0.448399744,8123
0.448416954,8122
0.448436776,8121
0.448441975,8120
0.448458484,8119
0.448466691,8118
0.448493566,8117
0.448496806,8116
0.448511647,8115
0.449121081,8114
0.449821269,8113
0.449842728,8112
0.449849799,8111
0.449911636,8110
0.44997866,8109
0.449990691,8108
0.450000806,8107
0.450263563,8106
0.450556994,8105
0.451847555,8104
0.451853348,8103
0.451857923,8102
0.45186155,8101
0.451868227,8100
0.451873175,8099
0.451876901,8098
0.45188295,8097
0.451888086,8096
0.451891319,8095
0.451928403,8094
0.451934073,8093
0.451937686,8092
0.451948132,8091
0.451951572,8090
0.451959051,8089
0.4519623,8088
0.451969061,8087
0.451973823,8086
0.451981194,8085
0.451985673,8084
0.451989423,8083
0.45199339,8082
0.45200187,8081
0.452008374,8080
0.45201324,8079
0.452017309,8078
0.452027416,8077
0.452031736,8076
0.452042374,8075
0.452045673,8074
0.452053966,8073
0.452059405,8072
0.452064358,8071
0.452069349,8070
0.452074033,8069
0.452180768,8068
0.452186948,8067
0.452190985,8066
0.452203647,8065
0.452210866,8064
0.452218207,8063
0.452222491,8062
0.452228943,8061
0.452234735,8060
0.452241162,8059
0.452244862,8058
0.452249682,8057
0.452256126,8056
0.452294527,8055
0.452296644,8054
0.452299332,8053
0.45230257,8052
0.452307245,8051
0.452309747,8050
0.452342421,8049
0.452345895,8048
0.452352779,8047
0.452358147,8046
0.45236055,8045
0.452363449,8044
0.452366059,8043
0.452373489,8042
0.452376114,8041
0.452378635,8040
0.452381449,8039
0.452384161,8038
0.45238756,8037
0.45239535,8036
0.452399868,8035
0.452403768,8034
0.452406599,8033
0.452413313,8032
0.452421115,8031
0.452426346,8030
0.452435157,8029
0.45245068,8028
0.452454059,8027
0.452459505,8026
0.452464724,8025
0.452469493,8024
0.452479508,8023
0.452489006,8022
0.452496464,8021
0.452504067,8020
0.452507113,8019
0.452510267,8018
0.452518065,8017
0.452526091,8016
0.452529768,8015
0.452533222,8014
0.452540556,8013
0.452543039,8012
0.452545765,8011
0.452598326,8010
0.452604566,8009
0.452607013,8008
0.452613312,8007
0.452661923,8006
0.452667054,8005
0.452673386,8004
0.452721142,8003
0.452723975,8002
0.452726572,8001
0.452737484,8000
0.452740776,7999
0.452750034,7998
0.452752907,7997
0.452757421,7996
0.452760578,7995
0.452764382,7994
0.45277483,7993
0.452833096,7992
0.452846583,7991
0.45286058,7990
0.452865821,7989
0.452901824,7988
0.452918083,7987
0.452933988,7986
0.452944765,7985
0.452958544,7984
0.452962519,7983
0.45297372,7982
0.453045028,7981
0.453052421,7980
0.453060762,7979
0.453080996,7978
0.453112698,7977
0.453134713,7976
0.453141324,7975
0.453159437,7974
0.453169045,7973
0.453173241,7972
0.45320058,7971
0.453207126,7970
0.453218134,7969
0.45324916,7968
0.453267076,7967
0.453274201,7966
0.453295952,7965
0.453319448,7964
0.453322569,7963
0.453336633,7962
0.453351265,7961
0.45336026,7960
0.453369348,7959
0.453373554,7958
0.453377709,7957
0.45339044,7956
0.453435008,7955
0.453470132,7954
0.45347585,7953
0.453478963,7952
0.453482022,7951
0.453505567,7950
0.453532616,7949
0.453545721,7948
0.453549339,7947
0.453580152,7946
0.453583453,7945
0.453599769,7944
0.453604051,7943
0.453607743,7942
0.453636872,7941
0.453650557,7940
0.453672249,7939
0.453699665,7938
0.453714488,7937
0.453761147,7936
0.453779225,7935
0.453787762,7934
0.453792185,7933
0.453811796,7932
0.45382442,7931
0.453829277,7930
0.453840257,7929
0.453847911,7928
0.453887072,7927
0.45389478,7926
0.453901776,7925
0.45390731,7924
0.453919036,7923
0.45392248,7922
0.453930423,7921
0.453936324,7920
0.453962424,7919
0.453969443,7918
0.453975933,7917
0.454018214,7916
0.454029904,7915
0.454038054,7914
0.454117582,7913
0.454129221,7912
0.454135917,7911
0.45422239,7910
0.45424366,7909
0.454315594,7908
0.454331951,7907
0.454361098,7906
0.454451744,7905
0.45451168,7904
0.454514415,7903
0.454551175,7902
0.454554922,7901
0.454988341,7900
0.4549923,7899
0.454999568,7898
0.455004686,7897
0.455009229,7896
0.455012771,7895
0.455016288,7894
0.45502242,7893
0.455026239,7892
0.455033946,7891
0.455040582,7890
0.45504503,7889
0.455050514,7888
0.455053224,7887
0.455056161,7886
0.455059602,7885
0.455062852,7884
0.45507138,7883
0.455075972,7882
0.455078988,7881
0.455087952,7880
0.455091109,7879
0.455099338,7878
0.455102217,7877
0.45510778,7876
0.455113908,7875
0.455120968,7874
0.455130118,7873
0.455132926,7872
0.455136389,7871
0.455139853,7870
0.455186065,7869
0.455188663,7868
0.455215465,7867
0.455219229,7866
0.455228429,7865
0.455234819,7864
0.455254409,7863
0.455262325,7862
0.455265596,7861
0.455270524,7860
0.455273046,7859
0.455276435,7858
0.455280933,7857
0.455304406,7856
0.455311073,7855
0.455347936,7854
0.455386441,7853
0.455396316,7852
0.455407122,7851
0.45541702,7850
0.455425054,7849
0.455462546,7848
0.455521521,7847
0.455523972,7846
0.4555323,7845
0.455538476,7844
0.455555239,7843
0.4556033,7842
0.455913421,7841
0.455952433,7840
0.455991774,7839
0.456182406,7838
0.456185352,7837
0.45619206,7836
0.456199431,7835
0.456202437,7834
0.456205517,7833
0.456211238,7832
0.456215638,7831
0.456222225,7830
0.456232889,7829
0.456239817,7828
0.456783307,7827
0.456801232,7826
0.456808081,7825
0.456815182,7824
0.456819591,7823
0.456825902,7822
0.456831779,7821
0.456853138,7820
0.456858902,7819
0.456877444,7818
0.456881151,7817
0.45689279,7816
0.456904419,7815
0.456908937,7814
0.456916444,7813
0.45692288,7812
0.45694804,7811
0.456953408,7810
0.456957476,7809
0.456969026,7808
0.456976434,7807
0.456980236,7806
0.456984339,7805
0.456997952,7804
0.457007724,7803
0.457013083,7802
0.457021017,7801
0.457031686,7800
0.457035259,7799
0.457040467,7798
0.457051053,7797
0.457057125,7796
0.457061521,7795
0.457065933,7794
0.457072212,7793
0.457083593,7792
0.457087784,7791
0.457454077,7790
0.45746246,7789
0.457471711,7788
0.45747688,7787
0.457482108,7786
0.457502365,7785
0.457539243,7784
0.457548265,7783
0.45756041,7782
0.457566786,7781
0.457584666,7780
0.457607114,7779
0.457637813,7778
0.457645053,7777
0.457659998,7776
0.457695463,7775
0.457714825,7774
0.457734624,7773
0.457738082,7772
0.457741684,7771
0.457760329,7770
0.457773267,7769
0.457778874,7768
0.457785975,7767
0.457792965,7766
0.457810878,7765
0.457842685,7764
0.457848674,7763
0.457855413,7762
0.457878672,7761
0.457900947,7760
0.457914217,7759
0.457918302,7758
0.45793927,7757
0.457953502,7756
0.457986934,7755
0.457994926,7754
0.458002413,7753
0.458007536,7752
0.458011167,7751
0.458061751,7750
0.458066431,7749
0.458106241,7748
0.458108903,7747
0.458155097,7746
0.458159727,7745
0.458176527,7744
0.458185384,7743
0.458230161,7742
0.458249842,7741
0.459898539,7740
0.45990458,7739
0.459909378,7738
0.459914144,7737
0.459919555,7736
0.459923648,7735
0.459928431,7734
0.459932856,7733
0.45993733,7732
0.459943656,7731
0.459952652,7730
0.459967196,7729
0.459976816,7728
0.459983049,7727
0.459987668,7726
0.459995185,7725
0.459999565,7724
0.460003778,7723
0.460013239,7722
0.460024599,7721
0.460028528,7720
0.460037116,7719
0.460045141,7718
0.460049002,7717
0.460054089,7716
0.460058197,7715
0.460062086,7714
0.460066156,7713
0.460074118,7712
0.460078514,7711
0.460084772,7710
0.460089179,7709
0.460093347,7708
0.460101173,7707
0.460106341,7706
0.460110303,7705
0.460114436,7704
0.460127134,7703
0.460135475,7702
0.460145868,7701
0.46015276,7700
0.460169737,7699
0.460177273,7698
0.460194596,7697
0.460214381,7696
0.460218552,7695
0.460224746,7694
0.460230566,7693
0.460234585,7692
0.460245325,7691
0.460252518,7690
0.460259073,7689
0.460267833,7688
0.460274083,7687
0.460285014,7686
0.460304787,7685
0.460316452,7684
0.460322751,7683
0.460334967,7682
0.4603522,7681
0.460358392,7680
0.460363401,7679
0.46037424,7678
0.460380998,7677
0.460390918,7676
0.460401477,7675
0.460410945,7674
0.460467448,7673
0.460472158,7672
0.460499093,7671
0.460505619,7670
0.460521026,7669
0.460528194,7668
0.460532597,7667
0.460539121,7666
0.460546103,7665
0.460551639,7664
0.460565762,7663
0.460580175,7662
0.460584332,7661
0.460591803,7660
0.46060617,7659
0.460612575,7658
0.460615692,7657
0.460636881,7656
0.460651409,7655
0.460666544,7654
0.460678486,7653
0.460682651,7652
0.460686543,7651
0.460691158,7650
0.460720488,7649
0.460724992,7648
0.460728663,7647
0.460738355,7646
0.460769423,7645
0.460783155,7644
0.460791314,7643
0.460801884,7642
0.460812104,7641
0.460818156,7640
0.460823595,7639
0.460833522,7638
0.460839761,7637
0.460847589,7636
0.46087085,7635
0.460875502,7634
0.460879479,7633
0.460885861,7632
0.460892136,7631
0.460896528,7630
0.460906378,7629
0.460917269,7628
0.460925316,7627
0.460971042,7626
0.46097536,7625
0.461019774,7624
0.461025799,7623
0.461029888,7622
0.461039843,7621
0.461044303,7620
0.461053472,7619
0.461059537,7618
0.46107123,7617
0.461105807,7616
0.461122165,7615
0.46112908,7614
0.461133338,7613
0.461148847,7612
0.461158474,7611
0.461172461,7610
0.461208278,7609
0.461254379,7608
0.461261965,7607
0.461340596,7606
0.461400115,7605
0.461444135,7604
0.461492329,7603
0.461531657,7602
0.461536691,7601
0.461542307,7600
0.461584959,7599
0.461654262,7598
0.46170059,7597
0.461707443,7596
0.461727382,7595
0.461734752,7594
0.461770804,7593
0.461779205,7592
0.461846788,7591
0.462022031,7590
0.462034877,7589
0.462244364,7588
0.462254956,7587
0.462266245,7586
0.462269536,7585
0.462273106,7584
0.462279106,7583
0.462282123,7582
0.462312635,7581
0.46232727,7580
0.462331438,7579
0.462342754,7578
0.462349868,7577
0.462360876,7576
0.462368469,7575
0.462373196,7574
0.462379993,7573
0.462397368,7572
0.462401608,7571
0.462413303,7570
0.462438916,7569
0.462482973,7568
0.462501399,7567
0.462511608,7566
0.46251474,7565
0.462517811,7564
0.462567843,7563
0.462583474,7562
0.462588389,7561
0.462611555,7560
0.462621562,7559
0.462643397,7558
0.462665483,7557
0.462680737,7556
0.462685505,7555
0.462691108,7554
0.462717071,7553
0.462735507,7552
0.462740142,7551
0.462751243,7550
0.462755565,7549
0.462777868,7548
0.462830138,7547
0.46285201,7546
0.462861769,7545
0.462870903,7544
0.46291617,7543
0.462923564,7542
0.462946573,7541
0.462972403,7540
0.462978572,7539
0.462981845,7538
0.462986477,7537
0.4630051,7536
0.463052749,7535
0.463066268,7534
0.463109696,7533
0.463147418,7532
0.463168462,7531
0.463178436,7530
0.463182723,7529
0.463191418,7528
0.463197742,7527
0.46320237,7526
0.463213794,7525
0.463219131,7524
0.463228666,7523
0.463244411,7522
0.463251626,7521
0.463259611,7520
0.463288181,7519
0.463293934,7518
0.463322062,7517
0.463344202,7516
0.46336132,7515
0.463374423,7514
0.46338782,7513
0.463401212,7512
0.463413631,7511
0.463416987,7510
0.463451334,7509
0.463478776,7508
0.463489189,7507
0.463516529,7506
0.46352254,7505
0.463544209,7504
0.463558631,7503
0.463570347,7502
0.46362344,7501
0.46363787,7500
0.463657529,7499
0.463753541,7498
0.463759751,7497
0.463781634,7496
0.463829716,7495
0.463865101,7494
0.463870529,7493
0.463897195,7492
0.463951849,7491
0.464008088,7490
0.464032607,7489
0.464039739,7488
0.464056442,7487
0.464071462,7486
0.464245392,7485
0.464253065,7484
0.464257612,7483
0.464262757,7482
0.464280776,7481
0.464285317,7480
0.464291081,7479
0.464295386,7478
0.464302994,7477
0.464306549,7476
0.464309845,7475
0.464316742,7474
0.464322483,7473
0.464327182,7472
0.464334251,7471
0.464339501,7470
0.464350995,7469
0.464358875,7468
0.46436393,7467
0.464367302,7466
0.464376532,7465
0.464381204,7464
0.464391832,7463
0.464394569,7462
0.464398954,7461
0.464414022,7460
0.464420404,7459
0.464440193,7458
0.464444618,7457
0.464449906,7456
0.464455289,7455
0.464461692,7454
0.464467414,7453
0.464472558,7452
0.464475198,7451
0.464484776,7450
0.464488096,7449
0.464500858,7448
0.464505848,7447
0.464512699,7446
0.4645165,7445
0.464523232,7444
0.464835346,7443
0.464872591,7442
0.46487986,7441
0.464943686,7440
0.464962265,7439
0.464967632,7438
0.464984188,7437
0.465005447,7436
0.465022997,7435
0.465063155,7434
0.465070393,7433
0.465137728,7432
0.465140097,7431
0.465143129,7430
0.465188167,7429
0.465261914,7428
0.465266251,7427
0.465337417,7426
0.465344761,7425
0.465421459,7424
0.465565948,7423
0.466405462,7422
0.467036582,7421
0.467040429,7420
0.46704908,7419
0.467055231,7418
0.467067955,7417
0.467106493,7416
0.467142539,7415
