0.301657233,6823
0.30173194,6822
0.301777968,6821
0.301823871,6820
0.301893817,6819
0.301922931,6818
0.301950394,6817
0.302019969,6816
0.302039562,6815
0.302052732,6814
0.302076335,6813
0.302089087,6812
0.302100671,6811
0.30211403,6810
0.302134216,6809
0.30214593,6808
0.302156861,6807
0.302869181,6806
0.302877144,6805
0.302883467,6804
0.302889245,6803
0.302898096,6802
0.302906854,6801
0.302915327,6800
0.302921331,6799
0.302927411,6798
0.302933145,6797
0.302946755,6796
0.302971172,6795
0.302980366,6794
0.30299616,6793
0.303004668,6792
0.303013234,6791
0.303021552,6790
0.303065717,6789
0.303073237,6788
0.303080864,6787
0.303088497,6786
0.303096458,6785
0.303104357,6784
0.303112125,6783
0.303118951,6782
0.303128719,6781
0.303138332,6780
0.303145226,6779
0.303152589,6778
0.30315928,6777
0.30316655,6776
0.303173933,6775
0.303180639,6774
0.303200832,6773
0.303207749,6772
0.303214787,6771
0.303221976,6770
0.303229423,6769
0.303236933,6768
0.303244632,6767
0.303251698,6766
0.303260047,6765
0.303268032,6764
0.303275977,6763
0.303294965,6762
0.303307754,6761
0.303320428,6760
0.303336228,6759
0.303346646,6758
0.303354937,6757
0.303362785,6756
0.303398581,6755
0.303406954,6754
0.303415565,6753
0.303446695,6752
0.303453762,6751
0.303460692,6750
0.303467969,6749
0.303475513,6748
0.303483949,6747
0.303491558,6746
0.303499501,6745
0.303506627,6744
0.303514143,6743
0.303521355,6742
0.30352938,6741
0.303537302,6740
0.303545233,6739
0.303553556,6738
0.303563438,6737
0.303607282,6736
0.303615548,6735
0.303622997,6734
0.303631749,6733
0.303639696,6732
0.303648476,6731
0.303655666,6730
0.303676628,6729
0.30369519,6728
0.303713931,6727
0.303757836,6726
0.30376695,6725
0.303780688,6724
0.3037904,6723
0.303798901,6722
0.303807866,6721
0.303950456,6720
0.303968151,6719
0.30397814,6718
0.304035319,6717
0.304073008,6716
0.304080995,6715
0.304116849,6714
0.304141854,6713
0.30414933,6712
0.30418553,6711
0.304193215,6710
0.304200658,6709
0.304209013,6708
0.304246616,6707
0.304254273,6706
0.304299201,6705
0.304343183,6704
0.304351623,6703
0.304358668,6702
0.304377154,6701
0.304384908,6700
0.304391445,6699
0.304399269,6698
0.304405671,6697
0.304411286,6696
0.30441724,6695
0.304424449,6694
0.304459274,6693
0.304464587,6692
0.304498558,6691
0.304504575,6690
0.30451118,6689
0.304516044,6688
0.304521513,6687
0.304527064,6686
0.304532688,6685
0.304538401,6684
0.304543657,6683
0.304547628,6682
0.304556481,6681
0.304560201,6680
0.304563867,6679
0.304567615,6678
0.304571316,6677
0.304575035,6676
0.304578824,6675
0.304582494,6674
0.304586819,6673
0.304593254,6672
0.304599519,6671
0.304604536,6670
0.304609705,6669
0.304614733,6668
0.304619538,6667
0.30462441,6666
0.304631038,6665
0.304635845,6664
0.30464066,6663
0.304646739,6662
0.304652299,6661
0.304658242,6660
0.304663292,6659
0.304668425,6658
0.304673286,6657
0.304678927,6656
0.304683983,6655
0.304688872,6654
0.304693705,6653
0.304699349,6652
0.304705198,6651
0.304710711,6650
0.304716056,6649
0.304721557,6648
0.304727347,6647
0.304732881,6646
0.304739527,6645
0.304744488,6644
0.304751008,6643
0.304756752,6642
0.312977076,6641
0.312985157,6640
0.312995293,6639
0.31300135,6638
0.313010153,6637
0.313015335,6636
0.31302309,6635
0.313032426,6634
0.313038563,6633
0.313045134,6632
0.313051358,6631
0.316907168,6630
0.316917975,6629
0.316923325,6628
0.316928363,6627
0.316933317,6626
0.316939175,6625
0.316973924,6624
0.316979587,6623
0.316985158,6622
0.31699076,6621
0.31699649,6620
0.31700147,6619
0.317007185,6618
0.317013566,6617
0.317021494,6616
0.317028171,6615
0.317034154,6614
0.317063262,6613
0.317069239,6612
0.31707574,6611
0.317082547,6610
0.31709163,6609
0.31710436,6608
0.317114413,6607
0.317123307,6606
0.317132491,6605
0.317138578,6604
0.317146648,6603
0.317152548,6602
0.31715843,6601
0.317163931,6600
0.317199793,6599
0.317206427,6598
0.317212507,6597
0.317252442,6596
0.317270506,6595
0.317322885,6594
0.317357142,6593
0.317373935,6592
0.317389554,6591
0.317396506,6590
0.317401511,6589
0.317406413,6588
0.317411055,6587
0.317416888,6586
0.317443078,6585
0.317449921,6584
0.317502632,6583
0.317509249,6582
0.317517197,6581
0.317524194,6580
0.317536966,6579
0.317541431,6578
0.317578472,6577
0.317583577,6576
0.317588487,6575
0.317594631,6574
0.317600353,6573
0.317608061,6572
0.317651606,6571
0.317663342,6570
0.317679869,6569
0.317833522,6568
0.317846817,6567
0.31785247,6566
0.317857106,6565
0.317861971,6564
0.317865821,6563
0.31786979,6562
0.3178738,6561
0.317877959,6560
0.317882417,6559
0.317886465,6558
0.317890843,6557
0.317895044,6556
0.317899063,6555
0.317904498,6554
0.317908135,6553
0.317911702,6552
0.31791762,6551
0.3179304,6550
0.31795553,6549
0.31799501,6548
0.318000365,6547
0.318005407,6546
0.318010837,6545
0.318015486,6544
0.318021397,6543
0.318030023,6542
0.318041055,6541
0.318077977,6540
0.318082347,6539
0.318093109,6538
0.318099492,6537
0.318105274,6536
0.318110666,6535
0.318118058,6534
0.31815753,6533
0.318172259,6532
0.318176867,6531
0.318181287,6530
0.318185549,6529
0.318189557,6528
0.318193906,6527
0.318199388,6526
0.318204874,6525
0.318208382,6524
0.318212436,6523
0.318217188,6522
0.31822216,6521
0.318226495,6520
0.318231019,6519
0.318236782,6518
0.318241133,6517
0.318245469,6516
0.318249621,6515
0.318254771,6514
0.318261107,6513
0.318265642,6512
0.318270001,6511
0.318274209,6510
0.318278718,6509
0.318314571,6508
0.318319957,6507
0.318324304,6506
0.318329776,6505
0.318333324,6504
0.318336961,6503
0.318341085,6502
0.318344953,6501
0.318348646,6500
0.318352245,6499
0.318357913,6498
0.318369121,6497
0.318374178,6496
0.318386028,6495
0.318390989,6494
0.318394942,6493
0.318398149,6492
0.318401307,6491
0.318404422,6490
0.318407109,6489
0.318409702,6488
0.31841238,6487
0.318415408,6486
0.318418171,6485
0.318420831,6484
0.318423684,6483
0.318426536,6482
0.318430733,6481
0.318434793,6480
0.318438519,6479
0.318441829,6478
0.318445413,6477
0.318449041,6476
0.318452642,6475
0.318457815,6474
0.318461463,6473
0.318465011,6472
0.318468176,6471
0.318471241,6470
0.31847437,6469
0.318477733,6468
0.31848265,6467
0.31848584,6466
0.318489112,6465
0.31849324,6464
0.318496999,6463
0.318500593,6462
0.318506136,6461
0.318511348,6460
0.318514908,6459
0.318519982,6458
0.318523963,6457
0.318527791,6456
0.318531448,6455
0.318535142,6454
0.318539038,6453
0.31854271,6452
0.31854627,6451
0.318551321,6450
0.318556486,6449
0.318561998,6448
0.318566643,6447
0.31857188,6446
0.318583186,6445
0.318588969,6444
0.318593248,6443
0.318601345,6442
0.318605199,6441
0.318610049,6440
0.318631455,6439
0.318635069,6438
0.31863895,6437
0.318642302,6436
0.3186467,6435
0.318652136,6434
0.318655996,6433
0.318660102,6432
0.318663823,6431
0.318667537,6430
0.318671967,6429
0.318681083,6428
0.318685561,6427
0.318689856,6426
0.318693885,6425
0.31869795,6424
0.318701967,6423
0.318707148,6422
0.318738661,6421
0.318742991,6420
0.31874749,6419
0.318751749,6418
0.318755433,6417
0.31875924,6416
0.318763256,6415
0.318767038,6414
0.318770874,6413
0.318774734,6412
0.31877812,6411
0.318785021,6410
0.318788618,6409
0.318791818,6408
0.318795037,6407
0.318798335,6406
0.318801463,6405
0.318804663,6404
0.31880957,6403
0.318812898,6402
0.318817056,6401
0.318821213,6400
0.318825107,6399
0.318830529,6398
0.318834532,6397
0.318838684,6396
0.318844466,6395
0.318848256,6394
0.318854262,6393
0.318857788,6392
0.318861458,6391
0.318865213,6390
0.318868578,6389
0.318872308,6388
0.318876211,6387
0.318880104,6386
0.318882683,6385
0.318885474,6384
0.318888097,6383
0.318890818,6382
0.318893471,6381
0.318896289,6380
0.318898793,6379
0.318904306,6378
0.318906744,6377
0.318910372,6376
0.318912847,6375
0.318915617,6374
0.318918477,6373
0.31892189,6372
0.318925023,6371
0.318927825,6370
0.318930528,6369
0.318933163,6368
0.318935757,6367
0.318939179,6366
0.318941749,6365
0.318944357,6364
0.318946771,6363
0.318949168,6362
0.318951642,6361
0.318954134,6360
0.318956876,6359
0.319405276,6358
0.319409912,6357
0.319414466,6356
0.319418427,6355
0.319422344,6354
0.31942545,6353
0.319429605,6352
0.319432858,6351
0.319435966,6350
0.319439981,6349
0.319444394,6348
0.319448587,6347
0.319453474,6346
0.319457519,6345
0.319461338,6344
0.319465127,6343
0.319469226,6342
0.319473141,6341
0.319477331,6340
0.319482447,6339
0.319488212,6338
0.319493007,6337
0.319496294,6336
0.319499445,6335
0.31950224,6334
0.319505937,6333
0.319508796,6332
0.319511664,6331
0.319514747,6330
0.319519105,6329
0.319522429,6328
0.319525342,6327
0.319528209,6326
0.319531179,6325
0.319534891,6324
0.319537483,6323
0.31954095,6322
0.319545545,6321
0.319549565,6320
0.319553866,6319
0.319557163,6318
0.319560012,6317
0.31956312,6316
0.319566597,6315
0.319569629,6314
0.31957255,6313
0.319576135,6312
0.319586165,6311
0.319593043,6310
0.319598088,6309
0.319604237,6308
0.319608449,6307
0.319612758,6306
0.319621043,6305
0.319628032,6304
0.319631963,6303
0.319639034,6302
0.319642838,6301
0.319646821,6300
0.319651193,6299
0.31965538,6298
0.319659521,6297
0.319663851,6296
0.319671534,6295
0.319678136,6294
0.319681838,6293
0.319685966,6292
0.319692744,6291
0.319696529,6290
0.319702762,6289
0.319706587,6288
0.319710119,6287
0.319713794,6286
0.319717452,6285
0.319721093,6284
0.319729931,6283
0.319733913,6282
0.319737725,6281
0.319741379,6280
0.319745149,6279
0.319749867,6278
0.319754352,6277
0.319758939,6276
0.319762967,6275
0.319767045,6274
0.319771473,6273
0.319776798,6272
0.319781117,6271
0.319786163,6270
0.319790239,6269
0.319795491,6268
0.319802824,6267
0.319806464,6266
0.31981195,6265
0.319816716,6264
0.319821208,6263
0.319826933,6262
0.319831833,6261
0.319836604,6260
0.319840013,6259
0.319843311,6258
0.319846353,6257
0.31984924,6256
0.31985402,6255
0.319856896,6254
0.319859702,6253
0.319863952,6252
0.319868225,6251
0.31987164,6250
0.319874655,6249
0.31987782,6248
0.319881107,6247
0.319883859,6246
0.319888711,6245
0.319891737,6244
0.319897402,6243
0.319900783,6242
0.319903466,6241
0.319906245,6240
0.319910313,6239
0.319914739,6238
0.319919392,6237
0.319922112,6236
0.319924617,6235
0.319927137,6234
0.319929859,6233
0.319932686,6232
0.319935415,6231
0.319938078,6230
0.319940794,6229
0.319944986,6228
0.319947715,6227
0.319950493,6226
0.319953225,6225
0.319956262,6224
0.319964415,6223
0.319968416,6222
0.319971259,6221
0.319977045,6220
0.319981977,6219
0.320019021,6218
0.320026747,6217
0.320032293,6216
0.320044785,6215
0.320090171,6214
0.320098498,6213
0.320131684,6212
0.320137576,6211
0.32014285,6210
0.3201479,6209
0.320152904,6208
0.320157995,6207
0.320162953,6206
0.320194467,6205
0.320202251,6204
0.320206118,6203
0.320212877,6202
0.320217684,6201
0.320222406,6200
0.320226298,6199
0.320231645,6198
0.32023547,6197
0.320239651,6196
0.320244184,6195
0.320248218,6194
0.320252131,6193
0.32025622,6192
0.320261611,6191
0.32026526,6190
0.320269368,6189
0.320272272,6188
0.320276244,6187
0.320279226,6186
0.320282571,6185
0.320286898,6184
0.320293664,6183
0.320298367,6182
0.320302782,6181
0.320306942,6180
0.320310984,6179
0.320315218,6178
0.320319079,6177
0.320324493,6176
0.320328542,6175
0.320332265,6174
0.320337951,6173
0.320341979,6172
0.320345937,6171
0.320350153,6170
0.320354376,6169
0.32035993,6168
0.320363906,6167
0.32036796,6166
0.320371967,6165
0.320375754,6164
0.320383012,6163
0.320386985,6162
0.320397591,6161
0.320401278,6160
0.320405329,6159
0.320409341,6158
0.320414388,6157
0.320418224,6156
0.320422224,6155
0.320427283,6154
0.320430671,6153
0.320434648,6152
0.320437692,6151
0.320440633,6150
0.320444856,6149
0.32044779,6148
0.320452809,6147
0.320458916,6146
0.320463573,6145
0.320469386,6144
0.320473921,6143
0.320477996,6142
0.320482006,6141
0.320486195,6140
0.32049278,6139
0.320496719,6138
0.320501799,6137
0.320505656,6136
0.320510855,6135
0.320515982,6134
0.320521687,6133
0.320526371,6132
0.320530646,6131
0.320536825,6130
0.320540963,6129
0.32054576,6128
0.320549749,6127
0.320554027,6126
0.320557772,6125
0.320562622,6124
0.320566481,6123
0.320571113,6122
0.320575773,6121
0.320580752,6120
0.320584534,6119
0.320588008,6118
0.320593152,6117
0.320597768,6116
0.320601859,6115
0.320605225,6114
0.32060843,6113
0.320613899,6112
0.320617406,6111
0.320620565,6110
0.320624401,6109
0.32062806,6108
0.320631953,6107
0.320634877,6106
0.320638367,6105
0.320642606,6104
0.320645243,6103
0.32064925,6102
0.320652386,6101
0.320656826,6100
0.320660969,6099
0.32066543,6098
0.320669351,6097
0.320676591,6096
0.320680504,6095
0.320686152,6094
0.320691603,6093
0.320699511,6092
0.32070854,6091
0.320826941,6090
0.320835128,6089
0.320840928,6088
0.320848471,6087
0.320854502,6086
0.32086246,6085
0.320880739,6084
0.320900691,6083
0.321538689,6082
0.321554172,6081
0.321573486,6080
0.321588094,6079
0.321604803,6078
0.321613515,6077
0.321618604,6076
0.321623097,6075
0.32163019,6074
0.321635752,6073
0.321641059,6072
0.321645734,6071
0.321649839,6070
0.321653578,6069
0.321662039,6068
0.321665167,6067
0.321668127,6066
0.321672538,6065
0.321676805,6064
0.321686984,6063
0.321691045,6062
0.321697686,6061
0.321700953,6060
0.321703847,6059
0.321707147,6058
0.321710812,6057
0.321713749,6056
0.3217168,6055
0.321720925,6054
0.321726283,6053
0.321729162,6052
0.321734269,6051
0.321737817,6050
0.321742109,6049
0.321746699,6048
0.32175223,6047
0.321756607,6046
0.321760849,6045
0.321766486,6044
0.321770725,6043
0.32177641,6042
0.321784612,6041
0.321789273,6040
0.321797283,6039
0.32180235,6038
0.32180651,6037
0.321811271,6036
0.321817229,6035
0.321822512,6034
0.321827533,6033
0.321833264,6032
0.321838227,6031
0.321843316,6030
0.321851839,6029
0.321857154,6028
0.321861812,6027
0.321873362,6026
0.321877857,6025
0.321889709,6024
0.321894295,6023
0.32189851,6022
0.321903122,6021
0.321907828,6020
0.321913444,6019
0.321917973,6018
0.32192215,6017
0.321928818,6016
0.321932833,6015
0.321937085,6014
0.321941586,6013
0.321946832,6012
0.321951425,6011
0.321966197,6010
0.321970734,6009
0.321975047,6008
0.321979413,6007
0.321984795,6006
0.321990121,6005
0.321996574,6004
0.322000146,6003
0.322004701,6002
0.322009057,6001
0.322016748,6000
0.322020844,5999
0.322024473,5998
0.322027793,5997
0.32203135,5996
0.322039179,5995
0.322043913,5994
0.322049907,5993
0.322055775,5992
0.322060028,5991
0.322065279,5990
0.322069801,5989
0.322073888,5988
0.322077312,5987
0.322081464,5986
0.32208927,5985
0.322093682,5984
0.322099344,5983
0.322112224,5982
0.322116709,5981
0.322123728,5980
0.322154347,5979
0.322158841,5978
0.32216399,5977
0.322168825,5976
0.322177319,5975
0.322181213,5974
0.322186563,5973
0.322191268,5972
0.322194201,5971
0.322198691,5970
0.322202772,5969
0.322206838,5968
0.322211248,5967
0.322215367,5966
0.322219522,5965
0.3222235,5964
0.322232571,5963
0.322244281,5962
0.322249829,5961
0.322253793,5960
0.322260498,5959
0.322266211,5958
0.32227234,5957
0.32227804,5956
0.32231291,5955
0.322317766,5954
0.322323835,5953
0.322328675,5952
0.322333377,5951
0.322338107,5950
0.322344233,5949
0.32235165,5948
0.322357759,5947
0.322362059,5946
0.322366419,5945
0.32237285,5944
0.322376707,5943
0.322380839,5942
0.322384965,5941
0.322388924,5940
0.322393561,5939
0.322397602,5938
0.322404853,5937
0.322417129,5936
0.322421011,5935
0.322425279,5934
0.322430023,5933
0.322433997,5932
0.322438542,5931
0.322442901,5930
0.322448494,5929
0.322452772,5928
0.322457551,5927
0.322464469,5926
0.322475793,5925
0.322481287,5924
0.322486507,5923
0.322494022,5922
0.322500296,5921
0.32250957,5920
0.322514194,5919
0.322520142,5918
0.322525305,5917
0.322579574,5916
0.322584247,5915
0.322589541,5914
0.322598978,5913
0.322603994,5912
0.322608468,5911
0.3226144,5910
0.32262011,5909
0.322627265,5908
0.32263255,5907
0.322640209,5906
0.322644641,5905
0.322648941,5904
0.322653323,5903
0.322657402,5902
0.32266141,5901
0.322666047,5900
0.322671879,5899
0.322677852,5898
0.322683929,5897
0.322688143,5896
0.32269185,5895
0.322699445,5894
0.322704563,5893
0.322708618,5892
0.322714559,5891
0.322721041,5890
0.322725101,5889
0.322732047,5888
0.322739478,5887
0.322746041,5886
0.322751008,5885
0.322754822,5884
0.322759123,5883
0.322764656,5882
0.322769814,5881
0.322773808,5880
0.322779229,5879
0.322783649,5878
0.322789043,5877
0.322793309,5876
0.322796973,5875
0.322800139,5874
0.322806514,5873
0.322811707,5872
0.322815847,5871
0.322819204,5870
0.3228262,5869
0.322829999,5868
0.322833282,5867
0.322836541,5866
0.322845272,5865
0.322848852,5864
0.322852846,5863
0.322859141,5862
0.322862603,5861
0.322867664,5860
0.32287372,5859
0.322877156,5858
0.322881626,5857
0.322884538,5856
0.322888382,5855
0.322892402,5854
0.322898696,5853
0.322907537,5852
0.322919026,5851
0.322923633,5850
0.322928734,5849
0.3229338,5848
0.322939132,5847
0.322945922,5846
0.322952912,5845
0.322957772,5844
0.322961403,5843
0.322969396,5842
0.322973244,5841
0.322976904,5840
0.322980789,5839
0.322984303,5838
0.322988371,5837
0.322995515,5836
0.323003689,5835
0.323007672,5834
0.323011637,5833
0.323015535,5832
0.32303094,5831
0.323035599,5830
0.323042445,5829
0.323046692,5828
0.323051977,5827
0.323056348,5826
0.323060401,5825
0.323064679,5824
0.323071004,5823
0.32307755,5822
0.323082272,5821
0.323086449,5820
0.32309261,5819
0.323097001,5818
0.323103652,5817
0.323107114,5816
0.32311072,5815
0.323113725,5814
0.323117537,5813
0.323121014,5812
0.323124395,5811
0.323127595,5810
0.323131086,5809
0.323134023,5808
0.323140084,5807
0.323143282,5806
0.323148133,5805
0.323153939,5804
0.323817259,5803
0.32382571,5802
0.323830816,5801
0.323838707,5800
0.323848205,5799
0.323853425,5798
0.323865675,5797
0.323871797,5796
0.32387995,5795
0.323884015,5794
0.323890498,5793
0.323898258,5792
0.323909821,5791
0.323922781,5790
0.323935437,5789
0.323941328,5788
0.32394538,5787
0.32395018,5786
0.323954526,5785
0.323961456,5784
0.323965959,5783
0.323969907,5782
0.323973659,5781
0.323977653,5780
0.323983829,5779
0.323988418,5778
0.323993001,5777
0.324007216,5776
0.324011239,5775
0.324015219,5774
0.324021993,5773
0.324029389,5772
0.324035415,5771
0.324039806,5770
0.324045754,5769
0.324054652,5768
0.324063613,5767
0.324069803,5766
0.324074149,5765
0.324080357,5764
0.324084235,5763
0.324089299,5762
0.324092999,5761
0.324098792,5760
0.324103917,5759
0.324110914,5758
0.324116571,5757
0.324122003,5756
0.324126022,5755
0.324132348,5754
0.324138942,5753
0.324146282,5752
0.324151945,5751
0.324168572,5750
0.32417666,5749
0.324182573,5748
0.3241867,5747
0.324204214,5746
0.324219134,5745
0.324224057,5744
0.32422893,5743
0.324233349,5742
0.324238061,5741
0.324242528,5740
0.324247047,5739
0.3242538,5738
0.324268035,5737
0.324272218,5736
0.324276653,5735
0.324282965,5734
0.32429034,5733
0.324332249,5732
0.324337161,5731
0.32434171,5730
0.324348052,5729
0.324388112,5728
0.324392166,5727
0.32443105,5726
0.324471716,5725
0.324477429,5724
0.324483048,5723
0.324520521,5722
0.324525955,5721
0.324530447,5720
0.324538544,5719
0.324542927,5718
0.324547505,5717
0.324553329,5716
0.324558221,5715
0.324563617,5714
0.324568221,5713
0.32458434,5712
0.324664131,5711
0.324668984,5710
0.324702682,5709
0.324715528,5708
0.324720366,5707
0.324725265,5706
0.324731362,5705
0.324736303,5704
0.324742692,5703
0.324747044,5702
0.324751869,5701
0.32475881,5700
0.324763922,5699
0.324768627,5698
0.324772884,5697
0.324778205,5696
0.324791168,5695
0.3248001,5694
0.32480511,5693
0.324809521,5692
0.324816052,5691
0.324820602,5690
0.324825104,5689
0.324833727,5688
0.32485619,5687
0.324871352,5686
0.324876024,5685
0.324880441,5684
0.324884976,5683
0.324890706,5682
0.324895007,5681
0.324899837,5680
0.324914591,5679
0.324949931,5678
0.324958156,5677
0.324994115,5676
0.324999855,5675
0.325007127,5674
0.325011416,5673
0.325014825,5672
0.325019054,5671
0.325023313,5670
0.325027571,5669
0.325073219,5668
0.32508012,5667
0.325084887,5666
0.325090216,5665
0.325101736,5664
0.325105051,5663
0.325109756,5662
0.32511285,5661
0.325118541,5660
0.325122592,5659
0.325126765,5658
0.325135568,5657
0.325142138,5656
0.32514852,5655
0.325154774,5654
0.325213676,5653
0.325217308,5652
0.325221818,5651
0.325225848,5650
0.325230723,5649
0.325233914,5648
0.325238649,5647
0.325244703,5646
0.325247867,5645
0.325251457,5644
0.325254388,5643
0.325257827,5642
0.325262126,5641
0.32526834,5640
0.32527687,5639
0.325280047,5638
0.325291641,5637
0.32529498,5636
0.325307076,5635
0.325312951,5634
0.32531913,5633
0.325322638,5632
0.325331282,5631
0.325337329,5630
0.325344184,5629
0.325348313,5628
0.325351977,5627
0.325363768,5626
0.325368457,5625
0.325377076,5624
0.325380644,5623
0.325384561,5622
0.325391748,5621
0.325395586,5620
0.325399459,5619
0.325405177,5618
0.32541733,5617
0.325424138,5616
0.325428423,5615
0.325433313,5614
0.325440252,5613
0.325445089,5612
0.325451602,5611
0.325460079,5610
0.325464753,5609
0.325471193,5608
0.325477742,5607
0.325481486,5606
0.32548679,5605
0.325490707,5604
0.325494598,5603
0.325498635,5602
0.325502496,5601
0.325506391,5600
0.325512152,5599
0.325516057,5598
0.32551972,5597
0.325526791,5596
0.325530442,5595
0.325536172,5594
0.32554097,5593
0.325545945,5592
0.325553135,5591
0.325556346,5590
0.325559162,5589
0.325561784,5588
0.325565849,5587
0.325568666,5586
0.325575005,5585
0.32557787,5584
0.325584581,5583
0.325588509,5582
0.325594755,5581
0.325608253,5580
0.325614336,5579
0.325618591,5578
0.325622814,5577
0.325628724,5576
0.325633926,5575
0.325637993,5574
0.325654082,5573
0.325669339,5572
0.325674137,5571
0.325680147,5570
0.325686091,5569
0.325696017,5568
0.325704066,5567
0.325711763,5566
0.325722456,5565
0.325731793,5564
0.326098003,5563
0.326101365,5562
0.326104501,5561
0.326109811,5560
0.326114938,5559
0.326118378,5558
0.326130746,5557
0.326136527,5556
0.326142641,5555
0.326149457,5554
0.326155129,5553
0.326159634,5552
0.32616418,5551
0.326168932,5550
0.326173567,5549
0.326182049,5548
0.32618848,5547
0.326200643,5546
0.326218111,5545
0.32622348,5544
0.3262308,5543
0.326234716,5542
0.326240958,5541
0.326257044,5540
0.326261594,5539
0.326268007,5538
0.326275018,5537
0.326279245,5536
0.326287428,5535
0.326291642,5534
0.326298289,5533
0.326301222,5532
0.326305163,5531
0.326309416,5530
0.326316786,5529
0.326323007,5528
0.326329412,5527
0.326335327,5526
0.326339633,5525
0.326343812,5524
0.326347985,5523
0.326354753,5522
0.326360997,5521
0.32638364,5520
0.326390584,5519
0.326394357,5518
0.326398425,5517
0.326412946,5516
0.326416773,5515
0.326465358,5514
0.326540029,5513
0.326547602,5512
0.326588957,5511
0.326595208,5510
0.326601463,5509
0.326610712,5508
0.326633791,5507
0.326640486,5506
0.326673385,5505
0.32667752,5504
0.32668266,5503
0.326691884,5502
0.326699129,5501
0.326703451,5500
0.326707887,5499
0.326720511,5498
0.326724226,5497
0.326729504,5496
0.326737596,5495
0.326742146,5494
0.326746391,5493
0.326750164,5492
0.326754974,5491
0.32675933,5490
0.326766895,5489
0.326781324,5488
0.326787265,5487
0.326791303,5486
0.326796571,5485
0.326803781,5484
0.326809031,5483
0.326813244,5482
0.32681891,5481
0.326825208,5480
0.326838095,5479
0.326844074,5478
0.326853086,5477
0.326857597,5476
0.326864067,5475
0.326869522,5474
0.326875425,5473
0.326885275,5472
0.326890156,5471
0.326895794,5470
0.326900155,5469
0.326907266,5468
0.326915748,5467
0.326919721,5466
0.326938438,5465
0.326942468,5464
0.326946256,5463
0.32695215,5462
0.326963075,5461
0.326971021,5460
0.326976122,5459
0.327006608,5458
0.327024491,5457
0.327035957,5456
0.327039885,5455
0.327042889,5454
0.327064124,5453
0.327071842,5452
0.327074897,5451
0.327077496,5450
0.327082154,5449
0.327091692,5448
0.327094549,5447
0.327100097,5446
0.32710836,5445
0.327113031,5444
0.327120273,5443
0.327133104,5442
0.327154539,5441
0.327159581,5440
0.327170541,5439
0.327176292,5438
0.3271826,5437
0.327190945,5436
0.327197423,5435
0.327206613,5434
0.327214498,5433
0.327218354,5432
0.327222701,5431
0.327227133,5430
0.327231313,5429
0.327246849,5428
0.327261041,5427
0.327265604,5426
0.327307422,5425
0.327315841,5424
0.327322729,5423
0.327329358,5422
0.32733329,5421
0.327337941,5420
0.327342051,5419
0.327347783,5418
0.327350872,5417
0.32735887,5416
0.327361601,5415
0.32736534,5414
0.327369657,5413
0.327376276,5412
0.327381157,5411
0.327384785,5410
0.327388962,5409
0.327397934,5408
0.327401302,5407
0.327404232,5406
0.327413672,5405
0.327417333,5404
0.327419936,5403
0.327424268,5402
0.32742798,5401
0.327437584,5400
0.327440972,5399
0.327444285,5398
0.327447353,5397
0.32745384,5396
0.327458715,5395
0.3274651,5394
0.327469702,5393
0.327483504,5392
0.327488413,5391
0.327493949,5390
0.327496671,5389
0.327507044,5388
0.327510298,5387
0.32751488,5386
0.327518676,5385
0.32752196,5384
0.327528965,5383
0.327532564,5382
0.327538628,5381
0.327542335,5380
0.327545164,5379
0.327549955,5378
0.32755255,5377
0.327558585,5376
0.328146053,5375
0.328152901,5374
0.328169344,5373
0.328173534,5372
0.328185798,5371
0.3281937,5370
0.328239593,5369
0.328270086,5368
0.328277345,5367
0.328285456,5366
0.328318743,5365
0.328327205,5364
0.328332741,5363
0.328339594,5362
0.328342884,5361
0.328353472,5360
0.328365255,5359
0.328371236,5358
0.328378561,5357
0.328383813,5356
0.328387705,5355
0.328392571,5354
0.328397049,5353
0.328403411,5352
0.328407076,5351
0.328411086,5350
0.328415334,5349
0.328423307,5348
0.328428026,5347
0.328457646,5346
0.328461126,5345
0.328465049,5344
0.328473534,5343
0.328477312,5342
0.32848868,5341
0.3284997,5340
0.328506245,5339
0.328510549,5338
0.328518002,5337
0.32852603,5336
0.328556143,5335
0.328561401,5334
0.32856518,5333
0.328580283,5332
0.328587633,5331
0.328594029,5330
0.328640338,5329
0.328646799,5328
0.328663355,5327
0.328668459,5326
0.328784694,5325
0.328836543,5324
0.328842681,5323
0.328855982,5322
0.328903981,5321
0.328933139,5320
0.328949441,5319
0.328956752,5318
0.328967921,5317
0.32899393,5316
0.32899835,5315
0.329009813,5314
0.329016776,5313
0.329058921,5312
0.329071565,5311
0.329077394,5310
0.329082463,5309
0.329087284,5308
0.329096468,5307
0.329100724,5306
0.329106429,5305
0.329117674,5304
0.329121278,5303
0.329126634,5302
0.32913203,5301
0.329141443,5300
0.329146771,5299
0.329152079,5298
0.32917832,5297
0.32918392,5296
0.329189688,5295
0.329202126,5294
0.329211698,5293
0.329217494,5292
0.329223375,5291
0.329230765,5290
0.329251363,5289
0.329255584,5288
0.329266917,5287
0.329271355,5286
0.329320911,5285
0.329324761,5284
0.329329774,5283
0.329347762,5282
0.329362323,5281
0.329366713,5280
0.329373871,5279
0.329380579,5278
0.32938913,5277
0.329397481,5276
0.32940276,5275
0.329422138,5274
0.329425713,5273
0.329432784,5272
0.329438517,5271
0.329447206,5270
0.329476196,5269
0.329481519,5268
0.329494988,5267
0.329499032,5266
0.329508982,5265
0.329529509,5264
0.3295461,5263
0.329558585,5262
0.329563846,5261
0.329569374,5260
0.329574754,5259
0.329590224,5258
0.329606831,5257
0.329613021,5256
0.32961762,5255
0.329622518,5254
0.329639339,5253
0.329654074,5252
0.329659185,5251
0.329666593,5250
0.329672074,5249
0.329678336,5248
0.329684463,5247
0.329690238,5246
0.329698835,5245
0.3297071,5244
0.329713208,5243
0.329717178,5242
0.32972217,5241
0.329752632,5240
0.329756711,5239
0.329765075,5238
0.329771553,5237
0.329777745,5236
0.329781946,5235
0.329788891,5234
0.329792346,5233
0.330212833,5232
0.330217999,5231
0.3302259,5230
0.330236069,5229
0.330244425,5228
0.330251411,5227
0.330306208,5226
0.330331881,5225
0.330339044,5224
0.330347513,5223
0.330355113,5222
0.330373462,5221
0.330381863,5220
0.330419244,5219
0.330429477,5218
0.330435373,5217
0.330444363,5216
0.330458489,5215
0.330465222,5214
0.33047372,5213
0.330478778,5212
0.33048351,5211
0.330492447,5210
0.330504874,5209
0.330508153,5208
0.330511844,5207
0.330523779,5206
0.330533668,5205
0.330538279,5204
0.330541633,5203
0.330564836,5202
0.330569883,5201
0.330573031,5200
0.330579414,5199
0.330582506,5198
0.33058643,5197
0.330589671,5196
0.330592663,5195
0.330597583,5194
0.330600634,5193
0.33061009,5192
0.330616096,5191
0.330623138,5190
0.330664332,5189
0.330673431,5188
0.330676432,5187
0.330680432,5186
0.330709401,5185
0.330713889,5184
0.330719459,5183
0.330722336,5182
0.330724943,5181
0.330731027,5180
0.330748121,5179
0.330761335,5178
0.330766229,5177
0.330780555,5176
0.330787082,5175
0.330796237,5174
0.330800351,5173
0.330807911,5172
0.330817805,5171
0.330822329,5170
0.330828009,5169
0.330833169,5168
0.330839357,5167
0.330845211,5166
0.330851111,5165
0.330865208,5164
0.330875841,5163
0.330890291,5162
0.330897619,5161
0.330910712,5160
0.330927012,5159
0.330936704,5158
0.330946715,5157
0.330958521,5156
0.330962399,5155
0.330969399,5154
0.330972272,5153
0.330981384,5152
0.330985418,5151
0.330991537,5150
0.33099612,5149
0.330998842,5148
0.331001708,5147
0.331006028,5146
0.331026344,5145
0.331031275,5144
0.331033687,5143
0.331038784,5142
0.331046887,5141
0.331071372,5140
0.331079649,5139
0.331087754,5138
0.331093576,5137
0.331096526,5136
0.331099604,5135
0.331104899,5134
0.331117231,5133
0.331125072,5132
0.331129135,5131
0.33113402,5130
0.33114081,5129
0.331155583,5128
0.331158711,5127
0.331164412,5126
0.331169699,5125
0.331173273,5124
0.331181628,5123
0.331199613,5122
0.331203557,5121
0.331220485,5120
0.331234496,5119
0.331239134,5118
0.3312521,5117
0.3312609,5116
0.331281876,5115
0.331288682,5114
0.331293284,5113
0.331301942,5112
0.331325289,5111
0.331330914,5110
0.331333841,5109
0.331337488,5108
0.331340263,5107
0.331352527,5106
0.331703878,5105
0.331706972,5104
0.331714019,5103
0.331737005,5102
0.331743088,5101
0.331755192,5100
0.331760998,5099
0.331765318,5098
0.33177351,5097
0.33178495,5096
0.331791823,5095
0.331841813,5094
0.331884175,5093
0.331913161,5092
0.331928924,5091
0.331937004,5090
0.331942875,5089
0.331961244,5088
0.331976056,5087
0.332017752,5086
0.332024622,5085
0.332034931,5084
0.332053153,5083
0.332065858,5082
0.332073872,5081
0.332083109,5080
0.332089079,5079
0.332096962,5078
0.332107,5077
0.332112441,5076
0.332124449,5075
0.332130477,5074
0.332139977,5073
0.332151489,5072
0.332162116,5071
0.332167195,5070
0.332177682,5069
0.332195672,5068
0.332205507,5067
0.332209785,5066
0.3322185,5065
0.332229228,5064
0.332232933,5063
0.332236451,5062
0.332241399,5061
0.332244385,5060
0.332247179,5059
0.332256456,5058
0.332267435,5057
0.332284238,5056
0.332290841,5055
0.332295377,5054
0.332307684,5053
0.332314918,5052
0.332329224,5051
0.33234142,5050
0.332344893,5049
0.332357468,5048
0.332361056,5047
0.332365305,5046
0.332371095,5045
0.332377011,5044
0.332392676,5043
0.332401609,5042
0.332416556,5041
0.332419724,5040
0.332430092,5039
0.332435004,5038
0.33243899,5037
0.33244459,5036
0.33245022,5035
0.332454714,5034
0.332461585,5033
0.332469172,5032
0.332478877,5031
0.332491069,5030
0.332495118,5029
0.332499439,5028
0.332515619,5027
0.332520059,5026
0.332525644,5025
0.332529893,5024
0.33253675,5023
0.332554762,5022
0.33255842,5021
0.332563147,5020
0.332569591,5019
0.332572704,5018
0.332576919,5017
0.332583189,5016
0.332587724,5015
0.33259718,5014
0.332609187,5013
0.332612158,5012
0.332618385,5011
0.332644206,5010
0.332648955,5009
0.332670711,5008
0.332675219,5007
0.332692279,5006
0.332695766,5005
0.332723387,5004
0.332726793,5003
0.332736025,5002
0.332745063,5001
0.332759763,5000
0.332782331,4999
0.332790265,4998
0.332798971,4997
0.332857336,4996
0.332864261,4995
0.332871646,4994
0.332876844,4993
0.332880906,4992
0.332905672,4991
0.332941968,4990
0.332948416,4989
0.333393099,4988
0.333467249,4987
0.3334809,4986
0.333492335,4985
0.333503319,4984
0.333513658,4983
0.333526578,4982
0.333549186,4981
0.333573382,4980
0.333590676,4979
0.333682588,4978
0.333704389,4977
0.333708347,4976
0.333713198,4975
0.333721377,4974
0.333728173,4973
0.333735145,4972
0.333745057,4971
0.333750005,4970
0.33376252,4969
0.333776425,4968
0.333782382,4967
0.333789945,4966
0.33379809,4965
0.333825856,4964
0.33383435,4963
0.333838321,4962
0.33384253,4961
0.333855508,4960
0.333876347,4959
0.333888217,4958
0.333900736,4957
0.333906186,4956
0.333916863,4955
0.333926673,4954
0.333961408,4953
0.333978843,4952
0.33399776,4951
0.334013055,4950
0.334019935,4949
0.334026706,4948
0.334094723,4947
0.334130755,4946
0.334137483,4945
0.334178648,4944
0.334239428,4943
0.334249363,4942
0.33425796,4941
0.334263606,4940
0.334269841,4939
0.334307423,4938
0.334345102,4937
0.334349304,4936
0.334355804,4935
0.334363095,4934
0.334367691,4933
0.334408592,4932
0.334419619,4931
0.334433867,4930
0.334438035,4929
0.334495042,4928
0.334501795,4927
0.334554242,4926
0.334560169,4925
0.33459513,4924
0.334651142,4923
0.334660615,4922
0.334709253,4921
0.33471301,4920
0.334716674,4919
0.334754993,4918
0.334772161,4917
0.335310463,4916
0.335363934,4915
0.335404031,4914
0.335453362,4913
0.335465497,4912
0.335470341,4911
0.335526604,4910
0.335583845,4909
0.335590128,4908
0.335597053,4907
0.335602465,4906
0.335644509,4905
0.335675097,4904
0.335680386,4903
0.335719372,4902
0.335745037,4901
0.335787777,4900
0.335796709,4899
0.335811188,4898
0.335869986,4897
0.335874873,4896
0.335895255,4895
0.335901896,4894
0.335912535,4893
0.336281035,4892
0.336321283,4891
0.33637055,4890
0.336391714,4889
0.336428549,4888
0.336432647,4887
0.336447455,4886
0.336490294,4885
0.336498342,4884
0.336520833,4883
0.336556576,4882
0.336607643,4881
0.336654048,4880
0.336673704,4879
0.336680053,4878
0.336685527,4877
0.336711981,4876
0.336807812,4875
0.336817447,4874
0.33682758,4873
0.336866509,4872
0.33690773,4871
0.336918249,4870
0.336922329,4869
0.336958578,4868
0.337009372,4867
0.337017378,4866
0.337025,4865
0.338148202,4864
0.338159184,4863
0.338209616,4862
0.338214208,4861
0.338218771,4860
0.338254914,4859
0.338292663,4858
0.338296987,4857
0.338304898,4856
0.338348024,4855
0.338356596,4854
0.338361292,4853
0.338369361,4852
0.338378041,4851
0.338420732,4850
0.33842617,4849
0.338469302,4848
0.338519352,4847
0.338529356,4846
0.338536095,4845
0.33857179,4844
0.338577228,4843
0.338582064,4842
0.338606247,4841
0.338705413,4840
0.338710259,4839
0.338725927,4838
0.338762945,4837
0.338821179,4836
0.338875299,4835
0.338884279,4834
0.338889403,4833
0.338898859,4832
0.338902482,4831
0.339424927,4830
0.339434062,4829
0.339475271,4828
0.339486323,4827
0.339527279,4826
0.339534728,4825
0.339590861,4824
0.339606647,4823
0.33960933,4822
0.339985936,4821
0.340039238,4820
0.340042553,4819
0.34004898,4818
0.340054754,4817
0.340109508,4816
0.34011976,4815
0.340127689,4814
0.340135825,4813
0.34017152,4812
0.340201714,4811
0.340205153,4810
0.340210192,4809
0.340251889,4808
0.340268474,4807
0.340271938,4806
0.340280994,4805
0.340285082,4804
0.340295797,4803
0.340331251,4802
0.340359821,4801
0.340369899,4800
0.34043064,4799
0.340443033,4798
0.340449113,4797
0.340453634,4796
0.340775513,4795
0.340781399,4794
0.340809216,4793
0.340816934,4792
0.340824516,4791
0.340861672,4790
0.340918793,4789
0.340969413,4788
0.340993818,4787
0.341029896,4786
0.341102683,4785
0.341144995,4784
0.341168914,4783
0.341223266,4782
0.341229614,4781
0.341316604,4780
0.341323766,4779
0.341328245,4778
0.341336253,4777
0.341566245,4776
0.341572222,4775
0.341588771,4774
0.341595734,4773
0.341601398,4772
0.34164811,4771
0.341697564,4770
0.341782276,4769
0.341820089,4768
0.341866622,4767
0.341874638,4766
0.341965049,4765
0.342229819,4764
0.342273193,4763
0.342324748,4762
0.342338325,4761
0.342350103,4760
0.342507825,4759
0.342551963,4758
0.342702229,4757
0.342741131,4756
0.343127388,4755
0.343143102,4754
0.343234157,4753
0.343249248,4752
0.343507657,4751
