0.206952927,6823
0.207550196,6822
0.207607415,6821
0.207642378,6820
0.207700553,6819
0.207741086,6818
0.207785047,6817
0.207827281,6816
0.207836488,6815
0.207843332,6814
0.207850064,6813
0.208273495,6812
0.20828817,6811
0.208340365,6810
0.208373151,6809
0.208442162,6808
0.208453392,6807
0.209227297,6806
0.209248688,6805
0.209255215,6804
0.209260994,6803
0.209266818,6802
0.209276311,6801
0.209283472,6800
0.209289195,6799
0.2092947,6798
0.209313209,6797
0.209319194,6796
0.209327037,6795
0.209333212,6794
0.209339487,6793
0.209345241,6792
0.209351267,6791
0.209357155,6790
0.209364147,6789
0.209369982,6788
0.209376967,6787
0.209382791,6786
0.209389511,6785
0.209395206,6784
0.209401054,6783
0.209407037,6782
0.209446149,6781
0.209493587,6780
0.209504481,6779
0.209554651,6778
0.209562971,6777
0.209582612,6776
0.209589106,6775
0.209595688,6774
0.209603955,6773
0.209610829,6772
0.20961702,6771
0.209623109,6770
0.209629459,6769
0.209636097,6768
0.209642563,6767
0.209648452,6766
0.20965786,6765
0.209666955,6764
0.209675945,6763
0.209718173,6762
0.209782206,6761
0.2098512,6760
0.209910871,6759
0.209954854,6758
0.210299903,6757
0.210317362,6756
0.210442211,6755
0.21047404,6754
0.210512902,6753
0.210519719,6752
0.210525862,6751
0.210536481,6750
0.210544939,6749
0.210553253,6748
0.210561388,6747
0.210569709,6746
0.210578335,6745
0.210598407,6744
0.210661255,6743
0.210677667,6742
0.210716856,6741
0.210732133,6740
0.210768112,6739
0.210805797,6738
0.210844709,6737
0.210880678,6736
0.210918065,6735
0.210933314,6734
0.210940985,6733
0.210948563,6732
0.210984203,6731
0.210991428,6730
0.211000837,6729
0.211031362,6728
0.211042292,6727
0.211050405,6726
0.21105854,6725
0.211066249,6724
0.211078272,6723
0.211087193,6722
0.21109537,6721
0.211103751,6720
0.211112101,6719
0.211157001,6718
0.211192245,6717
0.211200259,6716
0.211207695,6715
0.211229815,6714
0.211237187,6713
0.211244431,6712
0.21125133,6711
0.211258838,6710
0.211266163,6709
0.211274474,6708
0.211283266,6707
0.211290427,6706
0.211298362,6705
0.211305766,6704
0.211313289,6703
0.21133142,6702
0.211356272,6701
0.211362052,6700
0.211367869,6699
0.211395878,6698
0.211437742,6697
0.211474313,6696
0.211489808,6695
0.211495552,6694
0.211500788,6693
0.211516186,6692
0.211529643,6691
0.211558017,6690
0.211561328,6689
0.211564547,6688
0.211567854,6687
0.211570978,6686
0.21157432,6685
0.211577534,6684
0.211580579,6683
0.211584037,6682
0.21159164,6681
0.211595088,6680
0.211598622,6679
0.211601895,6678
0.211604909,6677
0.211607999,6676
0.211611481,6675
0.211614573,6674
0.211618174,6673
0.211621368,6672
0.21162451,6671
0.211627533,6670
0.21163075,6669
0.211635309,6668
0.211638204,6667
0.211641727,6666
0.211645011,6665
0.211648628,6664
0.21165266,6663
0.211655939,6662
0.211660073,6661
0.211663349,6660
0.211666731,6659
0.211669893,6658
0.211673379,6657
0.21167789,6656
0.211680994,6655
0.211684092,6654
0.211687094,6653
0.211691134,6652
0.211696348,6651
0.211705958,6650
0.211711876,6649
0.211717517,6648
0.211730763,6647
0.211735321,6646
0.211741954,6645
0.211774364,6644
0.211779172,6643
0.211821278,6642
0.213391784,6641
0.213406004,6640
0.21341478,6639
0.213422294,6638
0.213427377,6637
0.21343245,6636
0.213438811,6635
0.213443528,6634
0.213448593,6633
0.213453181,6632
0.213458127,6631
0.213462752,6630
0.213467548,6629
0.213472366,6628
0.213480299,6627
0.213485085,6626
0.213489863,6625
0.213494521,6624
0.213499096,6623
0.213504,6622
0.213508655,6621
0.213520465,6620
0.213524412,6619
0.213529615,6618
0.213533293,6617
0.213536859,6616
0.213540209,6615
0.213543504,6614
0.213547131,6613
0.213550555,6612
0.213554105,6611
0.213557482,6610
0.213562155,6609
0.213566728,6608
0.213570689,6607
0.213574812,6606
0.213578521,6605
0.213582582,6604
0.213586268,6603
0.213590143,6602
0.213594124,6601
0.213597505,6600
0.213601113,6599
0.213604346,6598
0.213607563,6597
0.213614283,6596
0.213619088,6595
0.213623429,6594
0.213627043,6593
0.213630434,6592
0.213633844,6591
0.213636846,6590
0.213640417,6589
0.213643622,6588
0.213648635,6587
0.213655989,6586
0.213660441,6585
0.213667944,6584
0.213672517,6583
0.213677239,6582
0.213682208,6581
0.213688684,6580
0.213692704,6579
0.213696734,6578
0.213700839,6577
0.213704728,6576
0.213709409,6575
0.213712778,6574
0.213718103,6573
0.213723327,6572
0.213727281,6571
0.213731165,6570
0.213739509,6569
0.213745616,6568
0.213754688,6567
0.213759267,6566
0.213763051,6565
0.213767401,6564
0.213770696,6563
0.213774075,6562
0.213777744,6561
0.213782606,6560
0.213786253,6559
0.213789836,6558
0.213793347,6557
0.213797062,6556
0.213800577,6555
0.213804546,6554
0.213807942,6553
0.213811649,6552
0.213815485,6551
0.213818816,6550
0.213822726,6549
0.213825765,6548
0.213830548,6547
0.213834218,6546
0.21383809,6545
0.213841456,6544
0.213845385,6543
0.213848872,6542
0.213852219,6541
0.213855872,6540
0.213860768,6539
0.213864409,6538
0.213869456,6537
0.213873857,6536
0.213878933,6535
0.21388378,6534
0.213890286,6533
0.21389469,6532
0.213899175,6531
0.213904328,6530
0.213908103,6529
0.213911672,6528
0.213915449,6527
0.213919201,6526
0.213923367,6525
0.21392713,6524
0.213930806,6523
0.213938063,6522
0.213943413,6521
0.213948385,6520
0.213955811,6519
0.213960609,6518
0.213965384,6517
0.213970404,6516
0.213975586,6515
0.213979344,6514
0.213982835,6513
0.213986504,6512
0.21399103,6511
0.213995639,6510
0.214000552,6509
0.214005359,6508
0.214009828,6507
0.214014528,6506
0.214019285,6505
0.214024028,6504
0.21402843,6503
0.214033612,6502
0.214071138,6501
0.214076503,6500
0.214081417,6499
0.214085881,6498
0.214090607,6497
0.214102508,6496
0.214108827,6495
0.214114061,6494
0.214118829,6493
0.214123206,6492
0.214128556,6491
0.214139785,6490
0.214144407,6489
0.214148927,6488
0.214152976,6487
0.214157399,6486
0.214161424,6485
0.214166896,6484
0.214171227,6483
0.214174762,6482
0.214178613,6481
0.214183415,6480
0.214187767,6479
0.214192635,6478
0.214224795,6477
0.214260082,6476
0.214265698,6475
0.214271093,6474
0.214277752,6473
0.214282649,6472
0.214407112,6471
0.214412794,6470
0.214417237,6469
0.214421775,6468
0.214429582,6467
0.214441227,6466
0.214509055,6465
0.214513308,6464
0.214518838,6463
0.214522575,6462
0.214527183,6461
0.214538647,6460
0.214542701,6459
0.214546246,6458
0.214549563,6457
0.214552912,6456
0.214556445,6455
0.214559893,6454
0.214563421,6453
0.214567265,6452
0.214570903,6451
0.214574345,6450
0.214578131,6449
0.214582749,6448
0.214587324,6447
0.214590999,6446
0.2145944,6445
0.214599486,6444
0.214603231,6443
0.214606543,6442
0.21461052,6441
0.214614702,6440
0.214619037,6439
0.214622947,6438
0.214626869,6437
0.214630894,6436
0.214641197,6435
0.214646754,6434
0.214651368,6433
0.214692409,6432
0.214697489,6431
0.21470213,6430
0.214707139,6429
0.214710647,6428
0.214714643,6427
0.214718187,6426
0.214721891,6425
0.214726201,6424
0.214730523,6423
0.214734426,6422
0.21473857,6421
0.214743509,6420
0.214747724,6419
0.214751627,6418
0.214755364,6417
0.214759606,6416
0.21476342,6415
0.214770347,6414
0.214775317,6413
0.214779022,6412
0.21478316,6411
0.214788758,6410
0.214792893,6409
0.214796899,6408
0.21480087,6407
0.2148051,6406
0.214809093,6405
0.21481321,6404
0.214817171,6403
0.214821488,6402
0.214826272,6401
0.214831613,6400
0.214835776,6399
0.214840034,6398
0.214843751,6397
0.21484716,6396
0.214850568,6395
0.214853468,6394
0.214856207,6393
0.214859404,6392
0.214864023,6391
0.214867007,6390
0.214869807,6389
0.214872457,6388
0.214876201,6387
0.214878684,6386
0.214881116,6385
0.214883425,6384
0.21488638,6383
0.214888912,6382
0.214891524,6381
0.214895278,6380
0.214897576,6379
0.214902759,6378
0.214905276,6377
0.214908026,6376
0.214910272,6375
0.214912517,6374
0.214915546,6373
0.214918533,6372
0.214921471,6371
0.214924603,6370
0.214927115,6369
0.214929739,6368
0.214932548,6367
0.214934957,6366
0.21493978,6365
0.214942723,6364
0.214945881,6363
0.214948317,6362
0.214954759,6361
0.214958436,6360
0.214962077,6359
0.215866312,6358
0.215876585,6357
0.215882222,6356
0.215887965,6355
0.215891454,6354
0.215894594,6353
0.215897835,6352
0.215902639,6351
0.215907367,6350
0.215919792,6349
0.21592598,6348
0.21592987,6347
0.215933226,6346
0.215939286,6345
0.215944616,6344
0.21594999,6343
0.215954867,6342
0.21596044,6341
0.215968243,6340
0.215973339,6339
0.215977732,6338
0.215984342,6337
0.215995892,6336
0.216000001,6335
0.216003468,6334
0.216011702,6333
0.216015461,6332
0.216019891,6331
0.216024557,6330
0.216027776,6329
0.216031446,6328
0.216035173,6327
0.216038272,6326
0.216041437,6325
0.21604462,6324
0.216047879,6323
0.216051132,6322
0.216054465,6321
0.216057596,6320
0.216060856,6319
0.216064925,6318
0.216068364,6317
0.216078444,6316
0.216083572,6315
0.216088064,6314
0.216094425,6313
0.21609933,6312
0.216156905,6311
0.216164308,6310
0.216169114,6309
0.216174235,6308
0.216178209,6307
0.216183775,6306
0.216188119,6305
0.216191343,6304
0.216194721,6303
0.216197574,6302
0.216201387,6301
0.216204287,6300
0.216206912,6299
0.2162097,6298
0.216212819,6297
0.216216043,6296
0.216218783,6295
0.216221607,6294
0.216224363,6293
0.216227271,6292
0.216234241,6291
0.21623804,6290
0.216241566,6289
0.216245361,6288
0.216249245,6287
0.216253283,6286
0.216256892,6285
0.216260884,6284
0.216266383,6283
0.216269263,6282
0.216273021,6281
0.216276892,6280
0.216282725,6279
0.216287881,6278
0.216291108,6277
0.216294075,6276
0.216297238,6275
0.216300526,6274
0.216303751,6273
0.216308172,6272
0.216311307,6271
0.216315801,6270
0.216319628,6269
0.216325479,6268
0.21632902,6267
0.216335744,6266
0.216338617,6265
0.216342051,6264
0.216345061,6263
0.216348049,6262
0.216352779,6261
0.216356221,6260
0.216359066,6259
0.216362419,6258
0.21636538,6257
0.21636829,6256
0.216371009,6255
0.216373682,6254
0.216376425,6253
0.21638017,6252
0.216382996,6251
0.216386095,6250
0.216389042,6249
0.216394267,6248
0.216396726,6247
0.216399798,6246
0.216402473,6245
0.21640525,6244
0.216407952,6243
0.216411058,6242
0.216415905,6241
0.216418727,6240
0.216421441,6239
0.216424354,6238
0.216428191,6237
0.216430791,6236
0.216434229,6235
0.216436903,6234
0.216440568,6233
0.216443208,6232
0.216445845,6231
0.216448663,6230
0.216451207,6229
0.216453818,6228
0.216458498,6227
0.216461182,6226
0.216475309,6225
0.216478544,6224
0.216481568,6223
0.216485552,6222
0.216488408,6221
0.216491697,6220
0.216495054,6219
0.216498798,6218
0.216503206,6217
0.216507166,6216
0.216510078,6215
0.21651298,6214
0.21651649,6213
0.216520407,6212
0.216524599,6211
0.21652887,6210
0.21653429,6209
0.216538402,6208
0.216542508,6207
0.216546666,6206
0.216550424,6205
0.216554209,6204
0.216565423,6203
0.216570054,6202
0.216578286,6201
0.216582003,6200
0.216585982,6199
0.216589806,6198
0.216599156,6197
0.216603188,6196
0.216606548,6195
0.216611592,6194
0.21661536,6193
0.216682612,6192
0.216702444,6191
0.21672206,6190
0.216727496,6189
0.216734534,6188
0.216738808,6187
0.216742508,6186
0.216745769,6185
0.216750587,6184
0.216754458,6183
0.216757869,6182
0.216761328,6181
0.216764355,6180
0.216769366,6179
0.216773994,6178
0.216776951,6177
0.216780708,6176
0.21678369,6175
0.216798651,6174
0.216801811,6173
0.216804875,6172
0.216810537,6171
0.216813256,6170
0.216817219,6169
0.216820338,6168
0.216824486,6167
0.216832717,6166
0.216836723,6165
0.216840923,6164
0.216846308,6163
0.216849712,6162
0.216853503,6161
0.216858759,6160
0.216862864,6159
0.216866492,6158
0.21686985,6157
0.216875073,6156
0.216878337,6155
0.216882566,6154
0.216887076,6153
0.216891519,6152
0.216896336,6151
0.216901023,6150
0.216905541,6149
0.216921433,6148
0.216925311,6147
0.216930326,6146
0.216944451,6145
0.216960458,6144
0.216965435,6143
0.216969274,6142
0.216972733,6141
0.216976589,6140
0.21698374,6139
0.216988199,6138
0.216992317,6137
0.216996476,6136
0.217001032,6135
0.217005724,6134
0.217010339,6133
0.217014605,6132
0.217018309,6131
0.217021595,6130
0.217025459,6129
0.21702861,6128
0.217036984,6127
0.217039883,6126
0.217043027,6125
0.217047335,6124
0.217060702,6123
0.217063183,6122
0.217066182,6121
0.21706903,6120
0.217072467,6119
0.21707598,6118
0.217078976,6117
0.217082726,6116
0.217085374,6115
0.217088006,6114
0.217092722,6113
0.217096095,6112
0.21710057,6111
0.217104429,6110
0.217107271,6109
0.217110086,6108
0.217112917,6107
0.217115617,6106
0.21712085,6105
0.217123631,6104
0.217127846,6103
0.217130603,6102
0.217133043,6101
0.21713564,6100
0.217139734,6099
0.217145866,6098
0.217148643,6097
0.217152446,6096
0.217155336,6095
0.21715927,6094
0.217162358,6093
0.217167719,6092
0.217171506,6091
0.217174169,6090
0.217176856,6089
0.217179588,6088
0.217182733,6087
0.217185405,6086
0.217188876,6085
0.217192764,6084
0.217196516,6083
0.217604031,6082
0.21760917,6081
0.217612507,6080
0.217615767,6079
0.217618809,6078
0.217621958,6077
0.217625405,6076
0.217630917,6075
0.217636599,6074
0.217640567,6073
0.217644462,6072
0.217648738,6071
0.217652621,6070
0.217658461,6069
0.21766204,6068
0.21766604,6067
0.21767016,6066
0.217676617,6065
0.217682588,6064
0.21769472,6063
0.217698185,6062
0.217701176,6061
0.21770611,6060
0.217709398,6059
0.217712973,6058
0.217716146,6057
0.21772029,6056
0.217730674,6055
0.217739793,6054
0.217744326,6053
0.217748012,6052
0.217757123,6051
0.217764435,6050
0.217771494,6049
0.217776989,6048
0.217783588,6047
0.217787821,6046
0.217794013,6045
0.217798567,6044
0.217804694,6043
0.217808808,6042
0.217813366,6041
0.217818442,6040
0.21782227,6039
0.217825531,6038
0.217829147,6037
0.217835084,6036
0.217840012,6035
0.217843801,6034
0.217847759,6033
0.217851763,6032
0.217855065,6031
0.217858929,6030
0.217863576,6029
0.217867028,6028
0.217872424,6027
0.217876699,6026
0.217881918,6025
0.217885854,6024
0.217890696,6023
0.217894365,6022
0.217901093,6021
0.217904087,6020
0.217909775,6019
0.217913591,6018
0.217917662,6017
0.217920867,6016
0.217924206,6015
0.217927689,6014
0.217932041,6013
0.217935539,6012
0.217938745,6011
0.217941926,6010
0.217946865,6009
0.217950825,6008
0.217954865,6007
0.21795924,6006
0.217964908,6005
0.217969573,6004
0.217973363,6003
0.217976445,6002
0.217980448,6001
0.217985515,6000
0.217991437,5999
0.217998367,5998
0.218003934,5997
0.218007156,5996
0.218011575,5995
0.218023594,5994
0.218028463,5993
0.218032177,5992
0.218036638,5991
0.218041315,5990
0.218044952,5989
0.218050843,5988
0.218054406,5987
0.218057679,5986
0.218062416,5985
0.218067408,5984
0.218070705,5983
0.218074119,5982
0.218077307,5981
0.218090707,5980
0.218097881,5979
0.218101268,5978
0.218104762,5977
0.218119327,5976
0.218122584,5975
0.218125917,5974
0.218132377,5973
0.218152399,5972
0.218155984,5971
0.218159527,5970
0.218164883,5969
0.21816969,5968
0.218174277,5967
0.218187507,5966
0.218193626,5965
0.218201248,5964
0.218205284,5963
0.218212121,5962
0.218220582,5961
0.218226017,5960
0.218232709,5959
0.218243619,5958
0.218248712,5957
0.218252826,5956
0.218256444,5955
0.218269211,5954
0.218277194,5953
0.218281392,5952
0.218287073,5951
0.218293426,5950
0.218298614,5949
0.218304308,5948
0.218310299,5947
0.218315601,5946
0.218320962,5945
0.218327402,5944
0.218333414,5943
0.218337019,5942
0.218340556,5941
0.218345786,5940
0.218348702,5939
0.218365442,5938
0.218371511,5937
0.218374825,5936
0.218378303,5935
0.218383845,5934
0.218388652,5933
0.218391964,5932
0.218399165,5931
0.21840221,5930
0.218408222,5929
0.218412298,5928
0.218415723,5927
0.218423154,5926
0.218427581,5925
0.21843185,5924
0.218451628,5923
0.218455349,5922
0.218459727,5921
0.218463087,5920
0.21846698,5919
0.218470748,5918
0.218476257,5917
0.218479874,5916
0.218484062,5915
0.218488065,5914
0.218491327,5913
0.21849717,5912
0.218500672,5911
0.218505541,5910
0.218508914,5909
0.218512833,5908
0.218516044,5907
0.218520078,5906
0.218523854,5905
0.218528852,5904
0.218532498,5903
0.218538593,5902
0.218542383,5901
0.218545955,5900
0.218551455,5899
0.218558209,5898
0.218562634,5897
0.218566286,5896
0.218571664,5895
0.218578482,5894
0.218583906,5893
0.218588319,5892
0.218592173,5891
0.218604441,5890
0.218609172,5889
0.218613673,5888
0.218617919,5887
0.218623359,5886
0.218627247,5885
0.218631589,5884
0.218635959,5883
0.218639847,5882
0.218644127,5881
0.218648557,5880
0.218651943,5879
0.218657066,5878
0.21866531,5877
0.218671014,5876
0.218674976,5875
0.218679845,5874
0.218685527,5873
0.218689689,5872
0.218693009,5871
0.21869769,5870
0.218702128,5869
0.218706561,5868
0.218710299,5867
0.218713624,5866
0.218717657,5865
0.218721381,5864
0.218727499,5863
0.218731515,5862
0.218735331,5861
0.218738883,5860
0.218743816,5859
0.218747273,5858
0.218753495,5857
0.21875717,5856
0.218760112,5855
0.218762865,5854
0.218765685,5853
0.218768582,5852
0.218772449,5851
0.218776009,5850
0.218786543,5849
0.218790762,5848
0.218795292,5847
0.21879855,5846
0.218801847,5845
0.218805218,5844
0.218810798,5843
0.218814135,5842
0.21881876,5841
0.218821847,5840
0.218826154,5839
0.218829492,5838
0.218834549,5837
0.218838435,5836
0.218841995,5835
0.218845227,5834
0.218848268,5833
0.218852411,5832
0.218856199,5831
0.218860668,5830
0.218865119,5829
0.218875253,5828
0.218879916,5827
0.218883342,5826
0.21888703,5825
0.218890214,5824
0.21889498,5823
0.218900274,5822
0.2189037,5821
0.218914949,5820
0.218918016,5819
0.218921193,5818
0.218926848,5817
0.218929872,5816
0.218934256,5815
0.21893836,5814
0.218944137,5813
0.218948174,5812
0.218951416,5811
0.218954795,5810
0.218959251,5809
0.218964461,5808
0.218967507,5807
0.218972929,5806
0.218978845,5805
0.218982605,5804
0.219586833,5803
0.21959318,5802
0.219598264,5801
0.219603184,5800
0.219609543,5799
0.219623545,5798
0.219628223,5797
0.219632802,5796
0.219637383,5795
0.219642362,5794
0.219646557,5793
0.219652987,5792
0.219660138,5791
0.219666703,5790
0.219671116,5789
0.219676196,5788
0.219684293,5787
0.219690528,5786
0.219823984,5785
0.21984022,5784
0.219867565,5783
0.219878293,5782
0.219883309,5781
0.219888701,5780
0.219893492,5779
0.219906957,5778
0.219913254,5777
0.219917684,5776
0.219929046,5775
0.219933993,5774
0.219941536,5773
0.219951702,5772
0.219960023,5771
0.21996461,5770
0.219971019,5769
0.2199752,5768
0.21998032,5767
0.21998463,5766
0.219992046,5765
0.220003109,5764
0.2200074,5763
0.220011509,5762
0.220016568,5761
0.220020427,5760
0.220025444,5759
0.220030298,5758
0.22004051,5757
0.220047492,5756
0.220051847,5755
0.220056035,5754
0.220070159,5753
0.220074114,5752
0.220079921,5751
0.220086282,5750
0.220090522,5749
0.220094786,5748
0.220098927,5747
0.220103393,5746
0.220114672,5745
0.220119223,5744
0.220125062,5743
0.220129409,5742
0.220134941,5741
0.220152293,5740
0.220156652,5739
0.220174694,5738
0.220180093,5737
0.22018632,5736
0.220192909,5735
0.220198676,5734
0.220205849,5733
0.220211615,5732
0.220222498,5731
0.220228081,5730
0.220233763,5729
0.22024,5728
0.220244626,5727
0.220259598,5726
0.220265698,5725
0.220271601,5724
0.220278059,5723
0.22028561,5722
0.22028984,5721
0.220295206,5720
0.220302267,5719
0.220306435,5718
0.220318491,5717
0.220323917,5716
0.220328439,5715
0.220333862,5714
0.22034019,5713
0.220348703,5712
0.220353216,5711
0.220357206,5710
0.220362382,5709
0.220367997,5708
0.220371942,5707
0.220375476,5706
0.220433629,5705
0.220442209,5704
0.220448274,5703
0.220453772,5702
0.220460274,5701
0.220530529,5700
0.220535185,5699
0.220543685,5698
0.220548692,5697
0.220558066,5696
0.220562992,5695
0.220567449,5694
0.220598997,5693
0.220607659,5692
0.22061199,5691
0.220617051,5690
0.220625798,5689
0.220630135,5688
0.22064905,5687
0.220654692,5686
0.22066085,5685
0.220691732,5684
0.220696104,5683
0.220699846,5682
0.220704854,5681
0.220709498,5680
0.220714485,5679
0.220719276,5678
0.220723509,5677
0.220730318,5676
0.220736063,5675
0.220754048,5674
0.220758392,5673
0.220765927,5672
0.220892977,5671
0.220972582,5670
0.220979192,5669
0.220983368,5668
0.220987127,5667
0.220993349,5666
0.220996828,5665
0.221001628,5664
0.221005084,5663
0.221008627,5662
0.221016744,5661
0.221019925,5660
0.221024162,5659
0.221029832,5658
0.22103291,5657
0.221046557,5656
0.221051581,5655
0.221054541,5654
0.221058317,5653
0.221062954,5652
0.221072944,5651
0.221076999,5650
0.221080585,5649
0.221188481,5648
0.221195623,5647
0.221200888,5646
0.221209777,5645
0.221229974,5644
0.221241251,5643
0.221246394,5642
0.221250504,5641
0.22125449,5640
0.22126095,5639
0.221264868,5638
0.221268746,5637
0.221272103,5636
0.22127777,5635
0.221281705,5634
0.221285139,5633
0.221292767,5632
0.221296596,5631
0.221300338,5630
0.221308335,5629
0.221313567,5628
0.221319973,5627
0.22132362,5626
0.221327311,5625
0.221331656,5624
0.221335465,5623
0.22133979,5622
0.221344305,5621
0.221351559,5620
0.221354504,5619
0.221359011,5618
0.221363031,5617
0.221387702,5616
0.221393808,5615
0.221401292,5614
0.221407532,5613
0.221414381,5612
0.221421283,5611
0.221430035,5610
0.22143979,5609
0.221447392,5608
0.221451256,5607
0.221454892,5606
0.221458316,5605
0.221467386,5604
0.221470356,5603
0.22147861,5602
0.221483028,5601
0.221507453,5600
0.22151603,5599
0.221525122,5598
0.221532944,5597
0.221537654,5596
0.221549529,5595
0.221555541,5594
0.221561346,5593
0.221579203,5592
0.22158319,5591
0.22158785,5590
0.221593009,5589
0.221624902,5588
0.221631432,5587
0.221635445,5586
0.221639907,5585
0.22165315,5584
0.221658776,5583
0.221665547,5582
0.221670894,5581
0.221676073,5580
0.221680447,5579
0.221688471,5578
0.221693245,5577
0.221696724,5576
0.221700136,5575
0.221704551,5574
0.221708042,5573
0.221715745,5572
0.221720369,5571
0.221768044,5570
0.221799025,5569
0.221803709,5568
0.221810816,5567
0.221821102,5566
0.221825465,5565
0.221829054,5564
0.222158538,5563
0.222165925,5562
0.22216947,5561
0.222175066,5560
0.222178959,5559
0.222182542,5558
0.22218979,5557
0.22220372,5556
0.222207146,5555
0.222211302,5554
0.222217373,5553
0.222222149,5552
0.222228699,5551
0.222231705,5550
0.22223607,5549
0.222240392,5548
0.22224619,5547
0.222249622,5546
0.222255778,5545
0.222273639,5544
0.222276945,5543
0.222281523,5542
0.222285962,5541
0.22228976,5540
0.222293325,5539
0.222300197,5538
0.222304738,5537
0.222310175,5536
0.222314475,5535
0.222319258,5534
0.222324852,5533
0.222328851,5532
0.222332958,5531
0.222339802,5530
0.222343097,5529
0.222347337,5528
0.222352183,5527
0.222356584,5526
0.222359823,5525
0.222362955,5524
0.222366038,5523
0.222369401,5522
0.222375631,5521
0.222383057,5520
0.222386148,5519
0.222389145,5518
0.222392085,5517
0.222395503,5516
0.222400457,5515
0.222403464,5514
0.222408141,5513
0.222413574,5512
0.222419458,5511
0.222422858,5510
0.222425821,5509
0.222430184,5508
0.222433578,5507
0.222436666,5506
0.222441257,5505
0.222448683,5504
0.222454575,5503
0.222458616,5502
0.222466509,5501
0.22247112,5500
0.222473921,5499
0.222478484,5498
0.222484243,5497
0.22248977,5496
0.22249504,5495
0.2224988,5494
0.222502863,5493
0.222505988,5492
0.222519986,5491
0.222523284,5490
0.222530856,5489
0.222535586,5488
0.222539693,5487
0.222543759,5486
0.222552213,5485
0.222560153,5484
0.222572675,5483
0.222577265,5482
0.222588231,5481
0.222594413,5480
0.222599216,5479
0.22260463,5478
0.222608738,5477
0.222614098,5476
0.222619477,5475
0.222624902,5474
0.22262917,5473
0.22263404,5472
0.222637931,5471
0.222640506,5470
0.222643002,5469
0.222646249,5468
0.222682525,5467
0.22268818,5466
0.222691565,5465
0.222694689,5464
0.222798008,5463
0.222838559,5462
0.222880153,5461
0.222921729,5460
0.222926575,5459
0.222941439,5458
0.222952054,5457
0.222957466,5456
0.222962898,5455
0.222967519,5454
0.223003916,5453
0.223044276,5452
0.223048732,5451
0.223055843,5450
0.223097112,5449
0.223105201,5448
0.223110813,5447
0.223125643,5446
0.223140974,5445
0.223148315,5444
0.223153318,5443
0.223158415,5442
0.223164821,5441
0.223169708,5440
0.223175674,5439
0.223182152,5438
0.223195697,5437
0.223199873,5436
0.223203532,5435
0.223212058,5434
0.223219965,5433
0.223228031,5432
0.223235109,5431
0.223282931,5430
0.223333509,5429
0.223382418,5428
0.223390098,5427
0.223397371,5426
0.223404599,5425
0.223409521,5424
0.223413494,5423
0.223421502,5422
0.223425666,5421
0.223429397,5420
0.22343518,5419
0.223438787,5418
0.223441578,5417
0.22344467,5416
0.22344789,5415
0.223452718,5414
0.223455569,5413
0.223460526,5412
0.223463729,5411
0.223469401,5410
0.223472345,5409
0.223479519,5408
0.223484581,5407
0.223489902,5406
0.223526823,5405
0.223532771,5404
0.223539466,5403
0.223543734,5402
0.223558271,5401
0.223576661,5400
0.223593728,5399
0.223599202,5398
0.223613406,5397
0.223617597,5396
0.223632183,5395
0.223635929,5394
0.223640074,5393
0.223647127,5392
0.223655226,5391
0.223658575,5390
0.223666552,5389
0.223671501,5388
0.22367496,5387
0.223681157,5386
0.223687558,5385
0.223693557,5384
0.223698328,5383
0.223703138,5382
0.223707539,5381
0.223711795,5380
0.223715472,5379
0.223728969,5378
0.223735665,5377
0.22373897,5376
0.223756318,5375
0.223761291,5374
0.224221142,5373
0.224231245,5372
0.224252503,5371
0.224257414,5370
0.22426298,5369
0.224267985,5368
0.224283877,5367
0.224289958,5366
0.22429435,5365
0.224310695,5364
0.224326884,5363
0.224333864,5362
0.224339249,5361
0.224362466,5360
0.224368562,5359
0.224374734,5358
0.224390822,5357
0.224404241,5356
0.224428735,5355
0.224445758,5354
0.224462632,5353
0.224484054,5352
0.224500488,5351
0.224505471,5350
0.224515361,5349
0.22453443,5348
0.224553847,5347
0.224557844,5346
0.224564545,5345
0.224572486,5344
0.224575527,5343
0.224581503,5342
0.224603037,5341
0.224608882,5340
0.224624718,5339
0.224632268,5338
0.224637782,5337
0.224642661,5336
0.224650073,5335
0.224656901,5334
0.224674841,5333
0.224680454,5332
0.224687398,5331
0.22469162,5330
0.224700095,5329
0.224709794,5328
0.224719274,5327
0.224722422,5326
0.224731191,5325
0.224735764,5324
0.224739364,5323
0.224744543,5322
0.224750837,5321
0.224754369,5320
0.224757827,5319
0.224762985,5318
0.22477054,5317
0.224793963,5316
0.224797437,5315
0.22480329,5314
0.224808297,5313
0.224811458,5312
0.224815029,5311
0.224821418,5310
0.224824447,5309
0.224829309,5308
0.224838783,5307
0.224844232,5306
0.224851489,5305
0.224854615,5304
0.224857863,5303
0.224870789,5302
0.22487903,5301
0.224881728,5300
0.224885752,5299
0.224896826,5298
0.224899529,5297
0.224902156,5296
0.224904962,5295
0.22490895,5294
0.224947544,5293
0.224953754,5292
0.224962714,5291
0.224966524,5290
0.224970608,5289
0.224981581,5288
0.224985593,5287
0.224989489,5286
0.224993864,5285
0.2250003,5284
0.225006391,5283
0.225008415,5282
0.225016714,5281
0.225023805,5280
0.225028149,5279
0.225030802,5278
0.225036883,5277
0.225045423,5276
0.225048043,5275
0.225050817,5274
0.225061152,5273
0.225064293,5272
0.225072612,5271
0.225077005,5270
0.225080791,5269
0.22508314,5268
0.22508981,5267
0.225092158,5266
0.225095806,5265
0.225098332,5264
0.225101251,5263
0.225103547,5262
0.225107371,5261
0.225110633,5260
0.225116424,5259
0.225120658,5258
0.225129131,5257
0.22515234,5256
0.225159751,5255
0.225163327,5254
0.225166073,5253
0.225170001,5252
0.225179486,5251
0.225188344,5250
0.225194668,5249
0.225208855,5248
0.225212216,5247
0.22522217,5246
0.225236907,5245
0.225242566,5244
0.2252455,5243
0.225255215,5242
0.225258657,5241
0.225262188,5240
0.22526716,5239
0.22526999,5238
0.225277251,5237
0.225285385,5236
0.225294772,5235
0.22530051,5234
0.225303222,5233
0.225623074,5232
0.225626348,5231
0.225629009,5230
0.225631571,5229
0.225640206,5228
0.225649882,5227
0.225657335,5226
0.225660455,5225
0.225666927,5224
0.225675033,5223
0.22567808,5222
0.225686931,5221
0.225691423,5220
0.225694826,5219
0.225698974,5218
0.225706653,5217
0.225722351,5216
0.225727364,5215
0.225738964,5214
0.225772638,5213
0.225778395,5212
0.225784854,5211
0.225788468,5210
0.225792751,5209
0.225796166,5208
0.225799343,5207
0.225810244,5206
0.225819607,5205
0.225825097,5204
0.225828329,5203
0.225832377,5202
0.225843253,5201
0.225846918,5200
0.225855397,5199
0.225861263,5198
0.225876993,5197
0.225905951,5196
0.225909229,5195
0.225916016,5194
0.22592263,5193
0.2259277,5192
0.225943234,5191
0.225946381,5190
0.225958593,5189
0.225965014,5188
0.225974454,5187
0.225988205,5186
0.225990806,5185
0.225994134,5184
0.226011999,5183
0.226016155,5182
0.226020301,5181
0.22602735,5180
0.226039323,5179
0.226073002,5178
0.226101888,5177
0.226108646,5176
0.226119229,5175
0.226122907,5174
0.226129165,5173
0.226133179,5172
0.226152103,5171
0.226155176,5170
0.226162004,5169
0.226166277,5168
0.226186324,5167
0.22619133,5166
0.226198664,5165
0.22620302,5164
0.226206601,5163
0.226211274,5162
0.226217399,5161
0.226236242,5160
0.226247188,5159
0.226267627,5158
0.226273848,5157
0.226278651,5156
0.226287639,5155
0.226293011,5154
0.22630174,5153
0.226305311,5152
0.226317788,5151
0.226339864,5150
0.226348828,5149
0.226355417,5148
0.226358997,5147
0.226362865,5146
0.226369,5145
0.226377452,5144
0.226383884,5143
0.226387174,5142
0.226397277,5141
0.22640283,5140
0.226413887,5139
0.226424955,5138
0.226427746,5137
0.226430872,5136
0.22643499,5135
0.226446907,5134
0.226449615,5133
0.22645656,5132
0.226459458,5131
0.226468372,5130
0.2264723,5129
0.226481102,5128
0.22649249,5127
0.226494974,5126
0.226497915,5125
0.226501775,5124
0.226513584,5123
0.226517523,5122
0.226538639,5121
0.226573205,5120
0.226589884,5119
0.226595363,5118
0.226603014,5117
0.226607705,5116
0.226615872,5115
0.22662973,5114
0.22663263,5113
0.226638625,5112
0.22664208,5111
0.226648158,5110
0.226962656,5109
0.226965651,5108
0.226969061,5107
0.226973768,5106
0.226979254,5105
0.226985716,5104
0.22698999,5103
0.226992627,5102
0.226996022,5101
0.226999843,5100
0.227002425,5099
0.227006168,5098
0.227009656,5097
0.227015849,5096
0.227028747,5095
0.227033949,5094
0.227040716,5093
0.227057197,5092
0.227073438,5091
0.227078274,5090
0.227083495,5089
0.227097545,5088
0.227102412,5087
0.227109925,5086
0.227114663,5085
0.227122057,5084
0.227132451,5083
0.227143393,5082
0.227159385,5081
0.227181975,5080
0.227185267,5079
0.227192156,5078
0.227199578,5077
0.227219056,5076
0.227222515,5075
0.227227436,5074
0.227233349,5073
0.227253994,5072
0.227262793,5071
0.227267825,5070
0.227280079,5069
0.227283846,5068
0.227303888,5067
0.227309076,5066
0.227313403,5065
0.227319146,5064
0.227327581,5063
0.227334381,5062
0.227343048,5061
0.227355413,5060
0.227367865,5059
0.227372169,5058
0.227375495,5057
0.227379033,5056
0.227390961,5055
0.22741354,5054
0.227423732,5053
0.227439302,5052
0.227442704,5051
0.227451234,5050
0.227455544,5049
0.227460205,5048
0.227464449,5047
0.227469651,5046
0.227473644,5045
0.227502866,5044
0.227507467,5043
0.227511825,5042
0.227518247,5041
0.227608388,5040
0.227629067,5039
0.22763689,5038
0.227641075,5037
0.22764505,5036
0.227649623,5035
0.227666884,5034
0.227672179,5033
0.227675576,5032
0.227680428,5031
0.227684172,5030
0.227695356,5029
0.227701136,5028
0.227706455,5027
0.227713481,5026
0.227724547,5025
0.227732072,5024
0.227736769,5023
0.227745495,5022
0.227753982,5021
0.227759099,5020
0.227787211,5019
0.22779149,5018
0.227796721,5017
0.227803998,5016
0.227807927,5015
0.227812814,5014
0.227830087,5013
0.227835671,5012
0.227847778,5011
0.227851353,5010
0.227870848,5009
0.22787842,5008
0.227882826,5007
0.227888709,5006
0.227892426,5005
0.227916552,5004
0.227926859,5003
0.227938296,5002
0.227946729,5001
0.227955284,5000
0.227958547,4999
0.227962931,4998
0.22796881,4997
0.227978527,4996
0.227986904,4995
0.227997774,4994
0.22801391,4993
0.228021211,4992
0.228024353,4991
0.228030623,4990
0.228338932,4989
0.228342424,4988
0.228350584,4987
0.228358128,4986
0.2283698,4985
0.228374278,4984
0.228391136,4983
0.228403123,4982
0.228413815,4981
0.228420879,4980
0.228434116,4979
0.228448003,4978
0.228455678,4977
0.228459022,4976
0.228470519,4975
0.228488414,4974
0.228498633,4973
0.228512963,4972
0.228520885,4971
0.22853375,4970
0.228539007,4969
0.228546648,4968
0.228555994,4967
0.22856877,4966
0.228581513,4965
0.228590612,4964
0.228604757,4963
0.228609835,4962
0.228620687,4961
0.228640099,4960
0.228651465,4959
0.228677059,4958
0.228705676,4957
0.228714419,4956
0.228719349,4955
0.228749628,4954
0.228759362,4953
0.228767619,4952
0.228785385,4951
0.228790079,4950
0.228795188,4949
0.228809692,4948
0.228821402,4947
0.228827515,4946
0.228842786,4945
0.228869182,4944
0.228880527,4943
0.228889957,4942
0.228937583,4941
0.22894941,4940
0.228956647,4939
0.228962189,4938
0.228973284,4937
0.228982397,4936
0.22899193,4935
0.22901681,4934
0.229035908,4933
0.229045957,4932
0.229060529,4931
0.229072038,4930
0.229080339,4929
0.229086324,4928
0.229093472,4927
0.229098442,4926
0.229103477,4925
0.229154374,4924
0.229212131,4923
0.22922937,4922
0.229263938,4921
0.229269229,4920
0.229274657,4919
0.229301601,4918
0.229390364,4917
0.230227705,4916
0.231997572,4915
0.232039435,4914
0.232047275,4913
0.232102291,4912
0.232153989,4911
0.232195928,4910
0.232219205,4909
0.232224954,4908
0.232271347,4907
0.2322782,4906
0.232310606,4905
0.232334111,4904
0.232338424,4903
0.232385063,4902
0.23239806,4901
0.232416236,4900
0.232503904,4899
0.232512241,4898
0.232527503,4897
0.232536572,4896
0.232544939,4895
0.232555012,4894
0.232567255,4893
0.23257944,4892
0.232592667,4891
0.235327962,4890
0.235386164,4889
0.235392059,4888
0.235417239,4887
0.23569615,4886
0.237862349,4885
0.23791342,4884
0.237921318,4883
0.237946862,4882
0.237985465,4881
0.238944185,4880
0.238984238,4879
0.238993709,4878
0.239009492,4877
0.239019278,4876
0.239030582,4875
0.239064526,4874
0.239112823,4873
0.239118395,4872
0.239167697,4871
0.239188691,4870
0.239193301,4869
0.239227771,4868
0.239271798,4867
0.239287661,4866
0.239320507,4865
0.239782613,4864
0.239808419,4863
0.23982035,4862
0.239825539,4861
0.239847693,4860
0.239850824,4859
0.239891943,4858
0.239910456,4857
0.239972342,4856
0.239976778,4855
0.239986845,4854
0.239994707,4853
0.239999828,4852
0.240002882,4851
0.24001011,4850
0.240019832,4849
0.240029151,4848
0.240033841,4847
0.240041555,4846
0.240079654,4845
0.240085473,4844
0.240094285,4843
0.240102595,4842
0.240123871,4841
0.240127728,4840
0.240129973,4839
0.240139487,4838
0.240162141,4837
0.240164792,4836
0.240174971,4835
0.240180955,4834
0.240187017,4833
0.240190531,4832
0.240194684,4831
0.240199127,4830
0.240207724,4829
0.24021149,4828
0.240239966,4827
0.240242934,4826
0.240263069,4825
0.240313365,4824
0.24032189,4823
0.24032563,4822
0.240335358,4821
0.240603149,4820
0.240624251,4819
0.24065426,4818
0.240661938,4817
0.240673115,4816
0.240681556,4815
0.240703829,4814
0.240757968,4813
0.240761704,4812
0.240790442,4811
0.240796687,4810
0.240803696,4809
0.240820096,4808
0.240827946,4807
0.2408312,4806
0.24087526,4805
0.240882988,4804
0.240886794,4803
0.240917766,4802
0.240921662,4801
0.240925684,4800
0.240940924,4799
0.240945163,4798
0.241444523,4797
0.241487201,4796
0.241495621,4795
0.241508999,4794
0.241550324,4793
0.241557275,4792
0.241612844,4791
0.241634414,4790
0.241664982,4789
0.241668397,4788
0.241673046,4787
0.24168204,4786
0.241732036,4785
0.241752613,4784
0.241773465,4783
0.241786907,4782
0.241798404,4781
0.241854142,4780
0.241866568,4779
0.24210353,4778
0.242129916,4777
0.242172272,4776
0.242187975,4775
0.242222458,4774
0.242246885,4773
0.242284386,4772
0.242299038,4771
0.242304938,4770
0.242350168,4769
0.242385571,4768
0.24238953,4767
0.24241002,4766
0.242544732,4765
0.242548342,4764
0.242584528,4763
0.242589031,4762
0.242618227,4761
0.242680352,4760
0.242715503,4759
0.242792676,4758
0.242817787,4757
0.243035114,4756
0.243041735,4755
0.243104821,4754
0.243124051,4753
0.24328884,4752
0.386490137,4751
0.429366981,4750
0.446653463,4749
0.500540982,4748
0.526902084,4747
0.551710724,4746
0.585655628,4745
0.59500641,4744
0.612170504,4743
0.627082459,4742
0.653661583,4741
0.702015325,4740
0.726821937,4739
0.752411999,4738
0.762246166,4737
0.781941892,4736
0.796653383,4735
0.808196243,4734
0.829240752,4733
0.841418729,4732
0.866224333,4731
0.87925925,4730
0.906631986,4729
0.919697228,4728
0.953165599,4727
0.973113069,4726
1.028777263,4725
1.04896843,4724
1.077035979,4723
1.091350232,4722
1.113090381,4721
1.137412591,4720
1.18674464,4719
1.249772818,4718
1.262362052,4717
1.288442773,4716
1.349590892,4715
1.372150121,4714
1.379618776,4713
1.390010382,4712
1.398757588,4711
1.414765087,4710
1.42645706,4709
1.448984316,4708
1.460885467,4707
1.480245667,4706
1.489735162,4705
1.507896776,4704
1.534041627,4703
1.544601996,4702
1.556205513,4701
1.564425448,4700
1.575937942,4699
1.590940138,4698
1.608527122,4697
1.620738757,4696
1.637623071,4695
1.651507612,4694
1.667786864,4693
1.680800758,4692
1.693105866,4691
1.706527984,4690
1.804509309,4689
1.817340344,4688
1.830312615,4687
1.848507972,4686
1.904698253,4685
1.931590869,4684
1.948422031,4683
1.965074817,4682
1.978349976,4681
2.011525563,4680
2.029910703,4679
2.047770263,4678
2.063873245,4677
2.078652397,4676
2.132812165,4675
2.147321787,4674
2.236667898,4673
2.260806942,4672
2.274877933,4671
2.290222664,4670
2.310345316,4669
2.318483303,4668
2.348138362,4667
2.36254737,4666
2.378096311,4665
2.401346078,4664
2.425422966,4663
2.469087603,4662
2.484472319,4661
2.51175948,4660
2.523308906,4659
2.539829998,4658
2.551284885,4657
2.56845438,4656
2.577485866,4655
2.590480859,4654
2.606209368,4653
2.672218472,4652
2.723552395,4651
2.754219513,4650
2.76835463,4649
2.781271599,4648
2.795363797,4647
2.831871619,4646
2.846015978,4645
2.85876445,4644
2.885476379,4643
2.939592582,4642
2.961322976,4641
2.979951283,4640
3.002264738,4639
3.027661707,4638
3.091820573,4637
3.113873296,4636
3.131625314,4635
3.156555492,4634
3.185556769,4633
3.201595822,4632
3.220813545,4631
3.272735132,4630
3.305355751,4629
3.423868329,4628
3.440281978,4627
3.452066769,4626
3.530327424,4625
3.545882962,4624
3.582775222,4623
3.687638747,4622
3.719481681,4621
3.773236627,4620
3.868964124,4619
3.895663051,4618
3.935824529,4617
4.060135187,4616
4.097894586,4615
4.126076659,4614
4.23650699,4613
4.361558525,4612
4.717001765,4611
