0.370370462,10181
0.3705375,10180
0.370655447,10179
0.370774847,10178
0.370926477,10177
0.371005616,10176
0.371077739,10175
0.37111009,10174
0.371117198,10173
0.371130801,10172
0.371138302,10171
0.371145136,10170
0.371152122,10169
0.371159009,10168
0.3711702,10167
0.371181118,10166
0.371191404,10165
0.371201161,10164
0.371211527,10163
0.371222781,10162
0.371238216,10161
0.371258466,10160
0.371277319,10159
0.371293436,10158
0.371309425,10157
0.37132601,10156
0.371341587,10155
0.371357177,10154
0.371366167,10153
0.371378553,10152
0.371389881,10151
0.37140056,10150
0.371411549,10149
0.371421267,10148
0.37143114,10147
0.371439494,10146
0.371447155,10145
0.371453868,10144
0.371461106,10143
0.371468067,10142
0.371475129,10141
0.371480834,10140
0.371487163,10139
0.371494846,10138
0.371502151,10137
0.371512673,10136
0.371523493,10135
0.371562767,10134
0.3715733,10133
0.371608185,10132
0.371649633,10131
0.371657939,10130
0.371664933,10129
0.371672459,10128
0.371691789,10127
0.371711468,10126
0.371720682,10125
0.371726343,10124
0.371731907,10123
0.371737627,10122
0.3717427,10121
0.371748032,10120
0.371753287,10119
0.371758999,10118
0.371765044,10117
0.371777059,10116
0.371783694,10115
0.371788899,10114
0.37179431,10113
0.371799562,10112
0.371804598,10111
0.371809712,10110
0.371827505,10109
0.371833745,10108
0.371840092,10107
0.37184668,10106
0.371854299,10105
0.371861856,10104
0.371869401,10103
0.371891352,10102
0.371898932,10101
0.371906244,10100
0.371914187,10099
0.371956877,10098
0.37196582,10097
0.37201609,10096
0.372073885,10095
0.372080334,10094
0.372087298,10093
0.372127586,10092
0.372177571,10091
0.372208247,10090
0.372218385,10089
0.372225585,10088
0.372233702,10087
0.372241661,10086
0.372249923,10085
0.372259019,10084
0.372267407,10083
0.37227517,10082
0.372280263,10081
0.372285613,10080
0.37229078,10079
0.372295918,10078
0.372302605,10077
0.372309422,10076
0.372316371,10075
0.372322687,10074
0.372329748,10073
0.372337569,10072
0.372349347,10071
0.37235742,10070
0.372371788,10069
0.372382263,10068
0.37239431,10067
0.372407396,10066
0.372413975,10065
0.372426273,10064
0.372442308,10063
0.372465367,10062
0.372471815,10061
0.372483954,10060
0.372491058,10059
0.372497598,10058
0.372510107,10057
0.372516507,10056
0.37255583,10055
0.372749984,10054
0.372765249,10053
0.372773703,10052
0.372778465,10051
0.37278318,10050
0.372787091,10049
0.372791249,10048
0.372794712,10047
0.37279811,10046
0.372801677,10045
0.372805095,10044
0.372808441,10043
0.372811593,10042
0.372821106,10041
0.372825906,10040
0.372830272,10039
0.37283411,10038
0.372837825,10037
0.37284182,10036
0.372852912,10035
0.3728615,10034
0.372867431,10033
0.372880312,10032
0.372892537,10031
0.372904143,10030
0.372909026,10029
0.372913925,10028
0.372918462,10027
0.372922897,10026
0.372927445,10025
0.372947872,10024
0.372955302,10023
0.372959935,10022
0.372964488,10021
0.37296906,10020
0.372974929,10019
0.372980183,10018
0.372999374,10017
0.373032504,10016
0.373044605,10015
0.373052278,10014
0.373083257,10013
0.3730888,10012
0.373095206,10011
0.373102376,10010
0.373153424,10009
0.373186196,10008
0.373218796,10007
0.373228889,10006
0.373264833,10005
0.37326988,10004
0.373275325,10003
0.373280624,10002
0.373285256,10001
0.373306965,10000
0.373314866,9999
0.373320762,9998
0.373325955,9997
0.373331151,9996
0.373345507,9995
0.373350948,9994
0.373363519,9993
0.373411011,9992
0.373423423,9991
0.373429726,9990
0.373436113,9989
0.373442095,9988
0.373448148,9987
0.373453612,9986
0.373458253,9985
0.373463032,9984
0.373467725,9983
0.373473197,9982
0.37347788,9981
0.373483273,9980
0.373489947,9979
0.373495256,9978
0.373500827,9977
0.373505927,9976
0.373511524,9975
0.373515913,9974
0.373521067,9973
0.373526622,9972
0.373532721,9971
0.373537718,9970
0.373542061,9969
0.373547671,9968
0.373559486,9967
0.373565228,9966
0.373569866,9965
0.37357482,9964
0.373580346,9963
0.373584962,9962
0.373589723,9961
0.373595268,9960
0.373600328,9959
0.373605569,9958
0.373609765,9957
0.373615361,9956
0.37361972,9955
0.373624278,9954
0.373628522,9953
0.373632844,9952
0.373637681,9951
0.373642047,9950
0.373646045,9949
0.373651003,9948
0.37365466,9947
0.373658219,9946
0.373661694,9945
0.37366526,9944
0.3736683,9943
0.373671594,9942
0.373692852,9941
0.373696417,9940
0.373699602,9939
0.373702973,9938
0.373706306,9937
0.373709692,9936
0.373713084,9935
0.373716403,9934
0.373719803,9933
0.373723624,9932
0.373726788,9931
0.373729961,9930
0.373733254,9929
0.373736623,9928
0.373740296,9927
0.373744856,9926
0.373750567,9925
0.373754807,9924
0.373759245,9923
0.373763747,9922
0.373767874,9921
0.37377297,9920
0.373777807,9919
0.373800775,9918
0.373804898,9917
0.373841396,9916
0.373866529,9915
0.37387117,9914
0.373876072,9913
0.373880359,9912
0.373884764,9911
0.373888341,9910
0.373892702,9909
0.373896991,9908
0.373901251,9907
0.373907606,9906
0.373912208,9905
0.373916408,9904
0.373925005,9903
0.373930458,9902
0.373935932,9901
0.373940073,9900
0.373944358,9899
0.373988513,9898
0.373992803,9897
0.373996849,9896
0.374000667,9895
0.374004318,9894
0.374008095,9893
0.374011477,9892
0.374015015,9891
0.374018522,9890
0.37402193,9889
0.374026984,9888
0.374030974,9887
0.374035114,9886
0.374039328,9885
0.374043959,9884
0.374048389,9883
0.374053193,9882
0.374057843,9881
0.374062711,9880
0.37406732,9879
0.374072109,9878
0.374076733,9877
0.374081322,9876
0.374086667,9875
0.37412506,9874
0.3741632,9873
0.374168055,9872
0.374172808,9871
0.374177115,9870
0.374181927,9869
0.374186174,9868
0.374190693,9867
0.374195654,9866
0.374200266,9865
0.374204217,9864
0.374208796,9863
0.374212935,9862
0.3742169,9861
0.37422138,9860
0.374225439,9859
0.374229604,9858
0.374233302,9857
0.374236962,9856
0.374240957,9855
0.374254037,9854
0.374260923,9853
0.374265008,9852
0.37426907,9851
0.374272556,9850
0.374276692,9849
0.374280393,9848
0.374284112,9847
0.374287846,9846
0.374291253,9845
0.374294462,9844
0.374297816,9843
0.374301143,9842
0.374304345,9841
0.374307839,9840
0.374311899,9839
0.374315414,9838
0.374319009,9837
0.37436026,9836
0.374397499,9835
0.374401706,9834
0.374405738,9833
0.374409857,9832
0.374413936,9831
0.374418007,9830
0.374422059,9829
0.374425824,9828
0.374429845,9827
0.374622417,9826
0.37462769,9825
0.374631265,9824
0.374634945,9823
0.374638465,9822
0.374642124,9821
0.374645782,9820
0.374649113,9819
0.374652828,9818
0.374656609,9817
0.374660402,9816
0.374663698,9815
0.374667587,9814
0.374671176,9813
0.374674803,9812
0.374678357,9811
0.374681706,9810
0.374685212,9809
0.374689049,9808
0.374692231,9807
0.374695662,9806
0.374699472,9805
0.374703417,9804
0.374707178,9803
0.375003081,9802
0.375017349,9801
0.375052854,9800
0.375057203,9799
0.375104228,9798
0.37510888,9797
0.375113233,9796
0.375183534,9795
0.37518741,9794
0.375191053,9793
0.375194607,9792
0.375198385,9791
0.375202027,9790
0.3752058,9789
0.375209587,9788
0.375212757,9787
0.375221797,9786
0.375227437,9785
0.375231686,9784
0.375239447,9783
0.375282196,9782
0.375318335,9781
0.375322133,9780
0.375356644,9779
0.375360502,9778
0.37536406,9777
0.375368077,9776
0.375371519,9775
0.375375072,9774
0.375378548,9773
0.375387209,9772
0.375390832,9771
0.375393832,9770
0.375396754,9769
0.375399885,9768
0.37540272,9767
0.375405465,9766
0.37540859,9765
0.375411576,9764
0.375414899,9763
0.375417801,9762
0.375420915,9761
0.375423989,9760
0.375427033,9759
0.375430091,9758
0.375433176,9757
0.375435976,9756
0.375439096,9755
0.375441961,9754
0.375444923,9753
0.375447912,9752
0.37545081,9751
0.37545405,9750
0.375457669,9749
0.375460584,9748
0.375465254,9747
0.375469649,9746
0.375473423,9745
0.375477232,9744
0.375480718,9743
0.375484259,9742
0.37548844,9741
0.375493432,9740
0.37549785,9739
0.375501362,9738
0.375557699,9737
0.375562624,9736
0.375568526,9735
0.375575821,9734
0.375583704,9733
0.375590189,9732
0.375602905,9731
0.375614009,9730
0.37562395,9729
0.375631859,9728
0.375634559,9727
0.375637341,9726
0.375639702,9725
0.375642118,9724
0.375644588,9723
0.375647876,9722
0.37565112,9721
0.375654458,9720
0.37565821,9719
0.375660806,9718
0.375663289,9717
0.375665771,9716
0.37566824,9715
0.375670595,9714
0.375673151,9713
0.375675791,9712
0.37567815,9711
0.375682327,9710
0.375693212,9709
0.375696853,9708
0.375700461,9707
0.375704271,9706
0.375707839,9705
0.375712571,9704
0.375716038,9703
0.37571948,9702
0.375723154,9701
0.375732248,9700
0.37573668,9699
0.37574021,9698
0.37574437,9697
0.37574836,9696
0.375752191,9695
0.375755729,9694
0.375759313,9693
0.375762723,9692
0.375770002,9691
0.375773685,9690
0.375777639,9689
0.375781055,9688
0.375784468,9687
0.375788073,9686
0.375791467,9685
0.375795336,9684
0.375798521,9683
0.375804833,9682
0.37581649,9681
0.375819839,9680
0.37582228,9679
0.375825763,9678
0.37582864,9677
0.375831481,9676
0.375844306,9675
0.375852324,9674
0.375856923,9673
0.375860326,9672
0.375869639,9671
0.375886159,9670
0.375894467,9669
0.375899869,9668
0.375941232,9667
0.375945006,9666
0.375948406,9665
0.375951742,9664
0.37595458,9663
0.375957824,9662
0.375960845,9661
0.375963672,9660
0.375966304,9659
0.375969134,9658
0.375972038,9657
0.375974861,9656
0.375977597,9655
0.375980658,9654
0.375983354,9653
0.375986184,9652
0.375989014,9651
0.37599156,9650
0.375995209,9649
0.375998128,9648
0.376001165,9647
0.37600443,9646
0.376007346,9645
0.376010453,9644
0.376013331,9643
0.376016217,9642
0.376018964,9641
0.376023269,9640
0.376025775,9639
0.376029122,9638
0.376031746,9637
0.376034279,9636
0.376037094,9635
0.376039731,9634
0.37604239,9633
0.376045149,9632
0.376047909,9631
0.376050469,9630
0.376053027,9629
0.376056091,9628
0.37605859,9627
0.376060948,9626
0.3760631,9625
0.37606514,9624
0.376067305,9623
0.376069479,9622
0.376071523,9621
0.376073583,9620
0.376075573,9619
0.376077794,9618
0.376081316,9617
0.376084319,9616
0.3760872,9615
0.376089961,9614
0.376092651,9613
0.376095348,9612
0.376098257,9611
0.376101269,9610
0.376103858,9609
0.376106867,9608
0.376109316,9607
0.376111749,9606
0.376114169,9605
0.376116464,9604
0.376118514,9603
0.376120774,9602
0.376123294,9601
0.376125409,9600
0.376127891,9599
0.376129941,9598
0.376131905,9597
0.376134334,9596
0.376136477,9595
0.376139104,9594
0.376141716,9593
0.376143831,9592
0.376145796,9591
0.376147798,9590
0.376149939,9589
0.376152196,9588
0.376154301,9587
0.37615736,9586
0.376161222,9585
0.376164871,9584
0.376168649,9583
0.376172178,9582
0.376177914,9581
0.376181349,9580
0.376184976,9579
0.376189822,9578
0.376192899,9577
0.376195988,9576
0.376199343,9575
0.376202402,9574
0.376205664,9573
0.376208804,9572
0.376211946,9571
0.376214538,9570
0.376217343,9569
0.376220448,9568
0.376223326,9567
0.376226438,9566
0.376229708,9565
0.376232572,9564
0.376235461,9563
0.376238034,9562
0.376240568,9561
0.376243319,9560
0.376246593,9559
0.376250471,9558
0.376253717,9557
0.376257289,9556
0.376260603,9555
0.376263526,9554
0.376266402,9553
0.376269665,9552
0.376272801,9551
0.376275078,9550
0.376277163,9549
0.376279186,9548
0.376281312,9547
0.376283258,9546
0.376285164,9545
0.376287334,9544
0.37628968,9543
0.376291849,9542
0.376294978,9541
0.376298053,9540
0.376300557,9539
0.376303266,9538
0.376305934,9537
0.376308504,9536
0.376311049,9535
0.376313628,9534
0.376316341,9533
0.376318854,9532
0.376321511,9531
0.376324538,9530
0.376327581,9529
0.376330556,9528
0.376338542,9527
0.376341718,9526
0.376344679,9525
0.376347642,9524
0.37637518,9523
0.376381157,9522
0.376383995,9521
0.376386328,9520
0.376388476,9519
0.376390379,9518
0.376392465,9517
0.376394779,9516
0.376396954,9515
0.376398863,9514
0.376400838,9513
0.376403602,9512
0.376406986,9511
0.376410045,9510
0.376413381,9509
0.376416383,9508
0.376419888,9507
0.376423219,9506
0.376434572,9505
0.376436917,9504
0.376439053,9503
0.376441385,9502
0.376443513,9501
0.376445838,9500
0.376448688,9499
0.376450858,9498
0.376453292,9497
0.376455135,9496
0.376457197,9495
0.376461143,9494
0.37646408,9493
0.376467517,9492
0.376470586,9491
0.376473341,9490
0.376476089,9489
0.376478914,9488
0.37648199,9487
0.376484434,9486
0.376486747,9485
0.376488839,9484
0.376490924,9483
0.376493257,9482
0.376496551,9481
0.376499407,9480
0.37650176,9479
0.376504133,9478
0.376506421,9477
0.376509207,9476
0.376511688,9475
0.3765139,9474
0.376516091,9473
0.376519653,9472
0.376536835,9471
0.376539771,9470
0.376542596,9469
0.376545701,9468
0.376548317,9467
0.376550898,9466
0.37655357,9465
0.376556189,9464
0.376559282,9463
0.376562111,9462
0.376564527,9461
0.376566822,9460
0.376569443,9459
0.376572374,9458
0.376576743,9457
0.376580179,9456
0.376582614,9455
0.376585006,9454
0.376587499,9453
0.376589975,9452
0.376592295,9451
0.376594595,9450
0.376596781,9449
0.376598972,9448
0.376601091,9447
0.376603367,9446
0.37660562,9445
0.376607865,9444
0.376609965,9443
0.376612229,9442
0.376615187,9441
0.376617618,9440
0.376620061,9439
0.37662232,9438
0.376624551,9437
0.376627095,9436
0.376629491,9435
0.376631676,9434
0.376633903,9433
0.376637039,9432
0.376639691,9431
0.376641763,9430
0.376644226,9429
0.376646831,9428
0.376649479,9427
0.376651932,9426
0.376654063,9425
0.376656259,9424
0.376658361,9423
0.376660566,9422
0.376662731,9421
0.376665227,9420
0.376667705,9419
0.376670277,9418
0.376672307,9417
0.376674543,9416
0.376676744,9415
0.376678845,9414
0.376681047,9413
0.376684084,9412
0.37668689,9411
0.376689736,9410
0.376692677,9409
0.376695798,9408
0.37669852,9407
0.376701042,9406
0.376718302,9405
0.376721323,9404
0.376724173,9403
0.376726865,9402
0.376729825,9401
0.376732523,9400
0.376735514,9399
0.376738167,9398
0.376740908,9397
0.376743862,9396
0.376746782,9395
0.376749794,9394
0.376752733,9393
0.376755485,9392
0.376758614,9391
0.376761782,9390
0.376764722,9389
0.376767892,9388
0.376770879,9387
0.376773917,9386
0.376777004,9385
0.37677981,9384
0.376782705,9383
0.376785741,9382
0.376789131,9381
0.376792014,9380
0.376794881,9379
0.376798431,9378
0.376801699,9377
0.376804799,9376
0.376808253,9375
0.37681099,9374
0.376814082,9373
0.37681663,9372
0.37681982,9371
0.376823133,9370
0.376825691,9369
0.376828388,9368
0.376830632,9367
0.376832693,9366
0.376835076,9365
0.376837443,9364
0.376839662,9363
0.376841798,9362
0.376844165,9361
0.376846356,9360
0.376848441,9359
0.376851096,9358
0.376853377,9357
0.376855595,9356
0.376858096,9355
0.376860221,9354
0.376862549,9353
0.376864791,9352
0.376866996,9351
0.376869347,9350
0.376871488,9349
0.376873416,9348
0.376875837,9347
0.376878167,9346
0.376881007,9345
0.376883697,9344
0.376885761,9343
0.376887991,9342
0.376890814,9341
0.376893816,9340
0.376896397,9339
0.376899889,9338
0.376902671,9337
0.37690517,9336
0.37690793,9335
0.376910324,9334
0.376912522,9333
0.376914821,9332
0.376916865,9331
0.376919097,9330
0.376921212,9329
0.376923538,9328
0.376925655,9327
0.376927842,9326
0.376930088,9325
0.376932313,9324
0.376934398,9323
0.376936485,9322
0.376938437,9321
0.376941764,9320
0.376945785,9319
0.376949588,9318
0.376952818,9317
0.376955789,9316
0.376958568,9315
0.376961315,9314
0.376964137,9313
0.376967387,9312
0.376970607,9311
0.376973315,9310
0.376976004,9309
0.376978941,9308
0.376981349,9307
0.376983785,9306
0.376986382,9305
0.376989021,9304
0.376991503,9303
0.376994101,9302
0.376997114,9301
0.376999476,9300
0.377002019,9299
0.377036471,9298
0.377039431,9297
0.377042168,9296
0.377045112,9295
0.377047772,9294
0.37705036,9293
0.377053096,9292
0.377055627,9291
0.377058035,9290
0.377060787,9289
0.377063122,9288
0.377065629,9287
0.377069524,9286
0.377072289,9285
0.377074831,9284
0.377077488,9283
0.377080094,9282
0.377082611,9281
0.377085212,9280
0.377087823,9279
0.377089877,9278
0.377092312,9277
0.377094906,9276
0.377097261,9275
0.377099705,9274
0.377102139,9273
0.377105,9272
0.377107666,9271
0.377110611,9270
0.377113148,9269
0.37711696,9268
0.37712055,9267
0.377123454,9266
0.37712644,9265
0.377129754,9264
0.377132911,9263
0.377135824,9262
0.377138712,9261
0.377141573,9260
0.377144382,9259
0.377147225,9258
0.377150008,9257
0.377152467,9256
0.377155438,9255
0.377158481,9254
0.377161648,9253
0.377164485,9252
0.377167736,9251
0.377171681,9250
0.377174706,9249
0.377177573,9248
0.377180291,9247
0.377183089,9246
0.377185938,9245
0.377188521,9244
0.377191083,9243
0.377193709,9242
0.377196481,9241
0.377198937,9240
0.377201354,9239
0.377203821,9238
0.377206515,9237
0.377209226,9236
0.377212116,9235
0.377214906,9234
0.377217602,9233
0.377219988,9232
0.377222429,9231
0.37722495,9230
0.377227326,9229
0.377229932,9228
0.377232311,9227
0.377234972,9226
0.377237394,9225
0.377239915,9224
0.377242309,9223
0.377246262,9222
0.377249404,9221
0.377252281,9220
0.377254821,9219
0.377257244,9218
0.377259852,9217
0.377262381,9216
0.377264762,9215
0.377267635,9214
0.377270121,9213
0.377272545,9212
0.37727477,9211
0.377277318,9210
0.377279743,9209
0.377281792,9208
0.377284652,9207
0.377287486,9206
0.377289546,9205
0.377292116,9204
0.377295423,9203
0.377298356,9202
0.377301333,9201
0.377304009,9200
0.377306912,9199
0.377310212,9198
0.377313124,9197
0.377315648,9196
0.377318056,9195
0.377328519,9194
0.377331306,9193
0.377333733,9192
0.377336287,9191
0.377339319,9190
0.377342019,9189
0.377344509,9188
0.377346808,9187
0.377348965,9186
0.377351424,9185
0.377353837,9184
0.377356089,9183
0.377358415,9182
0.377360726,9181
0.377363492,9180
0.377366756,9179
0.377369294,9178
0.377372053,9177
0.377374335,9176
0.377376783,9175
0.377379064,9174
0.377382142,9173
0.377384699,9172
0.377387136,9171
0.377389194,9170
0.377391414,9169
0.377393529,9168
0.377396228,9167
0.377399235,9166
0.377402653,9165
0.377405107,9164
0.377408061,9163
0.377410457,9162
0.377413342,9161
0.377416009,9160
0.377418674,9159
0.377421351,9158
0.377423901,9157
0.377426502,9156
0.377429442,9155
0.377432502,9154
0.377435113,9153
0.377437751,9152
0.37744064,9151
0.377442707,9150
0.377446058,9149
0.377449256,9148
0.377475394,9147
0.377478231,9146
0.377480999,9145
0.377483432,9144
0.377486592,9143
0.377489278,9142
0.37749366,9141
0.377496221,9140
0.377498558,9139
0.37750144,9138
0.377504231,9137
0.377506396,9136
0.377508756,9135
0.377510968,9134
0.377513523,9133
0.377516018,9132
0.377518375,9131
0.377520847,9130
0.377523461,9129
0.377526112,9128
0.377528456,9127
0.37753085,9126
0.377533221,9125
0.377535815,9124
0.377538181,9123
0.377540247,9122
0.377542591,9121
0.377545068,9120
0.377547608,9119
0.377550373,9118
0.377553441,9117
0.377556127,9116
0.377558452,9115
0.377560695,9114
0.377563846,9113
0.377566357,9112
0.377569111,9111
0.377572195,9110
0.377574944,9109
0.377577391,9108
0.37758013,9107
0.377583792,9106
0.377587269,9105
0.377590291,9104
0.37759357,9103
0.377597423,9102
0.377600782,9101
0.377603962,9100
0.377607322,9099
0.377609472,9098
0.377611862,9097
0.377613764,9096
0.377616313,9095
0.377618792,9094
0.377621206,9093
0.377623623,9092
0.377626097,9091
0.377628536,9090
0.377630978,9089
0.377633242,9088
0.377636389,9087
0.377639038,9086
0.377641288,9085
0.377643524,9084
0.377646106,9083
0.377652699,9082
0.377655379,9081
0.377657968,9080
0.37766038,9079
0.377662719,9078
0.377665261,9077
0.377667624,9076
0.377669672,9075
0.377671935,9074
0.377674036,9073
0.377676909,9072
0.377679822,9071
0.377682142,9070
0.377685307,9069
0.377687786,9068
0.377690978,9067
0.377694216,9066
0.377697255,9065
0.377700801,9064
0.377703398,9063
0.377706278,9062
0.377709783,9061
0.377713156,9060
0.377715853,9059
0.377719568,9058
0.37772229,9057
0.377724697,9056
0.377727244,9055
0.37772958,9054
0.377731868,9053
0.377733988,9052
0.377736887,9051
0.377739622,9050
0.3777418,9049
0.377743933,9048
0.377746525,9047
0.377749013,9046
0.377752672,9045
0.377755741,9044
0.377758837,9043
0.377761505,9042
0.377764026,9041
0.377766527,9040
0.377768736,9039
0.377770795,9038
0.377774125,9037
0.377777049,9036
0.377779804,9035
0.377782542,9034
0.377785784,9033
0.377788314,9032
0.37779097,9031
0.377793523,9030
0.377796034,9029
0.377798371,9028
0.377800912,9027
0.377804304,9026
0.377807267,9025
0.377810031,9024
0.377812773,9023
0.377815193,9022
0.377817656,9021
0.377820078,9020
0.37782261,9019
0.377825277,9018
0.377827675,9017
0.377830406,9016
0.377832916,9015
0.377834986,9014
0.37783709,9013
0.377839309,9012
0.377841674,9011
0.377844491,9010
0.377847384,9009
0.377850592,9008
0.37785343,9007
0.377857296,9006
0.377859403,9005
0.377861653,9004
0.377863947,9003
0.37786596,9002
0.377869012,9001
0.377872269,9000
0.377889102,8999
0.377892303,8998
0.377897764,8997
0.377901903,8996
0.377904504,8995
0.377906805,8994
0.377909935,8993
0.377913065,8992
0.377918482,8991
0.377921734,8990
0.377975724,8989
0.377978196,8988
0.377981208,8987
0.3779842,8986
0.377986922,8985
0.377989215,8984
0.377992428,8983
0.377996157,8982
0.378000026,8981
0.378014204,8980
0.378077813,8979
0.378082925,8978
0.378115418,8977
0.378141333,8976
0.378164237,8975
0.378174967,8974
0.378178609,8973
0.378182006,8972
0.378185269,8971
0.378189021,8970
0.378192174,8969
0.378195375,8968
0.378199023,8967
0.378202206,8966
0.378205215,8965
0.378209591,8964
0.378212772,8963
0.378215826,8962
0.378219154,8961
0.378222573,8960
0.378228487,8959
0.378235093,8958
0.37823889,8957
0.378242164,8956
0.378245423,8955
0.378248243,8954
0.378250995,8953
0.378253613,8952
0.378256255,8951
0.378259047,8950
0.378261554,8949
0.378264028,8948
0.3782667,8947
0.37826923,8946
0.378271842,8945
0.378274471,8944
0.378277307,8943
0.378279966,8942
0.378282291,8941
0.378284896,8940
0.378287479,8939
0.378290283,8938
0.37829424,8937
0.378297153,8936
0.378300164,8935
0.378302899,8934
0.378305428,8933
0.37830827,8932
0.378311225,8931
0.378313866,8930
0.37831661,8929
0.378319593,8928
0.378322373,8927
0.378325093,8926
0.378328537,8925
0.378331791,8924
0.378334369,8923
0.378336967,8922
0.378339309,8921
0.378342552,8920
0.378347667,8919
0.378351101,8918
0.37835388,8917
0.378356842,8916
0.37835993,8915
0.378363,8914
0.378366198,8913
0.378369592,8912
0.378372769,8911
0.378375725,8910
0.378379181,8909
0.378382048,8908
0.378384741,8907
0.378387994,8906
0.378390877,8905
0.378393441,8904
0.378396044,8903
0.378398004,8902
0.378400369,8901
0.378521516,8900
0.378529543,8899
0.378533302,8898
0.378536483,8897
0.378539465,8896
0.378542258,8895
0.378545714,8894
0.378548365,8893
0.378551185,8892
0.378553464,8891
0.378555984,8890
0.378558638,8889
0.378561252,8888
0.378563809,8887
0.378566991,8886
0.378569243,8885
0.378571869,8884
0.378574476,8883
0.378576859,8882
0.378580675,8881
0.37858291,8880
0.378584905,8879
0.378586872,8878
0.378590409,8877
0.378593335,8876
0.378595727,8875
0.37859818,8874
0.378600828,8873
0.378603111,8872
0.378605671,8871
0.378608158,8870
0.378610089,8869
0.378612748,8868
0.378615148,8867
0.378617317,8866
0.378619626,8865
0.378621957,8864
0.378624287,8863
0.378626396,8862
0.378628909,8861
0.378630942,8860
0.378633286,8859
0.378635325,8858
0.378637811,8857
0.378639997,8856
0.378643393,8855
0.37864634,8854
0.378648667,8853
0.378651167,8852
0.378653442,8851
0.378656371,8850
0.378658853,8849
0.378661074,8848
0.378663458,8847
0.378666077,8846
0.378668565,8845
0.378670561,8844
0.378672724,8843
0.378674805,8842
0.378677307,8841
0.37867951,8840
0.378682329,8839
0.378684937,8838
0.378687299,8837
0.378690006,8836
0.378709829,8835
0.378712436,8834
0.378714498,8833
0.378717509,8832
0.378719922,8831
0.378722963,8830
0.378726222,8829
0.378728992,8828
0.3787325,8827
0.378734907,8826
0.378737839,8825
0.378741885,8824
0.378744946,8823
0.378749309,8822
0.378752036,8821
0.378754572,8820
0.37875725,8819
0.378759918,8818
0.378762345,8817
0.378765596,8816
0.378767798,8815
0.37877028,8814
0.378773361,8813
0.378776647,8812
0.378779879,8811
0.378782259,8810
0.378785109,8809
0.378787475,8808
0.378790313,8807
0.378793934,8806
0.378796523,8805
0.378799419,8804
0.378802767,8803
0.378805706,8802
0.378808816,8801
0.378811777,8800
0.378833787,8799
0.378837091,8798
0.37884069,8797
0.37884406,8796
0.378846932,8795
0.37884991,8794
0.378853073,8793
0.378855933,8792
0.378858689,8791
0.378861268,8790
0.37886394,8789
0.378866691,8788
0.37887003,8787
0.378872964,8786
0.378875717,8785
0.3788785,8784
0.378881216,8783
0.378884139,8782
0.378889907,8781
0.378894103,8780
0.378897357,8779
0.378900344,8778
0.378903833,8777
0.378906863,8776
0.37891023,8775
0.378915748,8774
0.378918574,8773
0.378921625,8772
0.378924502,8771
0.37892747,8770
0.378930299,8769
0.378933662,8768
0.378936281,8767
0.378939111,8766
0.378942117,8765
0.378944804,8764
0.378947616,8763
0.378950063,8762
0.378952943,8761
0.378955851,8760
0.378958637,8759
0.378961387,8758
0.378964169,8757
0.378966842,8756
0.378969779,8755
0.378972699,8754
0.378975437,8753
0.378978016,8752
0.378980905,8751
0.378983663,8750
0.37898619,8749
0.37898951,8748
0.378992841,8747
0.378996077,8746
0.37899901,8745
0.379002375,8744
0.379005542,8743
0.379008648,8742
0.379011948,8741
0.379015319,8740
0.379018078,8739
0.37902054,8738
0.379023141,8737
0.379025904,8736
0.379028781,8735
0.379030997,8734
0.379033447,8733
0.379036078,8732
0.379038655,8731
0.379047806,8730
0.379772365,8729
0.37977708,8728
0.379780599,8727
0.379785057,8726
0.379789145,8725
0.379791595,8724
0.379802734,8723
0.379807595,8722
0.379810355,8721
0.379813727,8720
0.379817009,8719
0.37981943,8718
0.379823928,8717
0.379827269,8716
0.379830472,8715
0.379833559,8714
0.379836318,8713
0.379839195,8712
0.379843359,8711
0.37984775,8710
0.379851147,8709
0.37985719,8708
0.379860377,8707
0.379864512,8706
0.379868056,8705
0.379872041,8704
0.379876865,8703
0.379879987,8702
0.379883965,8701
0.379887567,8700
0.379890823,8699
0.379894314,8698
0.379898654,8697
0.379907685,8696
0.379910698,8695
0.379913737,8694
0.3799169,8693
0.37992021,8692
0.379923578,8691
0.379927087,8690
0.379930266,8689
0.37993382,8688
0.379937401,8687
0.37994125,8686
0.379946012,8685
0.379950195,8684
0.379954635,8683
0.379957607,8682
0.379960838,8681
0.37996388,8680
0.379966988,8679
0.379977594,8678
0.379981001,8677
0.379985145,8676
0.379988448,8675
0.379993138,8674
0.379997352,8673
0.380000695,8672
0.380003789,8671
0.380006827,8670
0.380010056,8669
0.380013415,8668
0.380016562,8667
0.380019726,8666
0.380023131,8665
0.380026212,8664
0.380029253,8663
0.380033344,8662
0.380037688,8661
0.380043451,8660
0.380048197,8659
0.380051861,8658
0.380054896,8657
0.380058794,8656
0.380061729,8655
0.38006539,8654
0.380068714,8653
0.380072424,8652
0.380076664,8651
0.380080625,8650
0.380085145,8649
0.380088922,8648
0.380093612,8647
0.380097542,8646
0.38010175,8645
0.380105409,8644
0.380109489,8643
0.380114094,8642
0.380117401,8641
0.380123523,8640
0.380126556,8639
0.380130339,8638
0.380134289,8637
0.380137986,8636
0.380141397,8635
0.380144616,8634
0.380148689,8633
0.380152687,8632
0.380156539,8631
0.380160735,8630
0.380165819,8629
0.380171119,8628
0.380174212,8627
0.380178512,8626
0.380181519,8625
0.380185117,8624
0.380188281,8623
0.380191922,8622
0.380195281,8621
0.380198007,8620
0.380200615,8619
0.380203954,8618
0.380206832,8617
0.380209532,8616
0.380212142,8615
0.38021515,8614
0.380219244,8613
0.380221419,8612
0.380225604,8611
0.380228206,8610
0.380231627,8609
0.380233928,8608
0.38023641,8607
0.380238915,8606
0.380242531,8605
0.380246337,8604
0.380249367,8603
0.380252316,8602
0.380255673,8601
0.38025906,8600
0.380262261,8599
0.38026712,8598
0.380270182,8597
0.380274682,8596
0.380278575,8595
0.380281619,8594
0.380284289,8593
0.380286798,8592
0.380289244,8591
0.380292848,8590
0.380295798,8589
0.380298162,8588
0.380300592,8587
0.380303525,8586
0.380305682,8585
0.380307856,8584
0.380318147,8583
0.380323059,8582
0.380327534,8581
0.380333077,8580
0.380337488,8579
0.380341443,8578
0.380347384,8577
0.380351191,8576
0.380355573,8575
0.38035941,8574
0.38036362,8573
0.380367169,8572
0.380371738,8571
0.380375458,8570
0.380378873,8569
0.380381998,8568
0.380385423,8567
0.380388732,8566
0.380392007,8565
0.38039652,8564
0.380399987,8563
0.380403298,8562
0.380406261,8561
0.38040974,8560
0.380413938,8559
0.380420743,8558
0.380423456,8557
0.380426185,8556
0.380428973,8555
0.380440445,8554
0.38044399,8553
0.380447673,8552
0.380451683,8551
0.380455514,8550
0.380458265,8549
0.380461815,8548
0.380466777,8547
0.380469817,8546
0.380473037,8545
0.38047613,8544
0.380479579,8543
0.38048214,8542
0.380485306,8541
0.380488019,8540
0.380490142,8539
0.38049297,8538
0.380495697,8537
0.380499631,8536
0.380502369,8535
0.380505209,8534
0.380507729,8533
0.380510332,8532
0.380512965,8531
0.380515828,8530
0.380518437,8529
0.3805209,8528
0.38052321,8527
0.380527026,8526
0.380529335,8525
0.380532235,8524
0.380535092,8523
0.38053753,8522
0.380539926,8521
0.380542715,8520
0.380545027,8519
0.380547482,8518
0.380550208,8517
0.380553393,8516
0.380558597,8515
0.380562034,8514
0.380565883,8513
0.380570315,8512
0.380574314,8511
0.380577751,8510
0.38058114,8509
0.380584669,8508
0.380588227,8507
0.380592771,8506
0.380596771,8505
0.380600061,8504
0.380603517,8503
0.380606894,8502
0.380610622,8501
0.380613897,8500
0.380618264,8499
0.380622735,8498
0.38062598,8497
0.38063232,8496
0.380635574,8495
0.38063872,8494
0.3806421,8493
0.380646666,8492
0.380650532,8491
0.38065406,8490
0.380657707,8489
0.38066304,8488
0.380667607,8487
0.380670724,8486
0.380674685,8485
0.38067739,8484
0.380680398,8483
0.380683298,8482
0.380686706,8481
0.380691058,8480
0.380693934,8479
0.38069637,8478
0.380698588,8477
0.380700894,8476
0.380704261,8475
0.38070638,8474
0.380708686,8473
0.380711851,8472
0.38071437,8471
0.380717257,8470
0.380719743,8469
0.380722233,8468
0.380724662,8467
0.38072786,8466
0.380732009,8465
0.380735018,8464
0.380737689,8463
0.380740352,8462
0.380742972,8461
0.380745551,8460
0.38074843,8459
0.380751188,8458
0.380753879,8457
0.3807564,8456
0.380759082,8455
0.380762259,8454
0.380764871,8453
0.380767229,8452
0.380769846,8451
0.380772773,8450
0.38077539,8449
0.380778627,8448
0.380781358,8447
0.380785133,8446
0.380788544,8445
0.380795785,8444
0.380799158,8443
0.380802489,8442
0.38080662,8441
0.380810878,8440
0.380814651,8439
0.38081847,8438
0.380821108,8437
0.380823715,8436
0.380827132,8435
0.380829673,8434
0.380831955,8433
0.380835734,8432
0.380838491,8431
0.380842226,8430
0.380844955,8429
0.380847489,8428
0.380850114,8427
0.380852469,8426
0.380855595,8425
0.380858123,8424
0.380860785,8423
0.380863426,8422
0.380865607,8421
0.380868072,8420
0.380870346,8419
0.380874285,8418
0.380876639,8417
0.38087971,8416
0.380882136,8415
0.38088557,8414
0.380888088,8413
0.38089042,8412
0.380893315,8411
0.380896081,8410
0.380899901,8409
0.380902912,8408
0.380905592,8407
0.380907892,8406
0.380910339,8405
0.380912506,8404
0.380915465,8403
0.380917645,8402
0.380922109,8401
0.380924582,8400
0.38092685,8399
0.38092892,8398
0.380931738,8397
0.380934345,8396
0.380936843,8395
0.380939393,8394
0.38094191,8393
0.3809442,8392
0.380946905,8391
0.38094938,8390
0.380952093,8389
0.380954694,8388
0.380957364,8387
0.380960737,8386
0.380963283,8385
0.380966911,8384
0.380972899,8383
0.380976432,8382
0.380979753,8381
0.380983321,8380
0.380987265,8379
0.380991153,8378
0.380994375,8377
0.380998169,8376
0.381001469,8375
0.381004442,8374
0.381008994,8373
0.381012181,8372
0.381015021,8371
0.381017682,8370
0.381020703,8369
0.381023433,8368
0.381025682,8367
0.381028272,8366
0.381031617,8365
0.381034007,8364
0.381037617,8363
0.381040314,8362
0.381043026,8361
0.381045637,8360
0.381048637,8359
0.381051176,8358
0.381053929,8357
0.381056574,8356
0.381059149,8355
0.3810622,8354
0.381064813,8353
0.381067329,8352
0.381070924,8351
0.381073434,8350
0.381075743,8349
0.381078067,8348
0.381080583,8347
0.381084136,8346
0.381090373,8345
0.381094536,8344
0.381098679,8343
0.38110257,8342
0.381106206,8341
0.38111133,8340
0.381114858,8339
0.381118584,8338
0.381122504,8337
0.381125874,8336
0.381129483,8335
0.381133002,8334
0.381136365,8333
0.381140857,8332
0.381144728,8331
0.381148212,8330
0.381151815,8329
0.381155253,8328
0.381159246,8327
0.381162415,8326
0.381165315,8325
0.38116796,8324
0.381171324,8323
0.381175383,8322
0.38118075,8321
0.381183648,8320
0.381186214,8319
0.381190038,8318
0.381193238,8317
0.38119626,8316
0.381198646,8315
0.381201113,8314
0.381203319,8313
0.381206681,8312
0.381209514,8311
0.381212033,8310
0.38121506,8309
0.381218473,8308
0.381221208,8307
0.381225917,8306
0.38122879,8305
0.381231508,8304
0.381234085,8303
0.381236603,8302
0.381239433,8301
0.381242897,8300
0.381245708,8299
0.381249543,8298
0.38125282,8297
0.381264151,8296
0.381456931,8295
0.381463021,8294
0.381469684,8293
0.381473648,8292
0.381478042,8291
0.381480317,8290
0.381485621,8289
0.381489204,8288
0.381492468,8287
0.381591748,8286
0.381599235,8285
0.38160382,8284
0.381609047,8283
0.381621297,8282
0.381626866,8281
0.381631731,8280
0.381634494,8279
0.381641251,8278
0.381644686,8277
0.38164737,8276
0.381651563,8275
0.381654662,8274
0.38165961,8273
0.381664069,8272
0.381667691,8271
0.381671246,8270
0.381679454,8269
0.381682049,8268
0.38168447,8267
0.381688519,8266
0.381692886,8265
0.381697058,8264
0.381699576,8263
0.381702752,8262
0.381706281,8261
0.381710867,8260
0.381713662,8259
0.381716133,8258
0.381718465,8257
0.381721187,8256
0.381723649,8255
0.381726602,8254
0.38173041,8253
0.381736869,8252
0.38174115,8251
0.381743838,8250
0.381748764,8249
0.381754014,8248
0.381758123,8247
0.381760825,8246
0.381764606,8245
0.381770265,8244
0.381778088,8243
0.381780537,8242
0.381785906,8241
0.381789957,8240
0.381806762,8239
0.381811424,8238
0.381814875,8237
0.381819521,8236
0.381822789,8235
0.381830226,8234
0.381834212,8233
0.381838535,8232
0.381842746,8231
0.381845742,8230
0.381848222,8229
0.381850871,8228
0.381854268,8227
0.381939883,8226
0.381946752,8225
0.381949915,8224
0.381957081,8223
0.381963725,8222
0.381969638,8221
0.381973191,8220
0.381977342,8219
0.381994347,8218
0.382000019,8217
0.382004271,8216
0.382011412,8215
0.382020225,8214
0.382243122,8213
0.382248235,8212
0.382251207,8211
0.382256505,8210
0.382264679,8209
0.382279034,8208
0.382283775,8207
0.382288768,8206
0.382291832,8205
0.382295531,8204
0.382299782,8203
0.382302542,8202
0.382308504,8201
0.382311134,8200
0.38231489,8199
0.382317804,8198
0.38232339,8197
0.382331168,8196
0.382335016,8195
0.382338495,8194
0.382342185,8193
0.382346088,8192
0.382350627,8191
0.382359986,8190
0.382363105,8189
0.382370968,8188
0.382373989,8187
0.382381309,8186
0.382384269,8185
0.382390632,8184
0.382394788,8183
0.382399927,8182
0.382408316,8181
0.382415091,8180
0.382420213,8179
0.382424993,8178
0.382427789,8177
0.382430998,8176
0.382433976,8175
0.382438896,8174
0.382443233,8173
0.38244746,8172
0.382492364,8171
0.382518967,8170
0.3825311,8169
0.382557171,8168
0.382564488,8167
0.38258828,8166
0.382601158,8165
0.382641426,8164
0.382651226,8163
0.382675755,8162
0.382679961,8161
0.382684363,8160
0.382687587,8159
0.38269162,8158
0.382694792,8157
0.382699462,8156
0.382709763,8155
0.382713225,8154
0.382716104,8153
0.382721632,8152
0.382748099,8151
0.38275198,8150
0.382757513,8149
0.382762509,8148
0.382766838,8147
0.382783731,8146
0.382796981,8145
0.38281722,8144
0.382824943,8143
0.382828619,8142
0.382832306,8141
0.382838533,8140
0.382843785,8139
0.382846301,8138
0.38284956,8137
0.382856599,8136
0.382859687,8135
0.382861968,8134
0.382876222,8133
0.382898023,8132
0.382903901,8131
0.382912953,8130
0.382926491,8129
0.382931684,8128
0.382934762,8127
0.382938053,8126
0.382942602,8125
0.382950736,8124
0.382983559,8123
0.383010787,8122
0.38348189,8121
0.383988743,8120
0.384118922,8119
0.384133466,8118
0.384169842,8117
0.384186191,8116
0.384295754,8115
0.384331466,8114
0.384393833,8113
0.384518593,8112
0.384589962,8111
0.385381379,8110
0.385384037,8109
0.385391864,8108
0.38539736,8107
0.385399719,8106
0.385403375,8105
0.385406962,8104
0.385415569,8103
0.385423752,8102
0.385428282,8101
0.385431234,8100
0.385435168,8099
0.385442897,8098
0.385445972,8097
0.385451022,8096
0.38545387,8095
0.385457904,8094
0.385463441,8093
0.385473075,8092
0.385476936,8091
0.385480296,8090
0.385483715,8089
0.385488455,8088
0.385492629,8087
0.385496503,8086
0.385501272,8085
0.385505574,8084
0.385510385,8083
0.3855197,8082
0.38552239,8081
0.385526758,8080
0.385530918,8079
0.385536869,8078
0.38554238,8077
0.385548216,8076
0.385551751,8075
0.385557507,8074
0.385562027,8073
0.385576163,8072
0.385583359,8071
0.385586436,8070
0.385589285,8069
0.385591871,8068
0.385594422,8067
0.385598686,8066
0.385601256,8065
0.385630885,8064
0.38563864,8063
0.385643037,8062
0.385650987,8061
0.38565964,8060
0.385661947,8059
0.385665194,8058
0.385667998,8057
0.385672795,8056
0.385676745,8055
0.385679097,8054
0.385687876,8053
0.385698578,8052
0.38570253,8051
0.385706034,8050
0.385708834,8049
0.385711115,8048
0.385715832,8047
0.385720293,8046
0.385724876,8045
0.385736588,8044
0.385745899,8043
0.385748203,8042
0.385753132,8041
0.385760328,8040
0.385766993,8039
0.385770524,8038
0.385776502,8037
0.385783185,8036
0.385790293,8035
0.38579821,8034
0.385826265,8033
0.385838008,8032
0.385844657,8031
0.385847831,8030
0.385896355,8029
0.385899923,8028
0.385906149,8027
0.385913418,8026
0.385921733,8025
0.385928472,8024
0.385932562,8023
0.385954173,8022
0.3859844,8021
0.385996452,8020
0.386007304,8019
0.386010872,8018
0.386018766,8017
0.386041243,8016
0.386043578,8015
0.386051301,8014
0.38605737,8013
0.386078588,8012
0.38608289,8011
0.386085652,8010
0.386091777,8009
0.386094548,8008
0.386109157,8007
0.386112691,8006
0.386122485,8005
0.38613446,8004
0.386156422,8003
0.386164471,8002
0.386167831,8001
0.386175101,8000
0.386178394,7999
0.386187919,7998
0.386190175,7997
0.386194948,7996
0.386203249,7995
0.386205804,7994
0.386212957,7993
0.386237272,7992
0.386241421,7991
0.386250232,7990
0.386253301,7989
0.386264765,7988
0.386286349,7987
0.38628922,7986
0.386315141,7985
0.386321496,7984
0.386326017,7983
0.386333955,7982
0.386337267,7981
0.386351109,7980
0.386355482,7979
0.386382021,7978
0.386392084,7977
0.38641514,7976
0.386421102,7975
0.386431256,7974
0.386441852,7973
0.386445061,7972
0.38645344,7971
0.38646158,7970
0.386466482,7969
0.386489711,7968
0.386504173,7967
0.386522579,7966
0.386541627,7965
0.386543824,7964
0.38654735,7963
0.38655661,7962
0.386564615,7961
0.386571206,7960
0.386580785,7959
0.386583518,7958
0.38658863,7957
0.386590896,7956
0.386593914,7955
0.386601825,7954
0.386605059,7953
0.38660822,7952
0.386640937,7951
0.386650393,7950
0.38666055,7949
0.386669129,7948
0.386685722,7947
0.386713432,7946
0.386723084,7945
0.386767639,7944
0.386842846,7943
0.386936701,7942
0.386945847,7941
0.386980246,7940
0.387026394,7939
0.387034795,7938
0.387037554,7937
0.387056537,7936
0.38705977,7935
0.387087952,7934
0.387091462,7933
0.387124293,7932
0.387157702,7931
0.387181361,7930
0.387192065,7929
0.387209903,7928
0.387213192,7927
0.387225732,7926
0.387229025,7925
0.387232208,7924
0.387242848,7923
0.387279489,7922
0.387287644,7921
0.387292046,7920
0.387311705,7919
0.387315822,7918
0.387321926,7917
0.387329476,7916
0.387334191,7915
0.387375813,7914
0.387400447,7913
0.387416632,7912
0.387430661,7911
0.387446282,7910
0.387474577,7909
0.387484539,7908
0.387503131,7907
0.387814845,7906
0.387819489,7905
0.387849406,7904
0.387855732,7903
0.387858334,7902
0.38786163,7901
0.387867167,7900
0.387871288,7899
0.387873501,7898
0.387875774,7897
0.387878169,7896
0.38788096,7895
0.387883185,7894
0.387890954,7893
0.38789333,7892
0.387896773,7891
0.38790016,7890
0.387908076,7889
0.387911361,7888
0.387914466,7887
0.387917521,7886
0.387924233,7885
0.387930891,7884
0.387936053,7883
0.387939223,7882
0.387944862,7881
0.387951358,7880
0.387957715,7879
0.387965968,7878
0.387968748,7877
0.387972527,7876
0.387979016,7875
0.387984876,7874
0.387991166,7873
0.387995788,7872
0.387998158,7871
0.388001085,7870
0.388021952,7869
0.388027479,7868
0.388029856,7867
0.38803692,7866
0.388040636,7865
0.388043844,7864
0.388050225,7863
0.388056378,7862
0.38806385,7861
0.38808509,7860
0.388108445,7859
0.388110556,7858
0.388140715,7857
0.388146399,7856
0.388148342,7855
0.38815711,7854
0.388168304,7853
0.388172318,7852
0.388174313,7851
0.388176856,7850
0.388192942,7849
0.388205533,7848
0.38820981,7847
0.38825835,7846
0.388813479,7845
0.388845692,7844
0.388850897,7843
0.388858153,7842
0.388865198,7841
0.38886802,7840
0.3888753,7839
0.38887797,7838
0.388883451,7837
0.388892774,7836
0.388895396,7835
0.388898577,7834
0.388922672,7833
0.388929032,7832
0.388934225,7831
0.388951173,7830
0.388955568,7829
0.388959798,7828
0.388971929,7827
0.388982497,7826
0.388988922,7825
0.389008632,7824
0.389014825,7823
0.389019356,7822
0.389023958,7821
0.389028196,7820
0.389034291,7819
0.389041263,7818
0.389057741,7817
0.389061738,7816
0.389069001,7815
0.38907696,7814
0.389082297,7813
0.389088558,7812
0.389100876,7811
0.389106959,7810
0.389112067,7809
0.389120853,7808
0.389126566,7807
0.389130846,7806
0.389154029,7805
0.389157471,7804
0.389179284,7803
0.389201116,7802
0.389207437,7801
0.389222603,7800
0.389240565,7799
0.38924365,7798
0.389480616,7797
0.389483821,7796
0.389493459,7795
0.389497047,7794
0.389506326,7793
0.389525158,7792
0.389538241,7791
0.389541087,7790
0.389562975,7789
0.389566633,7788
0.389597768,7787
0.38961137,7786
0.389616478,7785
0.389619769,7784
0.389637539,7783
0.389671991,7782
0.389685567,7781
0.389709538,7780
0.389759322,7779
0.389780136,7778
0.389803064,7777
0.389853564,7776
0.389864146,7775
0.389897527,7774
0.389903137,7773
0.389922977,7772
0.389936185,7771
0.389942337,7770
0.38995157,7769
0.389957818,7768
0.389992018,7767
0.390003289,7766
0.390011969,7765
0.390019743,7764
0.390027077,7763
0.3900316,7762
0.390042411,7761
0.39005195,7760
0.390061936,7759
0.390088728,7758
0.390123876,7757
0.390128075,7756
0.39013374,7755
0.390146698,7754
0.39015044,7753
0.390190261,7752
0.390196492,7751
0.390206285,7750
0.390211846,7749
0.39021696,7748
0.390240744,7747
0.390253286,7746
0.391263983,7745
0.391266828,7744
0.391270619,7743
0.391274981,7742
0.391281387,7741
0.391287556,7740
0.391290748,7739
0.391294428,7738
0.391297122,7737
0.391299841,7736
0.391302433,7735
0.391305154,7734
0.391307683,7733
0.391311366,7732
0.391317287,7731
0.391323745,7730
0.391329664,7729
0.391338586,7728
0.391344928,7727
0.391351784,7726
0.391357253,7725
0.391359704,7724
0.391363125,7723
0.391365794,7722
0.391368762,7721
0.391373132,7720
0.391382973,7719
0.391385725,7718
0.391388496,7717
0.391401346,7716
0.391404106,7715
0.391406686,7714
0.391409788,7713
0.391412226,7712
0.39141548,7711
0.391418759,7710
0.391424124,7709
0.39142651,7708
0.391428844,7707
0.391440381,7706
0.39144468,7705
0.391448742,7704
0.391453308,7703
0.391457819,7702
0.391459949,7701
0.39146471,7700
0.391468602,7699
0.391483317,7698
0.391488441,7697
0.391493353,7696
0.391498781,7695
0.391504763,7694
0.391523525,7693
0.391526467,7692
0.391529509,7691
0.391532153,7690
0.391535109,7689
0.391556829,7688
0.391561019,7687
0.391566982,7686
0.391571421,7685
0.391601834,7684
0.391614339,7683
0.391616783,7682
0.391621889,7681
0.39163037,7680
0.391640502,7679
0.39164892,7678
0.391653227,7677
0.391666568,7676
0.391669657,7675
0.3916765,7674
0.391679,7673
0.391681484,7672
0.391686258,7671
0.391688914,7670
0.391693382,7669
0.391700502,7668
0.391703413,7667
0.391706943,7666
0.39172798,7665
0.391746419,7664
0.391753767,7663
0.391758344,7662
0.391767315,7661
0.391769896,7660
0.391776159,7659
0.391779833,7658
0.391787824,7657
0.391799145,7656
0.391806563,7655
0.391809817,7654
0.391812227,7653
0.391814353,7652
0.39181905,7651
0.391831454,7650
0.391843221,7649
0.391847757,7648
0.391851133,7647
0.391856141,7646
0.39186118,7645
0.391869109,7644
0.391891775,7643
0.391897499,7642
0.391900398,7641
0.391914991,7640
0.391927058,7639
0.391931188,7638
0.391949743,7637
0.391958001,7636
0.391975834,7635
0.391978957,7634
0.39198735,7633
0.391995007,7632
0.392000878,7631
0.392011315,7630
0.392016787,7629
0.392026741,7628
0.392032506,7627
0.392039117,7626
0.392043844,7625
0.392048685,7624
0.392078188,7623
0.39208145,7622
0.392095891,7621
0.392099957,7620
0.392108149,7619
0.392129584,7618
0.392134545,7617
0.392140384,7616
0.39214639,7615
0.392161617,7614
0.392187563,7613
0.392190948,7612
0.392193951,7611
0.392198715,7610
0.392223547,7609
0.392229836,7608
0.392238379,7607
0.392244391,7606
0.392251174,7605
0.392270586,7604
0.392288509,7603
0.392314781,7602
0.39232011,7601
0.392328514,7600
0.392333036,7599
0.392338996,7598
0.392345372,7597
0.392351092,7596
0.392370361,7595
0.392384068,7594
0.392403828,7593
0.392417636,7592
0.392422142,7591
0.392442866,7590
0.392453644,7589
0.392456483,7588
0.392478176,7587
0.392496575,7586
0.392511989,7585
0.392551675,7584
0.392586466,7583
0.392602394,7582
0.392646888,7581
0.392674498,7580
0.392711533,7579
0.392751382,7578
0.392763303,7577
0.392768747,7576
0.392771937,7575
0.39281335,7574
0.39281833,7573
0.392831261,7572
0.392840327,7571
0.392843162,7570
0.392850395,7569
0.392856098,7568
0.392861634,7567
0.392877991,7566
0.392881014,7565
0.392899008,7564
0.392915761,7563
0.392922375,7562
0.392992121,7561
0.393019038,7560
0.393022643,7559
0.393045909,7558
0.393051508,7557
0.393063152,7556
0.393101332,7555
0.393112689,7554
0.393141524,7553
0.393161327,7552
0.393169308,7551
0.393180693,7550
0.393192236,7549
0.393202759,7548
0.393221193,7547
0.393236377,7546
0.393256104,7545
0.393299611,7544
0.393323114,7543
0.393329648,7542
0.393356411,7541
0.393367526,7540
0.393375685,7539
0.393384622,7538
0.393388724,7537
0.393393218,7536
0.393437199,7535
0.393469572,7534
0.393474546,7533
0.393492367,7532
0.393498874,7531
0.393510189,7530
0.393515146,7529
0.39352008,7528
0.393539275,7527
0.39354537,7526
0.393549006,7525
0.393567844,7524
0.393607947,7523
0.393611905,7522
0.393634,7521
0.393655504,7520
0.393673642,7519
0.393681668,7518
0.393685473,7517
0.393698018,7516
0.393726282,7515
0.393738674,7514
0.393744422,7513
0.393765076,7512
0.393777299,7511
0.393794762,7510
0.393838418,7509
0.393938508,7508
0.393987996,7507
0.394008347,7506
0.394054624,7505
0.394146825,7504
0.394188793,7503
0.394195845,7502
0.394237707,7501
0.394251792,7500
0.394298652,7499
0.39430208,7498
0.394350938,7497
0.394382786,7496
0.394613876,7495
0.394622289,7494
0.394628256,7493
0.394632503,7492
0.394639483,7491
0.394646952,7490
0.394651391,7489
0.3946545,7488
0.394661156,7487
0.394676654,7486
0.394682257,7485
0.394699584,7484
0.39470964,7483
0.394715826,7482
0.394724435,7481
0.394735358,7480
0.394742514,7479
0.394747793,7478
0.394756479,7477
0.394762182,7476
0.394785763,7475
0.394794338,7474
0.394797454,7473
0.394800386,7472
0.394803633,7471
0.39480957,7470
0.394814517,7469
0.394829237,7468
0.394838261,7467
0.394843853,7466
0.394852309,7465
0.394855192,7464
0.394866431,7463
0.394871754,7462
0.394878283,7461
0.394882466,7460
0.394888107,7459
0.39489396,7458
0.394897356,7457
0.394923799,7456
0.394932386,7455
0.395243339,7454
0.395250209,7453
0.395273701,7452
0.395302446,7451
0.395311803,7450
0.395326106,7449
0.395366357,7448
0.395383828,7447
0.395388278,7446
0.39542827,7445
0.395441742,7444
0.39547631,7443
0.395484627,7442
0.395490791,7441
0.395525431,7440
0.395562456,7439
0.395582853,7438
0.395640353,7437
0.395649298,7436
0.395720477,7435
0.395989135,7434
0.396929571,7433
0.397831507,7432
0.397852746,7431
0.397859804,7430
0.397867692,7429
0.397873903,7428
0.397928784,7427
0.397966022,7426
0.543990186,7425
0.567695642,7424
0.582259703,7423
0.672790801,7422
0.712666595,7421
0.735474197,7420
0.751245127,7419
0.804450331,7418
0.885695324,7417
0.895982726,7416
0.906459066,7415
0.928714158,7414
0.980393382,7413
0.998701082,7412
1.017130701,7411
1.063779655,7410
1.089662665,7409
1.137447666,7408
1.148245738,7407
1.172234925,7406
1.216182643,7405
1.237472654,7404
1.258084976,7403
1.272349128,7402
1.282558919,7401
1.302403401,7400
1.33469643,7399
1.353285272,7398
1.394874398,7397
1.400383935,7396
1.445656172,7395
1.459585496,7394
1.469427063,7393
1.475005245,7392
1.49742713,7391
1.510895027,7390
1.540325453,7389
1.550140376,7388
1.603727498,7387
1.620598875,7386
1.641167565,7385
1.657325216,7384
1.685433084,7383
1.779675967,7382
1.792684494,7381
1.880688533,7380
1.912392505,7379
1.932114557,7378
1.972361217,7377
1.989817906,7376
2.004253175,7375
2.01312578,7374
2.026317524,7373
2.112335628,7372
2.140163678,7371
2.161385598,7370
2.198696767,7369
2.214047525,7368
2.23054127,7367
2.244763236,7366
2.31078845,7365
2.375501976,7364
2.387933623,7363
2.406529647,7362
2.429846018,7361
2.450371638,7360
2.471301373,7359
2.492727969,7358
2.506456011,7357
2.526525589,7356
2.540123872,7355
2.554547755,7354
2.574941535,7353
2.603030058,7352
2.651709969,7351
2.657558021,7350
2.680730327,7349
2.712006349,7348
2.719886178,7347
2.756931915,7346
2.777292386,7345
2.796766766,7344
2.818771753,7343
2.838629934,7342
2.881534975,7341
2.911957455,7340
2.920319512,7339
2.936162637,7338
2.981487365,7337
2.98882924,7336
3.002038715,7335
3.07147676,7334
3.091657786,7333
3.103164245,7332
3.133379757,7331
3.167891258,7330
3.184697674,7329
3.199316911,7328
3.218735634,7327
3.227682754,7326
3.243624039,7325
3.29954336,7324
3.304968146,7323
3.310652566,7322
3.323663552,7321
3.339626046,7320
3.365138651,7319
3.374839038,7318
3.409349948,7317
3.421855981,7316
3.450349148,7315
3.461160264,7314
3.488664314,7313
3.524182254,7312
3.543090822,7311
3.555267833,7310
3.565022572,7309
3.588478109,7308
3.645115616,7307
3.665299131,7306
3.726792528,7305
3.789589496,7304
3.797990772,7303
3.81784433,7302
3.825645103,7301
3.849136876,7300
3.863943219,7299
3.872611811,7298
3.882006676,7297
3.933049234,7296
3.952541155,7295
3.981939939,7294
3.997282014,7293
4.010820453,7292
4.025040667,7291
4.065247539,7290
4.077484508,7289
4.086924539,7288
4.098821572,7287
4.139658363,7286
4.168226669,7285
4.191418138,7284
4.224057674,7283
4.241755649,7282
4.250703307,7281
4.275271564,7280
4.285626261,7279
4.319441814,7278
4.328720574,7277
4.364877748,7276
4.37099665,7275
4.389586577,7274
4.443334537,7273
4.462143779,7272
4.475034279,7271
4.4888754,7270
4.503729421,7269
4.596562632,7268
4.651680112,7267
4.665736738,7266
4.71868035,7265
4.743145662,7264
4.754231939,7263
4.771607,7262
4.791507901,7261
4.812051566,7260
4.837487647,7259
4.869623647,7258
4.894044502,7257
4.903569028,7256
4.916791088,7255
4.924091958,7254
4.991820736,7253
5.02411017,7252
5.179330146,7251
5.188409476,7250
5.22905577,7249
5.313888621,7248
5.359405253,7247
5.378269669,7246
5.408694066,7245
5.445727911,7244
5.475091313,7243
5.481318372,7242
5.491482553,7241
5.525417614,7240
5.56782124,7239
5.575198347,7238
5.602275298,7237
5.614259043,7236
5.623280281,7235
5.640530774,7234
5.682467746,7233
5.69219489,7232
5.71585144,7231
5.795936688,7230
5.844588526,7229
5.870815472,7228
5.876806554,7227
5.88321858,7226
5.979148707,7225
5.992133447,7224
6.009349281,7223
6.039994504,7222
6.063056521,7221
6.114207236,7220
6.119695559,7219
6.126695306,7218
6.161268295,7217
6.16664398,7216
6.183209358,7215
6.236028845,7214
6.276988263,7213
6.300129121,7212
6.306622871,7211
6.32325415,7210
6.329544063,7209
6.357976657,7208
6.362979222,7207
6.395724516,7206
6.537295187,7205
6.719287507,7204
6.7734622,7203
6.806937566,7202
6.857483842,7201
6.888950872,7200
6.908314785,7199
6.947141037,7198
6.968316686,7197
7.021152245,7196
7.034434039,7195
7.066817328,7194
7.082448168,7193
7.125167698,7192
7.1645936,7191
7.199324123,7190
7.207506716,7189
7.496302272,7188
7.5294775,7187
7.570431081,7186
7.820754914,7185
7.861615516,7184
8.110336997,7183
8.213628845,7182
8.378099682,7181
8.624285867,7180
8.808553314,7179
9.053592099,7178
9.3366221,7177
9.477657653,7176
9.535389838,7175
