0.387492347,10181
0.387574152,10180
0.387649266,10179
0.387682852,10178
0.387722039,10177
0.38774195,10176
0.387749141,10175
0.387756442,10174
0.387763331,10173
0.387770181,10172
0.387777001,10171
0.388643409,10170
0.388659282,10169
0.388699102,10168
0.388718082,10167
0.388733987,10166
0.388750782,10165
0.388759737,10164
0.388766447,10163
0.388772455,10162
0.388781263,10161
0.388790064,10160
0.388800519,10159
0.388811174,10158
0.388820216,10157
0.388828648,10156
0.388857568,10155
0.388867228,10154
0.388876508,10153
0.388885738,10152
0.388905364,10151
0.388946158,10150
0.388965369,10149
0.389008841,10148
0.389023125,10147
0.389033983,10146
0.389042434,10145
0.389050973,10144
0.389064025,10143
0.389106848,10142
0.38912044,10141
0.389127996,10140
0.389137718,10139
0.389148641,10138
0.389158062,10137
0.389168063,10136
0.389177151,10135
0.389184036,10134
0.389217085,10133
0.389226579,10132
0.389235143,10131
0.389276816,10130
0.389796635,10129
0.389811976,10128
0.389891564,10127
0.389950061,10126
0.389958194,10125
0.389966746,10124
0.389982368,10123
0.390026969,10122
0.390070222,10121
0.390111923,10120
0.390156613,10119
0.390172958,10118
0.390190325,10117
0.390232191,10116
0.390242841,10115
0.390253306,10114
0.390300593,10113
0.390337171,10112
0.390346195,10111
0.390379417,10110
0.391254868,10109
0.391287799,10108
0.391297444,10107
0.391322602,10106
0.391330244,10105
0.391336969,10104
0.391343857,10103
0.391350137,10102
0.391356863,10101
0.391363223,10100
0.391377674,10099
0.391450243,10098
0.391457762,10097
0.391464804,10096
0.391471626,10095
0.391478956,10094
0.391486058,10093
0.391495584,10092
0.391502723,10091
0.391509973,10090
0.39152828,10089
0.391572431,10088
0.391610637,10087
0.391669033,10086
0.391687985,10085
0.391732837,10084
0.391741394,10083
0.391746792,10082
0.391751821,10081
0.391773643,10080
0.391778198,10079
0.391782599,10078
0.391787124,10077
0.391794851,10076
0.391803917,10075
0.391809803,10074
0.39181548,10073
0.39182042,10072
0.391825539,10071
0.391831151,10070
0.391849324,10069
0.391854068,10068
0.391859356,10067
0.391864964,10066
0.391870162,10065
0.391875586,10064
0.39188641,10063
0.391894135,10062
0.391900921,10061
0.391907495,10060
0.391914372,10059
0.391920784,10058
0.391926695,10057
0.391931976,10056
0.391937406,10055
0.391952685,10054
0.391957787,10053
0.391961962,10052
0.391967831,10051
0.391974032,10050
0.391980827,10049
0.391986178,10048
0.391992851,10047
0.392004788,10046
0.392011498,10045
0.392018435,10044
0.392025269,10043
0.392030649,10042
0.392035089,10041
0.392039084,10040
0.392045661,10039
0.392050356,10038
0.39205469,10037
0.392058386,10036
0.392062407,10035
0.392066148,10034
0.392069667,10033
0.392073724,10032
0.392078509,10031
0.392082708,10030
0.392086728,10029
0.392090363,10028
0.392093846,10027
0.392097511,10026
0.39210085,10025
0.392104408,10024
0.392108179,10023
0.39211159,10022
0.392114977,10021
0.392118826,10020
0.392123928,10019
0.392127733,10018
0.392131491,10017
0.392135233,10016
0.392138434,10015
0.392141827,10014
0.392145204,10013
0.392148586,10012
0.392151827,10011
0.392157283,10010
0.39216183,10009
0.39216664,10008
0.392171304,10007
0.392175948,10006
0.392180316,10005
0.39218469,10004
0.392189103,10003
0.392193818,10002
0.392198683,10001
0.392204075,10000
0.392208961,9999
0.392214238,9998
0.392219453,9997
0.392224778,9996
0.392267872,9995
0.392303353,9994
0.392308314,9993
0.392314596,9992
0.392352476,9991
0.392357634,9990
0.392374811,9989
0.392410729,9988
0.392415748,9987
0.392419702,9986
0.392423445,9985
0.392427413,9984
0.392431386,9983
0.39243475,9982
0.392438361,9981
0.392443207,9980
0.392446781,9979
0.392450591,9978
0.392454541,9977
0.392458516,9976
0.392462017,9975
0.392465814,9974
0.392469759,9973
0.392473409,9972
0.392477042,9971
0.392480508,9970
0.392484001,9969
0.392487853,9968
0.392492008,9967
0.392495249,9966
0.39249892,9965
0.39250239,9964
0.392506082,9963
0.392509384,9962
0.392512742,9961
0.392516045,9960
0.392519518,9959
0.392523099,9958
0.392526779,9957
0.392530476,9956
0.392534306,9955
0.39253798,9954
0.392541596,9953
0.392545073,9952
0.392548801,9951
0.39255217,9950
0.392555756,9949
0.392559718,9948
0.392563387,9947
0.392566995,9946
0.392571823,9945
0.392583857,9944
0.392591109,9943
0.392595428,9942
0.39260311,9941
0.392606822,9940
0.392610385,9939
0.392614037,9938
0.392617912,9937
0.392622002,9936
0.392625251,9935
0.392628693,9934
0.39266732,9933
0.39267205,9932
0.392677484,9931
0.392682546,9930
0.392688395,9929
0.392693554,9928
0.392698887,9927
0.392709201,9926
0.392715199,9925
0.39272013,9924
0.392731335,9923
0.392738641,9922
0.392759474,9921
0.392763486,9920
0.392787354,9919
0.392791553,9918
0.39279568,9917
0.392802457,9916
0.392806043,9915
0.39280963,9914
0.392813284,9913
0.392816873,9912
0.392820271,9911
0.392823981,9910
0.39282728,9909
0.392830757,9908
0.392834048,9907
0.392837537,9906
0.392841227,9905
0.392844708,9904
0.392848614,9903
0.392852079,9902
0.392855744,9901
0.392859302,9900
0.392862692,9899
0.39286602,9898
0.392869375,9897
0.392872582,9896
0.39287575,9895
0.392879389,9894
0.392882914,9893
0.392886312,9892
0.392889855,9891
0.392893491,9890
0.392897264,9889
0.392901265,9888
0.392904684,9887
0.39290808,9886
0.392911456,9885
0.392915116,9884
0.392937733,9883
0.392965233,9882
0.392968851,9881
0.392973352,9880
0.392977493,9879
0.392981534,9878
0.392985371,9877
0.392995487,9876
0.392998777,9875
0.393003466,9874
0.393007919,9873
0.393019778,9872
0.39302352,9871
0.393027308,9870
0.393031354,9869
0.393036016,9868
0.393039731,9867
0.393043652,9866
0.393050517,9865
0.393054703,9864
0.393058249,9863
0.393062194,9862
0.393071016,9861
0.393077043,9860
0.393081008,9859
0.393084351,9858
0.393088228,9857
0.393091928,9856
0.393095438,9855
0.393099095,9854
0.393102649,9853
0.393106284,9852
0.393110497,9851
0.393113802,9850
0.393117274,9849
0.393120952,9848
0.393124565,9847
0.393135714,9846
0.393140657,9845
0.393149681,9844
0.393154323,9843
0.393158431,9842
0.393162315,9841
0.393166283,9840
0.393170601,9839
0.393174076,9838
0.393177524,9837
0.393187349,9836
0.393200026,9835
0.393203696,9834
0.393207319,9833
0.393210843,9832
0.393214213,9831
0.393217461,9830
0.393220811,9829
0.39322421,9828
0.3932274,9827
0.39323045,9826
0.393233865,9825
0.393237497,9824
0.393240619,9823
0.393243974,9822
0.393247281,9821
0.393250481,9820
0.393253776,9819
0.39325708,9818
0.393260433,9817
0.393263676,9816
0.393266817,9815
0.393270089,9814
0.393273442,9813
0.393276762,9812
0.393280035,9811
0.393283409,9810
0.393286589,9809
0.393289817,9808
0.393293399,9807
0.393296886,9806
0.393300149,9805
0.393303588,9804
0.39330702,9803
0.393310391,9802
0.393313757,9801
0.393317504,9800
0.393321307,9799
0.393325895,9798
0.393329603,9797
0.393332937,9796
0.393336368,9795
0.393339927,9794
0.393343503,9793
0.393347463,9792
0.39335141,9791
0.393354842,9790
0.393358641,9789
0.393362325,9788
0.393365835,9787
0.39336928,9786
0.393372833,9785
0.39337644,9784
0.393380059,9783
0.393383598,9782
0.393387195,9781
0.393390969,9780
0.393400908,9779
0.396352214,9778
0.396390132,9777
0.396394206,9776
0.396398699,9775
0.396402643,9774
0.396407418,9773
0.396411483,9772
0.396415802,9771
0.396420802,9770
0.396424778,9769
0.396428707,9768
0.396432976,9767
0.396437018,9766
0.396440817,9765
0.396444492,9764
0.396502915,9763
0.396507847,9762
0.396539452,9761
0.396554853,9760
0.396586381,9759
0.396598366,9758
0.396602341,9757
0.396605827,9756
0.396609379,9755
0.396613223,9754
0.396617504,9753
0.396621987,9752
0.396626073,9751
0.396630242,9750
0.39663445,9749
0.396637817,9748
0.396640576,9747
0.396643321,9746
0.39664624,9745
0.396649408,9744
0.396652029,9743
0.39665508,9742
0.396658085,9741
0.396660842,9740
0.396663444,9739
0.396666106,9738
0.396668867,9737
0.396671718,9736
0.396674621,9735
0.396677877,9734
0.396680873,9733
0.396684736,9732
0.396689119,9731
0.396694152,9730
0.396698493,9729
0.396702549,9728
0.396706438,9727
0.396710424,9726
0.396715472,9725
0.396719927,9724
0.39672417,9723
0.396727812,9722
0.396731612,9721
0.396734827,9720
0.396738764,9719
0.39674278,9718
0.396746738,9717
0.396750363,9716
0.396754368,9715
0.396758234,9714
0.396762302,9713
0.396766046,9712
0.396769546,9711
0.396773619,9710
0.398514725,9709
0.398525776,9708
0.398535001,9707
0.39854056,9706
0.398545153,9705
0.398549689,9704
0.398554574,9703
0.398559184,9702
0.398563766,9701
0.398568131,9700
0.398572809,9699
0.398577531,9698
0.398581378,9697
0.398585808,9696
0.398591298,9695
0.398596072,9694
0.398611307,9693
0.398617042,9692
0.398620685,9691
0.398624013,9690
0.398627757,9689
0.398631081,9688
0.39863443,9687
0.398637623,9686
0.398641543,9685
0.398645282,9684
0.398655071,9683
0.398660304,9682
0.398668167,9681
0.398675992,9680
0.398680327,9679
0.398684178,9678
0.398687876,9677
0.398692549,9676
0.398740529,9675
0.398744343,9674
0.398748993,9673
0.398752333,9672
0.398756732,9671
0.398777286,9670
0.398784334,9669
0.398788773,9668
0.398792403,9667
0.398796442,9666
0.398801209,9665
0.398807217,9664
0.398812714,9663
0.398817952,9662
0.398822104,9661
0.398826526,9660
0.398830589,9659
0.39883455,9658
0.398838621,9657
0.398842465,9656
0.398846194,9655
0.398849815,9654
0.398853514,9653
0.398857252,9652
0.398861474,9651
0.398865114,9650
0.39886885,9649
0.398872741,9648
0.398877078,9647
0.398881044,9646
0.398885575,9645
0.398889202,9644
0.398893111,9643
0.398896887,9642
0.398900985,9641
0.398904713,9640
0.398907655,9639
0.398910421,9638
0.39891348,9637
0.398916457,9636
0.398919806,9635
0.398922946,9634
0.398926428,9633
0.398929266,9632
0.398932155,9631
0.398934897,9630
0.398937472,9629
0.398940275,9628
0.398943352,9627
0.398946014,9626
0.398948689,9625
0.398951385,9624
0.398954615,9623
0.398959421,9622
0.398963267,9621
0.398966707,9620
0.398970578,9619
0.39897397,9618
0.398977601,9617
0.398980907,9616
0.398984396,9615
0.398987985,9614
0.398991383,9613
0.398994777,9612
0.398997844,9611
0.399001344,9610
0.399004727,9609
0.399008302,9608
0.399011485,9607
0.399014681,9606
0.39901834,9605
0.399021265,9604
0.399025833,9603
0.399029816,9602
0.399033337,9601
0.399037228,9600
0.39904099,9599
0.399044764,9598
0.39904819,9597
0.399051229,9596
0.399054207,9595
0.399057309,9594
0.399059882,9593
0.399063086,9592
0.399065753,9591
0.399068396,9590
0.399071072,9589
0.399074373,9588
0.399077096,9587
0.399079834,9586
0.399082594,9585
0.399085796,9584
0.399088746,9583
0.399098261,9582
0.399104586,9581
0.399110601,9580
0.399116175,9579
0.399121331,9578
0.399126111,9577
0.399133561,9576
0.399138798,9575
0.399143327,9574
0.399147909,9573
0.399152645,9572
0.399156776,9571
0.399161019,9570
0.399165363,9569
0.399169211,9568
0.399173528,9567
0.399177703,9566
0.399185485,9565
0.399189802,9564
0.399194482,9563
0.399198287,9562
0.399201891,9561
0.39920549,9560
0.399209083,9559
0.399212953,9558
0.39921634,9557
0.399219817,9556
0.399223573,9555
0.399227053,9554
0.399230515,9553
0.399234152,9552
0.399237623,9551
0.399240936,9550
0.399248294,9549
0.399253018,9548
0.399290237,9547
0.399293757,9546
0.39929782,9545
0.399300658,9544
0.399304221,9543
0.399316632,9542
0.399319836,9541
0.399322867,9540
0.399325854,9539
0.399328649,9538
0.39933204,9537
0.399394803,9536
0.399398298,9535
0.399401073,9534
0.399404658,9533
0.399923802,9532
0.39992849,9531
0.399932432,9530
0.399935836,9529
0.399939276,9528
0.39994813,9527
0.399951804,9526
0.399954905,9525
0.399958299,9524
0.399961436,9523
0.399964121,9522
0.39996764,9521
0.399970635,9520
0.399973806,9519
0.399976659,9518
0.399979324,9517
0.399981968,9516
0.39998512,9515
0.399987843,9514
0.399990615,9513
0.399993264,9512
0.399996038,9511
0.399998681,9510
0.400001473,9509
0.40000433,9508
0.400007644,9507
0.400010658,9506
0.400013615,9505
0.400016632,9504
0.400019652,9503
0.400022665,9502
0.400025902,9501
0.400028877,9500
0.400032403,9499
0.400035515,9498
0.400039143,9497
0.400043016,9496
0.400046137,9495
0.400049314,9494
0.400052359,9493
0.400055372,9492
0.400058559,9491
0.400061546,9490
0.40006455,9489
0.40006768,9488
0.400070742,9487
0.40007405,9486
0.400077061,9485
0.400080341,9484
0.400083422,9483
0.400086591,9482
0.400089735,9481
0.400092113,9480
0.400094457,9479
0.400096783,9478
0.400098884,9477
0.400101419,9476
0.400103518,9475
0.400105726,9474
0.400107781,9473
0.400110219,9472
0.400112566,9471
0.400116343,9470
0.400120221,9469
0.40012356,9468
0.400126243,9467
0.400128731,9466
0.400131369,9465
0.400133951,9464
0.400136485,9463
0.400139032,9462
0.400141175,9461
0.400143441,9460
0.40014593,9459
0.400148293,9458
0.400150664,9457
0.400153663,9456
0.400157537,9455
0.40016167,9454
0.400165354,9453
0.400168494,9452
0.40017176,9451
0.400174833,9450
0.400177839,9449
0.40018089,9448
0.400183996,9447
0.400187161,9446
0.400190273,9445
0.400193538,9444
0.400196378,9443
0.400199467,9442
0.400202393,9441
0.400205353,9440
0.400208169,9439
0.400211282,9438
0.400214043,9437
0.400216629,9436
0.400219356,9435
0.400222506,9434
0.400227247,9433
0.400229799,9432
0.400232249,9431
0.400234589,9430
0.40023693,9429
0.400238984,9428
0.400241676,9427
0.400244214,9426
0.400246577,9425
0.400248883,9424
0.400251178,9423
0.400253604,9422
0.400256067,9421
0.400258366,9420
0.400260708,9419
0.400263059,9418
0.400265335,9417
0.400267569,9416
0.400269991,9415
0.400272545,9414
0.400275987,9413
0.400279347,9412
0.400282186,9411
0.400285126,9410
0.400288277,9409
0.400291113,9408
0.400293943,9407
0.400297063,9406
0.400299878,9405
0.400302775,9404
0.400305838,9403
0.40030904,9402
0.400312429,9401
0.400315274,9400
0.400318712,9399
0.400321719,9398
0.400324659,9397
0.400327582,9396
0.400330522,9395
0.400333385,9394
0.400336445,9393
0.400339495,9392
0.400342683,9391
0.40034544,9390
0.400348418,9389
0.400351211,9388
0.40035393,9387
0.400356896,9386
0.400359842,9385
0.400362991,9384
0.400366184,9383
0.400369265,9382
0.40037205,9381
0.400375168,9380
0.400378455,9379
0.400381544,9378
0.400384217,9377
0.400387458,9376
0.40039085,9375
0.400394112,9374
0.400401704,9373
0.400405383,9372
0.40040868,9371
0.400411789,9370
0.400415389,9369
0.400418859,9368
0.400421994,9367
0.400425092,9366
0.400428246,9365
0.40043118,9364
0.400434203,9363
0.400437085,9362
0.400439725,9361
0.400442176,9360
0.400444731,9359
0.400448025,9358
0.400450742,9357
0.400453594,9356
0.400456417,9355
0.400459353,9354
0.400461941,9353
0.400464515,9352
0.40046738,9351
0.400470109,9350
0.400473003,9349
0.400475523,9348
0.400478091,9347
0.400480623,9346
0.400483364,9345
0.400485841,9344
0.400488928,9343
0.40049155,9342
0.400494302,9341
0.400496837,9340
0.40049972,9339
0.400503395,9338
0.400506161,9337
0.400508551,9336
0.400511203,9335
0.400513564,9334
0.400517461,9333
0.400520618,9332
0.400524323,9331
0.400526905,9330
0.400541983,9329
0.400545701,9328
0.400688421,9327
0.400699521,9326
0.400703138,9325
0.400706683,9324
0.400710195,9323
0.400713163,9322
0.400716011,9321
0.400718968,9320
0.400721885,9319
0.400724505,9318
0.4007274,9317
0.400730525,9316
0.400733683,9315
0.400736494,9314
0.400739519,9313
0.400742304,9312
0.400745307,9311
0.400755789,9310
0.400766301,9309
0.400770196,9308
0.400773266,9307
0.400776837,9306
0.400780057,9305
0.400783488,9304
0.400786558,9303
0.40079004,9302
0.40079322,9301
0.400796628,9300
0.400799999,9299
0.400803499,9298
0.400807377,9297
0.400810569,9296
0.400814068,9295
0.40081875,9294
0.40082186,9293
0.400826387,9292
0.400830204,9291
0.400833964,9290
0.400837656,9289
0.400841155,9288
0.400844458,9287
0.400847537,9286
0.400851184,9285
0.400854176,9284
0.400863171,9283
0.400867157,9282
0.40087055,9281
0.400873787,9280
0.400877262,9279
0.400880414,9278
0.40088331,9277
0.400886784,9276
0.400890112,9275
0.400893878,9274
0.400897138,9273
0.400901814,9272
0.400904992,9271
0.400907536,9270
0.400917594,9269
0.400920645,9268
0.400923549,9267
0.40092685,9266
0.400930846,9265
0.400934074,9264
0.400937894,9263
0.400940918,9262
0.400949549,9261
0.400954221,9260
0.40096725,9259
0.400973681,9258
0.400977061,9257
0.400980302,9256
0.400983157,9255
0.400985659,9254
0.400988738,9253
0.400991674,9252
0.400994379,9251
0.400997552,9250
0.400999992,9249
0.401002783,9248
0.401005566,9247
0.401008411,9246
0.401011258,9245
0.401013708,9244
0.401016421,9243
0.401019375,9242
0.401022213,9241
0.401025329,9240
0.401028192,9239
0.401031176,9238
0.401035683,9237
0.401039182,9236
0.401042061,9235
0.401044617,9234
0.401047178,9233
0.401049737,9232
0.401052049,9231
0.401054452,9230
0.40105673,9229
0.401060388,9228
0.40106356,9227
0.401066583,9226
0.401069864,9225
0.401073202,9224
0.401077202,9223
0.401079695,9222
0.401082661,9221
0.401085274,9220
0.401088047,9219
0.401090299,9218
0.401093041,9217
0.401095711,9216
0.401098517,9215
0.401100891,9214
0.401103457,9213
0.401106013,9212
0.401108323,9211
0.401110843,9210
0.401113319,9209
0.401116033,9208
0.401118858,9207
0.401121336,9206
0.40112389,9205
0.401127078,9204
0.401129935,9203
0.401133019,9202
0.401135369,9201
0.401137828,9200
0.401140463,9199
0.40114331,9198
0.401145669,9197
0.401147736,9196
0.401150102,9195
0.401152466,9194
0.401154562,9193
0.40115695,9192
0.401159806,9191
0.401162064,9190
0.401164388,9189
0.40116777,9188
0.401171104,9187
0.401174297,9186
0.401177301,9185
0.401180013,9184
0.40118327,9183
0.401186158,9182
0.401189234,9181
0.401191783,9180
0.401194702,9179
0.401197573,9178
0.401200384,9177
0.40120322,9176
0.401206132,9175
0.401208777,9174
0.40121149,9173
0.401214019,9172
0.401216711,9171
0.401219259,9170
0.401222428,9169
0.401224904,9168
0.401228504,9167
0.401231379,9166
0.40123394,9165
0.40123694,9164
0.401239583,9163
0.401242323,9162
0.401244853,9161
0.401247272,9160
0.401250011,9159
0.401252685,9158
0.401255485,9157
0.401258042,9156
0.401261822,9155
0.401264932,9154
0.40126782,9153
0.401272269,9152
0.401277215,9151
0.401290644,9150
0.401313324,9149
0.401317975,9148
0.401321019,9147
0.401323692,9146
0.401326334,9145
0.401329088,9144
0.401331797,9143
0.401335071,9142
0.40133791,9141
0.401340428,9140
0.401343133,9139
0.401345662,9138
0.401348079,9137
0.401350577,9136
0.401353881,9135
0.401356624,9134
0.401359703,9133
0.401362287,9132
0.4013649,9131
0.401367446,9130
0.40137159,9129
0.401375415,9128
0.401378546,9127
0.401381432,9126
0.401384505,9125
0.401387187,9124
0.401389946,9123
0.401392666,9122
0.401395581,9121
0.40139847,9120
0.4014014,9119
0.401404537,9118
0.401407248,9117
0.401410168,9116
0.401413057,9115
0.401415789,9114
0.401418848,9113
0.401422485,9112
0.401425175,9111
0.40142776,9110
0.401430086,9109
0.401432495,9108
0.401435241,9107
0.401439786,9106
0.40144228,9105
0.401444659,9104
0.401447576,9103
0.401450186,9102
0.401452922,9101
0.401455604,9100
0.40145873,9099
0.401461761,9098
0.401464445,9097
0.401467233,9096
0.401469947,9095
0.401472572,9094
0.401475128,9093
0.401477561,9092
0.401480132,9091
0.401483036,9090
0.401485795,9089
0.401488146,9088
0.401490631,9087
0.401492803,9086
0.401497841,9085
0.401500388,9084
0.401502875,9083
0.40150556,9082
0.401509394,9081
0.40151239,9080
0.401515141,9079
0.401517756,9078
0.40152035,9077
0.401523642,9076
0.401526417,9075
0.401528934,9074
0.401531405,9073
0.401535104,9072
0.401538341,9071
0.401541391,9070
0.401544753,9069
0.401548167,9068
0.401551328,9067
0.401554699,9066
0.401558111,9065
0.401561731,9064
0.401564982,9063
0.401568058,9062
0.401571278,9061
0.401574672,9060
0.401578216,9059
0.401581525,9058
0.401584883,9057
0.401588053,9056
0.401592222,9055
0.401641286,9054
0.401645151,9053
0.401647706,9052
0.401650261,9051
0.401652914,9050
0.40165615,9049
0.401658915,9048
0.401661533,9047
0.401664443,9046
0.401666955,9045
0.401669482,9044
0.40167196,9043
0.401674425,9042
0.401676883,9041
0.40167937,9040
0.401681597,9039
0.401684115,9038
0.401686806,9037
0.401689509,9036
0.401692141,9035
0.401694623,9034
0.401697023,9033
0.401699921,9032
0.40170285,9031
0.40170527,9030
0.401707692,9029
0.401710259,9028
0.401713034,9027
0.401715659,9026
0.401718317,9025
0.401720967,9024
0.401723446,9023
0.401726273,9022
0.401728887,9021
0.401731359,9020
0.401733937,9019
0.401737123,9018
0.401740927,9017
0.401744275,9016
0.401747526,9015
0.401751019,9014
0.401754778,9013
0.401758101,9012
0.401761229,9011
0.401764599,9010
0.40176787,9009
0.401770943,9008
0.401773994,9007
0.401777502,9006
0.401780798,9005
0.401783878,9004
0.401786952,9003
0.401789921,9002
0.401793161,9001
0.401796466,9000
0.401799635,8999
0.401802842,8998
0.401806396,8997
0.40180957,8996
0.401812758,8995
0.401815726,8994
0.401818996,8993
0.401822079,8992
0.401824988,8991
0.401828589,8990
0.401831621,8989
0.401835007,8988
0.401840425,8987
0.401843474,8986
0.401846151,8985
0.401849341,8984
0.401852741,8983
0.401887241,8982
0.401891489,8981
0.401894957,8980
0.401898442,8979
0.401901856,8978
0.401905105,8977
0.401908135,8976
0.401911592,8975
0.401914524,8974
0.401917526,8973
0.401920662,8972
0.401923463,8971
0.401926311,8970
0.401929366,8969
0.401932232,8968
0.401960936,8967
0.401964445,8966
0.401968528,8965
0.401972328,8964
0.401976887,8963
0.401980195,8962
0.401983415,8961
0.40198616,8960
0.401989255,8959
0.401992283,8958
0.401995156,8957
0.401998677,8956
0.402001882,8955
0.402005139,8954
0.402008272,8953
0.402011432,8952
0.402014513,8951
0.402017617,8950
0.402020803,8949
0.402022765,8948
0.40202532,8947
0.402027594,8946
0.402031425,8945
0.402034367,8944
0.402036875,8943
0.402039304,8942
0.402041851,8941
0.402044965,8940
0.402047877,8939
0.402050092,8938
0.402052879,8937
0.402055511,8936
0.402057936,8935
0.402060488,8934
0.402062953,8933
0.402065633,8932
0.402067762,8931
0.402070584,8930
0.402072985,8929
0.40207641,8928
0.40207915,8927
0.402081999,8926
0.402084412,8925
0.402087041,8924
0.402089416,8923
0.402091966,8922
0.402094171,8921
0.40209733,8920
0.40210006,8919
0.402102588,8918
0.402105089,8917
0.402107803,8916
0.402110283,8915
0.402113082,8914
0.402115556,8913
0.402118538,8912
0.402121622,8911
0.402123994,8910
0.402126599,8909
0.402128788,8908
0.402131472,8907
0.402134162,8906
0.402136748,8905
0.402139406,8904
0.402142109,8903
0.402144721,8902
0.402147288,8901
0.402149907,8900
0.402155061,8899
0.402157761,8898
0.402160339,8897
0.40216298,8896
0.402165347,8895
0.402167875,8894
0.402170244,8893
0.402203479,8892
0.402207843,8891
0.402211702,8890
0.402215245,8889
0.402218381,8888
0.402221275,8887
0.402224349,8886
0.402227459,8885
0.402230333,8884
0.402233617,8883
0.402236709,8882
0.402239886,8881
0.40224301,8880
0.402246231,8879
0.402249389,8878
0.402252824,8877
0.402256123,8876
0.402259398,8875
0.402308046,8874
0.402332974,8873
0.402336636,8872
0.402340447,8871
0.402343847,8870
0.402347037,8869
0.402357671,8868
0.402360945,8867
0.402364247,8866
0.402367211,8865
0.402370367,8864
0.402373411,8863
0.402376193,8862
0.402379076,8861
0.402381975,8860
0.402384993,8859
0.402387802,8858
0.40239067,8857
0.402393492,8856
0.402396686,8855
0.402420474,8854
0.402442459,8853
0.402445694,8852
0.402449299,8851
0.402452863,8850
0.402455843,8849
0.402458823,8848
0.402461363,8847
0.402463936,8846
0.402466826,8845
0.402469949,8844
0.402473025,8843
0.402476283,8842
0.402479421,8841
0.402482686,8840
0.402485525,8839
0.402488289,8838
0.402491499,8837
0.402494081,8836
0.40249715,8835
0.402500048,8834
0.402502985,8833
0.402505829,8832
0.402509192,8831
0.40251323,8830
0.402515761,8829
0.402518072,8828
0.4025216,8827
0.402524121,8826
0.402526913,8825
0.402529299,8824
0.402532137,8823
0.402534788,8822
0.402536989,8821
0.402539264,8820
0.402541474,8819
0.402544626,8818
0.402546651,8817
0.402550067,8816
0.402552678,8815
0.402555088,8814
0.402557156,8813
0.402559488,8812
0.402561751,8811
0.402564114,8810
0.402566436,8809
0.40256843,8808
0.402571334,8807
0.402573878,8806
0.402577179,8805
0.402580365,8804
0.402583405,8803
0.402586653,8802
0.402590004,8801
0.402593225,8800
0.402596645,8799
0.402600442,8798
0.402603742,8797
0.402606967,8796
0.402610009,8795
0.40261314,8794
0.402616228,8793
0.40261917,8792
0.402622408,8791
0.402625182,8790
0.402628244,8789
0.402631344,8788
0.402633979,8787
0.402643331,8786
0.402646812,8785
0.402650082,8784
0.402653368,8783
0.402656812,8782
0.402659882,8781
0.402663022,8780
0.402666032,8779
0.402669898,8778
0.402673371,8777
0.402677502,8776
0.402680904,8775
0.40268467,8774
0.402688254,8773
0.402691535,8772
0.402694563,8771
0.402697273,8770
0.402699837,8769
0.402702441,8768
0.402704953,8767
0.402707315,8766
0.402709852,8765
0.402712769,8764
0.402715282,8763
0.402717892,8762
0.40272072,8761
0.402723285,8760
0.402725757,8759
0.402728332,8758
0.402730987,8757
0.402733387,8756
0.402735922,8755
0.402738763,8754
0.402741129,8753
0.402743452,8752
0.40274584,8751
0.40274892,8750
0.402751433,8749
0.402754013,8748
0.402756558,8747
0.402758861,8746
0.402761324,8745
0.402763583,8744
0.402766038,8743
0.402768715,8742
0.402771265,8741
0.402773885,8740
0.402776171,8739
0.402778538,8738
0.402781321,8737
0.402783641,8736
0.402785929,8735
0.402788385,8734
0.402790672,8733
0.40279304,8732
0.40279557,8731
0.402798096,8730
0.403642074,8729
0.4036542,8728
0.403657643,8727
0.403660745,8726
0.403663966,8725
0.403667005,8724
0.403670036,8723
0.403674812,8722
0.403677892,8721
0.403681379,8720
0.403684574,8719
0.403689197,8718
0.403692369,8717
0.403696897,8716
0.403700028,8715
0.403704219,8714
0.403707538,8713
0.403710577,8712
0.403713633,8711
0.403718687,8710
0.403722311,8709
0.403724976,8708
0.403729689,8707
0.403733228,8706
0.403736637,8705
0.403740179,8704
0.403743277,8703
0.403746285,8702
0.403750657,8701
0.403755158,8700
0.403758533,8699
0.403761756,8698
0.403765955,8697
0.403769914,8696
0.403773151,8695
0.403777151,8694
0.403781143,8693
0.403791198,8692
0.403794698,8691
0.403798092,8690
0.403801485,8689
0.403804944,8688
0.403808819,8687
0.403811804,8686
0.403815009,8685
0.40381809,8684
0.403821493,8683
0.403824492,8682
0.403827388,8681
0.403830564,8680
0.403835477,8679
0.403839189,8678
0.40384409,8677
0.40384777,8676
0.403853626,8675
0.403857312,8674
0.403860895,8673
0.403864051,8672
0.40386757,8671
0.403870691,8670
0.403875122,8669
0.403878335,8668
0.403881396,8667
0.403884596,8666
0.40388803,8665
0.403891183,8664
0.403894208,8663
0.403897543,8662
0.403900486,8661
0.40390947,8660
0.403913427,8659
0.403917625,8658
0.403920957,8657
0.403925124,8656
0.403927909,8655
0.403963668,8654
0.403967655,8653
0.403971222,8652
0.403974545,8651
0.403979392,8650
0.403990839,8649
0.403995832,8648
0.403999768,8647
0.404003665,8646
0.404007616,8645
0.40401105,8644
0.404019922,8643
0.404024005,8642
0.404036442,8641
0.40417936,8640
0.404184849,8639
0.404189611,8638
0.404194067,8637
0.404198207,8636
0.404202125,8635
0.404206311,8634
0.404210532,8633
0.404216128,8632
0.404221548,8631
0.404226004,8630
0.404255412,8629
0.404259048,8628
0.404262794,8627
0.404267008,8626
0.404271419,8625
0.404278359,8624
0.404282648,8623
0.404287599,8622
0.404291374,8621
0.404295578,8620
0.404299142,8619
0.404302835,8618
0.404306377,8617
0.404311353,8616
0.404315518,8615
0.404319064,8614
0.40432234,8613
0.404325939,8612
0.404329444,8611
0.404334325,8610
0.404338981,8609
0.404341792,8608
0.404346346,8607
0.404357543,8606
0.4043616,8605
0.4043644,8604
0.404368603,8603
0.404371302,8602
0.40437497,8601
0.404377761,8600
0.40438037,8599
0.404383148,8598
0.404385646,8597
0.404388942,8596
0.404391349,8595
0.404393923,8594
0.40439642,8593
0.404399693,8592
0.404402358,8591
0.404406169,8590
0.404409931,8589
0.404412576,8588
0.404415869,8587
0.404419303,8586
0.404422995,8585
0.404425761,8584
0.404428318,8583
0.404432792,8582
0.404435877,8581
0.404439472,8580
0.404442278,8579
0.404446036,8578
0.404450262,8577
0.404453937,8576
0.404457287,8575
0.404461182,8574
0.404464207,8573
0.404467427,8572
0.404472273,8571
0.404485356,8570
0.40448977,8569
0.404492853,8568
0.40449637,8567
0.40449916,8566
0.404502026,8565
0.404505787,8564
0.404509595,8563
0.404512877,8562
0.404515976,8561
0.404518761,8560
0.404522607,8559
0.404549194,8558
0.404552145,8557
0.404555104,8556
0.40455815,8555
0.404562331,8554
0.404564971,8553
0.404567573,8552
0.404570065,8551
0.404573472,8550
0.404576433,8549
0.404581001,8548
0.404612846,8547
0.404620609,8546
0.40467872,8545
0.404715331,8544
0.404721533,8543
0.404738223,8542
0.40476362,8541
0.404767992,8540
0.404771994,8539
0.404777175,8538
0.40478157,8537
0.404785323,8536
0.40478891,8535
0.404792758,8534
0.404796293,8533
0.404804909,8532
0.404809233,8531
0.404812989,8530
0.404816928,8529
0.404820946,8528
0.404825157,8527
0.404828875,8526
0.404832789,8525
0.404836705,8524
0.404841053,8523
0.404851837,8522
0.404857557,8521
0.404862041,8520
0.404877393,8519
0.404889826,8518
0.40489386,8517
0.404900882,8516
0.404903889,8515
0.404906949,8514
0.404911577,8513
0.404914855,8512
0.40491802,8511
0.404920671,8510
0.404925528,8509
0.404928603,8508
0.404934199,8507
0.404937168,8506
0.40493997,8505
0.404943107,8504
0.404945804,8503
0.404948464,8502
0.404951154,8501
0.404953871,8500
0.404956747,8499
0.404959839,8498
0.404964344,8497
0.404968838,8496
0.404971899,8495
0.404976134,8494
0.404978773,8493
0.404981252,8492
0.40498383,8491
0.404988094,8490
0.404991544,8489
0.404994311,8488
0.404997297,8487
0.405000824,8486
0.405004702,8485
0.4050085,8484
0.405011707,8483
0.405014761,8482
0.405018349,8481
0.405022977,8480
0.405026079,8479
0.405029929,8478
0.405034668,8477
0.405038526,8476
0.405041467,8475
0.405045227,8474
0.405048983,8473
0.405052024,8472
0.405055486,8471
0.40505943,8470
0.405062802,8469
0.405067409,8468
0.405070353,8467
0.405073884,8466
0.405077116,8465
0.405080182,8464
0.405084148,8463
0.405087045,8462
0.405089943,8461
0.405092616,8460
0.405095496,8459
0.40509817,8458
0.405101054,8457
0.405106953,8456
0.405110387,8455
0.405115225,8454
0.405118143,8453
0.405120802,8452
0.405124158,8451
0.405126711,8450
0.405129331,8449
0.405131952,8448
0.405134639,8447
0.405138118,8446
0.405141258,8445
0.405254221,8444
0.405285014,8443
0.405295211,8442
0.405300009,8441
0.405303092,8440
0.405307105,8439
0.405329687,8438
0.405333686,8437
0.405337819,8436
0.40534043,8435
0.405344095,8434
0.405347442,8433
0.405350645,8432
0.405354124,8431
0.405357625,8430
0.405360586,8429
0.405364232,8428
0.405368654,8427
0.405371537,8426
0.405375912,8425
0.405378746,8424
0.405382337,8423
0.405387387,8422
0.405392251,8421
0.405395208,8420
0.405398006,8419
0.405401106,8418
0.405404086,8417
0.405407341,8416
0.405409886,8415
0.40541233,8414
0.405414884,8413
0.405417524,8412
0.405420374,8411
0.405422911,8410
0.405425788,8409
0.405429391,8408
0.405431821,8407
0.405434164,8406
0.405436664,8405
0.405440817,8404
0.405444194,8403
0.405447476,8402
0.405450379,8401
0.405454139,8400
0.405457548,8399
0.405460497,8398
0.405463827,8397
0.405467124,8396
0.4054702,8395
0.405473718,8394
0.405478024,8393
0.405481633,8392
0.405484722,8391
0.405487265,8390
0.405490271,8389
0.405497953,8388
0.40550466,8387
0.405508717,8386
0.405512549,8385
0.405515745,8384
0.405519313,8383
0.405523637,8382
0.405528191,8381
0.405531487,8380
0.405536191,8379
0.405540277,8378
0.405544187,8377
0.405548633,8376
0.405552437,8375
0.40555737,8374
0.405561144,8373
0.405564039,8372
0.405569346,8371
0.405572175,8370
0.405576291,8369
0.405579381,8368
0.405583718,8367
0.405588072,8366
0.405591466,8365
0.405600505,8364
0.405605032,8363
0.405609458,8362
0.405614595,8361
0.405618434,8360
0.405625169,8359
0.405628381,8358
0.405631679,8357
0.405635578,8356
0.405639597,8355
0.405642531,8354
0.405645565,8353
0.405649161,8352
0.40565286,8351
0.40565561,8350
0.40565819,8349
0.405661721,8348
0.405664748,8347
0.405667683,8346
0.405671864,8345
0.405674833,8344
0.405677736,8343
0.405680778,8342
0.405685938,8341
0.405689418,8340
0.405691926,8339
0.405694766,8338
0.405697697,8337
0.405700279,8336
0.405702935,8335
0.405705508,8334
0.405707668,8333
0.405711591,8332
0.405713672,8331
0.405715821,8330
0.405717995,8329
0.405722231,8328
0.405726169,8327
0.405729187,8326
0.405731767,8325
0.405734365,8324
0.405737336,8323
0.405740239,8322
0.405743679,8321
0.405746839,8320
0.405749932,8319
0.405752637,8318
0.405755339,8317
0.405758048,8316
0.405761712,8315
0.405765434,8314
0.405771455,8313
0.405776662,8312
0.405780106,8311
0.405784422,8310
0.405787676,8309
0.405792815,8308
0.405796289,8307
0.405800039,8306
0.405802964,8305
0.405806868,8304
0.405810215,8303
0.405813499,8302
0.405817417,8301
0.405820354,8300
0.405823191,8299
0.405826242,8298
0.405829342,8297
0.405833254,8296
0.406091114,8295
0.406095561,8294
0.406114343,8293
0.406118156,8292
0.406121769,8291
0.406125361,8290
0.406128933,8289
0.40613229,8288
0.406138931,8287
0.406143983,8286
0.406149201,8285
0.406152688,8284
0.406165056,8283
0.406169369,8282
0.406172936,8281
0.406179891,8280
0.40619073,8279
0.406198307,8278
0.406201381,8277
0.406205822,8276
0.406211049,8275
0.406216968,8274
0.406220231,8273
0.406225205,8272
0.406228824,8271
0.406240582,8270
0.406269337,8269
0.406274379,8268
0.406283864,8267
0.406288057,8266
0.406294311,8265
0.4062988,8264
0.406303051,8263
0.406317565,8262
0.40632051,8261
0.406325244,8260
0.406330543,8259
0.406345604,8258
0.406349789,8257
0.406352924,8256
0.406356449,8255
0.406360969,8254
0.406364629,8253
0.406369166,8252
0.406373634,8251
0.406378108,8250
0.406387532,8249
0.40639188,8248
0.406397842,8247
0.406400556,8246
0.406404352,8245
0.406409805,8244
0.406430035,8243
0.406454805,8242
0.406458439,8241
0.406462151,8240
0.406467865,8239
0.406473883,8238
0.406477521,8237
0.406480566,8236
0.406489806,8235
0.406495333,8234
0.406498964,8233
0.406503709,8232
0.406511676,8231
0.406515087,8230
0.406519868,8229
0.406523444,8228
0.406527215,8227
0.406639613,8226
0.406642977,8225
0.406648188,8224
0.40665364,8223
0.406661211,8222
0.406668323,8221
0.406672408,8220
0.406699111,8219
0.406707334,8218
0.406715714,8217
0.406719674,8216
0.406724574,8215
0.406752358,8214
0.40698915,8213
0.406991975,8212
0.406994828,8211
0.406997715,8210
0.407005212,8209
0.407008725,8208
0.407011977,8207
0.407015095,8206
0.407018074,8205
0.407024736,8204
0.407029945,8203
0.407034384,8202
0.407037346,8201
0.407043323,8200
0.407048942,8199
0.407051669,8198
0.407055709,8197
0.407062912,8196
0.407070606,8195
0.407074693,8194
0.407078544,8193
0.407081382,8192
0.407086727,8191
0.407089668,8190
0.407092447,8189
0.407098818,8188
0.407102732,8187
0.407107406,8186
0.407114804,8185
0.407117443,8184
0.407120759,8183
0.407124447,8182
0.407165717,8181
0.407169751,8180
0.407173433,8179
0.407177788,8178
0.407186988,8177
0.407193487,8176
0.407198633,8175
0.407206658,8174
0.407210132,8173
0.407215195,8172
0.407223088,8171
0.407226278,8170
0.407236257,8169
0.407239633,8168
0.407244991,8167
0.407250203,8166
0.407258316,8165
0.407265723,8164
0.407306333,8163
0.40731241,8162
0.407359351,8161
0.407364823,8160
0.407368364,8159
0.407377859,8158
0.407380257,8157
0.407384093,8156
0.407388937,8155
0.407393427,8154
0.407396729,8153
0.407401993,8152
0.407409146,8151
0.407414818,8150
0.407424024,8149
0.407431192,8148
0.407437579,8147
0.407440181,8146
0.407447628,8145
0.407450683,8144
0.407453211,8143
0.407455858,8142
0.407458193,8141
0.407463659,8140
0.407466217,8139
0.407470092,8138
0.407474792,8137
0.407477672,8136
0.407482382,8135
0.407485512,8134
0.407492383,8133
0.407496024,8132
0.407500107,8131
0.40750932,8130
0.407517252,8129
0.407519863,8128
0.407524903,8127
0.407531435,8126
0.407535427,8125
0.407540106,8124
0.407549185,8123
0.407557263,8122
0.407564577,8121
0.407584684,8120
0.407593595,8119
0.4076089,8118
0.40763761,8117
0.407656654,8116
0.407665906,8115
0.407673527,8114
0.407956121,8113
0.408722348,8112
0.408834723,8111
0.40898302,8110
0.40899354,8109
0.409014028,8108
0.409096134,8107
0.409123007,8106
0.409242107,8105
0.409340501,8104
0.410100611,8103
0.410106652,8102
0.410109841,8101
0.410114353,8100
0.41012121,8099
0.410228764,8098
0.410235753,8097
0.41024209,8096
0.410254269,8095
0.410262622,8094
0.410267677,8093
0.410300504,8092
0.41030311,8091
0.410308803,8090
0.410312847,8089
0.410315684,8088
0.410323175,8087
0.410333982,8086
0.410338772,8085
0.410341411,8084
0.410344226,8083
0.410350681,8082
0.410356324,8081
0.410361885,8080
0.410364262,8079
0.41036734,8078
0.410371523,8077
0.410383706,8076
0.410388889,8075
0.410398134,8074
0.410403553,8073
0.410409473,8072
0.410413598,8071
0.410422354,8070
0.410428139,8069
0.41043747,8068
0.410445163,8067
0.410452772,8066
0.410459618,8065
0.410463496,8064
0.410466955,8063
0.410476616,8062
0.410482216,8061
0.410486049,8060
0.410492371,8059
0.410507676,8058
0.410516062,8057
0.410524586,8056
0.410531206,8055
0.410539343,8054
0.410542508,8053
0.410545549,8052
0.410550705,8051
0.410559432,8050
0.410564807,8049
0.410575701,8048
0.410580202,8047
0.410587506,8046
0.410590687,8045
0.41059406,8044
0.410603222,8043
0.410617315,8042
0.410626147,8041
0.410629782,8040
0.410638132,8039
0.410640939,8038
0.410644878,8037
0.410648262,8036
0.410655386,8035
0.410659521,8034
0.410663757,8033
0.410667764,8032
0.410671921,8031
0.410676208,8030
0.410690028,8029
0.410693828,8028
0.410701554,8027
0.410706612,8026
0.410710605,8025
0.410713719,8024
0.410719771,8023
0.410723931,8022
0.410754229,8021
0.410762725,8020
0.410769868,8019
0.410777387,8018
0.410780047,8017
0.410783127,8016
0.410790057,8015
0.410794502,8014
0.410837403,8013
0.410847537,8012
0.410851132,8011
0.410903278,8010
0.410946003,8009
0.410954372,8008
0.410967759,8007
0.410974053,8006
0.410986531,8005
0.410990862,8004
0.411039743,8003
0.411049054,8002
0.411056059,8001
0.411065389,8000
0.41108702,7999
0.411100675,7998
0.411107117,7997
0.411111324,7996
0.411117273,7995
0.411121832,7994
0.411134613,7993
0.411154633,7992
0.411163755,7991
0.4111694,7990
0.411185202,7989
0.411193031,7988
0.411211819,7987
0.411215758,7986
0.41125239,7985
0.411257039,7984
0.41126824,7983
0.411274058,7982
0.411283973,7981
0.41132927,7980
0.411335036,7979
0.411341456,7978
0.411348294,7977
0.411376484,7976
0.411380463,7975
0.411384607,7974
0.411424888,7973
0.411429765,7972
0.411469179,7971
0.411521226,7970
0.411524236,7969
0.411560843,7968
0.411583245,7967
0.411586016,7966
0.411595933,7965
0.411601659,7964
0.411607532,7963
0.411612028,7962
0.411616135,7961
0.411634987,7960
0.411645073,7959
0.411660484,7958
0.411668502,7957
0.411691284,7956
0.411712335,7955
0.411715878,7954
0.411722995,7953
0.411732373,7952
0.411758186,7951
0.411828798,7950
0.411868037,7949
0.411876038,7948
0.41189823,7947
0.411991758,7946
0.412076879,7945
0.412119585,7944
0.412166302,7943
0.412208626,7942
0.412217192,7941
0.412270159,7940
0.412283558,7939
0.412305619,7938
0.41231089,7937
0.412324801,7936
0.41233357,7935
0.412361954,7934
0.412373831,7933
0.412384012,7932
0.412405687,7931
0.412476801,7930
0.412480521,7929
0.412483447,7928
0.412508035,7927
0.41255285,7926
0.412601142,7925
0.4126074,7924
0.412647715,7923
0.412651394,7922
0.412660245,7921
0.412706823,7920
0.412719363,7919
0.41272943,7918
0.412734578,7917
0.412741568,7916
0.41274814,7915
0.412753731,7914
0.412759974,7913
0.412763163,7912
0.412778073,7911
0.412807131,7910
0.412832612,7909
0.412854854,7908
0.41286118,7907
0.412908256,7906
0.412932596,7905
0.412938559,7904
0.412943618,7903
0.412993858,7902
0.413048522,7901
0.413100116,7900
0.413409011,7899
0.413414866,7898
0.413422586,7897
0.413426463,7896
0.413430741,7895
0.413436777,7894
0.413443635,7893
0.413455801,7892
0.413458904,7891
0.413461744,7890
0.413465976,7889
0.41347143,7888
0.413479038,7887
0.413485517,7886
0.413491655,7885
0.413494346,7884
0.413499242,7883
0.413507346,7882
0.413510296,7881
0.413514929,7880
0.413517783,7879
0.413521653,7878
0.413527816,7877
0.41353042,7876
0.413536981,7875
0.413543063,7874
0.413548512,7873
0.41355817,7872
0.413589527,7871
0.413602027,7870
0.413608562,7869
0.413633076,7868
0.41364063,7867
0.413652362,7866
0.413659425,7865
0.413673725,7864
0.413678354,7863
0.413681876,7862
0.413691665,7861
0.41369634,7860
0.413701533,7859
0.413712896,7858
0.413742024,7857
0.41374426,7856
0.413746636,7855
0.413751066,7854
0.413757749,7853
0.413768765,7852
0.413776474,7851
0.413783352,7850
0.413793251,7849
0.413799567,7848
0.41381974,7847
0.413824653,7846
0.413841964,7845
0.413845743,7844
0.413864249,7843
0.413891136,7842
0.413940152,7841
0.413960928,7840
0.414281449,7839
0.414352482,7838
0.414656473,7837
0.414664434,7836
0.414671823,7835
0.414676786,7834
0.41468085,7833
0.414685087,7832
0.414691413,7831
0.414695449,7830
0.414699276,7829
0.414711538,7828
0.41472868,7827
0.414733727,7826
0.414738353,7825
0.414747062,7824
0.41478776,7823
0.414793105,7822
0.414801311,7821
0.414810141,7820
0.41481516,7819
0.414822101,7818
0.41482696,7817
0.41486944,7816
0.414874578,7815
0.414881724,7814
0.414888814,7813
0.414895953,7812
0.414905823,7811
0.414920735,7810
0.414928524,7809
0.41493256,7808
0.414965309,7807
0.414976118,7806
0.415037354,7805
0.415044177,7804
0.415049032,7803
0.415056033,7802
0.41506036,7801
0.415064646,7800
0.415074143,7799
0.415102301,7798
0.415120043,7797
0.415164436,7796
0.415172114,7795
0.415178428,7794
0.415187047,7793
0.415226233,7792
0.415239869,7791
0.415243448,7790
0.415612695,7789
0.415634391,7788
0.415638668,7787
0.415705479,7786
0.415749959,7785
0.415766594,7784
0.415775621,7783
0.415782305,7782
0.415807364,7781
0.415817874,7780
0.415825277,7779
0.415832875,7778
0.415917307,7777
0.415934491,7776
0.415943859,7775
0.415948838,7774
0.415956265,7773
0.415965111,7772
0.416666807,7771
0.416702801,7770
0.416779083,7769
0.416828672,7768
0.416835512,7767
0.416856078,7766
0.416872759,7765
0.416877148,7764
0.416897468,7763
0.416917699,7762
0.416925527,7761
0.416933795,7760
0.416938006,7759
0.41694536,7758
0.416952419,7757
0.416955648,7756
0.416973296,7755
0.416984567,7754
0.416995831,7753
0.416999206,7752
0.417009759,7751
0.417012766,7750
0.417036074,7749
0.417044699,7748
0.417060048,7747
0.41707348,7746
0.417098204,7745
0.417101638,7744
0.417113515,7743
0.417130673,7742
0.417134668,7741
0.417142976,7740
0.41715042,7739
0.417198833,7738
0.417206228,7737
0.417212685,7736
0.417218095,7735
0.417221225,7734
0.419223831,7733
0.419229121,7732
0.419234062,7731
0.419242332,7730
0.419249656,7729
0.419254917,7728
0.419259379,7727
0.419268437,7726
0.419272778,7725
0.419278328,7724
0.419282698,7723
0.419286941,7722
0.419292889,7721
0.419298107,7720
0.419304276,7719
0.419308774,7718
0.419313416,7717
0.419321686,7716
0.419333331,7715
0.419338119,7714
0.419341839,7713
0.41934919,7712
0.41935735,7711
0.419363847,7710
0.419371265,7709
0.419378639,7708
0.419384741,7707
0.419388777,7706
0.419395471,7705
0.419403475,7704
0.419410721,7703
0.419416794,7702
0.419432285,7701
0.419437376,7700
0.419441633,7699
0.419458716,7698
0.419467249,7697
0.419471439,7696
0.419475426,7695
0.419482581,7694
0.419486403,7693
0.419494968,7692
0.419500266,7691
0.419514299,7690
0.4195183,7689
0.419529812,7688
0.419533818,7687
0.419550426,7686
0.41955441,7685
0.419558382,7684
0.419562792,7683
0.419569023,7682
0.419581693,7681
0.419599456,7680
0.419606752,7679
0.41961438,7678
0.41962122,7677
0.419625791,7676
0.419640576,7675
0.419644772,7674
0.419649214,7673
0.419653394,7672
0.419657316,7671
0.419661719,7670
0.419666028,7669
0.41967577,7668
0.41967966,7667
0.419690109,7666
0.41970509,7665
0.419708964,7664
0.419714554,7663
0.419728298,7662
0.419742929,7661
0.419754359,7660
0.419800923,7659
0.419842022,7658
0.419846432,7657
0.419852849,7656
0.419858964,7655
0.419864743,7654
0.419873654,7653
0.419918216,7652
0.419925248,7651
0.419970564,7650
0.419978097,7649
0.419984453,7648
0.419989087,7647
0.420030366,7646
0.420077719,7645
0.420101678,7644
0.420165275,7643
0.42017638,7642
0.4201804,7641
0.420186777,7640
0.420220061,7639
0.42025205,7638
0.420255376,7637
0.420263883,7636
0.420282711,7635
0.420290205,7634
0.420315271,7633
0.420331022,7632
0.420333731,7631
0.42033787,7630
0.42035245,7629
0.420370901,7628
0.420373728,7627
0.420393089,7626
0.420398916,7625
0.420412396,7624
0.420417851,7623
0.420442019,7622
0.42047225,7621
0.420479073,7620
0.420486389,7619
0.420489659,7618
0.420509114,7617
0.420512239,7616
0.420518689,7615
0.420523526,7614
0.420529287,7613
0.420548,7612
0.420553232,7611
0.420567985,7610
0.420571013,7609
0.420574202,7608
0.42058903,7607
0.420616206,7606
0.420624955,7605
0.420627924,7604
0.420631004,7603
0.420637046,7602
0.420640892,7601
0.420664978,7600
0.420672033,7599
0.420685826,7598
0.420691506,7597
0.420718294,7596
0.420730908,7595
0.420747974,7594
0.420756472,7593
0.420759967,7592
0.420769073,7591
0.420775084,7590
0.420781764,7589
0.420801133,7588
0.420803646,7587
0.420806967,7586
0.420811167,7585
0.420816272,7584
0.420837424,7583
0.420851158,7582
0.420853388,7581
0.420871458,7580
0.420875138,7579
0.420880155,7578
0.420890176,7577
0.420911682,7576
0.420919358,7575
0.420922833,7574
0.420931829,7573
0.420941455,7572
0.420947924,7571
0.420954341,7570
0.420956363,7569
0.42097775,7568
0.420980885,7567
0.420988511,7566
0.421003177,7565
0.421011964,7564
0.421025751,7563
0.421031697,7562
0.421051207,7561
0.421056887,7560
0.421060353,7559
0.42107473,7558
0.421078209,7557
0.421084266,7556
0.421102309,7555
0.42111623,7554
0.421119303,7553
0.421126133,7552
0.421135758,7551
0.421163576,7550
0.421170805,7549
0.421175065,7548
0.42117812,7547
0.421192745,7546
0.421198356,7545
0.421202436,7544
0.421205293,7543
0.421223407,7542
0.421254858,7541
0.421258652,7540
0.421268588,7539
0.421300585,7538
0.421311527,7537
0.421328169,7536
0.421335217,7535
0.421341143,7534
0.421374974,7533
0.42137955,7532
0.42139861,7531
0.421404076,7530
0.421412266,7529
0.421418658,7528
0.421421451,7527
0.421428562,7526
0.421436314,7525
0.421453364,7524
0.421537412,7523
0.421547504,7522
0.421560914,7521
0.421570305,7520
0.421612707,7519
0.421623979,7518
0.421711424,7517
0.421717574,7516
0.421846554,7515
0.421873931,7514
0.422158603,7513
0.422195017,7512
0.422210789,7511
0.422214711,7510
0.422220907,7509
0.422235907,7508
0.422244035,7507
0.422258628,7506
0.422287321,7505
0.422337605,7504
0.42236869,7503
0.422380819,7502
0.422396648,7501
0.422415107,7500
0.422432747,7499
0.42244602,7498
0.42247477,7497
0.422485446,7496
0.422492758,7495
0.422512099,7494
0.422561467,7493
0.422618672,7492
0.422653813,7491
0.42266632,7490
0.422677904,7489
0.422729241,7488
0.422765781,7487
0.422796239,7486
0.422809185,7485
0.422865285,7484
0.422872724,7483
0.422880572,7482
0.42289769,7481
0.42293314,7480
0.422991724,7479
0.422997511,7478
0.423060053,7477
0.423109558,7476
0.423233161,7475
0.423333308,7474
0.423337357,7473
0.423369863,7472
0.423576618,7471
0.42358172,7470
0.423585779,7469
0.423591865,7468
0.423595695,7467
0.423607021,7466
0.423614238,7465
0.423624256,7464
0.423629424,7463
0.42363565,7462
0.423640885,7461
0.423644939,7460
0.423649657,7459
0.423658402,7458
0.423663122,7457
0.423682009,7456
0.423690283,7455
0.42369892,7454
0.42370416,7453
0.423712371,7452
0.423724816,7451
0.423745245,7450
0.42375349,7449
0.423756674,7448
0.423790942,7447
0.423794812,7446
0.4238174,7445
0.423846185,7444
0.423854853,7443
0.423857874,7442
0.423863363,7441
0.423870263,7440
0.423873418,7439
0.423876735,7438
0.423881299,7437
0.423884771,7436
0.423887614,7435
0.423891745,7434
0.42389464,7433
0.4238991,7432
0.423904645,7431
0.423908738,7430
0.424262044,7429
0.424269599,7428
0.424309868,7427
0.424327059,7426
0.424343378,7425
0.42437229,7424
0.424386036,7423
0.424426526,7422
0.424444319,7421
0.424473413,7420
0.424490661,7419
0.424530931,7418
0.424548148,7417
0.424556398,7416
0.424565815,7415
0.424584916,7414
0.424605306,7413
0.424687054,7412
0.424701742,7411
0.424836877,7410
0.425099176,7409
0.42602044,7408
0.426981045,7407
0.426997644,7406
0.42701127,7405
0.427019363,7404
0.427025701,7403
0.427047546,7402
0.427088019,7401
0.572790156,7400
0.615721761,7399
0.627868464,7398
0.645114441,7397
0.821087581,7396
0.845635882,7395
0.904322382,7394
0.926523418,7393
0.948748699,7392
0.968554309,7391
0.977699592,7390
0.996106586,7389
1.011237225,7388
1.034246656,7387
1.069532858,7386
1.09405934,7385
1.100803932,7384
1.120202978,7383
1.136804818,7382
1.156433163,7381
1.179316716,7380
1.183930853,7379
1.197103965,7378
1.208530172,7377
1.239475666,7376
1.260782685,7375
1.269313033,7374
1.317871246,7373
1.373830578,7372
1.38472595,7371
1.4183231,7370
1.427265995,7369
1.447421478,7368
1.465177127,7367
1.494123795,7366
1.509745414,7365
1.517989303,7364
1.528087974,7363
1.555570489,7362
1.580933265,7361
1.616958685,7360
1.647789852,7359
1.694431679,7358
1.7250551,7357
1.768237059,7356
1.788896942,7355
1.797816471,7354
1.852193628,7353
1.923537749,7352
1.958132187,7351
1.989154257,7350
2.024560594,7349
2.153721694,7348
2.16076813,7347
2.200492006,7346
2.207415419,7345
2.224972787,7344
2.248731321,7343
2.315428867,7342
2.3526122,7341
2.381973112,7340
2.410526808,7339
2.432502042,7338
2.438624095,7337
2.463366332,7336
2.519563796,7335
2.528733512,7334
2.575288515,7333
2.585676552,7332
2.62904834,7331
2.64056682,7330
2.661484247,7329
2.682995428,7328
2.697128678,7327
2.737294495,7326
2.759496433,7325
2.796786599,7324
2.810759847,7323
2.818642919,7322
2.831445126,7321
2.843144146,7320
2.865552952,7319
2.911778282,7318
2.926155085,7317
2.944615456,7316
2.950031353,7315
2.963737677,7314
2.983971966,7313
3.002080638,7312
3.018961873,7311
3.03539743,7310
3.041971961,7309
3.053695925,7308
3.062320024,7307
3.068750331,7306
3.116303118,7305
3.124268619,7304
3.143791637,7303
3.222767265,7302
3.233972123,7301
3.265226239,7300
3.30346801,7299
3.335954408,7298
3.343809705,7297
3.371601489,7296
3.3838377,7295
3.43075627,7294
3.444609848,7293
3.467489578,7292
3.492063295,7291
3.508644189,7290
3.543699604,7289
3.55275086,7288
3.563382069,7287
3.57257134,7286
3.617670626,7285
3.637358557,7284
3.701094533,7283
3.721719647,7282
3.731929128,7281
3.746151944,7280
3.778931575,7279
3.804782045,7278
3.832498291,7277
3.859936845,7276
3.867932905,7275
3.882974015,7274
3.891607093,7273
3.920527385,7272
3.933353384,7271
3.948651896,7270
3.965108028,7269
3.979229076,7268
4.008395111,7267
4.02382172,7266
4.036523427,7265
4.058073213,7264
4.07211218,7263
4.082455343,7262
4.093380032,7261
4.107221151,7260
4.132487451,7259
4.141745997,7258
4.153612925,7257
4.168047564,7256
4.275178641,7255
4.35496162,7254
4.377262456,7253
4.396458345,7252
4.507579773,7251
4.54809633,7250
4.584856768,7249
4.597089154,7248
4.672709899,7247
4.682704316,7246
4.774315681,7245
4.808286475,7244
4.820076451,7243
4.828231423,7242
4.87338778,7241
5.009038012,7240
5.037455373,7239
5.073712874,7238
5.119922142,7237
5.133978884,7236
5.147038273,7235
5.172277253,7234
5.17941048,7233
5.188016725,7232
5.207734347,7231
5.263099892,7230
5.309017804,7229
5.322326969,7228
5.37851887,7227
5.415503674,7226
5.427978408,7225
5.435439702,7224
5.451336476,7223
5.457635907,7222
5.533441577,7221
5.550108079,7220
5.567494085,7219
5.577593626,7218
5.623283247,7217
5.693787109,7216
5.708065722,7215
5.718586532,7214
5.753714088,7213
5.893386465,7212
5.905416882,7211
5.921129279,7210
5.928964884,7209
5.974145315,7208
6.001307156,7207
6.072867038,7206
6.09125654,7205
6.149273327,7204
6.161894707,7203
6.256585775,7202
6.342843274,7201
6.548557413,7200
6.6245422,7199
6.634933924,7198
6.656025042,7197
6.721719321,7196
6.841481219,7195
6.90985652,7194
6.959767825,7193
7.436467147,7192
