0.198977938,6823
0.199026076,6822
0.199087767,6821
0.199144731,6820
0.19922226,6819
0.199251833,6818
0.199279486,6817
0.199285654,6816
0.199292993,6815
0.199301735,6814
0.1993136,6813
0.199327979,6812
0.199336079,6811
0.199345236,6810
0.199351409,6809
0.199358483,6808
0.199365615,6807
0.199877986,6806
0.199884851,6805
0.199891197,6804
0.199900813,6803
0.199934667,6802
0.199943579,6801
0.199950844,6800
0.199964773,6799
0.200000097,6798
0.200050983,6797
0.200066601,6796
0.200077098,6795
0.2000852,6794
0.200092072,6793
0.200098478,6792
0.200105214,6791
0.200111292,6790
0.200116683,6789
0.200122216,6788
0.200129041,6787
0.200136324,6786
0.200143449,6785
0.200159549,6784
0.200166907,6783
0.200174442,6782
0.200191676,6781
0.200206181,6780
0.200222215,6779
0.200231701,6778
0.20023788,6777
0.200244963,6776
0.200250645,6775
0.200256283,6774
0.200263124,6773
0.200270266,6772
0.200277909,6771
0.200284912,6770
0.200293106,6769
0.200298869,6768
0.200306076,6767
0.20031332,6766
0.200321576,6765
0.200327678,6764
0.200336403,6763
0.200347893,6762
0.20035657,6761
0.200380694,6760
0.200386302,6759
0.200394594,6758
0.200399743,6757
0.20040463,6756
0.20040928,6755
0.200416194,6754
0.200420631,6753
0.200424948,6752
0.200429787,6751
0.20043485,6750
0.200439623,6749
0.200445098,6748
0.200450243,6747
0.200455095,6746
0.200459958,6745
0.2004646,6744
0.20046942,6743
0.20047386,6742
0.200478177,6741
0.20048311,6740
0.20048903,6739
0.200494824,6738
0.200500483,6737
0.200506436,6736
0.20051259,6735
0.200516997,6734
0.200522963,6733
0.200527572,6732
0.200533496,6731
0.200538081,6730
0.200543868,6729
0.200548759,6728
0.200553431,6727
0.200557972,6726
0.200564513,6725
0.200570707,6724
0.200576979,6723
0.200648761,6722
0.20065655,6721
0.200666179,6720
0.200729499,6719
0.200737191,6718
0.200744661,6717
0.200762654,6716
0.200769064,6715
0.200773944,6714
0.200778762,6713
0.200784031,6712
0.200788696,6711
0.200795908,6710
0.200800049,6709
0.200805931,6708
0.20081105,6707
0.200816106,6706
0.20082132,6705
0.20083536,6704
0.200840426,6703
0.20084611,6702
0.200851149,6701
0.20086449,6700
0.200869297,6699
0.200874229,6698
0.200878988,6697
0.200883685,6696
0.200888532,6695
0.200895416,6694
0.20090018,6693
0.200907232,6692
0.200911863,6691
0.200918628,6690
0.200922825,6689
0.200941471,6688
0.200946291,6687
0.20095011,6686
0.200974658,6685
0.200981388,6684
0.200986201,6683
0.200989948,6682
0.201001463,6681
0.201006838,6680
0.201010395,6679
0.201013895,6678
0.201017334,6677
0.201020781,6676
0.201024675,6675
0.201027889,6674
0.20103084,6673
0.2010339,6672
0.201037646,6671
0.201041194,6670
0.201044454,6669
0.201047769,6668
0.20105131,6667
0.201054926,6666
0.201058325,6665
0.201061617,6664
0.201065106,6663
0.201068455,6662
0.201073268,6661
0.201076646,6660
0.20107991,6659
0.20108402,6658
0.201087407,6657
0.201090877,6656
0.201095493,6655
0.201098741,6654
0.201101849,6653
0.201114276,6652
0.201132062,6651
0.201135805,6650
0.20113896,6649
0.201142395,6648
0.201145731,6647
0.201149085,6646
0.201153316,6645
0.201157835,6644
0.201162643,6643
0.201167838,6642
0.202181322,6641
0.202188434,6640
0.202196301,6639
0.202201645,6638
0.202206535,6637
0.202211707,6636
0.202242402,6635
0.202246666,6634
0.202259324,6633
0.202292027,6632
0.202296827,6631
0.204776136,6630
0.204815517,6629
0.204818794,6628
0.204822098,6627
0.204826975,6626
0.204831136,6625
0.204834505,6624
0.204837951,6623
0.204842311,6622
0.204845762,6621
0.204849359,6620
0.204852276,6619
0.204856618,6618
0.204860514,6617
0.2048643,6616
0.204869819,6615
0.204873143,6614
0.204884415,6613
0.204888396,6612
0.204891808,6611
0.204895318,6610
0.204900841,6609
0.204904479,6608
0.204909131,6607
0.204913644,6606
0.204919513,6605
0.204923988,6604
0.204928425,6603
0.204932977,6602
0.20493669,6601
0.204940091,6600
0.20494491,6599
0.204949259,6598
0.204954262,6597
0.204958038,6596
0.20496258,6595
0.204966047,6594
0.204970357,6593
0.204974553,6592
0.204978214,6591
0.204991714,6590
0.204996527,6589
0.205028765,6588
0.205031513,6587
0.205034011,6586
0.205038039,6585
0.205040897,6584
0.205043431,6583
0.205047202,6582
0.205049882,6581
0.205052384,6580
0.205056391,6579
0.205059315,6578
0.205061945,6577
0.205064858,6576
0.205068345,6575
0.20507143,6574
0.205074877,6573
0.205078727,6572
0.205081534,6571
0.205084301,6570
0.205088702,6569
0.205091345,6568
0.205104063,6567
0.205109013,6566
0.205113592,6565
0.205118139,6564
0.20512255,6563
0.205126601,6562
0.205130899,6561
0.205140491,6560
0.205144331,6559
0.205147305,6558
0.2051511,6557
0.205154149,6556
0.205157038,6555
0.205159894,6554
0.205162681,6553
0.205165664,6552
0.205168944,6551
0.20517215,6550
0.205175185,6549
0.205179529,6548
0.20518388,6547
0.205186927,6546
0.205189784,6545
0.205193175,6544
0.20519622,6543
0.205199009,6542
0.20520185,6541
0.205205877,6540
0.205209043,6539
0.205212185,6538
0.205229446,6537
0.205232381,6536
0.205235089,6535
0.20523775,6534
0.205240623,6533
0.205243414,6532
0.20524809,6531
0.20525166,6530
0.205255405,6529
0.20526764,6528
0.205276439,6527
0.205282136,6526
0.205287896,6525
0.205293998,6524
0.20530563,6523
0.205309893,6522
0.205314374,6521
0.20531835,6520
0.205321935,6519
0.205325616,6518
0.205329571,6517
0.205333292,6516
0.205336786,6515
0.205340712,6514
0.205344551,6513
0.205348195,6512
0.205352045,6511
0.205354878,6510
0.205357871,6509
0.205361041,6508
0.205364251,6507
0.205366669,6506
0.205369645,6505
0.205372398,6504
0.205375027,6503
0.205405904,6502
0.205409871,6501
0.205414185,6500
0.205418282,6499
0.205421938,6498
0.205425575,6497
0.205429557,6496
0.205433376,6495
0.205437322,6494
0.205440986,6493
0.20544464,6492
0.20544821,6491
0.20545153,6490
0.205455191,6489
0.205458675,6488
0.205490955,6487
0.205495952,6486
0.205508421,6485
0.205513589,6484
0.205518132,6483
0.205522113,6482
0.205526448,6481
0.205530766,6480
0.205534852,6479
0.205538579,6478
0.205542512,6477
0.205548328,6476
0.205553354,6475
0.205557314,6474
0.205562802,6473
0.205566754,6472
0.20557063,6471
0.205574463,6470
0.205578191,6469
0.205582154,6468
0.205586058,6467
0.205589491,6466
0.205592981,6465
0.20559757,6464
0.205601234,6463
0.205606065,6462
0.205609982,6461
0.205619074,6460
0.205623626,6459
0.205627171,6458
0.206156516,6457
0.206201055,6456
0.206207381,6455
0.206211497,6454
0.206215489,6453
0.206219232,6452
0.206222494,6451
0.206225537,6450
0.206228437,6449
0.206232624,6448
0.206236457,6447
0.206240275,6446
0.206250415,6445
0.206254971,6444
0.206259558,6443
0.206264402,6442
0.206268155,6441
0.206271581,6440
0.206274553,6439
0.206277723,6438
0.206280264,6437
0.206283002,6436
0.206285484,6435
0.20628855,6434
0.206291298,6433
0.20629395,6432
0.206296504,6431
0.206299007,6430
0.206301478,6429
0.206304047,6428
0.206306759,6427
0.206309242,6426
0.206311769,6425
0.206315115,6424
0.206317785,6423
0.206320648,6422
0.20632401,6421
0.206326883,6420
0.206329459,6419
0.206332144,6418
0.206334729,6417
0.206337383,6416
0.206340094,6415
0.206345097,6414
0.206347551,6413
0.206350016,6412
0.206352544,6411
0.206355956,6410
0.206358585,6409
0.206361214,6408
0.206364272,6407
0.206367382,6406
0.206371285,6405
0.206375084,6404
0.206377956,6403
0.206380649,6402
0.206383323,6401
0.206386015,6400
0.20638848,6399
0.206391072,6398
0.206393781,6397
0.206396391,6396
0.206398978,6395
0.206401575,6394
0.206404448,6393
0.206407029,6392
0.206410704,6391
0.206413199,6390
0.206415667,6389
0.206418357,6388
0.206421155,6387
0.206423916,6386
0.20642665,6385
0.206461955,6384
0.206468046,6383
0.20647259,6382
0.206477681,6381
0.206482354,6380
0.206486621,6379
0.206495425,6378
0.206504223,6377
0.206532157,6376
0.206536098,6375
0.206539569,6374
0.206542719,6373
0.206573292,6372
0.206577235,6371
0.206580818,6370
0.206584642,6369
0.20658856,6368
0.206592128,6367
0.206595124,6366
0.206598865,6365
0.206601798,6364
0.206604675,6363
0.206607568,6362
0.206610517,6361
0.206614727,6360
0.206617447,6359
0.20705971,6358
0.207065871,6357
0.207072398,6356
0.20707724,6355
0.207086366,6354
0.207091717,6353
0.207095984,6352
0.20710014,6351
0.207102727,6350
0.207105595,6349
0.207109791,6348
0.207113544,6347
0.207117767,6346
0.207121577,6345
0.207125827,6344
0.207129755,6343
0.207133939,6342
0.207140919,6341
0.207144691,6340
0.207150874,6339
0.207154491,6338
0.207163464,6337
0.207167542,6336
0.207170883,6335
0.207173847,6334
0.207176866,6333
0.207181366,6332
0.207185913,6331
0.207192157,6330
0.207196151,6329
0.20720098,6328
0.20720453,6327
0.207207949,6326
0.207211616,6325
0.207217249,6324
0.207221021,6323
0.207224349,6322
0.207228198,6321
0.207234397,6320
0.207239573,6319
0.207243356,6318
0.207247794,6317
0.207264308,6316
0.207267598,6315
0.207270844,6314
0.207289686,6313
0.207295918,6312
0.207311169,6311
0.207324761,6310
0.207331085,6309
0.207335243,6308
0.207339822,6307
0.207344573,6306
0.207349721,6305
0.207379463,6304
0.207383996,6303
0.207390421,6302
0.207394734,6301
0.207400429,6300
0.207427125,6299
0.20743134,6298
0.207436078,6297
0.207451851,6296
0.207457672,6295
0.207485357,6294
0.207492355,6293
0.207497305,6292
0.207502903,6291
0.207507788,6290
0.207519642,6289
0.207525416,6288
0.207529788,6287
0.207533602,6286
0.207537669,6285
0.20754163,6284
0.207545606,6283
0.207549547,6282
0.207553244,6281
0.207557238,6280
0.207560747,6279
0.20756607,6278
0.20757038,6277
0.207574348,6276
0.207584014,6275
0.207588446,6274
0.207593536,6273
0.207599643,6272
0.207603623,6271
0.207609424,6270
0.207613411,6269
0.207617224,6268
0.207622612,6267
0.207628764,6266
0.207633038,6265
0.207636886,6264
0.207640723,6263
0.207647226,6262
0.207653101,6261
0.207657325,6260
0.207663553,6259
0.207667634,6258
0.207671838,6257
0.207676581,6256
0.207680622,6255
0.207684172,6254
0.207687996,6253
0.207691408,6252
0.207695793,6251
0.20769944,6250
0.207703386,6249
0.207707268,6248
0.207711331,6247
0.207717348,6246
0.207721317,6245
0.207724939,6244
0.207728806,6243
0.20773257,6242
0.20773618,6241
0.207740844,6240
0.207744376,6239
0.207747749,6238
0.207752845,6237
0.207756242,6236
0.207759456,6235
0.207763381,6234
0.20776678,6233
0.207770118,6232
0.207773743,6231
0.207778576,6230
0.207783829,6229
0.207788699,6228
0.207792257,6227
0.207795839,6226
0.207801124,6225
0.207805697,6224
0.207810086,6223
0.207814115,6222
0.207818233,6221
0.207822183,6220
0.207826035,6219
0.207830172,6218
0.20783439,6217
0.207838276,6216
0.207842673,6215
0.207846673,6214
0.207850169,6213
0.20785441,6212
0.207858214,6211
0.207864006,6210
0.207867532,6209
0.20787117,6208
0.207878152,6207
0.207881928,6206
0.207885652,6205
0.207890948,6204
0.207894892,6203
0.207898562,6202
0.207902562,6201
0.207906402,6200
0.207909934,6199
0.207913623,6198
0.207917202,6197
0.207920758,6196
0.207924656,6195
0.207931711,6194
0.207935375,6193
0.207939047,6192
0.207943657,6191
0.207947436,6190
0.207954165,6189
0.207957893,6188
0.20796289,6187
0.208123186,6186
0.208128796,6185
0.208133586,6184
0.208141567,6183
0.208150185,6182
0.208154545,6181
0.208158813,6180
0.208165056,6179
0.2081706,6178
0.20817397,6177
0.208179338,6176
0.20818272,6175
0.208186533,6174
0.208194146,6173
0.208207312,6172
0.208211567,6171
0.20821567,6170
0.208222741,6169
0.208227707,6168
0.208231967,6167
0.20823601,6166
0.208252354,6165
0.208256051,6164
0.208260059,6163
0.208265017,6162
0.208268554,6161
0.208272133,6160
0.208275762,6159
0.208279394,6158
0.208283122,6157
0.208286967,6156
0.208290702,6155
0.208294402,6154
0.208298108,6153
0.208301993,6152
0.208308303,6151
0.208320955,6150
0.208331099,6149
0.20833593,6148
0.208348473,6147
0.208353208,6146
0.208357798,6145
0.208361997,6144
0.208367857,6143
0.208373296,6142
0.208377328,6141
0.208380865,6140
0.208384728,6139
0.208388594,6138
0.208392933,6137
0.208397239,6136
0.208401539,6135
0.208405315,6134
0.208410393,6133
0.208414231,6132
0.208418421,6131
0.208421703,6130
0.20842587,6129
0.208429284,6128
0.208432373,6127
0.208435484,6126
0.208439292,6125
0.208445353,6124
0.208448306,6123
0.208450888,6122
0.208455797,6121
0.208459631,6120
0.208462423,6119
0.208465158,6118
0.208468015,6117
0.208471716,6116
0.208474354,6115
0.20847823,6114
0.208482562,6113
0.208487094,6112
0.208492474,6111
0.208498279,6110
0.208501293,6109
0.208504141,6108
0.208506689,6107
0.208509313,6106
0.208513289,6105
0.208519202,6104
0.208522068,6103
0.208525028,6102
0.208528078,6101
0.208531272,6100
0.20853426,6099
0.208536896,6098
0.208541006,6097
0.208544997,6096
0.208548084,6095
0.208551599,6094
0.208554608,6093
0.208557384,6092
0.208561649,6091
0.208565033,6090
0.208567835,6089
0.208573716,6088
0.20857682,6087
0.208580357,6086
0.208583957,6085
0.208587278,6084
0.208591533,6083
0.208594297,6082
0.208954496,6081
0.208958361,6080
0.20896261,6079
0.208966135,6078
0.208970058,6077
0.208974175,6076
0.208978148,6075
0.208983092,6074
0.208990356,6073
0.20899586,6072
0.209000116,6071
0.20900355,6070
0.209006962,6069
0.209010237,6068
0.209014622,6067
0.209020856,6066
0.209025473,6065
0.20902844,6064
0.209035455,6063
0.209042133,6062
0.209045497,6061
0.209054156,6060
0.209057275,6059
0.209062441,6058
0.209065521,6057
0.209071511,6056
0.209075073,6055
0.209079157,6054
0.209082855,6053
0.209088678,6052
0.209093198,6051
0.209096831,6050
0.20909973,6049
0.209104002,6048
0.209107239,6047
0.209110164,6046
0.209113203,6045
0.209118656,6044
0.209121789,6043
0.209124479,6042
0.209127451,6041
0.209132522,6040
0.209136382,6039
0.209139935,6038
0.209143552,6037
0.209147267,6036
0.209164754,6035
0.209174107,6034
0.20917828,6033
0.209183351,6032
0.209186312,6031
0.209190539,6030
0.209196071,6029
0.209199626,6028
0.209205799,6027
0.209208872,6026
0.209214887,6025
0.209221596,6024
0.209226954,6023
0.209231111,6022
0.209234562,6021
0.20923778,6020
0.209241488,6019
0.209244533,6018
0.209248825,6017
0.209254493,6016
0.209257568,6015
0.209261619,6014
0.209264638,6013
0.209267716,6012
0.209270668,6011
0.209273882,6010
0.20927792,6009
0.209281992,6008
0.20928749,6007
0.209291727,6006
0.20929583,6005
0.209299088,6004
0.209302825,6003
0.209306923,6002
0.209311028,6001
0.209314788,6000
0.209319764,5999
0.209325754,5998
0.209329957,5997
0.209334219,5996
0.209337739,5995
0.209341021,5994
0.209344232,5993
0.209347193,5992
0.209351452,5991
0.209354701,5990
0.209357954,5989
0.209361037,5988
0.209365363,5987
0.209369147,5986
0.209372422,5985
0.209378887,5984
0.209382086,5983
0.209385448,5982
0.209394598,5981
0.209402341,5980
0.209405842,5979
0.209408953,5978
0.20941196,5977
0.209422012,5976
0.209425103,5975
0.209428779,5974
0.209432712,5973
0.209437047,5972
0.209440236,5971
0.209445465,5970
0.209448915,5969
0.20945442,5968
0.209457966,5967
0.209462198,5966
0.209468555,5965
0.209471899,5964
0.209475045,5963
0.209478183,5962
0.20948087,5961
0.20948431,5960
0.209487546,5959
0.209491988,5958
0.209495647,5957
0.20950445,5956
0.20950878,5955
0.209513577,5954
0.209518358,5953
0.209522786,5952
0.209527907,5951
0.209531431,5950
0.209539249,5949
0.209543296,5948
0.209551657,5947
0.209556367,5946
0.209560672,5945
0.209567534,5944
0.20957153,5943
0.209575648,5942
0.209583059,5941
0.209588384,5940
0.209592277,5939
0.209596633,5938
0.209600559,5937
0.209605935,5936
0.209609763,5935
0.209613914,5934
0.209617761,5933
0.209623863,5932
0.209628753,5931
0.209632874,5930
0.209636837,5929
0.209643217,5928
0.209647637,5927
0.209654588,5926
0.209664505,5925
0.20970549,5924
0.20971009,5923
0.209714645,5922
0.209718907,5921
0.209728977,5920
0.209741546,5919
0.209748184,5918
0.209765443,5917
0.209769585,5916
0.209774264,5915
0.209779051,5914
0.209782615,5913
0.209788811,5912
0.209823245,5911
0.209826878,5910
0.20983379,5909
0.209841253,5908
0.209845542,5907
0.209850889,5906
0.20985591,5905
0.20985966,5904
0.209865201,5903
0.209868553,5902
0.209872163,5901
0.2098771,5900
0.209881888,5899
0.209887216,5898
0.209891638,5897
0.209900167,5896
0.209906215,5895
0.209910881,5894
0.209914587,5893
0.209919278,5892
0.209923689,5891
0.209928388,5890
0.209936945,5889
0.209942098,5888
0.209946627,5887
0.20995214,5886
0.209957279,5885
0.209965065,5884
0.209968627,5883
0.209972326,5882
0.209976807,5881
0.209980711,5880
0.209985495,5879
0.209993612,5878
0.209998556,5877
0.210002246,5876
0.210008009,5875
0.210014052,5874
0.210018621,5873
0.210024557,5872
0.210030495,5871
0.210034552,5870
0.2100391,5869
0.210044087,5868
0.210047924,5867
0.210052212,5866
0.210057569,5865
0.210082131,5864
0.21008772,5863
0.210107986,5862
0.210112085,5861
0.210116754,5860
0.210120577,5859
0.210125929,5858
0.210137924,5857
0.210144598,5856
0.210149821,5855
0.210157113,5854
0.210163333,5853
0.210167274,5852
0.210171748,5851
0.210177677,5850
0.210181463,5849
0.210187426,5848
0.210191959,5847
0.210198308,5846
0.210201752,5845
0.210205595,5844
0.21020999,5843
0.210214591,5842
0.210218221,5841
0.210223203,5840
0.210227793,5839
0.210231707,5838
0.210243407,5837
0.210247146,5836
0.210253245,5835
0.210257315,5834
0.21026103,5833
0.210266187,5832
0.210276178,5831
0.210279236,5830
0.210282611,5829
0.210287589,5828
0.210291691,5827
0.210295459,5826
0.210302354,5825
0.210305779,5824
0.210309161,5823
0.210314332,5822
0.210317379,5821
0.210320251,5820
0.210323493,5819
0.21032826,5818
0.210331386,5817
0.210334479,5816
0.210337674,5815
0.210342301,5814
0.210345413,5813
0.210350738,5812
0.210354031,5811
0.210356953,5810
0.210359872,5809
0.210362391,5808
0.210365126,5807
0.21037082,5806
0.210375319,5805
0.210378028,5804
0.210384144,5803
0.210818395,5802
0.210821758,5801
0.21083004,5800
0.210833299,5799
0.210838338,5798
0.210841309,5797
0.210846779,5796
0.210849946,5795
0.21085428,5794
0.210857453,5793
0.210862283,5792
0.210867834,5791
0.210874374,5790
0.210877759,5789
0.210887399,5788
0.210893559,5787
0.210901047,5786
0.210905686,5785
0.210909074,5784
0.210914801,5783
0.210918615,5782
0.210922023,5781
0.210925873,5780
0.210929282,5779
0.210934292,5778
0.210941293,5777
0.210944662,5776
0.210950078,5775
0.210953478,5774
0.210957011,5773
0.210960359,5772
0.210965096,5771
0.210968241,5770
0.21097174,5769
0.210975013,5768
0.210980967,5767
0.210984524,5766
0.210987682,5765
0.211000319,5764
0.211004311,5763
0.211008601,5762
0.211014761,5761
0.211019395,5760
0.211023096,5759
0.211026696,5758
0.211031897,5757
0.211036453,5756
0.211039579,5755
0.211043303,5754
0.211046502,5753
0.211050046,5752
0.211057955,5751
0.211065333,5750
0.211068319,5749
0.211071377,5748
0.211075866,5747
0.2110799,5746
0.211083477,5745
0.211088767,5744
0.211093337,5743
0.211096868,5742
0.211103586,5741
0.211108225,5740
0.211117144,5739
0.211121875,5738
0.211125634,5737
0.211128467,5736
0.211132894,5735
0.21115726,5734
0.211161713,5733
0.211166291,5732
0.211170549,5731
0.211174978,5730
0.211186726,5729
0.211191137,5728
0.211196751,5727
0.211201597,5726
0.211206253,5725
0.211216894,5724
0.211222277,5723
0.211227446,5722
0.211237456,5721
0.211244598,5720
0.211248529,5719
0.211252328,5718
0.211256617,5717
0.211261942,5716
0.211265591,5715
0.211269128,5714
0.211274093,5713
0.211277612,5712
0.211282659,5711
0.211289779,5710
0.21129535,5709
0.21130111,5708
0.211308579,5707
0.211313269,5706
0.211320361,5705
0.211345289,5704
0.211349747,5703
0.211357534,5702
0.211364254,5701
0.211368805,5700
0.21138132,5699
0.211387383,5698
0.211391667,5697
0.211395686,5696
0.211399869,5695
0.211405993,5694
0.211412034,5693
0.211417595,5692
0.211421892,5691
0.211428449,5690
0.211435737,5689
0.211440201,5688
0.211444122,5687
0.211448353,5686
0.211478066,5685
0.211512329,5684
0.211516526,5683
0.211553074,5682
0.211558374,5681
0.211562893,5680
0.211569151,5679
0.211573691,5678
0.211578344,5677
0.21158262,5676
0.211586774,5675
0.211591643,5674
0.211601724,5673
0.211607377,5672
0.21161906,5671
0.211636015,5670
0.211641858,5669
0.211646097,5668
0.211650777,5667
0.211655193,5666
0.211659617,5665
0.211666757,5664
0.211706797,5663
0.211713849,5662
0.211717193,5661
0.211722455,5660
0.211725621,5659
0.211766534,5658
0.211776461,5657
0.21182949,5656
0.211880296,5655
0.211919369,5654
0.211928475,5653
0.211967025,5652
0.211970593,5651
0.211975924,5650
0.21197943,5649
0.211984498,5648
0.211990632,5647
0.211994152,5646
0.211997138,5645
0.212000344,5644
0.212003434,5643
0.212007049,5642
0.212011023,5641
0.212014741,5640
0.212021918,5639
0.212026358,5638
0.212031623,5637
0.212035739,5636
0.212038879,5635
0.212044012,5634
0.212046968,5633
0.212051838,5632
0.212055591,5631
0.212059339,5630
0.212062662,5629
0.212067835,5628
0.212074478,5627
0.212077495,5626
0.212080767,5625
0.212084388,5624
0.212087445,5623
0.212092631,5622
0.212111617,5621
0.212114614,5620
0.212120171,5619
0.21212343,5618
0.212126234,5617
0.212147631,5616
0.212164957,5615
0.212170966,5614
0.212176349,5613
0.212181987,5612
0.212185604,5611
0.212188877,5610
0.212192795,5609
0.212195764,5608
0.212199514,5607
0.212203575,5606
0.212206715,5605
0.212210752,5604
0.212219825,5603
0.212224638,5602
0.212228047,5601
0.212231337,5600
0.212234608,5599
0.212242168,5598
0.212247496,5597
0.212251307,5596
0.212256687,5595
0.212260853,5594
0.212268193,5593
0.212271837,5592
0.212274809,5591
0.212281242,5590
0.212284541,5589
0.212287756,5588
0.212290757,5587
0.212294696,5586
0.212300177,5585
0.212303333,5584
0.212306921,5583
0.212309829,5582
0.212316066,5581
0.212318753,5580
0.212322874,5579
0.212325941,5578
0.212329745,5577
0.212333799,5576
0.212338626,5575
0.212341544,5574
0.212345776,5573
0.212358402,5572
0.212364862,5571
0.212372047,5570
0.212377815,5569
0.212382903,5568
0.212398237,5567
0.212400983,5566
0.21240577,5565
0.2124092,5564
0.212412404,5563
0.212713208,5562
0.212718229,5561
0.212726055,5560
0.212732146,5559
0.21273757,5558
0.21274106,5557
0.212745446,5556
0.212750857,5555
0.212755929,5554
0.212771512,5553
0.212774692,5552
0.212779205,5551
0.212784621,5550
0.212791629,5549
0.212795444,5548
0.212799515,5547
0.212805118,5546
0.212811405,5545
0.212815725,5544
0.212820878,5543
0.212825177,5542
0.212830793,5541
0.21283393,5540
0.21284236,5539
0.21284711,5538
0.21285091,5537
0.212856581,5536
0.212860906,5535
0.212865773,5534
0.212869171,5533
0.212875215,5532
0.212879205,5531
0.212885449,5530
0.212888338,5529
0.212896644,5528
0.212899493,5527
0.21290404,5526
0.21290744,5525
0.212996849,5524
0.213040257,5523
0.213045952,5522
0.213050634,5521
0.213062211,5520
0.213069854,5519
0.21307665,5518
0.213080895,5517
0.213087248,5516
0.213105859,5515
0.213110231,5514
0.213133472,5513
0.213153233,5512
0.213158456,5511
0.213167794,5510
0.213173279,5509
0.213178437,5508
0.213184945,5507
0.21318908,5506
0.213194076,5505
0.213200133,5504
0.213204831,5503
0.213210426,5502
0.213219803,5501
0.213224794,5500
0.2132294,5499
0.213242794,5498
0.213247869,5497
0.213255646,5496
0.213264424,5495
0.213269647,5494
0.213274175,5493
0.213280023,5492
0.2132876,5491
0.213295773,5490
0.213304093,5489
0.21331552,5488
0.213322138,5487
0.213328879,5486
0.213333747,5485
0.213338757,5484
0.213356136,5483
0.213361972,5482
0.213370025,5481
0.213376658,5480
0.213381991,5479
0.213386175,5478
0.213389433,5477
0.213393794,5476
0.213399324,5475
0.21342408,5474
0.213428976,5473
0.213433511,5472
0.213438668,5471
0.213446691,5470
0.213451119,5469
0.213457813,5468
0.213469853,5467
0.213474,5466
0.213503327,5465
0.213521468,5464
0.213525462,5463
0.213537423,5462
0.213540614,5461
0.213547852,5460
0.213550739,5459
0.213553522,5458
0.213566127,5457
0.213569867,5456
0.213572727,5455
0.213575458,5454
0.21357805,5453
0.213582527,5452
0.213585717,5451
0.213590973,5450
0.213594846,5449
0.213600076,5448
0.213609969,5447
0.213618559,5446
0.213635519,5445
0.213639645,5444
0.213646156,5443
0.213649931,5442
0.213654978,5441
0.213658611,5440
0.213665073,5439
0.213669819,5438
0.213674158,5437
0.21368222,5436
0.213686164,5435
0.213693045,5434
0.213698464,5433
0.213704793,5432
0.213710063,5431
0.21372073,5430
0.213726312,5429
0.213733497,5428
0.213738047,5427
0.213742883,5426
0.213748877,5425
0.213755002,5424
0.213760177,5423
0.213764937,5422
0.213768128,5421
0.213772219,5420
0.213775897,5419
0.213781708,5418
0.213785364,5417
0.21378839,5416
0.213791052,5415
0.213795403,5414
0.213800961,5413
0.213807101,5412
0.21381042,5411
0.213825724,5410
0.213829631,5409
0.213833219,5408
0.21384528,5407
0.213849586,5406
0.213853479,5405
0.213859386,5404
0.213866362,5403
0.213870596,5402
0.213874493,5401
0.213877638,5400
0.213880979,5399
0.21388459,5398
0.21389285,5397
0.213895873,5396
0.213900873,5395
0.213913844,5394
0.213916608,5393
0.213920732,5392
0.213925152,5391
0.21392896,5390
0.213939502,5389
0.213943705,5388
0.213949929,5387
0.213953068,5386
0.213960427,5385
0.213963803,5384
0.213966951,5383
0.213972335,5382
0.213975431,5381
0.21398096,5380
0.213986418,5379
0.213992614,5378
0.21399547,5377
0.214002799,5376
0.214006361,5375
0.214009982,5374
0.214012585,5373
0.214307272,5372
0.21431093,5371
0.214315163,5370
0.214335652,5369
0.214339661,5368
0.214349328,5367
0.214352538,5366
0.214355812,5365
0.214358741,5364
0.214363862,5363
0.214374393,5362
0.214378563,5361
0.214387353,5360
0.21439437,5359
0.214399932,5358
0.214407388,5357
0.214411565,5356
0.21441885,5355
0.214422067,5354
0.214427616,5353
0.214437776,5352
0.214442002,5351
0.214449846,5350
0.214453859,5349
0.214457974,5348
0.214461453,5347
0.214470163,5346
0.214475139,5345
0.214480827,5344
0.214486123,5343
0.214491406,5342
0.214495322,5341
0.214501443,5340
0.214509663,5339
0.214512806,5338
0.214521092,5337
0.214532307,5336
0.21453945,5335
0.214542865,5334
0.214554869,5333
0.21455887,5332
0.214568898,5331
0.214573878,5330
0.214586038,5329
0.21459201,5328
0.21459467,5327
0.214605394,5326
0.214608676,5325
0.21461147,5324
0.214614679,5323
0.214617519,5322
0.214621463,5321
0.214625793,5320
0.214629489,5319
0.214632499,5318
0.214641542,5317
0.21464603,5316
0.214652305,5315
0.214655944,5314
0.214661647,5313
0.214664416,5312
0.214669253,5311
0.214672056,5310
0.214675947,5309
0.214680647,5308
0.214689395,5307
0.214692103,5306
0.214697401,5305
0.214714906,5304
0.214722809,5303
0.214730233,5302
0.214738,5301
0.214758672,5300
0.214763539,5299
0.214768836,5298
0.2147722,5297
0.214777102,5296
0.214788632,5295
0.21479846,5294
0.214805472,5293
0.214809865,5292
0.214816065,5291
0.214819439,5290
0.214824386,5289
0.214830664,5288
0.214843713,5287
0.214853369,5286
0.214857245,5285
0.21486711,5284
0.214872353,5283
0.214877704,5282
0.214880529,5281
0.214884549,5280
0.214888015,5279
0.214892545,5278
0.214896413,5277
0.214903724,5276
0.214914051,5275
0.214918232,5274
0.214936263,5273
0.214942398,5272
0.214951893,5271
0.214960691,5270
0.214967678,5269
0.214979562,5268
0.214986009,5267
0.214989914,5266
0.215000097,5265
0.215003921,5264
0.215006993,5263
0.21501182,5262
0.215015949,5261
0.215022037,5260
0.215027517,5259
0.215032192,5258
0.215035019,5257
0.215045083,5256
0.215047567,5255
0.215052051,5254
0.215054548,5253
0.215071376,5252
0.215085605,5251
0.215088088,5250
0.215090782,5249
0.215093235,5248
0.215101579,5247
0.215108502,5246
0.215111202,5245
0.215115297,5244
0.215121178,5243
0.215124255,5242
0.215128439,5241
0.215133564,5240
0.21515049,5239
0.2151582,5238
0.215164858,5237
0.215169196,5236
0.215174355,5235
0.215177338,5234
0.215186218,5233
0.215190039,5232
0.215509794,5231
0.215534652,5230
0.215544128,5229
0.215546906,5228
0.215556479,5227
0.215570968,5226
0.215576762,5225
0.215582319,5224
0.215589065,5223
0.215591922,5222
0.215608497,5221
0.215617331,5220
0.215621329,5219
0.215624768,5218
0.215628015,5217
0.215643791,5216
0.21564825,5215
0.215660492,5214
0.215672352,5213
0.215675132,5212
0.215677533,5211
0.215680131,5210
0.215687028,5209
0.215691868,5208
0.215708771,5207
0.215713642,5206
0.215718393,5205
0.215720956,5204
0.21572389,5203
0.215729347,5202
0.215736711,5201
0.215743151,5200
0.21574686,5199
0.215749857,5198
0.215756511,5197
0.215759886,5196
0.215763175,5195
0.215769201,5194
0.215773152,5193
0.215777116,5192
0.215784572,5191
0.215788179,5190
0.215791583,5189
0.215795737,5188
0.215800385,5187
0.215806583,5186
0.215810216,5185
0.215834237,5184
0.215837833,5183
0.215845621,5182
0.215848988,5181
0.215859205,5180
0.215863425,5179
0.215873208,5178
0.215885864,5177
0.215889582,5176
0.215895566,5175
0.215899768,5174
0.215904963,5173
0.215909761,5172
0.215919571,5171
0.215923552,5170
0.215926068,5169
0.215941612,5168
0.2159486,5167
0.215955501,5166
0.215960453,5165
0.215964646,5164
0.215968824,5163
0.215974233,5162
0.21597831,5161
0.215989573,5160
0.215999546,5159
0.216006555,5158
0.216009912,5157
0.216014079,5156
0.216020175,5155
0.216023314,5154
0.216028475,5153
0.2160329,5152
0.216036157,5151
0.216044106,5150
0.216046681,5149
0.216050784,5148
0.216055966,5147
0.216060866,5146
0.216069148,5145
0.216078738,5144
0.216085265,5143
0.216089183,5142
0.216096024,5141
0.216103714,5140
0.216108854,5139
0.216113858,5138
0.216125588,5137
0.216131866,5136
0.216139331,5135
0.216169087,5134
0.216174497,5133
0.216185086,5132
0.216191317,5131
0.216194948,5130
0.216201742,5129
0.216204733,5128
0.21620775,5127
0.21621054,5126
0.216215132,5125
0.216219331,5124
0.216223417,5123
0.21625657,5122
0.216316664,5121
0.216324503,5120
0.216328541,5119
0.216338378,5118
0.216342907,5117
0.216345747,5116
0.216349483,5115
0.216360176,5114
0.216366508,5113
0.216372042,5112
0.216378899,5111
0.216383462,5110
0.216389301,5109
0.216412121,5108
0.21641564,5107
0.216729329,5106
0.216741025,5105
0.216746587,5104
0.21675015,5103
0.216780078,5102
0.216783625,5101
0.216791099,5100
0.216836969,5099
0.216848811,5098
0.216865743,5097
0.216872142,5096
0.216884639,5095
0.216965766,5094
0.216985395,5093
0.217033489,5092
0.217038052,5091
0.217045378,5090
0.217101571,5089
0.217108659,5088
0.217134015,5087
0.21713934,5086
0.217148157,5085
0.217153643,5084
0.217158297,5083
0.217165591,5082
0.2171733,5081
0.217187812,5080
0.21720359,5079
0.217212467,5078
0.21722827,5077
0.217236763,5076
0.217254851,5075
0.217260284,5074
0.217265948,5073
0.217277046,5072
0.21728235,5071
0.217290669,5070
0.217299051,5069
0.217304385,5068
0.217311421,5067
0.217315945,5066
0.217324793,5065
0.217330947,5064
0.217350737,5063
0.217370176,5062
0.217377219,5061
0.217382265,5060
0.217388615,5059
0.217405693,5058
0.217414837,5057
0.217419317,5056
0.217425913,5055
0.217432112,5054
0.217442206,5053
0.217450326,5052
0.217455209,5051
0.217464838,5050
0.217472338,5049
0.217476953,5048
0.217498892,5047
0.217515371,5046
0.217520459,5045
0.217537809,5044
0.217548899,5043
0.217567063,5042
0.217634411,5041
0.217641322,5040
0.217650901,5039
0.21766022,5038
0.217666223,5037
0.217676295,5036
0.217682836,5035
0.217690006,5034
0.217695733,5033
0.217700923,5032
0.217708213,5031
0.217715589,5030
0.217725239,5029
0.217733206,5028
0.217738214,5027
0.217758423,5026
0.21776774,5025
0.217772635,5024
0.217777274,5023
0.217781836,5022
0.217786284,5021
0.217789777,5020
0.217809684,5019
0.217820366,5018
0.217827706,5017
0.217844805,5016
0.217849516,5015
0.217857912,5014
0.217871963,5013
0.217880501,5012
0.217885876,5011
0.217896148,5010
0.217900232,5009
0.217921099,5008
0.217926542,5007
0.217929876,5006
0.217933324,5005
0.217939844,5004
0.21794486,5003
0.217949206,5002
0.21795417,5001
0.217961018,5000
0.217966118,4999
0.217968561,4998
0.21797132,4997
0.217979051,4996
0.217985791,4995
0.217992393,4994
0.217998713,4993
0.218007971,4992
0.218012497,4991
0.21801635,4990
0.218029125,4989
0.218305309,4988
0.218330783,4987
0.218334163,4986
0.21833707,4985
0.218340912,4984
0.218352672,4983
0.21835671,4982
0.218367118,4981
0.218378377,4980
0.218389265,4979
0.21839989,4978
0.21842797,4977
0.218431851,4976
0.218446857,4975
0.21854203,4974
0.218551355,4973
0.218562255,4972
0.218576042,4971
0.218580971,4970
0.218590904,4969
0.218601841,4968
0.218619388,4967
0.218623096,4966
0.218640875,4965
0.218648218,4964
0.218656277,4963
0.218670233,4962
0.218675148,4961
0.218690631,4960
0.218694516,4959
0.218707478,4958
0.218709853,4957
0.218713499,4956
0.218731574,4955
0.218733975,4954
0.218741544,4953
0.218752686,4952
0.218803942,4951
0.21881008,4950
0.218817196,4949
0.218838749,4948
0.218843248,4947
0.218849765,4946
0.218869317,4945
0.218873018,4944
0.21889077,4943
0.218909855,4942
0.218916747,4941
0.218945316,4940
0.218987281,4939
0.218994462,4938
0.219045076,4937
0.219062758,4936
0.219088276,4935
0.219097565,4934
0.21913395,4933
0.219152699,4932
0.219156769,4931
0.21917273,4930
0.219222812,4929
0.219229248,4928
0.219240715,4927
0.219254651,4926
0.21925895,4925
0.219265493,4924
0.219273253,4923
0.219281033,4922
0.219287414,4921
0.219298318,4920
0.219305875,4919
0.219327064,4918
0.219333114,4917
0.219347255,4916
0.219918292,4915
0.219927902,4914
0.219938339,4913
0.219948941,4912
0.219981557,4911
0.219990356,4910
0.220040311,4909
0.220083724,4908
0.220124274,4907
0.220172768,4906
0.220188309,4905
0.22020903,4904
0.220230445,4903
0.22023885,4902
0.220249378,4901
0.220258202,4900
0.220265187,4899
0.220279873,4898
0.220296786,4897
0.220310159,4896
0.220323431,4895
0.220329659,4894
0.220366595,4893
0.220392826,4892
0.220399608,4891
0.220410589,4890
0.220426106,4889
0.220435952,4888
0.220446094,4887
0.220471802,4886
0.220476372,4885
0.220499914,4884
0.220512899,4883
0.220519292,4882
0.220536105,4881
0.220542268,4880
0.220556255,4879
0.220561182,4878
0.220570488,4877
0.220575202,4876
0.220583456,4875
0.220591832,4874
0.220609818,4873
0.22067081,4872
0.22068088,4871
0.220717379,4870
0.220753382,4869
0.22077209,4868
0.220851666,4867
0.220856259,4866
0.221333051,4865
0.221376248,4864
0.221380886,4863
0.221384924,4862
0.221396414,4861
0.221403694,4860
0.221417245,4859
0.221430915,4858
0.221438983,4857
0.221443361,4856
0.221450272,4855
0.221458722,4854
0.221472642,4853
0.221481487,4852
0.221493127,4851
0.221518765,4850
0.221527258,4849
0.221551284,4848
0.22156524,4847
0.221573918,4846
0.221635067,4845
0.221645128,4844
0.221692023,4843
0.22169669,4842
0.221715518,4841
0.221722328,4840
0.221739931,4839
0.221750385,4838
0.221757263,4837
0.221763513,4836
0.221770934,4835
0.221812187,4834
0.221816342,4833
0.22182807,4832
0.221835326,4831
0.221840641,4830
0.22187728,4829
0.221900941,4828
0.221955765,4827
0.22197245,4826
0.222010168,4825
0.222072259,4824
0.222086951,4823
0.222096706,4822
0.222102354,4821
0.222425964,4820
0.222432785,4819
0.22244642,4818
0.22248811,4817
0.222510037,4816
0.222517248,4815
0.22252723,4814
0.222553496,4813
0.222560066,4812
0.222571621,4811
0.222579265,4810
0.222595041,4809
0.222622082,4808
0.222640566,4807
0.222654571,4806
0.222677759,4805
0.222682822,4804
0.222692873,4803
0.222697976,4802
0.222713596,4801
0.22275772,4800
0.222795185,4799
0.222837788,4798
0.222846028,4797
0.222885007,4796
0.223161623,4795
0.223183595,4794
0.22319977,4793
0.223235358,4792
0.223241978,4791
0.223281014,4790
0.223287682,4789
0.223302708,4788
0.223317137,4787
0.22332877,4786
0.223352349,4785
0.223362792,4784
0.223375982,4783
0.223400951,4782
0.223430061,4781
0.223444039,4780
0.223451862,4779
0.223479309,4778
0.223507812,4777
0.223742583,4776
0.223749307,4775
0.223771561,4774
0.223776416,4773
0.223866069,4772
0.223873907,4771
0.223882582,4770
0.223901588,4769
0.223912872,4768
0.223921672,4767
0.223930702,4766
0.223939592,4765
0.224095197,4764
0.224120813,4763
0.224155268,4762
0.224161653,4761
0.224221552,4760
0.224343231,4759
0.224372372,4758
0.22447134,4757
0.224486823,4756
0.224864043,4755
0.224876125,4754
0.224961906,4753
0.224974974,4752
0.225265947,4751
