0.213717054,6823
0.213795224,6822
0.213829318,6821
0.21386217,6820
0.213952739,6819
0.213969188,6818
0.213985303,6817
0.213992064,6816
0.214013076,6815
0.214034089,6814
0.214084628,6813
0.214094268,6812
0.214102717,6811
0.214111009,6810
0.214119452,6809
0.214127594,6808
0.214136141,6807
0.21493326,6806
0.214942746,6805
0.214951409,6804
0.214960565,6803
0.214969355,6802
0.214978205,6801
0.214987507,6800
0.214996928,6799
0.215005397,6798
0.215013206,6797
0.215021377,6796
0.215028522,6795
0.215036167,6794
0.215043125,6793
0.215050974,6792
0.215058291,6791
0.215066354,6790
0.215073991,6789
0.215091571,6788
0.215099085,6787
0.215106725,6786
0.215112622,6785
0.215118277,6784
0.215123825,6783
0.215129169,6782
0.21513871,6781
0.215174969,6780
0.215182573,6779
0.215190926,6778
0.215197267,6777
0.215204982,6776
0.2152097,6775
0.215214288,6774
0.215220747,6773
0.215227085,6772
0.215494499,6771
0.215506821,6770
0.215541916,6769
0.215548829,6768
0.215555093,6767
0.215562658,6766
0.215569483,6765
0.215575774,6764
0.215581774,6763
0.215702009,6762
0.215736047,6761
0.215775104,6760
0.215782151,6759
0.215789219,6758
0.215803692,6757
0.215816663,6756
0.215824941,6755
0.215835146,6754
0.21584076,6753
0.215850045,6752
0.21585627,6751
0.215865468,6750
0.21587182,6749
0.215880216,6748
0.215891012,6747
0.215899235,6746
0.215905666,6745
0.215911195,6744
0.215915799,6743
0.215920034,6742
0.215926338,6741
0.215931993,6740
0.215938874,6739
0.215945745,6738
0.215954671,6737
0.215963909,6736
0.216018401,6735
0.216075101,6734
0.216086507,6733
0.216098079,6732
0.216103925,6731
0.216110814,6730
0.216117127,6729
0.216122118,6728
0.216126762,6727
0.21613599,6726
0.216141436,6725
0.216175281,6724
0.216180914,6723
0.216185521,6722
0.21618996,6721
0.216194912,6720
0.216199472,6719
0.216203668,6718
0.21621804,6717
0.21622277,6716
0.216226886,6715
0.216232917,6714
0.21623914,6713
0.21629463,6712
0.216301229,6711
0.216306151,6710
0.216311873,6709
0.216317224,6708
0.21632247,6707
0.21632777,6706
0.216334827,6705
0.216342732,6704
0.216354348,6703
0.216359308,6702
0.216396984,6701
0.216400955,6700
0.216404865,6699
0.21641057,6698
0.216414243,6697
0.216417951,6696
0.216422466,6695
0.216426707,6694
0.21643034,6693
0.216434277,6692
0.216440678,6691
0.216444195,6690
0.216449206,6689
0.216452852,6688
0.216457711,6687
0.216463551,6686
0.216470271,6685
0.216476591,6684
0.216488367,6683
0.21649581,6682
0.216508198,6681
0.2165137,6680
0.216520198,6679
0.216524993,6678
0.216528772,6677
0.216532536,6676
0.216536109,6675
0.216571689,6674
0.216575382,6673
0.216592694,6672
0.21659678,6671
0.216600552,6670
0.216604168,6669
0.216607813,6668
0.216611467,6667
0.216614784,6666
0.216619657,6665
0.216623195,6664
0.21662698,6663
0.216631646,6662
0.216635437,6661
0.216639534,6660
0.21664323,6659
0.216647052,6658
0.21665071,6657
0.216654676,6656
0.216658375,6655
0.216663382,6654
0.216667067,6653
0.216671713,6652
0.21667574,6651
0.216679627,6650
0.21668357,6649
0.216687329,6648
0.216691565,6647
0.21669542,6646
0.216700396,6645
0.216704205,6644
0.216709077,6643
0.216713042,6642
0.217278923,6641
0.217283909,6640
0.217290013,6639
0.217294688,6638
0.21730167,6637
0.217305655,6636
0.217340252,6635
0.217346843,6634
0.2173512,6633
0.21735515,6632
0.217387473,6631
0.21744887,6630
0.217555471,6629
0.217563551,6628
0.217570959,6627
0.217579363,6626
0.2175836,6625
0.21758868,6624
0.217592657,6623
0.217596693,6622
0.217599972,6621
0.217603456,6620
0.217606834,6619
0.217610315,6618
0.217613846,6617
0.217617365,6616
0.217622897,6615
0.217626188,6614
0.217629642,6613
0.217632826,6612
0.217636006,6611
0.217639275,6610
0.217644193,6609
0.217647785,6608
0.217651456,6607
0.217655326,6606
0.217665806,6605
0.21767242,6604
0.217678478,6603
0.21768384,6602
0.21768866,6601
0.217693156,6600
0.217697874,6599
0.21770301,6598
0.217708025,6597
0.21773612,6596
0.217741179,6595
0.217744747,6594
0.217748226,6593
0.217752085,6592
0.217757912,6591
0.21776111,6590
0.217764474,6589
0.217767637,6588
0.217772107,6587
0.217775675,6586
0.21778419,6585
0.21778861,6584
0.217794949,6583
0.217798806,6582
0.217802176,6581
0.217806047,6580
0.217811266,6579
0.217814645,6578
0.217817885,6577
0.217821247,6576
0.217824817,6575
0.21782832,6574
0.217832327,6573
0.217835775,6572
0.217840479,6571
0.217845325,6570
0.217848628,6569
0.217852288,6568
0.217870093,6567
0.217874607,6566
0.217878099,6565
0.217881482,6564
0.217884917,6563
0.217889954,6562
0.217893933,6561
0.217897524,6560
0.21790127,6559
0.217904704,6558
0.217908159,6557
0.217911624,6556
0.217914922,6555
0.217920689,6554
0.217924209,6553
0.217927784,6552
0.21793222,6551
0.217935993,6550
0.217939632,6549
0.217943859,6548
0.217947075,6547
0.217950249,6546
0.217954065,6545
0.217957456,6544
0.21796091,6543
0.217964136,6542
0.217967356,6541
0.217970609,6540
0.217973942,6539
0.217977528,6538
0.217980797,6537
0.217984244,6536
0.217987551,6535
0.217991149,6534
0.217994598,6533
0.217999193,6532
0.218003425,6531
0.218008265,6530
0.218012967,6529
0.218017458,6528
0.218022025,6527
0.218028722,6526
0.218035458,6525
0.218039647,6524
0.218044403,6523
0.218049018,6522
0.218054415,6521
0.218059566,6520
0.218064053,6519
0.218068617,6518
0.218073561,6517
0.218077979,6516
0.21808243,6515
0.218087067,6514
0.218093715,6513
0.218098085,6512
0.218102709,6511
0.218107096,6510
0.218111439,6509
0.218116987,6508
0.218126425,6507
0.21813235,6506
0.218139581,6505
0.218144819,6504
0.218154152,6503
0.218159435,6502
0.218169205,6501
0.218174976,6500
0.218180026,6499
0.21818598,6498
0.218190621,6497
0.218195555,6496
0.218200348,6495
0.218205073,6494
0.218210066,6493
0.218215078,6492
0.218220258,6491
0.218224458,6490
0.21822812,6489
0.218231516,6488
0.218235081,6487
0.218238816,6486
0.218242136,6485
0.218245373,6484
0.218248863,6483
0.218252155,6482
0.218255477,6481
0.218258661,6480
0.218262285,6479
0.218265652,6478
0.218268834,6477
0.218272067,6476
0.218275474,6475
0.218278679,6474
0.21828192,6473
0.218304785,6472
0.218308083,6471
0.218311526,6470
0.218314868,6469
0.21831815,6468
0.218321571,6467
0.218326016,6466
0.21833073,6465
0.218336264,6464
0.218342032,6463
0.218347291,6462
0.218354569,6461
0.218362756,6460
0.218395437,6459
0.218400493,6458
0.218404242,6457
0.218407863,6456
0.218411499,6455
0.218416232,6454
0.218419748,6453
0.218423393,6452
0.218427078,6451
0.218432054,6450
0.218436956,6449
0.218440692,6448
0.218444533,6447
0.218448395,6446
0.218452247,6445
0.218455962,6444
0.218459352,6443
0.218462831,6442
0.218466431,6441
0.218470628,6440
0.218476456,6439
0.218488522,6438
0.218497385,6437
0.218501921,6436
0.218506621,6435
0.218511584,6434
0.218515354,6433
0.218519431,6432
0.219026582,6431
0.219035721,6430
0.219047622,6429
0.219066351,6428
0.219069871,6427
0.219072925,6426
0.219075856,6425
0.219079349,6424
0.219082205,6423
0.21908582,6422
0.219089006,6421
0.219091855,6420
0.219095857,6419
0.219098951,6418
0.219101803,6417
0.21910473,6416
0.219107376,6415
0.2191099,6414
0.219114479,6413
0.219118578,6412
0.219122008,6411
0.219128862,6410
0.219132263,6409
0.219135849,6408
0.219139726,6407
0.219142886,6406
0.219145526,6405
0.219148126,6404
0.219152243,6403
0.219155753,6402
0.219159636,6401
0.219163285,6400
0.219167665,6399
0.219171491,6398
0.219175179,6397
0.219178724,6396
0.219183291,6395
0.219186432,6394
0.219191829,6393
0.219195474,6392
0.219198808,6391
0.219201691,6390
0.219205396,6389
0.219208235,6388
0.219210858,6387
0.219213616,6386
0.219217443,6385
0.219220449,6384
0.21922353,6383
0.219226484,6382
0.21922914,6381
0.219231739,6380
0.219234294,6379
0.219240498,6378
0.219243291,6377
0.219248662,6376
0.219254174,6375
0.219258414,6374
0.219261809,6373
0.219266463,6372
0.219270383,6371
0.219273669,6370
0.21927828,6369
0.21928195,6368
0.219285297,6367
0.219290091,6366
0.219293386,6365
0.219296702,6364
0.219299613,6363
0.2193032,6362
0.219306434,6361
0.219309825,6360
0.219312487,6359
0.219670783,6358
0.219674304,6357
0.219677411,6356
0.219681238,6355
0.219685404,6354
0.219688528,6353
0.219692945,6352
0.219697529,6351
0.219701018,6350
0.219704476,6349
0.219708924,6348
0.219713714,6347
0.219720439,6346
0.21972476,6345
0.219728846,6344
0.219732334,6343
0.219735349,6342
0.219738464,6341
0.219741478,6340
0.219745656,6339
0.219748506,6338
0.219751463,6337
0.219754823,6336
0.219757743,6335
0.219760759,6334
0.219764805,6333
0.219770305,6332
0.219809531,6331
0.219814685,6330
0.219826612,6329
0.219830926,6328
0.219835045,6327
0.219840035,6326
0.21984445,6325
0.219849867,6324
0.219854126,6323
0.219857366,6322
0.219860992,6321
0.219863964,6320
0.219866963,6319
0.219870749,6318
0.219875014,6317
0.219883607,6316
0.219888264,6315
0.219893083,6314
0.219901343,6313
0.219905456,6312
0.219909358,6311
0.219912871,6310
0.219916255,6309
0.219920862,6308
0.219924063,6307
0.219926994,6306
0.219934237,6305
0.219937369,6304
0.219940482,6303
0.219945778,6302
0.219948641,6301
0.219951861,6300
0.219954733,6299
0.21995759,6298
0.21996053,6297
0.219963213,6296
0.219968545,6295
0.219975591,6294
0.219978707,6293
0.219981986,6292
0.219987317,6291
0.219990259,6290
0.219995826,6289
0.219999083,6288
0.220002244,6287
0.220005133,6286
0.22000821,6285
0.220011044,6284
0.220017117,6283
0.220019871,6282
0.220022811,6281
0.22002554,6280
0.22002851,6279
0.220031523,6278
0.220034102,6277
0.220038261,6276
0.220041768,6275
0.220045811,6274
0.220048969,6273
0.220053242,6272
0.220056624,6271
0.220060683,6270
0.220063795,6269
0.220069213,6268
0.220075251,6267
0.220078119,6266
0.22008226,6265
0.22008782,6264
0.220090904,6263
0.220094245,6262
0.220097282,6261
0.220100246,6260
0.220103621,6259
0.22010689,6258
0.220110219,6257
0.220113491,6256
0.220119568,6255
0.220122478,6254
0.220125497,6253
0.220130554,6252
0.220134172,6251
0.220137079,6250
0.22014013,6249
0.220143363,6248
0.220146622,6247
0.220149679,6246
0.220154672,6245
0.220157416,6244
0.220162946,6243
0.220166469,6242
0.220169435,6241
0.220172358,6240
0.22017671,6239
0.220180908,6238
0.220186328,6237
0.220189198,6236
0.220192692,6235
0.220196102,6234
0.220198987,6233
0.220201945,6232
0.220205098,6231
0.220208389,6230
0.220211397,6229
0.220216397,6228
0.220219556,6227
0.220222814,6226
0.220228168,6225
0.220231944,6224
0.220240929,6223
0.220245795,6222
0.22024917,6221
0.220253042,6220
0.220256228,6219
0.220260131,6218
0.220264343,6217
0.220267422,6216
0.220271163,6215
0.220275159,6214
0.220277647,6213
0.220280464,6212
0.220283151,6211
0.220287519,6210
0.220296518,6209
0.220335822,6208
0.220372579,6207
0.220409887,6206
0.220422668,6205
0.220428174,6204
0.220432327,6203
0.22044458,6202
0.220448515,6201
0.220456166,6200
0.220459996,6199
0.220464743,6198
0.22046836,6197
0.220472171,6196
0.220475826,6195
0.220479342,6194
0.220482991,6193
0.220487798,6192
0.22049396,6191
0.220498097,6190
0.220502079,6189
0.220506078,6188
0.220510382,6187
0.2205145,6186
0.220518438,6185
0.220524856,6184
0.2205351,6183
0.220540253,6182
0.220544559,6181
0.22054904,6180
0.220552631,6179
0.220557339,6178
0.220561652,6177
0.220568034,6176
0.220572002,6175
0.220575923,6174
0.220582045,6173
0.220585921,6172
0.220590006,6171
0.220593986,6170
0.221174609,6169
0.221188572,6168
0.221194842,6167
0.221198941,6166
0.221202887,6165
0.221206107,6164
0.221213404,6163
0.221216718,6162
0.221222954,6161
0.221225874,6160
0.221228621,6159
0.221231938,6158
0.221236115,6157
0.221239043,6156
0.221241997,6155
0.221246002,6154
0.221248785,6153
0.221255136,6152
0.221259287,6151
0.221263915,6150
0.221270773,6149
0.2212766,6148
0.221281056,6147
0.22128808,6146
0.221293931,6145
0.221299478,6144
0.22130358,6143
0.221307904,6142
0.221311694,6141
0.22131602,6140
0.221350438,6139
0.22135464,6138
0.221360073,6137
0.221401855,6136
0.221409916,6135
0.221415135,6134
0.221420079,6133
0.221423195,6132
0.221426387,6131
0.221432096,6130
0.221436,6129
0.221440138,6128
0.221444015,6127
0.221447789,6126
0.221453021,6125
0.221458267,6124
0.22146631,6123
0.221469896,6122
0.221474526,6121
0.221479054,6120
0.221482172,6119
0.221485468,6118
0.221488769,6117
0.221491805,6116
0.22149506,6115
0.221500295,6114
0.221504036,6113
0.221508554,6112
0.221512695,6111
0.221518668,6110
0.221523226,6109
0.221527986,6108
0.221532468,6107
0.221535666,6106
0.221538649,6105
0.221542579,6104
0.221545664,6103
0.221548905,6102
0.221551555,6101
0.22155567,6100
0.221559778,6099
0.221562958,6098
0.221566454,6097
0.22157026,6096
0.221574353,6095
0.221579043,6094
0.221583113,6093
0.221588875,6092
0.221595017,6091
0.221598791,6090
0.221604701,6089
0.221608839,6088
0.221611929,6087
0.221615739,6086
0.221620128,6085
0.221623191,6084
0.221626076,6083
0.221999717,6082
0.222003307,6081
0.222044336,6080
0.222048248,6079
0.222051697,6078
0.222056074,6077
0.222059229,6076
0.222062843,6075
0.222129934,6074
0.222152015,6073
0.222155063,6072
0.222158643,6071
0.222161715,6070
0.222164652,6069
0.222172194,6068
0.222174872,6067
0.222177613,6066
0.222181369,6065
0.222185785,6064
0.222191471,6063
0.222194848,6062
0.222201993,6061
0.222205099,6060
0.222207535,6059
0.222212097,6058
0.222231245,6057
0.22223662,6056
0.222241994,6055
0.222249737,6054
0.222294105,6053
0.222298466,6052
0.22230462,6051
0.222308742,6050
0.222314453,6049
0.222318849,6048
0.222324496,6047
0.222328705,6046
0.222332454,6045
0.222337953,6044
0.22234177,6043
0.22234589,6042
0.222352116,6041
0.222356528,6040
0.222366618,6039
0.222396914,6038
0.222401507,6037
0.222406276,6036
0.222411756,6035
0.222415513,6034
0.222419417,6033
0.222424749,6032
0.222428991,6031
0.222433373,6030
0.222440839,6029
0.222446079,6028
0.222450638,6027
0.222455228,6026
0.222460093,6025
0.22247205,6024
0.222476209,6023
0.222480461,6022
0.222484798,6021
0.222488405,6020
0.222493452,6019
0.222497035,6018
0.222501254,6017
0.222507456,6016
0.22251088,6015
0.222514675,6014
0.222519069,6013
0.22254182,6012
0.222545933,6011
0.222557093,6010
0.222560561,6009
0.222564333,6008
0.222567625,6007
0.222571573,6006
0.222575673,6005
0.222583345,6004
0.222588889,6003
0.222594082,6002
0.222599452,6001
0.222634307,6000
0.222638514,5999
0.222643273,5998
0.222647633,5997
0.222653042,5996
0.222663044,5995
0.222666948,5994
0.222672789,5993
0.222678078,5992
0.222681604,5991
0.222685459,5990
0.22268946,5989
0.222693444,5988
0.222697434,5987
0.222704678,5986
0.222715076,5985
0.222719005,5984
0.22272426,5983
0.22273567,5982
0.222739354,5981
0.222743764,5980
0.222747095,5979
0.222750202,5978
0.222753412,5977
0.222756629,5976
0.222761856,5975
0.222764897,5974
0.222768669,5973
0.22277201,5972
0.222774808,5971
0.222777869,5970
0.222781098,5969
0.222783995,5968
0.222787438,5967
0.222790641,5966
0.222795433,5965
0.222799792,5964
0.222808237,5963
0.222818542,5962
0.222823668,5961
0.22282742,5960
0.222831608,5959
0.222835756,5958
0.222840611,5957
0.222845683,5956
0.222850298,5955
0.222857223,5954
0.22286724,5953
0.222876766,5952
0.22288141,5951
0.222885976,5950
0.2228917,5949
0.222899428,5948
0.222904649,5947
0.222908708,5946
0.222912957,5945
0.222919449,5944
0.222923893,5943
0.222928108,5942
0.222932176,5941
0.222936261,5940
0.222940136,5939
0.222948859,5938
0.222956694,5937
0.222963867,5936
0.22296804,5935
0.222972573,5934
0.222977172,5933
0.222981781,5932
0.222985998,5931
0.222990104,5930
0.222995204,5929
0.222999761,5928
0.223003924,5927
0.22301014,5926
0.223014578,5925
0.223018803,5924
0.223022887,5923
0.223027897,5922
0.223031935,5921
0.223039175,5920
0.223044129,5919
0.22304802,5918
0.223051503,5917
0.223062789,5916
0.223076345,5915
0.22308072,5914
0.223088636,5913
0.223092765,5912
0.223096574,5911
0.223100389,5910
0.22310466,5909
0.223110513,5908
0.223115752,5907
0.223122577,5906
0.223126946,5905
0.223131875,5904
0.223136006,5903
0.223140749,5902
0.223145203,5901
0.223149601,5900
0.223155694,5899
0.223162202,5898
0.223168395,5897
0.223172616,5896
0.223176824,5895
0.223184446,5894
0.223190127,5893
0.223194595,5892
0.223201097,5891
0.223207111,5890
0.22321185,5889
0.223219879,5888
0.223228012,5887
0.22323577,5886
0.223240062,5885
0.223244879,5884
0.223249425,5883
0.223254914,5882
0.223260333,5881
0.223264802,5880
0.223270204,5879
0.223274457,5878
0.223279133,5877
0.223290731,5876
0.223295496,5875
0.223300397,5874
0.223305154,5873
0.223309608,5872
0.223314056,5871
0.223318182,5870
0.223353672,5869
0.223359098,5868
0.223363878,5867
0.223368664,5866
0.22340471,5865
0.223408648,5864
0.223416209,5863
0.223432788,5862
0.223437512,5861
0.223444334,5860
0.223453226,5859
0.223457286,5858
0.223463774,5857
0.223468013,5856
0.223472426,5855
0.223476355,5854
0.22348209,5853
0.223489268,5852
0.223493686,5851
0.223497726,5850
0.223501999,5849
0.223506261,5848
0.223510741,5847
0.22351688,5846
0.223524918,5845
0.223531028,5844
0.223535108,5843
0.223539018,5842
0.223543153,5841
0.223547577,5840
0.223551496,5839
0.223555469,5838
0.223559642,5837
0.223567385,5836
0.223575641,5835
0.22357967,5834
0.223583575,5833
0.223587587,5832
0.223599256,5831
0.223603181,5830
0.223609068,5829
0.223613125,5828
0.223617551,5827
0.223621929,5826
0.223626176,5825
0.223629965,5824
0.2236352,5823
0.223640242,5822
0.223644187,5821
0.223648269,5820
0.223654114,5819
0.223658089,5818
0.223664164,5817
0.22366822,5816
0.223672102,5815
0.223676658,5814
0.223681954,5813
0.223686177,5812
0.22369035,5811
0.223694333,5810
0.223698521,5809
0.223702426,5808
0.223710494,5807
0.223714742,5806
0.223718943,5805
0.223724389,5804
0.224346607,5803
0.224355263,5802
0.224360662,5801
0.224367462,5800
0.224403974,5799
0.224408591,5798
0.224444331,5797
0.22445051,5796
0.224457677,5795
0.224461881,5794
0.224468084,5793
0.224475986,5792
0.224486227,5791
0.224534973,5790
0.224544797,5789
0.224552122,5788
0.224558328,5787
0.224563496,5786
0.224568529,5785
0.224575086,5784
0.224580019,5783
0.22458494,5782
0.224589087,5781
0.224593584,5780
0.224598026,5779
0.224602451,5778
0.224606901,5777
0.224611344,5776
0.224615943,5775
0.224621427,5774
0.224629734,5773
0.224639274,5772
0.224645232,5771
0.22464936,5770
0.224655428,5769
0.22466365,5768
0.224671676,5767
0.224678218,5766
0.224682455,5765
0.224688547,5764
0.224693211,5763
0.224702114,5762
0.224706325,5761
0.224712577,5760
0.224718094,5759
0.224725172,5758
0.22473071,5757
0.224735516,5756
0.224739666,5755
0.224746161,5754
0.224753462,5753
0.224898622,5752
0.22538857,5751
0.225406908,5750
0.225416485,5749
0.225424979,5748
0.225431252,5747
0.225442654,5746
0.225449428,5745
0.225453022,5744
0.225456615,5743
0.225459954,5742
0.225463464,5741
0.225466915,5740
0.225470453,5739
0.225478545,5738
0.225484564,5737
0.225489114,5736
0.225494266,5735
0.225500786,5734
0.225507243,5733
0.225515861,5732
0.225520004,5731
0.22552436,5730
0.225530913,5729
0.2255401,5728
0.225544302,5727
0.225553675,5726
0.22556387,5725
0.225568476,5724
0.225574571,5723
0.225582105,5722
0.225587026,5721
0.225591527,5720
0.225599442,5719
0.225603463,5718
0.225608245,5717
0.225614147,5716
0.22561878,5715
0.225622603,5714
0.225626751,5713
0.225632806,5712
0.225640358,5711
0.225645014,5710
0.225649804,5709
0.225661552,5708
0.225665479,5707
0.22566952,5706
0.225675024,5705
0.225679798,5704
0.225686323,5703
0.225690474,5702
0.225694909,5701
0.225700857,5700
0.225704871,5699
0.225708954,5698
0.225712964,5697
0.225717246,5696
0.228641294,5695
0.228651565,5694
0.228656238,5693
0.228660637,5692
0.228667227,5691
0.228672007,5690
0.228676705,5689
0.228684784,5688
0.228747886,5687
0.230780395,5686
0.23079159,5685
0.230827812,5684
0.23085832,5683
0.230865271,5682
0.230869874,5681
0.230874581,5680
0.230884172,5679
0.230889607,5678
0.230897602,5677
0.230906813,5676
0.230912024,5675
0.230919795,5674
0.230924519,5673
0.230929272,5672
0.230934187,5671
0.230939696,5670
0.230944583,5669
0.230994837,5668
0.231030772,5667
0.231037455,5666
0.231044974,5665
0.231084143,5664
0.231088876,5663
0.231095283,5662
0.231099716,5661
0.231105429,5660
0.231109796,5659
0.231114707,5658
0.231122085,5657
0.231128874,5656
0.231136386,5655
0.231143888,5654
0.23114863,5653
0.231154252,5652
0.231160645,5651
0.231167618,5650
0.231176076,5649
0.231181356,5648
0.231188867,5647
0.231198649,5646
0.231203282,5645
0.231209641,5644
0.231213883,5643
0.231247887,5642
0.231253568,5641
0.231260998,5640
0.231271024,5639
0.231276479,5638
0.231282498,5637
0.231287229,5636
0.231292788,5635
0.231302554,5634
0.23131164,5633
0.231315956,5632
0.231326792,5631
0.23133204,5630
0.231339556,5629
0.231344939,5628
0.231349003,5627
0.231358956,5626
0.231363555,5625
0.2313711,5624
0.231374668,5623
0.231378564,5622
0.231385291,5621
0.231389156,5620
0.231392536,5619
0.231397396,5618
0.231410087,5617
0.231415901,5616
0.231419692,5615
0.231427954,5614
0.231437877,5613
0.231443107,5612
0.231450664,5611
0.231460349,5610
0.231466954,5609
0.231473765,5608
0.231480831,5607
0.23148562,5606
0.231501884,5605
0.23151063,5604
0.231517895,5603
0.231523512,5602
0.2315333,5601
0.231540399,5600
0.231574463,5599
0.231586743,5598
0.231593002,5597
0.231602368,5596
0.231606639,5595
0.231614886,5594
0.231620951,5593
0.231627717,5592
0.231638365,5591
0.231643464,5590
0.231648185,5589
0.231652373,5588
0.231657957,5587
0.23166193,5586
0.231671311,5585
0.231675594,5584
0.231681785,5583
0.231685592,5582
0.231690374,5581
0.231698197,5580
0.231706275,5579
0.231737161,5578
0.231742072,5577
0.231748842,5576
0.231752699,5575
0.231756033,5574
0.231760094,5573
0.231767281,5572
0.231770087,5571
0.231773751,5570
0.231778551,5569
0.231791159,5568
0.231798384,5567
0.231803007,5566
0.231810164,5565
0.23181817,5564
0.232224353,5563
0.232227905,5562
0.232231284,5561
0.23223589,5560
0.23224008,5559
0.23224337,5558
0.232248637,5557
0.232255729,5556
0.232261148,5555
0.232267816,5554
0.232272825,5553
0.232277056,5552
0.232281169,5551
0.232285201,5550
0.232289491,5549
0.232297418,5548
0.232303751,5547
0.232307492,5546
0.232315405,5545
0.232320271,5544
0.232326241,5543
0.232331582,5542
0.232338565,5541
0.232347424,5540
0.232353428,5539
0.232360688,5538
0.232369366,5537
0.232373418,5536
0.232382358,5535
0.232387076,5534
0.232394357,5533
0.23239941,5532
0.232404873,5531
0.232410146,5530
0.232418636,5529
0.232426515,5528
0.232435751,5527
0.232444819,5526
0.232449534,5525
0.232454112,5524
0.232458304,5523
0.232464862,5522
0.232471184,5521
0.232487839,5520
0.232494441,5519
0.232498082,5518
0.232502029,5517
0.232510306,5516
0.232513814,5515
0.232522649,5514
0.232565133,5513
0.232571482,5512
0.232581317,5511
0.232586635,5510
0.232591569,5509
0.232600196,5508
0.232671575,5507
0.2326777,5506
0.232683341,5505
0.232687469,5504
0.232692997,5503
0.232701023,5502
0.232737496,5501
0.232742098,5500
0.232746843,5499
0.232757639,5498
0.232761723,5497
0.232766317,5496
0.232774299,5495
0.232778375,5494
0.23278234,5493
0.232786048,5492
0.232790405,5491
0.232794718,5490
0.232802662,5489
0.232817636,5488
0.232828091,5487
0.232833668,5486
0.232840782,5485
0.232849277,5484
0.232855182,5483
0.232859157,5482
0.23286549,5481
0.232871244,5480
0.232886502,5479
0.232893032,5478
0.232901661,5477
0.23290646,5476
0.232916554,5475
0.232921665,5474
0.232928095,5473
0.232938419,5472
0.232943574,5471
0.232949512,5470
0.23295406,5469
0.232961262,5468
0.232969624,5467
0.23297376,5466
0.232983645,5465
0.232988481,5464
0.232992778,5463
0.232996837,5462
0.233004653,5461
0.233010028,5460
0.233014114,5459
0.233025857,5458
0.233029815,5457
0.233044267,5456
0.233048438,5455
0.233052508,5454
0.233058736,5453
0.233070967,5452
0.233114964,5451
0.233120452,5450
0.233132375,5449
0.233151933,5448
0.233157302,5447
0.233163861,5446
0.243411676,5445
0.243417599,5444
0.243425427,5443
0.243460334,5442
0.243480573,5441
0.243485228,5440
0.243494309,5439
0.243499373,5438
0.243504826,5437
0.243508602,5436
0.243513998,5435
0.243525245,5434
0.243532474,5433
0.243536745,5432
0.243540706,5431
0.243546016,5430
0.243557901,5429
0.243569711,5428
0.243578837,5427
0.243584202,5426
0.24359342,5425
0.243601269,5424
0.243607691,5423
0.243615076,5422
0.243620862,5421
0.24362794,5420
0.243633222,5419
0.243641813,5418
0.24364599,5417
0.243663732,5416
0.243669364,5415
0.243675449,5414
0.24368366,5413
0.243691757,5412
0.243699242,5411
0.243704201,5410
0.243711117,5409
0.243722872,5408
0.243727647,5407
0.243731773,5406
0.243740666,5405
0.243744855,5404
0.243749087,5403
0.243755354,5402
0.243759689,5401
0.243768762,5400
0.243772464,5399
0.243778528,5398
0.243782238,5397
0.243789748,5396
0.243798091,5395
0.243808419,5394
0.243814357,5393
0.243829456,5392
0.24383741,5391
0.243848516,5390
0.243852669,5389
0.24386482,5388
0.243868544,5387
0.243874892,5386
0.243880509,5385
0.243885202,5384
0.243893185,5383
0.243898069,5382
0.243903871,5381
0.24390963,5380
0.243945574,5379
0.243951301,5378
0.243954379,5377
0.243960705,5376
0.244446491,5375
0.244453163,5374
0.244501271,5373
0.244505784,5372
0.244527655,5371
0.244534567,5370
0.244551402,5369
0.244555537,5368
0.244559003,5367
0.244568678,5366
0.244578002,5365
0.244586029,5364
0.244592312,5363
0.244601026,5362
0.244605773,5361
0.244617592,5360
0.244632563,5359
0.244639419,5358
0.24464678,5357
0.24465314,5356
0.244657339,5355
0.244665356,5354
0.244671403,5353
0.244680595,5352
0.244686295,5351
0.244692411,5350
0.244697115,5349
0.24470786,5348
0.244714412,5347
0.244719647,5346
0.244725,5345
0.244732013,5344
0.244781122,5343
0.244788709,5342
0.244807275,5341
0.244827593,5340
0.24483807,5339
0.24484273,5338
0.244852361,5337
0.244862165,5336
0.244873931,5335
0.244879817,5334
0.244885633,5333
0.244897443,5332
0.244905089,5331
0.244911011,5330
0.244926492,5329
0.244932255,5328
0.244939825,5327
0.244944297,5326
0.244963727,5325
0.245109581,5324
0.245459908,5323
0.245471638,5322
0.245514538,5321
0.245522607,5320
0.245528023,5319
0.245535199,5318
0.245540929,5317
0.245547172,5316
0.245551298,5315
0.245555236,5314
0.245560538,5313
0.245565042,5312
0.245573839,5311
0.245577603,5310
0.245584781,5309
0.24559004,5308
0.245595939,5307
0.245599489,5306
0.245605186,5305
0.245609593,5304
0.245618919,5303
0.245623245,5302
0.245631248,5301
0.245640155,5300
0.245643677,5299
0.24568004,5298
0.245684831,5297
0.245692562,5296
0.245700695,5295
0.245716413,5294
0.245759806,5293
0.245768984,5292
0.245776514,5291
0.245782909,5290
0.245802574,5289
0.245807543,5288
0.245818017,5287
0.245823419,5286
0.245885645,5285
0.245890158,5284
0.245896593,5283
0.245914864,5282
0.245926117,5281
0.245929769,5280
0.245934921,5279
0.245941104,5278
0.245947874,5277
0.245954178,5276
0.245957512,5275
0.246006629,5274
0.246010041,5273
0.246018093,5272
0.246023982,5271
0.246034291,5270
0.246055324,5269
0.246062628,5268
0.24608016,5267
0.246086021,5266
0.246097732,5265
0.246118047,5264
0.246136608,5263
0.24615058,5262
0.246155147,5261
0.246159522,5260
0.246164541,5259
0.246179869,5258
0.246191844,5257
0.24619828,5256
0.246202812,5255
0.24620753,5254
0.246225818,5253
0.246239978,5252
0.246244755,5251
0.246252516,5250
0.246258739,5249
0.246266754,5248
0.246274594,5247
0.246281155,5246
0.246290214,5245
0.246299689,5244
0.246311897,5243
0.246317127,5242
0.246321352,5241
0.246342717,5240
0.246347316,5239
0.246358057,5238
0.246364302,5237
0.246370107,5236
0.246373957,5235
0.246380448,5234
0.246384817,5233
0.246900207,5232
0.246906503,5231
0.246915431,5230
0.246926635,5229
0.246935233,5228
0.246943235,5227
0.246952802,5226
0.246959999,5225
0.246965456,5224
0.246972346,5223
0.246979068,5222
0.246982257,5221
0.246988351,5220
0.247010093,5219
0.247018741,5218
0.247023313,5217
0.247030751,5216
0.247041754,5215
0.247050384,5214
0.247059248,5213
0.247062867,5212
0.247067076,5211
0.247074714,5210
0.247100205,5209
0.247104298,5208
0.247108443,5207
0.247128685,5206
0.247155555,5205
0.24716062,5204
0.247164237,5203
0.24718958,5202
0.247194339,5201
0.24719763,5200
0.247204344,5199
0.247207824,5198
0.247211878,5197
0.247215625,5196
0.247219541,5195
0.247224906,5194
0.247228107,5193
0.247250247,5192
0.247257145,5191
0.247265039,5190
0.247420537,5189
0.24743565,5188
0.247441287,5187
0.247446976,5186
0.24747258,5185
0.247481524,5184
0.247515568,5183
0.247520308,5182
0.247525717,5181
0.247561564,5180
0.247636449,5179
0.247659026,5178
0.247699814,5177
0.247713793,5176
0.247739671,5175
0.247751115,5174
0.247756046,5173
0.247762261,5172
0.247771429,5171
0.247774789,5170
0.247778499,5169
0.247812324,5168
0.247845581,5167
0.247851899,5166
0.247883369,5165
0.247903988,5164
0.247916604,5163
0.247931921,5162
0.247938249,5161
0.24794472,5160
0.247952212,5159
0.247961117,5158
0.247982986,5157
0.248010353,5156
0.248015043,5155
0.248023329,5154
0.248027108,5153
0.24804069,5152
0.248054439,5151
0.248066474,5150
0.24807181,5149
0.248075229,5148
0.248078444,5147
0.248121817,5146
0.248167928,5145
0.248211375,5144
0.248216802,5143
0.248224155,5142
0.248236995,5141
0.248254678,5140
0.248266391,5139
0.248278696,5138
0.248288242,5137
0.248296103,5136
0.248300832,5135
0.248309212,5134
0.248382616,5133
0.248399849,5132
0.248407215,5131
0.248416407,5130
0.248423536,5129
0.248442837,5128
0.248446356,5127
0.248452117,5126
0.248460726,5125
0.248465537,5124
0.24847515,5123
0.248491845,5122
0.248496435,5121
0.248510725,5120
0.24852677,5119
0.248536447,5118
0.248547919,5117
0.248557094,5116
0.248571414,5115
0.248578375,5114
0.248584372,5113
0.248603971,5112
0.248627552,5111
0.24863479,5110
0.248638316,5109
0.248643104,5108
0.248661804,5107
0.248677169,5106
0.249046708,5105
0.249050841,5104
0.249062232,5103
0.249080936,5102
0.249090418,5101
0.249110849,5100
0.249116339,5099
0.249125872,5098
0.249143474,5097
0.249218354,5096
0.249236511,5095
0.249263481,5094
0.249286541,5093
0.24932301,5092
0.2493445,5091
0.249371355,5090
0.24937922,5089
0.249432147,5088
0.249454422,5087
0.24946214,5086
0.24946969,5085
0.249479887,5084
0.249494186,5083
0.249507524,5082
0.24952258,5081
0.249537835,5080
0.275937471,5079
0.275945979,5078
0.275981276,5077
0.275986234,5076
0.275996358,5075
0.276000444,5074
0.276008213,5073
0.276017119,5072
0.276026791,5071
0.276032122,5070
0.276041489,5069
0.276080208,5068
0.276089733,5067
0.276094509,5066
0.276103496,5065
0.276112657,5064
0.276120284,5063
0.276124981,5062
0.27613077,5061
0.276134737,5060
0.276138257,5059
0.276151334,5058
0.276166429,5057
0.276183337,5056
0.276190078,5055
0.276195422,5054
0.27620484,5053
0.276211506,5052
0.27622711,5051
0.276237946,5050
0.276241424,5049
0.276254335,5048
0.276257872,5047
0.276262529,5046
0.27626923,5045
0.276278528,5044
0.276296148,5043
0.276302374,5042
0.276321291,5041
0.276324717,5040
0.276335515,5039
0.276339561,5038
0.27634357,5037
0.276347845,5036
0.276352799,5035
0.27635668,5034
0.276362203,5033
0.276369512,5032
0.276378481,5031
0.276388888,5030
0.276393093,5029
0.27639722,5028
0.276412874,5027
0.276417674,5026
0.276427047,5025
0.276431506,5024
0.276437952,5023
0.276453844,5022
0.276458961,5021
0.27646555,5020
0.276474605,5019
0.276500798,5018
0.276506858,5017
0.276513966,5016
0.276519759,5015
0.276530612,5014
0.276566292,5013
0.276572867,5012
0.276580245,5011
0.276626839,5010
0.276632124,5009
0.276671425,5008
0.276697515,5007
0.276739668,5006
0.276743467,5005
0.276775754,5004
0.27689925,5003
0.276916318,5002
0.27693019,5001
0.27696962,5000
0.276992296,4999
0.277001789,4998
0.277010555,4997
0.277016064,4996
0.277023875,4995
0.277055435,4994
0.277059893,4993
0.277064009,4992
0.277099154,4991
0.27711179,4990
0.277117894,4989
0.27772578,4988
0.277735363,4987
0.277745032,4986
0.277779872,4985
0.277790013,4984
0.277796389,4983
0.277831577,4982
0.277883181,4981
0.277927951,4980
0.277969206,4979
0.278048991,4978
0.278069664,4977
0.278073737,4976
0.278082479,4975
0.27810047,4974
0.278108203,4973
0.278115234,4972
0.278148436,4971
0.278154335,4970
0.278186894,4969
0.278201635,4968
0.278207978,4967
0.278216938,4966
0.278227489,4965
0.279026903,4964
0.279074359,4963
0.279079856,4962
0.279085676,4961
0.279138686,4960
0.279190623,4959
0.279202909,4958
0.279216865,4957
0.279232023,4956
0.279266401,4955
0.279277355,4954
0.279335213,4953
0.279353348,4952
0.279387977,4951
0.279397892,4950
0.27940504,4949
0.279412017,4948
0.279487222,4947
0.279536108,4946
0.279541986,4945
0.279554492,4944
0.27959195,4943
0.279601612,4942
0.27960998,4941
0.279615,4940
0.27962198,4939
0.279632856,4938
0.279642037,4937
0.279646535,4936
0.279651622,4935
0.279657973,4934
0.279661463,4933
0.279673668,4932
0.27968314,4931
0.279696357,4930
0.279699791,4929
0.279726414,4928
0.279732854,4927
0.279737072,4926
0.279742606,4925
0.279749321,4924
0.279776435,4923
0.279785658,4922
0.279798668,4921
0.279803188,4920
0.279806795,4919
0.279818132,4918
0.279900957,4917
0.280882,4916
0.28092308,4915
0.280969437,4914
0.281011998,4913
0.281023998,4912
0.2810296,4911
0.281090623,4910
0.281135963,4909
0.281148369,4908
0.281154762,4907
0.281160598,4906
0.2812079,4905
0.28126227,4904
0.28126733,4903
0.281285824,4902
0.281336549,4901
0.281381128,4900
0.281389455,4899
0.292842535,4898
0.292877167,4897
0.292882118,4896
0.292917524,4895
0.292923866,4894
0.29293424,4893
0.292983651,4892
0.292989767,4891
0.293030365,4890
0.293049489,4889
0.293058616,4888
0.293063149,4887
0.293069379,4886
0.293101603,4885
0.29310911,4884
0.293134503,4883
0.293142174,4882
0.293161505,4881
0.293200872,4880
0.293246361,4879
0.293253133,4878
0.293258679,4877
0.293293854,4876
0.293322305,4875
0.293330718,4874
0.293340039,4873
0.293373222,4872
0.293390507,4871
0.29345996,4870
0.293465599,4869
0.293477144,4868
0.293520488,4867
0.293527459,4866
0.293532673,4865
0.293998472,4864
0.294008007,4863
0.294023684,4862
0.294027054,4861
0.294030947,4860
0.294040163,4859
0.294050763,4858
0.294056307,4857
0.294092034,4856
0.294136087,4855
0.294143134,4854
0.294146995,4853
0.294153487,4852
0.294160704,4851
0.294197764,4850
0.294201915,4849
0.294241979,4848
0.294258564,4847
0.294266976,4846
0.294281959,4845
0.294295821,4844
0.294301081,4843
0.29430507,4842
0.294328598,4841
0.294398861,4840
0.29440267,4839
0.294421542,4838
0.294439915,4837
0.294474884,4836
0.294506155,4835
0.294513912,4834
0.294517923,4833
0.294525377,4832
0.294528155,4831
0.294547026,4830
0.294551793,4829
0.294560337,4828
0.294567406,4827
0.294583335,4826
0.294588373,4825
0.29461505,4824
0.294628609,4823
0.294631566,4822
0.294955426,4821
0.294983256,4820
0.294986275,4819
0.294994278,4818
0.295000992,4817
0.295053489,4816
0.295089183,4815
0.295095787,4814
0.295104577,4813
0.295117842,4812
0.295168925,4811
0.295172499,4810
0.295176867,4809
0.295195096,4808
0.295232215,4807
0.295235818,4806
0.295244028,4805
0.295247383,4804
0.295280035,4803
0.295293198,4802
0.295321933,4801
0.29533169,4800
0.295389745,4799
0.295399403,4798
0.295403636,4797
0.295407922,4796
0.295701792,4795
0.295706543,4794
0.295763502,4793
0.295770125,4792
0.295776569,4791
0.295785683,4790
0.295815876,4789
0.295856813,4788
0.295899164,4787
0.295910774,4786
0.295969032,4785
0.295988463,4784
0.296008287,4783
0.296018845,4782
0.296023741,4781
0.296061041,4780
0.296066173,4779
0.296069361,4778
0.296075885,4777
0.296251301,4776
0.296256021,4775
0.296268167,4774
0.296273786,4773
0.296278478,4772
0.296297363,4771
0.296314359,4770
0.296347936,4769
0.296352901,4768
0.29636219,4767
0.296365913,4766
0.296403938,4765
0.296586215,4764
0.296600042,4763
0.296619172,4762
0.296628387,4761
0.296637812,4760
0.296746742,4759
0.296765696,4758
0.29688425,4757
0.296911868,4756
0.297237184,4755
0.297249694,4754
0.297399138,4753
0.297438763,4752
0.297693753,4751
0.491090073,4750
0.513193004,4749
0.567358955,4748
0.587527033,4747
0.619255032,4746
0.655370663,4745
0.69117394,4744
0.800046282,4743
0.832289455,4742
0.862372887,4741
0.879811168,4740
0.942013188,4739
0.957659148,4738
0.980179351,4737
0.996573517,4736
1.019910886,4735
1.046136248,4734
1.061088993,4733
1.082365725,4732
1.091855174,4731
1.110273939,4730
1.119404813,4729
1.125924917,4728
1.135342888,4727
1.166103082,4726
1.179364196,4725
1.197196055,4724
1.205423563,4723
1.227694437,4722
1.241121057,4721
1.253730839,4720
1.275695577,4719
1.2906036,4718
1.308889794,4717
1.334573575,4716
1.361999893,4715
1.396130365,4714
1.425732529,4713
1.449230463,4712
1.47351564,4711
1.481461642,4710
1.494132951,4709
1.501206149,4708
1.509723676,4707
1.524417827,4706
1.543409584,4705
1.565796468,4704
1.577403159,4703
1.605988136,4702
1.622255097,4701
1.646358162,4700
1.659521734,4699
1.667706084,4698
1.67683431,4697
1.700484054,4696
1.708517891,4695
1.723229031,4694
1.744525427,4693
1.762810667,4692
1.782376383,4691
1.794573611,4690
1.803909842,4689
1.834107278,4688
1.871653894,4687
1.909832427,4686
1.953655151,4685
1.965113783,4684
1.977491632,4683
2.004561898,4682
2.018338887,4681
2.036651371,4680
2.053182652,4679
2.064890629,4678
2.077769649,4677
2.102327375,4676
2.151544866,4675
2.158278351,4674
2.167168733,4673
2.181918727,4672
2.187275405,4671
2.204908276,4670
2.215432327,4669
2.223286781,4668
2.2369573,4667
2.248706988,4666
2.254389216,4665
2.265387401,4664
2.275951504,4663
2.28888328,4662
2.331308238,4661
2.35283835,4660
2.381033752,4659
2.390454732,4658
2.416333593,4657
2.437954385,4656
2.453106019,4655
2.471113165,4654
2.481455211,4653
2.497065356,4652
2.519059369,4651
2.538348588,4650
2.554092768,4649
2.584924925,4648
2.641275277,4647
2.652688,4646
2.683239498,4645
2.756787614,4644
2.769886823,4643
2.797761749,4642
2.80827456,4641
2.85533246,4640
2.864588823,4639
2.89629567,4638
2.910572303,4637
2.925887005,4636
2.947429957,4635
2.963604766,4634
3.011507453,4633
3.039112226,4632
3.148303408,4631
3.162401735,4630
3.170566808,4629
3.185094052,4628
3.230311766,4627
3.312940695,4626
3.320027475,4625
3.329448545,4624
3.347328805,4623
3.431230706,4622
3.674826759,4621
3.816585077,4620
3.856977718,4619
4.002814942,4618
4.113557884,4617
4.256843876,4616
4.299544843,4615
4.437340923,4614
