0.783543152,10181
0.78362423,10180
0.783675091,10179
0.783732629,10178
0.783807695,10177
0.783837713,10176
0.783866096,10175
0.783874639,10174
0.783890046,10173
0.783906368,10172
0.78391665,10171
0.78394619,10170
0.783955949,10169
0.783994461,10168
0.784004562,10167
0.784016783,10166
0.784028058,10165
0.784042518,10164
0.784079496,10163
0.784089662,10162
0.784101612,10161
0.78411356,10160
0.784125336,10159
0.784136776,10158
0.784149427,10157
0.784161739,10156
0.784215845,10155
0.784226191,10154
0.784234458,10153
0.784285634,10152
0.784294582,10151
0.784301673,10150
0.784314209,10149
0.784323125,10148
0.784331782,10147
0.784339648,10146
0.784347465,10145
0.784356098,10144
0.784362505,10143
0.784368287,10142
0.784373787,10141
0.784379204,10140
0.784385296,10139
0.784391046,10138
0.784396797,10137
0.784401962,10136
0.784406882,10135
0.784412201,10134
0.784417258,10133
0.784422719,10132
0.784428086,10131
0.784435863,10130
0.784443659,10129
0.78445172,10128
0.784460293,10127
0.784465727,10126
0.784471234,10125
0.784476367,10124
0.784485721,10123
0.78449227,10122
0.784497862,10121
0.784507684,10120
0.784518893,10119
0.784533135,10118
0.78454496,10117
0.784580646,10116
0.784588072,10115
0.784593717,10114
0.78459904,10113
0.78460456,10112
0.78460987,10111
0.784615249,10110
0.784661374,10109
0.784666747,10108
0.784671742,10107
0.784677306,10106
0.784683146,10105
0.784712266,10104
0.784723825,10103
0.784733079,10102
0.784741165,10101
0.784748684,10100
0.784786137,10099
0.784795286,10098
0.784834324,10097
0.784846385,10096
0.784892885,10095
0.784923926,10094
0.785022466,10093
0.785039011,10092
0.785052537,10091
0.785061163,10090
0.785085067,10089
0.785153913,10088
0.78528797,10087
0.785301997,10086
0.785321337,10085
0.785346949,10084
0.785370506,10083
0.785386563,10082
0.785407809,10081
0.785425691,10080
0.785435084,10079
0.785444328,10078
0.785482153,10077
0.785495233,10076
0.785502977,10075
0.785509815,10074
0.78551659,10073
0.78558844,10072
0.809379419,10071
0.80977246,10070
0.809787975,10069
0.809828784,10068
0.809868474,10067
0.80988034,10066
0.809888398,10065
0.809895376,10064
0.809947706,10063
0.810001503,10062
0.810009107,10061
0.810057922,10060
0.810066247,10059
0.810076538,10058
0.810138585,10057
0.810249673,10056
0.810259895,10055
0.81031028,10054
0.810317307,10053
0.810326293,10052
0.810332706,10051
0.810339015,10050
0.810346438,10049
0.810352589,10048
0.81037615,10047
0.810383089,10046
0.810388856,10045
0.810394738,10044
0.810399959,10043
0.81040607,10042
0.810411386,10041
0.810416625,10040
0.81042242,10039
0.810428272,10038
0.810433379,10037
0.810437839,10036
0.810441407,10035
0.810444955,10034
0.810449607,10033
0.810456737,10032
0.810461396,10031
0.810519744,10030
0.810532179,10029
0.81056303,10028
0.810569494,10027
0.810581519,10026
0.810589688,10025
0.810595594,10024
0.810603145,10023
0.810608326,10022
0.810614011,10021
0.810629797,10020
0.810659378,10019
0.81066926,10018
0.810679705,10017
0.810688843,10016
0.810701693,10015
0.810712688,10014
0.810740729,10013
0.810749509,10012
0.810757662,10011
0.81077721,10010
0.810789341,10009
0.810835816,10008
0.810893744,10007
0.81090667,10006
0.810923712,10005
0.810931943,10004
0.810937291,10003
0.810942183,10002
0.810946795,10001
0.810952486,10000
0.810957347,9999
0.810961883,9998
0.810966837,9997
0.810971708,9996
0.810976723,9995
0.810990072,9994
0.811001405,9993
0.811006644,9992
0.811020257,9991
0.811030964,9990
0.811049219,9989
0.81701233,9988
0.817025092,9987
0.817031676,9986
0.81703801,9985
0.817042917,9984
0.817049912,9983
0.817055863,9982
0.817060775,9981
0.817065383,9980
0.817069888,9979
0.817074123,9978
0.817077768,9977
0.817083741,9976
0.81708863,9975
0.817092634,9974
0.817118457,9973
0.817122262,9972
0.817126182,9971
0.817131181,9970
0.81713597,9969
0.817140817,9968
0.817144722,9967
0.817148712,9966
0.81715459,9965
0.81716,9964
0.817165011,9963
0.817170404,9962
0.817175767,9961
0.817181037,9960
0.817186231,9959
0.817190921,9958
0.817196966,9957
0.817202809,9956
0.817209342,9955
0.817224403,9954
0.817229416,9953
0.817233857,9952
0.817238418,9951
0.817242139,9950
0.817261395,9949
0.817265768,9948
0.817269597,9947
0.81727467,9946
0.817280184,9945
0.817284808,9944
0.817289469,9943
0.817300611,9942
0.817389508,9941
0.817398472,9940
0.817495956,9939
0.81750515,9938
0.817513771,9937
0.817530429,9936
0.817535769,9935
0.817539583,9934
0.817543191,9933
0.817546675,9932
0.8175505,9931
0.81755383,9930
0.817558183,9929
0.8175616,9928
0.817565134,9927
0.817570353,9926
0.817574469,9925
0.817577511,9924
0.817580841,9923
0.817583893,9922
0.817587281,9921
0.817600113,9920
0.817610587,9919
0.817618015,9918
0.817632322,9917
0.81763855,9916
0.817643576,9915
0.817704773,9914
0.817709693,9913
0.817714641,9912
0.817719021,9911
0.817724096,9910
0.817764428,9909
0.81779848,9908
0.817860065,9907
0.817864294,9906
0.81789443,9905
0.817941413,9904
0.817957955,9903
0.817962627,9902
0.817967186,9901
0.817971952,9900
0.817976334,9899
0.817995941,9898
0.81803269,9897
0.818045938,9896
0.818051449,9895
0.818086236,9894
0.818092068,9893
0.818097166,9892
0.818102255,9891
0.818132699,9890
0.818159307,9889
0.818188527,9888
0.818194112,9887
0.81819865,9886
0.818222135,9885
0.81822606,9884
0.818230057,9883
0.818233782,9882
0.818239005,9881
0.818269367,9880
0.818278639,9879
0.818282558,9878
0.818286764,9877
0.818319963,9876
0.818348607,9875
0.818375218,9874
0.818379247,9873
0.818388647,9872
0.818419754,9871
0.818486081,9870
0.818498447,9869
0.818530077,9868
0.818533945,9867
0.81853847,9866
0.818543164,9865
0.818576751,9864
0.818615716,9863
0.818620602,9862
0.81862481,9861
0.818637579,9860
0.818641637,9859
0.818645664,9858
0.818649501,9857
0.818653122,9856
0.818657158,9855
0.818660339,9854
0.818663181,9853
0.818666421,9852
0.81867168,9851
0.818674891,9850
0.818677922,9849
0.81868204,9848
0.818684871,9847
0.818688821,9846
0.818691788,9845
0.818694861,9844
0.818698052,9843
0.818701139,9842
0.818704869,9841
0.818708273,9840
0.818711714,9839
0.818715631,9838
0.818718727,9837
0.818721616,9836
0.818724468,9835
0.81872722,9834
0.818731127,9833
0.818733968,9832
0.818737423,9831
0.818740729,9830
0.818744523,9829
0.818747989,9828
0.818751112,9827
0.81875387,9826
0.818756866,9825
0.818759875,9824
0.81876462,9823
0.818768691,9822
0.818772853,9821
0.818776454,9820
0.818780216,9819
0.818784212,9818
0.818788424,9817
0.818792703,9816
0.818796493,9815
0.818801223,9814
0.818805225,9813
0.818809315,9812
0.818812363,9811
0.818820985,9810
0.818828705,9809
0.818834171,9808
0.818838339,9807
0.818846104,9806
0.818857933,9805
0.818866662,9804
0.819039207,9803
0.819064888,9802
0.819070696,9801
0.819075191,9800
0.81907955,9799
0.819091925,9798
0.819095657,9797
0.819098964,9796
0.819103411,9795
0.819170311,9794
0.819177131,9793
0.819224002,9792
0.819234894,9791
0.819270839,9790
0.819276249,9789
0.819286519,9788
0.819291111,9787
0.819295186,9786
0.819304979,9785
0.819308792,9784
0.819315052,9783
0.81931989,9782
0.819323411,9781
0.819327501,9780
0.81939376,9779
0.819903057,9778
0.819910231,9777
0.819914774,9776
0.819944759,9775
0.819949001,9774
0.819978284,9773
0.819982004,9772
0.820015872,9771
0.820020177,9770
0.820024337,9769
0.820027673,9768
0.820031537,9767
0.820034929,9766
0.820038968,9765
0.820042787,9764
0.820046585,9763
0.820050227,9762
0.820053719,9761
0.820056954,9760
0.820060512,9759
0.82006433,9758
0.82006793,9757
0.820071138,9756
0.820074709,9755
0.820077831,9754
0.820081863,9753
0.820085245,9752
0.820088656,9751
0.820092344,9750
0.82009576,9749
0.820099161,9748
0.820102459,9747
0.820106696,9746
0.820111475,9745
0.820115188,9744
0.820118329,9743
0.820121185,9742
0.820129067,9741
0.820178881,9740
0.82018225,9739
0.820185082,9738
0.820187831,9737
0.820190936,9736
0.820193911,9735
0.820196781,9734
0.820219852,9733
0.820223299,9732
0.820227402,9731
0.820230565,9730
0.820234086,9729
0.82023663,9728
0.820239906,9727
0.820242276,9726
0.820244854,9725
0.820247274,9724
0.820249565,9723
0.820252536,9722
0.820254759,9721
0.820257041,9720
0.820259851,9719
0.820262896,9718
0.820265929,9717
0.820268256,9716
0.820272289,9715
0.820276261,9714
0.820280267,9713
0.820299513,9712
0.820303215,9711
0.8203082,9710
0.82031182,9709
0.820315301,9708
0.820318607,9707
0.820322304,9706
0.820325583,9705
0.820328808,9704
0.820331988,9703
0.820335983,9702
0.820339909,9701
0.820343599,9700
0.820347259,9699
0.82035058,9698
0.820354607,9697
0.82035846,9696
0.820361934,9695
0.820366047,9694
0.820376952,9693
0.820381007,9692
0.820414149,9691
0.820425201,9690
0.820429331,9689
0.820434218,9688
0.820453444,9687
0.8204713,9686
0.820480699,9685
0.82049189,9684
0.820495605,9683
0.820498932,9682
0.820501772,9681
0.820504985,9680
0.820509023,9679
0.820512657,9678
0.820516193,9677
0.820519664,9676
0.820523443,9675
0.820528393,9674
0.820532408,9673
0.820536586,9672
0.82054573,9671
0.82063567,9670
0.820649213,9669
0.820726094,9668
0.820738997,9667
0.820750836,9666
0.820754791,9665
0.820757996,9664
0.82076142,9663
0.820764469,9662
0.820767454,9661
0.820771064,9660
0.820775016,9659
0.820778331,9658
0.820781839,9657
0.820785324,9656
0.820790135,9655
0.820793346,9654
0.820796688,9653
0.820800057,9652
0.820803597,9651
0.820807192,9650
0.820810711,9649
0.820814006,9648
0.820817101,9647
0.820820592,9646
0.820824299,9645
0.820834797,9644
0.820838742,9643
0.820843059,9642
0.820847051,9641
0.820850697,9640
0.820855259,9639
0.820858561,9638
0.820862778,9637
0.82086639,9636
0.820870029,9635
0.820873478,9634
0.82087809,9633
0.820881796,9632
0.820885612,9631
0.820889408,9630
0.820892892,9629
0.820896484,9628
0.820900305,9627
0.820904138,9626
0.820907482,9625
0.820910521,9624
0.820913557,9623
0.8209174,9622
0.820920744,9621
0.820924091,9620
0.82092823,9619
0.820932729,9618
0.820942758,9617
0.820946953,9616
0.820950874,9615
0.820954579,9614
0.820958658,9613
0.820962655,9612
0.820966048,9611
0.820969137,9610
0.820973712,9609
0.820975974,9608
0.820979118,9607
0.820982194,9606
0.820985426,9605
0.820988701,9604
0.820991493,9603
0.820994825,9602
0.820998381,9601
0.821001542,9600
0.821004991,9599
0.82102269,9598
0.82102671,9597
0.82103027,9596
0.821034239,9595
0.821037916,9594
0.821040456,9593
0.821043318,9592
0.821046436,9591
0.821049561,9590
0.821056973,9589
0.821060393,9588
0.821064034,9587
0.821067278,9586
0.821070619,9585
0.821073517,9584
0.821076737,9583
0.821080039,9582
0.82108609,9581
0.821089743,9580
0.821093893,9579
0.821102228,9578
0.821106183,9577
0.821110199,9576
0.821166924,9575
0.821171536,9574
0.821176152,9573
0.821179502,9572
0.821182386,9571
0.821185619,9570
0.821189051,9569
0.82119241,9568
0.821195144,9567
0.821198105,9566
0.821200881,9565
0.821203501,9564
0.821206713,9563
0.821209366,9562
0.821212222,9561
0.821214822,9560
0.821217422,9559
0.821219903,9558
0.82122231,9557
0.821224773,9556
0.821227958,9555
0.821230432,9554
0.821232603,9553
0.821235084,9552
0.821237351,9551
0.821239437,9550
0.821241742,9549
0.821244057,9548
0.821246465,9547
0.821248497,9546
0.82125074,9545
0.821252766,9544
0.821254876,9543
0.821257687,9542
0.821259952,9541
0.821262048,9540
0.821267696,9539
0.821271843,9538
0.821275751,9537
0.821278846,9536
0.821281854,9535
0.82128506,9534
0.821288491,9533
0.82129134,9532
0.821294082,9531
0.821297,9530
0.821300085,9529
0.821302952,9528
0.821311066,9527
0.821313853,9526
0.821316956,9525
0.821319624,9524
0.821322489,9523
0.821325234,9522
0.821327849,9521
0.821330837,9520
0.821333829,9519
0.821336821,9518
0.821339475,9517
0.82134231,9516
0.821345532,9515
0.821348517,9514
0.821353601,9513
0.821357001,9512
0.821360173,9511
0.821363596,9510
0.821366831,9509
0.821370528,9508
0.821375851,9507
0.821381867,9506
0.821384819,9505
0.821387227,9504
0.821389492,9503
0.821392456,9502
0.821395181,9501
0.821398143,9500
0.821401205,9499
0.82140384,9498
0.821406086,9497
0.821408136,9496
0.821411356,9495
0.821413831,9494
0.821416362,9493
0.821418664,9492
0.821421114,9491
0.821423557,9490
0.821425521,9489
0.821428028,9488
0.821430073,9487
0.821432128,9486
0.821434098,9485
0.821436007,9484
0.821438163,9483
0.821440153,9482
0.821442593,9481
0.821444801,9480
0.821446842,9479
0.821448843,9478
0.821452883,9477
0.821455753,9476
0.821458673,9475
0.821461174,9474
0.821463266,9473
0.821466146,9472
0.821469568,9471
0.821472812,9470
0.821475654,9469
0.821478712,9468
0.821481913,9467
0.821485102,9466
0.821489037,9465
0.821492735,9464
0.821497296,9463
0.821501635,9462
0.821506166,9461
0.821510059,9460
0.821514132,9459
0.821518156,9458
0.821522286,9457
0.821537271,9456
0.821541961,9455
0.821545551,9454
0.821549026,9453
0.821552781,9452
0.821556191,9451
0.821560765,9450
0.821571476,9449
0.821575234,9448
0.821579234,9447
0.821584754,9446
0.821589548,9445
0.821593571,9444
0.82160021,9443
0.821608272,9442
0.821612339,9441
0.821616819,9440
0.821620216,9439
0.821622951,9438
0.821625304,9437
0.821627895,9436
0.821630143,9435
0.821632346,9434
0.821634616,9433
0.821636909,9432
0.821639082,9431
0.821641222,9430
0.821643282,9429
0.821645505,9428
0.821647785,9427
0.821649666,9426
0.821651704,9425
0.821653895,9424
0.821656039,9423
0.821658221,9422
0.821660336,9421
0.821662454,9420
0.821664489,9419
0.821666468,9418
0.821668563,9417
0.82167076,9416
0.821672679,9415
0.821674854,9414
0.821677004,9413
0.821680316,9412
0.821719094,9411
0.8217229,9410
0.821726391,9409
0.821729477,9408
0.821732554,9407
0.821735422,9406
0.821738383,9405
0.821741026,9404
0.821744129,9403
0.821746912,9402
0.821749985,9401
0.821753631,9400
0.821756681,9399
0.821759502,9398
0.821762356,9397
0.821765029,9396
0.821767238,9395
0.821769321,9394
0.821772774,9393
0.821775627,9392
0.821778946,9391
0.821782116,9390
0.82178493,9389
0.821787716,9388
0.821790733,9387
0.821793599,9386
0.821796445,9385
0.821799457,9384
0.821802902,9383
0.821806283,9382
0.82180992,9381
0.82181279,9380
0.821815649,9379
0.82181844,9378
0.821821236,9377
0.821823782,9376
0.821826429,9375
0.821828944,9374
0.82183187,9373
0.821834455,9372
0.821837469,9371
0.8218405,9370
0.821843366,9369
0.821846365,9368
0.821849642,9367
0.821852514,9366
0.821855248,9365
0.82185839,9364
0.821861321,9363
0.821864044,9362
0.82186669,9361
0.821869674,9360
0.82187234,9359
0.821877258,9358
0.82188018,9357
0.821883006,9356
0.821885652,9355
0.821888215,9354
0.821890692,9353
0.821893544,9352
0.821896824,9351
0.821899725,9350
0.821902892,9349
0.821905766,9348
0.821908526,9347
0.821911554,9346
0.821914797,9345
0.821917659,9344
0.82192004,9343
0.821922857,9342
0.821925315,9341
0.821928197,9340
0.821931218,9339
0.821933831,9338
0.821936422,9337
0.821939687,9336
0.821943375,9335
0.821946201,9334
0.821949338,9333
0.821952296,9332
0.821955143,9331
0.821958441,9330
0.821961169,9329
0.82196394,9328
0.821967105,9327
0.821970191,9326
0.821973503,9325
0.821976182,9324
0.821978811,9323
0.821981694,9322
0.821984294,9321
0.821986817,9320
0.821989169,9319
0.821991688,9318
0.821994777,9317
0.821997556,9316
0.822000179,9315
0.822002593,9314
0.822004796,9313
0.822007003,9312
0.822010209,9311
0.822012612,9310
0.822015046,9309
0.822017476,9308
0.822019908,9307
0.822022323,9306
0.822024774,9305
0.822027225,9304
0.822029615,9303
0.822032419,9302
0.822035398,9301
0.82203847,9300
0.822042002,9299
0.82204587,9298
0.82204879,9297
0.82205258,9296
0.822056177,9295
0.822059609,9294
0.822062946,9293
0.822066093,9292
0.822069283,9291
0.822072517,9290
0.822075938,9289
0.822079401,9288
0.822082567,9287
0.82208543,9286
0.822088742,9285
0.822096231,9284
0.822099587,9283
0.822102445,9282
0.822105978,9281
0.822108761,9280
0.822111635,9279
0.822114321,9278
0.822116901,9277
0.822119882,9276
0.822122789,9275
0.822126001,9274
0.822128961,9273
0.822133907,9272
0.822136836,9271
0.822139673,9270
0.822143024,9269
0.822151463,9268
0.822157387,9267
0.822160977,9266
0.822164627,9265
0.822168348,9264
0.822171723,9263
0.822174783,9262
0.822178125,9261
0.822181265,9260
0.822184296,9259
0.822195025,9258
0.822198749,9257
0.822202434,9256
0.822206048,9255
0.822209224,9254
0.822212521,9253
0.822249646,9252
0.822252636,9251
0.822255576,9250
0.822258728,9249
0.822261986,9248
0.822265156,9247
0.822268525,9246
0.822271674,9245
0.82227544,9244
0.822278861,9243
0.822281939,9242
0.822285349,9241
0.82228922,9240
0.822292448,9239
0.822295884,9238
0.822300034,9237
0.822303652,9236
0.82230721,9235
0.822310544,9234
0.822329165,9233
0.822332619,9232
0.822336344,9231
0.822339795,9230
0.822343046,9229
0.822346093,9228
0.822349277,9227
0.822352584,9226
0.82235633,9225
0.822359867,9224
0.822363081,9223
0.822366553,9222
0.822370182,9221
0.822373897,9220
0.822530751,9219
0.822541712,9218
0.822545875,9217
0.822549383,9216
0.822552726,9215
0.822555591,9214
0.822559618,9213
0.822562873,9212
0.82256578,9211
0.822568471,9210
0.822571301,9209
0.822574524,9208
0.822577316,9207
0.822579916,9206
0.822582909,9205
0.822585537,9204
0.822587957,9203
0.822590294,9202
0.822593482,9201
0.822596417,9200
0.822599341,9199
0.822602125,9198
0.822604766,9197
0.822608127,9196
0.822610989,9195
0.822613591,9194
0.822616364,9193
0.822618937,9192
0.822621051,9191
0.822624206,9190
0.822627388,9189
0.822630367,9188
0.822633105,9187
0.822636241,9186
0.822639249,9185
0.822641694,9184
0.822644043,9183
0.822646573,9182
0.82267197,9181
0.822675449,9180
0.822678079,9179
0.822680573,9178
0.822683627,9177
0.822686444,9176
0.822689195,9175
0.822691686,9174
0.822694056,9173
0.822696441,9172
0.822698873,9171
0.822701149,9170
0.822703495,9169
0.822705672,9168
0.822707839,9167
0.822710255,9166
0.822712583,9165
0.822714694,9164
0.82271679,9163
0.82271889,9162
0.822721259,9161
0.822723433,9160
0.82272575,9159
0.822728019,9158
0.822730223,9157
0.822732534,9156
0.822734971,9155
0.822737381,9154
0.822739712,9153
0.822741869,9152
0.822744309,9151
0.822746631,9150
0.822748831,9149
0.822751021,9148
0.822753166,9147
0.822755439,9146
0.822757871,9145
0.822760367,9144
0.822762699,9143
0.822764732,9142
0.822766842,9141
0.822768883,9140
0.822771025,9139
0.822773229,9138
0.822775266,9137
0.822777367,9136
0.822779509,9135
0.822781701,9134
0.822783813,9133
0.822786073,9132
0.822788177,9131
0.822790446,9130
0.822792567,9129
0.822795462,9128
0.822798226,9127
0.822800889,9126
0.822803973,9125
0.822807299,9124
0.822809964,9123
0.822812876,9122
0.822815228,9121
0.822818436,9120
0.822821753,9119
0.822823962,9118
0.822826055,9117
0.822829279,9116
0.822832134,9115
0.822834917,9114
0.822837434,9113
0.822840077,9112
0.822842374,9111
0.822845011,9110
0.822847146,9109
0.822849651,9108
0.822852308,9107
0.82285496,9106
0.822858314,9105
0.822860846,9104
0.822863469,9103
0.822865795,9102
0.822867974,9101
0.822870416,9100
0.82287278,9099
0.82287608,9098
0.822878909,9097
0.822880831,9096
0.822883449,9095
0.822886924,9094
0.822890339,9093
0.822893501,9092
0.822896632,9091
0.822899563,9090
0.822902726,9089
0.822906276,9088
0.822909264,9087
0.82291272,9086
0.822915797,9085
0.822919207,9084
0.822922418,9083
0.822929904,9082
0.822933219,9081
0.822936172,9080
0.822939107,9079
0.822942128,9078
0.822944998,9077
0.822947976,9076
0.822950924,9075
0.822954037,9074
0.822956737,9073
0.822960212,9072
0.822963027,9071
0.822965967,9070
0.822969152,9069
0.822972341,9068
0.822974873,9067
0.82297772,9066
0.822980701,9065
0.822983471,9064
0.822986807,9063
0.822990109,9062
0.822992996,9061
0.822996145,9060
0.822999128,9059
0.823001943,9058
0.823004688,9057
0.823007521,9056
0.823010319,9055
0.823013158,9054
0.823015811,9053
0.823018435,9052
0.823045722,9051
0.823049307,9050
0.823059667,9049
0.823074786,9048
0.823078329,9047
0.823081032,9046
0.823083738,9045
0.823086469,9044
0.82308923,9043
0.823092195,9042
0.823095193,9041
0.823097778,9040
0.823100618,9039
0.823102881,9038
0.823105563,9037
0.823107846,9036
0.823110587,9035
0.823113303,9034
0.823116104,9033
0.823118473,9032
0.823123221,9031
0.823126892,9030
0.823129402,9029
0.823131815,9028
0.823135156,9027
0.823137847,9026
0.823140208,9025
0.823142265,9024
0.823144856,9023
0.823147877,9022
0.823152247,9021
0.823156027,9020
0.823159753,9019
0.823162964,9018
0.823165604,9017
0.823167939,9016
0.823170425,9015
0.823173137,9014
0.823176688,9013
0.823180344,9012
0.823183457,9011
0.823186486,9010
0.823189346,9009
0.823191948,9008
0.823194683,9007
0.823197453,9006
0.823200374,9005
0.823203282,9004
0.823206105,9003
0.823208976,9002
0.823212404,9001
0.823215641,9000
0.823218524,8999
0.82322148,8998
0.823223964,8997
0.823226671,8996
0.823229603,8995
0.823232198,8994
0.823234956,8993
0.823237427,8992
0.823240032,8991
0.823242651,8990
0.823245207,8989
0.823247987,8988
0.823250453,8987
0.823253934,8986
0.82325636,8985
0.823259119,8984
0.823262383,8983
0.823265291,8982
0.823268373,8981
0.823271129,8980
0.8232746,8979
0.823277563,8978
0.823280625,8977
0.823283812,8976
0.823286489,8975
0.823289623,8974
0.823292125,8973
0.82329584,8972
0.823299004,8971
0.823302559,8970
0.823305995,8969
0.823310319,8968
0.823314374,8967
0.823318336,8966
0.823322001,8965
0.823325574,8964
0.823329012,8963
0.823332638,8962
0.823336969,8961
0.82337851,8960
0.823418202,8959
0.823421865,8958
0.823425563,8957
0.823429719,8956
0.823434679,8955
0.8234421,8954
0.823445599,8953
0.823448317,8952
0.823454008,8951
0.823457491,8950
0.823463215,8949
0.82346681,8948
0.823470662,8947
0.823474331,8946
0.823478149,8945
0.823502596,8944
0.823507048,8943
0.823511175,8942
0.823515055,8941
0.823518515,8940
0.823521101,8939
0.823524367,8938
0.823528584,8937
0.823531577,8936
0.823534789,8935
0.823538313,8934
0.823541186,8933
0.823545082,8932
0.823548759,8931
0.823552055,8930
0.823555032,8929
0.823558859,8928
0.823562138,8927
0.82356483,8926
0.823567949,8925
0.82357079,8924
0.823573735,8923
0.823576631,8922
0.823579909,8921
0.82358251,8920
0.823586172,8919
0.823589231,8918
0.823592081,8917
0.823594942,8916
0.823597741,8915
0.823600448,8914
0.823603283,8913
0.823605936,8912
0.823609,8911
0.823611941,8910
0.823614755,8909
0.823617845,8908
0.823620653,8907
0.823624067,8906
0.823627144,8905
0.823631995,8904
0.823635604,8903
0.823639332,8902
0.82364379,8901
0.823647352,8900
0.823651181,8899
0.82365466,8898
0.823658136,8897
0.823661417,8896
0.823665563,8895
0.823669696,8894
0.823672855,8893
0.823675937,8892
0.823679563,8891
0.823683246,8890
0.823691386,8889
0.823699093,8888
0.823703064,8887
0.823706832,8886
0.823709948,8885
0.823718583,8884
0.823721719,8883
0.823724829,8882
0.8237281,8881
0.823731483,8880
0.823735005,8879
0.823738586,8878
0.823742176,8877
0.823745422,8876
0.823748899,8875
0.823754002,8874
0.823757982,8873
0.823761534,8872
0.823765289,8871
0.82376894,8870
0.823773527,8869
0.823777797,8868
0.823782902,8867
0.823787642,8866
0.823791405,8865
0.823795301,8864
0.823798815,8863
0.823802436,8862
0.823805332,8861
0.823808497,8860
0.823811853,8859
0.823814877,8858
0.823817654,8857
0.823821242,8856
0.823824116,8855
0.8238268,8854
0.823829215,8853
0.823831694,8852
0.823835166,8851
0.823838585,8850
0.823840976,8849
0.823843526,8848
0.823847262,8847
0.823850592,8846
0.823854103,8845
0.823857436,8844
0.823860727,8843
0.823863405,8842
0.823867586,8841
0.823870853,8840
0.82387405,8839
0.823877217,8838
0.823880568,8837
0.82388396,8836
0.823888398,8835
0.82389185,8834
0.823895791,8833
0.823914123,8832
0.823918728,8831
0.823922146,8830
0.823926186,8829
0.8239302,8828
0.823932924,8827
0.823936308,8826
0.823938956,8825
0.823941917,8824
0.823944331,8823
0.823946712,8822
0.823949801,8821
0.823952709,8820
0.823955163,8819
0.823957563,8818
0.823959779,8817
0.82396191,8816
0.823964503,8815
0.823968145,8814
0.823972428,8813
0.823976289,8812
0.823979154,8811
0.823983005,8810
0.823986875,8809
0.823990805,8808
0.824021436,8807
0.824024674,8806
0.824027412,8805
0.824031112,8804
0.824034569,8803
0.824037823,8802
0.824041461,8801
0.824044499,8800
0.824047819,8799
0.824050847,8798
0.824054225,8797
0.824057041,8796
0.824060354,8795
0.824063446,8794
0.824066437,8793
0.824069521,8792
0.824072483,8791
0.824075293,8790
0.824078639,8789
0.824081416,8788
0.824115775,8787
0.824119404,8786
0.824121888,8785
0.824125246,8784
0.82412823,8783
0.824131336,8782
0.824134692,8781
0.824137528,8780
0.824140692,8779
0.824143913,8778
0.824147036,8777
0.824150069,8776
0.824153476,8775
0.824156924,8774
0.824160244,8773
0.82416639,8772
0.824169384,8771
0.824172402,8770
0.824176009,8769
0.824179482,8768
0.824182901,8767
0.824185958,8766
0.824191295,8765
0.8241951,8764
0.82419886,8763
0.824202262,8762
0.824205666,8761
0.824208785,8760
0.824211777,8759
0.824215327,8758
0.824218402,8757
0.824221471,8756
0.82422445,8755
0.824227553,8754
0.824230654,8753
0.824233614,8752
0.824236562,8751
0.824239868,8750
0.824242989,8749
0.824246132,8748
0.824249235,8747
0.824252821,8746
0.824256173,8745
0.824259561,8744
0.824262686,8743
0.824265853,8742
0.824269038,8741
0.824272405,8740
0.824275258,8739
0.824278337,8738
0.824281136,8737
0.824284051,8736
0.824287081,8735
0.82429002,8734
0.824293679,8733
0.824296602,8732
0.824299643,8731
0.824302937,8730
0.825060068,8729
0.825066516,8728
0.825071074,8727
0.825075499,8726
0.825080178,8725
0.825084691,8724
0.825088701,8723
0.825091928,8722
0.825095534,8721
0.8250998,8720
0.825104049,8719
0.82510954,8718
0.825113134,8717
0.825133307,8716
0.825170075,8715
0.825174046,8714
0.825179196,8713
0.825182473,8712
0.825185833,8711
0.825203807,8710
0.825220013,8709
0.825226929,8708
0.825231357,8707
0.825235855,8706
0.825243634,8705
0.825249375,8704
0.825252441,8703
0.825255356,8702
0.825258805,8701
0.825261957,8700
0.825265129,8699
0.825269453,8698
0.825273169,8697
0.825278154,8696
0.825287199,8695
0.825290679,8694
0.825295098,8693
0.825298566,8692
0.825301955,8691
0.825304901,8690
0.825307853,8689
0.825311052,8688
0.825314104,8687
0.825317195,8686
0.825322676,8685
0.825325794,8684
0.825330549,8683
0.825333732,8682
0.825336436,8681
0.825339381,8680
0.825342006,8679
0.825344778,8678
0.825347525,8677
0.825351817,8676
0.82535593,8675
0.825360241,8674
0.825363694,8673
0.825367752,8672
0.825370897,8671
0.825374079,8670
0.825377603,8669
0.825381836,8668
0.825385366,8667
0.825389098,8666
0.825392155,8665
0.82539618,8664
0.825399736,8663
0.825403187,8662
0.825406631,8661
0.82540938,8660
0.825412161,8659
0.825415011,8658
0.825417683,8657
0.825420741,8656
0.825424062,8655
0.82542678,8654
0.825430101,8653
0.825467135,8652
0.825470227,8651
0.825473776,8650
0.825477845,8649
0.825481498,8648
0.825485921,8647
0.825490824,8646
0.825494207,8645
0.825497889,8644
0.825502846,8643
0.82550667,8642
0.825509704,8641
0.825514253,8640
0.825517574,8639
0.825520966,8638
0.825524085,8637
0.825529546,8636
0.825533639,8635
0.825538541,8634
0.825541464,8633
0.825545068,8632
0.82555103,8631
0.825554202,8630
0.825556851,8629
0.825560724,8628
0.825564537,8627
0.825568822,8626
0.825574171,8625
0.825577015,8624
0.825593278,8623
0.825596902,8622
0.825648016,8621
0.825651417,8620
0.825654054,8619
0.825657076,8618
0.825662283,8617
0.825665966,8616
0.825669646,8615
0.825672654,8614
0.825676187,8613
0.825679157,8612
0.825681976,8611
0.825685404,8610
0.825699574,8609
0.825703162,8608
0.825706269,8607
0.82571082,8606
0.8257533,8605
0.825756723,8604
0.825760336,8603
0.825786087,8602
0.825789053,8601
0.825792273,8600
0.825797913,8599
0.825801007,8598
0.825804457,8597
0.825810017,8596
0.825816874,8595
0.825821304,8594
0.825827118,8593
0.825832224,8592
0.825835388,8591
0.825839145,8590
0.825843343,8589
0.825846915,8588
0.825849929,8587
0.825853271,8586
0.825856588,8585
0.825860168,8584
0.82586425,8583
0.825867129,8582
0.825870211,8581
0.825873009,8580
0.825903991,8579
0.825907809,8578
0.825912458,8577
0.825916747,8576
0.825921312,8575
0.825925061,8574
0.825927928,8573
0.825931001,8572
0.825933875,8571
0.825937586,8570
0.82594173,8569
0.825944222,8568
0.825947,8567
0.825949435,8566
0.825952077,8565
0.825954666,8564
0.825957284,8563
0.825961966,8562
0.825964664,8561
0.825970237,8560
0.825972931,8559
0.825975539,8558
0.825978724,8557
0.82598268,8556
0.825985619,8555
0.825990546,8554
0.825994381,8553
0.825997288,8552
0.826000953,8551
0.826004301,8550
0.826007336,8549
0.826014732,8548
0.826017986,8547
0.826029355,8546
0.826039559,8545
0.82604396,8544
0.826047922,8543
0.826059652,8542
0.826091909,8541
0.826096636,8540
0.826102363,8539
0.826106597,8538
0.826120366,8537
0.826154086,8536
0.826159661,8535
0.826191876,8534
0.826196112,8533
0.826201418,8532
0.826205215,8531
0.82621001,8530
0.8262158,8529
0.826227361,8528
0.826231689,8527
0.826235497,8526
0.82623994,8525
0.826243286,8524
0.826247105,8523
0.826250768,8522
0.826254395,8521
0.826257552,8520
0.826261174,8519
0.82626442,8518
0.826267963,8517
0.826270968,8516
0.826274062,8515
0.826276727,8514
0.826280432,8513
0.826283212,8512
0.826285801,8511
0.826288367,8510
0.826291274,8509
0.826293661,8508
0.826296225,8507
0.826300038,8506
0.826304027,8505
0.826308369,8504
0.826313382,8503
0.826316927,8502
0.826320505,8501
0.826323837,8500
0.826327349,8499
0.826330013,8498
0.826332632,8497
0.826336708,8496
0.826339561,8495
0.826342517,8494
0.826346539,8493
0.826350189,8492
0.826352892,8491
0.826355525,8490
0.826357949,8489
0.826361236,8488
0.826363883,8487
0.826366483,8486
0.82636964,8485
0.82637267,8484
0.826375349,8483
0.826378412,8482
0.826381757,8481
0.826384803,8480
0.826402423,8479
0.826405133,8478
0.826427568,8477
0.826430891,8476
0.826435142,8475
0.826437707,8474
0.826441271,8473
0.826444293,8472
0.82644718,8471
0.826450647,8470
0.826454698,8469
0.826460098,8468
0.826464135,8467
0.826467945,8466
0.826471654,8465
0.826477269,8464
0.826481153,8463
0.826485454,8462
0.826488958,8461
0.82649339,8460
0.826497588,8459
0.826501364,8458
0.826505051,8457
0.826509166,8456
0.826513629,8455
0.826516971,8454
0.826520567,8453
0.826528188,8452
0.826534205,8451
0.826584811,8450
0.826594049,8449
0.826598111,8448
0.826601802,8447
0.826605363,8446
0.826610107,8445
0.826613405,8444
0.826617676,8443
0.826621064,8442
0.826625523,8441
0.826629894,8440
0.826634746,8439
0.826638181,8438
0.826640936,8437
0.826644255,8436
0.826665509,8435
0.826668663,8434
0.826671258,8433
0.826674022,8432
0.826676777,8431
0.826680043,8430
0.826683229,8429
0.826686179,8428
0.826690719,8427
0.826693852,8426
0.82672627,8425
0.826728878,8424
0.82673186,8423
0.826736061,8422
0.826738902,8421
0.826742249,8420
0.826745222,8419
0.82674891,8418
0.826751842,8417
0.826754661,8416
0.82675784,8415
0.826761013,8414
0.826764413,8413
0.826768146,8412
0.826787889,8411
0.826792438,8410
0.826803529,8409
0.826824309,8408
0.826827587,8407
0.826830368,8406
0.826833438,8405
0.826836946,8404
0.826839699,8403
0.826842292,8402
0.826845142,8401
0.826848505,8400
0.826853287,8399
0.826856369,8398
0.826860709,8397
0.826864633,8396
0.826889109,8395
0.826892541,8394
0.826896133,8393
0.826898882,8392
0.826901993,8391
0.826905448,8390
0.826909528,8389
0.826913608,8388
0.82691706,8387
0.82692152,8386
0.826924999,8385
0.826929461,8384
0.826933595,8383
0.826937152,8382
0.826940837,8381
0.826950822,8380
0.826954514,8379
0.826958093,8378
0.826962193,8377
0.826993259,8376
0.82699671,8375
0.827000825,8374
0.82700533,8373
0.827031056,8372
0.827057815,8371
0.827061923,8370
0.827065912,8369
0.827070144,8368
0.827073698,8367
0.827077288,8366
0.827086643,8365
0.827090499,8364
0.827099207,8363
0.827109497,8362
0.827113283,8361
0.827118208,8360
0.827123141,8359
0.82712715,8358
0.827131886,8357
0.827147576,8356
0.827151465,8355
0.827155051,8354
0.827158382,8353
0.82716195,8352
0.827166076,8351
0.827170811,8350
0.827174263,8349
0.827177431,8348
0.82718084,8347
0.827184931,8346
0.827188345,8345
0.827193529,8344
0.827197548,8343
0.827224259,8342
0.827227959,8341
0.827257953,8340
0.827261582,8339
0.827287928,8338
0.827319416,8337
0.827323032,8336
0.827353426,8335
0.827358635,8334
0.827362134,8333
0.827365956,8332
0.827372188,8331
0.827375843,8330
0.827379419,8329
0.82738341,8328
0.827387526,8327
0.827393574,8326
0.827397442,8325
0.827402048,8324
0.82741314,8323
0.827417079,8322
0.827422175,8321
0.827450335,8320
0.827479149,8319
0.827505848,8318
0.827509527,8317
0.827513222,8316
0.827517745,8315
0.827521339,8314
0.827526698,8313
0.82753011,8312
0.827533852,8311
0.827537287,8310
0.82754138,8309
0.827568266,8308
0.82759724,8307
0.827600957,8306
0.827604397,8305
0.827607915,8304
0.827611857,8303
0.827642919,8302
0.827647674,8301
0.827651139,8300
0.827654858,8299
0.827659299,8298
0.827662889,8297
0.827666541,8296
0.828468991,8295
0.828486019,8294
0.828493586,8293
0.828526619,8292
0.828531031,8291
0.82853563,8290
0.82854101,8289
0.828544773,8288
0.82855025,8287
0.828557121,8286
0.828596906,8285
0.82860864,8284
0.828647698,8283
0.82865312,8282
0.828660049,8281
0.8286658,8280
0.828707418,8279
0.828711736,8278
0.828714936,8277
0.828722084,8276
0.828728078,8275
0.8287333,8274
0.828736664,8273
0.828742352,8272
0.828746621,8271
0.828750311,8270
0.82875446,8269
0.82876863,8268
0.828772618,8267
0.828779372,8266
0.828783813,8265
0.828787704,8264
0.828791391,8263
0.828807029,8262
0.828812257,8261
0.8288187,8260
0.828822083,8259
0.828831294,8258
0.82883875,8257
0.828843579,8256
0.828849308,8255
0.828854082,8254
0.828857252,8253
0.828861165,8252
0.828871278,8251
0.828884886,8250
0.828888069,8249
0.828896779,8248
0.8289003,8247
0.828903365,8246
0.828907233,8245
0.828913256,8244
0.828919063,8243
0.828924167,8242
0.828928571,8241
0.828933971,8240
0.828937736,8239
0.828943631,8238
0.828947802,8237
0.828951666,8236
0.828954587,8235
0.828960338,8234
0.828968776,8233
0.828972966,8232
0.828977855,8231
0.828983438,8230
0.828986767,8229
0.828990937,8228
0.828994083,8227
0.829092529,8226
0.829099325,8225
0.829118423,8224
0.829126078,8223
0.829131426,8222
0.829134651,8221
0.829149006,8220
0.82915922,8219
0.82916328,8218
0.829168876,8217
0.82917332,8216
0.829183533,8215
0.829189705,8214
0.829500604,8213
0.829504227,8212
0.829508039,8211
0.829527272,8210
0.829534557,8209
0.829540428,8208
0.82954678,8207
0.829549909,8206
0.829554015,8205
0.829558402,8204
0.829562333,8203
0.829566633,8202
0.829574869,8201
0.829578802,8200
0.829584428,8199
0.829587685,8198
0.829596458,8197
0.829599602,8196
0.829604497,8195
0.829608029,8194
0.82961309,8193
0.829616677,8192
0.829621737,8191
0.829628529,8190
0.829634502,8189
0.82963689,8188
0.829639444,8187
0.829645456,8186
0.829648085,8185
0.829650901,8184
0.829653829,8183
0.829657023,8182
0.82966813,8181
0.829672052,8180
0.829675386,8179
0.829702945,8178
0.829705703,8177
0.829723131,8176
0.829726009,8175
0.829752616,8174
0.829757958,8173
0.829761609,8172
0.829769151,8171
0.829772885,8170
0.829776489,8169
0.829802073,8168
0.829808691,8167
0.829822712,8166
0.829841669,8165
0.829888611,8164
0.829917262,8163
0.82995252,8162
0.829966219,8161
0.829969592,8160
0.82997367,8159
0.829977709,8158
0.830004608,8157
0.830042549,8156
0.830060378,8155
0.830074624,8154
0.830127603,8153
0.830134565,8152
0.830168415,8151
0.830177955,8150
0.830239471,8149
0.830257525,8148
0.830305549,8147
0.83030953,8146
0.830352675,8145
0.830394899,8144
0.830441251,8143
0.830523392,8142
0.830528455,8141
0.830540355,8140
0.830554817,8139
0.830591533,8138
0.830661458,8137
0.830707537,8136
0.830748217,8135
0.830793417,8134
0.830835024,8133
0.83083992,8132
0.830884378,8131
0.830943555,8130
0.830949214,8129
0.830956647,8128
0.830962678,8127
0.831042302,8126
0.831887626,8125
0.831974708,8124
0.832030549,8123
0.832038899,8122
0.832047889,8121
0.832055749,8120
0.832122329,8119
0.832133332,8118
0.832184372,8117
0.832199349,8116
0.832240515,8115
0.832797731,8114
0.844471892,8113
0.844559203,8112
0.844624343,8111
0.844723762,8110
0.844727834,8109
0.844799524,8108
0.844907652,8107
0.849402964,8106
0.84947226,8105
0.849628087,8104
0.851037818,8103
0.851097345,8102
0.851105391,8101
0.85111078,8100
0.851116584,8099
0.851137493,8098
0.851141689,8097
0.851145094,8096
0.851150298,8095
0.851154027,8094
0.85115757,8093
0.851164086,8092
0.851181324,8091
0.851188303,8090
0.851196545,8089
0.851199866,8088
0.851205378,8087
0.851209911,8086
0.85125705,8085
0.851277691,8084
0.85140726,8083
0.851422121,8082
0.851430744,8081
0.851471374,8080
0.851480869,8079
0.851485804,8078
0.851527048,8077
0.851539768,8076
0.851560846,8075
0.851573135,8074
0.851578369,8073
0.851587654,8072
0.851596094,8071
0.851642762,8070
0.851692195,8069
0.851699195,8068
0.851707223,8067
0.851749923,8066
0.851785875,8065
0.851792449,8064
0.851797148,8063
0.851838996,8062
0.851844416,8061
0.851858771,8060
0.851873716,8059
0.851880792,8058
0.85188495,8057
0.85189006,8056
0.851895243,8055
0.851901233,8054
0.851906325,8053
0.85191719,8052
0.851922642,8051
0.85193578,8050
0.851951668,8049
0.851955337,8048
0.851958513,8047
0.85196547,8046
0.852072292,8045
0.852111722,8044
0.852119161,8043
0.852151574,8042
0.852189536,8041
0.852217028,8040
0.852224995,8039
0.852233334,8038
0.852238144,8037
0.852243182,8036
0.852247782,8035
0.852288049,8034
0.852296033,8033
0.852303445,8032
0.852316475,8031
0.852323305,8030
0.85232726,8029
0.852331715,8028
0.852370314,8027
0.852826111,8026
0.852832712,8025
0.852884557,8024
0.852929958,8023
0.8529401,8022
0.852948417,8021
0.852961902,8020
0.852971438,8019
0.852977762,8018
0.852982562,8017
0.853006644,8016
0.853033291,8015
0.853063433,8014
0.853082452,8013
0.853137073,8012
0.85316116,8011
0.853176881,8010
0.853227228,8009
0.853261785,8008
0.853273019,8007
0.853285946,8006
0.85332831,8005
0.853360309,8004
0.853378249,8003
0.853395997,8002
0.853403109,8001
0.853414128,8000
0.853429157,7999
0.853455835,7998
0.853459351,7997
0.85347313,7996
0.853480893,7995
0.853515303,7994
0.85355244,7993
0.853562154,7992
0.853566308,7991
0.853568983,7990
0.853575388,7989
0.853590102,7988
0.853599762,7987
0.853605202,7986
0.85360899,7985
0.853611833,7984
0.853618341,7983
0.853621323,7982
0.853628076,7981
0.853631321,7980
0.85363691,7979
0.853643605,7978
0.853656858,7977
0.853661972,7976
0.853677768,7975
0.853686579,7974
0.85369236,7973
0.85370219,7972
0.853706906,7971
0.853715568,7970
0.853731202,7969
0.853754189,7968
0.85376566,7967
0.853768864,7966
0.853779772,7965
0.853798621,7964
0.853805281,7963
0.853816691,7962
0.85382335,7961
0.853836927,7960
0.853866546,7959
0.853889907,7958
0.853913284,7957
0.853953537,7956
0.85396213,7955
0.853975342,7954
0.853991932,7953
0.853998477,7952
0.854002653,7951
0.854041857,7950
0.854046304,7949
0.854091196,7948
0.854139657,7947
0.854230602,7946
0.854342821,7945
0.854409274,7944
0.85441457,7943
0.85442925,7942
0.854444725,7941
0.854460679,7940
0.854506742,7939
0.854511466,7938
0.85456609,7937
0.854608778,7936
0.854670486,7935
0.854702111,7934
0.854740731,7933
0.85474895,7932
0.854759586,7931
0.854793033,7930
0.854828144,7929
0.854854018,7928
0.85487853,7927
0.854933365,7926
0.854942169,7925
0.854994031,7924
0.855009151,7923
0.855016223,7922
0.855020558,7921
0.85505008,7920
0.855138426,7919
0.855180717,7918
0.855214412,7917
0.85523754,7916
0.855264401,7915
0.855300437,7914
0.855332558,7913
0.855348209,7912
0.855402665,7911
0.855436868,7910
0.855461406,7909
0.855484268,7908
0.855487004,7907
0.855526403,7906
0.855529701,7905
0.855540403,7904
0.855561251,7903
0.855937662,7902
0.855944087,7901
0.855956912,7900
0.855962183,7899
0.855969565,7898
0.855977362,7897
0.855988004,7896
0.856000357,7895
0.856004009,7894
0.856011834,7893
0.856015665,7892
0.856019445,7891
0.856029299,7890
0.856033434,7889
0.85603706,7888
0.856045621,7887
0.856052415,7886
0.85605727,7885
0.856069254,7884
0.856076254,7883
0.856083625,7882
0.856090564,7881
0.856116777,7880
0.85612998,7879
0.856142183,7878
0.856150393,7877
0.85615995,7876
0.856163419,7875
0.856172343,7874
0.8561769,7873
0.85619639,7872
0.856223449,7871
0.856232339,7870
0.856237879,7869
0.856246617,7868
0.856251929,7867
0.856257821,7866
0.856297258,7865
0.856302226,7864
0.856317363,7863
0.856323626,7862
0.856328099,7861
0.856333427,7860
0.856344173,7859
0.856350478,7858
0.856365386,7857
0.856442343,7856
0.856446536,7855
0.856473195,7854
0.856576176,7853
0.856589425,7852
0.85660215,7851
0.856611015,7850
0.856628904,7849
0.856632864,7848
0.856639874,7847
0.856650734,7846
0.85665824,7845
0.856667925,7844
0.856698554,7843
0.857250379,7842
0.857328621,7841
0.857658382,7840
0.857670329,7839
0.857686959,7838
0.857751667,7837
0.857757729,7836
0.857801939,7835
0.857846743,7834
0.857854681,7833
0.857860788,7832
0.85786496,7831
0.857890962,7830
0.85790209,7829
0.857941534,7828
0.857983945,7827
0.857993172,7826
0.857997567,7825
0.858039208,7824
0.858043167,7823
0.858050725,7822
0.85805632,7821
0.858066461,7820
0.858071008,7819
0.858074941,7818
0.858081981,7817
0.858091865,7816
0.858101811,7815
0.858140017,7814
0.858144181,7813
0.858151242,7812
0.858155282,7811
0.858160227,7810
0.858173733,7809
0.858179685,7808
0.858183593,7807
0.85820192,7806
0.858241813,7805
0.858252413,7804
0.858259111,7803
0.858266457,7802
0.858270451,7801
0.858316036,7800
0.858320127,7799
0.858361687,7798
0.858367409,7797
0.85837134,7796
0.858423605,7795
0.858427933,7794
0.858435209,7793
0.858914774,7792
0.858931532,7791
0.858941771,7790
0.858954657,7789
0.859012636,7788
0.859026157,7787
0.859033678,7786
0.859041379,7785
0.859049232,7784
0.85905625,7783
0.859061659,7782
0.859066921,7781
0.859071611,7780
0.859075972,7779
0.859120715,7778
0.85915268,7777
0.859193614,7776
0.859200944,7775
0.859207183,7774
0.859231057,7773
0.859254901,7772
0.859270056,7771
0.85928166,7770
0.859301233,7769
0.859306425,7768
0.859325965,7767
0.859351542,7766
0.859357162,7765
0.859360929,7764
0.8593655,7763
0.859409961,7762
0.859422142,7761
0.859426545,7760
0.859431382,7759
0.859460379,7758
0.859465397,7757
0.859506424,7756
0.859531006,7755
0.859539275,7754
0.859542486,7753
0.859583133,7752
0.859590359,7751
0.859593762,7750
0.859614143,7749
0.859617725,7748
0.859652777,7747
0.859677472,7746
0.859699427,7745
0.859706958,7744
0.859725636,7743
0.859746104,7742
0.859811957,7741
0.85987053,7740
0.861788436,7739
0.861796585,7738
0.861801426,7737
0.861810113,7736
0.861814275,7735
0.861819541,7734
0.861825301,7733
0.861838819,7732
0.861843621,7731
0.861847661,7730
0.861851716,7729
0.861859488,7728
0.861867808,7727
0.861872886,7726
0.861876155,7725
0.861880293,7724
0.861889135,7723
0.861893158,7722
0.861903846,7721
0.861915259,7720
0.861920821,7719
0.861928166,7718
0.861931625,7717
0.86194568,7716
0.861953593,7715
0.861957486,7714
0.861995806,7713
0.862034565,7712
0.862050176,7711
0.862088862,7710
0.8620928,7709
0.862097569,7708
0.862157603,7707
0.862166973,7706
0.862208857,7705
0.862215705,7704
0.862259038,7703
0.862263348,7702
0.862270248,7701
0.862274762,7700
0.862285486,7699
0.862291683,7698
0.862296154,7697
0.862310294,7696
0.862315237,7695
0.862344449,7694
0.862355388,7693
0.862359449,7692
0.862363686,7691
0.862366768,7690
0.862380251,7689
0.862385499,7688
0.86239276,7687
0.862409746,7686
0.862416231,7685
0.862431735,7684
0.862437395,7683
0.862444912,7682
0.862451669,7681
0.862455287,7680
0.862460315,7679
0.86246454,7678
0.862469895,7677
0.862473214,7676
0.862477211,7675
0.862481356,7674
0.862487886,7673
0.862530506,7672
0.86253881,7671
0.862544436,7670
0.862594945,7669
0.862607399,7668
0.862612092,7667
0.862618605,7666
0.862625414,7665
0.862635034,7664
0.862683996,7663
0.862686972,7662
0.862691459,7661
0.862694787,7660
0.862702058,7659
0.862705604,7658
0.862751795,7657
0.862755892,7656
0.862793009,7655
0.862796237,7654
0.862801798,7653
0.862839434,7652
0.862844445,7651
0.86284784,7650
0.86285573,7649
0.862859455,7648
0.86335031,7647
0.863369395,7646
0.863375581,7645
0.863385422,7644
0.863388622,7643
0.863393838,7642
0.863408084,7641
0.863412192,7640
0.863419934,7639
0.863430314,7638
0.86343685,7637
0.863440835,7636
0.863444404,7635
0.863449063,7634
0.86345766,7633
0.863462967,7632
0.863506138,7631
0.863509337,7630
0.863512897,7629
0.863610222,7628
0.863614998,7627
0.863643914,7626
0.863653087,7625
0.863656789,7624
0.863717744,7623
0.86377211,7622
0.863784124,7621
0.863788654,7620
0.86379839,7619
0.863809811,7618
0.863849495,7617
0.863868521,7616
0.863884498,7615
0.863888371,7614
0.863933727,7613
0.863942093,7612
0.863949323,7611
0.864010639,7610
0.864013914,7609
0.864017209,7608
0.864074836,7607
0.864081968,7606
0.864138026,7605
0.864146637,7604
0.864152179,7603
0.864192653,7602
0.864196555,7601
0.864203852,7600
0.864213335,7599
0.864216886,7598
0.864275387,7597
0.864323517,7596
0.864362892,7595
0.864429132,7594
0.864434284,7593
0.864443294,7592
0.864487051,7591
0.864528049,7590
0.864535255,7589
0.864557497,7588
0.864577045,7587
0.864594449,7586
0.864649863,7585
0.864701635,7584
0.864746393,7583
0.864753466,7582
0.864784178,7581
0.864796949,7580
0.86481143,7579
0.864829031,7578
0.864865985,7577
0.864886483,7576
0.864895618,7575
0.864914609,7574
0.864919182,7573
0.864923486,7572
0.864928756,7571
0.864957697,7570
0.864966489,7569
0.864997518,7568
0.865000639,7567
0.865019748,7566
0.865049162,7565
0.865055208,7564
0.865064616,7563
0.865067632,7562
0.865076655,7561
0.865082112,7560
0.865088911,7559
0.865155553,7558
0.865170453,7557
0.865213434,7556
0.865271375,7555
0.86529777,7554
0.86534331,7553
0.865363789,7552
0.865402439,7551
0.865419661,7550
0.865448401,7549
0.865456049,7548
0.865484661,7547
0.865497471,7546
0.865509005,7545
0.865524509,7544
0.865571729,7543
0.865578112,7542
0.86560758,7541
0.865642204,7540
0.865649548,7539
0.86565808,7538
0.865661318,7537
0.865707925,7536
0.865715049,7535
0.865726147,7534
0.865788756,7533
0.865826135,7532
0.865830843,7531
0.865838726,7530
0.865875089,7529
0.865882159,7528
0.865903607,7527
0.865933345,7526
0.865952999,7525
0.865970489,7524
0.86598225,7523
0.866016649,7522
0.86601995,7521
0.866047358,7520
0.866053832,7519
0.866057557,7518
0.866064632,7517
0.866069749,7516
0.866090866,7515
0.866100029,7514
0.86610379,7513
0.866125222,7512
0.866170059,7511
0.86636931,7510
0.866431385,7509
0.866522847,7508
0.866552107,7507
0.86657052,7506
0.866602661,7505
0.86662812,7504
0.86663464,7503
0.866648439,7502
0.86666145,7501
0.866676966,7500
0.866697931,7499
0.866717028,7498
0.866767093,7497
0.866773348,7496
0.86689241,7495
0.866915055,7494
0.866976044,7493
0.866989593,7492
0.867210587,7491
0.867215181,7490
0.867222156,7489
0.867261342,7488
0.867303845,7487
0.867308379,7486
0.867312251,7485
0.867316866,7484
0.867322257,7483
0.867330265,7482
0.867341745,7481
0.867385596,7480
0.867422758,7479
0.86743527,7478
0.867447764,7477
0.867453655,7476
0.867460766,7475
0.867469839,7474
0.867482923,7473
0.867488179,7472
0.867515949,7471
0.867524714,7470
0.867538453,7469
0.867557048,7468
0.867563691,7467
0.86756931,7466
0.86757293,7465
0.867599375,7464
0.86760606,7463
0.867616087,7462
0.86763029,7461
0.867633465,7460
0.867649358,7459
0.8676524,7458
0.867655384,7457
0.867678919,7456
0.867682526,7455
0.867695259,7454
0.867708528,7453
0.867714695,7452
0.867717117,7451
0.867723842,7450
0.869846782,7449
0.869857157,7448
0.869920472,7447
0.870011899,7446
0.870092574,7445
0.87014813,7444
0.870196248,7443
0.870251044,7442
0.87032121,7441
0.870364991,7440
0.873954535,7439
0.874040924,7438
0.8740941,7437
0.874110072,7436
0.874124821,7435
0.874153691,7434
0.874169488,7433
0.874254068,7432
0.874277323,7431
0.87436574,7430
0.875996433,7429
0.877122562,7428
0.879873123,7427
0.880010067,7426
0.880049849,7425
0.880095541,7424
0.880152324,7423
0.880190416,7422
0.881244911,7421
