0.199401198,6823
0.199516143,6822
0.199560683,6821
0.199643389,6820
0.199717237,6819
0.199746993,6818
0.199753175,6817
0.199758494,6816
0.199767833,6815
0.19977491,6814
0.199783016,6813
0.199793185,6812
0.199802424,6811
0.199830709,6810
0.199841744,6809
0.199859039,6808
0.199868535,6807
0.20058273,6806
0.200590756,6805
0.200597412,6804
0.200607782,6803
0.200617305,6802
0.200628457,6801
0.20063861,6800
0.200648464,6799
0.200658614,6798
0.200678395,6797
0.200754882,6796
0.200761785,6795
0.200776272,6794
0.200783596,6793
0.200791254,6792
0.200802642,6791
0.200814307,6790
0.200821908,6789
0.20083002,6788
0.200838065,6787
0.200846033,6786
0.200853625,6785
0.200861343,6784
0.200868534,6783
0.200879131,6782
0.200886545,6781
0.200896332,6780
0.200905345,6779
0.200913065,6778
0.200920864,6777
0.20092819,6776
0.200936136,6775
0.200944154,6774
0.200953628,6773
0.200961466,6772
0.2009694,6771
0.200977245,6770
0.200987257,6769
0.200997006,6768
0.201013682,6767
0.201041951,6766
0.201058064,6765
0.20106831,6764
0.201077359,6763
0.201087412,6762
0.201098937,6761
0.201107438,6760
0.201116411,6759
0.201126702,6758
0.201135549,6757
0.201148658,6756
0.201173717,6755
0.201182032,6754
0.201194381,6753
0.201202283,6752
0.201210066,6751
0.201218487,6750
0.201226921,6749
0.201234698,6748
0.201242378,6747
0.201256391,6746
0.201270063,6745
0.201284058,6744
0.201300045,6743
0.201307127,6742
0.201312246,6741
0.201317178,6740
0.20132198,6739
0.201337882,6738
0.201349975,6737
0.201356888,6736
0.201369485,6735
0.201374234,6734
0.201379117,6733
0.201384201,6732
0.201389364,6731
0.201394202,6730
0.201398975,6729
0.201413442,6728
0.201420789,6727
0.201427672,6726
0.20143417,6725
0.201440337,6724
0.201446789,6723
0.201454952,6722
0.201461295,6721
0.201467872,6720
0.201474492,6719
0.20149157,6718
0.201497924,6717
0.201503862,6716
0.201510547,6715
0.201517097,6714
0.201531704,6713
0.201538896,6712
0.201578654,6711
0.201582969,6710
0.201587393,6709
0.201591533,6708
0.201595838,6707
0.201601084,6706
0.201614895,6705
0.20162667,6704
0.201632912,6703
0.20166251,6702
0.201671098,6701
0.201685673,6700
0.201691527,6699
0.201697829,6698
0.20170477,6697
0.201711658,6696
0.201720413,6695
0.201730611,6694
0.201739679,6693
0.201746269,6692
0.201752834,6691
0.201759837,6690
0.201767767,6689
0.2017752,6688
0.201782355,6687
0.201789457,6686
0.201796051,6685
0.201812094,6684
0.201817767,6683
0.201823642,6682
0.201841076,6681
0.201846741,6680
0.201852507,6679
0.201883724,6678
0.201902547,6677
0.201906064,6676
0.201909813,6675
0.201913293,6674
0.201917023,6673
0.201920323,6672
0.2019237,6671
0.201928168,6670
0.201931469,6669
0.20193592,6668
0.201941682,6667
0.201947808,6666
0.201952407,6665
0.201956312,6664
0.201959611,6663
0.20196287,6662
0.201966312,6661
0.201971761,6660
0.201977077,6659
0.201982263,6658
0.201987227,6657
0.201992533,6656
0.201996396,6655
0.202001138,6654
0.20200515,6653
0.202012186,6652
0.202019567,6651
0.202025055,6650
0.202032787,6649
0.202079368,6648
0.202084932,6647
0.202090561,6646
0.202095981,6645
0.202101846,6644
0.202106806,6643
0.202111679,6642
0.202981885,6641
0.202987694,6640
0.202995048,6639
0.203001241,6638
0.203008138,6637
0.203015367,6636
0.203040971,6635
0.203047349,6634
0.203053238,6633
0.203058654,6632
0.203064246,6631
0.207459115,6630
0.207469336,6629
0.207476647,6628
0.207483411,6627
0.20749303,6626
0.207502932,6625
0.20750968,6624
0.207530359,6623
0.207538077,6622
0.207544358,6621
0.207550387,6620
0.207555259,6619
0.20756012,6618
0.207565455,6617
0.207570128,6616
0.207574693,6615
0.207579342,6614
0.207584031,6613
0.207588981,6612
0.207595454,6611
0.207600906,6610
0.207606662,6609
0.207611939,6608
0.207617791,6607
0.207623367,6606
0.20766993,6605
0.207675765,6604
0.207681571,6603
0.207687398,6602
0.207693566,6601
0.20769969,6600
0.207706124,6599
0.207712212,6598
0.207717819,6597
0.207725222,6596
0.207732283,6595
0.207737502,6594
0.207742389,6593
0.207747512,6592
0.207751988,6591
0.207756216,6590
0.207759864,6589
0.20776359,6588
0.207767128,6587
0.207770861,6586
0.207781102,6585
0.207788211,6584
0.207793491,6583
0.207800018,6582
0.207805759,6581
0.20781273,6580
0.207821893,6579
0.207828224,6578
0.207835281,6577
0.207848854,6576
0.20785429,6575
0.207861299,6574
0.207866164,6573
0.207872515,6572
0.207877353,6571
0.207886351,6570
0.20789808,6569
0.20790315,6568
0.207913566,6567
0.20792011,6566
0.207927014,6565
0.207935674,6564
0.207940834,6563
0.207945946,6562
0.207952733,6561
0.207957831,6560
0.207963128,6559
0.207976753,6558
0.207981842,6557
0.207986383,6556
0.207990879,6555
0.207995216,6554
0.207999842,6553
0.208004415,6552
0.208008938,6551
0.20801361,6550
0.208018126,6549
0.208022942,6548
0.208027587,6547
0.208032063,6546
0.208036641,6545
0.208041793,6544
0.208046589,6543
0.208050484,6542
0.208054012,6541
0.208057602,6540
0.208061407,6539
0.208066562,6538
0.208070292,6537
0.208075404,6536
0.208079547,6535
0.208083365,6534
0.208086804,6533
0.208090548,6532
0.208094054,6531
0.208098549,6530
0.208103088,6529
0.208109309,6528
0.208114268,6527
0.208118745,6526
0.208123086,6525
0.208127616,6524
0.208131959,6523
0.20814486,6522
0.208155397,6521
0.208163505,6520
0.208171907,6519
0.208181667,6518
0.208187597,6517
0.208202238,6516
0.208208547,6515
0.208253188,6514
0.208260683,6513
0.208295728,6512
0.208301531,6511
0.208335142,6510
0.208341129,6509
0.208347049,6508
0.208355848,6507
0.208391782,6506
0.208397959,6505
0.208429718,6504
0.208435581,6503
0.208446815,6502
0.20845163,6501
0.208497076,6500
0.208501644,6499
0.20850585,6498
0.208510668,6497
0.208515788,6496
0.208520664,6495
0.208525491,6494
0.208530238,6493
0.208534935,6492
0.208539362,6491
0.208545715,6490
0.208550384,6489
0.208554776,6488
0.208559467,6487
0.20856424,6486
0.208568877,6485
0.208573269,6484
0.208578272,6483
0.208583291,6482
0.208588152,6481
0.208593061,6480
0.208598604,6479
0.208603716,6478
0.208609071,6477
0.208667056,6476
0.20867172,6475
0.208676488,6474
0.2086812,6473
0.208685734,6472
0.208690434,6471
0.208695262,6470
0.208699024,6469
0.208703187,6468
0.208706817,6467
0.208710653,6466
0.208738327,6465
0.208741172,6464
0.208744375,6463
0.208747552,6462
0.20875053,6461
0.208753593,6460
0.208756558,6459
0.208759613,6458
0.20876257,6457
0.208765834,6456
0.208768909,6455
0.208774251,6454
0.208777043,6453
0.208779811,6452
0.208782564,6451
0.208785574,6450
0.208788352,6449
0.208792317,6448
0.208796338,6447
0.20880122,6446
0.208805275,6445
0.208811012,6444
0.208816884,6443
0.208821265,6442
0.208830345,6441
0.20887673,6440
0.208881667,6439
0.208916486,6438
0.20896745,6437
0.208971686,6436
0.208975776,6435
0.208979588,6434
0.208983639,6433
0.213579584,6432
0.213590631,6431
0.213601393,6430
0.213749442,6429
0.213759295,6428
0.213795683,6427
0.213800998,6426
0.213836749,6425
0.213842287,6424
0.213847347,6423
0.213852727,6422
0.213857355,6421
0.213862007,6420
0.213866367,6419
0.213871166,6418
0.213877742,6417
0.213881542,6416
0.213885524,6415
0.213889121,6414
0.21389268,6413
0.213896356,6412
0.213900171,6411
0.21390353,6410
0.213907448,6409
0.21391109,6408
0.213915151,6407
0.213918668,6406
0.213922935,6405
0.213927137,6404
0.213931077,6403
0.213936499,6402
0.213940459,6401
0.213944919,6400
0.213948599,6399
0.213952815,6398
0.213956561,6397
0.213960474,6396
0.213964686,6395
0.213970219,6394
0.213973786,6393
0.213977279,6392
0.213980506,6391
0.213983814,6390
0.213987021,6389
0.213991809,6388
0.213995098,6387
0.213998509,6386
0.214002367,6385
0.214005411,6384
0.214008678,6383
0.214011876,6382
0.21401489,6381
0.214018567,6380
0.21402191,6379
0.214024832,6378
0.21402919,6377
0.21403222,6376
0.21404025,6375
0.214044761,6374
0.214052318,6373
0.214059558,6372
0.214067043,6371
0.21407179,6370
0.214075268,6369
0.214078842,6368
0.214082522,6367
0.214091078,6366
0.214096317,6365
0.214099519,6364
0.21410384,6363
0.214106765,6362
0.21410968,6361
0.214112599,6360
0.214115624,6359
0.214664072,6358
0.214668487,6357
0.214674574,6356
0.214678948,6355
0.214683214,6354
0.214688848,6353
0.214693003,6352
0.214696854,6351
0.214700992,6350
0.214706899,6349
0.214740195,6348
0.214744959,6347
0.214749674,6346
0.214755699,6345
0.214760271,6344
0.21476842,6343
0.214773311,6342
0.214779344,6341
0.214783176,6340
0.214787221,6339
0.214791918,6338
0.214796997,6337
0.214800295,6336
0.214803669,6335
0.214806784,6334
0.214809674,6333
0.214815938,6332
0.214818867,6331
0.21482206,6330
0.214826108,6329
0.214829177,6328
0.214832063,6327
0.21483588,6326
0.214839704,6325
0.214842551,6324
0.214846054,6323
0.214848813,6322
0.214852123,6321
0.214855138,6320
0.214859671,6319
0.21486286,6318
0.214866936,6317
0.214870688,6316
0.214875411,6315
0.214883316,6314
0.214887791,6313
0.214891814,6312
0.214897826,6311
0.21493074,6310
0.214935689,6309
0.214940697,6308
0.214945128,6307
0.214950957,6306
0.21495706,6305
0.214961843,6304
0.214966615,6303
0.214971303,6302
0.214975433,6301
0.21498072,6300
0.215016278,6299
0.215051384,6298
0.215056814,6297
0.21506352,6296
0.215068408,6295
0.215073268,6294
0.215078978,6293
0.215084008,6292
0.215120348,6291
0.2151253,6290
0.215131343,6289
0.215138942,6288
0.215143766,6287
0.215149683,6286
0.215154276,6285
0.215158555,6284
0.215162265,6283
0.215166638,6282
0.21516989,6281
0.215172929,6280
0.215175652,6279
0.215180184,6278
0.215184715,6277
0.215189015,6276
0.21519341,6275
0.21519785,6274
0.215203729,6273
0.21520782,6272
0.215211177,6271
0.215214449,6270
0.215217437,6269
0.215221916,6268
0.215225263,6267
0.215228969,6266
0.215231796,6265
0.215235385,6264
0.215238329,6263
0.215241174,6262
0.215244153,6261
0.215247316,6260
0.215250893,6259
0.215254858,6258
0.215259546,6257
0.215264379,6256
0.215267579,6255
0.215271681,6254
0.215275139,6253
0.215278635,6252
0.215285129,6251
0.215288878,6250
0.215292948,6249
0.215296738,6248
0.215299678,6247
0.215302346,6246
0.215304937,6245
0.215309587,6244
0.215312813,6243
0.215315516,6242
0.215320023,6241
0.215323133,6240
0.215326046,6239
0.215332056,6238
0.215335954,6237
0.215342112,6236
0.215346633,6235
0.215349338,6234
0.215353328,6233
0.215357505,6232
0.215360972,6231
0.215365662,6230
0.215368845,6229
0.215371946,6228
0.215374889,6227
0.215377869,6226
0.21538075,6225
0.215383888,6224
0.215387064,6223
0.215393873,6222
0.215432478,6221
0.215437067,6220
0.215442463,6219
0.215447296,6218
0.215451312,6217
0.215455961,6216
0.215460112,6215
0.215466637,6214
0.215472451,6213
0.215476584,6212
0.215480729,6211
0.215489125,6210
0.215496243,6209
0.215500451,6208
0.215505009,6207
0.215513923,6206
0.215517951,6205
0.215522017,6204
0.215525284,6203
0.215529423,6202
0.215532589,6201
0.215537828,6200
0.215541137,6199
0.21554504,6198
0.215547968,6197
0.21555183,6196
0.215554548,6195
0.215560148,6194
0.215562874,6193
0.215566485,6192
0.215569205,6191
0.215572237,6190
0.215574947,6189
0.215577663,6188
0.215580415,6187
0.215586458,6186
0.215589357,6185
0.215592977,6184
0.215595926,6183
0.215598633,6182
0.215601435,6181
0.215606535,6180
0.215608926,6179
0.215613731,6178
0.215617115,6177
0.215620454,6176
0.215624206,6175
0.215631469,6174
0.215634566,6173
0.215638591,6172
0.21564429,6171
0.215649475,6170
0.215652561,6169
0.215655703,6168
0.215669012,6167
0.215673135,6166
0.215677254,6165
0.215683858,6164
0.215687854,6163
0.215703609,6162
0.215707895,6161
0.215711548,6160
0.215714806,6159
0.215718868,6158
0.2157238,6157
0.215771401,6156
0.215775188,6155
0.215778796,6154
0.215782651,6153
0.215786575,6152
0.215800052,6151
0.215804513,6150
0.215807434,6149
0.215810256,6148
0.215813098,6147
0.215815978,6146
0.2158203,6145
0.215823127,6144
0.215826162,6143
0.215828855,6142
0.215831829,6141
0.215834637,6140
0.215837685,6139
0.215840415,6138
0.215843424,6137
0.215852447,6136
0.215856444,6135
0.215860155,6134
0.215864085,6133
0.215869403,6132
0.215873443,6131
0.215876534,6130
0.215880556,6129
0.215883962,6128
0.215888371,6127
0.215892146,6126
0.215897467,6125
0.215902751,6124
0.215907978,6123
0.215910864,6122
0.215913953,6121
0.215917553,6120
0.215920893,6119
0.215923855,6118
0.215926632,6117
0.215929748,6116
0.215932467,6115
0.215935195,6114
0.215937768,6113
0.21594145,6112
0.215944513,6111
0.215947314,6110
0.215950016,6109
0.215952832,6108
0.215955736,6107
0.215958479,6106
0.215961034,6105
0.215964005,6104
0.21596692,6103
0.215969975,6102
0.21597287,6101
0.215975701,6100
0.215978429,6099
0.21598149,6098
0.21598465,6097
0.215987766,6096
0.215990763,6095
0.215993703,6094
0.215996504,6093
0.216000148,6092
0.216002993,6091
0.216007407,6090
0.216010186,6089
0.216013271,6088
0.21601644,6087
0.216020703,6086
0.21602329,6085
0.216028548,6084
0.216031354,6083
0.216389186,6082
0.216393312,6081
0.216396304,6080
0.216399389,6079
0.216402211,6078
0.216407793,6077
0.216411004,6076
0.216414059,6075
0.216420982,6074
0.216424367,6073
0.216430071,6072
0.216433625,6071
0.216436725,6070
0.216440034,6069
0.216443078,6068
0.216446377,6067
0.216452106,6066
0.216455499,6065
0.216459951,6064
0.216462868,6063
0.216466498,6062
0.216472535,6061
0.216485021,6060
0.216488269,6059
0.216491641,6058
0.21649558,6057
0.216498906,6056
0.216503879,6055
0.216507873,6054
0.21651694,6053
0.216524219,6052
0.216532105,6051
0.216537157,6050
0.216542183,6049
0.216546205,6048
0.216549443,6047
0.216553742,6046
0.216557149,6045
0.216561883,6044
0.216564793,6043
0.216567859,6042
0.216570876,6041
0.216577408,6040
0.21658156,6039
0.216584987,6038
0.216588241,6037
0.216591913,6036
0.216597919,6035
0.216602582,6034
0.216605885,6033
0.216608915,6032
0.216611947,6031
0.216614809,6030
0.216619462,6029
0.216624205,6028
0.216628651,6027
0.216632921,6026
0.216637111,6025
0.216642692,6024
0.216646099,6023
0.216649114,6022
0.2166544,6021
0.216659474,6020
0.216664551,6019
0.216668878,6018
0.216673063,6017
0.216677816,6016
0.216681857,6015
0.216685745,6014
0.216689956,6013
0.216693205,6012
0.216696528,6011
0.216700527,6010
0.216703522,6009
0.216706998,6008
0.216710219,6007
0.216713596,6006
0.216716709,6005
0.216719789,6004
0.216729057,6003
0.216732914,6002
0.216736736,6001
0.216740418,6000
0.216743391,5999
0.216746238,5998
0.216748997,5997
0.216754713,5996
0.216758079,5995
0.216762656,5994
0.216766871,5993
0.21677262,5992
0.216776691,5991
0.216780343,5990
0.216784181,5989
0.216794539,5988
0.216797649,5987
0.216801236,5986
0.216804596,5985
0.216808186,5984
0.216811365,5983
0.216816876,5982
0.216820182,5981
0.216837583,5980
0.216841163,5979
0.216846871,5978
0.216863182,5977
0.216867721,5976
0.216872612,5975
0.216880304,5974
0.216884309,5973
0.21688912,5972
0.216893002,5971
0.216897633,5970
0.216901492,5969
0.216904914,5968
0.216913406,5967
0.21691803,5966
0.216922557,5965
0.21692766,5964
0.216931568,5963
0.216935287,5962
0.216940415,5961
0.216943585,5960
0.21694685,5959
0.216950131,5958
0.216953267,5957
0.216957786,5956
0.216961106,5955
0.216964196,5954
0.216969872,5953
0.216977019,5952
0.216982802,5951
0.216987785,5950
0.216992475,5949
0.217000726,5948
0.217006072,5947
0.217013046,5946
0.217018731,5945
0.217023797,5944
0.217029884,5943
0.217033882,5942
0.217038275,5941
0.217042236,5940
0.217046453,5939
0.217050288,5938
0.217053453,5937
0.217056828,5936
0.217063584,5935
0.217069983,5934
0.217075658,5933
0.217080744,5932
0.217083825,5931
0.2170871,5930
0.217090962,5929
0.217093934,5928
0.217099044,5927
0.217103282,5926
0.217107714,5925
0.217113037,5924
0.217118147,5923
0.217122679,5922
0.21712869,5921
0.217132198,5920
0.217138129,5919
0.21714131,5918
0.217146657,5917
0.21715046,5916
0.217154005,5915
0.217158946,5914
0.217162093,5913
0.217166401,5912
0.217170874,5911
0.21717445,5910
0.217181563,5909
0.217191112,5908
0.217196493,5907
0.217199528,5906
0.21720276,5905
0.217206318,5904
0.217211753,5903
0.217218148,5902
0.21722295,5901
0.217227552,5900
0.217232053,5899
0.217237102,5898
0.21724093,5897
0.217245384,5896
0.217249366,5895
0.217252687,5894
0.217263882,5893
0.217268148,5892
0.217271022,5891
0.217276092,5890
0.217279287,5889
0.217287258,5888
0.21729078,5887
0.217293987,5886
0.217296861,5885
0.217301023,5884
0.217305111,5883
0.21731009,5882
0.217314274,5881
0.217317679,5880
0.217320748,5879
0.217339398,5878
0.217344038,5877
0.217347907,5876
0.217351401,5875
0.217355754,5874
0.217365555,5873
0.217369494,5872
0.217372811,5871
0.217376004,5870
0.2173833,5869
0.217391635,5868
0.217395475,5867
0.217400904,5866
0.217404586,5865
0.217410316,5864
0.217415224,5863
0.217420137,5862
0.217426075,5861
0.217430427,5860
0.217434352,5859
0.217438529,5858
0.217443508,5857
0.217447241,5856
0.217452188,5855
0.217455738,5854
0.217459117,5853
0.217462769,5852
0.217466392,5851
0.217471586,5850
0.217477033,5849
0.217505331,5848
0.217536189,5847
0.217541063,5846
0.217545268,5845
0.217550229,5844
0.217564203,5843
0.21757153,5842
0.217577178,5841
0.217582087,5840
0.217591568,5839
0.217595594,5838
0.217600841,5837
0.217606957,5836
0.217613255,5835
0.217617615,5834
0.217621307,5833
0.217630128,5832
0.217633636,5831
0.217637448,5830
0.217641959,5829
0.217645869,5828
0.217650496,5827
0.217653671,5826
0.217671219,5825
0.217676382,5824
0.217680468,5823
0.217687811,5822
0.217690992,5821
0.217693992,5820
0.217697498,5819
0.217700654,5818
0.217703778,5817
0.217708203,5816
0.217711107,5815
0.217714099,5814
0.21771988,5813
0.217723,5812
0.217727178,5811
0.21773305,5810
0.217736063,5809
0.217742382,5808
0.21774543,5807
0.217752228,5806
0.217755635,5805
0.217761413,5804
0.218234313,5803
0.21823811,5802
0.2182466,5801
0.218255777,5800
0.218262248,5799
0.218266561,5798
0.21826996,5797
0.218273526,5796
0.21830164,5795
0.218308098,5794
0.218311615,5793
0.218315196,5792
0.218318498,5791
0.2183249,5790
0.218334046,5789
0.218340125,5788
0.218343636,5787
0.218347895,5786
0.218352775,5785
0.218356344,5784
0.218360964,5783
0.218365442,5782
0.218371225,5781
0.218376957,5780
0.218380481,5779
0.218384246,5778
0.218388692,5777
0.218394126,5776
0.218398462,5775
0.21840664,5774
0.21841006,5773
0.21841365,5772
0.218416747,5771
0.218420834,5770
0.218424931,5769
0.218430974,5768
0.218437028,5767
0.218440741,5766
0.218446861,5765
0.218450276,5764
0.218454495,5763
0.218458194,5762
0.218461539,5761
0.218466286,5760
0.218471838,5759
0.21847504,5758
0.218478366,5757
0.218484431,5756
0.218487368,5755
0.218490334,5754
0.21849368,5753
0.218498801,5752
0.218502048,5751
0.218528179,5750
0.218532748,5749
0.218537304,5748
0.218545445,5747
0.218548571,5746
0.218557313,5745
0.218560255,5744
0.21856407,5743
0.21856743,5742
0.218576028,5741
0.218580397,5740
0.218583807,5739
0.218590357,5738
0.218594402,5737
0.218603124,5736
0.218607422,5735
0.218612275,5734
0.218616782,5733
0.218620725,5732
0.218624922,5731
0.218629345,5730
0.218636659,5729
0.2186405,5728
0.218650034,5727
0.218655726,5726
0.218661999,5725
0.218668367,5724
0.21867429,5723
0.218681745,5722
0.218714554,5721
0.218724347,5720
0.218731694,5719
0.218737286,5718
0.218742274,5717
0.218749153,5716
0.218767247,5715
0.218774873,5714
0.218788249,5713
0.21879635,5712
0.218801029,5711
0.218837874,5710
0.218843085,5709
0.218848021,5708
0.21885922,5707
0.21886386,5706
0.218870394,5705
0.218875337,5704
0.218881761,5703
0.218889868,5702
0.218904426,5701
0.218910458,5700
0.218949431,5699
0.21895544,5698
0.218990402,5697
0.219000707,5696
0.219012365,5695
0.219019618,5694
0.219036145,5693
0.219041169,5692
0.219045886,5691
0.219086706,5690
0.219091473,5689
0.219096557,5688
0.219102694,5687
0.219113416,5686
0.219120255,5685
0.219154854,5684
0.219167728,5683
0.219174295,5682
0.219187016,5681
0.21919262,5680
0.219199072,5679
0.219203984,5678
0.219208886,5677
0.219221916,5676
0.219228001,5675
0.219236246,5674
0.21924059,5673
0.219245223,5672
0.219252198,5671
0.219256845,5670
0.219262984,5669
0.219292071,5668
0.219342456,5667
0.219346309,5666
0.219351265,5665
0.219354629,5664
0.219360364,5663
0.219364865,5662
0.219367914,5661
0.219371126,5660
0.219374416,5659
0.219378554,5658
0.219385482,5657
0.219388393,5656
0.219395244,5655
0.219399987,5654
0.219405572,5653
0.21940834,5652
0.219411381,5651
0.219415375,5650
0.219418321,5649
0.219421321,5648
0.219424014,5647
0.21942892,5646
0.21943345,5645
0.219436352,5644
0.219440571,5643
0.219448252,5642
0.219451198,5641
0.21945514,5640
0.21945956,5639
0.219462466,5638
0.219469504,5637
0.219472584,5636
0.219477015,5635
0.219479715,5634
0.219494814,5633
0.219498659,5632
0.219510551,5631
0.219514793,5630
0.219518591,5629
0.219523516,5628
0.219529867,5627
0.219536598,5626
0.219543677,5625
0.219547616,5624
0.219554039,5623
0.219557841,5622
0.219561715,5621
0.219567947,5620
0.219579198,5619
0.219583507,5618
0.219597589,5617
0.2196028,5616
0.219606585,5615
0.219610163,5614
0.219616953,5613
0.219624404,5612
0.21966194,5611
0.219669358,5610
0.219673778,5609
0.219677779,5608
0.219686114,5607
0.219691188,5606
0.219694348,5605
0.219700855,5604
0.219709147,5603
0.219714773,5602
0.219720019,5601
0.219729127,5600
0.219735258,5599
0.219739971,5598
0.219745973,5597
0.219752161,5596
0.219756711,5595
0.219767254,5594
0.219771762,5593
0.21977623,5592
0.219780556,5591
0.219784605,5590
0.219798592,5589
0.219815569,5588
0.219820239,5587
0.219825246,5586
0.219831685,5585
0.219843766,5584
0.219852073,5583
0.219864471,5582
0.219920677,5581
0.219956051,5580
0.219967052,5579
0.219971126,5578
0.219975484,5577
0.219981905,5576
0.219990685,5575
0.219995255,5574
0.220000152,5573
0.220003304,5572
0.220006365,5571
0.220017557,5570
0.22002231,5569
0.2200272,5568
0.220030112,5567
0.220034939,5566
0.220041498,5565
0.220046306,5564
0.220051285,5563
0.220563873,5562
0.220571129,5561
0.220574421,5560
0.220577701,5559
0.220580861,5558
0.220590353,5557
0.220597718,5556
0.220600815,5555
0.220603917,5554
0.220608099,5553
0.220611053,5552
0.220614091,5551
0.22061696,5550
0.220622663,5549
0.220626298,5548
0.220630681,5547
0.220639327,5546
0.220644812,5545
0.220649773,5544
0.220661425,5543
0.220668072,5542
0.220671391,5541
0.220681798,5540
0.22069018,5539
0.220693546,5538
0.220704172,5537
0.220708243,5536
0.220715975,5535
0.220722107,5534
0.220768183,5533
0.22077315,5532
0.220779876,5531
0.220785549,5530
0.220793154,5529
0.220796476,5528
0.220803713,5527
0.220809266,5526
0.220813729,5525
0.220822193,5524
0.220826928,5523
0.220830141,5522
0.220836166,5521
0.220839679,5520
0.220842855,5519
0.220850395,5518
0.220853255,5517
0.220857221,5516
0.22086233,5515
0.220868839,5514
0.220872018,5513
0.220875043,5512
0.220878213,5511
0.220881125,5510
0.220884203,5509
0.220887661,5508
0.220891703,5507
0.220894912,5506
0.220898215,5505
0.220909303,5504
0.220915326,5503
0.220920013,5502
0.220930041,5501
0.22093407,5500
0.220944561,5499
0.220950829,5498
0.220959702,5497
0.22097862,5496
0.220986209,5495
0.220992359,5494
0.220995258,5493
0.220998948,5492
0.221003307,5491
0.221008167,5490
0.221021949,5489
0.221026596,5488
0.221029786,5487
0.221033125,5486
0.221036151,5485
0.221073443,5484
0.22108125,5483
0.22112982,5482
0.221142818,5481
0.22115545,5480
0.221161657,5479
0.22116897,5478
0.221175684,5477
0.221190079,5476
0.221193568,5475
0.221198503,5474
0.221315015,5473
0.221460275,5472
0.221466643,5471
0.221507901,5470
0.221582378,5469
0.22161693,5468
0.22162962,5467
0.221634126,5466
0.22164204,5465
0.221648987,5464
0.221822886,5463
0.221836075,5462
0.221841411,5461
0.221964168,5460
0.22197908,5459
0.222031407,5458
0.222039135,5457
0.222044033,5456
0.222050259,5455
0.222054728,5454
0.222059575,5453
0.222066722,5452
0.222073909,5451
0.222082549,5450
0.222087452,5449
0.22211938,5448
0.222155683,5447
0.222211416,5446
0.222230225,5445
0.222238546,5444
0.222243206,5443
0.222253337,5442
0.222257739,5441
0.222271888,5440
0.222277473,5439
0.222281606,5438
0.222285344,5437
0.222294633,5436
0.222302144,5435
0.222310988,5434
0.222316515,5433
0.222329268,5432
0.22233292,5431
0.222336765,5430
0.222346895,5429
0.22235075,5428
0.222356262,5427
0.222360207,5426
0.22236536,5425
0.22237281,5424
0.222376265,5423
0.222380335,5422
0.222383897,5421
0.222387528,5420
0.222391664,5419
0.222395458,5418
0.222400649,5417
0.222404889,5416
0.222408966,5415
0.222418175,5414
0.222428072,5413
0.222431573,5412
0.222435122,5411
0.222446128,5410
0.22245131,5409
0.222471968,5408
0.222479192,5407
0.222514412,5406
0.222518802,5405
0.222523102,5404
0.222530259,5403
0.2225354,5402
0.222542604,5401
0.222548381,5400
0.222555123,5399
0.22256071,5398
0.222566344,5397
0.222572799,5396
0.222579107,5395
0.222582845,5394
0.222599692,5393
0.222603521,5392
0.222611068,5391
0.222615422,5390
0.222619223,5389
0.222622769,5388
0.222626771,5387
0.222631037,5386
0.222634717,5385
0.222639077,5384
0.222646588,5383
0.22265599,5382
0.222660574,5381
0.222669404,5380
0.222679004,5379
0.222683728,5378
0.222688964,5377
0.222701339,5376
0.222711122,5375
0.222715013,5374
0.222727117,5373
0.22322739,5372
0.223232584,5371
0.223246237,5370
0.223258634,5369
0.223266001,5368
0.223275594,5367
0.223280201,5366
0.223284956,5365
0.223294666,5364
0.22330033,5363
0.223311011,5362
0.223327533,5361
0.223333691,5360
0.223341912,5359
0.223347597,5358
0.223353707,5357
0.223363103,5356
0.223371172,5355
0.223382228,5354
0.223388786,5353
0.223393177,5352
0.223424538,5351
0.223430968,5350
0.223445088,5349
0.223459527,5348
0.22347033,5347
0.223475011,5346
0.223484554,5345
0.223499172,5344
0.223503908,5343
0.223510384,5342
0.223514643,5341
0.223519372,5340
0.223525467,5339
0.223531178,5338
0.223535882,5337
0.223540349,5336
0.223545278,5335
0.223552435,5334
0.223556755,5333
0.223561061,5332
0.223569533,5331
0.223574486,5330
0.223584201,5329
0.223602041,5328
0.223606051,5327
0.223611332,5326
0.223618821,5325
0.223626304,5324
0.223631139,5323
0.223636099,5322
0.223642532,5321
0.223650549,5320
0.223672057,5319
0.223678784,5318
0.223683059,5317
0.223687321,5316
0.223696329,5315
0.223702051,5314
0.223713476,5313
0.223719131,5312
0.223723939,5311
0.223736286,5310
0.223744718,5309
0.223760989,5308
0.223765555,5307
0.223778474,5306
0.223786849,5305
0.22383589,5304
0.22384914,5303
0.223852964,5302
0.223864334,5301
0.223882032,5300
0.223885821,5299
0.223899562,5298
0.223908884,5297
0.223930422,5296
0.223934425,5295
0.223948977,5294
0.223953828,5293
0.22396237,5292
0.223975033,5291
0.223990575,5290
0.224002976,5289
0.224008327,5288
0.224013015,5287
0.224016975,5286
0.224020862,5285
0.224026374,5284
0.224031608,5283
0.224034795,5282
0.224038309,5281
0.224043537,5280
0.224049529,5279
0.224053054,5278
0.224058988,5277
0.224066208,5276
0.224078483,5275
0.224085683,5274
0.224100714,5273
0.224106668,5272
0.224111684,5271
0.224115968,5270
0.22411955,5269
0.22412805,5268
0.224157013,5267
0.224160417,5266
0.22416565,5265
0.22417126,5264
0.22417579,5263
0.224181492,5262
0.224187593,5261
0.224196243,5260
0.224202508,5259
0.224208945,5258
0.224214942,5257
0.22421968,5256
0.224224962,5255
0.224230749,5254
0.224237016,5253
0.22424011,5252
0.224243582,5251
0.224250138,5250
0.2242577,5249
0.224267702,5248
0.224271366,5247
0.224277385,5246
0.224293998,5245
0.224298131,5244
0.224301378,5243
0.22430688,5242
0.224317179,5241
0.224324991,5240
0.224334924,5239
0.224338488,5238
0.224375117,5237
0.224380914,5236
0.224384119,5235
0.22438958,5234
0.224415892,5233
0.224421919,5232
0.224426539,5231
0.224434056,5230
0.224438218,5229
0.224441566,5228
0.224809321,5227
0.224829878,5226
0.224877483,5225
0.224890596,5224
0.224896761,5223
0.224901165,5222
0.224926158,5221
0.224936586,5220
0.224946547,5219
0.224955428,5218
0.224958338,5217
0.224965911,5216
0.224971403,5215
0.224978354,5214
0.22498218,5213
0.224985488,5212
0.224990286,5211
0.225002038,5210
0.225005977,5209
0.225008994,5208
0.225017111,5207
0.225039188,5206
0.225050035,5205
0.225057845,5204
0.225066185,5203
0.225078007,5202
0.225081264,5201
0.22509237,5200
0.22510397,5199
0.22510907,5198
0.225113225,5197
0.225116906,5196
0.225120707,5195
0.225129555,5194
0.225135745,5193
0.225140836,5192
0.225148242,5191
0.225151723,5190
0.225177616,5189
0.225180597,5188
0.225185959,5187
0.225189093,5186
0.225192176,5185
0.225201692,5184
0.225231292,5183
0.225258892,5182
0.225264998,5181
0.225270778,5180
0.225277909,5179
0.22528124,5178
0.22528646,5177
0.225290228,5176
0.225320282,5175
0.225327742,5174
0.225333077,5173
0.225339891,5172
0.225343438,5171
0.225367433,5170
0.225371111,5169
0.225376132,5168
0.225380981,5167
0.225387136,5166
0.225393235,5165
0.225396968,5164
0.22540089,5163
0.225404798,5162
0.225411926,5161
0.225415587,5160
0.225419194,5159
0.225424575,5158
0.225433314,5157
0.225436852,5156
0.225442953,5155
0.225503442,5154
0.225510919,5153
0.225523396,5152
0.225535579,5151
0.225541414,5150
0.225589344,5149
0.225614741,5148
0.225734899,5147
0.225763579,5146
0.225810489,5145
0.225926064,5144
0.225948706,5143
0.225975724,5142
0.225981614,5141
0.225985826,5140
0.226012708,5139
0.226016052,5138
0.226021424,5137
0.226059293,5136
0.226066147,5135
0.226070001,5134
0.226086183,5133
0.226094019,5132
0.226097905,5131
0.226103991,5130
0.226111273,5129
0.226118764,5128
0.226342226,5127
0.226424216,5126
0.226430051,5125
0.226574421,5124
0.226697529,5123
0.226774609,5122
0.226836237,5121
0.226857632,5120
0.226862169,5119
0.226977719,5118
0.226983845,5117
0.227022885,5116
0.227040136,5115
0.227045085,5114
0.227052976,5113
0.227063687,5112
0.227070696,5111
0.227077277,5110
0.227082111,5109
0.227085393,5108
0.227089294,5107
0.227099854,5106
0.2271082,5105
0.227119087,5104
0.227485734,5103
0.227490273,5102
0.227501385,5101
0.227504818,5100
0.227509123,5099
0.227512523,5098
0.227521074,5097
0.227529371,5096
0.22753956,5095
0.227560518,5094
0.227576791,5093
0.227582108,5092
0.227639573,5091
0.227652447,5090
0.227693729,5089
0.227698956,5088
0.227704561,5087
0.227713393,5086
0.227724351,5085
0.227730813,5084
0.227747602,5083
0.227751696,5082
0.227759105,5081
0.227771487,5080
0.227802526,5079
0.227815696,5078
0.227823991,5077
0.227828795,5076
0.227834843,5075
0.227848231,5074
0.227854342,5073
0.227860365,5072
0.227865774,5071
0.227878266,5070
0.227883361,5069
0.227897259,5068
0.227901927,5067
0.227915815,5066
0.22792298,5065
0.227928107,5064
0.22793893,5063
0.227945087,5062
0.227947793,5061
0.227956433,5060
0.227964044,5059
0.227969077,5058
0.227973564,5057
0.227976244,5056
0.228004725,5055
0.228010424,5054
0.228024077,5053
0.228032308,5052
0.228057962,5051
0.22806278,5050
0.228067481,5049
0.228071786,5048
0.228079817,5047
0.22808807,5046
0.228094698,5045
0.228105351,5044
0.22812946,5043
0.228138077,5042
0.228147428,5041
0.228152825,5040
0.228158481,5039
0.228165234,5038
0.228174107,5037
0.228187108,5036
0.228220772,5035
0.228228181,5034
0.228237264,5033
0.228241443,5032
0.228245357,5031
0.228252473,5030
0.228266062,5029
0.228326344,5028
0.22833359,5027
0.228361005,5026
0.228382857,5025
0.228405991,5024
0.228418549,5023
0.228434439,5022
0.228440152,5021
0.228453289,5020
0.228459062,5019
0.22848444,5018
0.228487709,5017
0.228509206,5016
0.228531957,5015
0.228538442,5014
0.228546836,5013
0.228551483,5012
0.22855983,5011
0.228563504,5010
0.228568875,5009
0.228592187,5008
0.228598359,5007
0.228622592,5006
0.22863002,5005
0.228639851,5004
0.22864926,5003
0.22865634,5002
0.228665344,5001
0.228669923,5000
0.228675872,4999
0.228679301,4998
0.228684115,4997
0.228691761,4996
0.228715908,4995
0.228719765,4994
0.228726384,4993
0.228731097,4992
0.228736377,4991
0.228743013,4990
0.228781495,4989
0.228804953,4988
0.228821092,4987
0.228825721,4986
0.228830969,4985
0.22883608,4984
0.229170503,4983
0.22917492,4982
0.229182468,4981
0.229238937,4980
0.229250186,4979
0.229254745,4978
0.229260007,4977
0.229295016,4976
0.229302339,4975
0.229306016,4974
0.229311928,4973
0.22934834,4972
0.229392119,4971
0.229417398,4970
0.229422183,4969
0.229445046,4968
0.229448974,4967
0.229452258,4966
0.229470444,4965
0.229477826,4964
0.229485106,4963
0.229490969,4962
0.229496036,4961
0.229500333,4960
0.229505355,4959
0.229543538,4958
0.229564338,4957
0.22961873,4956
0.22962415,4955
0.229635662,4954
0.229668197,4953
0.229674736,4952
0.229680815,4951
0.229715027,4950
0.229721107,4949
0.229729549,4948
0.229751595,4947
0.229769279,4946
0.229827757,4945
0.229880853,4944
0.229948631,4943
0.229966469,4942
0.230016724,4941
0.230031871,4940
0.230091095,4939
0.230096609,4938
0.230104336,4937
0.23011895,4936
0.230162263,4935
0.230209156,4934
0.230225049,4933
0.230231611,4932
0.230237051,4931
0.230277074,4930
0.230284663,4929
0.230293068,4928
0.230317767,4927
0.230323198,4926
0.230339931,4925
0.230385118,4924
0.230422879,4923
0.230470306,4922
0.230493578,4921
0.230497424,4920
0.230509395,4919
0.230514477,4918
0.230530166,4917
0.230535126,4916
0.230553029,4915
0.230567722,4914
0.230573034,4913
0.230581749,4912
0.230590072,4911
0.230602325,4910
0.232054987,4909
0.232066394,4908
0.232097073,4907
0.232135416,4906
0.232206637,4905
0.232239714,4904
0.232246513,4903
0.232251294,4902
0.232292142,4901
0.232299535,4900
0.232503937,4899
0.232525433,4898
0.232562609,4897
0.232566883,4896
0.232607014,4895
0.232617241,4894
0.232653397,4893
0.232659599,4892
0.232711366,4891
0.232718613,4890
0.232723374,4889
0.232759577,4888
0.232765298,4887
0.232807411,4886
0.232827961,4885
0.232833597,4884
0.232868045,4883
0.232876694,4882
0.23288489,4881
0.232910417,4880
0.232954783,4879
0.232989955,4878
0.233004035,4877
0.233039467,4876
0.23307976,4875
0.233125998,4874
0.233189983,4873
0.233238632,4872
0.233280983,4871
0.233294823,4870
0.233298205,4869
0.233364611,4868
0.233404462,4867
0.233410433,4866
0.233416151,4865
0.233419979,4864
0.233455638,4863
0.233463224,4862
0.233503076,4861
0.233572585,4860
0.233618078,4859
0.233660898,4858
0.234128731,4857
0.234132849,4856
0.234138907,4855
0.234208634,4854
0.234215169,4853
0.234248532,4852
0.234254786,4851
0.234263784,4850
0.234271557,4849
0.234275925,4848
0.234286247,4847
0.234327534,4846
0.234369831,4845
0.234392794,4844
0.234463053,4843
0.234471809,4842
0.234475032,4841
0.234484594,4840
0.234494721,4839
0.234501702,4838
0.234508653,4837
0.23458472,4836
0.234589695,4835
0.234597487,4834
0.234602391,4833
0.234609518,4832
0.234622725,4831
0.234642725,4830
0.234647395,4829
0.234654868,4828
0.234668247,4827
0.234679209,4826
0.234687578,4825
0.234691091,4824
0.234698517,4823
0.234703099,4822
0.234708312,4821
0.234715,4820
0.234729705,4819
0.234735462,4818
0.234744993,4817
0.234750496,4816
0.235051854,4815
0.235057893,4814
0.235071956,4813
0.235079435,4812
0.235086834,4811
0.235108869,4810
0.235169754,4809
0.235179461,4808
0.235200219,4807
0.235203477,4806
0.235229261,4805
0.235236113,4804
0.235240245,4803
0.235267345,4802
0.235289491,4801
0.235298758,4800
0.235306862,4799
0.235314911,4798
0.235320358,4797
0.235325758,4796
0.235346472,4795
0.235359568,4794
0.235364107,4793
0.235369863,4792
0.235682377,4791
0.235726288,4790
0.235731017,4789
0.235745472,4788
0.235770882,4787
0.235774676,4786
0.235780839,4785
0.23579049,4784
0.235794807,4783
0.235810889,4782
0.235815226,4781
0.235824692,4780
0.235828628,4779
0.235843524,4778
0.23585101,4777
0.235940549,4776
0.235966109,4775
0.235972618,4774
0.2359774,4773
0.236144251,4772
0.236181262,4771
0.236193547,4770
0.23620221,4769
0.23620582,4768
0.236215874,4767
0.236221734,4766
0.236234934,4765
0.236238965,4764
0.236266409,4763
0.236271392,4762
0.236290803,4761
0.236298248,4760
0.236500134,4759
0.236523858,4758
0.236541356,4757
0.236558956,4756
0.236581369,4755
0.236706362,4754
0.236737684,4753
0.236837414,4752
0.236841026,4751
0.237188496,4750
0.237218133,4749
0.237322623,4748
0.237346479,4747
0.237599482,4746
