0.411757576,6823
0.411916929,6822
0.412059384,6821
0.412155865,6820
0.412315244,6819
0.412380944,6818
0.412415189,6817
0.412424982,6816
0.413207923,6815
0.413219862,6814
0.413303283,6813
0.413318105,6812
0.413332957,6811
0.413355249,6810
0.413379075,6809
0.413943388,6808
0.413966192,6807
0.418525155,6806
0.418540059,6805
0.418555979,6804
0.418570648,6803
0.418615713,6802
0.418625216,6801
0.418643486,6800
0.418658888,6799
0.418675739,6798
0.418686804,6797
0.418726115,6796
0.418734345,6795
0.41954485,6794
0.4195948,6793
0.419603719,6792
0.419650472,6791
0.419751649,6790
0.419818512,6789
0.419830768,6788
0.419850064,6787
0.419864729,6786
0.419881058,6785
0.419895728,6784
0.419907735,6783
0.41991968,6782
0.419932272,6781
0.419947194,6780
0.419958682,6779
0.419970807,6778
0.419984565,6777
0.419993398,6776
0.420002351,6775
0.420011214,6774
0.420020678,6773
0.420031755,6772
0.420043117,6771
0.420067167,6770
0.420080619,6769
0.420090355,6768
0.420101184,6767
0.420110889,6766
0.420158253,6765
0.42019734,6764
0.420238615,6763
0.420303674,6762
0.420314143,6761
0.422032003,6760
0.422058295,6759
0.426263316,6758
0.426283579,6757
0.426298968,6756
0.426316338,6755
0.426326726,6754
0.42633793,6753
0.426344132,6752
0.426350343,6751
0.426359176,6750
0.426367781,6749
0.426376511,6748
0.426384641,6747
0.426393273,6746
0.426409094,6745
0.426423657,6744
0.426433948,6743
0.42644244,6742
0.426508775,6741
0.42654686,6740
0.426554406,6739
0.426599074,6738
0.426608986,6737
0.426617166,6736
0.426640551,6735
0.426665647,6734
0.426671096,6733
0.426676183,6732
0.426681337,6731
0.42668665,6730
0.426692488,6729
0.426697361,6728
0.426704518,6727
0.426711741,6726
0.426718195,6725
0.426724445,6724
0.42673302,6723
0.42673987,6722
0.426748647,6721
0.426757207,6720
0.426764882,6719
0.426772821,6718
0.426860404,6717
0.426869139,6716
0.426917492,6715
0.426922819,6714
0.426928755,6713
0.426933963,6712
0.42694035,6711
0.426948037,6710
0.426957847,6709
0.426965146,6708
0.427015157,6707
0.427020656,6706
0.427089826,6705
0.427154486,6704
0.427163779,6703
0.427193774,6702
0.427202751,6701
0.427208401,6700
0.427226508,6699
0.427231364,6698
0.427236332,6697
0.427241479,6696
0.427247323,6695
0.427252985,6694
0.427257891,6693
0.427262718,6692
0.427272286,6691
0.427277552,6690
0.427283625,6689
0.427288549,6688
0.427293954,6687
0.427298697,6686
0.427303265,6685
0.427308218,6684
0.427313829,6683
0.427319674,6682
0.427330434,6681
0.427335265,6680
0.427340891,6679
0.427348293,6678
0.427374442,6677
0.42737837,6676
0.427384499,6675
0.427390909,6674
0.427396078,6673
0.427402942,6672
0.427408786,6671
0.427413141,6670
0.427417973,6669
0.427421971,6668
0.427425626,6667
0.427429827,6666
0.427436171,6665
0.42744079,6664
0.427444415,6663
0.427447889,6662
0.427451288,6661
0.427454794,6660
0.427460802,6659
0.427464049,6658
0.427468362,6657
0.427472715,6656
0.427476548,6655
0.427479987,6654
0.42748729,6653
0.427494065,6652
0.427502111,6651
0.427508052,6650
0.42751377,6649
0.427521189,6648
0.427592142,6647
0.427599723,6646
0.427640202,6645
0.427678237,6644
0.427685999,6643
0.427730781,6642
0.429538275,6641
0.42954519,6640
0.429553409,6639
0.429560226,6638
0.429567235,6637
0.429608252,6636
0.429662006,6635
0.429669911,6634
0.429694442,6633
0.429700373,6632
0.429710778,6631
0.429716738,6630
0.429722843,6629
0.429728942,6628
0.4297337,6627
0.429738346,6626
0.429791282,6625
0.4297967,6624
0.429803457,6623
0.429809925,6622
0.429815767,6621
0.429843524,6620
0.429850304,6619
0.429857281,6618
0.429862992,6617
0.429868611,6616
0.429873173,6615
0.429879315,6614
0.429884807,6613
0.429889561,6612
0.429895154,6611
0.429900926,6610
0.429913217,6609
0.429927585,6608
0.430045346,6607
0.430096959,6606
0.430137763,6605
0.430146934,6604
0.430152738,6603
0.430166631,6602
0.43017449,6601
0.430181322,6600
0.430190242,6599
0.430195514,6598
0.430201617,6597
0.430208862,6596
0.430215138,6595
0.43022044,6594
0.430225297,6593
0.430231071,6592
0.430236629,6591
0.430241675,6590
0.430245737,6589
0.430249743,6588
0.430253688,6587
0.430271538,6586
0.430276763,6585
0.430281714,6584
0.430361504,6583
0.430367477,6582
0.43037167,6581
0.430375817,6580
0.430380567,6579
0.430385807,6578
0.430391257,6577
0.430395198,6576
0.430399241,6575
0.430403339,6574
0.430406974,6573
0.430411019,6572
0.430414963,6571
0.430418804,6570
0.430422642,6569
0.430427565,6568
0.430431998,6567
0.430436405,6566
0.430440437,6565
0.430444145,6564
0.430447751,6563
0.430452529,6562
0.430456183,6561
0.4304596,6560
0.430463174,6559
0.430467802,6558
0.43047169,6557
0.430475654,6556
0.430479849,6555
0.430483754,6554
0.430486682,6553
0.430489587,6552
0.430492411,6551
0.430496236,6550
0.430499715,6549
0.43050284,6548
0.430505808,6547
0.430508912,6546
0.430511812,6545
0.430514721,6544
0.430519643,6543
0.430524644,6542
0.430527911,6541
0.430531457,6540
0.430534984,6539
0.43054111,6538
0.430545334,6537
0.430549989,6536
0.430555384,6535
0.430559848,6534
0.430564765,6533
0.430569922,6532
0.430576112,6531
0.430593038,6530
0.430637642,6529
0.430658089,6528
0.430661924,6527
0.430665923,6526
0.430670831,6525
0.430675014,6524
0.430678808,6523
0.430682886,6522
0.430686912,6521
0.430691069,6520
0.430695196,6519
0.430703992,6518
0.430708022,6517
0.430712037,6516
0.43071597,6515
0.430721781,6514
0.430726654,6513
0.430731383,6512
0.430741069,6511
0.430744947,6510
0.430749047,6509
0.430752737,6508
0.430756598,6507
0.431101363,6506
0.431153155,6505
0.431157194,6504
0.43116164,6503
0.431166502,6502
0.431170693,6501
0.431174568,6500
0.431178555,6499
0.431182158,6498
0.43118636,6497
0.431190005,6496
0.43119372,6495
0.4311982,6494
0.43120148,6493
0.431206264,6492
0.431209467,6491
0.431212542,6490
0.431216506,6489
0.431220918,6488
0.431224867,6487
0.431228168,6486
0.431232465,6485
0.431236625,6484
0.431241069,6483
0.431244869,6482
0.431250717,6481
0.431255023,6480
0.431259082,6479
0.431263227,6478
0.43126797,6477
0.431273266,6476
0.431278947,6475
0.431284892,6474
0.431290762,6473
0.431298457,6472
0.431304244,6471
0.43131042,6470
0.431316145,6469
0.431323404,6468
0.431328782,6467
0.431335183,6466
0.431339284,6465
0.431343518,6464
0.431347361,6463
0.431351452,6462
0.43135623,6461
0.431363917,6460
0.431368412,6459
0.431373874,6458
0.431382583,6457
0.431588173,6456
0.431596308,6455
0.431601252,6454
0.431605833,6453
0.43161041,6452
0.431614455,6451
0.431618213,6450
0.431621809,6449
0.43162723,6448
0.431631247,6447
0.431635519,6446
0.431639285,6445
0.431644984,6444
0.431649228,6443
0.431655468,6442
0.431659471,6441
0.431663313,6440
0.431667062,6439
0.431673413,6438
0.431721408,6437
0.431726181,6436
0.431730362,6435
0.431735769,6434
0.431741046,6433
0.43174613,6432
0.431750791,6431
0.431755294,6430
0.431769597,6429
0.43177846,6428
0.431782292,6427
0.431789138,6426
0.431792799,6425
0.431796539,6424
0.431800202,6423
0.431804441,6422
0.431810337,6421
0.431813938,6420
0.431817791,6419
0.43182324,6418
0.431826682,6417
0.431830559,6416
0.431835334,6415
0.431839235,6414
0.431843363,6413
0.431848873,6412
0.431852869,6411
0.43185603,6410
0.431859001,6409
0.431861847,6408
0.43186497,6407
0.431867972,6406
0.431870674,6405
0.431873337,6404
0.431876163,6403
0.431879077,6402
0.431881767,6401
0.431884454,6400
0.431887167,6399
0.431889982,6398
0.431892763,6397
0.431895762,6396
0.431898593,6395
0.431901287,6394
0.431904394,6393
0.431906965,6392
0.431909878,6391
0.431912681,6390
0.431915284,6389
0.431918205,6388
0.431920951,6387
0.431923685,6386
0.431926501,6385
0.431930353,6384
0.431932941,6383
0.431935694,6382
0.431938591,6381
0.431941362,6380
0.431944138,6379
0.431949989,6378
0.431952784,6377
0.431955445,6376
0.431958346,6375
0.43196134,6374
0.431966235,6373
0.431969993,6372
0.431973631,6371
0.431977301,6370
0.431980811,6369
0.431984213,6368
0.431987928,6367
0.431991484,6366
0.431994566,6365
0.431998013,6364
0.432001993,6363
0.432004881,6362
0.432007756,6361
0.432010552,6360
0.432015039,6359
0.432486794,6358
0.432503556,6357
0.432507049,6356
0.432513444,6355
0.432520079,6354
0.432523563,6353
0.432528016,6352
0.432530958,6351
0.432534265,6350
0.432537399,6349
0.432540978,6348
0.43254448,6347
0.432548868,6346
0.432553263,6345
0.432559257,6344
0.432565014,6343
0.432569576,6342
0.432609447,6341
0.432613898,6340
0.432629314,6339
0.432634218,6338
0.432647125,6337
0.432652771,6336
0.432657549,6335
0.432662521,6334
0.432674318,6333
0.432686238,6332
0.432692523,6331
0.432706803,6330
0.432714796,6329
0.432720823,6328
0.43272487,6327
0.432729151,6326
0.432733467,6325
0.432736529,6324
0.432740028,6323
0.432744767,6322
0.432748241,6321
0.432751692,6320
0.432756237,6319
0.432759369,6318
0.432762857,6317
0.43276586,6316
0.432769307,6315
0.4327722,6314
0.432786293,6313
0.432792414,6312
0.432799036,6311
0.432805551,6310
0.432810104,6309
0.432876068,6308
0.432924098,6307
0.432928234,6306
0.432932736,6305
0.432938868,6304
0.432948043,6303
0.432952706,6302
0.432957451,6301
0.432962898,6300
0.432967449,6299
0.433049521,6298
0.433054159,6297
0.433059056,6296
0.433063644,6295
0.433148262,6294
0.433153752,6293
0.433158102,6292
0.433162888,6291
0.433167256,6290
0.433174005,6289
0.433183939,6288
0.433188612,6287
0.433197103,6286
0.433202269,6285
0.433206649,6284
0.433211865,6283
0.433215628,6282
0.433219678,6281
0.433348057,6280
0.433352969,6279
0.433357054,6278
0.433364466,6277
0.433368418,6276
0.433373912,6275
0.433377352,6274
0.433381107,6273
0.433385335,6272
0.433389421,6271
0.433394293,6270
0.43339898,6269
0.43340263,6268
0.43340618,6267
0.433412776,6266
0.433416051,6265
0.433419969,6264
0.433423463,6263
0.433427438,6262
0.433433012,6261
0.433437272,6260
0.433443076,6259
0.433447988,6258
0.433451737,6257
0.433457073,6256
0.433463593,6255
0.433468829,6254
0.433472521,6253
0.4334775,6252
0.433482537,6251
0.433486659,6250
0.433523241,6249
0.43352936,6248
0.433533425,6247
0.433538038,6246
0.433541125,6245
0.43357421,6244
0.43357944,6243
0.433585413,6242
0.433591635,6241
0.433596186,6240
0.433602501,6239
0.433607304,6238
0.433611628,6237
0.433617654,6236
0.433624362,6235
0.433628713,6234
0.433633083,6233
0.433638783,6232
0.433646128,6231
0.433653107,6230
0.43365798,6229
0.433662291,6228
0.433666534,6227
0.433671732,6226
0.433675871,6225
0.433680276,6224
0.433685253,6223
0.433688986,6222
0.433692521,6221
0.433696763,6220
0.433702293,6219
0.433708366,6218
0.433714471,6217
0.43373216,6216
0.433735949,6215
0.433742111,6214
0.433746959,6213
0.433751355,6212
0.433756716,6211
0.433761062,6210
0.433768517,6209
0.433772486,6208
0.433777097,6207
0.433782664,6206
0.433789642,6205
0.433794763,6204
0.433799893,6203
0.433803967,6202
0.433810947,6201
0.433815994,6200
0.433821028,6199
0.433833523,6198
0.433837874,6197
0.433842499,6196
0.433849857,6195
0.433858492,6194
0.433863536,6193
0.433871178,6192
0.433916367,6191
0.433928373,6190
0.433937396,6189
0.434158511,6188
0.434164341,6187
0.434171464,6186
0.434175548,6185
0.434180073,6184
0.434187444,6183
0.434192696,6182
0.434199185,6181
0.434203214,6180
0.434207424,6179
0.434215301,6178
0.434221621,6177
0.434231405,6176
0.434318249,6175
0.434323732,6174
0.434328646,6173
0.434333565,6172
0.434338719,6171
0.434357208,6170
0.434364062,6169
0.434372254,6168
0.434377505,6167
0.434384554,6166
0.434390126,6165
0.434407261,6164
0.434412204,6163
0.434418584,6162
0.434425385,6161
0.434430551,6160
0.434435287,6159
0.434439817,6158
0.434445678,6157
0.434450469,6156
0.434454128,6155
0.434458213,6154
0.434462182,6153
0.434466018,6152
0.434469658,6151
0.434473393,6150
0.434477679,6149
0.43449058,6148
0.4345041,6147
0.434509134,6146
0.434513733,6145
0.434528468,6144
0.434535437,6143
0.434539813,6142
0.434543588,6141
0.434565466,6140
0.434569922,6139
0.434574815,6138
0.434605996,6137
0.434610559,6136
0.434616772,6135
0.434621065,6134
0.434624101,6133
0.434626804,6132
0.434630404,6131
0.434634074,6130
0.434637848,6129
0.43464174,6128
0.434646397,6127
0.434652423,6126
0.434660246,6125
0.434664683,6124
0.434669205,6123
0.434672589,6122
0.434675856,6121
0.434678621,6120
0.434683149,6119
0.434686252,6118
0.43469015,6117
0.43469304,6116
0.434699342,6115
0.434702879,6114
0.434706471,6113
0.434709336,6112
0.434712858,6111
0.434716448,6110
0.434720925,6109
0.434724717,6108
0.434729326,6107
0.434733569,6106
0.434737329,6105
0.434740312,6104
0.43474527,6103
0.434748309,6102
0.434753509,6101
0.434756612,6100
0.434789734,6099
0.434801014,6098
0.434804574,6097
0.434809854,6096
0.434812948,6095
0.434815647,6094
0.43482405,6093
0.434827563,6092
0.434831099,6091
0.434834079,6090
0.434837076,6089
0.434842043,6088
0.43484948,6087
0.434855924,6086
0.434860129,6085
0.434864256,6084
0.434880703,6083
0.434885122,6082
0.43570733,6081
0.43571138,6080
0.435715283,6079
0.435719322,6078
0.435726043,6077
0.43573109,6076
0.435737837,6075
0.435778049,6074
0.435782667,6073
0.435790829,6072
0.435795288,6071
0.435799169,6070
0.435804438,6069
0.435810327,6068
0.435816555,6067
0.43582875,6066
0.435832658,6065
0.435836909,6064
0.435840255,6063
0.435845355,6062
0.435849957,6061
0.435855372,6060
0.435859812,6059
0.435863541,6058
0.435867399,6057
0.435870908,6056
0.435874728,6055
0.435879402,6054
0.4358873,6053
0.43589193,6052
0.435896827,6051
0.435901417,6050
0.435905712,6049
0.435917475,6048
0.435922735,6047
0.43592622,6046
0.435930028,6045
0.435935636,6044
0.4359428,6043
0.435946681,6042
0.43595005,6041
0.435957899,6040
0.435961725,6039
0.435964628,6038
0.435967883,6037
0.435971121,6036
0.435974725,6035
0.43598167,6034
0.435986906,6033
0.4359911,6032
0.436008584,6031
0.436014188,6030
0.436024517,6029
0.436030974,6028
0.436035063,6027
0.436041137,6026
0.436073713,6025
0.436078757,6024
0.436083965,6023
0.436090707,6022
0.436096439,6021
0.436100764,6020
0.436107905,6019
0.436110817,6018
0.43611379,6017
0.436118784,6016
0.436124115,6015
0.436128173,6014
0.436133127,6013
0.436136616,6012
0.436140778,6011
0.436145511,6010
0.43614883,6009
0.436152733,6008
0.436158193,6007
0.436161341,6006
0.436166043,6005
0.436169012,6004
0.436172456,6003
0.436176939,6002
0.436181881,6001
0.436185017,6000
0.436189155,5999
0.436192307,5998
0.436194803,5997
0.436199149,5996
0.436203612,5995
0.43620805,5994
0.436211332,5993
0.436216015,5992
0.436218889,5991
0.436222462,5990
0.436226463,5989
0.436230512,5988
0.436233898,5987
0.436236993,5986
0.436240127,5985
0.436242998,5984
0.436247068,5983
0.436250062,5982
0.436258853,5981
0.436263573,5980
0.436268132,5979
0.436274037,5978
0.436278245,5977
0.43628243,5976
0.436288877,5975
0.436292797,5974
0.436301665,5973
0.436305915,5972
0.436309804,5971
0.436318454,5970
0.436326038,5969
0.436331132,5968
0.436334689,5967
0.436338059,5966
0.43634234,5965
0.436345902,5964
0.436350962,5963
0.436355075,5962
0.436360625,5961
0.436364345,5960
0.436369544,5959
0.436373036,5958
0.43637634,5957
0.436381043,5956
0.436384284,5955
0.436410773,5954
0.436415566,5953
0.436419536,5952
0.436429562,5951
0.436435814,5950
0.43643927,5949
0.436444483,5948
0.436448017,5947
0.436454519,5946
0.436458815,5945
0.436463221,5944
0.436466827,5943
0.436470924,5942
0.436475718,5941
0.436479619,5940
0.436484944,5939
0.436488618,5938
0.436493091,5937
0.436496239,5936
0.436501015,5935
0.43650748,5934
0.436512444,5933
0.436516679,5932
0.436521331,5931
0.436525658,5930
0.436530235,5929
0.436539558,5928
0.436543922,5927
0.436548435,5926
0.436559999,5925
0.436564134,5924
0.436569666,5923
0.436573014,5922
0.436576403,5921
0.436580593,5920
0.436585012,5919
0.436588719,5918
0.436593549,5917
0.436607285,5916
0.436610856,5915
0.436616039,5914
0.436620036,5913
0.436623157,5912
0.436627956,5911
0.4366314,5910
0.436634482,5909
0.436637975,5908
0.436641186,5907
0.436645212,5906
0.436656301,5905
0.436661819,5904
0.436667513,5903
0.43667124,5902
0.436674888,5901
0.436678734,5900
0.436682457,5899
0.436839667,5898
0.436907689,5897
0.436919451,5896
0.436923745,5895
0.436927062,5894
0.436930908,5893
0.436936595,5892
0.436940133,5891
0.436943952,5890
0.436947588,5889
0.436951482,5888
0.436958207,5887
0.436961794,5886
0.436965262,5885
0.436968701,5884
0.436973787,5883
0.436977274,5882
0.436982117,5881
0.436990504,5880
0.436996098,5879
0.437000466,5878
0.437013516,5877
0.437019757,5876
0.437024351,5875
0.437034313,5874
0.437040453,5873
0.437044855,5872
0.437051662,5871
0.437055549,5870
0.437060735,5869
0.437064956,5868
0.437069163,5867
0.437073258,5866
0.437080405,5865
0.437085729,5864
0.437091695,5863
0.437097958,5862
0.437102941,5861
0.437106399,5860
0.437115843,5859
0.437119938,5858
0.437188517,5857
0.437194659,5856
0.437199213,5855
0.437203786,5854
0.437208528,5853
0.437215149,5852
0.437221206,5851
0.437226114,5850
0.437230989,5849
0.437239175,5848
0.437244481,5847
0.437249317,5846
0.437253929,5845
0.437260786,5844
0.43727396,5843
0.437278641,5842
0.437294121,5841
0.437302296,5840
0.43730827,5839
0.437316791,5838
0.437324168,5837
0.43732983,5836
0.437344477,5835
0.437352657,5834
0.437357752,5833
0.437370943,5832
0.437376302,5831
0.43738354,5830
0.437388608,5829
0.437393543,5828
0.437402629,5827
0.437410493,5826
0.437435973,5825
0.437448023,5824
0.437471897,5823
0.437479552,5822
0.43748695,5821
0.437492736,5820
0.437498156,5819
0.437504223,5818
0.437513832,5817
0.437519226,5816
0.437529168,5815
0.4375342,5814
0.437539594,5813
0.437553632,5812
0.437561089,5811
0.43757643,5810
0.437595993,5809
0.437602725,5808
0.437608798,5807
0.437613598,5806
0.437624029,5805
0.437628335,5804
0.437643294,5803
0.438758819,5802
0.438771801,5801
0.438779498,5800
0.438784375,5799
0.438789428,5798
0.438800344,5797
0.438814486,5796
0.438818677,5795
0.438822656,5794
0.438828611,5793
0.438835144,5792
0.43884005,5791
0.438846592,5790
0.438853124,5789
0.438861345,5788
0.438868404,5787
0.43887401,5786
0.438889714,5785
0.438924601,5784
0.438930234,5783
0.438937269,5782
0.438942929,5781
0.438950909,5780
0.438978208,5779
0.438983242,5778
0.438988918,5777
0.438994103,5776
0.438998592,5775
0.439003221,5774
0.43900789,5773
0.439015874,5772
0.439020233,5771
0.439026634,5770
0.439034711,5769
0.439041378,5768
0.439049748,5767
0.439054308,5766
0.439062217,5765
0.439067409,5764
0.439071866,5763
0.439075908,5762
0.439080101,5761
0.439084843,5760
0.439090855,5759
0.439094948,5758
0.439098342,5757
0.439101935,5756
0.439105892,5755
0.439110782,5754
0.439118374,5753
0.439123522,5752
0.439126902,5751
0.439132983,5750
0.439138389,5749
0.439145146,5748
0.439148438,5747
0.439151596,5746
0.439158359,5745
0.439161544,5744
0.439165688,5743
0.439169448,5742
0.439173012,5741
0.439180347,5740
0.439184461,5739
0.439189997,5738
0.439193276,5737
0.439196547,5736
0.439201165,5735
0.439206817,5734
0.439213366,5733
0.439217226,5732
0.43922166,5731
0.439225957,5730
0.439235771,5729
0.443040431,5728
0.443052636,5727
0.443085252,5726
0.443091059,5725
0.443180314,5724
0.443189,5723
0.443200774,5722
0.443211084,5721
0.443216272,5720
0.443232943,5719
0.443238628,5718
0.443243871,5717
0.443253751,5716
0.443262962,5715
0.443268066,5714
0.443272059,5713
0.443305302,5712
0.443312148,5711
0.443316304,5710
0.443320456,5709
0.443328286,5708
0.443332227,5707
0.44333622,5706
0.443350202,5705
0.443355292,5704
0.443363466,5703
0.443367014,5702
0.44337214,5701
0.443378613,5700
0.443388304,5699
0.443395388,5698
0.443403914,5697
0.443412153,5696
0.443416077,5695
0.443426091,5694
0.443544384,5693
0.443551248,5692
0.443557047,5691
0.443564218,5690
0.443599503,5689
0.443611758,5688
0.443617237,5687
0.443626464,5686
0.443632103,5685
0.443638163,5684
0.443643141,5683
0.44364945,5682
0.443655478,5681
0.4436603,5680
0.443664628,5679
0.443668547,5678
0.443672722,5677
0.44368912,5676
0.443695128,5675
0.443699063,5674
0.443705413,5673
0.443713386,5672
0.443719289,5671
0.443727651,5670
0.443734261,5669
0.443766636,5668
0.443772081,5667
0.443779881,5666
0.443784798,5665
0.443789047,5664
0.443793389,5663
0.443796727,5662
0.443800772,5661
0.443804094,5660
0.443807542,5659
0.443811116,5658
0.443818064,5657
0.443821548,5656
0.443824656,5655
0.443831869,5654
0.443836891,5653
0.443841102,5652
0.443844305,5651
0.443847338,5650
0.443851273,5649
0.443854457,5648
0.44385757,5647
0.443860913,5646
0.443863881,5645
0.443867503,5644
0.443876315,5643
0.443879362,5642
0.44388378,5641
0.443886855,5640
0.443889515,5639
0.44389404,5638
0.443899042,5637
0.443902652,5636
0.44390747,5635
0.443914396,5634
0.443917617,5633
0.443920408,5632
0.443925994,5631
0.443936683,5630
0.443948756,5629
0.443953226,5628
0.443959382,5627
0.443965238,5626
0.443968793,5625
0.443974171,5624
0.443980374,5623
0.443983818,5622
0.44398831,5621
0.443991726,5620
0.443996727,5619
0.44400175,5618
0.444006569,5617
0.444011966,5616
0.44401904,5615
0.444022554,5614
0.444026001,5613
0.444034983,5612
0.444053747,5611
0.444057033,5610
0.444061102,5609
0.444068604,5608
0.444072909,5607
0.444076611,5606
0.444079866,5605
0.444085927,5604
0.444104805,5603
0.444107635,5602
0.444112307,5601
0.444117644,5600
0.444125826,5599
0.444129426,5598
0.444134516,5597
0.444137336,5596
0.444140426,5595
0.444143592,5594
0.44414868,5593
0.444152001,5592
0.444155687,5591
0.44415818,5590
0.444161884,5589
0.444165267,5588
0.444169458,5587
0.444175949,5586
0.444179692,5585
0.444182018,5584
0.444185397,5583
0.444187896,5582
0.444191463,5581
0.444194009,5580
0.444197482,5579
0.444199752,5578
0.444202258,5577
0.444204901,5576
0.444208801,5575
0.444213893,5574
0.444217646,5573
0.444220235,5572
0.444222774,5571
0.444225254,5570
0.444231449,5569
0.444234189,5568
0.444239384,5567
0.44424192,5566
0.444244475,5565
0.444246802,5564
0.444250102,5563
0.444253989,5562
0.444560076,5561
0.444567987,5560
0.444571302,5559
0.444579829,5558
0.44458317,5557
0.444592286,5556
0.444596346,5555
0.444600652,5554
0.444606622,5553
0.444610952,5552
0.444613451,5551
0.444616953,5550
0.444619771,5549
0.444624211,5548
0.444665789,5547
0.444670374,5546
0.444673302,5545
0.444676048,5544
0.444680613,5543
0.444689825,5542
0.444713436,5541
0.444740129,5540
0.444745746,5539
0.444769831,5538
0.444780876,5537
0.444787624,5536
0.444793514,5535
0.444801105,5534
0.444810153,5533
0.444813367,5532
0.444816632,5531
0.444820788,5530
0.444831448,5529
0.444841794,5528
0.444871688,5527
0.444877583,5526
0.44488464,5525
0.444903372,5524
0.44491134,5523
0.444922965,5522
0.444959739,5521
0.444967547,5520
0.444981722,5519
0.444986369,5518
0.444991091,5517
0.444995058,5516
0.444999963,5515
0.445004693,5514
0.445010228,5513
0.445014997,5512
0.445028831,5511
0.445080315,5510
0.445102304,5509
0.445111175,5508
0.445129786,5507
0.445139659,5506
0.445153735,5505
0.44515938,5504
0.445166553,5503
0.445172823,5502
0.445188002,5501
0.445194387,5500
0.445207892,5499
0.445215074,5498
0.445219424,5497
0.445232329,5496
0.445236694,5495
0.44524134,5494
0.445292212,5493
0.445299299,5492
0.445307229,5491
0.445314083,5490
0.445317932,5489
0.445338582,5488
0.445344732,5487
0.446264424,5486
0.446279829,5485
0.446285705,5484
0.446319299,5483
0.446325032,5482
0.446330037,5481
0.446342232,5480
0.446348607,5479
0.446352803,5478
0.44635706,5477
0.446361002,5476
0.446367048,5475
0.44776279,5474
0.447777857,5473
0.447790557,5472
0.447818574,5471
0.447838874,5470
0.447853519,5469
0.447866267,5468
0.447870849,5467
0.447875009,5466
0.44788065,5465
0.447893302,5464
0.447902119,5463
0.447912822,5462
0.447917937,5461
0.447924078,5460
0.447928779,5459
0.447935142,5458
0.447944537,5457
0.447948981,5456
0.447953785,5455
0.447960648,5454
0.447966425,5453
0.447977397,5452
0.447982259,5451
0.447986599,5450
0.447994782,5449
0.447999899,5448
0.448018548,5447
0.448025343,5446
0.448031916,5445
0.448037625,5444
0.448088586,5443
0.448097887,5442
0.448104476,5441
0.44811429,5440
0.448148113,5439
0.44815473,5438
0.448163656,5437
0.448198428,5436
0.448233537,5435
0.448243088,5434
0.448252173,5433
0.448259764,5432
0.448265723,5431
0.448270263,5430
0.448276396,5429
0.448288623,5428
0.448292936,5427
0.448296927,5426
0.448300885,5425
0.448306213,5424
0.448313624,5423
0.448319382,5422
0.448358141,5421
0.448363631,5420
0.448374695,5419
0.448379386,5418
0.448385959,5417
0.448393331,5416
0.44840432,5415
0.448452355,5414
0.448458524,5413
0.448462797,5412
0.448468247,5411
0.448479086,5410
0.448483053,5409
0.448494616,5408
0.448498186,5407
0.448505583,5406
0.448511514,5405
0.44852924,5404
0.44853896,5403
0.448551761,5402
0.448556821,5401
0.448561137,5400
0.448566158,5399
0.44857063,5398
0.448574982,5397
0.448579187,5396
0.448585109,5395
0.448594702,5394
0.448667048,5393
0.448681505,5392
0.448689031,5391
0.448695336,5390
0.448700406,5389
0.44870794,5388
0.448711714,5387
0.448723304,5386
0.448730562,5385
0.448733593,5384
0.448736414,5383
0.448739168,5382
0.448742082,5381
0.448747065,5380
0.448751964,5379
0.448754762,5378
0.448760627,5377
0.44876488,5376
0.448768241,5375
0.448770817,5374
0.449093995,5373
0.449096577,5372
0.449099981,5371
0.449103953,5370
0.449131226,5369
0.449140714,5368
0.449145905,5367
0.449149752,5366
0.449152488,5365
0.449155855,5364
0.449164426,5363
0.449168147,5362
0.449171539,5361
0.449180438,5360
0.449205618,5359
0.449208835,5358
0.449212115,5357
0.449220229,5356
0.449229964,5355
0.449236057,5354
0.449239553,5353
0.449244377,5352
0.449256827,5351
0.449276582,5350
0.449283256,5349
0.449287809,5348
0.449291674,5347
0.449304656,5346
0.44930918,5345
0.44931546,5344
0.44932452,5343
0.44933343,5342
0.449336747,5341
0.449342115,5340
0.449345579,5339
0.449351463,5338
0.449385137,5337
0.449394222,5336
0.449416642,5335
0.449444302,5334
0.449451533,5333
0.44947351,5332
0.449477806,5331
0.449488399,5330
0.44949161,5329
0.449502923,5328
0.449506592,5327
0.449514121,5326
0.449518429,5325
0.449543154,5324
0.449573342,5323
0.449578922,5322
0.449621915,5321
0.449625637,5320
0.449647992,5319
0.449657818,5318
0.449697693,5317
0.449701437,5316
0.449712082,5315
0.449715236,5314
0.449783831,5313
0.449791511,5312
0.449808611,5311
0.44983595,5310
0.449849188,5309
0.449855587,5308
0.449859987,5307
0.449863978,5306
0.449867618,5305
0.449874387,5304
0.449886427,5303
0.449908212,5302
0.449915652,5301
0.449920159,5300
0.449925474,5299
0.449929438,5298
0.449934417,5297
0.449942956,5296
0.449951306,5295
0.449958091,5294
0.449963918,5293
0.449967282,5292
0.449970422,5291
0.449976427,5290
0.449982473,5289
0.449997385,5288
0.450000506,5287
0.450006775,5286
0.450047487,5285
0.450057143,5284
0.450067053,5283
0.450101128,5282
0.450123139,5281
0.450134779,5280
0.450140264,5279
0.450148773,5278
0.450154298,5277
0.450158845,5276
0.450163087,5275
0.450166091,5274
0.450170016,5273
0.450174551,5272
0.450179177,5271
0.45018315,5270
0.450200474,5269
0.450203488,5268
0.450209415,5267
0.450213929,5266
0.450219806,5265
0.450229641,5264
0.45026421,5263
0.450271138,5262
0.450277668,5261
0.450284698,5260
0.45031838,5259
0.450336296,5258
0.450359871,5257
0.450363957,5256
0.450368555,5255
0.450372521,5254
0.450392893,5253
0.450407516,5252
0.450422679,5251
0.450433564,5250
0.450437219,5249
0.450441163,5248
0.450449411,5247
0.45046395,5246
0.450475495,5245
0.450485649,5244
0.450521985,5243
0.450532385,5242
0.450538317,5241
0.450556296,5240
0.450573494,5239
0.450580655,5238
0.450588683,5237
0.450601137,5236
0.450608348,5235
0.450611872,5234
0.450615885,5233
0.450631193,5232
0.450642192,5231
0.450652688,5230
0.450662025,5229
0.451340933,5228
0.451374562,5227
0.451391534,5226
0.451399802,5225
0.451416701,5224
0.451434661,5223
0.451456687,5222
0.451466625,5221
0.451476912,5220
0.451484208,5219
0.451508772,5218
0.451579609,5217
0.451586762,5216
0.451599538,5215
0.451604658,5214
0.451610294,5213
0.451623544,5212
0.451647381,5211
0.451656024,5210
0.451663743,5209
0.45169687,5208
0.451709829,5207
0.451761463,5206
0.451768258,5205
0.451780683,5204
0.451808526,5203
0.451852018,5202
0.451881613,5201
0.451886979,5200
0.451914413,5199
0.451926678,5198
0.451933845,5197
0.451940193,5196
0.451945892,5195
0.451954104,5194
0.451967608,5193
0.451974983,5192
0.451980727,5191
0.451999352,5190
0.452024703,5189
0.452030711,5188
0.452035932,5187
0.452051495,5186
0.452065989,5185
0.452074128,5184
0.452079886,5183
0.452094537,5182
0.452100584,5181
0.452105712,5180
0.452143233,5179
0.452147773,5178
0.452161951,5177
0.452187492,5176
0.452194373,5175
0.452219532,5174
0.452227102,5173
0.452233506,5172
0.45223873,5171
0.452244186,5170
0.452251811,5169
0.452278644,5168
0.452286395,5167
0.452296459,5166
0.45230255,5165
0.452310947,5164
0.452319674,5163
0.452337566,5162
0.452371693,5161
0.45241809,5160
0.452426407,5159
0.452439629,5158
0.452455957,5157
0.4524614,5156
0.45246631,5155
0.45247339,5154
0.452486723,5153
0.452491101,5152
0.452496064,5151
0.452505035,5150
0.452511251,5149
0.452516291,5148
0.452519939,5147
0.452529625,5146
0.452541579,5145
0.452557341,5144
0.452565077,5143
0.452569936,5142
0.452578106,5141
0.452583554,5140
0.452605551,5139
0.4526411,5138
0.452656961,5137
0.452663626,5136
0.45267258,5135
0.452678732,5134
0.452700611,5133
0.45280284,5132
0.452807282,5131
0.452823603,5130
0.452833462,5129
0.452841428,5128
0.452857598,5127
0.452867297,5126
0.452877947,5125
0.452886272,5124
0.452890591,5123
0.452896769,5122
0.452913654,5121
0.452944835,5120
0.453019578,5119
0.453042101,5118
0.453050416,5117
0.453056679,5116
0.453064608,5115
0.453068221,5114
0.453071996,5113
0.453088425,5112
0.453096483,5111
0.453111186,5110
0.453125221,5109
0.453132111,5108
0.453151741,5107
0.453160043,5106
0.453165552,5105
0.453538749,5104
0.453547744,5103
0.453556435,5102
0.453607773,5101
0.453614254,5100
0.45363956,5099
0.45364504,5098
0.453647941,5097
0.453653538,5096
0.453660229,5095
0.453703093,5094
0.453708668,5093
0.453719339,5092
0.453724309,5091
0.453731571,5090
0.453739256,5089
0.45376452,5088
0.453771727,5087
0.453776425,5086
0.453791065,5085
0.453801036,5084
0.453817152,5083
0.453821438,5082
0.453827219,5081
0.45383641,5080
0.453842232,5079
0.453860931,5078
0.453875635,5077
0.453898216,5076
0.453911424,5075
0.453921826,5074
0.453931503,5073
0.453937213,5072
0.453941516,5071
0.453962176,5070
0.453968831,5069
0.453974241,5068
0.454023172,5067
0.454026886,5066
0.454047911,5065
0.454051672,5064
0.454056594,5063
0.454065324,5062
0.454071604,5061
0.454077697,5060
0.45408139,5059
0.454085876,5058
0.454089696,5057
0.454093953,5056
0.454098615,5055
0.454106368,5054
0.454109881,5053
0.454115631,5052
0.454120008,5051
0.454126314,5050
0.454137635,5049
0.454155837,5048
0.454158881,5047
0.454162313,5046
0.454168527,5045
0.454175937,5044
0.454185177,5043
0.454199622,5042
0.454217551,5041
0.454221681,5040
0.45422457,5039
0.454229107,5038
0.454235149,5037
0.454242176,5036
0.454255681,5035
0.454258454,5034
0.454261453,5033
0.454264191,5032
0.454268265,5031
0.454273468,5030
0.454277529,5029
0.454286525,5028
0.454290161,5027
0.454294368,5026
0.454302478,5025
0.454329402,5024
0.454336583,5023
0.454346536,5022
0.454378915,5021
0.454384549,5020
0.454414019,5019
0.454433381,5018
0.454445214,5017
0.454449672,5016
0.454454103,5015
0.454460836,5014
0.454474331,5013
0.454531264,5012
0.454540228,5011
0.454593282,5010
0.454602727,5009
0.454629237,5008
0.454634546,5007
0.454641361,5006
0.454656059,5005
0.454664761,5004
0.454679298,5003
0.454682396,5002
0.454687798,5001
0.454690651,5000
0.454697483,4999
0.454703654,4998
0.454715187,4997
0.454718872,4996
0.45472914,4995
0.454741827,4994
0.454744989,4993
0.454759384,4992
0.454765022,4991
0.454797011,4990
0.454813758,4989
0.454824061,4988
0.454853347,4987
0.455194303,4986
0.455227193,4985
0.455233759,4984
0.45525111,4983
0.455255584,4982
0.455258953,4981
0.455262876,4980
0.455274022,4979
0.455279616,4978
0.455287885,4977
0.455300134,4976
0.455310884,4975
0.455324463,4974
0.455339972,4973
0.455347332,4972
0.455352493,4971
0.455360757,4970
0.455392707,4969
0.455402837,4968
0.455405689,4967
0.455411048,4966
0.455424121,4965
0.45542993,4964
0.455434303,4963
0.455438133,4962
0.455466966,4961
0.455474146,4960
0.455482502,4959
0.455488668,4958
0.455491998,4957
0.455500357,4956
0.455509526,4955
0.455528141,4954
0.455538621,4953
0.45554266,4952
0.455545424,4951
0.455552185,4950
0.455575667,4949
0.45561861,4948
0.455622073,4947
0.455644381,4946
0.455647593,4945
0.455659434,4944
0.45566505,4943
0.455673982,4942
0.455704474,4941
0.455710269,4940
0.455722455,4939
0.455728525,4938
0.455741197,4937
0.455744763,4936
0.455764591,4935
0.455779763,4934
0.455788726,4933
0.455822109,4932
0.455840001,4931
0.455874343,4930
0.455887455,4929
0.455899441,4928
0.455914765,4927
0.45591856,4926
0.455924726,4925
0.455949354,4924
0.455991453,4923
0.456003877,4922
0.45604125,4921
0.456049137,4920
0.456080451,4919
0.456103561,4918
0.456124395,4917
0.4561342,4916
0.456139365,4915
0.45614411,4914
0.456154185,4913
0.456163185,4912
0.456690545,4911
0.456696524,4910
0.456711367,4909
0.456729361,4908
0.456735093,4907
0.456756776,4906
0.456761944,4905
0.456774325,4904
0.456787661,4903
0.456803799,4902
0.456819025,4901
0.456834399,4900
0.456848826,4899
0.456863475,4898
0.456886093,4897
0.456893385,4896
0.456922001,4895
0.456938428,4894
0.45698606,4893
0.456995297,4892
0.457002878,4891
0.457008746,4890
0.457021332,4889
0.457029693,4888
0.457049559,4887
0.457079827,4886
0.457086801,4885
0.457095805,4884
0.457103724,4883
0.457109313,4882
0.457123403,4881
0.457134034,4880
0.457146177,4879
0.457165014,4878
0.457173134,4877
0.457182694,4876
0.457193475,4875
0.457220378,4874
0.457242558,4873
0.457260724,4872
0.457271116,4871
0.457280875,4870
0.457285732,4869
0.457294022,4868
0.4573331,4867
0.457350899,4866
0.457391491,4865
0.45740755,4864
0.457422866,4863
0.457434307,4862
0.457445823,4861
0.457499973,4860
0.458033231,4859
0.45804155,4858
0.458071445,4857
0.458111969,4856
0.458131598,4855
0.458136674,4854
0.458145722,4853
0.458185639,4852
0.458243268,4851
0.45828437,4850
0.458321549,4849
0.45832869,4848
0.45833418,4847
0.45838494,4846
0.458422368,4845
0.458471059,4844
0.458479195,4843
0.458486455,4842
0.45851585,4841
0.458560775,4840
0.458606677,4839
0.458658499,4838
0.458700177,4837
0.458753622,4836
0.45879179,4835
0.458863382,4834
0.45887933,4833
0.458885685,4832
0.458891011,4831
0.458914393,4830
0.459004203,4829
0.459014016,4828
0.459327762,4827
0.459399849,4826
0.459435215,4825
0.459444808,4824
0.459480721,4823
0.459489962,4822
0.459528917,4821
0.459533589,4820
0.459539373,4819
0.459562837,4818
0.459568212,4817
0.459581924,4816
0.459803347,4815
0.459813172,4814
0.459829819,4813
0.45985672,4812
0.459865485,4811
0.459924863,4810
0.459935998,4809
0.459960864,4808
0.459967075,4807
0.459978397,4806
0.459981472,4805
0.459988892,4804
0.45999652,4803
0.459999572,4802
0.460004274,4801
0.460047943,4800
0.460053823,4799
0.460060216,4798
0.460070175,4797
0.460072978,4796
0.460084208,4795
0.46009211,4794
0.460105901,4793
0.46011117,4792
0.460357212,4791
0.460401253,4790
0.460413988,4789
0.460420697,4788
0.460426369,4787
0.460478833,4786
0.460481747,4785
0.460494435,4784
0.46050538,4783
0.460508475,4782
0.460512795,4781
0.460539906,4780
0.460543077,4779
0.460547757,4778
0.460570555,4777
0.460591816,4776
0.460596857,4775
0.460600329,4774
0.460604755,4773
0.460755881,4772
0.460805035,4771
0.460815003,4770
0.460826545,4769
0.460842952,4768
0.46084625,4767
0.460858011,4766
0.460861446,4765
0.46086425,4764
0.460866977,4763
0.46087399,4762
0.460882528,4761
0.460911959,4760
0.461020589,4759
0.461041662,4758
0.46105678,4757
0.461060439,4756
0.461065482,4755
0.461204652,4754
0.461215093,4753
0.46131045,4752
0.461316545,4751
0.461570014,4750
0.461583557,4749
0.461659911,4748
0.461672872,4747
0.461896166,4746
