0.213160288,6823
0.213248418,6822
0.213304502,6821
0.213366116,6820
0.213461364,6819
0.213518554,6818
0.213550876,6817
0.213568024,6816
0.213576742,6815
0.213591514,6814
0.213608047,6813
0.213649278,6812
0.213658442,6811
0.213669615,6810
0.213715745,6809
0.213765351,6808
0.213775539,6807
0.214532133,6806
0.214543,6805
0.214553376,6804
0.214561961,6803
0.214576333,6802
0.214633061,6801
0.214645852,6800
0.214657669,6799
0.214668721,6798
0.214680837,6797
0.214894891,6796
0.214907004,6795
0.214918074,6794
0.214930186,6793
0.214944547,6792
0.214956356,6791
0.214967068,6790
0.21497784,6789
0.215038965,6788
0.215076544,6787
0.215453491,6786
0.21550152,6785
0.215511792,6784
0.215544975,6783
0.215554411,6782
0.215576408,6781
0.215591985,6780
0.215663644,6779
0.21567217,6778
0.215682431,6777
0.21571337,6776
0.215754207,6775
0.215877067,6774
0.215915115,6773
0.215921426,6772
0.215927767,6771
0.215934044,6770
0.215966162,6769
0.215972835,6768
0.215977969,6767
0.215982525,6766
0.215989319,6765
0.215995941,6764
0.216001337,6763
0.216006839,6762
0.216018372,6761
0.216025816,6760
0.216059173,6759
0.216066418,6758
0.216074056,6757
0.216080078,6756
0.216085574,6755
0.216094082,6754
0.216099933,6753
0.216104382,6752
0.216111266,6751
0.216117669,6750
0.216124094,6749
0.216130319,6748
0.216135568,6747
0.216142587,6746
0.216150743,6745
0.216159867,6744
0.216174259,6743
0.216226515,6742
0.216235528,6741
0.216242574,6740
0.216249309,6739
0.216255898,6738
0.216297485,6737
0.216305055,6736
0.216311207,6735
0.216316945,6734
0.216322745,6733
0.216328056,6732
0.216337009,6731
0.216342324,6730
0.21634853,6729
0.216355728,6728
0.216362544,6727
0.216368354,6726
0.216374387,6725
0.216379945,6724
0.216385333,6723
0.216390774,6722
0.216398111,6721
0.216406107,6720
0.216458701,6719
0.216466064,6718
0.216474472,6717
0.216482994,6716
0.216542182,6715
0.216586144,6714
0.216594709,6713
0.216607513,6712
0.216614189,6711
0.216619991,6710
0.216625427,6709
0.216632309,6708
0.216637986,6707
0.21664389,6706
0.216667794,6705
0.21668003,6704
0.216685375,6703
0.216690075,6702
0.216694073,6701
0.216707939,6700
0.216712178,6699
0.216716235,6698
0.216721631,6697
0.216727548,6696
0.2167347,6695
0.216741249,6694
0.216751668,6693
0.216757406,6692
0.216763423,6691
0.216769662,6690
0.216774851,6689
0.216780423,6688
0.216785785,6687
0.216791813,6686
0.216799579,6685
0.216806498,6684
0.216838112,6683
0.216847657,6682
0.216853873,6681
0.216858789,6680
0.216864136,6679
0.216869092,6678
0.216878498,6677
0.216941898,6676
0.21694832,6675
0.216954434,6674
0.216959431,6673
0.216965094,6672
0.216969862,6671
0.216974351,6670
0.216978894,6669
0.216983233,6668
0.216987507,6667
0.216991358,6666
0.216995339,6665
0.216999311,6664
0.217003492,6663
0.217007782,6662
0.217014247,6661
0.217039395,6660
0.217072132,6659
0.217084847,6658
0.217102387,6657
0.217114612,6656
0.217141841,6655
0.217146863,6654
0.217151422,6653
0.217156106,6652
0.217166814,6651
0.217171734,6650
0.217176045,6649
0.217180036,6648
0.217183669,6647
0.217187464,6646
0.217191071,6645
0.217194669,6644
0.217198325,6643
0.217208207,6642
0.217993615,6641
0.217998307,6640
0.218003866,6639
0.218008118,6638
0.218023059,6637
0.218027248,6636
0.21803231,6635
0.218037383,6634
0.218045567,6633
0.21805124,6632
0.21808052,6631
0.218094138,6630
0.218097934,6629
0.218103641,6628
0.218107888,6627
0.218111753,6626
0.218115261,6625
0.218118783,6624
0.218122241,6623
0.218125786,6622
0.218129168,6621
0.218132883,6620
0.21813624,6619
0.218139892,6618
0.218143582,6617
0.218146863,6616
0.218151945,6615
0.218155765,6614
0.218159271,6613
0.218162683,6612
0.218167592,6611
0.21817127,6610
0.218175158,6609
0.218178576,6608
0.218181966,6607
0.218185723,6606
0.218190036,6605
0.218193426,6604
0.218196975,6603
0.218200577,6602
0.218204101,6601
0.218207593,6600
0.218212554,6599
0.218217493,6598
0.218221045,6597
0.218224408,6596
0.218227707,6595
0.218231062,6594
0.218234284,6593
0.218237763,6592
0.21824099,6591
0.2182464,6590
0.218249491,6589
0.218252855,6588
0.21825722,6587
0.218261798,6586
0.218266281,6585
0.218270616,6584
0.218276245,6583
0.218310629,6582
0.218315079,6581
0.218319078,6580
0.21832262,6579
0.21832628,6578
0.218331063,6577
0.218335284,6576
0.218339664,6575
0.218343203,6574
0.218347316,6573
0.218350757,6572
0.218354212,6571
0.218357801,6570
0.218361532,6569
0.218365119,6568
0.218368986,6567
0.218372501,6566
0.218376734,6565
0.218380387,6564
0.218383801,6563
0.218388722,6562
0.218392281,6561
0.218395977,6560
0.218399658,6559
0.218404182,6558
0.218408,6557
0.218411479,6556
0.218415587,6555
0.218420788,6554
0.218424519,6553
0.218428667,6552
0.21843191,6551
0.218435294,6550
0.218438678,6549
0.218442567,6548
0.218445945,6547
0.21844918,6546
0.21845253,6545
0.218457956,6544
0.218461219,6543
0.218464691,6542
0.21846962,6541
0.218472802,6540
0.218476102,6539
0.218479508,6538
0.218482802,6537
0.218486312,6536
0.218490654,6535
0.218498094,6534
0.218503392,6533
0.218507366,6532
0.218511096,6531
0.218514749,6530
0.218518635,6529
0.218522558,6528
0.218526019,6527
0.21852946,6526
0.218533477,6525
0.218543271,6524
0.218554831,6523
0.218560802,6522
0.218564294,6521
0.21856872,6520
0.218572676,6519
0.218576488,6518
0.218580559,6517
0.218584272,6516
0.218589391,6515
0.218593976,6514
0.218599212,6513
0.218603679,6512
0.218607112,6511
0.218610706,6510
0.218614576,6509
0.218618331,6508
0.218623736,6507
0.218628534,6506
0.218633384,6505
0.218637637,6504
0.218642296,6503
0.218646897,6502
0.218651193,6501
0.218655471,6500
0.218660144,6499
0.218664481,6498
0.218668963,6497
0.21867344,6496
0.218678778,6495
0.218686549,6494
0.21869145,6493
0.218695958,6492
0.21870063,6491
0.218705161,6490
0.218709866,6489
0.218714118,6488
0.218718664,6487
0.218722768,6486
0.218728639,6485
0.21873589,6484
0.218740168,6483
0.218744613,6482
0.218748833,6481
0.218753356,6480
0.21875804,6479
0.218762232,6478
0.218767043,6477
0.218770971,6476
0.21877514,6475
0.218779295,6474
0.218784158,6473
0.218797519,6472
0.218801948,6471
0.218843023,6470
0.218848462,6469
0.218853197,6468
0.218857538,6467
0.218861586,6466
0.218865848,6465
0.218869805,6464
0.218874318,6463
0.218880765,6462
0.218885071,6461
0.218890108,6460
0.218894631,6459
0.218898972,6458
0.218904777,6457
0.218913129,6456
0.218917032,6455
0.219255256,6454
0.219261405,6453
0.219267023,6452
0.219270984,6451
0.219278789,6450
0.219282811,6449
0.219318976,6448
0.219326336,6447
0.219333561,6446
0.219342337,6445
0.219347102,6444
0.219352136,6443
0.219356839,6442
0.219361376,6441
0.219366145,6440
0.219370913,6439
0.219375157,6438
0.219380873,6437
0.219385429,6436
0.219389276,6435
0.219393398,6434
0.219397831,6433
0.219435131,6432
0.219440099,6431
0.219444274,6430
0.219448078,6429
0.219453437,6428
0.219460933,6427
0.2194648,6426
0.219468573,6425
0.219479303,6424
0.219484683,6423
0.219497312,6422
0.219500318,6421
0.219504234,6420
0.219507206,6419
0.219509971,6418
0.21951286,6417
0.219515544,6416
0.219518462,6415
0.219521176,6414
0.219559017,6413
0.219563221,6412
0.219567354,6411
0.219571238,6410
0.219575302,6409
0.219579416,6408
0.219583292,6407
0.219587114,6406
0.219590668,6405
0.219594544,6404
0.219598037,6403
0.219603331,6402
0.219636894,6401
0.219639835,6400
0.219642992,6399
0.219646634,6398
0.219649835,6397
0.219653364,6396
0.219656851,6395
0.21966236,6394
0.219667759,6393
0.219670759,6392
0.219673806,6391
0.219678033,6390
0.219681285,6389
0.219684369,6388
0.219687851,6387
0.219691014,6386
0.219695193,6385
0.219699005,6384
0.219702664,6383
0.219705419,6382
0.219709498,6381
0.219722332,6380
0.219741688,6379
0.219744513,6378
0.219751773,6377
0.219759631,6376
0.219763515,6375
0.219767781,6374
0.219773287,6373
0.219776806,6372
0.219779975,6371
0.21978399,6370
0.219787231,6369
0.219789938,6368
0.219793201,6367
0.2198035,6366
0.219806914,6365
0.219810174,6364
0.219813249,6363
0.219818202,6362
0.219822361,6361
0.219825375,6360
0.219828914,6359
0.220259902,6358
0.220264595,6357
0.220270759,6356
0.220278602,6355
0.22030014,6354
0.22030417,6353
0.220309165,6352
0.220312995,6351
0.22031732,6350
0.220320804,6349
0.220324689,6348
0.220328851,6347
0.220332367,6346
0.220337416,6345
0.220341705,6344
0.220345269,6343
0.220350055,6342
0.22035347,6341
0.220360328,6340
0.220363582,6339
0.220366803,6338
0.220370404,6337
0.220377923,6336
0.220380803,6335
0.220384548,6334
0.220388003,6333
0.220394777,6332
0.220397711,6331
0.220401759,6330
0.220406336,6329
0.220414133,6328
0.220417297,6327
0.220422112,6326
0.220426542,6325
0.220430571,6324
0.220433764,6323
0.220438333,6322
0.220441767,6321
0.220445853,6320
0.220450851,6319
0.220454371,6318
0.220459573,6317
0.220462957,6316
0.220467454,6315
0.220472981,6314
0.220486259,6313
0.220496192,6312
0.220503078,6311
0.220508639,6310
0.220512368,6309
0.220517222,6308
0.220521423,6307
0.220526512,6306
0.220531118,6305
0.220535516,6304
0.220547859,6303
0.220559259,6302
0.220563689,6301
0.220570665,6300
0.220574764,6299
0.220579015,6298
0.220605679,6297
0.220611501,6296
0.220618245,6295
0.220621769,6294
0.22062589,6293
0.220629395,6292
0.220632824,6291
0.220635898,6290
0.220645689,6289
0.220650507,6288
0.220654266,6287
0.220657617,6286
0.220660892,6285
0.220664367,6284
0.220671887,6283
0.220674852,6282
0.220678303,6281
0.220682946,6280
0.220687404,6279
0.220693285,6278
0.220696694,6277
0.220701053,6276
0.220704645,6275
0.220709726,6274
0.220715636,6273
0.22071875,6272
0.220723662,6271
0.220727571,6270
0.220731216,6269
0.220735457,6268
0.220738804,6267
0.220742083,6266
0.22074618,6265
0.220749502,6264
0.220753033,6263
0.220758019,6262
0.220762461,6261
0.220767419,6260
0.220772162,6259
0.22077639,6258
0.220779597,6257
0.220783406,6256
0.220789228,6255
0.220792489,6254
0.220795698,6253
0.220798722,6252
0.220806326,6251
0.220827265,6250
0.220845035,6249
0.220875146,6248
0.220879377,6247
0.220883759,6246
0.220887349,6245
0.220891295,6244
0.220895649,6243
0.220915174,6242
0.220922324,6241
0.220929328,6240
0.220935201,6239
0.220938738,6238
0.220945787,6237
0.220950811,6236
0.220955202,6235
0.220959307,6234
0.220964932,6233
0.220969143,6232
0.220975574,6231
0.221039496,6230
0.221044794,6229
0.221050427,6228
0.221055096,6227
0.221060173,6226
0.221082534,6225
0.22110386,6224
0.221109659,6223
0.221114729,6222
0.221149304,6221
0.221153588,6220
0.221157483,6219
0.221162264,6218
0.221166777,6217
0.221173103,6216
0.221178042,6215
0.221182015,6214
0.221185803,6213
0.221191444,6212
0.221197101,6211
0.221203228,6210
0.221207396,6209
0.221213652,6208
0.221217853,6207
0.221221593,6206
0.221226364,6205
0.221230247,6204
0.221236096,6203
0.221240195,6202
0.221246141,6201
0.221259149,6200
0.221267178,6199
0.221274873,6198
0.221280952,6197
0.22129269,6196
0.221297063,6195
0.221301934,6194
0.221307849,6193
0.221311168,6192
0.221314465,6191
0.221317869,6190
0.221353606,6189
0.221357183,6188
0.221360593,6187
0.221364427,6186
0.221368603,6185
0.221374425,6184
0.221379803,6183
0.221407761,6182
0.22141253,6181
0.221416395,6180
0.221420024,6179
0.221424343,6178
0.221430724,6177
0.221434085,6176
0.221439188,6175
0.221444627,6174
0.221477669,6173
0.221482304,6172
0.221485731,6171
0.221489598,6170
0.221493469,6169
0.221497031,6168
0.221500437,6167
0.221503874,6166
0.221508249,6165
0.221511394,6164
0.221516544,6163
0.221519507,6162
0.221522877,6161
0.221527874,6160
0.221532575,6159
0.221538051,6158
0.221546113,6157
0.221549585,6156
0.221553147,6155
0.225046224,6154
0.225053913,6153
0.225277607,6152
0.225318133,6151
0.225323716,6150
0.225335763,6149
0.225342319,6148
0.225346302,6147
0.225351332,6146
0.225356002,6145
0.225359981,6144
0.225373125,6143
0.225377366,6142
0.225384862,6141
0.22538862,6140
0.225394545,6139
0.225400705,6138
0.225405603,6137
0.22541607,6136
0.22542073,6135
0.225424474,6134
0.225428276,6133
0.225431899,6132
0.225435438,6131
0.225440456,6130
0.225444291,6129
0.225481404,6128
0.225486524,6127
0.225491404,6126
0.225497372,6125
0.225501564,6124
0.225505566,6123
0.225533343,6122
0.225537419,6121
0.225541302,6120
0.225550227,6119
0.225553866,6118
0.225557633,6117
0.225562933,6116
0.225567176,6115
0.225574208,6114
0.225579852,6113
0.225584465,6112
0.225589354,6111
0.225593798,6110
0.225598288,6109
0.225602508,6108
0.225608613,6107
0.225612623,6106
0.225616932,6105
0.225622967,6104
0.225629104,6103
0.22563287,6102
0.22563879,6101
0.225642962,6100
0.225649962,6099
0.225654449,6098
0.225660854,6097
0.225667086,6096
0.225672756,6095
0.225679814,6094
0.225682964,6093
0.2256859,6092
0.225689679,6091
0.225692547,6090
0.225695828,6089
0.225698807,6088
0.22570193,6087
0.225704728,6086
0.22571135,6085
0.225715853,6084
0.225719822,6083
0.225722678,6082
0.226338619,6081
0.226350155,6080
0.226374906,6079
0.226378626,6078
0.226382973,6077
0.226386979,6076
0.226391034,6075
0.226406397,6074
0.226409957,6073
0.226413879,6072
0.226417576,6071
0.226422375,6070
0.226425508,6069
0.226428959,6068
0.226432843,6067
0.226436128,6066
0.226439144,6065
0.226442465,6064
0.226445597,6063
0.226448988,6062
0.226452189,6061
0.226456718,6060
0.226460021,6059
0.226464486,6058
0.226467895,6057
0.226473866,6056
0.226482048,6055
0.226519356,6054
0.226524847,6053
0.226603629,6052
0.226611496,6051
0.226615845,6050
0.226620671,6049
0.226626151,6048
0.226631059,6047
0.226635466,6046
0.226641138,6045
0.226646404,6044
0.226653745,6043
0.226684278,6042
0.226689164,6041
0.226693612,6040
0.226699375,6039
0.226704324,6038
0.226709035,6037
0.226713474,6036
0.226720341,6035
0.226724837,6034
0.226732258,6033
0.22673693,6032
0.226750825,6031
0.226757808,6030
0.226774826,6029
0.2267794,6028
0.2268032,6027
0.2268293,6026
0.226833658,6025
0.226839933,6024
0.226844032,6023
0.226848277,6022
0.22685306,6021
0.226859547,6020
0.226867957,6019
0.226875504,6018
0.226881375,6017
0.226887086,6016
0.226891869,6015
0.226901842,6014
0.226906987,6013
0.226911907,6012
0.226916514,6011
0.226925359,6010
0.22693028,6009
0.22693481,6008
0.226939307,6007
0.226943507,6006
0.226947842,6005
0.226960365,6004
0.226973528,6003
0.227072743,6002
0.227085446,6001
0.227091213,6000
0.227101504,5999
0.227108775,5998
0.227115096,5997
0.227119699,5996
0.227124444,5995
0.227128405,5994
0.227132872,5993
0.227139256,5992
0.227144467,5991
0.22717847,5990
0.227213419,5989
0.227217283,5988
0.227220997,5987
0.227224916,5986
0.227229523,5985
0.227234621,5984
0.227246706,5983
0.227250929,5982
0.227282888,5981
0.227286319,5980
0.227292124,5979
0.227295639,5978
0.227299315,5977
0.227307928,5976
0.227311596,5975
0.2273149,5974
0.227319666,5973
0.227323274,5972
0.227326897,5971
0.22734702,5970
0.227350842,5969
0.2273556,5968
0.227361129,5967
0.227367811,5966
0.22737207,5965
0.227376622,5964
0.227383921,5963
0.227388008,5962
0.227392024,5961
0.227397463,5960
0.227406365,5959
0.227411033,5958
0.227415256,5957
0.22742082,5956
0.227424951,5955
0.227433021,5954
0.22744201,5953
0.227447843,5952
0.227453189,5951
0.227459184,5950
0.227464493,5949
0.22752148,5948
0.227530025,5947
0.227629862,5946
0.2276377,5945
0.227642987,5944
0.227650723,5943
0.227657618,5942
0.227662433,5941
0.227677953,5940
0.227683027,5939
0.227688226,5938
0.227693574,5937
0.227698065,5936
0.227702083,5935
0.227707908,5934
0.227714933,5933
0.227719247,5932
0.227722314,5931
0.227731242,5930
0.227736999,5929
0.22774216,5928
0.227749381,5927
0.227786596,5926
0.227791323,5925
0.22779728,5924
0.227801842,5923
0.227809192,5922
0.227815137,5921
0.227820004,5920
0.227823403,5919
0.22782719,5918
0.227832429,5917
0.227836486,5916
0.227839528,5915
0.227847384,5914
0.227854829,5913
0.227863259,5912
0.227866697,5911
0.227869864,5910
0.227873845,5909
0.227878886,5908
0.227882279,5907
0.227885626,5906
0.227905783,5905
0.227910656,5904
0.227915479,5903
0.227922034,5902
0.227932854,5901
0.22793968,5900
0.227944705,5899
0.2279496,5898
0.22805245,5897
0.228112512,5896
0.228117301,5895
0.228125575,5894
0.228130815,5893
0.228138306,5892
0.228141995,5891
0.228146257,5890
0.228149785,5889
0.228154128,5888
0.228160391,5887
0.22817121,5886
0.228209502,5885
0.228214035,5884
0.228221161,5883
0.228225791,5882
0.228230577,5881
0.22823423,5880
0.22823826,5879
0.228241698,5878
0.228246259,5877
0.228251825,5876
0.228256848,5875
0.228261053,5874
0.228265778,5873
0.228283682,5872
0.228287507,5871
0.228319246,5870
0.228322804,5869
0.228327239,5868
0.228337673,5867
0.228352701,5866
0.228356658,5865
0.228394554,5864
0.228399911,5863
0.228404579,5862
0.228412426,5861
0.228423524,5860
0.228484275,5859
0.2284906,5858
0.228495857,5857
0.228500703,5856
0.228506416,5855
0.228511277,5854
0.228518205,5853
0.228525053,5852
0.228535561,5851
0.228541364,5850
0.228547398,5849
0.228555135,5848
0.228560769,5847
0.22856555,5846
0.228571139,5845
0.228582421,5844
0.228587041,5843
0.228591601,5842
0.22859672,5841
0.228601234,5840
0.228605834,5839
0.228609494,5838
0.228613692,5837
0.228617521,5836
0.22862198,5835
0.228625744,5834
0.228632525,5833
0.228636453,5832
0.228653976,5831
0.22865719,5830
0.228661396,5829
0.22866744,5828
0.228671448,5827
0.228675104,5826
0.228685619,5825
0.228693516,5824
0.228700901,5823
0.228704935,5822
0.228711329,5821
0.22871753,5820
0.228722483,5819
0.228727225,5818
0.228732286,5817
0.228738273,5816
0.228742332,5815
0.228749221,5814
0.228755295,5813
0.228759161,5812
0.228762984,5811
0.228767792,5810
0.228772205,5809
0.228784244,5808
0.228788664,5807
0.22880287,5806
0.228808515,5805
0.228812519,5804
0.228815718,5803
0.229314038,5802
0.229317837,5801
0.229325465,5800
0.229336323,5799
0.229344028,5798
0.229350297,5797
0.229361749,5796
0.229369206,5795
0.229377203,5794
0.229399133,5793
0.229405647,5792
0.229421453,5791
0.229428757,5790
0.229434636,5789
0.229440616,5788
0.229447343,5787
0.229452095,5786
0.229458302,5785
0.229469184,5784
0.229474356,5783
0.229486916,5782
0.229499949,5781
0.229511844,5780
0.229542333,5779
0.22954881,5778
0.229553983,5777
0.229564424,5776
0.229572686,5775
0.229577631,5774
0.229582891,5773
0.229587622,5772
0.229603904,5771
0.229614224,5770
0.229625132,5769
0.229645517,5768
0.229678704,5767
0.229710403,5766
0.22972161,5765
0.229727338,5764
0.229731879,5763
0.229736491,5762
0.229749709,5761
0.229756019,5760
0.229760391,5759
0.229767818,5758
0.229771978,5757
0.229776063,5756
0.229780952,5755
0.229785532,5754
0.229790087,5753
0.229802868,5752
0.229810522,5751
0.22982484,5750
0.229832576,5749
0.229836886,5748
0.229842249,5747
0.229852619,5746
0.229864978,5745
0.229869412,5744
0.229883151,5743
0.229912161,5742
0.229916659,5741
0.229922058,5740
0.229952172,5739
0.229958463,5738
0.229964895,5737
0.229970131,5736
0.229978101,5735
0.229984672,5734
0.229989357,5733
0.230026572,5732
0.230032124,5731
0.230037419,5730
0.230041885,5729
0.230053118,5728
0.230132005,5727
0.230137068,5726
0.230234724,5725
0.230242331,5724
0.230247446,5723
0.230254779,5722
0.230259974,5721
0.230275978,5720
0.230281192,5719
0.230286301,5718
0.230326456,5717
0.230339505,5716
0.230346563,5715
0.230352548,5714
0.230368948,5713
0.230373703,5712
0.230378655,5711
0.230385271,5710
0.230390832,5709
0.230399893,5708
0.230404295,5707
0.230436549,5706
0.230482238,5705
0.230487808,5704
0.230518466,5703
0.23052481,5702
0.230530212,5701
0.230537871,5700
0.230546083,5699
0.230554923,5698
0.230606689,5697
0.230691749,5696
0.230754429,5695
0.230763091,5694
0.230774386,5693
0.230781569,5692
0.230792241,5691
0.230797315,5690
0.230813561,5689
0.230824983,5688
0.230833615,5687
0.23086348,5686
0.230876831,5685
0.230978145,5684
0.230985637,5683
0.231084195,5682
0.231090875,5681
0.231099625,5680
0.231149111,5679
0.231157235,5678
0.231217772,5677
0.231308281,5676
0.231339404,5675
0.231420204,5674
0.231431462,5673
0.231442789,5672
0.231452237,5671
0.231509432,5670
0.231513963,5669
0.231518502,5668
0.231523053,5667
0.231529418,5666
0.231537793,5665
0.231542301,5664
0.231545674,5663
0.231551276,5662
0.231557206,5661
0.231560971,5660
0.231570762,5659
0.231601963,5658
0.231608326,5657
0.231615708,5656
0.231624487,5655
0.231670169,5654
0.231678668,5653
0.23168319,5652
0.231696655,5651
0.23170246,5650
0.231707535,5649
0.231711399,5648
0.231718857,5647
0.231725372,5646
0.231730702,5645
0.231735985,5644
0.231740409,5643
0.231753318,5642
0.231759039,5641
0.23176599,5640
0.231773828,5639
0.231777845,5638
0.231782331,5637
0.231786551,5636
0.231790852,5635
0.231797264,5634
0.231805495,5633
0.231820822,5632
0.231828567,5631
0.231832813,5630
0.231841687,5629
0.231845815,5628
0.231852003,5627
0.231858145,5626
0.231862008,5625
0.231865934,5624
0.231870229,5623
0.231887863,5622
0.231893086,5621
0.231898394,5620
0.231901664,5619
0.231908283,5618
0.231913673,5617
0.231918653,5616
0.231922199,5615
0.231931751,5614
0.231935282,5613
0.231939951,5612
0.231945559,5611
0.231953478,5610
0.231957725,5609
0.23196287,5608
0.231975826,5607
0.232012226,5606
0.232018152,5605
0.232029259,5604
0.23203407,5603
0.232038654,5602
0.232046677,5601
0.23205123,5600
0.232084336,5599
0.232089057,5598
0.232093351,5597
0.232099789,5596
0.232105395,5595
0.232112513,5594
0.23211826,5593
0.232122114,5592
0.232129507,5591
0.232135421,5590
0.232141726,5589
0.232150519,5588
0.232155486,5587
0.232159937,5586
0.232163627,5585
0.2321767,5584
0.232195161,5583
0.232202843,5582
0.23221479,5581
0.232231422,5580
0.232242891,5579
0.232248181,5578
0.232258515,5577
0.232266194,5576
0.232276132,5575
0.232281833,5574
0.23228786,5573
0.232292865,5572
0.232297227,5571
0.232304476,5570
0.232309512,5569
0.232315919,5568
0.232319952,5567
0.232325009,5566
0.232329734,5565
0.232336503,5564
0.232381025,5563
0.232949508,5562
0.232953435,5561
0.232958856,5560
0.232963253,5559
0.232969303,5558
0.23300218,5557
0.233009083,5556
0.233036141,5555
0.233097698,5554
0.23310414,5553
0.233111385,5552
0.233115173,5551
0.23311867,5550
0.233122508,5549
0.233126002,5548
0.233130848,5547
0.233137461,5546
0.233142642,5545
0.233150015,5544
0.233155585,5543
0.233225454,5542
0.233233615,5541
0.23324141,5540
0.233251673,5539
0.233258133,5538
0.233262192,5537
0.233267117,5536
0.233270865,5535
0.233296887,5534
0.233301318,5533
0.233304877,5532
0.233310467,5531
0.233331061,5530
0.233335765,5529
0.233363277,5528
0.233368481,5527
0.233373262,5526
0.233377418,5525
0.233382167,5524
0.233408804,5523
0.233430306,5522
0.233435739,5521
0.233440774,5520
0.233445944,5519
0.23345172,5518
0.233461264,5517
0.233561098,5516
0.233567201,5515
0.233591778,5514
0.233595738,5513
0.233624326,5512
0.233628428,5511
0.233638745,5510
0.23364205,5509
0.233646719,5508
0.233651477,5507
0.233655962,5506
0.233659498,5505
0.233664216,5504
0.23366985,5503
0.23368825,5502
0.233721499,5501
0.233731522,5500
0.233763786,5499
0.23377967,5498
0.233784632,5497
0.233790951,5496
0.233794858,5495
0.233799207,5494
0.233805195,5493
0.233831627,5492
0.23383606,5491
0.233840265,5490
0.233862118,5489
0.233866126,5488
0.23387009,5487
0.233874036,5486
0.233878143,5485
0.233910808,5484
0.233914127,5483
0.233923646,5482
0.23392994,5481
0.234051952,5480
0.234060192,5479
0.23406662,5478
0.234084303,5477
0.234090387,5476
0.234125387,5475
0.234135248,5474
0.2341428,5473
0.234147228,5472
0.234152529,5471
0.234160092,5470
0.234163979,5469
0.234170728,5468
0.234178722,5467
0.234216396,5466
0.234242997,5465
0.23445236,5464
0.234461592,5463
0.23457446,5462
0.234580556,5461
0.234585983,5460
0.234591448,5459
0.234663993,5458
0.234707332,5457
0.234713339,5456
0.234719398,5455
0.234731102,5454
0.234741092,5453
0.234749461,5452
0.23476088,5451
0.234765595,5450
0.23477318,5449
0.234901794,5448
0.234979896,5447
0.234985473,5446
0.235098812,5445
0.235107084,5444
0.235116277,5443
0.235125433,5442
0.235189565,5441
0.235193443,5440
0.235200384,5439
0.235213726,5438
0.235220843,5437
0.235261768,5436
0.235266219,5435
0.2352772,5434
0.235288692,5433
0.23539512,5432
0.235418189,5431
0.235430484,5430
0.235444989,5429
0.235527336,5428
0.235535596,5427
0.235541814,5426
0.235552763,5425
0.235600309,5424
0.235605069,5423
0.235612244,5422
0.235617442,5421
0.235622816,5420
0.235627248,5419
0.235730739,5418
0.235735303,5417
0.235749152,5416
0.235757059,5415
0.235762319,5414
0.235768226,5413
0.235775642,5412
0.235782475,5411
0.235792313,5410
0.235797374,5409
0.23580189,5408
0.235806757,5407
0.235814722,5406
0.235822314,5405
0.235826539,5404
0.235831628,5403
0.23583782,5402
0.235864752,5401
0.23586845,5400
0.23587243,5399
0.235875781,5398
0.235881874,5397
0.235886823,5396
0.235896259,5395
0.235910619,5394
0.235920803,5393
0.235925044,5392
0.235931648,5391
0.23594305,5390
0.235950313,5389
0.235975951,5388
0.235983386,5387
0.235987499,5386
0.235992396,5385
0.235996848,5384
0.236000788,5383
0.236006534,5382
0.236010745,5381
0.236017731,5380
0.236023749,5379
0.236028376,5378
0.23603564,5377
0.236044196,5376
0.236057118,5375
0.236061671,5374
0.236438436,5373
0.236446088,5372
0.236450823,5371
0.236455885,5370
0.236462739,5369
0.236469294,5368
0.236473804,5367
0.23648378,5366
0.236487697,5365
0.236502317,5364
0.236515638,5363
0.236521727,5362
0.236525856,5361
0.23653275,5360
0.236539736,5359
0.236544655,5358
0.23655141,5357
0.236555117,5356
0.23656172,5355
0.236573973,5354
0.236578885,5353
0.236584148,5352
0.236598227,5351
0.23660647,5350
0.236613583,5349
0.236628733,5348
0.236637003,5347
0.236642532,5346
0.236666055,5345
0.236670735,5344
0.236673487,5343
0.236681177,5342
0.236689821,5341
0.236695354,5340
0.236727642,5339
0.236731079,5338
0.236752731,5337
0.236756807,5336
0.236760787,5335
0.23676765,5334
0.23678023,5333
0.236784254,5332
0.236787411,5331
0.236790877,5330
0.236795096,5329
0.236838505,5328
0.236843169,5327
0.236846386,5326
0.236876388,5325
0.23688073,5324
0.236884582,5323
0.236887922,5322
0.236891539,5321
0.236900992,5320
0.236921115,5319
0.236939225,5318
0.236945319,5317
0.236965994,5316
0.236971402,5315
0.236994402,5314
0.237010311,5313
0.237015335,5312
0.237041152,5311
0.237057461,5310
0.237071227,5309
0.2370934,5308
0.237118302,5307
0.237122454,5306
0.237128077,5305
0.237151569,5304
0.237156172,5303
0.237175106,5302
0.237190661,5301
0.23720832,5300
0.23721459,5299
0.237238318,5298
0.237283315,5297
0.237390602,5296
0.237395934,5295
0.237496135,5294
0.237507545,5293
0.237513588,5292
0.237519817,5291
0.237523755,5290
0.237532128,5289
0.237641363,5288
0.237650522,5287
0.237707221,5286
0.237719628,5285
0.237746294,5284
0.237752612,5283
0.237758385,5282
0.237762589,5281
0.237766818,5280
0.237776148,5279
0.237792071,5278
0.237798222,5277
0.237803054,5276
0.237812964,5275
0.237821129,5274
0.237825523,5273
0.237830649,5272
0.237834904,5271
0.237840627,5270
0.237850952,5269
0.237856081,5268
0.237864374,5267
0.237867901,5266
0.237871484,5265
0.23787745,5264
0.237883061,5263
0.237887526,5262
0.237895931,5261
0.237900829,5260
0.23790531,5259
0.237914431,5258
0.237917598,5257
0.237923478,5256
0.237930697,5255
0.237934157,5254
0.237954537,5253
0.237957704,5252
0.2379622,5251
0.237969608,5250
0.237979305,5249
0.237983795,5248
0.23799736,5247
0.238000675,5246
0.238007164,5245
0.238012889,5244
0.238019268,5243
0.238027631,5242
0.23803268,5241
0.238037672,5240
0.238144617,5239
0.238199817,5238
0.238206334,5237
0.238214007,5236
0.238218361,5235
0.238226439,5234
0.23823782,5233
0.238242894,5232
0.238591398,5231
0.238600283,5230
0.238603023,5229
0.238623401,5228
0.238627274,5227
0.238647525,5226
0.238693703,5225
0.238702494,5224
0.238709658,5223
0.238718151,5222
0.238725908,5221
0.2388413,5220
0.238853624,5219
0.238938143,5218
0.23894279,5217
0.238952924,5216
0.239046497,5215
0.239051973,5214
0.239192437,5213
0.239258098,5212
0.239265377,5211
0.239273108,5210
0.239280823,5209
0.239284184,5208
0.239291448,5207
0.239295907,5206
0.239299509,5205
0.239303431,5204
0.239310525,5203
0.239313943,5202
0.239321243,5201
0.239328459,5200
0.239340752,5199
0.239349034,5198
0.239357898,5197
0.239376518,5196
0.239380509,5195
0.239383701,5194
0.239393289,5193
0.239397652,5192
0.239407727,5191
0.23941268,5190
0.239416742,5189
0.23942193,5188
0.239439213,5187
0.239450533,5186
0.239490689,5185
0.239495555,5184
0.239561306,5183
0.239656459,5182
0.239665654,5181
0.239696186,5180
0.239702601,5179
0.240224495,5178
0.240241883,5177
0.240247122,5176
0.240279866,5175
0.240287389,5174
0.240293895,5173
0.240303933,5172
0.240312506,5171
0.240317917,5170
0.24041192,5169
0.24041722,5168
0.240423847,5167
0.240439826,5166
0.240446092,5165
0.240458453,5164
0.240470208,5163
0.240487468,5162
0.240593245,5161
0.240632702,5160
0.240719234,5159
0.240757976,5158
0.2407648,5157
0.240771005,5156
0.24077914,5155
0.240903975,5154
0.240910323,5153
0.240918514,5152
0.240969348,5151
0.240976431,5150
0.240985922,5149
0.240990202,5148
0.241012763,5147
0.241017334,5146
0.241022885,5145
0.2410286,5144
0.241036647,5143
0.241050557,5142
0.241055311,5141
0.241061863,5140
0.241065347,5139
0.241070392,5138
0.241083861,5137
0.241088152,5136
0.241104667,5135
0.24111901,5134
0.241124987,5133
0.241136123,5132
0.241145149,5131
0.241151298,5130
0.241204217,5129
0.241299235,5128
0.241303351,5127
0.241308682,5126
0.241313019,5125
0.241317922,5124
0.241325024,5123
0.241334067,5122
0.241388658,5121
0.24139333,5120
0.241414721,5119
0.241421723,5118
0.241437255,5117
0.24145617,5116
0.241480685,5115
0.241486019,5114
0.241503361,5113
0.241511052,5112
0.241519335,5111
0.241525627,5110
0.241812391,5109
0.241827915,5108
0.241837776,5107
0.242794727,5106
0.242818567,5105
0.242827604,5104
0.242840146,5103
0.242844959,5102
0.242849301,5101
0.242862332,5100
0.242878492,5099
0.242892713,5098
0.242898678,5097
0.24291351,5096
0.242929897,5095
0.243049046,5094
0.243089296,5093
0.243104113,5092
0.243115839,5091
0.243121917,5090
0.243126438,5089
0.243135739,5088
0.243143032,5087
0.243147335,5086
0.24315814,5085
0.243182425,5084
0.24318855,5083
0.243204727,5082
0.24320849,5081
0.243214411,5080
0.24321771,5079
0.243224696,5078
0.243231422,5077
0.243243596,5076
0.243286902,5075
0.243292741,5074
0.24329889,5073
0.24330469,5072
0.243312866,5071
0.243321826,5070
0.243392987,5069
0.24342759,5068
0.243431369,5067
0.243440468,5066
0.243443397,5065
0.243451616,5064
0.243456589,5063
0.24346107,5062
0.243465241,5061
0.243469015,5060
0.243496898,5059
0.243510657,5058
0.243520099,5057
0.243524458,5056
0.243528343,5055
0.24353254,5054
0.243537693,5053
0.24354253,5052
0.24354952,5051
0.243597985,5050
0.243608264,5049
0.243612932,5048
0.243618301,5047
0.243635932,5046
0.243654292,5045
0.243661465,5044
0.243669899,5043
0.243681359,5042
0.243687636,5041
0.243696312,5040
0.243711425,5039
0.243721924,5038
0.243731876,5037
0.243736456,5036
0.243761507,5035
0.24376923,5034
0.24378325,5033
0.243973061,5032
0.244046315,5031
0.244127373,5030
0.244156096,5029
0.244169297,5028
0.244184539,5027
0.244205502,5026
0.244242726,5025
0.244252902,5024
0.244269203,5023
0.244280446,5022
0.244300317,5021
0.244306456,5020
0.244316061,5019
0.244341695,5018
0.244347181,5017
0.24438465,5016
0.244388808,5015
0.244421275,5014
0.244424934,5013
0.244431598,5012
0.244473588,5011
0.244480793,5010
0.244503351,5009
0.244509921,5008
0.244549065,5007
0.244555304,5006
0.244581634,5005
0.2445848,5004
0.244589531,5003
0.244593818,5002
0.244599324,5001
0.244642944,5000
0.244668334,4999
0.244673237,4998
0.244677286,4997
0.244692612,4996
0.244697071,4995
0.244703991,4994
0.244719098,4993
0.24473314,4992
0.244738575,4991
0.244766286,4990
0.244770327,4989
0.244787247,4988
0.245172055,4987
0.245209201,4986
0.245218536,4985
0.245245233,4984
0.24525315,4983
0.245286465,4982
0.245318297,4981
0.245323292,4980
0.245353564,4979
0.245358631,4978
0.245375673,4977
0.245386037,4976
0.245390942,4975
0.24542109,4974
0.245455239,4973
0.24546064,4972
0.245470792,4971
0.245478503,4970
0.24550018,4969
0.245527217,4968
0.245530435,4967
0.245537987,4966
0.245541398,4965
0.245551636,4964
0.245567131,4963
0.245576513,4962
0.245590211,4961
0.245617155,4960
0.245623688,4959
0.245632683,4958
0.245646965,4957
0.245660823,4956
0.245668068,4955
0.245716678,4954
0.245738417,4953
0.245747429,4952
0.245754617,4951
0.245761962,4950
0.245765812,4949
0.245816829,4948
0.245829773,4947
0.245838962,4946
0.245851624,4945
0.245932703,4944
0.245939589,4943
0.245945537,4942
0.245952642,4941
0.24597263,4940
0.245978003,4939
0.245987118,4938
0.245994233,4937
0.246098169,4936
0.246103001,4935
0.246193012,4934
0.246254532,4933
0.246263228,4932
0.246303713,4931
0.24630992,4930
0.246422252,4929
0.246438939,4928
0.246446046,4927
0.246531278,4926
0.246539715,4925
0.246614826,4924
0.246638723,4923
0.24664705,4922
0.246651307,4921
0.246706939,4920
0.246713833,4919
0.246718532,4918
0.247890553,4917
0.24800559,4916
0.248010863,4915
0.248018705,4914
0.248026733,4913
0.248037243,4912
0.248057214,4911
0.248064371,4910
0.248159341,4909
0.24816664,4908
0.248257631,4907
0.248323789,4906
0.248399542,4905
0.248516647,4904
0.248524272,4903
0.248535571,4902
0.24856576,4901
0.248586229,4900
0.248679232,4899
0.248761771,4898
0.248768558,4897
0.248816831,4896
0.248828466,4895
0.248853906,4894
0.248891637,4893
0.248903036,4892
0.248919552,4891
0.248927899,4890
0.248933479,4889
0.249049568,4888
0.249160073,4887
0.249184969,4886
0.24920289,4885
0.2492117,4884
0.249220356,4883
0.249228332,4882
0.249299518,4881
0.249306818,4880
0.249422521,4879
0.24943889,4878
0.249549893,4877
0.249649229,4876
0.249749799,4875
0.24975966,4874
0.249764001,4873
0.249771515,4872
0.249868012,4871
0.249958928,4870
0.249993302,4869
0.25000992,4868
0.250017789,4867
0.251267159,4866
0.251292945,4865
0.251316186,4864
0.25142636,4863
0.25143302,4862
0.251443669,4861
0.251529713,4860
0.251539109,4859
0.251546956,4858
0.251605033,4857
0.251696421,4856
0.251703221,4855
0.251798747,4854
0.251811483,4853
0.25182071,4852
0.251842252,4851
0.251848043,4850
0.251863119,4849
0.25192152,4848
0.251938271,4847
0.252017247,4846
0.252025129,4845
0.252038475,4844
0.252059372,4843
0.252148213,4842
0.252152949,4841
0.252224014,4840
0.252313503,4839
0.252343839,4838
0.252430129,4837
0.252463607,4836
0.25248638,4835
0.252498127,4834
0.252613698,4833
0.252620911,4832
0.252626356,4831
0.252719963,4830
0.252730976,4829
0.252738371,4828
0.252822476,4827
0.252837126,4826
0.252924069,4825
0.253019927,4824
0.253025662,4823
0.253101935,4822
0.254478343,4821
0.254481963,4820
0.254489122,4819
0.254501369,4818
0.25451135,4817
0.254532869,4816
0.254573561,4815
0.25457983,4814
0.254585528,4813
0.25459837,4812
0.254647406,4811
0.254650272,4810
0.254652768,4809
0.25465854,4808
0.254677314,4807
0.254680532,4806
0.254691504,4805
0.254713661,4804
0.254725984,4803
0.254745495,4802
0.254754358,4801
0.254758237,4800
0.254849306,4799
0.254866541,4798
0.257530621,4797
0.257543132,4796
0.257548365,4795
0.257563322,4794
0.257713827,4793
0.257720793,4792
0.257743522,4791
0.257784484,4790
0.257794689,4789
0.257806846,4788
0.257900499,4787
0.257913477,4786
0.257976309,4785
0.257982421,4784
0.257999696,4783
0.258015379,4782
0.258028831,4781
0.258031518,4780
0.258037458,4779
0.258207575,4778
0.258228343,4777
0.258260508,4776
0.258281305,4775
0.258309378,4774
0.258316086,4773
0.258319042,4772
0.258330031,4771
0.258340131,4770
0.258354516,4769
0.258379437,4768
0.258381996,4767
0.258549876,4766
0.258558014,4765
0.25856508,4764
0.258569777,4763
0.258611208,4762
0.25872094,4761
0.258729825,4760
0.258856177,4759
0.258861287,4758
0.259203287,4757
0.259228599,4756
0.259306177,4755
0.259321954,4754
0.259557042,4753
0.340370223,4752
0.377470361,4751
0.412072285,4750
0.430948658,4749
0.448549147,4748
0.470146476,4747
0.485575847,4746
0.505097627,4745
0.563275636,4744
0.578182018,4743
0.59485118,4742
0.620571784,4741
0.640077538,4740
0.686690517,4739
0.711454367,4738
0.742980864,4737
0.758365828,4736
0.790852071,4735
0.808625712,4734
0.919881356,4733
0.938120318,4732
0.997499211,4731
1.023819925,4730
1.051959763,4729
1.068382491,4728
1.099811414,4727
1.118231194,4726
1.152602989,4725
1.18230045,4724
1.203382459,4723
1.218854946,4722
1.239505922,4721
1.253067608,4720
1.285772194,4719
1.315113208,4718
1.366310887,4717
1.524957037,4716
1.54956802,4715
1.564751772,4714
1.583132632,4713
1.614212319,4712
1.636415321,4711
1.657776293,4710
1.681916821,4709
1.710184357,4708
1.738940733,4707
1.757895334,4706
1.792625417,4705
1.839245365,4704
1.852914798,4703
1.867398415,4702
1.900531149,4701
1.911999967,4700
1.92673047,4699
1.939055087,4698
1.949823396,4697
1.960814428,4696
1.972658078,4695
1.987812735,4694
2.002797528,4693
2.03097274,4692
2.064460313,4691
2.075730007,4690
2.098145727,4689
2.125529975,4688
2.134717865,4687
2.144272388,4686
2.200967728,4685
2.210450431,4684
2.22283262,4683
2.253914038,4682
2.287067963,4681
2.298646558,4680
2.321244076,4679
2.362098659,4678
2.393207979,4677
2.421754627,4676
2.43198826,4675
2.440600495,4674
2.462172896,4673
2.479070383,4672
2.505615989,4671
2.526813727,4670
2.54842053,4669
2.558068469,4668
2.568003854,4667
2.578619342,4666
2.59496787,4665
2.611571681,4664
2.626695963,4663
2.640646523,4662
2.659438443,4661
2.671710726,4660
2.695426505,4659
2.717507785,4658
2.766776147,4657
2.788983285,4656
2.806371498,4655
2.847201328,4654
2.865250714,4653
2.879785523,4652
2.939389756,4651
3.000233045,4650
3.027062651,4649
3.051306344,4648
3.113983515,4647
3.125765807,4646
3.138253437,4645
3.149458901,4644
3.256034739,4643
3.272414282,4642
3.303224418,4641
3.34426328,4640
3.353933002,4639
3.367446378,4638
3.379618552,4637
3.404897568,4636
3.430726714,4635
3.447206059,4634
3.462607221,4633
3.474307158,4632
3.49979928,4631
3.508934705,4630
3.547163586,4629
3.590538236,4628
3.674233589,4627
3.708872675,4626
3.752995542,4625
3.920181564,4624
3.985407616,4623
4.063423459,4622
4.134587374,4621
4.154500699,4620
4.27997566,4619
4.29891032,4618
4.452221756,4617
4.545296215,4616
4.604624002,4615
4.82329036,4614
4.883505033,4613
