0.358130474,10181
0.35829327,10180
0.35838699,10179
0.358436883,10178
0.358545851,10177
0.358566368,10176
0.358585212,10175
0.358591158,10174
0.358625933,10173
0.35863195,10172
0.358642076,10171
0.358648002,10170
0.358653796,10169
0.358659302,10168
0.35866543,10167
0.35867153,10166
0.358677152,10165
0.358683385,10164
0.358689664,10163
0.358695688,10162
0.358701796,10161
0.358707837,10160
0.358714306,10159
0.358738228,10158
0.358751055,10157
0.358763463,10156
0.358829974,10155
0.358835863,10154
0.358841548,10153
0.35884803,10152
0.3588537,10151
0.358861577,10150
0.358871566,10149
0.358878489,10148
0.358884731,10147
0.358890464,10146
0.358895781,10145
0.358901078,10144
0.358906291,10143
0.358911584,10142
0.35891688,10141
0.358921703,10140
0.358926942,10139
0.358932982,10138
0.358942229,10137
0.358950708,10136
0.358957622,10135
0.358964542,10134
0.358971651,10133
0.358978277,10132
0.358984287,10131
0.35899063,10130
0.358997158,10129
0.359007103,10128
0.359017154,10127
0.359024325,10126
0.359031179,10125
0.359037817,10124
0.359046814,10123
0.359055549,10122
0.359065143,10121
0.359075569,10120
0.359083714,10119
0.359099534,10118
0.359110545,10117
0.359120883,10116
0.35913045,10115
0.359137301,10114
0.359147742,10113
0.359153807,10112
0.359159787,10111
0.359165052,10110
0.359189881,10109
0.359195183,10108
0.359200128,10107
0.359205608,10106
0.359211518,10105
0.359241304,10104
0.359246671,10103
0.35925164,10102
0.359257119,10101
0.359262692,10100
0.359269701,10099
0.359275049,10098
0.359281785,10097
0.359288496,10096
0.359293856,10095
0.359299524,10094
0.359304647,10093
0.359311304,10092
0.35931733,10091
0.359322994,10090
0.359329827,10089
0.359335764,10088
0.359340766,10087
0.359349456,10086
0.359355516,10085
0.359361076,10084
0.359366301,10083
0.359371416,10082
0.359376383,10081
0.359381713,10080
0.359387448,10079
0.359392769,10078
0.35939823,10077
0.359403755,10076
0.359409329,10075
0.359415169,10074
0.359420738,10073
0.35942667,10072
0.359432541,10071
0.359437789,10070
0.35945045,10069
0.359455966,10068
0.35946457,10067
0.359473945,10066
0.359496833,10065
0.359506343,10064
0.359515394,10063
0.359524571,10062
0.359538574,10061
0.359639318,10060
0.359736258,10059
0.359836265,10058
0.359846033,10057
0.359855018,10056
0.359862726,10055
0.359886224,10054
0.359893999,10053
0.359904027,10052
0.359910499,10051
0.359917563,10050
0.359924628,10049
0.359931846,10048
0.359938606,10047
0.359946243,10046
0.359953148,10045
0.359960885,10044
0.359967914,10043
0.359974995,10042
0.359981498,10041
0.359987928,10040
0.359994587,10039
0.360001245,10038
0.360008114,10037
0.36001529,10036
0.360022066,10035
0.360028213,10034
0.360034817,10033
0.360040763,10032
0.360047211,10031
0.36005323,10030
0.360059208,10029
0.360065285,10028
0.360071457,10027
0.360077888,10026
0.360084151,10025
0.360090097,10024
0.360095954,10023
0.360101829,10022
0.360107832,10021
0.360113885,10020
0.360122328,10019
0.360135726,10018
0.360145373,10017
0.360154585,10016
0.360161612,10015
0.360168512,10014
0.360175263,10013
0.36020803,10012
0.360212225,10011
0.360260057,10010
0.360293852,10009
0.360312664,10008
0.360317099,10007
0.360320996,10006
0.360324572,10005
0.360328254,10004
0.360331798,10003
0.360335232,10002
0.360338425,10001
0.360341744,10000
0.36034512,9999
0.360348847,9998
0.360352456,9997
0.360356256,9996
0.360359512,9995
0.360362614,9994
0.360367095,9993
0.360371807,9992
0.360375454,9991
0.36037895,9990
0.360409768,9989
0.363093876,9988
0.363699589,9987
0.363710005,9986
0.363719975,9985
0.363726181,9984
0.363731569,9983
0.363737481,9982
0.363742298,9981
0.363748683,9980
0.363753761,9979
0.36375961,9978
0.363765067,9977
0.363771067,9976
0.363777117,9975
0.363782659,9974
0.363787429,9973
0.363791438,9972
0.363795565,9971
0.363799207,9970
0.363803043,9969
0.363806611,9968
0.363810109,9967
0.363813668,9966
0.363817674,9965
0.363821172,9964
0.363824554,9963
0.363827933,9962
0.36383122,9961
0.363834726,9960
0.363847954,9959
0.363852981,9958
0.363857041,9957
0.363860465,9956
0.363864232,9955
0.363867684,9954
0.363871153,9953
0.363874542,9952
0.363878088,9951
0.363881457,9950
0.363885197,9949
0.363888771,9948
0.363892408,9947
0.36389693,9946
0.36390044,9945
0.363905,9944
0.363909847,9943
0.363915052,9942
0.363923291,9941
0.363928453,9940
0.363932631,9939
0.36393625,9938
0.363939906,9937
0.363943304,9936
0.363947116,9935
0.363950581,9934
0.363954156,9933
0.363957844,9932
0.363961447,9931
0.363965004,9930
0.363968547,9929
0.363972193,9928
0.363975831,9927
0.363980467,9926
0.363984016,9925
0.363987428,9924
0.363990937,9923
0.36399439,9922
0.363998357,9921
0.364001879,9920
0.364005484,9919
0.364009225,9918
0.364012791,9917
0.364016055,9916
0.364019649,9915
0.36402332,9914
0.364026796,9913
0.364034936,9912
0.364040813,9911
0.364046453,9910
0.364051312,9909
0.364056358,9908
0.364061556,9907
0.364066706,9906
0.364071851,9905
0.364076501,9904
0.364081427,9903
0.364137769,9902
0.364144337,9901
0.364178421,9900
0.36418506,9899
0.364191529,9898
0.364791505,9897
0.364800469,9896
0.364805556,9895
0.364809822,9894
0.36481452,9893
0.364819529,9892
0.364824225,9891
0.364828366,9890
0.364832611,9889
0.364837189,9888
0.364841784,9887
0.364846229,9886
0.36485049,9885
0.364854684,9884
0.364858933,9883
0.364863125,9882
0.364868187,9881
0.364872827,9880
0.364877067,9879
0.364882111,9878
0.364886695,9877
0.364891296,9876
0.364895654,9875
0.364900122,9874
0.364904317,9873
0.364909084,9872
0.364913636,9871
0.364918321,9870
0.364922779,9869
0.36492712,9868
0.364931573,9867
0.364935785,9866
0.36494049,9865
0.364944622,9864
0.364949182,9863
0.364953775,9862
0.364958414,9861
0.364963137,9860
0.364975079,9859
0.364980163,9858
0.364985362,9857
0.36499017,9856
0.364995751,9855
0.365001054,9854
0.365006164,9853
0.36501145,9852
0.365016447,9851
0.365020372,9850
0.365024662,9849
0.365028515,9848
0.365032058,9847
0.36503534,9846
0.365040218,9845
0.36504516,9844
0.36505029,9843
0.365055072,9842
0.365059787,9841
0.365065862,9840
0.365070771,9839
0.365075096,9838
0.365079567,9837
0.365084462,9836
0.365089326,9835
0.365100308,9834
0.3651049,9833
0.365109253,9832
0.365113098,9831
0.36511745,9830
0.365121687,9829
0.365125925,9828
0.365129906,9827
0.365134409,9826
0.365139096,9825
0.3651437,9824
0.365148924,9823
0.365155783,9822
0.365160495,9821
0.365165116,9820
0.365169589,9819
0.365174274,9818
0.365178702,9817
0.365182847,9816
0.365187313,9815
0.365191771,9814
0.365203652,9813
0.365208158,9812
0.365212282,9811
0.36521647,9810
0.365220213,9809
0.365224784,9808
0.365255713,9807
0.366166132,9806
0.366175615,9805
0.367132061,9804
0.368367381,9803
0.368382425,9802
0.368392599,9801
0.368403641,9800
0.368456244,9799
0.368507375,9798
0.368513483,9797
0.368518995,9796
0.368524549,9795
0.368529984,9794
0.368535755,9793
0.368540678,9792
0.368577817,9791
0.368582348,9790
0.368606107,9789
0.368616343,9788
0.368622834,9787
0.368627447,9786
0.368632878,9785
0.368641604,9784
0.368645759,9783
0.368674852,9782
0.368678564,9781
0.368682121,9780
0.368685811,9779
0.368689491,9778
0.368693356,9777
0.368696767,9776
0.368700728,9775
0.368723413,9774
0.36874533,9773
0.368749507,9772
0.368753561,9771
0.368756838,9770
0.368761442,9769
0.368765291,9768
0.368769006,9767
0.368772718,9766
0.368776095,9765
0.368804392,9764
0.368807842,9763
0.36881338,9762
0.368817288,9761
0.368820838,9760
0.368824023,9759
0.36882737,9758
0.368830923,9757
0.368834386,9756
0.36883786,9755
0.368842779,9754
0.368846135,9753
0.368871343,9752
0.36888668,9751
0.368890307,9750
0.368893935,9749
0.368897369,9748
0.368900516,9747
0.36890343,9746
0.368906343,9745
0.36890996,9744
0.36891317,9743
0.368916077,9742
0.368919058,9741
0.368921677,9740
0.36892432,9739
0.368928266,9738
0.36893238,9737
0.368959254,9736
0.368963088,9735
0.368967127,9734
0.368971011,9733
0.36898297,9732
0.368989912,9731
0.369027052,9730
0.369060444,9729
0.369065325,9728
0.369102357,9727
0.369105849,9726
0.369109591,9725
0.369113312,9724
0.369117177,9723
0.369121591,9722
0.369125344,9721
0.369128761,9720
0.369132111,9719
0.369135556,9718
0.369138982,9717
0.369142871,9716
0.369146106,9715
0.369150552,9714
0.36915449,9713
0.369158459,9712
0.369162564,9711
0.369166935,9710
0.369171326,9709
0.369175714,9708
0.369180666,9707
0.369186636,9706
0.369191765,9705
0.369199255,9704
0.369212372,9703
0.369218662,9702
0.369226403,9701
0.369233562,9700
0.369239385,9699
0.369245381,9698
0.369250805,9697
0.369255429,9696
0.369260545,9695
0.369264595,9694
0.369269322,9693
0.369273864,9692
0.369278659,9691
0.369282824,9690
0.369287031,9689
0.369291263,9688
0.369296221,9687
0.369309599,9686
0.369313335,9685
0.369316422,9684
0.369319095,9683
0.369321935,9682
0.369324488,9681
0.369327088,9680
0.369329559,9679
0.369332031,9678
0.369334561,9677
0.369337405,9676
0.369340115,9675
0.369343518,9674
0.369347348,9673
0.369350903,9672
0.369354242,9671
0.369366899,9670
0.369371445,9669
0.369376516,9668
0.369386179,9667
0.36942187,9666
0.369426451,9665
0.369430807,9664
0.369435069,9663
0.369439346,9662
0.369443512,9661
0.369448678,9660
0.369452531,9659
0.369456627,9658
0.369460368,9657
0.36946405,9656
0.369468142,9655
0.369471964,9654
0.369534945,9653
0.369539245,9652
0.369542991,9651
0.369546676,9650
0.369549815,9649
0.369552696,9648
0.3695551,9647
0.369557789,9646
0.369560421,9645
0.369563669,9644
0.369566687,9643
0.36956996,9642
0.369572847,9641
0.369575876,9640
0.369578174,9639
0.369581078,9638
0.369583426,9637
0.369585886,9636
0.369588806,9635
0.369591308,9634
0.369593803,9633
0.36959637,9632
0.369598755,9631
0.369601123,9630
0.3696034,9629
0.369605769,9628
0.369608134,9627
0.369610689,9626
0.369613939,9625
0.36961674,9624
0.369619613,9623
0.36962254,9622
0.369625598,9621
0.369628191,9620
0.369631279,9619
0.36963405,9618
0.369637404,9617
0.369640038,9616
0.369643083,9615
0.369645851,9614
0.369648831,9613
0.369651865,9612
0.369654724,9611
0.369657623,9610
0.369660669,9609
0.369663482,9608
0.369666308,9607
0.369669121,9606
0.369672152,9605
0.369675157,9604
0.369678219,9603
0.36968107,9602
0.369684404,9601
0.369687956,9600
0.369691545,9599
0.369694489,9598
0.369697761,9597
0.369700712,9596
0.369703665,9595
0.369707059,9594
0.369710623,9593
0.369713438,9592
0.369716616,9591
0.369719589,9590
0.369722696,9589
0.369725903,9588
0.369728756,9587
0.369731862,9586
0.369735318,9585
0.369738876,9584
0.369741851,9583
0.36974506,9582
0.369748592,9581
0.369751619,9580
0.369761521,9579
0.369767506,9578
0.3697728,9577
0.369778302,9576
0.369783805,9575
0.369821171,9574
0.369825869,9573
0.369857801,9572
0.369861394,9571
0.369864157,9570
0.369867919,9569
0.36987095,9568
0.369874016,9567
0.36987762,9566
0.369880399,9565
0.369883007,9564
0.369885897,9563
0.369888622,9562
0.369891634,9561
0.369894481,9560
0.369897019,9559
0.369899971,9558
0.369902959,9557
0.3699059,9556
0.369908999,9555
0.369912032,9554
0.369914911,9553
0.36991803,9552
0.369921322,9551
0.369924927,9550
0.369927763,9549
0.369930177,9548
0.369932621,9547
0.369934573,9546
0.369936903,9545
0.369939056,9544
0.369941323,9543
0.369943918,9542
0.369946921,9541
0.369949661,9540
0.369952657,9539
0.369955277,9538
0.369957604,9537
0.369960074,9536
0.369962342,9535
0.369964848,9534
0.369967476,9533
0.369970119,9532
0.369972538,9531
0.369975119,9530
0.369978789,9529
0.369981905,9528
0.369992073,9527
0.369995242,9526
0.369998195,9525
0.370000871,9524
0.37000384,9523
0.37000702,9522
0.370010174,9521
0.370012766,9520
0.370015325,9519
0.370017583,9518
0.370019993,9517
0.370022308,9516
0.370024758,9515
0.370026997,9514
0.370030342,9513
0.37003316,9512
0.370036522,9511
0.370039346,9510
0.3700422,9509
0.37004501,9508
0.370047471,9507
0.370050994,9506
0.370053667,9505
0.370057052,9504
0.370062374,9503
0.370066117,9502
0.370070063,9501
0.370073265,9500
0.37007579,9499
0.370078132,9498
0.370080527,9497
0.370082811,9496
0.3700849,9495
0.370087892,9494
0.370125104,9493
0.370129853,9492
0.370133838,9491
0.370137355,9490
0.370140685,9489
0.370143527,9488
0.370145707,9487
0.370147791,9486
0.370150281,9485
0.370152581,9484
0.370154852,9483
0.370157173,9482
0.37016066,9481
0.370164376,9480
0.370167989,9479
0.370170475,9478
0.370173152,9477
0.370175842,9476
0.370179296,9475
0.37018186,9474
0.37018434,9473
0.370186642,9472
0.370188772,9471
0.370190722,9470
0.370192677,9469
0.370194778,9468
0.370197018,9467
0.370199097,9466
0.37020112,9465
0.37020319,9464
0.370205411,9463
0.370207385,9462
0.370209439,9461
0.370211337,9460
0.370213521,9459
0.370215688,9458
0.370217838,9457
0.3702198,9456
0.370222148,9455
0.370224314,9454
0.370226286,9453
0.370228381,9452
0.370230479,9451
0.370232493,9450
0.370234713,9449
0.370236838,9448
0.370238958,9447
0.370241158,9446
0.370243393,9445
0.370245563,9444
0.37024773,9443
0.370249902,9442
0.370252176,9441
0.370254272,9440
0.370256411,9439
0.370258387,9438
0.370260611,9437
0.370262655,9436
0.370264941,9435
0.370267169,9434
0.370269468,9433
0.370271485,9432
0.370273662,9431
0.370275796,9430
0.370277818,9429
0.370279842,9428
0.370281942,9427
0.370283838,9426
0.370285777,9425
0.370288067,9424
0.370290267,9423
0.370292258,9422
0.370294702,9421
0.370297907,9420
0.370301436,9419
0.370304667,9418
0.370307373,9417
0.370309747,9416
0.370311983,9415
0.370313971,9414
0.370317109,9413
0.370319581,9412
0.370322374,9411
0.370324985,9410
0.370327594,9409
0.370330044,9408
0.370332482,9407
0.370334995,9406
0.37036352,9405
0.370366755,9404
0.370369634,9403
0.370372163,9402
0.370374966,9401
0.370377459,9400
0.370380107,9399
0.37038279,9398
0.370385335,9397
0.370387866,9396
0.370391371,9395
0.370394428,9394
0.370398,9393
0.37040063,9392
0.37040381,9391
0.370406618,9390
0.37041069,9389
0.37041414,9388
0.370417015,9387
0.370419756,9386
0.370422401,9385
0.370425394,9384
0.370428391,9383
0.37043298,9382
0.370436193,9381
0.370439445,9380
0.370442476,9379
0.370445823,9378
0.370449322,9377
0.370452445,9376
0.37045532,9375
0.370458683,9374
0.370461694,9373
0.370464437,9372
0.370467108,9371
0.370469854,9370
0.37047263,9369
0.370475338,9368
0.370477976,9367
0.370480334,9366
0.370482237,9365
0.370484475,9364
0.370486303,9363
0.370490783,9362
0.370493299,9361
0.370495718,9360
0.370497838,9359
0.370500036,9358
0.370502343,9357
0.370504345,9356
0.370506417,9355
0.370509137,9354
0.370511289,9353
0.370513614,9352
0.370515851,9351
0.370517791,9350
0.370519789,9349
0.370521868,9348
0.370523864,9347
0.370525788,9346
0.370527737,9345
0.370530153,9344
0.370532335,9343
0.370534354,9342
0.370536434,9341
0.370538602,9340
0.370540886,9339
0.370542967,9338
0.370544968,9337
0.370547857,9336
0.370550288,9335
0.370553019,9334
0.370555344,9333
0.370557572,9332
0.370559778,9331
0.370562252,9330
0.370564569,9329
0.370566747,9328
0.370568722,9327
0.370571861,9326
0.370574391,9325
0.370576891,9324
0.370579207,9323
0.370582418,9322
0.370585662,9321
0.370589114,9320
0.37059259,9319
0.370595948,9318
0.370598908,9317
0.37060187,9316
0.37060488,9315
0.370608178,9314
0.370611269,9313
0.370614995,9312
0.370618633,9311
0.370622043,9310
0.370625029,9309
0.370627945,9308
0.370630799,9307
0.37063384,9306
0.370637623,9305
0.370641809,9304
0.370651549,9303
0.370654968,9302
0.370658888,9301
0.370662736,9300
0.37066625,9299
0.37066953,9298
0.370673109,9297
0.370676228,9296
0.37067932,9295
0.370682089,9294
0.37068533,9293
0.37068798,9292
0.37069042,9291
0.37069278,9290
0.370695426,9289
0.370698102,9288
0.370700447,9287
0.370702987,9286
0.370705683,9285
0.370708347,9284
0.370710841,9283
0.370713445,9282
0.370715947,9281
0.370718256,9280
0.370720832,9279
0.37072306,9278
0.370725617,9277
0.370728134,9276
0.370730663,9275
0.37073286,9274
0.37073552,9273
0.370738073,9272
0.370740703,9271
0.370743102,9270
0.37074549,9269
0.370748145,9268
0.370750677,9267
0.370753433,9266
0.370756121,9265
0.370759409,9264
0.370762215,9263
0.37076541,9262
0.370786842,9261
0.370795701,9260
0.370803856,9259
0.370811995,9258
0.37081613,9257
0.370819592,9256
0.370822951,9255
0.370825474,9254
0.370827989,9253
0.370830342,9252
0.370832597,9251
0.370835246,9250
0.370837842,9249
0.370840463,9248
0.370842905,9247
0.370845068,9246
0.370849126,9245
0.370852134,9244
0.370854517,9243
0.370856879,9242
0.370859216,9241
0.37086169,9240
0.37086389,9239
0.37086615,9238
0.370868387,9237
0.370870789,9236
0.370873363,9235
0.3708757,9234
0.370878451,9233
0.370880902,9232
0.370884628,9231
0.370887796,9230
0.370890735,9229
0.37089336,9228
0.37089608,9227
0.370898311,9226
0.37090084,9225
0.3709033,9224
0.370905539,9223
0.370907617,9222
0.370911695,9221
0.370914311,9220
0.370916992,9219
0.370920217,9218
0.370923156,9217
0.37092646,9216
0.370929315,9215
0.370932366,9214
0.370935457,9213
0.370938441,9212
0.3709413,9211
0.370943996,9210
0.370945986,9209
0.370949056,9208
0.370951388,9207
0.370953877,9206
0.370956169,9205
0.370958571,9204
0.37096069,9203
0.370963858,9202
0.37096671,9201
0.370969281,9200
0.370971747,9199
0.370973857,9198
0.370976467,9197
0.370979694,9196
0.370982142,9195
0.370984592,9194
0.370986759,9193
0.370989386,9192
0.370992101,9191
0.370994444,9190
0.370997173,9189
0.370999644,9188
0.371001834,9187
0.371004209,9186
0.371006773,9185
0.371009109,9184
0.371011659,9183
0.371014327,9182
0.371017059,9181
0.371019404,9180
0.371022201,9179
0.371024775,9178
0.371027538,9177
0.371030122,9176
0.371032632,9175
0.37103528,9174
0.371037769,9173
0.371040209,9172
0.371042886,9171
0.371045106,9170
0.371047557,9169
0.37104983,9168
0.371052379,9167
0.371054979,9166
0.371057409,9165
0.371059983,9164
0.37106275,9163
0.371065421,9162
0.371067692,9161
0.371070284,9160
0.371073001,9159
0.371075336,9158
0.371077985,9157
0.371080486,9156
0.371082792,9155
0.371085465,9154
0.371087894,9153
0.371090326,9152
0.371092897,9151
0.371095493,9150
0.371098098,9149
0.371101127,9148
0.371104491,9147
0.371107339,9146
0.371109718,9145
0.371112119,9144
0.371114426,9143
0.371116783,9142
0.371118848,9141
0.371121783,9140
0.371124357,9139
0.371126655,9138
0.371129093,9137
0.371131612,9136
0.371133741,9135
0.371136249,9134
0.37113827,9133
0.371140408,9132
0.371142829,9131
0.371145283,9130
0.3711524,9129
0.371154788,9128
0.371157008,9127
0.371160943,9126
0.371164506,9125
0.371167657,9124
0.371170152,9123
0.371172436,9122
0.371175319,9121
0.371178084,9120
0.371180587,9119
0.371184086,9118
0.371186826,9117
0.371189313,9116
0.37119199,9115
0.371194392,9114
0.371197246,9113
0.371199658,9112
0.371202108,9111
0.371204055,9110
0.371206566,9109
0.371208905,9108
0.371211227,9107
0.371213414,9106
0.371216031,9105
0.371218478,9104
0.371220964,9103
0.371223192,9102
0.371225443,9101
0.371227667,9100
0.371230009,9099
0.3712321,9098
0.371235152,9097
0.371237659,9096
0.371240551,9095
0.371242927,9094
0.371245722,9093
0.371248073,9092
0.371250093,9091
0.371253028,9090
0.371255724,9089
0.371258303,9088
0.371260568,9087
0.37126315,9086
0.371265798,9085
0.371268239,9084
0.371273462,9083
0.371275762,9082
0.371277941,9081
0.371280246,9080
0.371282388,9079
0.371285503,9078
0.371287888,9077
0.371290218,9076
0.371292718,9075
0.371294914,9074
0.371297491,9073
0.371300318,9072
0.371303052,9071
0.371305452,9070
0.371307851,9069
0.371311241,9068
0.371314123,9067
0.371316762,9066
0.371319297,9065
0.371321742,9064
0.371324469,9063
0.37132706,9062
0.371329671,9061
0.371332095,9060
0.37133437,9059
0.371337041,9058
0.371339269,9057
0.371342172,9056
0.371345092,9055
0.3713478,9054
0.371350178,9053
0.371352803,9052
0.371355232,9051
0.371357678,9050
0.371360203,9049
0.371362394,9048
0.371365094,9047
0.37136745,9046
0.371369531,9045
0.371372129,9044
0.371374356,9043
0.371376919,9042
0.371380352,9041
0.371383699,9040
0.371386812,9039
0.371389382,9038
0.371391765,9037
0.371394164,9036
0.371396976,9035
0.371399765,9034
0.371402456,9033
0.371405051,9032
0.371407686,9031
0.37141102,9030
0.371414265,9029
0.371417534,9028
0.371420307,9027
0.371423402,9026
0.371427224,9025
0.37143043,9024
0.371433415,9023
0.371436344,9022
0.37143923,9021
0.371442385,9020
0.371444948,9019
0.37144717,9018
0.371450053,9017
0.371455883,9016
0.371460386,9015
0.371464091,9014
0.371467846,9013
0.371471324,9012
0.371474427,9011
0.371477293,9010
0.371480134,9009
0.37148319,9008
0.371486133,9007
0.371489332,9006
0.371492324,9005
0.371498317,9004
0.371502129,9003
0.371505528,9002
0.371509046,9001
0.371512404,9000
0.371515466,8999
0.371518466,8998
0.371521567,8997
0.371524693,8996
0.371527927,8995
0.371530566,8994
0.371533284,8993
0.371537257,8992
0.37154078,8991
0.371544404,8990
0.371547329,8989
0.371550059,8988
0.371553172,8987
0.371556266,8986
0.371559384,8985
0.371562193,8984
0.371564909,8983
0.371567941,8982
0.371570984,8981
0.371573991,8980
0.371576968,8979
0.371580063,8978
0.371583008,8977
0.371585908,8976
0.371588667,8975
0.371591717,8974
0.371594671,8973
0.371597619,8972
0.371600591,8971
0.3716035,8970
0.371606256,8969
0.371609224,8968
0.371612272,8967
0.371615017,8966
0.371617802,8965
0.371620547,8964
0.371623303,8963
0.371626134,8962
0.371628877,8961
0.371631836,8960
0.371634497,8959
0.371637367,8958
0.371640117,8957
0.371642914,8956
0.37164583,8955
0.371648696,8954
0.371651868,8953
0.371654774,8952
0.371657694,8951
0.371660324,8950
0.371663182,8949
0.371665863,8948
0.371668816,8947
0.371671601,8946
0.371674381,8945
0.371677735,8944
0.371680812,8943
0.371686061,8942
0.37169046,8941
0.371700648,8940
0.371712034,8939
0.37171513,8938
0.371720391,8937
0.371725317,8936
0.371728322,8935
0.371740146,8934
0.371742559,8933
0.371744899,8932
0.371747029,8931
0.371749081,8930
0.371751204,8929
0.371753062,8928
0.371755118,8927
0.371758317,8926
0.371761004,8925
0.371763305,8924
0.371765872,8923
0.371768358,8922
0.371770804,8921
0.371773245,8920
0.371775645,8919
0.371777964,8918
0.37178017,8917
0.371782132,8916
0.371784199,8915
0.371787533,8914
0.371790001,8913
0.371792461,8912
0.371794794,8911
0.371797415,8910
0.371799778,8909
0.371802389,8908
0.371804656,8907
0.371806802,8906
0.37180901,8905
0.371811069,8904
0.371813427,8903
0.371816067,8902
0.371818772,8901
0.371821351,8900
0.37182369,8899
0.371826858,8898
0.371829317,8897
0.371831795,8896
0.371834225,8895
0.371836522,8894
0.371839162,8893
0.371841611,8892
0.371844044,8891
0.371846481,8890
0.371848829,8889
0.371851069,8888
0.371853187,8887
0.371855219,8886
0.371857294,8885
0.371859332,8884
0.371862197,8883
0.371864334,8882
0.371866688,8881
0.371869351,8880
0.371871717,8879
0.371874197,8878
0.371876503,8877
0.371878606,8876
0.371880773,8875
0.371882912,8874
0.371885213,8873
0.371888207,8872
0.371891201,8871
0.371893751,8870
0.371896297,8869
0.371900296,8868
0.371903256,8867
0.371905629,8866
0.371908135,8865
0.371910882,8864
0.37191327,8863
0.371916232,8862
0.371919019,8861
0.371921905,8860
0.371924552,8859
0.371927341,8858
0.371930065,8857
0.371932569,8856
0.371936241,8855
0.371938958,8854
0.371942104,8853
0.371944691,8852
0.371947335,8851
0.371950315,8850
0.371952948,8849
0.371955663,8848
0.371959523,8847
0.371962597,8846
0.371965433,8845
0.371967958,8844
0.371970839,8843
0.371973682,8842
0.371976412,8841
0.371979091,8840
0.371981813,8839
0.371984643,8838
0.371987469,8837
0.371990156,8836
0.371992923,8835
0.371995256,8834
0.3719977,8833
0.372000989,8832
0.372004673,8831
0.372007765,8830
0.37201077,8829
0.372013169,8828
0.372015372,8827
0.372017837,8826
0.372021056,8825
0.372023864,8824
0.372026259,8823
0.372028738,8822
0.372030952,8821
0.372033014,8820
0.372035125,8819
0.372037767,8818
0.372040254,8817
0.372042816,8816
0.372045322,8815
0.372047994,8814
0.372050663,8813
0.372053165,8812
0.37205576,8811
0.372058556,8810
0.372061182,8809
0.372063908,8808
0.372066188,8807
0.372068447,8806
0.372070826,8805
0.37207449,8804
0.372077415,8803
0.372080823,8802
0.372083998,8801
0.372087552,8800
0.372090777,8799
0.37209408,8798
0.37209692,8797
0.372100126,8796
0.372103303,8795
0.372106106,8794
0.372109098,8793
0.372112044,8792
0.372114987,8791
0.372117618,8790
0.372120454,8789
0.372124554,8788
0.372128077,8787
0.372131223,8786
0.372134117,8785
0.372136915,8784
0.372139957,8783
0.37214342,8782
0.372146594,8781
0.37214965,8780
0.372152563,8779
0.372155435,8778
0.372157918,8777
0.372161404,8776
0.372164261,8775
0.372167091,8774
0.372171055,8773
0.372174222,8772
0.372177381,8771
0.372183117,8770
0.372185747,8769
0.372189274,8768
0.372192208,8767
0.372204818,8766
0.372217531,8765
0.3722208,8764
0.372224171,8763
0.372228799,8762
0.372232214,8761
0.372235188,8760
0.372237992,8759
0.372241389,8758
0.372244369,8757
0.372247388,8756
0.3722503,8755
0.372253211,8754
0.372288401,8753
0.372291841,8752
0.37229492,8751
0.37229796,8750
0.372300779,8749
0.372303695,8748
0.372306738,8747
0.372309839,8746
0.372312722,8745
0.372315502,8744
0.372318426,8743
0.372321114,8742
0.372324267,8741
0.372326861,8740
0.372329545,8739
0.372332491,8738
0.372335854,8737
0.372338592,8736
0.372341342,8735
0.372344033,8734
0.372346892,8733
0.372349619,8732
0.372352733,8731
0.372355394,8730
0.373060113,8729
0.37306424,8728
0.373067257,8727
0.373071031,8726
0.373074118,8725
0.373077383,8724
0.373080479,8723
0.373083778,8722
0.373086803,8721
0.373089819,8720
0.373092879,8719
0.373095523,8718
0.373098798,8717
0.373101747,8716
0.373104346,8715
0.373107162,8714
0.373110222,8713
0.373113079,8712
0.373115924,8711
0.373118635,8710
0.373127066,8709
0.373129958,8708
0.373133413,8707
0.373136185,8706
0.373139443,8705
0.373143741,8704
0.373146516,8703
0.373149138,8702
0.373151949,8701
0.373154496,8700
0.373158715,8699
0.373162267,8698
0.373165231,8697
0.373169646,8696
0.373173215,8695
0.37318027,8694
0.373183384,8693
0.373186841,8692
0.373191248,8691
0.373201792,8690
0.373205457,8689
0.373208457,8688
0.373212688,8687
0.373215929,8686
0.373219024,8685
0.373221947,8684
0.373225668,8683
0.373229144,8682
0.373232777,8681
0.373236575,8680
0.373240993,8679
0.373244173,8678
0.373247206,8677
0.373250231,8676
0.373253927,8675
0.373257302,8674
0.373260727,8673
0.373265231,8672
0.373268404,8671
0.373271824,8670
0.373275328,8669
0.373278377,8668
0.373281586,8667
0.373284886,8666
0.373288136,8665
0.373291634,8664
0.373295383,8663
0.373298713,8662
0.373302291,8661
0.373306249,8660
0.373311819,8659
0.373315243,8658
0.373318865,8657
0.373323359,8656
0.373327127,8655
0.373334028,8654
0.373348835,8653
0.37335308,8652
0.373357054,8651
0.373362541,8650
0.373365787,8649
0.373373883,8648
0.373377171,8647
0.373389918,8646
0.373401804,8645
0.373406546,8644
0.373410127,8643
0.373413965,8642
0.37341692,8641
0.373419998,8640
0.373423056,8639
0.373426039,8638
0.373428982,8637
0.373432049,8636
0.373436107,8635
0.373439321,8634
0.373443674,8633
0.373447457,8632
0.373450758,8631
0.373454751,8630
0.373457984,8629
0.373460508,8628
0.373463222,8627
0.373466408,8626
0.373469193,8625
0.37347159,8624
0.373474091,8623
0.373476944,8622
0.373479662,8621
0.373482075,8620
0.373487052,8619
0.373490442,8618
0.373495056,8617
0.37349871,8616
0.373501864,8615
0.373505105,8614
0.373509334,8613
0.373514087,8612
0.373516847,8611
0.373519972,8610
0.373525344,8609
0.373528938,8608
0.373531817,8607
0.373534926,8606
0.373537846,8605
0.373540646,8604
0.373544069,8603
0.373547334,8602
0.373551615,8601
0.37355807,8600
0.373561368,8599
0.373566141,8598
0.373568876,8597
0.373572922,8596
0.373576761,8595
0.373580166,8594
0.373583485,8593
0.373588274,8592
0.373593134,8591
0.373596124,8590
0.373599427,8589
0.37360291,8588
0.373606871,8587
0.373610051,8586
0.373613532,8585
0.373616838,8584
0.373619543,8583
0.373622288,8582
0.373625867,8581
0.373629412,8580
0.373634862,8579
0.373637714,8578
0.373640488,8577
0.373643442,8576
0.373646521,8575
0.373649313,8574
0.373653228,8573
0.373656275,8572
0.373659336,8571
0.373662426,8570
0.373665253,8569
0.373668174,8568
0.373670993,8567
0.373674257,8566
0.373677334,8565
0.373680321,8564
0.373683091,8563
0.373686991,8562
0.373689983,8561
0.373693236,8560
0.373696424,8559
0.373699915,8558
0.373703086,8557
0.373706832,8556
0.37370956,8555
0.373712819,8554
0.373715934,8553
0.373719058,8552
0.3737241,8551
0.373727026,8550
0.373730001,8549
0.373733551,8548
0.373736631,8547
0.373739471,8546
0.373743542,8545
0.373747669,8544
0.373751708,8543
0.373755169,8542
0.373758124,8541
0.373760958,8540
0.373765168,8539
0.373768243,8538
0.373770912,8537
0.373774791,8536
0.373778909,8535
0.373782123,8534
0.373784922,8533
0.373787868,8532
0.373791571,8531
0.373795024,8530
0.373797902,8529
0.373801276,8528
0.373804659,8527
0.373807672,8526
0.373810954,8525
0.37381413,8524
0.373817123,8523
0.373820071,8522
0.373823179,8521
0.373826016,8520
0.373830742,8519
0.373834161,8518
0.373839051,8517
0.373842104,8516
0.373847177,8515
0.373850542,8514
0.373853572,8513
0.373859036,8512
0.373861917,8511
0.373865106,8510
0.373868687,8509
0.373871603,8508
0.373875781,8507
0.373879701,8506
0.37388357,8505
0.37388915,8504
0.37389285,8503
0.3738967,8502
0.373901163,8501
0.373904649,8500
0.373908322,8499
0.373911526,8498
0.373914896,8497
0.373919346,8496
0.373922374,8495
0.373925439,8494
0.373928395,8493
0.373932104,8492
0.373938081,8491
0.373941055,8490
0.37394401,8489
0.373947446,8488
0.373952521,8487
0.373955474,8486
0.373958428,8485
0.373961615,8484
0.373965283,8483
0.373968939,8482
0.373972866,8481
0.373976005,8480
0.373979436,8479
0.373982794,8478
0.373986304,8477
0.373991555,8476
0.373995018,8475
0.373999008,8474
0.374003024,8473
0.37400642,8472
0.374010705,8471
0.374014344,8470
0.374018469,8469
0.37402384,8468
0.374027735,8467
0.374031581,8466
0.374035511,8465
0.37403946,8464
0.374043551,8463
0.374047598,8462
0.374052389,8461
0.374056119,8460
0.374060077,8459
0.374063653,8458
0.374067762,8457
0.374072068,8456
0.374075943,8455
0.374079553,8454
0.374090348,8453
0.374094798,8452
0.374134973,8451
0.374138412,8450
0.374142217,8449
0.37414709,8448
0.374150171,8447
0.374153205,8446
0.374156593,8445
0.37415944,8444
0.37416292,8443
0.37416634,8442
0.374170135,8441
0.374173683,8440
0.374178551,8439
0.3741854,8438
0.374190103,8437
0.374193067,8436
0.374199667,8435
0.374203039,8434
0.374207818,8433
0.374210739,8432
0.374214077,8431
0.374216908,8430
0.374220975,8429
0.374224116,8428
0.374226923,8427
0.374229438,8426
0.374232217,8425
0.374246523,8424
0.374250408,8423
0.374253927,8422
0.374256952,8421
0.374260356,8420
0.374263728,8419
0.374266508,8418
0.374269371,8417
0.374271946,8416
0.374274713,8415
0.37427712,8414
0.374279725,8413
0.374291339,8412
0.374295079,8411
0.374300616,8410
0.374304159,8409
0.374307566,8408
0.374310925,8407
0.374314244,8406
0.374317164,8405
0.374320216,8404
0.37432289,8403
0.374326068,8402
0.374330022,8401
0.374332452,8400
0.37433518,8399
0.374337502,8398
0.374347931,8397
0.374352747,8396
0.374356241,8395
0.374361278,8394
0.374364485,8393
0.374369425,8392
0.374372574,8391
0.374375414,8390
0.37437856,8389
0.374381146,8388
0.374383746,8387
0.374397582,8386
0.374404153,8385
0.374411136,8384
0.374415802,8383
0.374420481,8382
0.374423481,8381
0.374427997,8380
0.374431347,8379
0.374434782,8378
0.374437562,8377
0.374445796,8376
0.374450519,8375
0.374453115,8374
0.374455784,8373
0.374458494,8372
0.374464268,8371
0.374466368,8370
0.374470308,8369
0.37447288,8368
0.374475571,8367
0.374478828,8366
0.374482345,8365
0.374485467,8364
0.374489081,8363
0.374499409,8362
0.374502511,8361
0.374506022,8360
0.374508885,8359
0.374511723,8358
0.374514409,8357
0.374526669,8356
0.374531491,8355
0.374534778,8354
0.374538175,8353
0.374541362,8352
0.374544711,8351
0.374547246,8350
0.37455011,8349
0.374564396,8348
0.374568504,8347
0.374580768,8346
0.374585528,8345
0.37458849,8344
0.374591301,8343
0.374595198,8342
0.374598078,8341
0.374600627,8340
0.374611663,8339
0.374615215,8338
0.374619517,8337
0.374622651,8336
0.374625611,8335
0.374632988,8334
0.374637437,8333
0.374640446,8332
0.374643371,8331
0.374649486,8330
0.374652575,8329
0.374655717,8328
0.374658766,8327
0.374662003,8326
0.3746654,8325
0.374668675,8324
0.374672331,8323
0.374675977,8322
0.374681564,8321
0.374686083,8320
0.374690876,8319
0.374695913,8318
0.374708033,8317
0.374712566,8316
0.374717986,8315
0.374721812,8314
0.374725491,8313
0.374729323,8312
0.374733273,8311
0.374736918,8310
0.374741614,8309
0.374745131,8308
0.374749806,8307
0.374753588,8306
0.37475728,8305
0.374761271,8304
0.374765315,8303
0.374770216,8302
0.374773919,8301
0.374777854,8300
0.374782933,8299
0.374786933,8298
0.374790519,8297
0.374794634,8296
0.375079404,8295
0.375091851,8294
0.375105138,8293
0.375110108,8292
0.375114534,8291
0.375120848,8290
0.375126061,8289
0.375131751,8288
0.375139359,8287
0.375145961,8286
0.375152944,8285
0.37516229,8284
0.375168898,8283
0.375172954,8282
0.375177668,8281
0.375211914,8280
0.375217247,8279
0.375222992,8278
0.375258027,8277
0.375292023,8276
0.37529785,8275
0.375302549,8274
0.375308062,8273
0.375341802,8272
0.375347152,8271
0.375401674,8270
0.375407017,8269
0.375412173,8268
0.375417097,8267
0.375469325,8266
0.375473557,8265
0.375479307,8264
0.375483414,8263
0.37548761,8262
0.37549355,8261
0.37553016,8260
0.375536206,8259
0.375573375,8258
0.37557798,8257
0.375583218,8256
0.375588999,8255
0.375592986,8254
0.375652142,8253
0.375686503,8252
0.375692794,8251
0.375701999,8250
0.375738668,8249
0.375743302,8248
0.375747894,8247
0.375753352,8246
0.375757127,8245
0.375765512,8244
0.375771318,8243
0.375782557,8242
0.375787557,8241
0.375792702,8240
0.375800515,8239
0.375814313,8238
0.375818138,8237
0.375831659,8236
0.375837888,8235
0.375841184,8234
0.37585807,8233
0.375876151,8232
0.375878765,8231
0.375886267,8230
0.375889471,8229
0.375895479,8228
0.375901429,8227
0.376008149,8226
0.376015724,8225
0.376402643,8224
0.376446907,8223
0.376482049,8222
0.376506229,8221
0.376523728,8220
0.376526995,8219
0.376532875,8218
0.376547085,8217
0.376560536,8216
0.376572801,8215
0.376578375,8214
0.376953454,8213
0.376966512,8212
0.376970313,8211
0.37697447,8210
0.376978313,8209
0.376983834,8208
0.376987819,8207
0.376991599,8206
0.376997099,8205
0.377000982,8204
0.377014337,8203
0.377017935,8202
0.377021646,8201
0.377026028,8200
0.377030002,8199
0.377035397,8198
0.377039104,8197
0.377043028,8196
0.377047383,8195
0.377052225,8194
0.377058999,8193
0.377062871,8192
0.377067477,8191
0.377072323,8190
0.377076923,8189
0.377097663,8188
0.377102419,8187
0.377109439,8186
0.377112728,8185
0.377117203,8184
0.37712078,8183
0.377124151,8182
0.377129325,8181
0.377137999,8180
0.377143878,8179
0.377149135,8178
0.377184024,8177
0.377189563,8176
0.377192927,8175
0.377197818,8174
0.377203246,8173
0.377209058,8172
0.377214152,8171
0.37721736,8170
0.377236348,8169
0.377239643,8168
0.377244051,8167
0.377248911,8166
0.377255767,8165
0.377259084,8164
0.377267145,8163
0.377271953,8162
0.377289138,8161
0.377294763,8160
0.377298049,8159
0.377301296,8158
0.377304395,8157
0.377311254,8156
0.377319251,8155
0.377325396,8154
0.377332741,8153
0.377349895,8152
0.377353606,8151
0.377357334,8150
0.377372352,8149
0.377376955,8148
0.377380253,8147
0.377388139,8146
0.377394295,8145
0.377397255,8144
0.37741098,8143
0.377418826,8142
0.377423991,8141
0.377444365,8140
0.377451483,8139
0.377465404,8138
0.377481924,8137
0.377486972,8136
0.377496959,8135
0.377519022,8134
0.377535395,8133
0.377546523,8132
0.37755539,8131
0.377558947,8130
0.377571965,8129
0.377576539,8128
0.377584274,8127
0.377601325,8126
0.377611665,8125
0.37764038,8124
0.377650131,8123
0.377659762,8122
0.377664238,8121
0.377668982,8120
0.377682313,8119
0.377686301,8118
0.378340132,8117
0.378883837,8116
0.378986515,8115
0.378995285,8114
0.379002728,8113
0.379161316,8112
0.379411286,8111
0.37946524,8110
0.379474576,8109
0.379550756,8108
0.379689014,8107
0.37974281,8106
0.381009437,8105
0.381014129,8104
0.381018105,8103
0.381022506,8102
0.381058745,8101
0.381062636,8100
0.381103755,8099
0.381111182,8098
0.381115263,8097
0.38111962,8096
0.381123355,8095
0.381127268,8094
0.381134241,8093
0.381137706,8092
0.381142329,8091
0.381150718,8090
0.38115612,8089
0.381160576,8088
0.381167147,8087
0.381175672,8086
0.381186677,8085
0.381202652,8084
0.381206011,8083
0.381211463,8082
0.381215043,8081
0.381225477,8080
0.381229185,8079
0.381232828,8078
0.381239303,8077
0.381305973,8076
0.381317421,8075
0.381324217,8074
0.381331369,8073
0.38139888,8072
0.381404167,8071
0.381506875,8070
0.381513345,8069
0.381528648,8068
0.381543098,8067
0.381548088,8066
0.381583267,8065
0.381589735,8064
0.381609523,8063
0.381617383,8062
0.381625793,8061
0.381629732,8060
0.381635582,8059
0.381642274,8058
0.38164686,8057
0.38165406,8056
0.381657741,8055
0.381661596,8054
0.381666037,8053
0.381669511,8052
0.381673135,8051
0.381688095,8050
0.381697272,8049
0.381702045,8048
0.381750616,8047
0.381757068,8046
0.381760773,8045
0.381770411,8044
0.381778987,8043
0.381790011,8042
0.381794402,8041
0.381798197,8040
0.381804764,8039
0.381810044,8038
0.381820728,8037
0.381831734,8036
0.381838115,8035
0.38184294,8034
0.381854842,8033
0.381858296,8032
0.381874505,8031
0.381878718,8030
0.381894693,8029
0.381907465,8028
0.381915457,8027
0.381921973,8026
0.381956919,8025
0.381966679,8024
0.381969934,8023
0.381973044,8022
0.381982897,8021
0.381998715,8020
0.382005446,8019
0.382017574,8018
0.382023829,8017
0.38203612,8016
0.382040725,8015
0.38204872,8014
0.382056604,8013
0.382060388,8012
0.382091192,8011
0.38209579,8010
0.382120591,8009
0.382130844,8008
0.382135011,8007
0.382137658,8006
0.382143334,8005
0.382149217,8004
0.382157333,8003
0.382164414,8002
0.382170092,8001
0.382180587,8000
0.382185565,7999
0.382190053,7998
0.382196548,7997
0.382214499,7996
0.382230153,7995
0.382259194,7994
0.382266058,7993
0.382272346,7992
0.382276132,7991
0.382296996,7990
0.382321818,7989
0.382335842,7988
0.382340129,7987
0.382345259,7986
0.382354769,7985
0.38237071,7984
0.382377158,7983
0.382381029,7982
0.382386506,7981
0.382403086,7980
0.382406726,7979
0.382413509,7978
0.382416655,7977
0.382423827,7976
0.382436722,7975
0.382443437,7974
0.382450131,7973
0.382460615,7972
0.382507262,7971
0.382513768,7970
0.382562494,7969
0.382566045,7968
0.382657661,7967
0.382673114,7966
0.382725089,7965
0.382737153,7964
0.382774698,7963
0.382780187,7962
0.382792733,7961
0.382883843,7960
0.382888737,7959
0.382950584,7958
0.383005267,7957
0.383015672,7956
0.383022842,7955
0.383069261,7954
0.383075343,7953
0.383109111,7952
0.383121448,7951
0.383167747,7950
0.384219486,7949
0.384237391,7948
0.384280775,7947
0.384296776,7946
0.384313536,7945
0.384357571,7944
0.384361704,7943
0.38436749,7942
0.384384419,7941
0.384405505,7940
0.384421226,7939
0.38442534,7938
0.384428744,7937
0.384443542,7936
0.384464973,7935
0.384479956,7934
0.384516695,7933
0.384539981,7932
0.384548268,7931
0.384555615,7930
0.384580808,7929
0.384586196,7928
0.38460507,7927
0.38466685,7926
0.384679021,7925
0.384688357,7924
0.384701531,7923
0.384741327,7922
0.384803249,7921
0.384808801,7920
0.384840379,7919
0.384887117,7918
0.384896508,7917
0.384905575,7916
0.384945716,7915
0.384951297,7914
0.384986126,7913
0.384993087,7912
0.385041339,7911
0.385130771,7910
0.385178606,7909
0.385267885,7908
0.38531792,7907
0.385366581,7906
0.385370716,7905
0.385383683,7904
0.385393494,7903
0.385400943,7902
0.385511717,7901
0.385576433,7900
0.385969015,7899
0.38597673,7898
0.385981044,7897
0.385985558,7896
0.385996443,7895
0.386002551,7894
0.386010224,7893
0.386014169,7892
0.386021917,7891
0.386025189,7890
0.386029588,7889
0.386034896,7888
0.386038745,7887
0.386042111,7886
0.386045764,7885
0.386052885,7884
0.386060294,7883
0.38607403,7882
0.386082142,7881
0.386088544,7880
0.386092199,7879
0.386097398,7878
0.386103067,7877
0.386106631,7876
0.386123678,7875
0.386127362,7874
0.386136006,7873
0.38616448,7872
0.386168486,7871
0.386175627,7870
0.386184503,7869
0.38619124,7868
0.386194577,7867
0.386200667,7866
0.386206984,7865
0.386218692,7864
0.386229629,7863
0.386274743,7862
0.386292112,7861
0.386300716,7860
0.386304648,7859
0.38630827,7858
0.386346745,7857
0.38635121,7856
0.38640704,7855
0.386417334,7854
0.386426317,7853
0.386447081,7852
0.386532374,7851
0.386540504,7850
0.386543554,7849
0.386553213,7848
0.386591407,7847
0.386594632,7846
0.386634584,7845
0.386648711,7844
0.386653498,7843
0.386708505,7842
0.386764065,7841
0.386785194,7840
0.38684527,7839
0.387146912,7838
0.387153837,7837
0.387265906,7836
0.387406373,7835
0.387607649,7834
0.387617982,7833
0.387623248,7832
0.387629453,7831
0.387633295,7830
0.387643505,7829
0.387667702,7828
0.387675628,7827
0.387679437,7826
0.387689877,7825
0.38769505,7824
0.387701484,7823
0.387779121,7822
0.387813963,7821
0.387820909,7820
0.387827261,7819
0.38783632,7818
0.387871964,7817
0.387879814,7816
0.387887543,7815
0.387893112,7814
0.387901678,7813
0.387907552,7812
0.387913429,7811
0.387929598,7810
0.387936918,7809
0.387941725,7808
0.387948818,7807
0.387957858,7806
0.387970889,7805
0.387974721,7804
0.387979226,7803
0.387985235,7802
0.388465161,7801
0.388484507,7800
0.388517299,7799
0.38853096,7798
0.388535602,7797
0.388542788,7796
0.38854697,7795
0.388551193,7794
0.388555024,7793
0.388558978,7792
0.388568236,7791
0.388602032,7790
0.38860802,7789
0.38864289,7788
0.388650262,7787
0.389050705,7786
0.389093172,7785
0.389109834,7784
0.389120258,7783
0.389124673,7782
0.389128366,7781
0.389132344,7780
0.389165505,7779
0.389198803,7778
0.389209609,7777
0.389220509,7776
0.389226605,7775
0.389270774,7774
0.389278859,7773
0.389289628,7772
0.389327738,7771
0.38940503,7770
0.389439539,7769
0.389447318,7768
0.38945192,7767
0.38953491,7766
0.389583351,7765
0.389590798,7764
0.389632336,7763
0.389652774,7762
0.389659663,7761
0.389663517,7760
0.389668148,7759
0.389686123,7758
0.389741797,7757
0.389820335,7756
0.389826739,7755
0.400777075,7754
0.400784487,7753
0.40081638,7752
0.40085256,7751
0.400857944,7750
0.400867201,7749
0.400874947,7748
0.400892663,7747
0.400897424,7746
0.400926819,7745
0.400933069,7744
0.400968722,7743
0.400973674,7742
0.40100688,7741
0.401023841,7740
0.401066181,7739
0.401126205,7738
0.401134102,7737
0.401142523,7736
0.401181587,7735
0.401210188,7734
0.401345122,7733
0.401352014,7732
0.401358799,7731
0.403666059,7730
0.4037421,7729
0.403777984,7728
0.403813537,7727
0.403819773,7726
0.403827806,7725
0.403831967,7724
0.403842353,7723
0.403846384,7722
0.403850462,7721
0.403854565,7720
0.403858814,7719
0.403893043,7718
0.403899027,7717
0.403905717,7716
0.403912311,7715
0.403935231,7714
0.4039668,7713
0.403970365,7712
0.404004822,7711
0.404008921,7710
0.404013223,7709
0.404017392,7708
0.404033887,7707
0.404071932,7706
0.404078334,7705
0.404081807,7704
0.404087325,7703
0.404094159,7702
0.40413018,7701
0.404137477,7700
0.404144037,7699
0.404156785,7698
0.404169765,7697
0.40420376,7696
0.404209815,7695
0.404215843,7694
0.404220263,7693
0.404225033,7692
0.404235593,7691
0.404241713,7690
0.404255426,7689
0.404263102,7688
0.404267262,7687
0.404277837,7686
0.404283175,7685
0.404287032,7684
0.404292495,7683
0.404316871,7682
0.404330699,7681
0.404369138,7680
0.404406553,7679
0.404413084,7678
0.404454968,7677
0.404458943,7676
0.404463028,7675
0.404469353,7674
0.40448147,7673
0.404488941,7672
0.404493955,7671
0.404502012,7670
0.404508808,7669
0.404513888,7668
0.404521088,7667
0.404525552,7666
0.404533471,7665
0.404537787,7664
0.404544605,7663
0.40455388,7662
0.404566627,7661
0.404607606,7660
0.404613673,7659
0.404620546,7658
0.404625162,7657
0.404630594,7656
0.404663195,7655
0.404668639,7654
0.404679583,7653
0.404684203,7652
0.404705283,7651
0.404709412,7650
0.404727125,7649
0.404731171,7648
0.404776456,7647
0.404813625,7646
0.40482035,7645
0.40488492,7644
0.404889753,7643
0.404924113,7642
0.404932762,7641
0.408276421,7640
0.408284172,7639
0.408288427,7638
0.408309222,7637
0.408316783,7636
0.408321075,7635
0.40835333,7634
0.408365809,7633
0.408379273,7632
0.408393761,7631
0.408399936,7630
0.408424247,7629
0.408432265,7628
0.408439057,7627
0.408442525,7626
0.408446913,7625
0.408453497,7624
0.40845687,7623
0.408460497,7622
0.408476577,7621
0.408535401,7620
0.408541032,7619
0.40854571,7618
0.408551871,7617
0.408622351,7616
0.408634606,7615
0.408691838,7614
0.408699653,7613
0.408706181,7612
0.408713033,7611
0.408730176,7610
0.408740182,7609
0.408744359,7608
0.408758573,7607
0.408765061,7606
0.408775711,7605
0.408790629,7604
0.40881422,7603
0.408824012,7602
0.408840565,7601
0.40885831,7600
0.408879453,7599
0.408886188,7598
0.408898266,7597
0.408908581,7596
0.408917815,7595
0.408934421,7594
0.408967505,7593
0.408972451,7592
0.408979109,7591
0.4089844,7590
0.408994214,7589
0.409005183,7588
0.409015022,7587
0.409022573,7586
0.409026133,7585
0.409041203,7584
0.409044483,7583
0.409053922,7582
0.40907258,7581
0.409088726,7580
0.4091071,7579
0.409121881,7578
0.409142465,7577
0.409158961,7576
0.409167242,7575
0.409174229,7574
0.409180044,7573
0.409201327,7572
0.409204373,7571
0.409231036,7570
0.409234247,7569
0.409254422,7568
0.409262959,7567
0.409287797,7566
0.409304547,7565
0.409324147,7564
0.40933864,7563
0.409342281,7562
0.409361982,7561
0.409377712,7560
0.409394184,7559
0.409397126,7558
0.409416119,7557
0.40942473,7556
0.409435771,7555
0.409449489,7554
0.409456688,7553
0.409466131,7552
0.40950021,7551
0.409510092,7550
0.409517556,7549
0.409548147,7548
0.409554591,7547
0.409571268,7546
0.409579731,7545
0.409590551,7544
0.409602797,7543
0.409607688,7542
0.409615491,7541
0.409625937,7540
0.40964559,7539
0.409657119,7538
0.409674898,7537
0.409687057,7536
0.409707268,7535
0.409710781,7534
0.409726014,7533
0.40974196,7532
0.409770972,7531
0.40979176,7530
0.409805236,7529
0.409813508,7528
0.409824141,7527
0.409861137,7526
0.4098922,7525
0.409902202,7524
0.409955055,7523
0.410002952,7522
0.410010401,7521
0.410059767,7520
0.410156548,7519
0.410163145,7518
0.410180961,7517
0.41019319,7516
0.410206524,7515
0.410222276,7514
0.410227637,7513
0.410265364,7512
0.410291754,7511
0.410310016,7510
0.410340091,7509
0.410377509,7508
0.410424011,7507
0.410459327,7506
0.410466887,7505
0.410473084,7504
0.410504442,7503
0.410520349,7502
0.41055359,7501
0.410561101,7500
0.41058743,7499
0.41059295,7498
0.410621404,7497
0.410673046,7496
0.410679652,7495
0.410684385,7494
0.410733308,7493
0.41079653,7492
0.41080358,7491
0.410844011,7490
0.410856794,7489
0.410861721,7488
0.410877022,7487
0.410904758,7486
0.410908674,7485
0.410940217,7484
0.410960214,7483
0.410983929,7482
0.410987284,7481
0.410994056,7480
0.411027134,7479
0.411062978,7478
0.411078785,7477
0.41108673,7476
0.41109114,7475
0.411122578,7474
0.411347045,7473
0.411361119,7472
0.411376446,7471
0.411381977,7470
0.411386632,7469
0.411392812,7468
0.411398134,7467
0.41140263,7466
0.411409104,7465
0.411412923,7464
0.41143312,7463
0.411454101,7462
0.411458154,7461
0.411461779,7460
0.411466551,7459
0.411491552,7458
0.411498862,7457
0.41152278,7456
0.411536014,7455
0.411561844,7454
0.411576101,7453
0.411655711,7452
0.411726329,7451
0.411763861,7450
0.411812732,7449
0.411854376,7448
0.411859984,7447
0.411872014,7446
0.411880332,7445
0.411887604,7444
0.411895533,7443
0.411899736,7442
0.411936943,7441
0.411949588,7440
0.411958418,7439
0.411962913,7438
0.411967039,7437
0.41198013,7436
0.412023326,7435
0.41202713,7434
0.412029902,7433
0.412462915,7432
0.413779081,7431
0.413830061,7430
0.421477917,7429
0.421513076,7428
0.421556973,7427
0.421575934,7426
0.421595754,7425
0.421609799,7424
0.421690534,7423
0.421724263,7422
0.421779484,7421
0.421787847,7420
0.421796217,7419
0.421819438,7418
0.4219254,7417
0.421938666,7416
0.422033338,7415
0.422157409,7414
0.42216146,7413
0.422251757,7412
0.422666696,7411
0.423810311,7410
0.42433315,7409
0.424338822,7408
0.424348996,7407
0.424357489,7406
0.424383369,7405
0.424424676,7404
0.42447378,7403
