0.456826216,10181
0.456896315,10180
0.456961989,10179
0.457538488,10178
0.457606605,10177
0.457675978,10176
0.457722949,10175
0.457730045,10174
0.457735809,10173
0.457741222,10172
0.457746383,10171
0.457753955,10170
0.457768619,10169
0.457782946,10168
0.457791862,10167
0.457798848,10166
0.457805832,10165
0.45781253,10164
0.457819808,10163
0.457826411,10162
0.457831909,10161
0.457837684,10160
0.45784671,10159
0.457853622,10158
0.457860161,10157
0.457867708,10156
0.457875249,10155
0.457882417,10154
0.457889274,10153
0.457896466,10152
0.457907937,10151
0.457913721,10150
0.457921411,10149
0.457929054,10148
0.457936714,10147
0.457945798,10146
0.457952227,10145
0.457959212,10144
0.457965635,10143
0.457971429,10142
0.457976728,10141
0.457981895,10140
0.45798778,10139
0.45799463,10138
0.458001751,10137
0.45800822,10136
0.458015006,10135
0.458021741,10134
0.458028152,10133
0.458033827,10132
0.458039221,10131
0.458044877,10130
0.458050179,10129
0.458068462,10128
0.458218886,10127
0.458227727,10126
0.458235125,10125
0.458242544,10124
0.458250134,10123
0.458261775,10122
0.458277979,10121
0.458318379,10120
0.458648964,10119
0.458663176,10118
0.458709645,10117
0.458717636,10116
0.458725071,10115
0.458778893,10114
0.458786857,10113
0.458798557,10112
0.458804496,10111
0.458809997,10110
0.458857977,10109
0.458864752,10108
0.458872001,10107
0.458879609,10106
0.458887405,10105
0.458927652,10104
0.458992204,10103
0.459000056,10102
0.459010494,10101
0.459025507,10100
0.459032575,10099
0.459045187,10098
0.459052058,10097
0.459064605,10096
0.459661599,10095
0.459670129,10094
0.4596745,10093
0.459679951,10092
0.459967266,10091
0.459974003,10090
0.459979164,10089
0.459990174,10088
0.45999503,10087
0.460000902,10086
0.460006922,10085
0.460598694,10084
0.460609421,10083
0.460615766,10082
0.460620706,10081
0.460625527,10080
0.460629698,10079
0.460633843,10078
0.460691167,10077
0.460695992,10076
0.460700916,10075
0.460704538,10074
0.460707974,10073
0.460711111,10072
0.460714823,10071
0.460719485,10070
0.460728333,10069
0.460733129,10068
0.460737848,10067
0.460743117,10066
0.460748672,10065
0.460753394,10064
0.460758975,10063
0.46076414,10062
0.460769462,10061
0.460805192,10060
0.460809707,10059
0.460815124,10058
0.46081932,10057
0.460823207,10056
0.460827136,10055
0.460843682,10054
0.460857519,10053
0.460866777,10052
0.460875213,10051
0.460882775,10050
0.460888564,10049
0.460892415,10048
0.460896417,10047
0.46089979,10046
0.460903232,10045
0.460906359,10044
0.460909861,10043
0.460913498,10042
0.460916658,10041
0.460919829,10040
0.460924164,10039
0.460930685,10038
0.460936956,10037
0.460941416,10036
0.460945918,10035
0.460950921,10034
0.460955713,10033
0.460960215,10032
0.460973732,10031
0.461030609,10030
0.461067046,10029
0.461103279,10028
0.461109419,10027
0.461122932,10026
0.461131942,10025
0.461136958,10024
0.46114124,10023
0.461145205,10022
0.461149337,10021
0.461156207,10020
0.461163033,10019
0.461168408,10018
0.461173383,10017
0.461178917,10016
0.461183867,10015
0.461188878,10014
0.461194121,10013
0.461198454,10012
0.461201977,10011
0.461206566,10010
0.461210077,10009
0.46121368,10008
0.46121712,10007
0.46122069,10006
0.461224012,10005
0.461227148,10004
0.46123056,10003
0.461234126,10002
0.461237383,10001
0.461240868,10000
0.461244065,9999
0.461247279,9998
0.461250684,9997
0.461253738,9996
0.461256874,9995
0.461260002,9994
0.461263161,9993
0.461266295,9992
0.461270509,9991
0.461277849,9990
0.461288472,9989
0.461292783,9988
0.461297024,9987
0.461301079,9986
0.461307275,9985
0.461312507,9984
0.461317144,9983
0.461323496,9982
0.461327557,9981
0.461331071,9980
0.461334341,9979
0.461337841,9978
0.461341046,9977
0.461344157,9976
0.461347528,9975
0.461351109,9974
0.461354442,9973
0.461357772,9972
0.461361267,9971
0.461364783,9970
0.461368391,9969
0.461371801,9968
0.461375074,9967
0.461379915,9966
0.461408057,9965
0.46141831,9964
0.461455132,9963
0.461460397,9962
0.461465019,9961
0.461470339,9960
0.461475454,9959
0.461480538,9958
0.461485438,9957
0.461490689,9956
0.461496166,9955
0.461501083,9954
0.461506244,9953
0.461511705,9952
0.461516652,9951
0.46152567,9950
0.46153122,9949
0.461535302,9948
0.46153908,9947
0.461542428,9946
0.46154596,9945
0.461549552,9944
0.461553145,9943
0.461557637,9942
0.461598049,9941
0.461602941,9940
0.46161109,9939
0.461616792,9938
0.461622039,9937
0.46162693,9936
0.461699121,9935
0.461705122,9934
0.461721828,9933
0.461728299,9932
0.461733015,9931
0.461737438,9930
0.461743271,9929
0.461776933,9928
0.461781979,9927
0.461790171,9926
0.461794746,9925
0.461798834,9924
0.46180339,9923
0.461810582,9922
0.461814576,9921
0.461819097,9920
0.461822944,9919
0.461826777,9918
0.461831479,9917
0.461835334,9916
0.46183931,9915
0.461882708,9914
0.46192662,9913
0.461962734,9912
0.461967511,9911
0.462000218,9910
0.462004592,9909
0.462015672,9908
0.46210723,9907
0.462147959,9906
0.46215889,9905
0.462165704,9904
0.462174773,9903
0.462180174,9902
0.46218498,9901
0.462188988,9900
0.462192853,9899
0.46219721,9898
0.462202444,9897
0.462207297,9896
0.46221206,9895
0.462216287,9894
0.462220838,9893
0.462230311,9892
0.462267504,9891
0.462275977,9890
0.465225837,9889
0.465352873,9888
0.465363739,9887
0.465374069,9886
0.465405619,9885
0.465410259,9884
0.465414775,9883
0.465419902,9882
0.465424616,9881
0.465428987,9880
0.465441196,9879
0.46544821,9878
0.465453305,9877
0.465457513,9876
0.465462004,9875
0.465466207,9874
0.465480194,9873
0.465493051,9872
0.465500433,9871
0.465504986,9870
0.46550916,9869
0.465512872,9868
0.465517026,9867
0.465521146,9866
0.465525097,9865
0.465528875,9864
0.465532841,9863
0.465537274,9862
0.465541452,9861
0.465545691,9860
0.465586283,9859
0.465590836,9858
0.467316168,9857
0.467324173,9856
0.467329031,9855
0.467333613,9854
0.46733839,9853
0.46734259,9852
0.467346887,9851
0.467351595,9850
0.467359885,9849
0.467364632,9848
0.467369241,9847
0.467373216,9846
0.467377186,9845
0.467381239,9844
0.467385351,9843
0.467390019,9842
0.467394064,9841
0.467398573,9840
0.467404997,9839
0.467409064,9838
0.467413226,9837
0.467417581,9836
0.467422406,9835
0.467427786,9834
0.467432559,9833
0.467436183,9832
0.467440344,9831
0.467444422,9830
0.467448668,9829
0.467452812,9828
0.467456727,9827
0.467461272,9826
0.467465281,9825
0.467469279,9824
0.467473679,9823
0.467477894,9822
0.46751113,9821
0.467546533,9820
0.467551735,9819
0.467555732,9818
0.467562503,9817
0.467601732,9816
0.467606215,9815
0.467617927,9814
0.467622412,9813
0.467626669,9812
0.467631062,9811
0.467635396,9810
0.467638948,9809
0.467642639,9808
0.467646611,9807
0.467650324,9806
0.467654408,9805
0.467658331,9804
0.467662632,9803
0.467667272,9802
0.467716917,9801
0.467721576,9800
0.467726164,9799
0.467809288,9798
0.467868166,9797
0.467874711,9796
0.469590673,9795
0.469638757,9794
0.469645984,9793
0.469655892,9792
0.469719072,9791
0.469722991,9790
0.471717851,9789
0.471722818,9788
0.47179136,9787
0.471795927,9786
0.47183027,9785
0.476496287,9784
0.476503049,9783
0.476510005,9782
0.476907012,9781
0.47691204,9780
0.476915455,9779
0.476918832,9778
0.476921551,9777
0.476924851,9776
0.476927599,9775
0.476930177,9774
0.476932932,9773
0.476935698,9772
0.476938509,9771
0.47694164,9770
0.476944866,9769
0.476947433,9768
0.476950264,9767
0.476952959,9766
0.47695621,9765
0.476959158,9764
0.476962799,9763
0.476966025,9762
0.476969015,9761
0.476971601,9760
0.47697446,9759
0.476982618,9758
0.477020282,9757
0.47705664,9756
0.477061689,9755
0.477066524,9754
0.477071231,9753
0.477076329,9752
0.477083877,9751
0.477094864,9750
0.477131164,9749
0.477136172,9748
0.477141229,9747
0.477146185,9746
0.477151352,9745
0.477156133,9744
0.477160127,9743
0.477164755,9742
0.47716905,9741
0.477173233,9740
0.477177601,9739
0.477181424,9738
0.477185465,9737
0.477189463,9736
0.477193038,9735
0.477196585,9734
0.477200099,9733
0.477207301,9732
0.477212778,9731
0.477217473,9730
0.47722289,9729
0.477269316,9728
0.477272614,9727
0.47727604,9726
0.477279232,9725
0.477282129,9724
0.477285185,9723
0.477288572,9722
0.477291712,9721
0.477294528,9720
0.477297364,9719
0.477299812,9718
0.477302543,9717
0.477305939,9716
0.477310472,9715
0.477314097,9714
0.477317804,9713
0.477320881,9712
0.477324042,9711
0.477327143,9710
0.477330384,9709
0.477339595,9708
0.477343851,9707
0.477387968,9706
0.477393831,9705
0.477398957,9704
0.477403486,9703
0.477406122,9702
0.477409855,9701
0.477417171,9700
0.477420413,9699
0.477425107,9698
0.477431619,9697
0.477435338,9696
0.477438377,9695
0.477441398,9694
0.477444437,9693
0.477447513,9692
0.477452038,9691
0.477455364,9690
0.477458844,9689
0.477462123,9688
0.477465271,9687
0.477468794,9686
0.477471523,9685
0.477474389,9684
0.477477185,9683
0.477542274,9682
0.478559167,9681
0.478584894,9680
0.478588563,9679
0.478591421,9678
0.478594357,9677
0.478597257,9676
0.478600418,9675
0.478603695,9674
0.478606368,9673
0.478609693,9672
0.478617813,9671
0.478653505,9670
0.480892752,9669
0.481334407,9668
0.481345655,9667
0.481350184,9666
0.481358651,9665
0.481361941,9664
0.481365489,9663
0.481369166,9662
0.481372134,9661
0.48137542,9660
0.481379297,9659
0.48138302,9658
0.48138651,9657
0.481389674,9656
0.481392791,9655
0.481395986,9654
0.481399321,9653
0.481402591,9652
0.481406165,9651
0.481409769,9650
0.481412849,9649
0.481416009,9648
0.481418991,9647
0.481421766,9646
0.481424662,9645
0.481427803,9644
0.481431688,9643
0.481434986,9642
0.481438442,9641
0.481441234,9640
0.481444088,9639
0.481447144,9638
0.481450193,9637
0.481453852,9636
0.481457036,9635
0.481460385,9634
0.481463561,9633
0.481467091,9632
0.481470154,9631
0.481473579,9630
0.481476657,9629
0.48147993,9628
0.481483018,9627
0.481485833,9626
0.481489033,9625
0.481492464,9624
0.48149534,9623
0.481498352,9622
0.481501698,9621
0.481504951,9620
0.481507893,9619
0.481511609,9618
0.481514968,9617
0.481517876,9616
0.481524923,9615
0.481529526,9614
0.481534385,9613
0.481538651,9612
0.481542564,9611
0.481546842,9610
0.481550819,9609
0.481554162,9608
0.481557276,9607
0.481560607,9606
0.481586481,9605
0.481589834,9604
0.481593129,9603
0.481595948,9602
0.481599053,9601
0.481601764,9600
0.481604825,9599
0.481607934,9598
0.481610541,9597
0.481613578,9596
0.481616466,9595
0.481620715,9594
0.48162425,9593
0.48162745,9592
0.481630616,9591
0.481633499,9590
0.481636777,9589
0.481639595,9588
0.481642332,9587
0.481645486,9586
0.481648235,9585
0.481651041,9584
0.481653898,9583
0.481668044,9582
0.481677411,9581
0.481684207,9580
0.481693611,9579
0.481698825,9578
0.481703745,9577
0.481708615,9576
0.481713293,9575
0.481717661,9574
0.481721705,9573
0.481725516,9572
0.481729308,9571
0.481732214,9570
0.481734933,9569
0.481738253,9568
0.481741508,9567
0.481744707,9566
0.481747775,9565
0.481750507,9564
0.481753359,9563
0.481756734,9562
0.481760316,9561
0.481763376,9560
0.481766089,9559
0.481768991,9558
0.481771809,9557
0.481774307,9556
0.481777596,9555
0.481780551,9554
0.481783115,9553
0.481786144,9552
0.481788959,9551
0.481791631,9550
0.481794825,9549
0.481797655,9548
0.481800446,9547
0.481803434,9546
0.48180629,9545
0.481840964,9544
0.481845685,9543
0.481849665,9542
0.481853865,9541
0.481859917,9540
0.481863007,9539
0.481865926,9538
0.481868681,9537
0.481872924,9536
0.481876106,9535
0.481879935,9534
0.481883185,9533
0.481886256,9532
0.481889063,9531
0.481892101,9530
0.481895101,9529
0.481897964,9528
0.481906191,9527
0.481909044,9526
0.481911974,9525
0.481919028,9524
0.481923137,9523
0.481925937,9522
0.481928788,9521
0.481931719,9520
0.481934452,9519
0.481941662,9518
0.488562388,9517
0.48859893,9516
0.488647954,9515
0.488686876,9514
0.488713696,9513
0.488720463,9512
0.488729269,9511
0.48873616,9510
0.488770142,9509
0.488774425,9508
0.488781751,9507
0.488785684,9506
0.488789687,9505
0.488793094,9504
0.488796676,9503
0.488799942,9502
0.488803656,9501
0.488806602,9500
0.488810208,9499
0.488812936,9498
0.488815837,9497
0.488819481,9496
0.488856679,9495
0.488865844,9494
0.488869274,9493
0.488872864,9492
0.488880694,9491
0.488884083,9490
0.488891148,9489
0.488896398,9488
0.488899479,9487
0.488902139,9486
0.488904694,9485
0.48890739,9484
0.488910328,9483
0.48891286,9482
0.488915561,9481
0.488943232,9480
0.488947173,9479
0.488951824,9478
0.488962105,9477
0.488966504,9476
0.488969837,9475
0.488972591,9474
0.488976042,9473
0.488978692,9472
0.488981307,9471
0.488983972,9470
0.488986477,9469
0.488989041,9468
0.488991883,9467
0.488994277,9466
0.488997004,9465
0.488999739,9464
0.489002508,9463
0.489004711,9462
0.489007256,9461
0.489009795,9460
0.489012026,9459
0.489014963,9458
0.489018548,9457
0.489021913,9456
0.489024852,9455
0.489027645,9454
0.489030628,9453
0.489033273,9452
0.489037879,9451
0.489041763,9450
0.489045165,9449
0.489051089,9448
0.489054993,9447
0.489058594,9446
0.489099876,9445
0.489108449,9444
0.489114218,9443
0.489118192,9442
0.489121646,9441
0.489125369,9440
0.489129092,9439
0.489132072,9438
0.489134955,9437
0.48913843,9436
0.48914198,9435
0.489144662,9434
0.489148016,9433
0.489151349,9432
0.489154096,9431
0.489156971,9430
0.489159506,9429
0.489162046,9428
0.489164806,9427
0.489169424,9426
0.489172284,9425
0.489175164,9424
0.48917787,9423
0.489180895,9422
0.489183649,9421
0.489185953,9420
0.489188369,9419
0.489190724,9418
0.489193279,9417
0.489195356,9416
0.48919745,9415
0.489199629,9414
0.489202631,9413
0.489205316,9412
0.489207992,9411
0.489210755,9410
0.489213343,9409
0.489215802,9408
0.489218458,9407
0.48922134,9406
0.489224147,9405
0.489227001,9404
0.489229566,9403
0.489232059,9402
0.489234528,9401
0.48923732,9400
0.489239647,9399
0.48924218,9398
0.489244605,9397
0.489247446,9396
0.489250193,9395
0.489252713,9394
0.489254866,9393
0.489257819,9392
0.489260381,9391
0.489262907,9390
0.489265656,9389
0.489268351,9388
0.489270702,9387
0.48927349,9386
0.48927619,9385
0.489279085,9384
0.489282287,9383
0.489285574,9382
0.489288229,9381
0.489290947,9380
0.489294311,9379
0.489297418,9378
0.489299869,9377
0.489302549,9376
0.489305017,9375
0.489307103,9374
0.489309487,9373
0.489311955,9372
0.489314193,9371
0.489318132,9370
0.489321158,9369
0.489324565,9368
0.489327957,9367
0.489331068,9366
0.489333988,9365
0.489337838,9364
0.489341094,9363
0.489344106,9362
0.489347211,9361
0.489350517,9360
0.489353709,9359
0.489357029,9358
0.489360023,9357
0.489363135,9356
0.489366081,9355
0.489368985,9354
0.489371716,9353
0.489374726,9352
0.489378449,9351
0.489381801,9350
0.489384931,9349
0.489388013,9348
0.48939084,9347
0.48939385,9346
0.489396842,9345
0.489399722,9344
0.489402566,9343
0.489405369,9342
0.489408127,9341
0.489410656,9340
0.489413767,9339
0.489416523,9338
0.489419765,9337
0.489422215,9336
0.489424891,9335
0.489428182,9334
0.489431259,9333
0.489434327,9332
0.48943717,9331
0.489440505,9330
0.489443496,9329
0.489445823,9328
0.48944845,9327
0.489451113,9326
0.489454036,9325
0.489457185,9324
0.489459667,9323
0.489462226,9322
0.489464416,9321
0.489466376,9320
0.489468837,9319
0.489472773,9318
0.48947616,9317
0.489479599,9316
0.489482998,9315
0.489486276,9314
0.489489589,9313
0.489492407,9312
0.489495214,9311
0.489498218,9310
0.489501353,9309
0.489504249,9308
0.489506939,9307
0.489510569,9306
0.489513642,9305
0.489516202,9304
0.489519018,9303
0.489521593,9302
0.489525624,9301
0.4895288,9300
0.489531674,9299
0.489534925,9298
0.489537746,9297
0.48954082,9296
0.489543536,9295
0.489546114,9294
0.48958415,9293
0.489588786,9292
0.489592635,9291
0.489595872,9290
0.489599007,9289
0.489603299,9288
0.489607392,9287
0.489673656,9286
0.489684208,9285
0.489695938,9284
0.489705368,9283
0.489708832,9282
0.489712367,9281
0.48971542,9280
0.489718175,9279
0.489720726,9278
0.489723033,9277
0.489725501,9276
0.489727958,9275
0.489730352,9274
0.489732716,9273
0.489736405,9272
0.489740062,9271
0.489742866,9270
0.489746143,9269
0.489749312,9268
0.489752643,9267
0.489755736,9266
0.489759147,9265
0.489761943,9264
0.489765077,9263
0.489767967,9262
0.48977104,9261
0.489774088,9260
0.489777087,9259
0.489780474,9258
0.489783473,9257
0.489786635,9256
0.489789888,9255
0.489792688,9254
0.489795435,9253
0.489798432,9252
0.489801643,9251
0.489811751,9250
0.489815004,9249
0.489817826,9248
0.489820685,9247
0.489823367,9246
0.489826182,9245
0.489829106,9244
0.489831994,9243
0.489835554,9242
0.489838328,9241
0.489841354,9240
0.489843921,9239
0.489846493,9238
0.489849012,9237
0.489851551,9236
0.489854008,9235
0.489856535,9234
0.489858973,9233
0.489862099,9232
0.489865304,9231
0.489868141,9230
0.489870748,9229
0.489873965,9228
0.489876831,9227
0.489879753,9226
0.489882584,9225
0.489885536,9224
0.489888496,9223
0.489891672,9222
0.489894573,9221
0.489897573,9220
0.489900442,9219
0.489903014,9218
0.489905957,9217
0.489908607,9216
0.489911052,9215
0.489913405,9214
0.489915758,9213
0.489918329,9212
0.489920745,9211
0.489923529,9210
0.489926215,9209
0.489929105,9208
0.48993186,9207
0.489934687,9206
0.489939422,9205
0.489943401,9204
0.489946701,9203
0.489949841,9202
0.489961433,9201
0.489964475,9200
0.489968037,9199
0.489971405,9198
0.489974735,9197
0.489977407,9196
0.489980729,9195
0.489984172,9194
0.489987464,9193
0.489990723,9192
0.48999371,9191
0.489997493,9190
0.490000713,9189
0.490004072,9188
0.49000715,9187
0.490010364,9186
0.490013644,9185
0.490016299,9184
0.490018984,9183
0.490021689,9182
0.490024398,9181
0.490027068,9180
0.490029882,9179
0.490032527,9178
0.490035184,9177
0.490037732,9176
0.490040708,9175
0.490043272,9174
0.490045833,9173
0.490048401,9172
0.490051112,9171
0.490053798,9170
0.490056762,9169
0.490060081,9168
0.490063092,9167
0.49006608,9166
0.490069153,9165
0.490071922,9164
0.490074894,9163
0.490077704,9162
0.490080358,9161
0.490082995,9160
0.490085795,9159
0.490090937,9158
0.490095273,9157
0.490099067,9156
0.490102308,9155
0.490105031,9154
0.490108052,9153
0.490120173,9152
0.490126573,9151
0.490130405,9150
0.490134813,9149
0.490138497,9148
0.490142009,9147
0.490145878,9146
0.490149796,9145
0.490153649,9144
0.490157771,9143
0.490161699,9142
0.490165188,9141
0.490169179,9140
0.490172923,9139
0.490176032,9138
0.490180614,9137
0.490183923,9136
0.490186673,9135
0.490189517,9134
0.490191654,9133
0.490193955,9132
0.490196519,9131
0.490198687,9130
0.490203011,9129
0.49020592,9128
0.490208681,9127
0.490211575,9126
0.490214697,9125
0.490217491,9124
0.490219909,9123
0.490222533,9122
0.490225306,9121
0.49022788,9120
0.490230523,9119
0.490232925,9118
0.49023617,9117
0.49023889,9116
0.490241953,9115
0.490244599,9114
0.490247476,9113
0.490250285,9112
0.490253213,9111
0.490255969,9110
0.490259235,9109
0.49026163,9108
0.490264209,9107
0.490266634,9106
0.490269903,9105
0.490272739,9104
0.490275482,9103
0.490278113,9102
0.490280721,9101
0.490283027,9100
0.490285403,9099
0.490287875,9098
0.490290264,9097
0.490292684,9096
0.490294854,9095
0.490297594,9094
0.490300192,9093
0.490302901,9092
0.49030672,9091
0.490309706,9090
0.490312651,9089
0.490316563,9088
0.490319573,9087
0.490322207,9086
0.490325113,9085
0.490337684,9084
0.490341123,9083
0.490363434,9082
0.490367802,9081
0.490371321,9080
0.490374842,9079
0.490377635,9078
0.490380307,9077
0.490382759,9076
0.490385748,9075
0.490388542,9074
0.490392835,9073
0.490395707,9072
0.49039826,9071
0.490401035,9070
0.490403672,9069
0.490406265,9068
0.490409271,9067
0.490411665,9066
0.490414496,9065
0.490417119,9064
0.490419929,9063
0.490422549,9062
0.490425209,9061
0.490428068,9060
0.490431004,9059
0.490433949,9058
0.490436736,9057
0.490439479,9056
0.490442191,9055
0.490444805,9054
0.490447988,9053
0.490450703,9052
0.490453805,9051
0.490456643,9050
0.490459517,9049
0.490462309,9048
0.490465872,9047
0.490468787,9046
0.490471516,9045
0.490474522,9044
0.49047767,9043
0.490480295,9042
0.490483183,9041
0.490486688,9040
0.490490111,9039
0.490493567,9038
0.490496636,9037
0.49049979,9036
0.490503249,9035
0.490506492,9034
0.49050957,9033
0.490512286,9032
0.490515185,9031
0.490518012,9030
0.49052116,9029
0.490524213,9028
0.49052677,9027
0.490559921,9026
0.490563168,9025
0.490566121,9024
0.490568584,9023
0.490571366,9022
0.490574611,9021
0.490577452,9020
0.49058031,9019
0.490582981,9018
0.490585586,9017
0.490588136,9016
0.490591162,9015
0.490595352,9014
0.490598436,9013
0.490601301,9012
0.490603554,9011
0.490606584,9010
0.490609144,9009
0.490612527,9008
0.490617987,9007
0.490621776,9006
0.490624663,9005
0.500556277,9004
0.500568181,9003
0.500581051,9002
0.50059317,9001
0.50063018,9000
0.500633226,8999
0.500636389,8998
0.500639068,8997
0.500642066,8996
0.500644819,8995
0.50064752,8994
0.500650306,8993
0.500685385,8992
0.500688505,8991
0.500691347,8990
0.500694938,8989
0.500697986,8988
0.500700544,8987
0.500703861,8986
0.500706579,8985
0.500709139,8984
0.500711742,8983
0.500748987,8982
0.500752588,8981
0.50075633,8980
0.500759737,8979
0.500763156,8978
0.500766761,8977
0.500769904,8976
0.500773259,8975
0.500776606,8974
0.500779865,8973
0.500783466,8972
0.500786761,8971
0.50078976,8970
0.5007931,8969
0.500796128,8968
0.500799428,8967
0.500802999,8966
0.500806,8965
0.500809268,8964
0.5008124,8963
0.500815933,8962
0.500819098,8961
0.500822976,8960
0.500825851,8959
0.500828577,8958
0.50083196,8957
0.500835065,8956
0.500838147,8955
0.500841295,8954
0.500844284,8953
0.500848089,8952
0.500851028,8951
0.500854262,8950
0.500857647,8949
0.500865801,8948
0.500869332,8947
0.50087232,8946
0.500875371,8945
0.500878495,8944
0.500882032,8943
0.500893432,8942
0.500897302,8941
0.50090028,8940
0.500903247,8939
0.500906283,8938
0.500909321,8937
0.500911963,8936
0.500914583,8935
0.501186789,8934
0.501226982,8933
0.501230769,8932
0.501235067,8931
0.501238245,8930
0.50124159,8929
0.501244876,8928
0.501248344,8927
0.501251898,8926
0.501255112,8925
0.501258489,8924
0.501262054,8923
0.501265276,8922
0.501268377,8921
0.501272068,8920
0.501275063,8919
0.501278507,8918
0.501313892,8917
0.501324882,8916
0.501329247,8915
0.50133248,8914
0.501335733,8913
0.50133922,8912
0.501341974,8911
0.501344532,8910
0.501347071,8909
0.501349842,8908
0.50135255,8907
0.501355122,8906
0.50135768,8905
0.501359783,8904
0.501362719,8903
0.501367305,8902
0.501370055,8901
0.501373283,8900
0.501376091,8899
0.501379497,8898
0.501382231,8897
0.501385091,8896
0.50138819,8895
0.5013911,8894
0.501394211,8893
0.501397685,8892
0.501400842,8891
0.5014041,8890
0.501407475,8889
0.501410142,8888
0.501413015,8887
0.501415912,8886
0.501418265,8885
0.501420765,8884
0.50142314,8883
0.501425602,8882
0.501427816,8881
0.501431095,8880
0.501433773,8879
0.501436233,8878
0.501439148,8877
0.501441343,8876
0.5014443,8875
0.501446793,8874
0.501449477,8873
0.501453548,8872
0.501456668,8871
0.501459212,8870
0.501461632,8869
0.501464252,8868
0.501467641,8867
0.501471219,8866
0.501474094,8865
0.501477071,8864
0.501480122,8863
0.501483107,8862
0.501485892,8861
0.50148901,8860
0.501492026,8859
0.501494789,8858
0.501498002,8857
0.501500911,8856
0.501503742,8855
0.501506757,8854
0.501509377,8853
0.501512054,8852
0.501514519,8851
0.501516964,8850
0.501519372,8849
0.50152202,8848
0.501524546,8847
0.501526925,8846
0.501529567,8845
0.501531889,8844
0.501534337,8843
0.501536479,8842
0.50153931,8841
0.501541829,8840
0.501544464,8839
0.501547273,8838
0.501549913,8837
0.501552211,8836
0.501563239,8835
0.501566441,8834
0.501571905,8833
0.501575311,8832
0.501578154,8831
0.501580547,8830
0.501584109,8829
0.501587426,8828
0.50159025,8827
0.50159307,8826
0.501595629,8825
0.501598278,8824
0.50160086,8823
0.50160362,8822
0.501606072,8821
0.501608644,8820
0.501611258,8819
0.501614057,8818
0.501616668,8817
0.501620697,8816
0.501623586,8815
0.501626065,8814
0.50162911,8813
0.501631986,8812
0.501634819,8811
0.501637647,8810
0.501640252,8809
0.501642866,8808
0.501645729,8807
0.501648388,8806
0.501651303,8805
0.501653969,8804
0.501656444,8803
0.501658925,8802
0.501661433,8801
0.501664009,8800
0.501666672,8799
0.501669577,8798
0.501672406,8797
0.501674874,8796
0.501677251,8795
0.501679866,8794
0.501684496,8793
0.501693892,8792
0.501698426,8791
0.501701513,8790
0.501704535,8789
0.501707919,8788
0.501711628,8787
0.501714334,8786
0.501717264,8785
0.501720493,8784
0.501723114,8783
0.501726011,8782
0.501729023,8781
0.501731855,8780
0.501734728,8779
0.501737552,8778
0.501753299,8777
0.501756779,8776
0.50176026,8775
0.50176347,8774
0.501769858,8773
0.501774534,8772
0.501777435,8771
0.501779992,8770
0.501786028,8769
0.501789139,8768
0.501792041,8767
0.501794978,8766
0.501797744,8765
0.501800401,8764
0.50180294,8763
0.501805813,8762
0.501810264,8761
0.501813422,8760
0.501816729,8759
0.501819773,8758
0.501822496,8757
0.501825257,8756
0.501828017,8755
0.501830534,8754
0.501833455,8753
0.501835883,8752
0.501838516,8751
0.501841394,8750
0.501844907,8749
0.501847741,8748
0.501850825,8747
0.501853407,8746
0.50185611,8745
0.501858648,8744
0.501861213,8743
0.50186364,8742
0.501867267,8741
0.501870472,8740
0.501872939,8739
0.501875902,8738
0.501878696,8737
0.501881278,8736
0.501883879,8735
0.50188639,8734
0.501888826,8733
0.501891636,8732
0.501894107,8731
0.5018969,8730
0.502620464,8729
0.502626593,8728
0.502630031,8727
0.502634214,8726
0.502638984,8725
0.502642726,8724
0.502646034,8723
0.502650748,8722
0.502849751,8721
0.502885009,8720
0.502888623,8719
0.502892534,8718
0.502896124,8717
0.502900235,8716
0.502905226,8715
0.502908036,8714
0.502910945,8713
0.502913964,8712
0.502917159,8711
0.502922698,8710
0.502925747,8709
0.502928932,8708
0.502931954,8707
0.50293683,8706
0.502940183,8705
0.502945789,8704
0.502948844,8703
0.5029518,8702
0.50295458,8701
0.502958024,8700
0.502962815,8699
0.502965947,8698
0.502969042,8697
0.502972419,8696
0.502976065,8695
0.502979435,8694
0.502983129,8693
0.5029861,8692
0.502989086,8691
0.502992029,8690
0.502994691,8689
0.502997649,8688
0.503001103,8687
0.503005204,8686
0.503286899,8685
0.503526165,8684
0.503599445,8683
0.50463909,8682
0.504649806,8681
0.504653513,8680
0.504657095,8679
0.504660189,8678
0.50466351,8677
0.504668042,8676
0.504671259,8675
0.504680691,8674
0.504685843,8673
0.504689321,8672
0.50469262,8671
0.504695874,8670
0.504699336,8669
0.504703051,8668
0.504706514,8667
0.50470988,8666
0.504713171,8665
0.504716548,8664
0.504728606,8663
0.504732137,8662
0.504736836,8661
0.504739956,8660
0.504743382,8659
0.50474618,8658
0.504751829,8657
0.504756274,8656
0.504760051,8655
0.504764834,8654
0.504767922,8653
0.50477121,8652
0.504774291,8651
0.504777507,8650
0.504780729,8649
0.504783808,8648
0.504786763,8647
0.504791469,8646
0.504794496,8645
0.504797293,8644
0.504800269,8643
0.504803254,8642
0.504805662,8641
0.504813922,8640
0.50482573,8639
0.504829031,8638
0.504832245,8637
0.50483529,8636
0.504838019,8635
0.504840796,8634
0.5048436,8633
0.50484658,8632
0.504849718,8631
0.504852977,8630
0.504856332,8629
0.504859562,8628
0.504862939,8627
0.504866606,8626
0.504869533,8625
0.504872958,8624
0.504875795,8623
0.504880309,8622
0.504882418,8621
0.504893875,8620
0.504899186,8619
0.504904553,8618
0.504907933,8617
0.504911222,8616
0.504914721,8615
0.504918074,8614
0.504921808,8613
0.50492506,8612
0.504929433,8611
0.504933462,8610
0.504936162,8609
0.504949277,8608
0.504956634,8607
0.504960714,8606
0.50496422,8605
0.50496829,8604
0.504972481,8603
0.504976266,8602
0.504986655,8601
0.504995659,8600
0.505001376,8599
0.505006055,8598
0.505009704,8597
0.505021604,8596
0.505024934,8595
0.505028889,8594
0.505031919,8593
0.505036395,8592
0.505041721,8591
0.505044892,8590
0.505048247,8589
0.505051456,8588
0.505055883,8587
0.505060427,8586
0.50506362,8585
0.505066792,8584
0.505070138,8583
0.505073184,8582
0.505077311,8581
0.505081157,8580
0.505084579,8579
0.505127799,8578
0.505205881,8577
0.505288681,8576
0.50530705,8575
0.505312605,8574
0.505316884,8573
0.505321458,8572
0.505325007,8571
0.50532928,8570
0.505332646,8569
0.505342895,8568
0.50534728,8567
0.505352511,8566
0.505356428,8565
0.505359999,8564
0.505364578,8563
0.50536844,8562
0.505371861,8561
0.505375175,8560
0.505378618,8559
0.505382108,8558
0.50538537,8557
0.505388439,8556
0.505392132,8555
0.50539549,8554
0.505399229,8553
0.505402883,8552
0.505406298,8551
0.505410008,8550
0.505414324,8549
0.505417481,8548
0.505420497,8547
0.505423911,8546
0.505427544,8545
0.505430948,8544
0.505434546,8543
0.505438018,8542
0.505442043,8541
0.50544704,8540
0.505450364,8539
0.505454174,8538
0.505457681,8537
0.50546122,8536
0.505464272,8535
0.505467845,8534
0.505470808,8533
0.505473582,8532
0.505476956,8531
0.505480291,8530
0.50548364,8529
0.505486801,8528
0.505490005,8527
0.505495097,8526
0.505528,8525
0.505531282,8524
0.505534936,8523
0.505538872,8522
0.505542302,8521
0.505557432,8520
0.505569941,8519
0.505574175,8518
0.505579027,8517
0.505583305,8516
0.505587244,8515
0.50559095,8514
0.505594444,8513
0.505598675,8512
0.505602235,8511
0.505605854,8510
0.505610164,8509
0.505614582,8508
0.505626487,8507
0.505630746,8506
0.505634199,8505
0.50563762,8504
0.505640487,8503
0.505643536,8502
0.505646483,8501
0.50564925,8500
0.505652202,8499
0.505656977,8498
0.505659852,8497
0.505662627,8496
0.505665382,8495
0.505670843,8494
0.505673759,8493
0.505676646,8492
0.505679421,8491
0.50569039,8490
0.505693855,8489
0.505697056,8488
0.505700278,8487
0.505714181,8486
0.505718505,8485
0.505722277,8484
0.505725682,8483
0.505729543,8482
0.505732806,8481
0.505736126,8480
0.505739222,8479
0.505742371,8478
0.505746885,8477
0.505750542,8476
0.505753607,8475
0.505756645,8474
0.505759936,8473
0.50576329,8472
0.505766515,8471
0.50576943,8470
0.505773562,8469
0.505776763,8468
0.505780054,8467
0.505782987,8466
0.505786183,8465
0.505792588,8464
0.505795572,8463
0.505798693,8462
0.505803179,8461
0.505808543,8460
0.50581175,8459
0.505814892,8458
0.505819802,8457
0.50582313,8456
0.505826235,8455
0.505829755,8454
0.50583337,8453
0.505838543,8452
0.505841585,8451
0.50584484,8450
0.505848461,8449
0.505852237,8448
0.505855852,8447
0.505869507,8446
0.505874388,8445
0.505879329,8444
0.505882913,8443
0.505886587,8442
0.505890253,8441
0.505899657,8440
0.505902917,8439
0.505905914,8438
0.505909654,8437
0.50591277,8436
0.505915742,8435
0.505918843,8434
0.505925311,8433
0.505930511,8432
0.505935608,8431
0.50593894,8430
0.505943025,8429
0.505946225,8428
0.505950057,8427
0.505954105,8426
0.505957278,8425
0.505959861,8424
0.505962862,8423
0.50596607,8422
0.505969351,8421
0.505972915,8420
0.505976277,8419
0.505979816,8418
0.50599034,8417
0.506000082,8416
0.506004466,8415
0.506008783,8414
0.506012797,8413
0.506016952,8412
0.506021112,8411
0.506024499,8410
0.506027785,8409
0.50603096,8408
0.506034487,8407
0.506037934,8406
0.506043422,8405
0.506047228,8404
0.506051094,8403
0.506054478,8402
0.506057581,8401
0.506062187,8400
0.506068214,8399
0.506072375,8398
0.506075892,8397
0.506079394,8396
0.506083867,8395
0.50608785,8394
0.506091318,8393
0.506094486,8392
0.506097711,8391
0.506102152,8390
0.506105459,8389
0.506109789,8388
0.506113587,8387
0.506118175,8386
0.506122828,8385
0.50612652,8384
0.506130765,8383
0.506135458,8382
0.5061392,8381
0.506142154,8380
0.506145288,8379
0.506149234,8378
0.50615252,8377
0.506155627,8376
0.506159216,8375
0.506163628,8374
0.506166704,8373
0.506171183,8372
0.506174383,8371
0.506177475,8370
0.506180771,8369
0.506185249,8368
0.506188587,8367
0.506193683,8366
0.506196769,8365
0.506200117,8364
0.506203442,8363
0.50620693,8362
0.506209764,8361
0.506213381,8360
0.506216471,8359
0.506220066,8358
0.506225521,8357
0.506229092,8356
0.506233061,8355
0.506236833,8354
0.506240591,8353
0.506245486,8352
0.506248864,8351
0.506251863,8350
0.506254997,8349
0.506259333,8348
0.506262533,8347
0.506265181,8346
0.50627066,8345
0.506273741,8344
0.506277927,8343
0.506509125,8342
0.506544199,8341
0.506548942,8340
0.506553978,8339
0.506557429,8338
0.506560675,8337
0.506563916,8336
0.506567059,8335
0.506571984,8334
0.506576251,8333
0.506579844,8332
0.506582707,8331
0.50658731,8330
0.506590472,8329
0.506605401,8328
0.506609615,8327
0.506613353,8326
0.506616829,8325
0.506620031,8324
0.506623047,8323
0.506626444,8322
0.506629644,8321
0.506633089,8320
0.506638795,8319
0.50664226,8318
0.506646841,8317
0.506650672,8316
0.50665334,8315
0.506656573,8314
0.506659805,8313
0.506668236,8312
0.506671202,8311
0.506675202,8310
0.506679905,8309
0.506683052,8308
0.506685949,8307
0.506693475,8306
0.506696513,8305
0.506699852,8304
0.506703523,8303
0.506706729,8302
0.506709933,8301
0.506713193,8300
0.506716559,8299
0.506719787,8298
0.506723231,8297
0.506726541,8296
0.50704603,8295
0.507050633,8294
0.507055096,8293
0.507059347,8292
0.507066358,8291
0.507069835,8290
0.508243053,8289
0.508250083,8288
0.508266084,8287
0.508284092,8286
0.508288274,8285
0.508293485,8284
0.50829949,8283
0.508315289,8282
0.50833638,8281
0.508341235,8280
0.508346852,8279
0.50835119,8278
0.508365223,8277
0.508373796,8276
0.508380563,8275
0.508385833,8274
0.508395965,8273
0.50839966,8272
0.508403525,8271
0.50840686,8270
0.508412415,8269
0.508421798,8268
0.508425823,8267
0.508430042,8266
0.508440498,8265
0.508445966,8264
0.508450571,8263
0.508454727,8262
0.508458999,8261
0.508465952,8260
0.508472817,8259
0.508479152,8258
0.508500764,8257
0.508508866,8256
0.508512473,8255
0.508517535,8254
0.508523171,8253
0.508528503,8252
0.50853251,8251
0.508539767,8250
0.508585858,8249
0.508590159,8248
0.508593397,8247
0.508597176,8246
0.508605715,8245
0.50861541,8244
0.508624771,8243
0.508636356,8242
0.508650263,8241
0.508658738,8240
0.508662193,8239
0.508665605,8238
0.508668875,8237
0.508674288,8236
0.508679008,8235
0.508683154,8234
0.508692327,8233
0.508695323,8232
0.508698679,8231
0.508701965,8230
0.5087052,8229
0.508711502,8228
0.508725059,8227
0.508848424,8226
0.508864383,8225
0.508870082,8224
0.508887977,8223
0.508891734,8222
0.50889667,8221
0.508911178,8220
0.508915099,8219
0.508921866,8218
0.508940036,8217
0.50894372,8216
0.508949144,8215
0.508962288,8214
0.509261574,8213
0.509295254,8212
0.50929868,8211
0.509306111,8210
0.509313656,8209
0.509319173,8208
0.509323779,8207
0.509327308,8206
0.509330746,8205
0.509335947,8204
0.509339382,8203
0.50934623,8202
0.509349651,8201
0.509353317,8200
0.50935728,8199
0.509361808,8198
0.509366727,8197
0.509375697,8196
0.509379043,8195
0.50938288,8194
0.509386581,8193
0.509393495,8192
0.509396926,8191
0.509401385,8190
0.509415033,8189
0.509418292,8188
0.509431484,8187
0.509435298,8186
0.509438584,8185
0.509446497,8184
0.509450525,8183
0.509453565,8182
0.50946835,8181
0.509475519,8180
0.509512855,8179
0.50952026,8178
0.50952572,8177
0.509531618,8176
0.509537517,8175
0.509543621,8174
0.509550471,8173
0.509554338,8172
0.509563125,8171
0.509568362,8170
0.509576246,8169
0.509581116,8168
0.50958536,8167
0.50959564,8166
0.509612029,8165
0.509615663,8164
0.509620504,8163
0.509634039,8162
0.5096467,8161
0.509651354,8160
0.509654977,8159
0.509658347,8158
0.509668813,8157
0.509673836,8156
0.509677156,8155
0.509683653,8154
0.509689498,8153
0.509693888,8152
0.509698342,8151
0.509702905,8150
0.509710064,8149
0.509722979,8148
0.509728575,8147
0.509732887,8146
0.509749855,8145
0.509753688,8144
0.509761109,8143
0.509802281,8142
0.509809074,8141
0.509846752,8140
0.509867139,8139
0.509926829,8138
0.509939344,8137
0.509946259,8136
0.510030541,8135
0.51003455,8134
0.510050002,8133
0.510056327,8132
0.51006186,8131
0.510069168,8130
0.510089526,8129
0.510102585,8128
0.510107644,8127
0.510119552,8126
0.510125646,8125
0.510132747,8124
0.510138733,8123
0.510141979,8122
0.510173464,8121
0.510178001,8120
0.510181748,8119
0.510194218,8118
0.510207654,8117
0.51091036,8116
0.511597161,8115
0.511719378,8114
0.511968273,8113
0.512052182,8112
0.512281716,8111
0.512354657,8110
0.512385323,8109
0.512530455,8108
0.512608311,8107
0.513807625,8106
0.513846204,8105
0.513850508,8104
0.513860759,8103
0.513898631,8102
0.513905316,8101
0.513909604,8100
0.513914606,8099
0.513918839,8098
0.513924612,8097
0.513933055,8096
0.513936698,8095
0.51395018,8094
0.513962813,8093
0.514022895,8092
0.514107455,8091
0.514123192,8090
0.514129032,8089
0.514133992,8088
0.514141251,8087
0.514148625,8086
0.514154934,8085
0.514159578,8084
0.514164017,8083
0.514171044,8082
0.514180237,8081
0.514218295,8080
0.514261329,8079
0.514304844,8078
0.514308056,8077
0.514375936,8076
0.514416526,8075
0.514424652,8074
0.514434532,8073
0.514530331,8072
0.514543511,8071
0.514547432,8070
0.514565459,8069
0.5145693,8068
0.514573835,8067
0.514577702,8066
0.514584325,8065
0.514589222,8064
0.514593047,8063
0.514604336,8062
0.514612584,8061
0.514617117,8060
0.514631549,8059
0.514642949,8058
0.514659462,8057
0.514666388,8056
0.514671205,8055
0.514677597,8054
0.514680588,8053
0.51468356,8052
0.514702588,8051
0.514715132,8050
0.514718718,8049
0.514724135,8048
0.514738195,8047
0.514744485,8046
0.514749272,8045
0.514754956,8044
0.514758593,8043
0.514766293,8042
0.514771553,8041
0.514777169,8040
0.514783276,8039
0.51479108,8038
0.514805874,8037
0.514811275,8036
0.51481676,8035
0.514833872,8034
0.514836926,8033
0.514842641,8032
0.514854536,8031
0.514858154,8030
0.514862332,8029
0.514871199,8028
0.514874687,8027
0.51487864,8026
0.514883132,8025
0.514897345,8024
0.514923997,8023
0.51493329,8022
0.514940683,8021
0.514955866,8020
0.514965347,8019
0.514971589,8018
0.514978246,8017
0.51499356,8016
0.514996906,8015
0.515001128,8014
0.515016062,8013
0.515028818,8012
0.515036978,8011
0.515044086,8010
0.515050008,8009
0.515066832,8008
0.515078224,8007
0.515111163,8006
0.515146498,8005
0.515153659,8004
0.515164753,8003
0.515169543,8002
0.515178188,8001
0.515240028,8000
0.515271745,7999
0.515283883,7998
0.515289135,7997
0.515325057,7996
0.515328905,7995
0.51533274,7994
0.515341181,7993
0.515365195,7992
0.515425804,7991
0.515469814,7990
0.515483326,7989
0.515496038,7988
0.515539158,7987
0.51558874,7986
0.515593182,7985
0.515596846,7984
0.515600794,7983
0.51561186,7982
0.515620893,7981
0.515631933,7980
0.515635511,7979
0.515651307,7978
0.515659714,7977
0.515665683,7976
0.515673799,7975
0.515702669,7974
0.515738271,7973
0.515756404,7972
0.515762239,7971
0.515819963,7970
0.515824702,7969
0.515868391,7968
0.515889242,7967
0.515895115,7966
0.515900425,7965
0.515910843,7964
0.515960118,7963
0.515965179,7962
0.516010341,7961
0.516045827,7960
0.51605822,7959
0.516066689,7958
0.51610736,7957
0.516155955,7956
0.516189574,7955
0.516193739,7954
0.516248688,7953
0.516252654,7952
0.516257259,7951
0.516301579,7950
0.516321751,7949
0.516359552,7948
0.516408236,7947
0.516426618,7946
0.516437643,7945
0.516478759,7944
0.516530339,7943
0.516545335,7942
0.516567039,7941
0.516575074,7940
0.516616176,7939
0.516632495,7938
0.516691431,7937
0.516704248,7936
0.516728139,7935
0.516741837,7934
0.516749711,7933
0.516753767,7932
0.516786635,7931
0.516790356,7930
0.516812562,7929
0.516824213,7928
0.516832593,7927
0.516842897,7926
0.516858516,7925
0.516908796,7924
0.516929095,7923
0.516934856,7922
0.516966883,7921
0.51700006,7920
0.517018425,7919
0.517041732,7918
0.517049197,7917
0.517121707,7916
0.517128552,7915
0.517155944,7914
0.51716649,7913
0.517171686,7912
0.517183906,7911
0.51719038,7910
0.517204943,7909
0.517283425,7908
0.517313533,7907
0.517764102,7906
0.517770903,7905
0.517775307,7904
0.517781802,7903
0.517786084,7902
0.517795216,7901
0.517800044,7900
0.517805956,7899
0.517848161,7898
0.517882449,7897
0.517933831,7896
0.517938681,7895
0.517980868,7894
0.517990494,7893
0.517995534,7892
0.518031322,7891
0.518055142,7890
0.518061575,7889
0.518073975,7888
0.518121907,7887
0.51812913,7886
0.518137743,7885
0.518148783,7884
0.518152487,7883
0.51815819,7882
0.518161747,7881
0.518170612,7880
0.518175555,7879
0.518180065,7878
0.5181837,7877
0.518190466,7876
0.518194129,7875
0.518197573,7874
0.518203766,7873
0.518214483,7872
0.518221308,7871
0.518226696,7870
0.518231472,7869
0.518236301,7868
0.518253849,7867
0.518258676,7866
0.518275516,7865
0.518295691,7864
0.518306187,7863
0.51830946,7862
0.518312616,7861
0.518341623,7860
0.518352088,7859
0.51835798,7858
0.518395732,7857
0.518409676,7856
0.518417047,7855
0.518431978,7854
0.518563559,7853
0.518569236,7852
0.518590654,7851
0.518689682,7850
0.518708063,7849
0.518744146,7848
0.519081849,7847
0.519239363,7846
0.519753681,7845
0.51979941,7844
0.519806287,7843
0.519839477,7842
0.519845004,7841
0.519851179,7840
0.519875298,7839
0.519917979,7838
0.519953479,7837
0.519968064,7836
0.519972258,7835
0.520003991,7834
0.520009729,7833
0.520022083,7832
0.520027437,7831
0.520066121,7830
0.520070355,7829
0.520075997,7828
0.520081195,7827
0.520087149,7826
0.520091486,7825
0.520096098,7824
0.520100543,7823
0.520108342,7822
0.520113343,7821
0.520119849,7820
0.52015828,7819
0.520178747,7818
0.52018577,7817
0.520220079,7816
0.520225856,7815
0.520231869,7814
0.520237288,7813
0.520270231,7812
0.520277135,7811
0.520325857,7810
0.520361762,7809
0.520365839,7808
0.520371411,7807
0.52037588,7806
0.520420924,7805
0.520457207,7804
0.520475824,7803
0.520480523,7802
0.520485728,7801
0.520495281,7800
0.520499345,7799
0.520535192,7798
0.520913787,7797
0.520950564,7796
0.520979248,7795
0.520987439,7794
0.520991216,7793
0.520997831,7792
0.5210183,7791
0.521028045,7790
0.521038527,7789
0.521043137,7788
0.521077893,7787
0.521096136,7786
0.521156813,7785
0.521182043,7784
0.521192552,7783
0.521227477,7782
0.521284199,7781
0.521306603,7780
0.52131099,7779
0.521318401,7778
0.521322604,7777
0.521357996,7776
0.521363031,7775
0.521395723,7774
0.521402305,7773
0.521408125,7772
0.521417834,7771
0.521438339,7770
0.521470494,7769
0.521479047,7768
0.521522765,7767
0.521534101,7766
0.521541647,7765
0.521544585,7764
0.521549516,7763
0.521557209,7762
0.521611464,7761
0.521685198,7760
0.521689571,7759
0.521766664,7758
0.521771094,7757
0.521778175,7756
0.521781808,7755
0.521820528,7754
0.521830168,7753
0.521869005,7752
0.521883453,7751
0.52188702,7750
0.521936464,7749
0.52194279,7748
0.521946939,7747
0.521962728,7746
0.521984373,7745
0.521989404,7744
0.522038006,7743
0.522054814,7742
0.522126601,7741
0.522135211,7740
0.523989904,7739
0.523994996,7738
0.524002403,7737
0.524007689,7736
0.524010687,7735
0.524015708,7734
0.524021486,7733
0.524083316,7732
0.524135851,7731
0.524163263,7730
0.524184166,7729
0.524220757,7728
0.524228084,7727
0.524231575,7726
0.524239771,7725
0.524247686,7724
0.524251033,7723
0.524254357,7722
0.524257543,7721
0.524260711,7720
0.524263839,7719
0.524266628,7718
0.524273211,7717
0.52428231,7716
0.52428714,7715
0.524295656,7714
0.524298982,7713
0.524303105,7712
0.524307666,7711
0.52431434,7710
0.524317698,7709
0.524320846,7708
0.524329399,7707
0.524333024,7706
0.524337431,7705
0.524343835,7704
0.524347913,7703
0.524352306,7702
0.524357092,7701
0.524362182,7700
0.52436626,7699
0.524374373,7698
0.524386693,7697
0.524389891,7696
0.524394119,7695
0.524400694,7694
0.524403888,7693
0.524419616,7692
0.52442431,7691
0.524431336,7690
0.524434316,7689
0.52443734,7688
0.524441185,7687
0.524443947,7686
0.52445186,7685
0.524454699,7684
0.524458839,7683
0.524462132,7682
0.524467887,7681
0.524476068,7680
0.52448235,7679
0.524488207,7678
0.524495846,7677
0.524501037,7676
0.52450568,7675
0.52450854,7674
0.524517339,7673
0.524527485,7672
0.524530408,7671
0.524540916,7670
0.524547414,7669
0.524550252,7668
0.524558852,7667
0.524561801,7666
0.524568182,7665
0.524576214,7664
0.524583296,7663
0.524590258,7662
0.524593508,7661
0.524596218,7660
0.524599235,7659
0.524602422,7658
0.524612518,7657
0.524618074,7656
0.524628492,7655
0.524633756,7654
0.524644189,7653
0.524648497,7652
0.524655283,7651
0.524661729,7650
0.524684968,7649
0.524692263,7648
0.52469671,7647
0.524703216,7646
0.524705971,7645
0.524712579,7644
0.524728313,7643
0.524737261,7642
0.52474368,7641
0.524755611,7640
0.524761916,7639
0.524778013,7638
0.524784242,7637
0.524792688,7636
0.524796806,7635
0.524804992,7634
0.524824289,7633
0.52484055,7632
0.524846931,7631
0.524854008,7630
0.524874641,7629
0.524878096,7628
0.524881042,7627
0.524885861,7626
0.524897497,7625
0.524902762,7624
0.524907122,7623
0.524912592,7622
0.524920087,7621
0.524931877,7620
0.524947535,7619
0.52495643,7618
0.524964262,7617
0.52497002,7616
0.524979493,7615
0.524985472,7614
0.524992178,7613
0.524996248,7612
0.525002649,7611
0.525007162,7610
0.52501797,7609
0.525024427,7608
0.525033673,7607
0.525042323,7606
0.525061259,7605
0.52507451,7604
0.525085476,7603
0.525095187,7602
0.52511544,7601
0.525125368,7600
0.52513447,7599
0.525155706,7598
0.525166483,7597
0.525173139,7596
0.525208798,7595
0.52521324,7594
0.525217659,7593
0.525222728,7592
0.525231502,7591
0.525255954,7590
0.52526438,7589
0.525270072,7588
0.525275026,7587
0.525278156,7586
0.525286382,7585
0.525290643,7584
0.525300812,7583
0.525326913,7582
0.525331389,7581
0.52534373,7580
0.525349586,7579
0.525354964,7578
0.525382327,7577
0.525386328,7576
0.525389499,7575
0.525418295,7574
0.525436175,7573
0.525440666,7572
0.525456133,7571
0.525463889,7570
0.525595695,7569
0.525615783,7568
0.525701651,7567
0.525757146,7566
0.525789312,7565
0.525793746,7564
0.525805523,7563
0.525856683,7562
0.525861943,7561
0.5259277,7560
0.525985405,7559
0.526066866,7558
0.526091016,7557
0.526118106,7556
0.526124925,7555
0.526129376,7554
0.526150529,7553
0.526155748,7552
0.526159785,7551
0.526209478,7550
0.526215777,7549
0.526260456,7548
0.526269864,7547
0.526275637,7546
0.526279103,7545
0.526348981,7544
0.526398903,7543
0.526470328,7542
0.526482571,7541
0.526550343,7540
0.526609922,7539
0.526613351,7538
0.526647501,7537
0.526654382,7536
0.526703325,7535
0.526707905,7534
0.526711225,7533
0.526872969,7532
0.526886474,7531
0.526894771,7530
0.52693615,7529
0.52696477,7528
0.526972384,7527
0.527016314,7526
0.527036828,7525
0.527079288,7524
0.527083036,7523
0.527095406,7522
0.527098553,7521
0.527108645,7520
0.527387056,7519
0.527400241,7518
0.527408169,7517
0.527414722,7516
0.527495088,7515
0.527519469,7514
0.52756045,7513
0.527571195,7512
0.527625548,7511
0.527638067,7510
0.527648395,7509
0.527657122,7508
0.527660288,7507
0.527665684,7506
0.527669084,7505
0.527683506,7504
0.527689463,7503
0.527791685,7502
0.527799472,7501
0.527873964,7500
0.527950874,7499
0.527958994,7498
0.528049515,7497
0.528067613,7496
0.528094638,7495
0.52813981,7494
0.528151221,7493
0.52817028,7492
0.528183216,7491
0.528210103,7490
0.528550983,7489
0.528559728,7488
0.528576628,7487
0.528579923,7486
0.528585121,7485
0.528592578,7484
0.528597101,7483
0.528602055,7482
0.528605902,7481
0.528610808,7480
0.528615442,7479
0.528625934,7478
0.528631336,7477
0.528669756,7476
0.528683975,7475
0.528702781,7474
0.528713998,7473
0.528719492,7472
0.528723645,7471
0.528729381,7470
0.528733589,7469
0.5287498,7468
0.528757064,7467
0.528762111,7466
0.52876736,7465
0.528770904,7464
0.528774119,7463
0.52878038,7462
0.528783549,7461
0.52882869,7460
0.528834431,7459
0.528842105,7458
0.528846374,7457
0.528850188,7456
0.52885377,7455
0.528857431,7454
0.528861226,7453
0.528866732,7452
0.528877605,7451
0.528881068,7450
0.52891606,7449
0.528921305,7448
0.529386769,7447
0.529413263,7446
0.529419321,7445
0.529458655,7444
0.529468146,7443
0.529527302,7442
0.529551823,7441
0.529554944,7440
0.529564352,7439
0.529604463,7438
0.529625589,7437
0.529653812,7436
0.529709991,7435
0.529728118,7434
0.529770237,7433
0.529791457,7432
0.529795427,7431
0.529847349,7430
0.529852291,7429
0.529930953,7428
0.530211186,7427
0.530769178,7426
0.531488388,7425
0.531493832,7424
0.531499149,7423
0.531513002,7422
0.531525684,7421
0.531553686,7420
0.531584283,7419
0.700585123,7418
0.73566411,7417
0.754678542,7416
0.771817269,7415
0.795852574,7414
0.804086334,7413
0.84498871,7412
0.881310371,7411
0.912738234,7410
0.925026956,7409
0.960991123,7408
0.973495196,7407
1.01498336,7406
1.023009489,7405
1.048215887,7404
1.066614596,7403
1.08786772,7402
1.11842506,7401
1.151322596,7400
1.159117758,7399
1.186215098,7398
1.213633706,7397
1.219743163,7396
1.231392017,7395
1.247180516,7394
1.287334616,7393
1.311947337,7392
1.34285322,7391
1.351846771,7390
1.358407652,7389
1.376962775,7388
1.395520077,7387
1.410366536,7386
1.440359936,7385
1.533612156,7384
1.539785501,7383
1.557798405,7382
1.596904571,7381
1.667064805,7380
1.680073468,7379
1.719402531,7378
1.735877612,7377
1.79291951,7376
1.811634753,7375
1.83796531,7374
1.882183531,7373
1.9292517,7372
1.936588243,7371
1.965217949,7370
1.984076339,7369
2.007426238,7368
2.019225047,7367
2.047308812,7366
2.052198995,7365
2.073745905,7364
2.090717151,7363
2.100317796,7362
2.107893378,7361
2.1212621,7360
2.191439148,7359
2.204079719,7358
2.21529698,7357
2.223214093,7356
2.250606602,7355
2.292554679,7354
2.333459201,7353
2.353890041,7352
2.367126609,7351
2.384784848,7350
2.392989248,7349
2.401786858,7348
2.422116334,7347
2.440828296,7346
2.466310289,7345
2.472789665,7344
2.501151768,7343
2.506320202,7342
2.537860869,7341
2.552923065,7340
2.566399778,7339
2.574249119,7338
2.616969502,7337
2.645996209,7336
2.699676936,7335
2.716815748,7334
2.726572478,7333
2.740068301,7332
2.76362539,7331
2.783544846,7330
2.791168861,7329
2.797967862,7328
2.829517994,7327
2.837969521,7326
2.859157926,7325
2.880097912,7324
2.888708297,7323
2.895392384,7322
2.901384791,7321
2.946174424,7320
3.010503262,7319
3.201628638,7318
3.310429179,7317
3.344376203,7316
3.363363752,7315
3.453533539,7314
3.49303115,7313
3.554133343,7312
3.671492557,7311
3.702689332,7310
3.874687303,7309
3.904996859,7308
3.972044905,7307
4.053916216,7306
4.129378004,7305
4.144293785,7304
4.176562286,7303
4.207310701,7302
4.255121208,7301
4.2864769,7300
4.31316067,7299
4.325612794,7298
4.331948069,7297
4.348526613,7296
4.385708402,7295
4.412166599,7294
4.454376271,7293
4.475793088,7292
4.489872108,7291
4.520798591,7290
4.530749367,7289
4.563027682,7288
4.571951229,7287
4.598315042,7286
4.610041328,7285
4.622409525,7284
4.64588298,7283
4.685324513,7282
4.701229498,7281
4.72454846,7280
4.738414591,7279
4.755671335,7278
4.76650353,7277
4.792223494,7276
4.798908653,7275
4.813737761,7274
4.823337572,7273
4.833336764,7272
4.870362323,7271
4.878567722,7270
4.890552933,7269
4.905598734,7268
4.92029946,7267
4.938278421,7266
4.951511025,7265
5.039442689,7264
5.08823381,7263
5.104468243,7262
5.129779917,7261
5.143721289,7260
5.151838156,7259
5.17194293,7258
5.239055153,7257
5.296078928,7256
5.303598359,7255
5.331322094,7254
5.410921938,7253
5.425070697,7252
5.461078454,7251
5.515640772,7250
5.753767477,7249
5.776664071,7248
5.820366879,7247
5.853350599,7246
5.882873009,7245
6.063042657,7244
6.127949232,7243
6.172699652,7242
6.259236824,7241
6.304934037,7240
6.456181124,7239
6.611815361,7238
6.694206285,7237
6.958188023,7236
6.96841994,7235
7.10143183,7234
7.146298815,7233
7.153682548,7232
7.161410838,7231
7.282981176,7230
7.295025821,7229
7.326415316,7228
7.342807167,7227
7.363844265,7226
7.3790313,7225
7.41062511,7224
7.42823201,7223
7.491631462,7222
7.505230278,7221
7.516687546,7220
7.536177718,7219
7.61287991,7218
7.619590376,7217
7.647600127,7216
7.684701281,7215
7.707645479,7214
7.747507367,7213
7.782071029,7212
7.816038602,7211
7.858390465,7210
7.914939686,7209
7.980829285,7208
8.007804246,7207
8.04856141,7206
8.088247058,7205
8.101122369,7204
8.353485838,7203
8.384841589,7202
8.505096137,7201
8.530022792,7200
8.545524778,7199
8.607022717,7198
8.627918183,7197
8.64110026,7196
8.763554269,7195
8.786242988,7194
8.835984798,7193
9.028831052,7192
9.235955824,7191
9.456161,7190
9.603203462,7189
9.796286805,7188
9.945880699,7187
10.064250573,7186
10.337959813,7185
