0.19590516,6823
0.196003907,6822
0.196087287,6821
0.196175271,6820
0.196254056,6819
0.19627135,6818
0.196302255,6817
0.196313233,6816
0.196325325,6815
0.196353688,6814
0.196395085,6813
0.196404776,6812
0.196414483,6811
0.196425423,6810
0.196468207,6809
0.196481988,6808
0.196493216,6807
0.197280576,6806
0.197309633,6805
0.197324883,6804
0.197331291,6803
0.197340297,6802
0.197349592,6801
0.197360138,6800
0.197366623,6799
0.197372935,6798
0.197381543,6797
0.197387925,6796
0.197393706,6795
0.197401973,6794
0.197412337,6793
0.197424351,6792
0.197437752,6791
0.197452028,6790
0.197492875,6789
0.197530764,6788
0.197564255,6787
0.197602795,6786
0.197609169,6785
0.197614976,6784
0.197620821,6783
0.197626551,6782
0.197632665,6781
0.197639672,6780
0.197645304,6779
0.197650895,6778
0.197656609,6777
0.197662209,6776
0.197676594,6775
0.197687058,6774
0.19769738,6773
0.197717096,6772
0.19772313,6771
0.197728168,6770
0.197733792,6769
0.197739201,6768
0.197743774,6767
0.197748436,6766
0.197754487,6765
0.197759181,6764
0.197764478,6763
0.197769341,6762
0.197781726,6761
0.197787179,6760
0.197792624,6759
0.197797969,6758
0.197804686,6757
0.197811512,6756
0.197820231,6755
0.197829081,6754
0.197857421,6753
0.197866067,6752
0.197874842,6751
0.197882482,6750
0.197890568,6749
0.197898751,6748
0.197908079,6747
0.197967129,6746
0.197978417,6745
0.197986952,6744
0.197993652,6743
0.197999993,6742
0.198007321,6741
0.198015882,6740
0.198022865,6739
0.19803161,6738
0.198039121,6737
0.198047392,6736
0.198054367,6735
0.198066643,6734
0.1980865,6733
0.198125436,6732
0.198235091,6731
0.198253595,6730
0.198267717,6729
0.19829236,6728
0.19830678,6727
0.198325054,6726
0.198336534,6725
0.198342024,6724
0.19834751,6723
0.198355004,6722
0.198361527,6721
0.198368145,6720
0.198375103,6719
0.198389651,6718
0.198395541,6717
0.198401934,6716
0.198407894,6715
0.19841425,6714
0.198421008,6713
0.198445271,6712
0.19845036,6711
0.198456113,6710
0.198461914,6709
0.198466715,6708
0.198470796,6707
0.198475134,6706
0.198482334,6705
0.198488926,6704
0.198494982,6703
0.198499532,6702
0.198532006,6701
0.198537959,6700
0.198543542,6699
0.198554086,6698
0.198560379,6697
0.198565811,6696
0.198576361,6695
0.198584461,6694
0.198591055,6693
0.198596056,6692
0.198603585,6691
0.19860866,6690
0.198613817,6689
0.198618362,6688
0.198623278,6687
0.198629104,6686
0.198634892,6685
0.19863967,6684
0.198644816,6683
0.198652241,6682
0.198657403,6681
0.198666022,6680
0.198670018,6679
0.198674794,6678
0.198679306,6677
0.198684809,6676
0.198688885,6675
0.198692768,6674
0.19869738,6673
0.198704641,6672
0.198711043,6671
0.198715521,6670
0.19871991,6669
0.198750126,6668
0.198757808,6667
0.198763028,6666
0.198767516,6665
0.198771632,6664
0.198775804,6663
0.198779947,6662
0.198785812,6661
0.198790104,6660
0.198794207,6659
0.19879807,6658
0.198802316,6657
0.198807171,6656
0.198811654,6655
0.198816255,6654
0.198820369,6653
0.198831806,6652
0.198842228,6651
0.198849464,6650
0.1988551,6649
0.198861339,6648
0.198866434,6647
0.198871627,6646
0.198883631,6645
0.198897952,6644
0.198902611,6643
0.198907545,6642
0.200015386,6641
0.200023388,6640
0.200453138,6639
0.200461155,6638
0.200467577,6637
0.200505396,6636
0.20056424,6635
0.200597629,6634
0.200604227,6633
0.200622879,6632
0.200639997,6631
0.200648811,6630
0.200691167,6629
0.200729331,6628
0.200767177,6627
0.200772971,6626
0.200778742,6625
0.20079066,6624
0.20079835,6623
0.201443734,6622
0.201632486,6621
0.201639566,6620
0.201646899,6619
0.201655062,6618
0.201660475,6617
0.201666005,6616
0.201671613,6615
0.201676776,6614
0.201681971,6613
0.20168729,6612
0.201693015,6611
0.201714952,6610
0.201732276,6609
0.202301191,6608
0.202339653,6607
0.202344515,6606
0.202350021,6605
0.202355709,6604
0.202360586,6603
0.202367785,6602
0.202374806,6601
0.202380292,6600
0.202386631,6599
0.202391271,6598
0.202396435,6597
0.202401714,6596
0.202406187,6595
0.202436808,6594
0.202441655,6593
0.202451666,6592
0.20245672,6591
0.202463205,6590
0.202468562,6589
0.202473605,6588
0.202479632,6587
0.202486539,6586
0.202491494,6585
0.202496048,6584
0.202500724,6583
0.202505392,6582
0.202510138,6581
0.202514691,6580
0.202518942,6579
0.202523241,6578
0.202527677,6577
0.202531858,6576
0.202538274,6575
0.202542951,6574
0.202547401,6573
0.202551537,6572
0.202556424,6571
0.202562415,6570
0.202566812,6569
0.202571255,6568
0.202575659,6567
0.202582041,6566
0.202591432,6565
0.20264429,6564
0.202649734,6563
0.202654979,6562
0.202660227,6561
0.202666296,6560
0.202670751,6559
0.202675852,6558
0.202680527,6557
0.20268533,6556
0.202689995,6555
0.202696888,6554
0.202701824,6553
0.202706631,6552
0.202713453,6551
0.202717692,6550
0.202724879,6549
0.202729301,6548
0.202733374,6547
0.202737364,6546
0.202756683,6545
0.202762117,6544
0.20276685,6543
0.20277299,6542
0.202778011,6541
0.20278253,6540
0.202787313,6539
0.202791617,6538
0.202795788,6537
0.202799853,6536
0.202804424,6535
0.202808604,6534
0.202815236,6533
0.20282151,6532
0.202826566,6531
0.2028302,6530
0.202833561,6529
0.202836987,6528
0.202840613,6527
0.20284523,6526
0.202848414,6525
0.202853012,6524
0.20286031,6523
0.202865111,6522
0.202871744,6521
0.20288146,6520
0.202917897,6519
0.202924619,6518
0.202930894,6517
0.202939347,6516
0.202974917,6515
0.202982452,6514
0.203020298,6513
0.203026857,6512
0.203033377,6511
0.203039537,6510
0.203407658,6509
0.203580688,6508
0.203585884,6507
0.203590457,6506
0.203595665,6505
0.203599945,6504
0.203604459,6503
0.208973761,6502
0.208982114,6501
0.208988459,6500
0.208994359,6499
0.208999348,6498
0.209004173,6497
0.209008958,6496
0.209013519,6495
0.209019544,6494
0.20902558,6493
0.209029976,6492
0.209034383,6491
0.209039348,6490
0.209043967,6489
0.209048719,6488
0.209053168,6487
0.209058016,6486
0.209062623,6485
0.20906732,6484
0.209072299,6483
0.209076874,6482
0.209081813,6481
0.209086404,6480
0.209090813,6479
0.209095881,6478
0.209100532,6477
0.209105218,6476
0.20911035,6475
0.209127711,6474
0.209131602,6473
0.209135109,6472
0.209138598,6471
0.209144224,6470
0.209147854,6469
0.209151393,6468
0.209154631,6467
0.209158181,6466
0.209162004,6465
0.209165306,6464
0.209169752,6463
0.20917326,6462
0.20917694,6461
0.209182221,6460
0.209185625,6459
0.20918928,6458
0.209193297,6457
0.20919697,6456
0.209226013,6455
0.209232397,6454
0.209237925,6453
0.209243374,6452
0.209247988,6451
0.209251775,6450
0.20925496,6449
0.20925898,6448
0.209262047,6447
0.209265056,6446
0.209268112,6445
0.209270985,6444
0.209274279,6443
0.209277315,6442
0.209281439,6441
0.209285529,6440
0.209289628,6439
0.209577143,6438
0.209583462,6437
0.209589577,6436
0.20959516,6435
0.209600394,6434
0.209605432,6433
0.209609831,6432
0.209614193,6431
0.209618271,6430
0.209631176,6429
0.209636981,6428
0.209642062,6427
0.209646646,6426
0.20965127,6425
0.209686782,6424
0.209698478,6423
0.209746076,6422
0.209867087,6421
0.209871893,6420
0.209899713,6419
0.209904804,6418
0.209910011,6417
0.209914721,6416
0.209920123,6415
0.209924578,6414
0.209929069,6413
0.209933533,6412
0.20993741,6411
0.209941356,6410
0.209945361,6409
0.209948987,6408
0.209952857,6407
0.209958146,6406
0.209962005,6405
0.20996565,6404
0.20996972,6403
0.209973378,6402
0.209995977,6401
0.209999801,6400
0.210003209,6399
0.210006382,6398
0.210009433,6397
0.210012644,6396
0.210016502,6395
0.210019508,6394
0.2100226,6393
0.210026511,6392
0.210029307,6391
0.21003232,6390
0.210035043,6389
0.210038915,6388
0.21004162,6387
0.210047793,6386
0.210054091,6385
0.210092519,6384
0.210116465,6383
0.210131678,6382
0.210146675,6381
0.210150133,6380
0.2101544,6379
0.210157525,6378
0.210160744,6377
0.210163963,6376
0.210169797,6375
0.210173305,6374
0.21017793,6373
0.210181159,6372
0.210184785,6371
0.210190334,6370
0.21019317,6369
0.210196284,6368
0.210199065,6367
0.21020195,6366
0.210204732,6365
0.210207606,6364
0.210210373,6363
0.210213084,6362
0.210215993,6361
0.210218626,6360
0.210222419,6359
0.210545246,6358
0.210548239,6357
0.210554574,6356
0.210559799,6355
0.21056501,6354
0.21057034,6353
0.210574839,6352
0.210581571,6351
0.210585526,6350
0.210591615,6349
0.210602636,6348
0.210615634,6347
0.210621083,6346
0.210626059,6345
0.210630523,6344
0.210638363,6343
0.210644471,6342
0.210648453,6341
0.210652707,6340
0.210657021,6339
0.210667475,6338
0.210674653,6337
0.210679206,6336
0.210683237,6335
0.210687242,6334
0.210691457,6333
0.210701718,6332
0.210705526,6331
0.210709695,6330
0.210719131,6329
0.2107522,6328
0.210756512,6327
0.210760688,6326
0.210765802,6325
0.210770569,6324
0.210774945,6323
0.210780065,6322
0.210787841,6321
0.210793665,6320
0.210797958,6319
0.210807835,6318
0.210824035,6317
0.210851427,6316
0.210890633,6315
0.210911274,6314
0.210977062,6313
0.211022633,6312
0.211041753,6311
0.211076777,6310
0.211119447,6309
0.211127019,6308
0.21113798,6307
0.211146894,6306
0.211153686,6305
0.211184083,6304
0.211189577,6303
0.211226983,6302
0.211263216,6301
0.211307716,6300
0.211319464,6299
0.211336016,6298
0.211353072,6297
0.211370856,6296
0.211403571,6295
0.211418777,6294
0.211434318,6293
0.211438884,6292
0.211442852,6291
0.211455528,6290
0.211470457,6289
0.211487997,6288
0.211594205,6287
0.21160694,6286
0.211615271,6285
0.211627445,6284
0.211663873,6283
0.211672517,6282
0.211678153,6281
0.21168353,6280
0.211691802,6279
0.211697651,6278
0.211703596,6277
0.211712177,6276
0.211716516,6275
0.211722191,6274
0.211726455,6273
0.211731173,6272
0.211737506,6271
0.211743985,6270
0.211748289,6269
0.211751889,6268
0.211756846,6267
0.211763537,6266
0.211768375,6265
0.211772996,6264
0.211777726,6263
0.211784612,6262
0.211794231,6261
0.211800194,6260
0.2118159,6259
0.211876927,6258
0.211994347,6257
0.212007041,6256
0.212012479,6255
0.212018519,6254
0.212023692,6253
0.212028277,6252
0.212035216,6251
0.212041587,6250
0.21204632,6249
0.212080955,6248
0.212085858,6247
0.212233159,6246
0.212266999,6245
0.212303979,6244
0.212319802,6243
0.212329849,6242
0.212345749,6241
0.212351925,6240
0.212357743,6239
0.212363851,6238
0.212394051,6237
0.2125158,6236
0.212525691,6235
0.212530729,6234
0.212535496,6233
0.212540051,6232
0.212544367,6231
0.212745668,6230
0.212752274,6229
0.21278666,6228
0.212797633,6227
0.212802355,6226
0.212807556,6225
0.212812591,6224
0.212818821,6223
0.212834118,6222
0.212874162,6221
0.212879646,6220
0.212885048,6219
0.212896932,6218
0.212901779,6217
0.212944509,6216
0.212950153,6215
0.212960299,6214
0.217210464,6213
0.217231419,6212
0.217249763,6211
0.217305782,6210
0.217323536,6209
0.217342921,6208
0.217391251,6207
0.217481457,6206
0.217494041,6205
0.217505227,6204
0.217532356,6203
0.217598123,6202
0.217640615,6201
0.217657377,6200
0.217662458,6199
0.217666851,6198
0.217671533,6197
0.217677943,6196
0.21768598,6195
0.217692505,6194
0.217699709,6193
0.217704714,6192
0.21771251,6191
0.217720396,6190
0.217727535,6189
0.217735345,6188
0.217741747,6187
0.217747377,6186
0.217751925,6185
0.217757928,6184
0.217762784,6183
0.217767458,6182
0.21777217,6181
0.217778396,6180
0.217782395,6179
0.217786629,6178
0.21779081,6177
0.217799849,6176
0.217805192,6175
0.217811192,6174
0.217824969,6173
0.217960971,6172
0.218015394,6171
0.218027144,6170
0.218035103,6169
0.218040207,6168
0.218045344,6167
0.218050561,6166
0.218055533,6165
0.218066876,6164
0.218071281,6163
0.218075624,6162
0.218079752,6161
0.218084105,6160
0.218088794,6159
0.218390704,6158
0.218428071,6157
0.218433366,6156
0.218470841,6155
0.218476675,6154
0.218482408,6153
0.218489012,6152
0.218493573,6151
0.218498824,6150
0.218503495,6149
0.218553589,6148
0.21857689,6147
0.218623438,6146
0.218632691,6145
0.218637281,6144
0.218641792,6143
0.218645895,6142
0.218650233,6141
0.218654285,6140
0.21865892,6139
0.218671632,6138
0.218686314,6137
0.218701544,6136
0.21870888,6135
0.218714292,6134
0.218753257,6133
0.218761235,6132
0.218774774,6131
0.218780455,6130
0.218785303,6129
0.218789801,6128
0.218795047,6127
0.218833614,6126
0.218839895,6125
0.218854245,6124
0.218895522,6123
0.218901364,6122
0.218914019,6121
0.218918991,6120
0.218945401,6119
0.218960119,6118
0.219013743,6117
0.219028169,6116
0.219068286,6115
0.219073636,6114
0.219085922,6113
0.219095478,6112
0.219106703,6111
0.219113473,6110
0.219118884,6109
0.21912405,6108
0.219128641,6107
0.21913299,6106
0.219137315,6105
0.219144952,6104
0.219151158,6103
0.219172626,6102
0.219193696,6101
0.219205255,6100
0.219233793,6099
0.219277316,6098
0.219299776,6097
0.219317788,6096
0.2193306,6095
0.219339861,6094
0.219346561,6093
0.219351352,6092
0.219358994,6091
0.219366382,6090
0.219430711,6089
0.219527211,6088
0.219577299,6087
0.219611461,6086
0.219632231,6085
0.219681299,6084
0.219718765,6083
0.219755979,6082
0.220375676,6081
0.220382497,6080
0.220387667,6079
0.220393201,6078
0.220397927,6077
0.220422339,6076
0.220434267,6075
0.220454321,6074
0.220475952,6073
0.220487349,6072
0.220500106,6071
0.220511417,6070
0.220518313,6069
0.220523311,6068
0.220533826,6067
0.220543957,6066
0.22055005,6065
0.220570273,6064
0.22057513,6063
0.220586443,6062
0.220661989,6061
0.220962136,6060
0.220969608,6059
0.220975351,6058
0.220980445,6057
0.220999503,6056
0.221014008,6055
0.221022126,6054
0.221070351,6053
0.221117336,6052
0.221157544,6051
0.221182986,6050
0.221199617,6049
0.221209193,6048
0.22121649,6047
0.221225983,6046
0.221231472,6045
0.221238975,6044
0.221245929,6043
0.221251949,6042
0.221257192,6041
0.221263908,6040
0.22126855,6039
0.221279038,6038
0.221284042,6037
0.221330695,6036
0.22139967,6035
0.221462028,6034
0.221508728,6033
0.221523168,6032
0.221567529,6031
0.221630328,6030
0.221686125,6029
0.221697223,6028
0.221702534,6027
0.221707775,6026
0.221715821,6025
0.221722139,6024
0.221729496,6023
0.221736396,6022
0.221741098,6021
0.221747293,6020
0.221751675,6019
0.221756654,6018
0.221766163,6017
0.221771789,6016
0.22178443,6015
0.221789127,6014
0.22179402,6013
0.221807845,6012
0.221812994,6011
0.221819655,6010
0.221833567,6009
0.221856452,6008
0.2218612,6007
0.221872516,6006
0.22187685,6005
0.221883427,6004
0.221887997,6003
0.221892807,6002
0.221897742,6001
0.221901945,6000
0.221915271,5999
0.221921597,5998
0.22192841,5997
0.221935357,5996
0.221940496,5995
0.221945186,5994
0.221951126,5993
0.221966145,5992
0.221979296,5991
0.221983828,5990
0.221990764,5989
0.221997574,5988
0.222010344,5987
0.222055239,5986
0.222093739,5985
0.222140138,5984
0.22247182,5983
0.222497281,5982
0.222534678,5981
0.222547532,5980
0.222552192,5979
0.222556435,5978
0.222561254,5977
0.222565864,5976
0.222570353,5975
0.222575201,5974
0.222580997,5973
0.222588932,5972
0.222595528,5971
0.222599487,5970
0.222604894,5969
0.222609678,5968
0.22266792,5967
0.222731653,5966
0.222788032,5965
0.2228256,5964
0.222847707,5963
0.222889144,5962
0.222906375,5961
0.222919896,5960
0.22297383,5959
0.223091597,5958
0.223134411,5957
0.223167412,5956
0.2232029,5955
0.223239435,5954
0.223255769,5953
0.223260942,5952
0.223269192,5951
0.223280562,5950
0.223287237,5949
0.223293522,5948
0.22329899,5947
0.223303862,5946
0.223310991,5945
0.223315532,5944
0.223319749,5943
0.22332397,5942
0.223328923,5941
0.223333759,5940
0.22333857,5939
0.223355572,5938
0.223363603,5937
0.223428049,5936
0.225052107,5935
0.225076139,5934
0.225091835,5933
0.22509981,5932
0.22510636,5931
0.225114195,5930
0.225120199,5929
0.225126741,5928
0.225131777,5927
0.22513618,5926
0.225141742,5925
0.225150711,5924
0.225173422,5923
0.225204553,5922
0.22522517,5921
0.225304301,5920
0.225366352,5919
0.225371213,5918
0.225408287,5917
0.225426157,5916
0.225441218,5915
0.225449923,5914
0.225463083,5913
0.225468694,5912
0.225474473,5911
0.225489165,5910
0.22552844,5909
0.225536244,5908
0.225541613,5907
0.225556767,5906
0.225561085,5905
0.225566737,5904
0.225570955,5903
0.225577093,5902
0.225583787,5901
0.225590762,5900
0.225634477,5899
0.225687854,5898
0.225725941,5897
0.225780715,5896
0.225832964,5895
0.225873181,5894
0.225911783,5893
0.225958543,5892
0.226021355,5891
0.226028964,5890
0.226089666,5889
0.226105925,5888
0.226139214,5887
0.22616527,5886
0.22619239,5885
0.226204098,5884
0.226215453,5883
0.226243905,5882
0.226323215,5881
0.226363899,5880
0.226413546,5879
0.226467808,5878
0.226476512,5877
0.226485323,5876
0.22649301,5875
0.226500896,5874
0.22650609,5873
0.226510555,5872
0.226515691,5871
0.226520416,5870
0.226527147,5869
0.226533072,5868
0.226538171,5867
0.226542742,5866
0.226550149,5865
0.226557376,5864
0.226569712,5863
0.22657699,5862
0.226582979,5861
0.226587439,5860
0.226595877,5859
0.226600537,5858
0.226604804,5857
0.226610639,5856
0.22661472,5855
0.226619922,5854
0.226629975,5853
0.22663498,5852
0.226640246,5851
0.226648693,5850
0.226671306,5849
0.22668078,5848
0.226828994,5847
0.226857684,5846
0.226869112,5845
0.226899979,5844
0.226922371,5843
0.226934313,5842
0.226991866,5841
0.227005393,5840
0.227052387,5839
0.227131675,5838
0.227185798,5837
0.227192671,5836
0.22719767,5835
0.227204851,5834
0.227209054,5833
0.227213549,5832
0.227217663,5831
0.227227817,5830
0.227232316,5829
0.22723857,5828
0.227244478,5827
0.227248806,5826
0.227253252,5825
0.227257164,5824
0.227263836,5823
0.227271778,5822
0.227275966,5821
0.227280386,5820
0.227302461,5819
0.227308871,5818
0.227314161,5817
0.227320259,5816
0.227325217,5815
0.227330177,5814
0.227645161,5813
0.227702594,5812
0.227764876,5811
0.227813291,5810
0.227849831,5809
0.227866565,5808
0.227886534,5807
0.22792603,5806
0.227982787,5805
0.227997683,5804
0.228006366,5803
0.228715979,5802
0.228720881,5801
0.228781241,5800
0.228815966,5799
0.228821519,5798
0.228836159,5797
0.228842216,5796
0.228848591,5795
0.228854753,5794
0.228874873,5793
0.228879921,5792
0.229244658,5791
0.229260677,5790
0.22930067,5789
0.22935866,5788
0.229393814,5787
0.229403419,5786
0.229419779,5785
0.229460297,5784
0.229467029,5783
0.229472354,5782
0.229483224,5781
0.229488718,5780
0.229493739,5779
0.229501649,5778
0.229506338,5777
0.229516167,5776
0.229523213,5775
0.229528461,5774
0.229533795,5773
0.229541505,5772
0.229551795,5771
0.229557164,5770
0.229566384,5769
0.229574724,5768
0.229582979,5767
0.229595028,5766
0.229600533,5765
0.229608705,5764
0.229614086,5763
0.229619068,5762
0.229632029,5761
0.229637138,5760
0.229643004,5759
0.229648387,5758
0.229653264,5757
0.229660308,5756
0.229667382,5755
0.229673551,5754
0.229679239,5753
0.229685316,5752
0.229716376,5751
0.229723669,5750
0.229729494,5749
0.229739209,5748
0.229744985,5747
0.229784663,5746
0.229797184,5745
0.2298062,5744
0.229812973,5743
0.22981839,5742
0.229822951,5741
0.229827517,5740
0.229832642,5739
0.229838736,5738
0.22984576,5737
0.229852904,5736
0.229860156,5735
0.229871736,5734
0.229876979,5733
0.229890828,5732
0.232075495,5731
0.232090452,5730
0.232097589,5729
0.232103071,5728
0.232114364,5727
0.232123247,5726
0.232132276,5725
0.232173055,5724
0.232190527,5723
0.232196971,5722
0.232234608,5721
0.232268898,5720
0.232277963,5719
0.232348446,5718
0.232353518,5717
0.232358584,5716
0.232363319,5715
0.232368319,5714
0.232413912,5713
0.232469506,5712
0.232520982,5711
0.232782045,5710
0.232805115,5709
0.232827932,5708
0.232870307,5707
0.232883204,5706
0.233081946,5705
0.233226248,5704
0.233276844,5703
0.233292538,5702
0.233334628,5701
0.233348893,5700
0.233471532,5699
0.234542144,5698
0.234550324,5697
0.234555658,5696
0.234560689,5695
0.23456543,5694
0.234570377,5693
0.234575069,5692
0.234582717,5691
0.234590221,5690
0.234596775,5689
0.23460122,5688
0.234607453,5687
0.234615464,5686
0.234621204,5685
0.234670731,5684
0.234677783,5683
0.234683025,5682
0.234687576,5681
0.234695053,5680
0.234700315,5679
0.234706916,5678
0.234710698,5677
0.234716398,5676
0.234719902,5675
0.234722943,5674
0.234731682,5673
0.234736835,5672
0.234744073,5671
0.234748885,5670
0.234754816,5669
0.234759218,5668
0.234763845,5667
0.234798747,5666
0.23480768,5665
0.234812038,5664
0.234817309,5663
0.234820406,5662
0.234826572,5661
0.234831018,5660
0.234835163,5659
0.234838456,5658
0.234843149,5657
0.234848434,5656
0.234854766,5655
0.234859571,5654
0.23486433,5653
0.23486947,5652
0.234901451,5651
0.23490619,5650
0.234910388,5649
0.234913754,5648
0.234916939,5647
0.234924059,5646
0.234927795,5645
0.234932156,5644
0.234937984,5643
0.234943628,5642
0.234948414,5641
0.234955325,5640
0.234958509,5639
0.234963451,5638
0.234971989,5637
0.234976828,5636
0.234981099,5635
0.234985176,5634
0.23498866,5633
0.234992476,5632
0.23499693,5631
0.235000577,5630
0.235006777,5629
0.235010264,5628
0.235013718,5627
0.235017075,5626
0.235020921,5625
0.235024136,5624
0.235029217,5623
0.235033633,5622
0.235036861,5621
0.235040253,5620
0.235044853,5619
0.235048857,5618
0.235053554,5617
0.235060874,5616
0.23508199,5615
0.235090271,5614
0.235095079,5613
0.235100219,5612
0.235103544,5611
0.235109335,5610
0.235113803,5609
0.235118313,5608
0.235122518,5607
0.235126111,5606
0.235132506,5605
0.235154764,5604
0.235162342,5603
0.235166351,5602
0.235173291,5601
0.235178345,5600
0.235182172,5599
0.235194242,5598
0.235201734,5597
0.235207533,5596
0.235243447,5595
0.235251248,5594
0.235263995,5593
0.23526959,5592
0.235279537,5591
0.235319511,5590
0.235325145,5589
0.235337218,5588
0.235342356,5587
0.235347099,5586
0.235352218,5585
0.235359149,5584
0.235385239,5583
0.235446771,5582
0.235465683,5581
0.235493217,5580
0.235516954,5579
0.235545465,5578
0.235552578,5577
0.235559369,5576
0.235564439,5575
0.235580304,5574
0.235591422,5573
0.235606009,5572
0.235708754,5571
0.235715364,5570
0.235729389,5569
0.236074046,5568
0.236085787,5567
0.236092919,5566
0.236099972,5565
0.236106163,5564
0.236114632,5563
0.236680654,5562
0.236686595,5561
0.236703322,5560
0.236711415,5559
0.236717758,5558
0.23673514,5557
0.236740623,5556
0.236745458,5555
0.236751273,5554
0.236756468,5553
0.236764025,5552
0.236772782,5551
0.236777377,5550
0.236784384,5549
0.236789279,5548
0.236802139,5547
0.236811652,5546
0.236816507,5545
0.236821687,5544
0.236828958,5543
0.236834891,5542
0.236842712,5541
0.236877522,5540
0.236882593,5539
0.236912677,5538
0.236954171,5537
0.236966751,5536
0.236976825,5535
0.236982905,5534
0.237024535,5533
0.237030658,5532
0.23703716,5531
0.237048612,5530
0.237092954,5529
0.237100232,5528
0.237123185,5527
0.23712867,5526
0.237137245,5525
0.237142645,5524
0.237146782,5523
0.237155932,5522
0.237160043,5521
0.237164745,5520
0.237202486,5519
0.237207128,5518
0.237230676,5517
0.237313985,5516
0.237320567,5515
0.237328655,5514
0.237343859,5513
0.23735422,5512
0.237373842,5511
0.237379458,5510
0.237383071,5509
0.237396803,5508
0.237406406,5507
0.237415814,5506
0.237418999,5505
0.23742485,5504
0.23742806,5503
0.237431988,5502
0.237436163,5501
0.237439766,5500
0.2374443,5499
0.237447319,5498
0.237456253,5497
0.237462237,5496
0.237468758,5495
0.237476856,5494
0.237485999,5493
0.237492414,5492
0.237497693,5491
0.237503977,5490
0.237517417,5489
0.237530542,5488
0.237537501,5487
0.237542489,5486
0.237547381,5485
0.237564646,5484
0.237571547,5483
0.237576838,5482
0.237581472,5481
0.23758853,5480
0.237603198,5479
0.237610171,5478
0.237630463,5477
0.237637797,5476
0.237642376,5475
0.237649051,5474
0.237655118,5473
0.237668778,5472
0.237710893,5471
0.237719391,5470
0.237724027,5469
0.237728509,5468
0.237778646,5467
0.237785291,5466
0.23779056,5465
0.237793972,5464
0.237802005,5463
0.237805289,5462
0.237807984,5461
0.237811669,5460
0.237816623,5459
0.237828326,5458
0.237836126,5457
0.237840759,5456
0.237844224,5455
0.23785069,5454
0.237856586,5453
0.237867384,5452
0.237870405,5451
0.237873262,5450
0.237879003,5449
0.237888285,5448
0.237897948,5447
0.237904399,5446
0.237948122,5445
0.237953466,5444
0.240194886,5443
0.240249751,5442
0.240285554,5441
0.240326362,5440
0.240364483,5439
0.240373979,5438
0.240380586,5437
0.240384668,5436
0.240390073,5435
0.240454025,5434
0.240463181,5433
0.240480437,5432
0.240758883,5431
0.240771234,5430
0.240815089,5429
0.240926234,5428
0.240943165,5427
0.240954637,5426
0.240965632,5425
0.24097095,5424
0.240980119,5423
0.240987585,5422
0.240992336,5421
0.240998755,5420
0.241005906,5419
0.241014624,5418
0.241021989,5417
0.241028423,5416
0.241031671,5415
0.241036413,5414
0.241041365,5413
0.241045764,5412
0.241049048,5411
0.241054591,5410
0.241060305,5409
0.241068114,5408
0.241071995,5407
0.241076496,5406
0.241216139,5405
0.241222062,5404
0.241229189,5403
0.241238457,5402
0.241241865,5401
0.241245745,5400
0.24124909,5399
0.241254711,5398
0.241257748,5397
0.241265606,5396
0.241270835,5395
0.241280915,5394
0.241289074,5393
0.241296706,5392
0.241301432,5391
0.241305618,5390
0.241310108,5389
0.241314819,5388
0.241322131,5387
0.241327384,5386
0.241331476,5385
0.241347396,5384
0.241352846,5383
0.241393032,5382
0.241429853,5381
0.241436679,5380
0.241441644,5379
0.241446934,5378
0.241480795,5377
0.241486028,5376
0.241493752,5375
0.241498744,5374
0.241503213,5373
0.241923101,5372
0.241935336,5371
0.24199687,5370
0.242018144,5369
0.242021063,5368
0.242030395,5367
0.242036532,5366
0.242045354,5365
0.242049116,5364
0.242053943,5363
0.242058366,5362
0.242064519,5361
0.242067899,5360
0.242074957,5359
0.24207973,5358
0.242084903,5357
0.242088308,5356
0.242098629,5355
0.242110252,5354
0.24211817,5353
0.242130066,5352
0.242135342,5351
0.242138504,5350
0.242146357,5349
0.242151533,5348
0.242161017,5347
0.242163713,5346
0.242168463,5345
0.242180611,5344
0.242202271,5343
0.242205786,5342
0.242210487,5341
0.242219637,5340
0.242223512,5339
0.242230577,5338
0.242234798,5337
0.242244412,5336
0.242251046,5335
0.242258794,5334
0.242261693,5333
0.242265106,5332
0.242270233,5331
0.242277894,5330
0.242285669,5329
0.242296438,5328
0.242334888,5327
0.242347639,5326
0.242362424,5325
0.242368009,5324
0.242372648,5323
0.242386442,5322
0.242392277,5321
0.242406689,5320
0.242411052,5319
0.24241549,5318
0.242421796,5317
0.242440822,5316
0.2424459,5315
0.242453839,5314
0.242458787,5313
0.242473046,5312
0.242477428,5311
0.242481693,5310
0.242485711,5309
0.242503186,5308
0.242525392,5307
0.24254751,5306
0.242559058,5305
0.242566716,5304
0.242571358,5303
0.242591595,5302
0.242615179,5301
0.242636244,5300
0.242658433,5299
0.242675724,5298
0.24267949,5297
0.242692752,5296
0.242705531,5295
0.242710456,5294
0.242729391,5293
0.242736443,5292
0.242741696,5291
0.242757038,5290
0.242765187,5289
0.242768817,5288
0.242775351,5287
0.242779511,5286
0.242783129,5285
0.242787932,5284
0.242793395,5283
0.242796802,5282
0.24281369,5281
0.242823203,5280
0.242831192,5279
0.242840038,5278
0.242845083,5277
0.242883842,5276
0.242889272,5275
0.242905378,5274
0.242910222,5273
0.242923999,5272
0.242934217,5271
0.242939559,5270
0.243078201,5269
0.243118541,5268
0.243138937,5267
0.243160701,5266
0.243176012,5265
0.243180872,5264
0.243188189,5263
0.243193071,5262
0.243198287,5261
0.24323298,5260
0.243238489,5259
0.243277293,5258
0.243282511,5257
0.243291418,5256
0.243296839,5255
0.243306859,5254
0.243313364,5253
0.243339398,5252
0.243515865,5251
0.244589276,5250
0.244605397,5249
0.244610748,5248
0.244643198,5247
0.244649892,5246
0.244656463,5245
0.244664138,5244
0.244676492,5243
0.244681442,5242
0.244685622,5241
0.244690875,5240
0.244703508,5239
0.244708908,5238
0.244720657,5237
0.244724971,5236
0.244734967,5235
0.244738087,5234
0.244743402,5233
0.244748459,5232
0.244756216,5231
0.244763361,5230
0.245208521,5229
0.245220389,5228
0.245233391,5227
0.245242682,5226
0.245249657,5225
0.245254307,5224
0.24525811,5223
0.245265837,5222
0.245288981,5221
0.245296341,5220
0.245303276,5219
0.245309486,5218
0.245317711,5217
0.245366303,5216
0.245376503,5215
0.245420022,5214
0.245457454,5213
0.245462514,5212
0.245504704,5211
0.245523383,5210
0.245559629,5209
0.245566263,5208
0.24558745,5207
0.24559972,5206
0.245614186,5205
0.245643975,5204
0.245649807,5203
0.245661623,5202
0.245668095,5201
0.245683393,5200
0.245697062,5199
0.245702055,5198
0.245727748,5197
0.245817453,5196
0.245826647,5195
0.245841944,5194
0.245862056,5193
0.245875192,5192
0.245894632,5191
0.245899683,5190
0.245904718,5189
0.24593125,5188
0.245939555,5187
0.245950486,5186
0.24595896,5185
0.245966935,5184
0.245988168,5183
0.245995409,5182
0.246002112,5181
0.246041415,5180
0.2460549,5179
0.246090478,5178
0.246100112,5177
0.246107188,5176
0.246113202,5175
0.246150384,5174
0.246203224,5173
0.246213114,5172
0.246235136,5171
0.246240051,5170
0.246244378,5169
0.246248884,5168
0.246253513,5167
0.246257426,5166
0.246264483,5165
0.246271818,5164
0.246276783,5163
0.246282362,5162
0.246299311,5161
0.246303887,5160
0.24631015,5159
0.246327522,5158
0.246332194,5157
0.246347281,5156
0.246351729,5155
0.246356492,5154
0.246377304,5153
0.24638145,5152
0.246386567,5151
0.246402632,5150
0.246417732,5149
0.246423502,5148
0.246438148,5147
0.246443366,5146
0.246450301,5145
0.246472041,5144
0.246486638,5143
0.246510904,5142
0.246520129,5141
0.246534088,5140
0.246552326,5139
0.246566636,5138
0.246572888,5137
0.246586367,5136
0.246621214,5135
0.246625244,5134
0.24666791,5133
0.246675793,5132
0.246693581,5131
0.246706944,5130
0.246725378,5129
0.246738527,5128
0.246743219,5127
0.246754681,5126
0.246772524,5125
0.246777317,5124
0.246785746,5123
0.246791807,5122
0.246799141,5121
0.246805571,5120
0.246821967,5119
0.246982009,5118
0.247017582,5117
0.247067263,5116
0.247079508,5115
0.247119327,5114
0.247126083,5113
0.247131351,5112
0.247140477,5111
0.247148048,5110
0.247160047,5109
0.247165052,5108
0.247169839,5107
0.247180279,5106
0.247185221,5105
0.247563735,5104
0.247569821,5103
0.2476193,5102
0.247666522,5101
0.247687549,5100
0.247693713,5099
0.247698294,5098
0.247720197,5097
0.247724459,5096
0.24775113,5095
0.247755027,5094
0.247761442,5093
0.247767092,5092
0.247783001,5091
0.247791961,5090
0.247807497,5089
0.247813489,5088
0.247842279,5087
0.24784718,5086
0.24785412,5085
0.247865829,5084
0.247881152,5083
0.247889551,5082
0.247898977,5081
0.247908775,5080
0.24791289,5079
0.247918915,5078
0.247928081,5077
0.247931163,5076
0.247938694,5075
0.247945755,5074
0.247950814,5073
0.247964296,5072
0.247970837,5071
0.247975658,5070
0.24798355,5069
0.24799997,5068
0.24801171,5067
0.248021934,5066
0.248027172,5065
0.248031125,5064
0.248038379,5063
0.248044892,5062
0.248050317,5061
0.248056704,5060
0.248063173,5059
0.248071262,5058
0.248076823,5057
0.248081308,5056
0.248086927,5055
0.248092142,5054
0.248097248,5053
0.248101293,5052
0.248105073,5051
0.248121092,5050
0.248129196,5049
0.248141631,5048
0.248146106,5047
0.248193336,5046
0.248204459,5045
0.248214759,5044
0.24822385,5043
0.248227767,5042
0.248231954,5041
0.248239698,5040
0.248246237,5039
0.248272058,5038
0.248280202,5037
0.24828865,5036
0.248297435,5035
0.248327771,5034
0.248351237,5033
0.248382131,5032
0.24838771,5031
0.248395258,5030
0.248401225,5029
0.248411198,5028
0.248418455,5027
0.248424665,5026
0.248439371,5025
0.248443797,5024
0.248455848,5023
0.248463154,5022
0.248471667,5021
0.248556129,5020
0.248675886,5019
0.248685484,5018
0.251282855,5017
0.25129337,5016
0.251299247,5015
0.251354523,5014
0.25135828,5013
0.251365137,5012
0.251369615,5011
0.251375411,5010
0.251390595,5009
0.251404465,5008
0.251417959,5007
0.251431292,5006
0.251436032,5005
0.251453171,5004
0.251464235,5003
0.251467936,5002
0.251490034,5001
0.251511261,5000
0.251517433,4999
0.251531508,4998
0.251536713,4997
0.251550063,4996
0.251554456,4995
0.2515756,4994
0.251582528,4993
0.251589262,4992
0.251593721,4991
0.251602333,4990
0.25162774,4989
0.25163256,4988
0.251679139,4987
0.252094878,4986
0.252103286,4985
0.252127606,4984
0.25217637,4983
0.252211247,4982
0.252252241,4981
0.252264551,4980
0.252269051,4979
0.252277362,4978
0.252311813,4977
0.252327869,4976
0.25235478,4975
0.252358771,4974
0.252372049,4973
0.252375093,4972
0.252383322,4971
0.252450921,4970
0.25248705,4969
0.252496171,4968
0.2525025,4967
0.252512981,4966
0.252519354,4965
0.252562333,4964
0.252606208,4963
0.252615586,4962
0.252658072,4961
0.252664152,4960
0.252669515,4959
0.25267729,4958
0.252712254,4957
0.252760694,4956
0.252768927,4955
0.252772696,4954
0.252778249,4953
0.25280789,4952
0.252813745,4951
0.252819359,4950
0.252827891,4949
0.252835695,4948
0.252863856,4947
0.252867364,4946
0.25288184,4945
0.252917726,4944
0.252959157,4943
0.252963508,4942
0.25296719,4941
0.253014243,4940
0.253031113,4939
0.253065979,4938
0.25310258,4937
0.253152885,4936
0.253157994,4935
0.253205861,4934
0.253212839,4933
0.253227898,4932
0.253236327,4931
0.25324258,4930
0.253279341,4929
0.253322257,4928
0.253333016,4927
0.253345109,4926
0.253350594,4925
0.253390984,4924
0.253397095,4923
0.253452424,4922
0.253488599,4921
0.253497383,4920
0.253530988,4919
0.253538123,4918
0.253546306,4917
0.253580073,4916
0.253619551,4915
0.253627291,4914
0.253634307,4913
0.254169243,4912
0.254291175,4911
0.254295338,4910
0.254308966,4909
0.254358254,4908
0.254362591,4907
0.254371897,4906
0.254378689,4905
0.254382971,4904
0.254390519,4903
0.254396415,4902
0.254408154,4901
0.254416856,4900
0.254456507,4899
0.254461112,4898
0.254470281,4897
0.254477578,4896
0.254485844,4895
0.254490625,4894
0.254504995,4893
0.254511353,4892
0.254551681,4891
0.25456368,4890
0.254577004,4889
0.254621588,4888
0.254642788,4887
0.254649445,4886
0.254656636,4885
0.254663473,4884
0.254690025,4883
0.254694813,4882
0.254699962,4881
0.254735754,4880
0.254756041,4879
0.254761864,4878
0.254851847,4877
0.25485827,4876
0.254894757,4875
0.254912995,4874
0.254921218,4873
0.254943558,4872
0.254991766,4871
0.255021544,4870
0.255064732,4869
0.25510287,4868
0.255108214,4867
0.255123806,4866
0.255160691,4865
0.255176299,4864
0.255214541,4863
0.256129568,4862
0.256145277,4861
0.256152693,4860
0.256158267,4859
0.256162649,4858
0.256166801,4857
0.256178897,4856
0.256197123,4855
0.256209697,4854
0.256217823,4853
0.256244222,4852
0.256256737,4851
0.256263577,4850
0.256294063,4849
0.256314074,4848
0.256321327,4847
0.256336952,4846
0.256346619,4845
0.256355156,4844
0.256370584,4843
0.256375345,4842
0.256428729,4841
0.256438517,4840
0.256474958,4839
0.256479402,4838
0.256520547,4837
0.256530742,4836
0.256566735,4835
0.256573002,4834
0.256614427,4833
0.256679232,4832
0.256749003,4831
0.256795557,4830
0.256803011,4829
0.256808784,4828
0.256832949,4827
0.256837586,4826
0.256861682,4825
0.256868449,4824
0.256886758,4823
0.256932567,4822
0.257038526,4821
0.257082633,4820
0.257090325,4819
0.258458162,4818
0.258513303,4817
0.258549205,4816
0.258556613,4815
0.258567408,4814
0.258572215,4813
0.258582383,4812
0.258592493,4811
0.25860478,4810
0.258611696,4809
0.258615645,4808
0.258653704,4807
0.258660736,4806
0.258669667,4805
0.258692231,4804
0.258738879,4803
0.258744389,4802
0.258749851,4801
0.258771944,4800
0.25880772,4799
0.258825654,4798
0.258889,4797
0.258901247,4796
0.258905224,4795
0.258922737,4794
0.259223551,4793
0.259233489,4792
0.259243514,4791
0.259261062,4790
0.259297814,4789
0.25931614,4788
0.259356657,4787
0.259369457,4786
0.259380196,4785
0.259397649,4784
0.259444497,4783
0.259451347,4782
0.259495015,4781
0.25953084,4780
0.259569815,4779
0.259616054,4778
0.259622421,4777
0.259657758,4776
0.259701627,4775
0.259884087,4774
0.259889825,4773
0.259916829,4772
0.259971526,4771
0.259985664,4770
0.259995353,4769
0.260027939,4768
0.260068349,4767
0.260074532,4766
0.260082525,4765
0.260152017,4764
0.260194846,4763
0.260406781,4762
0.260414127,4761
0.260425546,4760
0.260516225,4759
0.260569394,4758
0.260732443,4757
0.261258718,4756
0.261492426,4755
0.261512577,4754
0.262011807,4753
0.262024448,4752
0.262111059,4751
0.262126185,4750
0.26249443,4749
0.41715041,4748
0.473150794,4747
0.681723064,4746
0.827775034,4745
0.911021087,4744
0.929528291,4743
0.956916954,4742
0.972304633,4741
1.01964379,4740
1.103050517,4739
1.132382328,4738
1.184728437,4737
1.246549852,4736
1.27958413,4735
1.532359739,4734
1.701864728,4733
1.833596834,4732
1.864150858,4731
1.890077362,4730
1.91375731,4729
1.946914755,4728
1.986649063,4727
2.009073837,4726
2.028337021,4725
2.061202837,4724
2.133645662,4723
2.165251887,4722
2.253840624,4721
2.391812155,4720
2.569128109,4719
2.647091053,4718
2.689950177,4717
2.793816969,4716
2.872433772,4715
2.926457818,4714
2.978022849,4713
3.061186931,4712
3.094230711,4711
3.129995017,4710
3.160263571,4709
3.170654938,4708
3.19672898,4707
3.220693335,4706
3.269604465,4705
3.297140206,4704
3.315472473,4703
3.343861817,4702
3.360699034,4701
3.372004794,4700
3.391305718,4699
3.408837921,4698
3.424193897,4697
3.460835578,4696
3.474329317,4695
3.486772591,4694
3.496471736,4693
3.513813127,4692
3.527532731,4691
3.543298274,4690
3.552599077,4689
3.578651096,4688
3.595014701,4687
3.640691776,4686
3.65480917,4685
3.667256324,4684
3.68432286,4683
3.703786365,4682
3.764891446,4681
3.787495782,4680
3.827181351,4679
3.908695051,4678
3.935128408,4677
4.109832702,4676
4.166900535,4675
4.365823697,4674
4.374425523,4673
4.386437286,4672
4.415598191,4671
4.442459276,4670
4.452126578,4669
4.470284977,4668
4.502072665,4667
4.518302812,4666
4.538998501,4665
4.549389293,4664
4.562352987,4663
4.606379372,4662
4.868824666,4661
4.967561881,4660
5.02523367,4659
5.099662332,4658
5.192535343,4657
5.266811958,4656
5.325862641,4655
5.376133838,4654
5.390940628,4653
5.410016055,4652
5.428650183,4651
5.442524397,4650
5.470870437,4649
5.494170256,4648
5.50733528,4647
5.552918459,4646
5.585807609,4645
5.607478202,4644
5.625837683,4643
5.667826843,4642
5.755304827,4641
5.883764129,4640
5.963743383,4639
6.062420304,4638
6.175460321,4637
6.227220342,4636
6.323304989,4635
6.371579499,4634
6.483925379,4633
6.566123468,4632
6.671291393,4631
6.767318664,4630
7.02679062,4629
7.113719226,4628
7.43252238,4627
7.475526492,4626
7.57496134,4625
7.60666598,4624
7.627149584,4623
7.665245179,4622
7.691369892,4621
7.870819642,4620
8.499695896,4619
8.687781372,4618
9.371333704,4617
