0.361309998,6823
0.361410811,6822
0.361494342,6821
0.361561596,6820
0.361663228,6819
0.361682047,6818
0.361736711,6817
0.361746124,6816
0.361752735,6815
0.361759133,6814
0.361765672,6813
0.361772312,6812
0.361780095,6811
0.361786769,6810
0.361795746,6809
0.361805005,6808
0.361813884,6807
0.362512193,6806
0.362521577,6805
0.362527888,6804
0.362538546,6803
0.362551112,6802
0.362563279,6801
0.36260308,6800
0.362617393,6799
0.362627127,6798
0.362635549,6797
0.362649328,6796
0.362657509,6795
0.362666323,6794
0.362699472,6793
0.362707887,6792
0.362717921,6791
0.362727621,6790
0.362737832,6789
0.36275274,6788
0.36279339,6787
0.362847429,6786
0.362857073,6785
0.362879701,6784
0.362926255,6783
0.362960359,6782
0.363010989,6781
0.363020416,6780
0.363618829,6779
0.36365066,6778
0.363657465,6777
0.363664378,6776
0.363670824,6775
0.363678796,6774
0.363687313,6773
0.363696271,6772
0.363705422,6771
0.363714175,6770
0.363723292,6769
0.363729978,6768
0.363736365,6767
0.363742586,6766
0.363749466,6765
0.363759513,6764
0.363769232,6763
0.363779162,6762
0.363786404,6761
0.363792782,6760
0.363804323,6759
0.363813401,6758
0.363822774,6757
0.363832481,6756
0.363841478,6755
0.363853729,6754
0.36386354,6753
0.36387182,6752
0.363880683,6751
0.36388871,6750
0.363897701,6749
0.363904897,6748
0.363941583,6747
0.363951872,6746
0.363961349,6745
0.363970676,6744
0.363979968,6743
0.363987451,6742
0.363995899,6741
0.36400323,6740
0.36401231,6739
0.364021264,6738
0.364038713,6737
0.364054019,6736
0.364060636,6735
0.364066876,6734
0.36407327,6733
0.36408092,6732
0.364120613,6731
0.364130037,6730
0.364141404,6729
0.364149636,6728
0.364157552,6727
0.364165917,6726
0.364173692,6725
0.364180868,6724
0.364190949,6723
0.364198668,6722
0.364205828,6721
0.364213112,6720
0.364220349,6719
0.364243497,6718
0.364253637,6717
0.364267959,6716
0.364305532,6715
0.364334234,6714
0.364342314,6713
0.364349863,6712
0.364355861,6711
0.364361697,6710
0.364366696,6709
0.364414875,6708
0.364432282,6707
0.364441463,6706
0.364449625,6705
0.364465048,6704
0.364478189,6703
0.364493463,6702
0.364517522,6701
0.364524517,6700
0.364532863,6699
0.364539344,6698
0.364546065,6697
0.364552135,6696
0.36455941,6695
0.364565636,6694
0.364571806,6693
0.364596993,6692
0.365045502,6691
0.365055889,6690
0.365072951,6689
0.365081103,6688
0.365088051,6687
0.365095469,6686
0.365102677,6685
0.36510976,6684
0.365151664,6683
0.365159387,6682
0.365195228,6681
0.365202673,6680
0.365214605,6679
0.365221359,6678
0.365228109,6677
0.365234949,6676
0.366057598,6675
0.373176059,6674
0.373324271,6673
0.37333187,6672
0.373337386,6671
0.373343241,6670
0.373348447,6669
0.373353146,6668
0.373358048,6667
0.373364052,6666
0.373368804,6665
0.373373763,6664
0.373382007,6663
0.373392082,6662
0.37343219,6661
0.373438914,6660
0.373443941,6659
0.373448834,6658
0.373453389,6657
0.373459141,6656
0.373468524,6655
0.373474473,6654
0.373481602,6653
0.373488283,6652
0.373496022,6651
0.373501863,6650
0.373507176,6649
0.37351247,6648
0.373518168,6647
0.373523437,6646
0.373528534,6645
0.373558131,6644
0.373567003,6643
0.373574573,6642
0.374631197,6641
0.374639469,6640
0.374670688,6639
0.374677557,6638
0.374683339,6637
0.374715584,6636
0.374725795,6635
0.374749128,6634
0.374755253,6633
0.374762375,6632
0.374841813,6631
0.374847934,6630
0.374852985,6629
0.374856764,6628
0.374860291,6627
0.374863985,6626
0.374885675,6625
0.374890839,6624
0.374895778,6623
0.374900438,6622
0.374905282,6621
0.374961065,6620
0.374967496,6619
0.37497225,6618
0.374976778,6617
0.374981617,6616
0.374988144,6615
0.37499263,6614
0.374996612,6613
0.375000944,6612
0.375004969,6611
0.375011173,6610
0.375015706,6609
0.375047635,6608
0.375051646,6607
0.375057315,6606
0.375060879,6605
0.375064404,6604
0.375067919,6603
0.375071225,6602
0.375076102,6601
0.375082582,6600
0.375089276,6599
0.375094381,6598
0.375098898,6597
0.375103353,6596
0.375108889,6595
0.375114019,6594
0.375141827,6593
0.375147464,6592
0.375162431,6591
0.375198607,6590
0.375206034,6589
0.375210433,6588
0.375214519,6587
0.37521843,6586
0.375223682,6585
0.375231132,6584
0.37523729,6583
0.375242054,6582
0.37524866,6581
0.375254112,6580
0.375258044,6579
0.375261872,6578
0.375265214,6577
0.375268894,6576
0.375274115,6575
0.37527866,6574
0.375285566,6573
0.375289477,6572
0.375293349,6571
0.375297187,6570
0.375304134,6569
0.375308269,6568
0.37531194,6567
0.375315433,6566
0.375319152,6565
0.375322989,6564
0.375326244,6563
0.375329803,6562
0.375333067,6561
0.375336751,6560
0.375340341,6559
0.375344133,6558
0.375347955,6557
0.375351413,6556
0.37535498,6555
0.37535839,6554
0.375362119,6553
0.375365551,6552
0.375369001,6551
0.375372191,6550
0.375375573,6549
0.375379196,6548
0.375382768,6547
0.375386422,6546
0.37539007,6545
0.375394787,6544
0.37539805,6543
0.375401363,6542
0.375404812,6541
0.375409304,6540
0.375413935,6539
0.375418686,6538
0.375424196,6537
0.375429184,6536
0.375434036,6535
0.375438946,6534
0.375445996,6533
0.375451032,6532
0.375456106,6531
0.375461194,6530
0.375465686,6529
0.37547071,6528
0.375475532,6527
0.375480276,6526
0.375485395,6525
0.375489984,6524
0.375494981,6523
0.375535403,6522
0.375540861,6521
0.375554024,6520
0.375595547,6519
0.375600347,6518
0.375639419,6517
0.375651467,6516
0.375657721,6515
0.375662232,6514
0.375666538,6513
0.375670659,6512
0.375674929,6511
0.375679088,6510
0.375683331,6509
0.375687298,6508
0.375692223,6507
0.375696409,6506
0.375700634,6505
0.37570489,6504
0.375753613,6503
0.375765518,6502
0.375771921,6501
0.375777184,6500
0.37578508,6499
0.375789621,6498
0.375794266,6497
0.375798655,6496
0.375804769,6495
0.375810858,6494
0.375815153,6493
0.37581942,6492
0.375824278,6491
0.375828515,6490
0.375833249,6489
0.375837627,6488
0.375842359,6487
0.375851973,6486
0.375857016,6485
0.375861572,6484
0.375865875,6483
0.375870755,6482
0.375882927,6481
0.375924873,6480
0.375932893,6479
0.375937625,6478
0.375997821,6477
0.376002815,6476
0.376014788,6475
0.376019977,6474
0.376056257,6473
0.376061254,6472
0.376066165,6471
0.376070533,6470
0.376129035,6469
0.376132802,6468
0.376136176,6467
0.376143735,6466
0.37614803,6465
0.376152303,6464
0.376155884,6463
0.376159675,6462
0.376163476,6461
0.376169672,6460
0.376173538,6459
0.376179409,6458
0.376183018,6457
0.376186716,6456
0.376190314,6455
0.376195761,6454
0.376199284,6453
0.376203076,6452
0.376206597,6451
0.376210878,6450
0.376214241,6449
0.376218297,6448
0.37622232,6447
0.376228292,6446
0.376234985,6445
0.376239791,6444
0.376244069,6443
0.376247716,6442
0.376251684,6441
0.376256242,6440
0.376267244,6439
0.376272954,6438
0.376277387,6437
0.376281557,6436
0.376285925,6435
0.376300385,6434
0.376307563,6433
0.37631131,6432
0.376315704,6431
0.376319293,6430
0.376322682,6429
0.376326499,6428
0.376333435,6427
0.37633713,6426
0.376340716,6425
0.376344181,6424
0.376347668,6423
0.376351306,6422
0.376354792,6421
0.376358158,6420
0.376361584,6419
0.376366328,6418
0.37637019,6417
0.37637495,6416
0.376378421,6415
0.376381522,6414
0.37638469,6413
0.376387482,6412
0.376390475,6411
0.37639338,6410
0.376396527,6409
0.37640115,6408
0.376404584,6407
0.376407902,6406
0.37641059,6405
0.376416476,6404
0.376419796,6403
0.376423015,6402
0.37642622,6401
0.376429115,6400
0.376433477,6399
0.376436246,6398
0.376438994,6397
0.376442148,6396
0.376445315,6395
0.376448491,6394
0.376451472,6393
0.37645435,6392
0.376457984,6391
0.37646179,6390
0.376465559,6389
0.376469604,6388
0.376472656,6387
0.376475686,6386
0.376482481,6385
0.376489489,6384
0.376492328,6383
0.376494859,6382
0.376498677,6381
0.37650187,6380
0.376509307,6379
0.376512988,6378
0.376516425,6377
0.376519824,6376
0.376525584,6375
0.376528936,6374
0.376533113,6373
0.37653695,6372
0.37654238,6371
0.376557389,6370
0.376561593,6369
0.376564482,6368
0.376567414,6367
0.376571374,6366
0.376575821,6365
0.376578551,6364
0.376581016,6363
0.376584021,6362
0.376586689,6361
0.376590242,6360
0.376593951,6359
0.37693979,6358
0.376942954,6357
0.376945766,6356
0.376949379,6355
0.376953553,6354
0.376957834,6353
0.376961264,6352
0.376964424,6351
0.37697024,6350
0.376973574,6349
0.37697662,6348
0.376980354,6347
0.376983336,6346
0.376986374,6345
0.376989436,6344
0.376993213,6343
0.376996161,6342
0.377000726,6341
0.377003453,6340
0.377006474,6339
0.377009524,6338
0.377012824,6337
0.377015663,6336
0.377019313,6335
0.377025745,6334
0.377028529,6333
0.377034051,6332
0.377042413,6331
0.377047156,6330
0.377053564,6329
0.377057049,6328
0.377060978,6327
0.377064177,6326
0.377067152,6325
0.377070195,6324
0.377073278,6323
0.377076759,6322
0.377080047,6321
0.377084629,6320
0.377088414,6319
0.37709133,6318
0.377094277,6317
0.377099923,6316
0.377147578,6315
0.377176134,6314
0.377293786,6313
0.377314451,6312
0.37732463,6311
0.377329379,6310
0.377338781,6309
0.377342531,6308
0.377346701,6307
0.377351367,6306
0.377357137,6305
0.377361778,6304
0.377365601,6303
0.377369428,6302
0.377375071,6301
0.377379271,6300
0.377383037,6299
0.377386922,6298
0.377390966,6297
0.377395379,6296
0.377399914,6295
0.377403743,6294
0.377407759,6293
0.37741159,6292
0.377415439,6291
0.377420379,6290
0.377426223,6289
0.377429797,6288
0.377437224,6287
0.377440766,6286
0.377444334,6285
0.377447833,6284
0.377451517,6283
0.377455935,6282
0.377490255,6281
0.377495395,6280
0.377502005,6279
0.377506164,6278
0.377530524,6277
0.377535023,6276
0.377539221,6275
0.377545362,6274
0.377549783,6273
0.377556469,6272
0.377560484,6271
0.377564354,6270
0.377568525,6269
0.377572401,6268
0.377576052,6267
0.377579445,6266
0.377583047,6265
0.377586754,6264
0.377590147,6263
0.377594867,6262
0.377598682,6261
0.377601953,6260
0.377605796,6259
0.377609449,6258
0.377612889,6257
0.377616652,6256
0.377621666,6255
0.377627408,6254
0.377631909,6253
0.377636018,6252
0.377641417,6251
0.377645272,6250
0.377649218,6249
0.377653801,6248
0.377657816,6247
0.377661754,6246
0.377665776,6245
0.377669796,6244
0.377674394,6243
0.377678613,6242
0.377684847,6241
0.377690274,6240
0.377694811,6239
0.377704955,6238
0.377742712,6237
0.377747387,6236
0.377751964,6235
0.37778446,6234
0.37779702,6233
0.377801385,6232
0.377805474,6231
0.377809564,6230
0.377823397,6229
0.377828676,6228
0.377832655,6227
0.377836957,6226
0.377842878,6225
0.377847432,6224
0.377852314,6223
0.377857737,6222
0.377861566,6221
0.377866967,6220
0.377871167,6219
0.377875282,6218
0.377879114,6217
0.377882989,6216
0.377886339,6215
0.377890099,6214
0.377894121,6213
0.377900203,6212
0.377904045,6211
0.377907818,6210
0.377913146,6209
0.377924154,6208
0.377927859,6207
0.377931435,6206
0.377935244,6205
0.377939371,6204
0.377943069,6203
0.377948817,6202
0.377952354,6201
0.377956292,6200
0.377960304,6199
0.37796418,6198
0.377972316,6197
0.377976719,6196
0.377990198,6195
0.378005347,6194
0.378009723,6193
0.378014132,6192
0.378019496,6191
0.378023419,6190
0.378027601,6189
0.37803421,6188
0.378038269,6187
0.378042273,6186
0.378046191,6185
0.37805095,6184
0.378059944,6183
0.378074897,6182
0.378115558,6181
0.378119331,6180
0.378122758,6179
0.37812752,6178
0.378162221,6177
0.378166658,6176
0.37817206,6175
0.378179371,6174
0.378190491,6173
0.378194659,6172
0.378199339,6171
0.378206526,6170
0.378212328,6169
0.37822151,6168
0.378227002,6167
0.378231061,6166
0.378235172,6165
0.378243332,6164
0.378252665,6163
0.378256746,6162
0.37826237,6161
0.378266969,6160
0.3782718,6159
0.378279098,6158
0.378285636,6157
0.378291887,6156
0.378297461,6155
0.378307416,6154
0.378311789,6153
0.378314998,6152
0.37832035,6151
0.378325588,6150
0.378362384,6149
0.378366381,6148
0.378371191,6147
0.378374618,6146
0.37837919,6145
0.378383798,6144
0.378396898,6143
0.378402239,6142
0.378408607,6141
0.378413005,6140
0.378417267,6139
0.378421716,6138
0.378426224,6137
0.378431905,6136
0.378444529,6135
0.378451509,6134
0.37845484,6133
0.378458145,6132
0.378462179,6131
0.378465716,6130
0.378473758,6129
0.378478047,6128
0.378482312,6127
0.378486182,6126
0.378492032,6125
0.378496446,6124
0.378500337,6123
0.378513027,6122
0.378517296,6121
0.37852192,6120
0.378525887,6119
0.378528961,6118
0.378532122,6117
0.378535164,6116
0.378541104,6115
0.378544022,6114
0.378546847,6113
0.378550072,6112
0.378553743,6111
0.378559441,6110
0.378563039,6109
0.37856616,6108
0.378569832,6107
0.378574724,6106
0.378578453,6105
0.378584301,6104
0.378587845,6103
0.378591275,6102
0.378594181,6101
0.378597776,6100
0.378600864,6099
0.378604347,6098
0.378607586,6097
0.378649522,6096
0.378657029,6095
0.378661659,6094
0.378666629,6093
0.37867046,6092
0.378674825,6091
0.378678901,6090
0.378683334,6089
0.378687902,6088
0.378693512,6087
0.37869834,6086
0.378701955,6085
0.378705469,6084
0.378708997,6083
0.378713128,6082
0.379389808,6081
0.379396138,6080
0.379401539,6079
0.379406501,6078
0.379414218,6077
0.379418743,6076
0.379423098,6075
0.379427906,6074
0.379433106,6073
0.379437428,6072
0.379446631,6071
0.379449932,6070
0.379453366,6069
0.379457109,6068
0.379460135,6067
0.379465174,6066
0.379474596,6065
0.379477624,6064
0.379480777,6063
0.379483735,6062
0.379487744,6061
0.379491054,6060
0.379499079,6059
0.379502474,6058
0.379506032,6057
0.37950937,6056
0.379517723,6055
0.379525447,6054
0.379535405,6053
0.379540425,6052
0.379545241,6051
0.379550137,6050
0.379554313,6049
0.379560815,6048
0.379565119,6047
0.379568767,6046
0.379571978,6045
0.379575996,6044
0.379583164,6043
0.379587635,6042
0.379590896,6041
0.379596382,6040
0.379599822,6039
0.379604268,6038
0.379607682,6037
0.379611219,6036
0.379622895,6035
0.379635401,6034
0.379648651,6033
0.379653278,6032
0.379658484,6031
0.379662896,6030
0.379666946,6029
0.379671045,6028
0.379675122,6027
0.379691124,6026
0.379694961,6025
0.379699373,6024
0.37970847,6023
0.379713048,6022
0.379719388,6021
0.379723243,6020
0.379727581,6019
0.379731601,6018
0.379735255,6017
0.37974007,6016
0.37974407,6015
0.379748893,6014
0.379753195,6013
0.379758202,6012
0.379761266,6011
0.379766386,6010
0.379771541,6009
0.379777791,6008
0.379781901,6007
0.379787005,6006
0.379790658,6005
0.379794554,6004
0.379798168,6003
0.379803186,6002
0.379807334,6001
0.379810624,6000
0.379814224,5999
0.379818107,5998
0.379821725,5997
0.379825366,5996
0.379831139,5995
0.379835011,5994
0.379838587,5993
0.379844399,5992
0.379847862,5991
0.379851441,5990
0.379854851,5989
0.379859623,5988
0.379864482,5987
0.379905688,5986
0.379909307,5985
0.379913081,5984
0.379916831,5983
0.379921918,5982
0.37993746,5981
0.379942499,5980
0.379946646,5979
0.379954871,5978
0.379959705,5977
0.379963306,5976
0.379966636,5975
0.379970599,5974
0.379974296,5973
0.379977971,5972
0.379983604,5971
0.379996294,5970
0.380001091,5969
0.380005966,5968
0.380010833,5967
0.380015272,5966
0.380019527,5965
0.380025584,5964
0.380029743,5963
0.380038622,5962
0.380044901,5961
0.380049826,5960
0.380056772,5959
0.380060897,5958
0.380064822,5957
0.380068988,5956
0.380072804,5955
0.380077562,5954
0.380083374,5953
0.380117144,5952
0.380134603,5951
0.380139007,5950
0.380146731,5949
0.380152124,5948
0.380156202,5947
0.380162199,5946
0.380168213,5945
0.380172957,5944
0.380177462,5943
0.380183922,5942
0.380192547,5941
0.380197109,5940
0.380201328,5939
0.380205989,5938
0.380212066,5937
0.38021854,5936
0.380224156,5935
0.380230059,5934
0.380236395,5933
0.380240522,5932
0.380244934,5931
0.380249437,5930
0.380254313,5929
0.38026857,5928
0.380273107,5927
0.380278113,5926
0.380284099,5925
0.380289099,5924
0.380294711,5923
0.380299096,5922
0.380303839,5921
0.380308922,5920
0.380314431,5919
0.380318402,5918
0.380327378,5917
0.380330977,5916
0.38034031,5915
0.380346677,5914
0.380351585,5913
0.380358129,5912
0.380362922,5911
0.380368095,5910
0.380372418,5909
0.380379861,5908
0.38038454,5907
0.380388881,5906
0.380393207,5905
0.380397155,5904
0.380403707,5903
0.381029602,5902
0.381036813,5901
0.381042153,5900
0.381047496,5899
0.381054857,5898
0.38105912,5897
0.381063557,5896
0.381067965,5895
0.381073996,5894
0.381077832,5893
0.381083655,5892
0.381086937,5891
0.381091349,5890
0.381097564,5889
0.381102427,5888
0.381106748,5887
0.381111626,5886
0.381117843,5885
0.381121526,5884
0.381127254,5883
0.381132437,5882
0.381143026,5881
0.381148586,5880
0.381156944,5879
0.381162907,5878
0.38116835,5877
0.381172186,5876
0.381179224,5875
0.38118418,5874
0.381187772,5873
0.381191744,5872
0.381196818,5871
0.381200598,5870
0.381204218,5869
0.381209368,5868
0.381212704,5867
0.381217186,5866
0.381221618,5865
0.381225197,5864
0.381228617,5863
0.381233588,5862
0.381238278,5861
0.381242517,5860
0.3812462,5859
0.38124965,5858
0.381253089,5857
0.381256681,5856
0.381264631,5855
0.381271522,5854
0.381278252,5853
0.381281573,5852
0.381287077,5851
0.381291487,5850
0.381296229,5849
0.381299939,5848
0.381307399,5847
0.381320981,5846
0.381324127,5845
0.381327426,5844
0.381330748,5843
0.381334875,5842
0.38133831,5841
0.3813416,5840
0.381344658,5839
0.381348616,5838
0.381351631,5837
0.381355251,5836
0.381362016,5835
0.381370329,5834
0.381374578,5833
0.381378276,5832
0.381387195,5831
0.381391921,5830
0.381396989,5829
0.381400873,5828
0.381404672,5827
0.381408487,5826
0.381412029,5825
0.381421427,5824
0.381443246,5823
0.381448672,5822
0.381454818,5821
0.38145984,5820
0.381463353,5819
0.381467327,5818
0.381471243,5817
0.381477403,5816
0.381481703,5815
0.381485646,5814
0.381493002,5813
0.381497813,5812
0.381501247,5811
0.381504709,5810
0.381508233,5809
0.381511646,5808
0.381517088,5807
0.381522268,5806
0.381528698,5805
0.38153218,5804
0.381535637,5803
0.382002142,5802
0.382007786,5801
0.382015655,5800
0.382021757,5799
0.382028658,5798
0.382038166,5797
0.382043493,5796
0.38204763,5795
0.382051226,5794
0.382058344,5793
0.382062157,5792
0.382067087,5791
0.382075398,5790
0.38207894,5789
0.382083449,5788
0.382089946,5787
0.382095,5786
0.382098635,5785
0.382102641,5784
0.382105974,5783
0.382111622,5782
0.382115121,5781
0.382120664,5780
0.382124298,5779
0.382127963,5778
0.38213189,5777
0.382136923,5776
0.382140642,5775
0.382145397,5774
0.38214861,5773
0.382156554,5772
0.382159655,5771
0.382163199,5770
0.382174666,5769
0.382177946,5768
0.382184346,5767
0.382190496,5766
0.382195799,5765
0.382230175,5764
0.382235366,5763
0.382240728,5762
0.382251308,5761
0.382259657,5760
0.382265049,5759
0.382270527,5758
0.382275924,5757
0.382311983,5756
0.38231711,5755
0.382323986,5754
0.382332776,5753
0.382338417,5752
0.38234797,5751
0.382352889,5750
0.382357816,5749
0.382362054,5748
0.382371769,5747
0.38237829,5746
0.382383735,5745
0.382387879,5744
0.382393463,5743
0.382397432,5742
0.382401466,5741
0.382405731,5740
0.382410335,5739
0.382421392,5738
0.382428543,5737
0.382439057,5736
0.382445383,5735
0.382452043,5734
0.382457629,5733
0.382464598,5732
0.382479197,5731
0.382486088,5730
0.382526773,5729
0.382562976,5728
0.382570085,5727
0.382576302,5726
0.382610508,5725
0.382614627,5724
0.382619905,5723
0.382624464,5722
0.382629123,5721
0.382633884,5720
0.38263843,5719
0.382642892,5718
0.38264987,5717
0.382654124,5716
0.382659021,5715
0.38266597,5714
0.382671029,5713
0.382675652,5712
0.382680131,5711
0.382684454,5710
0.382692879,5709
0.382698758,5708
0.382705148,5707
0.382715628,5706
0.382720506,5705
0.382805103,5704
0.382810087,5703
0.382817329,5702
0.382861733,5701
0.382869293,5700
0.382876081,5699
0.382880748,5698
0.38288519,5697
0.382890657,5696
0.382896186,5695
0.382902668,5694
0.382906646,5693
0.382910755,5692
0.382918648,5691
0.382927132,5690
0.382974745,5689
0.383002508,5688
0.38300984,5687
0.383090525,5686
0.383098571,5685
0.383104498,5684
0.383109192,5683
0.383117374,5682
0.383122101,5681
0.383127104,5680
0.383136476,5679
0.383143422,5678
0.383156017,5677
0.383160605,5676
0.38316922,5675
0.383173281,5674
0.383178342,5673
0.383182491,5672
0.38319162,5671
0.38323121,5670
0.383236631,5669
0.383246303,5668
0.383251063,5667
0.383255757,5666
0.383262838,5665
0.38332801,5664
0.383335257,5663
0.383364292,5662
0.383370629,5661
0.383374954,5660
0.383379242,5659
0.383386896,5658
0.383394431,5657
0.383400415,5656
0.38340942,5655
0.384001102,5654
0.384017071,5653
0.384027127,5652
0.384054348,5651
0.384062234,5650
0.384088953,5649
0.384095051,5648
0.384100298,5647
0.384106716,5646
0.384111844,5645
0.384116556,5644
0.384121152,5643
0.384125232,5642
0.384134052,5641
0.384142623,5640
0.384150622,5639
0.384154834,5638
0.384159784,5637
0.384164376,5636
0.384168798,5635
0.384172841,5634
0.384179232,5633
0.384183423,5632
0.384187192,5631
0.384191245,5630
0.384195032,5629
0.384200315,5628
0.384204717,5627
0.384212389,5626
0.384217696,5625
0.384227218,5624
0.384233178,5623
0.384239011,5622
0.384247313,5621
0.384258043,5620
0.384262404,5619
0.384269265,5618
0.384278706,5617
0.384285209,5616
0.38429893,5615
0.384309182,5614
0.384313126,5613
0.384317589,5612
0.38436796,5611
0.384372836,5610
0.384378198,5609
0.384390381,5608
0.384396063,5607
0.38441028,5606
0.384515932,5605
0.384523425,5604
0.384550954,5603
0.38455469,5602
0.384558692,5601
0.384562173,5600
0.384565674,5599
0.384568909,5598
0.384576108,5597
0.384589602,5596
0.384595962,5595
0.384600952,5594
0.384604803,5593
0.384643344,5592
0.384653526,5591
0.384665229,5590
0.38468831,5589
0.384711381,5588
0.384718064,5587
0.384722508,5586
0.384731022,5585
0.384735046,5584
0.384750003,5583
0.384753891,5582
0.384759929,5581
0.384971496,5580
0.384977262,5579
0.384980963,5578
0.384984379,5577
0.384990209,5576
0.385000463,5575
0.385007317,5574
0.385012083,5573
0.385018659,5572
0.385021882,5571
0.385027675,5570
0.385038776,5569
0.385042941,5568
0.385046239,5567
0.385049115,5566
0.385051919,5565
0.385056545,5564
0.385060226,5563
0.385063244,5562
0.385402309,5561
0.385407274,5560
0.385410829,5559
0.385414434,5558
0.385418902,5557
0.385425728,5556
0.385431126,5555
0.385437346,5554
0.385441539,5553
0.385445109,5552
0.385449213,5551
0.385477136,5550
0.38548011,5549
0.385485077,5548
0.385489553,5547
0.38549648,5546
0.38550491,5545
0.385512156,5544
0.385524583,5543
0.385531689,5542
0.385537572,5541
0.385542359,5540
0.385552361,5539
0.385560261,5538
0.385564339,5537
0.385568291,5536
0.385572581,5535
0.385578691,5534
0.385581884,5533
0.385585228,5532
0.385588389,5531
0.385592619,5530
0.385597028,5529
0.385611694,5528
0.385616184,5527
0.385620306,5526
0.385624254,5525
0.385627943,5524
0.38563553,5523
0.385641976,5522
0.385645245,5521
0.385651635,5520
0.385657772,5519
0.385742501,5518
0.385746033,5517
0.385750287,5516
0.385757392,5515
0.385761859,5514
0.385766887,5513
0.385772121,5512
0.385783663,5511
0.385787192,5510
0.385790651,5509
0.385794291,5508
0.385798835,5507
0.385806863,5506
0.385813319,5505
0.385823617,5504
0.385827037,5503
0.385830497,5502
0.385836474,5501
0.385845044,5500
0.385852381,5499
0.38585551,5498
0.385858815,5497
0.385862338,5496
0.385867292,5495
0.385870668,5494
0.385875094,5493
0.385881855,5492
0.385885187,5491
0.385889423,5490
0.385894182,5489
0.385897602,5488
0.385900721,5487
0.385905597,5486
0.385910913,5485
0.3859398,5484
0.385942987,5483
0.385947457,5482
0.385955943,5481
0.385959535,5480
0.38596364,5479
0.385968932,5478
0.385974072,5477
0.385985369,5476
0.38599022,5475
0.385998105,5474
0.386006193,5473
0.386009712,5472
0.386013572,5471
0.386019892,5470
0.386023233,5469
0.386135732,5468
0.386140075,5467
0.386148424,5466
0.386157598,5465
0.38616393,5464
0.386181216,5463
0.388915125,5462
0.388921945,5461
0.388941589,5460
0.388946361,5459
0.388955462,5458
0.388960181,5457
0.388965932,5456
0.388974403,5455
0.389009724,5454
0.389014371,5453
0.389022489,5452
0.389026848,5451
0.389032928,5450
0.389037657,5449
0.389042368,5448
0.38905668,5447
0.389101209,5446
0.389105666,5445
0.389112861,5444
0.389153765,5443
0.38916088,5442
0.389215821,5441
0.389267622,5440
0.389273113,5439
0.38927795,5438
0.389316522,5437
0.389356488,5436
0.389361959,5435
0.389400087,5434
0.3894055,5433
0.38941088,5432
0.389416495,5431
0.389420724,5430
0.389460533,5429
0.389465198,5428
0.389473718,5427
0.389480874,5426
0.389487727,5425
0.389493521,5424
0.389529567,5423
0.38953942,5422
0.389544029,5421
0.38955124,5420
0.389555189,5419
0.389560858,5418
0.389567658,5417
0.389577078,5416
0.389581725,5415
0.389592464,5414
0.389596479,5413
0.389600448,5412
0.389603784,5411
0.389608975,5410
0.389612564,5409
0.389616473,5408
0.389622056,5407
0.389629437,5406
0.389632658,5405
0.389638903,5404
0.389653105,5403
0.389662154,5402
0.38967121,5401
0.389681253,5400
0.389684816,5399
0.389689132,5398
0.389692405,5397
0.389698446,5396
0.38970401,5395
0.389707247,5394
0.389719653,5393
0.389755438,5392
0.389759758,5391
0.389763747,5390
0.389769933,5389
0.3897764,5388
0.389780188,5387
0.38978445,5386
0.389788856,5385
0.389796772,5384
0.389802346,5383
0.38980859,5382
0.389814345,5381
0.389822863,5380
0.389828503,5379
0.389832142,5378
0.389835859,5377
0.389839525,5376
0.38984284,5375
0.389855283,5374
0.389900237,5373
0.390381309,5372
0.390398679,5371
0.390408463,5370
0.390412966,5369
0.390417854,5368
0.390440469,5367
0.390446943,5366
0.390454925,5365
0.390459379,5364
0.390472107,5363
0.39047682,5362
0.390481844,5361
0.390487077,5360
0.390497009,5359
0.390504539,5358
0.390525583,5357
0.390533675,5356
0.390540065,5355
0.390545341,5354
0.390552984,5353
0.390556214,5352
0.390562496,5351
0.390565395,5350
0.39056867,5349
0.390576261,5348
0.39058013,5347
0.390592726,5346
0.390629745,5345
0.390634635,5344
0.390638704,5343
0.390642097,5342
0.390645913,5341
0.390649569,5340
0.390653741,5339
0.390658671,5338
0.390664701,5337
0.390668434,5336
0.390671202,5335
0.390675946,5334
0.39068056,5333
0.390689141,5332
0.390692627,5331
0.390695821,5330
0.390699273,5329
0.390703286,5328
0.39070811,5327
0.390715857,5326
0.390719769,5325
0.390726242,5324
0.390731369,5323
0.39073459,5322
0.390742954,5321
0.390759988,5320
0.390765084,5319
0.390772317,5318
0.390780433,5317
0.390785269,5316
0.390807866,5315
0.390814121,5314
0.390820394,5313
0.390825182,5312
0.390833165,5311
0.390846039,5310
0.390857391,5309
0.390867156,5308
0.390878647,5307
0.390882349,5306
0.390887679,5305
0.390899941,5304
0.390905912,5303
0.390921726,5302
0.390928845,5301
0.39093378,5300
0.390938762,5299
0.39094505,5298
0.39094989,5297
0.390956961,5296
0.390971584,5295
0.391013429,5294
0.391017557,5293
0.391025605,5292
0.391033548,5291
0.391042399,5290
0.391047975,5289
0.391052679,5288
0.391058381,5287
0.391062751,5286
0.391068357,5285
0.391559331,5284
0.39157545,5283
0.391580393,5282
0.391584289,5281
0.391596817,5280
0.391609226,5279
0.391617465,5278
0.39162457,5277
0.391633028,5276
0.391653017,5275
0.391660488,5274
0.391665003,5273
0.391699282,5272
0.391706561,5271
0.391739557,5270
0.391784229,5269
0.391818788,5268
0.391831243,5267
0.391848954,5266
0.391884515,5265
0.391895205,5264
0.391909281,5263
0.391917189,5262
0.391933824,5261
0.391939304,5260
0.391952372,5259
0.39195939,5258
0.391974201,5257
0.391992439,5256
0.391999684,5255
0.392003874,5254
0.392008009,5253
0.392014009,5252
0.392020071,5251
0.392034831,5250
0.392041319,5249
0.392045456,5248
0.392049729,5247
0.392055482,5246
0.392059359,5245
0.39206375,5244
0.392070142,5243
0.392077979,5242
0.392082148,5241
0.392128169,5240
0.392161434,5239
0.392165543,5238
0.392172035,5237
0.392180789,5236
0.39218943,5235
0.392195884,5234
0.392204888,5233
0.392212056,5232
0.392216646,5231
0.392222591,5230
0.392651476,5229
0.392667793,5228
0.39267157,5227
0.392690405,5226
0.392705771,5225
0.39272061,5224
0.392736133,5223
0.392742328,5222
0.392746566,5221
0.392751224,5220
0.392767092,5219
0.392774709,5218
0.392799301,5217
0.39280875,5216
0.392812752,5215
0.392817051,5214
0.392821476,5213
0.392836236,5212
0.39285505,5211
0.392862512,5210
0.392874616,5209
0.392884473,5208
0.392890136,5207
0.392895246,5206
0.392901701,5205
0.392910446,5204
0.392913593,5203
0.39292128,5202
0.392967844,5201
0.392975407,5200
0.392980161,5199
0.392992183,5198
0.393003435,5197
0.39302268,5196
0.393028082,5195
0.393034375,5194
0.393039251,5193
0.3930436,5192
0.393061082,5191
0.393064837,5190
0.393069976,5189
0.393084173,5188
0.393088708,5187
0.393142286,5186
0.393147466,5185
0.393155414,5184
0.393164087,5183
0.393178271,5182
0.393193194,5181
0.393225205,5180
0.39323733,5179
0.393247904,5178
0.393251758,5177
0.393255425,5176
0.393264491,5175
0.393269701,5174
0.393274706,5173
0.393284599,5172
0.393294379,5171
0.393297658,5170
0.393301674,5169
0.393324818,5168
0.393327528,5167
0.393333008,5166
0.393354886,5165
0.393361422,5164
0.393369007,5163
0.393374229,5162
0.393378524,5161
0.393382523,5160
0.393407743,5159
0.393413634,5158
0.393423569,5157
0.393428034,5156
0.393437223,5155
0.393440482,5154
0.393452956,5153
0.393461386,5152
0.393465413,5151
0.393469196,5150
0.393472646,5149
0.393479636,5148
0.393486215,5147
0.393509165,5146
0.393532406,5145
0.393535828,5144
0.393539116,5143
0.393544495,5142
0.393549945,5141
0.393553914,5140
0.393563747,5139
0.393567267,5138
0.393572839,5137
0.393581902,5136
0.393588224,5135
0.393591231,5134
0.393599123,5133
0.393604323,5132
0.393619455,5131
0.393625325,5130
0.393630112,5129
0.393636396,5128
0.393640026,5127
0.393643685,5126
0.393653489,5125
0.393659675,5124
0.393664464,5123
0.39366846,5122
0.393675362,5121
0.393679804,5120
0.393683611,5119
0.393692604,5118
0.393697756,5117
0.393845881,5116
0.393854173,5115
0.39388396,5114
0.393894661,5113
0.393897664,5112
0.393901857,5111
0.39393019,5110
0.393933478,5109
0.393947028,5108
0.393950172,5107
0.393955054,5106
0.394306417,5105
0.394316636,5104
0.394323985,5103
0.39433009,5102
0.394335122,5101
0.394348039,5100
0.39438874,5099
0.394397654,5098
0.394404729,5097
0.394410872,5096
0.394454903,5095
0.394498784,5094
0.394507447,5093
0.394514196,5092
0.394537653,5091
0.394548607,5090
0.394555344,5089
0.394563736,5088
0.394577151,5087
0.394580748,5086
0.394593393,5085
0.394606909,5084
0.394612755,5083
0.394638208,5082
0.394652428,5081
0.394661638,5080
0.394667254,5079
0.394671278,5078
0.394675661,5077
0.394681687,5076
0.394687142,5075
0.394694103,5074
0.394699867,5073
0.394722087,5072
0.394743703,5071
0.394748516,5070
0.394754652,5069
0.394769803,5068
0.394783135,5067
0.394787832,5066
0.394794081,5065
0.394804649,5064
0.394811754,5063
0.394816722,5062
0.394823193,5061
0.394829333,5060
0.394839645,5059
0.394851206,5058
0.39487446,5057
0.394880757,5056
0.394894279,5055
0.394898867,5054
0.394907334,5053
0.394912225,5052
0.394924285,5051
0.394933711,5050
0.394939198,5049
0.394976827,5048
0.394983004,5047
0.395033261,5046
0.395078973,5045
0.395137671,5044
0.395149937,5043
0.395154757,5042
0.395160419,5041
0.395187542,5040
0.395192907,5039
0.395202141,5038
0.395216578,5037
0.395222376,5036
0.395260494,5035
0.395268008,5034
0.395293767,5033
0.395332683,5032
0.395337708,5031
0.3953412,5030
0.395347708,5029
0.395356855,5028
0.395361142,5027
0.395364029,5026
0.395367596,5025
0.395370573,5024
0.395375555,5023
0.395379803,5022
0.395387081,5021
0.395400053,5020
0.39540391,5019
0.39540719,5018
0.39541355,5017
0.39541793,5016
0.395425918,5015
0.395429773,5014
0.395439252,5013
0.395442674,5012
0.395452089,5011
0.395462486,5010
0.395472478,5009
0.39547613,5008
0.395480371,5007
0.39548628,5006
0.3955011,5005
0.395507373,5004
0.395519132,5003
0.395539221,5002
0.395542574,5001
0.395546723,5000
0.395570766,4999
0.395574863,4998
0.3955793,4997
0.395594087,4996
0.395600818,4995
0.395610942,4994
0.39561443,4993
0.395633725,4992
0.395642378,4991
0.395648378,4990
0.395652535,4989
0.395660539,4988
0.395663592,4987
0.396018861,4986
0.396037983,4985
0.396044784,4984
0.396099904,4983
0.396113241,4982
0.396131074,4981
0.39614422,4980
0.396151283,4979
0.396158193,4978
0.396172699,4977
0.396192394,4976
0.396195766,4975
0.396220261,4974
0.39623673,4973
0.39624992,4972
0.396255443,4971
0.396270504,4970
0.396274964,4969
0.396323902,4968
0.396350618,4967
0.396365157,4966
0.396381159,4965
0.396396728,4964
0.396422441,4963
0.396430699,4962
0.396436481,4961
0.396460223,4960
0.396465238,4959
0.39647081,4958
0.396494524,4957
0.396500176,4956
0.396507878,4955
0.396513236,4954
0.396519854,4953
0.396526821,4952
0.396540047,4951
0.396580405,4950
0.396596674,4949
0.396600439,4948
0.396615703,4947
0.396657221,4946
0.396675556,4945
0.396696252,4944
0.397064738,4943
0.397074053,4942
0.397081172,4941
0.397085831,4940
0.39709188,4939
0.397100503,4938
0.397155222,4937
0.397176155,4936
0.397181483,4935
0.39718541,4934
0.39722442,4933
0.397234272,4932
0.397303794,4931
0.39731427,4930
0.39738244,4929
0.397391631,4928
0.39739735,4927
0.397406963,4926
0.397412237,4925
0.397446336,4924
0.397456241,4923
0.397463974,4922
0.397475443,4921
0.397480905,4920
0.397487205,4919
0.397496054,4918
0.397519013,4917
0.39762154,4916
0.397626577,4915
0.398643139,4914
0.398719259,4913
0.39872447,4912
0.3987581,4911
0.398794337,4910
0.398802802,4909
0.398851392,4908
0.398898205,4907
0.398947859,4906
0.398957711,4905
0.398994235,4904
0.398997938,4903
0.399004882,4902
0.399044743,4901
0.399048689,4900
0.399052788,4899
0.399120074,4898
0.399166682,4897
0.399209341,4896
0.399624813,4895
0.399639822,4894
0.399676408,4893
0.399719842,4892
0.399727508,4891
0.399734459,4890
0.399738785,4889
0.39977545,4888
0.399786206,4887
0.399827986,4886
0.399870709,4885
0.399942002,4884
0.399960524,4883
0.399976638,4882
0.400020999,4881
0.40007712,4880
0.400103095,4879
0.400113164,4878
0.400140611,4877
0.400154005,4876
0.400171316,4875
0.400176548,4874
0.400180624,4873
0.400190983,4872
0.400254374,4871
0.400269401,4870
0.400279377,4869
0.400285888,4868
0.400323678,4867
0.400373463,4866
0.40038184,4865
0.400885625,4864
0.403361498,4863
0.40341661,4862
0.403550601,4861
0.403700012,4860
0.403718035,4859
0.403738262,4858
0.403745485,4857
0.40374993,4856
0.403756733,4855
0.40377537,4854
0.403790531,4853
0.403798152,4852
0.403824052,4851
0.403851629,4850
0.403866623,4849
0.403879493,4848
0.403884648,4847
0.403888324,4846
0.403896508,4845
0.403909527,4844
0.403918008,4843
0.40396046,4842
0.403973933,4841
0.40399815,4840
0.404014958,4839
0.404021293,4838
0.404033964,4837
0.404042123,4836
0.404053365,4835
0.404059422,4834
0.404066373,4833
0.404070775,4832
0.404082394,4831
0.404130262,4830
0.404134075,4829
0.404140645,4828
0.404147181,4827
0.404162072,4826
0.404184165,4825
0.404189021,4824
0.404196581,4823
0.404210874,4822
0.404219458,4821
0.405048738,4820
0.405130026,4819
0.405169768,4818
0.405215854,4817
0.405266147,4816
0.405273283,4815
0.405310446,4814
0.405360419,4813
0.405370985,4812
0.405407192,4811
0.405443047,4810
0.405446792,4809
0.40551483,4808
0.405528843,4807
0.405573422,4806
0.40558182,4805
0.405587476,4804
0.405595384,4803
0.405601918,4802
0.405617111,4801
0.405619723,4800
0.405627794,4799
0.405630289,4798
0.405636179,4797
0.405958493,4796
0.405963308,4795
0.406017602,4794
0.406031893,4793
0.406038182,4792
0.406043214,4791
0.40605434,4790
0.406069335,4789
0.406084581,4788
0.406107861,4787
0.406114269,4786
0.406120612,4785
0.406128675,4784
0.406134211,4783
0.406155137,4782
0.406170125,4781
0.40617813,4780
0.406199517,4779
0.406203953,4778
0.406392925,4777
0.406402113,4776
0.406409547,4775
0.406475429,4774
0.406538799,4773
0.406575237,4772
0.406610531,4771
0.40661613,4770
0.406683738,4769
0.406689683,4768
0.406726035,4767
0.40673147,4766
0.406937331,4765
0.406941946,4764
0.406978237,4763
0.407028673,4762
0.407062217,4761
0.407508644,4760
0.407536802,4759
0.407647557,4758
0.407661805,4757
0.407986539,4756
0.408001673,4755
0.408064113,4754
0.4080863,4753
0.408302539,4752
0.559876733,4751
0.583214859,4750
0.597393507,4749
0.608831042,4748
0.620901128,4747
0.640298206,4746
0.654683585,4745
0.667824435,4744
0.679869714,4743
0.711780215,4742
0.729963958,4741
0.756842743,4740
0.781496521,4739
0.815926685,4738
0.850926873,4737
0.888404571,4736
0.912197892,4735
0.930986983,4734
0.95113367,4733
0.968907362,4732
0.978566979,4731
0.995906952,4730
1.006262321,4729
1.027708601,4728
1.036120399,4727
1.057163132,4726
1.079459048,4725
1.099370348,4724
1.118790875,4723
1.144233941,4722
1.17195605,4721
1.187440094,4720
1.200222746,4719
1.217104646,4718
1.235685172,4717
1.289905737,4716
1.301718142,4715
1.317822478,4714
1.335204804,4713
1.347084963,4712
1.376716919,4711
1.397696869,4710
1.429283216,4709
1.437025151,4708
1.452017201,4707
1.465186685,4706
1.500288353,4705
1.524505537,4704
1.540575241,4703
1.570740215,4702
1.612135223,4701
1.635647129,4700
1.691990773,4699
1.731329027,4698
1.787057351,4697
1.839148089,4696
1.903750253,4695
1.919641646,4694
1.951983811,4693
2.005161802,4692
2.040895208,4691
2.063547399,4690
2.248833289,4689
2.278192104,4688
2.349373561,4687
2.378973848,4686
2.414287795,4685
2.438821959,4684
2.457526264,4683
2.496270097,4682
2.524682902,4681
2.54636457,4680
2.573051844,4679
2.688547902,4678
2.713283294,4677
2.75959805,4676
2.774124846,4675
2.796453587,4674
2.938695106,4673
3.037829521,4672
3.085312145,4671
3.105184666,4670
3.130595903,4669
3.139726032,4668
3.153498845,4667
3.162310474,4666
3.170727671,4665
3.197582182,4664
3.217841371,4663
3.229522604,4662
3.245929857,4661
3.260750762,4660
3.286881666,4659
3.305507604,4658
3.326897549,4657
3.346148445,4656
3.407672328,4655
3.41992999,4654
3.476760517,4653
3.496632057,4652
3.520135192,4651
3.541183682,4650
3.575554039,4649
3.602436176,4648
3.634653912,4647
3.682481608,4646
3.717245149,4645
3.747213965,4644
3.763574089,4643
3.774715781,4642
3.8219575,4641
3.847633881,4640
3.870708306,4639
3.909340698,4638
3.931730766,4637
3.949221764,4636
3.965540615,4635
3.99916053,4634
4.016970908,4633
4.032322294,4632
4.066518088,4631
4.083058164,4630
4.093830252,4629
4.170651335,4628
4.190741504,4627
4.207299393,4626
4.312571238,4625
4.33259463,4624
4.456876625,4623
4.514009541,4622
4.620529597,4621
4.678894707,4620
4.779172722,4619
4.801960362,4618
4.958491478,4617
5.149279267,4616
5.205494701,4615
