0.58696443,10181
0.587052195,10180
0.587119533,10179
0.590313,10178
0.590419892,10177
0.590444798,10176
0.590465318,10175
0.590473255,10174
0.590480655,10173
0.590487763,10172
0.5904943,10171
0.590501092,10170
0.590507475,10169
0.590539268,10168
0.590557685,10167
0.590575804,10166
0.590659331,10165
0.590679617,10164
0.590697979,10163
0.591649144,10162
0.591747134,10161
0.591803017,10160
0.591816672,10159
0.591827371,10158
0.591877169,10157
0.591890529,10156
0.591909862,10155
0.591961528,10154
0.591973698,10153
0.591997301,10152
0.59201264,10151
0.59202185,10150
0.592633798,10149
0.592652535,10148
0.592676726,10147
0.592688494,10146
0.592727987,10145
0.593054989,10144
0.593077377,10143
0.593090299,10142
0.59309864,10141
0.593107128,10140
0.593115663,10139
0.593136193,10138
0.593167778,10137
0.59318443,10136
0.593204904,10135
0.593227829,10134
0.593234986,10133
0.593243503,10132
0.593250991,10131
0.593256807,10130
0.593262455,10129
0.593267625,10128
0.593273984,10127
0.593281016,10126
0.593286897,10125
0.593295222,10124
0.59330375,10123
0.593310959,10122
0.593317918,10121
0.593326007,10120
0.593332276,10119
0.593340168,10118
0.593944266,10117
0.597742583,10116
0.597783183,10115
0.597800943,10114
0.5978095,10113
0.597816386,10112
0.597824731,10111
0.597867013,10110
0.598308107,10109
0.598321085,10108
0.598361804,10107
0.598369394,10106
0.598417278,10105
0.598428852,10104
0.598438553,10103
0.598445855,10102
0.598451036,10101
0.598455603,10100
0.598461037,10099
0.598466425,10098
0.598472597,10097
0.59847896,10096
0.598486519,10095
0.598494363,10094
0.598502711,10093
0.598509912,10092
0.598516866,10091
0.598523644,10090
0.598530091,10089
0.598553817,10088
0.598558818,10087
0.598571881,10086
0.598616365,10085
0.598622253,10084
0.598628223,10083
0.59865669,10082
0.598662217,10081
0.598668001,10080
0.598677655,10079
0.59868732,10078
0.598693564,10077
0.598698538,10076
0.598704418,10075
0.598711618,10074
0.598717991,10073
0.598723955,10072
0.598737407,10071
0.598751157,10070
0.598771198,10069
0.598776883,10068
0.598782812,10067
0.598788033,10066
0.598793084,10065
0.59880178,10064
0.598848419,10063
0.598854323,10062
0.598860723,10061
0.598865995,10060
0.598871603,10059
0.598876241,10058
0.598882296,10057
0.598888161,10056
0.598895045,10055
0.598925923,10054
0.598937121,10053
0.59894554,10052
0.59896308,10051
0.598974916,10050
0.598984745,10049
0.59899172,10048
0.59899734,10047
0.599002424,10046
0.599007414,10045
0.599012836,10044
0.599018354,10043
0.599025973,10042
0.599042157,10041
0.599056081,10040
0.599070564,10039
0.599084067,10038
0.599094345,10037
0.599109839,10036
0.599114855,10035
0.59911928,10034
0.59912417,10033
0.599129992,10032
0.599134745,10031
0.599138973,10030
0.599143043,10029
0.599147211,10028
0.599151561,10027
0.599155577,10026
0.599159741,10025
0.599163846,10024
0.599167964,10023
0.599172569,10022
0.599176695,10021
0.599181294,10020
0.599186792,10019
0.599190981,10018
0.599195195,10017
0.599199856,10016
0.599203851,10015
0.599209357,10014
0.599217596,10013
0.599223642,10012
0.599229053,10011
0.599236194,10010
0.599241233,10009
0.599245809,10008
0.599250282,10007
0.599255893,10006
0.599261096,10005
0.599265624,10004
0.599269837,10003
0.599274318,10002
0.59927867,10001
0.599283922,10000
0.599289496,9999
0.599294356,9998
0.599299316,9997
0.599304456,9996
0.599309376,9995
0.599314501,9994
0.59931944,9993
0.599324127,9992
0.599333182,9991
0.599343385,9990
0.599355175,9989
0.599366219,9988
0.599373947,9987
0.599379345,9986
0.599384193,9985
0.599388863,9984
0.599393672,9983
0.599398402,9982
0.599402781,9981
0.599406793,9980
0.599411023,9979
0.599415427,9978
0.599420105,9977
0.599424997,9976
0.599429774,9975
0.599434418,9974
0.599438669,9973
0.599442635,9972
0.599446721,9971
0.599450465,9970
0.59945493,9969
0.599459395,9968
0.599464355,9967
0.599469389,9966
0.599474304,9965
0.599478876,9964
0.599484095,9963
0.599489123,9962
0.599493828,9961
0.599498374,9960
0.599502795,9959
0.599507338,9958
0.599512001,9957
0.599516325,9956
0.599520855,9955
0.599525422,9954
0.599530399,9953
0.599535081,9952
0.59953917,9951
0.599542757,9950
0.599547739,9949
0.599553139,9948
0.599558119,9947
0.599563205,9946
0.59956802,9945
0.599572899,9944
0.599637302,9943
0.599646169,9942
0.599657955,9941
0.599664188,9940
0.599669564,9939
0.599674594,9938
0.599679543,9937
0.599684257,9936
0.599688722,9935
0.599693645,9934
0.59969878,9933
0.599703216,9932
0.599707767,9931
0.599715761,9930
0.599721743,9929
0.599726986,9928
0.599741201,9927
0.599754941,9926
0.599767572,9925
0.599779635,9924
0.599792343,9923
0.599805738,9922
0.599817883,9921
0.599823051,9920
0.599828306,9919
0.599833226,9918
0.599837967,9917
0.599842735,9916
0.599847702,9915
0.601102943,9914
0.601133302,9913
0.601139507,9912
0.60114434,9911
0.601149744,9910
0.601154654,9909
0.601159868,9908
0.601164825,9907
0.601169279,9906
0.601174074,9905
0.601178613,9904
0.601183092,9903
0.601187789,9902
0.601192531,9901
0.601197501,9900
0.601201715,9899
0.601206539,9898
0.601212376,9897
0.601217609,9896
0.601223424,9895
0.601228375,9894
0.601233125,9893
0.601238586,9892
0.601243263,9891
0.601248334,9890
0.601252831,9889
0.601257879,9888
0.601261926,9887
0.601266023,9886
0.601270489,9885
0.601275651,9884
0.60128772,9883
0.601300285,9882
0.602027892,9881
0.60203487,9880
0.602079095,9879
0.602517591,9878
0.602524841,9877
0.602539576,9876
0.602548107,9875
0.60255569,9874
0.60257193,9873
0.602585339,9872
0.602591458,9871
0.602609049,9870
0.602846046,9869
0.602856978,9868
0.602861819,9867
0.602865279,9866
0.602870099,9865
0.602874203,9864
0.602879856,9863
0.602884678,9862
0.602888579,9861
0.603665321,9860
0.603720412,9859
0.60372936,9858
0.603743669,9857
0.603749247,9856
0.603753039,9855
0.603756621,9854
0.603760791,9853
0.603764613,9852
0.603768506,9851
0.603771987,9850
0.603775513,9849
0.603779201,9848
0.603783211,9847
0.603787755,9846
0.603791576,9845
0.603796087,9844
0.603800099,9843
0.603803846,9842
0.603808126,9841
0.603812225,9840
0.603816147,9839
0.60381982,9838
0.60382337,9837
0.603826807,9836
0.603830534,9835
0.603834295,9834
0.603838147,9833
0.603841572,9832
0.603847484,9831
0.603862895,9830
0.603911786,9829
0.603916944,9828
0.60392152,9827
0.603928462,9826
0.603934418,9825
0.60393935,9824
0.603950152,9823
0.603954812,9822
0.603958856,9821
0.603962825,9820
0.603967003,9819
0.603976846,9818
0.603982884,9817
0.603987574,9816
0.603992206,9815
0.603996726,9814
0.604006331,9813
0.604011013,9812
0.604015199,9811
0.604019367,9810
0.604023598,9809
0.604027883,9808
0.604031533,9807
0.604036269,9806
0.60404098,9805
0.604045992,9804
0.604052086,9803
0.604059673,9802
0.604110397,9801
0.604147472,9800
0.604156865,9799
0.604168206,9798
0.604175983,9797
0.604184007,9796
0.604190522,9795
0.604195073,9794
0.604201638,9793
0.604211972,9792
0.604217133,9791
0.604221928,9790
0.604226649,9789
0.604231176,9788
0.604235298,9787
0.604239973,9786
0.604244442,9785
0.604255531,9784
0.605339933,9783
0.605382164,9782
0.605386488,9781
0.60540078,9780
0.60543055,9779
0.605444215,9778
0.605449932,9777
0.605454315,9776
0.605458403,9775
0.60546243,9774
0.605466104,9773
0.605469642,9772
0.605473677,9771
0.605477483,9770
0.605481679,9769
0.605485243,9768
0.605488927,9767
0.605492168,9766
0.605496032,9765
0.605500133,9764
0.605503894,9763
0.605507692,9762
0.605511681,9761
0.605515545,9760
0.605519723,9759
0.60552347,9758
0.605528384,9757
0.605533379,9756
0.605537668,9755
0.605542063,9754
0.605545939,9753
0.605550502,9752
0.60555469,9751
0.605558891,9750
0.605563208,9749
0.605568459,9748
0.605572765,9747
0.605579986,9746
0.605585355,9745
0.605589955,9744
0.605594247,9743
0.605598501,9742
0.605602922,9741
0.605606828,9740
0.605610566,9739
0.60561425,9738
0.605618961,9737
0.605622927,9736
0.60562731,9735
0.605631133,9734
0.605641754,9733
0.606793656,9732
0.606831721,9731
0.60727732,9730
0.607291947,9729
0.607305099,9728
0.607314644,9727
0.607319563,9726
0.607324243,9725
0.607366157,9724
0.607371472,9723
0.607376835,9722
0.607387408,9721
0.607393979,9720
0.607398841,9719
0.607402968,9718
0.607407054,9717
0.607411599,9716
0.607415681,9715
0.607419842,9714
0.607424473,9713
0.607427861,9712
0.6074314,9711
0.60743499,9710
0.607438895,9709
0.60744374,9708
0.607479178,9707
0.6074839,9706
0.607487843,9705
0.607492263,9704
0.607496776,9703
0.607500901,9702
0.607505925,9701
0.607510655,9700
0.607514904,9699
0.607518877,9698
0.607522989,9697
0.607526951,9696
0.607530996,9695
0.607535115,9694
0.607539323,9693
0.607543564,9692
0.607547373,9691
0.607551696,9690
0.607556031,9689
0.607560088,9688
0.607573615,9687
0.607588209,9686
0.607603072,9685
0.607658264,9684
0.607708755,9683
0.607742959,9682
0.607761237,9681
0.60776971,9680
0.607774081,9679
0.60777835,9678
0.607782691,9677
0.6077864,9676
0.607790275,9675
0.607793924,9674
0.607797756,9673
0.607801308,9672
0.607805348,9671
0.607859511,9670
0.607931308,9669
0.60793631,9668
0.607939638,9667
0.607942591,9666
0.607945744,9665
0.607949141,9664
0.607956826,9663
0.607971376,9662
0.607980267,9661
0.607993362,9660
0.60802036,9659
0.608038901,9658
0.608044132,9657
0.608048074,9656
0.608058856,9655
0.608062186,9654
0.608065782,9653
0.608069142,9652
0.608072436,9651
0.608075386,9650
0.608078787,9649
0.608082292,9648
0.608085347,9647
0.608088326,9646
0.60809176,9645
0.608094562,9644
0.60809816,9643
0.608101235,9642
0.608104582,9641
0.608107385,9640
0.608110322,9639
0.608113645,9638
0.608117038,9637
0.608120977,9636
0.608123989,9635
0.608127756,9634
0.608131001,9633
0.608133871,9632
0.608136525,9631
0.608138578,9630
0.608146648,9629
0.608151775,9628
0.608155255,9627
0.608158685,9626
0.608161596,9625
0.60816503,9624
0.60816803,9623
0.6081709,9622
0.608173456,9621
0.608175895,9620
0.608178571,9619
0.608181034,9618
0.608183386,9617
0.608185773,9616
0.608188165,9615
0.6081909,9614
0.608193252,9613
0.608195953,9612
0.608198516,9611
0.608200956,9610
0.608203963,9609
0.608206347,9608
0.608208399,9607
0.608210732,9606
0.608213131,9605
0.608216239,9604
0.608219264,9603
0.608221682,9602
0.608224005,9601
0.608226184,9600
0.608228357,9599
0.608230525,9598
0.608233905,9597
0.608236894,9596
0.608239965,9595
0.608243063,9594
0.608246158,9593
0.608249117,9592
0.608251754,9591
0.608254672,9590
0.60825751,9589
0.60826071,9588
0.608263905,9587
0.608267051,9586
0.608270275,9585
0.608273338,9584
0.608276637,9583
0.608290924,9582
0.608309181,9581
0.608326063,9580
0.608329376,9579
0.608332357,9578
0.608335543,9577
0.608339197,9576
0.608344879,9575
0.608357504,9574
0.608362844,9573
0.608366463,9572
0.608381414,9571
0.608385913,9570
0.608390096,9569
0.608394821,9568
0.608397986,9567
0.60840137,9566
0.608408363,9565
0.608411923,9564
0.60841514,9563
0.608418101,9562
0.608421323,9561
0.608424777,9560
0.608428325,9559
0.608431289,9558
0.60843525,9557
0.608438235,9556
0.608441098,9555
0.608443817,9554
0.608446391,9553
0.608449049,9552
0.608452253,9551
0.608454933,9550
0.608457525,9549
0.608460245,9548
0.608463107,9547
0.608466048,9546
0.608468753,9545
0.6084717,9544
0.608474923,9543
0.60847864,9542
0.608482329,9541
0.608485922,9540
0.608490013,9539
0.608493632,9538
0.608497085,9537
0.608499938,9536
0.608502542,9535
0.60850543,9534
0.608508465,9533
0.608511981,9532
0.608514861,9531
0.608518084,9530
0.608520847,9529
0.608523438,9528
0.608538849,9527
0.608541572,9526
0.608545405,9525
0.608548909,9524
0.608551773,9523
0.608555198,9522
0.608562747,9521
0.608832764,9520
0.608837097,9519
0.608870883,9518
0.608874065,9517
0.608877943,9516
0.608881044,9515
0.608884719,9514
0.608888501,9513
0.608892375,9512
0.609227264,9511
0.609236957,9510
0.609243039,9509
0.609247987,9508
0.609251882,9507
0.609255599,9506
0.609258922,9505
0.609262147,9504
0.609265303,9503
0.609268216,9502
0.609271555,9501
0.609274721,9500
0.609277688,9499
0.609280575,9498
0.609283272,9497
0.609286245,9496
0.609288874,9495
0.609291397,9494
0.609294125,9493
0.609298283,9492
0.609301482,9491
0.609304952,9490
0.609307827,9489
0.609310622,9488
0.609313931,9487
0.609316793,9486
0.609319818,9485
0.609322442,9484
0.609324914,9483
0.609327128,9482
0.609329558,9481
0.609331427,9480
0.60933336,9479
0.609335309,9478
0.609337306,9477
0.609339205,9476
0.609341272,9475
0.609343292,9474
0.609345042,9473
0.609346907,9472
0.609349317,9471
0.609351783,9470
0.609353763,9469
0.609355774,9468
0.60935908,9467
0.609362036,9466
0.609364484,9465
0.609367007,9464
0.609369363,9463
0.609371816,9462
0.609374253,9461
0.60937708,9460
0.60937962,9459
0.609382568,9458
0.609386553,9457
0.60938968,9456
0.609392307,9455
0.609395174,9454
0.609398081,9453
0.609402165,9452
0.609405975,9451
0.609409366,9450
0.609412659,9449
0.60941573,9448
0.609419242,9447
0.609421982,9446
0.609424462,9445
0.609427831,9444
0.609430698,9443
0.609433345,9442
0.609436545,9441
0.609439217,9440
0.60944179,9439
0.609445335,9438
0.609448117,9437
0.60945075,9436
0.609453267,9435
0.609455692,9434
0.609458398,9433
0.609461552,9432
0.609464147,9431
0.609467069,9430
0.609470315,9429
0.609473156,9428
0.609476142,9427
0.609479004,9426
0.609481606,9425
0.609486616,9424
0.609515017,9423
0.609530637,9422
0.609544017,9421
0.609560896,9420
0.609564242,9419
0.609567608,9418
0.609570919,9417
0.60957403,9416
0.609577216,9415
0.609580267,9414
0.609584405,9413
0.609587918,9412
0.609600426,9411
0.609678912,9410
0.609682894,9409
0.609685852,9408
0.609688756,9407
0.609691739,9406
0.609694167,9405
0.6096971,9404
0.609699654,9403
0.609702182,9402
0.609705033,9401
0.60970789,9400
0.609711076,9399
0.609713451,9398
0.609716538,9397
0.609718989,9396
0.609721668,9395
0.609724181,9394
0.609726694,9393
0.609729498,9392
0.60973244,9391
0.609735656,9390
0.609739445,9389
0.609742866,9388
0.609761883,9387
0.609765193,9386
0.60976838,9385
0.609771913,9384
0.609774875,9383
0.609778025,9382
0.609781357,9381
0.60978458,9380
0.609787892,9379
0.609791064,9378
0.609794155,9377
0.609797155,9376
0.609799942,9375
0.609827204,9374
0.609830669,9373
0.609834463,9372
0.609837551,9371
0.609840872,9370
0.609844044,9369
0.609847006,9368
0.609849843,9367
0.609853436,9366
0.609856588,9365
0.609859684,9364
0.609862291,9363
0.609865309,9362
0.609868487,9361
0.60987129,9360
0.609873922,9359
0.609877104,9358
0.609880229,9357
0.60988293,9356
0.609885663,9355
0.609888438,9354
0.60989119,9353
0.609894995,9352
0.609898164,9351
0.609901012,9350
0.609904373,9349
0.609907036,9348
0.609909686,9347
0.609912242,9346
0.609914818,9345
0.609917338,9344
0.609920048,9343
0.60992248,9342
0.609925377,9341
0.609928062,9340
0.60993065,9339
0.609933138,9338
0.609935564,9337
0.609938222,9336
0.609940928,9335
0.609943614,9334
0.609946076,9333
0.609949409,9332
0.609952089,9331
0.609954993,9330
0.609957532,9329
0.609959979,9328
0.609962632,9327
0.609971869,9326
0.609975786,9325
0.609979252,9324
0.609982283,9323
0.609985132,9322
0.609988193,9321
0.609991374,9320
0.609994489,9319
0.609998049,9318
0.610001062,9317
0.610004225,9316
0.610007699,9315
0.610010426,9314
0.610013335,9313
0.610016524,9312
0.61001939,9311
0.610022799,9310
0.610025872,9309
0.610028625,9308
0.61003132,9307
0.610034321,9306
0.610037039,9305
0.610039968,9304
0.610043125,9303
0.610053857,9302
0.610057489,9301
0.61006063,9300
0.610063653,9299
0.610066491,9298
0.610069899,9297
0.61007281,9296
0.610077414,9295
0.610081688,9294
0.610084581,9293
0.610087182,9292
0.610090744,9291
0.610093475,9290
0.610098956,9289
0.610103462,9288
0.610106669,9287
0.610110195,9286
0.61011344,9285
0.610116799,9284
0.610120167,9283
0.610123247,9282
0.610126587,9281
0.610130158,9280
0.610133015,9279
0.610136292,9278
0.610139163,9277
0.610141923,9276
0.610145043,9275
0.610148525,9274
0.610152192,9273
0.610154605,9272
0.610168657,9271
0.610175277,9270
0.610178461,9269
0.610181701,9268
0.610184969,9267
0.610188378,9266
0.61019147,9265
0.610194897,9264
0.610198164,9263
0.610201618,9262
0.610204379,9261
0.610207127,9260
0.61021016,9259
0.610219673,9258
0.610223246,9257
0.610226205,9256
0.61022912,9255
0.610232374,9254
0.610235438,9253
0.610238263,9252
0.610241168,9251
0.610243946,9250
0.610246681,9249
0.610249622,9248
0.610252281,9247
0.610262972,9246
0.610266637,9245
0.610271479,9244
0.610274464,9243
0.610277392,9242
0.61027975,9241
0.610282237,9240
0.610284615,9239
0.610286943,9238
0.610290041,9237
0.610294877,9236
0.610298108,9235
0.610301274,9234
0.610304313,9233
0.610307261,9232
0.610310091,9231
0.610313367,9230
0.610317007,9229
0.61032136,9228
0.610324738,9227
0.610328412,9226
0.610331479,9225
0.61033532,9224
0.610338641,9223
0.610341825,9222
0.610345165,9221
0.610349168,9220
0.610352763,9219
0.610355858,9218
0.610359219,9217
0.610362589,9216
0.610366061,9215
0.610369271,9214
0.610372787,9213
0.610376649,9212
0.610380241,9211
0.610383479,9210
0.610386807,9209
0.610390187,9208
0.610393233,9207
0.610397041,9206
0.610400245,9205
0.610403905,9204
0.610407512,9203
0.610414274,9202
0.610417242,9201
0.610420438,9200
0.610423677,9199
0.610427097,9198
0.610430577,9197
0.610433967,9196
0.610437256,9195
0.610440197,9194
0.610443353,9193
0.610446256,9192
0.610449621,9191
0.610452436,9190
0.610455593,9189
0.610458357,9188
0.610461384,9187
0.61046457,9186
0.610467496,9185
0.6104706,9184
0.610473943,9183
0.610477126,9182
0.610480272,9181
0.610483396,9180
0.610486632,9179
0.610489861,9178
0.610493008,9177
0.61049632,9176
0.6104998,9175
0.610502579,9174
0.610506107,9173
0.610509399,9172
0.610512738,9171
0.610523704,9170
0.610527395,9169
0.61053015,9168
0.610532833,9167
0.610535109,9166
0.610537639,9165
0.610540169,9164
0.610542463,9163
0.610544961,9162
0.610547336,9161
0.610550418,9160
0.610552685,9159
0.61055653,9158
0.610559897,9157
0.610562897,9156
0.610565386,9155
0.610567953,9154
0.610570604,9153
0.610573194,9152
0.610575676,9151
0.610578614,9150
0.610582062,9149
0.610585557,9148
0.610589925,9147
0.610592691,9146
0.610596205,9145
0.610599721,9144
0.61060351,9143
0.610606863,9142
0.610610333,9141
0.610614081,9140
0.610617685,9139
0.610620753,9138
0.610624983,9137
0.610628535,9136
0.610632467,9135
0.610635972,9134
0.610639151,9133
0.610642217,9132
0.610645025,9131
0.610648028,9130
0.610651254,9129
0.610653931,9128
0.610656954,9127
0.61065979,9126
0.610662814,9125
0.610666288,9124
0.610669185,9123
0.610672279,9122
0.610675569,9121
0.61067923,9120
0.610682514,9119
0.610685902,9118
0.610689335,9117
0.610692387,9116
0.61069566,9115
0.610698692,9114
0.610701975,9113
0.610705376,9112
0.610708904,9111
0.610712019,9110
0.610715476,9109
0.610718529,9108
0.61072176,9107
0.610725084,9106
0.610728581,9105
0.610731791,9104
0.610735007,9103
0.610738247,9102
0.610741299,9101
0.610745439,9100
0.6107491,9099
0.610752517,9098
0.610755858,9097
0.610759134,9096
0.610762499,9095
0.610765891,9094
0.610769287,9093
0.610773011,9092
0.610775986,9091
0.610779098,9090
0.610782356,9089
0.610785784,9088
0.610798554,9087
0.610803362,9086
0.610806996,9085
0.610816633,9084
0.610820182,9083
0.610823835,9082
0.610826916,9081
0.610830109,9080
0.610833456,9079
0.610836412,9078
0.610841763,9077
0.610846058,9076
0.610849172,9075
0.610852127,9074
0.61085528,9073
0.610860229,9072
0.61086518,9071
0.610870297,9070
0.610873658,9069
0.610877322,9068
0.610880874,9067
0.610884075,9066
0.6108916,9065
0.610895521,9064
0.610899065,9063
0.610903365,9062
0.610906547,9061
0.610909767,9060
0.610913194,9059
0.610916403,9058
0.610919821,9057
0.610923584,9056
0.610926836,9055
0.610930469,9054
0.610936802,9053
0.610941982,9052
0.610946887,9051
0.610960451,9050
0.610964628,9049
0.610975121,9048
0.610986842,9047
0.610995885,9046
0.61099956,9045
0.611003217,9044
0.611006479,9043
0.611010862,9042
0.611015099,9041
0.611018608,9040
0.61102193,9039
0.611025465,9038
0.611028924,9037
0.611032174,9036
0.611035522,9035
0.611038756,9034
0.611041799,9033
0.61104476,9032
0.611047684,9031
0.611051348,9030
0.611285946,9029
0.612005786,9028
0.612048504,9027
0.612051767,9026
0.612055004,9025
0.612058078,9024
0.612061174,9023
0.612064223,9022
0.61206716,9021
0.612070121,9020
0.612072797,9019
0.612075586,9018
0.612078491,9017
0.612081322,9016
0.612194724,9015
0.612199172,9014
0.612209713,9013
0.612218653,9012
0.612223506,9011
0.612228183,9010
0.612233365,9009
0.612237366,9008
0.612240838,9007
0.612244513,9006
0.612248535,9005
0.612251815,9004
0.612255026,9003
0.61225811,9002
0.612261588,9001
0.612309608,9000
0.612312947,8999
0.612316018,8998
0.612320082,8997
0.612323908,8996
0.612327615,8995
0.612330997,8994
0.612334786,8993
0.61233846,8992
0.612341718,8991
0.612345267,8990
0.612349294,8989
0.612353353,8988
0.612357331,8987
0.612360503,8986
0.612363616,8985
0.612367665,8984
0.612371218,8983
0.612374643,8982
0.612377999,8981
0.612381221,8980
0.612387158,8979
0.612391571,8978
0.61239475,8977
0.612398159,8976
0.61240149,8975
0.612404589,8974
0.612408039,8973
0.612411034,8972
0.612414066,8971
0.612417355,8970
0.612420127,8969
0.612423434,8968
0.612426834,8967
0.612429794,8966
0.612432943,8965
0.612435975,8964
0.612439335,8963
0.612442229,8962
0.612445476,8961
0.612448529,8960
0.612451696,8959
0.612454796,8958
0.612457861,8957
0.612461053,8956
0.612464197,8955
0.612467252,8954
0.612470252,8953
0.612473351,8952
0.61248485,8951
0.612489233,8950
0.612492375,8949
0.612495414,8948
0.612498396,8947
0.612501096,8946
0.612503926,8945
0.612507493,8944
0.612510513,8943
0.612514221,8942
0.612516956,8941
0.612528474,8940
0.612533826,8939
0.612537272,8938
0.612541314,8937
0.61254516,8936
0.61254861,8935
0.612551788,8934
0.61255484,8933
0.612560149,8932
0.612563392,8931
0.61256597,8930
0.612568893,8929
0.612572106,8928
0.61257518,8927
0.612578036,8926
0.612580928,8925
0.612583803,8924
0.6125863,8923
0.612588875,8922
0.612592312,8921
0.612595167,8920
0.612598401,8919
0.612601905,8918
0.612604661,8917
0.612607454,8916
0.612609926,8915
0.612613356,8914
0.612616199,8913
0.612618897,8912
0.612621655,8911
0.612625876,8910
0.612629556,8909
0.612632696,8908
0.61263595,8907
0.612639115,8906
0.612642685,8905
0.612645974,8904
0.612649332,8903
0.612653184,8902
0.612656575,8901
0.612659803,8900
0.612663563,8899
0.612666989,8898
0.612670089,8897
0.612673407,8896
0.612676632,8895
0.612679693,8894
0.612682893,8893
0.612686046,8892
0.612688987,8891
0.612698235,8890
0.612701352,8889
0.612704336,8888
0.612707232,8887
0.612710231,8886
0.612713799,8885
0.612717363,8884
0.612720805,8883
0.612724151,8882
0.612727503,8881
0.612730567,8880
0.612733882,8879
0.612737494,8878
0.612740407,8877
0.612743633,8876
0.612746753,8875
0.612749783,8874
0.612753217,8873
0.612756046,8872
0.612759095,8871
0.61276215,8870
0.612765098,8869
0.612768174,8868
0.612770941,8867
0.61277494,8866
0.612785822,8865
0.61279059,8864
0.612853293,8863
0.612860863,8862
0.612879773,8861
0.6128898,8860
0.612893372,8859
0.612896355,8858
0.612899414,8857
0.612901943,8856
0.612908847,8855
0.612912351,8854
0.61291592,8853
0.612919513,8852
0.612922981,8851
0.612926024,8850
0.612928852,8849
0.612931772,8848
0.612934296,8847
0.612936769,8846
0.612939949,8845
0.612942903,8844
0.612945508,8843
0.612947941,8842
0.612951229,8841
0.612954686,8840
0.612957667,8839
0.612962148,8838
0.612965354,8837
0.612968754,8836
0.612972227,8835
0.61297534,8834
0.612978465,8833
0.612981477,8832
0.612984561,8831
0.612987779,8830
0.612990447,8829
0.612992948,8828
0.612995757,8827
0.612999101,8826
0.613001812,8825
0.613004804,8824
0.613007389,8823
0.613014327,8822
0.613017217,8821
0.613020203,8820
0.613032044,8819
0.613036002,8818
0.613039336,8817
0.613042463,8816
0.61304563,8815
0.61304923,8814
0.613053394,8813
0.613056488,8812
0.613059736,8811
0.613062724,8810
0.613065695,8809
0.613068588,8808
0.613071692,8807
0.61307473,8806
0.613078471,8805
0.613082231,8804
0.613085455,8803
0.613088612,8802
0.613091362,8801
0.613094419,8800
0.613106731,8799
0.613110328,8798
0.613113456,8797
0.6131169,8796
0.613120031,8795
0.613122911,8794
0.613125829,8793
0.61312862,8792
0.61313158,8791
0.613134386,8790
0.613137272,8789
0.613140035,8788
0.613142652,8787
0.613145618,8786
0.613148636,8785
0.613151863,8784
0.613154434,8783
0.61315741,8782
0.61316043,8781
0.613163438,8780
0.613166308,8779
0.613169111,8778
0.613171819,8777
0.613212867,8776
0.613216543,8775
0.613221546,8774
0.61322467,8773
0.613238013,8772
0.613242457,8771
0.613245288,8770
0.613247988,8769
0.613251094,8768
0.613253998,8767
0.613256793,8766
0.613259501,8765
0.613261978,8764
0.613265918,8763
0.613269387,8762
0.61327263,8761
0.61327626,8760
0.613279551,8759
0.613282859,8758
0.613477334,8757
0.613485236,8756
0.613489276,8755
0.613492727,8754
0.613496157,8753
0.613499681,8752
0.613502498,8751
0.613505346,8750
0.613508117,8749
0.613511074,8748
0.613513931,8747
0.613517149,8746
0.613521023,8745
0.613524535,8744
0.61352701,8743
0.613529533,8742
0.613531998,8741
0.613534553,8740
0.613537197,8739
0.613539554,8738
0.613544387,8737
0.613548111,8736
0.613551077,8735
0.613554032,8734
0.613557266,8733
0.613559849,8732
0.613562417,8731
0.613565238,8730
0.614308432,8729
0.61439167,8728
0.61439661,8727
0.614400709,8726
0.614404598,8725
0.61440808,8724
0.614412171,8723
0.614417996,8722
0.614421596,8721
0.614425333,8720
0.614428682,8719
0.614432255,8718
0.614436359,8717
0.614441323,8716
0.614445132,8715
0.614448364,8714
0.61445216,8713
0.614456199,8712
0.61445989,8711
0.614464925,8710
0.614468728,8709
0.614480868,8708
0.614484482,8707
0.614487775,8706
0.614491475,8705
0.614494966,8704
0.614498107,8703
0.614501241,8702
0.614505312,8701
0.614509967,8700
0.614520194,8699
0.614524631,8698
0.614529687,8697
0.614534638,8696
0.614560097,8695
0.614564972,8694
0.614569511,8693
0.614576767,8692
0.614580627,8691
0.61458437,8690
0.61458821,8689
0.614591886,8688
0.614595958,8687
0.614599835,8686
0.614604194,8685
0.614608127,8684
0.614612097,8683
0.614617355,8682
0.614621627,8681
0.6146252,8680
0.61463095,8679
0.614635732,8678
0.614641524,8677
0.614646066,8676
0.614651888,8675
0.6146578,8674
0.614666195,8673
0.614672474,8672
0.614685036,8671
0.614689131,8670
0.614694364,8669
0.614697637,8668
0.614701156,8667
0.614705544,8666
0.614708975,8665
0.614712446,8664
0.614715802,8663
0.61471897,8662
0.614722216,8661
0.614757829,8660
0.614761345,8659
0.614765171,8658
0.614768784,8657
0.614772361,8656
0.614776136,8655
0.614787233,8654
0.614791381,8653
0.614795373,8652
0.614799532,8651
0.614806626,8650
0.614811293,8649
0.614815778,8648
0.614819479,8647
0.614822636,8646
0.614826986,8645
0.614831271,8644
0.61483418,8643
0.614837249,8642
0.61484394,8641
0.614847517,8640
0.614850605,8639
0.614853597,8638
0.614857102,8637
0.614860146,8636
0.614863589,8635
0.614866727,8634
0.614870128,8633
0.614874708,8632
0.614879418,8631
0.61488557,8630
0.614892798,8629
0.614897974,8628
0.614902615,8627
0.614906219,8626
0.614910829,8625
0.614914475,8624
0.614918213,8623
0.614921586,8622
0.614925499,8621
0.614929453,8620
0.614933148,8619
0.614937588,8618
0.614940856,8617
0.614945545,8616
0.614948395,8615
0.61495218,8614
0.614962549,8613
0.614975192,8612
0.614979687,8611
0.614984478,8610
0.614989354,8609
0.614992622,8608
0.614996049,8607
0.614999306,8606
0.615002736,8605
0.615006093,8604
0.615011945,8603
0.615015444,8602
0.615019842,8601
0.615023726,8600
0.615026996,8599
0.615030404,8598
0.615033521,8597
0.615038054,8596
0.615078093,8595
0.615082558,8594
0.615086022,8593
0.615090262,8592
0.615094271,8591
0.615097868,8590
0.615133508,8589
0.615136951,8588
0.615140505,8587
0.615145033,8586
0.615149288,8585
0.61515267,8584
0.615155898,8583
0.61516002,8582
0.615162953,8581
0.615166091,8580
0.615172632,8579
0.615177315,8578
0.615206707,8577
0.615213995,8576
0.615217665,8575
0.615222094,8574
0.615225602,8573
0.615228979,8572
0.615232192,8571
0.615235423,8570
0.615239616,8569
0.615242861,8568
0.615245595,8567
0.61524956,8566
0.61529005,8565
0.615296234,8564
0.61530177,8563
0.61530626,8562
0.615310277,8561
0.615314754,8560
0.615327136,8559
0.615332622,8558
0.615341981,8557
0.615346666,8556
0.615351916,8555
0.615364593,8554
0.615368701,8553
0.615373917,8552
0.615378635,8551
0.61538234,8550
0.615386277,8549
0.61539139,8548
0.615427414,8547
0.615431591,8546
0.615437034,8545
0.61544202,8544
0.615446175,8543
0.615450163,8542
0.615454114,8541
0.615458248,8540
0.615462456,8539
0.615473057,8538
0.61547808,8537
0.615482274,8536
0.615486707,8535
0.615490845,8534
0.615494798,8533
0.615499016,8532
0.615503214,8531
0.6155067,8530
0.615510806,8529
0.61551456,8528
0.615551949,8527
0.615556102,8526
0.615623433,8525
0.61562765,8524
0.615631618,8523
0.615644718,8522
0.615648068,8521
0.615651536,8520
0.615655442,8519
0.615659301,8518
0.61566299,8517
0.61566764,8516
0.61567092,8515
0.615674214,8514
0.615678928,8513
0.61568194,8512
0.61568674,8511
0.615690345,8510
0.615694943,8509
0.615698536,8508
0.615703239,8507
0.61570666,8506
0.615709919,8505
0.61571368,8504
0.615717263,8503
0.615720356,8502
0.615723174,8501
0.615725998,8500
0.615729251,8499
0.615732322,8498
0.615738252,8497
0.6157421,8496
0.61574619,8495
0.61575164,8494
0.615755167,8493
0.615758728,8492
0.615763136,8491
0.615767512,8490
0.615863506,8489
0.61586755,8488
0.615873095,8487
0.615876769,8486
0.615880838,8485
0.615884451,8484
0.61588843,8483
0.615891888,8482
0.615895357,8481
0.615899631,8480
0.615903011,8479
0.615906734,8478
0.615911003,8477
0.615915209,8476
0.615918579,8475
0.615922026,8474
0.615925244,8473
0.615928537,8472
0.615933294,8471
0.615938371,8470
0.615941706,8469
0.615945377,8468
0.615948886,8467
0.615953975,8466
0.615959465,8465
0.615962862,8464
0.615967082,8463
0.615970606,8462
0.61597402,8461
0.615977375,8460
0.615980877,8459
0.615984202,8458
0.615987521,8457
0.615992579,8456
0.615995907,8455
0.616000504,8454
0.616006226,8453
0.616009878,8452
0.616014993,8451
0.616018804,8450
0.616022779,8449
0.616026523,8448
0.616030065,8447
0.616033937,8446
0.616037523,8445
0.616040865,8444
0.616043941,8443
0.616052227,8442
0.616058015,8441
0.616062609,8440
0.616066249,8439
0.61606948,8438
0.616072298,8437
0.616077027,8436
0.616080071,8435
0.616083598,8434
0.616087199,8433
0.616090624,8432
0.616094396,8431
0.6160976,8430
0.61610088,8429
0.616104339,8428
0.616108758,8427
0.616112377,8426
0.616116361,8425
0.616119404,8424
0.616122681,8423
0.616129211,8422
0.616134538,8421
0.61613902,8420
0.616142509,8419
0.616150179,8418
0.616152973,8417
0.616155795,8416
0.616158678,8415
0.616161412,8414
0.616164068,8413
0.616166757,8412
0.616170954,8411
0.616174427,8410
0.61617833,8409
0.616182696,8408
0.616186127,8407
0.616190594,8406
0.616194634,8405
0.616200876,8404
0.61620437,8403
0.61620813,8402
0.616211066,8401
0.616214204,8400
0.61621757,8399
0.616220988,8398
0.616231585,8397
0.616235587,8396
0.616239734,8395
0.616244018,8394
0.616248819,8393
0.616253485,8392
0.616256521,8391
0.616259782,8390
0.616262968,8389
0.61626713,8388
0.616270728,8387
0.616274689,8386
0.616278698,8385
0.616315715,8384
0.616321103,8383
0.61632487,8382
0.616328336,8381
0.616337832,8380
0.616365135,8379
0.616386089,8378
0.616398208,8377
0.616406668,8376
0.616409816,8375
0.616414154,8374
0.616416799,8373
0.616421317,8372
0.616426534,8371
0.616429954,8370
0.616432948,8369
0.616435886,8368
0.616439763,8367
0.616442933,8366
0.616445753,8365
0.616448501,8364
0.616453157,8363
0.616456793,8362
0.616464583,8361
0.616467701,8360
0.616472653,8359
0.616476088,8358
0.61647924,8357
0.616484213,8356
0.616491839,8355
0.616496575,8354
0.616501328,8353
0.616505499,8352
0.616508223,8351
0.616513112,8350
0.616517541,8349
0.616521728,8348
0.616525848,8347
0.61652992,8346
0.61653499,8345
0.616555522,8344
0.616563379,8343
0.616567345,8342
0.616574901,8341
0.616588408,8340
0.616594016,8339
0.616626435,8338
0.616630673,8337
0.616657543,8336
0.616663645,8335
0.616667377,8334
0.616672262,8333
0.616686322,8332
0.616690497,8331
0.616695251,8330
0.616699832,8329
0.616712582,8328
0.616727941,8327
0.616738341,8326
0.616750115,8325
0.616760675,8324
0.616765829,8323
0.61676996,8322
0.616774365,8321
0.616780392,8320
0.616784933,8319
0.616789242,8318
0.616801253,8317
0.616805581,8316
0.616809884,8315
0.616821285,8314
0.616826808,8313
0.616831818,8312
0.616835364,8311
0.616839702,8310
0.61684285,8309
0.616878472,8308
0.616883381,8307
0.616889281,8306
0.616894618,8305
0.61689936,8304
0.616912488,8303
0.61691969,8302
0.61692695,8301
0.616931197,8300
0.616942236,8299
0.616945819,8298
0.616949394,8297
0.616960245,8296
0.617241263,8295
0.617246039,8294
0.617259314,8293
0.617263285,8292
0.617267158,8291
0.617271223,8290
0.617274636,8289
0.617278226,8288
0.61729184,8287
0.617297567,8286
0.617306832,8285
0.617310753,8284
0.61734741,8283
0.617351356,8282
0.61735719,8281
0.617366527,8280
0.617378816,8279
0.617387015,8278
0.617390553,8277
0.617394997,8276
0.617400126,8275
0.617409904,8274
0.617413534,8273
0.617418336,8272
0.617498811,8271
0.617553265,8270
0.617564102,8269
0.617573075,8268
0.617608499,8267
0.617612859,8266
0.617620628,8265
0.617626842,8264
0.617633232,8263
0.617653777,8262
0.617657029,8261
0.617662568,8260
0.617670015,8259
0.617676196,8258
0.61768013,8257
0.617684026,8256
0.617688164,8255
0.61769341,8254
0.617706845,8253
0.617713805,8252
0.617720018,8251
0.617727882,8250
0.617746608,8249
0.617759442,8248
0.617766856,8247
0.617770543,8246
0.617802261,8245
0.61782133,8244
0.617825999,8243
0.617835041,8242
0.617838562,8241
0.617865766,8240
0.617871352,8239
0.617877632,8238
0.617881434,8237
0.617885575,8236
0.617896897,8235
0.617902254,8234
0.617907574,8233
0.617945376,8232
0.617989489,8231
0.617993622,8230
0.618001022,8229
0.618005551,8228
0.618011602,8227
0.61821132,8226
0.618222681,8225
0.618228895,8224
0.6182352,8223
0.618241029,8222
0.618282638,8221
0.618287912,8220
0.618301519,8219
0.618320055,8218
0.618330092,8217
0.618335148,8216
0.618341585,8215
0.618381682,8214
0.618832017,8213
0.618838188,8212
0.618845198,8211
0.618849551,8210
0.618861239,8209
0.618866359,8208
0.61887461,8207
0.618887667,8206
0.61889373,8205
0.61890498,8204
0.618912899,8203
0.618923953,8202
0.618928025,8201
0.618931996,8200
0.618970642,8199
0.618974878,8198
0.618984766,8197
0.618995322,8196
0.619005625,8195
0.619009556,8194
0.619023095,8193
0.619027517,8192
0.619035759,8191
0.619040075,8190
0.619047313,8189
0.619081601,8188
0.619085919,8187
0.619092294,8186
0.619103695,8185
0.619108147,8184
0.619113727,8183
0.619120304,8182
0.619154557,8181
0.619159333,8180
0.619164327,8179
0.619169487,8178
0.619191748,8177
0.619210341,8176
0.619767257,8175
0.619796702,8174
0.619801955,8173
0.619808499,8172
0.619825875,8171
0.619831586,8170
0.619843178,8169
0.619847136,8168
0.619859176,8167
0.619867964,8166
0.619877116,8165
0.619891588,8164
0.619921376,8163
0.619935169,8162
0.619949162,8161
0.619963396,8160
0.61997245,8159
0.619989122,8158
0.620035758,8157
0.620043046,8156
0.620050466,8155
0.620062437,8154
0.6200677,8153
0.620080011,8152
0.620096019,8151
0.620105459,8150
0.620118528,8149
0.620129155,8148
0.620138671,8147
0.620143852,8146
0.620156124,8145
0.620161924,8144
0.620166696,8143
0.620170813,8142
0.620203119,8141
0.620217896,8140
0.620377248,8139
0.62039116,8138
0.620407895,8137
0.620419495,8136
0.620428848,8135
0.620441757,8134
0.620457702,8133
0.620463347,8132
0.620473237,8131
0.620498446,8130
0.620587839,8129
0.620595203,8128
0.620604261,8127
0.620618737,8126
0.62062693,8125
0.62063529,8124
0.620642919,8123
0.620649437,8122
0.620656686,8121
0.620675958,8120
0.62068715,8119
0.62069797,8118
0.62071148,8117
0.620730844,8116
0.620741739,8115
0.620751103,8114
0.6211378,8113
0.624654523,8112
0.624776028,8111
0.624987748,8110
0.624999771,8109
0.625019734,8108
0.625076562,8107
0.625095692,8106
0.625210333,8105
0.625323839,8104
0.627026941,8103
0.627038521,8102
0.627042889,8101
0.627049442,8100
0.627063373,8099
0.627080789,8098
0.627085734,8097
0.627090842,8096
0.62711175,8095
0.62712483,8094
0.627129571,8093
0.627134806,8092
0.627138277,8091
0.627144457,8090
0.627148864,8089
0.627152137,8088
0.627165869,8087
0.627185964,8086
0.627192458,8085
0.627196234,8084
0.627200096,8083
0.627211223,8082
0.627217451,8081
0.627226144,8080
0.627230089,8079
0.627233682,8078
0.627238733,8077
0.627249856,8076
0.627256524,8075
0.627269125,8074
0.627274855,8073
0.627282427,8072
0.627286974,8071
0.62731317,8070
0.627322837,8069
0.627337918,8068
0.627347103,8067
0.627353705,8066
0.627360082,8065
0.627363992,8064
0.627368825,8063
0.627381343,8062
0.627388909,8061
0.627393525,8060
0.627401484,8059
0.62742993,8058
0.62744261,8057
0.627452277,8056
0.627454924,8055
0.627461738,8054
0.62746589,8053
0.627469674,8052
0.627474262,8051
0.627480839,8050
0.627485967,8049
0.627492303,8048
0.627495054,8047
0.627548613,8046
0.627552466,8045
0.62755551,8044
0.627564305,8043
0.627576751,8042
0.627589797,8041
0.627595145,8040
0.627613372,8039
0.627617389,8038
0.627623192,8037
0.627628073,8036
0.627636127,8035
0.627642369,8034
0.62765025,8033
0.627654867,8032
0.627660201,8031
0.627665539,8030
0.62770652,8029
0.627711079,8028
0.627721533,8027
0.627734383,8026
0.62774306,8025
0.627790299,8024
0.627798604,8023
0.627805354,8022
0.627939501,8021
0.627951527,8020
0.627960872,8019
0.6279955,8018
0.628000731,8017
0.628009885,8016
0.628019895,8015
0.628025797,8014
0.628031167,8013
0.628067754,8012
0.628077305,8011
0.628120427,8010
0.628170353,8009
0.628177594,8008
0.628203084,8007
0.628219627,8006
0.628270767,8005
0.628277124,8004
0.628357966,8003
0.628363532,8002
0.628370492,8001
0.628382036,8000
0.628432962,7999
0.628455111,7998
0.628462323,7997
0.628467206,7996
0.629060679,7995
0.629076158,7994
0.629095792,7993
0.629125591,7992
0.629140151,7991
0.629150013,7990
0.629166463,7989
0.629216115,7988
0.629684376,7987
0.629688661,7986
0.630472598,7985
0.631438484,7984
0.631454323,7983
0.631461554,7982
0.6314757,7981
0.631784087,7980
0.631809422,7979
0.631843921,7978
0.631865167,7977
0.63189525,7976
0.631899684,7975
0.631905005,7974
0.632224485,7973
0.63223189,7972
0.63226187,7971
0.632306735,7970
0.632309558,7969
0.63232296,7968
0.632332331,7967
0.632335891,7966
0.632344259,7965
0.632351452,7964
0.632357417,7963
0.632363048,7962
0.632366632,7961
0.632402261,7960
0.632413147,7959
0.632449518,7958
0.632457092,7957
0.632508111,7956
0.632539029,7955
0.632545254,7954
0.632585337,7953
0.632627468,7952
0.632634698,7951
0.6327092,7950
0.632746003,7949
0.632757168,7948
0.632807739,7947
0.632858607,7946
0.632980916,7945
0.633011572,7944
0.633133512,7943
0.633154827,7942
0.633163213,7941
0.633265737,7940
0.633276146,7939
0.633292965,7938
0.633298097,7937
0.633307092,7936
0.633316234,7935
0.633340608,7934
0.633348663,7933
0.633354157,7932
0.633359533,7931
0.633455658,7930
0.633459225,7929
0.633462129,7928
0.633485515,7927
0.633517789,7926
0.633557014,7925
0.633565332,7924
0.633602856,7923
0.63361013,7922
0.633640702,7921
0.633692496,7920
0.633707276,7919
0.633731597,7918
0.633739958,7917
0.633746464,7916
0.633753064,7915
0.63375953,7914
0.633767881,7913
0.633771475,7912
0.633786947,7911
0.633811314,7910
0.633844665,7909
0.633892857,7908
0.633899734,7907
0.633921608,7906
0.633960574,7905
0.633967666,7904
0.633973416,7903
0.634034652,7902
0.634046509,7901
0.634106848,7900
0.634406643,7899
0.634412113,7898
0.63441996,7897
0.634423444,7896
0.63442733,7895
0.634433038,7894
0.63443895,7893
0.634450074,7892
0.634453516,7891
0.634456382,7890
0.634459712,7889
0.6344645,7888
0.63447235,7887
0.634479114,7886
0.634485095,7885
0.634488423,7884
0.634494284,7883
0.634502236,7882
0.634504989,7881
0.634510065,7880
0.634514357,7879
0.634521685,7878
0.634527089,7877
0.634529742,7876
0.634536212,7875
0.634541822,7874
0.634546707,7873
0.634552457,7872
0.634562622,7871
0.634567962,7870
0.634571766,7869
0.634585199,7868
0.634592342,7867
0.634600711,7866
0.634605444,7865
0.634620739,7864
0.634624324,7863
0.634631417,7862
0.634644748,7861
0.634651365,7860
0.63466072,7859
0.634677706,7858
0.634811652,7857
0.634815196,7856
0.634819387,7855
0.634823655,7854
0.63482934,7853
0.63484032,7852
0.634846482,7851
0.634852322,7850
0.634861207,7849
0.634866089,7848
0.63489614,7847
0.634900161,7846
0.634955622,7845
0.634962599,7844
0.634990802,7843
0.635020706,7842
0.63513081,7841
0.635156841,7840
0.63540712,7839
0.635510023,7838
0.635821189,7837
0.635829083,7836
0.635835603,7835
0.635843484,7834
0.635846929,7833
0.635850907,7832
0.635856822,7831
0.635860326,7830
0.635864213,7829
0.635878952,7828
0.635897276,7827
0.635902133,7826
0.635905905,7825
0.635909484,7824
0.635913281,7823
0.635953865,7822
0.635962029,7821
0.635967801,7820
0.63597075,7819
0.635975187,7818
0.635979092,7817
0.636007684,7816
0.636010855,7815
0.636015485,7814
0.636019681,7813
0.636026559,7812
0.636032275,7811
0.636045734,7810
0.636053602,7809
0.636061348,7808
0.636069911,7807
0.636080424,7806
0.636118109,7805
0.636124044,7804
0.636128167,7803
0.636134479,7802
0.63613883,7801
0.636142981,7800
0.63615212,7799
0.636167778,7798
0.636184324,7797
0.636191039,7796
0.63619868,7795
0.636224766,7794
0.636239953,7793
0.63626489,7792
0.636313103,7791
0.636318016,7790
0.636754761,7789
0.636814228,7788
0.636819414,7787
0.636837385,7786
0.636879697,7785
0.63689762,7784
0.636906326,7783
0.636917942,7782
0.636946517,7781
0.636956983,7780
0.636991756,7779
0.637002031,7778
0.637051254,7777
0.637094238,7776
0.637101881,7775
0.637106345,7774
0.637142124,7773
0.637149912,7772
0.637254542,7771
0.637260167,7770
0.637348019,7769
0.637476758,7768
0.637484108,7767
0.637510369,7766
0.637522778,7765
0.637528683,7764
0.637544699,7763
0.637571149,7762
0.637582755,7761
0.63759276,7760
0.637598478,7759
0.637609621,7758
0.637619878,7757
0.637623662,7756
0.63764894,7755
0.637667516,7754
0.63768476,7753
0.637689207,7752
0.637702894,7751
0.637707389,7750
0.637716333,7749
0.637737223,7748
0.637764468,7747
0.637791373,7746
0.637835238,7745
0.637840848,7744
0.637865935,7743
0.63789108,7742
0.63789801,7741
0.637911646,7740
0.637921183,7739
0.637976228,7738
0.637984519,7737
0.63799287,7736
0.637995917,7735
0.637999387,7734
0.640394236,7733
0.64052508,7732
0.640530004,7731
0.640538846,7730
0.640548588,7729
0.640553042,7728
0.640557616,7727
0.640572536,7726
0.640577474,7725
0.640584101,7724
0.640589269,7723
0.640597292,7722
0.640613971,7721
0.640617832,7720
0.640669504,7719
0.640673266,7718
0.640678072,7717
0.640682013,7716
0.640720924,7715
0.640726698,7714
0.640730676,7713
0.640738704,7712
0.640747557,7711
0.640753774,7710
0.640761582,7709
0.640772546,7708
0.640777702,7707
0.640781622,7706
0.640787321,7705
0.640794706,7704
0.640801272,7703
0.64080744,7702
0.640913249,7701
0.640919268,7700
0.64092377,7699
0.640941205,7698
0.640950385,7697
0.640956315,7696
0.640960546,7695
0.640977158,7694
0.640998147,7693
0.64100498,7692
0.641017424,7691
0.64103293,7690
0.641036406,7689
0.641052161,7688
0.641055466,7687
0.641072549,7686
0.64107592,7685
0.641079046,7684
0.641082364,7683
0.641087675,7682
0.64113032,7681
0.641146218,7680
0.641151791,7679
0.641157632,7678
0.641163426,7677
0.641167985,7676
0.641181999,7675
0.641185706,7674
0.641189761,7673
0.641192871,7672
0.64119595,7671
0.641200085,7670
0.641203833,7669
0.641208752,7668
0.641211501,7667
0.641219029,7666
0.641229603,7665
0.641232247,7664
0.641342702,7663
0.641378962,7662
0.641415252,7661
0.641426293,7660
0.641481163,7659
0.641487896,7658
0.641491524,7657
0.641497002,7656
0.641502972,7655
0.641508151,7654
0.641515877,7653
0.6415256,7652
0.641532194,7651
0.641550833,7650
0.641561737,7649
0.641575023,7648
0.641580244,7647
0.641593483,7646
0.641606009,7645
0.641624775,7644
0.641643831,7643
0.641655649,7642
0.641665595,7641
0.641694612,7640
0.641739955,7639
0.641754818,7638
0.641759118,7637
0.641769753,7636
0.641811458,7635
0.641820912,7634
0.64186785,7633
0.641880019,7632
0.641885142,7631
0.641890203,7630
0.641903659,7629
0.641915667,7628
0.641918904,7627
0.641935774,7626
0.641942778,7625
0.64195445,7624
0.641961095,7623
0.641980572,7622
0.641999316,7621
0.642006582,7620
0.642013775,7619
0.642016874,7618
0.642045766,7617
0.642048319,7616
0.642054799,7615
0.642060431,7614
0.642067006,7613
0.642094862,7612
0.642100662,7611
0.642109832,7610
0.642112866,7609
0.642115966,7608
0.642124664,7607
0.642172952,7606
0.642181084,7605
0.642184383,7604
0.642188091,7603
0.642193476,7602
0.642197541,7601
0.642242118,7600
0.642248081,7599
0.642256265,7598
0.64226265,7597
0.642282691,7596
0.642308571,7595
0.642338263,7594
0.642345192,7593
0.642348471,7592
0.642357026,7591
0.642362775,7590
0.642369976,7589
0.642383686,7588
0.642386462,7587
0.642389573,7586
0.642394052,7585
0.642398822,7584
0.642446292,7583
0.64245433,7582
0.642458159,7581
0.64249879,7580
0.642503061,7579
0.642509705,7578
0.642526772,7577
0.642560457,7576
0.642572819,7575
0.642578867,7574
0.642594259,7573
0.642726296,7572
0.642736863,7571
0.642744796,7570
0.642747662,7569
0.642778561,7568
0.642783247,7567
0.642795522,7566
0.642818994,7565
0.642832354,7564
0.642896053,7563
0.642906336,7562
0.642978704,7561
0.642987349,7560
0.642992651,7559
0.643040193,7558
0.643045677,7557
0.643056487,7556
0.643145106,7555
0.643166401,7554
0.643171314,7553
0.643181784,7552
0.643237671,7551
0.643274673,7550
0.643286666,7549
0.643293113,7548
0.643298177,7547
0.643344948,7546
0.643354382,7545
0.643361178,7544
0.643365223,7543
0.643383725,7542
0.643486682,7541
0.643490878,7540
0.643501761,7539
0.643572698,7538
0.643585746,7537
0.643604333,7536
0.643612203,7535
0.643618708,7534
0.643655064,7533
0.643660172,7532
0.64367776,7531
0.6436854,7530
0.643697158,7529
0.643706064,7528
0.64378097,7527
0.643787267,7526
0.643796111,7525
0.64382114,7524
0.644147057,7523
0.644157735,7522
0.644171484,7521
0.644180137,7520
0.644222976,7519
0.644233366,7518
0.644287851,7517
0.644290834,7516
0.644295286,7515
0.644307565,7514
0.644355025,7513
0.644372592,7512
0.644387176,7511
0.64439182,7510
0.644399459,7509
0.64441438,7508
0.644425382,7507
0.644443425,7506
0.644479671,7505
0.644539867,7504
0.644573056,7503
0.644584368,7502
0.644910238,7501
0.644970002,7500
0.645036667,7499
0.64505275,7498
0.645082642,7497
0.645093833,7496
0.645102237,7495
0.645122239,7494
0.645141102,7493
0.645174216,7492
0.645185837,7491
0.645197626,7490
0.645206888,7489
0.645242007,7488
0.64525588,7487
0.645369738,7486
0.645411743,7485
0.645442491,7484
0.645449169,7483
0.64546017,7482
0.645475228,7481
0.645485909,7480
0.645515956,7479
0.645520701,7478
0.645550977,7477
0.645571274,7476
0.645613993,7475
0.645672943,7474
0.64567756,7473
0.64571287,7472
0.645948967,7471
0.645953451,7470
0.645957397,7469
0.645963878,7468
0.645967255,7467
0.64598347,7466
0.645991037,7465
0.645997459,7464
0.646002339,7463
0.646008119,7462
0.646013733,7461
0.646017701,7460
0.646022302,7459
0.646031832,7458
0.646036972,7457
0.64607966,7456
0.646089594,7455
0.646099455,7454
0.646106189,7453
0.646116059,7452
0.646125176,7451
0.646172545,7450
0.646262595,7449
0.646267179,7448
0.646303418,7447
0.64630732,7446
0.646322478,7445
0.646387527,7444
0.646426224,7443
0.646460512,7442
0.646480041,7441
0.646494543,7440
0.646532087,7439
0.646537939,7438
0.646543846,7437
0.646553907,7436
0.646562018,7435
0.646568208,7434
0.646572933,7433
0.646579479,7432
0.646587068,7431
0.646592776,7430
0.647010861,7429
0.647018505,7428
0.647164108,7427
0.647284244,7426
0.647338828,7425
0.64741791,7424
0.647430131,7423
0.64746699,7422
0.647482705,7421
0.647509042,7420
0.647574466,7419
0.647620543,7418
0.647712784,7417
0.647722956,7416
0.647735933,7415
0.647762206,7414
0.647789567,7413
0.648063776,7412
0.648092976,7411
0.648155084,7410
0.648319102,7409
0.648912588,7408
0.649369977,7407
0.649547633,7406
0.649583976,7405
0.6495925,7404
0.649649438,7403
0.649737884,7402
0.649942502,7401
