0.38051701,10181
0.380821906,10180
0.380930465,10179
0.381003687,10178
0.381116276,10177
0.381153945,10176
0.381174025,10175
0.381186556,10174
0.381197032,10173
0.381203618,10172
0.381210392,10171
0.38121748,10170
0.381223911,10169
0.381232951,10168
0.381242245,10167
0.381251765,10166
0.381259682,10165
0.381267604,10164
0.38127445,10163
0.381281017,10162
0.381287354,10161
0.381344365,10160
0.381350718,10159
0.381357189,10158
0.381364392,10157
0.381373817,10156
0.381394102,10155
0.381407468,10154
0.381418365,10153
0.381426938,10152
0.381435273,10151
0.381443359,10150
0.38145065,10149
0.381460371,10148
0.381497807,10147
0.381504384,10146
0.381526155,10145
0.381532729,10144
0.38153915,10143
0.381545099,10142
0.381551219,10141
0.381556804,10140
0.381564913,10139
0.38157299,10138
0.381579022,10137
0.381587263,10136
0.381594278,10135
0.381600643,10134
0.381607198,10133
0.381613172,10132
0.381639981,10131
0.381649763,10130
0.38167275,10129
0.381680698,10128
0.381687611,10127
0.381695042,10126
0.38170194,10125
0.381711105,10124
0.381723864,10123
0.381742627,10122
0.38177589,10121
0.381787451,10120
0.381799014,10119
0.381820009,10118
0.38183098,10117
0.386026871,10116
0.386088486,10115
0.386127547,10114
0.386144689,10113
0.386155215,10112
0.386188539,10111
0.38620259,10110
0.386220839,10109
0.38622813,10108
0.386236024,10107
0.38624368,10106
0.386251089,10105
0.386281329,10104
0.386296593,10103
0.386317528,10102
0.386323368,10101
0.386328589,10100
0.386335571,10099
0.386341186,10098
0.386354266,10097
0.386367575,10096
0.386381472,10095
0.386531665,10094
0.386540908,10093
0.386546471,10092
0.3865523,10091
0.386557736,10090
0.38656314,10089
0.386568436,10088
0.386573448,10087
0.386580625,10086
0.386587429,10085
0.386594385,10084
0.386600118,10083
0.38660559,10082
0.386629865,10081
0.3866365,10080
0.386643788,10079
0.386657071,10078
0.386710609,10077
0.386717742,10076
0.386724678,10075
0.386734226,10074
0.386776228,10073
0.387217228,10072
0.387299559,10071
0.387335247,10070
0.387371532,10069
0.387379386,10068
0.38738661,10067
0.387394436,10066
0.387401948,10065
0.387409444,10064
0.38741677,10063
0.387424228,10062
0.387431918,10061
0.387439619,10060
0.387447475,10059
0.387455775,10058
0.387463662,10057
0.387471484,10056
0.38747982,10055
0.387499897,10054
0.387507639,10053
0.387518347,10052
0.387526998,10051
0.387536273,10050
0.387547232,10049
0.387556084,10048
0.387564055,10047
0.387571949,10046
0.387579456,10045
0.38758682,10044
0.387594311,10043
0.387602477,10042
0.387609277,10041
0.387616568,10040
0.38762325,10039
0.387629962,10038
0.387636892,10037
0.387644173,10036
0.387650985,10035
0.387658057,10034
0.387665996,10033
0.387676765,10032
0.387686344,10031
0.387695105,10030
0.38770343,10029
0.387711168,10028
0.387718066,10027
0.387725354,10026
0.387732569,10025
0.387739414,10024
0.387746851,10023
0.387754062,10022
0.387760611,10021
0.387767456,10020
0.387774695,10019
0.387781395,10018
0.387787618,10017
0.387793054,10016
0.387798894,10015
0.387804541,10014
0.387810269,10013
0.387816076,10012
0.387821623,10011
0.387866605,10010
0.38787305,10009
0.387878646,10008
0.387892419,10007
0.387932373,10006
0.387940846,10005
0.387949144,10004
0.387956533,10003
0.387963703,10002
0.387971689,10001
0.387978429,10000
0.387985288,9999
0.387992265,9998
0.387999289,9997
0.388005945,9996
0.38801367,9995
0.388034787,9994
0.388040578,9993
0.388046073,9992
0.388051331,9991
0.388056369,9990
0.388081527,9989
0.388088446,9988
0.388094778,9987
0.388100881,9986
0.388106723,9985
0.388112387,9984
0.388118069,9983
0.388124023,9982
0.388130033,9981
0.388134711,9980
0.388139002,9979
0.388142833,9978
0.388146942,9977
0.388151153,9976
0.388155602,9975
0.388159913,9974
0.38816382,9973
0.38816693,9972
0.388170248,9971
0.388173371,9970
0.388176657,9969
0.388179902,9968
0.388183309,9967
0.388186636,9966
0.388190778,9965
0.388194472,9964
0.388197881,9963
0.388201085,9962
0.388206453,9961
0.388211486,9960
0.388216067,9959
0.388220586,9958
0.388224853,9957
0.388228573,9956
0.388232504,9955
0.388236864,9954
0.388241205,9953
0.388245468,9952
0.388249829,9951
0.388254074,9950
0.38825851,9949
0.388263018,9948
0.388266931,9947
0.388271915,9946
0.388277387,9945
0.388281834,9944
0.388288265,9943
0.388298925,9942
0.388339113,9941
0.388343605,9940
0.388348117,9939
0.38835394,9938
0.388358019,9937
0.388362042,9936
0.388368066,9935
0.388372922,9934
0.388377487,9933
0.38838199,9932
0.388386787,9931
0.388391164,9930
0.388396126,9929
0.388399411,9928
0.388402951,9927
0.388409628,9926
0.388414244,9925
0.388418387,9924
0.388422459,9923
0.38842677,9922
0.388431149,9921
0.388435837,9920
0.388439938,9919
0.388444351,9918
0.388448803,9917
0.388453235,9916
0.388457987,9915
0.388462678,9914
0.38846725,9913
0.388511676,9912
0.388516113,9911
0.388520497,9910
0.388524628,9909
0.388528737,9908
0.388533294,9907
0.388537755,9906
0.388542013,9905
0.388546867,9904
0.388551511,9903
0.388556011,9902
0.388560309,9901
0.388564889,9900
0.388569044,9899
0.388573446,9898
0.388577798,9897
0.38858195,9896
0.388586231,9895
0.388590847,9894
0.388595484,9893
0.388600037,9892
0.388604565,9891
0.388608971,9890
0.388613367,9889
0.388617827,9888
0.388622295,9887
0.388626502,9886
0.388631005,9885
0.388635461,9884
0.388648741,9883
0.388653949,9882
0.388658858,9881
0.388663744,9880
0.388668372,9879
0.388672656,9878
0.388677894,9877
0.388682894,9876
0.388688001,9875
0.388692467,9874
0.388697193,9873
0.388701716,9872
0.388705953,9871
0.388710133,9870
0.388723324,9869
0.3887282,9868
0.388733059,9867
0.38873795,9866
0.388743633,9865
0.388748926,9864
0.388754341,9863
0.388760045,9862
0.388799057,9861
0.388835753,9860
0.388842489,9859
0.388849858,9858
0.388856616,9857
0.388863141,9856
0.388872854,9855
0.38887877,9854
0.388892675,9853
0.388927596,9852
0.388933931,9851
0.388939195,9850
0.388944718,9849
0.388949807,9848
0.388955039,9847
0.388959822,9846
0.388965116,9845
0.388970531,9844
0.388975335,9843
0.388979947,9842
0.388984511,9841
0.388988758,9840
0.388993177,9839
0.388997653,9838
0.389002281,9837
0.389006932,9836
0.389017717,9835
0.389054265,9834
0.389060327,9833
0.389064617,9832
0.389069209,9831
0.389073628,9830
0.389078076,9829
0.389082599,9828
0.389087075,9827
0.389094311,9826
0.389099061,9825
0.389104661,9824
0.389108768,9823
0.38911253,9822
0.389116468,9821
0.389120349,9820
0.389124226,9819
0.389127986,9818
0.389131765,9817
0.389136265,9816
0.389140158,9815
0.389152397,9814
0.389169075,9813
0.389174434,9812
0.389179173,9811
0.389183472,9810
0.389188007,9809
0.389192472,9808
0.389196979,9807
0.38920196,9806
0.389206691,9805
0.389211607,9804
0.389216902,9803
0.389222087,9802
0.389275621,9801
0.38928034,9800
0.38928521,9799
0.389292429,9798
0.389297043,9797
0.389301633,9796
0.389306785,9795
0.389311151,9794
0.389315393,9793
0.389320032,9792
0.389324639,9791
0.389329062,9790
0.389333665,9789
0.389374599,9788
0.389380526,9787
0.389384901,9786
0.389388907,9785
0.389393057,9784
0.389396737,9783
0.389400251,9782
0.389403855,9781
0.389407536,9780
0.389411087,9779
0.389414903,9778
0.3894188,9777
0.389422559,9776
0.389425996,9775
0.389429335,9774
0.38943324,9773
0.389436787,9772
0.389440143,9771
0.389444391,9770
0.389448761,9769
0.389452646,9768
0.389456166,9767
0.389460021,9766
0.389463615,9765
0.389467168,9764
0.389473529,9763
0.389481519,9762
0.389486681,9761
0.389491391,9760
0.389496229,9759
0.389500342,9758
0.389505087,9757
0.389510037,9756
0.389514247,9755
0.389519752,9754
0.389524828,9753
0.389530189,9752
0.389535384,9751
0.38954131,9750
0.389549377,9749
0.389554509,9748
0.389558198,9747
0.389561487,9746
0.389564447,9745
0.389567744,9744
0.389570806,9743
0.389573515,9742
0.389576382,9741
0.389579058,9740
0.389581845,9739
0.3895852,9738
0.389587943,9737
0.389590664,9736
0.389593501,9735
0.389596165,9734
0.389599117,9733
0.389602815,9732
0.389606574,9731
0.389610049,9730
0.389613821,9729
0.38961777,9728
0.389620662,9727
0.389623426,9726
0.38962629,9725
0.389629412,9724
0.389632639,9723
0.389635568,9722
0.389638442,9721
0.389641422,9720
0.389644555,9719
0.389648037,9718
0.389651217,9717
0.389654209,9716
0.389657011,9715
0.38966003,9714
0.389663398,9713
0.38966645,9712
0.389669328,9711
0.389672392,9710
0.389675144,9709
0.389678588,9708
0.389682653,9707
0.389686653,9706
0.38969066,9705
0.389694973,9704
0.389699586,9703
0.389703781,9702
0.38970743,9701
0.389711075,9700
0.389714901,9699
0.389719097,9698
0.389722713,9697
0.389727068,9696
0.389730169,9695
0.389732868,9694
0.389735551,9693
0.389738283,9692
0.389740908,9691
0.389743894,9690
0.389746637,9689
0.389749275,9688
0.389753223,9687
0.389756813,9686
0.389760575,9685
0.389765505,9684
0.389769912,9683
0.38977331,9682
0.389776683,9681
0.389780055,9680
0.389785838,9679
0.389790489,9678
0.389795293,9677
0.389798789,9676
0.389803168,9675
0.389807064,9674
0.389811344,9673
0.38981547,9672
0.389818762,9671
0.389852536,9670
0.389894396,9669
0.389898368,9668
0.389901889,9667
0.389905702,9666
0.38991906,9665
0.389923166,9664
0.389927214,9663
0.389966685,9662
0.38997047,9661
0.389973762,9660
0.389977356,9659
0.3899805,9658
0.389983709,9657
0.389986796,9656
0.389989734,9655
0.389992885,9654
0.389995922,9653
0.38999907,9652
0.390002202,9651
0.390005157,9650
0.390007643,9649
0.390010369,9648
0.390012879,9647
0.390015211,9646
0.390017825,9645
0.390020425,9644
0.390023532,9643
0.390026476,9642
0.390029273,9641
0.390032323,9640
0.390035306,9639
0.390038547,9638
0.390041144,9637
0.390043837,9636
0.390046485,9635
0.390049152,9634
0.390051799,9633
0.390054404,9632
0.390056972,9631
0.390059431,9630
0.390062136,9629
0.390064383,9628
0.390066828,9627
0.39006947,9626
0.390071859,9625
0.390074319,9624
0.390076712,9623
0.390079044,9622
0.390082059,9621
0.390084862,9620
0.390087084,9619
0.39008925,9618
0.390091819,9617
0.390095284,9616
0.390097987,9615
0.390100654,9614
0.390103216,9613
0.390105518,9612
0.390107905,9611
0.390110293,9610
0.390113055,9609
0.390115519,9608
0.390118216,9607
0.390120779,9606
0.390123105,9605
0.390125806,9604
0.390128079,9603
0.390130724,9602
0.390133244,9601
0.390146172,9600
0.390150331,9599
0.39015377,9598
0.390156634,9597
0.390159134,9596
0.390162278,9595
0.390164963,9594
0.390167377,9593
0.39016962,9592
0.390171992,9591
0.390174226,9590
0.390176317,9589
0.390178706,9588
0.390180968,9587
0.390183145,9586
0.390185257,9585
0.390187586,9584
0.390191361,9583
0.390194779,9582
0.390197746,9581
0.390200698,9580
0.390203635,9579
0.390206669,9578
0.390210262,9577
0.390213504,9576
0.390216823,9575
0.390220662,9574
0.390223668,9573
0.390226384,9572
0.39022932,9571
0.390231912,9570
0.390234781,9569
0.390237351,9568
0.390239975,9567
0.390242278,9566
0.39024502,9565
0.390247621,9564
0.390250005,9563
0.390252417,9562
0.390254738,9561
0.390257155,9560
0.390259741,9559
0.390262322,9558
0.390264784,9557
0.390267519,9556
0.390270348,9555
0.39027321,9554
0.390275966,9553
0.390278666,9552
0.390281478,9551
0.390284261,9550
0.390286825,9549
0.390289505,9548
0.390292313,9547
0.390294555,9546
0.390297125,9545
0.390299421,9544
0.390302112,9543
0.390304684,9542
0.390307016,9541
0.390309387,9540
0.390311689,9539
0.390314208,9538
0.390317009,9537
0.390319704,9536
0.390322699,9535
0.390325599,9534
0.390328715,9533
0.390331514,9532
0.390334118,9531
0.390336855,9530
0.39033945,9529
0.390342236,9528
0.390351528,9527
0.390354328,9526
0.390357373,9525
0.390359773,9524
0.390362877,9523
0.390366104,9522
0.390368873,9521
0.390372512,9520
0.390375285,9519
0.390377918,9518
0.390380568,9517
0.390383719,9516
0.390387094,9515
0.39039039,9514
0.390393752,9513
0.390396954,9512
0.390400284,9511
0.39040312,9510
0.390405756,9509
0.390408728,9508
0.390411598,9507
0.390414848,9506
0.390417698,9505
0.39042441,9504
0.39042725,9503
0.390430118,9502
0.390432755,9501
0.39043581,9500
0.390439582,9499
0.390442832,9498
0.390445871,9497
0.390449395,9496
0.390452514,9495
0.390455553,9494
0.390458604,9493
0.390461785,9492
0.39046513,9491
0.390468541,9490
0.390471756,9489
0.390474905,9488
0.390478187,9487
0.390481466,9486
0.390484747,9485
0.390487816,9484
0.390490435,9483
0.390493068,9482
0.390495752,9481
0.390498346,9480
0.390500632,9479
0.390503099,9478
0.390505445,9477
0.390507698,9476
0.390510156,9475
0.390512679,9474
0.390515091,9473
0.390517816,9472
0.390519944,9471
0.390522003,9470
0.390525032,9469
0.390527594,9468
0.390530019,9467
0.390532559,9466
0.390534866,9465
0.390537338,9464
0.390539556,9463
0.390542167,9462
0.390544486,9461
0.390546647,9460
0.390548953,9459
0.390551263,9458
0.390553661,9457
0.39055583,9456
0.390558067,9455
0.39056036,9454
0.39056304,9453
0.390565296,9452
0.39056725,9451
0.390569491,9450
0.390571978,9449
0.390574128,9448
0.390576274,9447
0.390578659,9446
0.390580719,9445
0.390583039,9444
0.390585328,9443
0.390587578,9442
0.390589681,9441
0.390591755,9440
0.390593827,9439
0.390595797,9438
0.390598048,9437
0.390600232,9436
0.3906023,9435
0.39060456,9434
0.390606745,9433
0.390608838,9432
0.390611033,9431
0.390613123,9430
0.390615371,9429
0.390617418,9428
0.390619779,9427
0.390621994,9426
0.390624263,9425
0.390626702,9424
0.390629172,9423
0.390631282,9422
0.390633396,9421
0.390635935,9420
0.390638164,9419
0.390640505,9418
0.390642648,9417
0.390646126,9416
0.39064927,9415
0.390654399,9414
0.391192294,9413
0.391200764,9412
0.391204401,9411
0.391209513,9410
0.391214399,9409
0.391218859,9408
0.39122149,9407
0.391223784,9406
0.391226051,9405
0.391229782,9404
0.391232851,9403
0.3912359,9402
0.391238651,9401
0.391241408,9400
0.391243895,9399
0.391246144,9398
0.391248411,9397
0.391251307,9396
0.391253333,9395
0.391255998,9394
0.391258187,9393
0.39126082,9392
0.391263189,9391
0.391265631,9390
0.391268103,9389
0.39127041,9388
0.391272715,9387
0.391275665,9386
0.391278222,9385
0.391280913,9384
0.391283857,9383
0.391286844,9382
0.391289183,9381
0.391291748,9380
0.391294664,9379
0.391297255,9378
0.391299817,9377
0.391301991,9376
0.391304711,9375
0.391307872,9374
0.391310548,9373
0.391313011,9372
0.391317217,9371
0.391319983,9370
0.391323222,9369
0.391326405,9368
0.391329204,9367
0.391332224,9366
0.391335041,9365
0.391338105,9364
0.391341,9363
0.391345028,9362
0.391349532,9361
0.391353282,9360
0.391365471,9359
0.391370541,9358
0.391373597,9357
0.391376499,9356
0.391379555,9355
0.39138181,9354
0.39138437,9353
0.391388089,9352
0.391391744,9351
0.391395029,9350
0.391474814,9349
0.391478534,9348
0.391482134,9347
0.391484929,9346
0.391487842,9345
0.391490519,9344
0.391493266,9343
0.391496091,9342
0.39149864,9341
0.391501162,9340
0.391504137,9339
0.391515559,9338
0.391518547,9337
0.39152168,9336
0.391525566,9335
0.391528887,9334
0.391531533,9333
0.391534403,9332
0.391536914,9331
0.391539448,9330
0.391542176,9329
0.391544666,9328
0.391547296,9327
0.391550358,9326
0.391552936,9325
0.391555513,9324
0.391558183,9323
0.391560578,9322
0.391563067,9321
0.391565504,9320
0.391567916,9319
0.391570397,9318
0.391573098,9317
0.391575905,9316
0.391578557,9315
0.391581263,9314
0.391584159,9313
0.391587026,9312
0.391590072,9311
0.391592936,9310
0.391595607,9309
0.391598456,9308
0.391601,9307
0.391603652,9306
0.391606116,9305
0.391608619,9304
0.391611532,9303
0.391613851,9302
0.391616646,9301
0.391619393,9300
0.391622702,9299
0.391625581,9298
0.391628106,9297
0.39163076,9296
0.391634106,9295
0.391637606,9294
0.391641289,9293
0.391644599,9292
0.391647427,9291
0.391650702,9290
0.391653929,9289
0.391657037,9288
0.391660237,9287
0.391663545,9286
0.391666892,9285
0.391670017,9284
0.39167262,9283
0.391675359,9282
0.391678184,9281
0.391680884,9280
0.391683543,9279
0.391686257,9278
0.391690036,9277
0.391693518,9276
0.391696922,9275
0.391699957,9274
0.391703527,9273
0.391706925,9272
0.391710177,9271
0.391713308,9270
0.39171645,9269
0.391719581,9268
0.391722608,9267
0.391725893,9266
0.39172931,9265
0.391732819,9264
0.391735845,9263
0.391738859,9262
0.391742212,9261
0.391745347,9260
0.391748722,9259
0.391752681,9258
0.39175642,9257
0.391759697,9256
0.391763091,9255
0.391766055,9254
0.391769294,9253
0.391772623,9252
0.391775601,9251
0.39177821,9250
0.391780892,9249
0.391783531,9248
0.39178652,9247
0.391789335,9246
0.391792698,9245
0.39179596,9244
0.391798755,9243
0.391801913,9242
0.391804722,9241
0.391808037,9240
0.391810787,9239
0.391813451,9238
0.3918222,9237
0.391825516,9236
0.391828633,9235
0.391831652,9234
0.391834696,9233
0.391837491,9232
0.39184079,9231
0.391843536,9230
0.391846764,9229
0.391849537,9228
0.391852059,9227
0.391855165,9226
0.391858146,9225
0.391860858,9224
0.391863386,9223
0.391865861,9222
0.391869146,9221
0.391872055,9220
0.391874626,9219
0.391877023,9218
0.39187984,9217
0.39188221,9216
0.391885424,9215
0.391888164,9214
0.391891021,9213
0.391893791,9212
0.391896669,9211
0.391899683,9210
0.391903247,9209
0.391906558,9208
0.391909318,9207
0.391911876,9206
0.391914514,9205
0.391917172,9204
0.391919793,9203
0.391922166,9202
0.391924562,9201
0.391927001,9200
0.391929561,9199
0.391931864,9198
0.391934207,9197
0.391936816,9196
0.391939286,9195
0.391941748,9194
0.391944393,9193
0.391947162,9192
0.39194982,9191
0.391952501,9190
0.391955435,9189
0.391958084,9188
0.391960694,9187
0.391963223,9186
0.391965507,9185
0.391969184,9184
0.391972013,9183
0.391974875,9182
0.391978316,9181
0.391981686,9180
0.391984337,9179
0.391987487,9178
0.391990449,9177
0.391992917,9176
0.391995588,9175
0.3919981,9174
0.3920006,9173
0.392002895,9172
0.392005274,9171
0.3920078,9170
0.392010158,9169
0.392012593,9168
0.392014994,9167
0.392018693,9166
0.392021494,9165
0.392024265,9164
0.392026895,9163
0.392029325,9162
0.39203186,9161
0.392034479,9160
0.392037,9159
0.392039747,9158
0.392042473,9157
0.392044974,9156
0.392047369,9155
0.392049596,9154
0.392052013,9153
0.392054256,9152
0.392056523,9151
0.392059196,9150
0.392062586,9149
0.392066209,9148
0.392069449,9147
0.392073115,9146
0.392076188,9145
0.392079027,9144
0.392082267,9143
0.392085216,9142
0.392088515,9141
0.392100849,9140
0.392104506,9139
0.392109669,9138
0.392113199,9137
0.392116299,9136
0.392118842,9135
0.392121488,9134
0.392124247,9133
0.392127041,9132
0.392129453,9131
0.392131974,9130
0.392134412,9129
0.392136741,9128
0.392139165,9127
0.392142149,9126
0.392144773,9125
0.392147844,9124
0.392150247,9123
0.392152759,9122
0.392155101,9121
0.392157397,9120
0.392159872,9119
0.392162446,9118
0.392165111,9117
0.392167598,9116
0.392170627,9115
0.392173159,9114
0.392175552,9113
0.392178223,9112
0.392180893,9111
0.392183448,9110
0.392185987,9109
0.392188538,9108
0.392190917,9107
0.392193606,9106
0.392196362,9105
0.392199129,9104
0.392201546,9103
0.392203916,9102
0.392206662,9101
0.392208963,9100
0.392211639,9099
0.392214103,9098
0.392216378,9097
0.392218479,9096
0.392221101,9095
0.392223401,9094
0.392226114,9093
0.392228963,9092
0.392232428,9091
0.392235792,9090
0.392239186,9089
0.392241773,9088
0.3922444,9087
0.392247186,9086
0.392249825,9085
0.392254179,9084
0.392262995,9083
0.392266866,9082
0.392270553,9081
0.39227365,9080
0.39227713,9079
0.392283764,9078
0.392287076,9077
0.392290554,9076
0.392293999,9075
0.392296585,9074
0.392299751,9073
0.392303211,9072
0.392305741,9071
0.392309077,9070
0.392312192,9069
0.392316049,9068
0.392319638,9067
0.392323558,9066
0.392326852,9065
0.392330373,9064
0.392333932,9063
0.39233804,9062
0.392341761,9061
0.392345846,9060
0.392349568,9059
0.392353479,9058
0.392357863,9057
0.392362234,9056
0.392366388,9055
0.392370448,9054
0.392374284,9053
0.392378534,9052
0.392382254,9051
0.392387206,9050
0.39239517,9049
0.3924284,9048
0.392431365,9047
0.392434344,9046
0.392437613,9045
0.392440451,9044
0.392443325,9043
0.392446324,9042
0.392450589,9041
0.392453913,9040
0.392457007,9039
0.392460682,9038
0.392463525,9037
0.392466482,9036
0.392469472,9035
0.392472245,9034
0.392475152,9033
0.392477985,9032
0.392481077,9031
0.392484123,9030
0.392486805,9029
0.39248986,9028
0.392492547,9027
0.392494925,9026
0.39249751,9025
0.392500466,9024
0.392503237,9023
0.392506392,9022
0.392509066,9021
0.392511627,9020
0.392514016,9019
0.392516471,9018
0.392519067,9017
0.39252192,9016
0.392524804,9015
0.392527458,9014
0.39253004,9013
0.39253294,9012
0.392536386,9011
0.392539051,9010
0.39254188,9009
0.392544987,9008
0.392547699,9007
0.392551421,9006
0.392554947,9005
0.392558297,9004
0.392561314,9003
0.392564386,9002
0.392567511,9001
0.392570805,9000
0.392573956,8999
0.392577292,8998
0.392580445,8997
0.392583552,8996
0.3925864,8995
0.392589549,8994
0.392592454,8993
0.392595222,8992
0.392598498,8991
0.392601286,8990
0.392604333,8989
0.392607967,8988
0.392610897,8987
0.392613494,8986
0.39261606,8985
0.39261921,8984
0.392621998,8983
0.392625032,8982
0.392628051,8981
0.392630813,8980
0.392633714,8979
0.392636911,8978
0.392639747,8977
0.392642669,8976
0.392645604,8975
0.392648254,8974
0.392650824,8973
0.392653783,8972
0.392656604,8971
0.392659396,8970
0.392662444,8969
0.392665276,8968
0.392668297,8967
0.392671494,8966
0.392674785,8965
0.392678011,8964
0.392680758,8963
0.392683885,8962
0.392686391,8961
0.392689603,8960
0.392692311,8959
0.392695131,8958
0.392697971,8957
0.392700713,8956
0.392703392,8955
0.392705894,8954
0.392708544,8953
0.392711241,8952
0.39271411,8951
0.392717242,8950
0.392719819,8949
0.392723012,8948
0.392725729,8947
0.392729111,8946
0.392732377,8945
0.392736768,8944
0.392739938,8943
0.392742934,8942
0.392754941,8941
0.392758905,8940
0.392761888,8939
0.392764476,8938
0.392767737,8937
0.39277018,8936
0.39277333,8935
0.392776247,8934
0.392779379,8933
0.39278285,8932
0.392785655,8931
0.392788234,8930
0.392791065,8929
0.39279362,8928
0.392795804,8927
0.392798515,8926
0.392800994,8925
0.39280371,8924
0.392806506,8923
0.392809209,8922
0.392811882,8921
0.392814417,8920
0.392817052,8919
0.392819649,8918
0.392822166,8917
0.392825047,8916
0.392827725,8915
0.392830229,8914
0.392832851,8913
0.39283537,8912
0.392837944,8911
0.392840476,8910
0.392850262,8909
0.392853664,8908
0.392872657,8907
0.39287585,8906
0.3928788,8905
0.392881535,8904
0.39288459,8903
0.392887106,8902
0.392889736,8901
0.392892365,8900
0.392895299,8899
0.392897911,8898
0.39290081,8897
0.392903392,8896
0.392906031,8895
0.392908506,8894
0.392910878,8893
0.392913602,8892
0.392915808,8891
0.392918244,8890
0.392920694,8889
0.392923295,8888
0.392926122,8887
0.392928955,8886
0.3929318,8885
0.392934356,8884
0.392936726,8883
0.392939136,8882
0.392941736,8881
0.39294459,8880
0.392948052,8879
0.39295119,8878
0.392953977,8877
0.392956817,8876
0.39295967,8875
0.392962021,8874
0.392964381,8873
0.392966661,8872
0.392969285,8871
0.392972103,8870
0.392974513,8869
0.392977395,8868
0.392979907,8867
0.392982451,8866
0.392985043,8865
0.39298786,8864
0.39299069,8863
0.392993323,8862
0.392996179,8861
0.392998671,8860
0.393001351,8859
0.393003862,8858
0.393006489,8857
0.393009735,8856
0.393012893,8855
0.393016624,8854
0.393019683,8853
0.393023154,8852
0.39302594,8851
0.393028419,8850
0.393031799,8849
0.393035427,8848
0.393038931,8847
0.393043056,8846
0.393045986,8845
0.393048793,8844
0.393051322,8843
0.393054157,8842
0.393058569,8841
0.393061789,8840
0.393065061,8839
0.393068094,8838
0.393071006,8837
0.393073768,8836
0.393077319,8835
0.393080336,8834
0.393083076,8833
0.393085701,8832
0.393088759,8831
0.39309234,8830
0.39309583,8829
0.393100039,8828
0.393103312,8827
0.393106994,8826
0.393110364,8825
0.393113824,8824
0.393116905,8823
0.393120658,8822
0.393124136,8821
0.393127236,8820
0.393131088,8819
0.393134306,8818
0.393137305,8817
0.393140076,8816
0.393142223,8815
0.393144506,8814
0.393146771,8813
0.393149016,8812
0.393151499,8811
0.393153769,8810
0.393156978,8809
0.39315975,8808
0.393162497,8807
0.393165109,8806
0.393168116,8805
0.39317167,8804
0.39317467,8803
0.393177842,8802
0.393181517,8801
0.393185051,8800
0.393188355,8799
0.393191523,8798
0.393194594,8797
0.39319839,8796
0.393201839,8795
0.393205002,8794
0.393208105,8793
0.39321109,8792
0.393214261,8791
0.393217167,8790
0.393220486,8789
0.393223633,8788
0.393226667,8787
0.393229622,8786
0.393232589,8785
0.393235749,8784
0.393238795,8783
0.39324216,8782
0.393245148,8781
0.393248258,8780
0.393251011,8779
0.393254636,8778
0.393258074,8777
0.393261164,8776
0.39326421,8775
0.393267523,8774
0.393270819,8773
0.393273672,8772
0.393276421,8771
0.393279723,8770
0.393282476,8769
0.393285357,8768
0.393288321,8767
0.3932917,8766
0.393294858,8765
0.393297787,8764
0.393300955,8763
0.393322711,8762
0.393360053,8761
0.393363236,8760
0.393366885,8759
0.393370109,8758
0.39337307,8757
0.393376179,8756
0.393379126,8755
0.39338432,8754
0.393388504,8753
0.393391673,8752
0.393394531,8751
0.393397137,8750
0.39340081,8749
0.393404401,8748
0.393408015,8747
0.393411586,8746
0.393415424,8745
0.393419002,8744
0.393421786,8743
0.393424505,8742
0.393427383,8741
0.393430283,8740
0.393433407,8739
0.393437384,8738
0.393440823,8737
0.393443812,8736
0.39344666,8735
0.39344954,8734
0.393452439,8733
0.393454952,8732
0.393457608,8731
0.393460471,8730
0.394083745,8729
0.394088071,8728
0.394092731,8727
0.394097782,8726
0.394102344,8725
0.394105653,8724
0.394108972,8723
0.394113558,8722
0.394116463,8721
0.394120794,8720
0.394125611,8719
0.394129383,8718
0.394133278,8717
0.39413681,8716
0.394140379,8715
0.39414393,8714
0.394147405,8713
0.394150051,8712
0.394154596,8711
0.394159314,8710
0.394162988,8709
0.394168993,8708
0.394172372,8707
0.39417615,8706
0.39417958,8705
0.394183256,8704
0.394188414,8703
0.394192011,8702
0.394195276,8701
0.394198711,8700
0.394203108,8699
0.39420687,8698
0.394211946,8697
0.394220351,8696
0.394223939,8695
0.394227243,8694
0.394230069,8693
0.394232862,8692
0.394235979,8691
0.394239311,8690
0.3942422,8689
0.394245174,8688
0.394248582,8687
0.394252484,8686
0.394257997,8685
0.394263077,8684
0.394268287,8683
0.394271532,8682
0.39427498,8681
0.394278243,8680
0.394281907,8679
0.394285241,8678
0.394288978,8677
0.394292065,8676
0.394295095,8675
0.394300182,8674
0.394304624,8673
0.394307387,8672
0.394310189,8671
0.39431325,8670
0.394316373,8669
0.394319422,8668
0.39432264,8667
0.394350033,8666
0.394353811,8665
0.394357186,8664
0.394361581,8663
0.394369395,8662
0.394374375,8661
0.394378801,8660
0.394382568,8659
0.394385558,8658
0.394389235,8657
0.394392409,8656
0.394395584,8655
0.394399036,8654
0.394401879,8653
0.394404949,8652
0.394408459,8651
0.394411434,8650
0.394414359,8649
0.394417534,8648
0.394420598,8647
0.3944236,8646
0.394426609,8645
0.394429789,8644
0.394432799,8643
0.394435885,8642
0.394439926,8641
0.394445169,8640
0.394447751,8639
0.394451098,8638
0.394454303,8637
0.39445759,8636
0.394460901,8635
0.394463614,8634
0.394466352,8633
0.394469425,8632
0.394472378,8631
0.394475277,8630
0.394478275,8629
0.394482802,8628
0.394485687,8627
0.394489632,8626
0.394492776,8625
0.394496263,8624
0.39449962,8623
0.394503854,8622
0.394507346,8621
0.394510634,8620
0.394514007,8619
0.394516879,8618
0.394519924,8617
0.394522917,8616
0.394526371,8615
0.394529981,8614
0.394535322,8613
0.394538901,8612
0.394543905,8611
0.394547817,8610
0.394552256,8609
0.394554981,8608
0.394558421,8607
0.394561654,8606
0.394581168,8605
0.39458558,8604
0.394589291,8603
0.394592578,8602
0.394596115,8601
0.39459919,8600
0.394602271,8599
0.394607506,8598
0.394610971,8597
0.394614908,8596
0.39461853,8595
0.394621763,8594
0.394624757,8593
0.394627459,8592
0.394630648,8591
0.394635353,8590
0.394638954,8589
0.394642243,8588
0.394645427,8587
0.394649616,8586
0.394652652,8585
0.394655783,8584
0.394659085,8583
0.394661737,8582
0.394664433,8581
0.394668567,8580
0.394671056,8579
0.394673712,8578
0.394676488,8577
0.394679623,8576
0.394682233,8575
0.394684846,8574
0.394687196,8573
0.394689875,8572
0.394693389,8571
0.394695931,8570
0.394698535,8569
0.394701093,8568
0.394704704,8567
0.394707611,8566
0.39471012,8565
0.394712484,8564
0.394715094,8563
0.394719131,8562
0.394722451,8561
0.394725628,8560
0.394729678,8559
0.394735222,8558
0.39473791,8557
0.394740416,8556
0.394743226,8555
0.394745841,8554
0.394748425,8553
0.394750896,8552
0.394753628,8551
0.394756856,8550
0.394759559,8549
0.394763232,8548
0.394767646,8547
0.394770783,8546
0.394773779,8545
0.394776602,8544
0.394780532,8543
0.394783573,8542
0.394786389,8541
0.394789144,8540
0.394791902,8539
0.394795099,8538
0.394797554,8537
0.394801271,8536
0.394804121,8535
0.394806949,8534
0.394809651,8533
0.394812372,8532
0.394815051,8531
0.394818363,8530
0.394821222,8529
0.394823991,8528
0.394828215,8527
0.394832763,8526
0.394835931,8525
0.39483877,8524
0.39484187,8523
0.394844922,8522
0.394848004,8521
0.394850938,8520
0.394853866,8519
0.394856788,8518
0.394859931,8517
0.394863026,8516
0.394866955,8515
0.394870082,8514
0.394873113,8513
0.394876739,8512
0.394879833,8511
0.394882742,8510
0.394885852,8509
0.394888592,8508
0.39489141,8507
0.394895057,8506
0.394898586,8505
0.394901181,8504
0.39490396,8503
0.394906726,8502
0.394909843,8501
0.394912885,8500
0.394916846,8499
0.394920844,8498
0.394923317,8497
0.394928734,8496
0.394931986,8495
0.394934877,8494
0.394937603,8493
0.394941073,8492
0.394944975,8491
0.394947774,8490
0.394950654,8489
0.394954014,8488
0.394957433,8487
0.39495989,8486
0.394963116,8485
0.394965681,8484
0.394968497,8483
0.394971216,8482
0.394973556,8481
0.394977333,8480
0.394979783,8479
0.394982235,8478
0.394984742,8477
0.394987407,8476
0.394991098,8475
0.394993689,8474
0.394996721,8473
0.394999089,8472
0.395001544,8471
0.395003943,8470
0.395006498,8469
0.395008978,8468
0.395011367,8467
0.395015126,8466
0.395018305,8465
0.395020933,8464
0.395023248,8463
0.395025695,8462
0.395028539,8461
0.395030966,8460
0.395033939,8459
0.395036472,8458
0.395040678,8457
0.395044645,8456
0.395047839,8455
0.395050396,8454
0.395054301,8453
0.395058622,8452
0.395062508,8451
0.395067196,8450
0.395070696,8449
0.395075852,8448
0.39507968,8447
0.395083875,8446
0.395087786,8445
0.395095716,8444
0.395098885,8443
0.395102405,8442
0.395107116,8441
0.3951102,8440
0.395114118,8439
0.395117233,8438
0.395121134,8437
0.395124414,8436
0.395128779,8435
0.395131735,8434
0.395135527,8433
0.395139742,8432
0.395143056,8431
0.395147412,8430
0.395150562,8429
0.395153985,8428
0.395157508,8427
0.395160691,8426
0.395163891,8425
0.395166429,8424
0.395169328,8423
0.395172153,8422
0.395175139,8421
0.395177786,8420
0.395180714,8419
0.395185006,8418
0.395187707,8417
0.395191279,8416
0.395193841,8415
0.395197916,8414
0.395200751,8413
0.395203805,8412
0.395206649,8411
0.395209608,8410
0.395213579,8409
0.395217242,8408
0.395220531,8407
0.395223164,8406
0.395226025,8405
0.395228752,8404
0.395232426,8403
0.395235162,8402
0.395240095,8401
0.395243119,8400
0.395246036,8399
0.395249159,8398
0.395252349,8397
0.395255631,8396
0.395258443,8395
0.395261228,8394
0.395264067,8393
0.395267532,8392
0.395270442,8391
0.395273304,8390
0.395276069,8389
0.395278905,8388
0.39528227,8387
0.395285621,8386
0.395289902,8385
0.395293593,8384
0.395299265,8383
0.395302418,8382
0.395305916,8381
0.395309391,8380
0.395312467,8379
0.395315951,8378
0.395319037,8377
0.395322014,8376
0.395324863,8375
0.395337395,8374
0.395341837,8373
0.395345707,8372
0.395348985,8371
0.395352007,8370
0.395355001,8369
0.395357695,8368
0.395360177,8367
0.395362748,8366
0.395368956,8365
0.395371865,8364
0.395374692,8363
0.395377871,8362
0.395382435,8361
0.395386665,8360
0.395389876,8359
0.395392967,8358
0.395396116,8357
0.395399095,8356
0.395401552,8355
0.395404312,8354
0.395407597,8353
0.395410331,8352
0.395414035,8351
0.39541665,8350
0.395419712,8349
0.3954226,8348
0.395425197,8347
0.395430463,8346
0.395436942,8345
0.39544076,8344
0.39544854,8343
0.395452919,8342
0.395456857,8341
0.395462391,8340
0.395465968,8339
0.395469676,8338
0.395518055,8337
0.395523145,8336
0.395526846,8335
0.395530306,8334
0.395533924,8333
0.395538954,8332
0.395542382,8331
0.395545629,8330
0.395549494,8329
0.395552907,8328
0.39555642,8327
0.395559805,8326
0.395563628,8325
0.395566712,8324
0.39557094,8323
0.395574835,8322
0.395578948,8321
0.395582165,8320
0.395585327,8319
0.395589048,8318
0.395591938,8317
0.395594728,8316
0.395597834,8315
0.395601154,8314
0.395604127,8313
0.395607988,8312
0.395611101,8311
0.395614971,8310
0.39561958,8309
0.395624297,8308
0.395630818,8307
0.395635261,8306
0.395638343,8305
0.395641194,8304
0.395645008,8303
0.395656481,8302
0.395664143,8301
0.395701094,8300
0.395705149,8299
0.395710884,8298
0.395715579,8297
0.39571901,8296
0.396023653,8295
0.396032316,8294
0.396049479,8293
0.396056083,8292
0.396062198,8291
0.396065551,8290
0.396073098,8289
0.396077636,8288
0.396081701,8287
0.396092461,8286
0.396097776,8285
0.396104226,8284
0.396108627,8283
0.396145969,8282
0.396153495,8281
0.396158953,8280
0.396162984,8279
0.396183258,8278
0.396189108,8277
0.396195126,8276
0.396239579,8275
0.396244453,8274
0.396252226,8273
0.396258657,8272
0.396264174,8271
0.396269912,8270
0.396311329,8269
0.396315079,8268
0.396318694,8267
0.396324995,8266
0.39633216,8265
0.396338867,8264
0.396343105,8263
0.396348451,8262
0.396353291,8261
0.396361161,8260
0.396366666,8259
0.39637034,8258
0.396374099,8257
0.396377482,8256
0.396381218,8255
0.39638579,8254
0.396391906,8253
0.396459374,8252
0.396650045,8251
0.39668222,8250
0.39669216,8249
0.396731432,8248
0.396739712,8247
0.396744636,8246
0.396751095,8245
0.396761783,8244
0.396769172,8243
0.396773084,8242
0.396780273,8241
0.396786404,8240
0.396827757,8239
0.39683435,8238
0.396840038,8237
0.396847001,8236
0.396851406,8235
0.396886769,8234
0.396892484,8233
0.396902388,8232
0.396909237,8231
0.39691364,8230
0.396917242,8229
0.396921104,8228
0.396926687,8227
0.397054066,8226
0.397064208,8225
0.397068316,8224
0.397105744,8223
0.397116348,8222
0.397125749,8221
0.397130605,8220
0.397137166,8219
0.3971544,8218
0.397164679,8217
0.397171563,8216
0.397183208,8215
0.397196757,8214
0.397549386,8213
0.397558856,8212
0.397563231,8211
0.397567154,8210
0.397575527,8209
0.397580105,8208
0.39758447,8207
0.397590938,8206
0.397594924,8205
0.397600457,8204
0.397606203,8203
0.397619523,8202
0.397637283,8201
0.397650671,8200
0.397658605,8199
0.397662369,8198
0.397701629,8197
0.397738341,8196
0.397741776,8195
0.397745636,8194
0.397750038,8193
0.39775911,8192
0.397762737,8191
0.397773454,8190
0.39777717,8189
0.397783915,8188
0.39778748,8187
0.397796251,8186
0.397799974,8185
0.397808607,8184
0.397814042,8183
0.397819502,8182
0.397825761,8181
0.397832598,8180
0.397837835,8179
0.397843946,8178
0.397847617,8177
0.397852072,8176
0.397855903,8175
0.3978615,8174
0.397865329,8173
0.39786856,8172
0.397916079,8171
0.397924902,8170
0.39792897,8169
0.397940502,8168
0.397947437,8167
0.397951807,8166
0.397986274,8165
0.39802741,8164
0.398035595,8163
0.398055291,8162
0.398064582,8161
0.398071118,8160
0.398150523,8159
0.398156643,8158
0.398160514,8157
0.398167704,8156
0.398188464,8155
0.398193096,8154
0.398195909,8153
0.398202423,8152
0.398228064,8151
0.398233118,8150
0.398250014,8149
0.398256964,8148
0.398263562,8147
0.398273656,8146
0.39829481,8145
0.398315596,8144
0.398318884,8143
0.398324212,8142
0.398329313,8141
0.398348767,8140
0.398356215,8139
0.398359545,8138
0.3983648,8137
0.398381298,8136
0.398386147,8135
0.398389746,8134
0.398407099,8133
0.398420859,8132
0.398426763,8131
0.398441748,8130
0.398461054,8129
0.398467931,8128
0.398471176,8127
0.398475087,8126
0.3984808,8125
0.398488527,8124
0.398509741,8123
0.398530337,8122
0.399409325,8121
0.400040257,8120
0.400219363,8119
0.400228863,8118
0.400297293,8117
0.40030961,8116
0.40046147,8115
0.40052388,8114
0.400594676,8113
0.400736162,8112
0.400814058,8111
0.402157656,8110
0.402168755,8109
0.402179797,8108
0.402189319,8107
0.402193406,8106
0.402198672,8105
0.402204572,8104
0.402215034,8103
0.402221838,8102
0.402227653,8101
0.402231344,8100
0.402234669,8099
0.40224969,8098
0.402253065,8097
0.402260168,8096
0.402263628,8095
0.402269829,8094
0.402275803,8093
0.402287811,8092
0.4022936,8091
0.402298657,8090
0.402303009,8089
0.402308797,8088
0.402314214,8087
0.402318196,8086
0.402323075,8085
0.402329154,8084
0.402335869,8083
0.402349181,8082
0.40235324,8081
0.402357255,8080
0.402362184,8079
0.402368391,8078
0.402373332,8077
0.402379404,8076
0.402383548,8075
0.402386422,8074
0.402389296,8073
0.402395552,8072
0.402401754,8071
0.402414922,8070
0.402418686,8069
0.402422354,8068
0.402426022,8067
0.402432692,8066
0.40243664,8065
0.402441717,8064
0.402457376,8063
0.402463704,8062
0.402519854,8061
0.402568516,8060
0.402572608,8059
0.402608154,8058
0.402612463,8057
0.402620452,8056
0.402626385,8055
0.402629785,8054
0.402643769,8053
0.402665282,8052
0.402670371,8051
0.40267481,8050
0.402678678,8049
0.402682322,8048
0.402688383,8047
0.402693935,8046
0.402700338,8045
0.402741789,8044
0.402750999,8043
0.402754719,8042
0.402761097,8041
0.402795856,8040
0.402805956,8039
0.402811506,8038
0.402820945,8037
0.402835754,8036
0.402886214,8035
0.402897724,8034
0.402906915,8033
0.40294323,8032
0.402951454,8031
0.402955684,8030
0.403005312,8029
0.403010697,8028
0.403021987,8027
0.40303367,8026
0.403048478,8025
0.403058315,8024
0.403066759,8023
0.403077598,8022
0.403088283,8021
0.403099862,8020
0.403111744,8019
0.40311553,8018
0.40312378,8017
0.403135095,8016
0.403137758,8015
0.403144537,8014
0.403148858,8013
0.403166224,8012
0.40317,8011
0.403172846,8010
0.403180632,8009
0.403183908,8008
0.403199862,8007
0.403203116,8006
0.403216134,8005
0.403224346,8004
0.40324622,8003
0.403255729,8002
0.403260221,8001
0.403263227,8000
0.403266937,7999
0.403278199,7998
0.403281056,7997
0.403286979,7996
0.403299711,7995
0.403303922,7994
0.403311229,7993
0.403351233,7992
0.403357763,7991
0.403369208,7990
0.403373474,7989
0.403384939,7988
0.403402218,7987
0.403404755,7986
0.403427174,7985
0.403436661,7984
0.403442361,7983
0.403450383,7982
0.40345546,7981
0.403492435,7980
0.40349747,7979
0.403559336,7978
0.403573003,7977
0.403615102,7976
0.403622073,7975
0.403640886,7974
0.403649316,7973
0.403653365,7972
0.403686603,7971
0.403696851,7970
0.403703142,7969
0.403739355,7968
0.403781906,7967
0.403826353,7966
0.403874761,7965
0.40387767,7964
0.403882573,7963
0.403982412,7962
0.404030901,7961
0.404067187,7960
0.404102828,7959
0.404107878,7958
0.404116539,7957
0.404120519,7956
0.404124982,7955
0.404158519,7954
0.404163513,7953
0.40416889,7952
0.404231823,7951
0.404242713,7950
0.404257409,7949
0.404270389,7948
0.404290304,7947
0.404339158,7946
0.40435492,7945
0.40439422,7944
0.404434295,7943
0.404523069,7942
0.404536384,7941
0.404559371,7940
0.404599541,7939
0.404609621,7938
0.404614068,7937
0.404647614,7936
0.404651636,7935
0.404672668,7934
0.404677664,7933
0.404687108,7932
0.404693094,7931
0.404714347,7930
0.404724973,7929
0.404745915,7928
0.404752834,7927
0.404766562,7926
0.404770385,7925
0.40477416,7924
0.404784768,7923
0.404826259,7922
0.404838291,7921
0.404843598,7920
0.404864312,7919
0.404869551,7918
0.404875896,7917
0.404885286,7916
0.404889313,7915
0.404947006,7914
0.404976311,7913
0.404994831,7912
0.405012486,7911
0.405033391,7910
0.405068682,7909
0.405081942,7908
0.405105226,7907
0.40572504,7906
0.405732418,7905
0.40577019,7904
0.405780335,7903
0.405784496,7902
0.405789452,7901
0.405825057,7900
0.405831942,7899
0.405835396,7898
0.405838809,7897
0.405841676,7896
0.405844542,7895
0.405847485,7894
0.405856365,7893
0.405859238,7892
0.405862983,7891
0.405867765,7890
0.405876906,7889
0.405881228,7888
0.405885032,7887
0.405888092,7886
0.405893357,7885
0.40590838,7884
0.405914183,7883
0.405918995,7882
0.405925536,7881
0.405932298,7880
0.405939227,7879
0.405947115,7878
0.405950002,7877
0.405952883,7876
0.405958643,7875
0.405965053,7874
0.405971129,7873
0.405976528,7872
0.405979327,7871
0.405984516,7870
0.406013033,7869
0.406048897,7868
0.406052621,7867
0.406090639,7866
0.406096355,7865
0.40610164,7864
0.406141224,7863
0.406182468,7862
0.406195447,7861
0.406252769,7860
0.406527889,7859
0.406531993,7858
0.406615618,7857
0.406652081,7856
0.406655262,7855
0.406699521,7854
0.406719565,7853
0.406726126,7852
0.406729647,7851
0.406734033,7850
0.406783908,7849
0.406804321,7848
0.406840681,7847
0.406884173,7846
0.407651403,7845
0.407661754,7844
0.407696271,7843
0.407737641,7842
0.407774563,7841
0.407778536,7840
0.407832691,7839
0.407836777,7838
0.407874104,7837
0.407891468,7836
0.407940865,7835
0.407967519,7834
0.407995119,7833
0.408033081,7832
0.408076786,7831
0.408098005,7830
0.408102308,7829
0.408106744,7828
0.408117071,7827
0.408125729,7826
0.408134857,7825
0.408175965,7824
0.408182077,7823
0.408186411,7822
0.408190565,7821
0.40819454,7820
0.408200898,7819
0.40820732,7818
0.408240894,7817
0.408244603,7816
0.408251809,7815
0.408259546,7814
0.408264369,7813
0.40827009,7812
0.408282335,7811
0.408288821,7810
0.40829436,7809
0.408302369,7808
0.408307737,7807
0.408311565,7806
0.408325661,7805
0.408329291,7804
0.408367272,7803
0.408414502,7802
0.408421109,7801
0.408432115,7800
0.408470473,7799
0.408474757,7798
0.408850038,7797
0.408854939,7796
0.408874588,7795
0.408880463,7794
0.408894095,7793
0.408935853,7792
0.408944381,7791
0.408948543,7790
0.408969053,7789
0.408973662,7788
0.409033835,7787
0.409074012,7786
0.409080514,7785
0.409084249,7784
0.409125508,7783
0.409174027,7782
0.409187894,7781
0.409327925,7780
0.409403357,7779
0.409441669,7778
0.409482997,7777
0.410670425,7776
0.410752866,7775
0.410812961,7774
0.410819475,7773
0.415531813,7772
0.41873367,7771
0.418761884,7770
0.418783879,7769
0.418794669,7768
0.41881707,7767
0.418830097,7766
0.418869227,7765
0.418877709,7764
0.418925905,7763
0.418978094,7762
0.418992014,7761
0.419031722,7760
0.419070691,7759
0.419105128,7758
0.419140487,7757
0.419147969,7756
0.419157771,7755
0.419205059,7754
0.41921086,7753
0.419296668,7752
0.419330133,7751
0.419343899,7750
0.419353778,7749
0.419362628,7748
0.419390147,7747
0.419433461,7746
0.421587198,7745
0.421627241,7744
0.421631998,7743
0.421645412,7742
0.421963765,7741
0.421980687,7740
0.421986047,7739
0.421990939,7738
0.42199542,7737
0.421999355,7736
0.422003108,7735
0.422006952,7734
0.422010762,7733
0.422017067,7732
0.422025994,7731
0.42203529,7730
0.422044264,7729
0.422055883,7728
0.422060318,7727
0.422070027,7726
0.422077599,7725
0.422080516,7724
0.422084434,7723
0.422087533,7722
0.422091059,7721
0.422099394,7720
0.422112483,7719
0.422115702,7718
0.42211924,7717
0.422137156,7716
0.422140869,7715
0.422143793,7714
0.422147488,7713
0.422151068,7712
0.422156025,7711
0.422159368,7710
0.422164161,7709
0.422167306,7708
0.422170663,7707
0.422185582,7706
0.422191638,7705
0.42219705,7704
0.422203801,7703
0.422211323,7702
0.422214609,7701
0.422220542,7700
0.422225451,7699
0.42227236,7698
0.422277889,7697
0.422281033,7696
0.422286053,7695
0.422292573,7694
0.422314452,7693
0.42231733,7692
0.422321181,7691
0.422325083,7690
0.422328455,7689
0.422337653,7688
0.422342538,7687
0.422350643,7686
0.422355574,7685
0.422358971,7684
0.422379298,7683
0.422383508,7682
0.422391271,7681
0.422401242,7680
0.422411549,7679
0.42241987,7678
0.422425847,7677
0.422471059,7676
0.422473972,7675
0.422482194,7674
0.422485784,7673
0.422489096,7672
0.422492716,7671
0.422496768,7670
0.422500197,7669
0.422508236,7668
0.422511603,7667
0.422514803,7666
0.422542855,7665
0.422560863,7664
0.422567181,7663
0.422571775,7662
0.422580163,7661
0.422582883,7660
0.422590594,7659
0.422594792,7658
0.422604586,7657
0.42262855,7656
0.422639083,7655
0.422644248,7654
0.422647706,7653
0.422651757,7652
0.422656487,7651
0.423218038,7650
0.423240664,7649
0.423275972,7648
0.423281415,7647
0.4233165,7646
0.42332274,7645
0.423333457,7644
0.42336792,7643
0.423375942,7642
0.423379455,7641
0.423392688,7640
0.423407749,7639
0.423413825,7638
0.423440887,7637
0.423454377,7636
0.423522418,7635
0.42352636,7634
0.423557952,7633
0.42356907,7632
0.423576867,7631
0.423592969,7630
0.423601956,7629
0.423614976,7628
0.423623993,7627
0.423630942,7626
0.423635666,7625
0.423639964,7624
0.423665598,7623
0.423668429,7622
0.423676923,7621
0.423680615,7620
0.423689675,7619
0.423716389,7618
0.423720604,7617
0.423725629,7616
0.423732058,7615
0.423744966,7614
0.423767476,7613
0.423771471,7612
0.423774802,7611
0.423779781,7610
0.423825921,7609
0.423833075,7608
0.423840594,7607
0.423845741,7606
0.423852252,7605
0.423878063,7604
0.423890501,7603
0.423915187,7602
0.423920562,7601
0.423929181,7600
0.423934119,7599
0.423940901,7598
0.423948032,7597
0.423953861,7596
0.423978036,7595
0.423986752,7594
0.423996862,7593
0.424005441,7592
0.424010927,7591
0.424030891,7590
0.424041801,7589
0.424044499,7588
0.424080289,7587
0.424093342,7586
0.424102765,7585
0.424113449,7584
0.424173464,7583
0.424190183,7582
0.424213066,7581
0.424270587,7580
0.424284112,7579
0.424316252,7578
0.424330517,7577
0.424335441,7576
0.424338361,7575
0.424382125,7574
0.424394085,7573
0.424402391,7572
0.424410553,7571
0.424413131,7570
0.424419172,7569
0.424424582,7568
0.424429464,7567
0.424438971,7566
0.4244415,7565
0.424459308,7564
0.424468964,7563
0.424474925,7562
0.424513483,7561
0.424540169,7560
0.424542444,7559
0.424557335,7558
0.424561632,7557
0.424571276,7556
0.424609797,7555
0.424618592,7554
0.424655402,7553
0.42468231,7552
0.424690173,7551
0.424703259,7550
0.424720585,7549
0.424736541,7548
0.424760253,7547
0.424781629,7546
0.424807965,7545
0.424856563,7544
0.424877063,7543
0.424882394,7542
0.424910794,7541
0.424927838,7540
0.424945265,7539
0.42496342,7538
0.424978531,7537
0.424985222,7536
0.425066401,7535
0.425124117,7534
0.425131155,7533
0.425165294,7532
0.425179211,7531
0.425202677,7530
0.425212827,7529
0.425222165,7528
0.425286473,7527
0.42532902,7526
0.425336238,7525
0.425358319,7524
0.425416455,7523
0.425421222,7522
0.42544936,7521
0.425477251,7520
0.425501657,7519
0.425512585,7518
0.425518055,7517
0.425536265,7516
0.425573769,7515
0.425588966,7514
0.425596502,7513
0.425622082,7512
0.425636351,7511
0.425657772,7510
0.425707199,7509
0.425827302,7508
0.425893054,7507
0.425972503,7506
0.426021617,7505
0.426033461,7504
0.426068736,7503
0.426074631,7502
0.426085015,7501
0.426099329,7500
0.426142004,7499
0.426145363,7498
0.426221472,7497
0.426276834,7496
0.426486784,7495
0.426498343,7494
0.426506107,7493
0.426547269,7492
0.426558117,7491
0.426567192,7490
0.426573209,7489
0.426577122,7488
0.426585914,7487
0.426606423,7486
0.42661298,7485
0.426635615,7484
0.426647711,7483
0.426655047,7482
0.426664518,7481
0.426676807,7480
0.426685281,7479
0.426692739,7478
0.426703219,7477
0.426710434,7476
0.426738894,7475
0.426748419,7474
0.426752431,7473
0.426756212,7472
0.426760447,7471
0.426768784,7470
0.426775048,7469
0.426794592,7468
0.426807938,7467
0.426815846,7466
0.426828464,7465
0.426832279,7464
0.426856396,7463
0.426863873,7462
0.426873075,7461
0.426878411,7460
0.426885691,7459
0.42689303,7458
0.426897257,7457
0.426901576,7456
0.426908801,7455
0.427242737,7454
0.42725023,7453
0.427279042,7452
0.427312178,7451
0.427324358,7450
0.42734163,7449
0.427391482,7448
0.42741398,7447
0.427420627,7446
0.427472505,7445
0.427489704,7444
0.427536887,7443
0.427548098,7442
0.427559181,7441
0.427619126,7440
0.427771875,7439
0.42780096,7438
0.427878249,7437
0.427891165,7436
0.428011653,7435
0.42831047,7434
0.430789888,7433
0.432352586,7432
0.432389236,7431
0.432397884,7430
0.432412576,7429
0.432429342,7428
0.432488052,7427
0.432554629,7426
