0.37462445,10181
0.374702926,10180
0.374769072,10179
0.374817139,10178
0.374888867,10177
0.374911155,10176
0.374932037,10175
0.374940494,10174
0.374948541,10173
0.374956231,10172
0.374964403,10171
0.374972206,10170
0.374979961,10169
0.374989169,10168
0.374997241,10167
0.375006055,10166
0.375015349,10165
0.375037379,10164
0.375045584,10163
0.375058165,10162
0.375067884,10161
0.375120322,10160
0.37515723,10159
0.37517335,10158
0.375216684,10157
0.375256919,10156
0.375269221,10155
0.375283814,10154
0.375323801,10153
0.375340432,10152
0.375350152,10151
0.375375648,10150
0.375393359,10149
0.37541008,10148
0.375431456,10147
0.375442482,10146
0.375450396,10145
0.375458507,10144
0.375465391,10143
0.375471695,10142
0.375477168,10141
0.375483113,10140
0.375489084,10139
0.375495193,10138
0.375501044,10137
0.375508125,10136
0.37551513,10135
0.375522231,10134
0.375528251,10133
0.375537621,10132
0.375557101,10131
0.375643646,10130
0.375657045,10129
0.375668141,10128
0.375678337,10127
0.375702664,10126
0.375708366,10125
0.375713468,10124
0.375745137,10123
0.375752848,10122
0.375766573,10121
0.375777042,10120
0.375785699,10119
0.375920636,10118
0.375932058,10117
0.375946631,10116
0.375957436,10115
0.375967467,10114
0.376002694,10113
0.376011912,10112
0.376019688,10111
0.376136262,10110
0.376169655,10109
0.376186982,10108
0.376215339,10107
0.376239256,10106
0.376246928,10105
0.376254332,10104
0.376261025,10103
0.376268561,10102
0.376276535,10101
0.376281919,10100
0.376289753,10099
0.376296546,10098
0.376303698,10097
0.376311649,10096
0.376319771,10095
0.376327492,10094
0.376383047,10093
0.376397768,10092
0.376413609,10091
0.376419415,10090
0.376426567,10089
0.376432326,10088
0.376438634,10087
0.37644952,10086
0.376454962,10085
0.376464035,10084
0.376469326,10083
0.376502618,10082
0.376540298,10081
0.376546688,10080
0.376552423,10079
0.376564834,10078
0.37657069,10077
0.376576255,10076
0.376581935,10075
0.376586958,10074
0.376591178,10073
0.376595804,10072
0.37660035,10071
0.376604978,10070
0.376616594,10069
0.376623189,10068
0.376628603,10067
0.376667391,10066
0.376703797,10065
0.37674205,10064
0.376749752,10063
0.376755042,10062
0.376760412,10061
0.376769469,10060
0.376777067,10059
0.376784728,10058
0.376791036,10057
0.376795959,10056
0.376801115,10055
0.376820501,10054
0.376829415,10053
0.379825306,10052
0.379836437,10051
0.379840399,10050
0.379843875,10049
0.379869515,10048
0.379874169,10047
0.379878704,10046
0.379883415,10045
0.379887699,10044
0.37989238,10043
0.379897423,10042
0.379902636,10041
0.379909113,10040
0.379917268,10039
0.379924397,10038
0.379930107,10037
0.379934223,10036
0.379937858,10035
0.379941671,10034
0.379945417,10033
0.379949404,10032
0.379955125,10031
0.37995894,10030
0.379962398,10029
0.379965735,10028
0.379969051,10027
0.379972392,10026
0.379975589,10025
0.379979055,10024
0.379984131,10023
0.379989665,10022
0.379994861,10021
0.380000724,10020
0.380008342,10019
0.380014893,10018
0.380021474,10017
0.380028692,10016
0.38003505,10015
0.380041108,10014
0.380046116,10013
0.380051213,10012
0.380055432,10011
0.38006346,10010
0.380070354,10009
0.380076881,10008
0.380082573,10007
0.380087506,10006
0.380092148,10005
0.380096606,10004
0.380102034,10003
0.380107309,10002
0.380151213,10001
0.380162855,10000
0.38016972,9999
0.380174423,9998
0.380180478,9997
0.380185659,9996
0.380191516,9995
0.38019634,9994
0.380201402,9993
0.380207073,9992
0.380211922,9991
0.380216479,9990
0.380228464,9989
0.3802365,9988
0.38024271,9987
0.380248826,9986
0.380254308,9985
0.380259525,9984
0.380265411,9983
0.380272171,9982
0.380278074,9981
0.380283442,9980
0.380288796,9979
0.380294486,9978
0.380300048,9977
0.38030529,9976
0.380310776,9975
0.380315498,9974
0.380320526,9973
0.380325659,9972
0.38033137,9971
0.3803373,9970
0.380344119,9969
0.380354622,9968
0.380360017,9967
0.380364639,9966
0.38036899,9965
0.380373289,9964
0.380377953,9963
0.380382445,9962
0.380386628,9961
0.380391417,9960
0.380397435,9959
0.380404462,9958
0.380409982,9957
0.380423348,9956
0.380428908,9955
0.380433803,9954
0.380438621,9953
0.380451789,9952
0.380457456,9951
0.380462365,9950
0.38046774,9949
0.380472534,9948
0.380477674,9947
0.380482798,9946
0.380487825,9945
0.380493184,9944
0.380497959,9943
0.380502496,9942
0.38050859,9941
0.380512426,9940
0.380516995,9939
0.380521773,9938
0.380526088,9937
0.380530299,9936
0.380534079,9935
0.380538539,9934
0.38054342,9933
0.380547603,9932
0.380552602,9931
0.380557511,9930
0.380562061,9929
0.380566171,9928
0.380570717,9927
0.380577207,9926
0.38058208,9925
0.380587033,9924
0.380592218,9923
0.380597082,9922
0.380602331,9921
0.380614628,9920
0.380619442,9919
0.380625591,9918
0.380631257,9917
0.380637295,9916
0.380643386,9915
0.380649381,9914
0.38065505,9913
0.380660801,9912
0.380667819,9911
0.380675598,9910
0.380687659,9909
0.380692254,9908
0.380726943,9907
0.380732479,9906
0.380736542,9905
0.380740061,9904
0.380743986,9903
0.380747803,9902
0.380751285,9901
0.380754807,9900
0.38075894,9899
0.380774033,9898
0.380779342,9897
0.380783527,9896
0.380787419,9895
0.380791941,9894
0.380795812,9893
0.380799503,9892
0.380804785,9891
0.380809164,9890
0.380813303,9889
0.380817588,9888
0.380822033,9887
0.380826072,9886
0.380830353,9885
0.380834355,9884
0.380838565,9883
0.38084264,9882
0.380872921,9881
0.380877279,9880
0.380881842,9879
0.380886219,9878
0.380913176,9877
0.38091732,9876
0.380922348,9875
0.38092677,9874
0.380931306,9873
0.380936315,9872
0.38094128,9871
0.380946117,9870
0.380951009,9869
0.380955786,9868
0.380960379,9867
0.380964561,9866
0.38097359,9865
0.380977752,9864
0.380982182,9863
0.380987217,9862
0.381025066,9861
0.38103787,9860
0.381043748,9859
0.381048436,9858
0.381052703,9857
0.381056452,9856
0.38106236,9855
0.381074722,9854
0.381079399,9853
0.381083756,9852
0.381088028,9851
0.381092116,9850
0.381095876,9849
0.381099751,9848
0.381103651,9847
0.381107351,9846
0.381111491,9845
0.381115568,9844
0.381119003,9843
0.381122323,9842
0.381127766,9841
0.381131558,9840
0.381136305,9839
0.381141043,9838
0.38114529,9837
0.381149639,9836
0.381157049,9835
0.381162245,9834
0.381166329,9833
0.38117015,9832
0.381174174,9831
0.381177975,9830
0.381181701,9829
0.381185508,9828
0.38118955,9827
0.381193595,9826
0.38119731,9825
0.381203332,9824
0.381207572,9823
0.381212758,9822
0.381217974,9821
0.381222445,9820
0.381227351,9819
0.381232199,9818
0.381236807,9817
0.381241655,9816
0.381246125,9815
0.3812495,9814
0.381299546,9813
0.381304486,9812
0.381330299,9811
0.381335376,9810
0.381338589,9809
0.381341829,9808
0.381344979,9807
0.381348568,9806
0.381352864,9805
0.381357311,9804
0.381361811,9803
0.381365408,9802
0.381369856,9801
0.381373729,9800
0.381377192,9799
0.381381864,9798
0.381385995,9797
0.381390208,9796
0.381394312,9795
0.38139854,9794
0.381402822,9793
0.381407444,9792
0.381412143,9791
0.381416816,9790
0.381421855,9789
0.381426894,9788
0.382830577,9787
0.382840815,9786
0.382849201,9785
0.382852776,9784
0.382856526,9783
0.382859985,9782
0.382863514,9781
0.382867025,9780
0.382870825,9779
0.3828744,9778
0.382878005,9777
0.382881572,9776
0.38288551,9775
0.382889231,9774
0.382892609,9773
0.382896137,9772
0.382899709,9771
0.382903176,9770
0.382906734,9769
0.382910117,9768
0.382913527,9767
0.382916936,9766
0.382920659,9765
0.382924843,9764
0.38292842,9763
0.382932428,9762
0.382952426,9761
0.3829582,9760
0.382963443,9759
0.382969867,9758
0.382974435,9757
0.382979284,9756
0.382984873,9755
0.38299049,9754
0.382997628,9753
0.383003936,9752
0.383009976,9751
0.383015553,9750
0.383020732,9749
0.383025584,9748
0.383029548,9747
0.383032807,9746
0.383036017,9745
0.383039058,9744
0.383042416,9743
0.383046745,9742
0.383050849,9741
0.383054638,9740
0.383057922,9739
0.383061235,9738
0.383064407,9737
0.383068027,9736
0.383071419,9735
0.383078737,9734
0.383114087,9733
0.383118661,9732
0.383123301,9731
0.383170284,9730
0.383209281,9729
0.383214457,9728
0.383219321,9727
0.383226941,9726
0.383529632,9725
0.383535556,9724
0.383539016,9723
0.383542235,9722
0.383545592,9721
0.383552309,9720
0.383561911,9719
0.383651849,9718
0.383659398,9717
0.383665376,9716
0.383669806,9715
0.383674325,9714
0.383680838,9713
0.383684867,9712
0.383689235,9711
0.383698367,9710
0.383702749,9709
0.383714149,9708
0.383727265,9707
0.383778604,9706
0.383783741,9705
0.383788103,9704
0.383829124,9703
0.383834258,9702
0.38384567,9701
0.383851939,9700
0.383857294,9699
0.38386289,9698
0.383868305,9697
0.383873248,9696
0.383878486,9695
0.38388339,9694
0.383887958,9693
0.383892689,9692
0.383897609,9691
0.383902191,9690
0.383907138,9689
0.383912265,9688
0.383917427,9687
0.383922782,9686
0.383928051,9685
0.383933122,9684
0.383937808,9683
0.38394271,9682
0.383947423,9681
0.38395263,9680
0.38395718,9679
0.383961816,9678
0.383966351,9677
0.383970949,9676
0.38398535,9675
0.384058114,9674
0.384063486,9673
0.384072622,9672
0.384082056,9671
0.384106493,9670
0.38411327,9669
0.384117113,9668
0.384121166,9667
0.384125587,9666
0.384129546,9665
0.38413296,9664
0.384136498,9663
0.384139714,9662
0.384142797,9661
0.38414571,9660
0.384148698,9659
0.384151323,9658
0.38415416,9657
0.384156977,9656
0.384160146,9655
0.384162723,9654
0.38416559,9653
0.384168317,9652
0.384170905,9651
0.384173415,9650
0.384176092,9649
0.384179084,9648
0.38418198,9647
0.384184595,9646
0.384187366,9645
0.38419035,9644
0.384193169,9643
0.384195859,9642
0.38419845,9641
0.384201507,9640
0.38420426,9639
0.384207039,9638
0.384210097,9637
0.384213083,9636
0.384216017,9635
0.384218892,9634
0.384221661,9633
0.384224702,9632
0.384227693,9631
0.38423075,9630
0.384233877,9629
0.38423716,9628
0.384239854,9627
0.384242538,9626
0.384245266,9625
0.384248287,9624
0.384250845,9623
0.384254072,9622
0.384256928,9621
0.38425992,9620
0.384262884,9619
0.38426564,9618
0.384268568,9617
0.384272923,9616
0.384276765,9615
0.384280082,9614
0.384284282,9613
0.384288045,9612
0.384291119,9611
0.384294083,9610
0.384297436,9609
0.384300935,9608
0.384304112,9607
0.384307057,9606
0.384309977,9605
0.384312968,9604
0.384315894,9603
0.384318581,9602
0.384321774,9601
0.384324888,9600
0.384328025,9599
0.384331062,9598
0.384333932,9597
0.384337043,9596
0.384340126,9595
0.384343212,9594
0.384346158,9593
0.384349169,9592
0.384351921,9591
0.384354718,9590
0.384357723,9589
0.384360681,9588
0.384363602,9587
0.384366423,9586
0.384369532,9585
0.384372034,9584
0.384378991,9583
0.384382975,9582
0.384386179,9581
0.384389504,9580
0.384394294,9579
0.384398443,9578
0.384402427,9577
0.384405925,9576
0.384409183,9575
0.384412387,9574
0.384415217,9573
0.384418286,9572
0.384421455,9571
0.384425335,9570
0.384428612,9569
0.384432239,9568
0.384436109,9567
0.384439559,9566
0.384442813,9565
0.384446293,9564
0.384449641,9563
0.384453133,9562
0.384456676,9561
0.384460091,9560
0.384463511,9559
0.384467599,9558
0.384471666,9557
0.384475496,9556
0.38447915,9555
0.384483148,9554
0.384487346,9553
0.384491368,9552
0.384495854,9551
0.384499566,9550
0.384503264,9549
0.384507037,9548
0.384511463,9547
0.384514782,9546
0.384518126,9545
0.384521283,9544
0.384524411,9543
0.38453532,9542
0.38453867,9541
0.384542018,9540
0.384545307,9539
0.384548648,9538
0.384552031,9537
0.384555261,9536
0.384589461,9535
0.384592894,9534
0.384595809,9533
0.384598833,9532
0.384626808,9531
0.384630058,9530
0.384633336,9529
0.384636724,9528
0.384644705,9527
0.38464802,9526
0.384651533,9525
0.384654424,9524
0.384657407,9523
0.38466036,9522
0.384663527,9521
0.384667212,9520
0.384670703,9519
0.384673978,9518
0.384677246,9517
0.384680321,9516
0.384683295,9515
0.384685938,9514
0.384688941,9513
0.384691701,9512
0.384694445,9511
0.384739684,9510
0.384745545,9509
0.384750253,9508
0.3847572,9507
0.384760327,9506
0.384762636,9505
0.384764699,9504
0.384767267,9503
0.38476937,9502
0.384773323,9501
0.384775825,9500
0.384778385,9499
0.384780905,9498
0.38478342,9497
0.384786871,9496
0.384789609,9495
0.38479204,9494
0.384795118,9493
0.384797991,9492
0.384800745,9491
0.384803062,9490
0.384805732,9489
0.384808335,9488
0.384810806,9487
0.384815549,9486
0.384824609,9485
0.384827777,9484
0.384830857,9483
0.384833498,9482
0.384835858,9481
0.384838422,9480
0.384840795,9479
0.384843096,9478
0.384845575,9477
0.384847721,9476
0.3848499,9475
0.384852157,9474
0.384854504,9473
0.384856732,9472
0.384858923,9471
0.384861329,9470
0.384863698,9469
0.384865915,9468
0.384868175,9467
0.384870473,9466
0.384872787,9465
0.384875164,9464
0.384877605,9463
0.384880198,9462
0.384882464,9461
0.384884807,9460
0.384887137,9459
0.38488943,9458
0.384891645,9457
0.384894084,9456
0.38489643,9455
0.384898729,9454
0.384901041,9453
0.384903393,9452
0.384905522,9451
0.384907679,9450
0.384910134,9449
0.384912359,9448
0.384914555,9447
0.384916768,9446
0.3849189,9445
0.384921519,9444
0.38492375,9443
0.384926075,9442
0.384928234,9441
0.384930318,9440
0.384932321,9439
0.384936398,9438
0.384939578,9437
0.384943053,9436
0.38494666,9435
0.3849497,9434
0.384966668,9433
0.384970535,9432
0.384974209,9431
0.384977506,9430
0.38498032,9429
0.384983039,9428
0.384987373,9427
0.384990813,9426
0.384993633,9425
0.384995904,9424
0.384998132,9423
0.385000906,9422
0.385003663,9421
0.385006077,9420
0.38500849,9419
0.385011165,9418
0.3850138,9417
0.385016391,9416
0.385018748,9415
0.385021282,9414
0.385024219,9413
0.385026798,9412
0.385030318,9411
0.38503347,9410
0.385036914,9409
0.385039392,9408
0.385041805,9407
0.38504439,9406
0.385046754,9405
0.385049586,9404
0.385052543,9403
0.385055437,9402
0.385058634,9401
0.385061451,9400
0.385064094,9399
0.385067046,9398
0.38506969,9397
0.385072408,9396
0.385075126,9395
0.385078223,9394
0.385080921,9393
0.385083443,9392
0.385086727,9391
0.385089997,9390
0.385093502,9389
0.385096431,9388
0.385099317,9387
0.385102435,9386
0.385105396,9385
0.385108062,9384
0.3851109,9383
0.385113952,9382
0.38511737,9381
0.385120539,9380
0.385123658,9379
0.385126345,9378
0.385128874,9377
0.385131529,9376
0.385133965,9375
0.385136724,9374
0.385139431,9373
0.385141737,9372
0.385144316,9371
0.385147146,9370
0.385149987,9369
0.385152958,9368
0.385156049,9367
0.385159398,9366
0.385162287,9365
0.385165559,9364
0.385168951,9363
0.385171361,9362
0.38517376,9361
0.385176067,9360
0.385178884,9359
0.385181565,9358
0.385183996,9357
0.385186505,9356
0.385189097,9355
0.385191402,9354
0.385194038,9353
0.385196429,9352
0.385198916,9351
0.385200961,9350
0.385202976,9349
0.385206134,9348
0.385208916,9347
0.385211898,9346
0.385214624,9345
0.385217035,9344
0.385219191,9343
0.385221616,9342
0.385224126,9341
0.385226639,9340
0.385228918,9339
0.385231135,9338
0.385233378,9337
0.385235467,9336
0.385237992,9335
0.385240652,9334
0.385245485,9333
0.385249487,9332
0.385253198,9331
0.385256348,9330
0.385258897,9329
0.385261218,9328
0.385263704,9327
0.385265878,9326
0.385267841,9325
0.385269865,9324
0.385271902,9323
0.385273981,9322
0.385276002,9321
0.385278001,9320
0.385280501,9319
0.385283238,9318
0.385285749,9317
0.385288298,9316
0.385290502,9315
0.38529295,9314
0.385295496,9313
0.38529779,9312
0.385300089,9311
0.385302387,9310
0.385304596,9309
0.385307906,9308
0.385310439,9307
0.385313348,9306
0.385315663,9305
0.385317932,9304
0.385320346,9303
0.385322808,9302
0.385327161,9301
0.385330137,9300
0.385333354,9299
0.385336299,9298
0.385339754,9297
0.38534282,9296
0.385346089,9295
0.385349502,9294
0.38535252,9293
0.385356042,9292
0.385358987,9291
0.385362021,9290
0.38536473,9289
0.385367497,9288
0.385370127,9287
0.385373107,9286
0.385376024,9285
0.385378802,9284
0.385381606,9283
0.385384328,9282
0.385387112,9281
0.385390007,9280
0.385392288,9279
0.385395056,9278
0.38539772,9277
0.385400364,9276
0.385402987,9275
0.385405687,9274
0.385408724,9273
0.385411466,9272
0.385414235,9271
0.3854169,9270
0.385419241,9269
0.385421454,9268
0.385423858,9267
0.385426567,9266
0.385429075,9265
0.38543145,9264
0.385433716,9263
0.385436347,9262
0.385438809,9261
0.385441467,9260
0.385443974,9259
0.385446743,9258
0.385449464,9257
0.385452396,9256
0.385455224,9255
0.385458065,9254
0.385460575,9253
0.385463275,9252
0.385465715,9251
0.385468139,9250
0.385470634,9249
0.385480627,9248
0.38548479,9247
0.385493379,9246
0.385496845,9245
0.385499988,9244
0.385503411,9243
0.385507019,9242
0.385509978,9241
0.385513243,9240
0.385515987,9239
0.385518749,9238
0.385521542,9237
0.385524159,9236
0.385527135,9235
0.385529759,9234
0.385532552,9233
0.38553713,9232
0.385539923,9231
0.385542482,9230
0.385545319,9229
0.385548159,9228
0.385587986,9227
0.385592451,9226
0.385600229,9225
0.385604687,9224
0.385610207,9223
0.385614742,9222
0.385620759,9221
0.385625656,9220
0.385629603,9219
0.385633353,9218
0.385637466,9217
0.385641245,9216
0.385644469,9215
0.385647477,9214
0.385651092,9213
0.385654227,9212
0.385658011,9211
0.385660809,9210
0.385663697,9209
0.385666368,9208
0.385668841,9207
0.385706216,9206
0.385709377,9205
0.385712296,9204
0.385715012,9203
0.385717999,9202
0.385720881,9201
0.38572384,9200
0.385726905,9199
0.385730316,9198
0.385733095,9197
0.385736454,9196
0.385754598,9195
0.385766768,9194
0.385769058,9193
0.385771256,9192
0.385773676,9191
0.385777113,9190
0.385779895,9189
0.385782229,9188
0.385784573,9187
0.385787101,9186
0.385789434,9185
0.385791941,9184
0.385794119,9183
0.385796296,9182
0.385798656,9181
0.385801787,9180
0.385805045,9179
0.385807457,9178
0.385810094,9177
0.385812487,9176
0.385814845,9175
0.385817172,9174
0.385819691,9173
0.385822005,9172
0.385824362,9171
0.385827234,9170
0.385829556,9169
0.385831926,9168
0.385834575,9167
0.385837725,9166
0.385840396,9165
0.385843248,9164
0.385845899,9163
0.385848462,9162
0.385850777,9161
0.385853065,9160
0.385855577,9159
0.385858573,9158
0.385860923,9157
0.385863093,9156
0.385866928,9155
0.385870402,9154
0.385874044,9153
0.385877644,9152
0.385882935,9151
0.385885844,9150
0.385888667,9149
0.385891147,9148
0.385894161,9147
0.38589716,9146
0.385900121,9145
0.385903474,9144
0.385907393,9143
0.385911243,9142
0.385915368,9141
0.385919392,9140
0.385958002,9139
0.385961258,9138
0.385965317,9137
0.385968343,9136
0.385971319,9135
0.385974178,9134
0.385978244,9133
0.38598139,9132
0.385984288,9131
0.385986951,9130
0.385989444,9129
0.385991954,9128
0.385994381,9127
0.385997372,9126
0.386000039,9125
0.386002404,9124
0.386004868,9123
0.386007221,9122
0.386009885,9121
0.386012169,9120
0.386014765,9119
0.386017644,9118
0.386020811,9117
0.386023721,9116
0.386026948,9115
0.38602953,9114
0.386031975,9113
0.38603464,9112
0.386036828,9111
0.386039076,9110
0.386041483,9109
0.386044404,9108
0.386046868,9107
0.386049006,9106
0.38605164,9105
0.386054314,9104
0.386056678,9103
0.386059138,9102
0.386061876,9101
0.386064234,9100
0.386066623,9099
0.386068937,9098
0.386071378,9097
0.386073988,9096
0.386076125,9095
0.386078438,9094
0.386080782,9093
0.386083191,9092
0.386085614,9091
0.386088696,9090
0.386091832,9089
0.386095392,9088
0.386098993,9087
0.386102389,9086
0.386109859,9085
0.386113015,9084
0.386116182,9083
0.386119311,9082
0.386122592,9081
0.386125606,9080
0.386128845,9079
0.386132037,9078
0.386134845,9077
0.386137474,9076
0.38614024,9075
0.386142647,9074
0.386145813,9073
0.386148589,9072
0.3861514,9071
0.386154066,9070
0.386156787,9069
0.386159729,9068
0.386163212,9067
0.386166449,9066
0.386169286,9065
0.386172347,9064
0.386175227,9063
0.386201267,9062
0.386204327,9061
0.386206918,9060
0.386209498,9059
0.386211822,9058
0.386214131,9057
0.386217121,9056
0.386219721,9055
0.386222233,9054
0.38622464,9053
0.386227045,9052
0.386229423,9051
0.386231743,9050
0.386234631,9049
0.386237304,9048
0.386240062,9047
0.386242719,9046
0.386245477,9045
0.386248225,9044
0.386250528,9043
0.386253148,9042
0.386255631,9041
0.386257951,9040
0.386260459,9039
0.386263302,9038
0.386265871,9037
0.386268402,9036
0.386270714,9035
0.386272967,9034
0.386275251,9033
0.386277547,9032
0.386280047,9031
0.386282461,9030
0.386284758,9029
0.38628711,9028
0.386289576,9027
0.386292656,9026
0.386296057,9025
0.386299196,9024
0.38630228,9023
0.386305516,9022
0.386308886,9021
0.386311971,9020
0.386315185,9019
0.386318345,9018
0.386321601,9017
0.386324927,9016
0.386328287,9015
0.386331731,9014
0.386334998,9013
0.386338426,9012
0.386341212,9011
0.386344432,9010
0.38634763,9009
0.386351006,9008
0.386354162,9007
0.386357723,9006
0.386361362,9005
0.386366204,9004
0.386369553,9003
0.386373236,9002
0.386376617,9001
0.386379762,9000
0.386383136,8999
0.386386381,8998
0.386389542,8997
0.386392778,8996
0.386395938,8995
0.386398985,8994
0.386402412,8993
0.386405764,8992
0.386409066,8991
0.386412701,8990
0.386416116,8989
0.386419128,8988
0.3864218,8987
0.386424579,8986
0.386427482,8985
0.38643078,8984
0.386433476,8983
0.386436214,8982
0.386439101,8981
0.386442181,8980
0.386444915,8979
0.386447642,8978
0.386450134,8977
0.386454354,8976
0.386457722,8975
0.386460479,8974
0.386463285,8973
0.386465726,8972
0.38646874,8971
0.386471304,8970
0.386474425,8969
0.386486085,8968
0.386525045,8967
0.38652911,8966
0.38653371,8965
0.386537117,8964
0.38654031,8963
0.386543393,8962
0.386545805,8961
0.386548535,8960
0.386551422,8959
0.386553979,8958
0.386556367,8957
0.38655908,8956
0.3865617,8955
0.386564128,8954
0.38656649,8953
0.386569356,8952
0.386571802,8951
0.386574246,8950
0.386576598,8949
0.386579219,8948
0.386581914,8947
0.38658482,8946
0.386616142,8945
0.386652457,8944
0.386696765,8943
0.386712431,8942
0.386718358,8941
0.386722298,8940
0.386725997,8939
0.38672897,8938
0.386734427,8937
0.386737521,8936
0.386740098,8935
0.386743783,8934
0.386746992,8933
0.386750668,8932
0.386753761,8931
0.386756928,8930
0.386759715,8929
0.386762372,8928
0.38676551,8927
0.386768569,8926
0.386771598,8925
0.38677502,8924
0.386778814,8923
0.386781762,8922
0.386784734,8921
0.386787639,8920
0.386790639,8919
0.386793698,8918
0.386799943,8917
0.386803736,8916
0.386806858,8915
0.386810137,8914
0.386813197,8913
0.386816588,8912
0.386819582,8911
0.386822342,8910
0.386825151,8909
0.386828252,8908
0.38683179,8907
0.3868348,8906
0.386837556,8905
0.38684064,8904
0.386843298,8903
0.386846563,8902
0.386849526,8901
0.386852238,8900
0.3868554,8899
0.386857955,8898
0.386860855,8897
0.386865523,8896
0.386868575,8895
0.386871425,8894
0.386874156,8893
0.386876805,8892
0.386879883,8891
0.386882755,8890
0.386885452,8889
0.386888241,8888
0.38689075,8887
0.3868937,8886
0.386896921,8885
0.386899397,8884
0.386902919,8883
0.386905889,8882
0.386908306,8881
0.386910333,8880
0.386913173,8879
0.386955482,8878
0.38695846,8877
0.386961095,8876
0.386963726,8875
0.386966893,8874
0.386969534,8873
0.386972344,8872
0.386975468,8871
0.386979005,8870
0.386982253,8869
0.386984948,8868
0.386987987,8867
0.386990612,8866
0.386993356,8865
0.386996537,8864
0.38699936,8863
0.387002228,8862
0.387005208,8861
0.387007792,8860
0.387010641,8859
0.387013397,8858
0.387016377,8857
0.387019222,8856
0.387022159,8855
0.387025505,8854
0.387028821,8853
0.387031552,8852
0.387034045,8851
0.387037144,8850
0.387040012,8849
0.387042605,8848
0.387045146,8847
0.387048016,8846
0.387050579,8845
0.38705319,8844
0.387055683,8843
0.387057859,8842
0.387060957,8841
0.387063399,8840
0.387066248,8839
0.387068946,8838
0.387071653,8837
0.387075023,8836
0.387077836,8835
0.387080404,8834
0.387083215,8833
0.387085661,8832
0.387088266,8831
0.387090664,8830
0.387093171,8829
0.387095575,8828
0.38709839,8827
0.387100871,8826
0.387103209,8825
0.387105926,8824
0.387109023,8823
0.387112337,8822
0.387115192,8821
0.38711793,8820
0.387120783,8819
0.387123455,8818
0.387126583,8817
0.387129538,8816
0.387132455,8815
0.387135031,8814
0.387137451,8813
0.387141931,8812
0.387145421,8811
0.387148589,8810
0.387151129,8809
0.387153527,8808
0.38715598,8807
0.387158526,8806
0.387161465,8805
0.387164387,8804
0.387167551,8803
0.387178557,8802
0.387182268,8801
0.387192999,8800
0.387196845,8799
0.387200115,8798
0.387203317,8797
0.3872062,8796
0.387208896,8795
0.38721161,8794
0.387214544,8793
0.387217547,8792
0.387222058,8791
0.387224935,8790
0.387228079,8789
0.387231894,8788
0.387234979,8787
0.387238107,8786
0.387241082,8785
0.387244023,8784
0.387246961,8783
0.387249211,8782
0.387253152,8781
0.387256072,8780
0.387258728,8779
0.387261887,8778
0.387264793,8777
0.387267823,8776
0.387271083,8775
0.387273974,8774
0.38727665,8773
0.387279856,8772
0.387282567,8771
0.387285177,8770
0.387287711,8769
0.387290198,8768
0.387292659,8767
0.387295336,8766
0.387298243,8765
0.387301197,8764
0.38730438,8763
0.387307285,8762
0.387310212,8761
0.387312832,8760
0.387315513,8759
0.38731808,8758
0.387321025,8757
0.387323847,8756
0.387326547,8755
0.387329126,8754
0.387333853,8753
0.387337618,8752
0.387340997,8751
0.387343326,8750
0.387346138,8749
0.387348972,8748
0.387351855,8747
0.387354315,8746
0.387357054,8745
0.387359789,8744
0.387362925,8743
0.387365829,8742
0.38736877,8741
0.387371761,8740
0.387374745,8739
0.387377607,8738
0.387380701,8737
0.387383501,8736
0.387386117,8735
0.387389069,8734
0.387391742,8733
0.387394213,8732
0.38739679,8731
0.387400205,8730
0.388090603,8729
0.388094062,8728
0.388097627,8727
0.38810239,8726
0.388105475,8725
0.3881117,8724
0.388115098,8723
0.388118191,8722
0.388121379,8721
0.388124207,8720
0.388127777,8719
0.388130813,8718
0.388133577,8717
0.388137453,8716
0.388140387,8715
0.388142979,8714
0.388145969,8713
0.388158415,8712
0.388162627,8711
0.388166423,8710
0.388170709,8709
0.388173775,8708
0.388179242,8707
0.388182396,8706
0.388187065,8705
0.388190494,8704
0.388194663,8703
0.388197454,8702
0.388201392,8701
0.388204203,8700
0.388208455,8699
0.388211621,8698
0.388214876,8697
0.38822354,8696
0.38822678,8695
0.388229662,8694
0.388234051,8693
0.388237508,8692
0.388240687,8691
0.388243465,8690
0.388246921,8689
0.388250168,8688
0.388253509,8687
0.388256765,8686
0.388260055,8685
0.388263205,8684
0.388266502,8683
0.388269984,8682
0.388273126,8681
0.388277493,8680
0.388280572,8679
0.388283909,8678
0.388286739,8677
0.388290241,8676
0.388293338,8675
0.388296565,8674
0.388299853,8673
0.388304344,8672
0.388307254,8671
0.38831042,8670
0.388313662,8669
0.38831684,8668
0.388320148,8667
0.388323061,8666
0.38832624,8665
0.388329529,8664
0.388332469,8663
0.38833547,8662
0.388346336,8661
0.38834985,8660
0.388353168,8659
0.388359799,8658
0.388362788,8657
0.38836613,8656
0.38837023,8655
0.388373324,8654
0.388376604,8653
0.388379281,8652
0.388382668,8651
0.388387632,8650
0.388391702,8649
0.388395024,8648
0.388401329,8647
0.388404888,8646
0.388409935,8645
0.388413134,8644
0.388417875,8643
0.388422013,8642
0.388425136,8641
0.388428222,8640
0.388432805,8639
0.388435883,8638
0.388439211,8637
0.38844485,8636
0.388447963,8635
0.388451162,8634
0.38845477,8633
0.388458558,8632
0.388461973,8631
0.388465287,8630
0.388469529,8629
0.388473687,8628
0.388477148,8627
0.38847999,8626
0.388486985,8625
0.388491434,8624
0.388495826,8623
0.388499823,8622
0.388502526,8621
0.388506005,8620
0.388508978,8619
0.388511896,8618
0.388515005,8617
0.388517848,8616
0.388521991,8615
0.388525847,8614
0.388529023,8613
0.388531903,8612
0.388535049,8611
0.38853824,8610
0.388541264,8609
0.388544214,8608
0.38854712,8607
0.388550387,8606
0.388553553,8605
0.388556526,8604
0.388559415,8603
0.388563764,8602
0.388568558,8601
0.388572087,8600
0.388574747,8599
0.388578343,8598
0.38858224,8597
0.388586427,8596
0.388591079,8595
0.388594085,8594
0.388597088,8593
0.388600988,8592
0.388604023,8591
0.388607125,8590
0.388610713,8589
0.388613821,8588
0.388617697,8587
0.388621265,8586
0.388624557,8585
0.38862761,8584
0.388630804,8583
0.388633855,8582
0.388636682,8581
0.388639991,8580
0.388645577,8579
0.38864912,8578
0.388652374,8577
0.388655465,8576
0.388658454,8575
0.38866175,8574
0.388664719,8573
0.388667616,8572
0.388670469,8571
0.388673654,8570
0.388676894,8569
0.388680941,8568
0.388684339,8567
0.388687611,8566
0.388691088,8565
0.388695528,8564
0.388698228,8563
0.388701131,8562
0.388704153,8561
0.388707226,8560
0.388710758,8559
0.388713911,8558
0.388719554,8557
0.388723811,8556
0.388727817,8555
0.388732199,8554
0.388738886,8553
0.388744107,8552
0.388748622,8551
0.388752534,8550
0.388756417,8549
0.388759726,8548
0.388763128,8547
0.388766735,8546
0.388769926,8545
0.388774088,8544
0.388777279,8543
0.388782403,8542
0.388847043,8541
0.388858414,8540
0.388862621,8539
0.388867166,8538
0.388874088,8537
0.388887803,8536
0.388891728,8535
0.388895643,8534
0.388899266,8533
0.388903241,8532
0.388906623,8531
0.388910139,8530
0.38891399,8529
0.388918046,8528
0.388921872,8527
0.388927438,8526
0.388931385,8525
0.388934951,8524
0.388980339,8523
0.388984939,8522
0.389016098,8521
0.38902064,8520
0.389025069,8519
0.389030333,8518
0.389033021,8517
0.389035654,8516
0.389038997,8515
0.389043017,8514
0.389051964,8513
0.389082607,8512
0.38908695,8511
0.389114932,8510
0.389119172,8509
0.389129429,8508
0.389141926,8507
0.389146432,8506
0.389150341,8505
0.389154102,8504
0.389158376,8503
0.389161929,8502
0.389165066,8501
0.389168315,8500
0.389171164,8499
0.389175341,8498
0.389178377,8497
0.389181238,8496
0.389184081,8495
0.389187049,8494
0.38919133,8493
0.389194688,8492
0.3892005,8491
0.389237338,8490
0.389241763,8489
0.389245492,8488
0.389248917,8487
0.389253117,8486
0.389257264,8485
0.389260644,8484
0.389264424,8483
0.389268213,8482
0.389271763,8481
0.38927534,8480
0.389279088,8479
0.389282768,8478
0.389287828,8477
0.389292273,8476
0.389297149,8475
0.38930112,8474
0.389304723,8473
0.389309026,8472
0.389312736,8471
0.389315391,8470
0.389317969,8469
0.389320621,8468
0.389322936,8467
0.389325542,8466
0.389327999,8465
0.389330087,8464
0.389332384,8463
0.389335213,8462
0.389337718,8461
0.389339893,8460
0.389341968,8459
0.389344707,8458
0.389348032,8457
0.389350065,8456
0.3893524,8455
0.389355376,8454
0.389358987,8453
0.389362056,8452
0.389365734,8451
0.389368996,8450
0.389372259,8449
0.389375526,8448
0.389380858,8447
0.389387289,8446
0.389390633,8445
0.389393981,8444
0.389398363,8443
0.389403286,8442
0.389406051,8441
0.389409158,8440
0.389412461,8439
0.389415211,8438
0.389418478,8437
0.389422082,8436
0.389424964,8435
0.389428145,8434
0.389431735,8433
0.389435334,8432
0.389439618,8431
0.389443214,8430
0.389446392,8429
0.389449902,8428
0.38945479,8427
0.389465085,8426
0.389476215,8425
0.389799015,8424
0.389803081,8423
0.389808666,8422
0.389812749,8421
0.38981662,8420
0.389820603,8419
0.389824048,8418
0.38982803,8417
0.389832738,8416
0.3898366,8415
0.389839873,8414
0.3898437,8413
0.389850948,8412
0.389855593,8411
0.389859327,8410
0.389863223,8409
0.389866852,8408
0.38987191,8407
0.389875438,8406
0.389879444,8405
0.389884072,8404
0.389888441,8403
0.389892015,8402
0.389895295,8401
0.389899364,8400
0.389902693,8399
0.389906014,8398
0.389909141,8397
0.389912475,8396
0.389915931,8395
0.389919885,8394
0.389923213,8393
0.389928822,8392
0.389934413,8391
0.389940374,8390
0.389943873,8389
0.389947082,8388
0.389950693,8387
0.389953979,8386
0.389957384,8385
0.389960621,8384
0.389982223,8383
0.389989109,8382
0.389993445,8381
0.389996861,8380
0.39000034,8379
0.390004077,8378
0.39001588,8377
0.390020052,8376
0.390026521,8375
0.390032679,8374
0.390039449,8373
0.390044239,8372
0.390056945,8371
0.390064136,8370
0.390068121,8369
0.39009175,8368
0.390094794,8367
0.390100053,8366
0.390129473,8365
0.39014141,8364
0.390145414,8363
0.39014887,8362
0.390154163,8361
0.390170884,8360
0.390215153,8359
0.390245019,8358
0.390249053,8357
0.390252791,8356
0.390283008,8355
0.390287003,8354
0.39031772,8353
0.390322129,8352
0.390335871,8351
0.390346769,8350
0.390362789,8349
0.390376431,8348
0.390383783,8347
0.390390577,8346
0.390436643,8345
0.3904432,8344
0.390479027,8343
0.390484572,8342
0.390490792,8341
0.390495438,8340
0.390500305,8339
0.390505005,8338
0.390509277,8337
0.390514068,8336
0.390518366,8335
0.390522609,8334
0.390526848,8333
0.390530971,8332
0.390534594,8331
0.39053884,8330
0.390543093,8329
0.390546887,8328
0.390550184,8327
0.390553785,8326
0.390557368,8325
0.390562126,8324
0.390568058,8323
0.390572858,8322
0.390576497,8321
0.390580249,8320
0.390584815,8319
0.390587972,8318
0.390591258,8317
0.390594701,8316
0.390600261,8315
0.390603629,8314
0.390608624,8313
0.390613452,8312
0.39061652,8311
0.390620448,8310
0.39062335,8309
0.390626099,8308
0.390631822,8307
0.390635708,8306
0.390639778,8305
0.39064456,8304
0.390658168,8303
0.390664369,8302
0.390668338,8301
0.390673667,8300
0.390682495,8299
0.390709567,8298
0.390714725,8297
0.390718378,8296
0.391218298,8295
0.391222335,8294
0.391231643,8293
0.391239967,8292
0.391246793,8291
0.391258289,8290
0.391285399,8289
0.391295558,8288
0.391299535,8287
0.391305624,8286
0.391309439,8285
0.391313414,8284
0.391354114,8283
0.391358535,8282
0.391389161,8281
0.391395837,8280
0.39140075,8279
0.391407146,8278
0.391414298,8277
0.391429486,8276
0.391439437,8275
0.391443358,8274
0.391449598,8273
0.391480515,8272
0.391490432,8271
0.391495827,8270
0.391507711,8269
0.391511055,8268
0.391514981,8267
0.391592498,8266
0.391596871,8265
0.391635317,8264
0.391643834,8263
0.391681864,8262
0.391688744,8261
0.392277933,8260
0.392291296,8259
0.392304823,8258
0.392332099,8257
0.392340279,8256
0.392346941,8255
0.392353829,8254
0.392360398,8253
0.392370093,8252
0.392388351,8251
0.392392711,8250
0.392398908,8249
0.39240279,8248
0.392433015,8247
0.392471594,8246
0.392477864,8245
0.39249434,8244
0.392498359,8243
0.392508514,8242
0.392513314,8241
0.392526515,8240
0.392531932,8239
0.392542298,8238
0.392612761,8237
0.392643179,8236
0.392649124,8235
0.392652626,8234
0.392686328,8233
0.392697847,8232
0.392705767,8231
0.392710127,8230
0.392723502,8229
0.392727653,8228
0.392784153,8227
0.392956346,8226
0.392960865,8225
0.392990972,8224
0.392999974,8223
0.393049077,8222
0.393088927,8221
0.393096938,8220
0.393114043,8219
0.393118316,8218
0.393122918,8217
0.39313683,8216
0.393166038,8215
0.393175468,8214
0.393720742,8213
0.3937578,8212
0.393763571,8211
0.393790518,8210
0.393795493,8209
0.393799869,8208
0.393854016,8207
0.393858704,8206
0.393866007,8205
0.393874835,8204
0.393887519,8203
0.393895152,8202
0.393914628,8201
0.393921078,8200
0.393961655,8199
0.393977388,8198
0.394033162,8197
0.394042077,8196
0.39419318,8195
0.394198749,8194
0.394204149,8193
0.394232352,8192
0.394246776,8191
0.394251791,8190
0.394259,8189
0.394860622,8188
0.394900236,8187
0.394905421,8186
0.394934505,8185
0.394986099,8184
0.394992448,8183
0.395040618,8182
0.395070665,8181
0.396618708,8180
0.396626688,8179
0.39664208,8178
0.396680184,8177
0.396718109,8176
0.396726743,8175
0.396733141,8174
0.396740138,8173
0.396772569,8172
0.396810643,8171
0.396821267,8170
0.396827859,8169
0.396889994,8168
0.396901274,8167
0.396912091,8166
0.396920408,8165
0.396959812,8164
0.396968244,8163
0.39698013,8162
0.396990859,8161
0.397017332,8160
0.397035736,8159
0.397044436,8158
0.39708343,8157
0.397088096,8156
0.39709409,8155
0.397130142,8154
0.397175374,8153
0.397179932,8152
0.397678583,8151
0.397703357,8150
0.397710012,8149
0.397721258,8148
0.397775075,8147
0.39781045,8146
0.39782182,8145
0.397843421,8144
0.397847666,8143
0.397860996,8142
0.397874545,8141
0.397889909,8140
0.39790515,8139
0.397912294,8138
0.397918309,8137
0.397924207,8136
0.397957428,8135
0.397962185,8134
0.397965766,8133
0.397973125,8132
0.397979661,8131
0.39800061,8130
0.398032077,8129
0.398076074,8128
0.398086776,8127
0.398094936,8126
0.398234695,8125
0.398293486,8124
0.398301549,8123
0.398340446,8122
0.398346194,8121
0.398379835,8120
0.398384747,8119
0.398393313,8118
0.398404726,8117
0.398408889,8116
0.399542606,8115
0.40039263,8114
0.400449487,8113
0.400483984,8112
0.400656539,8111
0.400737095,8110
0.400851732,8109
0.401017455,8108
0.401349029,8107
0.401454108,8106
0.40286702,8105
0.402918434,8104
0.40293548,8103
0.402955637,8102
0.402959947,8101
0.402964814,8100
0.402971595,8099
0.402977284,8098
0.402983232,8097
0.403001275,8096
0.403005198,8095
0.403017048,8094
0.40302143,8093
0.403025987,8092
0.403029085,8091
0.403038889,8090
0.403044938,8089
0.403049808,8088
0.403053406,8087
0.403062993,8086
0.40306681,8085
0.403072275,8084
0.403078877,8083
0.403083518,8082
0.403087143,8081
0.403090702,8080
0.403109145,8079
0.403112878,8078
0.403123463,8077
0.403128436,8076
0.403143736,8075
0.403148913,8074
0.403155516,8073
0.403158948,8072
0.403164075,8071
0.40316885,8070
0.403173467,8069
0.403189129,8068
0.403192729,8067
0.40319814,8066
0.403201668,8065
0.40320552,8064
0.403232268,8063
0.403238748,8062
0.40324445,8061
0.403249878,8060
0.403253793,8059
0.403263325,8058
0.403270943,8057
0.403282226,8056
0.403286252,8055
0.403293867,8054
0.403300898,8053
0.403304368,8052
0.403317783,8051
0.403333718,8050
0.40333814,8049
0.403352476,8048
0.403361596,8047
0.403403027,8046
0.403410842,8045
0.403432955,8044
0.403482579,8043
0.403487018,8042
0.403494434,8041
0.403507157,8040
0.403525073,8039
0.403559846,8038
0.403567827,8037
0.403586257,8036
0.403600838,8035
0.403605611,8034
0.403627075,8033
0.403635637,8032
0.403640084,8031
0.403643631,8030
0.403647378,8029
0.403651221,8028
0.403657126,8027
0.403662257,8026
0.403669844,8025
0.403672817,8024
0.403689365,8023
0.403693149,8022
0.403699606,8021
0.403708663,8020
0.403717036,8019
0.403732044,8018
0.403742638,8017
0.403748352,8016
0.403752436,8015
0.403756346,8014
0.403764722,8013
0.403777372,8012
0.403782971,8011
0.403789838,8010
0.403793942,8009
0.403806314,8008
0.403819377,8007
0.403824793,8006
0.403830422,8005
0.403865644,8004
0.403871945,8003
0.403875571,8002
0.403880005,8001
0.403883747,8000
0.403886906,7999
0.403897511,7998
0.403902726,7997
0.403911935,7996
0.403917652,7995
0.403922647,7994
0.403941163,7993
0.403944738,7992
0.40394814,7991
0.403961294,7990
0.403964159,7989
0.403977629,7988
0.404004583,7987
0.40401947,7986
0.404022909,7985
0.404028449,7984
0.404033743,7983
0.404046035,7982
0.404052666,7981
0.404060378,7980
0.40406761,7979
0.404100633,7978
0.404105116,7977
0.404129297,7976
0.404139629,7975
0.404161103,7974
0.404192187,7973
0.404199653,7972
0.40420998,7971
0.404216021,7970
0.404219534,7969
0.404223727,7968
0.404233518,7967
0.404240933,7966
0.40424652,7965
0.404280882,7964
0.404288911,7963
0.404303076,7962
0.404329536,7961
0.404338029,7960
0.404342465,7959
0.404422257,7958
0.404452603,7957
0.404462045,7956
0.404491291,7955
0.404497009,7954
0.404510852,7953
0.404516292,7952
0.40452289,7951
0.404550869,7950
0.404561423,7949
0.404574269,7948
0.404580764,7947
0.40459252,7946
0.404596491,7945
0.404600184,7944
0.4046613,7943
0.404820542,7942
0.405072971,7941
0.405077569,7940
0.405084914,7939
0.405088737,7938
0.405197335,7937
0.405211747,7936
0.40521517,7935
0.405222256,7934
0.405249702,7933
0.40527617,7932
0.405299291,7931
0.405327366,7930
0.405338044,7929
0.405342305,7928
0.405361777,7927
0.405390028,7926
0.405398568,7925
0.405403861,7924
0.405486203,7923
0.405583027,7922
0.405619745,7921
0.405653915,7920
0.405784336,7919
0.405865959,7918
0.405879125,7917
0.405924172,7916
0.405966988,7915
0.406099702,7914
0.40616723,7913
0.406188585,7912
0.406209097,7911
0.406280368,7910
0.406288573,7909
0.406331259,7908
0.428918783,7907
0.42893319,7906
0.428940183,7905
0.428980515,7904
0.429024318,7903
0.42904023,7902
0.429077852,7901
0.429083632,7900
0.429091549,7899
0.429095107,7898
0.429098608,7897
0.429102279,7896
0.42910776,7895
0.429115797,7894
0.429121528,7893
0.429125146,7892
0.429134933,7891
0.429138639,7890
0.429148046,7889
0.429157053,7888
0.429164182,7887
0.429167705,7886
0.429171224,7885
0.42918481,7884
0.429213933,7883
0.429218742,7882
0.429231423,7881
0.429237936,7880
0.429249429,7879
0.42936806,7878
0.429382388,7877
0.429390608,7876
0.429633308,7875
0.430485449,7874
0.430511176,7873
0.430637219,7872
0.430675189,7871
0.430716157,7870
0.430723648,7869
0.430736726,7868
0.430745697,7867
0.430844071,7866
0.430879496,7865
0.430884445,7864
0.430924076,7863
0.43100335,7862
0.431011328,7861
0.431054729,7860
0.43106343,7859
0.431067142,7858
0.431074912,7857
0.431140741,7856
0.431182576,7855
0.431260731,7854
0.431289831,7853
0.431354492,7852
0.431366324,7851
0.431374238,7850
0.431398158,7849
0.431712583,7848
0.431841641,7847
0.43219813,7846
0.43220318,7845
0.432207888,7844
0.4322167,7843
0.432226528,7842
0.432256125,7841
0.432263955,7840
0.432269085,7839
0.432285891,7838
0.432298363,7837
0.432318176,7836
0.432329961,7835
0.432345758,7834
0.432355717,7833
0.432359833,7832
0.432367565,7831
0.43237699,7830
0.432385273,7829
0.432390131,7828
0.432396207,7827
0.432408547,7826
0.432420113,7825
0.432428109,7824
0.432437603,7823
0.43244976,7822
0.43245961,7821
0.432466281,7820
0.432471214,7819
0.432479308,7818
0.432483943,7817
0.432487831,7816
0.432504343,7815
0.432509267,7814
0.432524206,7813
0.432528653,7812
0.432533904,7811
0.432540783,7810
0.43254613,7809
0.432557581,7808
0.432562775,7807
0.432763095,7806
0.43277041,7805
0.43278417,7804
0.4328,7803
0.432806761,7802
0.43282448,7801
0.432830611,7800
0.432836906,7799
0.433347074,7798
0.43336404,7797
0.433370103,7796
0.433377345,7795
0.433387652,7794
0.433404394,7793
0.43341548,7792
0.433422057,7791
0.433436743,7790
0.433442915,7789
0.433456555,7788
0.433464539,7787
0.433483953,7786
0.433497167,7785
0.433500561,7784
0.433519649,7783
0.433533421,7782
0.433537696,7781
0.433550993,7780
0.433557893,7779
0.433631219,7778
0.433713016,7777
0.433741711,7776
0.433750682,7775
0.433789744,7774
0.433830673,7773
0.433844167,7772
0.433888873,7771
0.433929443,7770
0.433942626,7769
0.433989318,7768
0.434004865,7767
0.434011034,7766
0.434024503,7765
0.434030471,7764
0.434103574,7763
0.434113622,7762
0.434119959,7761
0.43413522,7760
0.434141922,7759
0.434146294,7758
0.434163562,7757
0.434183165,7756
0.434201597,7755
0.434210907,7754
0.434215601,7753
0.434220259,7752
0.434244452,7751
0.434271212,7750
0.43428998,7749
0.434361607,7748
0.434369105,7747
0.434393556,7746
0.434416203,7745
0.43442619,7744
0.434547084,7743
0.434603941,7742
0.434664794,7741
0.440346428,7740
0.440355096,7739
0.440366133,7738
0.440373437,7737
0.440378987,7736
0.440384686,7735
0.440391908,7734
0.440401207,7733
0.440408021,7732
0.440413824,7731
0.4404282,7730
0.44043351,7729
0.440443784,7728
0.440465681,7727
0.440474027,7726
0.440483683,7725
0.44050277,7724
0.440510018,7723
0.440527898,7722
0.440534539,7721
0.44054283,7720
0.440560234,7719
0.440566691,7718
0.440571196,7717
0.440577524,7716
0.440588402,7715
0.440603298,7714
0.440646975,7713
0.440658624,7712
0.440668914,7711
0.44068265,7710
0.440688434,7709
0.440717627,7708
0.440823448,7707
0.440846292,7706
0.440862442,7705
0.444121795,7704
0.444740423,7703
0.444794627,7702
0.44485083,7701
0.444861112,7700
0.444866976,7699
0.444875545,7698
0.444898306,7697
0.44491101,7696
0.445106021,7695
0.445331656,7694
0.445799241,7693
0.445813876,7692
0.445831553,7691
0.445836319,7690
0.445859385,7689
0.445880765,7688
0.4458863,7687
0.445904308,7686
0.445912433,7685
0.445918888,7684
0.445927451,7683
0.445938991,7682
0.445949141,7681
0.446011173,7680
0.446016021,7679
0.446020769,7678
0.446025372,7677
0.446032499,7676
0.446040894,7675
0.446048025,7674
0.446068908,7673
0.4460808,7672
0.446088953,7671
0.446106942,7670
0.446112285,7669
0.446153898,7668
0.446173201,7667
0.446201261,7666
0.446209524,7665
0.446220267,7664
0.446227463,7663
0.446247135,7662
0.446262459,7661
0.446273303,7660
0.446278898,7659
0.446317878,7658
0.446323691,7657
0.446353196,7656
0.446361214,7655
0.446403058,7654
0.446409388,7653
0.446418355,7652
0.446425963,7651
0.446446318,7650
0.446549839,7649
0.451483152,7648
0.451500485,7647
0.451510589,7646
0.451520748,7645
0.451525644,7644
0.451531916,7643
0.451555675,7642
0.451560785,7641
0.451585245,7640
0.451588508,7639
0.451614134,7638
0.45161816,7637
0.451637025,7636
0.451644939,7635
0.451667822,7634
0.451674614,7633
0.451678025,7632
0.451688177,7631
0.451691507,7630
0.451712396,7629
0.451732756,7628
0.451738535,7627
0.451742521,7626
0.45175867,7625
0.451762564,7624
0.451768923,7623
0.451773112,7622
0.451783147,7621
0.451806297,7620
0.451809423,7619
0.451832741,7618
0.451873162,7617
0.45188876,7616
0.451895078,7615
0.451902171,7614
0.451912891,7613
0.451916312,7612
0.45193263,7611
0.45198228,7610
0.452010488,7609
0.452026483,7608
0.452075728,7607
0.452165118,7606
0.452241097,7605
0.452283265,7604
0.45229857,7603
0.452323739,7602
0.452348139,7601
0.452387321,7600
0.452418561,7599
0.452440635,7598
0.452445431,7597
0.452453312,7596
0.452459326,7595
0.452499886,7594
0.452509357,7593
0.452517182,7592
0.452523057,7591
0.452532069,7590
0.452537184,7589
0.452540335,7588
0.452549582,7587
0.452552687,7586
0.452557734,7585
0.452576685,7584
0.452597619,7583
0.452614686,7582
0.452618432,7581
0.452625282,7580
0.452635955,7579
0.452642497,7578
0.452662635,7577
0.452669066,7576
0.452675942,7575
0.452695799,7574
0.452698528,7573
0.452706293,7572
0.452712642,7571
0.452718571,7570
0.452723755,7569
0.452753942,7568
0.452760664,7567
0.452779429,7566
0.452783102,7565
0.452822375,7564
0.4528283,7563
0.452835393,7562
0.452839501,7561
0.452852115,7560
0.452860635,7559
0.452878565,7558
0.452897284,7557
0.452906548,7556
0.452910968,7555
0.452916253,7554
0.452937028,7553
0.452986282,7552
0.452996487,7551
0.453019693,7550
0.453094623,7549
0.453192718,7548
0.453221347,7547
0.453283365,7546
0.453303534,7545
0.453334265,7544
0.453339813,7543
0.453361665,7542
0.453370708,7541
0.453381292,7540
0.453398927,7539
0.453444199,7538
0.453458983,7537
0.453478142,7536
0.453481881,7535
0.453493542,7534
0.453501235,7533
0.453518995,7532
0.453599161,7531
0.45364375,7530
0.453658124,7529
0.453662401,7528
0.453669715,7527
0.45370641,7526
0.453716577,7525
0.453826035,7524
0.453832263,7523
0.453879091,7522
0.453906823,7521
0.453913013,7520
0.453924682,7519
0.453948718,7518
0.453960415,7517
0.453980657,7516
0.454041698,7515
0.454061305,7514
0.454064447,7513
0.454067624,7512
0.454104107,7511
0.454139787,7510
0.454169854,7509
0.454208544,7508
0.454214221,7507
0.454219429,7506
0.454227038,7505
0.4542756,7504
0.454286145,7503
0.454427218,7502
0.454432106,7501
0.454506585,7500
0.454687457,7499
0.454722695,7498
0.454862904,7497
0.454965263,7496
0.455030354,7495
0.455575197,7494
0.455666592,7493
0.455719788,7492
0.455795075,7491
0.455805934,7490
0.455851127,7489
0.455967084,7488
0.456022046,7487
0.456038882,7486
0.456075569,7485
0.456090408,7484
0.456110217,7483
0.456494153,7482
0.456517288,7481
0.456522877,7480
0.457259615,7479
0.457367713,7478
0.45915712,7477
0.459163293,7476
0.459174219,7475
0.459337895,7474
0.459509445,7473
0.45965007,7472
0.47095967,7471
0.470986748,7470
0.471028919,7469
0.471067828,7468
0.471094807,7467
0.47114434,7466
0.471155289,7465
0.471199254,7464
0.471206601,7463
0.471212809,7462
0.471216259,7461
0.471251391,7460
0.471289159,7459
0.471306961,7458
0.471312649,7457
0.471352228,7456
0.471410949,7455
0.471416332,7454
0.471422899,7453
0.471426298,7452
0.471431891,7451
0.471438032,7450
0.471449646,7449
0.471480972,7448
0.471484511,7447
0.471500113,7446
0.471505791,7445
0.471509163,7444
0.471514825,7443
0.471522422,7442
0.471528743,7441
0.471566091,7440
0.471571886,7439
0.471580901,7438
0.471586466,7437
0.47158947,7436
0.471592787,7435
0.471595465,7434
0.471603242,7433
0.471607852,7432
0.471610768,7431
0.471616028,7430
0.472099161,7429
0.472139424,7428
0.472159878,7427
0.472183091,7426
0.472189279,7425
0.472200258,7424
0.472230574,7423
0.472271851,7422
0.472316341,7421
0.472385762,7420
0.472400437,7419
0.472433252,7418
0.472447322,7417
0.472457751,7416
0.47246665,7415
0.472484211,7414
0.472498127,7413
0.472529993,7412
0.472536601,7411
0.472606735,7410
0.472616915,7409
0.473786933,7408
0.4742534,7407
0.475625128,7406
0.478558911,7405
0.478563271,7404
0.478602521,7403
0.478666385,7402
0.478686314,7401
0.478718479,7400
0.478787315,7399
