0.20674925,6823
0.206795763,6822
0.206824799,6821
0.206853023,6820
0.206893023,6819
0.206917964,6818
0.206932788,6817
0.206940477,6816
0.20694595,6815
0.206950817,6814
0.206956028,6813
0.206965047,6812
0.206972435,6811
0.206978066,6810
0.206986169,6809
0.206994351,6808
0.207040372,6807
0.207812042,6806
0.207852898,6805
0.207866379,6804
0.207879192,6803
0.207889002,6802
0.207899378,6801
0.207907567,6800
0.207913647,6799
0.207946425,6798
0.207955377,6797
0.207963011,6796
0.207972182,6795
0.2079938,6794
0.208000547,6793
0.208007422,6792
0.208014447,6791
0.20802114,6790
0.208028038,6789
0.208034756,6788
0.208041544,6787
0.208048621,6786
0.208056138,6785
0.208065364,6784
0.208072896,6783
0.208078859,6782
0.208084306,6781
0.208093966,6780
0.208106218,6779
0.208112393,6778
0.208119325,6777
0.208124908,6776
0.208130277,6775
0.208137279,6774
0.208144706,6773
0.208152605,6772
0.208158203,6771
0.208163592,6770
0.208180012,6769
0.208185401,6768
0.208191363,6767
0.208196683,6766
0.208202986,6765
0.208210487,6764
0.208216456,6763
0.208232701,6762
0.208238785,6761
0.208247628,6760
0.208267423,6759
0.208274631,6758
0.208285782,6757
0.208292743,6756
0.208299261,6755
0.208306084,6754
0.208317927,6753
0.208325984,6752
0.208334465,6751
0.208341355,6750
0.208353518,6749
0.208360609,6748
0.20836666,6747
0.208376384,6746
0.208417939,6745
0.208453649,6744
0.208463747,6743
0.208471647,6742
0.208480871,6741
0.208487735,6740
0.208496756,6739
0.208506028,6738
0.208514474,6737
0.208532619,6736
0.208538593,6735
0.208544615,6734
0.208599189,6733
0.208606899,6732
0.208614724,6731
0.20881912,6730
0.208838743,6729
0.208861448,6728
0.208870998,6727
0.208878913,6726
0.208902443,6725
0.208918143,6724
0.208928554,6723
0.208946918,6722
0.208952688,6721
0.208959995,6720
0.208968888,6719
0.208986849,6718
0.209024096,6717
0.20903473,6716
0.209059956,6715
0.209087183,6714
0.209103734,6713
0.20911237,6712
0.209119261,6711
0.209126747,6710
0.209133345,6709
0.209140596,6708
0.209183947,6707
0.209193073,6706
0.209202743,6705
0.209262062,6704
0.209641509,6703
0.209698127,6702
0.209734463,6701
0.209741139,6700
0.210437406,6699
0.210470555,6698
0.210478314,6697
0.210483282,6696
0.210489817,6695
0.210494603,6694
0.210503369,6693
0.21054039,6692
0.210584598,6691
0.210597884,6690
0.21060982,6689
0.210628363,6688
0.210641752,6687
0.210647364,6686
0.210655009,6685
0.210662033,6684
0.210669658,6683
0.210674741,6682
0.210687095,6681
0.210691596,6680
0.210696024,6679
0.210700555,6678
0.210705735,6677
0.210710519,6676
0.210714122,6675
0.210719798,6674
0.210723195,6673
0.210729096,6672
0.210732697,6671
0.210738897,6670
0.210749983,6669
0.210753514,6668
0.210757283,6667
0.21076091,6666
0.210764627,6665
0.210768302,6664
0.210771511,6663
0.210775895,6662
0.210779324,6661
0.210783477,6660
0.210788397,6659
0.210791884,6658
0.210794993,6657
0.210811215,6656
0.21081546,6655
0.210818915,6654
0.210822316,6653
0.210825728,6652
0.2108306,6651
0.210834137,6650
0.210839771,6649
0.210844499,6648
0.21084901,6647
0.210853403,6646
0.21085778,6645
0.21086201,6644
0.210866422,6643
0.210870862,6642
0.211747592,6641
0.211753305,6640
0.211763201,6639
0.211768481,6638
0.211772421,6637
0.211776382,6636
0.211781709,6635
0.21178719,6634
0.211792008,6633
0.211797616,6632
0.211801836,6631
0.211805526,6630
0.21180907,6629
0.211812599,6628
0.211816661,6627
0.211822399,6626
0.211827312,6625
0.211832725,6624
0.211837844,6623
0.211843397,6622
0.211848348,6621
0.211884038,6620
0.211890069,6619
0.211895427,6618
0.211900981,6617
0.211906784,6616
0.211910952,6615
0.2119146,6614
0.21191839,6613
0.211921818,6612
0.211925744,6611
0.21192967,6610
0.21193764,6609
0.211941943,6608
0.211946795,6607
0.211952407,6606
0.211956525,6605
0.211963004,6604
0.211967035,6603
0.211973351,6602
0.211977021,6601
0.211981377,6600
0.21198521,6599
0.211990047,6598
0.211993943,6597
0.212032095,6596
0.212036558,6595
0.21204054,6594
0.212056617,6593
0.212059978,6592
0.212063178,6591
0.212066594,6590
0.212069925,6589
0.212073375,6588
0.21207721,6587
0.21212351,6586
0.212128916,6585
0.212180965,6584
0.212184293,6583
0.212189111,6582
0.212192736,6581
0.212196136,6580
0.212199292,6579
0.212203242,6578
0.212208816,6577
0.212212059,6576
0.212215241,6575
0.212218242,6574
0.212221011,6573
0.212224287,6572
0.212227364,6571
0.212230874,6570
0.212234298,6569
0.212237257,6568
0.212242659,6567
0.212246398,6566
0.212249699,6565
0.212253344,6564
0.212256612,6563
0.212260533,6562
0.212263566,6561
0.212266638,6560
0.212269606,6559
0.212275198,6558
0.212280053,6557
0.212283691,6556
0.212287923,6555
0.212293648,6554
0.212297936,6553
0.212313689,6552
0.212316681,6551
0.212320334,6550
0.212323452,6549
0.212326293,6548
0.212329256,6547
0.212332334,6546
0.212335045,6545
0.212337978,6544
0.212342066,6543
0.212344985,6542
0.212347917,6541
0.212350692,6540
0.212354283,6539
0.212408053,6538
0.212410862,6537
0.212413878,6536
0.212416681,6535
0.212420582,6534
0.21242432,6533
0.212459714,6532
0.212463782,6531
0.212473342,6530
0.212482361,6529
0.212486819,6528
0.2124963,6527
0.212499982,6526
0.212503006,6525
0.212505839,6524
0.212510193,6523
0.212514457,6522
0.212518986,6521
0.212528797,6520
0.212533156,6519
0.212537229,6518
0.212541011,6517
0.21254494,6516
0.212548831,6515
0.212554563,6514
0.212558393,6513
0.212562005,6512
0.212566498,6511
0.212570549,6510
0.212574653,6509
0.212579793,6508
0.212587594,6507
0.212592902,6506
0.212599809,6505
0.212603501,6504
0.21260715,6503
0.212618217,6502
0.212627271,6501
0.212631854,6500
0.212635438,6499
0.212639364,6498
0.212643202,6497
0.212646885,6496
0.212650578,6495
0.212658191,6494
0.212662875,6493
0.212669013,6492
0.212671997,6491
0.212676167,6490
0.212680454,6489
0.212686795,6488
0.212692299,6487
0.212695894,6486
0.212699707,6485
0.212703222,6484
0.212706652,6483
0.212709923,6482
0.21271494,6481
0.212718643,6480
0.212722373,6479
0.212726274,6478
0.212730785,6477
0.212734727,6476
0.212738703,6475
0.21274563,6474
0.212749588,6473
0.212755321,6472
0.212759382,6471
0.212763274,6470
0.212766951,6469
0.212771876,6468
0.212775896,6467
0.212779828,6466
0.212783333,6465
0.21278695,6464
0.212790885,6463
0.212794596,6462
0.212799083,6461
0.212803932,6460
0.212816788,6459
0.212820301,6458
0.212823466,6457
0.212826388,6456
0.212829442,6455
0.212832551,6454
0.212835194,6453
0.212838142,6452
0.212840918,6451
0.212843763,6450
0.212846705,6449
0.212850575,6448
0.212853459,6447
0.212856431,6446
0.212860673,6445
0.212865745,6444
0.212869503,6443
0.21287487,6442
0.212878889,6441
0.212883043,6440
0.212887063,6439
0.212891216,6438
0.21289515,6437
0.212898912,6436
0.212902417,6435
0.212907037,6434
0.212910815,6433
0.212941803,6432
0.212945528,6431
0.212949489,6430
0.212953405,6429
0.21295782,6428
0.212961334,6427
0.212967068,6426
0.212970585,6425
0.212974068,6424
0.212977614,6423
0.212981224,6422
0.212986383,6421
0.212989828,6420
0.2129933,6419
0.21299807,6418
0.213001414,6417
0.213004907,6416
0.213009412,6415
0.21301256,6414
0.213015948,6413
0.21302151,6412
0.213025127,6411
0.21302839,6410
0.213031753,6409
0.213035514,6408
0.213040728,6407
0.213044779,6406
0.213049149,6405
0.21305419,6404
0.21305918,6403
0.213063187,6402
0.213066779,6401
0.213070679,6400
0.213074202,6399
0.213077539,6398
0.213081337,6397
0.213084866,6396
0.213089802,6395
0.213095227,6394
0.213099309,6393
0.213102827,6392
0.213106291,6391
0.213109916,6390
0.213113416,6389
0.213117238,6388
0.213121246,6387
0.213124815,6386
0.213128297,6385
0.213133274,6384
0.213136929,6383
0.213140269,6382
0.213143682,6381
0.213147465,6380
0.21315097,6379
0.213153918,6378
0.213159607,6377
0.213162169,6376
0.213165271,6375
0.213169176,6374
0.213172917,6373
0.2131761,6372
0.213178997,6371
0.213181555,6370
0.213183985,6369
0.213187893,6368
0.213190799,6367
0.213193799,6366
0.213196728,6365
0.213199506,6364
0.213203772,6363
0.213206472,6362
0.213208925,6361
0.213212064,6360
0.213216412,6359
0.213924761,6358
0.213934177,6357
0.213937749,6356
0.213940871,6355
0.213943911,6354
0.213948111,6353
0.213958489,6352
0.213962675,6351
0.213966323,6350
0.213969452,6349
0.213972382,6348
0.213975525,6347
0.213978795,6346
0.213981748,6345
0.213986519,6344
0.213994489,6343
0.21411454,6342
0.214120919,6341
0.214124928,6340
0.21412876,6339
0.214131831,6338
0.214135509,6337
0.214138903,6336
0.214142503,6335
0.214145643,6334
0.214150445,6333
0.214153677,6332
0.214157604,6331
0.21416257,6330
0.214167202,6329
0.214172059,6328
0.214175661,6327
0.214179343,6326
0.214183708,6325
0.214186805,6324
0.214190054,6323
0.214194667,6322
0.214197595,6321
0.214200722,6320
0.214205501,6319
0.214208603,6318
0.214211641,6317
0.214214958,6316
0.214220819,6315
0.214224988,6314
0.214237669,6313
0.214246873,6312
0.214290222,6311
0.214295853,6310
0.214299249,6309
0.214307615,6308
0.214321126,6307
0.214325539,6306
0.214330096,6305
0.214335574,6304
0.214344402,6303
0.214349401,6302
0.214353433,6301
0.214359288,6300
0.214363362,6299
0.214367841,6298
0.214371015,6297
0.214374117,6296
0.214377223,6295
0.214381319,6294
0.214385238,6293
0.214388342,6292
0.214391315,6291
0.214394158,6290
0.214398753,6289
0.214403978,6288
0.214407142,6287
0.214410297,6286
0.214413054,6285
0.214416144,6284
0.214418794,6283
0.214421882,6282
0.214424992,6281
0.214428103,6280
0.214431154,6279
0.214434033,6278
0.214438021,6277
0.21444113,6276
0.21444641,6275
0.214449564,6274
0.214452611,6273
0.214455965,6272
0.214460042,6271
0.214463326,6270
0.214466461,6269
0.214470244,6268
0.214473015,6267
0.214478218,6266
0.214481088,6265
0.214483621,6264
0.214499505,6263
0.214504016,6262
0.214507779,6261
0.21451095,6260
0.214514089,6259
0.214516939,6258
0.214520552,6257
0.214525112,6256
0.214529682,6255
0.214534985,6254
0.214538606,6253
0.214542217,6252
0.214545565,6251
0.214549009,6250
0.214552008,6249
0.214557138,6248
0.214559983,6247
0.214563106,6246
0.21456608,6245
0.214568768,6244
0.214574468,6243
0.214582699,6242
0.214596404,6241
0.214601004,6240
0.214612876,6239
0.214638218,6238
0.214644357,6237
0.21466923,6236
0.214694896,6235
0.214877113,6234
0.214884178,6233
0.214903111,6232
0.214908141,6231
0.214911959,6230
0.214916029,6229
0.214920009,6228
0.214923566,6227
0.214928603,6226
0.214933004,6225
0.214937685,6224
0.214942222,6223
0.214946776,6222
0.214950197,6221
0.214954361,6220
0.214987068,6219
0.215021499,6218
0.215029019,6217
0.215034913,6216
0.215038955,6215
0.215045275,6214
0.215050492,6213
0.215056521,6212
0.215062433,6211
0.215066958,6210
0.215083844,6209
0.215090336,6208
0.215095889,6207
0.215100838,6206
0.215105706,6205
0.215109062,6204
0.215112733,6203
0.215115849,6202
0.215120115,6201
0.215122912,6200
0.215125962,6199
0.21513001,6198
0.215132772,6197
0.215135342,6196
0.21513952,6195
0.215146522,6194
0.215149365,6193
0.215154032,6192
0.215156758,6191
0.215160252,6190
0.215177442,6189
0.215180491,6188
0.215183313,6187
0.215186638,6186
0.215189803,6185
0.215193368,6184
0.215197779,6183
0.215201492,6182
0.215206138,6181
0.215210715,6180
0.215214065,6179
0.215218483,6178
0.215222621,6177
0.215229251,6176
0.215233985,6175
0.215238533,6174
0.215243002,6173
0.215247185,6172
0.215251167,6171
0.21525482,6170
0.215260966,6169
0.215264721,6168
0.215271549,6167
0.215278272,6166
0.215282249,6165
0.215286377,6164
0.215290435,6163
0.215295882,6162
0.21530076,6161
0.21530424,6160
0.21530803,6159
0.215312182,6158
0.215317298,6157
0.215322325,6156
0.215342106,6155
0.215345768,6154
0.2153499,6153
0.215353658,6152
0.215356885,6151
0.215360093,6150
0.215363485,6149
0.215367102,6148
0.215372205,6147
0.215375808,6146
0.215379063,6145
0.215385359,6144
0.215388676,6143
0.215391604,6142
0.215394533,6141
0.215397377,6140
0.215400626,6139
0.215403765,6138
0.215406636,6137
0.215411057,6136
0.215416904,6135
0.215421291,6134
0.215462436,6133
0.215467167,6132
0.215470648,6131
0.215475308,6130
0.21547858,6129
0.215481491,6128
0.215486676,6127
0.215490171,6126
0.215494226,6125
0.215498448,6124
0.21550208,6123
0.215505185,6122
0.215508433,6121
0.215511939,6120
0.21551711,6119
0.21552053,6118
0.215524465,6117
0.215527561,6116
0.215531158,6115
0.215534119,6114
0.215537703,6113
0.215541353,6112
0.215544168,6111
0.215547309,6110
0.215549951,6109
0.215552864,6108
0.215556455,6107
0.215562277,6106
0.215565335,6105
0.21556838,6104
0.215572157,6103
0.215575056,6102
0.21557982,6101
0.21558258,6100
0.215585197,6099
0.215590903,6098
0.215595191,6097
0.21560116,6096
0.215604431,6095
0.215609794,6094
0.215613934,6093
0.21561689,6092
0.215619765,6091
0.215623151,6090
0.215626344,6089
0.215629629,6088
0.215632744,6087
0.215636931,6086
0.215640161,6085
0.215643838,6084
0.215647726,6083
0.215652971,6082
0.215986906,6081
0.215990207,6080
0.215993175,6079
0.21599654,6078
0.21600182,6077
0.216005413,6076
0.216009785,6075
0.216014071,6074
0.216017547,6073
0.216021105,6072
0.216024315,6071
0.216027342,6070
0.216031626,6069
0.216035156,6068
0.216046071,6067
0.216049491,6066
0.216053178,6065
0.216056554,6064
0.216061659,6063
0.216065511,6062
0.216068483,6061
0.21607322,6060
0.216076199,6059
0.216079481,6058
0.21608265,6057
0.216085496,6056
0.216088521,6055
0.216091673,6054
0.21609483,6053
0.216097914,6052
0.216100975,6051
0.216103915,6050
0.216107061,6049
0.216109943,6048
0.216113237,6047
0.216116003,6046
0.216119036,6045
0.216123786,6044
0.216126595,6043
0.216129787,6042
0.21614275,6041
0.216148653,6040
0.216152348,6039
0.216155717,6038
0.216159368,6037
0.216162643,6036
0.216166196,6035
0.21617375,6034
0.216179455,6033
0.216183642,6032
0.216188899,6031
0.216192817,6030
0.216196819,6029
0.216203792,6028
0.216208459,6027
0.216214579,6026
0.216220938,6025
0.21622511,6024
0.216229433,6023
0.216234583,6022
0.216239957,6021
0.216243892,6020
0.216251312,6019
0.216255553,6018
0.21625937,6017
0.216264874,6016
0.216268188,6015
0.21627143,6014
0.21627613,6013
0.21627921,6012
0.216282818,6011
0.216287545,6010
0.216292901,6009
0.21629858,6008
0.216304667,6007
0.216307914,6006
0.216313216,6005
0.216317577,6004
0.21632175,6003
0.216327706,6002
0.216334983,6001
0.216340366,6000
0.216345849,5999
0.216350151,5998
0.216353453,5997
0.216358988,5996
0.21636386,5995
0.216368814,5994
0.216373016,5993
0.216380666,5992
0.216384548,5991
0.216388323,5990
0.216393206,5989
0.216398204,5988
0.216401726,5987
0.216405314,5986
0.216409021,5985
0.216424902,5984
0.216429104,5983
0.216432638,5982
0.216439954,5981
0.216444046,5980
0.216447532,5979
0.216452424,5978
0.216456094,5977
0.216461037,5976
0.216466303,5975
0.216474401,5974
0.21648211,5973
0.216485448,5972
0.216490013,5971
0.216497645,5970
0.216506296,5969
0.216513028,5968
0.21651704,5967
0.216520886,5966
0.216524913,5965
0.21652845,5964
0.216533157,5963
0.216537508,5962
0.216542822,5961
0.216545637,5960
0.216552556,5959
0.216556784,5958
0.216561169,5957
0.216568072,5956
0.216572443,5955
0.216576645,5954
0.216580837,5953
0.216584973,5952
0.216621221,5951
0.216629036,5950
0.216633329,5949
0.216639908,5948
0.216644546,5947
0.216652349,5946
0.216687033,5945
0.216691123,5944
0.216695516,5943
0.216699185,5942
0.216703673,5941
0.216709607,5940
0.216714499,5939
0.216730247,5938
0.216734379,5937
0.216739597,5936
0.216743705,5935
0.21675047,5934
0.216753992,5933
0.216761484,5932
0.216764891,5931
0.21676838,5930
0.216772027,5929
0.216780061,5928
0.216784329,5927
0.216787805,5926
0.21680019,5925
0.216803812,5924
0.216808662,5923
0.21681222,5922
0.216816281,5921
0.216820485,5920
0.216823455,5919
0.216827911,5918
0.216831835,5917
0.21683689,5916
0.2168424,5915
0.216849118,5914
0.216854124,5913
0.216857623,5912
0.216862259,5911
0.216866946,5910
0.216870958,5909
0.216874936,5908
0.216878365,5907
0.216882404,5906
0.216887409,5905
0.216890712,5904
0.216894886,5903
0.216897905,5902
0.216901061,5901
0.216905246,5900
0.216908685,5899
0.216912335,5898
0.216916883,5897
0.216924418,5896
0.216928466,5895
0.216931728,5894
0.216935741,5893
0.216940042,5892
0.216943875,5891
0.216948126,5890
0.216952194,5889
0.216955311,5888
0.216962488,5887
0.216966493,5886
0.216970609,5885
0.21697561,5884
0.216983274,5883
0.216987902,5882
0.216993213,5881
0.217001759,5880
0.217005366,5879
0.217008766,5878
0.21701341,5877
0.217017978,5876
0.217021168,5875
0.217026801,5874
0.217030831,5873
0.217033617,5872
0.217040008,5871
0.21704266,5870
0.217046798,5869
0.217051675,5868
0.217056551,5867
0.217060431,5866
0.217065754,5865
0.217069936,5864
0.217075071,5863
0.217080121,5862
0.217085717,5861
0.217089579,5860
0.217098754,5859
0.217102073,5858
0.217107219,5857
0.217112105,5856
0.217115464,5855
0.217119489,5854
0.217122931,5853
0.217127111,5852
0.217132553,5851
0.217136424,5850
0.217140189,5849
0.217146771,5848
0.217151325,5847
0.217155385,5846
0.217159977,5845
0.217165359,5844
0.217169581,5843
0.217173201,5842
0.217178133,5841
0.217183813,5840
0.217186791,5839
0.217192263,5838
0.217195389,5837
0.21719887,5836
0.217201868,5835
0.217206608,5834
0.217210033,5833
0.217218803,5832
0.217221817,5831
0.217226024,5830
0.2172291,5829
0.217232393,5828
0.217237514,5827
0.217241611,5826
0.217246176,5825
0.217251759,5824
0.217254525,5823
0.217258772,5822
0.217263717,5821
0.217269977,5820
0.217273664,5819
0.217277631,5818
0.217284164,5817
0.217287386,5816
0.217302642,5815
0.217306368,5814
0.217309887,5813
0.21731628,5812
0.217319614,5811
0.217323174,5810
0.217326241,5809
0.217330839,5808
0.217338013,5807
0.217342445,5806
0.21735046,5805
0.217353643,5804
0.217360617,5803
0.217843561,5802
0.217849207,5801
0.217854635,5800
0.217859041,5799
0.217863852,5798
0.217885415,5797
0.217911605,5796
0.217915327,5795
0.217918475,5794
0.217923586,5793
0.217929849,5792
0.217933563,5791
0.217940937,5790
0.217947329,5789
0.217954779,5788
0.217961807,5787
0.217965242,5786
0.217972614,5785
0.217977646,5784
0.217981009,5783
0.217985485,5782
0.21798918,5781
0.217992909,5780
0.218000515,5779
0.218004078,5778
0.218008119,5777
0.21801154,5776
0.21801612,5775
0.218019562,5774
0.218023134,5773
0.218029485,5772
0.218033085,5771
0.21803854,5770
0.218044668,5769
0.218050059,5768
0.218056508,5767
0.218059891,5766
0.218065807,5765
0.218069589,5764
0.218072484,5763
0.218075428,5762
0.218078516,5761
0.218081262,5760
0.218086328,5759
0.218090265,5758
0.218093287,5757
0.218096517,5756
0.218099687,5755
0.21810379,5754
0.218110439,5753
0.218116406,5752
0.218119753,5751
0.218125063,5750
0.218130173,5749
0.218139486,5748
0.218142578,5747
0.218145582,5746
0.218152778,5745
0.218155947,5744
0.218158802,5743
0.218161765,5742
0.218164796,5741
0.218171277,5740
0.218175857,5739
0.218181114,5738
0.218184505,5737
0.218187812,5736
0.21819248,5735
0.218196514,5734
0.218201199,5733
0.218204801,5732
0.218208437,5731
0.218211599,5730
0.218219276,5729
0.218222892,5728
0.218233332,5727
0.218240004,5726
0.218245594,5725
0.218250101,5724
0.218255031,5723
0.218264863,5722
0.218299839,5721
0.218304496,5720
0.218313096,5719
0.218319154,5718
0.21832537,5717
0.218335592,5716
0.218344872,5715
0.218354473,5714
0.218359882,5713
0.218507054,5712
0.218538924,5711
0.218543818,5710
0.218549006,5709
0.218586879,5708
0.218593348,5707
0.218631161,5706
0.21872271,5705
0.218730833,5704
0.21874259,5703
0.218747075,5702
0.21877681,5701
0.21878251,5700
0.218788864,5699
0.21879359,5698
0.218799978,5697
0.218807548,5696
0.218810612,5695
0.218816974,5694
0.218820081,5693
0.218822961,5692
0.21882571,5691
0.218829654,5690
0.218835202,5689
0.218841832,5688
0.21884462,5687
0.218849411,5686
0.218852522,5685
0.218855512,5684
0.21885863,5683
0.218862103,5682
0.218866563,5681
0.218869442,5680
0.218872685,5679
0.218875398,5678
0.21889926,5677
0.218913489,5676
0.218918174,5675
0.218921286,5674
0.218926871,5673
0.218932939,5672
0.21893734,5671
0.218943485,5670
0.21894841,5669
0.218951517,5668
0.218957377,5667
0.218964959,5666
0.218971746,5665
0.21897706,5664
0.218983253,5663
0.218987896,5662
0.218994997,5661
0.219000205,5660
0.219005113,5659
0.219011457,5658
0.219018127,5657
0.219023319,5656
0.219028109,5655
0.219039065,5654
0.219051984,5653
0.219107814,5652
0.219112232,5651
0.219115998,5650
0.219120297,5649
0.219124043,5648
0.219127304,5647
0.219130681,5646
0.219133729,5645
0.219137122,5644
0.219146735,5643
0.21915072,5642
0.219155366,5641
0.219158871,5640
0.219162162,5639
0.219165715,5638
0.219170133,5637
0.219173756,5636
0.219177693,5635
0.219188131,5634
0.21919194,5633
0.219195594,5632
0.21920123,5631
0.219210272,5630
0.219213483,5629
0.219217111,5628
0.219222405,5627
0.219228311,5626
0.219231794,5625
0.219236255,5624
0.219241013,5623
0.219243755,5622
0.219248663,5621
0.219251783,5620
0.219255529,5619
0.219259595,5618
0.219264285,5617
0.219268367,5616
0.219273346,5615
0.219276566,5614
0.219279718,5613
0.219286393,5612
0.219290075,5611
0.219293551,5610
0.219298634,5609
0.219305394,5608
0.219308731,5607
0.219311982,5606
0.21931502,5605
0.219320552,5604
0.219329715,5603
0.219332516,5602
0.219337062,5601
0.219341645,5600
0.21934866,5599
0.21935132,5598
0.219355423,5597
0.219357758,5596
0.219360268,5595
0.219363257,5594
0.219389304,5593
0.219393228,5592
0.219397581,5591
0.21940061,5590
0.219405231,5589
0.219408637,5588
0.21941333,5587
0.219420028,5586
0.219424578,5585
0.219427628,5584
0.219431065,5583
0.219434027,5582
0.219437601,5581
0.219440394,5580
0.219449235,5579
0.219452258,5578
0.219455606,5577
0.219462792,5576
0.219467433,5575
0.219473261,5574
0.219477236,5573
0.219480405,5572
0.21948606,5571
0.21948954,5570
0.219496499,5569
0.219499571,5568
0.219505547,5567
0.219508294,5566
0.219510935,5565
0.219513679,5564
0.219517239,5563
0.219521068,5562
0.219828734,5561
0.219834733,5560
0.219838083,5559
0.21984364,5558
0.21984745,5557
0.219860887,5556
0.219868623,5555
0.219874176,5554
0.21988079,5553
0.2198853,5552
0.219889752,5551
0.21989531,5550
0.219899431,5549
0.219905406,5548
0.219913256,5547
0.219918018,5546
0.219921138,5545
0.219925506,5544
0.219930756,5543
0.219938596,5542
0.219943783,5541
0.219953604,5540
0.219958794,5539
0.219962387,5538
0.219972472,5537
0.219977503,5536
0.219982686,5535
0.219985799,5534
0.21999491,5533
0.21999943,5532
0.220003803,5531
0.220008528,5530
0.220012129,5529
0.220019419,5528
0.220025532,5527
0.220029904,5526
0.220034724,5525
0.220041163,5524
0.220050382,5523
0.220056478,5522
0.22013556,5521
0.220175045,5520
0.221402674,5519
0.221436308,5518
0.221483632,5517
0.221489843,5516
0.221495577,5515
0.221502541,5514
0.221507843,5513
0.221511657,5512
0.221520954,5511
0.221535154,5510
0.22154613,5509
0.221552633,5508
0.221561515,5507
0.221568684,5506
0.221572928,5505
0.221575759,5504
0.221581714,5503
0.221587898,5502
0.22160077,5501
0.221606456,5500
0.221618531,5499
0.221625565,5498
0.22162955,5497
0.221641669,5496
0.221646108,5495
0.22165017,5494
0.221657917,5493
0.221664558,5492
0.221687435,5491
0.2216943,5490
0.221699393,5489
0.221739338,5488
0.221744421,5487
0.221752724,5486
0.221760485,5485
0.221765104,5484
0.221771749,5483
0.221776342,5482
0.221781432,5481
0.221793404,5480
0.221828964,5479
0.221864611,5478
0.221880364,5477
0.221883908,5476
0.221889269,5475
0.221897057,5474
0.221900413,5473
0.221907777,5472
0.221910546,5471
0.221913481,5470
0.221922864,5469
0.221931333,5468
0.221934126,5467
0.222357925,5466
0.222399954,5465
0.222538972,5464
0.222591094,5463
0.222599613,5462
0.222604552,5461
0.222611002,5460
0.2226163,5459
0.222623441,5458
0.222627768,5457
0.222632256,5456
0.22263693,5455
0.22264773,5454
0.222653808,5453
0.222660502,5452
0.222664994,5451
0.222669444,5450
0.222705716,5449
0.222710166,5448
0.224161878,5447
0.224306407,5446
0.224316503,5445
0.224323117,5444
0.22433344,5443
0.224342572,5442
0.224348899,5441
0.224357837,5440
0.224365133,5439
0.224371189,5438
0.224378226,5437
0.224382168,5436
0.224387676,5435
0.224391449,5434
0.224398676,5433
0.224406523,5432
0.224414998,5431
0.224419399,5430
0.224425377,5429
0.224438144,5428
0.224443545,5427
0.224448321,5426
0.224452984,5425
0.224457496,5424
0.224464095,5423
0.2244692,5422
0.224478769,5421
0.224482961,5420
0.224494993,5419
0.224498962,5418
0.224504343,5417
0.224510405,5416
0.224518703,5415
0.224536952,5414
0.224670702,5413
0.224675973,5412
0.224682614,5411
0.224692964,5410
0.224697215,5409
0.224707794,5408
0.224711922,5407
0.224720312,5406
0.224724929,5405
0.224735308,5404
0.224740903,5403
0.224757123,5402
0.224762414,5401
0.224767392,5400
0.224772584,5399
0.224776973,5398
0.224782686,5397
0.224787098,5396
0.22479322,5395
0.224826777,5394
0.224830966,5393
0.224835754,5392
0.224845171,5391
0.224853218,5390
0.224858373,5389
0.224867313,5388
0.224872099,5387
0.224918002,5386
0.224927651,5385
0.224933211,5384
0.224937455,5383
0.224941793,5382
0.224947076,5381
0.224952998,5380
0.224958344,5379
0.224961254,5378
0.224967355,5377
0.224971928,5376
0.224975956,5375
0.224979463,5374
0.225301835,5373
0.225305129,5372
0.225308439,5371
0.225312074,5370
0.225333394,5369
0.225342706,5368
0.225348138,5367
0.225351491,5366
0.22535413,5365
0.225357306,5364
0.225365748,5363
0.225368388,5362
0.225371282,5361
0.225374578,5360
0.225382588,5359
0.225385573,5358
0.225388348,5357
0.225395421,5356
0.225404258,5355
0.225409304,5354
0.225413735,5353
0.225419219,5352
0.225442023,5351
0.225472841,5350
0.225479262,5349
0.225482907,5348
0.225485752,5347
0.225495663,5346
0.225499888,5345
0.225503171,5344
0.225510979,5343
0.225518533,5342
0.225521657,5341
0.225526074,5340
0.225529557,5339
0.225533345,5338
0.225577808,5337
0.22558122,5336
0.225586931,5335
0.22559055,5334
0.225596762,5333
0.225623792,5332
0.225626889,5331
0.225635858,5330
0.225639133,5329
0.225648016,5328
0.225650762,5327
0.225658886,5326
0.225662159,5325
0.22566861,5324
0.225686955,5323
0.225692002,5322
0.225716233,5321
0.22571953,5320
0.225727547,5319
0.225734016,5318
0.225744211,5317
0.225747281,5316
0.225756969,5315
0.225760136,5314
0.225764948,5313
0.225772683,5312
0.225780443,5311
0.225785811,5310
0.225807251,5309
0.225811831,5308
0.225815573,5307
0.225819162,5306
0.225822188,5305
0.225831074,5304
0.225835245,5303
0.225861606,5302
0.225868474,5301
0.225872481,5300
0.225877929,5299
0.22588087,5298
0.22588758,5297
0.225896489,5296
0.225904164,5295
0.225907528,5294
0.225913481,5293
0.225916581,5292
0.225919679,5291
0.22592493,5290
0.225930649,5289
0.225940983,5288
0.22594409,5287
0.225949231,5286
0.225957689,5285
0.225964158,5284
0.225972536,5283
0.225976102,5282
0.226001392,5281
0.226030106,5280
0.226035592,5279
0.22604716,5278
0.226086563,5277
0.226096229,5276
0.22610105,5275
0.226104639,5274
0.226108679,5273
0.226113549,5272
0.226117591,5271
0.226121615,5270
0.226133747,5269
0.226139175,5268
0.226143619,5267
0.226147749,5266
0.226151051,5265
0.22615432,5264
0.226162158,5263
0.226166516,5262
0.226170309,5261
0.226174126,5260
0.226177541,5259
0.226191725,5258
0.226201461,5257
0.226205168,5256
0.226208558,5255
0.226212038,5254
0.226215709,5253
0.226226949,5252
0.22623653,5251
0.226246396,5250
0.226249288,5249
0.226253138,5248
0.226258893,5247
0.226267264,5246
0.226270619,5245
0.226277221,5244
0.226284871,5243
0.226293791,5242
0.226297303,5241
0.226303088,5240
0.226313289,5239
0.226319154,5238
0.226324966,5237
0.226335106,5236
0.226341,5235
0.226344131,5234
0.22634695,5233
0.226351785,5232
0.226362746,5231
0.226370191,5230
0.226377197,5229
0.226721484,5228
0.226733921,5227
0.226743156,5226
0.226747407,5225
0.226755227,5224
0.226764329,5223
0.226776163,5222
0.226780435,5221
0.226785565,5220
0.226788243,5219
0.226794763,5218
0.22684245,5217
0.226848696,5216
0.226855378,5215
0.226858807,5214
0.226862007,5213
0.226869243,5212
0.22689512,5211
0.226899606,5210
0.226904876,5209
0.226912989,5208
0.22691777,5207
0.226925056,5206
0.226929282,5205
0.226935978,5204
0.226941749,5203
0.226946399,5202
0.226951549,5201
0.226954829,5200
0.226966083,5199
0.226981907,5198
0.22698607,5197
0.226989837,5196
0.226993462,5195
0.226999466,5194
0.227003001,5193
0.22700717,5192
0.227010047,5191
0.227017717,5190
0.227028868,5189
0.227032493,5188
0.227038204,5187
0.227048184,5186
0.227054735,5185
0.227064534,5184
0.227069471,5183
0.227081283,5182
0.227085943,5181
0.227089607,5180
0.227110228,5179
0.227113465,5178
0.227122186,5177
0.227137344,5176
0.227141898,5175
0.227147401,5174
0.22715024,5173
0.227153338,5172
0.227158662,5171
0.227170989,5170
0.227178305,5169
0.227197483,5168
0.227204165,5167
0.227218084,5166
0.227222332,5165
0.22722812,5164
0.227241153,5163
0.227260455,5162
0.227266888,5161
0.227272162,5160
0.227277455,5159
0.227287488,5158
0.22730275,5157
0.227306939,5156
0.227311046,5155
0.227316254,5154
0.227333088,5153
0.227337385,5152
0.227340441,5151
0.227345967,5150
0.227350009,5149
0.227354005,5148
0.227357146,5147
0.227364042,5146
0.227371231,5145
0.227379487,5144
0.227384197,5143
0.22738717,5142
0.227391941,5141
0.22739559,5140
0.227420503,5139
0.22745933,5138
0.227464608,5137
0.227471186,5136
0.227476915,5135
0.227481947,5134
0.227494537,5133
0.227517257,5132
0.227520725,5131
0.227531291,5130
0.227537718,5129
0.227541989,5128
0.227550665,5127
0.227556632,5126
0.227565167,5125
0.227571624,5124
0.227575502,5123
0.227580391,5122
0.227598211,5121
0.227621176,5120
0.227639825,5119
0.227666782,5118
0.227674959,5117
0.227680394,5116
0.227688264,5115
0.22769104,5114
0.227694948,5113
0.227705111,5112
0.227711737,5111
0.227723262,5110
0.227731861,5109
0.227736428,5108
0.227747499,5107
0.227752111,5106
0.227755719,5105
0.228085183,5104
0.228092942,5103
0.228100382,5102
0.228127505,5101
0.228133298,5100
0.228156813,5099
0.228160508,5098
0.228163178,5097
0.228167759,5096
0.228171677,5095
0.228177047,5094
0.228183401,5093
0.228191384,5092
0.228197741,5091
0.228205289,5090
0.228211095,5089
0.228260787,5088
0.228265259,5087
0.228268985,5086
0.228276015,5085
0.228284943,5084
0.228292056,5083
0.228295254,5082
0.228298944,5081
0.228304554,5080
0.228309001,5079
0.22833084,5078
0.228341652,5077
0.228377945,5076
0.2283862,5075
0.228392508,5074
0.228399516,5073
0.228403657,5072
0.228407431,5071
0.228415828,5070
0.228420927,5069
0.228425483,5068
0.22844839,5067
0.228451738,5066
0.228462382,5065
0.228465965,5064
0.228484248,5063
0.228494291,5062
0.22849904,5061
0.228503653,5060
0.228507242,5059
0.228511461,5058
0.228514914,5057
0.228517909,5056
0.228523891,5055
0.228533284,5054
0.228537799,5053
0.228544361,5052
0.228548865,5051
0.228555395,5050
0.228563891,5049
0.228584692,5048
0.228588327,5047
0.228592624,5046
0.228599689,5045
0.228608048,5044
0.228618209,5043
0.228644407,5042
0.228674963,5041
0.228679625,5040
0.228684225,5039
0.228689654,5038
0.228696047,5037
0.228702922,5036
0.228715284,5035
0.228751402,5034
0.228755479,5033
0.228760806,5032
0.228768175,5031
0.228775022,5030
0.228779744,5029
0.228791209,5028
0.228796602,5027
0.22882669,5026
0.228838823,5025
0.228847012,5024
0.228852975,5023
0.228871599,5022
0.228887576,5021
0.228892216,5020
0.228914495,5019
0.228923516,5018
0.228930704,5017
0.22893391,5016
0.228936846,5015
0.228943476,5014
0.228950272,5013
0.228982492,5012
0.228988214,5011
0.229007671,5010
0.229013821,5009
0.229037648,5008
0.229042256,5007
0.22904789,5006
0.229070333,5005
0.229077872,5004
0.229103431,5003
0.229107098,5002
0.229112441,5001
0.229115339,5000
0.22912293,4999
0.229127611,4998
0.229141835,4997
0.229146269,4996
0.229159163,4995
0.229175823,4994
0.229180317,4993
0.229196852,4992
0.229203381,4991
0.229224409,4990
0.229247609,4989
0.229265601,4988
0.22930565,4987
0.230564022,4986
0.230630084,4985
0.230645579,4984
0.23067251,4983
0.230686947,4982
0.23069266,4981
0.230698223,4980
0.230716878,4979
0.230724686,4978
0.230785593,4977
0.230799936,4976
0.230819359,4975
0.230866072,4974
0.230879157,4973
0.230886362,4972
0.230891589,4971
0.230900827,4970
0.230928821,4969
0.230939172,4968
0.230941909,4967
0.230946531,4966
0.230959924,4965
0.23096531,4964
0.23096899,4963
0.230973164,4962
0.230996629,4961
0.23100306,4960
0.231010615,4959
0.231017089,4958
0.231023507,4957
0.231034559,4956
0.231042976,4955
0.231096459,4954
0.231110391,4953
0.231117655,4952
0.231122088,4951
0.231129973,4950
0.231137471,4949
0.23116326,4948
0.231166803,4947
0.231178484,4946
0.231182961,4945
0.23119778,4944
0.231204309,4943
0.231214917,4942
0.231276044,4941
0.231282915,4940
0.231292979,4939
0.231303744,4938
0.231340694,4937
0.231344663,4936
0.231390007,4935
0.23140457,4934
0.231409436,4933
0.231467493,4932
0.23150519,4931
0.2315842,4930
0.231619262,4929
0.231629808,4928
0.23166755,4927
0.231671261,4926
0.231678282,4925
0.231720916,4924
0.231731638,4923
0.231741941,4922
0.231798272,4921
0.231804449,4920
0.231855894,4919
0.231899733,4918
0.231939598,4917
0.231946139,4916
0.231951523,4915
0.231955858,4914
0.23196513,4913
0.231974119,4912
0.232994437,4911
0.236634818,4910
0.236684151,4909
0.236709025,4908
0.236714608,4907
0.236757247,4906
0.236762376,4905
0.236773227,4904
0.236809474,4903
0.236824523,4902
0.236862853,4901
0.236874388,4900
0.236914725,4899
0.236928855,4898
0.236980736,4897
0.236989196,4896
0.237042818,4895
0.237059617,4894
0.237134465,4893
0.237170082,4892
0.237177042,4891
0.237182975,4890
0.237196874,4889
0.23720472,4888
0.237246441,4887
0.237271541,4886
0.237278055,4885
0.237287836,4884
0.237296352,4883
0.237302042,4882
0.237315878,4881
0.237348816,4880
0.237361049,4879
0.237401226,4878
0.237408785,4877
0.237417799,4876
0.237428086,4875
0.237481445,4874
0.237503036,4873
0.237544415,4872
0.237749214,4871
0.237788334,4870
0.237792861,4869
0.237801815,4868
0.237895847,4867
0.237942662,4866
0.238025609,4865
0.238063281,4864
0.23811804,4863
0.238154714,4862
0.238191435,4861
0.238255252,4860
0.238650131,4859
0.238656772,4858
0.238709256,4857
0.238763876,4856
0.238800019,4855
0.238803767,4854
0.238811075,4853
0.23884503,4852
0.238890818,4851
0.238931366,4850
0.23896423,4849
0.238969758,4848
0.238978927,4847
0.239019169,4846
0.239067846,4845
0.239116671,4844
0.239124222,4843
0.23913059,4842
0.239158066,4841
0.239195685,4840
0.2454286,4839
0.245541667,4838
0.245594782,4837
0.245656995,4836
0.245698933,4835
0.245793236,4834
0.245807571,4833
0.245812684,4832
0.245816952,4831
0.245834757,4830
0.245851089,4829
0.245855715,4828
0.245872785,4827
0.245903579,4826
0.24591218,4825
0.2459192,4824
0.245925737,4823
0.245935373,4822
0.245944402,4821
0.245947921,4820
0.245951258,4819
0.245958574,4818
0.245963673,4817
0.245977082,4816
0.246424783,4815
0.246437336,4814
0.246449854,4813
0.246473887,4812
0.246481693,4811
0.246539983,4810
0.246549178,4809
0.246576132,4808
0.24658328,4807
0.246598129,4806
0.246601491,4805
0.246607009,4804
0.24661544,4803
0.246618611,4802
0.246623706,4801
0.246664499,4800
0.246671269,4799
0.246677251,4798
0.246688234,4797
0.246691285,4796
0.246704866,4795
0.246714545,4794
0.246734056,4793
0.246740819,4792
0.247098574,4791
0.247117135,4790
0.247151582,4789
0.247159201,4788
0.247165908,4787
0.247229474,4786
0.247233433,4785
0.247271927,4784
0.247291169,4783
0.247295095,4782
0.247301922,4781
0.247346514,4780
0.247350542,4779
0.247359185,4778
0.247400009,4777
0.247438736,4776
0.24744802,4775
0.247453018,4774
0.247461122,4773
0.247670292,4772
0.260785715,4771
0.260807478,4770
0.260854272,4769
0.260901267,4768
0.260906603,4767
0.260928746,4766
0.260932801,4765
0.260936199,4764
0.260939077,4763
0.260946698,4762
0.260956946,4761
0.260984574,4760
0.261074513,4759
0.261093674,4758
0.261115903,4757
0.261121351,4756
0.26112948,4755
0.261323956,4754
0.261335859,4753
0.261452627,4752
0.261465707,4751
0.261771673,4750
0.261811832,4749
0.261940727,4748
0.261988912,4747
0.262265779,4746
0.442776193,4745
0.488469164,4744
0.506906732,4743
0.523310715,4742
0.535255141,4741
0.5642238,4740
0.583686099,4739
0.611337906,4738
0.645337447,4737
0.673066457,4736
0.689067442,4735
0.720552868,4734
0.82045207,4733
0.828589474,4732
0.968627127,4731
1.000023861,4730
1.022742926,4729
1.042736937,4728
1.097734657,4727
1.111801387,4726
1.122003523,4725
1.132712354,4724
1.14100322,4723
1.155879397,4722
1.198271133,4721
1.218269467,4720
1.228684173,4719
1.243260428,4718
1.265549797,4717
1.414012195,4716
1.427097805,4715
1.441532972,4714
1.473041808,4713
1.493526976,4712
1.519253293,4711
1.586078017,4710
1.648200473,4709
1.662250824,4708
1.689652933,4707
1.696564137,4706
1.707977888,4705
1.726202334,4704
1.748071133,4703
1.781286027,4702
1.795143085,4701
1.819840095,4700
1.82953112,4699
1.874736881,4698
1.901289121,4697
1.909846776,4696
1.926645036,4695
1.941188962,4694
1.953841537,4693
2.001950109,4692
2.015245539,4691
2.025072222,4690
2.032714108,4689
2.058514389,4688
2.082044005,4687
2.101628969,4686
2.108723003,4685
2.116569186,4684
2.125617706,4683
2.156122799,4682
2.172430073,4681
2.190655684,4680
2.210346696,4679
2.21902831,4678
2.231418771,4677
2.242063613,4676
2.248477966,4675
2.260320565,4674
2.273510267,4673
2.287988962,4672
2.303508751,4671
2.316674246,4670
2.327210606,4669
2.343545965,4668
2.35105762,4667
2.378063474,4666
2.398840426,4665
2.406176482,4664
2.417323448,4663
2.425543072,4662
2.442508472,4661
2.462989313,4660
2.511352701,4659
2.520476111,4658
2.528737727,4657
2.574851125,4656
2.616719982,4655
2.640272836,4654
2.675571556,4653
2.689296317,4652
2.702317834,4651
2.728667747,4650
2.740991359,4649
2.786673207,4648
2.815018665,4647
2.895023809,4646
2.913746936,4645
2.929226341,4644
2.957940217,4643
3.024036296,4642
3.05266965,4641
3.063788339,4640
3.083741914,4639
3.129581706,4638
3.17653014,4637
3.192844849,4636
3.234744901,4635
3.343275827,4634
3.36350141,4633
3.38646657,4632
3.460437544,4631
3.468942841,4630
3.502054274,4629
3.510963911,4628
3.544862949,4627
3.683922095,4626
3.811841805,4625
3.856850176,4624
3.866654515,4623
3.932379917,4622
3.955134901,4621
3.979275631,4620
3.993413527,4619
4.015794686,4618
4.400643224,4617
4.572470258,4616
4.764083997,4615
4.803348963,4614
4.921055172,4613
