0.331703026,6823
0.331773026,6822
0.33180568,6821
0.331834369,6820
0.331883628,6819
0.33189883,6818
0.33191364,6817
0.331919489,6816
0.331925455,6815
0.331931538,6814
0.331937822,6813
0.331943442,6812
0.331949257,6811
0.331956331,6810
0.331963281,6809
0.331970781,6808
0.331978115,6807
0.332662414,6806
0.332672011,6805
0.332680707,6804
0.332688805,6803
0.332696717,6802
0.332705352,6801
0.332724684,6800
0.332733001,6799
0.33274255,6798
0.332749071,6797
0.332755836,6796
0.332763475,6795
0.332770331,6794
0.332777111,6793
0.332783822,6792
0.332794209,6791
0.33280102,6790
0.33280838,6789
0.33281519,6788
0.332822212,6787
0.332829062,6786
0.332836413,6785
0.332845917,6784
0.33285302,6783
0.332859712,6782
0.33286688,6781
0.332891141,6780
0.33293737,6779
0.332945502,6778
0.332953299,6777
0.332960207,6776
0.332966845,6775
0.333021377,6774
0.333038873,6773
0.333054524,6772
0.333068285,6771
0.333075964,6770
0.333083877,6769
0.333098096,6768
0.333111468,6767
0.33312486,6766
0.333137855,6765
0.333145064,6764
0.333157373,6763
0.333170042,6762
0.333185973,6761
0.33319265,6760
0.33320571,6759
0.333212734,6758
0.333224851,6757
0.333231885,6756
0.333238712,6755
0.333251279,6754
0.333266171,6753
0.333275353,6752
0.333281872,6751
0.333288785,6750
0.333301824,6749
0.333315583,6748
0.333322577,6747
0.333335675,6746
0.333343061,6745
0.333375978,6744
0.333403909,6743
0.333658141,6742
0.333929436,6741
0.333938393,6740
0.333945722,6739
0.333962455,6738
0.3339819,6737
0.333993467,6736
0.334123303,6735
0.334137192,6734
0.334147183,6733
0.334347962,6732
0.334362809,6731
0.334396789,6730
0.334403914,6729
0.334862678,6728
0.334873383,6727
0.334899299,6726
0.334905279,6725
0.334911504,6724
0.334926847,6723
0.33494054,6722
0.334948549,6721
0.334955583,6720
0.334961949,6719
0.334968782,6718
0.334975127,6717
0.334980927,6716
0.334987259,6715
0.334993881,6714
0.334999993,6713
0.335008269,6712
0.335013796,6711
0.335018145,6710
0.335022296,6709
0.335028186,6708
0.335033079,6707
0.335038349,6706
0.335045063,6705
0.335049925,6704
0.335055066,6703
0.33507488,6702
0.33508337,6701
0.335092668,6700
0.335097739,6699
0.33510287,6698
0.335109407,6697
0.335114969,6696
0.335122367,6695
0.335128781,6694
0.33513728,6693
0.335151487,6692
0.335186527,6691
0.335192678,6690
0.335196803,6689
0.335202253,6688
0.335209035,6687
0.335230346,6686
0.335242469,6685
0.335260145,6684
0.33531141,6683
0.335352085,6682
0.335367645,6681
0.335381212,6680
0.335391122,6679
0.335399164,6678
0.335478549,6677
0.335484984,6676
0.335490024,6675
0.335495218,6674
0.335500292,6673
0.335504922,6672
0.33550953,6671
0.335515573,6670
0.335520844,6669
0.335527133,6668
0.335532127,6667
0.335536865,6666
0.335541759,6665
0.335546869,6664
0.335551372,6663
0.335555931,6662
0.335561552,6661
0.335566349,6660
0.335571005,6659
0.335576575,6658
0.335589896,6657
0.335593996,6656
0.335597829,6655
0.335602159,6654
0.335606055,6653
0.33561009,6652
0.335616707,6651
0.335621965,6650
0.335626824,6649
0.335632031,6648
0.335636792,6647
0.335641484,6646
0.335645845,6645
0.335650636,6644
0.335662041,6643
0.335699433,6642
0.336602978,6641
0.336611256,6640
0.336625313,6639
0.336629849,6638
0.3366341,6637
0.336638187,6636
0.336644268,6635
0.336648424,6634
0.336654746,6633
0.336661604,6632
0.336679368,6631
0.336687945,6630
0.336731711,6629
0.336767414,6628
0.33677279,6627
0.336807474,6626
0.336814703,6625
0.336819958,6624
0.336825121,6623
0.336830203,6622
0.336835804,6621
0.336840807,6620
0.336846569,6619
0.336851435,6618
0.336856714,6617
0.336860678,6616
0.336865101,6615
0.336871203,6614
0.336877201,6613
0.336884001,6612
0.336890861,6611
0.33689777,6610
0.336905036,6609
0.336912178,6608
0.336947728,6607
0.336984418,6606
0.336992797,6605
0.336999051,6604
0.337005157,6603
0.337011176,6602
0.337017635,6601
0.337025967,6600
0.337056506,6599
0.337068811,6598
0.337104752,6597
0.337112978,6596
0.337169485,6595
0.337174847,6594
0.337179755,6593
0.337185009,6592
0.337190165,6591
0.337215336,6590
0.337220219,6589
0.337224674,6588
0.337228757,6587
0.337233235,6586
0.337242416,6585
0.337248506,6584
0.337259475,6583
0.337266027,6582
0.337276652,6581
0.33728539,6580
0.337293077,6579
0.337297909,6578
0.337302625,6577
0.337308188,6576
0.337324728,6575
0.338550364,6574
0.338604149,6573
0.338611381,6572
0.338616695,6571
0.338621102,6570
0.338626153,6569
0.338630677,6568
0.338643648,6567
0.338650203,6566
0.338655543,6565
0.338662097,6564
0.338666407,6563
0.338670847,6562
0.338677426,6561
0.338682552,6560
0.338687592,6559
0.338692609,6558
0.33869742,6557
0.338703084,6556
0.338708007,6555
0.33871224,6554
0.338716759,6553
0.3387212,6552
0.338725518,6551
0.338730283,6550
0.338735848,6549
0.338772943,6548
0.338778009,6547
0.338782889,6546
0.338788227,6545
0.338793468,6544
0.338798693,6543
0.338803194,6542
0.338807921,6541
0.33881262,6540
0.341113095,6539
0.341137696,6538
0.341141575,6537
0.341147864,6536
0.341151818,6535
0.341155797,6534
0.341159551,6533
0.341168655,6532
0.341174262,6531
0.341179452,6530
0.341184667,6529
0.341191171,6528
0.341196255,6527
0.341200626,6526
0.341205129,6525
0.341209823,6524
0.341214783,6523
0.341219804,6522
0.341224357,6521
0.341228797,6520
0.341235141,6519
0.341242631,6518
0.341246887,6517
0.341251125,6516
0.341255555,6515
0.341260291,6514
0.34126526,6513
0.341270741,6512
0.341275418,6511
0.341280018,6510
0.341284708,6509
0.341289361,6508
0.341293531,6507
0.341298132,6506
0.341302811,6505
0.341308069,6504
0.341312477,6503
0.341317391,6502
0.341321969,6501
0.3413263,6500
0.34133093,6499
0.34133518,6498
0.341339382,6497
0.341344507,6496
0.341348814,6495
0.341353996,6494
0.341358661,6493
0.34136282,6492
0.341367306,6491
0.341373063,6490
0.341377291,6489
0.341381581,6488
0.341386071,6487
0.341390651,6486
0.341394953,6485
0.341399088,6484
0.341403511,6483
0.341407746,6482
0.341412103,6481
0.341416432,6480
0.341420652,6479
0.341425196,6478
0.341430163,6477
0.341458195,6476
0.341531197,6475
0.341597555,6474
0.341601664,6473
0.341605714,6472
0.3416096,6471
0.341628301,6470
0.341632869,6469
0.341636829,6468
0.341640151,6467
0.341643838,6466
0.341647585,6465
0.341651263,6464
0.341654685,6463
0.341658283,6462
0.341661769,6461
0.3416654,6460
0.341668722,6459
0.341672552,6458
0.341676333,6457
0.341680024,6456
0.341683477,6455
0.341689885,6454
0.34169355,6453
0.34169785,6452
0.341702004,6451
0.341706385,6450
0.341710759,6449
0.341715218,6448
0.341724027,6447
0.342658677,6446
0.342665916,6445
0.342674922,6444
0.342680316,6443
0.342690109,6442
0.34269449,6441
0.343143192,6440
0.343150784,6439
0.343155568,6438
0.343160443,6437
0.343164564,6436
0.343168919,6435
0.343173131,6434
0.343181414,6433
0.343186026,6432
0.343191579,6431
0.343195862,6430
0.343199739,6429
0.343204687,6428
0.343208515,6427
0.343212272,6426
0.34321575,6425
0.34321931,6424
0.343223127,6423
0.343226863,6422
0.343239653,6421
0.343248077,6420
0.343252211,6419
0.343297565,6418
0.343303456,6417
0.343312064,6416
0.343316009,6415
0.343321174,6414
0.343354768,6413
0.343359823,6412
0.343364506,6411
0.343368289,6410
0.343372411,6409
0.343376355,6408
0.343380584,6407
0.343384744,6406
0.34338832,6405
0.343392017,6404
0.343395952,6403
0.343400018,6402
0.343404059,6401
0.343408,6400
0.343411858,6399
0.343415686,6398
0.343419352,6397
0.343423345,6396
0.343427023,6395
0.34343218,6394
0.343435777,6393
0.343439412,6392
0.343445327,6391
0.343449002,6390
0.343452453,6389
0.343459681,6388
0.343463974,6387
0.343468125,6386
0.343478703,6385
0.3434861,6384
0.343491362,6383
0.343496654,6382
0.343501857,6381
0.343505972,6380
0.343510142,6379
0.343514644,6378
0.343612494,6377
0.343618179,6376
0.343654635,6375
0.343659215,6374
0.343695715,6373
0.343730457,6372
0.344126084,6371
0.344136021,6370
0.344176189,6369
0.34417999,6368
0.344184845,6367
0.344189981,6366
0.344196773,6365
0.344201742,6364
0.344208565,6363
0.344225104,6362
0.344228551,6361
0.344231851,6360
0.344234991,6359
0.344698971,6358
0.344706877,6357
0.344712061,6356
0.3447156,6355
0.344727208,6354
0.344731846,6353
0.344734791,6352
0.344737727,6351
0.34474078,6350
0.344745414,6349
0.344750214,6348
0.344754561,6347
0.344758884,6346
0.344763789,6345
0.344768484,6344
0.344802902,6343
0.344808021,6342
0.344821799,6341
0.344827973,6340
0.344833112,6339
0.344838212,6338
0.3448453,6337
0.344850529,6336
0.344857395,6335
0.344863166,6334
0.344869619,6333
0.344894683,6332
0.344907169,6331
0.344919959,6330
0.344926104,6329
0.344932367,6328
0.344938788,6327
0.344952434,6326
0.344962889,6325
0.344967331,6324
0.344973132,6323
0.344977411,6322
0.344981861,6321
0.3449866,6320
0.344991455,6319
0.344996006,6318
0.345000245,6317
0.34500435,6316
0.345009107,6315
0.345019335,6314
0.345032711,6313
0.345038864,6312
0.34504714,6311
0.345052086,6310
0.345057464,6309
0.345061683,6308
0.345068469,6307
0.345073698,6306
0.34508247,6305
0.345087575,6304
0.345091649,6303
0.345095662,6302
0.345099874,6301
0.345103314,6300
0.345106612,6299
0.345111925,6298
0.345116382,6297
0.345120407,6296
0.345123472,6295
0.345126407,6294
0.345129253,6293
0.34513229,6292
0.345135478,6291
0.345138877,6290
0.345142912,6289
0.345149605,6288
0.345154435,6287
0.345160876,6286
0.345164985,6285
0.345169477,6284
0.345173708,6283
0.345179564,6282
0.345184205,6281
0.345188682,6280
0.345194871,6279
0.34520079,6278
0.3452057,6277
0.345210184,6276
0.345214421,6275
0.3452186,6274
0.34522416,6273
0.345229416,6272
0.345233901,6271
0.34523869,6270
0.345243468,6269
0.345249689,6268
0.345253829,6267
0.345260109,6266
0.345265148,6265
0.345271093,6264
0.34527535,6263
0.345283859,6262
0.345289033,6261
0.345293925,6260
0.345298824,6259
0.345304522,6258
0.345309369,6257
0.345313487,6256
0.345317992,6255
0.34532229,6254
0.345327343,6253
0.345331672,6252
0.345338483,6251
0.345341851,6250
0.345345152,6249
0.345349602,6248
0.345352674,6247
0.345355864,6246
0.345359167,6245
0.345363221,6244
0.345366269,6243
0.345369519,6242
0.345373876,6241
0.345377062,6240
0.345380268,6239
0.345386571,6238
0.345390115,6237
0.345395306,6236
0.345400207,6235
0.345403432,6234
0.345406582,6233
0.34540989,6232
0.345413365,6231
0.345418864,6230
0.345423643,6229
0.34542833,6228
0.345433126,6227
0.345436661,6226
0.345440127,6225
0.345443501,6224
0.345447611,6223
0.345450721,6222
0.345455527,6221
0.345458671,6220
0.345463029,6219
0.345466533,6218
0.345470222,6217
0.345473355,6216
0.345476526,6215
0.34548091,6214
0.345485113,6213
0.345488554,6212
0.345492053,6211
0.345498904,6210
0.345505361,6209
0.345509774,6208
0.345514178,6207
0.34552299,6206
0.345526985,6205
0.345531488,6204
0.345534866,6203
0.345538935,6202
0.345543131,6201
0.345549496,6200
0.345554119,6199
0.345568264,6198
0.345575288,6197
0.345588142,6196
0.345593143,6195
0.345602673,6194
0.345607279,6193
0.345619035,6192
0.345624598,6191
0.345628769,6190
0.345633247,6189
0.345639907,6188
0.345644319,6187
0.345650875,6186
0.345655259,6185
0.34566258,6184
0.345667002,6183
0.345671798,6182
0.345676152,6181
0.345683882,6180
0.345688436,6179
0.345692297,6178
0.345696388,6177
0.345700419,6176
0.345704987,6175
0.34573976,6174
0.345744577,6173
0.345749934,6172
0.345755461,6171
0.345761831,6170
0.345766727,6169
0.345786038,6168
0.345793847,6167
0.345798645,6166
0.34580704,6165
0.345815856,6164
0.345820129,6163
0.345827742,6162
0.345832737,6161
0.345840856,6160
0.345845453,6159
0.345850318,6158
0.345857135,6157
0.345865384,6156
0.345870178,6155
0.345877622,6154
0.345882406,6153
0.345886831,6152
0.345895561,6151
0.345901413,6150
0.345905389,6149
0.345909643,6148
0.345913184,6147
0.345917245,6146
0.345923514,6145
0.345927676,6144
0.345931923,6143
0.345935963,6142
0.345939862,6141
0.345943615,6140
0.345948051,6139
0.345951283,6138
0.345955532,6137
0.345961192,6136
0.34596514,6135
0.345969243,6134
0.34597365,6133
0.345979527,6132
0.345985172,6131
0.345989696,6130
0.345994578,6129
0.345999419,6128
0.346005321,6127
0.346010488,6126
0.346014253,6125
0.346019365,6124
0.34602622,6123
0.346032526,6122
0.346037771,6121
0.34604366,6120
0.346048525,6119
0.346053338,6118
0.346057736,6117
0.346097263,6116
0.346120848,6115
0.346133717,6114
0.346138541,6113
0.346151056,6112
0.346199555,6111
0.346218895,6110
0.3462236,6109
0.346227719,6108
0.346232474,6107
0.346236494,6106
0.346240411,6105
0.346243532,6104
0.346246852,6103
0.346250018,6102
0.346253143,6101
0.346256246,6100
0.346259367,6099
0.346264504,6098
0.346267706,6097
0.346270741,6096
0.346273676,6095
0.346276745,6094
0.346279935,6093
0.346283642,6092
0.346286522,6091
0.346291475,6090
0.346294318,6089
0.346299565,6088
0.346302777,6087
0.346307685,6086
0.346310855,6085
0.346316631,6084
0.346320308,6083
0.346681264,6082
0.346685895,6081
0.346691169,6080
0.346749069,6079
0.346754534,6078
0.346759743,6077
0.346765153,6076
0.346770219,6075
0.346900126,6074
0.346914065,6073
0.346926423,6072
0.34693447,6071
0.34694929,6070
0.34696375,6069
0.346976015,6068
0.346988893,6067
0.347007907,6066
0.347022922,6065
0.347044695,6064
0.34705686,6063
0.347063833,6062
0.347072288,6061
0.3470797,6060
0.347083938,6059
0.347087784,6058
0.347091049,6057
0.347095303,6056
0.347098957,6055
0.3471028,6054
0.347110978,6053
0.347115886,6052
0.34712127,6051
0.347124401,6050
0.347131604,6049
0.347136174,6048
0.347141664,6047
0.347147536,6046
0.347152392,6045
0.347159965,6044
0.347194871,6043
0.347200665,6042
0.347205335,6041
0.34721002,6040
0.347216757,6039
0.347221751,6038
0.347226896,6037
0.347231501,6036
0.347235767,6035
0.347241675,6034
0.347246116,6033
0.347251387,6032
0.347261619,6031
0.347299153,6030
0.347336229,6029
0.347371949,6028
0.347379229,6027
0.347383645,6026
0.347389077,6025
0.347424198,6024
0.3474286,6023
0.347433181,6022
0.34744107,6021
0.34747614,6020
0.347483943,6019
0.3474895,6018
0.347500112,6017
0.347507381,6016
0.347513496,6015
0.347517985,6014
0.347522143,6013
0.347525947,6012
0.347530114,6011
0.347534618,6010
0.347539032,6009
0.347543368,6008
0.347547071,6007
0.347552048,6006
0.347557228,6005
0.347562297,6004
0.347599383,6003
0.347605134,6002
0.347611318,6001
0.347645637,6000
0.34765028,5999
0.347654998,5998
0.347660279,5997
0.347669014,5996
0.347673873,5995
0.347680829,5994
0.347763267,5993
0.347768749,5992
0.347773788,5991
0.347779215,5990
0.347784435,5989
0.347827734,5988
0.34783303,5987
0.347837752,5986
0.347842272,5985
0.347846633,5984
0.347850594,5983
0.34787599,5982
0.347880769,5981
0.347893668,5980
0.347897785,5979
0.347905831,5978
0.34791015,5977
0.34791483,5976
0.34791916,5975
0.347923381,5974
0.347927563,5973
0.347931629,5972
0.347935629,5971
0.347939328,5970
0.347943729,5969
0.347950903,5968
0.347956329,5967
0.347960709,5966
0.347965614,5965
0.347973451,5964
0.347978002,5963
0.347982236,5962
0.347987485,5961
0.347991547,5960
0.34799556,5959
0.347999752,5958
0.348004022,5957
0.348038043,5956
0.348111467,5955
0.348126392,5954
0.348134044,5953
0.348141532,5952
0.348145327,5951
0.348150687,5950
0.348164697,5949
0.34816937,5948
0.34817514,5947
0.348183369,5946
0.34818983,5945
0.348195737,5944
0.34820264,5943
0.348207391,5942
0.348211554,5941
0.348216172,5940
0.348229535,5939
0.348235097,5938
0.348240135,5937
0.348270043,5936
0.348308104,5935
0.34831761,5934
0.348325196,5933
0.348357568,5932
0.348361717,5931
0.3483658,5930
0.348371177,5929
0.348374963,5928
0.348383168,5927
0.348387457,5926
0.348391352,5925
0.348397032,5924
0.348432885,5923
0.348437634,5922
0.348445095,5921
0.348449444,5920
0.348455689,5919
0.348472526,5918
0.348480227,5917
0.348525562,5916
0.348530917,5915
0.348537612,5914
0.348542153,5913
0.348546447,5912
0.348552637,5911
0.348557159,5910
0.348565766,5909
0.348607163,5908
0.348614,5907
0.348618433,5906
0.348622629,5905
0.348626882,5904
0.348632584,5903
0.348638628,5902
0.348642874,5901
0.348647103,5900
0.348651266,5899
0.348655426,5898
0.348659938,5897
0.348665914,5896
0.348670674,5895
0.348674469,5894
0.348684384,5893
0.34868898,5892
0.348692722,5891
0.348700549,5890
0.348704756,5889
0.3487088,5888
0.348712771,5887
0.348716973,5886
0.348721001,5885
0.348725718,5884
0.348731201,5883
0.348745898,5882
0.348772859,5881
0.348777124,5880
0.3487815,5879
0.348786528,5878
0.348791342,5877
0.348795217,5876
0.34879993,5875
0.348805454,5874
0.348815896,5873
0.348822201,5872
0.348826809,5871
0.348831294,5870
0.348839764,5869
0.348845861,5868
0.348849825,5867
0.348855764,5866
0.34886004,5865
0.348866392,5864
0.348870584,5863
0.348874524,5862
0.348880412,5861
0.348884407,5860
0.348888949,5859
0.348893067,5858
0.348898142,5857
0.348901619,5856
0.348906646,5855
0.348910184,5854
0.348913699,5853
0.348917331,5852
0.348921946,5851
0.348925869,5850
0.348930015,5849
0.348937696,5848
0.348942248,5847
0.348947128,5846
0.348951215,5845
0.348966633,5844
0.34897134,5843
0.348976072,5842
0.348980768,5841
0.348984944,5840
0.348995101,5839
0.348998747,5838
0.349003139,5837
0.349008445,5836
0.349016543,5835
0.349037836,5834
0.349044636,5833
0.349053217,5832
0.349064865,5831
0.349092891,5830
0.349097976,5829
0.349102804,5828
0.349108892,5827
0.349113267,5826
0.34912292,5825
0.34912824,5824
0.349132016,5823
0.349136532,5822
0.349140459,5821
0.349144546,5820
0.349148562,5819
0.349152292,5818
0.349156337,5817
0.349162561,5816
0.349166533,5815
0.349173032,5814
0.349188465,5813
0.349193235,5812
0.349199729,5811
0.349208463,5810
0.349213737,5809
0.349229837,5808
0.349234303,5807
0.349241629,5806
0.349245964,5805
0.349260562,5804
0.350069421,5803
0.35008179,5802
0.35009312,5801
0.350128267,5800
0.350161903,5799
0.350166926,5798
0.350171115,5797
0.350176209,5796
0.350214206,5795
0.350219437,5794
0.350223607,5793
0.350228124,5792
0.350233113,5791
0.350268313,5790
0.350282455,5789
0.350314864,5788
0.350319483,5787
0.350324199,5786
0.350329096,5785
0.350333671,5784
0.350339683,5783
0.350345401,5782
0.35036304,5781
0.350379597,5780
0.350414347,5779
0.350419508,5778
0.350425378,5777
0.35043294,5776
0.350438306,5775
0.350471283,5774
0.350475825,5773
0.350480149,5772
0.350484478,5771
0.35048868,5770
0.350496057,5769
0.350506581,5768
0.350514651,5767
0.350519832,5766
0.350524749,5765
0.350529666,5764
0.350536106,5763
0.350540348,5762
0.350544634,5761
0.350550184,5760
0.350556965,5759
0.350560764,5758
0.350564599,5757
0.350571762,5756
0.350575007,5755
0.350578214,5754
0.350581774,5753
0.350586171,5752
0.350643749,5751
0.350667331,5750
0.350674915,5749
0.350690736,5748
0.350702345,5747
0.350706598,5746
0.350718694,5745
0.350722964,5744
0.350726575,5743
0.350730621,5742
0.350741963,5741
0.350747081,5740
0.350751025,5739
0.350758756,5738
0.350763868,5737
0.350775395,5736
0.350779119,5735
0.350782399,5734
0.350787877,5733
0.350791759,5732
0.350795462,5731
0.350798866,5730
0.350805102,5729
0.35082101,5728
0.350827275,5727
0.350831481,5726
0.350836267,5725
0.350840673,5724
0.350885168,5723
0.350890394,5722
0.350895397,5721
0.350902442,5720
0.350908623,5719
0.350912772,5718
0.35091712,5717
0.350923053,5716
0.350937773,5715
0.35094345,5714
0.350959529,5713
0.350992137,5712
0.350997858,5711
0.351004596,5710
0.351009306,5709
0.351014382,5708
0.351026063,5707
0.35103041,5706
0.351037335,5705
0.351066118,5704
0.351072278,5703
0.351091389,5702
0.351099126,5701
0.351104145,5700
0.351112579,5699
0.351117366,5698
0.351122846,5697
0.351132526,5696
0.351178488,5695
0.351185969,5694
0.351193107,5693
0.351203219,5692
0.351208664,5691
0.351219087,5690
0.351224685,5689
0.351229972,5688
0.351235402,5687
0.351247225,5686
0.351253083,5685
0.351258965,5684
0.351268019,5683
0.351277953,5682
0.351289327,5681
0.3512948,5680
0.351304792,5679
0.351310352,5678
0.351315366,5677
0.351356452,5676
0.351362856,5675
0.351370924,5674
0.351375554,5673
0.35137994,5672
0.35138694,5671
0.351391104,5670
0.351396185,5669
0.351400888,5668
0.351405276,5667
0.351410349,5666
0.351417302,5665
0.351422102,5664
0.351429798,5663
0.35143675,5662
0.351442118,5661
0.35144652,5660
0.351451252,5659
0.351457729,5658
0.351469221,5657
0.351474003,5656
0.351484254,5655
0.351492922,5654
0.351500117,5653
0.351504648,5652
0.351509383,5651
0.351570385,5650
0.351575765,5649
0.351644636,5648
0.351649243,5647
0.35165573,5646
0.351661714,5645
0.351666361,5644
0.35167264,5643
0.351679812,5642
0.3516845,5641
0.351691173,5640
0.351697452,5639
0.351703091,5638
0.351709284,5637
0.351713705,5636
0.35172072,5635
0.351723858,5634
0.351733609,5633
0.351736773,5632
0.351745767,5631
0.351749103,5630
0.351752024,5629
0.351758369,5628
0.351762486,5627
0.351766843,5626
0.351772326,5625
0.351775019,5624
0.351781229,5623
0.351784771,5622
0.351788376,5621
0.351793498,5620
0.351799087,5619
0.351802477,5618
0.351808713,5617
0.351812769,5616
0.351817089,5615
0.351820699,5614
0.351827144,5613
0.351832564,5612
0.351841184,5611
0.351848236,5610
0.351851372,5609
0.351856696,5608
0.351868548,5607
0.3518745,5606
0.351878892,5605
0.351884665,5604
0.35188813,5603
0.351893172,5602
0.351897336,5601
0.351905229,5600
0.351941191,5599
0.351946119,5598
0.351952043,5597
0.351958009,5596
0.351966329,5595
0.352012109,5594
0.352016529,5593
0.352020944,5592
0.352025267,5591
0.352075059,5590
0.352118895,5589
0.352132731,5588
0.352137174,5587
0.352141528,5586
0.352146862,5585
0.352152382,5584
0.352159886,5583
0.352193827,5582
0.352211337,5581
0.352218897,5580
0.352230131,5579
0.352234031,5578
0.35223936,5577
0.352244894,5576
0.352249039,5575
0.352264486,5574
0.352270291,5573
0.352278361,5572
0.352282305,5571
0.352287634,5570
0.352292643,5569
0.352298372,5568
0.352302397,5567
0.35230837,5566
0.35231755,5565
0.3523246,5564
0.352330012,5563
0.352666478,5562
0.352669969,5561
0.352684104,5560
0.352689725,5559
0.352695857,5558
0.352718402,5557
0.352736651,5556
0.352740381,5555
0.352745031,5554
0.352750781,5553
0.352754825,5552
0.352758475,5551
0.352762175,5550
0.352768261,5549
0.352771543,5548
0.352776635,5547
0.352786103,5546
0.352790058,5545
0.352794814,5544
0.352803047,5543
0.352811214,5542
0.352814259,5541
0.352824571,5540
0.352831598,5539
0.352835509,5538
0.352842602,5537
0.352846603,5536
0.352851146,5535
0.352859952,5534
0.352864246,5533
0.352908662,5532
0.352915773,5531
0.352925181,5530
0.352935526,5529
0.352938882,5528
0.352947947,5527
0.352962327,5526
0.352970001,5525
0.352983953,5524
0.352988457,5523
0.352992682,5522
0.352999135,5521
0.353002284,5520
0.353006403,5519
0.353014072,5518
0.353017154,5517
0.353021307,5516
0.353026061,5515
0.353029728,5514
0.353033506,5513
0.353036644,5512
0.353039968,5511
0.353042945,5510
0.353046047,5509
0.353049232,5508
0.353053601,5507
0.353056993,5506
0.353060412,5505
0.353068873,5504
0.353073131,5503
0.353076683,5502
0.353080912,5501
0.353084264,5500
0.353088699,5499
0.353101948,5498
0.353110144,5497
0.353117462,5496
0.353124731,5495
0.353129491,5494
0.353131884,5493
0.353134817,5492
0.353138231,5491
0.353142553,5490
0.353146673,5489
0.353150411,5488
0.353153109,5487
0.353155713,5486
0.353158294,5485
0.353160897,5484
0.353163563,5483
0.353174081,5482
0.353187308,5481
0.353191311,5480
0.353195456,5479
0.353201063,5478
0.353205991,5477
0.353216938,5476
0.35321968,5475
0.353223307,5474
0.353235305,5473
0.353240127,5472
0.353275814,5471
0.353279442,5470
0.353318528,5469
0.353323776,5468
0.353332424,5467
0.353336262,5466
0.353342424,5465
0.353347114,5464
0.353353754,5463
0.353385059,5462
0.353390245,5461
0.35339916,5460
0.353405632,5459
0.353417909,5458
0.353425752,5457
0.353430343,5456
0.35343739,5455
0.353445998,5454
0.353450421,5453
0.353459757,5452
0.353471877,5451
0.353481436,5450
0.353486234,5449
0.353493496,5448
0.353502035,5447
0.353506626,5446
0.353511262,5445
0.353520516,5444
0.353525491,5443
0.353531905,5442
0.353536729,5441
0.353586986,5440
0.353625346,5439
0.353630766,5438
0.353634757,5437
0.353639566,5436
0.353647184,5435
0.353654148,5434
0.353690863,5433
0.353701799,5432
0.353705504,5431
0.353708877,5430
0.353714491,5429
0.353717961,5428
0.353722266,5427
0.353725246,5426
0.35373121,5425
0.353735036,5424
0.35373889,5423
0.35374284,5422
0.353747154,5421
0.353751136,5420
0.353755009,5419
0.353759565,5418
0.353764612,5417
0.353768682,5416
0.353772618,5415
0.353781593,5414
0.353791689,5413
0.353795291,5412
0.353799706,5411
0.353815679,5410
0.353821302,5409
0.353830732,5408
0.353835762,5407
0.353841909,5406
0.353845625,5405
0.353849401,5404
0.353856845,5403
0.353862141,5402
0.353869586,5401
0.353875059,5400
0.353880031,5399
0.353884031,5398
0.35388855,5397
0.353893678,5396
0.353898193,5395
0.353902272,5394
0.353914504,5393
0.353917854,5392
0.353924433,5391
0.353928357,5390
0.353931294,5389
0.353934305,5388
0.353937342,5387
0.353940313,5386
0.35394337,5385
0.353946409,5384
0.3539512,5383
0.353957649,5382
0.353962286,5381
0.353968901,5380
0.353980574,5379
0.353985702,5378
0.353989541,5377
0.353998617,5376
0.354003857,5375
0.354007649,5374
0.354015342,5373
0.354460777,5372
0.354464186,5371
0.354479663,5370
0.354499772,5369
0.354505865,5368
0.354512816,5367
0.3545158,5366
0.354519178,5365
0.354527868,5364
0.354531969,5363
0.354542288,5362
0.35455383,5361
0.354557985,5360
0.354567252,5359
0.354571295,5358
0.35457522,5357
0.354581902,5356
0.354585604,5355
0.354593347,5354
0.354599695,5353
0.354603025,5352
0.35460586,5351
0.354609507,5350
0.354619826,5349
0.354629451,5348
0.354633819,5347
0.354637396,5346
0.35464747,5345
0.354654109,5344
0.354657265,5343
0.354661029,5342
0.354664019,5341
0.354666991,5340
0.354672084,5339
0.354675948,5338
0.354678825,5337
0.354681662,5336
0.354684359,5335
0.354688682,5334
0.3546917,5333
0.354695382,5332
0.354700724,5331
0.354704173,5330
0.354709459,5329
0.354728158,5328
0.354730849,5327
0.354734048,5326
0.354739341,5325
0.354745101,5324
0.354749027,5323
0.354751947,5322
0.354755424,5321
0.354761526,5320
0.35478211,5319
0.354788053,5318
0.354791928,5317
0.354795427,5316
0.35480191,5315
0.354806059,5314
0.354815152,5313
0.354818775,5312
0.354822284,5311
0.354831202,5310
0.354836078,5309
0.354850959,5308
0.354856604,5307
0.354867561,5306
0.354912196,5305
0.354925496,5304
0.354979441,5303
0.35498368,5302
0.35500471,5301
0.355020381,5300
0.355023901,5299
0.355037885,5298
0.355045909,5297
0.355065198,5296
0.355068467,5295
0.355078668,5294
0.355081703,5293
0.355091102,5292
0.355100021,5291
0.355110746,5290
0.355119488,5289
0.355123656,5288
0.355126803,5287
0.35512955,5286
0.355132437,5285
0.355137421,5284
0.355142003,5283
0.355144566,5282
0.35514725,5281
0.355151608,5280
0.355158066,5279
0.355162562,5278
0.355170016,5277
0.35519451,5276
0.355203775,5275
0.355210257,5274
0.355224126,5273
0.355227058,5272
0.35523258,5271
0.35523634,5270
0.355239796,5269
0.355247591,5268
0.355260923,5267
0.355264263,5266
0.355269027,5265
0.355273872,5264
0.355278181,5263
0.355285413,5262
0.355292825,5261
0.355305867,5260
0.355312503,5259
0.355356006,5258
0.355363012,5257
0.355368822,5256
0.355374787,5255
0.355380755,5254
0.355387648,5253
0.355390788,5252
0.355394209,5251
0.355400939,5250
0.355408349,5249
0.355415449,5248
0.355418874,5247
0.355425265,5246
0.355441744,5245
0.355445546,5244
0.355449324,5243
0.355466298,5242
0.355479728,5241
0.35548523,5240
0.355497727,5239
0.355501206,5238
0.355517103,5237
0.355522118,5236
0.355525244,5235
0.355530458,5234
0.355544091,5233
0.355549545,5232
0.355553683,5231
0.355560383,5230
0.355564031,5229
0.355567745,5228
0.355918636,5227
0.355923346,5226
0.355954779,5225
0.355967491,5224
0.355972901,5223
0.355977356,5222
0.355991806,5221
0.356001887,5220
0.35602424,5219
0.356033485,5218
0.356037008,5217
0.356044731,5216
0.356049773,5215
0.356056504,5214
0.356060736,5213
0.356064179,5212
0.356069088,5211
0.356092103,5210
0.356095544,5209
0.356098541,5208
0.356111414,5207
0.356122611,5206
0.356129914,5205
0.356140219,5204
0.356147742,5203
0.35615505,5202
0.356158696,5201
0.356177241,5200
0.356188519,5199
0.356194445,5198
0.356198709,5197
0.356201448,5196
0.356206555,5195
0.35621228,5194
0.356218413,5193
0.356223427,5192
0.356230712,5191
0.3562362,5190
0.356265807,5189
0.356270044,5188
0.356275326,5187
0.356278167,5186
0.356281272,5185
0.356289514,5184
0.356305616,5183
0.356350266,5182
0.356355412,5181
0.356360861,5180
0.356367921,5179
0.356377707,5178
0.356385156,5177
0.356391639,5176
0.356415355,5175
0.356428632,5174
0.356435484,5173
0.356452452,5172
0.356458273,5171
0.356502266,5170
0.356507346,5169
0.356534764,5168
0.356540627,5167
0.356547498,5166
0.356553505,5165
0.356557679,5164
0.356562326,5163
0.356567259,5162
0.356574292,5161
0.356578445,5160
0.356582192,5159
0.356587064,5158
0.356607939,5157
0.356611596,5156
0.356617206,5155
0.356654021,5154
0.356658963,5153
0.356665922,5152
0.356678973,5151
0.356685815,5150
0.356735424,5149
0.356758344,5148
0.356794925,5147
0.356845059,5146
0.356907966,5145
0.356929046,5144
0.356938126,5143
0.356951838,5142
0.357066084,5141
0.357073865,5140
0.357096822,5139
0.357100749,5138
0.357106353,5137
0.3571212,5136
0.357127107,5135
0.357130204,5134
0.357145425,5133
0.357153357,5132
0.357160208,5131
0.357166492,5130
0.357175306,5129
0.357185776,5128
0.357201203,5127
0.357205888,5126
0.357209493,5125
0.357216301,5124
0.35723936,5123
0.357247476,5122
0.357253616,5121
0.357261015,5120
0.357265746,5119
0.357286336,5118
0.357290975,5117
0.357300316,5116
0.357308109,5115
0.357312434,5114
0.357323141,5113
0.3573316,5112
0.357339785,5111
0.357346607,5110
0.357351791,5109
0.357355294,5108
0.35737237,5107
0.35737982,5106
0.357387366,5105
0.357397212,5104
0.35772201,5103
0.357725348,5102
0.357735326,5101
0.35773871,5100
0.357742898,5099
0.357746936,5098
0.357755291,5097
0.357762727,5096
0.357770149,5095
0.357830852,5094
0.357840348,5093
0.357844621,5092
0.357895411,5091
0.357904508,5090
0.357916135,5089
0.357920694,5088
0.357925005,5087
0.357931083,5086
0.357937917,5085
0.357942906,5084
0.357952487,5083
0.357956617,5082
0.357961255,5081
0.357970175,5080
0.358001622,5079
0.358010371,5078
0.358015516,5077
0.358018721,5076
0.358021968,5075
0.358030997,5074
0.358036241,5073
0.358042998,5072
0.35804788,5071
0.358057224,5070
0.358066359,5069
0.358076749,5068
0.358080772,5067
0.358103989,5066
0.358113208,5065
0.358118431,5064
0.358129162,5063
0.35813653,5062
0.358140235,5061
0.358150497,5060
0.358155198,5059
0.358163034,5058
0.35816843,5057
0.358174228,5056
0.358211323,5055
0.358215945,5054
0.358224371,5053
0.358233867,5052
0.358256133,5051
0.3582594,5050
0.358264699,5049
0.358268792,5048
0.358275178,5047
0.358280806,5046
0.358286123,5045
0.358294314,5044
0.358312023,5043
0.358318718,5042
0.358321942,5041
0.358325859,5040
0.358329702,5039
0.358334442,5038
0.358341511,5037
0.358351257,5036
0.358359197,5035
0.358365438,5034
0.358372966,5033
0.358376236,5032
0.358380395,5031
0.358387971,5030
0.358402043,5029
0.358405443,5028
0.358413301,5027
0.358441348,5026
0.358472709,5025
0.358500378,5024
0.358521051,5023
0.358596671,5022
0.358622376,5021
0.358635876,5020
0.358644343,5019
0.35865714,5018
0.358660386,5017
0.358673577,5016
0.358681709,5015
0.35868768,5014
0.358696992,5013
0.358702205,5012
0.358710688,5011
0.358714718,5010
0.358719688,5009
0.358728886,5008
0.358733488,5007
0.358744184,5006
0.358751195,5005
0.358760049,5004
0.358769001,5003
0.358777672,5002
0.35878657,5001
0.358791687,5000
0.358796928,4999
0.358803264,4998
0.358807461,4997
0.358814296,4996
0.358823902,4995
0.35882704,4994
0.358832643,4993
0.358837304,4992
0.358842273,4991
0.358850625,4990
0.358863908,4989
0.358873568,4988
0.358891313,4987
0.358895718,4986
0.35890009,4985
0.358904969,4984
0.359228794,4983
0.359232732,4982
0.359240178,4981
0.359259748,4980
0.359269882,4979
0.359274698,4978
0.359279591,4977
0.359289151,4976
0.359341073,4975
0.359347007,4974
0.359352003,4973
0.359358488,4972
0.359370007,4971
0.359390681,4970
0.359393844,4969
0.359413413,4968
0.359416573,4967
0.35941944,4966
0.359433465,4965
0.359438546,4964
0.359443475,4963
0.359447391,4962
0.359451078,4961
0.359454742,4960
0.359458133,4959
0.359484258,4958
0.35950957,4957
0.359548694,4956
0.359553251,4955
0.359556374,4954
0.359561283,4953
0.359565587,4952
0.359569597,4951
0.359576497,4950
0.359580876,4949
0.359586769,4948
0.359624969,4947
0.359649507,4946
0.35970475,4945
0.35972955,4944
0.359771521,4943
0.359787091,4942
0.35981435,4941
0.359828393,4940
0.359859166,4939
0.359863991,4938
0.359874472,4937
0.359914727,4936
0.359954777,4935
0.360000115,4934
0.360016394,4933
0.360022418,4932
0.360027636,4931
0.36006247,4930
0.360069323,4929
0.360077234,4928
0.360126758,4927
0.360132676,4926
0.360141235,4925
0.360155263,4924
0.360357519,4923
0.360368861,4922
0.360415075,4921
0.360418275,4920
0.360430147,4919
0.360435097,4918
0.360448401,4917
0.360453049,4916
0.360467655,4915
0.360482,4914
0.360487002,4913
0.360494701,4912
0.360501525,4911
0.360562014,4910
0.361104604,4909
0.361113924,4908
0.361138959,4907
0.361147204,4906
0.361189622,4905
0.36119634,4904
0.36120273,4903
0.361206858,4902
0.361230445,4901
0.361244457,4900
0.361272661,4899
0.361289871,4898
0.361302559,4897
0.361306853,4896
0.361324822,4895
0.361340913,4894
0.36134911,4893
0.361354863,4892
0.361379536,4891
0.36138724,4890
0.361392719,4889
0.361409578,4888
0.361416079,4887
0.361439774,4886
0.361461602,4885
0.361468023,4884
0.361478774,4883
0.361487779,4882
0.361501858,4881
0.361517843,4880
0.361538191,4879
0.361544602,4878
0.361562759,4877
0.361577691,4876
0.361600565,4875
0.361625814,4874
0.361669813,4873
0.361699384,4872
0.361726834,4871
0.361745288,4870
0.36174959,4869
0.361782413,4868
0.361805529,4867
0.361811985,4866
0.361817587,4865
0.361821842,4864
0.361841712,4863
0.361856236,4862
0.36187475,4861
0.361926036,4860
0.361956548,4859
0.361987278,4858
0.362465386,4857
0.362477632,4856
0.362483416,4855
0.362540801,4854
0.362555563,4853
0.362633706,4852
0.362643109,4851
0.362653844,4850
0.362665006,4849
0.362674336,4848
0.362686157,4847
0.362708682,4846
0.362732882,4845
0.362758392,4844
0.362804224,4843
0.362813249,4842
0.362817547,4841
0.362826964,4840
0.36283693,4839
0.362843691,4838
0.362851589,4837
0.362938537,4836
0.36294443,4835
0.362953367,4834
0.362960382,4833
0.362969652,4832
0.363032743,4831
0.363089112,4830
0.363096079,4829
0.363131766,4828
0.363175253,4827
0.363216221,4826
0.363251252,4825
0.363257124,4824
0.363268964,4823
0.363276536,4822
0.363283662,4821
0.363292696,4820
0.363317123,4819
0.36332932,4818
0.363340947,4817
0.363346981,4816
0.363555609,4815
0.363565904,4814
0.363584684,4813
0.363593946,4812
0.363603634,4811
0.363620372,4810
0.363656261,4809
0.363665406,4808
0.363688807,4807
0.363693603,4806
0.363723481,4805
0.363732197,4804
0.363737365,4803
0.363769963,4802
0.363811791,4801
0.363849837,4800
0.363862088,4799
0.363897906,4798
0.363905002,4797
0.363941513,4796
0.363998,4795
0.364015635,4794
0.364021725,4793
0.364078364,4792
0.36443226,4791
0.364536119,4790
0.364576363,4789
0.365027189,4788
0.365060892,4787
0.365065544,4786
0.365073201,4785
0.36508367,4784
0.365088381,4783
0.36510658,4782
0.36511165,4781
0.365123548,4780
0.365128328,4779
0.365137625,4778
0.365143519,4777
0.365198105,4776
0.365223,4775
0.365229607,4774
0.36523478,4773
0.365417034,4772
0.365459891,4771
0.365473787,4770
0.365483944,4769
0.365487757,4768
0.365499229,4767
0.36550591,4766
0.365518883,4765
0.365523104,4764
0.365544288,4763
0.365548895,4762
0.36555803,4761
0.365565148,4760
0.365897063,4759
0.365918972,4758
0.365931871,4757
0.365960909,4756
0.365985741,4755
0.366129109,4754
0.366184921,4753
0.366303078,4752
0.366307731,4751
0.366665765,4750
0.366717756,4749
0.366817347,4748
0.366866166,4747
0.367090461,4746
0.494198735,4745
0.521032725,4744
0.538456459,4743
0.552161479,4742
0.57444959,4741
0.617559371,4740
0.635171501,4739
0.655978756,4738
0.707234324,4737
0.72826314,4736
0.761503469,4735
0.783832103,4734
0.826460662,4733
0.838926871,4732
0.863581291,4731
0.907076299,4730
0.924019125,4729
0.947083219,4728
0.961014288,4727
0.969108084,4726
0.982055462,4725
0.995993018,4724
1.012044781,4723
1.02711483,4722
1.039626912,4721
1.053254975,4720
1.08935248,4719
1.116446363,4718
1.142223504,4717
1.189413655,4716
1.215090998,4715
1.227194252,4714
1.241736089,4713
1.253367433,4712
1.306388093,4711
1.340860172,4710
1.355569457,4709
1.372417572,4708
1.386304535,4707
1.393055484,4706
1.410323708,4705
1.429160175,4704
1.444235614,4703
1.464384873,4702
1.475137313,4701
1.490360102,4700
1.534854201,4699
1.562823389,4698
1.579837986,4697
1.640076449,4696
1.673860638,4695
1.701116144,4694
1.730044387,4693
1.769585969,4692
1.785486956,4691
1.810342105,4690
1.828468216,4689
1.862527669,4688
1.871307679,4687
1.88575112,4686
1.912519351,4685
1.922464584,4684
1.95412776,4683
1.965613751,4682
1.978010453,4681
1.99083099,4680
2.007626854,4679
2.029944644,4678
2.043225592,4677
2.051479048,4676
2.059472158,4675
2.076476428,4674
2.099639326,4673
2.121963455,4672
2.131617695,4671
2.145632491,4670
2.169922692,4669
2.176909875,4668
2.184911022,4667
2.299818253,4666
2.317144642,4665
2.32589065,4664
2.348557557,4663
2.360705527,4662
2.387972905,4661
2.418712413,4660
2.452888274,4659
2.483713062,4658
2.510706259,4657
2.535551861,4656
2.554835935,4655
2.568083184,4654
2.648727441,4653
2.663674086,4652
2.788186647,4651
2.981347393,4650
3.165856316,4649
3.187327478,4648
3.260706145,4647
3.280744108,4646
3.309305031,4645
3.330611015,4644
3.378282428,4643
3.398411856,4642
3.435340956,4641
3.483419067,4640
3.49273818,4639
3.502004066,4638
3.515998774,4637
3.534853538,4636
3.550720272,4635
3.588235516,4634
3.596511788,4633
3.637830193,4632
3.662431912,4631
3.669890415,4630
3.68795452,4629
3.722061298,4628
3.732354502,4627
3.746153664,4626
3.781142045,4625
3.823685087,4624
3.879304707,4623
3.934103099,4622
3.952880575,4621
3.965939361,4620
3.991230284,4619
4.041611962,4618
4.060981128,4617
4.132246794,4616
4.244526826,4615
4.280393226,4614
4.386571145,4613
4.441192343,4612
4.591152051,4611
4.856505165,4610
