0.249220164,6823
0.249277195,6822
0.249319206,6821
0.249366509,6820
0.249423525,6819
0.249448091,6818
0.249636098,6817
0.250369526,6816
0.250539358,6815
0.250558053,6814
0.250567745,6813
0.250584169,6812
0.250626402,6811
0.250652936,6810
0.250690652,6809
0.250731397,6808
0.250803727,6807
0.25144254,6806
0.251453771,6805
0.251462786,6804
0.251469882,6803
0.251478259,6802
0.2514879,6801
0.251495191,6800
0.251501725,6799
0.251512425,6798
0.251520659,6797
0.25152726,6796
0.251535277,6795
0.251586023,6794
0.251592866,6793
0.251599777,6792
0.25160726,6791
0.251613978,6790
0.251620272,6789
0.251627632,6788
0.251634069,6787
0.251640529,6786
0.251690794,6785
0.251697528,6784
0.251705774,6783
0.251711377,6782
0.251722322,6781
0.251731174,6780
0.251764229,6779
0.251770551,6778
0.251776912,6777
0.251825185,6776
0.251831008,6775
0.251863855,6774
0.251882896,6773
0.251890813,6772
0.251914085,6771
0.251920272,6770
0.251936398,6769
0.251946437,6768
0.251967296,6767
0.251974195,6766
0.252025182,6765
0.252065328,6764
0.252071689,6763
0.252078421,6762
0.252084606,6761
0.252090477,6760
0.252100136,6759
0.252108235,6758
0.252115272,6757
0.25212189,6756
0.252128705,6755
0.252136933,6754
0.252146331,6753
0.252153633,6752
0.252159819,6751
0.252165815,6750
0.252171376,6749
0.252176847,6748
0.252184368,6747
0.252191288,6746
0.252201318,6745
0.252209928,6744
0.25221815,6743
0.252226443,6742
0.252234082,6741
0.252241219,6740
0.252248517,6739
0.252257083,6738
0.252755824,6737
0.252773189,6736
0.252781461,6735
0.252788612,6734
0.252815678,6733
0.252824104,6732
0.252835721,6731
0.252907532,6730
0.252964044,6729
0.252982201,6728
0.253002388,6727
0.253048038,6726
0.253058459,6725
0.253068378,6724
0.253105992,6723
0.253115552,6722
0.253125382,6721
0.253133469,6720
0.253173799,6719
0.253186156,6718
0.253195287,6717
0.253219338,6716
0.25322567,6715
0.253233388,6714
0.253256524,6713
0.253291834,6712
0.253317229,6711
0.253343557,6710
0.253349857,6709
0.253356494,6708
0.253369946,6707
0.253386682,6706
0.253818674,6705
0.253833999,6704
0.253876449,6703
0.25388613,6702
0.253908389,6701
0.253918114,6700
0.253929805,6699
0.253938995,6698
0.253968235,6697
0.253978522,6696
0.253999501,6695
0.260694959,6694
0.260709997,6693
0.260717276,6692
0.261305031,6691
0.261353239,6690
0.261362838,6689
0.261369849,6688
0.261377864,6687
0.261384836,6686
0.261392646,6685
0.261402849,6684
0.261411042,6683
0.261440127,6682
0.26158619,6681
0.26162381,6680
0.26164206,6679
0.261654494,6678
0.261658787,6677
0.261663161,6676
0.261667399,6675
0.261671341,6674
0.261675406,6673
0.261679147,6672
0.2616829,6671
0.261686472,6670
0.261689602,6669
0.261692885,6668
0.261696246,6667
0.261700574,6666
0.26170503,6665
0.261708437,6664
0.261711936,6663
0.26172872,6662
0.261736741,6661
0.261742908,6660
0.261747384,6659
0.261752922,6658
0.261757566,6657
0.261761732,6656
0.261767005,6655
0.261771294,6654
0.261775978,6653
0.261781039,6652
0.261785695,6651
0.261790135,6650
0.261794996,6649
0.261799827,6648
0.261805477,6647
0.261811822,6646
0.261835307,6645
0.261843332,6644
0.261850653,6643
0.261886118,6642
0.26283926,6641
0.262844161,6640
0.262848088,6639
0.26285199,6638
0.262855993,6637
0.262859732,6636
0.262864706,6635
0.262870074,6634
0.262875335,6633
0.262880473,6632
0.262898985,6631
0.26290501,6630
0.262909821,6629
0.262914491,6628
0.262919029,6627
0.262923039,6626
0.262926953,6625
0.26293884,6624
0.262943849,6623
0.26294887,6622
0.262953604,6621
0.262958307,6620
0.262962818,6619
0.262967313,6618
0.262971529,6617
0.262975712,6616
0.262981282,6615
0.262985339,6614
0.262989542,6613
0.262993979,6612
0.262998444,6611
0.263004202,6610
0.263008731,6609
0.263013038,6608
0.26301747,6607
0.263021688,6606
0.263025622,6605
0.263030334,6604
0.263034987,6603
0.263039203,6602
0.263043484,6601
0.263049372,6600
0.26305494,6599
0.263058973,6598
0.263063071,6597
0.263067055,6596
0.263071061,6595
0.26308312,6594
0.263088568,6593
0.263093254,6592
0.263098804,6591
0.263103586,6590
0.263108649,6589
0.263113994,6588
0.263119033,6587
0.263123826,6586
0.263129512,6585
0.263178228,6584
0.263184588,6583
0.26325051,6582
0.263257385,6581
0.263263015,6580
0.263268401,6579
0.263279699,6578
0.263292656,6577
0.263319053,6576
0.263327837,6575
0.263332702,6574
0.263336633,6573
0.263339841,6572
0.263342981,6571
0.263346239,6570
0.263382762,6569
0.263387323,6568
0.26339175,6567
0.263395593,6566
0.263399181,6565
0.263403106,6564
0.263406579,6563
0.263410133,6562
0.26341418,6561
0.263419274,6560
0.263423949,6559
0.263438603,6558
0.2634431,6557
0.263447032,6556
0.263450197,6555
0.263453355,6554
0.263456172,6553
0.263458966,6552
0.26346202,6551
0.263464618,6550
0.263467603,6549
0.263470403,6548
0.263473089,6547
0.2634759,6546
0.263478679,6545
0.263482664,6544
0.263485496,6543
0.263488213,6542
0.263491066,6541
0.263495428,6540
0.263498957,6539
0.263502714,6538
0.263506248,6537
0.26351012,6536
0.263514026,6535
0.263517746,6534
0.263523323,6533
0.263526815,6532
0.26353044,6531
0.263534337,6530
0.263537625,6529
0.263541085,6528
0.263544402,6527
0.26354797,6526
0.263551394,6525
0.263554831,6524
0.263558814,6523
0.263565944,6522
0.263570445,6521
0.263574719,6520
0.263580569,6519
0.263584539,6518
0.263590735,6517
0.263594714,6516
0.263600796,6515
0.263604822,6514
0.263609073,6513
0.263612882,6512
0.263618006,6511
0.263622345,6510
0.263626275,6509
0.263630347,6508
0.263665988,6507
0.263670111,6506
0.263674896,6505
0.263678716,6504
0.263684869,6503
0.263695188,6502
0.263731419,6501
0.263735723,6500
0.263770653,6499
0.263774463,6498
0.263779028,6497
0.263783214,6496
0.263823885,6495
0.26382947,6494
0.263833138,6493
0.263836895,6492
0.263840514,6491
0.263844121,6490
0.263847529,6489
0.263851108,6488
0.263854802,6487
0.263859724,6486
0.263862986,6485
0.263866699,6484
0.263870265,6483
0.263874663,6482
0.263882151,6481
0.26391883,6480
0.263925005,6479
0.263930172,6478
0.263934523,6477
0.263938493,6476
0.263943223,6475
0.263946719,6474
0.263951187,6473
0.263954662,6472
0.263958092,6471
0.263961698,6470
0.263965147,6469
0.263969059,6468
0.263973237,6467
0.263979054,6466
0.263982611,6465
0.263987029,6464
0.263990857,6463
0.264026512,6462
0.264030447,6461
0.264045611,6460
0.264049826,6459
0.264055439,6458
0.26405905,6457
0.264062543,6456
0.264066145,6455
0.264072256,6454
0.2640764,6453
0.264080373,6452
0.264084233,6451
0.264088589,6450
0.264092676,6449
0.264104272,6448
0.264111792,6447
0.264149069,6446
0.264153025,6445
0.264156978,6444
0.264161303,6443
0.264167346,6442
0.264171907,6441
0.26417641,6440
0.264180926,6439
0.264185396,6438
0.26418998,6437
0.264194565,6436
0.264198919,6435
0.264203382,6434
0.26420728,6433
0.264211262,6432
0.264215094,6431
0.264218978,6430
0.26422316,6429
0.264227043,6428
0.264231093,6427
0.264234973,6426
0.264244104,6425
0.264248444,6424
0.264254696,6423
0.264258683,6422
0.264263147,6421
0.26426728,6420
0.264271178,6419
0.264274934,6418
0.264278547,6417
0.264281904,6416
0.264290345,6415
0.264293682,6414
0.264297152,6413
0.264300676,6412
0.264304093,6411
0.264307966,6410
0.264311573,6409
0.264314913,6408
0.26431783,6407
0.264320722,6406
0.264323683,6405
0.264327909,6404
0.264330758,6403
0.264333596,6402
0.264336781,6401
0.264339589,6400
0.264343799,6399
0.264346826,6398
0.264349861,6397
0.264352807,6396
0.264357378,6395
0.264373723,6394
0.264376942,6393
0.264380173,6392
0.264384902,6391
0.26438842,6390
0.264391526,6389
0.264394307,6388
0.264397539,6387
0.264400632,6386
0.264403586,6385
0.264406757,6384
0.264409754,6383
0.264412974,6382
0.264416341,6381
0.264419474,6380
0.264423945,6379
0.264427076,6378
0.264429977,6377
0.26443316,6376
0.264436319,6375
0.264440048,6374
0.264443118,6373
0.26444628,6372
0.264451192,6371
0.26445422,6370
0.2644576,6369
0.264460642,6368
0.264463615,6367
0.264466676,6366
0.264473972,6365
0.264477074,6364
0.264479942,6363
0.26448257,6362
0.264487447,6361
0.26450245,6360
0.264538886,6359
0.264949527,6358
0.264953243,6357
0.264957931,6356
0.2649622,6355
0.264966727,6354
0.264971226,6353
0.264975664,6352
0.264979893,6351
0.264987622,6350
0.264991682,6349
0.264997586,6348
0.265001878,6347
0.265005489,6346
0.265008514,6345
0.265011546,6344
0.265015979,6343
0.265020265,6342
0.265026845,6341
0.265034638,6340
0.265038457,6339
0.265041926,6338
0.265045152,6337
0.265048546,6336
0.265051996,6335
0.265058584,6334
0.26506176,6333
0.265064858,6332
0.2650743,6331
0.265077833,6330
0.265084375,6329
0.265088124,6328
0.265091567,6327
0.265095265,6326
0.265098645,6325
0.265102029,6324
0.265105781,6323
0.265109372,6322
0.265115755,6321
0.265151845,6320
0.265158368,6319
0.265161689,6318
0.265165969,6317
0.265173526,6316
0.265180591,6315
0.265184765,6314
0.265189033,6313
0.265197151,6312
0.265202298,6311
0.265206518,6310
0.265215096,6309
0.265218824,6308
0.265223298,6307
0.265227451,6306
0.265233538,6305
0.26523915,6304
0.265243303,6303
0.265247543,6302
0.265253695,6301
0.265257851,6300
0.26526178,6299
0.2652661,6298
0.265270161,6297
0.265274026,6296
0.265278461,6295
0.265282417,6294
0.265286827,6293
0.265290458,6292
0.265294474,6291
0.265300788,6290
0.265305719,6289
0.265309033,6288
0.265312377,6287
0.265315233,6286
0.265318833,6285
0.265322127,6284
0.265325495,6283
0.265328831,6282
0.265332329,6281
0.265335542,6280
0.265340151,6279
0.265343231,6278
0.265347295,6277
0.265350403,6276
0.265353351,6275
0.265358465,6274
0.265361358,6273
0.265365902,6272
0.265369214,6271
0.265372187,6270
0.265375244,6269
0.265378572,6268
0.265384623,6267
0.265388119,6266
0.265391141,6265
0.265394732,6264
0.265397868,6263
0.265402021,6262
0.265404945,6261
0.265408219,6260
0.265412689,6259
0.265417812,6258
0.265422147,6257
0.265426001,6256
0.265430116,6255
0.265435957,6254
0.265440014,6253
0.265443962,6252
0.265449219,6251
0.265453188,6250
0.265457309,6249
0.265461351,6248
0.265465093,6247
0.265469148,6246
0.265472835,6245
0.265476655,6244
0.265480468,6243
0.265484138,6242
0.265490027,6241
0.265495507,6240
0.265499466,6239
0.265503676,6238
0.265508372,6237
0.265512472,6236
0.265515705,6235
0.265518798,6234
0.265521988,6233
0.265525441,6232
0.265528424,6231
0.26553172,6230
0.265538708,6229
0.265542951,6228
0.265546311,6227
0.265549424,6226
0.265552444,6225
0.265562677,6224
0.265597779,6223
0.265604746,6222
0.265609373,6221
0.265615488,6220
0.26562053,6219
0.265656194,6218
0.265662533,6217
0.265674598,6216
0.265708784,6215
0.265713787,6214
0.265718165,6213
0.265724774,6212
0.265729529,6211
0.265734376,6210
0.26574079,6209
0.26574894,6208
0.265756436,6207
0.265760644,6206
0.265765773,6205
0.265769706,6204
0.265773518,6203
0.265778635,6202
0.265782715,6201
0.265786285,6200
0.265790265,6199
0.26579401,6198
0.265800972,6197
0.265804896,6196
0.2658115,6195
0.265817319,6194
0.265821502,6193
0.265825471,6192
0.265830441,6191
0.265833999,6190
0.26583774,6189
0.265843288,6188
0.265846934,6187
0.265853477,6186
0.26585736,6185
0.26587066,6184
0.265892368,6183
0.265903013,6182
0.265908692,6181
0.265913281,6180
0.265917499,6179
0.265921491,6178
0.265932536,6177
0.265936701,6176
0.265941033,6175
0.265947048,6174
0.265956048,6173
0.265967931,6172
0.265971908,6171
0.26597774,6170
0.265985899,6169
0.265990999,6168
0.265996089,6167
0.265999803,6166
0.266003346,6165
0.266010188,6164
0.266014024,6163
0.266017528,6162
0.266021646,6161
0.266026622,6160
0.26603063,6159
0.266036751,6158
0.266042226,6157
0.266046197,6156
0.266050514,6155
0.266061225,6154
0.266066382,6153
0.266074547,6152
0.266080574,6151
0.266085127,6150
0.266089693,6149
0.266094973,6148
0.266098144,6147
0.266100936,6146
0.266104098,6145
0.26610713,6144
0.266110255,6143
0.266113089,6142
0.266116931,6141
0.266119961,6140
0.266122682,6139
0.266125462,6138
0.266128413,6137
0.266132138,6136
0.266135044,6135
0.266138933,6134
0.266141754,6133
0.266144474,6132
0.266171375,6131
0.266175058,6130
0.266179173,6129
0.266183659,6128
0.266187734,6127
0.266191794,6126
0.26619735,6125
0.26620112,6124
0.266204827,6123
0.266209974,6122
0.266213021,6121
0.266217019,6120
0.266220353,6119
0.266223472,6118
0.266226508,6117
0.266229688,6116
0.266233009,6115
0.266236096,6114
0.266238985,6113
0.266241684,6112
0.26624449,6111
0.266248915,6110
0.266251685,6109
0.266254588,6108
0.266258131,6107
0.266262006,6106
0.266264832,6105
0.26626936,6104
0.266272243,6103
0.266275197,6102
0.266278376,6101
0.266281294,6100
0.266284237,6099
0.266287534,6098
0.266290455,6097
0.266293693,6096
0.266298187,6095
0.266301388,6094
0.266304615,6093
0.266307865,6092
0.266310781,6091
0.266314079,6090
0.266316764,6089
0.266320276,6088
0.266325381,6087
0.266329873,6086
0.266332864,6085
0.266335797,6084
0.266339072,6083
0.266343765,6082
0.26674019,6081
0.266743731,6080
0.266747264,6079
0.266750494,6078
0.266755599,6077
0.26675865,6076
0.266762377,6075
0.266765831,6074
0.266769305,6073
0.266772716,6072
0.26677787,6071
0.266781199,6070
0.266784752,6069
0.266788407,6068
0.266793868,6067
0.266844136,6066
0.266859392,6065
0.266864302,6064
0.266868724,6063
0.266872879,6062
0.266892706,6061
0.266896861,6060
0.266904552,6059
0.266908154,6058
0.266914895,6057
0.266918274,6056
0.266924232,6055
0.266927772,6054
0.266933658,6053
0.266936755,6052
0.266939669,6051
0.266942516,6050
0.266945578,6049
0.266951229,6048
0.266958105,6047
0.266961213,6046
0.266964361,6045
0.266967674,6044
0.266974099,6043
0.26698067,6042
0.266983657,6041
0.266988208,6040
0.266991305,6039
0.266995298,6038
0.267000735,6037
0.267004789,6036
0.267011726,6035
0.267017323,6034
0.267023414,6033
0.267027664,6032
0.267032299,6031
0.267036358,6030
0.26704036,6029
0.267044373,6028
0.267048526,6027
0.267055023,6026
0.267058553,6025
0.267062513,6024
0.267075218,6023
0.267079799,6022
0.267084497,6021
0.267088829,6020
0.267093239,6019
0.26709761,6018
0.267101923,6017
0.267105625,6016
0.26710995,6015
0.26711403,6014
0.267118033,6013
0.267123944,6012
0.267128323,6011
0.267141149,6010
0.267147387,6009
0.267153249,6008
0.267157662,6007
0.267161978,6006
0.267165468,6005
0.267169004,6004
0.267172314,6003
0.267176378,6002
0.267179741,6001
0.267185383,6000
0.267188682,5999
0.267192204,5998
0.267195762,5997
0.26719898,5996
0.267203573,5995
0.267206625,5994
0.267210071,5993
0.26721559,5992
0.267219046,5991
0.267222106,5990
0.267225272,5989
0.267231048,5988
0.267234958,5987
0.267259283,5986
0.267263164,5985
0.267266488,5984
0.267269871,5983
0.267274609,5982
0.26727797,5981
0.267282051,5980
0.267285542,5979
0.267288684,5978
0.267292835,5977
0.267296402,5976
0.267299468,5975
0.267302615,5974
0.267306158,5973
0.267308954,5972
0.267331532,5971
0.267342242,5970
0.267348756,5969
0.267359716,5968
0.26736606,5967
0.26737167,5966
0.267376792,5965
0.267383271,5964
0.267387902,5963
0.267396241,5962
0.267402419,5961
0.267415961,5960
0.267423239,5959
0.267427135,5958
0.267430822,5957
0.267434672,5956
0.267438426,5955
0.267442141,5954
0.267446025,5953
0.267453099,5952
0.267464575,5951
0.267468465,5950
0.26747775,5949
0.267481856,5948
0.267485176,5947
0.267490533,5946
0.267495056,5945
0.267499785,5944
0.267504009,5943
0.267509792,5942
0.267546668,5941
0.267550472,5940
0.267555532,5939
0.267592268,5938
0.267628985,5937
0.267635765,5936
0.267640817,5935
0.267648047,5934
0.267684387,5933
0.267689199,5932
0.267733129,5931
0.26773806,5930
0.267773712,5929
0.267814279,5928
0.267853931,5927
0.267858926,5926
0.267871418,5925
0.267876538,5924
0.267881376,5923
0.267885804,5922
0.267890646,5921
0.267895636,5920
0.267901468,5919
0.267905793,5918
0.267916948,5917
0.267921069,5916
0.267931616,5915
0.267935751,5914
0.267942249,5913
0.267948476,5912
0.267952621,5911
0.267958831,5910
0.267963317,5909
0.267970238,5908
0.267974589,5907
0.267979023,5906
0.267982532,5905
0.267986034,5904
0.267991238,5903
0.267996148,5902
0.268000703,5901
0.268004112,5900
0.268008347,5899
0.268015233,5898
0.268021198,5897
0.268025551,5896
0.268030214,5895
0.268035862,5894
0.268040167,5893
0.268047557,5892
0.268051668,5891
0.268056588,5890
0.268064211,5889
0.268070315,5888
0.26807394,5887
0.268078924,5886
0.268084308,5885
0.268088069,5884
0.26809231,5883
0.268095627,5882
0.268102408,5881
0.268105873,5880
0.268110838,5879
0.268114136,5878
0.268117485,5877
0.268121196,5876
0.268127648,5875
0.268131947,5874
0.268135156,5873
0.268138729,5872
0.26814296,5871
0.268146351,5870
0.268149674,5869
0.268153792,5868
0.268156495,5867
0.268160337,5866
0.268163822,5865
0.268166879,5864
0.268169986,5863
0.268174202,5862
0.268178117,5861
0.268181703,5860
0.268184835,5859
0.26818771,5858
0.26819062,5857
0.268193848,5856
0.268200006,5855
0.26820537,5854
0.268211131,5853
0.268215964,5852
0.268221268,5851
0.268225268,5850
0.268229426,5849
0.268232656,5848
0.26823901,5847
0.268246458,5846
0.268253659,5845
0.268256747,5844
0.26825963,5843
0.268265715,5842
0.268270125,5841
0.268274073,5840
0.26827748,5839
0.26828235,5838
0.268286227,5837
0.268290085,5836
0.268300494,5835
0.26830586,5834
0.268309283,5833
0.268313494,5832
0.268326425,5831
0.268332513,5830
0.268337585,5829
0.268341186,5828
0.268344805,5827
0.268348324,5826
0.268351623,5825
0.268355132,5824
0.268364035,5823
0.268368734,5822
0.268373858,5821
0.268377919,5820
0.268381241,5819
0.268387959,5818
0.268391159,5817
0.268398056,5816
0.268402492,5815
0.268405776,5814
0.268439068,5813
0.268480399,5812
0.268486056,5811
0.268490805,5810
0.268495105,5809
0.268498887,5808
0.268502628,5807
0.268506436,5806
0.268511215,5805
0.268515982,5804
0.268521109,5803
0.269197678,5802
0.269204225,5801
0.269213282,5800
0.269217913,5799
0.269227441,5798
0.269239242,5797
0.269246976,5796
0.269286486,5795
0.269323878,5794
0.2693676,5793
0.26940524,5792
0.269412259,5791
0.269420113,5790
0.269424922,5789
0.269431421,5788
0.269613243,5787
0.269626124,5786
0.269632452,5785
0.269637362,5784
0.269641939,5783
0.269649183,5782
0.269661527,5781
0.269698686,5780
0.269732856,5779
0.26973849,5778
0.26974476,5777
0.270835578,5776
0.270844666,5775
0.270854486,5774
0.270865923,5773
0.270909479,5772
0.270950707,5771
0.270994255,5770
0.271036785,5769
0.271102804,5768
0.271142069,5767
0.271177431,5766
0.271182766,5765
0.271188643,5764
0.271193452,5763
0.271198302,5762
0.271235271,5761
0.271242241,5760
0.271247343,5759
0.271252514,5758
0.271257425,5757
0.27126621,5756
0.271270924,5755
0.271276855,5754
0.271281837,5753
0.27129795,5752
0.271331291,5751
0.271337232,5750
0.271342279,5749
0.271347122,5748
0.271368781,5747
0.271377575,5746
0.271411976,5745
0.271417026,5744
0.271424898,5743
0.271429634,5742
0.271434418,5741
0.271439563,5740
0.271444356,5739
0.271455803,5738
0.2714638,5737
0.27147504,5736
0.271482054,5735
0.271489924,5734
0.271494805,5733
0.271502193,5732
0.271507075,5731
0.27151223,5730
0.271553527,5729
0.271562947,5728
0.271571443,5727
0.271579914,5726
0.271603102,5725
0.271639673,5724
0.271652316,5723
0.271659563,5722
0.271703868,5721
0.271784365,5720
0.271790295,5719
0.271844831,5718
0.271854363,5717
0.271859656,5716
0.271864484,5715
0.271882585,5714
0.271921058,5713
0.271927645,5712
0.271934855,5711
0.271941215,5710
0.271950963,5709
0.271956653,5708
0.271963144,5707
0.271979462,5706
0.272009159,5705
0.272036284,5704
0.272049111,5703
0.272077086,5702
0.272088845,5701
0.272097237,5700
0.272106047,5699
0.272115189,5698
0.272154721,5697
0.272161301,5696
0.272166132,5695
0.272173283,5694
0.272177636,5693
0.272182216,5692
0.272190708,5691
0.27219889,5690
0.272208188,5689
0.272219412,5688
0.272227406,5687
0.272245636,5686
0.27225786,5685
0.272307267,5684
0.272313391,5683
0.272322101,5682
0.272327106,5681
0.272333032,5680
0.272342055,5679
0.272348649,5678
0.272362623,5677
0.272367542,5676
0.272376413,5675
0.272380652,5674
0.272386169,5673
0.272391037,5672
0.272399147,5671
0.272403553,5670
0.272407359,5669
0.2724159,5668
0.272419934,5667
0.272423769,5666
0.272429383,5665
0.272433226,5664
0.272439716,5663
0.272443432,5662
0.272448372,5661
0.272452173,5660
0.272455838,5659
0.272462192,5658
0.272468619,5657
0.272473786,5656
0.272479033,5655
0.272486202,5654
0.272494244,5653
0.272498403,5652
0.272505015,5651
0.272509354,5650
0.27251444,5649
0.272520418,5648
0.27252392,5647
0.272528373,5646
0.27253197,5645
0.272535531,5644
0.272539603,5643
0.272543503,5642
0.27255238,5641
0.27255793,5640
0.272564637,5639
0.272568376,5638
0.272572788,5637
0.272576754,5636
0.272580777,5635
0.272584976,5634
0.272592975,5633
0.272598239,5632
0.272602445,5631
0.272609235,5630
0.272615074,5629
0.272620264,5628
0.272625061,5627
0.272629621,5626
0.272634593,5625
0.27264586,5624
0.272652092,5623
0.272657997,5622
0.27266768,5621
0.272679432,5620
0.272684075,5619
0.272691327,5618
0.272700511,5617
0.272706211,5616
0.272719276,5615
0.2727532,5614
0.272757585,5613
0.272761934,5612
0.27277307,5611
0.272777557,5610
0.272781841,5609
0.272788721,5608
0.272794833,5607
0.272883651,5606
0.272959998,5605
0.27301111,5604
0.273067787,5603
0.273072702,5602
0.273078943,5601
0.273088898,5600
0.273094447,5599
0.27309909,5598
0.273108463,5597
0.273114999,5596
0.273121081,5595
0.273127153,5594
0.273131955,5593
0.273136656,5592
0.273143958,5591
0.273148329,5590
0.273152802,5589
0.27315882,5588
0.273207113,5587
0.273212663,5586
0.273222061,5585
0.273227806,5584
0.273235922,5583
0.273240526,5582
0.273245861,5581
0.273251922,5580
0.273260047,5579
0.273265576,5578
0.273296055,5577
0.273301904,5576
0.273312346,5575
0.27335024,5574
0.273356835,5573
0.273364607,5572
0.273368207,5571
0.273379861,5570
0.273384888,5569
0.273390574,5568
0.273394296,5567
0.273397925,5566
0.273401577,5565
0.273411366,5564
0.273415261,5563
0.273418503,5562
0.273761932,5561
0.273768198,5560
0.273772127,5559
0.273775787,5558
0.273781895,5557
0.273795445,5556
0.273806996,5555
0.2738165,5554
0.27382293,5553
0.27382913,5552
0.27383832,5551
0.273862192,5550
0.273869263,5549
0.273902822,5548
0.273908698,5547
0.273913564,5546
0.273918898,5545
0.273923526,5544
0.273935033,5543
0.273944729,5542
0.273949755,5541
0.273954347,5540
0.273963432,5539
0.273967589,5538
0.273971536,5537
0.273975633,5536
0.27398044,5535
0.274017408,5534
0.274023259,5533
0.274032206,5532
0.274037856,5531
0.274046307,5530
0.274059368,5529
0.274094065,5528
0.274099133,5527
0.274103834,5526
0.274108659,5525
0.274113516,5524
0.274202706,5523
0.274211727,5522
0.27422633,5521
0.274235333,5520
0.274244424,5519
0.274262537,5518
0.274265416,5517
0.274269617,5516
0.274275244,5515
0.274279364,5514
0.27428394,5513
0.274289113,5512
0.274299151,5511
0.27430407,5510
0.274307903,5509
0.274311822,5508
0.274316438,5507
0.274323608,5506
0.274329455,5505
0.274336546,5504
0.274339565,5503
0.274342757,5502
0.274348357,5501
0.274356508,5500
0.274363566,5499
0.274366596,5498
0.274369443,5497
0.274372395,5496
0.274376888,5495
0.274379943,5494
0.274383627,5493
0.27439149,5492
0.27439456,5491
0.274399981,5490
0.274404857,5489
0.274422265,5488
0.274425895,5487
0.274430609,5486
0.27443569,5485
0.274451818,5484
0.274454968,5483
0.274459012,5482
0.274466407,5481
0.274469445,5480
0.274472675,5479
0.274477131,5478
0.274480915,5477
0.27448954,5476
0.274493339,5475
0.274499335,5474
0.274505358,5473
0.274508577,5472
0.274511669,5471
0.274565568,5470
0.274568408,5469
0.274576496,5468
0.274579602,5467
0.274584217,5466
0.274589945,5465
0.274596386,5464
0.274606953,5463
0.274619519,5462
0.274623146,5461
0.274626988,5460
0.274630107,5459
0.274635771,5458
0.274639077,5457
0.274643075,5456
0.274647521,5455
0.274667216,5454
0.274671584,5453
0.274679645,5452
0.27468395,5451
0.274689274,5450
0.2746933,5449
0.274697665,5448
0.274701796,5447
0.274714302,5446
0.274745978,5445
0.274752806,5444
0.274786102,5443
0.274792624,5442
0.274796938,5441
0.274802517,5440
0.27484259,5439
0.27488497,5438
0.27494033,5437
0.274977863,5436
0.274983245,5435
0.274991902,5434
0.274997253,5433
0.275002469,5432
0.275009576,5431
0.275013852,5430
0.27502293,5429
0.275027152,5428
0.27503524,5427
0.275042352,5426
0.275047938,5425
0.27505288,5424
0.275089343,5423
0.275097082,5422
0.275100574,5421
0.27510675,5420
0.275110498,5419
0.275114198,5418
0.275124271,5417
0.275131793,5416
0.275137322,5415
0.275179648,5414
0.275183901,5413
0.275188624,5412
0.275193023,5411
0.275199063,5410
0.275203262,5409
0.275207595,5408
0.275214906,5407
0.275228385,5406
0.275231601,5405
0.275239011,5404
0.275259691,5403
0.275273361,5402
0.275293873,5401
0.27530724,5400
0.275311587,5399
0.275317196,5398
0.275320781,5397
0.275330062,5396
0.275335541,5395
0.275339284,5394
0.275348208,5393
0.275357216,5392
0.275360826,5391
0.275364407,5390
0.275369661,5389
0.275375392,5388
0.275382692,5387
0.275386557,5386
0.275391158,5385
0.275398027,5384
0.275403734,5383
0.275409933,5382
0.275415441,5381
0.275420588,5380
0.275425991,5379
0.275430209,5378
0.275433926,5377
0.275437635,5376
0.275440637,5375
0.275445526,5374
0.275450015,5373
0.275901576,5372
0.27591874,5371
0.275925911,5370
0.275929653,5369
0.275933131,5368
0.275951212,5367
0.275955902,5366
0.275964282,5365
0.275969335,5364
0.275988559,5363
0.275992358,5362
0.275996302,5361
0.275999841,5360
0.27600754,5359
0.276013567,5358
0.276037143,5357
0.276043038,5356
0.276049109,5355
0.276054245,5354
0.276068364,5353
0.27607277,5352
0.276079855,5351
0.276084067,5350
0.276087979,5349
0.276091821,5348
0.276096827,5347
0.276117065,5346
0.276142419,5345
0.276153318,5344
0.276158762,5343
0.276163223,5342
0.276167843,5341
0.276171895,5340
0.276177064,5339
0.276182211,5338
0.27618978,5337
0.276194492,5336
0.276197638,5335
0.276203678,5334
0.276208684,5333
0.276218164,5332
0.27622248,5331
0.276229694,5330
0.276233639,5329
0.276238604,5328
0.276244892,5327
0.276254134,5326
0.276261479,5325
0.276268294,5324
0.276275032,5323
0.276280341,5322
0.276294369,5321
0.276310547,5320
0.276314857,5319
0.276325876,5318
0.276368026,5317
0.276401128,5316
0.276429744,5315
0.276435541,5314
0.276441254,5313
0.276445443,5312
0.276449839,5311
0.276481496,5310
0.276489728,5309
0.27649624,5308
0.276499141,5307
0.276501657,5306
0.276505138,5305
0.276512657,5304
0.276516541,5303
0.276523392,5302
0.276526655,5301
0.276529455,5300
0.276532564,5299
0.276540737,5298
0.276544889,5297
0.276552133,5296
0.276567097,5295
0.276586328,5294
0.276589553,5293
0.276597035,5292
0.276604807,5291
0.276614722,5290
0.27661874,5289
0.276623662,5288
0.276630274,5287
0.27663563,5286
0.27664196,5285
0.276662804,5284
0.276676005,5283
0.276681003,5282
0.276702224,5281
0.276725476,5280
0.276736745,5279
0.276744342,5278
0.276750886,5277
0.276759464,5276
0.276927857,5275
0.276937618,5274
0.276944377,5273
0.276953318,5272
0.276959301,5271
0.276966923,5270
0.277038295,5269
0.277044049,5268
0.277049046,5267
0.277058698,5266
0.277065512,5265
0.277072872,5264
0.277082767,5263
0.277091401,5262
0.277114243,5261
0.277120525,5260
0.277129497,5259
0.277136925,5258
0.277145976,5257
0.277158723,5256
0.277166405,5255
0.277171026,5254
0.277175515,5253
0.277182128,5252
0.277189695,5251
0.277199854,5250
0.277206722,5249
0.277211251,5248
0.277216503,5247
0.277222776,5246
0.277228122,5245
0.277232723,5244
0.277240278,5243
0.277247653,5242
0.277252294,5241
0.277291672,5240
0.277319306,5239
0.277323934,5238
0.277329505,5237
0.277336086,5236
0.277342499,5235
0.277347527,5234
0.277354198,5233
0.27735927,5232
0.277363388,5231
0.277372217,5230
0.277673978,5229
0.277679285,5228
0.277681878,5227
0.277691426,5226
0.277697761,5225
0.277703449,5224
0.277710556,5223
0.277716099,5222
0.277720596,5221
0.277725691,5220
0.277735977,5219
0.277744184,5218
0.277762661,5217
0.277772671,5216
0.277776308,5215
0.277780838,5214
0.277784926,5213
0.277798403,5212
0.277814558,5211
0.277821871,5210
0.277838101,5209
0.27785055,5208
0.277859807,5207
0.277865422,5206
0.277873904,5205
0.277886274,5204
0.277890034,5203
0.277900532,5202
0.277950835,5201
0.277959399,5200
0.277963183,5199
0.277980779,5198
0.278000744,5197
0.278013394,5196
0.2780174,5195
0.278021889,5194
0.278025783,5193
0.278029654,5192
0.278041448,5191
0.278044723,5190
0.278048483,5189
0.278058455,5188
0.278061461,5187
0.278103519,5186
0.278107452,5185
0.278123167,5184
0.278134333,5183
0.278150683,5182
0.278166799,5181
0.278201064,5180
0.27821244,5179
0.278280421,5178
0.278319099,5177
0.278363131,5176
0.278373812,5175
0.278380654,5174
0.278387368,5173
0.278400226,5172
0.278418333,5171
0.278421432,5170
0.278425691,5169
0.27843908,5168
0.278442719,5167
0.278454421,5166
0.278473682,5165
0.278480544,5164
0.278489016,5163
0.278494191,5162
0.27849864,5161
0.278503493,5160
0.278524459,5159
0.278530573,5158
0.278543324,5157
0.278548834,5156
0.278559195,5155
0.278563823,5154
0.278575751,5153
0.27858495,5152
0.278588672,5151
0.278592074,5150
0.278596652,5149
0.278607052,5148
0.278615673,5147
0.278628084,5146
0.278642064,5145
0.278646394,5144
0.278649989,5143
0.27865437,5142
0.278658888,5141
0.278662278,5140
0.278680402,5139
0.278685072,5138
0.278692967,5137
0.27870415,5136
0.278712369,5135
0.27871672,5134
0.278722965,5133
0.278727839,5132
0.278744677,5131
0.278750737,5130
0.278760806,5129
0.278766506,5128
0.278769217,5127
0.278772927,5126
0.278782056,5125
0.278788668,5124
0.278793979,5123
0.278798694,5122
0.278834721,5121
0.278838839,5120
0.278842809,5119
0.278879158,5118
0.278885069,5117
0.278903537,5116
0.278938827,5115
0.278970141,5114
0.278990933,5113
0.278995311,5112
0.279008711,5111
0.279069969,5110
0.279075439,5109
0.279082591,5108
0.279087653,5107
0.27909477,5106
0.279497177,5105
0.279506183,5104
0.279513323,5103
0.279518933,5102
0.279523486,5101
0.279543363,5100
0.279554508,5099
0.279565399,5098
0.27957017,5097
0.27957519,5096
0.279582049,5095
0.279588218,5094
0.279601786,5093
0.279606779,5092
0.279610386,5091
0.279628451,5090
0.279642106,5089
0.279658094,5088
0.279680732,5087
0.279690244,5086
0.279706024,5085
0.279712544,5084
0.279717029,5083
0.279745735,5082
0.279771973,5081
0.279779756,5080
0.279784107,5079
0.279787423,5078
0.279793199,5077
0.279799757,5076
0.279806092,5075
0.279819538,5074
0.279826245,5073
0.279851751,5072
0.279874507,5071
0.279881373,5070
0.279887442,5069
0.279903521,5068
0.279910458,5067
0.27991605,5066
0.279922454,5065
0.279939746,5064
0.279954612,5063
0.279958332,5062
0.279965491,5061
0.279979048,5060
0.280016503,5059
0.280025902,5058
0.280061082,5057
0.280066303,5056
0.280099356,5055
0.280103759,5054
0.280110777,5053
0.280113588,5052
0.280119532,5051
0.280124286,5050
0.280126796,5049
0.280154552,5048
0.280160499,5047
0.280182949,5046
0.280196575,5045
0.280210918,5044
0.280215052,5043
0.280219799,5042
0.280224005,5041
0.280237469,5040
0.280241293,5039
0.280245377,5038
0.28025256,5037
0.280256734,5036
0.280270007,5035
0.280276066,5034
0.280287708,5033
0.280304841,5032
0.280308878,5031
0.280312748,5030
0.280319912,5029
0.28033024,5028
0.280334248,5027
0.280336827,5026
0.28034064,5025
0.280344321,5024
0.280350009,5023
0.280356064,5022
0.280373696,5021
0.280389484,5020
0.280395123,5019
0.280399909,5018
0.280406729,5017
0.280411535,5016
0.280421174,5015
0.280425061,5014
0.280437309,5013
0.280442086,5012
0.280454189,5011
0.280467124,5010
0.280476394,5009
0.28048015,5008
0.280484605,5007
0.280489432,5006
0.280507527,5005
0.280515601,5004
0.280535083,5003
0.280551766,5002
0.280555012,5001
0.280559661,5000
0.280579415,4999
0.280583632,4998
0.28058771,4997
0.280600314,4996
0.28060654,4995
0.280617724,4994
0.280622474,4993
0.280644164,4992
0.280654612,4991
0.280661711,4990
0.280666173,4989
0.280675418,4988
0.280678797,4987
0.281101093,4986
0.281124143,4985
0.281128988,4984
0.281163005,4983
0.281167318,4982
0.28118126,4981
0.281186872,4980
0.28119416,4979
0.281200986,4978
0.281210082,4977
0.281223847,4976
0.281227081,4975
0.281246249,4974
0.281256274,4973
0.281262824,4972
0.281267836,4971
0.281275582,4970
0.281279326,4969
0.28131441,4968
0.281332361,4967
0.281340142,4966
0.281348424,4965
0.281357637,4964
0.281374166,4963
0.281381736,4962
0.281387004,4961
0.281402558,4960
0.281406581,4959
0.281412144,4958
0.281428104,4957
0.281433238,4956
0.281439683,4955
0.281444266,4954
0.281452197,4953
0.281458766,4952
0.281467518,4951
0.281506002,4950
0.281521918,4949
0.281525351,4948
0.281533868,4947
0.281571907,4946
0.281583227,4945
0.281597732,4944
0.281609772,4943
0.281619173,4942
0.281625902,4941
0.281630754,4940
0.281635875,4939
0.281643503,4938
0.281674073,4937
0.281728852,4936
0.281734499,4935
0.281738062,4934
0.281753391,4933
0.281761739,4932
0.281771437,4931
0.281779745,4930
0.281818732,4929
0.281827029,4928
0.281831955,4927
0.281840101,4926
0.281845118,4925
0.28185701,4924
0.281867016,4923
0.281873976,4922
0.281885423,4921
0.281890502,4920
0.281897583,4919
0.28190689,4918
0.281918606,4917
0.281936666,4916
0.281940908,4915
0.282434557,4914
0.28250994,4913
0.282514412,4912
0.282520702,4911
0.282530236,4910
0.282537997,4909
0.28255932,4908
0.282572022,4907
0.282594246,4906
0.282603771,4905
0.282612851,4904
0.2826165,4903
0.282623097,4902
0.282631937,4901
0.282635225,4900
0.282638763,4899
0.282673683,4898
0.282691896,4897
0.282706792,4896
0.282724681,4895
0.282733955,4894
0.282744549,4893
0.282760438,4892
0.282767866,4891
0.282773606,4890
0.282777169,4889
0.282789873,4888
0.282799326,4887
0.282804126,4886
0.282811148,4885
0.282847726,4884
0.282861253,4883
0.282879676,4882
0.28289601,4881
0.282920324,4880
0.282944239,4879
0.282953169,4878
0.282977549,4877
0.282988703,4876
0.283004282,4875
0.283009111,4874
0.283013053,4873
0.283021972,4872
0.283051208,4871
0.28306593,4870
0.283074576,4869
0.283080821,4868
0.283097247,4867
0.28311512,4866
0.283122921,4865
0.283581769,4864
0.283587642,4863
0.28359853,4862
0.283654254,4861
0.283678174,4860
0.283689097,4859
0.28372759,4858
0.283734647,4857
0.28373904,4856
0.283751745,4855
0.283778532,4854
0.283798379,4853
0.283812087,4852
0.283848604,4851
0.28387408,4850
0.283888106,4849
0.283899948,4848
0.283904697,4847
0.283908376,4846
0.283912741,4845
0.283923745,4844
0.283932448,4843
0.28397426,4842
0.283987258,4841
0.284008216,4840
0.284024921,4839
0.284031314,4838
0.284043787,4837
0.284051807,4836
0.28406298,4835
0.2840699,4834
0.284077163,4833
0.286289108,4832
0.286306326,4831
0.286368516,4830
0.286372847,4829
0.286379237,4828
0.286385743,4827
0.286405864,4826
0.286432472,4825
0.286436869,4824
0.286443798,4823
0.286462151,4822
0.286470381,4821
0.28679409,4820
0.286832126,4819
0.286842062,4818
0.286856239,4817
0.286885874,4816
0.286893067,4815
0.286908419,4814
0.286936,4813
0.286950962,4812
0.286969947,4811
0.286977971,4810
0.286981044,4809
0.28705991,4808
0.287074238,4807
0.287090503,4806
0.28709876,4805
0.287103181,4804
0.287110861,4803
0.287119345,4802
0.287140553,4801
0.28714519,4800
0.287164965,4799
0.287168417,4798
0.287177379,4797
0.287513534,4796
0.287520094,4795
0.287546181,4794
0.287568884,4793
0.287583126,4792
0.287590716,4791
0.287612481,4790
0.287633858,4789
0.287670547,4788
0.287708934,4787
0.287713741,4786
0.287718702,4785
0.287724429,4784
0.287729845,4783
0.287743765,4782
0.287754861,4781
0.287760562,4780
0.287780837,4779
0.287785083,4778
0.287978777,4777
0.287988087,4776
0.287993238,4775
0.288021041,4774
0.288052367,4773
0.288061099,4772
0.288069188,4771
0.288074162,4770
0.28811261,4769
0.288118666,4768
0.288127108,4767
0.288131769,4766
0.288291539,4765
0.288296096,4764
0.288305146,4763
0.288325879,4762
0.288333444,4761
0.288475292,4760
0.288497685,4759
0.288602319,4758
0.288616126,4757
0.288942104,4756
0.288955905,4755
0.289018185,4754
0.289039673,4753
0.289260889,4752
