0.348556021,10181
0.348649532,10180
0.348729505,10179
0.348785821,10178
0.348891817,10177
0.34891322,10176
0.348931569,10175
0.348937572,10174
0.348942824,10173
0.348947748,10172
0.348952492,10171
0.348957253,10170
0.348962091,10169
0.348969034,10168
0.348975916,10167
0.348982376,10166
0.348988315,10165
0.348994026,10164
0.348999642,10163
0.349004955,10162
0.349010095,10161
0.349015172,10160
0.34902059,10159
0.349025683,10158
0.349030574,10157
0.349035452,10156
0.349042072,10155
0.349147605,10154
0.349165912,10153
0.349172198,10152
0.349177834,10151
0.349183586,10150
0.349189431,10149
0.349194855,10148
0.349200682,10147
0.349205784,10146
0.34921106,10145
0.349216108,10144
0.349221418,10143
0.349226335,10142
0.349233031,10141
0.349239389,10140
0.34924605,10139
0.34925393,10138
0.349261038,10137
0.349297598,10136
0.349306496,10135
0.349339507,10134
0.349345987,10133
0.349369443,10132
0.349376949,10131
0.349393606,10130
0.349408373,10129
0.349425114,10128
0.349440464,10127
0.349480189,10126
0.349488659,10125
0.349497043,10124
0.349539442,10123
0.349552528,10122
0.349565414,10121
0.349583844,10120
0.349598444,10119
0.34964049,10118
0.34968507,10117
0.353538462,10116
0.353553605,10115
0.353562622,10114
0.353573627,10113
0.353591846,10112
0.353602808,10111
0.353612742,10110
0.353631403,10109
0.353641233,10108
0.353689401,10107
0.353730911,10106
0.35379844,10105
0.353822248,10104
0.353859181,10103
0.353869648,10102
0.353915044,10101
0.353922833,10100
0.353935058,10099
0.353975482,10098
0.354045777,10097
0.354090835,10096
0.354101449,10095
0.354152471,10094
0.354160691,10093
0.354169858,10092
0.354179537,10091
0.354186752,10090
0.354195077,10089
0.354202682,10088
0.354211088,10087
0.354219255,10086
0.35422674,10085
0.354233855,10084
0.354241453,10083
0.354248814,10082
0.354256686,10081
0.35426677,10080
0.35427804,10079
0.354285157,10078
0.354291818,10077
0.354336566,10076
0.354341291,10075
0.354345278,10074
0.354349032,10073
0.354352629,10072
0.354356348,10071
0.35437775,10070
0.354386231,10069
0.354391271,10068
0.354396285,10067
0.354401234,10066
0.354406322,10065
0.35441149,10064
0.354416956,10063
0.354422678,10062
0.354428328,10061
0.354455801,10060
0.354462107,10059
0.354468886,10058
0.354477796,10057
0.354484676,10056
0.354491366,10055
0.354516646,10054
0.35452411,10053
0.354532663,10052
0.354541122,10051
0.354548708,10050
0.354554331,10049
0.354560102,10048
0.354566248,10047
0.354572161,10046
0.354577665,10045
0.354582681,10044
0.354588418,10043
0.354593558,10042
0.354599139,10041
0.354603772,10040
0.354608397,10039
0.354612653,10038
0.354616747,10037
0.354623807,10036
0.354629599,10035
0.354635281,10034
0.354641456,10033
0.354676772,10032
0.354683856,10031
0.35469077,10030
0.354697853,10029
0.354705107,10028
0.354711511,10027
0.354716882,10026
0.354721156,10025
0.354725357,10024
0.35472952,10023
0.354733323,10022
0.354737201,10021
0.354741182,10020
0.354747002,10019
0.354751282,10018
0.354755473,10017
0.354759421,10016
0.354763337,10015
0.354767327,10014
0.354771038,10013
0.354775269,10012
0.354779199,10011
0.354786803,10010
0.35479396,10009
0.354803097,10008
0.354816799,10007
0.354823313,10006
0.35482926,10005
0.354834954,10004
0.354842202,10003
0.354851145,10002
0.354885857,10001
0.35489349,10000
0.35490702,9999
0.354912784,9998
0.354918614,9997
0.354923449,9996
0.354927353,9995
0.354930969,9994
0.354936336,9993
0.354941822,9992
0.354947253,9991
0.354952091,9990
0.354961013,9989
0.354968824,9988
0.354974862,9987
0.35498065,9986
0.35498637,9985
0.35499145,9984
0.354996831,9983
0.355001774,9982
0.355006973,9981
0.355012384,9980
0.355016169,9979
0.355019907,9978
0.355023729,9977
0.355027766,9976
0.355031269,9975
0.355034641,9974
0.355038139,9973
0.355042027,9972
0.35504538,9971
0.355051845,9970
0.355056419,9969
0.355061243,9968
0.355068161,9967
0.35507262,9966
0.355076375,9965
0.355139606,9964
0.355143289,9963
0.355147821,9962
0.355151496,9961
0.355155661,9960
0.355159358,9959
0.355162849,9958
0.355167188,9957
0.355170955,9956
0.35517481,9955
0.355178611,9954
0.355182996,9953
0.355186756,9952
0.355191382,9951
0.355195268,9950
0.355576046,9949
0.355582614,9948
0.355586928,9947
0.355590497,9946
0.35559623,9945
0.355601309,9944
0.355606153,9943
0.3556115,9942
0.355620172,9941
0.355625475,9940
0.355631042,9939
0.355636027,9938
0.355641365,9937
0.355646799,9936
0.35565296,9935
0.355659133,9934
0.355664352,9933
0.355669578,9932
0.355674958,9931
0.355680723,9930
0.355686565,9929
0.355692199,9928
0.355698328,9927
0.355719372,9926
0.355724314,9925
0.355728932,9924
0.355733235,9923
0.355768639,9922
0.355773034,9921
0.355776969,9920
0.355781178,9919
0.355784904,9918
0.355788857,9917
0.355792494,9916
0.355796122,9915
0.355799888,9914
0.355803698,9913
0.35580723,9912
0.35581105,9911
0.355814398,9910
0.355817447,9909
0.355820655,9908
0.355823822,9907
0.35582707,9906
0.355830158,9905
0.355833303,9904
0.355836608,9903
0.355839756,9902
0.355842957,9901
0.355846321,9900
0.355849165,9899
0.355852423,9898
0.355855627,9897
0.355858868,9896
0.355862296,9895
0.355866165,9894
0.355869843,9893
0.355873074,9892
0.355876305,9891
0.35587961,9890
0.355882915,9889
0.355886226,9888
0.355889521,9887
0.355892886,9886
0.355895762,9885
0.355898826,9884
0.35590194,9883
0.355905373,9882
0.355909322,9881
0.355912891,9880
0.35591702,9879
0.355921206,9878
0.355926365,9877
0.35593106,9876
0.355935489,9875
0.355939354,9874
0.355943008,9873
0.355946932,9872
0.355951357,9871
0.355955595,9870
0.355960207,9869
0.355963979,9868
0.355967432,9867
0.355971001,9866
0.355974221,9865
0.355978734,9864
0.355982487,9863
0.355986125,9862
0.35599038,9861
0.355994665,9860
0.35599915,9859
0.356003418,9858
0.356007965,9857
0.356013025,9856
0.356017685,9855
0.356021985,9854
0.356025977,9853
0.356029912,9852
0.35603416,9851
0.356038316,9850
0.356051595,9849
0.356058739,9848
0.356660843,9847
0.35670027,9846
0.356707485,9845
0.356713154,9844
0.35671835,9843
0.356723575,9842
0.356727797,9841
0.356731681,9840
0.356736553,9839
0.35674112,9838
0.356745477,9837
0.356749618,9836
0.356754172,9835
0.356758913,9834
0.356763059,9833
0.356767324,9832
0.356773494,9831
0.356777939,9830
0.35678215,9829
0.3567866,9828
0.356790699,9827
0.356794192,9826
0.356797249,9825
0.356803009,9824
0.35680661,9823
0.356810124,9822
0.35681346,9821
0.356816783,9820
0.356820067,9819
0.356823356,9818
0.356826948,9817
0.356830201,9816
0.356833169,9815
0.356837847,9814
0.356858818,9813
0.356862197,9812
0.356865973,9811
0.356883133,9810
0.356888043,9809
0.356891001,9808
0.356894076,9807
0.3568976,9806
0.356901769,9805
0.356906149,9804
0.356910597,9803
0.356914353,9802
0.356917927,9801
0.356921362,9800
0.356924652,9799
0.356929452,9798
0.35693303,9797
0.35693973,9796
0.356943387,9795
0.356947351,9794
0.356950943,9793
0.356954488,9792
0.356959718,9791
0.356963423,9790
0.356967748,9789
0.356971443,9788
0.356975627,9787
0.357033392,9786
0.357037916,9785
0.357046223,9784
0.357070766,9783
0.357082829,9782
0.357120738,9781
0.35712415,9780
0.357127822,9779
0.357131277,9778
0.357135069,9777
0.357138532,9776
0.357142012,9775
0.357145569,9774
0.357149221,9773
0.35715291,9772
0.357156799,9771
0.357165209,9770
0.357168643,9769
0.357172293,9768
0.357175998,9767
0.357179235,9766
0.357182608,9765
0.357185659,9764
0.357188755,9763
0.357192084,9762
0.357194977,9761
0.357198212,9760
0.357201266,9759
0.357204318,9758
0.357213121,9757
0.357235239,9756
0.357262664,9755
0.357266164,9754
0.357269091,9753
0.357272134,9752
0.357275612,9751
0.357278478,9750
0.357281172,9749
0.357284733,9748
0.357287667,9747
0.357291187,9746
0.357293949,9745
0.357296411,9744
0.357299398,9743
0.357301921,9742
0.357304514,9741
0.357308127,9740
0.357311592,9739
0.357314215,9738
0.357316903,9737
0.357320468,9736
0.357323368,9735
0.357326868,9734
0.357329589,9733
0.357332286,9732
0.35733506,9731
0.35733776,9730
0.357340543,9729
0.357343489,9728
0.357346362,9727
0.35734931,9726
0.357352307,9725
0.35735583,9724
0.357358438,9723
0.357361017,9722
0.357363924,9721
0.357366462,9720
0.357369209,9719
0.357371801,9718
0.357374951,9717
0.357377828,9716
0.35738048,9715
0.35738393,9714
0.357386592,9713
0.357389087,9712
0.357391611,9711
0.357394177,9710
0.357397349,9709
0.357400295,9708
0.357403265,9707
0.357406275,9706
0.357409201,9705
0.357412096,9704
0.357415836,9703
0.357418506,9702
0.357421193,9701
0.357424016,9700
0.357426982,9699
0.357430127,9698
0.357432785,9697
0.357436365,9696
0.357452441,9695
0.357458106,9694
0.357462492,9693
0.357466344,9692
0.357469367,9691
0.357472707,9690
0.357476311,9689
0.357479647,9688
0.357483592,9687
0.357486727,9686
0.357489532,9685
0.357492235,9684
0.357494761,9683
0.357497466,9682
0.357500125,9681
0.357502522,9680
0.357506132,9679
0.357508735,9678
0.357511766,9677
0.35751424,9676
0.357516992,9675
0.357519583,9674
0.357522475,9673
0.357525367,9672
0.357530574,9671
0.357541003,9670
0.357544139,9669
0.357546962,9668
0.35754995,9667
0.357552868,9666
0.357555737,9665
0.357558973,9664
0.357561673,9663
0.357622311,9662
0.357625129,9661
0.357627907,9660
0.357630731,9659
0.35763353,9658
0.35763601,9657
0.35763857,9656
0.357641108,9655
0.357643571,9654
0.357646023,9653
0.357648335,9652
0.357650844,9651
0.357659272,9650
0.357664668,9649
0.357669481,9648
0.357672478,9647
0.357674988,9646
0.357677553,9645
0.357680407,9644
0.357683023,9643
0.357685412,9642
0.357687868,9641
0.357690565,9640
0.357693113,9639
0.357695659,9638
0.357698011,9637
0.357700321,9636
0.357702595,9635
0.357705034,9634
0.357707409,9633
0.357710001,9632
0.35771218,9631
0.357714646,9630
0.357716846,9629
0.357719315,9628
0.357721742,9627
0.357724079,9626
0.357726318,9625
0.357729193,9624
0.357731792,9623
0.35773467,9622
0.357737218,9621
0.357739785,9620
0.357742132,9619
0.357744288,9618
0.357747294,9617
0.357749835,9616
0.357752325,9615
0.357754825,9614
0.357758677,9613
0.357761588,9612
0.357764628,9611
0.357767317,9610
0.357769844,9609
0.357773127,9608
0.357775397,9607
0.357777713,9606
0.357780765,9605
0.357783211,9604
0.357785537,9603
0.357788569,9602
0.357791541,9601
0.357794596,9600
0.357797811,9599
0.357800635,9598
0.357803393,9597
0.357805906,9596
0.357808435,9595
0.357810744,9594
0.357813388,9593
0.357815964,9592
0.357819034,9591
0.357822186,9590
0.35782491,9589
0.357828191,9588
0.357830619,9587
0.357833521,9586
0.357836158,9585
0.357838503,9584
0.357840971,9583
0.357843633,9582
0.357846238,9581
0.357849,9580
0.357851674,9579
0.357854203,9578
0.357856773,9577
0.357859126,9576
0.357861773,9575
0.357864177,9574
0.357866396,9573
0.357868638,9572
0.357871109,9571
0.357873408,9570
0.357877112,9569
0.357889873,9568
0.357892726,9567
0.357895734,9566
0.357899201,9565
0.357901836,9564
0.357931069,9563
0.35793369,9562
0.35793621,9561
0.35793876,9560
0.357941605,9559
0.35794406,9558
0.357946467,9557
0.357948779,9556
0.357951029,9555
0.357953661,9554
0.357955805,9553
0.357958284,9552
0.357960464,9551
0.357962761,9550
0.357965076,9549
0.357967466,9548
0.357969804,9547
0.357972022,9546
0.357974287,9545
0.357976545,9544
0.357978791,9543
0.357981033,9542
0.357983526,9541
0.357986771,9540
0.35798973,9539
0.357992616,9538
0.357995445,9537
0.357998215,9536
0.358001275,9535
0.358003929,9534
0.358006914,9533
0.358010051,9532
0.35801326,9531
0.358016002,9530
0.358018664,9529
0.358045497,9528
0.358129932,9527
0.358144466,9526
0.358186383,9525
0.358191378,9524
0.358197385,9523
0.358201831,9522
0.358206263,9521
0.358211445,9520
0.358218768,9519
0.358227369,9518
0.358231974,9517
0.358238655,9516
0.358244554,9515
0.358248839,9514
0.358253403,9513
0.358257853,9512
0.358262663,9511
0.358266712,9510
0.35827842,9509
0.35832707,9508
0.358365494,9507
0.358369797,9506
0.358374197,9505
0.358377782,9504
0.358381822,9503
0.358385776,9502
0.358388908,9501
0.358392202,9500
0.358396157,9499
0.358399067,9498
0.358401736,9497
0.358404415,9496
0.358407348,9495
0.358410621,9494
0.358413521,9493
0.358416521,9492
0.358419503,9491
0.358422489,9490
0.35842572,9489
0.358428719,9488
0.358431522,9487
0.358434535,9486
0.358437651,9485
0.358440801,9484
0.3584437,9483
0.358446729,9482
0.35844993,9481
0.358452811,9480
0.358456202,9479
0.358458793,9478
0.358461811,9477
0.358464914,9476
0.358468439,9475
0.358471592,9474
0.358474653,9473
0.358477512,9472
0.358479899,9471
0.358484327,9470
0.358487571,9469
0.358490246,9468
0.358492623,9467
0.358495544,9466
0.358498218,9465
0.358500536,9464
0.358502968,9463
0.358505287,9462
0.358507861,9461
0.358510688,9460
0.358513298,9459
0.358515648,9458
0.358518362,9457
0.358521747,9456
0.358525405,9455
0.358528815,9454
0.358571817,9453
0.358576867,9452
0.358580805,9451
0.358584486,9450
0.35858781,9449
0.358591217,9448
0.358594342,9447
0.358597306,9446
0.358599955,9445
0.358611051,9444
0.358615879,9443
0.358619388,9442
0.358622519,9441
0.358625179,9440
0.358627695,9439
0.35863018,9438
0.358633169,9437
0.358635807,9436
0.358638142,9435
0.358640661,9434
0.358643283,9433
0.358646833,9432
0.358650115,9431
0.358653163,9430
0.358656332,9429
0.358659357,9428
0.358662602,9427
0.358665494,9426
0.358668815,9425
0.358671668,9424
0.358675101,9423
0.35867822,9422
0.358681726,9421
0.358684741,9420
0.358687792,9419
0.358691633,9418
0.358695004,9417
0.358698759,9416
0.358702214,9415
0.358705513,9414
0.3587163,9413
0.358720203,9412
0.358724368,9411
0.358763026,9410
0.358767862,9409
0.358771002,9408
0.358773953,9407
0.358776578,9406
0.358779015,9405
0.358781542,9404
0.358784047,9403
0.358788275,9402
0.358791773,9401
0.358795658,9400
0.358798657,9399
0.358802223,9398
0.35880604,9397
0.358809026,9396
0.358812049,9395
0.358814912,9394
0.358817578,9393
0.358820445,9392
0.358823451,9391
0.35882659,9390
0.358830152,9389
0.358833235,9388
0.358836158,9387
0.358839362,9386
0.358842381,9385
0.358845529,9384
0.358848467,9383
0.358851965,9382
0.358855399,9381
0.35885849,9380
0.358862012,9379
0.358865318,9378
0.358868304,9377
0.35887137,9376
0.358874159,9375
0.358877086,9374
0.358880084,9373
0.3588831,9372
0.358886022,9371
0.358889205,9370
0.358892929,9369
0.358896472,9368
0.358899772,9367
0.358903132,9366
0.358906227,9365
0.358909303,9364
0.358912589,9363
0.358916078,9362
0.358918789,9361
0.358922021,9360
0.358926122,9359
0.358929251,9358
0.358932482,9357
0.358935341,9356
0.358938565,9355
0.358941311,9354
0.358944192,9353
0.358946874,9352
0.35894984,9351
0.358952308,9350
0.358957061,9349
0.358960468,9348
0.358963193,9347
0.35896615,9346
0.358969385,9345
0.358972668,9344
0.358975459,9343
0.358978597,9342
0.358982731,9341
0.358986207,9340
0.358989661,9339
0.358993092,9338
0.35899655,9337
0.359000417,9336
0.359003487,9335
0.359007136,9334
0.359009843,9333
0.35901257,9332
0.359015407,9331
0.3590181,9330
0.359020602,9329
0.359022922,9328
0.359025303,9327
0.35902784,9326
0.359030534,9325
0.359053093,9324
0.359055717,9323
0.359058477,9322
0.359061059,9321
0.359063377,9320
0.359067282,9319
0.359070937,9318
0.359074398,9317
0.359077598,9316
0.359080728,9315
0.359083912,9314
0.359086936,9313
0.359089618,9312
0.359092306,9311
0.359095172,9310
0.359098004,9309
0.359100706,9308
0.359103757,9307
0.359106148,9306
0.35910862,9305
0.359111052,9304
0.359113439,9303
0.359116147,9302
0.359118761,9301
0.359121576,9300
0.359125349,9299
0.359128384,9298
0.359131405,9297
0.359134299,9296
0.359137034,9295
0.35914005,9294
0.359143265,9293
0.359146086,9292
0.359149794,9291
0.359153158,9290
0.359156426,9289
0.359159839,9288
0.359163231,9287
0.359166316,9286
0.359169518,9285
0.35917259,9284
0.359176153,9283
0.359179274,9282
0.359183122,9281
0.359187224,9280
0.35919053,9279
0.359193667,9278
0.359197269,9277
0.359200627,9276
0.359204157,9275
0.359207497,9274
0.359210739,9273
0.359213962,9272
0.359217506,9271
0.359220784,9270
0.359224397,9269
0.359227688,9268
0.35923161,9267
0.359234507,9266
0.359237856,9265
0.359243514,9264
0.359248508,9263
0.359252623,9262
0.359255453,9261
0.359257937,9260
0.359261151,9259
0.359264321,9258
0.359267257,9257
0.359270956,9256
0.359273871,9255
0.359276663,9254
0.35927937,9253
0.359282183,9252
0.359284963,9251
0.359287861,9250
0.359290317,9249
0.359292882,9248
0.359295288,9247
0.359298116,9246
0.35930061,9245
0.359303188,9244
0.359305646,9243
0.359308091,9242
0.359311213,9241
0.359314066,9240
0.359316486,9239
0.359318997,9238
0.359321358,9237
0.359323904,9236
0.359326558,9235
0.359329511,9234
0.359332559,9233
0.359335236,9232
0.359338319,9231
0.359341009,9230
0.359344313,9229
0.359347046,9228
0.359350559,9227
0.359353094,9226
0.359355681,9225
0.359358032,9224
0.359360331,9223
0.359362689,9222
0.359365905,9221
0.359368768,9220
0.359372284,9219
0.359374903,9218
0.359377305,9217
0.35938006,9216
0.359383466,9215
0.359387011,9214
0.359389962,9213
0.359393167,9212
0.35939586,9211
0.359399353,9210
0.359402461,9209
0.359405755,9208
0.359408343,9207
0.359411595,9206
0.35941659,9205
0.359420235,9204
0.359422922,9203
0.35942553,9202
0.359428269,9201
0.35943127,9200
0.359433806,9199
0.359436461,9198
0.359439092,9197
0.359441437,9196
0.359444127,9195
0.359446246,9194
0.359448949,9193
0.359451082,9192
0.359454382,9191
0.359456887,9190
0.359459398,9189
0.359461719,9188
0.359464288,9187
0.359466622,9186
0.359469493,9185
0.359472625,9184
0.359475125,9183
0.359478227,9182
0.359494768,9181
0.359497782,9180
0.359500505,9179
0.359503085,9178
0.359507207,9177
0.359510533,9176
0.359513159,9175
0.35951567,9174
0.359518082,9173
0.359520993,9172
0.359523726,9171
0.359526056,9170
0.359531238,9169
0.359534783,9168
0.359537448,9167
0.359540704,9166
0.359543506,9165
0.359546742,9164
0.359549289,9163
0.359552154,9162
0.359554835,9161
0.359557307,9160
0.359559866,9159
0.359562238,9158
0.359565038,9157
0.35956749,9156
0.359569867,9155
0.359572481,9154
0.359575061,9153
0.359577478,9152
0.35958008,9151
0.359582605,9150
0.359585296,9149
0.359587713,9148
0.359590218,9147
0.359592635,9146
0.359594963,9145
0.359597703,9144
0.359600062,9143
0.359602514,9142
0.359604908,9141
0.359607311,9140
0.359609665,9139
0.359612107,9138
0.35961563,9137
0.359617703,9136
0.359619843,9135
0.359621844,9134
0.359623846,9133
0.359625845,9132
0.359628019,9131
0.359630133,9130
0.359632199,9129
0.359634739,9128
0.359636713,9127
0.359638796,9126
0.359641166,9125
0.359643426,9124
0.359645692,9123
0.359648683,9122
0.359651264,9121
0.359653873,9120
0.359656609,9119
0.359659162,9118
0.359661636,9117
0.359664088,9116
0.359666627,9115
0.359669389,9114
0.359671884,9113
0.35967445,9112
0.359677132,9111
0.359681327,9110
0.359684415,9109
0.359686947,9108
0.359689461,9107
0.359693791,9106
0.359696644,9105
0.359699481,9104
0.359702139,9103
0.359704702,9102
0.359707132,9101
0.359709293,9100
0.359711502,9099
0.359713803,9098
0.359716151,9097
0.359718618,9096
0.359720755,9095
0.359723308,9094
0.359725449,9093
0.359727982,9092
0.359730493,9091
0.359733016,9090
0.359735528,9089
0.359738136,9088
0.359740625,9087
0.359742846,9086
0.359746274,9085
0.359749441,9084
0.359752115,9083
0.359757713,9082
0.359760158,9081
0.359762527,9080
0.359764837,9079
0.359767703,9078
0.359770091,9077
0.359772734,9076
0.359775316,9075
0.359778033,9074
0.35978053,9073
0.359782996,9072
0.359785503,9071
0.35978807,9070
0.359790535,9069
0.3597927,9068
0.359795052,9067
0.359797189,9066
0.35980011,9065
0.35980291,9064
0.359805281,9063
0.35980755,9062
0.359809914,9061
0.359812457,9060
0.359815173,9059
0.359817659,9058
0.359821203,9057
0.359824388,9056
0.359827065,9055
0.359829777,9054
0.359832786,9053
0.359835954,9052
0.359838514,9051
0.359841097,9050
0.3598439,9049
0.359846398,9048
0.359848737,9047
0.359850908,9046
0.359853273,9045
0.359855336,9044
0.359857388,9043
0.359859179,9042
0.359861297,9041
0.359863313,9040
0.359865436,9039
0.359867577,9038
0.35986948,9037
0.359871408,9036
0.35987416,9035
0.359876962,9034
0.35987978,9033
0.359882842,9032
0.359885489,9031
0.359888549,9030
0.359891318,9029
0.359894239,9028
0.359896985,9027
0.359899656,9026
0.359902601,9025
0.359905385,9024
0.359907909,9023
0.359910484,9022
0.359912811,9021
0.359915889,9020
0.359918297,9019
0.3599211,9018
0.359923697,9017
0.359926435,9016
0.359929117,9015
0.359931967,9014
0.359934457,9013
0.359936925,9012
0.359939237,9011
0.359941582,9010
0.359944417,9009
0.359947298,9008
0.359950239,9007
0.359953172,9006
0.35995608,9005
0.359959059,9004
0.359961963,9003
0.359965331,9002
0.359968073,9001
0.35997054,9000
0.359972865,8999
0.359975509,8998
0.359977996,8997
0.359981187,8996
0.359984159,8995
0.359986254,8994
0.359989071,8993
0.359991843,8992
0.359994865,8991
0.3599977,8990
0.360000346,8989
0.360003474,8988
0.360006113,8987
0.360008703,8986
0.360011819,8985
0.360014518,8984
0.360017053,8983
0.360019548,8982
0.360021933,8981
0.360024198,8980
0.360026862,8979
0.360029164,8978
0.360031518,8977
0.360033715,8976
0.360036846,8975
0.360039871,8974
0.3600425,8973
0.360045154,8972
0.360047677,8971
0.360050369,8970
0.360053826,8969
0.360056607,8968
0.360059613,8967
0.360062596,8966
0.360065176,8965
0.360068155,8964
0.360070885,8963
0.36007395,8962
0.36007701,8961
0.360080013,8960
0.360082805,8959
0.360085244,8958
0.360087566,8957
0.36008993,8956
0.36009287,8955
0.360095419,8954
0.360098313,8953
0.360100846,8952
0.360103752,8951
0.360107041,8950
0.360110921,8949
0.360113734,8948
0.360116074,8947
0.360119105,8946
0.360121425,8945
0.360123673,8944
0.360126552,8943
0.360129358,8942
0.360132609,8941
0.360135537,8940
0.36013826,8939
0.360148825,8938
0.360151716,8937
0.360154165,8936
0.360156873,8935
0.360159498,8934
0.360161952,8933
0.360164428,8932
0.360166934,8931
0.360169431,8930
0.360171848,8929
0.360174426,8928
0.360176888,8927
0.360179214,8926
0.360181559,8925
0.360184041,8924
0.36018622,8923
0.360190111,8922
0.36019246,8921
0.360194721,8920
0.360196919,8919
0.360199591,8918
0.360201932,8917
0.360204243,8916
0.360206623,8915
0.360209034,8914
0.360211837,8913
0.360214514,8912
0.360217259,8911
0.360220291,8910
0.360223008,8909
0.360225893,8908
0.360230612,8907
0.360233394,8906
0.360236065,8905
0.360238619,8904
0.360241282,8903
0.360243841,8902
0.360248945,8901
0.360251721,8900
0.360254685,8899
0.360258231,8898
0.360260667,8897
0.36026327,8896
0.360265904,8895
0.360268395,8894
0.360271272,8893
0.360273706,8892
0.360276075,8891
0.360278626,8890
0.360280935,8889
0.360283377,8888
0.360285894,8887
0.360288105,8886
0.360290417,8885
0.360292703,8884
0.360295058,8883
0.360297858,8882
0.360300094,8881
0.360302412,8880
0.360304812,8879
0.360306698,8878
0.360308539,8877
0.360310367,8876
0.36031225,8875
0.36031433,8874
0.360316188,8873
0.360318109,8872
0.360320207,8871
0.360322229,8870
0.36032428,8869
0.360326511,8868
0.360328636,8867
0.360330779,8866
0.360332769,8865
0.360335145,8864
0.36033751,8863
0.360339857,8862
0.360341963,8861
0.360344819,8860
0.360347011,8859
0.360349575,8858
0.360352307,8857
0.360354349,8856
0.360356704,8855
0.360358913,8854
0.360361312,8853
0.360363799,8852
0.360366281,8851
0.360368452,8850
0.360370676,8849
0.360373275,8848
0.360375759,8847
0.360378156,8846
0.360380612,8845
0.360384855,8844
0.36038917,8843
0.360391835,8842
0.360394238,8841
0.360396752,8840
0.360400352,8839
0.360403495,8838
0.360406436,8837
0.360409959,8836
0.360412566,8835
0.360415153,8834
0.360417714,8833
0.360420322,8832
0.360422692,8831
0.36042522,8830
0.360427643,8829
0.360429959,8828
0.360432044,8827
0.360434159,8826
0.360437395,8825
0.360439816,8824
0.360442872,8823
0.360445648,8822
0.360448235,8821
0.36045066,8820
0.360452882,8819
0.360455426,8818
0.36045772,8817
0.360460088,8816
0.360462365,8815
0.360464482,8814
0.360466363,8813
0.360468913,8812
0.360471417,8811
0.360474022,8810
0.360476321,8809
0.360485714,8808
0.360488864,8807
0.360491439,8806
0.360494235,8805
0.360498026,8804
0.360501093,8803
0.360504404,8802
0.36050752,8801
0.360510561,8800
0.360513478,8799
0.360516429,8798
0.360519076,8797
0.360521813,8796
0.360525641,8795
0.36052941,8794
0.360532124,8793
0.360534915,8792
0.360537679,8791
0.360540634,8790
0.360543596,8789
0.360546551,8788
0.360549625,8787
0.360552441,8786
0.360555573,8785
0.360558603,8784
0.360561469,8783
0.360564635,8782
0.360567408,8781
0.360570216,8780
0.360573076,8779
0.360576008,8778
0.360579287,8777
0.360583078,8776
0.360586087,8775
0.36058922,8774
0.360592114,8773
0.360595333,8772
0.360598307,8771
0.360601392,8770
0.360604133,8769
0.360606838,8768
0.360609662,8767
0.360612527,8766
0.360615247,8765
0.361744433,8764
0.361750533,8763
0.361753593,8762
0.36175837,8761
0.361761712,8760
0.361764588,8759
0.361767327,8758
0.361769984,8757
0.361772748,8756
0.361775284,8755
0.36177774,8754
0.361781304,8753
0.361784347,8752
0.361787253,8751
0.361790108,8750
0.361792916,8749
0.361795882,8748
0.361798555,8747
0.361801422,8746
0.361804501,8745
0.361807552,8744
0.361810913,8743
0.361813904,8742
0.361817067,8741
0.361819835,8740
0.361822625,8739
0.361825654,8738
0.361828538,8737
0.361832066,8736
0.361835652,8735
0.361838843,8734
0.361842668,8733
0.361846486,8732
0.361849112,8731
0.361851764,8730
0.3622807,8729
0.362285219,8728
0.362288072,8727
0.362290856,8726
0.362295305,8725
0.362298837,8724
0.362302383,8723
0.362306121,8722
0.362309832,8721
0.362313135,8720
0.362317724,8719
0.362320994,8718
0.362324208,8717
0.362328422,8716
0.362332665,8715
0.362335757,8714
0.362339345,8713
0.362342698,8712
0.362346086,8711
0.36235191,8710
0.362354935,8709
0.362357852,8708
0.362361123,8707
0.362364275,8706
0.362367311,8705
0.362372713,8704
0.362375519,8703
0.362379653,8702
0.36238296,8701
0.362386173,8700
0.362390721,8699
0.36239382,8698
0.362397156,8697
0.362404354,8696
0.362407784,8695
0.362410825,8694
0.362414076,8693
0.362417311,8692
0.362420183,8691
0.362423398,8690
0.362426086,8689
0.362430015,8688
0.362433575,8687
0.362438706,8686
0.362444654,8685
0.362448125,8684
0.362451391,8683
0.36245515,8682
0.362458792,8681
0.36246176,8680
0.362464699,8679
0.362467133,8678
0.362469944,8677
0.362474465,8676
0.362477664,8675
0.362480428,8674
0.362483884,8673
0.362486909,8672
0.362489759,8671
0.362492675,8670
0.362495745,8669
0.362498736,8668
0.362501839,8667
0.362504736,8666
0.362508082,8665
0.362511097,8664
0.362513994,8663
0.362517035,8662
0.362520263,8661
0.362522872,8660
0.362525756,8659
0.36252858,8658
0.362533362,8657
0.362536069,8656
0.362539136,8655
0.362543235,8654
0.362545957,8653
0.362548736,8652
0.362551587,8651
0.362554421,8650
0.362557795,8649
0.362560909,8648
0.362563908,8647
0.362567926,8646
0.362570792,8645
0.362573335,8644
0.362575771,8643
0.362578485,8642
0.362581303,8641
0.362584005,8640
0.362588434,8639
0.362591445,8638
0.36260368,8637
0.362607561,8636
0.36261082,8635
0.362613799,8634
0.362616591,8633
0.362620106,8632
0.362623035,8631
0.362625934,8630
0.362628669,8629
0.362631759,8628
0.362634701,8627
0.362637614,8626
0.362641081,8625
0.362644249,8624
0.362647197,8623
0.36265191,8622
0.362654957,8621
0.362657707,8620
0.362662096,8619
0.362666351,8618
0.362669241,8617
0.362672121,8616
0.362675449,8615
0.362678757,8614
0.362682512,8613
0.362686257,8612
0.36269035,8611
0.36269521,8610
0.362698652,8609
0.362701476,8608
0.362705036,8607
0.362708449,8606
0.362711358,8605
0.362714184,8604
0.362717468,8603
0.362720668,8602
0.362724532,8601
0.362727741,8600
0.362732192,8599
0.362735892,8598
0.36273889,8597
0.362741824,8596
0.362744727,8595
0.362747984,8594
0.362750624,8593
0.362753942,8592
0.36275839,8591
0.362760985,8590
0.362763837,8589
0.362766582,8588
0.362769391,8587
0.362774006,8586
0.362776785,8585
0.362781737,8584
0.362785422,8583
0.362788678,8582
0.36279179,8581
0.362794854,8580
0.362797783,8579
0.36280166,8578
0.362804874,8577
0.36280904,8576
0.362814153,8575
0.362816909,8574
0.362819919,8573
0.362823356,8572
0.362825942,8571
0.362829213,8570
0.362831922,8569
0.362834307,8568
0.36283697,8567
0.362840281,8566
0.362842923,8565
0.362846963,8564
0.362850038,8563
0.362853923,8562
0.362857203,8561
0.362860738,8560
0.362864267,8559
0.362867108,8558
0.362871128,8557
0.36287415,8556
0.362878194,8555
0.362881986,8554
0.362885825,8553
0.362889555,8552
0.362892584,8551
0.362896683,8550
0.362900248,8549
0.362903145,8548
0.362907168,8547
0.362910502,8546
0.36291554,8545
0.362918832,8544
0.362921732,8543
0.362924678,8542
0.362927597,8541
0.362931476,8540
0.362934476,8539
0.362937298,8538
0.362940029,8537
0.362942548,8536
0.362946673,8535
0.362962464,8534
0.362966231,8533
0.362969584,8532
0.362972543,8531
0.362975676,8530
0.362978809,8529
0.362983609,8528
0.362986688,8527
0.362991026,8526
0.362994369,8525
0.362997357,8524
0.363000482,8523
0.363003264,8522
0.36300605,8521
0.363010208,8520
0.363013464,8519
0.363016353,8518
0.363020099,8517
0.363022403,8516
0.363024828,8515
0.363027551,8514
0.363030132,8513
0.363033155,8512
0.363035606,8511
0.363038079,8510
0.363040972,8509
0.363044396,8508
0.363046871,8507
0.363049631,8506
0.36305231,8505
0.363054902,8504
0.363057603,8503
0.36306041,8502
0.363063056,8501
0.363065917,8500
0.363070754,8499
0.363074992,8498
0.363078274,8497
0.363081121,8496
0.363083576,8495
0.363087804,8494
0.363090465,8493
0.363093009,8492
0.36309579,8491
0.363098578,8490
0.363101995,8489
0.363104803,8488
0.363107239,8487
0.363110497,8486
0.363113761,8485
0.363117108,8484
0.36312015,8483
0.363123193,8482
0.363126225,8481
0.363129257,8480
0.363132305,8479
0.36313528,8478
0.363139232,8477
0.363141684,8476
0.36314415,8475
0.363146459,8474
0.363148937,8473
0.363151449,8472
0.363154034,8471
0.363156926,8470
0.363159652,8469
0.363162349,8468
0.363164868,8467
0.363167377,8466
0.363170058,8465
0.363174086,8464
0.363176726,8463
0.363179255,8462
0.363182661,8461
0.363185783,8460
0.363188461,8459
0.363191134,8458
0.363194116,8457
0.363196732,8456
0.363201058,8455
0.363205627,8454
0.363208982,8453
0.36321365,8452
0.363216436,8451
0.363219316,8450
0.363221977,8449
0.363224874,8448
0.363228489,8447
0.363236322,8446
0.363241033,8445
0.363244472,8444
0.363247601,8443
0.36325123,8442
0.36325488,8441
0.363260314,8440
0.363263869,8439
0.363267859,8438
0.363271588,8437
0.363275132,8436
0.363280585,8435
0.36334123,8434
0.36334565,8433
0.363349135,8432
0.363353095,8431
0.363356955,8430
0.363363269,8429
0.363367326,8428
0.363370566,8427
0.363373485,8426
0.363376163,8425
0.363378971,8424
0.36338191,8423
0.363384549,8422
0.363387316,8421
0.36339027,8420
0.363393065,8419
0.363397468,8418
0.363401566,8417
0.36340447,8416
0.363407236,8415
0.363410169,8414
0.363413385,8413
0.363416643,8412
0.363419982,8411
0.363423053,8410
0.363426572,8409
0.363429344,8408
0.363432179,8407
0.363435123,8406
0.363438262,8405
0.363441066,8404
0.3634438,8403
0.363446572,8402
0.363449955,8401
0.363454836,8400
0.363457949,8399
0.363461109,8398
0.363464722,8397
0.36346802,8396
0.36347135,8395
0.363474089,8394
0.363477096,8393
0.363480541,8392
0.363484061,8391
0.363486924,8390
0.363490557,8389
0.363494503,8388
0.363498877,8387
0.363501653,8386
0.363504933,8385
0.363507895,8384
0.363511254,8383
0.363515334,8382
0.363518175,8381
0.363520956,8380
0.363523766,8379
0.363526464,8378
0.363529115,8377
0.363531819,8376
0.363542816,8375
0.363546147,8374
0.363548701,8373
0.363553345,8372
0.363556686,8371
0.363560133,8370
0.363563361,8369
0.363567803,8368
0.363571397,8367
0.363576303,8366
0.363579142,8365
0.363582811,8364
0.363586339,8363
0.363590061,8362
0.363592878,8361
0.363595858,8360
0.3635995,8359
0.363603342,8358
0.3636089,8357
0.363617583,8356
0.36362084,8355
0.363624797,8354
0.36362781,8353
0.363630852,8352
0.363635044,8351
0.363638192,8350
0.363641625,8349
0.363646173,8348
0.363651464,8347
0.363654517,8346
0.363659091,8345
0.363662135,8344
0.36366548,8343
0.363668513,8342
0.363671389,8341
0.363674261,8340
0.363678196,8339
0.363681039,8338
0.363683315,8337
0.363685682,8336
0.363687956,8335
0.363717942,8334
0.363721558,8333
0.363725115,8332
0.363728249,8331
0.363732212,8330
0.363735295,8329
0.363739084,8328
0.363741602,8327
0.363744368,8326
0.363747046,8325
0.363750494,8324
0.363753584,8323
0.363756669,8322
0.363759479,8321
0.363762454,8320
0.363767136,8319
0.363770181,8318
0.363773651,8317
0.363776359,8316
0.363778809,8315
0.363781424,8314
0.363783843,8313
0.363787161,8312
0.363789977,8311
0.36379391,8310
0.363798069,8309
0.363801324,8308
0.363804078,8307
0.363807574,8306
0.363810105,8305
0.363812857,8304
0.363816678,8303
0.36382003,8302
0.363823336,8301
0.363826769,8300
0.363830038,8299
0.363833135,8298
0.363836613,8297
0.363840628,8296
0.364145078,8295
0.364149717,8294
0.364154857,8293
0.364159688,8292
0.364168038,8291
0.364172445,8290
0.36417927,8289
0.364183711,8288
0.364192642,8287
0.364205546,8286
0.364210292,8285
0.364223408,8284
0.364249306,8283
0.364257294,8282
0.364266832,8281
0.36427019,8280
0.364313639,8279
0.364319118,8278
0.36433205,8277
0.364339783,8276
0.364356823,8275
0.364363004,8274
0.364400169,8273
0.364404079,8272
0.364407835,8271
0.364411806,8270
0.364417995,8269
0.364424144,8268
0.364427898,8267
0.364432265,8266
0.364447952,8265
0.364452484,8264
0.364457254,8263
0.364460799,8262
0.364464465,8261
0.364471071,8260
0.364477623,8259
0.364484393,8258
0.364506322,8257
0.364513327,8256
0.364516873,8255
0.364521825,8254
0.364527443,8253
0.364532528,8252
0.364536453,8251
0.364542989,8250
0.364547787,8249
0.364553423,8248
0.364557162,8247
0.364561983,8246
0.364570909,8245
0.364580831,8244
0.364591148,8243
0.364603218,8242
0.364618187,8241
0.364627995,8240
0.364631627,8239
0.36463512,8238
0.364638517,8237
0.364644172,8236
0.364648831,8235
0.364653538,8234
0.364658266,8233
0.364661444,8232
0.36466522,8231
0.364670002,8230
0.36467405,8229
0.364686889,8228
0.364694786,8227
0.364806057,8226
0.364822213,8225
0.364828224,8224
0.364847227,8223
0.364851414,8222
0.36485673,8221
0.364871334,8220
0.364875861,8219
0.364883155,8218
0.364903656,8217
0.364908101,8216
0.364913764,8215
0.364925273,8214
0.365245651,8213
0.365251753,8212
0.365255806,8211
0.365263922,8210
0.365271942,8209
0.365277211,8208
0.365281761,8207
0.365285407,8206
0.365289137,8205
0.365293946,8204
0.36529781,8203
0.365305018,8202
0.365308624,8201
0.365312364,8200
0.365316079,8199
0.365320717,8198
0.36532866,8197
0.365335181,8196
0.365338254,8195
0.365340825,8194
0.365343505,8193
0.365350047,8192
0.365353839,8191
0.365358134,8190
0.365371949,8189
0.365375522,8188
0.365384617,8187
0.365388375,8186
0.365391914,8185
0.365404182,8184
0.365408761,8183
0.365412477,8182
0.365418879,8181
0.365423197,8180
0.365431258,8179
0.365437149,8178
0.365441735,8177
0.365446525,8176
0.365452313,8175
0.365456723,8174
0.365461699,8173
0.365469975,8172
0.365478117,8171
0.365482644,8170
0.365488513,8169
0.365492263,8168
0.365495761,8167
0.365499949,8166
0.365510835,8165
0.365514464,8164
0.365520518,8163
0.365530282,8162
0.365542181,8161
0.365546863,8160
0.365550219,8159
0.365559802,8158
0.365575355,8157
0.365583915,8156
0.365589181,8155
0.365595469,8154
0.365642989,8153
0.365647403,8152
0.365651236,8151
0.36565492,8150
0.365660496,8149
0.365674898,8148
0.365681033,8147
0.36568493,8146
0.365711212,8145
0.365714516,8144
0.365728717,8143
0.365750371,8142
0.365754361,8141
0.365758931,8140
0.365780172,8139
0.365805515,8138
0.365809476,8137
0.365818297,8136
0.365827034,8135
0.365830542,8134
0.365836468,8133
0.365841589,8132
0.365847233,8131
0.365853552,8130
0.365874128,8129
0.365890921,8128
0.365894921,8127
0.365902144,8126
0.365907366,8125
0.365913872,8124
0.365918866,8123
0.365922712,8122
0.365957566,8121
0.365961354,8120
0.365964953,8119
0.365982541,8118
0.366000137,8117
0.366607515,8116
0.367261136,8115
0.36732727,8114
0.367547298,8113
0.367606057,8112
0.367752252,8111
0.367786011,8110
0.36781032,8109
0.367908846,8108
0.367960413,8107
0.368962852,8106
0.368968932,8105
0.368972003,8104
0.368976444,8103
0.368980874,8102
0.368986276,8101
0.368989654,8100
0.368993614,8099
0.368997669,8098
0.369036866,8097
0.369047554,8096
0.369051739,8095
0.369055359,8094
0.36906296,8093
0.369083078,8092
0.369088455,8091
0.369105982,8090
0.369109476,8089
0.36911319,8088
0.369118824,8087
0.369124948,8086
0.369129687,8085
0.369133274,8084
0.369137254,8083
0.36915241,8082
0.369157169,8081
0.369166188,8080
0.369173346,8079
0.369195849,8078
0.369199582,8077
0.369252366,8076
0.369274059,8075
0.369282399,8074
0.36928845,8073
0.369294375,8072
0.369307252,8071
0.369312656,8070
0.369344823,8069
0.369352298,8068
0.369356734,8067
0.369360431,8066
0.369366656,8065
0.369370623,8064
0.36937393,8063
0.369379054,8062
0.369385541,8061
0.369391057,8060
0.369399439,8059
0.369409796,8058
0.369423479,8057
0.369429751,8056
0.369433646,8055
0.36943928,8054
0.369442237,8053
0.369444622,8052
0.369488165,8051
0.369496712,8050
0.369501354,8049
0.369507533,8048
0.369516893,8047
0.369523998,8046
0.369529368,8045
0.369535589,8044
0.369539705,8043
0.369544301,8042
0.36956263,8041
0.36957048,8040
0.369580164,8039
0.369589105,8038
0.369599486,8037
0.369606936,8036
0.369613979,8035
0.369626697,8034
0.369630619,8033
0.369637627,8032
0.369650282,8031
0.369653958,8030
0.369660826,8029
0.369669847,8028
0.369673695,8027
0.369677562,8026
0.36968174,8025
0.369699844,8024
0.369728851,8023
0.369739025,8022
0.369751946,8021
0.369769089,8020
0.369788186,8019
0.369795213,8018
0.369808916,8017
0.369831968,8016
0.369835636,8015
0.369839906,8014
0.369860393,8013
0.369880745,8012
0.369887478,8011
0.369894337,8010
0.369900691,8009
0.369989081,8008
0.370025851,8007
0.370049812,8006
0.370053802,8005
0.370060271,8004
0.370067675,8003
0.370072156,8002
0.370079056,8001
0.370105666,8000
0.370135387,7999
0.370146679,7998
0.370150789,7997
0.370161661,7996
0.370164818,7995
0.370168274,7994
0.370177093,7993
0.370201573,7992
0.370232771,7991
0.370249244,7990
0.370287705,7989
0.370293487,7988
0.37030038,7987
0.370317395,7986
0.370320642,7985
0.370323435,7984
0.370328772,7983
0.370334793,7982
0.370341101,7981
0.370348681,7980
0.37035155,7979
0.370361532,7978
0.370367052,7977
0.370371042,7976
0.370376494,7975
0.370417342,7974
0.370425508,7973
0.370434414,7972
0.370436899,7971
0.37046459,7970
0.370467786,7969
0.370506106,7968
0.370518858,7967
0.370523146,7966
0.370526225,7965
0.370533597,7964
0.370559559,7963
0.370563105,7962
0.370599472,7961
0.370609487,7960
0.37062283,7959
0.370632633,7958
0.37063782,7957
0.370658206,7956
0.37066778,7955
0.370671312,7954
0.370701479,7953
0.370705672,7952
0.370709574,7951
0.370848139,7950
0.370885259,7949
0.370897798,7948
0.370921528,7947
0.370937737,7946
0.37094503,7945
0.370957578,7944
0.370971772,7943
0.370982636,7942
0.370994897,7941
0.371000605,7940
0.371034757,7939
0.371050035,7938
0.371074217,7937
0.371081838,7936
0.371101539,7935
0.37111614,7934
0.371125398,7933
0.371129523,7932
0.371173718,7931
0.371177773,7930
0.371200224,7929
0.371218297,7928
0.371232875,7927
0.371248512,7926
0.371269584,7925
0.371356551,7924
0.371411036,7923
0.371417105,7922
0.371424432,7921
0.371468071,7920
0.371523032,7919
0.371575785,7918
0.371583774,7917
0.371694177,7916
0.371701698,7915
0.371725253,7914
0.371735912,7913
0.371740968,7912
0.371751636,7911
0.371757026,7910
0.371771074,7909
0.371839897,7908
0.371863447,7907
0.372258858,7906
0.372266404,7905
0.372270992,7904
0.372278433,7903
0.372282906,7902
0.372290898,7901
0.372294701,7900
0.372299986,7899
0.372306463,7898
0.37231135,7897
0.372319621,7896
0.372323611,7895
0.372326923,7894
0.372334052,7893
0.372337759,7892
0.372342363,7891
0.372351651,7890
0.372361543,7889
0.372366804,7888
0.37237327,7887
0.372376878,7886
0.37238266,7885
0.372392251,7884
0.372395841,7883
0.37240132,7882
0.372404728,7881
0.372412497,7880
0.37241688,7879
0.372422989,7878
0.372432201,7877
0.372440537,7876
0.372443776,7875
0.372447508,7874
0.372452382,7873
0.372466649,7872
0.372473835,7871
0.372479205,7870
0.372483864,7869
0.372489473,7868
0.372503973,7867
0.372508106,7866
0.372520331,7865
0.372549785,7864
0.372559511,7863
0.372562224,7862
0.372565152,7861
0.372603452,7860
0.372611184,7859
0.372615929,7858
0.372646583,7857
0.372654303,7856
0.372659409,7855
0.372672405,7854
0.372684057,7853
0.372687453,7852
0.372696354,7851
0.37280766,7850
0.372819536,7849
0.372847381,7848
0.373120231,7847
0.37325487,7846
0.373484373,7845
0.373495957,7844
0.373502814,7843
0.373510725,7842
0.373516108,7841
0.373521496,7840
0.373573408,7839
0.37362198,7838
0.373666398,7837
0.37367799,7836
0.373682543,7835
0.373719848,7834
0.373725109,7833
0.373809509,7832
0.373815691,7831
0.373857002,7830
0.373861528,7829
0.37386778,7828
0.373873061,7827
0.373878996,7826
0.373883524,7825
0.373914753,7824
0.373919579,7823
0.373952847,7822
0.373957599,7821
0.374386504,7820
0.374406041,7819
0.374438431,7818
0.37444891,7817
0.374455542,7816
0.374492634,7815
0.374504965,7814
0.374531964,7813
0.37453835,7812
0.37454542,7811
0.374567647,7810
0.374576062,7809
0.374579702,7808
0.374585572,7807
0.374589124,7806
0.374598711,7805
0.374631374,7804
0.374649707,7803
0.374654602,7802
0.374660272,7801
0.374669978,7800
0.374674167,7799
0.374709137,7798
0.375070652,7797
0.375079179,7796
0.375128884,7795
0.375139951,7794
0.37514423,7793
0.375151079,7792
0.375171528,7791
0.375181459,7790
0.375193175,7789
0.37519764,7788
0.375232393,7787
0.375250209,7786
0.375329765,7785
0.37537154,7784
0.375409959,7783
0.375425338,7782
0.375487856,7781
0.37553827,7780
0.375546118,7779
0.375552923,7778
0.375557684,7777
0.375599866,7776
0.375606611,7775
0.375645879,7774
0.375652587,7773
0.375658396,7772
0.375695094,7771
0.375718085,7770
0.375757852,7769
0.375767985,7768
0.375815834,7767
0.375853858,7766
0.375862547,7765
0.375865973,7764
0.375871482,7763
0.375880686,7762
0.376265442,7761
0.376325947,7760
0.376330394,7759
0.376394155,7758
0.376398634,7757
0.376406141,7756
0.376410415,7755
0.376444432,7754
0.376476492,7753
0.376490703,7752
0.376532621,7751
0.376536278,7750
0.376599716,7749
0.3766065,7748
0.376611182,7747
0.376644223,7746
0.376686435,7745
0.376692932,7744
0.376793519,7743
0.376836854,7742
0.376943032,7741
0.376954645,7740
0.378725817,7739
0.378731564,7738
0.378896814,7737
0.378905256,7736
0.378915647,7735
0.378921144,7734
0.378927398,7733
0.378936979,7732
0.378974041,7731
0.378983487,7730
0.378990988,7729
0.379029749,7728
0.379037833,7727
0.379041412,7726
0.379051473,7725
0.37908456,7724
0.379088117,7723
0.379091535,7722
0.379094604,7721
0.379097895,7720
0.37910107,7719
0.379104071,7718
0.379109938,7717
0.379117835,7716
0.379122516,7715
0.37913037,7714
0.379133693,7713
0.379139324,7712
0.379144214,7711
0.379151675,7710
0.37915479,7709
0.379157988,7708
0.379166266,7707
0.379169682,7706
0.379176986,7705
0.37918497,7704
0.379189477,7703
0.379194865,7702
0.379199975,7701
0.379205443,7700
0.379210079,7699
0.379220518,7698
0.381543327,7697
0.38154873,7696
0.38155424,7695
0.381562336,7694
0.3815661,7693
0.381604916,7692
0.381609812,7691
0.381617311,7690
0.381621039,7689
0.381625004,7688
0.381629232,7687
0.381635548,7686
0.381645165,7685
0.381648722,7684
0.381657654,7683
0.38169018,7682
0.381698801,7681
0.381732784,7680
0.381741165,7679
0.381748545,7678
0.38175935,7677
0.381765855,7676
0.38177146,7675
0.381774976,7674
0.381809059,7673
0.381823131,7672
0.381826898,7671
0.381862,7670
0.381869228,7669
0.381874739,7668
0.381885684,7667
0.381889503,7666
0.381896658,7665
0.381905234,7664
0.381915202,7663
0.381923983,7662
0.381928004,7661
0.381931733,7660
0.38193503,7659
0.381939213,7658
0.38197347,7657
0.381980325,7656
0.381993997,7655
0.381999993,7654
0.382038207,7653
0.382043871,7652
0.382055013,7651
0.38206349,7650
0.38207685,7649
0.382082962,7648
0.382088256,7647
0.382095722,7646
0.382099252,7645
0.382106606,7644
0.382125791,7643
0.382136311,7642
0.382143903,7641
0.382314853,7640
0.38232141,7639
0.382360348,7638
0.382367721,7637
0.382379054,7636
0.382383875,7635
0.382394163,7634
0.382417755,7633
0.382459724,7632
0.382467459,7631
0.382475846,7630
0.382521579,7629
0.382527867,7628
0.382531461,7627
0.382537285,7626
0.382572825,7625
0.382578598,7624
0.382583595,7623
0.382589765,7622
0.382597122,7621
0.382864037,7620
0.382907243,7619
0.382916673,7618
0.382924609,7617
0.382930733,7616
0.382940909,7615
0.382949183,7614
0.382957276,7613
0.382962617,7612
0.382968784,7611
0.382973394,7610
0.383008232,7609
0.383011471,7608
0.385182812,7607
0.385196249,7606
0.385220968,7605
0.385263155,7604
0.385276074,7603
0.385312075,7602
0.385358199,7601
0.385394427,7600
0.385429034,7599
0.385456466,7598
0.385494081,7597
0.385502114,7596
0.385568254,7595
0.38557381,7594
0.385578327,7593
0.385583451,7592
0.385592594,7591
0.385620452,7590
0.385635679,7589
0.385642764,7588
0.385648404,7587
0.38565147,7586
0.385660049,7585
0.385664255,7584
0.385672594,7583
0.385704213,7582
0.385708343,7581
0.38571398,7580
0.385720617,7579
0.385726057,7578
0.385760711,7577
0.385765551,7576
0.38576868,7575
0.385807762,7574
0.385832022,7573
0.385837807,7572
0.385858561,7571
0.385869238,7570
0.385884966,7569
0.385893876,7568
0.38594606,7567
0.385965442,7566
0.385997655,7565
0.386001927,7564
0.386005836,7563
0.386023389,7562
0.386027917,7561
0.386061463,7560
0.386159662,7559
0.386173739,7558
0.386202345,7557
0.38623711,7556
0.386243982,7555
0.386249323,7554
0.386278058,7553
0.38628361,7552
0.386292243,7551
0.386334523,7550
0.386343394,7549
0.386388859,7548
0.386399262,7547
0.38640621,7546
0.386409737,7545
0.386456447,7544
0.386464046,7543
0.386508206,7542
0.386516136,7541
0.386560776,7540
0.386603201,7539
0.386606881,7538
0.386621142,7537
0.386626925,7536
0.388048829,7535
0.388055319,7534
0.388059129,7533
0.388123173,7532
0.388165407,7531
0.388173349,7530
0.388231813,7529
0.388285986,7528
0.388325143,7527
0.388394935,7526
0.388442587,7525
0.388517899,7524
0.3885214,7523
0.388535907,7522
0.388539854,7521
0.388547291,7520
0.388614304,7519
0.388651527,7518
0.388659969,7517
0.388667541,7516
0.390520698,7515
0.390554745,7514
0.39061271,7513
0.390628755,7512
0.390659842,7511
0.390674409,7510
0.390687095,7509
0.39069771,7508
0.390701159,7507
0.390707356,7506
0.390710992,7505
0.390727675,7504
0.390732774,7503
0.390801391,7502
0.390808544,7501
0.390857028,7500
0.390914224,7499
0.390922496,7498
0.391031828,7497
0.391046558,7496
0.391097444,7495
0.391167563,7494
0.391178923,7493
0.391227106,7492
0.391241401,7491
0.391296927,7490
0.393819979,7489
0.393830886,7488
0.393850926,7487
0.393855121,7486
0.39386092,7485
0.393868579,7484
0.393873769,7483
0.393879163,7482
0.393883474,7481
0.393889413,7480
0.393893252,7479
0.393901679,7478
0.39390776,7477
0.393943946,7476
0.393956851,7475
0.393981779,7474
0.393999067,7473
0.394003882,7472
0.394007776,7471
0.394013242,7470
0.39401667,7469
0.394037408,7468
0.3940432,7467
0.394047285,7466
0.394051447,7465
0.394055367,7464
0.394065342,7463
0.394072469,7462
0.394076252,7461
0.394125205,7460
0.39412908,7459
0.394136596,7458
0.394141417,7457
0.39414506,7456
0.394149185,7455
0.39415289,7454
0.394156581,7453
0.394162495,7452
0.394178587,7451
0.394182598,7450
0.394221844,7449
0.394228428,7448
0.394580585,7447
0.394616918,7446
0.394623384,7445
0.394693266,7444
0.394708706,7443
0.394805135,7442
0.394832494,7441
0.394835885,7440
0.394851967,7439
0.394903666,7438
0.394930496,7437
0.394969164,7436
0.395037368,7435
0.395066787,7434
0.395120021,7433
0.39514605,7432
0.395150251,7431
0.395215825,7430
0.39522137,7429
0.395347294,7428
0.395714468,7427
0.39643605,7426
0.39731661,7425
0.397363323,7424
0.397370442,7423
0.397417102,7422
0.397463218,7421
0.397525961,7420
0.397595255,7419
