1.300394777,10181
1.300557656,10180
1.300698419,10179
1.300760058,10178
1.300802861,10177
1.300811964,10176
1.300846199,10175
1.300859367,10174
1.30086747,10173
1.300873914,10172
1.300887359,10171
1.300898751,10170
1.300907954,10169
1.300917224,10168
1.300925724,10167
1.300932947,10166
1.300940114,10165
1.300948024,10164
1.300956077,10163
1.300962941,10162
1.300969469,10161
1.300978557,10160
1.300992321,10159
1.301004103,10158
1.301013634,10157
1.301023118,10156
1.301032813,10155
1.301042984,10154
1.301052508,10153
1.301064065,10152
1.301080752,10151
1.301090038,10150
1.301099985,10149
1.301111383,10148
1.301126509,10147
1.301136352,10146
1.301145784,10145
1.301153942,10144
1.301160189,10143
1.301166203,10142
1.301171534,10141
1.301177044,10140
1.30119846,10139
1.301209416,10138
1.301220453,10137
1.301230589,10136
1.30123987,10135
1.301247752,10134
1.301255163,10133
1.301262041,10132
1.301269232,10131
1.301277735,10130
1.301289694,10129
1.301299817,10128
1.301309663,10127
1.301318084,10126
1.301326888,10125
1.301334904,10124
1.301355068,10123
1.301366471,10122
1.301376037,10121
1.301385355,10120
1.3013934,10119
1.301402141,10118
1.301418765,10117
1.301459771,10116
1.301473352,10115
1.301484362,10114
1.301494012,10113
1.301503956,10112
1.30151349,10111
1.301523935,10110
1.301568057,10109
1.301579026,10108
1.301594823,10107
1.30161098,10106
1.301661973,10105
1.301690883,10104
1.301710639,10103
1.301874149,10102
1.301893946,10101
1.301937751,10100
1.301979957,10099
1.30198861,10098
1.301997871,10097
1.302007373,10096
1.302020341,10095
1.302086633,10094
1.302095383,10093
1.302131039,10092
1.302139352,10091
1.302145967,10090
1.30215338,10089
1.302160673,10088
1.302184212,10087
1.302196556,10086
1.302233819,10085
1.302242027,10084
1.302251012,10083
1.302260144,10082
1.30226966,10081
1.30227811,10080
1.303464626,10079
1.303568169,10078
1.30362993,10077
1.303668568,10076
1.303677458,10075
1.303711578,10074
1.303753424,10073
1.303770482,10072
1.303835928,10071
1.303901699,10070
1.303945995,10069
1.303967895,10068
1.303990165,10067
1.304048372,10066
1.304058995,10065
1.304065409,10064
1.304071242,10063
1.304248036,10062
1.304254971,10061
1.304287002,10060
1.304291795,10059
1.304296403,10058
1.304301411,10057
1.304306952,10056
1.304312183,10055
1.304331148,10054
1.304344326,10053
1.304359206,10052
1.30436256,10051
1.304366175,10050
1.304423651,10049
1.304430473,10048
1.304436907,10047
1.304442331,10046
1.304447237,10045
1.304452234,10044
1.304457274,10043
1.304462879,10042
1.304468287,10041
1.304472963,10040
1.304478327,10039
1.304483235,10038
1.304488544,10037
1.304493781,10036
1.30450091,10035
1.304534486,10034
1.304563776,10033
1.304572869,10032
1.304580354,10031
1.304588486,10030
1.304595665,10029
1.304602721,10028
1.304609208,10027
1.304616051,10026
1.304624582,10025
1.30463294,10024
1.304640615,10023
1.304648695,10022
1.304657951,10021
1.304666239,10020
1.304674365,10019
1.304680402,10018
1.304685288,10017
1.304689496,10016
1.304694256,10015
1.304698877,10014
1.30470505,10013
1.304724021,10012
1.304778222,10011
1.304800236,10010
1.304816969,10009
1.304829891,10008
1.304837526,10007
1.304843735,10006
1.304848653,10005
1.304857042,10004
1.304862479,10003
1.304867519,10002
1.304872165,10001
1.304877724,10000
1.304882487,9999
1.304887017,9998
1.304891417,9997
1.304899051,9996
1.30491736,9995
1.304923914,9994
1.304929169,9993
1.304934658,9992
1.304939411,9991
1.304944004,9990
1.3049565,9989
1.304970799,9988
1.304982445,9987
1.304986957,9986
1.304998635,9985
1.305012046,9984
1.305017053,9983
1.305021003,9982
1.305025767,9981
1.305030289,9980
1.305037251,9979
1.305041812,9978
1.305045116,9977
1.305048754,9976
1.305051904,9975
1.305055184,9974
1.305058399,9973
1.305061603,9972
1.305064766,9971
1.30506872,9970
1.305072636,9969
1.305076217,9968
1.305079523,9967
1.305083285,9966
1.305087031,9965
1.305090613,9964
1.305094172,9963
1.305097361,9962
1.30510064,9961
1.305104207,9960
1.305107591,9959
1.305110571,9958
1.305115785,9957
1.305120981,9956
1.305124536,9955
1.305128223,9954
1.305131372,9953
1.305134404,9952
1.305137791,9951
1.305140869,9950
1.305144151,9949
1.305148303,9948
1.305153065,9947
1.305157628,9946
1.305161865,9945
1.305169789,9944
1.305176093,9943
1.305181237,9942
1.305190547,9941
1.30519611,9940
1.305201372,9939
1.305206401,9938
1.305210545,9937
1.305214667,9936
1.305252434,9935
1.305258518,9934
1.305263337,9933
1.305268102,9932
1.305271909,9931
1.305275394,9930
1.305279094,9929
1.305282367,9928
1.305285941,9927
1.305290777,9926
1.305294119,9925
1.3052978,9924
1.305301237,9923
1.305304618,9922
1.30530777,9921
1.305331909,9920
1.305335246,9919
1.305338777,9918
1.305342145,9917
1.305345335,9916
1.305348665,9915
1.305352062,9914
1.305355732,9913
1.30535893,9912
1.305362197,9911
1.305365191,9910
1.305368181,9909
1.305371487,9908
1.305374756,9907
1.30537773,9906
1.305380848,9905
1.305384049,9904
1.30538711,9903
1.305390348,9902
1.305393618,9901
1.305396711,9900
1.305399751,9899
1.305404867,9898
1.305410835,9897
1.305416836,9896
1.305421346,9895
1.305425777,9894
1.305430312,9893
1.305435267,9892
1.30544024,9891
1.305445125,9890
1.305449658,9889
1.305454447,9888
1.305459173,9887
1.305464186,9886
1.305469015,9885
1.305474121,9884
1.305485311,9883
1.305495593,9882
1.305499973,9881
1.305504518,9880
1.305509398,9879
1.305513637,9878
1.305518105,9877
1.305522521,9876
1.305526463,9875
1.305530699,9874
1.305535142,9873
1.305604855,9872
1.305610992,9871
1.30564718,9870
1.305657985,9869
1.305665745,9868
1.305672961,9867
1.305682501,9866
1.305687,9865
1.305692183,9864
1.305696931,9863
1.305701229,9862
1.30570524,9861
1.305715503,9860
1.305761105,9859
1.30576633,9858
1.305771076,9857
1.305775146,9856
1.305779379,9855
1.305783289,9854
1.305787383,9853
1.305791681,9852
1.305795528,9851
1.305799504,9850
1.305804111,9849
1.305808719,9848
1.305815253,9847
1.305820072,9846
1.305824639,9845
1.305829111,9844
1.305833758,9843
1.305837664,9842
1.305842811,9841
1.305846981,9840
1.305851087,9839
1.305855792,9838
1.305860333,9837
1.305865102,9836
1.305869407,9835
1.305874136,9834
1.30587946,9833
1.30588432,9832
1.305889104,9831
1.305893798,9830
1.305898201,9829
1.305902889,9828
1.30590831,9827
1.305913515,9826
1.305917815,9825
1.305922371,9824
1.305926711,9823
1.305931926,9822
1.305938346,9821
1.305945118,9820
1.305949722,9819
1.305954888,9818
1.305960689,9817
1.305965472,9816
1.305970678,9815
1.305974254,9814
1.305996374,9813
1.306000463,9812
1.30600469,9811
1.306008114,9810
1.306031377,9809
1.306035031,9808
1.306038489,9807
1.306042407,9806
1.3060538,9805
1.306058442,9804
1.306062827,9803
1.306066786,9802
1.306070671,9801
1.306076302,9800
1.306080844,9799
1.306093738,9798
1.30610086,9797
1.306106154,9796
1.306111271,9795
1.306116218,9794
1.306120284,9793
1.30612488,9792
1.306131148,9791
1.306324342,9790
1.306409115,9789
1.306413589,9788
1.306417934,9787
1.306422708,9786
1.30642774,9785
1.306440011,9784
1.306443809,9783
1.306447333,9782
1.306450667,9781
1.306454057,9780
1.30645767,9779
1.306461032,9778
1.306464451,9777
1.306467792,9776
1.30647117,9775
1.306474484,9774
1.306487432,9773
1.306491146,9772
1.306494757,9771
1.306499168,9770
1.306502616,9769
1.306507227,9768
1.306510909,9767
1.306514334,9766
1.306518236,9765
1.30652177,9764
1.306525447,9763
1.306529297,9762
1.306533435,9761
1.306537549,9760
1.30654259,9759
1.30654724,9758
1.306552609,9757
1.306556552,9756
1.30655994,9755
1.306563734,9754
1.30656764,9753
1.306598443,9752
1.306633315,9751
1.306650301,9750
1.306675782,9749
1.306686258,9748
1.306712054,9747
1.306718564,9746
1.306722281,9745
1.306726583,9744
1.306730221,9743
1.306733848,9742
1.306737711,9741
1.306744315,9740
1.306749363,9739
1.306754138,9738
1.306758619,9737
1.306762866,9736
1.306766367,9735
1.306770008,9734
1.306773124,9733
1.306777875,9732
1.306783335,9731
1.306788193,9730
1.306791943,9729
1.306795331,9728
1.306798931,9727
1.306802232,9726
1.306805643,9725
1.3068091,9724
1.306812676,9723
1.306816605,9722
1.306820014,9721
1.306823618,9720
1.306826788,9719
1.306830177,9718
1.306833862,9717
1.306837418,9716
1.306841912,9715
1.306845,9714
1.306847768,9713
1.306850546,9712
1.306853283,9711
1.306856325,9710
1.306859018,9709
1.306861622,9708
1.30686428,9707
1.306867322,9706
1.30687006,9705
1.306872654,9704
1.306875288,9703
1.306877759,9702
1.306880265,9701
1.306882911,9700
1.306885654,9699
1.306888666,9698
1.306891294,9697
1.306894273,9696
1.306897177,9695
1.30690572,9694
1.306909709,9693
1.306913763,9692
1.306924808,9691
1.306928507,9690
1.306932661,9689
1.306936671,9688
1.306940514,9687
1.306944471,9686
1.306948564,9685
1.306952431,9684
1.306959744,9683
1.306965789,9682
1.306970749,9681
1.306974648,9680
1.306977464,9679
1.306980606,9678
1.306983765,9677
1.306987148,9676
1.306990371,9675
1.306993365,9674
1.306996366,9673
1.306999137,9672
1.307003651,9671
1.307019204,9670
1.307025025,9669
1.307028255,9668
1.307031754,9667
1.30703669,9666
1.30704037,9665
1.307043736,9664
1.307046815,9663
1.307050108,9662
1.307053185,9661
1.307056408,9660
1.307062748,9659
1.307068351,9658
1.307075664,9657
1.307083823,9656
1.307088504,9655
1.307093272,9654
1.307097127,9653
1.307100843,9652
1.307105432,9651
1.307109453,9650
1.307113114,9649
1.307116811,9648
1.307120117,9647
1.307123302,9646
1.307126835,9645
1.307130371,9644
1.307134285,9643
1.307138162,9642
1.307141606,9641
1.3071451,9640
1.307148468,9639
1.307153009,9638
1.307156248,9637
1.307159199,9636
1.307162187,9635
1.307165085,9634
1.307167734,9633
1.307170875,9632
1.307173568,9631
1.307177359,9630
1.307195481,9629
1.307199074,9628
1.307201984,9627
1.307205695,9626
1.307208533,9625
1.307211627,9624
1.307214318,9623
1.307218008,9622
1.307220879,9621
1.307225026,9620
1.307228254,9619
1.307231488,9618
1.307234436,9617
1.307237576,9616
1.307240823,9615
1.307244817,9614
1.307248504,9613
1.307252588,9612
1.307255835,9611
1.307258702,9610
1.307264097,9609
1.307267533,9608
1.30727137,9607
1.307274733,9606
1.307278153,9605
1.307281153,9604
1.307284642,9603
1.307287961,9602
1.30729091,9601
1.307294797,9600
1.307298182,9599
1.307301299,9598
1.307305107,9597
1.307308503,9596
1.307312536,9595
1.307316168,9594
1.307319431,9593
1.307322248,9592
1.307325256,9591
1.307328445,9590
1.307331682,9589
1.307334615,9588
1.307337438,9587
1.30734071,9586
1.307343941,9585
1.307346803,9584
1.307350099,9583
1.307352811,9582
1.307355537,9581
1.307360519,9580
1.307364821,9579
1.307368906,9578
1.307372328,9577
1.307375195,9576
1.307378446,9575
1.30738113,9574
1.307383957,9573
1.307386547,9572
1.307389207,9571
1.307391738,9570
1.307394488,9569
1.307397286,9568
1.307400084,9567
1.307402706,9566
1.30740698,9565
1.307410887,9564
1.307414409,9563
1.307418132,9562
1.307421642,9561
1.307425128,9560
1.307428702,9559
1.30743248,9558
1.30743629,9557
1.307439156,9556
1.307441957,9555
1.307444525,9554
1.30744888,9553
1.307454148,9552
1.307458825,9551
1.307463052,9550
1.307467215,9549
1.307470691,9548
1.30747433,9547
1.30747938,9546
1.307484344,9545
1.307488351,9544
1.307493455,9543
1.307512711,9542
1.307518218,9541
1.30755691,9540
1.307560734,9539
1.307564837,9538
1.307568598,9537
1.307577152,9536
1.307585859,9535
1.307603455,9534
1.307608307,9533
1.307612458,9532
1.307616382,9531
1.307620064,9530
1.307623521,9529
1.307626727,9528
1.307635232,9527
1.307638704,9526
1.307642067,9525
1.307645517,9524
1.307648831,9523
1.307652431,9522
1.3076563,9521
1.30766173,9520
1.30766601,9519
1.307712621,9518
1.307718621,9517
1.307722051,9516
1.307737314,9515
1.307762167,9514
1.307772797,9513
1.307781726,9512
1.307791936,9511
1.307796445,9510
1.307800576,9509
1.30780351,9508
1.307806038,9507
1.307808357,9506
1.307810345,9505
1.307812891,9504
1.307816294,9503
1.307818939,9502
1.30782145,9501
1.307823979,9500
1.307826873,9499
1.307829146,9498
1.307831812,9497
1.307834677,9496
1.307837218,9495
1.307839871,9494
1.307842472,9493
1.3078452,9492
1.307847981,9491
1.307850606,9490
1.307853746,9489
1.30785758,9488
1.307861025,9487
1.307863961,9486
1.307866481,9485
1.307868565,9484
1.307870805,9483
1.30787302,9482
1.307874869,9481
1.307877632,9480
1.307880136,9479
1.307882308,9478
1.30788455,9477
1.307887119,9476
1.30788915,9475
1.30789161,9474
1.307894631,9473
1.307898156,9472
1.30790166,9471
1.307905168,9470
1.307908348,9469
1.307911534,9468
1.307914324,9467
1.307917284,9466
1.307920034,9465
1.307923214,9464
1.307925993,9463
1.307929008,9462
1.307932151,9461
1.307934883,9460
1.307938902,9459
1.307942734,9458
1.307945933,9457
1.307949222,9456
1.307952798,9455
1.307955788,9454
1.307959979,9453
1.307963558,9452
1.307966668,9451
1.307969814,9450
1.307972698,9449
1.307976251,9448
1.30797888,9447
1.307981545,9446
1.30798398,9445
1.307987166,9444
1.30799045,9443
1.307993809,9442
1.307997026,9441
1.308000008,9440
1.308004647,9439
1.308015242,9438
1.308018737,9437
1.308023622,9436
1.308027342,9435
1.308030636,9434
1.308033723,9433
1.308036912,9432
1.308040411,9431
1.30804585,9430
1.308051156,9429
1.308063361,9428
1.308074037,9427
1.308110603,9426
1.308117563,9425
1.308186758,9424
1.308206741,9423
1.308215239,9422
1.308246796,9421
1.311557277,9420
1.31156535,9419
1.311595752,9418
1.311604951,9417
1.311608617,9416
1.311612177,9415
1.31161519,9414
1.311624304,9413
1.31162864,9412
1.311667071,9411
1.311670464,9410
1.31167415,9409
1.311676772,9408
1.311679599,9407
1.311682109,9406
1.311684582,9405
1.311687542,9404
1.311690159,9403
1.311694123,9402
1.311697285,9401
1.311700418,9400
1.311703598,9399
1.31170678,9398
1.311718379,9397
1.311759005,9396
1.311762433,9395
1.311765835,9394
1.311769426,9393
1.311772317,9392
1.311781032,9391
1.311787105,9390
1.311790101,9389
1.311793577,9388
1.311796532,9387
1.31179976,9386
1.311802651,9385
1.311805514,9384
1.311808387,9383
1.311811282,9382
1.311814338,9381
1.31182393,9380
1.311827326,9379
1.311830112,9378
1.311833069,9377
1.311842427,9376
1.311846202,9375
1.311849511,9374
1.311852053,9373
1.311854671,9372
1.311857145,9371
1.311859582,9370
1.311862802,9369
1.311865318,9368
1.311868028,9367
1.311870322,9366
1.311872849,9365
1.311875615,9364
1.31187845,9363
1.311880971,9362
1.311883568,9361
1.311886226,9360
1.311888642,9359
1.311891911,9358
1.311895104,9357
1.312021594,9356
1.312024877,9355
1.312027484,9354
1.312039024,9353
1.312043617,9352
1.312047065,9351
1.312050022,9350
1.312052795,9349
1.312055812,9348
1.312058209,9347
1.312061349,9346
1.312064111,9345
1.312066997,9344
1.312069869,9343
1.312072569,9342
1.312075101,9341
1.312078075,9340
1.312081037,9339
1.312083915,9338
1.312086528,9337
1.312089467,9336
1.312092381,9335
1.312095264,9334
1.312098359,9333
1.312101544,9332
1.312104824,9331
1.312108316,9330
1.312111175,9329
1.312113918,9328
1.3121166,9327
1.312121713,9326
1.312155012,9325
1.312159505,9324
1.31216335,9323
1.312166598,9322
1.312170176,9321
1.31217286,9320
1.312175275,9319
1.312177781,9318
1.312180449,9317
1.312182789,9316
1.312185193,9315
1.312188112,9314
1.312190502,9313
1.312690959,9312
1.312697582,9311
1.312702249,9310
1.312706559,9309
1.31271016,9308
1.312713633,9307
1.312716908,9306
1.312720255,9305
1.312723515,9304
1.312726426,9303
1.312729592,9302
1.312732353,9301
1.312735509,9300
1.312738806,9299
1.312742189,9298
1.312745402,9297
1.31274833,9296
1.312751162,9295
1.312754143,9294
1.312757383,9293
1.312760453,9292
1.312763843,9291
1.312766667,9290
1.312769775,9289
1.312772742,9288
1.312775494,9287
1.312778716,9286
1.312786465,9285
1.312792597,9284
1.312801141,9283
1.312839477,9282
1.312844286,9281
1.312848136,9280
1.312851322,9279
1.312854609,9278
1.312857658,9277
1.312863046,9276
1.312905246,9275
1.31291291,9274
1.3130362,9273
1.313046135,9272
1.31305473,9271
1.31306634,9270
1.313079518,9269
1.313085854,9268
1.313090397,9267
1.313093646,9266
1.313097299,9265
1.313100734,9264
1.313103808,9263
1.313107019,9262
1.313110156,9261
1.313113374,9260
1.313119113,9259
1.31312894,9258
1.313132597,9257
1.313136098,9256
1.313139071,9255
1.313143554,9254
1.313146852,9253
1.313149981,9252
1.313152334,9251
1.313154747,9250
1.313157406,9249
1.313159925,9248
1.31316223,9247
1.313164692,9246
1.313169112,9245
1.313172621,9244
1.313175778,9243
1.313178998,9242
1.313181996,9241
1.313185175,9240
1.313188408,9239
1.313191756,9238
1.313194814,9237
1.313197742,9236
1.313200653,9235
1.313203711,9234
1.313206685,9233
1.313209577,9232
1.313212595,9231
1.313215619,9230
1.313219304,9229
1.313222293,9228
1.313225172,9227
1.31322865,9226
1.313231955,9225
1.313234975,9224
1.313238327,9223
1.313241403,9222
1.313244513,9221
1.313247354,9220
1.313250324,9219
1.313253075,9218
1.313255768,9217
1.313258947,9216
1.313261987,9215
1.313265266,9214
1.313268396,9213
1.313271026,9212
1.313273935,9211
1.313276792,9210
1.313279842,9209
1.313283071,9208
1.313286493,9207
1.313289574,9206
1.313293033,9205
1.313296237,9204
1.313299884,9203
1.3133034,9202
1.313306743,9201
1.313309799,9200
1.313313044,9199
1.31331673,9198
1.313319903,9197
1.313323246,9196
1.313326807,9195
1.31333057,9194
1.313333884,9193
1.313337565,9192
1.313340546,9191
1.31334343,9190
1.313346981,9189
1.313353509,9188
1.313357029,9187
1.313368307,9186
1.313371698,9185
1.313374703,9184
1.313377815,9183
1.31338096,9182
1.313384567,9181
1.313388465,9180
1.313455414,9179
1.313459273,9178
1.313484433,9177
1.313487431,9176
1.313490522,9175
1.313493363,9174
1.313496352,9173
1.313499336,9172
1.313502532,9171
1.313505421,9170
1.313508232,9169
1.31351111,9168
1.313514125,9167
1.313517036,9166
1.313520058,9165
1.31352304,9164
1.313527075,9163
1.313529994,9162
1.313532599,9161
1.313538388,9160
1.313542044,9159
1.313545458,9158
1.313548565,9157
1.313551823,9156
1.313554748,9155
1.313558358,9154
1.313561407,9153
1.313564483,9152
1.313567475,9151
1.313570651,9150
1.313573633,9149
1.313576481,9148
1.31357898,9147
1.313581374,9146
1.313583925,9145
1.313586688,9144
1.313589458,9143
1.313592388,9142
1.313595412,9141
1.313600664,9140
1.31360421,9139
1.313608238,9138
1.313611949,9137
1.313615522,9136
1.313621827,9135
1.313627529,9134
1.313641581,9133
1.313648533,9132
1.313651694,9131
1.313654425,9130
1.313656763,9129
1.313659139,9128
1.313661201,9127
1.313664539,9126
1.313666797,9125
1.313669503,9124
1.313672789,9123
1.313676103,9122
1.313678923,9121
1.313682321,9120
1.313689422,9119
1.313701454,9118
1.313710097,9117
1.313713948,9116
1.313719012,9115
1.313726954,9114
1.313736313,9113
1.313752596,9112
1.313762728,9111
1.313766918,9110
1.313775785,9109
1.313779777,9108
1.313791744,9107
1.313794144,9106
1.313796568,9105
1.313799884,9104
1.313803185,9103
1.313806018,9102
1.313809002,9101
1.313811307,9100
1.313814011,9099
1.313816485,9098
1.313819577,9097
1.313822169,9096
1.313824691,9095
1.313827302,9094
1.313829406,9093
1.31383216,9092
1.313834806,9091
1.313837518,9090
1.313839986,9089
1.313842764,9088
1.313845185,9087
1.313847789,9086
1.313850818,9085
1.313856808,9084
1.313864961,9083
1.313868372,9082
1.313871449,9081
1.313874468,9080
1.313877576,9079
1.313880513,9078
1.313883425,9077
1.313886556,9076
1.313889483,9075
1.313892369,9074
1.313897556,9073
1.313983338,9072
1.313987265,9071
1.314006432,9070
1.31400982,9069
1.314013353,9068
1.314016172,9067
1.314055166,9066
1.314057884,9065
1.314061014,9064
1.31406381,9063
1.31406661,9062
1.314069589,9061
1.31407279,9060
1.314075161,9059
1.314078668,9058
1.314081299,9057
1.31408378,9056
1.314087086,9055
1.314090135,9054
1.31409383,9053
1.314096847,9052
1.314100167,9051
1.314103918,9050
1.314107275,9049
1.314110481,9048
1.314113762,9047
1.314116711,9046
1.314119664,9045
1.314122823,9044
1.314125342,9043
1.31412781,9042
1.314130618,9041
1.314136836,9040
1.314144209,9039
1.3141476,9038
1.314150614,9037
1.314153144,9036
1.314157219,9035
1.314160087,9034
1.31416297,9033
1.314167317,9032
1.314171886,9031
1.314175744,9030
1.314179328,9029
1.314183437,9028
1.314186862,9027
1.314191346,9026
1.314195014,9025
1.314198233,9024
1.314200928,9023
1.314203563,9022
1.314206256,9021
1.314208924,9020
1.314211241,9019
1.314213761,9018
1.31421667,9017
1.314219616,9016
1.314222034,9015
1.314224838,9014
1.314227002,9013
1.314255528,9012
1.314258156,9011
1.314261469,9010
1.314265564,9009
1.314306506,9008
1.314313076,9007
1.314316471,9006
1.314343466,9005
1.314426632,9004
1.314439327,9003
1.314453659,9002
1.314473115,9001
1.314488068,9000
1.314493668,8999
1.314499131,8998
1.314515001,8997
1.314519559,8996
1.314523885,8995
1.314527348,8994
1.314529832,8993
1.314532313,8992
1.314536403,8991
1.314539478,8990
1.314542118,8989
1.314544748,8988
1.314547052,8987
1.314549928,8986
1.314552263,8985
1.314555092,8984
1.314557517,8983
1.31456017,8982
1.314562529,8981
1.314565552,8980
1.314568178,8979
1.314579839,8978
1.314582469,8977
1.314585099,8976
1.314588131,8975
1.314590847,8974
1.314594065,8973
1.314596841,8972
1.314600788,8971
1.314604119,8970
1.314607369,8969
1.314611049,8968
1.314614041,8967
1.314616748,8966
1.314619478,8965
1.314633656,8964
1.314637009,8963
1.314639349,8962
1.314641529,8961
1.314643625,8960
1.314647374,8959
1.314650303,8958
1.314653763,8957
1.314665149,8956
1.314667585,8955
1.314670595,8954
1.314673379,8953
1.314675754,8952
1.31467809,8951
1.314680317,8950
1.314683565,8949
1.314686834,8948
1.314690595,8947
1.314693246,8946
1.314695485,8945
1.314699143,8944
1.314702113,8943
1.314705128,8942
1.31470754,8941
1.314710713,8940
1.314713156,8939
1.314715518,8938
1.314718922,8937
1.314721337,8936
1.314723857,8935
1.314726054,8934
1.314728407,8933
1.314730643,8932
1.314732874,8931
1.314735985,8930
1.314738677,8929
1.314742018,8928
1.31474458,8927
1.314747036,8926
1.314750167,8925
1.314752589,8924
1.314755748,8923
1.314759045,8922
1.314762112,8921
1.314764572,8920
1.314767587,8919
1.314770502,8918
1.314777978,8917
1.314782683,8916
1.314793512,8915
1.314797492,8914
1.3148007,8913
1.314804084,8912
1.314807067,8911
1.314810065,8910
1.314815254,8909
1.314818555,8908
1.314822206,8907
1.31483108,8906
1.314834956,8905
1.314838984,8904
1.31484322,8903
1.314847011,8902
1.314850791,8901
1.314854176,8900
1.314858116,8899
1.314861921,8898
1.31487098,8897
1.314874165,8896
1.314881065,8895
1.314887797,8894
1.314891393,8893
1.314895008,8892
1.314899255,8891
1.314908105,8890
1.314912279,8889
1.314918608,8888
1.314923494,8887
1.314937464,8886
1.314950767,8885
1.314954391,8884
1.314958613,8883
1.314969124,8882
1.314973027,8881
1.314988405,8880
1.314992665,8879
1.314998956,8878
1.315002955,8877
1.315006448,8876
1.315010609,8875
1.31501466,8874
1.315018094,8873
1.315022208,8872
1.31502571,8871
1.315028501,8870
1.315031809,8869
1.315034957,8868
1.315038129,8867
1.31504143,8866
1.315044729,8865
1.315048299,8864
1.315051259,8863
1.315054406,8862
1.315057057,8861
1.315063318,8860
1.315073258,8859
1.315076205,8858
1.315080332,8857
1.315083664,8856
1.315086507,8855
1.315089699,8854
1.315092977,8853
1.31509599,8852
1.315099121,8851
1.315103174,8850
1.315106897,8849
1.315109941,8848
1.315112846,8847
1.315116244,8846
1.315119485,8845
1.315122578,8844
1.315127785,8843
1.315131244,8842
1.315134655,8841
1.315137713,8840
1.315141314,8839
1.315144974,8838
1.315148294,8837
1.315151307,8836
1.315154709,8835
1.315157898,8834
1.315160661,8833
1.31516355,8832
1.315166578,8831
1.315169914,8830
1.315176155,8829
1.315180408,8828
1.31518453,8827
1.315188269,8826
1.315191194,8825
1.315193949,8824
1.315196747,8823
1.315199442,8822
1.315203991,8821
1.315207592,8820
1.315212079,8819
1.315215595,8818
1.315219177,8817
1.315222315,8816
1.315226176,8815
1.315229674,8814
1.315232825,8813
1.315235824,8812
1.315239196,8811
1.315242179,8810
1.315245636,8809
1.31524889,8808
1.31525198,8807
1.315255418,8806
1.315259513,8805
1.315265738,8804
1.315306293,8803
1.315310242,8802
1.315313946,8801
1.315317235,8800
1.315320307,8799
1.315323591,8798
1.315326464,8797
1.315329535,8796
1.315332514,8795
1.31533548,8794
1.315338474,8793
1.315341243,8792
1.3153454,8791
1.315349084,8790
1.315352214,8789
1.315355233,8788
1.31535834,8787
1.315362083,8786
1.315365279,8785
1.315368335,8784
1.315371084,8783
1.315373544,8782
1.315376497,8781
1.315379252,8780
1.315381752,8779
1.315384361,8778
1.315387581,8777
1.315390196,8776
1.315393104,8775
1.315395821,8774
1.315398991,8773
1.315401956,8772
1.315405157,8771
1.315408164,8770
1.31541123,8769
1.315413973,8768
1.315416917,8767
1.315420005,8766
1.315422691,8765
1.31542544,8764
1.315428363,8763
1.315430676,8762
1.31543301,8761
1.315435181,8760
1.315437665,8759
1.31544051,8758
1.315443104,8757
1.315445441,8756
1.315447603,8755
1.315449826,8754
1.315452265,8753
1.315455098,8752
1.315486751,8751
1.315489225,8750
1.31549153,8749
1.315494531,8748
1.315498764,8747
1.315501519,8746
1.315503804,8745
1.315506103,8744
1.315508487,8743
1.315510714,8742
1.315513389,8741
1.315516551,8740
1.315519148,8739
1.315521496,8738
1.315523788,8737
1.315525974,8736
1.315528326,8735
1.315530793,8734
1.315533399,8733
1.315535994,8732
1.315538318,8731
1.315540657,8730
1.315978723,8729
1.315981567,8728
1.315984266,8727
1.315986801,8726
1.31598964,8725
1.315992437,8724
1.315994905,8723
1.316001087,8722
1.316005184,8721
1.316008434,8720
1.316013394,8719
1.316020827,8718
1.316025753,8717
1.316030269,8716
1.316033309,8715
1.316036219,8714
1.316039094,8713
1.316042624,8712
1.316046592,8711
1.316049846,8710
1.316052543,8709
1.316055106,8708
1.316057553,8707
1.316060151,8706
1.31606308,8705
1.316066332,8704
1.316068925,8703
1.3160718,8702
1.316074627,8701
1.316077883,8700
1.316080754,8699
1.316083522,8698
1.316087596,8697
1.316090449,8696
1.316098919,8695
1.316101732,8694
1.316105371,8693
1.316108217,8692
1.316110981,8691
1.316114049,8690
1.31611701,8689
1.31611985,8688
1.316122063,8687
1.316125443,8686
1.316128254,8685
1.316131111,8684
1.316133702,8683
1.316136366,8682
1.316140572,8681
1.316144645,8680
1.316147929,8679
1.316150725,8678
1.316153252,8677
1.316155453,8676
1.316157566,8675
1.316160712,8674
1.316164298,8673
1.316166846,8672
1.316169204,8671
1.316171655,8670
1.316174727,8669
1.31617723,8668
1.31617983,8667
1.316183411,8666
1.316187416,8665
1.31619015,8664
1.316192752,8663
1.316195302,8662
1.316200983,8661
1.316204056,8660
1.316206622,8659
1.316209178,8658
1.316212972,8657
1.316217125,8656
1.316219956,8655
1.316222524,8654
1.316226173,8653
1.316230287,8652
1.31623344,8651
1.316236586,8650
1.316239986,8649
1.316243476,8648
1.316247745,8647
1.316250527,8646
1.316254278,8645
1.3162579,8644
1.316261162,8643
1.316264651,8642
1.316267741,8641
1.316270727,8640
1.316273907,8639
1.316277498,8638
1.316282502,8637
1.316286697,8636
1.316290713,8635
1.316293738,8634
1.316296772,8633
1.316299925,8632
1.316303857,8631
1.316308172,8630
1.316311618,8629
1.316314676,8628
1.316318831,8627
1.316321557,8626
1.316328686,8625
1.316333222,8624
1.316339237,8623
1.316342334,8622
1.316345027,8621
1.316347739,8620
1.316351495,8619
1.316355529,8618
1.316366913,8617
1.31637334,8616
1.316380743,8615
1.316392885,8614
1.316397342,8613
1.316401855,8612
1.316406398,8611
1.316409046,8610
1.316411772,8609
1.316423579,8608
1.316428651,8607
1.316432806,8606
1.316437907,8605
1.316440705,8604
1.316443737,8603
1.31644736,8602
1.316450112,8601
1.316453135,8600
1.31645699,8599
1.316459912,8598
1.316462594,8597
1.316465152,8596
1.316468696,8595
1.316473322,8594
1.316476123,8593
1.316478752,8592
1.316481121,8591
1.316484886,8590
1.316488281,8589
1.316490876,8588
1.316494367,8587
1.316497996,8586
1.316500898,8585
1.316504445,8584
1.316507913,8583
1.316511878,8582
1.316515168,8581
1.316517925,8580
1.316521945,8579
1.316526542,8578
1.316529471,8577
1.316533954,8576
1.316537016,8575
1.316542108,8574
1.316546047,8573
1.316548765,8572
1.316555577,8571
1.316558574,8570
1.316562375,8569
1.316565401,8568
1.316569341,8567
1.316572703,8566
1.316576739,8565
1.316579825,8564
1.316584153,8563
1.316587671,8562
1.316591772,8561
1.316594543,8560
1.316597374,8559
1.316601593,8558
1.316604619,8557
1.316608693,8556
1.316611267,8555
1.316614421,8554
1.316618632,8553
1.316621736,8552
1.316624267,8551
1.316626795,8550
1.316630184,8549
1.31663361,8548
1.316638566,8547
1.316643165,8546
1.316646368,8545
1.316649388,8544
1.316652094,8543
1.316655468,8542
1.316658604,8541
1.316661785,8540
1.316665418,8539
1.31666802,8538
1.316671186,8537
1.316674731,8536
1.3166775,8535
1.316681081,8534
1.316685107,8533
1.316687862,8532
1.316690334,8531
1.316692937,8530
1.316695564,8529
1.316698925,8528
1.316701788,8527
1.316704261,8526
1.316707361,8525
1.316733955,8524
1.316736287,8523
1.31673867,8522
1.316741882,8521
1.316747509,8520
1.316751006,8519
1.316754534,8518
1.316759647,8517
1.31676431,8516
1.316768418,8515
1.316771878,8514
1.316775271,8513
1.316780363,8512
1.31678473,8511
1.316789696,8510
1.316794211,8509
1.316797936,8508
1.316801259,8507
1.31680976,8506
1.316813796,8505
1.316817523,8504
1.31682167,8503
1.316825231,8502
1.316831509,8501
1.316834569,8500
1.316837925,8499
1.31684115,8498
1.316844209,8497
1.316847848,8496
1.316851045,8495
1.316856632,8494
1.316860459,8493
1.316865409,8492
1.31686922,8491
1.316873733,8490
1.316879662,8489
1.316885655,8488
1.316898825,8487
1.316904303,8486
1.316909229,8485
1.316923934,8484
1.316928929,8483
1.316965857,8482
1.316971312,8481
1.317009542,8480
1.317026517,8479
1.317030505,8478
1.317035602,8477
1.317041002,8476
1.317051922,8475
1.317055652,8474
1.317059058,8473
1.31706268,8472
1.317066722,8471
1.317069741,8470
1.317072932,8469
1.317076117,8468
1.317080694,8467
1.317084098,8466
1.317088147,8465
1.317091808,8464
1.317095074,8463
1.317100179,8462
1.317104106,8461
1.317107647,8460
1.31711152,8459
1.317118125,8458
1.317121754,8457
1.3171268,8456
1.317131172,8455
1.317137611,8454
1.317141207,8453
1.317157967,8452
1.317161875,8451
1.317165639,8450
1.317168721,8449
1.317172022,8448
1.317176009,8447
1.317180994,8446
1.317184909,8445
1.317188408,8444
1.31719426,8443
1.317197233,8442
1.317202589,8441
1.317205606,8440
1.317209704,8439
1.31721422,8438
1.317218056,8437
1.317221485,8436
1.317226309,8435
1.317229572,8434
1.317232919,8433
1.317237742,8432
1.317241833,8431
1.317245036,8430
1.317248263,8429
1.317251608,8428
1.317254864,8427
1.317258056,8426
1.317262222,8425
1.317265132,8424
1.317268435,8423
1.317272203,8422
1.317276685,8421
1.317281497,8420
1.317284781,8419
1.317287807,8418
1.317291063,8417
1.317294721,8416
1.317297616,8415
1.317300633,8414
1.31730392,8413
1.31730719,8412
1.317312095,8411
1.317316177,8410
1.317319422,8409
1.317322069,8408
1.31732535,8407
1.31732836,8406
1.317331449,8405
1.31733598,8404
1.317338683,8403
1.317341966,8402
1.317347486,8401
1.31735088,8400
1.317354521,8399
1.3173595,8398
1.317364224,8397
1.317367451,8396
1.317370485,8395
1.317374156,8394
1.317377293,8393
1.317379835,8392
1.317383775,8391
1.317387193,8390
1.317389986,8389
1.317394121,8388
1.317396462,8387
1.317398856,8386
1.317402092,8385
1.31740507,8384
1.317408173,8383
1.317412333,8382
1.317415924,8381
1.317419069,8380
1.317422558,8379
1.317425199,8378
1.317428383,8377
1.317431804,8376
1.317435036,8375
1.317437678,8374
1.317441172,8373
1.317444628,8372
1.317446956,8371
1.317450475,8370
1.317453992,8369
1.317457388,8368
1.317460238,8367
1.317463929,8366
1.31746764,8365
1.317470475,8364
1.317474483,8363
1.317477273,8362
1.317481548,8361
1.317484367,8360
1.317487859,8359
1.317491446,8358
1.317494074,8357
1.31749719,8356
1.317500618,8355
1.317504008,8354
1.317506723,8353
1.317509308,8352
1.31751168,8351
1.317515195,8350
1.317518953,8349
1.317521412,8348
1.317525211,8347
1.317529369,8346
1.317532624,8345
1.317535578,8344
1.317539076,8343
1.317542395,8342
1.317545813,8341
1.317548218,8340
1.317552605,8339
1.317556045,8338
1.317558718,8337
1.317560934,8336
1.317564571,8335
1.317567052,8334
1.317570052,8333
1.317572495,8332
1.317575971,8331
1.317579156,8330
1.317581897,8329
1.317584538,8328
1.317586964,8327
1.317589748,8326
1.317593405,8325
1.317597013,8324
1.317599701,8323
1.317602328,8322
1.317604571,8321
1.317608316,8320
1.317611954,8319
1.317615122,8318
1.31761839,8317
1.317621964,8316
1.317624915,8315
1.31762772,8314
1.31763032,8313
1.317634105,8312
1.317638131,8311
1.317640906,8310
1.317643914,8309
1.317646614,8308
1.317649391,8307
1.317651929,8306
1.317654794,8305
1.317657655,8304
1.317660988,8303
1.317664276,8302
1.31766785,8301
1.317671295,8300
1.317676101,8299
1.317679172,8298
1.317682287,8297
1.317685287,8296
1.317945818,8295
1.317951355,8294
1.317956675,8293
1.317962554,8292
1.317969801,8291
1.31797555,8290
1.317982288,8289
1.317990126,8288
1.317993594,8287
1.317997731,8286
1.318001555,8285
1.318006795,8284
1.318024205,8283
1.318029091,8282
1.318032252,8281
1.318047039,8280
1.318052685,8279
1.318058857,8278
1.318063003,8277
1.318066022,8276
1.318071768,8275
1.318075155,8274
1.318084891,8273
1.318088041,8272
1.318091879,8271
1.318100022,8270
1.318103145,8269
1.318106736,8268
1.318111377,8267
1.318117552,8266
1.318122622,8265
1.318130363,8264
1.318136104,8263
1.318145237,8262
1.318148707,8261
1.318160855,8260
1.318164688,8259
1.318168328,8258
1.318171563,8257
1.318174899,8256
1.31818017,8255
1.318182983,8254
1.318188094,8253
1.318195474,8252
1.318200475,8251
1.318207539,8250
1.318214302,8249
1.318221062,8248
1.318225265,8247
1.318229782,8246
1.318235595,8245
1.318238608,8244
1.318242087,8243
1.31824648,8242
1.318250529,8241
1.318255593,8240
1.318264329,8239
1.318267183,8238
1.318272956,8237
1.318276638,8236
1.318282971,8235
1.318285483,8234
1.31828811,8233
1.318293491,8232
1.318297344,8231
1.318304724,8230
1.318308317,8229
1.318312995,8228
1.318316197,8227
1.318414546,8226
1.318442702,8225
1.318447558,8224
1.318454311,8223
1.31846401,8222
1.318468363,8221
1.318473828,8220
1.318483963,8219
1.318488166,8218
1.31849296,8217
1.318500397,8216
1.318504864,8215
1.318514307,8214
1.318734706,8213
1.318738295,8212
1.318740947,8211
1.318744742,8210
1.31874995,8209
1.318755612,8208
1.318766676,8207
1.318778451,8206
1.318782268,8205
1.318786033,8204
1.318794171,8203
1.318798441,8202
1.318802053,8201
1.318804957,8200
1.318809042,8199
1.318812457,8198
1.318817135,8197
1.318822995,8196
1.318825712,8195
1.318829654,8194
1.318834788,8193
1.318842265,8192
1.318846206,8191
1.318849937,8190
1.318853363,8189
1.318862393,8188
1.318867047,8187
1.318869522,8186
1.318875464,8185
1.318878639,8184
1.318881659,8183
1.318884631,8182
1.318887889,8181
1.318892202,8180
1.31889748,8179
1.318900421,8178
1.318903961,8177
1.318907551,8176
1.318912148,8175
1.31891544,8174
1.318918913,8173
1.318921655,8172
1.318928187,8171
1.318935859,8170
1.318941621,8169
1.31894456,8168
1.318950626,8167
1.318954616,8166
1.318957817,8165
1.318960367,8164
1.318964778,8163
1.318969187,8162
1.319023135,8161
1.319027563,8160
1.31903012,8159
1.31903602,8158
1.319040941,8157
1.319046041,8156
1.319052199,8155
1.319056558,8154
1.319062658,8153
1.319068838,8152
1.319074859,8151
1.319079008,8150
1.319081815,8149
1.31908531,8148
1.319100249,8147
1.319106842,8146
1.319113306,8145
1.319119994,8144
1.319133626,8143
1.319139691,8142
1.319142741,8141
1.319145241,8140
1.319148193,8139
1.31915239,8138
1.319158958,8137
1.31916455,8136
1.319169982,8135
1.31917505,8134
1.3191809,8133
1.319184062,8132
1.319193063,8131
1.319196272,8130
1.319200749,8129
1.319209231,8128
1.319215919,8127
1.319226871,8126
1.319229465,8125
1.319238501,8124
1.319245306,8123
1.319253858,8122
1.31926393,8121
1.319268444,8120
1.319276304,8119
1.319282738,8118
1.319310317,8117
1.319313022,8116
1.319320027,8115
1.319949358,8114
1.320666608,8113
1.320685855,8112
1.320691629,8111
1.320744169,8110
1.320935338,8109
1.320951306,8108
1.324205109,8107
1.324300721,8106
1.324520525,8105
1.325855745,8104
1.325862457,8103
1.32586696,8102
1.32590311,8101
1.325910576,8100
1.325944176,8099
1.325948006,8098
1.325955122,8097
1.325961729,8096
1.325965257,8095
1.325969098,8094
1.32597599,8093
1.32598015,8092
1.326020609,8091
1.326024576,8090
1.326032799,8089
1.326036866,8088
1.326047253,8087
1.326053069,8086
1.326061413,8085
1.326068016,8084
1.326073676,8083
1.326078732,8082
1.326085314,8081
1.326092892,8080
1.326098023,8079
1.326104091,8078
1.326142812,8077
1.326147348,8076
1.326157639,8075
1.326162316,8074
1.326199277,8073
1.326214998,8072
1.326219984,8071
1.326225509,8070
1.326230192,8069
1.326236178,8068
1.326245564,8067
1.32624923,8066
1.326285321,8065
1.326292742,8064
1.326297562,8063
1.326307673,8062
1.326313713,8061
1.326321219,8060
1.326335123,8059
1.326339847,8058
1.326345015,8057
1.326353742,8056
1.326379971,8055
1.326383449,8054
1.326386812,8053
1.32639074,8052
1.326397103,8051
1.326400731,8050
1.326427472,8049
1.326432646,8048
1.326441183,8047
1.326476789,8046
1.326482787,8045
1.326486996,8044
1.326492632,8043
1.326502162,8042
1.326506941,8041
1.326510931,8040
1.326515618,8039
1.326519498,8038
1.326531902,8037
1.326544347,8036
1.327103402,8035
1.327110795,8034
1.327114945,8033
1.32712183,8032
1.327130488,8031
1.327137948,8030
1.32714674,8029
1.327161479,8028
1.327164948,8027
1.327170815,8026
1.327176034,8025
1.327180843,8024
1.327190737,8023
1.327200608,8022
1.327207716,8021
1.327215618,8020
1.327218919,8019
1.327222227,8018
1.327232599,8017
1.327250807,8016
1.327255882,8015
1.327260565,8014
1.327269657,8013
1.327272701,8012
1.327276048,8011
1.327322011,8010
1.327330307,8009
1.327333102,8008
1.327342832,8007
1.32735345,8006
1.327360691,8005
1.32736891,8004
1.327392232,8003
1.327396801,8002
1.327400674,8001
1.327412717,8000
1.327416986,7999
1.327429087,7998
1.327432261,7997
1.327435489,7996
1.327439146,7995
1.32744394,7994
1.327447198,7993
1.327466028,7992
1.327470393,7991
1.327480378,7990
1.327483608,7989
1.327514406,7988
1.327529948,7987
1.327544638,7986
1.327555106,7985
1.32756781,7984
1.327571359,7983
1.32758147,7982
1.327597977,7981
1.32762934,7980
1.327716969,7979
1.327773504,7978
1.327830647,7977
1.327854181,7976
1.327861333,7975
1.327877192,7974
1.327884814,7973
1.327887988,7972
1.327910476,7971
1.327916163,7970
1.327924604,7969
1.327946638,7968
1.32796159,7967
1.327970187,7966
1.327983732,7965
1.328001703,7964
1.328004821,7963
1.328028629,7962
1.328050054,7961
1.328060368,7960
1.328077117,7959
1.328083399,7958
1.328089174,7957
1.328110275,7956
1.328149692,7955
1.328188981,7954
1.328196768,7953
1.328204301,7952
1.32820854,7951
1.328238013,7950
1.328273866,7949
1.328293563,7948
1.328297617,7947
1.328335215,7946
1.328339014,7945
1.328358583,7944
1.328365944,7943
1.328369909,7942
1.328397143,7941
1.328410851,7940
1.328433492,7939
1.328461469,7938
1.328479523,7937
1.328491228,7936
1.328510036,7935
1.328519374,7934
1.328524259,7933
1.328546215,7932
1.328565292,7931
1.328574987,7930
1.328584647,7929
1.328596236,7928
1.328651715,7927
1.328658136,7926
1.32866745,7925
1.328675805,7924
1.328717434,7923
1.328723182,7922
1.328912099,7921
1.328921871,7920
1.328983273,7919
1.329018953,7918
1.329024706,7917
1.329138433,7916
1.329178003,7915
1.329228656,7914
1.329252526,7913
1.329269601,7912
1.329278651,7911
1.329327485,7910
1.329342089,7909
1.32938389,7908
1.329393904,7907
1.32940324,7906
1.329526446,7905
1.329588226,7904
1.329606192,7903
1.329623622,7902
1.329629029,7901
1.330021653,7900
1.330028125,7899
1.330035739,7898
1.330040285,7897
1.330045171,7896
1.330048438,7895
1.330051481,7894
1.33005752,7893
1.330061159,7892
1.33006725,7891
1.33007546,7890
1.330080108,7889
1.330087869,7888
1.330091415,7887
1.33009486,7886
1.330099135,7885
1.330102298,7884
1.330109845,7883
1.330117018,7882
1.330121153,7881
1.330134793,7880
1.330138867,7879
1.330148122,7878
1.330151696,7877
1.330158585,7876
1.330165046,7875
1.330174587,7874
1.330188946,7873
1.330192774,7872
1.330205902,7871
1.330213887,7870
1.330265874,7869
1.330270106,7868
1.330292457,7867
1.330296322,7866
1.330307747,7865
1.330315205,7864
1.33033318,7863
1.330340478,7862
1.330343472,7861
1.330351111,7860
1.330354417,7859
1.330358703,7858
1.33036254,7857
1.330375488,7856
1.330381196,7855
1.330406849,7854
1.330431612,7853
1.330451369,7852
1.330461796,7851
1.330471177,7850
1.330478919,7849
1.330505608,7848
1.330558224,7847
1.330560898,7846
1.330568855,7845
1.330574799,7844
1.330619144,7843
1.33064838,7842
1.330982114,7841
1.331027072,7840
1.331079497,7839
1.331337418,7838
1.33134093,7837
1.331345911,7836
1.331356137,7835
1.331359842,7834
1.331363427,7833
1.331368713,7832
1.331372669,7831
1.331378644,7830
1.331388656,7829
1.331394724,7828
1.331403907,7827
1.331413705,7826
1.331418734,7825
1.331424171,7824
1.331427999,7823
1.331433468,7822
1.331440124,7821
1.33146095,7820
1.331472239,7819
1.331523901,7818
1.331528892,7817
1.331539417,7816
1.331590847,7815
1.331597993,7814
1.331609879,7813
1.331618439,7812
1.331651435,7811
1.331657419,7810
1.33166175,7809
1.331700045,7808
1.331712687,7807
1.331717018,7806
1.331721517,7805
1.331761363,7804
1.331771191,7803
1.331776912,7802
1.331783429,7801
1.331795864,7800
1.331799795,7799
1.331806777,7798
1.331823922,7797
1.331860458,7796
1.33186533,7795
1.331869583,7794
1.33187641,7793
1.332004087,7792
1.332122747,7791
1.339369666,7790
1.339386566,7789
1.339433152,7788
1.339437778,7787
1.339443463,7786
1.3394858,7785
1.339516841,7784
1.339526705,7783
1.339536003,7782
1.339540368,7781
1.339579046,7780
1.339601128,7779
1.33963074,7778
1.339638128,7777
1.339654431,7776
1.339715236,7775
1.33975886,7774
1.339833707,7773
1.339837574,7772
1.339841216,7771
1.339903813,7770
1.339941217,7769
1.339946951,7768
1.339954281,7767
1.339961295,7766
1.340005883,7765
1.340040457,7764
1.340189106,7763
1.340439884,7762
1.340494488,7761
1.340620688,7760
1.340661172,7759
1.340668577,7758
1.340725056,7757
1.349333423,7756
1.349359062,7755
1.349367487,7754
1.349382045,7753
1.34938901,7752
1.349392848,7751
1.349430984,7750
1.349436546,7749
1.349460239,7748
1.349463814,7747
1.349502727,7746
1.349507265,7745
1.349527348,7744
1.349537007,7743
1.349560507,7742
1.349579459,7741
1.351677715,7740
1.351686509,7739
1.351692142,7738
1.351696017,7737
1.351700074,7736
1.3517042,7735
1.351708058,7734
1.35171124,7733
1.35171462,7732
1.351719672,7731
1.351726802,7730
1.351737369,7729
1.351745087,7728
1.351750368,7727
1.351754271,7726
1.351760708,7725
1.351764439,7724
1.35176832,7723
1.351775672,7722
1.351785454,7721
1.351789449,7720
1.351796587,7719
1.35180353,7718
1.35180677,7717
1.351811197,7716
1.351814895,7715
1.351818453,7714
1.351821795,7713
1.351829916,7712
1.351833997,7711
1.351837693,7710
1.35184408,7709
1.35184917,7708
1.351857757,7707
1.351865703,7706
1.351870326,7705
1.351874022,7704
1.351908048,7703
1.351915882,7702
1.351925036,7701
1.351931225,7700
1.351943468,7699
1.351952657,7698
1.351964817,7697
1.351976752,7696
1.351980412,7695
1.351995226,7694
1.352003636,7693
1.352007476,7692
1.352014782,7691
1.352022649,7690
1.352028015,7689
1.352035721,7688
1.35204172,7687
1.352051646,7686
1.352069898,7685
1.352077502,7684
1.352082706,7683
1.35209161,7682
1.352105418,7681
1.35211115,7680
1.352119236,7679
1.352155338,7678
1.352161225,7677
1.352167352,7676
1.352178132,7675
1.352188545,7674
1.352210743,7673
1.352215105,7672
1.352238686,7671
1.352244687,7670
1.352259837,7669
1.352266103,7668
1.352270486,7667
1.352275794,7666
1.352282915,7665
1.352288309,7664
1.35229639,7663
1.352303337,7662
1.352306562,7661
1.352311423,7660
1.352334068,7659
1.352340516,7658
1.352343625,7657
1.35237152,7656
1.352393888,7655
1.352407549,7654
1.352423441,7653
1.352443846,7652
1.352449,7651
1.352461203,7650
1.352499798,7649
1.352535526,7648
1.352566659,7647
1.352576899,7646
1.352579727,7645
1.35258885,7644
1.352592142,7643
1.352598176,7642
1.352602909,7641
1.352606382,7640
1.352611547,7639
1.352627131,7638
1.352632807,7637
1.352647658,7636
1.352675596,7635
1.352682216,7634
1.352687361,7633
1.352694287,7632
1.35270098,7631
1.352705034,7630
1.352713395,7629
1.352727301,7628
1.352767478,7627
1.352771864,7626
1.352776444,7625
1.352803504,7624
1.352808499,7623
1.352820669,7622
1.352829077,7621
1.352833505,7620
1.352842744,7619
1.35284894,7618
1.352859265,7617
1.352872806,7616
1.352888184,7615
1.352894572,7614
1.352898279,7613
1.352912137,7612
1.352921504,7611
1.352928351,7610
1.352938897,7609
1.352958849,7608
1.352965819,7607
1.352973407,7606
1.352993127,7605
1.353000982,7604
1.353012977,7603
1.353020247,7602
1.353027113,7601
1.353032443,7600
1.353080775,7599
1.353118488,7598
1.353184663,7597
1.353236134,7596
1.353290377,7595
1.353312241,7594
1.353355161,7593
1.353371289,7592
1.353425383,7591
1.353497917,7590
1.353542882,7589
1.353615826,7588
1.353637578,7587
1.35365322,7586
1.353657214,7585
1.353662223,7584
1.353670841,7583
1.35367557,7582
1.353705537,7581
1.353725784,7580
1.353730635,7579
1.353744056,7578
1.35375292,7577
1.353764373,7576
1.353773065,7575
1.353778882,7574
1.3537864,7573
1.353805897,7572
1.353810771,7571
1.353860335,7570
1.353897904,7569
1.353963275,7568
1.35403886,7567
1.354051617,7566
1.354055445,7565
1.354059639,7564
1.354195514,7563
1.354277529,7562
1.354290543,7561
1.354444992,7560
1.35450194,7559
1.354615854,7558
1.354801662,7557
1.35485428,7556
1.354869668,7555
1.354937847,7554
1.354982876,7553
1.355176754,7552
1.355195173,7551
1.355648369,7550
1.355666644,7549
1.35568233,7548
1.355734447,7547
1.355772492,7546
1.355783497,7545
1.355826027,7544
1.357900445,7543
1.357920579,7542
1.35794151,7541
1.357967946,7540
1.357974778,7539
1.357978208,7538
1.357983134,7537
1.358025357,7536
1.358102702,7535
1.358117176,7534
1.358186523,7533
1.358234293,7532
1.358251045,7531
1.358258599,7530
1.35826181,7529
1.358268818,7528
1.358273757,7527
1.358277387,7526
1.358286125,7525
1.35829007,7524
1.358295887,7523
1.358306147,7522
1.358310725,7521
1.35831586,7520
1.358350595,7519
1.358357171,7518
1.358393179,7517
1.358458037,7516
1.358476689,7515
1.358488495,7514
1.358530009,7513
1.358545569,7512
1.358581901,7511
1.358585609,7510
1.358654393,7509
1.358709888,7508
1.358719127,7507
1.358782691,7506
1.358823895,7505
1.358857929,7504
1.358875918,7503
1.358915232,7502
1.35899941,7501
1.359038488,7500
1.359079072,7499
1.359202927,7498
1.359209125,7497
1.359259679,7496
1.361880165,7495
1.362030849,7494
1.362067606,7493
1.362130913,7492
1.363220599,7491
1.364311709,7490
1.364455781,7489
1.364485749,7488
1.364544271,7487
1.364589773,7486
1.365004867,7485
1.365017426,7484
1.36502509,7483
1.365033153,7482
1.365061917,7481
1.365069161,7480
1.365075976,7479
1.365081684,7478
1.365089642,7477
1.365093341,7476
1.36509685,7475
1.365105542,7474
1.36511178,7473
1.365117251,7472
1.365125327,7471
1.365131777,7470
1.365146468,7469
1.365162535,7468
1.365179692,7467
1.365202904,7466
1.365257444,7465
1.365273803,7464
1.36538138,7463
1.365415498,7462
1.365425806,7461
1.365457072,7460
1.365472861,7459
1.365615047,7458
1.365621276,7457
1.365629258,7456
1.365636725,7455
1.365642884,7454
1.365651186,7453
1.365656347,7452
1.365658895,7451
1.365667655,7450
1.365670322,7449
1.365679747,7448
1.365684153,7447
1.365691794,7446
1.365696728,7445
1.365733032,7444
1.366095685,7443
1.366172121,7442
1.366181496,7441
1.366293476,7440
1.366349585,7439
1.366358296,7438
1.366404268,7437
1.366559429,7436
1.366595372,7435
1.366618348,7434
1.366631971,7433
1.36670306,7432
1.366745747,7431
1.366781113,7430
1.366961846,7429
1.368064031,7428
1.368080527,7427
1.368164894,7426
1.368180514,7425
1.36830296,7424
1.368515131,7423
1.381819212,7422
1.382468852,7421
1.382472209,7420
1.382484592,7419
1.38249126,7418
1.382512827,7417
1.382561367,7416
1.38260689,7415
1.623667929,7414
1.68052329,7413
1.71489241,7412
1.992429775,7411
2.073379673,7410
2.153630596,7409
2.170334172,7408
2.182589155,7407
2.207446039,7406
2.253431919,7405
2.27421723,7404
2.326047697,7403
2.364101408,7402
2.409343878,7401
2.425242417,7400
2.458699579,7399
2.515682297,7398
2.535442109,7397
2.724616618,7396
2.747209551,7395
2.783188174,7394
2.805433851,7393
2.814107314,7392
2.882221263,7391
2.91196783,7390
2.933132436,7389
2.948215798,7388
2.974252043,7387
3.010791434,7386
3.021245289,7385
3.036013694,7384
3.061651527,7383
3.359009743,7382
3.455065001,7381
3.48586243,7380
3.526724714,7379
3.590464226,7378
3.691608148,7377
3.77704679,7376
3.843306037,7375
3.880949507,7374
3.889385941,7373
3.910314499,7372
3.918008522,7371
3.951299368,7370
3.983130688,7369
4.095932352,7368
4.131079667,7367
4.419037311,7366
4.520570617,7365
4.602187007,7364
4.667515958,7363
4.691065024,7362
4.801844635,7361
4.825104612,7360
4.836840464,7359
4.867204966,7358
4.879651856,7357
4.920826945,7356
4.928010567,7355
4.936723412,7354
4.945923291,7353
4.988167645,7352
5.005885309,7351
5.037534706,7350
5.11737361,7349
5.192986895,7348
5.218200011,7347
5.253790276,7346
5.289293396,7345
5.427712238,7344
5.50722625,7343
5.567178338,7342
5.624163061,7341
5.688135376,7340
5.759722066,7339
5.789567537,7338
5.895972586,7337
6.085246241,7336
6.165757345,7335
6.319599904,7334
6.346362662,7333
6.422823066,7332
6.455370589,7331
6.543428876,7330
6.552485601,7329
6.570770421,7328
6.601098906,7327
6.847798977,7326
7.020011118,7325
7.10128288,7324
7.182159156,7323
7.227315887,7322
7.251667141,7321
7.361000351,7320
7.458098427,7319
7.480012797,7318
7.516162146,7317
7.530993891,7316
7.571303253,7315
7.602381572,7314
7.623476584,7313
7.643801678,7312
7.679793388,7311
7.712235493,7310
7.740510188,7309
7.775526173,7308
7.796918238,7307
7.811746014,7306
7.835697929,7305
7.843654067,7304
7.861343067,7303
7.920138058,7302
7.93204892,7301
7.950516331,7300
7.999106918,7299
8.010101331,7298
8.059722852,7297
8.070700995,7296
8.129205004,7295
8.13927728,7294
8.15650759,7293
8.168419354,7292
8.195148134,7291
8.217193589,7290
8.234565848,7289
8.36512985,7288
8.37384453,7287
8.398046213,7286
8.417518581,7285
8.439517133,7284
8.458024739,7283
8.573423524,7282
8.597242601,7281
8.617797875,7280
8.692196777,7279
8.712572866,7278
8.77922968,7277
8.790319383,7276
8.84793314,7275
8.908210732,7274
8.926704876,7273
8.946247724,7272
8.960932762,7271
9.004108038,7270
9.019200086,7269
9.048535535,7268
9.237008953,7267
9.301803482,7266
9.440039059,7265
9.455483612,7264
9.616942517,7263
9.651237737,7262
9.7176763,7261
9.756241786,7260
9.824828071,7259
9.910378494,7258
9.923421425,7257
9.995271072,7256
10.027900462,7255
10.040367105,7254
10.068389281,7253
10.188544441,7252
10.210867845,7251
10.234451779,7250
10.259098538,7249
10.275791378,7248
10.544653484,7247
10.674997315,7246
10.717582082,7245
10.765235339,7244
10.879314566,7243
10.892768108,7242
10.912404098,7241
10.93490776,7240
10.949783696,7239
10.972537638,7238
10.978695886,7237
10.996930935,7236
11.019799608,7235
11.060026435,7234
11.123404708,7233
11.192551577,7232
11.2052853,7231
11.220513631,7230
11.233058353,7229
11.267674392,7228
11.275302994,7227
11.308697485,7226
11.343441684,7225
11.577973316,7224
11.690255649,7223
11.798569671,7222
11.960168276,7221
12.018487868,7220
12.037246875,7219
12.060774328,7218
12.077273998,7217
12.085663591,7216
12.102048674,7215
12.133688189,7214
12.206597124,7213
12.221713233,7212
12.247122138,7211
12.300265833,7210
12.364633029,7209
12.376135557,7208
12.476351578,7207
12.554721748,7206
12.617459808,7205
12.683142181,7204
12.789526096,7203
12.797967166,7202
12.865370251,7201
12.888264729,7200
12.941395169,7199
12.979536711,7198
13.278056444,7197
13.34529139,7196
13.529510796,7195
13.640003897,7194
13.668555236,7193
13.679210286,7192
14.129832362,7191
14.161700455,7190
14.213137014,7189
14.295470298,7188
14.364960147,7187
14.378687724,7186
14.46457723,7185
14.482084025,7184
14.49801314,7183
14.531482421,7182
14.561706466,7181
14.626377015,7180
15.13639591,7179
