0.944672582,10181
0.944745328,10180
0.944776137,10179
0.944807548,10178
0.944885576,10177
0.944944327,10176
0.944972821,10175
0.944983879,10174
0.944994381,10173
0.945003265,10172
0.945041771,10171
0.945052046,10170
0.945065249,10169
0.945075001,10168
0.945084693,10167
0.945094043,10166
0.945131827,10165
0.945185766,10164
0.945228022,10163
0.945247227,10162
0.945261126,10161
0.945287072,10160
0.945353791,10159
0.945417053,10158
0.945436725,10157
0.945448965,10156
0.945496619,10155
0.94553933,10154
0.945546159,10153
0.945555385,10152
0.945563956,10151
0.945572802,10150
0.945581727,10149
0.945590952,10148
0.945602432,10147
0.945625999,10146
0.945634303,10145
0.945708291,10144
0.945737283,10143
0.945743451,10142
0.945748806,10141
0.945754099,10140
0.945761835,10139
0.945772209,10138
0.945781901,10137
0.945791906,10136
0.945806655,10135
0.945815755,10134
0.9458247,10133
0.945835293,10132
0.945900466,10131
0.94594281,10130
0.945954735,10129
0.945967082,10128
0.945977332,10127
0.945986775,10126
0.945995703,10125
0.946003675,10124
0.946012032,10123
0.946020743,10122
0.946037007,10121
0.946046254,10120
0.946054897,10119
0.94606325,10118
0.946072655,10117
0.946080931,10116
0.946088627,10115
0.946096297,10114
0.946104228,10113
0.946121757,10112
0.946162726,10111
0.946199802,10110
0.946272138,10109
0.946306214,10108
0.946398688,10107
0.946414565,10106
0.946452713,10105
0.946461053,10104
0.946470166,10103
0.946478712,10102
0.946486361,10101
0.946494727,10100
0.946538647,10099
0.946620586,10098
0.946632651,10097
0.946646817,10096
0.946667581,10095
0.946725714,10094
0.946768702,10093
0.946832547,10092
0.946844057,10091
0.946858224,10090
0.946870293,10089
0.946906387,10088
0.946914246,10087
0.946921831,10086
0.946934944,10085
0.94694953,10084
0.946975948,10083
0.946982277,10082
0.946988644,10081
0.947004386,10080
0.947010838,10079
0.947048707,10078
0.947094596,10077
0.94710541,10076
0.947110706,10075
0.94711919,10074
0.947130353,10073
0.947139934,10072
0.94715224,10071
0.947162675,10070
0.947175338,10069
0.947182669,10068
0.947190078,10067
0.947198879,10066
0.947206961,10065
0.947244559,10064
0.947289577,10063
0.947295518,10062
0.947302095,10061
0.947308465,10060
0.947345606,10059
0.947355111,10058
0.947364039,10057
0.947370533,10056
0.947377906,10055
0.947404104,10054
0.947414457,10053
0.947424758,10052
0.947438442,10051
0.947448816,10050
0.94745642,10049
0.947466138,10048
0.947473264,10047
0.947483996,10046
0.947489138,10045
0.947493858,10044
0.947500856,10043
0.947506279,10042
0.94751569,10041
0.947522093,10040
0.947527386,10039
0.947533299,10038
0.947538906,10037
0.947544287,10036
0.947549894,10035
0.947556178,10034
0.947562005,10033
0.947567896,10032
0.947574922,10031
0.947581786,10030
0.947588422,10029
0.947594962,10028
0.94760138,10027
0.947606753,10026
0.947611412,10025
0.947616143,10024
0.947620311,10023
0.947624524,10022
0.94762989,10021
0.947641824,10020
0.947647937,10019
0.947806707,10018
0.94781511,10017
0.947821024,10016
0.947827252,10015
0.947833388,10014
0.94783879,10013
0.947843968,10012
0.947850509,10011
0.947855201,10010
0.947859651,10009
0.947863872,10008
0.947868291,10007
0.947872705,10006
0.9478775,10005
0.947882148,10004
0.947889017,10003
0.947897728,10002
0.947902893,10001
0.947908843,10000
0.947914329,9999
0.947919021,9998
0.947923516,9997
0.947928126,9996
0.94793259,9995
0.947936636,9994
0.947940637,9993
0.947945047,9992
0.947976241,9991
0.947981142,9990
0.947998824,9989
0.948006986,9988
0.94801845,9987
0.948023361,9986
0.948028294,9985
0.948033315,9984
0.948037928,9983
0.94804265,9982
0.948047219,9981
0.948051682,9980
0.948056154,9979
0.948060171,9978
0.94806469,9977
0.948068865,9976
0.948073385,9975
0.948078835,9974
0.948084135,9973
0.948089465,9972
0.94809482,9971
0.948107148,9970
0.948118719,9969
0.948124092,9968
0.948136312,9967
0.948141445,9966
0.948146282,9965
0.948164085,9964
0.948168181,9963
0.948172855,9962
0.948177257,9961
0.948181414,9960
0.948186059,9959
0.948190984,9958
0.94819622,9957
0.948200902,9956
0.948205491,9955
0.948210051,9954
0.948214649,9953
0.948220107,9952
0.948232545,9951
0.948241517,9950
0.948250614,9949
0.948258917,9948
0.948266735,9947
0.948272232,9946
0.948276965,9945
0.948281734,9944
0.948286212,9943
0.948290277,9942
0.948311058,9941
0.948315894,9940
0.948320424,9939
0.948344283,9938
0.948348568,9937
0.948365245,9936
0.948370173,9935
0.948381233,9934
0.948394861,9933
0.94844359,9932
0.948587367,9931
0.948665172,9930
0.948671517,9929
0.948676695,9928
0.948681505,9927
0.948688323,9926
0.948703337,9925
0.96783531,9924
0.967849755,9923
0.967867798,9922
0.967879961,9921
0.967887523,9920
0.967894081,9919
0.967899819,9918
0.967905352,9917
0.967910628,9916
0.96791594,9915
0.967920959,9914
0.968613958,9913
0.968808452,9912
0.968815043,9911
0.968818791,9910
0.968822206,9909
0.968825593,9908
0.968829039,9907
0.968832541,9906
0.968836043,9905
0.968839542,9904
0.96884287,9903
0.968846278,9902
0.968849965,9901
0.968853542,9900
0.96890513,9899
0.968908982,9898
0.96891381,9897
0.968923285,9896
0.96894683,9895
0.968953168,9894
0.968957181,9893
0.968962724,9892
0.968968512,9891
0.968977793,9890
0.968983433,9889
0.968991906,9888
0.968997645,9887
0.969002518,9886
0.969007614,9885
0.969012672,9884
0.969017019,9883
0.96902098,9882
0.969025107,9881
0.969029254,9880
0.969033447,9879
0.969037571,9878
0.969046088,9877
0.969103319,9876
0.970043585,9875
0.975925211,9874
0.975937348,9873
0.975972509,9872
0.975976837,9871
0.97598679,9870
0.975991427,9869
0.975995241,9868
0.975999224,9867
0.976036468,9866
0.976040821,9865
0.976049913,9864
0.97605377,9863
0.976063002,9862
0.976067402,9861
0.976071693,9860
0.976115726,9859
0.976119704,9858
0.976124685,9857
0.976128414,9856
0.976131947,9855
0.976135673,9854
0.976144639,9853
0.976154328,9852
0.976157952,9851
0.976161332,9850
0.976164642,9849
0.976169096,9848
0.976172756,9847
0.976296136,9846
0.976301551,9845
0.976306952,9844
0.976311652,9843
0.976315677,9842
0.976319419,9841
0.976323369,9840
0.976328462,9839
0.993741869,9838
0.993788901,9837
0.993909591,9836
0.99403717,9835
0.994076306,9834
0.995962443,9833
0.995975006,9832
0.995980159,9831
0.995984049,9830
0.995987599,9829
0.995991964,9828
0.995996111,9827
0.996013109,9826
0.996034031,9825
0.996045627,9824
0.996054175,9823
0.996096257,9822
0.996133792,9821
0.996140941,9820
0.99626831,9819
0.996276077,9818
0.996283217,9817
0.996289468,9816
0.99629521,9815
0.99629977,9814
0.996305083,9813
0.996310215,9812
0.996315097,9811
0.996319867,9810
0.996324927,9809
0.996330503,9808
0.996335502,9807
0.996340289,9806
0.996344949,9805
0.996350185,9804
0.996355306,9803
0.996360951,9802
0.996366448,9801
0.996375842,9800
0.996399766,9799
0.996412611,9798
0.996418889,9797
0.996424676,9796
0.996430826,9795
0.996499642,9794
0.996505102,9793
0.996510091,9792
0.996515001,9791
0.996520809,9790
0.996525035,9789
0.996529185,9788
0.996533939,9787
0.99653897,9786
0.996541852,9785
0.996544464,9784
0.996546769,9783
0.996549371,9782
0.996551659,9781
0.996554179,9780
0.996556543,9779
0.996558915,9778
0.996562317,9777
0.99656615,9776
0.996570325,9775
0.996582108,9774
0.996589062,9773
0.996599864,9772
0.996607488,9771
0.996681806,9770
0.996687145,9769
0.996693403,9768
0.996698962,9767
0.996721571,9766
0.996737402,9765
0.996740564,9764
0.99674411,9763
0.996748559,9762
0.99675242,9761
0.996756646,9760
0.996760273,9759
0.996763939,9758
0.996767443,9757
0.996771821,9756
0.996775866,9755
0.996779601,9754
0.996802886,9753
0.996818221,9752
0.996839207,9751
0.996844054,9750
0.996848614,9749
0.996853956,9748
0.996858526,9747
0.996862064,9746
0.996865305,9745
0.996869023,9744
0.996872702,9743
0.996876238,9742
0.996879555,9741
0.996882688,9740
0.996886083,9739
0.996889226,9738
0.996892357,9737
0.996895574,9736
0.996898983,9735
0.996902608,9734
0.99690677,9733
0.996910507,9732
0.996914724,9731
0.996918957,9730
0.99692298,9729
0.99692677,9728
0.996930475,9727
0.996934295,9726
0.996944769,9725
0.996952168,9724
0.996958779,9723
0.996964764,9722
0.996971363,9721
0.996977628,9720
0.996983623,9719
0.996988128,9718
0.996992479,9717
0.996997888,9716
0.997003174,9715
0.99700769,9714
0.997011818,9713
0.997015343,9712
0.997019147,9711
0.997023323,9710
0.99702753,9709
0.99703157,9708
0.997035708,9707
0.997039599,9706
0.997043118,9705
0.997046864,9704
0.997050292,9703
0.99705356,9702
0.997056739,9701
0.997059931,9700
0.997063609,9699
0.997066653,9698
0.997069746,9697
0.997073094,9696
0.99707622,9695
0.997079263,9694
0.997082754,9693
0.997085812,9692
0.997088896,9691
0.99709204,9690
0.997095242,9689
0.997098611,9688
0.997102033,9687
0.99710492,9686
0.997108315,9685
0.997111582,9684
0.997114778,9683
0.997117685,9682
0.997121311,9681
0.997124548,9680
0.997127877,9679
0.997131031,9678
0.99713373,9677
0.997136266,9676
0.997139005,9675
0.997141548,9674
0.997143888,9673
0.997148856,9672
0.997152579,9671
0.997189652,9670
0.997226048,9669
0.997229862,9668
0.997232977,9667
0.997236475,9666
0.997240104,9665
0.997243704,9664
0.997248488,9663
0.997255779,9662
0.997260209,9661
0.997265255,9660
0.997270161,9659
0.997273496,9658
0.997277043,9657
0.99728017,9656
0.997283868,9655
0.99728702,9654
0.997289783,9653
0.997292857,9652
0.997296939,9651
0.997300321,9650
0.997303422,9649
0.997306749,9648
0.997313281,9647
0.997316401,9646
0.997320221,9645
0.997324137,9644
0.997327202,9643
0.997398101,9642
0.99740343,9641
0.997408213,9640
0.997418009,9639
0.997424981,9638
0.997431946,9637
0.997434952,9636
0.997438892,9635
0.997451407,9634
0.997487239,9633
0.997490087,9632
0.997492917,9631
0.997495624,9630
0.997498191,9629
0.99750093,9628
0.997503554,9627
0.997506,9626
0.997508527,9625
0.997511459,9624
0.997514196,9623
0.997516588,9622
0.997519013,9621
0.997522115,9620
0.997525488,9619
0.997528498,9618
0.997531426,9617
0.997534263,9616
0.997537418,9615
0.997540385,9614
0.997543233,9613
0.997545691,9612
0.997548091,9611
0.997550833,9610
0.99755315,9609
0.997555551,9608
0.9975581,9607
0.997563292,9606
0.997566519,9605
0.997569298,9604
0.99757218,9603
0.997574788,9602
0.997577524,9601
0.997580363,9600
0.997583102,9599
0.997585477,9598
0.997587942,9597
0.997590413,9596
0.997593306,9595
0.997596373,9594
0.997599424,9593
0.997603163,9592
0.997605774,9591
0.997608952,9590
0.997612004,9589
0.99761479,9588
0.997617652,9587
0.997620428,9586
0.997623207,9585
0.997626006,9584
0.998647825,9583
0.998654393,9582
0.998657598,9581
0.998661387,9580
0.998664445,9579
0.998666833,9578
0.998670033,9577
0.998672918,9576
0.998676003,9575
0.998679385,9574
0.998681958,9573
0.998685036,9572
0.998687702,9571
0.998690424,9570
0.998692926,9569
0.998695427,9568
0.998698083,9567
0.998700835,9566
0.998703399,9565
0.99870577,9564
0.998708666,9563
0.998711134,9562
0.99871373,9561
0.998716068,9560
0.99871864,9559
0.998721423,9558
0.998724217,9557
0.998726833,9556
0.99872902,9555
0.99873129,9554
0.998733641,9553
0.99873624,9552
0.998738637,9551
0.998741253,9550
0.998743996,9549
0.998746557,9548
0.998749156,9547
0.998751717,9546
0.99875398,9545
0.998757362,9544
0.998760248,9543
0.998763532,9542
0.998767162,9541
0.998769969,9540
0.998772883,9539
0.998775696,9538
0.998778428,9537
0.998781212,9536
0.998784267,9535
0.998786864,9534
0.998790037,9533
0.998792503,9532
0.998795629,9531
0.998798098,9530
0.998800619,9529
0.998803855,9528
0.998812367,9527
0.998815143,9526
0.998817552,9525
0.998826574,9524
0.998836687,9523
0.998843024,9522
0.998847514,9521
0.998851458,9520
0.998857213,9519
0.998861264,9518
0.998865769,9517
0.998869501,9516
0.99887322,9515
0.998876447,9514
0.998880208,9513
0.9988839,9512
0.99888799,9511
0.9988913,9510
0.998894955,9509
0.998898392,9508
0.99893556,9507
0.998939462,9506
0.998942906,9505
0.998946702,9504
0.998950222,9503
0.998953708,9502
0.998957623,9501
0.998960428,9500
0.998963532,9499
0.998966752,9498
0.998971321,9497
0.998974705,9496
0.998978491,9495
0.998982247,9494
0.998985283,9493
0.998988853,9492
0.998992105,9491
0.998995573,9490
0.998998093,9489
0.999001328,9488
0.999004332,9487
0.999007616,9486
0.999010656,9485
0.999016259,9484
0.999019782,9483
0.999023285,9482
0.999026801,9481
0.999029919,9480
0.999034442,9479
0.999038491,9478
0.999042063,9477
0.999045623,9476
0.999049121,9475
0.99905456,9474
0.999059746,9473
0.999064382,9472
0.999068181,9471
0.99907178,9470
0.999075106,9469
0.999078247,9468
0.999081246,9467
0.999084494,9466
0.999087539,9465
0.999091871,9464
0.999095037,9463
0.999097978,9462
0.999101077,9461
0.9991043,9460
0.99910786,9459
0.999110943,9458
0.999113946,9457
0.999116899,9456
0.999120346,9455
0.999123285,9454
0.999133854,9453
0.999140031,9452
0.99914376,9451
0.999147,9450
0.99915008,9449
0.9991533,9448
0.999156111,9447
0.99915962,9446
0.999162691,9445
0.999166266,9444
0.999169695,9443
0.999172966,9442
0.999176088,9441
0.999181209,9440
0.999184674,9439
0.999188326,9438
0.999191852,9437
0.999194912,9436
0.999197979,9435
0.999201344,9434
0.999204392,9433
0.999207547,9432
0.999209824,9431
0.999212125,9430
0.999214313,9429
0.999216339,9428
0.999218667,9427
0.999220614,9426
0.999222871,9425
0.999224773,9424
0.999226733,9423
0.999229054,9422
0.999230845,9421
0.999232861,9420
0.999234748,9419
0.999236605,9418
0.999238535,9417
0.999240536,9416
0.999242321,9415
0.999244414,9414
0.999248812,9413
0.999252721,9412
0.999255919,9411
0.999258848,9410
0.999262225,9409
0.999265193,9408
0.99926943,9407
0.999272582,9406
0.999275191,9405
0.999278503,9404
0.999281891,9403
0.999284971,9402
0.999287962,9401
0.999291507,9400
0.99929445,9399
0.999297656,9398
0.999301222,9397
0.999304241,9396
0.999307223,9395
0.999311044,9394
0.999314186,9393
0.9993168,9392
0.999320103,9391
0.999322891,9390
0.99932626,9389
0.999329881,9388
0.999333008,9387
0.999336021,9386
0.999339257,9385
0.999342221,9384
0.999344952,9383
0.999347883,9382
0.999351185,9381
0.999354294,9380
0.999357198,9379
0.999359804,9378
0.999362807,9377
0.999365844,9376
0.999368923,9375
0.999371741,9374
0.999374436,9373
0.999377579,9372
0.999380427,9371
0.999383707,9370
0.999386494,9369
0.999390048,9368
0.999393152,9367
0.999396207,9366
0.999399409,9365
0.999402641,9364
0.99940568,9363
0.999408629,9362
0.999411614,9361
0.999414707,9360
0.999417627,9359
0.999420904,9358
0.999424438,9357
0.999427559,9356
0.999430835,9355
0.99943423,9354
0.999437461,9353
0.999442396,9352
0.999446092,9351
0.999449828,9350
0.999453693,9349
0.999456992,9348
0.999459929,9347
0.999463034,9346
0.99946777,9345
0.999472601,9344
0.999476584,9343
0.99947991,9342
0.999483029,9341
0.999485946,9340
0.999488705,9339
0.999491427,9338
0.99949401,9337
0.99949727,9336
0.999500231,9335
0.999503214,9334
0.999505866,9333
0.999508477,9332
0.999511153,9331
0.999513891,9330
0.999516275,9329
0.999519305,9328
0.999522018,9327
0.999524767,9326
0.999527828,9325
0.999541575,9324
0.999547025,9323
0.999550519,9322
0.999553199,9321
0.999555696,9320
0.999560217,9319
0.99956318,9318
0.999566376,9317
0.999569506,9316
0.999572491,9315
0.999576624,9314
0.999580015,9313
0.999583584,9312
0.999586634,9311
0.999589535,9310
0.999592587,9309
0.999595678,9308
0.999598614,9307
0.999601766,9306
0.999604961,9305
0.999607813,9304
0.999610583,9303
0.999613881,9302
0.999617196,9301
0.999619984,9300
0.999625224,9299
0.999629825,9298
0.999634409,9297
0.999637696,9296
0.999640934,9295
0.999644206,9294
0.999647226,9293
0.999650227,9292
0.999653306,9291
0.999656319,9290
0.999659475,9289
0.999662367,9288
0.999665189,9287
0.999668166,9286
0.999671045,9285
0.999674734,9284
0.999678303,9283
0.999681474,9282
0.999684992,9281
0.99969051,9280
0.999694113,9279
0.99969761,9278
0.999703014,9277
0.999706542,9276
0.999710481,9275
0.999713611,9274
0.999716531,9273
0.999719592,9272
0.999722421,9271
0.999725042,9270
0.999728064,9269
0.999731458,9268
0.999734643,9267
0.99973837,9266
0.999741568,9265
0.999744107,9264
0.999746377,9263
0.999748501,9262
0.999753039,9261
0.999756458,9260
0.999759535,9259
0.99976263,9258
0.99976583,9257
0.999769313,9256
0.999772597,9255
0.999775746,9254
0.999778515,9253
0.999781442,9252
0.999784343,9251
0.999787352,9250
0.999790135,9249
0.999794667,9248
0.999797473,9247
0.999800424,9246
0.999803667,9245
0.999806676,9244
0.99980961,9243
0.999812418,9242
0.999814964,9241
0.999818324,9240
0.999821054,9239
0.999823864,9238
0.999826937,9237
0.999830176,9236
0.99983351,9235
0.999837081,9234
0.999840209,9233
0.999842935,9232
0.99984567,9231
0.999848648,9230
0.999851542,9229
0.999854328,9228
0.999857338,9227
0.999859871,9226
0.999863951,9225
0.999867991,9224
0.999871503,9223
0.99987463,9222
0.999877967,9221
0.999881782,9220
0.999885539,9219
0.999888618,9218
0.999891579,9217
0.99989445,9216
0.99989717,9215
0.999900357,9214
0.999903312,9213
0.999906054,9212
0.999908496,9211
0.999912148,9210
0.999915584,9209
0.999919053,9208
0.999922912,9207
0.999926465,9206
0.999929595,9205
0.999932843,9204
0.999936073,9203
0.999939012,9202
0.999941826,9201
0.999946422,9200
0.999950717,9199
0.999954307,9198
0.999957713,9197
0.999961143,9196
0.999964044,9195
0.999967403,9194
0.999970616,9193
0.999973785,9192
0.999976857,9191
0.999980239,9190
0.999983608,9189
0.999986829,9188
0.999989745,9187
0.999992813,9186
0.999996269,9185
1.000001284,9184
1.00000523,9183
1.000010402,9182
1.000016505,9181
1.000024848,9180
1.000041283,9179
1.000051693,9178
1.00005605,9177
1.000060764,9176
1.000073678,9175
1.000077367,9174
1.000080578,9173
1.000083831,9172
1.000087967,9171
1.000256708,9170
1.000287636,9169
1.000392088,9168
1.000398097,9167
1.000402342,9166
1.000406143,9165
1.000409569,9164
1.000412579,9163
1.000415719,9162
1.000418805,9161
1.000421661,9160
1.00042458,9159
1.000428538,9158
1.000431483,9157
1.000434712,9156
1.000437712,9155
1.000440406,9154
1.000443088,9153
1.000445607,9152
1.000448387,9151
1.000450978,9150
1.00045376,9149
1.00045709,9148
1.00045988,9147
1.000462575,9146
1.000466577,9145
1.000469429,9144
1.000472295,9143
1.000475094,9142
1.000478434,9141
1.000481601,9140
1.000484416,9139
1.000487292,9138
1.000490581,9137
1.000493569,9136
1.000496596,9135
1.000499967,9134
1.000503706,9133
1.000507169,9132
1.00051024,9131
1.000513355,9130
1.000516217,9129
1.000519425,9128
1.000522613,9127
1.000525844,9126
1.000529649,9125
1.000533264,9124
1.00053706,9123
1.00054018,9122
1.000543187,9121
1.000545932,9120
1.000549421,9119
1.000552617,9118
1.000556291,9117
1.000559573,9116
1.000562969,9115
1.000566266,9114
1.000569406,9113
1.00057251,9112
1.00057557,9111
1.000579002,9110
1.000581878,9109
1.000585535,9108
1.000589581,9107
1.000594048,9106
1.000603261,9105
1.000606658,9104
1.000610336,9103
1.000613836,9102
1.000617341,9101
1.000621049,9100
1.000624757,9099
1.000628442,9098
1.000632233,9097
1.000643265,9096
1.000651313,9095
1.000664925,9094
1.000668341,9093
1.000671496,9092
1.000674618,9091
1.000677358,9090
1.000680234,9089
1.000683165,9088
1.000685801,9087
1.000688626,9086
1.000694527,9085
1.000697428,9084
1.000699912,9083
1.000702806,9082
1.000709103,9081
1.000713054,9080
1.0007174,9079
1.000721271,9078
1.000725151,9077
1.000729278,9076
1.000738035,9075
1.000742775,9074
1.000746419,9073
1.000750058,9072
1.000753527,9071
1.000756767,9070
1.000759681,9069
1.000763249,9068
1.00076705,9067
1.000771462,9066
1.000775118,9065
1.000778678,9064
1.000781649,9063
1.000784453,9062
1.000787579,9061
1.00079081,9060
1.000793885,9059
1.000796635,9058
1.000799352,9057
1.0008025,9056
1.000805516,9055
1.000808357,9054
1.000811135,9053
1.000813868,9052
1.000816569,9051
1.000819666,9050
1.000822418,9049
1.000824834,9048
1.000827535,9047
1.000830189,9046
1.000832904,9045
1.000835841,9044
1.000838182,9043
1.000840703,9042
1.000842945,9041
1.000845737,9040
1.000848102,9039
1.000850588,9038
1.000853522,9037
1.000856373,9036
1.000859146,9035
1.000862158,9034
1.000865668,9033
1.00087631,9032
1.000880846,9031
1.000884946,9030
1.000888277,9029
1.000891661,9028
1.000895368,9027
1.000898474,9026
1.000902252,9025
1.000911772,9024
1.000915683,9023
1.000919143,9022
1.00092225,9021
1.000925318,9020
1.000928672,9019
1.000931659,9018
1.000934804,9017
1.000937917,9016
1.000941844,9015
1.000944518,9014
1.000947379,9013
1.000950539,9012
1.000953565,9011
1.000956188,9010
1.000959026,9009
1.000962042,9008
1.000964893,9007
1.000968145,9006
1.000970962,9005
1.000974239,9004
1.000977163,9003
1.000980734,9002
1.000983461,9001
1.000986454,9000
1.000989782,8999
1.000992675,8998
1.000995771,8997
1.00099892,8996
1.001002127,8995
1.001005259,8994
1.001008108,8993
1.001011225,8992
1.00101394,8991
1.001017099,8990
1.001020063,8989
1.001023191,8988
1.001026159,8987
1.00102926,8986
1.001032095,8985
1.001035832,8984
1.001039078,8983
1.001042487,8982
1.001045255,8981
1.001048073,8980
1.001051137,8979
1.001054407,8978
1.001057705,8977
1.001060709,8976
1.001063717,8975
1.001066765,8974
1.001069678,8973
1.001072402,8972
1.001075486,8971
1.001078754,8970
1.001081473,8969
1.00108406,8968
1.001086714,8967
1.0010892,8966
1.001091669,8965
1.001094552,8964
1.00109734,8963
1.001099992,8962
1.001102367,8961
1.001105179,8960
1.00110839,8959
1.001111381,8958
1.001114237,8957
1.001117074,8956
1.001120102,8955
1.001122587,8954
1.001125303,8953
1.001128587,8952
1.001131465,8951
1.001134071,8950
1.00113656,8949
1.001139168,8948
1.001141588,8947
1.001144352,8946
1.001147145,8945
1.001149588,8944
1.001152325,8943
1.001155122,8942
1.0011581,8941
1.00116079,8940
1.00116361,8939
1.001165951,8938
1.001168072,8937
1.001169992,8936
1.001174065,8935
1.001176734,8934
1.00117915,8933
1.001181302,8932
1.001184576,8931
1.001187253,8930
1.001191714,8929
1.001195059,8928
1.001198106,8927
1.001201025,8926
1.00120391,8925
1.001206656,8924
1.001209393,8923
1.001211932,8922
1.001216555,8921
1.001221619,8920
1.001225067,8919
1.001228545,8918
1.001231615,8917
1.001234638,8916
1.001237665,8915
1.00124071,8914
1.001243488,8913
1.001246219,8912
1.001249219,8911
1.001253813,8910
1.001256853,8909
1.001259525,8908
1.001262383,8907
1.001264836,8906
1.001267372,8905
1.001269807,8904
1.001271959,8903
1.001274334,8902
1.001276589,8901
1.001279173,8900
1.001281749,8899
1.001283978,8898
1.001287623,8897
1.001290844,8896
1.001295452,8895
1.001299659,8894
1.001303117,8893
1.001306477,8892
1.001309675,8891
1.001312805,8890
1.001315886,8889
1.001318818,8888
1.001323772,8887
1.001327425,8886
1.001331291,8885
1.001334798,8884
1.001338107,8883
1.001341844,8882
1.001344578,8881
1.001348552,8880
1.001351923,8879
1.001355649,8878
1.001359549,8877
1.001362347,8876
1.001364961,8875
1.001368772,8874
1.001372217,8873
1.001375679,8872
1.001379256,8871
1.001382388,8870
1.001385534,8869
1.001389488,8868
1.00139224,8867
1.001395558,8866
1.001398172,8865
1.001401941,8864
1.001404502,8863
1.001406903,8862
1.001409141,8861
1.001411988,8860
1.001414466,8859
1.001416913,8858
1.00141931,8857
1.001421806,8856
1.001424139,8855
1.001427523,8854
1.001430135,8853
1.001432985,8852
1.001435256,8851
1.001437792,8850
1.001440152,8849
1.001442497,8848
1.001445178,8847
1.001447602,8846
1.00145012,8845
1.001452455,8844
1.001455139,8843
1.00145771,8842
1.00146022,8841
1.001462459,8840
1.001464617,8839
1.001467201,8838
1.001469695,8837
1.001472029,8836
1.001474686,8835
1.00147704,8834
1.001479335,8833
1.00148232,8832
1.001484654,8831
1.00148721,8830
1.001490355,8829
1.001493367,8828
1.001496678,8827
1.001499906,8826
1.001503079,8825
1.001506569,8824
1.001509444,8823
1.001512114,8822
1.00151536,8821
1.001518499,8820
1.001521791,8819
1.001534316,8818
1.001537512,8817
1.001540479,8816
1.001543665,8815
1.001547309,8814
1.00155093,8813
1.001554951,8812
1.001559362,8811
1.001563447,8810
1.001567365,8809
1.001571173,8808
1.001574947,8807
1.001577528,8806
1.00158101,8805
1.001585148,8804
1.001589209,8803
1.001593037,8802
1.001596823,8801
1.001600545,8800
1.001604523,8799
1.001647894,8798
1.001673914,8797
1.001678999,8796
1.001682933,8795
1.001686192,8794
1.001689184,8793
1.001692567,8792
1.001695412,8791
1.001698031,8790
1.001701061,8789
1.001704093,8788
1.001714367,8787
1.001719421,8786
1.001723502,8785
1.001726964,8784
1.001730034,8783
1.001733168,8782
1.001736088,8781
1.001738973,8780
1.001741893,8779
1.001744847,8778
1.001747613,8777
1.001752315,8776
1.001755698,8775
1.001759206,8774
1.001762099,8773
1.001767619,8772
1.001779841,8771
1.001784899,8770
1.001788469,8769
1.001791966,8768
1.001795132,8767
1.001798901,8766
1.001802307,8765
1.001805523,8764
1.001809187,8763
1.001812746,8762
1.001815665,8761
1.001818854,8760
1.001822181,8759
1.001825525,8758
1.00182916,8757
1.001832217,8756
1.001835261,8755
1.001838424,8754
1.001841142,8753
1.001843844,8752
1.001846504,8751
1.001849398,8750
1.001851845,8749
1.001855148,8748
1.001858204,8747
1.001862996,8746
1.001866776,8745
1.00187044,8744
1.001873852,8743
1.001876815,8742
1.001879679,8741
1.001882398,8740
1.001885099,8739
1.001888635,8738
1.001891352,8737
1.001894248,8736
1.001897299,8735
1.001900449,8734
1.001902971,8733
1.00190607,8732
1.001909332,8731
1.001948351,8730
1.002772764,8729
1.00292703,8728
1.002944564,8727
1.002962689,8726
1.002977646,8725
1.002994019,8724
1.003009011,8723
1.006175556,8722
1.006186642,8721
1.006189954,8720
1.006193826,8719
1.006198393,8718
1.006204851,8717
1.006209573,8716
1.006212928,8715
1.006215898,8714
1.006218708,8713
1.006222348,8712
1.006225327,8711
1.006228421,8710
1.006232334,8709
1.006235141,8708
1.006239972,8707
1.006242838,8706
1.006246556,8705
1.006249547,8704
1.006252852,8703
1.006255466,8702
1.006257959,8701
1.006262379,8700
1.006266301,8699
1.006268958,8698
1.006272129,8697
1.006279516,8696
1.006282246,8695
1.006285157,8694
1.006289272,8693
1.006292072,8692
1.00629569,8691
1.006298498,8690
1.006301288,8689
1.006303975,8688
1.006307368,8687
1.006310113,8686
1.006312725,8685
1.006315683,8684
1.006318248,8683
1.006321028,8682
1.006324789,8681
1.006329065,8680
1.006332166,8679
1.006335055,8678
1.006337767,8677
1.006340374,8676
1.006343046,8675
1.006345705,8674
1.006348193,8673
1.006351979,8672
1.006354662,8671
1.006357498,8670
1.006361621,8669
1.006364735,8668
1.00638452,8667
1.006387899,8666
1.006391015,8665
1.006393995,8664
1.006396964,8663
1.006400986,8662
1.006405815,8661
1.006408598,8660
1.006411558,8659
1.006416707,8658
1.006419398,8657
1.006422281,8656
1.006426812,8655
1.006429832,8654
1.006433044,8653
1.006436085,8652
1.006438891,8651
1.00644187,8650
1.006444441,8649
1.006447891,8648
1.006453876,8647
1.00645715,8646
1.00646224,8645
1.00646585,8644
1.006494503,8643
1.006499204,8642
1.006503156,8641
1.006507317,8640
1.0065125,8639
1.006516208,8638
1.006521135,8637
1.006526826,8636
1.006529797,8635
1.006532641,8634
1.006535244,8633
1.006539255,8632
1.006542835,8631
1.00654603,8630
1.006551935,8629
1.006556205,8628
1.006559328,8627
1.006564187,8626
1.006568387,8625
1.006572669,8624
1.006577187,8623
1.006582133,8622
1.006584623,8621
1.00658721,8620
1.006589621,8619
1.00659208,8618
1.006595301,8617
1.006598213,8616
1.00660175,8615
1.006604127,8614
1.006606686,8613
1.006609277,8612
1.006611835,8611
1.006614537,8610
1.006616928,8609
1.006619265,8608
1.006622791,8607
1.006625371,8606
1.006628303,8605
1.006631378,8604
1.006635997,8603
1.006640992,8602
1.006645479,8601
1.006648886,8600
1.006652223,8599
1.006656366,8598
1.006661217,8597
1.006665218,8596
1.006670158,8595
1.006673396,8594
1.00668042,8593
1.006684093,8592
1.00668709,8591
1.00669111,8590
1.006694035,8589
1.006696963,8588
1.006699786,8587
1.006702639,8586
1.006705828,8585
1.006708754,8584
1.006711594,8583
1.006714092,8582
1.006716669,8581
1.006759156,8580
1.006765157,8579
1.006768675,8578
1.006772285,8577
1.00677519,8576
1.006778063,8575
1.006780971,8574
1.006783673,8573
1.006786344,8572
1.006788995,8571
1.006791779,8570
1.006794584,8569
1.006797905,8568
1.006800347,8567
1.006802842,8566
1.006805088,8565
1.006808757,8564
1.006811411,8563
1.006813875,8562
1.006816453,8561
1.006818976,8560
1.006821704,8559
1.006824871,8558
1.00682863,8557
1.00683121,8556
1.006833897,8555
1.006836697,8554
1.006840783,8553
1.006844386,8552
1.00684741,8551
1.006849799,8550
1.006852541,8549
1.006855856,8548
1.006858661,8547
1.006861671,8546
1.006864899,8545
1.00686802,8544
1.006872364,8543
1.006877292,8542
1.006881119,8541
1.006885633,8540
1.00688878,8539
1.006891795,8538
1.006896122,8537
1.006899475,8536
1.006902239,8535
1.00690517,8534
1.006907975,8533
1.006910695,8532
1.00691443,8531
1.006917589,8530
1.006920463,8529
1.006923144,8528
1.006926505,8527
1.006930944,8526
1.006933885,8525
1.006937365,8524
1.006940532,8523
1.006943894,8522
1.006947228,8521
1.00695067,8520
1.006956263,8519
1.006960058,8518
1.006964186,8517
1.006967895,8516
1.006973755,8515
1.006976691,8514
1.006979221,8513
1.006996275,8512
1.006999729,8511
1.007002264,8510
1.007005181,8509
1.007007759,8508
1.007010544,8507
1.007013594,8506
1.007016133,8505
1.007019214,8504
1.007022847,8503
1.007025578,8502
1.007028137,8501
1.007030476,8500
1.007033314,8499
1.007036406,8498
1.007038992,8497
1.007041758,8496
1.007044155,8495
1.007046514,8494
1.007049614,8493
1.007052023,8492
1.007054777,8491
1.007057297,8490
1.007060624,8489
1.00706326,8488
1.007065959,8487
1.007068882,8486
1.007072614,8485
1.007075245,8484
1.007077902,8483
1.00708046,8482
1.007083054,8481
1.007085436,8480
1.007087919,8479
1.007090461,8478
1.007095135,8477
1.007097847,8476
1.007100682,8475
1.007103225,8474
1.007106111,8473
1.007109364,8472
1.00711216,8471
1.007114561,8470
1.007117314,8469
1.007120031,8468
1.007123098,8467
1.007125768,8466
1.00712862,8465
1.007131454,8464
1.007135026,8463
1.007138396,8462
1.007141056,8461
1.007143508,8460
1.007145955,8459
1.00714902,8458
1.007153959,8457
1.007156941,8456
1.00716025,8455
1.007163059,8454
1.007165678,8453
1.007168748,8452
1.007171799,8451
1.007175256,8450
1.007178338,8449
1.007181798,8448
1.007186387,8447
1.007192739,8446
1.007195981,8445
1.007199514,8444
1.007203674,8443
1.007208288,8442
1.007216022,8441
1.007220541,8440
1.00722396,8439
1.007227254,8438
1.007230005,8437
1.007233656,8436
1.007236936,8435
1.007239996,8434
1.007243305,8433
1.007247117,8432
1.007252348,8431
1.007255867,8430
1.007258337,8429
1.007260837,8428
1.007264367,8427
1.00726744,8426
1.007271129,8425
1.007274552,8424
1.007277572,8423
1.007281947,8422
1.007285148,8421
1.007288005,8420
1.007290911,8419
1.007293765,8418
1.007296713,8417
1.007301334,8416
1.007305266,8415
1.007308121,8414
1.007312255,8413
1.007315089,8412
1.007405448,8411
1.007411776,8410
1.007416178,8409
1.007419533,8408
1.007424443,8407
1.007427335,8406
1.007430975,8405
1.007434961,8404
1.007437721,8403
1.007440621,8402
1.007444123,8401
1.007448212,8400
1.007452742,8399
1.007458464,8398
1.007466267,8397
1.007519307,8396
1.007526575,8395
1.007547811,8394
1.007568138,8393
1.007612301,8392
1.007649859,8391
1.007656194,8390
1.00766071,8389
1.007666832,8388
1.007705265,8387
1.007708689,8386
1.007712117,8385
1.008598657,8384
1.008633298,8383
1.008636883,8382
1.008640676,8381
1.00864408,8380
1.00864724,8379
1.008650795,8378
1.008687713,8377
1.008691867,8376
1.008695046,8375
1.008699617,8374
1.008702991,8373
1.008706091,8372
1.008710443,8371
1.008713548,8370
1.008716758,8369
1.008722333,8368
1.008731907,8367
1.008735067,8366
1.008738467,8365
1.008743307,8364
1.008750944,8363
1.008755431,8362
1.008759389,8361
1.008762948,8360
1.008768028,8359
1.00877135,8358
1.008774836,8357
1.008779402,8356
1.008783051,8355
1.008786132,8354
1.008789952,8353
1.008793356,8352
1.008796639,8351
1.008799868,8350
1.008803629,8349
1.008808235,8348
1.008811446,8347
1.008814991,8346
1.008817855,8345
1.008820908,8344
1.008825117,8343
1.008833434,8342
1.008839319,8341
1.008843562,8340
1.008847131,8339
1.008853373,8338
1.008858249,8337
1.008862569,8336
1.008866166,8335
1.008877465,8334
1.008881743,8333
1.008885494,8332
1.00888934,8331
1.008892849,8330
1.008896084,8329
1.008899204,8328
1.008901916,8327
1.008904742,8326
1.008907949,8325
1.00891064,8324
1.00891475,8323
1.00891842,8322
1.008921496,8321
1.008923951,8320
1.008926894,8319
1.00892974,8318
1.008933002,8317
1.008935862,8316
1.008941381,8315
1.008944305,8314
1.008949863,8313
1.008954234,8312
1.008957589,8311
1.008960737,8310
1.008963971,8309
1.008966987,8308
1.008970926,8307
1.008974242,8306
1.008977491,8305
1.00907049,8304
1.009099768,8303
1.009104446,8302
1.00910793,8301
1.009111011,8300
1.009113809,8299
1.009116743,8298
1.009120647,8297
1.009123829,8296
1.009385676,8295
1.009389614,8294
1.009398345,8293
1.009405894,8292
1.009411727,8291
1.00941682,8290
1.009419944,8289
1.009428609,8288
1.009432493,8287
1.009437025,8286
1.009439959,8285
1.009442918,8284
1.00944987,8283
1.009454753,8282
1.009458691,8281
1.009462321,8280
1.009466271,8279
1.009471643,8278
1.009476606,8277
1.009486478,8276
1.009490862,8275
1.009493972,8274
1.009500128,8273
1.009503845,8272
1.009509173,8271
1.009513637,8270
1.009518103,8269
1.009521443,8268
1.009525121,8267
1.009529019,8266
1.009532445,8265
1.009539583,8264
1.009546963,8263
1.009553705,8262
1.009560372,8261
1.009569116,8260
1.009576391,8259
1.009580323,8258
1.009585177,8257
1.009592118,8256
1.009597456,8255
1.009603195,8254
1.00960808,8253
1.009615471,8252
1.009619871,8251
1.00962436,8250
1.009632305,8249
1.009637504,8248
1.009677128,8247
1.009688606,8246
1.009725484,8245
1.009730172,8244
1.009734008,8243
1.009738732,8242
1.009743144,8241
1.009761204,8240
1.009766458,8239
1.009770208,8238
1.009816889,8237
1.009820222,8236
1.009825535,8235
1.009829156,8234
1.009840785,8233
1.009850057,8232
1.009864532,8231
1.009868113,8230
1.009871534,8229
1.009874589,8228
1.009882526,8227
1.010136902,8226
1.010142496,8225
1.010157108,8224
1.0101974,8223
1.01024944,8222
1.010273499,8221
1.010280713,8220
1.010344649,8219
1.0103498,8218
1.010354122,8217
1.010360608,8216
1.010369706,8215
1.010376499,8214
1.010693464,8213
1.010700635,8212
1.010703952,8211
1.010707253,8210
1.01071121,8209
1.010714165,8208
1.010718219,8207
1.010721395,8206
1.010725923,8205
1.010732442,8204
1.010742759,8203
1.010745648,8202
1.010749523,8201
1.0107525,8200
1.010755537,8199
1.010761345,8198
1.010765766,8197
1.010771826,8196
1.010776492,8195
1.010779634,8194
1.01078342,8193
1.010786337,8192
1.010791466,8191
1.01079449,8190
1.010798224,8189
1.010801281,8188
1.010808193,8187
1.010811057,8186
1.010816951,8185
1.010826746,8184
1.010829768,8183
1.010838388,8182
1.010841934,8181
1.01086022,8180
1.010863637,8179
1.010867916,8178
1.010876027,8177
1.010886067,8176
1.010891568,8175
1.010896035,8174
1.010900117,8173
1.010906562,8172
1.010915036,8171
1.010918279,8170
1.010921551,8169
1.010926884,8168
1.010929585,8167
1.01093207,8166
1.010936501,8165
1.010941504,8164
1.010946284,8163
1.010949493,8162
1.010955339,8161
1.010957649,8160
1.010960378,8159
1.010965687,8158
1.010972367,8157
1.010975038,8156
1.010978324,8155
1.010980923,8154
1.010986668,8153
1.010989343,8152
1.010993409,8151
1.011005323,8150
1.011009004,8149
1.011014996,8148
1.011026623,8147
1.011037233,8146
1.011040619,8145
1.011045617,8144
1.011048339,8143
1.011052949,8142
1.011059953,8141
1.011072598,8140
1.011091211,8139
1.011094611,8138
1.011099374,8137
1.011104411,8136
1.011118556,8135
1.011124442,8134
1.011127401,8133
1.011135841,8132
1.011140032,8131
1.011144017,8130
1.0111718,8129
1.011178449,8128
1.011182617,8127
1.011187657,8126
1.011191514,8125
1.011203224,8124
1.011210825,8123
1.011272179,8122
1.011278086,8121
1.011292301,8120
1.01129584,8119
1.011301451,8118
1.011307041,8117
1.011309751,8116
1.011697721,8115
1.012370324,8114
1.012402012,8113
1.012411343,8112
1.012511836,8111
1.012584459,8110
1.012667522,8109
1.012734721,8108
1.01322673,8107
1.013309628,8106
1.014117225,8105
1.014134304,8104
1.014143984,8103
1.01415167,8102
1.014156185,8101
1.014162034,8100
1.01416794,8099
1.014174878,8098
1.014182108,8097
1.014203859,8096
1.014208344,8095
1.014223586,8094
1.014237077,8093
1.014242636,8092
1.014247319,8091
1.014266147,8090
1.014273294,8089
1.014278663,8088
1.01428249,8087
1.014299105,8086
1.0143032,8085
1.014308696,8084
1.014314295,8083
1.014319326,8082
1.014323461,8081
1.014328151,8080
1.014342895,8079
1.014347526,8078
1.014360333,8077
1.014365772,8076
1.014382805,8075
1.014388305,8074
1.014396704,8073
1.014400588,8072
1.014405961,8071
1.014410966,8070
1.014415478,8069
1.014426551,8068
1.014430574,8067
1.014435852,8066
1.014439629,8065
1.01444351,8064
1.014462658,8063
1.014469015,8062
1.014474756,8061
1.014481624,8060
1.014486322,8059
1.014495859,8058
1.014504867,8057
1.014518244,8056
1.014522622,8055
1.014531667,8054
1.014539732,8053
1.014555363,8052
1.014569793,8051
1.014588012,8050
1.014593638,8049
1.014606733,8048
1.01461834,8047
1.014639895,8046
1.014648307,8045
1.01466057,8044
1.014671367,8043
1.014675906,8042
1.01468275,8041
1.014693861,8040
1.01470726,8039
1.01471179,8038
1.014719727,8037
1.014733949,8036
1.014747107,8035
1.014752829,8034
1.014774856,8033
1.014783243,8032
1.014788322,8031
1.014792051,8030
1.014795868,8029
1.014800891,8028
1.014808688,8027
1.014815785,8026
1.014824933,8025
1.014829296,8024
1.014844385,8023
1.014856852,8022
1.014864976,8021
1.014899266,8020
1.014928499,8019
1.014944031,8018
1.014954243,8017
1.014959299,8016
1.014962452,8015
1.01496528,8014
1.01497121,8013
1.014984748,8012
1.014990352,8011
1.014997034,8010
1.015000827,8009
1.015017324,8008
1.015033127,8007
1.015038087,8006
1.015043047,8005
1.015078511,8004
1.01508466,8003
1.015088059,8002
1.015092684,8001
1.015101283,8000
1.015104449,7999
1.015112627,7998
1.015126935,7997
1.015133982,7996
1.015138222,7995
1.015142205,7994
1.015152865,7993
1.01515676,7992
1.015160401,7991
1.015173729,7990
1.015177459,7989
1.015190311,7988
1.015213202,7987
1.01523218,7986
1.015235159,7985
1.015240242,7984
1.015245526,7983
1.01525795,7982
1.015264442,7981
1.015272833,7980
1.01527941,7979
1.015312907,7978
1.015317458,7977
1.015344263,7976
1.015359359,7975
1.015384585,7974
1.015420976,7973
1.015427124,7972
1.015436255,7971
1.015442104,7970
1.015445649,7969
1.015449032,7968
1.015458938,7967
1.015465522,7966
1.01546988,7965
1.015498714,7964
1.015504875,7963
1.015509087,7962
1.015526119,7961
1.015529958,7960
1.01553262,7959
1.015581314,7958
1.015604398,7957
1.01561119,7956
1.015637981,7955
1.015642919,7954
1.015656262,7953
1.015661196,7952
1.015668139,7951
1.015700259,7950
1.015710539,7949
1.015728339,7948
1.015733871,7947
1.015745828,7946
1.015749923,7945
1.015753495,7944
1.015810276,7943
1.01583779,7942
1.015846337,7941
1.015849626,7940
1.015855751,7939
1.015858806,7938
1.015923053,7937
1.015933061,7936
1.015942485,7935
1.015951285,7934
1.015980013,7933
1.016004933,7932
1.016028889,7931
1.016060154,7930
1.016069355,7929
1.016072782,7928
1.016079194,7927
1.016098679,7926
1.016105239,7925
1.016108798,7924
1.016151808,7923
1.01621686,7922
1.016227037,7921
1.016246458,7920
1.016253454,7919
1.016318313,7918
1.016329513,7917
1.016344609,7916
1.016360447,7915
1.016386867,7914
1.016408649,7913
1.016422156,7912
1.016433972,7911
1.016465296,7910
1.016471905,7909
1.016484623,7908
1.016741501,7907
1.016745841,7906
1.016750548,7905
1.016756503,7904
1.016763952,7903
1.016768575,7902
1.016775383,7901
1.016779229,7900
1.016785217,7899
1.016787888,7898
1.016791416,7897
1.016794678,7896
1.016798899,7895
1.016802137,7894
1.01680601,7893
1.016809651,7892
1.016818556,7891
1.01682147,7890
1.016848064,7889
1.016854057,7888
1.016858154,7887
1.016861646,7886
1.0168645,7885
1.01686801,7884
1.016888044,7883
1.01689046,7882
1.016898394,7881
1.016910362,7880
1.016918266,7879
1.01692548,7878
1.016932839,7877
1.016937111,7876
1.016939376,7875
1.016941719,7874
1.016950973,7873
1.016955154,7872
1.016968319,7871
1.016974841,7870
1.016978439,7869
1.01698416,7868
1.016988848,7867
1.01700803,7866
1.017012864,7865
1.017016383,7864
1.017031221,7863
1.017074774,7862
1.017081346,7861
1.017095844,7860
1.017102046,7859
1.017104517,7858
1.017111934,7857
1.017144051,7856
1.017158971,7855
1.017162385,7854
1.017170004,7853
1.01719437,7852
1.017201186,7851
1.017206621,7850
1.017211961,7849
1.017434722,7848
1.017714353,7847
1.017908422,7846
1.017911592,7845
1.017916259,7844
1.017922908,7843
1.017932205,7842
1.017948755,7841
1.017957965,7840
1.017964721,7839
1.017987669,7838
1.01799378,7837
1.018011823,7836
1.018023015,7835
1.018036091,7834
1.018044513,7833
1.018057824,7832
1.018065301,7831
1.018070251,7830
1.018074721,7829
1.018078471,7828
1.018084107,7827
1.018096626,7826
1.018104873,7825
1.018114719,7824
1.018122703,7823
1.018134027,7822
1.018141782,7821
1.018147224,7820
1.018150781,7819
1.018158332,7818
1.018162212,7817
1.018166289,7816
1.018179747,7815
1.018183413,7814
1.018195558,7813
1.018199188,7812
1.018206859,7811
1.018212437,7810
1.018216821,7809
1.018227744,7808
1.018231714,7807
1.018258309,7806
1.018261705,7805
1.01827116,7804
1.018281309,7803
1.018287588,7802
1.018330049,7801
1.018336402,7800
1.018342471,7799
1.018707992,7798
1.0187196,7797
1.018723937,7796
1.018730854,7795
1.018736847,7794
1.018818083,7793
1.018828294,7792
1.018835242,7791
1.018848533,7790
1.018853618,7789
1.018864921,7788
1.018875595,7787
1.018893209,7786
1.01890516,7785
1.018909068,7784
1.01892689,7783
1.01894144,7782
1.01894712,7781
1.018988455,7780
1.018997021,7779
1.019016048,7778
1.019029824,7777
1.019060153,7776
1.019074306,7775
1.019088672,7774
1.019117519,7773
1.019121562,7772
1.01913825,7771
1.019157955,7770
1.019177534,7769
1.019201247,7768
1.019221069,7767
1.019226831,7766
1.019243754,7765
1.019248577,7764
1.019272926,7763
1.019280878,7762
1.019289655,7761
1.019303522,7760
1.019309259,7759
1.019312616,7758
1.01932981,7757
1.019347246,7756
1.019371342,7755
1.019381107,7754
1.019387139,7753
1.019391938,7752
1.019417773,7751
1.019446381,7750
1.019465909,7749
1.019530776,7748
1.019538269,7747
1.019566254,7746
1.019588441,7745
1.019598549,7744
1.019633931,7743
1.019650459,7742
1.019682942,7741
1.021385928,7740
1.021391728,7739
1.021399203,7738
1.021403507,7737
1.021407828,7736
1.021413029,7735
1.021437894,7734
1.021443733,7733
1.02144833,7732
1.021452137,7731
1.021461598,7730
1.021466037,7729
1.021473538,7728
1.021486912,7727
1.021493066,7726
1.021500039,7725
1.021515246,7724
1.021522139,7723
1.021535408,7722
1.021540806,7721
1.021546906,7720
1.021558887,7719
1.021564451,7718
1.021568461,7717
1.021573502,7716
1.021580197,7715
1.021584129,7714
1.021592849,7713
1.021596823,7712
1.021603225,7711
1.021607218,7710
1.021610804,7709
1.021615138,7708
1.021621045,7707
1.021624864,7706
1.021629291,7705
1.021639855,7704
1.021648375,7703
1.02165272,7702
1.021659198,7701
1.02170401,7700
1.021730695,7699
1.021738574,7698
1.021776829,7697
1.021802368,7696
1.021876122,7695
1.021881634,7694
1.02188628,7693
1.021890838,7692
1.021900916,7691
1.021904906,7690
1.021913138,7689
1.021924108,7688
1.021927505,7687
1.021933009,7686
1.0219388,7685
1.021942478,7684
1.021948023,7683
1.021957204,7682
1.021964338,7681
1.021981009,7680
1.021984141,7679
1.021987545,7678
1.021990681,7677
1.021999266,7676
1.022005766,7675
1.022010344,7674
1.022021494,7673
1.022030747,7672
1.022035485,7671
1.022047212,7670
1.022050819,7669
1.022061706,7668
1.022076927,7667
1.022085315,7666
1.022088278,7665
1.022093373,7664
1.02209673,7663
1.022108812,7662
1.022127495,7661
1.022135733,7660
1.022139064,7659
1.02214698,7658
1.022150355,7657
1.022175596,7656
1.022180091,7655
1.022211593,7654
1.022216289,7653
1.02222064,7652
1.022225551,7651
1.02224836,7650
1.022268525,7649
1.022304975,7648
1.022314643,7647
1.022320841,7646
1.022327982,7645
1.02233092,7644
1.022333876,7643
1.022353471,7642
1.022358067,7641
1.022379802,7640
1.022383833,7639
1.022396937,7638
1.022400629,7637
1.022408292,7636
1.022412366,7635
1.022427935,7634
1.022431818,7633
1.02243447,7632
1.022438844,7631
1.022442432,7630
1.022455471,7629
1.022467029,7628
1.022473053,7627
1.022477416,7626
1.022486582,7625
1.022490247,7624
1.022494717,7623
1.022498278,7622
1.02250644,7621
1.022528117,7620
1.022530518,7619
1.022539181,7618
1.022556071,7617
1.022622481,7616
1.022628868,7615
1.022636912,7614
1.02264664,7613
1.022649998,7612
1.022664806,7611
1.022674871,7610
1.022683379,7609
1.022687229,7608
1.022698069,7607
1.022719443,7606
1.022738519,7605
1.022754995,7604
1.022761052,7603
1.022766661,7602
1.022770992,7601
1.022781345,7600
1.022791114,7599
1.022794293,7598
1.022798186,7597
1.022804942,7596
1.022811534,7595
1.022861819,7594
1.022868949,7593
1.022875317,7592
1.022882538,7591
1.022890028,7590
1.022898148,7589
1.022901849,7588
1.022909068,7587
1.022911457,7586
1.022915536,7585
1.02292854,7584
1.02295132,7583
1.022962556,7582
1.022965136,7581
1.022970066,7580
1.022974448,7579
1.022977318,7578
1.022999444,7577
1.023003117,7576
1.023009484,7575
1.023027936,7574
1.023030727,7573
1.023037226,7572
1.023042928,7571
1.023047088,7570
1.023051221,7569
1.023092944,7568
1.0230991,7567
1.023125187,7566
1.02312898,7565
1.023178774,7564
1.023183059,7563
1.023189301,7562
1.023192616,7561
1.023201084,7560
1.023206769,7559
1.023229415,7558
1.023253888,7557
1.023261701,7556
1.023265431,7555
1.023269338,7554
1.02329551,7553
1.02335395,7552
1.023361886,7551
1.02338866,7550
1.023399549,7549
1.023405328,7548
1.023410501,7547
1.023450384,7546
1.02345934,7545
1.023479972,7544
1.023484551,7543
1.023490931,7542
1.023497759,7541
1.023503791,7540
1.023515606,7539
1.023528067,7538
1.023541872,7537
1.023560272,7536
1.023563949,7535
1.023574026,7534
1.023581583,7533
1.023597948,7532
1.023619674,7531
1.023658289,7530
1.023670499,7529
1.023674349,7528
1.02369594,7527
1.023732039,7526
1.023742973,7525
1.023791441,7524
1.023798408,7523
1.023845747,7522
1.023866798,7521
1.023872068,7520
1.023882652,7519
1.023905818,7518
1.023915589,7517
1.023927401,7516
1.023977214,7515
1.023996031,7514
1.023999006,7513
1.024001813,7512
1.024015481,7511
1.024031407,7510
1.024041104,7509
1.024080384,7508
1.024085275,7507
1.024089545,7506
1.024095691,7505
1.024112444,7504
1.024121797,7503
1.024171271,7502
1.024175702,7501
1.024179942,7500
1.024251239,7499
1.024254254,7498
1.024262391,7497
1.024274461,7496
1.024288495,7495
1.024323623,7494
1.024340928,7493
1.024344978,7492
1.024379096,7491
1.024383149,7490
1.024411186,7489
1.024456357,7488
1.024474471,7487
1.024483932,7486
1.024492289,7485
1.024496801,7484
1.024511991,7483
1.024544042,7482
1.024555424,7481
1.024558632,7480
1.024581396,7479
1.024589458,7478
1.024595074,7477
1.024598474,7476
1.024606748,7475
1.024614272,7474
1.024627488,7473
1.024640524,7472
1.024915193,7471
1.024920142,7470
1.024923801,7469
1.02492782,7468
1.0249453,7467
1.024953458,7466
1.024963975,7465
1.024979996,7464
1.024987556,7463
1.024992616,7462
1.024995493,7461
1.025004795,7460
1.025020943,7459
1.02503794,7458
1.025042983,7457
1.025059049,7456
1.025075576,7455
1.025079246,7454
1.025085536,7453
1.025089248,7452
1.025095251,7451
1.025128694,7450
1.02513937,7449
1.025171605,7448
1.025176551,7447
1.025184458,7446
1.02518918,7445
1.025192871,7444
1.0251991,7443
1.025206894,7442
1.025213243,7441
1.025231455,7440
1.025238859,7439
1.02524768,7438
1.025253413,7437
1.0252576,7436
1.025262037,7435
1.025266663,7434
1.025276534,7433
1.025283091,7432
1.0252885,7431
1.02529407,7430
1.025708926,7429
1.026255205,7428
1.026341319,7427
1.026365952,7426
1.026373169,7425
1.026384748,7424
1.026414209,7423
1.02651995,7422
1.026765574,7421
1.026834337,7420
1.026852017,7419
1.026890089,7418
1.026902137,7417
1.026913025,7416
1.026922596,7415
1.026942308,7414
1.026953363,7413
1.027010092,7412
1.027017911,7411
1.027102021,7410
1.027112696,7409
1.027200686,7408
1.027442735,7407
1.028440042,7406
1.030417492,7405
1.030423339,7404
1.030436965,7403
1.030444354,7402
1.030460476,7401
1.030485426,7400
1.030831063,7399
1.169579865,7398
1.246566072,7397
1.361291202,7396
1.546854148,7395
1.583293537,7394
1.698571332,7393
1.737229874,7392
1.85013773,7391
2.01625106,7390
2.02831272,7389
2.069692295,7388
2.125219489,7387
2.223488721,7386
2.270456651,7385
2.316246541,7384
2.365563819,7383
2.418137028,7382
2.466936338,7381
2.502534252,7380
2.519131567,7379
2.536028425,7378
2.546776415,7377
2.588103729,7376
2.611962759,7375
2.619757249,7374
2.653883365,7373
2.688982296,7372
2.720406006,7371
2.754710456,7370
2.775865736,7369
2.805712893,7368
2.812333601,7367
2.951015466,7366
2.974499669,7365
2.986662866,7364
3.140568886,7363
3.18239438,7362
3.211069149,7361
3.235797047,7360
3.292075991,7359
3.364654443,7358
3.403158711,7357
3.562228211,7356
3.624222315,7355
3.680042632,7354
3.72251364,7353
3.769126245,7352
3.826818888,7351
3.840003923,7350
3.880242473,7349
3.916477196,7348
3.959485861,7347
4.117004791,7346
4.177148509,7345
4.207976071,7344
4.283851409,7343
4.331496892,7342
4.389099443,7341
4.440244764,7340
4.511596914,7339
4.541435845,7338
4.63052337,7337
4.667089075,7336
4.761122507,7335
4.805459133,7334
4.829490651,7333
4.871234535,7332
4.893412248,7331
4.933328622,7330
4.940440748,7329
5.048638561,7328
5.093903307,7327
5.126493779,7326
5.132047979,7325
5.156633787,7324
5.164664486,7323
5.174184244,7322
5.1824769,7321
5.190872606,7320
5.225235603,7319
5.279720331,7318
5.303275115,7317
5.333337719,7316
5.394596177,7315
5.424021412,7314
5.445024913,7313
5.477145735,7312
5.498016172,7311
5.550688464,7310
5.563646933,7309
5.625721054,7308
5.643015493,7307
5.658185447,7306
5.680812329,7305
5.71959266,7304
5.751163941,7303
5.756944213,7302
5.769063298,7301
5.807147352,7300
5.845559027,7299
5.871307536,7298
6.080035129,7297
6.109946042,7296
6.121986945,7295
6.306951726,7294
6.324604889,7293
6.333768992,7292
6.388766714,7291
6.484086009,7290
6.626717471,7289
6.700772668,7288
6.719901457,7287
6.844712845,7286
6.866968797,7285
6.893674529,7284
7.140243058,7283
7.155534279,7282
7.198968102,7281
7.218049282,7280
7.239980854,7279
7.283596646,7278
7.29909796,7277
7.352454215,7276
7.385359315,7275
7.52745495,7274
7.646296782,7273
7.654818875,7272
7.678350854,7271
7.688091293,7270
7.720100636,7269
7.740023286,7268
7.785451164,7267
7.811570807,7266
7.851883266,7265
7.919036267,7264
7.97065173,7263
8.061960563,7262
8.079682211,7261
8.104816798,7260
8.268013142,7259
8.33219722,7258
8.35593759,7257
8.404690306,7256
8.618096773,7255
8.653005254,7254
8.693902138,7253
8.773315921,7252
8.864693563,7251
8.901304716,7250
8.940803048,7249
9.059142442,7248
9.097454997,7247
9.124513592,7246
9.147199504,7245
9.169459732,7244
9.176100066,7243
9.296694164,7242
9.31070259,7241
9.324520481,7240
9.385084728,7239
9.554586161,7238
9.685812964,7237
9.71274031,7236
9.760922874,7235
9.78463734,7234
9.814489576,7233
9.831957402,7232
9.887075179,7231
10.172307185,7230
10.361381691,7229
10.463570532,7228
10.518558736,7227
10.547854486,7226
10.607901982,7225
10.667138747,7224
10.691387182,7223
10.700433198,7222
10.773141564,7221
10.862413255,7220
10.932613628,7219
10.965900363,7218
10.996502331,7217
11.064787307,7216
11.219426295,7215
11.35207225,7214
11.441111431,7213
11.5821107,7212
11.60113983,7211
11.637388794,7210
11.729387525,7209
11.764360578,7208
11.819578323,7207
11.843965923,7206
12.026775385,7205
12.161482719,7204
12.606499997,7203
12.68458106,7202
12.730096515,7201
12.756347785,7200
13.225561023,7199
13.421292878,7198
13.587375077,7197
13.604807747,7196
13.751573002,7195
13.93020576,7194
14.765484469,7193
14.864061593,7192
