0.502847564,6823
0.502909457,6822
0.502954594,6821
0.503000597,6820
0.503062919,6819
0.503079942,6818
0.503102068,6817
0.503112323,6816
0.503119866,6815
0.503126663,6814
0.503133808,6813
0.503149978,6812
0.503157013,6811
0.503163136,6810
0.50317148,6809
0.503183811,6808
0.503194859,6807
0.503860876,6806
0.50387176,6805
0.503880927,6804
0.503889379,6803
0.503898126,6802
0.503906534,6801
0.503914097,6800
0.503924152,6799
0.503931237,6798
0.503940543,6797
0.503950861,6796
0.503959671,6795
0.503968228,6794
0.503975216,6793
0.503982443,6792
0.503989453,6791
0.503996173,6790
0.504003637,6789
0.504018772,6788
0.504025496,6787
0.504032521,6786
0.504039179,6785
0.504045605,6784
0.5040523,6783
0.504087284,6782
0.504097188,6781
0.504110108,6780
0.504118526,6779
0.504127447,6778
0.50413574,6777
0.504144146,6776
0.504151546,6775
0.504159065,6774
0.50416723,6773
0.504178053,6772
0.504188218,6771
0.504199242,6770
0.504212497,6769
0.504223911,6768
0.504232368,6767
0.504242696,6766
0.504268196,6765
0.504316638,6764
0.504342758,6763
0.504359327,6762
0.504382132,6761
0.504390691,6760
0.504401719,6759
0.504411984,6758
0.504421985,6757
0.504436265,6756
0.504450215,6755
0.504463423,6754
0.504478502,6753
0.504489994,6752
0.504500202,6751
0.50451095,6750
0.504521264,6749
0.50453209,6748
0.504543423,6747
0.504561281,6746
0.504572967,6745
0.504581632,6744
0.504589983,6743
0.504598676,6742
0.504645442,6741
0.504654409,6740
0.504690988,6739
0.505061448,6738
0.505560605,6737
0.505576053,6736
0.505611108,6735
0.505635131,6734
0.505651354,6733
0.505678394,6732
0.505870928,6731
0.505918228,6730
0.505975631,6729
0.505990189,6728
0.506002669,6727
0.506013405,6726
0.506049823,6725
0.506059523,6724
0.50609297,6723
0.50610201,6722
0.506111711,6721
0.506189738,6720
0.506201833,6719
0.506232244,6718
0.506244262,6717
0.506278019,6716
0.506304505,6715
0.506313149,6714
0.506322171,6713
0.506330232,6712
0.506338559,6711
0.506346458,6710
0.506354174,6709
0.506362789,6708
0.506370626,6707
0.506377744,6706
0.506385729,6705
0.506394153,6704
0.506402381,6703
0.506409948,6702
0.506426879,6701
0.506434012,6700
0.506442137,6699
0.506484033,6698
0.506646748,6697
0.506657508,6696
0.506665999,6695
0.506673834,6694
0.506681198,6693
0.506688593,6692
0.506731638,6691
0.506739522,6690
0.506743971,6689
0.506748433,6688
0.506753597,6687
0.50675949,6686
0.506764018,6685
0.506768376,6684
0.506772701,6683
0.506776849,6682
0.506785592,6681
0.50678979,6680
0.506794191,6679
0.506799369,6678
0.506804533,6677
0.506809085,6676
0.506815373,6675
0.506852387,6674
0.506858072,6673
0.506863408,6672
0.50686827,6671
0.506872726,6670
0.506877525,6669
0.506884453,6668
0.506888749,6667
0.506892894,6666
0.506897136,6665
0.506901242,6664
0.506904976,6663
0.506908729,6662
0.506913981,6661
0.50691777,6660
0.506921545,6659
0.506925482,6658
0.506929824,6657
0.506934973,6656
0.506938844,6655
0.506942716,6654
0.506946725,6653
0.506952752,6652
0.506960465,6651
0.506966028,6650
0.506971332,6649
0.506977244,6648
0.506982189,6647
0.506986759,6646
0.506992026,6645
0.506997273,6644
0.507002023,6643
0.507006897,6642
0.507930225,6641
0.507959485,6640
0.507963451,6639
0.507967781,6638
0.507973657,6637
0.507977356,6636
0.507983317,6635
0.507987179,6634
0.50799201,6633
0.508002215,6632
0.508021811,6631
0.508030212,6630
0.50803799,6629
0.508044105,6628
0.508050109,6627
0.508057614,6626
0.508062298,6625
0.508066797,6624
0.508073585,6623
0.508080156,6622
0.508083962,6621
0.508088026,6620
0.508091908,6619
0.508095596,6618
0.50809924,6617
0.508103766,6616
0.50810841,6615
0.508114983,6614
0.508119852,6613
0.508133944,6612
0.508138714,6611
0.5081426,6610
0.508146209,6609
0.508150923,6608
0.508155973,6607
0.508162088,6606
0.508170456,6605
0.508178039,6604
0.508183469,6603
0.508189165,6602
0.508195208,6601
0.508200492,6600
0.508205713,6599
0.508210836,6598
0.508216157,6597
0.508242842,6596
0.508250374,6595
0.508274034,6594
0.508278839,6593
0.508283296,6592
0.508287569,6591
0.50829497,6590
0.508299552,6589
0.508318043,6588
0.508357123,6587
0.50836373,6586
0.508368296,6585
0.508372329,6584
0.508376255,6583
0.508380818,6582
0.508386064,6581
0.50839018,6580
0.508393305,6579
0.50839697,6578
0.508400582,6577
0.508403683,6576
0.508406896,6575
0.508411323,6574
0.508415126,6573
0.508419083,6572
0.508423019,6571
0.508426838,6570
0.508431364,6569
0.508435566,6568
0.508439879,6567
0.508445121,6566
0.508449939,6565
0.508454407,6564
0.508459156,6563
0.508465909,6562
0.508470972,6561
0.508479117,6560
0.508485548,6559
0.508490077,6558
0.508494152,6557
0.508498274,6556
0.508502261,6555
0.508506004,6554
0.50851809,6553
0.508521779,6552
0.508525894,6551
0.508529543,6550
0.508532982,6549
0.508536755,6548
0.50854051,6547
0.508543987,6546
0.508548013,6545
0.508551893,6544
0.508555448,6543
0.508558889,6542
0.508564915,6541
0.508572151,6540
0.508577778,6539
0.508582879,6538
0.508587251,6537
0.508591196,6536
0.508595226,6535
0.508601623,6534
0.508606057,6533
0.508611085,6532
0.508615332,6531
0.508619263,6530
0.508623632,6529
0.508627722,6528
0.508632041,6527
0.508637326,6526
0.508643053,6525
0.508647274,6524
0.508651434,6523
0.508655214,6522
0.508659302,6521
0.508663253,6520
0.508667041,6519
0.508672218,6518
0.508676451,6517
0.508680542,6516
0.508685225,6515
0.508691084,6514
0.508696321,6513
0.508701447,6512
0.508705765,6511
0.508710775,6510
0.508715231,6509
0.508719061,6508
0.508723603,6507
0.508728068,6506
0.50873176,6505
0.508738666,6504
0.508743621,6503
0.508749436,6502
0.508753932,6501
0.508793887,6500
0.508798475,6499
0.5088037,6498
0.508812714,6497
0.508823906,6496
0.50883211,6495
0.508846795,6494
0.508851826,6493
0.508857246,6492
0.508868154,6491
0.508876391,6490
0.50888066,6489
0.508915941,6488
0.508920605,6487
0.508924645,6486
0.508950387,6485
0.508954507,6484
0.508958786,6483
0.509158565,6482
0.509162927,6481
0.509166398,6480
0.509170882,6479
0.509174195,6478
0.509177621,6477
0.509180853,6476
0.509183907,6475
0.509187041,6474
0.509190036,6473
0.50919525,6472
0.509214329,6471
0.509218371,6470
0.509223361,6469
0.509227134,6468
0.50926959,6467
0.509273149,6466
0.509277284,6465
0.509282222,6464
0.509286379,6463
0.509290705,6462
0.5092948,6461
0.509298581,6460
0.509302746,6459
0.509306671,6458
0.509310528,6457
0.509314832,6456
0.509318932,6455
0.509323398,6454
0.509327231,6453
0.509331503,6452
0.509335105,6451
0.50933828,6450
0.509342418,6449
0.509350109,6448
0.509385045,6447
0.509388752,6446
0.509402943,6445
0.509411303,6444
0.509424662,6443
0.509432228,6442
0.509440358,6441
0.509451629,6440
0.510785289,6439
0.51079395,6438
0.510843622,6437
0.510879975,6436
0.510885947,6435
0.51089329,6434
0.511354342,6433
0.511360694,6432
0.511364916,6431
0.51136896,6430
0.511372515,6429
0.511376,6428
0.51137935,6427
0.511383914,6426
0.511417916,6425
0.511423143,6424
0.511428102,6423
0.511432752,6422
0.511459203,6421
0.511464583,6420
0.511485877,6419
0.511490619,6418
0.511538993,6417
0.511544119,6416
0.511551403,6415
0.511557111,6414
0.51157045,6413
0.51157534,6412
0.51158122,6411
0.511586478,6410
0.511591871,6409
0.511612963,6408
0.511684326,6407
0.511694577,6406
0.511706353,6405
0.511711891,6404
0.511717197,6403
0.511722315,6402
0.511774281,6401
0.511781771,6400
0.511787608,6399
0.511792922,6398
0.511797251,6397
0.511801627,6396
0.511806127,6395
0.511810415,6394
0.511814606,6393
0.51181915,6392
0.51182324,6391
0.511828406,6390
0.51183413,6389
0.511838086,6388
0.511842383,6387
0.5118468,6386
0.511851208,6385
0.511855225,6384
0.511860355,6383
0.511865209,6382
0.511870081,6381
0.511874202,6380
0.511878829,6379
0.511890948,6378
0.511897035,6377
0.511901894,6376
0.511906837,6375
0.511912669,6374
0.511917381,6373
0.511922013,6372
0.511926387,6371
0.51193477,6370
0.511947513,6369
0.51195255,6368
0.51196617,6367
0.511976584,6366
0.511982608,6365
0.511996512,6364
0.512003843,6363
0.51203962,6362
0.512044954,6361
0.512050878,6360
0.5120558,6359
0.517591907,6358
0.51773004,6357
0.517773198,6356
0.517778765,6355
0.51778521,6354
0.517790197,6353
0.517794264,6352
0.517798628,6351
0.517802838,6350
0.517813497,6349
0.517821806,6348
0.517825949,6347
0.517830182,6346
0.517834482,6345
0.517838245,6344
0.51784194,6343
0.517845157,6342
0.517848124,6341
0.5178535,6340
0.517856536,6339
0.517863232,6338
0.517866788,6337
0.517870027,6336
0.517873172,6335
0.517876055,6334
0.51787927,6333
0.517882509,6332
0.517885703,6331
0.517889946,6330
0.517902776,6329
0.517909614,6328
0.517914048,6327
0.517918597,6326
0.517921828,6325
0.517924908,6324
0.51793136,6323
0.517934287,6322
0.517940584,6321
0.517944952,6320
0.517948979,6319
0.51795352,6318
0.517957664,6317
0.517961404,6316
0.51796529,6315
0.517969432,6314
0.517973537,6313
0.517977958,6312
0.517993428,6311
0.517998987,6310
0.518003412,6309
0.51800687,6308
0.518017047,6307
0.518020881,6306
0.518024694,6305
0.518028282,6304
0.51803182,6303
0.518035866,6302
0.518039769,6301
0.518043912,6300
0.518048009,6299
0.518053977,6298
0.518058032,6297
0.518062168,6296
0.518065991,6295
0.518073497,6294
0.518077467,6293
0.518083121,6292
0.518091795,6291
0.518096742,6290
0.518101571,6289
0.518105873,6288
0.518110552,6287
0.518114442,6286
0.518117729,6285
0.518120974,6284
0.518125961,6283
0.518129755,6282
0.518134649,6281
0.518138071,6280
0.51814117,6279
0.51814715,6278
0.51815013,6277
0.518153042,6276
0.518158445,6275
0.518161368,6274
0.518166662,6273
0.518169551,6272
0.518172293,6271
0.518175007,6270
0.518179331,6269
0.5181827,6268
0.51818542,6267
0.518188137,6266
0.518191256,6265
0.518194239,6264
0.518197137,6263
0.518200027,6262
0.51820314,6261
0.518205946,6260
0.51820918,6259
0.518212204,6258
0.518225065,6257
0.518232089,6256
0.518235471,6255
0.518239419,6254
0.518243584,6253
0.518249944,6252
0.518255864,6251
0.518260035,6250
0.518264075,6249
0.518268416,6248
0.51827169,6247
0.518276319,6246
0.518283014,6245
0.51828713,6244
0.518291293,6243
0.518328121,6242
0.518334198,6241
0.51833755,6240
0.518341155,6239
0.518344708,6238
0.518349834,6237
0.51835327,6236
0.51835871,6235
0.518365582,6234
0.518369602,6233
0.518373369,6232
0.518381138,6231
0.518385517,6230
0.518390315,6229
0.518393171,6228
0.518396125,6227
0.518399504,6226
0.518402699,6225
0.518528059,6224
0.51853478,6223
0.51854073,6222
0.518549456,6221
0.518553793,6220
0.518560531,6219
0.518568112,6218
0.518585617,6217
0.518595535,6216
0.518603826,6215
0.518611357,6214
0.518616263,6213
0.518620367,6212
0.518624351,6211
0.518636365,6210
0.51864092,6209
0.518647597,6208
0.518651687,6207
0.518655848,6206
0.518659481,6205
0.518663675,6204
0.5186682,6203
0.518672386,6202
0.518676766,6201
0.51868104,6200
0.518687339,6199
0.518691418,6198
0.518695561,6197
0.518699301,6196
0.518703196,6195
0.518707319,6194
0.518711043,6193
0.518714823,6192
0.518718885,6191
0.518722798,6190
0.518727213,6189
0.518741826,6188
0.518745605,6187
0.518749574,6186
0.518753532,6185
0.518758368,6184
0.518762418,6183
0.518766416,6182
0.518771998,6181
0.518776556,6180
0.518782282,6179
0.518786536,6178
0.518791955,6177
0.51879711,6176
0.518801824,6175
0.518806912,6174
0.518811577,6173
0.518816717,6172
0.51882307,6171
0.518827443,6170
0.518832132,6169
0.518867422,6168
0.518872994,6167
0.51887783,6166
0.518884327,6165
0.518889112,6164
0.518893953,6163
0.518899056,6162
0.518903511,6161
0.518912011,6160
0.518916572,6159
0.518921994,6158
0.518925772,6157
0.518930284,6156
0.51893535,6155
0.518940047,6154
0.518944961,6153
0.518950528,6152
0.518955818,6151
0.518960411,6150
0.518965488,6149
0.518970234,6148
0.518974698,6147
0.518978961,6146
0.518983335,6145
0.518987381,6144
0.518991374,6143
0.518995622,6142
0.519001524,6141
0.519006695,6140
0.520053242,6139
0.520060509,6138
0.520070843,6137
0.520080607,6136
0.520085561,6135
0.520090421,6134
0.520094256,6133
0.520097606,6132
0.520100815,6131
0.520104576,6130
0.520107487,6129
0.52011301,6128
0.520115953,6127
0.52011918,6126
0.520121992,6125
0.520125054,6124
0.520127626,6123
0.52013042,6122
0.520134477,6121
0.52013825,6120
0.52014212,6119
0.520146409,6118
0.520149721,6117
0.520152828,6116
0.520156098,6115
0.520159195,6114
0.520163265,6113
0.520167225,6112
0.52017113,6111
0.52017401,6110
0.520176609,6109
0.520180079,6108
0.520182931,6107
0.520188292,6106
0.52019257,6105
0.520197621,6104
0.520202022,6103
0.520206297,6102
0.520210168,6101
0.520213294,6100
0.52021741,6099
0.520221546,6098
0.520225978,6097
0.52023488,6096
0.520237838,6095
0.520240717,6094
0.520243541,6093
0.520246405,6092
0.520249056,6091
0.520252168,6090
0.520256661,6089
0.520259717,6088
0.520262476,6087
0.520265156,6086
0.520269871,6085
0.520272627,6084
0.520279753,6083
0.520283551,6082
0.520789002,6081
0.520792928,6080
0.520797442,6079
0.520800759,6078
0.520803892,6077
0.520806751,6076
0.520811933,6075
0.520817375,6074
0.520820752,6073
0.520823873,6072
0.520828123,6071
0.520846701,6070
0.520850912,6069
0.520854114,6068
0.520858272,6067
0.520861756,6066
0.520865199,6065
0.520868328,6064
0.520871403,6063
0.520874779,6062
0.520877968,6061
0.520881293,6060
0.5208845,6059
0.5208877,6058
0.520890687,6057
0.520893755,6056
0.520898754,6055
0.520901952,6054
0.520906613,6053
0.520910108,6052
0.520913274,6051
0.520918175,6050
0.520922849,6049
0.520928669,6048
0.52093523,6047
0.52094019,6046
0.520944167,6045
0.520948337,6044
0.52095217,6043
0.520956746,6042
0.520960758,6041
0.520965145,6040
0.520970981,6039
0.520977042,6038
0.5209813,6037
0.520985791,6036
0.520996555,6035
0.52100726,6034
0.521043825,6033
0.521055277,6032
0.521059956,6031
0.521094303,6030
0.521099208,6029
0.521120402,6028
0.521139169,6027
0.521149149,6026
0.521158849,6025
0.521163531,6024
0.52116793,6023
0.521173789,6022
0.521177666,6021
0.521181425,6020
0.521185091,6019
0.521190903,6018
0.521194551,6017
0.521199649,6016
0.52120401,6015
0.521207612,6014
0.521210841,6013
0.521215312,6012
0.521218644,6011
0.521221704,6010
0.521224845,6009
0.521229073,6008
0.521232397,6007
0.521235495,6006
0.521238762,6005
0.521241996,6004
0.521245116,6003
0.521249154,6002
0.521252364,6001
0.52125536,6000
0.521258495,5999
0.521261348,5998
0.521267805,5997
0.521271092,5996
0.521274006,5995
0.521278,5994
0.521282069,5993
0.521285121,5992
0.521288094,5991
0.521290945,5990
0.521293876,5989
0.521297308,5988
0.521302106,5987
0.521305177,5986
0.521308164,5985
0.521311324,5984
0.521314474,5983
0.521320326,5982
0.521323467,5981
0.521327192,5980
0.521332843,5979
0.521338335,5978
0.521347009,5977
0.52135294,5976
0.521360444,5975
0.521368028,5974
0.521371403,5973
0.521374723,5972
0.521377984,5971
0.521382478,5970
0.521386622,5969
0.521392229,5968
0.521432624,5967
0.52143701,5966
0.521441496,5965
0.52144607,5964
0.521450579,5963
0.521455122,5962
0.52145967,5961
0.521463841,5960
0.521468043,5959
0.521476137,5958
0.521480512,5957
0.521486014,5956
0.521490447,5955
0.52149591,5954
0.521503028,5953
0.521509346,5952
0.521514284,5951
0.521519215,5950
0.521526371,5949
0.521530915,5948
0.521535341,5947
0.521541725,5946
0.521546258,5945
0.52155134,5944
0.521558049,5943
0.521562763,5942
0.521574664,5941
0.521607366,5940
0.521613963,5939
0.521622338,5938
0.521626806,5937
0.521632996,5936
0.521638352,5935
0.52164434,5934
0.521652672,5933
0.521657285,5932
0.521663345,5931
0.521669741,5930
0.521675569,5929
0.521681708,5928
0.521686418,5927
0.52169271,5926
0.521697646,5925
0.521703921,5924
0.521711201,5923
0.521717769,5922
0.521725759,5921
0.521730595,5920
0.521734816,5919
0.521738962,5918
0.521743719,5917
0.521747775,5916
0.521788273,5915
0.521797583,5914
0.52180492,5913
0.52181174,5912
0.52181889,5911
0.521824219,5910
0.521833429,5909
0.521867611,5908
0.521874545,5907
0.521879754,5906
0.521885548,5905
0.521896885,5904
0.522133249,5903
0.522142765,5902
0.522152883,5901
0.52215845,5900
0.522163557,5899
0.522167738,5898
0.522173839,5897
0.522179828,5896
0.522193512,5895
0.522210977,5894
0.522224052,5893
0.522229206,5892
0.522242227,5891
0.522247531,5890
0.522253629,5889
0.522257958,5888
0.522262916,5887
0.522268264,5886
0.52227395,5885
0.522288126,5884
0.522294482,5883
0.522301711,5882
0.522306683,5881
0.52231044,5880
0.522322734,5879
0.522326663,5878
0.522330946,5877
0.522338061,5876
0.522341842,5875
0.522345715,5874
0.522350409,5873
0.522355556,5872
0.522359401,5871
0.52236588,5870
0.52236988,5869
0.522378802,5868
0.522383111,5867
0.52239092,5866
0.522395213,5865
0.522404724,5864
0.522412344,5863
0.522452353,5862
0.522461035,5861
0.522469055,5860
0.522475012,5859
0.522480956,5858
0.522492434,5857
0.522497594,5856
0.522502473,5855
0.522507453,5854
0.522513433,5853
0.522523085,5852
0.522529434,5851
0.522536685,5850
0.522541525,5849
0.522546165,5848
0.522551413,5847
0.522556818,5846
0.522564334,5845
0.522568939,5844
0.522575653,5843
0.522580119,5842
0.522591296,5841
0.522595832,5840
0.522600489,5839
0.522604846,5838
0.522609755,5837
0.522615748,5836
0.522621649,5835
0.522626105,5834
0.52263091,5833
0.522637367,5832
0.522642334,5831
0.522648876,5830
0.522658632,5829
0.522663333,5828
0.522668342,5827
0.522674262,5826
0.522678731,5825
0.52268348,5824
0.522689281,5823
0.522695289,5822
0.522700014,5821
0.52270382,5820
0.522707767,5819
0.522715954,5818
0.522720507,5817
0.522725135,5816
0.522729165,5815
0.522735484,5814
0.522741372,5813
0.522745293,5812
0.52274939,5811
0.522753467,5810
0.522757843,5809
0.522761597,5808
0.522765386,5807
0.522772228,5806
0.522776303,5805
0.522783067,5804
0.522786675,5803
0.52328379,5802
0.523287891,5801
0.52329328,5800
0.523304312,5799
0.523311763,5798
0.52331792,5797
0.523322127,5796
0.523327457,5795
0.523333692,5794
0.523339801,5793
0.523346657,5792
0.523352333,5791
0.523358071,5790
0.523364026,5789
0.523369681,5788
0.523376531,5787
0.523424186,5786
0.523429496,5785
0.523437094,5784
0.523445545,5783
0.523452658,5782
0.523492405,5781
0.523497525,5780
0.523532612,5779
0.523540665,5778
0.523545722,5777
0.5235758,5776
0.52358397,5775
0.523589484,5774
0.523594782,5773
0.523603518,5772
0.523608999,5771
0.523644716,5770
0.523649269,5769
0.523653759,5768
0.52366211,5767
0.523666302,5766
0.523673989,5765
0.523679418,5764
0.52368364,5763
0.52368834,5762
0.523692256,5761
0.523700667,5760
0.523704788,5759
0.523710355,5758
0.523716247,5757
0.523722263,5756
0.52372799,5755
0.523733474,5754
0.523738789,5753
0.523745751,5752
0.523751826,5751
0.523756225,5750
0.523760286,5749
0.523764303,5748
0.523768798,5747
0.523773053,5746
0.523777614,5745
0.5237922,5744
0.523800546,5743
0.52380897,5742
0.523813393,5741
0.52381911,5740
0.523825707,5739
0.523830035,5738
0.523836234,5737
0.523843569,5736
0.52385173,5735
0.523856246,5734
0.523860977,5733
0.523898268,5732
0.523903301,5731
0.524242412,5730
0.524248406,5729
0.524255792,5728
0.524263114,5727
0.524269535,5726
0.524284858,5725
0.524292044,5724
0.524340247,5723
0.524347746,5722
0.52439131,5721
0.524397017,5720
0.524404944,5719
0.524412266,5718
0.524419438,5717
0.524424299,5716
0.524458279,5715
0.524466946,5714
0.524471785,5713
0.524483095,5712
0.524495573,5711
0.524500234,5710
0.524507819,5709
0.524512531,5708
0.524517034,5707
0.524523947,5706
0.524571968,5705
0.524578129,5704
0.524585054,5703
0.524592824,5702
0.524598246,5701
0.524603239,5700
0.524611599,5699
0.524618603,5698
0.5246232,5697
0.524629223,5696
0.524636761,5695
0.524641113,5694
0.524647555,5693
0.524826271,5692
0.524843575,5691
0.524848844,5690
0.524854364,5689
0.524860774,5688
0.524897924,5687
0.524903169,5686
0.524908161,5685
0.524922549,5684
0.524927092,5683
0.524940651,5682
0.524946698,5681
0.52495181,5680
0.524956365,5679
0.524979747,5678
0.524987655,5677
0.525011202,5676
0.52501475,5675
0.525018647,5674
0.525077814,5673
0.525082823,5672
0.525088842,5671
0.525094902,5670
0.525098351,5669
0.52510155,5668
0.525107143,5667
0.525113147,5666
0.525117223,5665
0.525121747,5664
0.525125646,5663
0.525129046,5662
0.525133121,5661
0.525142541,5660
0.525145513,5659
0.525149655,5658
0.525156976,5657
0.525162297,5656
0.525167951,5655
0.525172199,5654
0.525179894,5653
0.525183881,5652
0.525189916,5651
0.525194707,5650
0.525201291,5649
0.525206487,5648
0.525210624,5647
0.525259374,5646
0.525263351,5645
0.525267481,5644
0.525271938,5643
0.525277068,5642
0.525284482,5641
0.525292498,5640
0.525297062,5639
0.525302076,5638
0.52530531,5637
0.525308653,5636
0.525311845,5635
0.525314918,5634
0.525321085,5633
0.525325305,5632
0.525328299,5631
0.525332163,5630
0.525335176,5629
0.525338236,5628
0.525361715,5627
0.525367504,5626
0.525370358,5625
0.525374698,5624
0.525378951,5623
0.525382013,5622
0.525386459,5621
0.525390791,5620
0.525394828,5619
0.525397863,5618
0.52540393,5617
0.525407993,5616
0.525412285,5615
0.525418761,5614
0.525423255,5613
0.525429703,5612
0.525437477,5611
0.52545239,5610
0.525469372,5609
0.525478957,5608
0.525484325,5607
0.525488532,5606
0.525493846,5605
0.525497562,5604
0.525501894,5603
0.525506641,5602
0.525745931,5601
0.525751156,5600
0.5257596,5599
0.525764289,5598
0.525770955,5597
0.525782868,5596
0.525791715,5595
0.52580279,5594
0.525822431,5593
0.525828645,5592
0.525833471,5591
0.525838232,5590
0.525846922,5589
0.525856684,5588
0.52586412,5587
0.525873093,5586
0.525879847,5585
0.525886719,5584
0.5258965,5583
0.525901088,5582
0.525909003,5581
0.525913884,5580
0.525924686,5579
0.525983871,5578
0.525990745,5577
0.52599749,5576
0.52600573,5575
0.526010707,5574
0.526015084,5573
0.526019547,5572
0.526024232,5571
0.526029684,5570
0.526033854,5569
0.526037984,5568
0.526041861,5567
0.526045255,5566
0.52605971,5565
0.526063813,5564
0.526067572,5563
0.526536425,5562
0.526543391,5561
0.526553075,5560
0.526560253,5559
0.526568027,5558
0.526578704,5557
0.526583372,5556
0.526587337,5555
0.526593266,5554
0.526597254,5553
0.526606054,5552
0.526610137,5551
0.526618507,5550
0.526622343,5549
0.526627249,5548
0.526631124,5547
0.526635302,5546
0.526641418,5545
0.526647451,5544
0.526665185,5543
0.526669658,5542
0.526674515,5541
0.526681809,5540
0.526686199,5539
0.5267018,5538
0.526705978,5537
0.526714255,5536
0.526729992,5535
0.526734155,5534
0.526738004,5533
0.526742345,5532
0.526749275,5531
0.526768894,5530
0.526774276,5529
0.526782162,5528
0.526789173,5527
0.526794412,5526
0.526799162,5525
0.526806792,5524
0.526814203,5523
0.526836934,5522
0.526841172,5521
0.526845402,5520
0.526920617,5519
0.526925234,5518
0.52692919,5517
0.526943444,5516
0.526958121,5515
0.526964218,5514
0.52696866,5513
0.526972718,5512
0.526992713,5511
0.526998282,5510
0.527005756,5509
0.527008961,5508
0.527014896,5507
0.527019733,5506
0.52702399,5505
0.52702742,5504
0.527030715,5503
0.527033728,5502
0.52703905,5501
0.527043386,5500
0.527046936,5499
0.527050486,5498
0.527058783,5497
0.527064049,5496
0.527067455,5495
0.527074608,5494
0.527082649,5493
0.527087156,5492
0.527099104,5491
0.527102374,5490
0.527107724,5489
0.527111402,5488
0.527119913,5487
0.527123401,5486
0.527130282,5485
0.527134471,5484
0.527137844,5483
0.52714236,5482
0.527149614,5481
0.527155382,5480
0.527169395,5479
0.527172626,5478
0.527255782,5477
0.527261764,5476
0.527270205,5475
0.527275864,5474
0.527279615,5473
0.527284824,5472
0.527290015,5471
0.527295165,5470
0.527301439,5469
0.527306463,5468
0.527310824,5467
0.527320926,5466
0.527324275,5465
0.527329175,5464
0.527332696,5463
0.527337181,5462
0.527343646,5461
0.52734848,5460
0.527352462,5459
0.527372325,5458
0.527376856,5457
0.52738517,5456
0.527390277,5455
0.527393017,5454
0.527398281,5453
0.527402129,5452
0.527407002,5451
0.527413536,5450
0.527420485,5449
0.527433279,5448
0.527439215,5447
0.527490199,5446
0.52756561,5445
0.527587264,5444
0.527595352,5443
0.527678173,5442
0.527687386,5441
0.527691358,5440
0.527694986,5439
0.527698357,5438
0.527702357,5437
0.527705878,5436
0.527709957,5435
0.527716398,5434
0.527719499,5433
0.5277246,5432
0.527729291,5431
0.527736137,5430
0.527741089,5429
0.527744324,5428
0.527755861,5427
0.527760329,5426
0.527765804,5425
0.52777158,5424
0.527777132,5423
0.52778001,5422
0.527784622,5421
0.527787837,5420
0.527802772,5419
0.527814899,5418
0.527819414,5417
0.527823178,5416
0.527827378,5415
0.52783126,5414
0.527838201,5413
0.527842608,5412
0.527846697,5411
0.527881511,5410
0.527887758,5409
0.527893737,5408
0.527901676,5407
0.527907295,5406
0.527911172,5405
0.527915569,5404
0.527920652,5403
0.527925091,5402
0.527932003,5401
0.527941253,5400
0.527950697,5399
0.527955824,5398
0.527959726,5397
0.527965017,5396
0.527970642,5395
0.527974424,5394
0.527980884,5393
0.527993582,5392
0.527999022,5391
0.528013996,5390
0.52801881,5389
0.528027645,5388
0.528044882,5387
0.528048303,5386
0.528056292,5385
0.528059773,5384
0.528066167,5383
0.528069029,5382
0.528073246,5381
0.528076459,5380
0.528082048,5379
0.52808493,5378
0.528089559,5377
0.528092445,5376
0.528095987,5375
0.528416909,5374
0.528421997,5373
0.528427172,5372
0.528430161,5371
0.52843348,5370
0.528439637,5369
0.528444023,5368
0.528449182,5367
0.528456383,5366
0.528460778,5365
0.528469806,5364
0.528477084,5363
0.528496106,5362
0.528503263,5361
0.528515131,5360
0.528520145,5359
0.528528525,5358
0.528534052,5357
0.52854086,5356
0.528571558,5355
0.528614685,5354
0.528621621,5353
0.528658371,5352
0.528703003,5351
0.528715562,5350
0.528722501,5349
0.528742746,5348
0.528749829,5347
0.528755592,5346
0.528766931,5345
0.528780097,5344
0.528789232,5343
0.528816159,5342
0.528827584,5341
0.528833092,5340
0.52883869,5339
0.528842813,5338
0.528850134,5337
0.528858205,5336
0.528862106,5335
0.52886774,5334
0.528873385,5333
0.528883151,5332
0.528890208,5331
0.528894678,5330
0.528907406,5329
0.528910697,5328
0.528922544,5327
0.528930744,5326
0.528935179,5325
0.528946935,5324
0.528955585,5323
0.528962992,5322
0.528982291,5321
0.528986021,5320
0.528990368,5319
0.528996558,5318
0.529005768,5317
0.529014469,5316
0.52902065,5315
0.529044253,5314
0.52904931,5313
0.529052553,5312
0.529055871,5311
0.529060827,5310
0.529064923,5309
0.52906763,5308
0.529075836,5307
0.529083763,5306
0.529089499,5305
0.529095907,5304
0.52909945,5303
0.529102261,5302
0.529105197,5301
0.529111079,5300
0.529113589,5299
0.529118474,5298
0.529123417,5297
0.529128048,5296
0.529139008,5295
0.529147424,5294
0.529153112,5293
0.529156149,5292
0.52916456,5291
0.529167789,5290
0.529171033,5289
0.529178822,5288
0.529185703,5287
0.52918836,5286
0.529193445,5285
0.529200117,5284
0.529206439,5283
0.529208995,5282
0.529213657,5281
0.529216248,5280
0.529219648,5279
0.529228619,5278
0.529240987,5277
0.529244721,5276
0.529257556,5275
0.529265757,5274
0.529268647,5273
0.529272879,5272
0.529279208,5271
0.52928154,5270
0.529285372,5269
0.529289419,5268
0.529294778,5267
0.529317149,5266
0.529323402,5265
0.529329791,5264
0.52933322,5263
0.529338473,5262
0.529344936,5261
0.529352412,5260
0.52935489,5259
0.529357253,5258
0.529360424,5257
0.529366174,5256
0.529371116,5255
0.529375053,5254
0.529381192,5253
0.529383553,5252
0.529386919,5251
0.529389504,5250
0.529391888,5249
0.529394342,5248
0.529399584,5247
0.529409263,5246
0.529413655,5245
0.529415993,5244
0.529438203,5243
0.529441935,5242
0.529449706,5241
0.529453838,5240
0.529459149,5239
0.529463578,5238
0.529469873,5237
0.529475423,5236
0.529480355,5235
0.529491047,5234
0.52949529,5233
0.529499164,5232
0.52950629,5231
0.529858544,5230
0.529873777,5229
0.529883941,5228
0.529895821,5227
0.529901293,5226
0.529910812,5225
0.529919105,5224
0.529923634,5223
0.52992952,5222
0.529936286,5221
0.529947272,5220
0.529961355,5219
0.529969374,5218
0.529974187,5217
0.529979442,5216
0.529995187,5215
0.530002695,5214
0.530009705,5213
0.530019767,5212
0.530041152,5211
0.530047317,5210
0.530055192,5209
0.530063001,5208
0.530086929,5207
0.530118278,5206
0.530124027,5205
0.530132259,5204
0.530136729,5203
0.530145328,5202
0.530151989,5201
0.530474161,5200
0.530491211,5199
0.530497256,5198
0.530501718,5197
0.530505237,5196
0.53050841,5195
0.530511625,5194
0.53051917,5193
0.530522536,5192
0.53052674,5191
0.530546043,5190
0.530555013,5189
0.530558262,5188
0.530563124,5187
0.530568358,5186
0.530573526,5185
0.530596432,5184
0.530605129,5183
0.530614141,5182
0.530621668,5181
0.530655617,5180
0.530674602,5179
0.530685478,5178
0.530704234,5177
0.530713602,5176
0.530719999,5175
0.530724496,5174
0.530733916,5173
0.530742063,5172
0.530747069,5171
0.530753681,5170
0.53075812,5169
0.530769708,5168
0.530774673,5167
0.530784669,5166
0.530859819,5165
0.530873543,5164
0.530878342,5163
0.530891177,5162
0.530895855,5161
0.530905427,5160
0.530913798,5159
0.530918763,5158
0.530926463,5157
0.530937748,5156
0.530942222,5155
0.530959131,5154
0.530975604,5153
0.530981014,5152
0.530996951,5151
0.531008141,5150
0.53102234,5149
0.531028074,5148
0.531034588,5147
0.531043994,5146
0.531067969,5145
0.531078392,5144
0.531083332,5143
0.531089902,5142
0.531094084,5141
0.5311141,5140
0.531160214,5139
0.531167654,5138
0.531186449,5137
0.531195201,5136
0.531204621,5135
0.53120954,5134
0.531225314,5133
0.531233918,5132
0.531240009,5131
0.531247921,5130
0.531262136,5129
0.53126643,5128
0.531277687,5127
0.531288302,5126
0.531298198,5125
0.531303179,5124
0.531306819,5123
0.531312423,5122
0.531339225,5121
0.531346531,5120
0.531349288,5119
0.531363008,5118
0.531371074,5117
0.531375899,5116
0.53138277,5115
0.531397111,5114
0.531418295,5113
0.531426855,5112
0.531433098,5111
0.531437151,5110
0.531462802,5109
0.531471864,5108
0.531475972,5107
0.531865093,5106
0.531869165,5105
0.531880999,5104
0.531885186,5103
0.531888121,5102
0.531897403,5101
0.531909303,5100
0.531913219,5099
0.531920743,5098
0.531929727,5097
0.531934358,5096
0.53194191,5095
0.531988127,5094
0.532016347,5093
0.532041919,5092
0.532051229,5091
0.532057346,5090
0.532085457,5089
0.532092033,5088
0.532095651,5087
0.53210462,5086
0.532122934,5085
0.532133862,5084
0.532161853,5083
0.532175908,5082
0.532204332,5081
0.532210482,5080
0.532215044,5079
0.532220119,5078
0.532226686,5077
0.532254921,5076
0.532269644,5075
0.532284026,5074
0.532294184,5073
0.532307272,5072
0.532322457,5071
0.532359665,5070
0.53236326,5069
0.532385979,5068
0.532389966,5067
0.53240374,5066
0.532409476,5065
0.53241614,5064
0.532419154,5063
0.532422268,5062
0.532439682,5061
0.532443459,5060
0.532458736,5059
0.532483733,5058
0.532495734,5057
0.532500801,5056
0.532508478,5055
0.532513362,5054
0.532527245,5053
0.532535814,5052
0.532543184,5051
0.532549289,5050
0.53255739,5049
0.532560733,5048
0.532574262,5047
0.532581129,5046
0.532590383,5045
0.532601912,5044
0.532605472,5043
0.532614118,5042
0.532617286,5041
0.532621231,5040
0.532626671,5039
0.532631767,5038
0.532637026,5037
0.532645866,5036
0.532649368,5035
0.532653207,5034
0.532660569,5033
0.532724904,5032
0.532744697,5031
0.532750443,5030
0.532759204,5029
0.53276333,5028
0.53277099,5027
0.532779945,5026
0.532784609,5025
0.532788377,5024
0.532843297,5023
0.532848869,5022
0.532853433,5021
0.532861837,5020
0.532868661,5019
0.532872258,5018
0.532897747,5017
0.532908397,5016
0.532915184,5015
0.532924402,5014
0.532947912,5013
0.532956014,5012
0.532960266,5011
0.532965244,5010
0.532972587,5009
0.532995141,5008
0.532999897,5007
0.533005133,5006
0.533009556,5005
0.533013852,5004
0.533022318,5003
0.533028723,5002
0.5330322,5001
0.533038308,5000
0.533058957,4999
0.533065306,4998
0.533074876,4997
0.533089379,4996
0.533122009,4995
0.533128834,4994
0.533135729,4993
0.533139436,4992
0.533143108,4991
0.533148535,4990
0.53315594,4989
0.533552284,4988
0.533560207,4987
0.533567514,4986
0.533583736,4985
0.533597703,4984
0.533625145,4983
0.533633839,4982
0.53366091,4981
0.533709783,4980
0.533751763,4979
0.533818546,4978
0.533824207,4977
0.533830557,4976
0.533866402,4975
0.53392536,4974
0.533943375,4973
0.533949732,4972
0.533956754,4971
0.533965598,4970
0.53397004,4969
0.533977094,4968
0.533983377,4967
0.533994598,4966
0.53399897,4965
0.53400676,4964
0.534015511,4963
0.534023294,4962
0.534040285,4961
0.534047012,4960
0.534053505,4959
0.534060313,4958
0.534076654,4957
0.534093139,4956
0.534098528,4955
0.534118775,4954
0.534123491,4953
0.534162368,4952
0.534167755,4951
0.534198038,4950
0.534207047,4949
0.534218705,4948
0.534233711,4947
0.534242834,4946
0.534255897,4945
0.534271092,4944
0.534301843,4943
0.534307376,4942
0.534315621,4941
0.534347679,4940
0.534352516,4939
0.53435906,4938
0.5343682,4937
0.534379191,4936
0.534433236,4935
0.53448892,4934
0.534521225,4933
0.534536171,4932
0.534541375,4931
0.534559023,4930
0.534565479,4929
0.534575021,4928
0.534588245,4927
0.534597186,4926
0.534611452,4925
0.534617742,4924
0.534630189,4923
0.534642834,4922
0.534676715,4921
0.534688167,4920
0.534693002,4919
0.534698378,4918
0.534703158,4917
0.534715085,4916
0.534741337,4915
0.535307228,4914
0.535320343,4913
0.535351803,4912
0.535358132,4911
0.535385748,4910
0.535396386,4909
0.535401265,4908
0.535410302,4907
0.535415361,4906
0.535426786,4905
0.535433551,4904
0.535446933,4903
0.535464866,4902
0.535478345,4901
0.535497985,4900
0.53552343,4899
0.535531966,4898
0.535537872,4897
0.535550773,4896
0.535554793,4895
0.535584668,4894
0.535597332,4893
0.535613704,4892
0.5356865,4891
0.535694681,4890
0.535701911,4889
0.535709119,4888
0.535713979,4887
0.535725635,4886
0.535730793,4885
0.535750808,4884
0.535783025,4883
0.535811833,4882
0.535820396,4881
0.535845,4880
0.535852815,4879
0.535860525,4878
0.535900735,4877
0.535914102,4876
0.535918061,4875
0.535926697,4874
0.535935857,4873
0.535957389,4872
0.536011847,4871
0.536052558,4870
0.536118154,4869
0.53612305,4868
0.536159908,4867
0.536204447,4866
0.53625641,4865
0.536266298,4864
0.536736541,4863
0.536787494,4862
0.536842392,4861
0.536869215,4860
0.536873068,4859
0.536876978,4858
0.536883653,4857
0.536908879,4856
0.53691914,4855
0.53692597,4854
0.536936092,4853
0.536939557,4852
0.536954933,4851
0.536965677,4850
0.536970568,4849
0.536978527,4848
0.536981642,4847
0.537006853,4846
0.537017111,4845
0.537038812,4844
0.537044879,4843
0.537064442,4842
0.537171312,4841
0.537189497,4840
0.537208696,4839
0.537231833,4838
0.537252033,4837
0.537258214,4836
0.537268099,4835
0.537271663,4834
0.537281084,4833
0.537306233,4832
0.537320266,4831
0.53733064,4830
0.537356971,4829
0.53737068,4828
0.537378317,4827
0.537388902,4826
0.537396225,4825
0.537404591,4824
0.537410807,4823
0.537416379,4822
0.537452368,4821
0.53746062,4820
0.53779802,4819
0.537829719,4818
0.537844487,4817
0.537860289,4816
0.537884086,4815
0.537888376,4814
0.537893883,4813
0.537901532,4812
0.537928763,4811
0.537933667,4810
0.537950147,4809
0.537979347,4808
0.537982127,4807
0.537993332,4806
0.53799581,4805
0.537998251,4804
0.538017273,4803
0.538022516,4802
0.538049563,4801
0.538055983,4800
0.538084696,4799
0.538105495,4798
0.538130124,4797
0.538137777,4796
0.538468171,4795
0.538475564,4794
0.538494924,4793
0.538522077,4792
0.538539476,4791
0.53855789,4790
0.538561691,4789
0.538586319,4788
0.538605217,4787
0.538615857,4786
0.53863028,4785
0.538636196,4784
0.53864988,4783
0.538658519,4782
0.538665981,4781
0.538694771,4780
0.538699376,4779
0.538718072,4778
0.538753816,4777
0.538995253,4776
0.539002989,4775
0.539022604,4774
0.53902663,4773
0.539031059,4772
0.539034181,4771
0.539055481,4770
0.539062189,4769
0.539071146,4768
0.539093882,4767
0.539101583,4766
0.539110718,4765
0.53911392,4764
0.539254059,4763
0.539256741,4762
0.539314709,4761
0.539360055,4760
0.539419287,4759
0.539526535,4758
0.539564698,4757
0.539877972,4756
0.53990178,4755
0.540805493,4754
0.540820109,4753
0.540973365,4752
0.540984644,4751
0.541733118,4750
0.744188654,4749
0.817966072,4748
0.898171614,4747
0.971278714,4746
1.012231744,4745
1.139356989,4744
1.181712257,4743
1.258885716,4742
1.317075302,4741
1.371689471,4740
1.527414971,4739
1.591044708,4738
1.667914564,4737
1.696136515,4736
1.742067986,4735
1.759800782,4734
1.780270123,4733
1.801003094,4732
1.814737592,4731
1.866373868,4730
1.947189047,4729
1.990573253,4728
2.101307221,4727
2.151641673,4726
2.207893009,4725
2.348712395,4724
2.442949024,4723
2.475311912,4722
2.528058567,4721
2.548160792,4720
2.588021527,4719
2.619713555,4718
2.67048317,4717
2.69009327,4716
2.722148355,4715
2.747574253,4714
2.758122583,4713
2.776137252,4712
2.794512349,4711
2.840659498,4710
2.855660868,4709
2.874320161,4708
2.902639498,4707
2.915401543,4706
2.942004101,4705
2.954057651,4704
2.965568456,4703
2.983843121,4702
3.011535415,4701
3.043566914,4700
3.098106456,4699
3.143159786,4698
3.173224003,4697
3.216666802,4696
3.256936846,4695
3.304933211,4694
3.355170123,4693
3.514770533,4692
3.571553136,4691
3.643131131,4690
3.656847196,4689
3.696773323,4688
3.71436987,4687
3.724827101,4686
3.799718221,4685
3.826436222,4684
3.840002892,4683
3.894657805,4682
3.903126882,4681
3.923219992,4680
3.951865926,4679
3.967893738,4678
3.987453912,4677
3.997692374,4676
4.012340447,4675
4.035523042,4674
4.044994722,4673
4.075410117,4672
4.09843685,4671
4.120754638,4670
4.132438307,4669
4.148319295,4668
4.165052812,4667
4.17790777,4666
4.225182006,4665
4.255507561,4664
4.268514571,4663
4.304879217,4662
4.352966274,4661
4.400720054,4660
4.488308561,4659
4.545238906,4658
4.586849346,4657
4.798809551,4656
4.938214911,4655
4.999994958,4654
5.066626445,4653
5.124623413,4652
5.168969571,4651
5.185056652,4650
5.233656519,4649
5.272609006,4648
5.310257315,4647
5.440529371,4646
5.513389439,4645
5.604576512,4644
5.638140287,4643
5.660730184,4642
5.757776826,4641
5.770305805,4640
5.77857675,4639
5.800647045,4638
5.833989189,4637
5.858212508,4636
5.895755826,4635
5.980208181,4634
6.029076367,4633
6.060843189,4632
6.084997094,4631
6.115477738,4630
6.138191299,4629
6.158298971,4628
6.214201898,4627
6.264453577,4626
6.434713861,4625
6.561073404,4624
6.573578982,4623
6.653406902,4622
6.880088944,4621
7.002376564,4620
7.031955329,4619
7.060059329,4618
7.143361021,4617
7.360404617,4616
