0.402582098,10181
0.402641549,10180
0.402674795,10179
0.402718635,10178
0.402768098,10177
0.402784582,10176
0.402830614,10175
0.402837165,10174
0.402842992,10173
0.402851189,10172
0.402865442,10171
0.402873219,10170
0.402881653,10169
0.402888038,10168
0.402895597,10167
0.402902534,10166
0.402934015,10165
0.402966637,10164
0.402988828,10163
0.402997128,10162
0.403007162,10161
0.403024886,10160
0.40303624,10159
0.403080395,10158
0.403137598,10157
0.403148315,10156
0.403234777,10155
0.403256535,10154
0.403264856,10153
0.403273109,10152
0.403282866,10151
0.403292118,10150
0.40330109,10149
0.403310331,10148
0.403319831,10147
0.403328242,10146
0.403337294,10145
0.403346452,10144
0.40335873,10143
0.403367092,10142
0.403373819,10141
0.403380356,10140
0.403390405,10139
0.403482058,10138
0.403491707,10137
0.403506622,10136
0.403514946,10135
0.403572182,10134
0.403611573,10133
0.403622345,10132
0.40363234,10131
0.403710575,10130
0.404285483,10129
0.404296778,10128
0.404305645,10127
0.404432487,10126
0.404513282,10125
0.404590417,10124
0.404616045,10123
0.404627823,10122
0.404639036,10121
0.4046454,10120
0.404657634,10119
0.404670663,10118
0.404680227,10117
0.404694755,10116
0.404701195,10115
0.404706524,10114
0.404717692,10113
0.404729756,10112
0.404741762,10111
0.404748122,10110
0.404787988,10109
0.404793488,10108
0.407777343,10107
0.407826742,10106
0.407840408,10105
0.407852017,10104
0.407857878,10103
0.407885083,10102
0.407889463,10101
0.407893055,10100
0.407898492,10099
0.407903028,10098
0.407908443,10097
0.407914683,10096
0.407926396,10095
0.407931416,10094
0.407936841,10093
0.407955058,10092
0.407959528,10091
0.407975789,10090
0.407980624,10089
0.408005299,10088
0.408008907,10087
0.408012814,10086
0.408041608,10085
0.408052778,10084
0.408060091,10083
0.40806572,10082
0.408070884,10081
0.408076179,10080
0.408081642,10079
0.408087376,10078
0.40809289,10077
0.408098966,10076
0.408104349,10075
0.408109058,10074
0.408113219,10073
0.408116833,10072
0.408122026,10071
0.408125831,10070
0.408134264,10069
0.40813949,10068
0.408143406,10067
0.40815478,10066
0.408161102,10065
0.408168036,10064
0.40817581,10063
0.40827279,10062
0.408279177,10061
0.408283666,10060
0.408288958,10059
0.408304382,10058
0.408307978,10057
0.408313278,10056
0.408357585,10055
0.408390243,10054
0.408394871,10053
0.408399806,10052
0.408405605,10051
0.408409137,10050
0.408422585,10049
0.408426438,10048
0.408429779,10047
0.408434651,10046
0.408439327,10045
0.408443572,10044
0.408448019,10043
0.408452745,10042
0.40845765,10041
0.408462276,10040
0.40846656,10039
0.408470287,10038
0.408473839,10037
0.408476962,10036
0.408480325,10035
0.408483737,10034
0.408486902,10033
0.40849154,10032
0.408495269,10031
0.408499081,10030
0.408502549,10029
0.408506703,10028
0.408510128,10027
0.408514881,10026
0.408518594,10025
0.408521914,10024
0.408525181,10023
0.408528431,10022
0.408531685,10021
0.408535091,10020
0.408538667,10019
0.408542168,10018
0.408545726,10017
0.408549125,10016
0.40855232,10015
0.408555779,10014
0.408558985,10013
0.408562282,10012
0.408566429,10011
0.408572129,10010
0.408576802,10009
0.408581195,10008
0.408585004,10007
0.408589043,10006
0.40859249,10005
0.408596104,10004
0.408599438,10003
0.408603051,10002
0.40860643,10001
0.408609992,10000
0.408615316,9999
0.408618873,9998
0.408622408,9997
0.408625611,9996
0.408628728,9995
0.408632019,9994
0.408636563,9993
0.408640425,9992
0.408644108,9991
0.408647647,9990
0.408665186,9989
0.408674895,9988
0.408680104,9987
0.408685164,9986
0.408690317,9985
0.408695819,9984
0.408700666,9983
0.408705583,9982
0.408710783,9981
0.408715223,9980
0.408719851,9979
0.408725802,9978
0.408730482,9977
0.408735506,9976
0.408740914,9975
0.408747062,9974
0.408752713,9973
0.408764363,9972
0.408776191,9971
0.408781379,9970
0.408786664,9969
0.40879209,9968
0.408803142,9967
0.408808614,9966
0.408814063,9965
0.40881956,9964
0.408824882,9963
0.408829645,9962
0.408834406,9961
0.408839799,9960
0.408845044,9959
0.408850221,9958
0.408855243,9957
0.408863101,9956
0.408868833,9955
0.408874073,9954
0.408879453,9953
0.40889351,9952
0.408902957,9951
0.408907932,9950
0.408912627,9949
0.408917594,9948
0.408922128,9947
0.408926838,9946
0.408931941,9945
0.408936575,9944
0.408941698,9943
0.40894643,9942
0.408991806,9941
0.408996999,9940
0.409024369,9939
0.409030824,9938
0.409038657,9937
0.409045575,9936
0.409056371,9935
0.409062821,9934
0.409066989,9933
0.409071484,9932
0.409161364,9931
0.409166303,9930
0.409207794,9929
0.409213162,9928
0.409218202,9927
0.409225491,9926
0.409230453,9925
0.409235206,9924
0.409239604,9923
0.409243891,9922
0.409249918,9921
0.409255023,9920
0.409259039,9919
0.409263466,9918
0.409267155,9917
0.409271323,9916
0.40927512,9915
0.409279056,9914
0.409281962,9913
0.40928512,9912
0.409288357,9911
0.409291556,9910
0.409294464,9909
0.409297295,9908
0.409300398,9907
0.409303383,9906
0.409306569,9905
0.40931001,9904
0.409313231,9903
0.409316273,9902
0.409319257,9901
0.409322236,9900
0.409325087,9899
0.409329013,9898
0.409333913,9897
0.40933812,9896
0.409341906,9895
0.409346918,9894
0.409351438,9893
0.409355155,9892
0.409359469,9891
0.409362944,9890
0.409366552,9889
0.409369303,9888
0.409372308,9887
0.409375127,9886
0.409377976,9885
0.409380776,9884
0.409383767,9883
0.409386514,9882
0.409390587,9881
0.409394641,9880
0.409398827,9879
0.409406387,9878
0.40941071,9877
0.409414368,9876
0.409418526,9875
0.409424313,9874
0.409428572,9873
0.409432748,9872
0.409436846,9871
0.409440953,9870
0.409445216,9869
0.409449766,9868
0.409454281,9867
0.409458657,9866
0.40946256,9865
0.409466909,9864
0.409470824,9863
0.409475272,9862
0.409479557,9861
0.409494287,9860
0.409500398,9859
0.412434986,9858
0.41253414,9857
0.412537988,9856
0.41254174,9855
0.41254523,9854
0.412548794,9853
0.412551995,9852
0.412555285,9851
0.41255839,9850
0.412561487,9849
0.412564553,9848
0.412569043,9847
0.412573681,9846
0.412576934,9845
0.412579995,9844
0.412582992,9843
0.412585954,9842
0.41258898,9841
0.41259192,9840
0.412595025,9839
0.412598021,9838
0.412600825,9837
0.412603689,9836
0.412606658,9835
0.412609355,9834
0.412613662,9833
0.412616733,9832
0.412619642,9831
0.412622417,9830
0.412625399,9829
0.412628568,9828
0.412631498,9827
0.412634491,9826
0.41263725,9825
0.412640122,9824
0.412643019,9823
0.412679203,9822
0.412687228,9821
0.412707478,9820
0.412714071,9819
0.412719635,9818
0.412724421,9817
0.412729464,9816
0.412734104,9815
0.412737985,9814
0.412742054,9813
0.412746407,9812
0.41275072,9811
0.412755869,9810
0.412761122,9809
0.412765641,9808
0.412770046,9807
0.412774335,9806
0.412779255,9805
0.412783636,9804
0.41278842,9803
0.412793049,9802
0.412797691,9801
0.412801786,9800
0.412826782,9799
0.41287106,9798
0.412875587,9797
0.412880194,9796
0.412884487,9795
0.412953859,9794
0.412957706,9793
0.412962347,9792
0.412966188,9791
0.41296962,9790
0.412973148,9789
0.414905258,9788
0.419773824,9787
0.419842096,9786
0.420024846,9785
0.420054312,9784
0.420060945,9783
0.420072698,9782
0.42007609,9781
0.420079266,9780
0.420082558,9779
0.420085937,9778
0.420088622,9777
0.42009084,9776
0.420093246,9775
0.420095747,9774
0.420097907,9773
0.420099928,9772
0.420102072,9771
0.420104349,9770
0.420107131,9769
0.420110092,9768
0.420113413,9767
0.420116391,9766
0.420119906,9765
0.420123378,9764
0.420126108,9763
0.420128509,9762
0.420130595,9761
0.420133173,9760
0.420135243,9759
0.420137682,9758
0.420139747,9757
0.420141795,9756
0.420144002,9755
0.42014605,9754
0.420148146,9753
0.420150479,9752
0.420152497,9751
0.420154599,9750
0.420156581,9749
0.420158583,9748
0.420160556,9747
0.420163037,9746
0.420166191,9745
0.420169181,9744
0.420176784,9743
0.420180943,9742
0.420183925,9741
0.420193901,9740
0.420197271,9739
0.420200222,9738
0.42020312,9737
0.42020642,9736
0.420209399,9735
0.420212902,9734
0.420216059,9733
0.42021924,9732
0.420221946,9731
0.420225438,9730
0.420228248,9729
0.420231035,9728
0.420234033,9727
0.420236785,9726
0.420240132,9725
0.420243052,9724
0.420245751,9723
0.420248475,9722
0.42025125,9721
0.420253957,9720
0.42025618,9719
0.420258654,9718
0.420271107,9717
0.420274187,9716
0.420277114,9715
0.420280173,9714
0.420284263,9713
0.420287394,9712
0.420290442,9711
0.42029311,9710
0.420296438,9709
0.420298931,9708
0.420302117,9707
0.420304834,9706
0.420308017,9705
0.420311033,9704
0.420314094,9703
0.420317288,9702
0.420322283,9701
0.420326332,9700
0.420328858,9699
0.420331449,9698
0.420333587,9697
0.420335542,9696
0.420337546,9695
0.420339659,9694
0.420342165,9693
0.420344596,9692
0.420346946,9691
0.42034947,9690
0.420351467,9689
0.420353877,9688
0.420356246,9687
0.420358632,9686
0.420360655,9685
0.420362787,9684
0.420364882,9683
0.420366913,9682
0.420368978,9681
0.420371157,9680
0.420373354,9679
0.420375868,9678
0.420377993,9677
0.420380205,9676
0.420382469,9675
0.420385089,9674
0.420388892,9673
0.420392566,9672
0.42039517,9671
0.420397345,9670
0.420401846,9669
0.420405176,9668
0.42040816,9667
0.420410872,9666
0.420421874,9665
0.420424664,9664
0.420427397,9663
0.420430287,9662
0.420432892,9661
0.420435386,9660
0.420437759,9659
0.420440092,9658
0.420442926,9657
0.420445751,9656
0.420448533,9655
0.42045098,9654
0.420453368,9653
0.420455868,9652
0.420458166,9651
0.42046088,9650
0.420463433,9649
0.420466241,9648
0.420468914,9647
0.420471385,9646
0.420473946,9645
0.420476973,9644
0.420480043,9643
0.420482454,9642
0.420485208,9641
0.42048763,9640
0.420490151,9639
0.420492679,9638
0.420495599,9637
0.42049787,9636
0.420500457,9635
0.420502833,9634
0.420505472,9633
0.420507835,9632
0.420511041,9631
0.420513729,9630
0.420515928,9629
0.420518509,9628
0.420521913,9627
0.420524675,9626
0.420527044,9625
0.420529298,9624
0.420531778,9623
0.420533869,9622
0.420535956,9621
0.420538138,9620
0.420540337,9619
0.420542536,9618
0.42054486,9617
0.420547193,9616
0.420549748,9615
0.420551885,9614
0.420554073,9613
0.420556223,9612
0.420558622,9611
0.42056091,9610
0.420563125,9609
0.420565354,9608
0.420567612,9607
0.420569809,9606
0.420572173,9605
0.420574437,9604
0.420577179,9603
0.42057974,9602
0.420582077,9601
0.420584227,9600
0.42058638,9599
0.420588676,9598
0.420591023,9597
0.420593192,9596
0.420595421,9595
0.420597597,9594
0.420599941,9593
0.420602114,9592
0.420604555,9591
0.420606864,9590
0.420609362,9589
0.420611744,9588
0.420614148,9587
0.420617917,9586
0.420620677,9585
0.420624922,9584
0.4206278,9583
0.420637403,9582
0.42064085,9581
0.420643374,9580
0.420645961,9579
0.420648322,9578
0.420651025,9577
0.420653442,9576
0.420655813,9575
0.420658077,9574
0.420660812,9573
0.420663229,9572
0.420665954,9571
0.420669576,9570
0.420674038,9569
0.420676429,9568
0.420678891,9567
0.4206812,9566
0.420683688,9565
0.42068601,9564
0.420688251,9563
0.420690278,9562
0.420692478,9561
0.420694495,9560
0.420696573,9559
0.420698612,9558
0.420700657,9557
0.420702878,9556
0.420705117,9555
0.420707516,9554
0.420709765,9553
0.420712233,9552
0.420714572,9551
0.420716932,9550
0.420719323,9549
0.420721489,9548
0.420723575,9547
0.420726137,9546
0.420728136,9545
0.420730343,9544
0.420732516,9543
0.420734661,9542
0.420737,9541
0.420739217,9540
0.420741802,9539
0.420744651,9538
0.420747211,9537
0.420749451,9536
0.420753197,9535
0.420756168,9534
0.420759083,9533
0.420761838,9532
0.420764529,9531
0.420767193,9530
0.42076964,9529
0.420772163,9528
0.420779594,9527
0.42078192,9526
0.420784602,9525
0.420787385,9524
0.420790151,9523
0.420792758,9522
0.420795939,9521
0.420798843,9520
0.420810212,9519
0.420822228,9518
0.420830982,9517
0.420834255,9516
0.420837255,9515
0.420840038,9514
0.420842777,9513
0.420845485,9512
0.422039354,9511
0.422072818,9510
0.422075784,9509
0.42207864,9508
0.422081244,9507
0.42208387,9506
0.422086395,9505
0.422088859,9504
0.422091561,9503
0.422094803,9502
0.422097862,9501
0.422101142,9500
0.422104045,9499
0.422107736,9498
0.422110426,9497
0.422113517,9496
0.422116459,9495
0.422119486,9494
0.422122173,9493
0.422125411,9492
0.422128463,9491
0.422131492,9490
0.422134314,9489
0.422138138,9488
0.422140853,9487
0.42214447,9486
0.422146803,9485
0.422149186,9484
0.422151208,9483
0.42215357,9482
0.422156476,9481
0.422158643,9480
0.422167308,9479
0.422170409,9478
0.422173674,9477
0.42217667,9476
0.42217971,9475
0.422182121,9474
0.422184172,9473
0.422186303,9472
0.42218936,9471
0.42219199,9470
0.422194501,9469
0.42219755,9468
0.422202378,9467
0.42220562,9466
0.422208664,9465
0.42221187,9464
0.422215652,9463
0.422218314,9462
0.422221436,9461
0.422224553,9460
0.422227713,9459
0.422231252,9458
0.42223419,9457
0.422236722,9456
0.422239763,9455
0.422242708,9454
0.422245946,9453
0.422249047,9452
0.422251937,9451
0.422255149,9450
0.422258373,9449
0.422261789,9448
0.422264666,9447
0.422267635,9446
0.42227058,9445
0.42227366,9444
0.422276596,9443
0.422279608,9442
0.422305379,9441
0.422308556,9440
0.422311305,9439
0.422314041,9438
0.422317876,9437
0.422320584,9436
0.422324917,9435
0.422327467,9434
0.422330707,9433
0.422334147,9432
0.422337402,9431
0.422339993,9430
0.422343508,9429
0.422346749,9428
0.422350014,9427
0.422352958,9426
0.422355867,9425
0.422358485,9424
0.422361201,9423
0.422363954,9422
0.422366732,9421
0.422369573,9420
0.422372282,9419
0.422374705,9418
0.422377378,9417
0.422379864,9416
0.42238244,9415
0.422385646,9414
0.422390359,9413
0.422394221,9412
0.422397008,9411
0.42239986,9410
0.422403087,9409
0.422406041,9408
0.422409734,9407
0.422413072,9406
0.422415837,9405
0.422418305,9404
0.422420834,9403
0.422423307,9402
0.422425696,9401
0.422428116,9400
0.422430613,9399
0.422433032,9398
0.422435426,9397
0.422437982,9396
0.422441477,9395
0.42244664,9394
0.422450169,9393
0.422453101,9392
0.42245616,9391
0.422459018,9390
0.422461787,9389
0.422464846,9388
0.422467748,9387
0.422470796,9386
0.422473553,9385
0.422476278,9384
0.422479575,9383
0.422482492,9382
0.422485339,9381
0.422488642,9380
0.422491592,9379
0.422495026,9378
0.422497936,9377
0.422500913,9376
0.422504278,9375
0.422508062,9374
0.422511227,9373
0.422514038,9372
0.422516685,9371
0.422519141,9370
0.422521526,9369
0.422524156,9368
0.422526599,9367
0.422529459,9366
0.422532245,9365
0.422534966,9364
0.42253743,9363
0.42254016,9362
0.422542856,9361
0.422545285,9360
0.422548233,9359
0.422550743,9358
0.422553296,9357
0.422557518,9356
0.422560515,9355
0.422563541,9354
0.422566573,9353
0.422569501,9352
0.422572048,9351
0.422574886,9350
0.4225775,9349
0.42257996,9348
0.422582449,9347
0.422584858,9346
0.422587397,9345
0.422589779,9344
0.42259248,9343
0.422594939,9342
0.422597179,9341
0.4226266,9340
0.422629238,9339
0.422632482,9338
0.422635036,9337
0.422637726,9336
0.422641021,9335
0.422643878,9334
0.422646981,9333
0.42264994,9332
0.422665043,9331
0.422677943,9330
0.422680473,9329
0.422683357,9328
0.422686491,9327
0.422694582,9326
0.422697764,9325
0.42270079,9324
0.422711293,9323
0.422715319,9322
0.422718565,9321
0.422721615,9320
0.42272472,9319
0.422727723,9318
0.422730618,9317
0.422733269,9316
0.422735999,9315
0.42273839,9314
0.422740863,9313
0.42274346,9312
0.422747896,9311
0.422751191,9310
0.422755887,9309
0.422758711,9308
0.422761696,9307
0.422764465,9306
0.422767512,9305
0.422770043,9304
0.422772935,9303
0.422776193,9302
0.422779048,9301
0.422781892,9300
0.422784932,9299
0.422787849,9298
0.422790604,9297
0.422793941,9296
0.422796383,9295
0.422808374,9294
0.42286358,9293
0.422867746,9292
0.422871116,9291
0.422874162,9290
0.422877143,9289
0.422880209,9288
0.422883512,9287
0.422886367,9286
0.42288941,9285
0.422892576,9284
0.422895828,9283
0.42290862,9282
0.422912835,9281
0.422915925,9280
0.422918775,9279
0.422921608,9278
0.422924421,9277
0.422927266,9276
0.422930347,9275
0.422932965,9274
0.422935926,9273
0.422938429,9272
0.422941109,9271
0.422943674,9270
0.422946532,9269
0.422949248,9268
0.422951823,9267
0.422954684,9266
0.422957285,9265
0.422960115,9264
0.422962681,9263
0.422965817,9262
0.422968642,9261
0.422974019,9260
0.422979917,9259
0.422986706,9258
0.422989847,9257
0.422992961,9256
0.422995686,9255
0.422998443,9254
0.423001318,9253
0.423004366,9252
0.423007119,9251
0.423009856,9250
0.423012624,9249
0.423017043,9248
0.423020127,9247
0.423022773,9246
0.423025567,9245
0.423028827,9244
0.42303182,9243
0.423035461,9242
0.423038618,9241
0.423041455,9240
0.423044147,9239
0.423046938,9238
0.423049745,9237
0.423052769,9236
0.423055419,9235
0.42305814,9234
0.423061243,9233
0.423063893,9232
0.423067297,9231
0.423069938,9230
0.423072759,9229
0.423076167,9228
0.423079273,9227
0.423082414,9226
0.423085303,9225
0.423088728,9224
0.423091232,9223
0.423093935,9222
0.423096645,9221
0.423099172,9220
0.42310166,9219
0.423104391,9218
0.423107033,9217
0.423109579,9216
0.423112606,9215
0.423115161,9214
0.423117509,9213
0.423119969,9212
0.423122514,9211
0.42312506,9210
0.423128036,9209
0.423130536,9208
0.423133217,9207
0.423135687,9206
0.423138074,9205
0.42314064,9204
0.423143367,9203
0.423145956,9202
0.423149092,9201
0.423152292,9200
0.423155452,9199
0.423158526,9198
0.423161757,9197
0.423164778,9196
0.423167489,9195
0.423170332,9194
0.423175335,9193
0.423178613,9192
0.423181538,9191
0.42318395,9190
0.423186673,9189
0.423189207,9188
0.423192207,9187
0.42319493,9186
0.42319766,9185
0.423201925,9184
0.423208613,9183
0.423212088,9182
0.423216609,9181
0.423220081,9180
0.423223253,9179
0.423226264,9178
0.423229282,9177
0.42323211,9176
0.423234833,9175
0.423237399,9174
0.423239856,9173
0.423242461,9172
0.423244862,9171
0.423247773,9170
0.423250704,9169
0.423253511,9168
0.423256451,9167
0.423259011,9166
0.423261448,9165
0.423264283,9164
0.423268511,9163
0.423272319,9162
0.423275612,9161
0.423278797,9160
0.423281627,9159
0.423284304,9158
0.423287492,9157
0.423290658,9156
0.423293422,9155
0.423296018,9154
0.423298913,9153
0.423301598,9152
0.423304336,9151
0.423306861,9150
0.423309974,9149
0.423313163,9148
0.423316187,9147
0.42331935,9146
0.423322374,9145
0.4233256,9144
0.423328267,9143
0.4233317,9142
0.423334957,9141
0.42333782,9140
0.423341092,9139
0.423344336,9138
0.423348249,9137
0.423351499,9136
0.423354111,9135
0.423356642,9134
0.423359182,9133
0.423361736,9132
0.423364232,9131
0.423366857,9130
0.423369591,9129
0.42337238,9128
0.423375144,9127
0.423377785,9126
0.423381643,9125
0.423384438,9124
0.423386936,9123
0.423389918,9122
0.423392658,9121
0.42339522,9120
0.423398018,9119
0.423400686,9118
0.423403093,9117
0.423405865,9116
0.423408433,9115
0.423411513,9114
0.42341431,9113
0.423416955,9112
0.423419417,9111
0.42342218,9110
0.423424713,9109
0.423427378,9108
0.423430401,9107
0.423433068,9106
0.423435664,9105
0.423438398,9104
0.42344111,9103
0.423444052,9102
0.423446611,9101
0.423449047,9100
0.423452218,9099
0.423455144,9098
0.42345757,9097
0.423460237,9096
0.423463124,9095
0.423465704,9094
0.423468528,9093
0.423471652,9092
0.423474676,9091
0.423477146,9090
0.42347984,9089
0.42348251,9088
0.423486002,9087
0.423489258,9086
0.423492495,9085
0.423499233,9084
0.423501665,9083
0.42350453,9082
0.423507632,9081
0.423510805,9080
0.423513926,9079
0.423517502,9078
0.423520659,9077
0.423523593,9076
0.423526547,9075
0.423529635,9074
0.423532847,9073
0.423535773,9072
0.42353866,9071
0.423542035,9070
0.423544996,9069
0.423548146,9068
0.423550904,9067
0.423553796,9066
0.423556574,9065
0.423559274,9064
0.423562058,9063
0.423564972,9062
0.423567949,9061
0.423577834,9060
0.423581546,9059
0.423585164,9058
0.423628089,9057
0.423630803,9056
0.423633687,9055
0.423638392,9054
0.423641693,9053
0.423644252,9052
0.423647591,9051
0.423650815,9050
0.423653824,9049
0.423657117,9048
0.423660158,9047
0.423663424,9046
0.4236666,9045
0.423669682,9044
0.423672421,9043
0.423675647,9042
0.423678721,9041
0.423681847,9040
0.423684925,9039
0.423687772,9038
0.42369067,9037
0.423694111,9036
0.423697702,9035
0.423700656,9034
0.423703592,9033
0.423707132,9032
0.423709891,9031
0.423712921,9030
0.423715815,9029
0.423719935,9028
0.423723476,9027
0.423726482,9026
0.423729133,9025
0.423732036,9024
0.423734766,9023
0.423754386,9022
0.423759026,9021
0.423763168,9020
0.423766873,9019
0.423771194,9018
0.423775011,9017
0.423793156,9016
0.423797125,9015
0.423808275,9014
0.423811952,9013
0.423815226,9012
0.423818076,9011
0.423820791,9010
0.423823554,9009
0.423826319,9008
0.423829124,9007
0.423832033,9006
0.423834718,9005
0.423837523,9004
0.423840475,9003
0.423843743,9002
0.423846388,9001
0.423849122,9000
0.423852515,8999
0.423855591,8998
0.423858743,8997
0.423861635,8996
0.423864434,8995
0.423874227,8994
0.423882032,8993
0.423885366,8992
0.423888321,8991
0.423890832,8990
0.423893741,8989
0.423896822,8988
0.423900235,8987
0.423903428,8986
0.423906524,8985
0.423909219,8984
0.423912097,8983
0.423915146,8982
0.423918213,8981
0.423921056,8980
0.423923902,8979
0.423927272,8978
0.423929841,8977
0.423932328,8976
0.423935043,8975
0.42393795,8974
0.423940826,8973
0.423943876,8972
0.423946724,8971
0.423949995,8970
0.423953386,8969
0.423956362,8968
0.423959255,8967
0.423962371,8966
0.423965532,8965
0.423968518,8964
0.423971422,8963
0.4239744,8962
0.423977276,8961
0.42398017,8960
0.423983337,8959
0.423986056,8958
0.423988983,8957
0.423991822,8956
0.424003901,8955
0.42400741,8954
0.424017423,8953
0.424021193,8952
0.424024191,8951
0.424027151,8950
0.424030152,8949
0.424033207,8948
0.424035854,8947
0.424039035,8946
0.424042333,8945
0.424045417,8944
0.424048241,8943
0.424051004,8942
0.424053598,8941
0.424056455,8940
0.42405971,8939
0.424062592,8938
0.424065426,8937
0.424068289,8936
0.424070938,8935
0.424073514,8934
0.424076398,8933
0.424078822,8932
0.424081436,8931
0.424084675,8930
0.42408755,8929
0.424090031,8928
0.424092721,8927
0.424095183,8926
0.424098098,8925
0.424101164,8924
0.424103998,8923
0.424106766,8922
0.424108948,8921
0.424111568,8920
0.424114262,8919
0.424117414,8918
0.424121167,8917
0.424125142,8916
0.42412814,8915
0.42413124,8914
0.424134157,8913
0.424139794,8912
0.42414238,8911
0.424145634,8910
0.424148418,8909
0.424151744,8908
0.424154472,8907
0.424156694,8906
0.424242234,8905
0.424246053,8904
0.424249289,8903
0.424253183,8902
0.424255819,8901
0.424258195,8900
0.424260386,8899
0.424262647,8898
0.424265015,8897
0.424268071,8896
0.424270656,8895
0.424273374,8894
0.424276155,8893
0.424278825,8892
0.424281474,8891
0.424283916,8890
0.424286746,8889
0.424289507,8888
0.424291891,8887
0.4242943,8886
0.424297057,8885
0.424299756,8884
0.42430243,8883
0.424305212,8882
0.424308228,8881
0.424311435,8880
0.424314501,8879
0.424317616,8878
0.424320576,8877
0.424323327,8876
0.424326571,8875
0.424329143,8874
0.424331713,8873
0.424334503,8872
0.424337201,8871
0.424340644,8870
0.424343244,8869
0.424346118,8868
0.424348497,8867
0.424351537,8866
0.424354563,8865
0.424357556,8864
0.424360604,8863
0.424363652,8862
0.424366628,8861
0.424377897,8860
0.424380693,8859
0.424383493,8858
0.424386238,8857
0.424388782,8856
0.424391313,8855
0.424393869,8854
0.424396399,8853
0.424399049,8852
0.42440168,8851
0.424404113,8850
0.424406714,8849
0.424409538,8848
0.424412457,8847
0.424415332,8846
0.424418323,8845
0.424421137,8844
0.424423712,8843
0.424426085,8842
0.424428769,8841
0.424431189,8840
0.424433542,8839
0.424436846,8838
0.424439577,8837
0.424442109,8836
0.424444654,8835
0.424447166,8834
0.42444971,8833
0.424452053,8832
0.424454667,8831
0.424457281,8830
0.424459944,8829
0.424462832,8828
0.424465545,8827
0.424468252,8826
0.424470851,8825
0.424473649,8824
0.424476092,8823
0.424478967,8822
0.424481703,8821
0.42448403,8820
0.424487485,8819
0.424490645,8818
0.42449313,8817
0.424495834,8816
0.424498745,8815
0.424501478,8814
0.424504736,8813
0.424507452,8812
0.424510342,8811
0.424513242,8810
0.424515788,8809
0.424518629,8808
0.424521389,8807
0.424523776,8806
0.424526949,8805
0.424529862,8804
0.424532637,8803
0.4245396,8802
0.424544317,8801
0.424553041,8800
0.424556562,8799
0.424560216,8798
0.42456336,8797
0.424566907,8796
0.42457006,8795
0.42457283,8794
0.424575291,8793
0.424577725,8792
0.424580514,8791
0.424583219,8790
0.424585522,8789
0.424588489,8788
0.424591144,8787
0.424593557,8786
0.424596261,8785
0.424598698,8784
0.424601819,8783
0.424604547,8782
0.424616616,8781
0.424620927,8780
0.424624683,8779
0.42462808,8778
0.424631111,8777
0.424634434,8776
0.424637479,8775
0.424672469,8774
0.424690093,8773
0.42469398,8772
0.424696963,8771
0.424699597,8770
0.424702475,8769
0.424705068,8768
0.424707734,8767
0.42471208,8766
0.424715042,8765
0.424720396,8764
0.424723295,8763
0.424726072,8762
0.42475287,8761
0.424755863,8760
0.424758832,8759
0.424761505,8758
0.424764036,8757
0.424766582,8756
0.42476951,8755
0.424772458,8754
0.424775051,8753
0.424777506,8752
0.424780032,8751
0.424782916,8750
0.424785328,8749
0.424787948,8748
0.424790658,8747
0.42479289,8746
0.424795174,8745
0.424797568,8744
0.424800344,8743
0.424802618,8742
0.424804757,8741
0.424807172,8740
0.424809608,8739
0.424811948,8738
0.424815379,8737
0.424817922,8736
0.424820457,8735
0.424822837,8734
0.424825401,8733
0.424827793,8732
0.424830075,8731
0.424832429,8730
0.425270452,8729
0.425274055,8728
0.425279733,8727
0.425283152,8726
0.425286644,8725
0.425289769,8724
0.425300594,8723
0.425304002,8722
0.425307619,8721
0.425311646,8720
0.425314668,8719
0.425320472,8718
0.425324562,8717
0.425328128,8716
0.425332921,8715
0.425336559,8714
0.425341309,8713
0.425344347,8712
0.425347219,8711
0.425350498,8710
0.425354545,8709
0.425358276,8708
0.42536203,8707
0.425367002,8706
0.425370383,8705
0.425374851,8704
0.425378267,8703
0.425385556,8702
0.425388918,8701
0.425392072,8700
0.425395366,8699
0.42539957,8698
0.425403312,8697
0.425407481,8696
0.425411983,8695
0.425417303,8694
0.425422318,8693
0.425425485,8692
0.42542877,8691
0.425431807,8690
0.425434939,8689
0.425438418,8688
0.42544179,8687
0.425444677,8686
0.425450278,8685
0.425453217,8684
0.425458168,8683
0.425461067,8682
0.425463976,8681
0.425467217,8680
0.425469999,8679
0.425473246,8678
0.425475927,8677
0.425478812,8676
0.425481956,8675
0.425485418,8674
0.425488364,8673
0.425492108,8672
0.425495132,8671
0.425497972,8670
0.425500945,8669
0.425503894,8668
0.425507094,8667
0.425510041,8666
0.425512955,8665
0.425516042,8664
0.425518894,8663
0.425521691,8662
0.425524722,8661
0.425527879,8660
0.425531596,8659
0.425534709,8658
0.425537759,8657
0.425540955,8656
0.425544066,8655
0.425547165,8654
0.425550338,8653
0.42555366,8652
0.425556808,8651
0.425559826,8650
0.42556518,8649
0.425568583,8648
0.425573475,8647
0.425577647,8646
0.425580712,8645
0.425583971,8644
0.425587882,8643
0.425590772,8642
0.425593811,8641
0.425598225,8640
0.425603415,8639
0.425606636,8638
0.425609824,8637
0.425615106,8636
0.42561962,8635
0.425624252,8634
0.425627055,8633
0.425630433,8632
0.425637238,8631
0.425640445,8630
0.425644412,8629
0.425647652,8628
0.425650985,8627
0.425666633,8626
0.425674043,8625
0.425678234,8624
0.425682429,8623
0.425686438,8622
0.42568973,8621
0.425693325,8620
0.425697689,8619
0.425700783,8618
0.425704312,8617
0.425707952,8616
0.425711908,8615
0.425715291,8614
0.425720155,8613
0.425723808,8612
0.425727451,8611
0.425731675,8610
0.425735579,8609
0.425738949,8608
0.42574223,8607
0.425747303,8606
0.425751408,8605
0.425755385,8604
0.425758614,8603
0.425761796,8602
0.425764889,8601
0.425768171,8600
0.425773611,8599
0.425776654,8598
0.425779574,8597
0.425783125,8596
0.425789077,8595
0.425792928,8594
0.425797746,8593
0.425801986,8592
0.425805783,8591
0.425809643,8590
0.42581378,8589
0.425817351,8588
0.425820338,8587
0.425824858,8586
0.42582859,8585
0.425832227,8584
0.425835642,8583
0.42583828,8582
0.425841335,8581
0.425844291,8580
0.425847531,8579
0.425850297,8578
0.425854066,8577
0.425857373,8576
0.425861053,8575
0.425873873,8574
0.42588061,8573
0.425884416,8572
0.425888154,8571
0.425891445,8570
0.425897248,8569
0.425900563,8568
0.425903749,8567
0.425906916,8566
0.425910089,8565
0.425913149,8564
0.425917434,8563
0.425921131,8562
0.425924472,8561
0.425929766,8560
0.42593308,8559
0.425936962,8558
0.425940372,8557
0.425943877,8556
0.425946793,8555
0.425951301,8554
0.425954887,8553
0.425957696,8552
0.425960662,8551
0.425964115,8550
0.425967458,8549
0.425974647,8548
0.425977779,8547
0.425981022,8546
0.425984319,8545
0.425987716,8544
0.425990898,8543
0.425994112,8542
0.425997445,8541
0.426000436,8540
0.42600492,8539
0.42600832,8538
0.426011988,8537
0.426016366,8536
0.426021886,8535
0.426050134,8534
0.426071185,8533
0.426078414,8532
0.42608394,8531
0.426089607,8530
0.426118947,8529
0.42613218,8528
0.426135749,8527
0.42613915,8526
0.42614333,8525
0.426146631,8524
0.426149997,8523
0.426153162,8522
0.426156383,8521
0.426159813,8520
0.426162947,8519
0.426166383,8518
0.426169659,8517
0.426172953,8516
0.426176452,8515
0.426179865,8514
0.42618452,8513
0.426187487,8512
0.42619051,8511
0.426193567,8510
0.426196475,8509
0.426199411,8508
0.426202738,8507
0.426205856,8506
0.426208923,8505
0.426212445,8504
0.426216999,8503
0.426220124,8502
0.426224288,8501
0.426227766,8500
0.426231233,8499
0.426234795,8498
0.426238048,8497
0.426250349,8496
0.42625408,8495
0.426257829,8494
0.426261795,8493
0.426265184,8492
0.426268487,8491
0.426271893,8490
0.426275339,8489
0.42627832,8488
0.426281606,8487
0.426284686,8486
0.426289597,8485
0.426293611,8484
0.426297004,8483
0.426300367,8482
0.426303725,8481
0.426306876,8480
0.426310173,8479
0.426313596,8478
0.426317044,8477
0.42635618,8476
0.426361496,8475
0.42636489,8474
0.426368224,8473
0.426371625,8472
0.426375359,8471
0.426378611,8470
0.426381917,8469
0.426386257,8468
0.426389649,8467
0.426394314,8466
0.426397473,8465
0.426402742,8464
0.42640582,8463
0.426409295,8462
0.426412733,8461
0.426416192,8460
0.426420617,8459
0.426424604,8458
0.426428036,8457
0.426430902,8456
0.426435037,8455
0.426437857,8454
0.426441706,8453
0.426446003,8452
0.426450026,8451
0.426456188,8450
0.42645986,8449
0.42646442,8448
0.426469245,8447
0.426479231,8446
0.426483718,8445
0.426494372,8444
0.426557722,8443
0.426561731,8442
0.426565584,8441
0.426569023,8440
0.426574259,8439
0.426578862,8438
0.426582267,8437
0.426585653,8436
0.426589113,8435
0.426591673,8434
0.426594424,8433
0.426597632,8432
0.426600784,8431
0.426603834,8430
0.42660708,8429
0.426610177,8428
0.426613131,8427
0.426616218,8426
0.426619089,8425
0.426622117,8424
0.426624636,8423
0.426629336,8422
0.426632656,8421
0.426635704,8420
0.426638836,8419
0.4266421,8418
0.426644985,8417
0.426648726,8416
0.426652515,8415
0.426655827,8414
0.426658806,8413
0.426661744,8412
0.42666556,8411
0.426668677,8410
0.426671766,8409
0.426676455,8408
0.426679222,8407
0.426682121,8406
0.426684919,8405
0.426688052,8404
0.426690753,8403
0.426694024,8402
0.426697015,8401
0.426700247,8400
0.426705822,8399
0.426708645,8398
0.426711555,8397
0.42671451,8396
0.426718417,8395
0.426721142,8394
0.426724813,8393
0.426727768,8392
0.426731005,8391
0.426734137,8390
0.426738485,8389
0.426741472,8388
0.42674476,8387
0.426748136,8386
0.42675114,8385
0.426754087,8384
0.426757128,8383
0.426759954,8382
0.426762962,8381
0.42676689,8380
0.42676999,8379
0.426772948,8378
0.426776312,8377
0.42677932,8376
0.426782231,8375
0.42678535,8374
0.426788387,8373
0.426792254,8372
0.426796589,8371
0.42679962,8370
0.426802723,8369
0.426806318,8368
0.426809198,8367
0.426812466,8366
0.426815331,8365
0.426818456,8364
0.426830024,8363
0.42683563,8362
0.426839139,8361
0.426843563,8360
0.42684805,8359
0.426851065,8358
0.426854785,8357
0.426857793,8356
0.426860835,8355
0.426863714,8354
0.426866914,8353
0.426869894,8352
0.426874268,8351
0.426878372,8350
0.426881524,8349
0.4268847,8348
0.426888035,8347
0.426891472,8346
0.42689428,8345
0.426898664,8344
0.426902029,8343
0.426906103,8342
0.426909845,8341
0.426913342,8340
0.426916761,8339
0.426921091,8338
0.426924282,8337
0.426927666,8336
0.426931027,8335
0.426935679,8334
0.426938738,8333
0.426941818,8332
0.42694669,8331
0.426949747,8330
0.426953405,8329
0.426956545,8328
0.426959979,8327
0.4269642,8326
0.426967471,8325
0.426972035,8324
0.426975522,8323
0.426978719,8322
0.426983041,8321
0.426986631,8320
0.426991099,8319
0.426994176,8318
0.42699768,8317
0.427001701,8316
0.427007114,8315
0.427010691,8314
0.427016224,8313
0.4270254,8312
0.427028768,8311
0.427031753,8310
0.427034887,8309
0.427037936,8308
0.427041096,8307
0.427044726,8306
0.427047777,8305
0.427050941,8304
0.427054596,8303
0.427057843,8302
0.427062264,8301
0.42706559,8300
0.427068998,8299
0.427073255,8298
0.427076519,8297
0.427079917,8296
0.427391026,8295
0.427398441,8294
0.427404975,8293
0.427410112,8292
0.427413913,8291
0.427417695,8290
0.427422562,8289
0.427426231,8288
0.427430727,8287
0.427437424,8286
0.427442559,8285
0.427449721,8284
0.427464885,8283
0.427470469,8282
0.427477049,8281
0.427482528,8280
0.427505864,8279
0.427511118,8278
0.427515322,8277
0.427521744,8276
0.427528906,8275
0.427534752,8274
0.427538012,8273
0.42754391,8272
0.42754825,8271
0.427552343,8270
0.42755688,8269
0.427567951,8268
0.427572013,8267
0.42757905,8266
0.427582312,8265
0.427586709,8264
0.427590309,8263
0.427630832,8262
0.427637758,8261
0.427644367,8260
0.427648051,8259
0.427683803,8258
0.427691336,8257
0.427696322,8256
0.427702121,8255
0.427706593,8254
0.427710046,8253
0.427714843,8252
0.427730484,8251
0.42776887,8250
0.42777227,8249
0.427786191,8248
0.427790488,8247
0.427794005,8246
0.427798105,8245
0.427804767,8244
0.427811063,8243
0.427817119,8242
0.427824014,8241
0.4278306,8240
0.427835625,8239
0.427842425,8238
0.427847128,8237
0.427851861,8236
0.427855811,8235
0.427862955,8234
0.427877108,8233
0.427881662,8232
0.427887242,8231
0.427893261,8230
0.427897147,8229
0.42790162,8228
0.427905375,8227
0.428005363,8226
0.428013479,8225
0.428027947,8224
0.428037181,8223
0.428044035,8222
0.428048348,8221
0.428063345,8220
0.428079357,8219
0.428085778,8218
0.428096152,8217
0.428101448,8216
0.428112343,8215
0.428119329,8214
0.428426114,8213
0.428430283,8212
0.428434006,8211
0.428445966,8210
0.428452564,8209
0.42845747,8208
0.428464189,8207
0.428467443,8206
0.428472082,8205
0.428477139,8204
0.428482492,8203
0.428488275,8202
0.428498862,8201
0.42852761,8200
0.428534457,8199
0.428537874,8198
0.428545398,8197
0.428548852,8196
0.428556095,8195
0.42856077,8194
0.428566244,8193
0.428569547,8192
0.428574986,8191
0.428585695,8190
0.428598204,8189
0.428601566,8188
0.428604761,8187
0.428612372,8186
0.42861553,8185
0.428619248,8184
0.428622721,8183
0.428626816,8182
0.428635206,8181
0.428639318,8180
0.428643003,8179
0.42864844,8178
0.428652046,8177
0.428664026,8176
0.428667453,8175
0.428670741,8174
0.428678718,8173
0.42868231,8172
0.428688716,8171
0.42869204,8170
0.428695731,8169
0.428709706,8168
0.428712821,8167
0.4287178,8166
0.428724808,8165
0.42872923,8164
0.428738056,8163
0.428741879,8162
0.428750855,8161
0.428754025,8160
0.428757091,8159
0.428760876,8158
0.428764141,8157
0.42877074,8156
0.428776014,8155
0.428780665,8154
0.428786591,8153
0.428789884,8152
0.428798357,8151
0.428802599,8150
0.428810614,8149
0.428821684,8148
0.428829174,8147
0.428832531,8146
0.428836801,8145
0.42884358,8144
0.428852938,8143
0.428873364,8142
0.428877862,8141
0.42888372,8140
0.428889802,8139
0.428893381,8138
0.428910997,8137
0.428921584,8136
0.428928926,8135
0.429221666,8134
0.429271831,8133
0.429276846,8132
0.429319835,8131
0.42933449,8130
0.429339024,8129
0.429344657,8128
0.429354908,8127
0.429415682,8126
0.429452616,8125
0.429457679,8124
0.429497268,8123
0.42950329,8122
0.429508341,8121
0.429547725,8120
0.429563088,8119
0.429568578,8118
0.42958781,8117
0.429602367,8116
0.429617472,8115
0.430030518,8114
0.430969078,8113
0.431033248,8112
0.431099175,8111
0.431187617,8110
0.43119155,8109
0.431254467,8108
0.431316464,8107
0.431513305,8106
0.431554543,8105
0.431703292,8104
0.432894982,8103
0.43290316,8102
0.432909892,8101
0.432915557,8100
0.432919022,8099
0.432938991,8098
0.432942696,8097
0.43294652,8096
0.43295125,8095
0.432954918,8094
0.432957939,8093
0.432963738,8092
0.432971718,8091
0.432978252,8090
0.432982884,8089
0.432986294,8088
0.432992853,8087
0.432996899,8086
0.433035808,8085
0.433038651,8084
0.433041606,8083
0.433049141,8082
0.433053806,8081
0.433057225,8080
0.433059997,8079
0.433063639,8078
0.433070196,8077
0.433073686,8076
0.433077231,8075
0.433084656,8074
0.433088185,8073
0.433094277,8072
0.433099919,8071
0.433113525,8070
0.433120454,8069
0.433123832,8068
0.433138753,8067
0.433142318,8066
0.433148445,8065
0.433159484,8064
0.433164345,8063
0.43318217,8062
0.433186659,8061
0.433193133,8060
0.433210321,8059
0.433217696,8058
0.433221614,8057
0.433226505,8056
0.433231892,8055
0.433237663,8054
0.433246001,8053
0.433289963,8052
0.433326737,8051
0.433337485,8050
0.433353857,8049
0.433357849,8048
0.433361977,8047
0.435188768,8046
0.43524365,8045
0.435281866,8044
0.435287806,8043
0.435293696,8042
0.435330716,8041
0.435343721,8040
0.435384053,8039
0.435418715,8038
0.435422768,8037
0.43542696,8036
0.435947986,8035
0.435994127,8034
0.436031443,8033
0.436039418,8032
0.436050094,8031
0.436056035,8030
0.436059553,8029
0.436063835,8028
0.43607208,8027
0.436087258,8026
0.436092229,8025
0.436133914,8024
0.436143294,8023
0.436150909,8022
0.436158234,8021
0.436276606,8020
0.436288143,8019
0.436294666,8018
0.436298679,8017
0.436305462,8016
0.436339972,8015
0.436347923,8014
0.43635481,8013
0.436360652,8012
0.436364383,8011
0.436371311,8010
0.436375578,8009
0.436400493,8008
0.436404551,8007
0.436409361,8006
0.436417199,8005
0.436423655,8004
0.436438482,8003
0.436449766,8002
0.436455388,8001
0.436465056,8000
0.436502088,7999
0.436523053,7998
0.436526456,7997
0.436562291,7996
0.436569188,7995
0.436608706,7994
0.436649451,7993
0.436659704,7992
0.436664096,7991
0.436668117,7990
0.436676005,7989
0.436716809,7988
0.436729367,7987
0.436736543,7986
0.436741565,7985
0.436745003,7984
0.436753591,7983
0.436757055,7982
0.436765863,7981
0.436769794,7980
0.436777959,7979
0.436784246,7978
0.436820429,7977
0.436825536,7976
0.436862118,7975
0.436871061,7974
0.436877408,7973
0.436890526,7972
0.436896184,7971
0.43690424,7970
0.436944547,7969
0.43698645,7968
0.436996605,7967
0.437000916,7966
0.437016408,7965
0.43706703,7964
0.4370741,7963
0.437083031,7962
0.437089561,7961
0.437107407,7960
0.437158667,7959
0.437204587,7958
0.437228744,7957
0.437263153,7956
0.437268111,7955
0.437281843,7954
0.437315402,7953
0.437321939,7952
0.437325491,7951
0.437334778,7950
0.437338767,7949
0.437375167,7948
0.437415347,7947
0.437480668,7946
0.437572757,7945
0.437621246,7944
0.43762566,7943
0.437632555,7942
0.437641591,7941
0.437657362,7940
0.437667871,7939
0.437671425,7938
0.437686165,7937
0.437695857,7936
0.43772106,7935
0.437744885,7934
0.437773303,7933
0.437781617,7932
0.437793092,7931
0.437823124,7930
0.437849108,7929
0.437873505,7928
0.437903553,7927
0.437945207,7926
0.437953831,7925
0.43799954,7924
0.438009933,7923
0.438017585,7922
0.438022707,7921
0.438048663,7920
0.438108849,7919
0.438139153,7918
0.438166706,7917
0.438188541,7916
0.438209899,7915
0.438245236,7914
0.438292953,7913
0.438299428,7912
0.438400942,7911
0.438453708,7910
0.438508233,7909
0.438561362,7908
0.438565098,7907
0.438595429,7906
0.438601222,7905
0.438613996,7904
0.438639481,7903
0.439298194,7902
0.439306424,7901
0.439324555,7900
0.439340191,7899
0.43940232,7898
0.439420915,7897
0.439436022,7896
0.439453305,7895
0.439457646,7894
0.439465118,7893
0.43947002,7892
0.439474296,7891
0.439484214,7890
0.439492683,7889
0.439496916,7888
0.439506253,7887
0.439513178,7886
0.439518079,7885
0.439530025,7884
0.439535674,7883
0.439542785,7882
0.439552595,7881
0.439561263,7880
0.439572158,7879
0.439577526,7878
0.439585587,7877
0.439594611,7876
0.439598323,7875
0.439606693,7874
0.439614274,7873
0.439627361,7872
0.439653913,7871
0.43966206,7870
0.439667474,7869
0.439675175,7868
0.439680372,7867
0.439684784,7866
0.439710655,7865
0.439714752,7864
0.439724633,7863
0.439729762,7862
0.439733391,7861
0.439738483,7860
0.43975208,7859
0.439758151,7858
0.439771321,7857
0.439794265,7856
0.439797885,7855
0.439823578,7854
0.447966961,7853
0.447990793,7852
0.448068283,7851
0.448105452,7850
0.448122466,7849
0.448126591,7848
0.448130046,7847
0.448161408,7846
0.448169738,7845
0.448179967,7844
0.448231848,7843
0.448677857,7842
0.449119142,7841
0.449422672,7840
0.449427436,7839
0.449507435,7838
0.449527395,7837
0.449534098,7836
0.44955219,7835
0.449564339,7834
0.449597832,7833
0.449603818,7832
0.449607893,7831
0.449649808,7830
0.449655046,7829
0.44966255,7828
0.449672135,7827
0.449680096,7826
0.449684436,7825
0.449725976,7824
0.449729511,7823
0.449736276,7822
0.449746038,7821
0.449782364,7820
0.449787644,7819
0.449792373,7818
0.449800082,7817
0.449807164,7816
0.44981693,7815
0.449829244,7814
0.449833349,7813
0.449840592,7812
0.449844411,7811
0.449850199,7810
0.449887342,7809
0.449892502,7808
0.449896462,7807
0.449911705,7806
0.449949101,7805
0.449960508,7804
0.449965975,7803
0.449972042,7802
0.449975694,7801
0.449994442,7800
0.449998731,7799
0.450013044,7798
0.450019393,7797
0.450027076,7796
0.450383815,7795
0.4503923,7794
0.450404345,7793
0.45078201,7792
0.450799585,7791
0.450805759,7790
0.450816112,7789
0.45084659,7788
0.450860742,7787
0.450865214,7786
0.450873475,7785
0.450882201,7784
0.450889783,7783
0.450894772,7782
0.450899557,7781
0.450905217,7780
0.450909677,7779
0.450925758,7778
0.450950592,7777
0.450967254,7776
0.450973839,7775
0.450981269,7774
0.451006676,7773
0.45102218,7772
0.451036355,7771
0.451039872,7770
0.451054574,7769
0.451062884,7768
0.451082802,7767
0.451105347,7766
0.451113235,7765
0.451117238,7764
0.451123782,7763
0.451167441,7762
0.451181627,7761
0.451186483,7760
0.451193108,7759
0.451226857,7758
0.451233371,7757
0.451282315,7756
0.451312633,7755
0.45132677,7754
0.451331547,7753
0.451382455,7752
0.451395995,7751
0.451400124,7750
0.451420637,7749
0.451425547,7748
0.451463105,7747
0.451493782,7746
0.451512503,7745
0.451523016,7744
0.45154202,7743
0.451554642,7742
0.451590097,7741
0.451609881,7740
0.453224901,7739
0.453230591,7738
0.453240789,7737
0.453252705,7736
0.453260089,7735
0.453267979,7734
0.453275703,7733
0.453286104,7732
0.453293306,7731
0.453298538,7730
0.453333312,7729
0.453343527,7728
0.45335215,7727
0.453358052,7726
0.453362029,7725
0.453366393,7724
0.453376704,7723
0.453380799,7722
0.453392013,7721
0.453533142,7720
0.453545507,7719
0.453602464,7718
0.453610476,7717
0.453629782,7716
0.453643173,7715
0.453648406,7714
0.453661635,7713
0.453676799,7712
0.453693264,7711
0.453705022,7710
0.453709811,7709
0.453715272,7708
0.453723224,7707
0.453738429,7706
0.453752412,7705
0.453758166,7704
0.453771727,7703
0.453775741,7702
0.453780873,7701
0.453784532,7700
0.453792763,7699
0.453797825,7698
0.453801245,7697
0.453815372,7696
0.45381905,7695
0.453839941,7694
0.453842859,7693
0.453846226,7692
0.453849368,7691
0.453851911,7690
0.453858394,7689
0.453863074,7688
0.45387003,7687
0.453885357,7686
0.453891333,7685
0.453906584,7684
0.453912655,7683
0.453919282,7682
0.453925501,7681
0.453929722,7680
0.453934229,7679
0.453938611,7678
0.453944531,7677
0.453948471,7676
0.453951881,7675
0.453955897,7674
0.453961502,7673
0.453969877,7672
0.453976921,7671
0.453982961,7670
0.453990943,7669
0.453994528,7668
0.453999661,7667
0.454005878,7666
0.45401273,7665
0.454021302,7664
0.454045682,7663
0.454048704,7662
0.454053438,7661
0.454056597,7660
0.454063128,7659
0.454066584,7658
0.454085949,7657
0.454090849,7656
0.454102216,7655
0.454105483,7654
0.454113,7653
0.454142136,7652
0.454155683,7651
0.454167699,7650
0.454174685,7649
0.454179257,7648
0.454227625,7647
0.454242712,7646
0.454247924,7645
0.454256569,7644
0.454260188,7643
0.45426573,7642
0.45428921,7641
0.454292828,7640
0.454300353,7639
0.454315074,7638
0.454321056,7637
0.454324209,7636
0.454327743,7635
0.454330867,7634
0.454339051,7633
0.454344101,7632
0.454358004,7631
0.454361288,7630
0.454364644,7629
0.454378226,7628
0.454381416,7627
0.454406999,7626
0.454414331,7625
0.454417652,7624
0.454453856,7623
0.454478254,7622
0.454486434,7621
0.454490203,7620
0.454497569,7619
0.454506509,7618
0.454520836,7617
0.454538407,7616
0.454554639,7615
0.454743647,7614
0.454761102,7613
0.45476924,7612
0.454775839,7611
0.454806441,7610
0.454810196,7609
0.454813761,7608
0.454823866,7607
0.454829878,7606
0.454856091,7605
0.454867513,7604
0.454872566,7603
0.454882117,7602
0.454885425,7601
0.454892379,7600
0.454897948,7599
0.454900937,7598
0.454934357,7597
0.454950644,7596
0.45498478,7595
0.455021715,7594
0.455026727,7593
0.455034973,7592
0.455054341,7591
0.45506815,7590
0.455074573,7589
0.455079634,7588
0.455090048,7587
0.455097653,7586
0.455113278,7585
0.455129611,7584
0.45514174,7583
0.45514856,7582
0.455173933,7581
0.455184928,7580
0.455196641,7579
0.455212431,7578
0.455237832,7577
0.455257333,7576
0.455266502,7575
0.455286368,7574
0.455290728,7573
0.455295227,7572
0.45530156,7571
0.455326548,7570
0.455335771,7569
0.455362151,7568
0.455365432,7567
0.455383926,7566
0.455411775,7565
0.455419424,7564
0.455429048,7563
0.455432562,7562
0.455442102,7561
0.455447626,7560
0.45545484,7559
0.455491827,7558
0.455504478,7557
0.455523057,7556
0.455558446,7555
0.455589736,7554
0.455612423,7553
0.455634255,7552
0.455695519,7551
0.455745086,7550
0.455800091,7549
0.455809751,7548
0.455868793,7547
0.455912834,7546
0.456751472,7545
0.456773019,7544
0.456844415,7543
0.45684989,7542
0.45688255,7541
0.456903905,7540
0.456917424,7539
0.456932569,7538
0.456935856,7537
0.45695564,7536
0.456962634,7535
0.456972978,7534
0.457011732,7533
0.457023196,7532
0.457027376,7531
0.457041707,7530
0.457092753,7529
0.457101354,7528
0.457129436,7527
0.45716118,7526
0.457181045,7525
0.457201884,7524
0.457214623,7523
0.457239163,7522
0.457242217,7521
0.457259407,7520
0.457265433,7519
0.457269887,7518
0.457277945,7517
0.457283396,7516
0.457306424,7515
0.45731609,7514
0.45732067,7513
0.457341712,7512
0.457362918,7511
0.457389437,7510
0.457449483,7509
0.45749517,7508
0.45751993,7507
0.457526255,7506
0.457567037,7505
0.457585824,7504
0.457592523,7503
0.457603607,7502
0.457635926,7501
0.457650004,7500
0.457689764,7499
0.457706132,7498
0.457761041,7497
0.457767559,7496
0.457865866,7495
0.457882376,7494
0.457934661,7493
0.457951834,7492
0.458208523,7491
0.458212803,7490
0.458216862,7489
0.458223515,7488
0.458234149,7487
0.458238531,7486
0.458241448,7485
0.458246175,7484
0.458250277,7483
0.458256956,7482
0.458261874,7481
0.458269381,7480
0.458276201,7479
0.458285902,7478
0.45829559,7477
0.458301032,7476
0.458305837,7475
0.458312686,7474
0.458318525,7473
0.458323406,7472
0.458340985,7471
0.458348746,7470
0.458360717,7469
0.458375723,7468
0.458381227,7467
0.458386884,7466
0.458389804,7465
0.458401426,7464
0.458407419,7463
0.458417652,7462
0.458425757,7461
0.458428793,7460
0.458439334,7459
0.458442575,7458
0.458445755,7457
0.458450953,7456
0.458455655,7455
0.458467972,7454
0.45848063,7453
0.458487253,7452
0.45849044,7451
0.458495582,7450
0.458838165,7449
0.458846539,7448
0.458871729,7447
0.458921512,7446
0.458974056,7445
0.458997457,7444
0.45901152,7443
0.459033605,7442
0.459071537,7441
0.459082501,7440
0.459124193,7439
0.459140482,7438
0.459157758,7437
0.459172564,7436
0.459185708,7435
0.459206891,7434
0.459220917,7433
0.459298358,7432
0.459316604,7431
0.45938495,7430
0.459643385,7429
0.461893319,7428
0.462762885,7427
0.462843874,7426
0.462850532,7425
0.462900421,7424
0.462913104,7423
0.462982689,7422
0.463023788,7421
0.594442812,7420
0.72008444,7419
0.752707632,7418
0.785034533,7417
0.843870103,7416
0.910606154,7415
0.927303969,7414
0.949994999,7413
0.974530733,7412
0.991697313,7411
1.045348124,7410
1.074470304,7409
1.083853951,7408
1.108763041,7407
1.124482816,7406
1.150916126,7405
1.180934022,7404
1.219145685,7403
1.236917883,7402
1.264873766,7401
1.302186032,7400
1.311013554,7399
1.326110534,7398
1.333897576,7397
1.338947829,7396
1.350008367,7395
1.365298395,7394
1.376988728,7393
1.388975856,7392
1.399458531,7391
1.418278242,7390
1.427313637,7389
1.464691269,7388
1.470500916,7387
1.47902078,7386
1.496303411,7385
1.522027464,7384
1.531360034,7383
1.538779319,7382
1.60508497,7381
1.621929442,7380
1.631264583,7379
1.645360815,7378
1.673899105,7377
1.697985536,7376
1.723308154,7375
1.755737278,7374
1.788878743,7373
1.830025685,7372
1.84097018,7371
1.855696763,7370
1.862398992,7369
1.900045156,7368
1.9282985,7367
1.952009131,7366
1.96067257,7365
1.980836899,7364
1.993777201,7363
2.018615411,7362
2.023884641,7361
2.03790695,7360
2.045074368,7359
2.068021118,7358
2.073805762,7357
2.079372094,7356
2.086009653,7355
2.11865611,7354
2.123718968,7353
2.141894962,7352
2.195081332,7351
2.204239911,7350
2.22321369,7349
2.233892959,7348
2.243827366,7347
2.261438798,7346
2.273859896,7345
2.287872097,7344
2.303502188,7343
2.319808177,7342
2.356127401,7341
2.367044958,7340
2.374687595,7339
2.414272259,7338
2.423566857,7337
2.446316949,7336
2.472141436,7335
2.47957045,7334
2.508711171,7333
2.532285773,7332
2.558841548,7331
2.573665121,7330
2.600819555,7329
2.615402552,7328
2.635867051,7327
2.643547469,7326
2.786771603,7325
2.816608013,7324
2.836197535,7323
2.894594616,7322
2.900086576,7321
2.935286049,7320
2.945500563,7319
3.061645601,7318
3.101676686,7317
3.13009097,7316
3.138759691,7315
3.186531216,7314
3.196741375,7313
3.222238816,7312
3.231757767,7311
3.242071201,7310
3.25029127,7309
3.257267273,7308
3.267019165,7307
3.272599964,7306
3.295401573,7305
3.303568858,7304
3.320168794,7303
3.326817729,7302
3.333386418,7301
3.403497769,7300
3.471277698,7299
3.497634465,7298
3.527665829,7297
3.563125481,7296
3.614376189,7295
3.648966181,7294
3.672788741,7293
3.691564128,7292
3.751921585,7291
3.765074342,7290
3.786543301,7289
3.814893467,7288
3.888928253,7287
3.899638873,7286
3.944198644,7285
3.95401326,7284
3.979066861,7283
4.00077031,7282
4.028343548,7281
4.056371075,7280
4.064265378,7279
4.075459837,7278
4.091758674,7277
4.117484762,7276
4.161148793,7275
4.178217259,7274
4.189097569,7273
4.212166663,7272
4.291257715,7271
4.2999975,7270
4.372827629,7269
4.383803853,7268
4.406459831,7267
4.428038173,7266
4.439634129,7265
4.444162463,7264
4.485615181,7263
4.502437483,7262
4.525079873,7261
4.531361079,7260
4.545979008,7259
4.57322104,7258
4.610386455,7257
4.638423895,7256
4.647902557,7255
4.683137917,7254
4.698946749,7253
4.710848746,7252
4.763655591,7251
4.773921347,7250
4.788758694,7249
4.856979297,7248
4.920602532,7247
4.933756339,7246
4.956368041,7245
4.971212443,7244
4.993782562,7243
5.008393355,7242
5.024803428,7241
5.034171643,7240
5.040171397,7239
5.047788725,7238
5.06779615,7237
5.07294607,7236
5.159142183,7235
5.194678442,7234
5.207848707,7233
5.254926477,7232
5.278533111,7231
5.292839884,7230
5.313325929,7229
5.335983178,7228
5.348218298,7227
5.37198558,7226
5.378602583,7225
5.384516893,7224
5.410404177,7223
5.416612731,7222
5.426689724,7221
5.47612494,7220
5.494428545,7219
5.51130781,7218
5.536320528,7217
5.556352085,7216
5.583480273,7215
5.59776235,7214
5.616029177,7213
5.682403391,7212
5.776279071,7211
5.909866386,7210
5.929469827,7209
6.042255704,7208
6.125326784,7207
6.143040232,7206
6.166108496,7205
6.285434888,7204
6.317313163,7203
6.328933225,7202
6.364937178,7201
6.446739049,7200
6.483596893,7199
6.568744935,7198
6.580902117,7197
6.611901186,7196
6.621205608,7195
6.632111484,7194
6.66866033,7193
6.71568222,7192
6.729127786,7191
6.735209758,7190
6.753393806,7189
6.797196135,7188
6.837165364,7187
6.844478853,7186
6.862952233,7185
6.87520783,7184
7.037195853,7183
7.146809773,7182
7.19679427,7181
7.538845851,7180
7.635234729,7179
7.71282459,7178
7.719473481,7177
